Starting the log file.
Found GPU at: /device:GPU:0
tf_version: 2.7.0
Zernike cube:
(15, 128, 128)
Dataset parameters:
{'d_max': 2, 'max_order': 45, 'x_lims': [0, 1000.0], 'y_lims': [0, 1000.0], 'grid_points': [4, 4], 'n_bins': 8, 'max_wfe_rms': 0.1, 'oversampling_rate': 3.0, 'output_Q': 3.0, 'output_dim': 32, 'LP_filter_length': 2, 'pupil_diameter': 128, 'euclid_obsc': True, 'n_stars': 8000}
Starting cycle 1..
Starting parametric update..
Epoch 1/15

Epoch 00001: mean_squared_error improved from inf to 0.00000, saving model to /gpfswork/rech/ynx/ulx23va/repo/wf-SEDs/more_stars/wf-outputs/chkp/more_stars_bis/chkp_callback_poly_more_stars_complex_model_8k_bis_2_cycle1
250/250 - 378s - loss: 3.6857e-06 - mean_squared_error: 3.6770e-06 - val_loss: 6.5026e-07 - val_mean_squared_error: 6.5026e-07 - 378s/epoch - 2s/step
Epoch 2/15

Epoch 00002: mean_squared_error improved from 0.00000 to 0.00000, saving model to /gpfswork/rech/ynx/ulx23va/repo/wf-SEDs/more_stars/wf-outputs/chkp/more_stars_bis/chkp_callback_poly_more_stars_complex_model_8k_bis_2_cycle1
250/250 - 373s - loss: 1.6310e-06 - mean_squared_error: 1.9585e-06 - val_loss: 5.8424e-07 - val_mean_squared_error: 5.8424e-07 - 373s/epoch - 1s/step
Epoch 3/15

Epoch 00003: mean_squared_error did not improve from 0.00000
250/250 - 375s - loss: 1.6478e-06 - mean_squared_error: 1.9743e-06 - val_loss: 6.4588e-07 - val_mean_squared_error: 6.4588e-07 - 375s/epoch - 1s/step
Epoch 4/15

Epoch 00004: mean_squared_error did not improve from 0.00000
250/250 - 373s - loss: 1.6742e-06 - mean_squared_error: 2.0003e-06 - val_loss: 7.0343e-07 - val_mean_squared_error: 7.0343e-07 - 373s/epoch - 1s/step
Epoch 5/15

Epoch 00005: mean_squared_error did not improve from 0.00000
250/250 - 374s - loss: 1.6757e-06 - mean_squared_error: 2.0044e-06 - val_loss: 6.5792e-07 - val_mean_squared_error: 6.5792e-07 - 374s/epoch - 1s/step
Epoch 6/15

Epoch 00006: mean_squared_error did not improve from 0.00000
250/250 - 378s - loss: 1.7195e-06 - mean_squared_error: 2.0456e-06 - val_loss: 6.9862e-07 - val_mean_squared_error: 6.9862e-07 - 378s/epoch - 2s/step
Epoch 7/15

Epoch 00007: mean_squared_error did not improve from 0.00000
250/250 - 372s - loss: 1.7678e-06 - mean_squared_error: 2.0870e-06 - val_loss: 1.1017e-06 - val_mean_squared_error: 1.1017e-06 - 372s/epoch - 1s/step
Epoch 8/15

Epoch 00008: mean_squared_error did not improve from 0.00000
250/250 - 373s - loss: 1.9298e-06 - mean_squared_error: 2.2377e-06 - val_loss: 1.0107e-06 - val_mean_squared_error: 1.0107e-06 - 373s/epoch - 1s/step
Epoch 9/15

Epoch 00009: mean_squared_error did not improve from 0.00000
250/250 - 373s - loss: 1.8527e-06 - mean_squared_error: 2.1739e-06 - val_loss: 7.1555e-07 - val_mean_squared_error: 7.1555e-07 - 373s/epoch - 1s/step
Epoch 10/15

Epoch 00010: mean_squared_error did not improve from 0.00000
250/250 - 373s - loss: 1.7876e-06 - mean_squared_error: 2.1093e-06 - val_loss: 7.2598e-07 - val_mean_squared_error: 7.2598e-07 - 373s/epoch - 1s/step
Epoch 11/15

Epoch 00011: mean_squared_error did not improve from 0.00000
250/250 - 373s - loss: 1.7895e-06 - mean_squared_error: 2.1120e-06 - val_loss: 6.6376e-07 - val_mean_squared_error: 6.6376e-07 - 373s/epoch - 1s/step
Epoch 12/15

Epoch 00012: mean_squared_error did not improve from 0.00000
250/250 - 369s - loss: 1.8172e-06 - mean_squared_error: 2.1388e-06 - val_loss: 8.1306e-07 - val_mean_squared_error: 8.1306e-07 - 369s/epoch - 1s/step
Epoch 13/15

Epoch 00013: mean_squared_error did not improve from 0.00000
250/250 - 367s - loss: 1.8228e-06 - mean_squared_error: 2.1402e-06 - val_loss: 7.0233e-07 - val_mean_squared_error: 7.0233e-07 - 367s/epoch - 1s/step
Epoch 14/15

Epoch 00014: mean_squared_error did not improve from 0.00000
250/250 - 368s - loss: 1.8340e-06 - mean_squared_error: 2.1531e-06 - val_loss: 8.1829e-07 - val_mean_squared_error: 8.1829e-07 - 368s/epoch - 1s/step
Epoch 15/15

Epoch 00015: mean_squared_error did not improve from 0.00000
250/250 - 368s - loss: 1.8702e-06 - mean_squared_error: 2.1876e-06 - val_loss: 7.7568e-07 - val_mean_squared_error: 7.7568e-07 - 368s/epoch - 1s/step
Starting non-parametric update..
Epoch 1/100

Epoch 00001: mean_squared_error improved from 0.00000 to 0.00000, saving model to /gpfswork/rech/ynx/ulx23va/repo/wf-SEDs/more_stars/wf-outputs/chkp/more_stars_bis/chkp_callback_poly_more_stars_complex_model_8k_bis_2_cycle1
250/250 - 393s - loss: 1.3184e-06 - mean_squared_error: 1.6890e-06 - val_loss: 1.7681e-07 - val_mean_squared_error: 1.7681e-07 - 393s/epoch - 2s/step
Epoch 2/100

Epoch 00002: mean_squared_error improved from 0.00000 to 0.00000, saving model to /gpfswork/rech/ynx/ulx23va/repo/wf-SEDs/more_stars/wf-outputs/chkp/more_stars_bis/chkp_callback_poly_more_stars_complex_model_8k_bis_2_cycle1
250/250 - 390s - loss: 1.0742e-06 - mean_squared_error: 1.4703e-06 - val_loss: 9.1901e-08 - val_mean_squared_error: 9.1901e-08 - 390s/epoch - 2s/step
Epoch 3/100

Epoch 00003: mean_squared_error improved from 0.00000 to 0.00000, saving model to /gpfswork/rech/ynx/ulx23va/repo/wf-SEDs/more_stars/wf-outputs/chkp/more_stars_bis/chkp_callback_poly_more_stars_complex_model_8k_bis_2_cycle1
250/250 - 389s - loss: 1.0178e-06 - mean_squared_error: 1.4175e-06 - val_loss: 5.5035e-08 - val_mean_squared_error: 5.5035e-08 - 389s/epoch - 2s/step
Epoch 4/100

Epoch 00004: mean_squared_error improved from 0.00000 to 0.00000, saving model to /gpfswork/rech/ynx/ulx23va/repo/wf-SEDs/more_stars/wf-outputs/chkp/more_stars_bis/chkp_callback_poly_more_stars_complex_model_8k_bis_2_cycle1
250/250 - 388s - loss: 9.9935e-07 - mean_squared_error: 1.3988e-06 - val_loss: 4.1971e-08 - val_mean_squared_error: 4.1971e-08 - 388s/epoch - 2s/step
Epoch 5/100

Epoch 00005: mean_squared_error improved from 0.00000 to 0.00000, saving model to /gpfswork/rech/ynx/ulx23va/repo/wf-SEDs/more_stars/wf-outputs/chkp/more_stars_bis/chkp_callback_poly_more_stars_complex_model_8k_bis_2_cycle1
250/250 - 387s - loss: 9.8086e-07 - mean_squared_error: 1.3830e-06 - val_loss: 3.0927e-08 - val_mean_squared_error: 3.0927e-08 - 387s/epoch - 2s/step
Epoch 6/100

Epoch 00006: mean_squared_error improved from 0.00000 to 0.00000, saving model to /gpfswork/rech/ynx/ulx23va/repo/wf-SEDs/more_stars/wf-outputs/chkp/more_stars_bis/chkp_callback_poly_more_stars_complex_model_8k_bis_2_cycle1
250/250 - 387s - loss: 9.7559e-07 - mean_squared_error: 1.3776e-06 - val_loss: 3.0044e-08 - val_mean_squared_error: 3.0044e-08 - 387s/epoch - 2s/step
Epoch 7/100

Epoch 00007: mean_squared_error improved from 0.00000 to 0.00000, saving model to /gpfswork/rech/ynx/ulx23va/repo/wf-SEDs/more_stars/wf-outputs/chkp/more_stars_bis/chkp_callback_poly_more_stars_complex_model_8k_bis_2_cycle1
250/250 - 387s - loss: 9.6303e-07 - mean_squared_error: 1.3671e-06 - val_loss: 2.1133e-08 - val_mean_squared_error: 2.1133e-08 - 387s/epoch - 2s/step
Epoch 8/100

Epoch 00008: mean_squared_error improved from 0.00000 to 0.00000, saving model to /gpfswork/rech/ynx/ulx23va/repo/wf-SEDs/more_stars/wf-outputs/chkp/more_stars_bis/chkp_callback_poly_more_stars_complex_model_8k_bis_2_cycle1
250/250 - 387s - loss: 9.5952e-07 - mean_squared_error: 1.3636e-06 - val_loss: 1.8207e-08 - val_mean_squared_error: 1.8207e-08 - 387s/epoch - 2s/step
Epoch 9/100

Epoch 00009: mean_squared_error improved from 0.00000 to 0.00000, saving model to /gpfswork/rech/ynx/ulx23va/repo/wf-SEDs/more_stars/wf-outputs/chkp/more_stars_bis/chkp_callback_poly_more_stars_complex_model_8k_bis_2_cycle1
250/250 - 388s - loss: 9.5732e-07 - mean_squared_error: 1.3616e-06 - val_loss: 1.6488e-08 - val_mean_squared_error: 1.6488e-08 - 388s/epoch - 2s/step
Epoch 10/100

Epoch 00010: mean_squared_error did not improve from 0.00000
250/250 - 388s - loss: 9.5761e-07 - mean_squared_error: 1.3616e-06 - val_loss: 1.6894e-08 - val_mean_squared_error: 1.6894e-08 - 388s/epoch - 2s/step
Epoch 11/100

Epoch 00011: mean_squared_error did not improve from 0.00000
250/250 - 388s - loss: 9.5889e-07 - mean_squared_error: 1.3626e-06 - val_loss: 1.7381e-08 - val_mean_squared_error: 1.7381e-08 - 388s/epoch - 2s/step
Epoch 12/100

Epoch 00012: mean_squared_error improved from 0.00000 to 0.00000, saving model to /gpfswork/rech/ynx/ulx23va/repo/wf-SEDs/more_stars/wf-outputs/chkp/more_stars_bis/chkp_callback_poly_more_stars_complex_model_8k_bis_2_cycle1
250/250 - 387s - loss: 9.5642e-07 - mean_squared_error: 1.3600e-06 - val_loss: 1.3051e-08 - val_mean_squared_error: 1.3051e-08 - 387s/epoch - 2s/step
Epoch 13/100

Epoch 00013: mean_squared_error improved from 0.00000 to 0.00000, saving model to /gpfswork/rech/ynx/ulx23va/repo/wf-SEDs/more_stars/wf-outputs/chkp/more_stars_bis/chkp_callback_poly_more_stars_complex_model_8k_bis_2_cycle1
250/250 - 388s - loss: 9.5135e-07 - mean_squared_error: 1.3559e-06 - val_loss: 1.1299e-08 - val_mean_squared_error: 1.1299e-08 - 388s/epoch - 2s/step
Epoch 14/100

Epoch 00014: mean_squared_error did not improve from 0.00000
250/250 - 389s - loss: 9.5234e-07 - mean_squared_error: 1.3568e-06 - val_loss: 1.0884e-08 - val_mean_squared_error: 1.0884e-08 - 389s/epoch - 2s/step
Epoch 15/100

Epoch 00015: mean_squared_error did not improve from 0.00000
250/250 - 389s - loss: 9.6009e-07 - mean_squared_error: 1.3613e-06 - val_loss: 1.0876e-08 - val_mean_squared_error: 1.0876e-08 - 389s/epoch - 2s/step
Epoch 16/100

Epoch 00016: mean_squared_error improved from 0.00000 to 0.00000, saving model to /gpfswork/rech/ynx/ulx23va/repo/wf-SEDs/more_stars/wf-outputs/chkp/more_stars_bis/chkp_callback_poly_more_stars_complex_model_8k_bis_2_cycle1
250/250 - 389s - loss: 9.5010e-07 - mean_squared_error: 1.3546e-06 - val_loss: 1.2534e-08 - val_mean_squared_error: 1.2534e-08 - 389s/epoch - 2s/step
Epoch 17/100

Epoch 00017: mean_squared_error did not improve from 0.00000
250/250 - 389s - loss: 9.5072e-07 - mean_squared_error: 1.3548e-06 - val_loss: 1.0610e-08 - val_mean_squared_error: 1.0610e-08 - 389s/epoch - 2s/step
Epoch 18/100

Epoch 00018: mean_squared_error improved from 0.00000 to 0.00000, saving model to /gpfswork/rech/ynx/ulx23va/repo/wf-SEDs/more_stars/wf-outputs/chkp/more_stars_bis/chkp_callback_poly_more_stars_complex_model_8k_bis_2_cycle1
250/250 - 389s - loss: 9.4973e-07 - mean_squared_error: 1.3544e-06 - val_loss: 1.9338e-08 - val_mean_squared_error: 1.9338e-08 - 389s/epoch - 2s/step
Epoch 19/100

Epoch 00019: mean_squared_error improved from 0.00000 to 0.00000, saving model to /gpfswork/rech/ynx/ulx23va/repo/wf-SEDs/more_stars/wf-outputs/chkp/more_stars_bis/chkp_callback_poly_more_stars_complex_model_8k_bis_2_cycle1
250/250 - 389s - loss: 9.4853e-07 - mean_squared_error: 1.3533e-06 - val_loss: 9.9221e-09 - val_mean_squared_error: 9.9221e-09 - 389s/epoch - 2s/step
Epoch 20/100

Epoch 00020: mean_squared_error improved from 0.00000 to 0.00000, saving model to /gpfswork/rech/ynx/ulx23va/repo/wf-SEDs/more_stars/wf-outputs/chkp/more_stars_bis/chkp_callback_poly_more_stars_complex_model_8k_bis_2_cycle1
250/250 - 389s - loss: 9.4717e-07 - mean_squared_error: 1.3520e-06 - val_loss: 1.3157e-08 - val_mean_squared_error: 1.3157e-08 - 389s/epoch - 2s/step
Epoch 21/100

Epoch 00021: mean_squared_error did not improve from 0.00000
250/250 - 389s - loss: 9.4867e-07 - mean_squared_error: 1.3534e-06 - val_loss: 8.6709e-09 - val_mean_squared_error: 8.6709e-09 - 389s/epoch - 2s/step
Epoch 22/100

Epoch 00022: mean_squared_error improved from 0.00000 to 0.00000, saving model to /gpfswork/rech/ynx/ulx23va/repo/wf-SEDs/more_stars/wf-outputs/chkp/more_stars_bis/chkp_callback_poly_more_stars_complex_model_8k_bis_2_cycle1
250/250 - 388s - loss: 9.4679e-07 - mean_squared_error: 1.3517e-06 - val_loss: 7.5450e-09 - val_mean_squared_error: 7.5450e-09 - 388s/epoch - 2s/step
Epoch 23/100

Epoch 00023: mean_squared_error did not improve from 0.00000
250/250 - 388s - loss: 9.4799e-07 - mean_squared_error: 1.3530e-06 - val_loss: 9.4258e-09 - val_mean_squared_error: 9.4258e-09 - 388s/epoch - 2s/step
Epoch 24/100

Epoch 00024: mean_squared_error did not improve from 0.00000
250/250 - 389s - loss: 9.4694e-07 - mean_squared_error: 1.3517e-06 - val_loss: 9.1062e-09 - val_mean_squared_error: 9.1062e-09 - 389s/epoch - 2s/step
Epoch 25/100

Epoch 00025: mean_squared_error improved from 0.00000 to 0.00000, saving model to /gpfswork/rech/ynx/ulx23va/repo/wf-SEDs/more_stars/wf-outputs/chkp/more_stars_bis/chkp_callback_poly_more_stars_complex_model_8k_bis_2_cycle1
250/250 - 389s - loss: 9.4630e-07 - mean_squared_error: 1.3513e-06 - val_loss: 7.1748e-09 - val_mean_squared_error: 7.1748e-09 - 389s/epoch - 2s/step
Epoch 26/100

Epoch 00026: mean_squared_error improved from 0.00000 to 0.00000, saving model to /gpfswork/rech/ynx/ulx23va/repo/wf-SEDs/more_stars/wf-outputs/chkp/more_stars_bis/chkp_callback_poly_more_stars_complex_model_8k_bis_2_cycle1
250/250 - 389s - loss: 9.4506e-07 - mean_squared_error: 1.3502e-06 - val_loss: 7.4161e-09 - val_mean_squared_error: 7.4161e-09 - 389s/epoch - 2s/step
Epoch 27/100

Epoch 00027: mean_squared_error did not improve from 0.00000
250/250 - 389s - loss: 9.4654e-07 - mean_squared_error: 1.3512e-06 - val_loss: 1.0164e-08 - val_mean_squared_error: 1.0164e-08 - 389s/epoch - 2s/step
Epoch 28/100

Epoch 00028: mean_squared_error did not improve from 0.00000
250/250 - 389s - loss: 9.4914e-07 - mean_squared_error: 1.3534e-06 - val_loss: 1.0365e-08 - val_mean_squared_error: 1.0365e-08 - 389s/epoch - 2s/step
Epoch 29/100

Epoch 00029: mean_squared_error did not improve from 0.00000
250/250 - 388s - loss: 9.4529e-07 - mean_squared_error: 1.3504e-06 - val_loss: 6.9962e-09 - val_mean_squared_error: 6.9962e-09 - 388s/epoch - 2s/step
Epoch 30/100

Epoch 00030: mean_squared_error did not improve from 0.00000
250/250 - 389s - loss: 9.4737e-07 - mean_squared_error: 1.3521e-06 - val_loss: 8.7657e-09 - val_mean_squared_error: 8.7657e-09 - 389s/epoch - 2s/step
Epoch 31/100

Epoch 00031: mean_squared_error did not improve from 0.00000
250/250 - 389s - loss: 9.4540e-07 - mean_squared_error: 1.3503e-06 - val_loss: 7.8723e-09 - val_mean_squared_error: 7.8723e-09 - 389s/epoch - 2s/step
Epoch 32/100

Epoch 00032: mean_squared_error improved from 0.00000 to 0.00000, saving model to /gpfswork/rech/ynx/ulx23va/repo/wf-SEDs/more_stars/wf-outputs/chkp/more_stars_bis/chkp_callback_poly_more_stars_complex_model_8k_bis_2_cycle1
250/250 - 388s - loss: 9.4520e-07 - mean_squared_error: 1.3500e-06 - val_loss: 5.8460e-09 - val_mean_squared_error: 5.8460e-09 - 388s/epoch - 2s/step
Epoch 33/100

Epoch 00033: mean_squared_error improved from 0.00000 to 0.00000, saving model to /gpfswork/rech/ynx/ulx23va/repo/wf-SEDs/more_stars/wf-outputs/chkp/more_stars_bis/chkp_callback_poly_more_stars_complex_model_8k_bis_2_cycle1
250/250 - 389s - loss: 9.4392e-07 - mean_squared_error: 1.3491e-06 - val_loss: 5.9825e-09 - val_mean_squared_error: 5.9825e-09 - 389s/epoch - 2s/step
Epoch 34/100

Epoch 00034: mean_squared_error did not improve from 0.00000
250/250 - 389s - loss: 9.4502e-07 - mean_squared_error: 1.3502e-06 - val_loss: 1.6553e-08 - val_mean_squared_error: 1.6553e-08 - 389s/epoch - 2s/step
Epoch 35/100

Epoch 00035: mean_squared_error did not improve from 0.00000
250/250 - 389s - loss: 9.4589e-07 - mean_squared_error: 1.3508e-06 - val_loss: 7.1769e-09 - val_mean_squared_error: 7.1769e-09 - 389s/epoch - 2s/step
Epoch 36/100

Epoch 00036: mean_squared_error did not improve from 0.00000
250/250 - 389s - loss: 9.4398e-07 - mean_squared_error: 1.3492e-06 - val_loss: 5.7773e-09 - val_mean_squared_error: 5.7773e-09 - 389s/epoch - 2s/step
Epoch 37/100

Epoch 00037: mean_squared_error did not improve from 0.00000
250/250 - 389s - loss: 9.4413e-07 - mean_squared_error: 1.3493e-06 - val_loss: 5.8139e-09 - val_mean_squared_error: 5.8139e-09 - 389s/epoch - 2s/step
Epoch 38/100

Epoch 00038: mean_squared_error did not improve from 0.00000
250/250 - 389s - loss: 9.4427e-07 - mean_squared_error: 1.3495e-06 - val_loss: 1.1975e-08 - val_mean_squared_error: 1.1975e-08 - 389s/epoch - 2s/step
Epoch 39/100

Epoch 00039: mean_squared_error did not improve from 0.00000
250/250 - 389s - loss: 9.4519e-07 - mean_squared_error: 1.3501e-06 - val_loss: 6.6659e-09 - val_mean_squared_error: 6.6659e-09 - 389s/epoch - 2s/step
Epoch 40/100

Epoch 00040: mean_squared_error did not improve from 0.00000
250/250 - 389s - loss: 9.4430e-07 - mean_squared_error: 1.3493e-06 - val_loss: 9.7680e-09 - val_mean_squared_error: 9.7680e-09 - 389s/epoch - 2s/step
Epoch 41/100

Epoch 00041: mean_squared_error did not improve from 0.00000
250/250 - 389s - loss: 9.4616e-07 - mean_squared_error: 1.3509e-06 - val_loss: 7.7055e-09 - val_mean_squared_error: 7.7055e-09 - 389s/epoch - 2s/step
Epoch 42/100

Epoch 00042: mean_squared_error improved from 0.00000 to 0.00000, saving model to /gpfswork/rech/ynx/ulx23va/repo/wf-SEDs/more_stars/wf-outputs/chkp/more_stars_bis/chkp_callback_poly_more_stars_complex_model_8k_bis_2_cycle1
250/250 - 388s - loss: 9.4331e-07 - mean_squared_error: 1.3485e-06 - val_loss: 6.0878e-09 - val_mean_squared_error: 6.0878e-09 - 388s/epoch - 2s/step
Epoch 43/100

Epoch 00043: mean_squared_error did not improve from 0.00000
250/250 - 389s - loss: 9.4350e-07 - mean_squared_error: 1.3487e-06 - val_loss: 8.3542e-09 - val_mean_squared_error: 8.3542e-09 - 389s/epoch - 2s/step
Epoch 44/100

Epoch 00044: mean_squared_error improved from 0.00000 to 0.00000, saving model to /gpfswork/rech/ynx/ulx23va/repo/wf-SEDs/more_stars/wf-outputs/chkp/more_stars_bis/chkp_callback_poly_more_stars_complex_model_8k_bis_2_cycle1
250/250 - 389s - loss: 9.4302e-07 - mean_squared_error: 1.3483e-06 - val_loss: 6.4468e-09 - val_mean_squared_error: 6.4468e-09 - 389s/epoch - 2s/step
Epoch 45/100

Epoch 00045: mean_squared_error did not improve from 0.00000
250/250 - 389s - loss: 9.4429e-07 - mean_squared_error: 1.3493e-06 - val_loss: 1.2060e-08 - val_mean_squared_error: 1.2060e-08 - 389s/epoch - 2s/step
Epoch 46/100

Epoch 00046: mean_squared_error did not improve from 0.00000
250/250 - 389s - loss: 9.4581e-07 - mean_squared_error: 1.3504e-06 - val_loss: 6.6662e-09 - val_mean_squared_error: 6.6662e-09 - 389s/epoch - 2s/step
Epoch 47/100

Epoch 00047: mean_squared_error did not improve from 0.00000
250/250 - 388s - loss: 9.4356e-07 - mean_squared_error: 1.3488e-06 - val_loss: 4.9316e-09 - val_mean_squared_error: 4.9316e-09 - 388s/epoch - 2s/step
Epoch 48/100

Epoch 00048: mean_squared_error did not improve from 0.00000
250/250 - 389s - loss: 9.4334e-07 - mean_squared_error: 1.3485e-06 - val_loss: 8.6112e-09 - val_mean_squared_error: 8.6112e-09 - 389s/epoch - 2s/step
Epoch 49/100

Epoch 00049: mean_squared_error did not improve from 0.00000
250/250 - 389s - loss: 9.4414e-07 - mean_squared_error: 1.3491e-06 - val_loss: 7.2643e-09 - val_mean_squared_error: 7.2643e-09 - 389s/epoch - 2s/step
Epoch 50/100

Epoch 00050: mean_squared_error improved from 0.00000 to 0.00000, saving model to /gpfswork/rech/ynx/ulx23va/repo/wf-SEDs/more_stars/wf-outputs/chkp/more_stars_bis/chkp_callback_poly_more_stars_complex_model_8k_bis_2_cycle1
250/250 - 389s - loss: 9.4267e-07 - mean_squared_error: 1.3478e-06 - val_loss: 7.6973e-09 - val_mean_squared_error: 7.6973e-09 - 389s/epoch - 2s/step
Epoch 51/100

Epoch 00051: mean_squared_error did not improve from 0.00000
250/250 - 389s - loss: 9.4405e-07 - mean_squared_error: 1.3491e-06 - val_loss: 6.1491e-09 - val_mean_squared_error: 6.1491e-09 - 389s/epoch - 2s/step
Epoch 52/100

Epoch 00052: mean_squared_error improved from 0.00000 to 0.00000, saving model to /gpfswork/rech/ynx/ulx23va/repo/wf-SEDs/more_stars/wf-outputs/chkp/more_stars_bis/chkp_callback_poly_more_stars_complex_model_8k_bis_2_cycle1
250/250 - 388s - loss: 9.4244e-07 - mean_squared_error: 1.3477e-06 - val_loss: 5.8838e-09 - val_mean_squared_error: 5.8838e-09 - 388s/epoch - 2s/step
Epoch 53/100

Epoch 00053: mean_squared_error did not improve from 0.00000
250/250 - 389s - loss: 9.4255e-07 - mean_squared_error: 1.3478e-06 - val_loss: 5.3253e-09 - val_mean_squared_error: 5.3253e-09 - 389s/epoch - 2s/step
Epoch 54/100

Epoch 00054: mean_squared_error did not improve from 0.00000
250/250 - 389s - loss: 9.4254e-07 - mean_squared_error: 1.3478e-06 - val_loss: 5.8300e-09 - val_mean_squared_error: 5.8300e-09 - 389s/epoch - 2s/step
Epoch 55/100

Epoch 00055: mean_squared_error did not improve from 0.00000
250/250 - 389s - loss: 9.4606e-07 - mean_squared_error: 1.3510e-06 - val_loss: 6.8248e-09 - val_mean_squared_error: 6.8248e-09 - 389s/epoch - 2s/step
Epoch 56/100

Epoch 00056: mean_squared_error did not improve from 0.00000
250/250 - 389s - loss: 9.4345e-07 - mean_squared_error: 1.3484e-06 - val_loss: 5.0444e-09 - val_mean_squared_error: 5.0444e-09 - 389s/epoch - 2s/step
Epoch 57/100

Epoch 00057: mean_squared_error did not improve from 0.00000
250/250 - 389s - loss: 9.4302e-07 - mean_squared_error: 1.3481e-06 - val_loss: 6.8263e-09 - val_mean_squared_error: 6.8263e-09 - 389s/epoch - 2s/step
Epoch 58/100

Epoch 00058: mean_squared_error did not improve from 0.00000
250/250 - 389s - loss: 9.4358e-07 - mean_squared_error: 1.3485e-06 - val_loss: 4.9601e-09 - val_mean_squared_error: 4.9601e-09 - 389s/epoch - 2s/step
Epoch 59/100

Epoch 00059: mean_squared_error improved from 0.00000 to 0.00000, saving model to /gpfswork/rech/ynx/ulx23va/repo/wf-SEDs/more_stars/wf-outputs/chkp/more_stars_bis/chkp_callback_poly_more_stars_complex_model_8k_bis_2_cycle1
250/250 - 389s - loss: 9.4240e-07 - mean_squared_error: 1.3477e-06 - val_loss: 7.3897e-09 - val_mean_squared_error: 7.3897e-09 - 389s/epoch - 2s/step
Epoch 60/100

Epoch 00060: mean_squared_error did not improve from 0.00000
250/250 - 389s - loss: 9.4277e-07 - mean_squared_error: 1.3478e-06 - val_loss: 5.2745e-09 - val_mean_squared_error: 5.2745e-09 - 389s/epoch - 2s/step
Epoch 61/100

Epoch 00061: mean_squared_error did not improve from 0.00000
250/250 - 388s - loss: 9.4493e-07 - mean_squared_error: 1.3496e-06 - val_loss: 4.7380e-09 - val_mean_squared_error: 4.7380e-09 - 388s/epoch - 2s/step
Epoch 62/100

Epoch 00062: mean_squared_error did not improve from 0.00000
250/250 - 388s - loss: 9.4263e-07 - mean_squared_error: 1.3478e-06 - val_loss: 4.2958e-09 - val_mean_squared_error: 4.2958e-09 - 388s/epoch - 2s/step
Epoch 63/100

Epoch 00063: mean_squared_error improved from 0.00000 to 0.00000, saving model to /gpfswork/rech/ynx/ulx23va/repo/wf-SEDs/more_stars/wf-outputs/chkp/more_stars_bis/chkp_callback_poly_more_stars_complex_model_8k_bis_2_cycle1
250/250 - 389s - loss: 9.4170e-07 - mean_squared_error: 1.3471e-06 - val_loss: 6.8185e-09 - val_mean_squared_error: 6.8185e-09 - 389s/epoch - 2s/step
Epoch 64/100

Epoch 00064: mean_squared_error did not improve from 0.00000
250/250 - 389s - loss: 9.4198e-07 - mean_squared_error: 1.3472e-06 - val_loss: 5.0592e-09 - val_mean_squared_error: 5.0592e-09 - 389s/epoch - 2s/step
Epoch 65/100

Epoch 00065: mean_squared_error did not improve from 0.00000
250/250 - 389s - loss: 9.4188e-07 - mean_squared_error: 1.3472e-06 - val_loss: 5.4685e-09 - val_mean_squared_error: 5.4685e-09 - 389s/epoch - 2s/step
Epoch 66/100

Epoch 00066: mean_squared_error did not improve from 0.00000
250/250 - 389s - loss: 9.4277e-07 - mean_squared_error: 1.3479e-06 - val_loss: 5.6733e-09 - val_mean_squared_error: 5.6733e-09 - 389s/epoch - 2s/step
Epoch 67/100

Epoch 00067: mean_squared_error did not improve from 0.00000
250/250 - 389s - loss: 9.4243e-07 - mean_squared_error: 1.3476e-06 - val_loss: 7.9343e-09 - val_mean_squared_error: 7.9343e-09 - 389s/epoch - 2s/step
Epoch 68/100

Epoch 00068: mean_squared_error did not improve from 0.00000
250/250 - 389s - loss: 9.4234e-07 - mean_squared_error: 1.3476e-06 - val_loss: 5.1203e-09 - val_mean_squared_error: 5.1203e-09 - 389s/epoch - 2s/step
Epoch 69/100

Epoch 00069: mean_squared_error did not improve from 0.00000
250/250 - 389s - loss: 9.4270e-07 - mean_squared_error: 1.3477e-06 - val_loss: 6.8983e-09 - val_mean_squared_error: 6.8983e-09 - 389s/epoch - 2s/step
Epoch 70/100

Epoch 00070: mean_squared_error did not improve from 0.00000
250/250 - 389s - loss: 9.4178e-07 - mean_squared_error: 1.3471e-06 - val_loss: 4.7305e-09 - val_mean_squared_error: 4.7305e-09 - 389s/epoch - 2s/step
Epoch 71/100

Epoch 00071: mean_squared_error did not improve from 0.00000
250/250 - 389s - loss: 9.4216e-07 - mean_squared_error: 1.3472e-06 - val_loss: 4.7516e-09 - val_mean_squared_error: 4.7516e-09 - 389s/epoch - 2s/step
Epoch 72/100

Epoch 00072: mean_squared_error did not improve from 0.00000
250/250 - 388s - loss: 9.4299e-07 - mean_squared_error: 1.3480e-06 - val_loss: 4.7040e-09 - val_mean_squared_error: 4.7040e-09 - 388s/epoch - 2s/step
Epoch 73/100

Epoch 00073: mean_squared_error improved from 0.00000 to 0.00000, saving model to /gpfswork/rech/ynx/ulx23va/repo/wf-SEDs/more_stars/wf-outputs/chkp/more_stars_bis/chkp_callback_poly_more_stars_complex_model_8k_bis_2_cycle1
250/250 - 389s - loss: 9.4188e-07 - mean_squared_error: 1.3471e-06 - val_loss: 5.8593e-09 - val_mean_squared_error: 5.8593e-09 - 389s/epoch - 2s/step
Epoch 74/100

Epoch 00074: mean_squared_error did not improve from 0.00000
250/250 - 384s - loss: 9.4209e-07 - mean_squared_error: 1.3473e-06 - val_loss: 4.9849e-09 - val_mean_squared_error: 4.9849e-09 - 384s/epoch - 2s/step
Epoch 75/100

Epoch 00075: mean_squared_error did not improve from 0.00000
250/250 - 388s - loss: 9.4241e-07 - mean_squared_error: 1.3476e-06 - val_loss: 5.9601e-09 - val_mean_squared_error: 5.9601e-09 - 388s/epoch - 2s/step
Epoch 76/100

Epoch 00076: mean_squared_error improved from 0.00000 to 0.00000, saving model to /gpfswork/rech/ynx/ulx23va/repo/wf-SEDs/more_stars/wf-outputs/chkp/more_stars_bis/chkp_callback_poly_more_stars_complex_model_8k_bis_2_cycle1
250/250 - 387s - loss: 9.4183e-07 - mean_squared_error: 1.3470e-06 - val_loss: 5.8904e-09 - val_mean_squared_error: 5.8904e-09 - 387s/epoch - 2s/step
Epoch 77/100

Epoch 00077: mean_squared_error improved from 0.00000 to 0.00000, saving model to /gpfswork/rech/ynx/ulx23va/repo/wf-SEDs/more_stars/wf-outputs/chkp/more_stars_bis/chkp_callback_poly_more_stars_complex_model_8k_bis_2_cycle1
250/250 - 388s - loss: 9.4108e-07 - mean_squared_error: 1.3465e-06 - val_loss: 5.3005e-09 - val_mean_squared_error: 5.3005e-09 - 388s/epoch - 2s/step
Epoch 78/100

Epoch 00078: mean_squared_error did not improve from 0.00000
250/250 - 388s - loss: 9.4204e-07 - mean_squared_error: 1.3472e-06 - val_loss: 4.4014e-09 - val_mean_squared_error: 4.4014e-09 - 388s/epoch - 2s/step
Epoch 79/100

Epoch 00079: mean_squared_error did not improve from 0.00000
250/250 - 387s - loss: 9.4148e-07 - mean_squared_error: 1.3468e-06 - val_loss: 5.1595e-09 - val_mean_squared_error: 5.1595e-09 - 387s/epoch - 2s/step
Epoch 80/100

Epoch 00080: mean_squared_error did not improve from 0.00000
250/250 - 387s - loss: 9.4161e-07 - mean_squared_error: 1.3468e-06 - val_loss: 4.3655e-09 - val_mean_squared_error: 4.3655e-09 - 387s/epoch - 2s/step
Epoch 81/100

Epoch 00081: mean_squared_error did not improve from 0.00000
250/250 - 388s - loss: 9.4156e-07 - mean_squared_error: 1.3467e-06 - val_loss: 4.7449e-09 - val_mean_squared_error: 4.7449e-09 - 388s/epoch - 2s/step
Epoch 82/100

Epoch 00082: mean_squared_error did not improve from 0.00000
250/250 - 387s - loss: 9.4143e-07 - mean_squared_error: 1.3469e-06 - val_loss: 4.5821e-09 - val_mean_squared_error: 4.5821e-09 - 387s/epoch - 2s/step
Epoch 83/100

Epoch 00083: mean_squared_error did not improve from 0.00000
250/250 - 388s - loss: 9.4116e-07 - mean_squared_error: 1.3465e-06 - val_loss: 4.4715e-09 - val_mean_squared_error: 4.4715e-09 - 388s/epoch - 2s/step
Epoch 84/100

Epoch 00084: mean_squared_error did not improve from 0.00000
250/250 - 387s - loss: 9.4132e-07 - mean_squared_error: 1.3466e-06 - val_loss: 4.3618e-09 - val_mean_squared_error: 4.3618e-09 - 387s/epoch - 2s/step
Epoch 85/100

Epoch 00085: mean_squared_error did not improve from 0.00000
250/250 - 388s - loss: 9.4139e-07 - mean_squared_error: 1.3467e-06 - val_loss: 5.3628e-09 - val_mean_squared_error: 5.3628e-09 - 388s/epoch - 2s/step
Epoch 86/100

Epoch 00086: mean_squared_error did not improve from 0.00000
250/250 - 395s - loss: 9.4135e-07 - mean_squared_error: 1.3467e-06 - val_loss: 5.8483e-09 - val_mean_squared_error: 5.8483e-09 - 395s/epoch - 2s/step
Epoch 87/100

Epoch 00087: mean_squared_error did not improve from 0.00000
250/250 - 394s - loss: 9.4116e-07 - mean_squared_error: 1.3466e-06 - val_loss: 4.6352e-09 - val_mean_squared_error: 4.6352e-09 - 394s/epoch - 2s/step
Epoch 88/100

Epoch 00088: mean_squared_error improved from 0.00000 to 0.00000, saving model to /gpfswork/rech/ynx/ulx23va/repo/wf-SEDs/more_stars/wf-outputs/chkp/more_stars_bis/chkp_callback_poly_more_stars_complex_model_8k_bis_2_cycle1
250/250 - 395s - loss: 9.4092e-07 - mean_squared_error: 1.3463e-06 - val_loss: 4.5721e-09 - val_mean_squared_error: 4.5721e-09 - 395s/epoch - 2s/step
Epoch 89/100

Epoch 00089: mean_squared_error did not improve from 0.00000
250/250 - 394s - loss: 9.4354e-07 - mean_squared_error: 1.3482e-06 - val_loss: 4.3763e-09 - val_mean_squared_error: 4.3763e-09 - 394s/epoch - 2s/step
Epoch 90/100

Epoch 00090: mean_squared_error did not improve from 0.00000
250/250 - 395s - loss: 9.4218e-07 - mean_squared_error: 1.3473e-06 - val_loss: 4.3795e-09 - val_mean_squared_error: 4.3795e-09 - 395s/epoch - 2s/step
Epoch 91/100

Epoch 00091: mean_squared_error did not improve from 0.00000
250/250 - 394s - loss: 9.4173e-07 - mean_squared_error: 1.3471e-06 - val_loss: 4.4009e-09 - val_mean_squared_error: 4.4009e-09 - 394s/epoch - 2s/step
Epoch 92/100

Epoch 00092: mean_squared_error did not improve from 0.00000
250/250 - 388s - loss: 9.4184e-07 - mean_squared_error: 1.3472e-06 - val_loss: 4.3336e-09 - val_mean_squared_error: 4.3336e-09 - 388s/epoch - 2s/step
Epoch 93/100

Epoch 00093: mean_squared_error did not improve from 0.00000
250/250 - 394s - loss: 9.4098e-07 - mean_squared_error: 1.3463e-06 - val_loss: 4.6170e-09 - val_mean_squared_error: 4.6170e-09 - 394s/epoch - 2s/step
Epoch 94/100

Epoch 00094: mean_squared_error improved from 0.00000 to 0.00000, saving model to /gpfswork/rech/ynx/ulx23va/repo/wf-SEDs/more_stars/wf-outputs/chkp/more_stars_bis/chkp_callback_poly_more_stars_complex_model_8k_bis_2_cycle1
250/250 - 394s - loss: 9.4089e-07 - mean_squared_error: 1.3462e-06 - val_loss: 4.2773e-09 - val_mean_squared_error: 4.2773e-09 - 394s/epoch - 2s/step
Epoch 95/100

Epoch 00095: mean_squared_error did not improve from 0.00000
250/250 - 395s - loss: 9.4327e-07 - mean_squared_error: 1.3480e-06 - val_loss: 8.1679e-09 - val_mean_squared_error: 8.1679e-09 - 395s/epoch - 2s/step
Epoch 96/100

Epoch 00096: mean_squared_error did not improve from 0.00000
250/250 - 394s - loss: 9.4164e-07 - mean_squared_error: 1.3468e-06 - val_loss: 6.8488e-09 - val_mean_squared_error: 6.8488e-09 - 394s/epoch - 2s/step
Epoch 97/100

Epoch 00097: mean_squared_error did not improve from 0.00000
250/250 - 395s - loss: 9.4092e-07 - mean_squared_error: 1.3463e-06 - val_loss: 4.3117e-09 - val_mean_squared_error: 4.3117e-09 - 395s/epoch - 2s/step
Epoch 98/100

Epoch 00098: mean_squared_error did not improve from 0.00000
250/250 - 395s - loss: 9.4130e-07 - mean_squared_error: 1.3467e-06 - val_loss: 5.0552e-09 - val_mean_squared_error: 5.0552e-09 - 395s/epoch - 2s/step
Epoch 99/100

Epoch 00099: mean_squared_error improved from 0.00000 to 0.00000, saving model to /gpfswork/rech/ynx/ulx23va/repo/wf-SEDs/more_stars/wf-outputs/chkp/more_stars_bis/chkp_callback_poly_more_stars_complex_model_8k_bis_2_cycle1
250/250 - 394s - loss: 9.4079e-07 - mean_squared_error: 1.3462e-06 - val_loss: 5.3439e-09 - val_mean_squared_error: 5.3439e-09 - 394s/epoch - 2s/step
Epoch 100/100

Epoch 00100: mean_squared_error did not improve from 0.00000
250/250 - 395s - loss: 9.4092e-07 - mean_squared_error: 1.3462e-06 - val_loss: 6.7586e-09 - val_mean_squared_error: 6.7586e-09 - 395s/epoch - 2s/step
Cycle1 elapsed time: 44533.528862
Starting cycle 2..
Starting parametric update..
Epoch 1/15

Epoch 00001: mean_squared_error improved from inf to 0.00000, saving model to /gpfswork/rech/ynx/ulx23va/repo/wf-SEDs/more_stars/wf-outputs/chkp/more_stars_bis/chkp_callback_poly_more_stars_complex_model_8k_bis_2_cycle2
250/250 - 365s - loss: 9.4541e-07 - mean_squared_error: 1.3502e-06 - val_loss: 1.0626e-08 - val_mean_squared_error: 1.0626e-08 - 365s/epoch - 1s/step
Epoch 2/15

Epoch 00002: mean_squared_error did not improve from 0.00000
250/250 - 360s - loss: 9.5047e-07 - mean_squared_error: 1.3549e-06 - val_loss: 2.2710e-08 - val_mean_squared_error: 2.2710e-08 - 360s/epoch - 1s/step
Epoch 3/15

Epoch 00003: mean_squared_error did not improve from 0.00000
250/250 - 371s - loss: 9.5949e-07 - mean_squared_error: 1.3635e-06 - val_loss: 4.4425e-08 - val_mean_squared_error: 4.4425e-08 - 371s/epoch - 1s/step
Epoch 4/15

Epoch 00004: mean_squared_error did not improve from 0.00000
250/250 - 373s - loss: 9.5423e-07 - mean_squared_error: 1.3585e-06 - val_loss: 1.2038e-08 - val_mean_squared_error: 1.2038e-08 - 373s/epoch - 1s/step
Epoch 5/15

Epoch 00005: mean_squared_error did not improve from 0.00000
250/250 - 372s - loss: 9.5283e-07 - mean_squared_error: 1.3574e-06 - val_loss: 2.6038e-08 - val_mean_squared_error: 2.6038e-08 - 372s/epoch - 1s/step
Epoch 6/15

Epoch 00006: mean_squared_error did not improve from 0.00000
250/250 - 372s - loss: 9.7088e-07 - mean_squared_error: 1.3742e-06 - val_loss: 1.4521e-08 - val_mean_squared_error: 1.4521e-08 - 372s/epoch - 1s/step
Epoch 7/15

Epoch 00007: mean_squared_error did not improve from 0.00000
250/250 - 373s - loss: 9.7946e-07 - mean_squared_error: 1.3818e-06 - val_loss: 2.0996e-08 - val_mean_squared_error: 2.0996e-08 - 373s/epoch - 1s/step
Epoch 8/15

Epoch 00008: mean_squared_error did not improve from 0.00000
250/250 - 372s - loss: 9.6783e-07 - mean_squared_error: 1.3710e-06 - val_loss: 5.4862e-08 - val_mean_squared_error: 5.4862e-08 - 372s/epoch - 1s/step
Epoch 9/15

Epoch 00009: mean_squared_error did not improve from 0.00000
250/250 - 372s - loss: 9.6143e-07 - mean_squared_error: 1.3656e-06 - val_loss: 1.8055e-08 - val_mean_squared_error: 1.8055e-08 - 372s/epoch - 1s/step
Epoch 10/15

Epoch 00010: mean_squared_error did not improve from 0.00000
250/250 - 371s - loss: 9.6633e-07 - mean_squared_error: 1.3696e-06 - val_loss: 1.6980e-08 - val_mean_squared_error: 1.6980e-08 - 371s/epoch - 1s/step
Epoch 11/15

Epoch 00011: mean_squared_error did not improve from 0.00000
250/250 - 371s - loss: 9.6676e-07 - mean_squared_error: 1.3701e-06 - val_loss: 1.1958e-08 - val_mean_squared_error: 1.1958e-08 - 371s/epoch - 1s/step
Epoch 12/15

Epoch 00012: mean_squared_error did not improve from 0.00000
250/250 - 371s - loss: 9.8333e-07 - mean_squared_error: 1.3848e-06 - val_loss: 1.2977e-08 - val_mean_squared_error: 1.2977e-08 - 371s/epoch - 1s/step
Epoch 13/15

Epoch 00013: mean_squared_error did not improve from 0.00000
250/250 - 373s - loss: 1.0115e-06 - mean_squared_error: 1.4083e-06 - val_loss: 1.3189e-08 - val_mean_squared_error: 1.3189e-08 - 373s/epoch - 1s/step
Epoch 14/15

Epoch 00014: mean_squared_error did not improve from 0.00000
250/250 - 372s - loss: 9.5626e-07 - mean_squared_error: 1.3605e-06 - val_loss: 1.3692e-08 - val_mean_squared_error: 1.3692e-08 - 372s/epoch - 1s/step
Epoch 15/15

Epoch 00015: mean_squared_error did not improve from 0.00000
250/250 - 373s - loss: 9.6316e-07 - mean_squared_error: 1.3668e-06 - val_loss: 1.1290e-08 - val_mean_squared_error: 1.1290e-08 - 373s/epoch - 1s/step
Starting non-parametric update..
Epoch 1/50

Epoch 00001: mean_squared_error improved from 0.00000 to 0.00000, saving model to /gpfswork/rech/ynx/ulx23va/repo/wf-SEDs/more_stars/wf-outputs/chkp/more_stars_bis/chkp_callback_poly_more_stars_complex_model_8k_bis_2_cycle2
250/250 - 408s - loss: 9.3963e-07 - mean_squared_error: 1.3452e-06 - val_loss: 2.9435e-09 - val_mean_squared_error: 2.9435e-09 - 408s/epoch - 2s/step
Epoch 2/50

Epoch 00002: mean_squared_error improved from 0.00000 to 0.00000, saving model to /gpfswork/rech/ynx/ulx23va/repo/wf-SEDs/more_stars/wf-outputs/chkp/more_stars_bis/chkp_callback_poly_more_stars_complex_model_8k_bis_2_cycle2
250/250 - 401s - loss: 9.3852e-07 - mean_squared_error: 1.3442e-06 - val_loss: 2.9602e-09 - val_mean_squared_error: 2.9602e-09 - 401s/epoch - 2s/step
Epoch 3/50

Epoch 00003: mean_squared_error did not improve from 0.00000
250/250 - 398s - loss: 9.3861e-07 - mean_squared_error: 1.3443e-06 - val_loss: 3.0164e-09 - val_mean_squared_error: 3.0164e-09 - 398s/epoch - 2s/step
Epoch 4/50

Epoch 00004: mean_squared_error did not improve from 0.00000
250/250 - 397s - loss: 9.3869e-07 - mean_squared_error: 1.3443e-06 - val_loss: 3.0927e-09 - val_mean_squared_error: 3.0927e-09 - 397s/epoch - 2s/step
Epoch 5/50

Epoch 00005: mean_squared_error did not improve from 0.00000
250/250 - 398s - loss: 9.3875e-07 - mean_squared_error: 1.3444e-06 - val_loss: 3.1110e-09 - val_mean_squared_error: 3.1110e-09 - 398s/epoch - 2s/step
Epoch 6/50

Epoch 00006: mean_squared_error did not improve from 0.00000
250/250 - 399s - loss: 9.3877e-07 - mean_squared_error: 1.3444e-06 - val_loss: 3.4114e-09 - val_mean_squared_error: 3.4114e-09 - 399s/epoch - 2s/step
Epoch 7/50

Epoch 00007: mean_squared_error did not improve from 0.00000
250/250 - 359s - loss: 9.3879e-07 - mean_squared_error: 1.3444e-06 - val_loss: 3.1407e-09 - val_mean_squared_error: 3.1407e-09 - 359s/epoch - 1s/step
Epoch 8/50

Epoch 00008: mean_squared_error did not improve from 0.00000
250/250 - 339s - loss: 9.3884e-07 - mean_squared_error: 1.3445e-06 - val_loss: 3.3758e-09 - val_mean_squared_error: 3.3758e-09 - 339s/epoch - 1s/step
Epoch 9/50

Epoch 00009: mean_squared_error did not improve from 0.00000
250/250 - 339s - loss: 9.3898e-07 - mean_squared_error: 1.3446e-06 - val_loss: 3.1052e-09 - val_mean_squared_error: 3.1052e-09 - 339s/epoch - 1s/step
Epoch 10/50

Epoch 00010: mean_squared_error did not improve from 0.00000
250/250 - 341s - loss: 9.3891e-07 - mean_squared_error: 1.3445e-06 - val_loss: 3.2205e-09 - val_mean_squared_error: 3.2205e-09 - 341s/epoch - 1s/step
Epoch 11/50

Epoch 00011: mean_squared_error did not improve from 0.00000
250/250 - 350s - loss: 9.3887e-07 - mean_squared_error: 1.3445e-06 - val_loss: 3.1097e-09 - val_mean_squared_error: 3.1097e-09 - 350s/epoch - 1s/step
Epoch 12/50

Epoch 00012: mean_squared_error did not improve from 0.00000
250/250 - 381s - loss: 9.3893e-07 - mean_squared_error: 1.3445e-06 - val_loss: 3.5129e-09 - val_mean_squared_error: 3.5129e-09 - 381s/epoch - 2s/step
Epoch 13/50

Epoch 00013: mean_squared_error did not improve from 0.00000
250/250 - 341s - loss: 9.3887e-07 - mean_squared_error: 1.3445e-06 - val_loss: 3.2108e-09 - val_mean_squared_error: 3.2108e-09 - 341s/epoch - 1s/step
Epoch 14/50

Epoch 00014: mean_squared_error did not improve from 0.00000
250/250 - 336s - loss: 9.3909e-07 - mean_squared_error: 1.3447e-06 - val_loss: 3.4723e-09 - val_mean_squared_error: 3.4723e-09 - 336s/epoch - 1s/step
Epoch 15/50

Epoch 00015: mean_squared_error did not improve from 0.00000
250/250 - 345s - loss: 9.3900e-07 - mean_squared_error: 1.3446e-06 - val_loss: 3.3369e-09 - val_mean_squared_error: 3.3369e-09 - 345s/epoch - 1s/step
Epoch 16/50

Epoch 00016: mean_squared_error did not improve from 0.00000
250/250 - 336s - loss: 9.3912e-07 - mean_squared_error: 1.3447e-06 - val_loss: 3.2223e-09 - val_mean_squared_error: 3.2223e-09 - 336s/epoch - 1s/step
Epoch 17/50

Epoch 00017: mean_squared_error did not improve from 0.00000
250/250 - 336s - loss: 9.3902e-07 - mean_squared_error: 1.3446e-06 - val_loss: 3.6067e-09 - val_mean_squared_error: 3.6067e-09 - 336s/epoch - 1s/step
Epoch 18/50

Epoch 00018: mean_squared_error did not improve from 0.00000
250/250 - 337s - loss: 9.3922e-07 - mean_squared_error: 1.3447e-06 - val_loss: 3.8445e-09 - val_mean_squared_error: 3.8445e-09 - 337s/epoch - 1s/step
Epoch 19/50

Epoch 00019: mean_squared_error did not improve from 0.00000
250/250 - 337s - loss: 9.3900e-07 - mean_squared_error: 1.3446e-06 - val_loss: 3.4928e-09 - val_mean_squared_error: 3.4928e-09 - 337s/epoch - 1s/step
Epoch 20/50

Epoch 00020: mean_squared_error did not improve from 0.00000
250/250 - 344s - loss: 9.3890e-07 - mean_squared_error: 1.3445e-06 - val_loss: 3.2117e-09 - val_mean_squared_error: 3.2117e-09 - 344s/epoch - 1s/step
Epoch 21/50

Epoch 00021: mean_squared_error did not improve from 0.00000
250/250 - 345s - loss: 9.3902e-07 - mean_squared_error: 1.3446e-06 - val_loss: 3.4891e-09 - val_mean_squared_error: 3.4891e-09 - 345s/epoch - 1s/step
Epoch 22/50

Epoch 00022: mean_squared_error did not improve from 0.00000
250/250 - 336s - loss: 9.3887e-07 - mean_squared_error: 1.3445e-06 - val_loss: 3.6157e-09 - val_mean_squared_error: 3.6157e-09 - 336s/epoch - 1s/step
Epoch 23/50

Epoch 00023: mean_squared_error did not improve from 0.00000
250/250 - 347s - loss: 9.3901e-07 - mean_squared_error: 1.3446e-06 - val_loss: 3.3120e-09 - val_mean_squared_error: 3.3120e-09 - 347s/epoch - 1s/step
Epoch 24/50

Epoch 00024: mean_squared_error did not improve from 0.00000
250/250 - 352s - loss: 9.3911e-07 - mean_squared_error: 1.3447e-06 - val_loss: 3.8063e-09 - val_mean_squared_error: 3.8063e-09 - 352s/epoch - 1s/step
Epoch 25/50

Epoch 00025: mean_squared_error did not improve from 0.00000
250/250 - 336s - loss: 9.3923e-07 - mean_squared_error: 1.3447e-06 - val_loss: 3.3594e-09 - val_mean_squared_error: 3.3594e-09 - 336s/epoch - 1s/step
Epoch 26/50

Epoch 00026: mean_squared_error did not improve from 0.00000
250/250 - 371s - loss: 9.3884e-07 - mean_squared_error: 1.3445e-06 - val_loss: 3.2998e-09 - val_mean_squared_error: 3.2998e-09 - 371s/epoch - 1s/step
Epoch 27/50

Epoch 00027: mean_squared_error did not improve from 0.00000
250/250 - 329s - loss: 9.3884e-07 - mean_squared_error: 1.3445e-06 - val_loss: 3.9071e-09 - val_mean_squared_error: 3.9071e-09 - 329s/epoch - 1s/step
Epoch 28/50

Epoch 00028: mean_squared_error did not improve from 0.00000
250/250 - 328s - loss: 9.3893e-07 - mean_squared_error: 1.3446e-06 - val_loss: 3.1877e-09 - val_mean_squared_error: 3.1877e-09 - 328s/epoch - 1s/step
Epoch 29/50

Epoch 00029: mean_squared_error did not improve from 0.00000
250/250 - 328s - loss: 9.3895e-07 - mean_squared_error: 1.3445e-06 - val_loss: 3.3965e-09 - val_mean_squared_error: 3.3965e-09 - 328s/epoch - 1s/step
Epoch 30/50

Epoch 00030: mean_squared_error did not improve from 0.00000
250/250 - 328s - loss: 9.3885e-07 - mean_squared_error: 1.3445e-06 - val_loss: 3.5496e-09 - val_mean_squared_error: 3.5496e-09 - 328s/epoch - 1s/step
Epoch 31/50

Epoch 00031: mean_squared_error did not improve from 0.00000
250/250 - 328s - loss: 9.3902e-07 - mean_squared_error: 1.3446e-06 - val_loss: 3.9944e-09 - val_mean_squared_error: 3.9944e-09 - 328s/epoch - 1s/step
Epoch 32/50

Epoch 00032: mean_squared_error did not improve from 0.00000
250/250 - 328s - loss: 9.3890e-07 - mean_squared_error: 1.3445e-06 - val_loss: 3.1708e-09 - val_mean_squared_error: 3.1708e-09 - 328s/epoch - 1s/step
Epoch 33/50

Epoch 00033: mean_squared_error did not improve from 0.00000
250/250 - 326s - loss: 9.3882e-07 - mean_squared_error: 1.3444e-06 - val_loss: 3.6320e-09 - val_mean_squared_error: 3.6320e-09 - 326s/epoch - 1s/step
Epoch 34/50

Epoch 00034: mean_squared_error did not improve from 0.00000
250/250 - 327s - loss: 9.3940e-07 - mean_squared_error: 1.3448e-06 - val_loss: 3.1463e-09 - val_mean_squared_error: 3.1463e-09 - 327s/epoch - 1s/step
Epoch 35/50

Epoch 00035: mean_squared_error did not improve from 0.00000
250/250 - 327s - loss: 9.3895e-07 - mean_squared_error: 1.3446e-06 - val_loss: 3.2891e-09 - val_mean_squared_error: 3.2891e-09 - 327s/epoch - 1s/step
Epoch 36/50

Epoch 00036: mean_squared_error did not improve from 0.00000
250/250 - 320s - loss: 9.3893e-07 - mean_squared_error: 1.3446e-06 - val_loss: 3.4664e-09 - val_mean_squared_error: 3.4664e-09 - 320s/epoch - 1s/step
Epoch 37/50

Epoch 00037: mean_squared_error did not improve from 0.00000
250/250 - 279s - loss: 9.3880e-07 - mean_squared_error: 1.3444e-06 - val_loss: 3.1715e-09 - val_mean_squared_error: 3.1715e-09 - 279s/epoch - 1s/step
Epoch 38/50

Epoch 00038: mean_squared_error did not improve from 0.00000
250/250 - 276s - loss: 9.3873e-07 - mean_squared_error: 1.3444e-06 - val_loss: 3.2209e-09 - val_mean_squared_error: 3.2209e-09 - 276s/epoch - 1s/step
Epoch 39/50

Epoch 00039: mean_squared_error did not improve from 0.00000
250/250 - 279s - loss: 9.3902e-07 - mean_squared_error: 1.3446e-06 - val_loss: 3.6309e-09 - val_mean_squared_error: 3.6309e-09 - 279s/epoch - 1s/step
Epoch 40/50

Epoch 00040: mean_squared_error did not improve from 0.00000
250/250 - 279s - loss: 9.3880e-07 - mean_squared_error: 1.3444e-06 - val_loss: 3.1178e-09 - val_mean_squared_error: 3.1178e-09 - 279s/epoch - 1s/step
Epoch 41/50

Epoch 00041: mean_squared_error did not improve from 0.00000
250/250 - 284s - loss: 9.3877e-07 - mean_squared_error: 1.3444e-06 - val_loss: 3.3281e-09 - val_mean_squared_error: 3.3281e-09 - 284s/epoch - 1s/step
Epoch 42/50

Epoch 00042: mean_squared_error did not improve from 0.00000
250/250 - 305s - loss: 9.3869e-07 - mean_squared_error: 1.3443e-06 - val_loss: 3.2690e-09 - val_mean_squared_error: 3.2690e-09 - 305s/epoch - 1s/step
Epoch 43/50

Epoch 00043: mean_squared_error did not improve from 0.00000
250/250 - 304s - loss: 9.3868e-07 - mean_squared_error: 1.3443e-06 - val_loss: 3.6423e-09 - val_mean_squared_error: 3.6423e-09 - 304s/epoch - 1s/step
Epoch 44/50

Epoch 00044: mean_squared_error did not improve from 0.00000
250/250 - 278s - loss: 9.3887e-07 - mean_squared_error: 1.3445e-06 - val_loss: 3.4373e-09 - val_mean_squared_error: 3.4373e-09 - 278s/epoch - 1s/step
Epoch 45/50

Epoch 00045: mean_squared_error did not improve from 0.00000
250/250 - 276s - loss: 9.3870e-07 - mean_squared_error: 1.3444e-06 - val_loss: 4.3631e-09 - val_mean_squared_error: 4.3631e-09 - 276s/epoch - 1s/step
Epoch 46/50

Epoch 00046: mean_squared_error did not improve from 0.00000
250/250 - 276s - loss: 9.3920e-07 - mean_squared_error: 1.3447e-06 - val_loss: 3.6747e-09 - val_mean_squared_error: 3.6747e-09 - 276s/epoch - 1s/step
Epoch 47/50

Epoch 00047: mean_squared_error did not improve from 0.00000
250/250 - 286s - loss: 9.3885e-07 - mean_squared_error: 1.3445e-06 - val_loss: 3.5393e-09 - val_mean_squared_error: 3.5393e-09 - 286s/epoch - 1s/step
Epoch 48/50

Epoch 00048: mean_squared_error did not improve from 0.00000
250/250 - 276s - loss: 9.3876e-07 - mean_squared_error: 1.3444e-06 - val_loss: 3.3408e-09 - val_mean_squared_error: 3.3408e-09 - 276s/epoch - 1s/step
Epoch 49/50

Epoch 00049: mean_squared_error did not improve from 0.00000
250/250 - 276s - loss: 9.3896e-07 - mean_squared_error: 1.3445e-06 - val_loss: 4.4924e-09 - val_mean_squared_error: 4.4924e-09 - 276s/epoch - 1s/step
Epoch 50/50

Epoch 00050: mean_squared_error did not improve from 0.00000
250/250 - 275s - loss: 9.3882e-07 - mean_squared_error: 1.3444e-06 - val_loss: 3.5299e-09 - val_mean_squared_error: 3.5299e-09 - 275s/epoch - 1s/step
Cycle2 elapsed time: 22109.565558

Total elapsed time: 66653.288808

 Good bye..
