Starting the log file.
Found GPU at: /device:GPU:0
tf_version: 2.7.0
Dataset parameters:
{'d_max': 2, 'max_order': 45, 'x_lims': [0, 1000.0], 'y_lims': [0, 1000.0], 'grid_points': [4, 4], 'n_bins': 8, 'max_wfe_rms': 0.1, 'oversampling_rate': 3.0, 'output_Q': 3.0, 'output_dim': 32, 'LP_filter_length': 2, 'pupil_diameter': 128, 'euclid_obsc': True, 'n_stars': 6000}

***
Metric evaluation on the test dataset
***

Absolute RMSE:	 1.2212e-04 	 +/- 1.7356e-05
Relative RMSE:	 1.6454e+00 % 	 +/- 3.1902e-01 %
Absolute RMSE:	 1.6590e-01 	 +/- 2.3064e-02
Relative RMSE:	 2.1890e+02 % 	 +/- 1.8313e+01 %

Pixel star absolute RMSE:	 8.6609e-05 	 +/- 3.4409e-05 
Pixel star relative RMSE:	 5.7499e+00 % 	 +/- 2.6042e+00 %

sigma(e1) RMSE =		 2.6096e-02 	 +/- 2.2473e-02 
sigma(e2) RMSE =		 8.7689e-03 	 +/- 7.5497e-03 
sigma(R2)/<R2> =		 3.3574e-01 	 +/- 2.8469e-01 

Relative sigma(e1) RMSE =	 3.2337e+03 % 	 +/- 3.2311e+03 %
Relative sigma(e2) RMSE =	 7.8608e+02 % 	 +/- 7.8582e+02 %

Total number of stars: 		2000
Problematic number of stars: 	0

***
Metric evaluation on the train dataset
***

Absolute RMSE:	 1.2228e-04 	 +/- 1.5927e-05
Relative RMSE:	 1.6441e+00 % 	 +/- 3.0039e-01 %
Absolute RMSE:	 1.6499e-01 	 +/- 2.3276e-02
Relative RMSE:	 2.1862e+02 % 	 +/- 1.7794e+01 %

Pixel star absolute RMSE:	 8.6126e-05 	 +/- 3.4063e-05 
Pixel star relative RMSE:	 5.6972e+00 % 	 +/- 2.5620e+00 %

sigma(e1) RMSE =		 2.5218e-02 	 +/- 2.1766e-02 
sigma(e2) RMSE =		 8.6779e-03 	 +/- 7.5909e-03 
sigma(R2)/<R2> =		 2.2286e-01 	 +/- 2.0418e-01 

Relative sigma(e1) RMSE =	 5.6446e+03 % 	 +/- 5.6413e+03 %
Relative sigma(e2) RMSE =	 1.4365e+03 % 	 +/- 1.4364e+03 %

Total number of stars: 		6000
Problematic number of stars: 	0

Total elapsed time: 6140.908002

 Good bye..
