Starting the log file.
Found GPU at: /device:GPU:0
tf_version: 2.7.0
Zernike cube:
(15, 128, 128)
Dataset parameters:
{'d_max': 2, 'max_order': 45, 'x_lims': [0, 1000.0], 'y_lims': [0, 1000.0], 'grid_points': [4, 4], 'n_bins': 8, 'max_wfe_rms': 0.1, 'oversampling_rate': 3.0, 'output_Q': 3.0, 'output_dim': 32, 'LP_filter_length': 2, 'pupil_diameter': 128, 'euclid_obsc': True, 'n_stars': 2000}
Starting cycle 1..
Starting parametric update..
Epoch 1/15

Epoch 00001: mean_squared_error improved from inf to 0.00001, saving model to /gpfswork/rech/ynx/ulx23va/repo/wf-SEDs/more_stars/wf-outputs/chkp/more_stars_bis/chkp_callback_poly_more_stars_2k_bis_1_cycle1
63/63 - 130s - loss: 7.4104e-06 - mean_squared_error: 7.0682e-06 - val_loss: 1.7847e-06 - val_mean_squared_error: 1.7847e-06 - 130s/epoch - 2s/step
Epoch 2/15

Epoch 00002: mean_squared_error improved from 0.00001 to 0.00000, saving model to /gpfswork/rech/ynx/ulx23va/repo/wf-SEDs/more_stars/wf-outputs/chkp/more_stars_bis/chkp_callback_poly_more_stars_2k_bis_1_cycle1
63/63 - 123s - loss: 2.2729e-06 - mean_squared_error: 2.4991e-06 - val_loss: 8.7828e-07 - val_mean_squared_error: 8.7828e-07 - 123s/epoch - 2s/step
Epoch 3/15

Epoch 00003: mean_squared_error improved from 0.00000 to 0.00000, saving model to /gpfswork/rech/ynx/ulx23va/repo/wf-SEDs/more_stars/wf-outputs/chkp/more_stars_bis/chkp_callback_poly_more_stars_2k_bis_1_cycle1
63/63 - 125s - loss: 1.8473e-06 - mean_squared_error: 2.1172e-06 - val_loss: 7.5208e-07 - val_mean_squared_error: 7.5208e-07 - 125s/epoch - 2s/step
Epoch 4/15

Epoch 00004: mean_squared_error improved from 0.00000 to 0.00000, saving model to /gpfswork/rech/ynx/ulx23va/repo/wf-SEDs/more_stars/wf-outputs/chkp/more_stars_bis/chkp_callback_poly_more_stars_2k_bis_1_cycle1
63/63 - 123s - loss: 1.7829e-06 - mean_squared_error: 2.0513e-06 - val_loss: 7.1265e-07 - val_mean_squared_error: 7.1265e-07 - 123s/epoch - 2s/step
Epoch 5/15

Epoch 00005: mean_squared_error improved from 0.00000 to 0.00000, saving model to /gpfswork/rech/ynx/ulx23va/repo/wf-SEDs/more_stars/wf-outputs/chkp/more_stars_bis/chkp_callback_poly_more_stars_2k_bis_1_cycle1
63/63 - 125s - loss: 1.7256e-06 - mean_squared_error: 2.0093e-06 - val_loss: 7.6870e-07 - val_mean_squared_error: 7.6870e-07 - 125s/epoch - 2s/step
Epoch 6/15

Epoch 00006: mean_squared_error improved from 0.00000 to 0.00000, saving model to /gpfswork/rech/ynx/ulx23va/repo/wf-SEDs/more_stars/wf-outputs/chkp/more_stars_bis/chkp_callback_poly_more_stars_2k_bis_1_cycle1
63/63 - 124s - loss: 1.7026e-06 - mean_squared_error: 1.9795e-06 - val_loss: 7.1723e-07 - val_mean_squared_error: 7.1723e-07 - 124s/epoch - 2s/step
Epoch 7/15

Epoch 00007: mean_squared_error did not improve from 0.00000
63/63 - 124s - loss: 1.7748e-06 - mean_squared_error: 2.0428e-06 - val_loss: 6.6948e-07 - val_mean_squared_error: 6.6948e-07 - 124s/epoch - 2s/step
Epoch 8/15

Epoch 00008: mean_squared_error did not improve from 0.00000
63/63 - 124s - loss: 1.7517e-06 - mean_squared_error: 2.0250e-06 - val_loss: 6.7693e-07 - val_mean_squared_error: 6.7693e-07 - 124s/epoch - 2s/step
Epoch 9/15

Epoch 00009: mean_squared_error improved from 0.00000 to 0.00000, saving model to /gpfswork/rech/ynx/ulx23va/repo/wf-SEDs/more_stars/wf-outputs/chkp/more_stars_bis/chkp_callback_poly_more_stars_2k_bis_1_cycle1
63/63 - 123s - loss: 1.6815e-06 - mean_squared_error: 1.9611e-06 - val_loss: 7.6107e-07 - val_mean_squared_error: 7.6107e-07 - 123s/epoch - 2s/step
Epoch 10/15

Epoch 00010: mean_squared_error did not improve from 0.00000
63/63 - 124s - loss: 1.7611e-06 - mean_squared_error: 2.0523e-06 - val_loss: 6.3427e-07 - val_mean_squared_error: 6.3427e-07 - 124s/epoch - 2s/step
Epoch 11/15

Epoch 00011: mean_squared_error did not improve from 0.00000
63/63 - 120s - loss: 1.7406e-06 - mean_squared_error: 2.0117e-06 - val_loss: 6.9587e-07 - val_mean_squared_error: 6.9587e-07 - 120s/epoch - 2s/step
Epoch 12/15

Epoch 00012: mean_squared_error did not improve from 0.00000
63/63 - 124s - loss: 1.6984e-06 - mean_squared_error: 1.9763e-06 - val_loss: 6.9530e-07 - val_mean_squared_error: 6.9530e-07 - 124s/epoch - 2s/step
Epoch 13/15

Epoch 00013: mean_squared_error did not improve from 0.00000
63/63 - 123s - loss: 1.7489e-06 - mean_squared_error: 2.0172e-06 - val_loss: 7.3453e-07 - val_mean_squared_error: 7.3453e-07 - 123s/epoch - 2s/step
Epoch 14/15

Epoch 00014: mean_squared_error did not improve from 0.00000
63/63 - 124s - loss: 1.7333e-06 - mean_squared_error: 2.0208e-06 - val_loss: 6.1887e-07 - val_mean_squared_error: 6.1887e-07 - 124s/epoch - 2s/step
Epoch 15/15

Epoch 00015: mean_squared_error did not improve from 0.00000
63/63 - 123s - loss: 1.7117e-06 - mean_squared_error: 1.9871e-06 - val_loss: 7.8527e-07 - val_mean_squared_error: 7.8527e-07 - 123s/epoch - 2s/step
Starting non-parametric update..
Epoch 1/100

Epoch 00001: mean_squared_error improved from 0.00000 to 0.00000, saving model to /gpfswork/rech/ynx/ulx23va/repo/wf-SEDs/more_stars/wf-outputs/chkp/more_stars_bis/chkp_callback_poly_more_stars_2k_bis_1_cycle1
63/63 - 127s - loss: 1.6364e-06 - mean_squared_error: 1.9408e-06 - val_loss: 5.0070e-07 - val_mean_squared_error: 5.0070e-07 - 127s/epoch - 2s/step
Epoch 2/100

Epoch 00002: mean_squared_error improved from 0.00000 to 0.00000, saving model to /gpfswork/rech/ynx/ulx23va/repo/wf-SEDs/more_stars/wf-outputs/chkp/more_stars_bis/chkp_callback_poly_more_stars_2k_bis_1_cycle1
63/63 - 124s - loss: 1.4024e-06 - mean_squared_error: 1.7457e-06 - val_loss: 3.5645e-07 - val_mean_squared_error: 3.5645e-07 - 124s/epoch - 2s/step
Epoch 3/100

Epoch 00003: mean_squared_error improved from 0.00000 to 0.00000, saving model to /gpfswork/rech/ynx/ulx23va/repo/wf-SEDs/more_stars/wf-outputs/chkp/more_stars_bis/chkp_callback_poly_more_stars_2k_bis_1_cycle1
63/63 - 123s - loss: 1.2645e-06 - mean_squared_error: 1.6338e-06 - val_loss: 2.6254e-07 - val_mean_squared_error: 2.6254e-07 - 123s/epoch - 2s/step
Epoch 4/100

Epoch 00004: mean_squared_error improved from 0.00000 to 0.00000, saving model to /gpfswork/rech/ynx/ulx23va/repo/wf-SEDs/more_stars/wf-outputs/chkp/more_stars_bis/chkp_callback_poly_more_stars_2k_bis_1_cycle1
63/63 - 124s - loss: 1.1796e-06 - mean_squared_error: 1.5579e-06 - val_loss: 2.0037e-07 - val_mean_squared_error: 2.0037e-07 - 124s/epoch - 2s/step
Epoch 5/100

Epoch 00005: mean_squared_error improved from 0.00000 to 0.00000, saving model to /gpfswork/rech/ynx/ulx23va/repo/wf-SEDs/more_stars/wf-outputs/chkp/more_stars_bis/chkp_callback_poly_more_stars_2k_bis_1_cycle1
63/63 - 123s - loss: 1.1214e-06 - mean_squared_error: 1.5053e-06 - val_loss: 1.5382e-07 - val_mean_squared_error: 1.5382e-07 - 123s/epoch - 2s/step
Epoch 6/100

Epoch 00006: mean_squared_error improved from 0.00000 to 0.00000, saving model to /gpfswork/rech/ynx/ulx23va/repo/wf-SEDs/more_stars/wf-outputs/chkp/more_stars_bis/chkp_callback_poly_more_stars_2k_bis_1_cycle1
63/63 - 124s - loss: 1.0832e-06 - mean_squared_error: 1.4703e-06 - val_loss: 1.2279e-07 - val_mean_squared_error: 1.2279e-07 - 124s/epoch - 2s/step
Epoch 7/100

Epoch 00007: mean_squared_error improved from 0.00000 to 0.00000, saving model to /gpfswork/rech/ynx/ulx23va/repo/wf-SEDs/more_stars/wf-outputs/chkp/more_stars_bis/chkp_callback_poly_more_stars_2k_bis_1_cycle1
63/63 - 123s - loss: 1.0568e-06 - mean_squared_error: 1.4456e-06 - val_loss: 1.0390e-07 - val_mean_squared_error: 1.0390e-07 - 123s/epoch - 2s/step
Epoch 8/100

Epoch 00008: mean_squared_error improved from 0.00000 to 0.00000, saving model to /gpfswork/rech/ynx/ulx23va/repo/wf-SEDs/more_stars/wf-outputs/chkp/more_stars_bis/chkp_callback_poly_more_stars_2k_bis_1_cycle1
63/63 - 124s - loss: 1.0362e-06 - mean_squared_error: 1.4271e-06 - val_loss: 8.7625e-08 - val_mean_squared_error: 8.7625e-08 - 124s/epoch - 2s/step
Epoch 9/100

Epoch 00009: mean_squared_error improved from 0.00000 to 0.00000, saving model to /gpfswork/rech/ynx/ulx23va/repo/wf-SEDs/more_stars/wf-outputs/chkp/more_stars_bis/chkp_callback_poly_more_stars_2k_bis_1_cycle1
63/63 - 124s - loss: 1.0233e-06 - mean_squared_error: 1.4147e-06 - val_loss: 8.1383e-08 - val_mean_squared_error: 8.1383e-08 - 124s/epoch - 2s/step
Epoch 10/100

Epoch 00010: mean_squared_error improved from 0.00000 to 0.00000, saving model to /gpfswork/rech/ynx/ulx23va/repo/wf-SEDs/more_stars/wf-outputs/chkp/more_stars_bis/chkp_callback_poly_more_stars_2k_bis_1_cycle1
63/63 - 124s - loss: 1.0094e-06 - mean_squared_error: 1.4029e-06 - val_loss: 6.5179e-08 - val_mean_squared_error: 6.5179e-08 - 124s/epoch - 2s/step
Epoch 11/100

Epoch 00011: mean_squared_error improved from 0.00000 to 0.00000, saving model to /gpfswork/rech/ynx/ulx23va/repo/wf-SEDs/more_stars/wf-outputs/chkp/more_stars_bis/chkp_callback_poly_more_stars_2k_bis_1_cycle1
63/63 - 123s - loss: 1.0034e-06 - mean_squared_error: 1.3968e-06 - val_loss: 6.2887e-08 - val_mean_squared_error: 6.2887e-08 - 123s/epoch - 2s/step
Epoch 12/100

Epoch 00012: mean_squared_error improved from 0.00000 to 0.00000, saving model to /gpfswork/rech/ynx/ulx23va/repo/wf-SEDs/more_stars/wf-outputs/chkp/more_stars_bis/chkp_callback_poly_more_stars_2k_bis_1_cycle1
63/63 - 125s - loss: 9.9249e-07 - mean_squared_error: 1.3873e-06 - val_loss: 5.2273e-08 - val_mean_squared_error: 5.2273e-08 - 125s/epoch - 2s/step
Epoch 13/100

Epoch 00013: mean_squared_error did not improve from 0.00000
63/63 - 123s - loss: 1.0099e-06 - mean_squared_error: 1.3960e-06 - val_loss: 5.4557e-08 - val_mean_squared_error: 5.4557e-08 - 123s/epoch - 2s/step
Epoch 14/100

Epoch 00014: mean_squared_error improved from 0.00000 to 0.00000, saving model to /gpfswork/rech/ynx/ulx23va/repo/wf-SEDs/more_stars/wf-outputs/chkp/more_stars_bis/chkp_callback_poly_more_stars_2k_bis_1_cycle1
63/63 - 124s - loss: 9.8512e-07 - mean_squared_error: 1.3800e-06 - val_loss: 4.5426e-08 - val_mean_squared_error: 4.5426e-08 - 124s/epoch - 2s/step
Epoch 15/100

Epoch 00015: mean_squared_error improved from 0.00000 to 0.00000, saving model to /gpfswork/rech/ynx/ulx23va/repo/wf-SEDs/more_stars/wf-outputs/chkp/more_stars_bis/chkp_callback_poly_more_stars_2k_bis_1_cycle1
63/63 - 124s - loss: 9.7968e-07 - mean_squared_error: 1.3751e-06 - val_loss: 4.1060e-08 - val_mean_squared_error: 4.1060e-08 - 124s/epoch - 2s/step
Epoch 16/100

Epoch 00016: mean_squared_error improved from 0.00000 to 0.00000, saving model to /gpfswork/rech/ynx/ulx23va/repo/wf-SEDs/more_stars/wf-outputs/chkp/more_stars_bis/chkp_callback_poly_more_stars_2k_bis_1_cycle1
63/63 - 124s - loss: 9.7554e-07 - mean_squared_error: 1.3717e-06 - val_loss: 3.7633e-08 - val_mean_squared_error: 3.7633e-08 - 124s/epoch - 2s/step
Epoch 17/100

Epoch 00017: mean_squared_error improved from 0.00000 to 0.00000, saving model to /gpfswork/rech/ynx/ulx23va/repo/wf-SEDs/more_stars/wf-outputs/chkp/more_stars_bis/chkp_callback_poly_more_stars_2k_bis_1_cycle1
63/63 - 125s - loss: 9.7186e-07 - mean_squared_error: 1.3683e-06 - val_loss: 3.4658e-08 - val_mean_squared_error: 3.4658e-08 - 125s/epoch - 2s/step
Epoch 18/100

Epoch 00018: mean_squared_error improved from 0.00000 to 0.00000, saving model to /gpfswork/rech/ynx/ulx23va/repo/wf-SEDs/more_stars/wf-outputs/chkp/more_stars_bis/chkp_callback_poly_more_stars_2k_bis_1_cycle1
63/63 - 124s - loss: 9.6978e-07 - mean_squared_error: 1.3664e-06 - val_loss: 3.3152e-08 - val_mean_squared_error: 3.3152e-08 - 124s/epoch - 2s/step
Epoch 19/100

Epoch 00019: mean_squared_error improved from 0.00000 to 0.00000, saving model to /gpfswork/rech/ynx/ulx23va/repo/wf-SEDs/more_stars/wf-outputs/chkp/more_stars_bis/chkp_callback_poly_more_stars_2k_bis_1_cycle1
63/63 - 124s - loss: 9.6768e-07 - mean_squared_error: 1.3644e-06 - val_loss: 3.1619e-08 - val_mean_squared_error: 3.1619e-08 - 124s/epoch - 2s/step
Epoch 20/100

Epoch 00020: mean_squared_error improved from 0.00000 to 0.00000, saving model to /gpfswork/rech/ynx/ulx23va/repo/wf-SEDs/more_stars/wf-outputs/chkp/more_stars_bis/chkp_callback_poly_more_stars_2k_bis_1_cycle1
63/63 - 124s - loss: 9.6506e-07 - mean_squared_error: 1.3621e-06 - val_loss: 2.8266e-08 - val_mean_squared_error: 2.8266e-08 - 124s/epoch - 2s/step
Epoch 21/100

Epoch 00021: mean_squared_error improved from 0.00000 to 0.00000, saving model to /gpfswork/rech/ynx/ulx23va/repo/wf-SEDs/more_stars/wf-outputs/chkp/more_stars_bis/chkp_callback_poly_more_stars_2k_bis_1_cycle1
63/63 - 124s - loss: 9.6320e-07 - mean_squared_error: 1.3603e-06 - val_loss: 2.7214e-08 - val_mean_squared_error: 2.7214e-08 - 124s/epoch - 2s/step
Epoch 22/100

Epoch 00022: mean_squared_error improved from 0.00000 to 0.00000, saving model to /gpfswork/rech/ynx/ulx23va/repo/wf-SEDs/more_stars/wf-outputs/chkp/more_stars_bis/chkp_callback_poly_more_stars_2k_bis_1_cycle1
63/63 - 124s - loss: 9.6340e-07 - mean_squared_error: 1.3602e-06 - val_loss: 2.6369e-08 - val_mean_squared_error: 2.6369e-08 - 124s/epoch - 2s/step
Epoch 23/100

Epoch 00023: mean_squared_error did not improve from 0.00000
63/63 - 124s - loss: 9.7140e-07 - mean_squared_error: 1.3659e-06 - val_loss: 3.0015e-08 - val_mean_squared_error: 3.0015e-08 - 124s/epoch - 2s/step
Epoch 24/100

Epoch 00024: mean_squared_error improved from 0.00000 to 0.00000, saving model to /gpfswork/rech/ynx/ulx23va/repo/wf-SEDs/more_stars/wf-outputs/chkp/more_stars_bis/chkp_callback_poly_more_stars_2k_bis_1_cycle1
63/63 - 125s - loss: 9.6140e-07 - mean_squared_error: 1.3584e-06 - val_loss: 2.6507e-08 - val_mean_squared_error: 2.6507e-08 - 125s/epoch - 2s/step
Epoch 25/100

Epoch 00025: mean_squared_error did not improve from 0.00000
63/63 - 124s - loss: 9.6217e-07 - mean_squared_error: 1.3592e-06 - val_loss: 2.7082e-08 - val_mean_squared_error: 2.7082e-08 - 124s/epoch - 2s/step
Epoch 26/100

Epoch 00026: mean_squared_error improved from 0.00000 to 0.00000, saving model to /gpfswork/rech/ynx/ulx23va/repo/wf-SEDs/more_stars/wf-outputs/chkp/more_stars_bis/chkp_callback_poly_more_stars_2k_bis_1_cycle1
63/63 - 125s - loss: 9.5857e-07 - mean_squared_error: 1.3561e-06 - val_loss: 2.3965e-08 - val_mean_squared_error: 2.3965e-08 - 125s/epoch - 2s/step
Epoch 27/100

Epoch 00027: mean_squared_error improved from 0.00000 to 0.00000, saving model to /gpfswork/rech/ynx/ulx23va/repo/wf-SEDs/more_stars/wf-outputs/chkp/more_stars_bis/chkp_callback_poly_more_stars_2k_bis_1_cycle1
63/63 - 124s - loss: 9.5631e-07 - mean_squared_error: 1.3539e-06 - val_loss: 1.9974e-08 - val_mean_squared_error: 1.9974e-08 - 124s/epoch - 2s/step
Epoch 28/100

Epoch 00028: mean_squared_error improved from 0.00000 to 0.00000, saving model to /gpfswork/rech/ynx/ulx23va/repo/wf-SEDs/more_stars/wf-outputs/chkp/more_stars_bis/chkp_callback_poly_more_stars_2k_bis_1_cycle1
63/63 - 125s - loss: 9.5431e-07 - mean_squared_error: 1.3523e-06 - val_loss: 2.1158e-08 - val_mean_squared_error: 2.1158e-08 - 125s/epoch - 2s/step
Epoch 29/100

Epoch 00029: mean_squared_error did not improve from 0.00000
63/63 - 124s - loss: 9.5527e-07 - mean_squared_error: 1.3532e-06 - val_loss: 2.1403e-08 - val_mean_squared_error: 2.1403e-08 - 124s/epoch - 2s/step
Epoch 30/100

Epoch 00030: mean_squared_error did not improve from 0.00000
63/63 - 125s - loss: 9.5695e-07 - mean_squared_error: 1.3545e-06 - val_loss: 2.0421e-08 - val_mean_squared_error: 2.0421e-08 - 125s/epoch - 2s/step
Epoch 31/100

Epoch 00031: mean_squared_error did not improve from 0.00000
63/63 - 124s - loss: 9.5797e-07 - mean_squared_error: 1.3555e-06 - val_loss: 2.2404e-08 - val_mean_squared_error: 2.2404e-08 - 124s/epoch - 2s/step
Epoch 32/100

Epoch 00032: mean_squared_error improved from 0.00000 to 0.00000, saving model to /gpfswork/rech/ynx/ulx23va/repo/wf-SEDs/more_stars/wf-outputs/chkp/more_stars_bis/chkp_callback_poly_more_stars_2k_bis_1_cycle1
63/63 - 124s - loss: 9.5320e-07 - mean_squared_error: 1.3514e-06 - val_loss: 2.2328e-08 - val_mean_squared_error: 2.2328e-08 - 124s/epoch - 2s/step
Epoch 33/100

Epoch 00033: mean_squared_error did not improve from 0.00000
63/63 - 124s - loss: 9.7487e-07 - mean_squared_error: 1.3662e-06 - val_loss: 2.6104e-08 - val_mean_squared_error: 2.6104e-08 - 124s/epoch - 2s/step
Epoch 34/100

Epoch 00034: mean_squared_error did not improve from 0.00000
63/63 - 125s - loss: 9.5498e-07 - mean_squared_error: 1.3526e-06 - val_loss: 1.6395e-08 - val_mean_squared_error: 1.6395e-08 - 125s/epoch - 2s/step
Epoch 35/100

Epoch 00035: mean_squared_error improved from 0.00000 to 0.00000, saving model to /gpfswork/rech/ynx/ulx23va/repo/wf-SEDs/more_stars/wf-outputs/chkp/more_stars_bis/chkp_callback_poly_more_stars_2k_bis_1_cycle1
63/63 - 124s - loss: 9.4923e-07 - mean_squared_error: 1.3477e-06 - val_loss: 1.6131e-08 - val_mean_squared_error: 1.6131e-08 - 124s/epoch - 2s/step
Epoch 36/100

Epoch 00036: mean_squared_error did not improve from 0.00000
63/63 - 125s - loss: 9.5241e-07 - mean_squared_error: 1.3505e-06 - val_loss: 1.8506e-08 - val_mean_squared_error: 1.8506e-08 - 125s/epoch - 2s/step
Epoch 37/100

Epoch 00037: mean_squared_error did not improve from 0.00000
63/63 - 125s - loss: 9.5369e-07 - mean_squared_error: 1.3521e-06 - val_loss: 1.6836e-08 - val_mean_squared_error: 1.6836e-08 - 125s/epoch - 2s/step
Epoch 38/100

Epoch 00038: mean_squared_error improved from 0.00000 to 0.00000, saving model to /gpfswork/rech/ynx/ulx23va/repo/wf-SEDs/more_stars/wf-outputs/chkp/more_stars_bis/chkp_callback_poly_more_stars_2k_bis_1_cycle1
63/63 - 125s - loss: 9.4892e-07 - mean_squared_error: 1.3475e-06 - val_loss: 1.5615e-08 - val_mean_squared_error: 1.5615e-08 - 125s/epoch - 2s/step
Epoch 39/100

Epoch 00039: mean_squared_error did not improve from 0.00000
63/63 - 125s - loss: 9.9405e-07 - mean_squared_error: 1.3801e-06 - val_loss: 4.0473e-08 - val_mean_squared_error: 4.0473e-08 - 125s/epoch - 2s/step
Epoch 40/100

Epoch 00040: mean_squared_error did not improve from 0.00000
63/63 - 125s - loss: 9.5741e-07 - mean_squared_error: 1.3537e-06 - val_loss: 1.6105e-08 - val_mean_squared_error: 1.6105e-08 - 125s/epoch - 2s/step
Epoch 41/100

Epoch 00041: mean_squared_error improved from 0.00000 to 0.00000, saving model to /gpfswork/rech/ynx/ulx23va/repo/wf-SEDs/more_stars/wf-outputs/chkp/more_stars_bis/chkp_callback_poly_more_stars_2k_bis_1_cycle1
63/63 - 125s - loss: 9.4873e-07 - mean_squared_error: 1.3467e-06 - val_loss: 1.4327e-08 - val_mean_squared_error: 1.4327e-08 - 125s/epoch - 2s/step
Epoch 42/100

Epoch 00042: mean_squared_error improved from 0.00000 to 0.00000, saving model to /gpfswork/rech/ynx/ulx23va/repo/wf-SEDs/more_stars/wf-outputs/chkp/more_stars_bis/chkp_callback_poly_more_stars_2k_bis_1_cycle1
63/63 - 124s - loss: 9.4862e-07 - mean_squared_error: 1.3466e-06 - val_loss: 1.5332e-08 - val_mean_squared_error: 1.5332e-08 - 124s/epoch - 2s/step
Epoch 43/100

Epoch 00043: mean_squared_error did not improve from 0.00000
63/63 - 125s - loss: 9.7634e-07 - mean_squared_error: 1.3657e-06 - val_loss: 5.1071e-08 - val_mean_squared_error: 5.1071e-08 - 125s/epoch - 2s/step
Epoch 44/100

Epoch 00044: mean_squared_error did not improve from 0.00000
63/63 - 124s - loss: 9.6363e-07 - mean_squared_error: 1.3584e-06 - val_loss: 1.6040e-08 - val_mean_squared_error: 1.6040e-08 - 124s/epoch - 2s/step
Epoch 45/100

Epoch 00045: mean_squared_error improved from 0.00000 to 0.00000, saving model to /gpfswork/rech/ynx/ulx23va/repo/wf-SEDs/more_stars/wf-outputs/chkp/more_stars_bis/chkp_callback_poly_more_stars_2k_bis_1_cycle1
63/63 - 126s - loss: 9.4768e-07 - mean_squared_error: 1.3460e-06 - val_loss: 1.5556e-08 - val_mean_squared_error: 1.5556e-08 - 126s/epoch - 2s/step
Epoch 46/100

Epoch 00046: mean_squared_error improved from 0.00000 to 0.00000, saving model to /gpfswork/rech/ynx/ulx23va/repo/wf-SEDs/more_stars/wf-outputs/chkp/more_stars_bis/chkp_callback_poly_more_stars_2k_bis_1_cycle1
63/63 - 125s - loss: 9.4680e-07 - mean_squared_error: 1.3454e-06 - val_loss: 1.2449e-08 - val_mean_squared_error: 1.2449e-08 - 125s/epoch - 2s/step
Epoch 47/100

Epoch 00047: mean_squared_error improved from 0.00000 to 0.00000, saving model to /gpfswork/rech/ynx/ulx23va/repo/wf-SEDs/more_stars/wf-outputs/chkp/more_stars_bis/chkp_callback_poly_more_stars_2k_bis_1_cycle1
63/63 - 125s - loss: 9.4606e-07 - mean_squared_error: 1.3445e-06 - val_loss: 1.4113e-08 - val_mean_squared_error: 1.4113e-08 - 125s/epoch - 2s/step
Epoch 48/100

Epoch 00048: mean_squared_error did not improve from 0.00000
63/63 - 124s - loss: 9.4758e-07 - mean_squared_error: 1.3458e-06 - val_loss: 1.5343e-08 - val_mean_squared_error: 1.5343e-08 - 124s/epoch - 2s/step
Epoch 49/100

Epoch 00049: mean_squared_error did not improve from 0.00000
63/63 - 124s - loss: 9.4616e-07 - mean_squared_error: 1.3445e-06 - val_loss: 1.7955e-08 - val_mean_squared_error: 1.7955e-08 - 124s/epoch - 2s/step
Epoch 50/100

Epoch 00050: mean_squared_error did not improve from 0.00000
63/63 - 124s - loss: 9.4701e-07 - mean_squared_error: 1.3457e-06 - val_loss: 1.1664e-08 - val_mean_squared_error: 1.1664e-08 - 124s/epoch - 2s/step
Epoch 51/100

Epoch 00051: mean_squared_error improved from 0.00000 to 0.00000, saving model to /gpfswork/rech/ynx/ulx23va/repo/wf-SEDs/more_stars/wf-outputs/chkp/more_stars_bis/chkp_callback_poly_more_stars_2k_bis_1_cycle1
63/63 - 124s - loss: 9.4468e-07 - mean_squared_error: 1.3433e-06 - val_loss: 1.3620e-08 - val_mean_squared_error: 1.3620e-08 - 124s/epoch - 2s/step
Epoch 52/100

Epoch 00052: mean_squared_error improved from 0.00000 to 0.00000, saving model to /gpfswork/rech/ynx/ulx23va/repo/wf-SEDs/more_stars/wf-outputs/chkp/more_stars_bis/chkp_callback_poly_more_stars_2k_bis_1_cycle1
63/63 - 124s - loss: 9.4430e-07 - mean_squared_error: 1.3431e-06 - val_loss: 1.1536e-08 - val_mean_squared_error: 1.1536e-08 - 124s/epoch - 2s/step
Epoch 53/100

Epoch 00053: mean_squared_error improved from 0.00000 to 0.00000, saving model to /gpfswork/rech/ynx/ulx23va/repo/wf-SEDs/more_stars/wf-outputs/chkp/more_stars_bis/chkp_callback_poly_more_stars_2k_bis_1_cycle1
63/63 - 124s - loss: 9.4410e-07 - mean_squared_error: 1.3428e-06 - val_loss: 1.1568e-08 - val_mean_squared_error: 1.1568e-08 - 124s/epoch - 2s/step
Epoch 54/100

Epoch 00054: mean_squared_error improved from 0.00000 to 0.00000, saving model to /gpfswork/rech/ynx/ulx23va/repo/wf-SEDs/more_stars/wf-outputs/chkp/more_stars_bis/chkp_callback_poly_more_stars_2k_bis_1_cycle1
63/63 - 123s - loss: 9.4354e-07 - mean_squared_error: 1.3421e-06 - val_loss: 1.2056e-08 - val_mean_squared_error: 1.2056e-08 - 123s/epoch - 2s/step
Epoch 55/100

Epoch 00055: mean_squared_error did not improve from 0.00000
63/63 - 124s - loss: 9.4436e-07 - mean_squared_error: 1.3432e-06 - val_loss: 1.4651e-08 - val_mean_squared_error: 1.4651e-08 - 124s/epoch - 2s/step
Epoch 56/100

Epoch 00056: mean_squared_error did not improve from 0.00000
63/63 - 123s - loss: 9.4903e-07 - mean_squared_error: 1.3479e-06 - val_loss: 1.6980e-08 - val_mean_squared_error: 1.6980e-08 - 123s/epoch - 2s/step
Epoch 57/100

Epoch 00057: mean_squared_error did not improve from 0.00000
63/63 - 124s - loss: 9.4845e-07 - mean_squared_error: 1.3469e-06 - val_loss: 1.1716e-08 - val_mean_squared_error: 1.1716e-08 - 124s/epoch - 2s/step
Epoch 58/100

Epoch 00058: mean_squared_error did not improve from 0.00000
63/63 - 124s - loss: 9.5314e-07 - mean_squared_error: 1.3504e-06 - val_loss: 4.3665e-08 - val_mean_squared_error: 4.3665e-08 - 124s/epoch - 2s/step
Epoch 59/100

Epoch 00059: mean_squared_error did not improve from 0.00000
63/63 - 125s - loss: 9.6577e-07 - mean_squared_error: 1.3603e-06 - val_loss: 1.3846e-08 - val_mean_squared_error: 1.3846e-08 - 125s/epoch - 2s/step
Epoch 60/100

Epoch 00060: mean_squared_error did not improve from 0.00000
63/63 - 123s - loss: 9.4357e-07 - mean_squared_error: 1.3423e-06 - val_loss: 1.1036e-08 - val_mean_squared_error: 1.1036e-08 - 123s/epoch - 2s/step
Epoch 61/100

Epoch 00061: mean_squared_error improved from 0.00000 to 0.00000, saving model to /gpfswork/rech/ynx/ulx23va/repo/wf-SEDs/more_stars/wf-outputs/chkp/more_stars_bis/chkp_callback_poly_more_stars_2k_bis_1_cycle1
63/63 - 124s - loss: 9.4306e-07 - mean_squared_error: 1.3418e-06 - val_loss: 1.3586e-08 - val_mean_squared_error: 1.3586e-08 - 124s/epoch - 2s/step
Epoch 62/100

Epoch 00062: mean_squared_error did not improve from 0.00000
63/63 - 123s - loss: 9.4399e-07 - mean_squared_error: 1.3429e-06 - val_loss: 1.0661e-08 - val_mean_squared_error: 1.0661e-08 - 123s/epoch - 2s/step
Epoch 63/100

Epoch 00063: mean_squared_error improved from 0.00000 to 0.00000, saving model to /gpfswork/rech/ynx/ulx23va/repo/wf-SEDs/more_stars/wf-outputs/chkp/more_stars_bis/chkp_callback_poly_more_stars_2k_bis_1_cycle1
63/63 - 122s - loss: 9.4185e-07 - mean_squared_error: 1.3408e-06 - val_loss: 1.1226e-08 - val_mean_squared_error: 1.1226e-08 - 122s/epoch - 2s/step
Epoch 64/100

Epoch 00064: mean_squared_error improved from 0.00000 to 0.00000, saving model to /gpfswork/rech/ynx/ulx23va/repo/wf-SEDs/more_stars/wf-outputs/chkp/more_stars_bis/chkp_callback_poly_more_stars_2k_bis_1_cycle1
63/63 - 122s - loss: 9.4154e-07 - mean_squared_error: 1.3407e-06 - val_loss: 1.0502e-08 - val_mean_squared_error: 1.0502e-08 - 122s/epoch - 2s/step
Epoch 65/100

Epoch 00065: mean_squared_error did not improve from 0.00000
63/63 - 121s - loss: 9.4227e-07 - mean_squared_error: 1.3412e-06 - val_loss: 1.1429e-08 - val_mean_squared_error: 1.1429e-08 - 121s/epoch - 2s/step
Epoch 66/100

Epoch 00066: mean_squared_error did not improve from 0.00000
63/63 - 123s - loss: 9.4239e-07 - mean_squared_error: 1.3414e-06 - val_loss: 9.8967e-09 - val_mean_squared_error: 9.8967e-09 - 123s/epoch - 2s/step
Epoch 67/100

Epoch 00067: mean_squared_error improved from 0.00000 to 0.00000, saving model to /gpfswork/rech/ynx/ulx23va/repo/wf-SEDs/more_stars/wf-outputs/chkp/more_stars_bis/chkp_callback_poly_more_stars_2k_bis_1_cycle1
63/63 - 123s - loss: 9.4075e-07 - mean_squared_error: 1.3399e-06 - val_loss: 8.8267e-09 - val_mean_squared_error: 8.8267e-09 - 123s/epoch - 2s/step
Epoch 68/100

Epoch 00068: mean_squared_error did not improve from 0.00000
63/63 - 123s - loss: 9.4136e-07 - mean_squared_error: 1.3404e-06 - val_loss: 1.2491e-08 - val_mean_squared_error: 1.2491e-08 - 123s/epoch - 2s/step
Epoch 69/100

Epoch 00069: mean_squared_error did not improve from 0.00000
63/63 - 123s - loss: 9.4159e-07 - mean_squared_error: 1.3404e-06 - val_loss: 9.7184e-09 - val_mean_squared_error: 9.7184e-09 - 123s/epoch - 2s/step
Epoch 70/100

Epoch 00070: mean_squared_error did not improve from 0.00000
63/63 - 124s - loss: 9.4091e-07 - mean_squared_error: 1.3400e-06 - val_loss: 1.0508e-08 - val_mean_squared_error: 1.0508e-08 - 124s/epoch - 2s/step
Epoch 71/100

Epoch 00071: mean_squared_error did not improve from 0.00000
63/63 - 122s - loss: 9.4313e-07 - mean_squared_error: 1.3420e-06 - val_loss: 9.5875e-09 - val_mean_squared_error: 9.5875e-09 - 122s/epoch - 2s/step
Epoch 72/100

Epoch 00072: mean_squared_error did not improve from 0.00000
63/63 - 124s - loss: 9.4093e-07 - mean_squared_error: 1.3401e-06 - val_loss: 9.4235e-09 - val_mean_squared_error: 9.4235e-09 - 124s/epoch - 2s/step
Epoch 73/100

Epoch 00073: mean_squared_error did not improve from 0.00000
63/63 - 123s - loss: 9.4109e-07 - mean_squared_error: 1.3400e-06 - val_loss: 1.0096e-08 - val_mean_squared_error: 1.0096e-08 - 123s/epoch - 2s/step
Epoch 74/100

Epoch 00074: mean_squared_error did not improve from 0.00000
63/63 - 124s - loss: 9.4220e-07 - mean_squared_error: 1.3409e-06 - val_loss: 1.0445e-08 - val_mean_squared_error: 1.0445e-08 - 124s/epoch - 2s/step
Epoch 75/100

Epoch 00075: mean_squared_error improved from 0.00000 to 0.00000, saving model to /gpfswork/rech/ynx/ulx23va/repo/wf-SEDs/more_stars/wf-outputs/chkp/more_stars_bis/chkp_callback_poly_more_stars_2k_bis_1_cycle1
63/63 - 123s - loss: 9.4003e-07 - mean_squared_error: 1.3393e-06 - val_loss: 1.0387e-08 - val_mean_squared_error: 1.0387e-08 - 123s/epoch - 2s/step
Epoch 76/100

Epoch 00076: mean_squared_error did not improve from 0.00000
63/63 - 123s - loss: 9.4101e-07 - mean_squared_error: 1.3401e-06 - val_loss: 9.2561e-09 - val_mean_squared_error: 9.2561e-09 - 123s/epoch - 2s/step
Epoch 77/100

Epoch 00077: mean_squared_error did not improve from 0.00000
63/63 - 124s - loss: 9.4917e-07 - mean_squared_error: 1.3452e-06 - val_loss: 2.6142e-08 - val_mean_squared_error: 2.6142e-08 - 124s/epoch - 2s/step
Epoch 78/100

Epoch 00078: mean_squared_error did not improve from 0.00000
63/63 - 123s - loss: 9.5769e-07 - mean_squared_error: 1.3535e-06 - val_loss: 1.1831e-08 - val_mean_squared_error: 1.1831e-08 - 123s/epoch - 2s/step
Epoch 79/100

Epoch 00079: mean_squared_error did not improve from 0.00000
63/63 - 123s - loss: 9.4225e-07 - mean_squared_error: 1.3406e-06 - val_loss: 1.1018e-08 - val_mean_squared_error: 1.1018e-08 - 123s/epoch - 2s/step
Epoch 80/100

Epoch 00080: mean_squared_error did not improve from 0.00000
63/63 - 123s - loss: 9.4053e-07 - mean_squared_error: 1.3394e-06 - val_loss: 9.1379e-09 - val_mean_squared_error: 9.1379e-09 - 123s/epoch - 2s/step
Epoch 81/100

Epoch 00081: mean_squared_error did not improve from 0.00000
63/63 - 123s - loss: 9.4151e-07 - mean_squared_error: 1.3407e-06 - val_loss: 1.2408e-08 - val_mean_squared_error: 1.2408e-08 - 123s/epoch - 2s/step
Epoch 82/100

Epoch 00082: mean_squared_error did not improve from 0.00000
63/63 - 124s - loss: 9.4139e-07 - mean_squared_error: 1.3406e-06 - val_loss: 1.0195e-08 - val_mean_squared_error: 1.0195e-08 - 124s/epoch - 2s/step
Epoch 83/100

Epoch 00083: mean_squared_error did not improve from 0.00000
63/63 - 122s - loss: 9.4141e-07 - mean_squared_error: 1.3402e-06 - val_loss: 9.7677e-09 - val_mean_squared_error: 9.7677e-09 - 122s/epoch - 2s/step
Epoch 84/100

Epoch 00084: mean_squared_error did not improve from 0.00000
63/63 - 124s - loss: 9.4102e-07 - mean_squared_error: 1.3401e-06 - val_loss: 8.6809e-09 - val_mean_squared_error: 8.6809e-09 - 124s/epoch - 2s/step
Epoch 85/100

Epoch 00085: mean_squared_error improved from 0.00000 to 0.00000, saving model to /gpfswork/rech/ynx/ulx23va/repo/wf-SEDs/more_stars/wf-outputs/chkp/more_stars_bis/chkp_callback_poly_more_stars_2k_bis_1_cycle1
63/63 - 123s - loss: 9.3976e-07 - mean_squared_error: 1.3390e-06 - val_loss: 1.0606e-08 - val_mean_squared_error: 1.0606e-08 - 123s/epoch - 2s/step
Epoch 86/100

Epoch 00086: mean_squared_error did not improve from 0.00000
63/63 - 124s - loss: 9.4084e-07 - mean_squared_error: 1.3398e-06 - val_loss: 8.8362e-09 - val_mean_squared_error: 8.8362e-09 - 124s/epoch - 2s/step
Epoch 87/100

Epoch 00087: mean_squared_error did not improve from 0.00000
63/63 - 123s - loss: 9.4045e-07 - mean_squared_error: 1.3395e-06 - val_loss: 8.6657e-09 - val_mean_squared_error: 8.6657e-09 - 123s/epoch - 2s/step
Epoch 88/100

Epoch 00088: mean_squared_error improved from 0.00000 to 0.00000, saving model to /gpfswork/rech/ynx/ulx23va/repo/wf-SEDs/more_stars/wf-outputs/chkp/more_stars_bis/chkp_callback_poly_more_stars_2k_bis_1_cycle1
63/63 - 123s - loss: 9.3880e-07 - mean_squared_error: 1.3381e-06 - val_loss: 7.9319e-09 - val_mean_squared_error: 7.9319e-09 - 123s/epoch - 2s/step
Epoch 89/100

Epoch 00089: mean_squared_error did not improve from 0.00000
63/63 - 123s - loss: 9.3883e-07 - mean_squared_error: 1.3381e-06 - val_loss: 8.7966e-09 - val_mean_squared_error: 8.7966e-09 - 123s/epoch - 2s/step
Epoch 90/100

Epoch 00090: mean_squared_error did not improve from 0.00000
63/63 - 124s - loss: 9.4021e-07 - mean_squared_error: 1.3390e-06 - val_loss: 9.4561e-09 - val_mean_squared_error: 9.4561e-09 - 124s/epoch - 2s/step
Epoch 91/100

Epoch 00091: mean_squared_error did not improve from 0.00000
63/63 - 123s - loss: 9.3951e-07 - mean_squared_error: 1.3387e-06 - val_loss: 1.0889e-08 - val_mean_squared_error: 1.0889e-08 - 123s/epoch - 2s/step
Epoch 92/100

Epoch 00092: mean_squared_error did not improve from 0.00000
63/63 - 124s - loss: 9.3911e-07 - mean_squared_error: 1.3384e-06 - val_loss: 8.5452e-09 - val_mean_squared_error: 8.5452e-09 - 124s/epoch - 2s/step
Epoch 93/100

Epoch 00093: mean_squared_error improved from 0.00000 to 0.00000, saving model to /gpfswork/rech/ynx/ulx23va/repo/wf-SEDs/more_stars/wf-outputs/chkp/more_stars_bis/chkp_callback_poly_more_stars_2k_bis_1_cycle1
63/63 - 122s - loss: 9.3873e-07 - mean_squared_error: 1.3379e-06 - val_loss: 9.1115e-09 - val_mean_squared_error: 9.1115e-09 - 122s/epoch - 2s/step
Epoch 94/100

Epoch 00094: mean_squared_error did not improve from 0.00000
63/63 - 124s - loss: 9.4495e-07 - mean_squared_error: 1.3424e-06 - val_loss: 9.7290e-09 - val_mean_squared_error: 9.7290e-09 - 124s/epoch - 2s/step
Epoch 95/100

Epoch 00095: mean_squared_error did not improve from 0.00000
63/63 - 122s - loss: 9.3921e-07 - mean_squared_error: 1.3384e-06 - val_loss: 9.2027e-09 - val_mean_squared_error: 9.2027e-09 - 122s/epoch - 2s/step
Epoch 96/100

Epoch 00096: mean_squared_error did not improve from 0.00000
63/63 - 123s - loss: 9.3874e-07 - mean_squared_error: 1.3381e-06 - val_loss: 7.8784e-09 - val_mean_squared_error: 7.8784e-09 - 123s/epoch - 2s/step
Epoch 97/100

Epoch 00097: mean_squared_error did not improve from 0.00000
63/63 - 123s - loss: 9.3994e-07 - mean_squared_error: 1.3388e-06 - val_loss: 1.7132e-08 - val_mean_squared_error: 1.7132e-08 - 123s/epoch - 2s/step
Epoch 98/100

Epoch 00098: mean_squared_error did not improve from 0.00000
63/63 - 123s - loss: 9.5527e-07 - mean_squared_error: 1.3496e-06 - val_loss: 1.1729e-08 - val_mean_squared_error: 1.1729e-08 - 123s/epoch - 2s/step
Epoch 99/100

Epoch 00099: mean_squared_error did not improve from 0.00000
63/63 - 123s - loss: 9.4321e-07 - mean_squared_error: 1.3419e-06 - val_loss: 1.3607e-08 - val_mean_squared_error: 1.3607e-08 - 123s/epoch - 2s/step
Epoch 100/100

Epoch 00100: mean_squared_error did not improve from 0.00000
63/63 - 123s - loss: 9.4537e-07 - mean_squared_error: 1.3443e-06 - val_loss: 1.6070e-08 - val_mean_squared_error: 1.6070e-08 - 123s/epoch - 2s/step
Cycle1 elapsed time: 14243.375772
Starting cycle 2..
Starting parametric update..
Epoch 1/15

Epoch 00001: mean_squared_error improved from inf to 0.00000, saving model to /gpfswork/rech/ynx/ulx23va/repo/wf-SEDs/more_stars/wf-outputs/chkp/more_stars_bis/chkp_callback_poly_more_stars_2k_bis_1_cycle2
63/63 - 129s - loss: 9.4416e-07 - mean_squared_error: 1.3434e-06 - val_loss: 1.3733e-08 - val_mean_squared_error: 1.3733e-08 - 129s/epoch - 2s/step
Epoch 2/15

Epoch 00002: mean_squared_error did not improve from 0.00000
63/63 - 127s - loss: 9.4580e-07 - mean_squared_error: 1.3447e-06 - val_loss: 1.6614e-08 - val_mean_squared_error: 1.6614e-08 - 127s/epoch - 2s/step
Epoch 3/15

Epoch 00003: mean_squared_error did not improve from 0.00000
63/63 - 127s - loss: 9.4639e-07 - mean_squared_error: 1.3453e-06 - val_loss: 1.9719e-08 - val_mean_squared_error: 1.9719e-08 - 127s/epoch - 2s/step
Epoch 4/15

Epoch 00004: mean_squared_error did not improve from 0.00000
63/63 - 128s - loss: 9.6236e-07 - mean_squared_error: 1.3584e-06 - val_loss: 1.8913e-08 - val_mean_squared_error: 1.8913e-08 - 128s/epoch - 2s/step
Epoch 5/15

Epoch 00005: mean_squared_error did not improve from 0.00000
63/63 - 126s - loss: 9.4760e-07 - mean_squared_error: 1.3465e-06 - val_loss: 1.6168e-08 - val_mean_squared_error: 1.6168e-08 - 126s/epoch - 2s/step
Epoch 6/15

Epoch 00006: mean_squared_error did not improve from 0.00000
63/63 - 128s - loss: 9.4701e-07 - mean_squared_error: 1.3457e-06 - val_loss: 1.9608e-08 - val_mean_squared_error: 1.9608e-08 - 128s/epoch - 2s/step
Epoch 7/15

Epoch 00007: mean_squared_error did not improve from 0.00000
63/63 - 125s - loss: 9.4790e-07 - mean_squared_error: 1.3468e-06 - val_loss: 1.7683e-08 - val_mean_squared_error: 1.7683e-08 - 125s/epoch - 2s/step
Epoch 8/15

Epoch 00008: mean_squared_error did not improve from 0.00000
63/63 - 121s - loss: 9.4721e-07 - mean_squared_error: 1.3460e-06 - val_loss: 1.9869e-08 - val_mean_squared_error: 1.9869e-08 - 121s/epoch - 2s/step
Epoch 9/15

Epoch 00009: mean_squared_error did not improve from 0.00000
63/63 - 106s - loss: 9.5634e-07 - mean_squared_error: 1.3549e-06 - val_loss: 2.5295e-08 - val_mean_squared_error: 2.5295e-08 - 106s/epoch - 2s/step
Epoch 10/15

Epoch 00010: mean_squared_error did not improve from 0.00000
63/63 - 100s - loss: 9.7147e-07 - mean_squared_error: 1.3690e-06 - val_loss: 7.9389e-08 - val_mean_squared_error: 7.9389e-08 - 100s/epoch - 2s/step
Epoch 11/15

Epoch 00011: mean_squared_error did not improve from 0.00000
63/63 - 88s - loss: 9.7982e-07 - mean_squared_error: 1.3758e-06 - val_loss: 3.9705e-08 - val_mean_squared_error: 3.9705e-08 - 88s/epoch - 1s/step
Epoch 12/15

Epoch 00012: mean_squared_error did not improve from 0.00000
63/63 - 79s - loss: 9.7020e-07 - mean_squared_error: 1.3677e-06 - val_loss: 2.7563e-08 - val_mean_squared_error: 2.7563e-08 - 79s/epoch - 1s/step
Epoch 13/15

Epoch 00013: mean_squared_error did not improve from 0.00000
63/63 - 79s - loss: 9.5222e-07 - mean_squared_error: 1.3509e-06 - val_loss: 1.8538e-08 - val_mean_squared_error: 1.8538e-08 - 79s/epoch - 1s/step
Epoch 14/15

Epoch 00014: mean_squared_error did not improve from 0.00000
63/63 - 81s - loss: 9.5186e-07 - mean_squared_error: 1.3508e-06 - val_loss: 3.3523e-08 - val_mean_squared_error: 3.3523e-08 - 81s/epoch - 1s/step
Epoch 15/15

Epoch 00015: mean_squared_error did not improve from 0.00000
63/63 - 79s - loss: 9.6012e-07 - mean_squared_error: 1.3584e-06 - val_loss: 1.7096e-08 - val_mean_squared_error: 1.7096e-08 - 79s/epoch - 1s/step
Starting non-parametric update..
Epoch 1/50

Epoch 00001: mean_squared_error improved from 0.00000 to 0.00000, saving model to /gpfswork/rech/ynx/ulx23va/repo/wf-SEDs/more_stars/wf-outputs/chkp/more_stars_bis/chkp_callback_poly_more_stars_2k_bis_1_cycle2
63/63 - 84s - loss: 9.4146e-07 - mean_squared_error: 1.3405e-06 - val_loss: 8.4315e-09 - val_mean_squared_error: 8.4315e-09 - 84s/epoch - 1s/step
Epoch 2/50

Epoch 00002: mean_squared_error improved from 0.00000 to 0.00000, saving model to /gpfswork/rech/ynx/ulx23va/repo/wf-SEDs/more_stars/wf-outputs/chkp/more_stars_bis/chkp_callback_poly_more_stars_2k_bis_1_cycle2
63/63 - 83s - loss: 9.3722e-07 - mean_squared_error: 1.3367e-06 - val_loss: 7.2687e-09 - val_mean_squared_error: 7.2687e-09 - 83s/epoch - 1s/step
Epoch 3/50

Epoch 00003: mean_squared_error improved from 0.00000 to 0.00000, saving model to /gpfswork/rech/ynx/ulx23va/repo/wf-SEDs/more_stars/wf-outputs/chkp/more_stars_bis/chkp_callback_poly_more_stars_2k_bis_1_cycle2
63/63 - 83s - loss: 9.3658e-07 - mean_squared_error: 1.3361e-06 - val_loss: 6.7874e-09 - val_mean_squared_error: 6.7874e-09 - 83s/epoch - 1s/step
Epoch 4/50

Epoch 00004: mean_squared_error improved from 0.00000 to 0.00000, saving model to /gpfswork/rech/ynx/ulx23va/repo/wf-SEDs/more_stars/wf-outputs/chkp/more_stars_bis/chkp_callback_poly_more_stars_2k_bis_1_cycle2
63/63 - 84s - loss: 9.3625e-07 - mean_squared_error: 1.3358e-06 - val_loss: 6.6346e-09 - val_mean_squared_error: 6.6346e-09 - 84s/epoch - 1s/step
Epoch 5/50

Epoch 00005: mean_squared_error improved from 0.00000 to 0.00000, saving model to /gpfswork/rech/ynx/ulx23va/repo/wf-SEDs/more_stars/wf-outputs/chkp/more_stars_bis/chkp_callback_poly_more_stars_2k_bis_1_cycle2
63/63 - 84s - loss: 9.3610e-07 - mean_squared_error: 1.3357e-06 - val_loss: 6.7568e-09 - val_mean_squared_error: 6.7568e-09 - 84s/epoch - 1s/step
Epoch 6/50

Epoch 00006: mean_squared_error improved from 0.00000 to 0.00000, saving model to /gpfswork/rech/ynx/ulx23va/repo/wf-SEDs/more_stars/wf-outputs/chkp/more_stars_bis/chkp_callback_poly_more_stars_2k_bis_1_cycle2
63/63 - 84s - loss: 9.3611e-07 - mean_squared_error: 1.3356e-06 - val_loss: 6.5336e-09 - val_mean_squared_error: 6.5336e-09 - 84s/epoch - 1s/step
Epoch 7/50

Epoch 00007: mean_squared_error improved from 0.00000 to 0.00000, saving model to /gpfswork/rech/ynx/ulx23va/repo/wf-SEDs/more_stars/wf-outputs/chkp/more_stars_bis/chkp_callback_poly_more_stars_2k_bis_1_cycle2
63/63 - 88s - loss: 9.3607e-07 - mean_squared_error: 1.3356e-06 - val_loss: 6.4735e-09 - val_mean_squared_error: 6.4735e-09 - 88s/epoch - 1s/step
Epoch 8/50

Epoch 00008: mean_squared_error improved from 0.00000 to 0.00000, saving model to /gpfswork/rech/ynx/ulx23va/repo/wf-SEDs/more_stars/wf-outputs/chkp/more_stars_bis/chkp_callback_poly_more_stars_2k_bis_1_cycle2
63/63 - 85s - loss: 9.3601e-07 - mean_squared_error: 1.3356e-06 - val_loss: 6.4390e-09 - val_mean_squared_error: 6.4390e-09 - 85s/epoch - 1s/step
Epoch 9/50

Epoch 00009: mean_squared_error improved from 0.00000 to 0.00000, saving model to /gpfswork/rech/ynx/ulx23va/repo/wf-SEDs/more_stars/wf-outputs/chkp/more_stars_bis/chkp_callback_poly_more_stars_2k_bis_1_cycle2
63/63 - 83s - loss: 9.3593e-07 - mean_squared_error: 1.3355e-06 - val_loss: 6.5447e-09 - val_mean_squared_error: 6.5447e-09 - 83s/epoch - 1s/step
Epoch 10/50

Epoch 00010: mean_squared_error did not improve from 0.00000
63/63 - 91s - loss: 9.3597e-07 - mean_squared_error: 1.3356e-06 - val_loss: 6.8706e-09 - val_mean_squared_error: 6.8706e-09 - 91s/epoch - 1s/step
Epoch 11/50

Epoch 00011: mean_squared_error did not improve from 0.00000
63/63 - 98s - loss: 9.3606e-07 - mean_squared_error: 1.3357e-06 - val_loss: 6.5254e-09 - val_mean_squared_error: 6.5254e-09 - 98s/epoch - 2s/step
Epoch 12/50

Epoch 00012: mean_squared_error did not improve from 0.00000
63/63 - 82s - loss: 9.3593e-07 - mean_squared_error: 1.3355e-06 - val_loss: 6.6238e-09 - val_mean_squared_error: 6.6238e-09 - 82s/epoch - 1s/step
Epoch 13/50

Epoch 00013: mean_squared_error improved from 0.00000 to 0.00000, saving model to /gpfswork/rech/ynx/ulx23va/repo/wf-SEDs/more_stars/wf-outputs/chkp/more_stars_bis/chkp_callback_poly_more_stars_2k_bis_1_cycle2
63/63 - 95s - loss: 9.3585e-07 - mean_squared_error: 1.3355e-06 - val_loss: 6.5580e-09 - val_mean_squared_error: 6.5580e-09 - 95s/epoch - 2s/step
Epoch 14/50

Epoch 00014: mean_squared_error improved from 0.00000 to 0.00000, saving model to /gpfswork/rech/ynx/ulx23va/repo/wf-SEDs/more_stars/wf-outputs/chkp/more_stars_bis/chkp_callback_poly_more_stars_2k_bis_1_cycle2
63/63 - 94s - loss: 9.3583e-07 - mean_squared_error: 1.3354e-06 - val_loss: 6.6160e-09 - val_mean_squared_error: 6.6160e-09 - 94s/epoch - 1s/step
Epoch 15/50

Epoch 00015: mean_squared_error did not improve from 0.00000
63/63 - 84s - loss: 9.3591e-07 - mean_squared_error: 1.3355e-06 - val_loss: 6.5284e-09 - val_mean_squared_error: 6.5284e-09 - 84s/epoch - 1s/step
Epoch 16/50

Epoch 00016: mean_squared_error did not improve from 0.00000
63/63 - 84s - loss: 9.3588e-07 - mean_squared_error: 1.3355e-06 - val_loss: 6.7632e-09 - val_mean_squared_error: 6.7632e-09 - 84s/epoch - 1s/step
Epoch 17/50

Epoch 00017: mean_squared_error did not improve from 0.00000
63/63 - 83s - loss: 9.3591e-07 - mean_squared_error: 1.3355e-06 - val_loss: 6.5483e-09 - val_mean_squared_error: 6.5483e-09 - 83s/epoch - 1s/step
Epoch 18/50

Epoch 00018: mean_squared_error did not improve from 0.00000
63/63 - 84s - loss: 9.3591e-07 - mean_squared_error: 1.3355e-06 - val_loss: 6.8388e-09 - val_mean_squared_error: 6.8388e-09 - 84s/epoch - 1s/step
Epoch 19/50

Epoch 00019: mean_squared_error did not improve from 0.00000
63/63 - 85s - loss: 9.3583e-07 - mean_squared_error: 1.3354e-06 - val_loss: 6.4229e-09 - val_mean_squared_error: 6.4229e-09 - 85s/epoch - 1s/step
Epoch 20/50

Epoch 00020: mean_squared_error did not improve from 0.00000
63/63 - 87s - loss: 9.3593e-07 - mean_squared_error: 1.3355e-06 - val_loss: 6.6886e-09 - val_mean_squared_error: 6.6886e-09 - 87s/epoch - 1s/step
Epoch 21/50

Epoch 00021: mean_squared_error improved from 0.00000 to 0.00000, saving model to /gpfswork/rech/ynx/ulx23va/repo/wf-SEDs/more_stars/wf-outputs/chkp/more_stars_bis/chkp_callback_poly_more_stars_2k_bis_1_cycle2
63/63 - 84s - loss: 9.3572e-07 - mean_squared_error: 1.3353e-06 - val_loss: 6.4749e-09 - val_mean_squared_error: 6.4749e-09 - 84s/epoch - 1s/step
Epoch 22/50

Epoch 00022: mean_squared_error did not improve from 0.00000
63/63 - 84s - loss: 9.3575e-07 - mean_squared_error: 1.3354e-06 - val_loss: 6.4519e-09 - val_mean_squared_error: 6.4519e-09 - 84s/epoch - 1s/step
Epoch 23/50

Epoch 00023: mean_squared_error did not improve from 0.00000
63/63 - 84s - loss: 9.3602e-07 - mean_squared_error: 1.3356e-06 - val_loss: 6.8473e-09 - val_mean_squared_error: 6.8473e-09 - 84s/epoch - 1s/step
Epoch 24/50

Epoch 00024: mean_squared_error did not improve from 0.00000
63/63 - 79s - loss: 9.3601e-07 - mean_squared_error: 1.3356e-06 - val_loss: 6.5402e-09 - val_mean_squared_error: 6.5402e-09 - 79s/epoch - 1s/step
Epoch 25/50

Epoch 00025: mean_squared_error did not improve from 0.00000
63/63 - 78s - loss: 9.3587e-07 - mean_squared_error: 1.3355e-06 - val_loss: 6.8468e-09 - val_mean_squared_error: 6.8468e-09 - 78s/epoch - 1s/step
Epoch 26/50

Epoch 00026: mean_squared_error did not improve from 0.00000
63/63 - 78s - loss: 9.3577e-07 - mean_squared_error: 1.3354e-06 - val_loss: 6.3879e-09 - val_mean_squared_error: 6.3879e-09 - 78s/epoch - 1s/step
Epoch 27/50

Epoch 00027: mean_squared_error did not improve from 0.00000
63/63 - 78s - loss: 9.3569e-07 - mean_squared_error: 1.3353e-06 - val_loss: 6.5453e-09 - val_mean_squared_error: 6.5453e-09 - 78s/epoch - 1s/step
Epoch 28/50

Epoch 00028: mean_squared_error did not improve from 0.00000
63/63 - 78s - loss: 9.3579e-07 - mean_squared_error: 1.3354e-06 - val_loss: 6.7286e-09 - val_mean_squared_error: 6.7286e-09 - 78s/epoch - 1s/step
Epoch 29/50

Epoch 00029: mean_squared_error did not improve from 0.00000
63/63 - 78s - loss: 9.3581e-07 - mean_squared_error: 1.3354e-06 - val_loss: 6.6068e-09 - val_mean_squared_error: 6.6068e-09 - 78s/epoch - 1s/step
Epoch 30/50

Epoch 00030: mean_squared_error did not improve from 0.00000
63/63 - 78s - loss: 9.3574e-07 - mean_squared_error: 1.3354e-06 - val_loss: 6.7651e-09 - val_mean_squared_error: 6.7651e-09 - 78s/epoch - 1s/step
Epoch 31/50

Epoch 00031: mean_squared_error improved from 0.00000 to 0.00000, saving model to /gpfswork/rech/ynx/ulx23va/repo/wf-SEDs/more_stars/wf-outputs/chkp/more_stars_bis/chkp_callback_poly_more_stars_2k_bis_1_cycle2
63/63 - 79s - loss: 9.3569e-07 - mean_squared_error: 1.3353e-06 - val_loss: 6.6192e-09 - val_mean_squared_error: 6.6192e-09 - 79s/epoch - 1s/step
Epoch 32/50

Epoch 00032: mean_squared_error did not improve from 0.00000
63/63 - 78s - loss: 9.3582e-07 - mean_squared_error: 1.3354e-06 - val_loss: 6.7148e-09 - val_mean_squared_error: 6.7148e-09 - 78s/epoch - 1s/step
Epoch 33/50

Epoch 00033: mean_squared_error did not improve from 0.00000
63/63 - 78s - loss: 9.3577e-07 - mean_squared_error: 1.3354e-06 - val_loss: 6.7961e-09 - val_mean_squared_error: 6.7961e-09 - 78s/epoch - 1s/step
Epoch 34/50

Epoch 00034: mean_squared_error did not improve from 0.00000
63/63 - 78s - loss: 9.3567e-07 - mean_squared_error: 1.3353e-06 - val_loss: 6.4968e-09 - val_mean_squared_error: 6.4968e-09 - 78s/epoch - 1s/step
Epoch 35/50

Epoch 00035: mean_squared_error did not improve from 0.00000
63/63 - 78s - loss: 9.3568e-07 - mean_squared_error: 1.3353e-06 - val_loss: 6.6563e-09 - val_mean_squared_error: 6.6563e-09 - 78s/epoch - 1s/step
Epoch 36/50

Epoch 00036: mean_squared_error did not improve from 0.00000
63/63 - 78s - loss: 9.3621e-07 - mean_squared_error: 1.3356e-06 - val_loss: 7.9113e-09 - val_mean_squared_error: 7.9113e-09 - 78s/epoch - 1s/step
Epoch 37/50

Epoch 00037: mean_squared_error did not improve from 0.00000
63/63 - 78s - loss: 9.3647e-07 - mean_squared_error: 1.3358e-06 - val_loss: 6.3637e-09 - val_mean_squared_error: 6.3637e-09 - 78s/epoch - 1s/step
Epoch 38/50

Epoch 00038: mean_squared_error improved from 0.00000 to 0.00000, saving model to /gpfswork/rech/ynx/ulx23va/repo/wf-SEDs/more_stars/wf-outputs/chkp/more_stars_bis/chkp_callback_poly_more_stars_2k_bis_1_cycle2
63/63 - 78s - loss: 9.3557e-07 - mean_squared_error: 1.3352e-06 - val_loss: 6.5825e-09 - val_mean_squared_error: 6.5825e-09 - 78s/epoch - 1s/step
Epoch 39/50

Epoch 00039: mean_squared_error improved from 0.00000 to 0.00000, saving model to /gpfswork/rech/ynx/ulx23va/repo/wf-SEDs/more_stars/wf-outputs/chkp/more_stars_bis/chkp_callback_poly_more_stars_2k_bis_1_cycle2
63/63 - 78s - loss: 9.3554e-07 - mean_squared_error: 1.3352e-06 - val_loss: 6.6105e-09 - val_mean_squared_error: 6.6105e-09 - 78s/epoch - 1s/step
Epoch 40/50

Epoch 00040: mean_squared_error did not improve from 0.00000
63/63 - 78s - loss: 9.3563e-07 - mean_squared_error: 1.3352e-06 - val_loss: 6.6615e-09 - val_mean_squared_error: 6.6615e-09 - 78s/epoch - 1s/step
Epoch 41/50

Epoch 00041: mean_squared_error did not improve from 0.00000
63/63 - 78s - loss: 9.3554e-07 - mean_squared_error: 1.3352e-06 - val_loss: 6.3447e-09 - val_mean_squared_error: 6.3447e-09 - 78s/epoch - 1s/step
Epoch 42/50

Epoch 00042: mean_squared_error did not improve from 0.00000
63/63 - 78s - loss: 9.3565e-07 - mean_squared_error: 1.3353e-06 - val_loss: 7.1585e-09 - val_mean_squared_error: 7.1585e-09 - 78s/epoch - 1s/step
Epoch 43/50

Epoch 00043: mean_squared_error improved from 0.00000 to 0.00000, saving model to /gpfswork/rech/ynx/ulx23va/repo/wf-SEDs/more_stars/wf-outputs/chkp/more_stars_bis/chkp_callback_poly_more_stars_2k_bis_1_cycle2
63/63 - 78s - loss: 9.3543e-07 - mean_squared_error: 1.3351e-06 - val_loss: 6.3666e-09 - val_mean_squared_error: 6.3666e-09 - 78s/epoch - 1s/step
Epoch 44/50

Epoch 00044: mean_squared_error did not improve from 0.00000
63/63 - 78s - loss: 9.3549e-07 - mean_squared_error: 1.3352e-06 - val_loss: 6.6773e-09 - val_mean_squared_error: 6.6773e-09 - 78s/epoch - 1s/step
Epoch 45/50

Epoch 00045: mean_squared_error did not improve from 0.00000
63/63 - 78s - loss: 9.3547e-07 - mean_squared_error: 1.3352e-06 - val_loss: 6.5787e-09 - val_mean_squared_error: 6.5787e-09 - 78s/epoch - 1s/step
Epoch 46/50

Epoch 00046: mean_squared_error did not improve from 0.00000
63/63 - 78s - loss: 9.3552e-07 - mean_squared_error: 1.3352e-06 - val_loss: 6.8903e-09 - val_mean_squared_error: 6.8903e-09 - 78s/epoch - 1s/step
Epoch 47/50

Epoch 00047: mean_squared_error did not improve from 0.00000
63/63 - 78s - loss: 9.3565e-07 - mean_squared_error: 1.3353e-06 - val_loss: 7.6488e-09 - val_mean_squared_error: 7.6488e-09 - 78s/epoch - 1s/step
Epoch 48/50

Epoch 00048: mean_squared_error improved from 0.00000 to 0.00000, saving model to /gpfswork/rech/ynx/ulx23va/repo/wf-SEDs/more_stars/wf-outputs/chkp/more_stars_bis/chkp_callback_poly_more_stars_2k_bis_1_cycle2
63/63 - 77s - loss: 9.3542e-07 - mean_squared_error: 1.3350e-06 - val_loss: 6.5272e-09 - val_mean_squared_error: 6.5272e-09 - 77s/epoch - 1s/step
Epoch 49/50

Epoch 00049: mean_squared_error did not improve from 0.00000
63/63 - 77s - loss: 9.3540e-07 - mean_squared_error: 1.3351e-06 - val_loss: 6.8473e-09 - val_mean_squared_error: 6.8473e-09 - 77s/epoch - 1s/step
Epoch 50/50

Epoch 00050: mean_squared_error did not improve from 0.00000
63/63 - 77s - loss: 9.3541e-07 - mean_squared_error: 1.3351e-06 - val_loss: 6.5926e-09 - val_mean_squared_error: 6.5926e-09 - 77s/epoch - 1s/step
Cycle2 elapsed time: 5713.142077

Total elapsed time: 19962.395441

 Good bye..
