Starting the log file.
Found GPU at: /device:GPU:0
tf_version: 2.7.0
Zernike cube:
(15, 128, 128)
Dataset parameters:
{'d_max': 2, 'max_order': 45, 'x_lims': [0, 1000.0], 'y_lims': [0, 1000.0], 'grid_points': [4, 4], 'n_bins': 8, 'max_wfe_rms': 0.1, 'oversampling_rate': 3.0, 'output_Q': 3.0, 'output_dim': 32, 'LP_filter_length': 2, 'pupil_diameter': 128, 'euclid_obsc': True, 'n_stars': 1000}
Starting cycle 1..
Starting parametric update..
Epoch 1/15

Epoch 00001: mean_squared_error improved from inf to 0.00001, saving model to /gpfswork/rech/ynx/ulx23va/repo/wf-SEDs/more_stars/wf-outputs/chkp/more_stars_bis/chkp_callback_poly_more_stars_complex_model_1k_bis_5_cycle1
32/32 - 90s - loss: 1.0399e-05 - mean_squared_error: 9.5901e-06 - val_loss: 4.1115e-06 - val_mean_squared_error: 4.1115e-06 - 90s/epoch - 3s/step
Epoch 2/15

Epoch 00002: mean_squared_error improved from 0.00001 to 0.00000, saving model to /gpfswork/rech/ynx/ulx23va/repo/wf-SEDs/more_stars/wf-outputs/chkp/more_stars_bis/chkp_callback_poly_more_stars_complex_model_1k_bis_5_cycle1
32/32 - 84s - loss: 3.5172e-06 - mean_squared_error: 3.6866e-06 - val_loss: 1.6367e-06 - val_mean_squared_error: 1.6367e-06 - 84s/epoch - 3s/step
Epoch 3/15

Epoch 00003: mean_squared_error improved from 0.00000 to 0.00000, saving model to /gpfswork/rech/ynx/ulx23va/repo/wf-SEDs/more_stars/wf-outputs/chkp/more_stars_bis/chkp_callback_poly_more_stars_complex_model_1k_bis_5_cycle1
32/32 - 83s - loss: 2.4910e-06 - mean_squared_error: 2.6979e-06 - val_loss: 1.2543e-06 - val_mean_squared_error: 1.2543e-06 - 83s/epoch - 3s/step
Epoch 4/15

Epoch 00004: mean_squared_error improved from 0.00000 to 0.00000, saving model to /gpfswork/rech/ynx/ulx23va/repo/wf-SEDs/more_stars/wf-outputs/chkp/more_stars_bis/chkp_callback_poly_more_stars_complex_model_1k_bis_5_cycle1
32/32 - 86s - loss: 2.1993e-06 - mean_squared_error: 2.4698e-06 - val_loss: 1.0624e-06 - val_mean_squared_error: 1.0624e-06 - 86s/epoch - 3s/step
Epoch 5/15

Epoch 00005: mean_squared_error improved from 0.00000 to 0.00000, saving model to /gpfswork/rech/ynx/ulx23va/repo/wf-SEDs/more_stars/wf-outputs/chkp/more_stars_bis/chkp_callback_poly_more_stars_complex_model_1k_bis_5_cycle1
32/32 - 84s - loss: 2.0269e-06 - mean_squared_error: 2.3181e-06 - val_loss: 9.8050e-07 - val_mean_squared_error: 9.8050e-07 - 84s/epoch - 3s/step
Epoch 6/15

Epoch 00006: mean_squared_error improved from 0.00000 to 0.00000, saving model to /gpfswork/rech/ynx/ulx23va/repo/wf-SEDs/more_stars/wf-outputs/chkp/more_stars_bis/chkp_callback_poly_more_stars_complex_model_1k_bis_5_cycle1
32/32 - 84s - loss: 1.9319e-06 - mean_squared_error: 2.2365e-06 - val_loss: 8.8410e-07 - val_mean_squared_error: 8.8410e-07 - 84s/epoch - 3s/step
Epoch 7/15

Epoch 00007: mean_squared_error improved from 0.00000 to 0.00000, saving model to /gpfswork/rech/ynx/ulx23va/repo/wf-SEDs/more_stars/wf-outputs/chkp/more_stars_bis/chkp_callback_poly_more_stars_complex_model_1k_bis_5_cycle1
32/32 - 85s - loss: 1.8532e-06 - mean_squared_error: 2.1692e-06 - val_loss: 8.1611e-07 - val_mean_squared_error: 8.1611e-07 - 85s/epoch - 3s/step
Epoch 8/15

Epoch 00008: mean_squared_error improved from 0.00000 to 0.00000, saving model to /gpfswork/rech/ynx/ulx23va/repo/wf-SEDs/more_stars/wf-outputs/chkp/more_stars_bis/chkp_callback_poly_more_stars_complex_model_1k_bis_5_cycle1
32/32 - 84s - loss: 1.8023e-06 - mean_squared_error: 2.1225e-06 - val_loss: 7.6007e-07 - val_mean_squared_error: 7.6007e-07 - 84s/epoch - 3s/step
Epoch 9/15

Epoch 00009: mean_squared_error improved from 0.00000 to 0.00000, saving model to /gpfswork/rech/ynx/ulx23va/repo/wf-SEDs/more_stars/wf-outputs/chkp/more_stars_bis/chkp_callback_poly_more_stars_complex_model_1k_bis_5_cycle1
32/32 - 84s - loss: 1.7665e-06 - mean_squared_error: 2.0930e-06 - val_loss: 7.5549e-07 - val_mean_squared_error: 7.5549e-07 - 84s/epoch - 3s/step
Epoch 10/15

Epoch 00010: mean_squared_error improved from 0.00000 to 0.00000, saving model to /gpfswork/rech/ynx/ulx23va/repo/wf-SEDs/more_stars/wf-outputs/chkp/more_stars_bis/chkp_callback_poly_more_stars_complex_model_1k_bis_5_cycle1
32/32 - 84s - loss: 1.7257e-06 - mean_squared_error: 2.0566e-06 - val_loss: 7.2677e-07 - val_mean_squared_error: 7.2677e-07 - 84s/epoch - 3s/step
Epoch 11/15

Epoch 00011: mean_squared_error improved from 0.00000 to 0.00000, saving model to /gpfswork/rech/ynx/ulx23va/repo/wf-SEDs/more_stars/wf-outputs/chkp/more_stars_bis/chkp_callback_poly_more_stars_complex_model_1k_bis_5_cycle1
32/32 - 85s - loss: 1.7145e-06 - mean_squared_error: 2.0437e-06 - val_loss: 7.3920e-07 - val_mean_squared_error: 7.3920e-07 - 85s/epoch - 3s/step
Epoch 12/15

Epoch 00012: mean_squared_error did not improve from 0.00000
32/32 - 83s - loss: 1.7142e-06 - mean_squared_error: 2.0467e-06 - val_loss: 7.3439e-07 - val_mean_squared_error: 7.3439e-07 - 83s/epoch - 3s/step
Epoch 13/15

Epoch 00013: mean_squared_error did not improve from 0.00000
32/32 - 85s - loss: 1.7355e-06 - mean_squared_error: 2.0715e-06 - val_loss: 7.2269e-07 - val_mean_squared_error: 7.2269e-07 - 85s/epoch - 3s/step
Epoch 14/15

Epoch 00014: mean_squared_error did not improve from 0.00000
32/32 - 84s - loss: 1.7142e-06 - mean_squared_error: 2.0467e-06 - val_loss: 7.3033e-07 - val_mean_squared_error: 7.3033e-07 - 84s/epoch - 3s/step
Epoch 15/15

Epoch 00015: mean_squared_error did not improve from 0.00000
32/32 - 84s - loss: 1.7267e-06 - mean_squared_error: 2.0574e-06 - val_loss: 7.3489e-07 - val_mean_squared_error: 7.3489e-07 - 84s/epoch - 3s/step
Starting non-parametric update..
Epoch 1/100

Epoch 00001: mean_squared_error improved from 0.00000 to 0.00000, saving model to /gpfswork/rech/ynx/ulx23va/repo/wf-SEDs/more_stars/wf-outputs/chkp/more_stars_bis/chkp_callback_poly_more_stars_complex_model_1k_bis_5_cycle1
32/32 - 89s - loss: 1.6613e-06 - mean_squared_error: 2.0065e-06 - val_loss: 6.3033e-07 - val_mean_squared_error: 6.3033e-07 - 89s/epoch - 3s/step
Epoch 2/100

Epoch 00002: mean_squared_error improved from 0.00000 to 0.00000, saving model to /gpfswork/rech/ynx/ulx23va/repo/wf-SEDs/more_stars/wf-outputs/chkp/more_stars_bis/chkp_callback_poly_more_stars_complex_model_1k_bis_5_cycle1
32/32 - 88s - loss: 1.5306e-06 - mean_squared_error: 1.8896e-06 - val_loss: 5.1680e-07 - val_mean_squared_error: 5.1680e-07 - 88s/epoch - 3s/step
Epoch 3/100

Epoch 00003: mean_squared_error improved from 0.00000 to 0.00000, saving model to /gpfswork/rech/ynx/ulx23va/repo/wf-SEDs/more_stars/wf-outputs/chkp/more_stars_bis/chkp_callback_poly_more_stars_complex_model_1k_bis_5_cycle1
32/32 - 87s - loss: 1.4119e-06 - mean_squared_error: 1.7785e-06 - val_loss: 4.0689e-07 - val_mean_squared_error: 4.0689e-07 - 87s/epoch - 3s/step
Epoch 4/100

Epoch 00004: mean_squared_error improved from 0.00000 to 0.00000, saving model to /gpfswork/rech/ynx/ulx23va/repo/wf-SEDs/more_stars/wf-outputs/chkp/more_stars_bis/chkp_callback_poly_more_stars_complex_model_1k_bis_5_cycle1
32/32 - 87s - loss: 1.3138e-06 - mean_squared_error: 1.6831e-06 - val_loss: 3.2148e-07 - val_mean_squared_error: 3.2148e-07 - 87s/epoch - 3s/step
Epoch 5/100

Epoch 00005: mean_squared_error improved from 0.00000 to 0.00000, saving model to /gpfswork/rech/ynx/ulx23va/repo/wf-SEDs/more_stars/wf-outputs/chkp/more_stars_bis/chkp_callback_poly_more_stars_complex_model_1k_bis_5_cycle1
32/32 - 88s - loss: 1.2400e-06 - mean_squared_error: 1.6141e-06 - val_loss: 2.6424e-07 - val_mean_squared_error: 2.6424e-07 - 88s/epoch - 3s/step
Epoch 6/100

Epoch 00006: mean_squared_error improved from 0.00000 to 0.00000, saving model to /gpfswork/rech/ynx/ulx23va/repo/wf-SEDs/more_stars/wf-outputs/chkp/more_stars_bis/chkp_callback_poly_more_stars_complex_model_1k_bis_5_cycle1
32/32 - 87s - loss: 1.1884e-06 - mean_squared_error: 1.5671e-06 - val_loss: 2.2753e-07 - val_mean_squared_error: 2.2753e-07 - 87s/epoch - 3s/step
Epoch 7/100

Epoch 00007: mean_squared_error improved from 0.00000 to 0.00000, saving model to /gpfswork/rech/ynx/ulx23va/repo/wf-SEDs/more_stars/wf-outputs/chkp/more_stars_bis/chkp_callback_poly_more_stars_complex_model_1k_bis_5_cycle1
32/32 - 85s - loss: 1.1523e-06 - mean_squared_error: 1.5359e-06 - val_loss: 1.9870e-07 - val_mean_squared_error: 1.9870e-07 - 85s/epoch - 3s/step
Epoch 8/100

Epoch 00008: mean_squared_error improved from 0.00000 to 0.00000, saving model to /gpfswork/rech/ynx/ulx23va/repo/wf-SEDs/more_stars/wf-outputs/chkp/more_stars_bis/chkp_callback_poly_more_stars_complex_model_1k_bis_5_cycle1
32/32 - 87s - loss: 1.1302e-06 - mean_squared_error: 1.5149e-06 - val_loss: 1.8308e-07 - val_mean_squared_error: 1.8308e-07 - 87s/epoch - 3s/step
Epoch 9/100

Epoch 00009: mean_squared_error improved from 0.00000 to 0.00000, saving model to /gpfswork/rech/ynx/ulx23va/repo/wf-SEDs/more_stars/wf-outputs/chkp/more_stars_bis/chkp_callback_poly_more_stars_complex_model_1k_bis_5_cycle1
32/32 - 87s - loss: 1.1095e-06 - mean_squared_error: 1.4979e-06 - val_loss: 1.6112e-07 - val_mean_squared_error: 1.6112e-07 - 87s/epoch - 3s/step
Epoch 10/100

Epoch 00010: mean_squared_error improved from 0.00000 to 0.00000, saving model to /gpfswork/rech/ynx/ulx23va/repo/wf-SEDs/more_stars/wf-outputs/chkp/more_stars_bis/chkp_callback_poly_more_stars_complex_model_1k_bis_5_cycle1
32/32 - 86s - loss: 1.0889e-06 - mean_squared_error: 1.4805e-06 - val_loss: 1.4637e-07 - val_mean_squared_error: 1.4637e-07 - 86s/epoch - 3s/step
Epoch 11/100

Epoch 00011: mean_squared_error improved from 0.00000 to 0.00000, saving model to /gpfswork/rech/ynx/ulx23va/repo/wf-SEDs/more_stars/wf-outputs/chkp/more_stars_bis/chkp_callback_poly_more_stars_complex_model_1k_bis_5_cycle1
32/32 - 87s - loss: 1.0787e-06 - mean_squared_error: 1.4709e-06 - val_loss: 1.3889e-07 - val_mean_squared_error: 1.3889e-07 - 87s/epoch - 3s/step
Epoch 12/100

Epoch 00012: mean_squared_error improved from 0.00000 to 0.00000, saving model to /gpfswork/rech/ynx/ulx23va/repo/wf-SEDs/more_stars/wf-outputs/chkp/more_stars_bis/chkp_callback_poly_more_stars_complex_model_1k_bis_5_cycle1
32/32 - 87s - loss: 1.0676e-06 - mean_squared_error: 1.4612e-06 - val_loss: 1.3488e-07 - val_mean_squared_error: 1.3488e-07 - 87s/epoch - 3s/step
Epoch 13/100

Epoch 00013: mean_squared_error improved from 0.00000 to 0.00000, saving model to /gpfswork/rech/ynx/ulx23va/repo/wf-SEDs/more_stars/wf-outputs/chkp/more_stars_bis/chkp_callback_poly_more_stars_complex_model_1k_bis_5_cycle1
32/32 - 87s - loss: 1.0593e-06 - mean_squared_error: 1.4528e-06 - val_loss: 1.2341e-07 - val_mean_squared_error: 1.2341e-07 - 87s/epoch - 3s/step
Epoch 14/100

Epoch 00014: mean_squared_error did not improve from 0.00000
32/32 - 87s - loss: 1.0682e-06 - mean_squared_error: 1.4556e-06 - val_loss: 1.7628e-07 - val_mean_squared_error: 1.7628e-07 - 87s/epoch - 3s/step
Epoch 15/100

Epoch 00015: mean_squared_error improved from 0.00000 to 0.00000, saving model to /gpfswork/rech/ynx/ulx23va/repo/wf-SEDs/more_stars/wf-outputs/chkp/more_stars_bis/chkp_callback_poly_more_stars_complex_model_1k_bis_5_cycle1
32/32 - 87s - loss: 1.0518e-06 - mean_squared_error: 1.4436e-06 - val_loss: 1.0379e-07 - val_mean_squared_error: 1.0379e-07 - 87s/epoch - 3s/step
Epoch 16/100

Epoch 00016: mean_squared_error improved from 0.00000 to 0.00000, saving model to /gpfswork/rech/ynx/ulx23va/repo/wf-SEDs/more_stars/wf-outputs/chkp/more_stars_bis/chkp_callback_poly_more_stars_complex_model_1k_bis_5_cycle1
32/32 - 87s - loss: 1.0311e-06 - mean_squared_error: 1.4282e-06 - val_loss: 9.6659e-08 - val_mean_squared_error: 9.6659e-08 - 87s/epoch - 3s/step
Epoch 17/100

Epoch 00017: mean_squared_error improved from 0.00000 to 0.00000, saving model to /gpfswork/rech/ynx/ulx23va/repo/wf-SEDs/more_stars/wf-outputs/chkp/more_stars_bis/chkp_callback_poly_more_stars_complex_model_1k_bis_5_cycle1
32/32 - 86s - loss: 1.0236e-06 - mean_squared_error: 1.4215e-06 - val_loss: 9.0073e-08 - val_mean_squared_error: 9.0073e-08 - 86s/epoch - 3s/step
Epoch 18/100

Epoch 00018: mean_squared_error improved from 0.00000 to 0.00000, saving model to /gpfswork/rech/ynx/ulx23va/repo/wf-SEDs/more_stars/wf-outputs/chkp/more_stars_bis/chkp_callback_poly_more_stars_complex_model_1k_bis_5_cycle1
32/32 - 87s - loss: 1.0165e-06 - mean_squared_error: 1.4155e-06 - val_loss: 8.2976e-08 - val_mean_squared_error: 8.2976e-08 - 87s/epoch - 3s/step
Epoch 19/100

Epoch 00019: mean_squared_error improved from 0.00000 to 0.00000, saving model to /gpfswork/rech/ynx/ulx23va/repo/wf-SEDs/more_stars/wf-outputs/chkp/more_stars_bis/chkp_callback_poly_more_stars_complex_model_1k_bis_5_cycle1
32/32 - 87s - loss: 1.0093e-06 - mean_squared_error: 1.4089e-06 - val_loss: 7.7179e-08 - val_mean_squared_error: 7.7179e-08 - 87s/epoch - 3s/step
Epoch 20/100

Epoch 00020: mean_squared_error improved from 0.00000 to 0.00000, saving model to /gpfswork/rech/ynx/ulx23va/repo/wf-SEDs/more_stars/wf-outputs/chkp/more_stars_bis/chkp_callback_poly_more_stars_complex_model_1k_bis_5_cycle1
32/32 - 86s - loss: 1.0047e-06 - mean_squared_error: 1.4046e-06 - val_loss: 7.3681e-08 - val_mean_squared_error: 7.3681e-08 - 86s/epoch - 3s/step
Epoch 21/100

Epoch 00021: mean_squared_error improved from 0.00000 to 0.00000, saving model to /gpfswork/rech/ynx/ulx23va/repo/wf-SEDs/more_stars/wf-outputs/chkp/more_stars_bis/chkp_callback_poly_more_stars_complex_model_1k_bis_5_cycle1
32/32 - 87s - loss: 1.0025e-06 - mean_squared_error: 1.4010e-06 - val_loss: 7.1147e-08 - val_mean_squared_error: 7.1147e-08 - 87s/epoch - 3s/step
Epoch 22/100

Epoch 00022: mean_squared_error did not improve from 0.00000
32/32 - 87s - loss: 1.0078e-06 - mean_squared_error: 1.4040e-06 - val_loss: 7.1676e-08 - val_mean_squared_error: 7.1676e-08 - 87s/epoch - 3s/step
Epoch 23/100

Epoch 00023: mean_squared_error did not improve from 0.00000
32/32 - 86s - loss: 1.0271e-06 - mean_squared_error: 1.4184e-06 - val_loss: 9.2011e-08 - val_mean_squared_error: 9.2011e-08 - 86s/epoch - 3s/step
Epoch 24/100

Epoch 00024: mean_squared_error did not improve from 0.00000
32/32 - 86s - loss: 1.0030e-06 - mean_squared_error: 1.4029e-06 - val_loss: 6.4872e-08 - val_mean_squared_error: 6.4872e-08 - 86s/epoch - 3s/step
Epoch 25/100

Epoch 00025: mean_squared_error improved from 0.00000 to 0.00000, saving model to /gpfswork/rech/ynx/ulx23va/repo/wf-SEDs/more_stars/wf-outputs/chkp/more_stars_bis/chkp_callback_poly_more_stars_complex_model_1k_bis_5_cycle1
32/32 - 87s - loss: 9.9142e-07 - mean_squared_error: 1.3915e-06 - val_loss: 5.6146e-08 - val_mean_squared_error: 5.6146e-08 - 87s/epoch - 3s/step
Epoch 26/100

Epoch 00026: mean_squared_error improved from 0.00000 to 0.00000, saving model to /gpfswork/rech/ynx/ulx23va/repo/wf-SEDs/more_stars/wf-outputs/chkp/more_stars_bis/chkp_callback_poly_more_stars_complex_model_1k_bis_5_cycle1
32/32 - 86s - loss: 9.8490e-07 - mean_squared_error: 1.3852e-06 - val_loss: 6.0624e-08 - val_mean_squared_error: 6.0624e-08 - 86s/epoch - 3s/step
Epoch 27/100

Epoch 00027: mean_squared_error improved from 0.00000 to 0.00000, saving model to /gpfswork/rech/ynx/ulx23va/repo/wf-SEDs/more_stars/wf-outputs/chkp/more_stars_bis/chkp_callback_poly_more_stars_complex_model_1k_bis_5_cycle1
32/32 - 86s - loss: 9.8540e-07 - mean_squared_error: 1.3850e-06 - val_loss: 8.3929e-08 - val_mean_squared_error: 8.3929e-08 - 86s/epoch - 3s/step
Epoch 28/100

Epoch 00028: mean_squared_error did not improve from 0.00000
32/32 - 86s - loss: 1.0400e-06 - mean_squared_error: 1.4194e-06 - val_loss: 8.8521e-08 - val_mean_squared_error: 8.8521e-08 - 86s/epoch - 3s/step
Epoch 29/100

Epoch 00029: mean_squared_error did not improve from 0.00000
32/32 - 86s - loss: 1.0071e-06 - mean_squared_error: 1.3997e-06 - val_loss: 5.7739e-08 - val_mean_squared_error: 5.7739e-08 - 86s/epoch - 3s/step
Epoch 30/100

Epoch 00030: mean_squared_error improved from 0.00000 to 0.00000, saving model to /gpfswork/rech/ynx/ulx23va/repo/wf-SEDs/more_stars/wf-outputs/chkp/more_stars_bis/chkp_callback_poly_more_stars_complex_model_1k_bis_5_cycle1
32/32 - 85s - loss: 9.8366e-07 - mean_squared_error: 1.3835e-06 - val_loss: 4.9525e-08 - val_mean_squared_error: 4.9525e-08 - 85s/epoch - 3s/step
Epoch 31/100

Epoch 00031: mean_squared_error improved from 0.00000 to 0.00000, saving model to /gpfswork/rech/ynx/ulx23va/repo/wf-SEDs/more_stars/wf-outputs/chkp/more_stars_bis/chkp_callback_poly_more_stars_complex_model_1k_bis_5_cycle1
32/32 - 86s - loss: 9.7740e-07 - mean_squared_error: 1.3781e-06 - val_loss: 4.6874e-08 - val_mean_squared_error: 4.6874e-08 - 86s/epoch - 3s/step
Epoch 32/100

Epoch 00032: mean_squared_error improved from 0.00000 to 0.00000, saving model to /gpfswork/rech/ynx/ulx23va/repo/wf-SEDs/more_stars/wf-outputs/chkp/more_stars_bis/chkp_callback_poly_more_stars_complex_model_1k_bis_5_cycle1
32/32 - 86s - loss: 9.7328e-07 - mean_squared_error: 1.3743e-06 - val_loss: 4.1515e-08 - val_mean_squared_error: 4.1515e-08 - 86s/epoch - 3s/step
Epoch 33/100

Epoch 00033: mean_squared_error improved from 0.00000 to 0.00000, saving model to /gpfswork/rech/ynx/ulx23va/repo/wf-SEDs/more_stars/wf-outputs/chkp/more_stars_bis/chkp_callback_poly_more_stars_complex_model_1k_bis_5_cycle1
32/32 - 86s - loss: 9.6786e-07 - mean_squared_error: 1.3698e-06 - val_loss: 4.1085e-08 - val_mean_squared_error: 4.1085e-08 - 86s/epoch - 3s/step
Epoch 34/100

Epoch 00034: mean_squared_error improved from 0.00000 to 0.00000, saving model to /gpfswork/rech/ynx/ulx23va/repo/wf-SEDs/more_stars/wf-outputs/chkp/more_stars_bis/chkp_callback_poly_more_stars_complex_model_1k_bis_5_cycle1
32/32 - 87s - loss: 9.6643e-07 - mean_squared_error: 1.3682e-06 - val_loss: 4.0864e-08 - val_mean_squared_error: 4.0864e-08 - 87s/epoch - 3s/step
Epoch 35/100

Epoch 00035: mean_squared_error improved from 0.00000 to 0.00000, saving model to /gpfswork/rech/ynx/ulx23va/repo/wf-SEDs/more_stars/wf-outputs/chkp/more_stars_bis/chkp_callback_poly_more_stars_complex_model_1k_bis_5_cycle1
32/32 - 86s - loss: 9.6592e-07 - mean_squared_error: 1.3676e-06 - val_loss: 3.8235e-08 - val_mean_squared_error: 3.8235e-08 - 86s/epoch - 3s/step
Epoch 36/100

Epoch 00036: mean_squared_error improved from 0.00000 to 0.00000, saving model to /gpfswork/rech/ynx/ulx23va/repo/wf-SEDs/more_stars/wf-outputs/chkp/more_stars_bis/chkp_callback_poly_more_stars_complex_model_1k_bis_5_cycle1
32/32 - 86s - loss: 9.6341e-07 - mean_squared_error: 1.3657e-06 - val_loss: 3.5564e-08 - val_mean_squared_error: 3.5564e-08 - 86s/epoch - 3s/step
Epoch 37/100

Epoch 00037: mean_squared_error improved from 0.00000 to 0.00000, saving model to /gpfswork/rech/ynx/ulx23va/repo/wf-SEDs/more_stars/wf-outputs/chkp/more_stars_bis/chkp_callback_poly_more_stars_complex_model_1k_bis_5_cycle1
32/32 - 87s - loss: 9.6240e-07 - mean_squared_error: 1.3648e-06 - val_loss: 3.7396e-08 - val_mean_squared_error: 3.7396e-08 - 87s/epoch - 3s/step
Epoch 38/100

Epoch 00038: mean_squared_error improved from 0.00000 to 0.00000, saving model to /gpfswork/rech/ynx/ulx23va/repo/wf-SEDs/more_stars/wf-outputs/chkp/more_stars_bis/chkp_callback_poly_more_stars_complex_model_1k_bis_5_cycle1
32/32 - 86s - loss: 9.6140e-07 - mean_squared_error: 1.3639e-06 - val_loss: 3.5803e-08 - val_mean_squared_error: 3.5803e-08 - 86s/epoch - 3s/step
Epoch 39/100

Epoch 00039: mean_squared_error did not improve from 0.00000
32/32 - 86s - loss: 9.6216e-07 - mean_squared_error: 1.3646e-06 - val_loss: 4.1917e-08 - val_mean_squared_error: 4.1917e-08 - 86s/epoch - 3s/step
Epoch 40/100

Epoch 00040: mean_squared_error did not improve from 0.00000
32/32 - 86s - loss: 9.9466e-07 - mean_squared_error: 1.3921e-06 - val_loss: 5.7943e-08 - val_mean_squared_error: 5.7943e-08 - 86s/epoch - 3s/step
Epoch 41/100

Epoch 00041: mean_squared_error did not improve from 0.00000
32/32 - 86s - loss: 9.7723e-07 - mean_squared_error: 1.3778e-06 - val_loss: 4.5293e-08 - val_mean_squared_error: 4.5293e-08 - 86s/epoch - 3s/step
Epoch 42/100

Epoch 00042: mean_squared_error did not improve from 0.00000
32/32 - 86s - loss: 9.6983e-07 - mean_squared_error: 1.3698e-06 - val_loss: 3.5060e-08 - val_mean_squared_error: 3.5060e-08 - 86s/epoch - 3s/step
Epoch 43/100

Epoch 00043: mean_squared_error did not improve from 0.00000
32/32 - 86s - loss: 9.8303e-07 - mean_squared_error: 1.3784e-06 - val_loss: 5.6481e-08 - val_mean_squared_error: 5.6481e-08 - 86s/epoch - 3s/step
Epoch 44/100

Epoch 00044: mean_squared_error did not improve from 0.00000
32/32 - 86s - loss: 9.6891e-07 - mean_squared_error: 1.3700e-06 - val_loss: 3.2163e-08 - val_mean_squared_error: 3.2163e-08 - 86s/epoch - 3s/step
Epoch 45/100

Epoch 00045: mean_squared_error improved from 0.00000 to 0.00000, saving model to /gpfswork/rech/ynx/ulx23va/repo/wf-SEDs/more_stars/wf-outputs/chkp/more_stars_bis/chkp_callback_poly_more_stars_complex_model_1k_bis_5_cycle1
32/32 - 86s - loss: 9.5867e-07 - mean_squared_error: 1.3606e-06 - val_loss: 3.2024e-08 - val_mean_squared_error: 3.2024e-08 - 86s/epoch - 3s/step
Epoch 46/100

Epoch 00046: mean_squared_error did not improve from 0.00000
32/32 - 86s - loss: 9.8215e-07 - mean_squared_error: 1.3816e-06 - val_loss: 4.5931e-08 - val_mean_squared_error: 4.5931e-08 - 86s/epoch - 3s/step
Epoch 47/100

Epoch 00047: mean_squared_error did not improve from 0.00000
32/32 - 87s - loss: 9.6421e-07 - mean_squared_error: 1.3662e-06 - val_loss: 3.2439e-08 - val_mean_squared_error: 3.2439e-08 - 87s/epoch - 3s/step
Epoch 48/100

Epoch 00048: mean_squared_error improved from 0.00000 to 0.00000, saving model to /gpfswork/rech/ynx/ulx23va/repo/wf-SEDs/more_stars/wf-outputs/chkp/more_stars_bis/chkp_callback_poly_more_stars_complex_model_1k_bis_5_cycle1
32/32 - 86s - loss: 9.5563e-07 - mean_squared_error: 1.3579e-06 - val_loss: 2.9956e-08 - val_mean_squared_error: 2.9956e-08 - 86s/epoch - 3s/step
Epoch 49/100

Epoch 00049: mean_squared_error did not improve from 0.00000
32/32 - 86s - loss: 9.5720e-07 - mean_squared_error: 1.3585e-06 - val_loss: 2.8305e-08 - val_mean_squared_error: 2.8305e-08 - 86s/epoch - 3s/step
Epoch 50/100

Epoch 00050: mean_squared_error improved from 0.00000 to 0.00000, saving model to /gpfswork/rech/ynx/ulx23va/repo/wf-SEDs/more_stars/wf-outputs/chkp/more_stars_bis/chkp_callback_poly_more_stars_complex_model_1k_bis_5_cycle1
32/32 - 87s - loss: 9.5653e-07 - mean_squared_error: 1.3578e-06 - val_loss: 3.5524e-08 - val_mean_squared_error: 3.5524e-08 - 87s/epoch - 3s/step
Epoch 51/100

Epoch 00051: mean_squared_error did not improve from 0.00000
32/32 - 86s - loss: 9.6444e-07 - mean_squared_error: 1.3662e-06 - val_loss: 3.6987e-08 - val_mean_squared_error: 3.6987e-08 - 86s/epoch - 3s/step
Epoch 52/100

Epoch 00052: mean_squared_error did not improve from 0.00000
32/32 - 86s - loss: 9.6699e-07 - mean_squared_error: 1.3663e-06 - val_loss: 3.0909e-08 - val_mean_squared_error: 3.0909e-08 - 86s/epoch - 3s/step
Epoch 53/100

Epoch 00053: mean_squared_error improved from 0.00000 to 0.00000, saving model to /gpfswork/rech/ynx/ulx23va/repo/wf-SEDs/more_stars/wf-outputs/chkp/more_stars_bis/chkp_callback_poly_more_stars_complex_model_1k_bis_5_cycle1
32/32 - 86s - loss: 9.5333e-07 - mean_squared_error: 1.3559e-06 - val_loss: 2.6994e-08 - val_mean_squared_error: 2.6994e-08 - 86s/epoch - 3s/step
Epoch 54/100

Epoch 00054: mean_squared_error did not improve from 0.00000
32/32 - 86s - loss: 9.5457e-07 - mean_squared_error: 1.3566e-06 - val_loss: 3.0827e-08 - val_mean_squared_error: 3.0827e-08 - 86s/epoch - 3s/step
Epoch 55/100

Epoch 00055: mean_squared_error did not improve from 0.00000
32/32 - 87s - loss: 9.5603e-07 - mean_squared_error: 1.3586e-06 - val_loss: 3.0448e-08 - val_mean_squared_error: 3.0448e-08 - 87s/epoch - 3s/step
Epoch 56/100

Epoch 00056: mean_squared_error did not improve from 0.00000
32/32 - 86s - loss: 9.8943e-07 - mean_squared_error: 1.3917e-06 - val_loss: 4.8280e-08 - val_mean_squared_error: 4.8280e-08 - 86s/epoch - 3s/step
Epoch 57/100

Epoch 00057: mean_squared_error did not improve from 0.00000
32/32 - 86s - loss: 9.7185e-07 - mean_squared_error: 1.3726e-06 - val_loss: 3.2269e-08 - val_mean_squared_error: 3.2269e-08 - 86s/epoch - 3s/step
Epoch 58/100

Epoch 00058: mean_squared_error did not improve from 0.00000
32/32 - 86s - loss: 9.5506e-07 - mean_squared_error: 1.3574e-06 - val_loss: 2.6599e-08 - val_mean_squared_error: 2.6599e-08 - 86s/epoch - 3s/step
Epoch 59/100

Epoch 00059: mean_squared_error improved from 0.00000 to 0.00000, saving model to /gpfswork/rech/ynx/ulx23va/repo/wf-SEDs/more_stars/wf-outputs/chkp/more_stars_bis/chkp_callback_poly_more_stars_complex_model_1k_bis_5_cycle1
32/32 - 86s - loss: 9.5028e-07 - mean_squared_error: 1.3533e-06 - val_loss: 2.3951e-08 - val_mean_squared_error: 2.3951e-08 - 86s/epoch - 3s/step
Epoch 60/100

Epoch 00060: mean_squared_error improved from 0.00000 to 0.00000, saving model to /gpfswork/rech/ynx/ulx23va/repo/wf-SEDs/more_stars/wf-outputs/chkp/more_stars_bis/chkp_callback_poly_more_stars_complex_model_1k_bis_5_cycle1
32/32 - 86s - loss: 9.4870e-07 - mean_squared_error: 1.3520e-06 - val_loss: 2.4697e-08 - val_mean_squared_error: 2.4697e-08 - 86s/epoch - 3s/step
Epoch 61/100

Epoch 00061: mean_squared_error did not improve from 0.00000
32/32 - 86s - loss: 9.5025e-07 - mean_squared_error: 1.3528e-06 - val_loss: 2.4652e-08 - val_mean_squared_error: 2.4652e-08 - 86s/epoch - 3s/step
Epoch 62/100

Epoch 00062: mean_squared_error improved from 0.00000 to 0.00000, saving model to /gpfswork/rech/ynx/ulx23va/repo/wf-SEDs/more_stars/wf-outputs/chkp/more_stars_bis/chkp_callback_poly_more_stars_complex_model_1k_bis_5_cycle1
32/32 - 86s - loss: 9.4726e-07 - mean_squared_error: 1.3506e-06 - val_loss: 2.3534e-08 - val_mean_squared_error: 2.3534e-08 - 86s/epoch - 3s/step
Epoch 63/100

Epoch 00063: mean_squared_error did not improve from 0.00000
32/32 - 86s - loss: 9.4777e-07 - mean_squared_error: 1.3509e-06 - val_loss: 2.1421e-08 - val_mean_squared_error: 2.1421e-08 - 86s/epoch - 3s/step
Epoch 64/100

Epoch 00064: mean_squared_error improved from 0.00000 to 0.00000, saving model to /gpfswork/rech/ynx/ulx23va/repo/wf-SEDs/more_stars/wf-outputs/chkp/more_stars_bis/chkp_callback_poly_more_stars_complex_model_1k_bis_5_cycle1
32/32 - 86s - loss: 9.4560e-07 - mean_squared_error: 1.3492e-06 - val_loss: 2.3409e-08 - val_mean_squared_error: 2.3409e-08 - 86s/epoch - 3s/step
Epoch 65/100

Epoch 00065: mean_squared_error did not improve from 0.00000
32/32 - 87s - loss: 9.4781e-07 - mean_squared_error: 1.3506e-06 - val_loss: 3.3760e-08 - val_mean_squared_error: 3.3760e-08 - 87s/epoch - 3s/step
Epoch 66/100

Epoch 00066: mean_squared_error did not improve from 0.00000
32/32 - 87s - loss: 9.6183e-07 - mean_squared_error: 1.3624e-06 - val_loss: 3.9592e-08 - val_mean_squared_error: 3.9592e-08 - 87s/epoch - 3s/step
Epoch 67/100

Epoch 00067: mean_squared_error did not improve from 0.00000
32/32 - 86s - loss: 9.5643e-07 - mean_squared_error: 1.3572e-06 - val_loss: 3.2153e-08 - val_mean_squared_error: 3.2153e-08 - 86s/epoch - 3s/step
Epoch 68/100

Epoch 00068: mean_squared_error did not improve from 0.00000
32/32 - 86s - loss: 9.5529e-07 - mean_squared_error: 1.3565e-06 - val_loss: 2.8240e-08 - val_mean_squared_error: 2.8240e-08 - 86s/epoch - 3s/step
Epoch 69/100

Epoch 00069: mean_squared_error did not improve from 0.00000
32/32 - 87s - loss: 9.4995e-07 - mean_squared_error: 1.3518e-06 - val_loss: 2.3087e-08 - val_mean_squared_error: 2.3087e-08 - 87s/epoch - 3s/step
Epoch 70/100

Epoch 00070: mean_squared_error improved from 0.00000 to 0.00000, saving model to /gpfswork/rech/ynx/ulx23va/repo/wf-SEDs/more_stars/wf-outputs/chkp/more_stars_bis/chkp_callback_poly_more_stars_complex_model_1k_bis_5_cycle1
32/32 - 86s - loss: 9.4448e-07 - mean_squared_error: 1.3482e-06 - val_loss: 2.1578e-08 - val_mean_squared_error: 2.1578e-08 - 86s/epoch - 3s/step
Epoch 71/100

Epoch 00071: mean_squared_error improved from 0.00000 to 0.00000, saving model to /gpfswork/rech/ynx/ulx23va/repo/wf-SEDs/more_stars/wf-outputs/chkp/more_stars_bis/chkp_callback_poly_more_stars_complex_model_1k_bis_5_cycle1
32/32 - 86s - loss: 9.4461e-07 - mean_squared_error: 1.3481e-06 - val_loss: 2.0024e-08 - val_mean_squared_error: 2.0024e-08 - 86s/epoch - 3s/step
Epoch 72/100

Epoch 00072: mean_squared_error improved from 0.00000 to 0.00000, saving model to /gpfswork/rech/ynx/ulx23va/repo/wf-SEDs/more_stars/wf-outputs/chkp/more_stars_bis/chkp_callback_poly_more_stars_complex_model_1k_bis_5_cycle1
32/32 - 87s - loss: 9.4300e-07 - mean_squared_error: 1.3467e-06 - val_loss: 1.9441e-08 - val_mean_squared_error: 1.9441e-08 - 87s/epoch - 3s/step
Epoch 73/100

Epoch 00073: mean_squared_error did not improve from 0.00000
32/32 - 86s - loss: 9.4322e-07 - mean_squared_error: 1.3469e-06 - val_loss: 1.9882e-08 - val_mean_squared_error: 1.9882e-08 - 86s/epoch - 3s/step
Epoch 74/100

Epoch 00074: mean_squared_error did not improve from 0.00000
32/32 - 86s - loss: 9.4548e-07 - mean_squared_error: 1.3481e-06 - val_loss: 2.3188e-08 - val_mean_squared_error: 2.3188e-08 - 86s/epoch - 3s/step
Epoch 75/100

Epoch 00075: mean_squared_error did not improve from 0.00000
32/32 - 87s - loss: 9.4646e-07 - mean_squared_error: 1.3486e-06 - val_loss: 2.1837e-08 - val_mean_squared_error: 2.1837e-08 - 87s/epoch - 3s/step
Epoch 76/100

Epoch 00076: mean_squared_error did not improve from 0.00000
32/32 - 86s - loss: 9.4643e-07 - mean_squared_error: 1.3489e-06 - val_loss: 2.0722e-08 - val_mean_squared_error: 2.0722e-08 - 86s/epoch - 3s/step
Epoch 77/100

Epoch 00077: mean_squared_error did not improve from 0.00000
32/32 - 86s - loss: 9.4948e-07 - mean_squared_error: 1.3509e-06 - val_loss: 2.9187e-08 - val_mean_squared_error: 2.9187e-08 - 86s/epoch - 3s/step
Epoch 78/100

Epoch 00078: mean_squared_error did not improve from 0.00000
32/32 - 87s - loss: 9.5274e-07 - mean_squared_error: 1.3540e-06 - val_loss: 3.7457e-08 - val_mean_squared_error: 3.7457e-08 - 87s/epoch - 3s/step
Epoch 79/100

Epoch 00079: mean_squared_error did not improve from 0.00000
32/32 - 87s - loss: 9.5347e-07 - mean_squared_error: 1.3549e-06 - val_loss: 2.1583e-08 - val_mean_squared_error: 2.1583e-08 - 87s/epoch - 3s/step
Epoch 80/100

Epoch 00080: mean_squared_error did not improve from 0.00000
32/32 - 86s - loss: 9.4342e-07 - mean_squared_error: 1.3471e-06 - val_loss: 1.9380e-08 - val_mean_squared_error: 1.9380e-08 - 86s/epoch - 3s/step
Epoch 81/100

Epoch 00081: mean_squared_error improved from 0.00000 to 0.00000, saving model to /gpfswork/rech/ynx/ulx23va/repo/wf-SEDs/more_stars/wf-outputs/chkp/more_stars_bis/chkp_callback_poly_more_stars_complex_model_1k_bis_5_cycle1
32/32 - 86s - loss: 9.4096e-07 - mean_squared_error: 1.3446e-06 - val_loss: 1.8745e-08 - val_mean_squared_error: 1.8745e-08 - 86s/epoch - 3s/step
Epoch 82/100

Epoch 00082: mean_squared_error did not improve from 0.00000
32/32 - 87s - loss: 9.4200e-07 - mean_squared_error: 1.3451e-06 - val_loss: 1.7407e-08 - val_mean_squared_error: 1.7407e-08 - 87s/epoch - 3s/step
Epoch 83/100

Epoch 00083: mean_squared_error improved from 0.00000 to 0.00000, saving model to /gpfswork/rech/ynx/ulx23va/repo/wf-SEDs/more_stars/wf-outputs/chkp/more_stars_bis/chkp_callback_poly_more_stars_complex_model_1k_bis_5_cycle1
32/32 - 86s - loss: 9.4025e-07 - mean_squared_error: 1.3439e-06 - val_loss: 1.9341e-08 - val_mean_squared_error: 1.9341e-08 - 86s/epoch - 3s/step
Epoch 84/100

Epoch 00084: mean_squared_error did not improve from 0.00000
32/32 - 86s - loss: 9.4800e-07 - mean_squared_error: 1.3509e-06 - val_loss: 2.2048e-08 - val_mean_squared_error: 2.2048e-08 - 86s/epoch - 3s/step
Epoch 85/100

Epoch 00085: mean_squared_error did not improve from 0.00000
32/32 - 87s - loss: 9.4192e-07 - mean_squared_error: 1.3454e-06 - val_loss: 1.8550e-08 - val_mean_squared_error: 1.8550e-08 - 87s/epoch - 3s/step
Epoch 86/100

Epoch 00086: mean_squared_error did not improve from 0.00000
32/32 - 87s - loss: 9.4203e-07 - mean_squared_error: 1.3454e-06 - val_loss: 1.9378e-08 - val_mean_squared_error: 1.9378e-08 - 87s/epoch - 3s/step
Epoch 87/100

Epoch 00087: mean_squared_error did not improve from 0.00000
32/32 - 86s - loss: 9.4195e-07 - mean_squared_error: 1.3451e-06 - val_loss: 2.0056e-08 - val_mean_squared_error: 2.0056e-08 - 86s/epoch - 3s/step
Epoch 88/100

Epoch 00088: mean_squared_error did not improve from 0.00000
32/32 - 87s - loss: 9.5640e-07 - mean_squared_error: 1.3554e-06 - val_loss: 3.1990e-08 - val_mean_squared_error: 3.1990e-08 - 87s/epoch - 3s/step
Epoch 89/100

Epoch 00089: mean_squared_error did not improve from 0.00000
32/32 - 87s - loss: 9.5609e-07 - mean_squared_error: 1.3548e-06 - val_loss: 3.2285e-08 - val_mean_squared_error: 3.2285e-08 - 87s/epoch - 3s/step
Epoch 90/100

Epoch 00090: mean_squared_error did not improve from 0.00000
32/32 - 86s - loss: 9.5513e-07 - mean_squared_error: 1.3558e-06 - val_loss: 2.8119e-08 - val_mean_squared_error: 2.8119e-08 - 86s/epoch - 3s/step
Epoch 91/100

Epoch 00091: mean_squared_error did not improve from 0.00000
32/32 - 87s - loss: 9.4846e-07 - mean_squared_error: 1.3506e-06 - val_loss: 2.2011e-08 - val_mean_squared_error: 2.2011e-08 - 87s/epoch - 3s/step
Epoch 92/100

Epoch 00092: mean_squared_error did not improve from 0.00000
32/32 - 87s - loss: 9.4804e-07 - mean_squared_error: 1.3510e-06 - val_loss: 2.7608e-08 - val_mean_squared_error: 2.7608e-08 - 87s/epoch - 3s/step
Epoch 93/100

Epoch 00093: mean_squared_error did not improve from 0.00000
32/32 - 86s - loss: 9.4631e-07 - mean_squared_error: 1.3491e-06 - val_loss: 2.1421e-08 - val_mean_squared_error: 2.1421e-08 - 86s/epoch - 3s/step
Epoch 94/100

Epoch 00094: mean_squared_error did not improve from 0.00000
32/32 - 86s - loss: 9.4548e-07 - mean_squared_error: 1.3477e-06 - val_loss: 2.1042e-08 - val_mean_squared_error: 2.1042e-08 - 86s/epoch - 3s/step
Epoch 95/100

Epoch 00095: mean_squared_error did not improve from 0.00000
32/32 - 87s - loss: 9.4737e-07 - mean_squared_error: 1.3497e-06 - val_loss: 2.3181e-08 - val_mean_squared_error: 2.3181e-08 - 87s/epoch - 3s/step
Epoch 96/100

Epoch 00096: mean_squared_error did not improve from 0.00000
32/32 - 87s - loss: 9.4413e-07 - mean_squared_error: 1.3466e-06 - val_loss: 1.8645e-08 - val_mean_squared_error: 1.8645e-08 - 87s/epoch - 3s/step
Epoch 97/100

Epoch 00097: mean_squared_error did not improve from 0.00000
32/32 - 86s - loss: 9.4078e-07 - mean_squared_error: 1.3443e-06 - val_loss: 2.1492e-08 - val_mean_squared_error: 2.1492e-08 - 86s/epoch - 3s/step
Epoch 98/100

Epoch 00098: mean_squared_error did not improve from 0.00000
32/32 - 87s - loss: 9.4591e-07 - mean_squared_error: 1.3487e-06 - val_loss: 2.4665e-08 - val_mean_squared_error: 2.4665e-08 - 87s/epoch - 3s/step
Epoch 99/100

Epoch 00099: mean_squared_error did not improve from 0.00000
32/32 - 85s - loss: 9.4386e-07 - mean_squared_error: 1.3474e-06 - val_loss: 2.0925e-08 - val_mean_squared_error: 2.0925e-08 - 85s/epoch - 3s/step
Epoch 100/100

Epoch 00100: mean_squared_error did not improve from 0.00000
32/32 - 86s - loss: 9.4604e-07 - mean_squared_error: 1.3486e-06 - val_loss: 1.9415e-08 - val_mean_squared_error: 1.9415e-08 - 86s/epoch - 3s/step
Cycle1 elapsed time: 9915.489594
Starting cycle 2..
Starting parametric update..
Epoch 1/15

Epoch 00001: mean_squared_error improved from inf to 0.00000, saving model to /gpfswork/rech/ynx/ulx23va/repo/wf-SEDs/more_stars/wf-outputs/chkp/more_stars_bis/chkp_callback_poly_more_stars_complex_model_1k_bis_5_cycle2
32/32 - 93s - loss: 9.3911e-07 - mean_squared_error: 1.3430e-06 - val_loss: 1.7307e-08 - val_mean_squared_error: 1.7307e-08 - 93s/epoch - 3s/step
Epoch 2/15

Epoch 00002: mean_squared_error improved from 0.00000 to 0.00000, saving model to /gpfswork/rech/ynx/ulx23va/repo/wf-SEDs/more_stars/wf-outputs/chkp/more_stars_bis/chkp_callback_poly_more_stars_complex_model_1k_bis_5_cycle2
32/32 - 91s - loss: 9.3856e-07 - mean_squared_error: 1.3423e-06 - val_loss: 1.8231e-08 - val_mean_squared_error: 1.8231e-08 - 91s/epoch - 3s/step
Epoch 3/15

Epoch 00003: mean_squared_error did not improve from 0.00000
32/32 - 91s - loss: 9.4099e-07 - mean_squared_error: 1.3445e-06 - val_loss: 1.9890e-08 - val_mean_squared_error: 1.9890e-08 - 91s/epoch - 3s/step
Epoch 4/15

Epoch 00004: mean_squared_error did not improve from 0.00000
32/32 - 90s - loss: 9.4345e-07 - mean_squared_error: 1.3472e-06 - val_loss: 1.9110e-08 - val_mean_squared_error: 1.9110e-08 - 90s/epoch - 3s/step
Epoch 5/15

Epoch 00005: mean_squared_error did not improve from 0.00000
32/32 - 90s - loss: 9.4125e-07 - mean_squared_error: 1.3450e-06 - val_loss: 1.8276e-08 - val_mean_squared_error: 1.8276e-08 - 90s/epoch - 3s/step
Epoch 6/15

Epoch 00006: mean_squared_error did not improve from 0.00000
32/32 - 91s - loss: 9.4094e-07 - mean_squared_error: 1.3448e-06 - val_loss: 2.1698e-08 - val_mean_squared_error: 2.1698e-08 - 91s/epoch - 3s/step
Epoch 7/15

Epoch 00007: mean_squared_error did not improve from 0.00000
32/32 - 90s - loss: 9.4948e-07 - mean_squared_error: 1.3518e-06 - val_loss: 3.6109e-08 - val_mean_squared_error: 3.6109e-08 - 90s/epoch - 3s/step
Epoch 8/15

Epoch 00008: mean_squared_error did not improve from 0.00000
32/32 - 90s - loss: 9.4481e-07 - mean_squared_error: 1.3483e-06 - val_loss: 2.4883e-08 - val_mean_squared_error: 2.4883e-08 - 90s/epoch - 3s/step
Epoch 9/15

Epoch 00009: mean_squared_error did not improve from 0.00000
32/32 - 90s - loss: 9.4440e-07 - mean_squared_error: 1.3479e-06 - val_loss: 2.3456e-08 - val_mean_squared_error: 2.3456e-08 - 90s/epoch - 3s/step
Epoch 10/15

Epoch 00010: mean_squared_error did not improve from 0.00000
32/32 - 91s - loss: 9.4507e-07 - mean_squared_error: 1.3485e-06 - val_loss: 2.3482e-08 - val_mean_squared_error: 2.3482e-08 - 91s/epoch - 3s/step
Epoch 11/15

Epoch 00011: mean_squared_error did not improve from 0.00000
32/32 - 89s - loss: 9.4274e-07 - mean_squared_error: 1.3462e-06 - val_loss: 2.6346e-08 - val_mean_squared_error: 2.6346e-08 - 89s/epoch - 3s/step
Epoch 12/15

Epoch 00012: mean_squared_error did not improve from 0.00000
32/32 - 89s - loss: 9.4881e-07 - mean_squared_error: 1.3525e-06 - val_loss: 2.7969e-08 - val_mean_squared_error: 2.7969e-08 - 89s/epoch - 3s/step
Epoch 13/15

Epoch 00013: mean_squared_error did not improve from 0.00000
32/32 - 90s - loss: 9.4883e-07 - mean_squared_error: 1.3526e-06 - val_loss: 2.8126e-08 - val_mean_squared_error: 2.8126e-08 - 90s/epoch - 3s/step
Epoch 14/15

Epoch 00014: mean_squared_error did not improve from 0.00000
32/32 - 91s - loss: 9.5025e-07 - mean_squared_error: 1.3537e-06 - val_loss: 2.1125e-08 - val_mean_squared_error: 2.1125e-08 - 91s/epoch - 3s/step
Epoch 15/15

Epoch 00015: mean_squared_error did not improve from 0.00000
32/32 - 90s - loss: 9.4719e-07 - mean_squared_error: 1.3502e-06 - val_loss: 1.9375e-08 - val_mean_squared_error: 1.9375e-08 - 90s/epoch - 3s/step
Starting non-parametric update..
Epoch 1/50

Epoch 00001: mean_squared_error did not improve from 0.00000
32/32 - 88s - loss: 9.3876e-07 - mean_squared_error: 1.3425e-06 - val_loss: 1.5703e-08 - val_mean_squared_error: 1.5703e-08 - 88s/epoch - 3s/step
Epoch 2/50

Epoch 00002: mean_squared_error improved from 0.00000 to 0.00000, saving model to /gpfswork/rech/ynx/ulx23va/repo/wf-SEDs/more_stars/wf-outputs/chkp/more_stars_bis/chkp_callback_poly_more_stars_complex_model_1k_bis_5_cycle2
32/32 - 86s - loss: 9.3599e-07 - mean_squared_error: 1.3401e-06 - val_loss: 1.4651e-08 - val_mean_squared_error: 1.4651e-08 - 86s/epoch - 3s/step
Epoch 3/50

Epoch 00003: mean_squared_error improved from 0.00000 to 0.00000, saving model to /gpfswork/rech/ynx/ulx23va/repo/wf-SEDs/more_stars/wf-outputs/chkp/more_stars_bis/chkp_callback_poly_more_stars_complex_model_1k_bis_5_cycle2
32/32 - 85s - loss: 9.3531e-07 - mean_squared_error: 1.3395e-06 - val_loss: 1.4277e-08 - val_mean_squared_error: 1.4277e-08 - 85s/epoch - 3s/step
Epoch 4/50

Epoch 00004: mean_squared_error improved from 0.00000 to 0.00000, saving model to /gpfswork/rech/ynx/ulx23va/repo/wf-SEDs/more_stars/wf-outputs/chkp/more_stars_bis/chkp_callback_poly_more_stars_complex_model_1k_bis_5_cycle2
32/32 - 85s - loss: 9.3501e-07 - mean_squared_error: 1.3393e-06 - val_loss: 1.4073e-08 - val_mean_squared_error: 1.4073e-08 - 85s/epoch - 3s/step
Epoch 5/50

Epoch 00005: mean_squared_error improved from 0.00000 to 0.00000, saving model to /gpfswork/rech/ynx/ulx23va/repo/wf-SEDs/more_stars/wf-outputs/chkp/more_stars_bis/chkp_callback_poly_more_stars_complex_model_1k_bis_5_cycle2
32/32 - 86s - loss: 9.3479e-07 - mean_squared_error: 1.3391e-06 - val_loss: 1.4009e-08 - val_mean_squared_error: 1.4009e-08 - 86s/epoch - 3s/step
Epoch 6/50

Epoch 00006: mean_squared_error did not improve from 0.00000
32/32 - 85s - loss: 9.3479e-07 - mean_squared_error: 1.3391e-06 - val_loss: 1.3940e-08 - val_mean_squared_error: 1.3940e-08 - 85s/epoch - 3s/step
Epoch 7/50

Epoch 00007: mean_squared_error improved from 0.00000 to 0.00000, saving model to /gpfswork/rech/ynx/ulx23va/repo/wf-SEDs/more_stars/wf-outputs/chkp/more_stars_bis/chkp_callback_poly_more_stars_complex_model_1k_bis_5_cycle2
32/32 - 85s - loss: 9.3472e-07 - mean_squared_error: 1.3390e-06 - val_loss: 1.3877e-08 - val_mean_squared_error: 1.3877e-08 - 85s/epoch - 3s/step
Epoch 8/50

Epoch 00008: mean_squared_error improved from 0.00000 to 0.00000, saving model to /gpfswork/rech/ynx/ulx23va/repo/wf-SEDs/more_stars/wf-outputs/chkp/more_stars_bis/chkp_callback_poly_more_stars_complex_model_1k_bis_5_cycle2
32/32 - 86s - loss: 9.3460e-07 - mean_squared_error: 1.3389e-06 - val_loss: 1.3815e-08 - val_mean_squared_error: 1.3815e-08 - 86s/epoch - 3s/step
Epoch 9/50

Epoch 00009: mean_squared_error did not improve from 0.00000
32/32 - 86s - loss: 9.3458e-07 - mean_squared_error: 1.3390e-06 - val_loss: 1.4014e-08 - val_mean_squared_error: 1.4014e-08 - 86s/epoch - 3s/step
Epoch 10/50

Epoch 00010: mean_squared_error improved from 0.00000 to 0.00000, saving model to /gpfswork/rech/ynx/ulx23va/repo/wf-SEDs/more_stars/wf-outputs/chkp/more_stars_bis/chkp_callback_poly_more_stars_complex_model_1k_bis_5_cycle2
32/32 - 84s - loss: 9.3454e-07 - mean_squared_error: 1.3389e-06 - val_loss: 1.3869e-08 - val_mean_squared_error: 1.3869e-08 - 84s/epoch - 3s/step
Epoch 11/50

Epoch 00011: mean_squared_error improved from 0.00000 to 0.00000, saving model to /gpfswork/rech/ynx/ulx23va/repo/wf-SEDs/more_stars/wf-outputs/chkp/more_stars_bis/chkp_callback_poly_more_stars_complex_model_1k_bis_5_cycle2
32/32 - 85s - loss: 9.3445e-07 - mean_squared_error: 1.3388e-06 - val_loss: 1.3661e-08 - val_mean_squared_error: 1.3661e-08 - 85s/epoch - 3s/step
Epoch 12/50

Epoch 00012: mean_squared_error improved from 0.00000 to 0.00000, saving model to /gpfswork/rech/ynx/ulx23va/repo/wf-SEDs/more_stars/wf-outputs/chkp/more_stars_bis/chkp_callback_poly_more_stars_complex_model_1k_bis_5_cycle2
32/32 - 86s - loss: 9.3430e-07 - mean_squared_error: 1.3387e-06 - val_loss: 1.3693e-08 - val_mean_squared_error: 1.3693e-08 - 86s/epoch - 3s/step
Epoch 13/50

Epoch 00013: mean_squared_error did not improve from 0.00000
32/32 - 85s - loss: 9.3432e-07 - mean_squared_error: 1.3387e-06 - val_loss: 1.3567e-08 - val_mean_squared_error: 1.3567e-08 - 85s/epoch - 3s/step
Epoch 14/50

Epoch 00014: mean_squared_error improved from 0.00000 to 0.00000, saving model to /gpfswork/rech/ynx/ulx23va/repo/wf-SEDs/more_stars/wf-outputs/chkp/more_stars_bis/chkp_callback_poly_more_stars_complex_model_1k_bis_5_cycle2
32/32 - 85s - loss: 9.3424e-07 - mean_squared_error: 1.3386e-06 - val_loss: 1.3706e-08 - val_mean_squared_error: 1.3706e-08 - 85s/epoch - 3s/step
Epoch 15/50

Epoch 00015: mean_squared_error did not improve from 0.00000
32/32 - 85s - loss: 9.3425e-07 - mean_squared_error: 1.3387e-06 - val_loss: 1.3594e-08 - val_mean_squared_error: 1.3594e-08 - 85s/epoch - 3s/step
Epoch 16/50

Epoch 00016: mean_squared_error improved from 0.00000 to 0.00000, saving model to /gpfswork/rech/ynx/ulx23va/repo/wf-SEDs/more_stars/wf-outputs/chkp/more_stars_bis/chkp_callback_poly_more_stars_complex_model_1k_bis_5_cycle2
32/32 - 85s - loss: 9.3418e-07 - mean_squared_error: 1.3385e-06 - val_loss: 1.3551e-08 - val_mean_squared_error: 1.3551e-08 - 85s/epoch - 3s/step
Epoch 17/50

Epoch 00017: mean_squared_error did not improve from 0.00000
32/32 - 85s - loss: 9.3414e-07 - mean_squared_error: 1.3385e-06 - val_loss: 1.3908e-08 - val_mean_squared_error: 1.3908e-08 - 85s/epoch - 3s/step
Epoch 18/50

Epoch 00018: mean_squared_error improved from 0.00000 to 0.00000, saving model to /gpfswork/rech/ynx/ulx23va/repo/wf-SEDs/more_stars/wf-outputs/chkp/more_stars_bis/chkp_callback_poly_more_stars_complex_model_1k_bis_5_cycle2
32/32 - 86s - loss: 9.3413e-07 - mean_squared_error: 1.3385e-06 - val_loss: 1.3528e-08 - val_mean_squared_error: 1.3528e-08 - 86s/epoch - 3s/step
Epoch 19/50

Epoch 00019: mean_squared_error did not improve from 0.00000
32/32 - 85s - loss: 9.3407e-07 - mean_squared_error: 1.3385e-06 - val_loss: 1.3317e-08 - val_mean_squared_error: 1.3317e-08 - 85s/epoch - 3s/step
Epoch 20/50

Epoch 00020: mean_squared_error improved from 0.00000 to 0.00000, saving model to /gpfswork/rech/ynx/ulx23va/repo/wf-SEDs/more_stars/wf-outputs/chkp/more_stars_bis/chkp_callback_poly_more_stars_complex_model_1k_bis_5_cycle2
32/32 - 85s - loss: 9.3396e-07 - mean_squared_error: 1.3384e-06 - val_loss: 1.3670e-08 - val_mean_squared_error: 1.3670e-08 - 85s/epoch - 3s/step
Epoch 21/50

Epoch 00021: mean_squared_error improved from 0.00000 to 0.00000, saving model to /gpfswork/rech/ynx/ulx23va/repo/wf-SEDs/more_stars/wf-outputs/chkp/more_stars_bis/chkp_callback_poly_more_stars_complex_model_1k_bis_5_cycle2
32/32 - 86s - loss: 9.3392e-07 - mean_squared_error: 1.3383e-06 - val_loss: 1.3465e-08 - val_mean_squared_error: 1.3465e-08 - 86s/epoch - 3s/step
Epoch 22/50

Epoch 00022: mean_squared_error did not improve from 0.00000
32/32 - 85s - loss: 9.3391e-07 - mean_squared_error: 1.3384e-06 - val_loss: 1.3357e-08 - val_mean_squared_error: 1.3357e-08 - 85s/epoch - 3s/step
Epoch 23/50

Epoch 00023: mean_squared_error improved from 0.00000 to 0.00000, saving model to /gpfswork/rech/ynx/ulx23va/repo/wf-SEDs/more_stars/wf-outputs/chkp/more_stars_bis/chkp_callback_poly_more_stars_complex_model_1k_bis_5_cycle2
32/32 - 85s - loss: 9.3386e-07 - mean_squared_error: 1.3383e-06 - val_loss: 1.3467e-08 - val_mean_squared_error: 1.3467e-08 - 85s/epoch - 3s/step
Epoch 24/50

Epoch 00024: mean_squared_error improved from 0.00000 to 0.00000, saving model to /gpfswork/rech/ynx/ulx23va/repo/wf-SEDs/more_stars/wf-outputs/chkp/more_stars_bis/chkp_callback_poly_more_stars_complex_model_1k_bis_5_cycle2
32/32 - 86s - loss: 9.3375e-07 - mean_squared_error: 1.3382e-06 - val_loss: 1.3279e-08 - val_mean_squared_error: 1.3279e-08 - 86s/epoch - 3s/step
Epoch 25/50

Epoch 00025: mean_squared_error did not improve from 0.00000
32/32 - 85s - loss: 9.3380e-07 - mean_squared_error: 1.3382e-06 - val_loss: 1.3399e-08 - val_mean_squared_error: 1.3399e-08 - 85s/epoch - 3s/step
Epoch 26/50

Epoch 00026: mean_squared_error did not improve from 0.00000
32/32 - 84s - loss: 9.3375e-07 - mean_squared_error: 1.3382e-06 - val_loss: 1.3409e-08 - val_mean_squared_error: 1.3409e-08 - 84s/epoch - 3s/step
Epoch 27/50

Epoch 00027: mean_squared_error did not improve from 0.00000
32/32 - 86s - loss: 9.3371e-07 - mean_squared_error: 1.3382e-06 - val_loss: 1.3364e-08 - val_mean_squared_error: 1.3364e-08 - 86s/epoch - 3s/step
Epoch 28/50

Epoch 00028: mean_squared_error improved from 0.00000 to 0.00000, saving model to /gpfswork/rech/ynx/ulx23va/repo/wf-SEDs/more_stars/wf-outputs/chkp/more_stars_bis/chkp_callback_poly_more_stars_complex_model_1k_bis_5_cycle2
32/32 - 85s - loss: 9.3367e-07 - mean_squared_error: 1.3381e-06 - val_loss: 1.3292e-08 - val_mean_squared_error: 1.3292e-08 - 85s/epoch - 3s/step
Epoch 29/50

Epoch 00029: mean_squared_error improved from 0.00000 to 0.00000, saving model to /gpfswork/rech/ynx/ulx23va/repo/wf-SEDs/more_stars/wf-outputs/chkp/more_stars_bis/chkp_callback_poly_more_stars_complex_model_1k_bis_5_cycle2
32/32 - 85s - loss: 9.3355e-07 - mean_squared_error: 1.3381e-06 - val_loss: 1.3334e-08 - val_mean_squared_error: 1.3334e-08 - 85s/epoch - 3s/step
Epoch 30/50

Epoch 00030: mean_squared_error improved from 0.00000 to 0.00000, saving model to /gpfswork/rech/ynx/ulx23va/repo/wf-SEDs/more_stars/wf-outputs/chkp/more_stars_bis/chkp_callback_poly_more_stars_complex_model_1k_bis_5_cycle2
32/32 - 85s - loss: 9.3341e-07 - mean_squared_error: 1.3379e-06 - val_loss: 1.3382e-08 - val_mean_squared_error: 1.3382e-08 - 85s/epoch - 3s/step
Epoch 31/50

Epoch 00031: mean_squared_error did not improve from 0.00000
32/32 - 86s - loss: 9.3341e-07 - mean_squared_error: 1.3379e-06 - val_loss: 1.3359e-08 - val_mean_squared_error: 1.3359e-08 - 86s/epoch - 3s/step
Epoch 32/50

Epoch 00032: mean_squared_error did not improve from 0.00000
32/32 - 84s - loss: 9.3343e-07 - mean_squared_error: 1.3379e-06 - val_loss: 1.3582e-08 - val_mean_squared_error: 1.3582e-08 - 84s/epoch - 3s/step
Epoch 33/50

Epoch 00033: mean_squared_error improved from 0.00000 to 0.00000, saving model to /gpfswork/rech/ynx/ulx23va/repo/wf-SEDs/more_stars/wf-outputs/chkp/more_stars_bis/chkp_callback_poly_more_stars_complex_model_1k_bis_5_cycle2
32/32 - 85s - loss: 9.3331e-07 - mean_squared_error: 1.3378e-06 - val_loss: 1.3258e-08 - val_mean_squared_error: 1.3258e-08 - 85s/epoch - 3s/step
Epoch 34/50

Epoch 00034: mean_squared_error did not improve from 0.00000
32/32 - 86s - loss: 9.3337e-07 - mean_squared_error: 1.3378e-06 - val_loss: 1.3171e-08 - val_mean_squared_error: 1.3171e-08 - 86s/epoch - 3s/step
Epoch 35/50

Epoch 00035: mean_squared_error did not improve from 0.00000
32/32 - 83s - loss: 9.3330e-07 - mean_squared_error: 1.3378e-06 - val_loss: 1.3422e-08 - val_mean_squared_error: 1.3422e-08 - 83s/epoch - 3s/step
Epoch 36/50

Epoch 00036: mean_squared_error improved from 0.00000 to 0.00000, saving model to /gpfswork/rech/ynx/ulx23va/repo/wf-SEDs/more_stars/wf-outputs/chkp/more_stars_bis/chkp_callback_poly_more_stars_complex_model_1k_bis_5_cycle2
32/32 - 85s - loss: 9.3328e-07 - mean_squared_error: 1.3378e-06 - val_loss: 1.3258e-08 - val_mean_squared_error: 1.3258e-08 - 85s/epoch - 3s/step
Epoch 37/50

Epoch 00037: mean_squared_error did not improve from 0.00000
32/32 - 82s - loss: 9.3339e-07 - mean_squared_error: 1.3379e-06 - val_loss: 1.3381e-08 - val_mean_squared_error: 1.3381e-08 - 82s/epoch - 3s/step
Epoch 38/50

Epoch 00038: mean_squared_error improved from 0.00000 to 0.00000, saving model to /gpfswork/rech/ynx/ulx23va/repo/wf-SEDs/more_stars/wf-outputs/chkp/more_stars_bis/chkp_callback_poly_more_stars_complex_model_1k_bis_5_cycle2
32/32 - 83s - loss: 9.3305e-07 - mean_squared_error: 1.3375e-06 - val_loss: 1.3181e-08 - val_mean_squared_error: 1.3181e-08 - 83s/epoch - 3s/step
Epoch 39/50

Epoch 00039: mean_squared_error did not improve from 0.00000
32/32 - 83s - loss: 9.3323e-07 - mean_squared_error: 1.3378e-06 - val_loss: 1.3078e-08 - val_mean_squared_error: 1.3078e-08 - 83s/epoch - 3s/step
Epoch 40/50

Epoch 00040: mean_squared_error did not improve from 0.00000
32/32 - 84s - loss: 9.3313e-07 - mean_squared_error: 1.3376e-06 - val_loss: 1.3053e-08 - val_mean_squared_error: 1.3053e-08 - 84s/epoch - 3s/step
Epoch 41/50

Epoch 00041: mean_squared_error improved from 0.00000 to 0.00000, saving model to /gpfswork/rech/ynx/ulx23va/repo/wf-SEDs/more_stars/wf-outputs/chkp/more_stars_bis/chkp_callback_poly_more_stars_complex_model_1k_bis_5_cycle2
32/32 - 84s - loss: 9.3277e-07 - mean_squared_error: 1.3373e-06 - val_loss: 1.3013e-08 - val_mean_squared_error: 1.3013e-08 - 84s/epoch - 3s/step
Epoch 42/50

Epoch 00042: mean_squared_error improved from 0.00000 to 0.00000, saving model to /gpfswork/rech/ynx/ulx23va/repo/wf-SEDs/more_stars/wf-outputs/chkp/more_stars_bis/chkp_callback_poly_more_stars_complex_model_1k_bis_5_cycle2
32/32 - 83s - loss: 9.3279e-07 - mean_squared_error: 1.3373e-06 - val_loss: 1.2958e-08 - val_mean_squared_error: 1.2958e-08 - 83s/epoch - 3s/step
Epoch 43/50

Epoch 00043: mean_squared_error did not improve from 0.00000
32/32 - 83s - loss: 9.3310e-07 - mean_squared_error: 1.3376e-06 - val_loss: 1.2797e-08 - val_mean_squared_error: 1.2797e-08 - 83s/epoch - 3s/step
Epoch 44/50

Epoch 00044: mean_squared_error did not improve from 0.00000
32/32 - 84s - loss: 9.3278e-07 - mean_squared_error: 1.3373e-06 - val_loss: 1.2568e-08 - val_mean_squared_error: 1.2568e-08 - 84s/epoch - 3s/step
Epoch 45/50

Epoch 00045: mean_squared_error did not improve from 0.00000
32/32 - 83s - loss: 9.3285e-07 - mean_squared_error: 1.3373e-06 - val_loss: 1.3168e-08 - val_mean_squared_error: 1.3168e-08 - 83s/epoch - 3s/step
Epoch 46/50

Epoch 00046: mean_squared_error did not improve from 0.00000
32/32 - 83s - loss: 9.3325e-07 - mean_squared_error: 1.3377e-06 - val_loss: 1.3332e-08 - val_mean_squared_error: 1.3332e-08 - 83s/epoch - 3s/step
Epoch 47/50

Epoch 00047: mean_squared_error did not improve from 0.00000
32/32 - 82s - loss: 9.3280e-07 - mean_squared_error: 1.3373e-06 - val_loss: 1.2757e-08 - val_mean_squared_error: 1.2757e-08 - 82s/epoch - 3s/step
Epoch 48/50

Epoch 00048: mean_squared_error improved from 0.00000 to 0.00000, saving model to /gpfswork/rech/ynx/ulx23va/repo/wf-SEDs/more_stars/wf-outputs/chkp/more_stars_bis/chkp_callback_poly_more_stars_complex_model_1k_bis_5_cycle2
32/32 - 78s - loss: 9.3259e-07 - mean_squared_error: 1.3371e-06 - val_loss: 1.2788e-08 - val_mean_squared_error: 1.2788e-08 - 78s/epoch - 2s/step
Epoch 49/50

Epoch 00049: mean_squared_error improved from 0.00000 to 0.00000, saving model to /gpfswork/rech/ynx/ulx23va/repo/wf-SEDs/more_stars/wf-outputs/chkp/more_stars_bis/chkp_callback_poly_more_stars_complex_model_1k_bis_5_cycle2
32/32 - 70s - loss: 9.3247e-07 - mean_squared_error: 1.3370e-06 - val_loss: 1.2784e-08 - val_mean_squared_error: 1.2784e-08 - 70s/epoch - 2s/step
Epoch 50/50

Epoch 00050: mean_squared_error did not improve from 0.00000
32/32 - 69s - loss: 9.3276e-07 - mean_squared_error: 1.3373e-06 - val_loss: 1.2481e-08 - val_mean_squared_error: 1.2481e-08 - 69s/epoch - 2s/step
Cycle2 elapsed time: 5555.993325

Total elapsed time: 15475.933604

 Good bye..
