Starting the log file.
Found GPU at: /device:GPU:0
tf_version: 2.7.0
Zernike cube:
(15, 128, 128)
Dataset parameters:
{'d_max': 2, 'max_order': 45, 'x_lims': [0, 1000.0], 'y_lims': [0, 1000.0], 'grid_points': [4, 4], 'n_bins': 8, 'max_wfe_rms': 0.1, 'oversampling_rate': 3.0, 'output_Q': 3.0, 'output_dim': 32, 'LP_filter_length': 2, 'pupil_diameter': 128, 'euclid_obsc': True, 'n_stars': 8000}
Starting cycle 1..
Starting parametric update..
Epoch 1/15

Epoch 00001: mean_squared_error improved from inf to 0.00000, saving model to /gpfswork/rech/ynx/ulx23va/repo/wf-SEDs/more_stars/wf-outputs/chkp/more_stars_bis/chkp_callback_poly_more_stars_8k_bis_4_cycle1
250/250 - 311s - loss: 3.3769e-06 - mean_squared_error: 3.4484e-06 - val_loss: 6.7343e-07 - val_mean_squared_error: 6.7343e-07 - 311s/epoch - 1s/step
Epoch 2/15

Epoch 00002: mean_squared_error improved from 0.00000 to 0.00000, saving model to /gpfswork/rech/ynx/ulx23va/repo/wf-SEDs/more_stars/wf-outputs/chkp/more_stars_bis/chkp_callback_poly_more_stars_8k_bis_4_cycle1
250/250 - 306s - loss: 1.7142e-06 - mean_squared_error: 2.0021e-06 - val_loss: 6.7294e-07 - val_mean_squared_error: 6.7294e-07 - 306s/epoch - 1s/step
Epoch 3/15

Epoch 00003: mean_squared_error did not improve from 0.00000
250/250 - 306s - loss: 1.7364e-06 - mean_squared_error: 2.0300e-06 - val_loss: 6.4273e-07 - val_mean_squared_error: 6.4273e-07 - 306s/epoch - 1s/step
Epoch 4/15

Epoch 00004: mean_squared_error did not improve from 0.00000
250/250 - 306s - loss: 1.7551e-06 - mean_squared_error: 2.0610e-06 - val_loss: 6.6054e-07 - val_mean_squared_error: 6.6054e-07 - 306s/epoch - 1s/step
Epoch 5/15

Epoch 00005: mean_squared_error did not improve from 0.00000
250/250 - 306s - loss: 1.7388e-06 - mean_squared_error: 2.0477e-06 - val_loss: 9.5506e-07 - val_mean_squared_error: 9.5506e-07 - 306s/epoch - 1s/step
Epoch 6/15

Epoch 00006: mean_squared_error did not improve from 0.00000
250/250 - 305s - loss: 1.8871e-06 - mean_squared_error: 2.1885e-06 - val_loss: 7.7576e-07 - val_mean_squared_error: 7.7576e-07 - 305s/epoch - 1s/step
Epoch 7/15

Epoch 00007: mean_squared_error did not improve from 0.00000
250/250 - 306s - loss: 1.9214e-06 - mean_squared_error: 2.2249e-06 - val_loss: 9.9046e-07 - val_mean_squared_error: 9.9046e-07 - 306s/epoch - 1s/step
Epoch 8/15

Epoch 00008: mean_squared_error did not improve from 0.00000
250/250 - 306s - loss: 1.8416e-06 - mean_squared_error: 2.1504e-06 - val_loss: 7.4624e-07 - val_mean_squared_error: 7.4624e-07 - 306s/epoch - 1s/step
Epoch 9/15

Epoch 00009: mean_squared_error did not improve from 0.00000
250/250 - 306s - loss: 1.8925e-06 - mean_squared_error: 2.1913e-06 - val_loss: 1.8726e-06 - val_mean_squared_error: 1.8726e-06 - 306s/epoch - 1s/step
Epoch 10/15

Epoch 00010: mean_squared_error did not improve from 0.00000
250/250 - 307s - loss: 2.0195e-06 - mean_squared_error: 2.3128e-06 - val_loss: 1.0679e-06 - val_mean_squared_error: 1.0679e-06 - 307s/epoch - 1s/step
Epoch 11/15

Epoch 00011: mean_squared_error did not improve from 0.00000
250/250 - 307s - loss: 1.9227e-06 - mean_squared_error: 2.2222e-06 - val_loss: 7.0003e-07 - val_mean_squared_error: 7.0003e-07 - 307s/epoch - 1s/step
Epoch 12/15

Epoch 00012: mean_squared_error did not improve from 0.00000
250/250 - 307s - loss: 1.8053e-06 - mean_squared_error: 2.1124e-06 - val_loss: 9.4513e-07 - val_mean_squared_error: 9.4513e-07 - 307s/epoch - 1s/step
Epoch 13/15

Epoch 00013: mean_squared_error did not improve from 0.00000
250/250 - 307s - loss: 1.9309e-06 - mean_squared_error: 2.2324e-06 - val_loss: 9.1545e-07 - val_mean_squared_error: 9.1545e-07 - 307s/epoch - 1s/step
Epoch 14/15

Epoch 00014: mean_squared_error did not improve from 0.00000
250/250 - 307s - loss: 2.0543e-06 - mean_squared_error: 2.3496e-06 - val_loss: 1.2339e-06 - val_mean_squared_error: 1.2339e-06 - 307s/epoch - 1s/step
Epoch 15/15

Epoch 00015: mean_squared_error did not improve from 0.00000
250/250 - 306s - loss: 2.0122e-06 - mean_squared_error: 2.3104e-06 - val_loss: 9.2823e-07 - val_mean_squared_error: 9.2823e-07 - 306s/epoch - 1s/step
Starting non-parametric update..
Epoch 1/100

Epoch 00001: mean_squared_error improved from 0.00000 to 0.00000, saving model to /gpfswork/rech/ynx/ulx23va/repo/wf-SEDs/more_stars/wf-outputs/chkp/more_stars_bis/chkp_callback_poly_more_stars_8k_bis_4_cycle1
250/250 - 347s - loss: 1.4251e-06 - mean_squared_error: 1.7850e-06 - val_loss: 1.9353e-07 - val_mean_squared_error: 1.9353e-07 - 347s/epoch - 1s/step
Epoch 2/100

Epoch 00002: mean_squared_error improved from 0.00000 to 0.00000, saving model to /gpfswork/rech/ynx/ulx23va/repo/wf-SEDs/more_stars/wf-outputs/chkp/more_stars_bis/chkp_callback_poly_more_stars_8k_bis_4_cycle1
250/250 - 347s - loss: 1.0634e-06 - mean_squared_error: 1.4598e-06 - val_loss: 7.6886e-08 - val_mean_squared_error: 7.6886e-08 - 347s/epoch - 1s/step
Epoch 3/100

Epoch 00003: mean_squared_error improved from 0.00000 to 0.00000, saving model to /gpfswork/rech/ynx/ulx23va/repo/wf-SEDs/more_stars/wf-outputs/chkp/more_stars_bis/chkp_callback_poly_more_stars_8k_bis_4_cycle1
250/250 - 348s - loss: 1.0007e-06 - mean_squared_error: 1.4020e-06 - val_loss: 4.9769e-08 - val_mean_squared_error: 4.9769e-08 - 348s/epoch - 1s/step
Epoch 4/100

Epoch 00004: mean_squared_error improved from 0.00000 to 0.00000, saving model to /gpfswork/rech/ynx/ulx23va/repo/wf-SEDs/more_stars/wf-outputs/chkp/more_stars_bis/chkp_callback_poly_more_stars_8k_bis_4_cycle1
250/250 - 347s - loss: 9.8156e-07 - mean_squared_error: 1.3845e-06 - val_loss: 3.6561e-08 - val_mean_squared_error: 3.6561e-08 - 347s/epoch - 1s/step
Epoch 5/100

Epoch 00005: mean_squared_error improved from 0.00000 to 0.00000, saving model to /gpfswork/rech/ynx/ulx23va/repo/wf-SEDs/more_stars/wf-outputs/chkp/more_stars_bis/chkp_callback_poly_more_stars_8k_bis_4_cycle1
250/250 - 344s - loss: 9.7110e-07 - mean_squared_error: 1.3748e-06 - val_loss: 2.5009e-08 - val_mean_squared_error: 2.5009e-08 - 344s/epoch - 1s/step
Epoch 6/100

Epoch 00006: mean_squared_error improved from 0.00000 to 0.00000, saving model to /gpfswork/rech/ynx/ulx23va/repo/wf-SEDs/more_stars/wf-outputs/chkp/more_stars_bis/chkp_callback_poly_more_stars_8k_bis_4_cycle1
250/250 - 343s - loss: 9.6966e-07 - mean_squared_error: 1.3724e-06 - val_loss: 2.2470e-08 - val_mean_squared_error: 2.2470e-08 - 343s/epoch - 1s/step
Epoch 7/100

Epoch 00007: mean_squared_error improved from 0.00000 to 0.00000, saving model to /gpfswork/rech/ynx/ulx23va/repo/wf-SEDs/more_stars/wf-outputs/chkp/more_stars_bis/chkp_callback_poly_more_stars_8k_bis_4_cycle1
250/250 - 343s - loss: 9.6052e-07 - mean_squared_error: 1.3648e-06 - val_loss: 1.7503e-08 - val_mean_squared_error: 1.7503e-08 - 343s/epoch - 1s/step
Epoch 8/100

Epoch 00008: mean_squared_error improved from 0.00000 to 0.00000, saving model to /gpfswork/rech/ynx/ulx23va/repo/wf-SEDs/more_stars/wf-outputs/chkp/more_stars_bis/chkp_callback_poly_more_stars_8k_bis_4_cycle1
250/250 - 344s - loss: 9.5653e-07 - mean_squared_error: 1.3611e-06 - val_loss: 1.6890e-08 - val_mean_squared_error: 1.6890e-08 - 344s/epoch - 1s/step
Epoch 9/100

Epoch 00009: mean_squared_error improved from 0.00000 to 0.00000, saving model to /gpfswork/rech/ynx/ulx23va/repo/wf-SEDs/more_stars/wf-outputs/chkp/more_stars_bis/chkp_callback_poly_more_stars_8k_bis_4_cycle1
250/250 - 344s - loss: 9.5624e-07 - mean_squared_error: 1.3603e-06 - val_loss: 1.4286e-08 - val_mean_squared_error: 1.4286e-08 - 344s/epoch - 1s/step
Epoch 10/100

Epoch 00010: mean_squared_error did not improve from 0.00000
250/250 - 344s - loss: 9.7261e-07 - mean_squared_error: 1.3719e-06 - val_loss: 1.6065e-08 - val_mean_squared_error: 1.6065e-08 - 344s/epoch - 1s/step
Epoch 11/100

Epoch 00011: mean_squared_error improved from 0.00000 to 0.00000, saving model to /gpfswork/rech/ynx/ulx23va/repo/wf-SEDs/more_stars/wf-outputs/chkp/more_stars_bis/chkp_callback_poly_more_stars_8k_bis_4_cycle1
250/250 - 343s - loss: 9.5136e-07 - mean_squared_error: 1.3562e-06 - val_loss: 1.1000e-08 - val_mean_squared_error: 1.1000e-08 - 343s/epoch - 1s/step
Epoch 12/100

Epoch 00012: mean_squared_error improved from 0.00000 to 0.00000, saving model to /gpfswork/rech/ynx/ulx23va/repo/wf-SEDs/more_stars/wf-outputs/chkp/more_stars_bis/chkp_callback_poly_more_stars_8k_bis_4_cycle1
250/250 - 344s - loss: 9.5029e-07 - mean_squared_error: 1.3553e-06 - val_loss: 1.2005e-08 - val_mean_squared_error: 1.2005e-08 - 344s/epoch - 1s/step
Epoch 13/100

Epoch 00013: mean_squared_error improved from 0.00000 to 0.00000, saving model to /gpfswork/rech/ynx/ulx23va/repo/wf-SEDs/more_stars/wf-outputs/chkp/more_stars_bis/chkp_callback_poly_more_stars_8k_bis_4_cycle1
250/250 - 343s - loss: 9.4884e-07 - mean_squared_error: 1.3538e-06 - val_loss: 1.2037e-08 - val_mean_squared_error: 1.2037e-08 - 343s/epoch - 1s/step
Epoch 14/100

Epoch 00014: mean_squared_error improved from 0.00000 to 0.00000, saving model to /gpfswork/rech/ynx/ulx23va/repo/wf-SEDs/more_stars/wf-outputs/chkp/more_stars_bis/chkp_callback_poly_more_stars_8k_bis_4_cycle1
250/250 - 344s - loss: 9.4844e-07 - mean_squared_error: 1.3536e-06 - val_loss: 8.8517e-09 - val_mean_squared_error: 8.8517e-09 - 344s/epoch - 1s/step
Epoch 15/100

Epoch 00015: mean_squared_error improved from 0.00000 to 0.00000, saving model to /gpfswork/rech/ynx/ulx23va/repo/wf-SEDs/more_stars/wf-outputs/chkp/more_stars_bis/chkp_callback_poly_more_stars_8k_bis_4_cycle1
250/250 - 344s - loss: 9.4796e-07 - mean_squared_error: 1.3530e-06 - val_loss: 1.0004e-08 - val_mean_squared_error: 1.0004e-08 - 344s/epoch - 1s/step
Epoch 16/100

Epoch 00016: mean_squared_error did not improve from 0.00000
250/250 - 344s - loss: 9.5390e-07 - mean_squared_error: 1.3574e-06 - val_loss: 2.5746e-08 - val_mean_squared_error: 2.5746e-08 - 344s/epoch - 1s/step
Epoch 17/100

Epoch 00017: mean_squared_error did not improve from 0.00000
250/250 - 343s - loss: 9.4853e-07 - mean_squared_error: 1.3536e-06 - val_loss: 8.0563e-09 - val_mean_squared_error: 8.0563e-09 - 343s/epoch - 1s/step
Epoch 18/100

Epoch 00018: mean_squared_error improved from 0.00000 to 0.00000, saving model to /gpfswork/rech/ynx/ulx23va/repo/wf-SEDs/more_stars/wf-outputs/chkp/more_stars_bis/chkp_callback_poly_more_stars_8k_bis_4_cycle1
250/250 - 343s - loss: 9.4664e-07 - mean_squared_error: 1.3517e-06 - val_loss: 7.7975e-09 - val_mean_squared_error: 7.7975e-09 - 343s/epoch - 1s/step
Epoch 19/100

Epoch 00019: mean_squared_error improved from 0.00000 to 0.00000, saving model to /gpfswork/rech/ynx/ulx23va/repo/wf-SEDs/more_stars/wf-outputs/chkp/more_stars_bis/chkp_callback_poly_more_stars_8k_bis_4_cycle1
250/250 - 344s - loss: 9.4604e-07 - mean_squared_error: 1.3511e-06 - val_loss: 1.2871e-08 - val_mean_squared_error: 1.2871e-08 - 344s/epoch - 1s/step
Epoch 20/100

Epoch 00020: mean_squared_error did not improve from 0.00000
250/250 - 344s - loss: 9.4711e-07 - mean_squared_error: 1.3519e-06 - val_loss: 9.3446e-09 - val_mean_squared_error: 9.3446e-09 - 344s/epoch - 1s/step
Epoch 21/100

Epoch 00021: mean_squared_error improved from 0.00000 to 0.00000, saving model to /gpfswork/rech/ynx/ulx23va/repo/wf-SEDs/more_stars/wf-outputs/chkp/more_stars_bis/chkp_callback_poly_more_stars_8k_bis_4_cycle1
250/250 - 344s - loss: 9.4581e-07 - mean_squared_error: 1.3508e-06 - val_loss: 7.1344e-09 - val_mean_squared_error: 7.1344e-09 - 344s/epoch - 1s/step
Epoch 22/100

Epoch 00022: mean_squared_error did not improve from 0.00000
250/250 - 344s - loss: 9.4808e-07 - mean_squared_error: 1.3527e-06 - val_loss: 7.9394e-09 - val_mean_squared_error: 7.9394e-09 - 344s/epoch - 1s/step
Epoch 23/100

Epoch 00023: mean_squared_error did not improve from 0.00000
250/250 - 343s - loss: 9.4602e-07 - mean_squared_error: 1.3511e-06 - val_loss: 7.2422e-09 - val_mean_squared_error: 7.2422e-09 - 343s/epoch - 1s/step
Epoch 24/100

Epoch 00024: mean_squared_error did not improve from 0.00000
250/250 - 343s - loss: 9.4966e-07 - mean_squared_error: 1.3536e-06 - val_loss: 1.0307e-08 - val_mean_squared_error: 1.0307e-08 - 343s/epoch - 1s/step
Epoch 25/100

Epoch 00025: mean_squared_error did not improve from 0.00000
250/250 - 343s - loss: 9.4589e-07 - mean_squared_error: 1.3509e-06 - val_loss: 6.9935e-09 - val_mean_squared_error: 6.9935e-09 - 343s/epoch - 1s/step
Epoch 26/100

Epoch 00026: mean_squared_error improved from 0.00000 to 0.00000, saving model to /gpfswork/rech/ynx/ulx23va/repo/wf-SEDs/more_stars/wf-outputs/chkp/more_stars_bis/chkp_callback_poly_more_stars_8k_bis_4_cycle1
250/250 - 344s - loss: 9.4481e-07 - mean_squared_error: 1.3500e-06 - val_loss: 5.4364e-09 - val_mean_squared_error: 5.4364e-09 - 344s/epoch - 1s/step
Epoch 27/100

Epoch 00027: mean_squared_error improved from 0.00000 to 0.00000, saving model to /gpfswork/rech/ynx/ulx23va/repo/wf-SEDs/more_stars/wf-outputs/chkp/more_stars_bis/chkp_callback_poly_more_stars_8k_bis_4_cycle1
250/250 - 344s - loss: 9.4377e-07 - mean_squared_error: 1.3490e-06 - val_loss: 6.1868e-09 - val_mean_squared_error: 6.1868e-09 - 344s/epoch - 1s/step
Epoch 28/100

Epoch 00028: mean_squared_error did not improve from 0.00000
250/250 - 344s - loss: 9.4468e-07 - mean_squared_error: 1.3496e-06 - val_loss: 7.3812e-09 - val_mean_squared_error: 7.3812e-09 - 344s/epoch - 1s/step
Epoch 29/100

Epoch 00029: mean_squared_error improved from 0.00000 to 0.00000, saving model to /gpfswork/rech/ynx/ulx23va/repo/wf-SEDs/more_stars/wf-outputs/chkp/more_stars_bis/chkp_callback_poly_more_stars_8k_bis_4_cycle1
250/250 - 343s - loss: 9.4371e-07 - mean_squared_error: 1.3490e-06 - val_loss: 5.7900e-09 - val_mean_squared_error: 5.7900e-09 - 343s/epoch - 1s/step
Epoch 30/100

Epoch 00030: mean_squared_error did not improve from 0.00000
250/250 - 344s - loss: 9.4413e-07 - mean_squared_error: 1.3494e-06 - val_loss: 8.5717e-09 - val_mean_squared_error: 8.5717e-09 - 344s/epoch - 1s/step
Epoch 31/100

Epoch 00031: mean_squared_error did not improve from 0.00000
250/250 - 344s - loss: 9.4426e-07 - mean_squared_error: 1.3495e-06 - val_loss: 6.2907e-09 - val_mean_squared_error: 6.2907e-09 - 344s/epoch - 1s/step
Epoch 32/100

Epoch 00032: mean_squared_error did not improve from 0.00000
250/250 - 344s - loss: 9.4365e-07 - mean_squared_error: 1.3490e-06 - val_loss: 7.5014e-09 - val_mean_squared_error: 7.5014e-09 - 344s/epoch - 1s/step
Epoch 33/100

Epoch 00033: mean_squared_error did not improve from 0.00000
250/250 - 344s - loss: 9.4405e-07 - mean_squared_error: 1.3491e-06 - val_loss: 5.3474e-09 - val_mean_squared_error: 5.3474e-09 - 344s/epoch - 1s/step
Epoch 34/100

Epoch 00034: mean_squared_error did not improve from 0.00000
250/250 - 343s - loss: 9.4422e-07 - mean_squared_error: 1.3492e-06 - val_loss: 5.6973e-09 - val_mean_squared_error: 5.6973e-09 - 343s/epoch - 1s/step
Epoch 35/100

Epoch 00035: mean_squared_error improved from 0.00000 to 0.00000, saving model to /gpfswork/rech/ynx/ulx23va/repo/wf-SEDs/more_stars/wf-outputs/chkp/more_stars_bis/chkp_callback_poly_more_stars_8k_bis_4_cycle1
250/250 - 343s - loss: 9.4331e-07 - mean_squared_error: 1.3485e-06 - val_loss: 5.4774e-09 - val_mean_squared_error: 5.4774e-09 - 343s/epoch - 1s/step
Epoch 36/100

Epoch 00036: mean_squared_error did not improve from 0.00000
250/250 - 344s - loss: 9.4350e-07 - mean_squared_error: 1.3487e-06 - val_loss: 5.5366e-09 - val_mean_squared_error: 5.5366e-09 - 344s/epoch - 1s/step
Epoch 37/100

Epoch 00037: mean_squared_error did not improve from 0.00000
250/250 - 344s - loss: 9.4615e-07 - mean_squared_error: 1.3508e-06 - val_loss: 6.1803e-09 - val_mean_squared_error: 6.1803e-09 - 344s/epoch - 1s/step
Epoch 38/100

Epoch 00038: mean_squared_error did not improve from 0.00000
250/250 - 344s - loss: 9.4381e-07 - mean_squared_error: 1.3489e-06 - val_loss: 5.1177e-09 - val_mean_squared_error: 5.1177e-09 - 344s/epoch - 1s/step
Epoch 39/100

Epoch 00039: mean_squared_error improved from 0.00000 to 0.00000, saving model to /gpfswork/rech/ynx/ulx23va/repo/wf-SEDs/more_stars/wf-outputs/chkp/more_stars_bis/chkp_callback_poly_more_stars_8k_bis_4_cycle1
250/250 - 344s - loss: 9.4262e-07 - mean_squared_error: 1.3479e-06 - val_loss: 5.1331e-09 - val_mean_squared_error: 5.1331e-09 - 344s/epoch - 1s/step
Epoch 40/100

Epoch 00040: mean_squared_error did not improve from 0.00000
250/250 - 343s - loss: 9.4388e-07 - mean_squared_error: 1.3490e-06 - val_loss: 5.6560e-09 - val_mean_squared_error: 5.6560e-09 - 343s/epoch - 1s/step
Epoch 41/100

Epoch 00041: mean_squared_error did not improve from 0.00000
250/250 - 344s - loss: 9.4270e-07 - mean_squared_error: 1.3480e-06 - val_loss: 5.0635e-09 - val_mean_squared_error: 5.0635e-09 - 344s/epoch - 1s/step
Epoch 42/100

Epoch 00042: mean_squared_error did not improve from 0.00000
250/250 - 344s - loss: 9.4306e-07 - mean_squared_error: 1.3483e-06 - val_loss: 6.6650e-09 - val_mean_squared_error: 6.6650e-09 - 344s/epoch - 1s/step
Epoch 43/100

Epoch 00043: mean_squared_error improved from 0.00000 to 0.00000, saving model to /gpfswork/rech/ynx/ulx23va/repo/wf-SEDs/more_stars/wf-outputs/chkp/more_stars_bis/chkp_callback_poly_more_stars_8k_bis_4_cycle1
250/250 - 344s - loss: 9.4255e-07 - mean_squared_error: 1.3479e-06 - val_loss: 5.1650e-09 - val_mean_squared_error: 5.1650e-09 - 344s/epoch - 1s/step
Epoch 44/100

Epoch 00044: mean_squared_error did not improve from 0.00000
250/250 - 344s - loss: 9.4414e-07 - mean_squared_error: 1.3490e-06 - val_loss: 6.3550e-09 - val_mean_squared_error: 6.3550e-09 - 344s/epoch - 1s/step
Epoch 45/100

Epoch 00045: mean_squared_error did not improve from 0.00000
250/250 - 343s - loss: 9.4280e-07 - mean_squared_error: 1.3481e-06 - val_loss: 5.3076e-09 - val_mean_squared_error: 5.3076e-09 - 343s/epoch - 1s/step
Epoch 46/100

Epoch 00046: mean_squared_error improved from 0.00000 to 0.00000, saving model to /gpfswork/rech/ynx/ulx23va/repo/wf-SEDs/more_stars/wf-outputs/chkp/more_stars_bis/chkp_callback_poly_more_stars_8k_bis_4_cycle1
250/250 - 343s - loss: 9.4194e-07 - mean_squared_error: 1.3473e-06 - val_loss: 6.7460e-09 - val_mean_squared_error: 6.7460e-09 - 343s/epoch - 1s/step
Epoch 47/100

Epoch 00047: mean_squared_error did not improve from 0.00000
250/250 - 344s - loss: 9.4288e-07 - mean_squared_error: 1.3481e-06 - val_loss: 4.4470e-09 - val_mean_squared_error: 4.4470e-09 - 344s/epoch - 1s/step
Epoch 48/100

Epoch 00048: mean_squared_error did not improve from 0.00000
250/250 - 344s - loss: 9.4249e-07 - mean_squared_error: 1.3477e-06 - val_loss: 4.3416e-09 - val_mean_squared_error: 4.3416e-09 - 344s/epoch - 1s/step
Epoch 49/100

Epoch 00049: mean_squared_error did not improve from 0.00000
250/250 - 344s - loss: 9.4250e-07 - mean_squared_error: 1.3476e-06 - val_loss: 4.6111e-09 - val_mean_squared_error: 4.6111e-09 - 344s/epoch - 1s/step
Epoch 50/100

Epoch 00050: mean_squared_error improved from 0.00000 to 0.00000, saving model to /gpfswork/rech/ynx/ulx23va/repo/wf-SEDs/more_stars/wf-outputs/chkp/more_stars_bis/chkp_callback_poly_more_stars_8k_bis_4_cycle1
250/250 - 343s - loss: 9.4183e-07 - mean_squared_error: 1.3472e-06 - val_loss: 4.7241e-09 - val_mean_squared_error: 4.7241e-09 - 343s/epoch - 1s/step
Epoch 51/100

Epoch 00051: mean_squared_error improved from 0.00000 to 0.00000, saving model to /gpfswork/rech/ynx/ulx23va/repo/wf-SEDs/more_stars/wf-outputs/chkp/more_stars_bis/chkp_callback_poly_more_stars_8k_bis_4_cycle1
250/250 - 343s - loss: 9.4150e-07 - mean_squared_error: 1.3469e-06 - val_loss: 4.2208e-09 - val_mean_squared_error: 4.2208e-09 - 343s/epoch - 1s/step
Epoch 52/100

Epoch 00052: mean_squared_error did not improve from 0.00000
250/250 - 343s - loss: 9.4222e-07 - mean_squared_error: 1.3475e-06 - val_loss: 5.4521e-09 - val_mean_squared_error: 5.4521e-09 - 343s/epoch - 1s/step
Epoch 53/100

Epoch 00053: mean_squared_error did not improve from 0.00000
250/250 - 344s - loss: 9.4169e-07 - mean_squared_error: 1.3471e-06 - val_loss: 4.0747e-09 - val_mean_squared_error: 4.0747e-09 - 344s/epoch - 1s/step
Epoch 54/100

Epoch 00054: mean_squared_error did not improve from 0.00000
250/250 - 344s - loss: 9.4168e-07 - mean_squared_error: 1.3470e-06 - val_loss: 4.3646e-09 - val_mean_squared_error: 4.3646e-09 - 344s/epoch - 1s/step
Epoch 55/100

Epoch 00055: mean_squared_error did not improve from 0.00000
250/250 - 342s - loss: 9.4182e-07 - mean_squared_error: 1.3472e-06 - val_loss: 4.7669e-09 - val_mean_squared_error: 4.7669e-09 - 342s/epoch - 1s/step
Epoch 56/100

Epoch 00056: mean_squared_error improved from 0.00000 to 0.00000, saving model to /gpfswork/rech/ynx/ulx23va/repo/wf-SEDs/more_stars/wf-outputs/chkp/more_stars_bis/chkp_callback_poly_more_stars_8k_bis_4_cycle1
250/250 - 338s - loss: 9.4141e-07 - mean_squared_error: 1.3468e-06 - val_loss: 4.7912e-09 - val_mean_squared_error: 4.7912e-09 - 338s/epoch - 1s/step
Epoch 57/100

Epoch 00057: mean_squared_error did not improve from 0.00000
250/250 - 338s - loss: 9.4160e-07 - mean_squared_error: 1.3469e-06 - val_loss: 4.2918e-09 - val_mean_squared_error: 4.2918e-09 - 338s/epoch - 1s/step
Epoch 58/100

Epoch 00058: mean_squared_error did not improve from 0.00000
250/250 - 338s - loss: 9.4231e-07 - mean_squared_error: 1.3477e-06 - val_loss: 4.3385e-09 - val_mean_squared_error: 4.3385e-09 - 338s/epoch - 1s/step
Epoch 59/100

Epoch 00059: mean_squared_error did not improve from 0.00000
250/250 - 339s - loss: 9.4208e-07 - mean_squared_error: 1.3474e-06 - val_loss: 6.8536e-09 - val_mean_squared_error: 6.8536e-09 - 339s/epoch - 1s/step
Epoch 60/100

Epoch 00060: mean_squared_error did not improve from 0.00000
250/250 - 338s - loss: 9.4331e-07 - mean_squared_error: 1.3483e-06 - val_loss: 4.9086e-09 - val_mean_squared_error: 4.9086e-09 - 338s/epoch - 1s/step
Epoch 61/100

Epoch 00061: mean_squared_error did not improve from 0.00000
250/250 - 339s - loss: 9.4169e-07 - mean_squared_error: 1.3471e-06 - val_loss: 4.7331e-09 - val_mean_squared_error: 4.7331e-09 - 339s/epoch - 1s/step
Epoch 62/100

Epoch 00062: mean_squared_error improved from 0.00000 to 0.00000, saving model to /gpfswork/rech/ynx/ulx23va/repo/wf-SEDs/more_stars/wf-outputs/chkp/more_stars_bis/chkp_callback_poly_more_stars_8k_bis_4_cycle1
250/250 - 338s - loss: 9.4113e-07 - mean_squared_error: 1.3466e-06 - val_loss: 5.1244e-09 - val_mean_squared_error: 5.1244e-09 - 338s/epoch - 1s/step
Epoch 63/100

Epoch 00063: mean_squared_error improved from 0.00000 to 0.00000, saving model to /gpfswork/rech/ynx/ulx23va/repo/wf-SEDs/more_stars/wf-outputs/chkp/more_stars_bis/chkp_callback_poly_more_stars_8k_bis_4_cycle1
250/250 - 338s - loss: 9.4108e-07 - mean_squared_error: 1.3466e-06 - val_loss: 4.1552e-09 - val_mean_squared_error: 4.1552e-09 - 338s/epoch - 1s/step
Epoch 64/100

Epoch 00064: mean_squared_error did not improve from 0.00000
250/250 - 338s - loss: 9.4125e-07 - mean_squared_error: 1.3466e-06 - val_loss: 6.0513e-09 - val_mean_squared_error: 6.0513e-09 - 338s/epoch - 1s/step
Epoch 65/100

Epoch 00065: mean_squared_error did not improve from 0.00000
250/250 - 339s - loss: 9.4153e-07 - mean_squared_error: 1.3469e-06 - val_loss: 4.0994e-09 - val_mean_squared_error: 4.0994e-09 - 339s/epoch - 1s/step
Epoch 66/100

Epoch 00066: mean_squared_error did not improve from 0.00000
250/250 - 339s - loss: 9.4167e-07 - mean_squared_error: 1.3470e-06 - val_loss: 4.4624e-09 - val_mean_squared_error: 4.4624e-09 - 339s/epoch - 1s/step
Epoch 67/100

Epoch 00067: mean_squared_error improved from 0.00000 to 0.00000, saving model to /gpfswork/rech/ynx/ulx23va/repo/wf-SEDs/more_stars/wf-outputs/chkp/more_stars_bis/chkp_callback_poly_more_stars_8k_bis_4_cycle1
250/250 - 339s - loss: 9.4098e-07 - mean_squared_error: 1.3465e-06 - val_loss: 4.4073e-09 - val_mean_squared_error: 4.4073e-09 - 339s/epoch - 1s/step
Epoch 68/100

Epoch 00068: mean_squared_error did not improve from 0.00000
250/250 - 338s - loss: 9.4110e-07 - mean_squared_error: 1.3465e-06 - val_loss: 3.9886e-09 - val_mean_squared_error: 3.9886e-09 - 338s/epoch - 1s/step
Epoch 69/100

Epoch 00069: mean_squared_error did not improve from 0.00000
250/250 - 339s - loss: 9.4112e-07 - mean_squared_error: 1.3466e-06 - val_loss: 3.8568e-09 - val_mean_squared_error: 3.8568e-09 - 339s/epoch - 1s/step
Epoch 70/100

Epoch 00070: mean_squared_error did not improve from 0.00000
250/250 - 338s - loss: 9.4120e-07 - mean_squared_error: 1.3465e-06 - val_loss: 4.6222e-09 - val_mean_squared_error: 4.6222e-09 - 338s/epoch - 1s/step
Epoch 71/100

Epoch 00071: mean_squared_error did not improve from 0.00000
250/250 - 339s - loss: 9.4125e-07 - mean_squared_error: 1.3467e-06 - val_loss: 3.9979e-09 - val_mean_squared_error: 3.9979e-09 - 339s/epoch - 1s/step
Epoch 72/100

Epoch 00072: mean_squared_error improved from 0.00000 to 0.00000, saving model to /gpfswork/rech/ynx/ulx23va/repo/wf-SEDs/more_stars/wf-outputs/chkp/more_stars_bis/chkp_callback_poly_more_stars_8k_bis_4_cycle1
250/250 - 339s - loss: 9.4102e-07 - mean_squared_error: 1.3464e-06 - val_loss: 5.6769e-09 - val_mean_squared_error: 5.6769e-09 - 339s/epoch - 1s/step
Epoch 73/100

Epoch 00073: mean_squared_error did not improve from 0.00000
250/250 - 339s - loss: 9.4111e-07 - mean_squared_error: 1.3466e-06 - val_loss: 3.5285e-09 - val_mean_squared_error: 3.5285e-09 - 339s/epoch - 1s/step
Epoch 74/100

Epoch 00074: mean_squared_error did not improve from 0.00000
250/250 - 338s - loss: 9.4109e-07 - mean_squared_error: 1.3465e-06 - val_loss: 4.1713e-09 - val_mean_squared_error: 4.1713e-09 - 338s/epoch - 1s/step
Epoch 75/100

Epoch 00075: mean_squared_error improved from 0.00000 to 0.00000, saving model to /gpfswork/rech/ynx/ulx23va/repo/wf-SEDs/more_stars/wf-outputs/chkp/more_stars_bis/chkp_callback_poly_more_stars_8k_bis_4_cycle1
250/250 - 339s - loss: 9.4075e-07 - mean_squared_error: 1.3462e-06 - val_loss: 4.1850e-09 - val_mean_squared_error: 4.1850e-09 - 339s/epoch - 1s/step
Epoch 76/100

Epoch 00076: mean_squared_error did not improve from 0.00000
250/250 - 338s - loss: 9.4091e-07 - mean_squared_error: 1.3463e-06 - val_loss: 4.6747e-09 - val_mean_squared_error: 4.6747e-09 - 338s/epoch - 1s/step
Epoch 77/100

Epoch 00077: mean_squared_error did not improve from 0.00000
250/250 - 339s - loss: 9.4076e-07 - mean_squared_error: 1.3463e-06 - val_loss: 4.5527e-09 - val_mean_squared_error: 4.5527e-09 - 339s/epoch - 1s/step
Epoch 78/100

Epoch 00078: mean_squared_error did not improve from 0.00000
250/250 - 339s - loss: 9.4188e-07 - mean_squared_error: 1.3472e-06 - val_loss: 5.0051e-09 - val_mean_squared_error: 5.0051e-09 - 339s/epoch - 1s/step
Epoch 79/100

Epoch 00079: mean_squared_error improved from 0.00000 to 0.00000, saving model to /gpfswork/rech/ynx/ulx23va/repo/wf-SEDs/more_stars/wf-outputs/chkp/more_stars_bis/chkp_callback_poly_more_stars_8k_bis_4_cycle1
250/250 - 338s - loss: 9.4061e-07 - mean_squared_error: 1.3461e-06 - val_loss: 4.0533e-09 - val_mean_squared_error: 4.0533e-09 - 338s/epoch - 1s/step
Epoch 80/100

Epoch 00080: mean_squared_error did not improve from 0.00000
250/250 - 338s - loss: 9.4135e-07 - mean_squared_error: 1.3468e-06 - val_loss: 4.7432e-09 - val_mean_squared_error: 4.7432e-09 - 338s/epoch - 1s/step
Epoch 81/100

Epoch 00081: mean_squared_error did not improve from 0.00000
250/250 - 339s - loss: 9.4112e-07 - mean_squared_error: 1.3464e-06 - val_loss: 3.9035e-09 - val_mean_squared_error: 3.9035e-09 - 339s/epoch - 1s/step
Epoch 82/100

Epoch 00082: mean_squared_error did not improve from 0.00000
250/250 - 338s - loss: 9.4108e-07 - mean_squared_error: 1.3464e-06 - val_loss: 5.0632e-09 - val_mean_squared_error: 5.0632e-09 - 338s/epoch - 1s/step
Epoch 83/100

Epoch 00083: mean_squared_error did not improve from 0.00000
250/250 - 339s - loss: 9.4076e-07 - mean_squared_error: 1.3462e-06 - val_loss: 4.4761e-09 - val_mean_squared_error: 4.4761e-09 - 339s/epoch - 1s/step
Epoch 84/100

Epoch 00084: mean_squared_error did not improve from 0.00000
250/250 - 339s - loss: 9.4124e-07 - mean_squared_error: 1.3465e-06 - val_loss: 4.1112e-09 - val_mean_squared_error: 4.1112e-09 - 339s/epoch - 1s/step
Epoch 85/100

Epoch 00085: mean_squared_error improved from 0.00000 to 0.00000, saving model to /gpfswork/rech/ynx/ulx23va/repo/wf-SEDs/more_stars/wf-outputs/chkp/more_stars_bis/chkp_callback_poly_more_stars_8k_bis_4_cycle1
250/250 - 328s - loss: 9.4046e-07 - mean_squared_error: 1.3459e-06 - val_loss: 4.5701e-09 - val_mean_squared_error: 4.5701e-09 - 328s/epoch - 1s/step
Epoch 86/100

Epoch 00086: mean_squared_error did not improve from 0.00000
250/250 - 331s - loss: 9.4061e-07 - mean_squared_error: 1.3460e-06 - val_loss: 4.0920e-09 - val_mean_squared_error: 4.0920e-09 - 331s/epoch - 1s/step
Epoch 87/100

Epoch 00087: mean_squared_error improved from 0.00000 to 0.00000, saving model to /gpfswork/rech/ynx/ulx23va/repo/wf-SEDs/more_stars/wf-outputs/chkp/more_stars_bis/chkp_callback_poly_more_stars_8k_bis_4_cycle1
250/250 - 322s - loss: 9.4021e-07 - mean_squared_error: 1.3457e-06 - val_loss: 4.3856e-09 - val_mean_squared_error: 4.3856e-09 - 322s/epoch - 1s/step
Epoch 88/100

Epoch 00088: mean_squared_error did not improve from 0.00000
250/250 - 324s - loss: 9.4039e-07 - mean_squared_error: 1.3459e-06 - val_loss: 4.3398e-09 - val_mean_squared_error: 4.3398e-09 - 324s/epoch - 1s/step
Epoch 89/100

Epoch 00089: mean_squared_error did not improve from 0.00000
250/250 - 324s - loss: 9.4057e-07 - mean_squared_error: 1.3460e-06 - val_loss: 3.6394e-09 - val_mean_squared_error: 3.6394e-09 - 324s/epoch - 1s/step
Epoch 90/100

Epoch 00090: mean_squared_error did not improve from 0.00000
250/250 - 324s - loss: 9.4024e-07 - mean_squared_error: 1.3458e-06 - val_loss: 4.4337e-09 - val_mean_squared_error: 4.4337e-09 - 324s/epoch - 1s/step
Epoch 91/100

Epoch 00091: mean_squared_error did not improve from 0.00000
250/250 - 324s - loss: 9.4085e-07 - mean_squared_error: 1.3462e-06 - val_loss: 5.2975e-09 - val_mean_squared_error: 5.2975e-09 - 324s/epoch - 1s/step
Epoch 92/100

Epoch 00092: mean_squared_error did not improve from 0.00000
250/250 - 325s - loss: 9.4041e-07 - mean_squared_error: 1.3458e-06 - val_loss: 3.8507e-09 - val_mean_squared_error: 3.8507e-09 - 325s/epoch - 1s/step
Epoch 93/100

Epoch 00093: mean_squared_error did not improve from 0.00000
250/250 - 325s - loss: 9.4053e-07 - mean_squared_error: 1.3459e-06 - val_loss: 3.6700e-09 - val_mean_squared_error: 3.6700e-09 - 325s/epoch - 1s/step
Epoch 94/100

Epoch 00094: mean_squared_error did not improve from 0.00000
250/250 - 326s - loss: 9.4028e-07 - mean_squared_error: 1.3458e-06 - val_loss: 4.8130e-09 - val_mean_squared_error: 4.8130e-09 - 326s/epoch - 1s/step
Epoch 95/100

Epoch 00095: mean_squared_error did not improve from 0.00000
250/250 - 330s - loss: 9.4092e-07 - mean_squared_error: 1.3463e-06 - val_loss: 4.6238e-09 - val_mean_squared_error: 4.6238e-09 - 330s/epoch - 1s/step
Epoch 96/100

Epoch 00096: mean_squared_error improved from 0.00000 to 0.00000, saving model to /gpfswork/rech/ynx/ulx23va/repo/wf-SEDs/more_stars/wf-outputs/chkp/more_stars_bis/chkp_callback_poly_more_stars_8k_bis_4_cycle1
250/250 - 330s - loss: 9.4006e-07 - mean_squared_error: 1.3456e-06 - val_loss: 3.5556e-09 - val_mean_squared_error: 3.5556e-09 - 330s/epoch - 1s/step
Epoch 97/100

Epoch 00097: mean_squared_error did not improve from 0.00000
250/250 - 328s - loss: 9.4030e-07 - mean_squared_error: 1.3457e-06 - val_loss: 3.6080e-09 - val_mean_squared_error: 3.6080e-09 - 328s/epoch - 1s/step
Epoch 98/100

Epoch 00098: mean_squared_error did not improve from 0.00000
250/250 - 330s - loss: 9.4095e-07 - mean_squared_error: 1.3463e-06 - val_loss: 3.7482e-09 - val_mean_squared_error: 3.7482e-09 - 330s/epoch - 1s/step
Epoch 99/100

Epoch 00099: mean_squared_error did not improve from 0.00000
250/250 - 330s - loss: 9.4021e-07 - mean_squared_error: 1.3457e-06 - val_loss: 7.1051e-09 - val_mean_squared_error: 7.1051e-09 - 330s/epoch - 1s/step
Epoch 100/100

Epoch 00100: mean_squared_error did not improve from 0.00000
250/250 - 335s - loss: 9.4073e-07 - mean_squared_error: 1.3461e-06 - val_loss: 4.9934e-09 - val_mean_squared_error: 4.9934e-09 - 335s/epoch - 1s/step
Cycle1 elapsed time: 38585.199718
Starting cycle 2..
Starting parametric update..
Epoch 1/15

Epoch 00001: mean_squared_error improved from inf to 0.00000, saving model to /gpfswork/rech/ynx/ulx23va/repo/wf-SEDs/more_stars/wf-outputs/chkp/more_stars_bis/chkp_callback_poly_more_stars_8k_bis_4_cycle2
250/250 - 303s - loss: 9.4247e-07 - mean_squared_error: 1.3479e-06 - val_loss: 1.4580e-08 - val_mean_squared_error: 1.4580e-08 - 303s/epoch - 1s/step
Epoch 2/15

Epoch 00002: mean_squared_error did not improve from 0.00000
250/250 - 304s - loss: 9.4776e-07 - mean_squared_error: 1.3528e-06 - val_loss: 1.8490e-08 - val_mean_squared_error: 1.8490e-08 - 304s/epoch - 1s/step
Epoch 3/15

Epoch 00003: mean_squared_error did not improve from 0.00000
250/250 - 308s - loss: 9.5014e-07 - mean_squared_error: 1.3551e-06 - val_loss: 2.5647e-08 - val_mean_squared_error: 2.5647e-08 - 308s/epoch - 1s/step
Epoch 4/15

Epoch 00004: mean_squared_error did not improve from 0.00000
250/250 - 303s - loss: 9.5423e-07 - mean_squared_error: 1.3591e-06 - val_loss: 2.5606e-08 - val_mean_squared_error: 2.5606e-08 - 303s/epoch - 1s/step
Epoch 5/15

Epoch 00005: mean_squared_error did not improve from 0.00000
250/250 - 305s - loss: 9.6755e-07 - mean_squared_error: 1.3709e-06 - val_loss: 4.4727e-08 - val_mean_squared_error: 4.4727e-08 - 305s/epoch - 1s/step
Epoch 6/15

Epoch 00006: mean_squared_error did not improve from 0.00000
250/250 - 306s - loss: 9.6604e-07 - mean_squared_error: 1.3699e-06 - val_loss: 1.0453e-08 - val_mean_squared_error: 1.0453e-08 - 306s/epoch - 1s/step
Epoch 7/15

Epoch 00007: mean_squared_error did not improve from 0.00000
250/250 - 305s - loss: 9.5620e-07 - mean_squared_error: 1.3606e-06 - val_loss: 5.9933e-08 - val_mean_squared_error: 5.9933e-08 - 305s/epoch - 1s/step
Epoch 8/15

Epoch 00008: mean_squared_error did not improve from 0.00000
250/250 - 305s - loss: 9.6276e-07 - mean_squared_error: 1.3677e-06 - val_loss: 1.3391e-08 - val_mean_squared_error: 1.3391e-08 - 305s/epoch - 1s/step
Epoch 9/15

Epoch 00009: mean_squared_error did not improve from 0.00000
250/250 - 305s - loss: 9.5438e-07 - mean_squared_error: 1.3595e-06 - val_loss: 6.7772e-08 - val_mean_squared_error: 6.7772e-08 - 305s/epoch - 1s/step
Epoch 10/15

Epoch 00010: mean_squared_error did not improve from 0.00000
250/250 - 305s - loss: 9.8221e-07 - mean_squared_error: 1.3852e-06 - val_loss: 2.2634e-08 - val_mean_squared_error: 2.2634e-08 - 305s/epoch - 1s/step
Epoch 11/15

Epoch 00011: mean_squared_error did not improve from 0.00000
250/250 - 308s - loss: 9.6621e-07 - mean_squared_error: 1.3704e-06 - val_loss: 4.0853e-08 - val_mean_squared_error: 4.0853e-08 - 308s/epoch - 1s/step
Epoch 12/15

Epoch 00012: mean_squared_error did not improve from 0.00000
250/250 - 305s - loss: 9.8507e-07 - mean_squared_error: 1.3886e-06 - val_loss: 2.9788e-08 - val_mean_squared_error: 2.9788e-08 - 305s/epoch - 1s/step
Epoch 13/15

Epoch 00013: mean_squared_error did not improve from 0.00000
250/250 - 308s - loss: 9.8317e-07 - mean_squared_error: 1.3856e-06 - val_loss: 7.6690e-08 - val_mean_squared_error: 7.6690e-08 - 308s/epoch - 1s/step
Epoch 14/15

Epoch 00014: mean_squared_error did not improve from 0.00000
250/250 - 308s - loss: 9.6381e-07 - mean_squared_error: 1.3675e-06 - val_loss: 1.1287e-08 - val_mean_squared_error: 1.1287e-08 - 308s/epoch - 1s/step
Epoch 15/15

Epoch 00015: mean_squared_error did not improve from 0.00000
250/250 - 307s - loss: 9.7641e-07 - mean_squared_error: 1.3787e-06 - val_loss: 5.0078e-08 - val_mean_squared_error: 5.0078e-08 - 307s/epoch - 1s/step
Starting non-parametric update..
Epoch 1/50

Epoch 00001: mean_squared_error did not improve from 0.00000
250/250 - 346s - loss: 9.4429e-07 - mean_squared_error: 1.3496e-06 - val_loss: 3.0975e-09 - val_mean_squared_error: 3.0975e-09 - 346s/epoch - 1s/step
Epoch 2/50

Epoch 00002: mean_squared_error improved from 0.00000 to 0.00000, saving model to /gpfswork/rech/ynx/ulx23va/repo/wf-SEDs/more_stars/wf-outputs/chkp/more_stars_bis/chkp_callback_poly_more_stars_8k_bis_4_cycle2
250/250 - 340s - loss: 9.3866e-07 - mean_squared_error: 1.3443e-06 - val_loss: 2.6855e-09 - val_mean_squared_error: 2.6855e-09 - 340s/epoch - 1s/step
Epoch 3/50

Epoch 00003: mean_squared_error improved from 0.00000 to 0.00000, saving model to /gpfswork/rech/ynx/ulx23va/repo/wf-SEDs/more_stars/wf-outputs/chkp/more_stars_bis/chkp_callback_poly_more_stars_8k_bis_4_cycle2
250/250 - 341s - loss: 9.3856e-07 - mean_squared_error: 1.3442e-06 - val_loss: 2.7089e-09 - val_mean_squared_error: 2.7089e-09 - 341s/epoch - 1s/step
Epoch 4/50

Epoch 00004: mean_squared_error did not improve from 0.00000
250/250 - 343s - loss: 9.3856e-07 - mean_squared_error: 1.3442e-06 - val_loss: 2.7578e-09 - val_mean_squared_error: 2.7578e-09 - 343s/epoch - 1s/step
Epoch 5/50

Epoch 00005: mean_squared_error did not improve from 0.00000
250/250 - 340s - loss: 9.3868e-07 - mean_squared_error: 1.3443e-06 - val_loss: 2.7256e-09 - val_mean_squared_error: 2.7256e-09 - 340s/epoch - 1s/step
Epoch 6/50

Epoch 00006: mean_squared_error did not improve from 0.00000
250/250 - 343s - loss: 9.3862e-07 - mean_squared_error: 1.3443e-06 - val_loss: 2.9940e-09 - val_mean_squared_error: 2.9940e-09 - 343s/epoch - 1s/step
Epoch 7/50

Epoch 00007: mean_squared_error did not improve from 0.00000
250/250 - 342s - loss: 9.3874e-07 - mean_squared_error: 1.3444e-06 - val_loss: 2.9396e-09 - val_mean_squared_error: 2.9396e-09 - 342s/epoch - 1s/step
Epoch 8/50

Epoch 00008: mean_squared_error did not improve from 0.00000
250/250 - 340s - loss: 9.3867e-07 - mean_squared_error: 1.3443e-06 - val_loss: 2.7475e-09 - val_mean_squared_error: 2.7475e-09 - 340s/epoch - 1s/step
Epoch 9/50

Epoch 00009: mean_squared_error did not improve from 0.00000
250/250 - 343s - loss: 9.3868e-07 - mean_squared_error: 1.3443e-06 - val_loss: 2.9247e-09 - val_mean_squared_error: 2.9247e-09 - 343s/epoch - 1s/step
Epoch 10/50

Epoch 00010: mean_squared_error did not improve from 0.00000
250/250 - 343s - loss: 9.3883e-07 - mean_squared_error: 1.3445e-06 - val_loss: 2.9618e-09 - val_mean_squared_error: 2.9618e-09 - 343s/epoch - 1s/step
Epoch 11/50

Epoch 00011: mean_squared_error did not improve from 0.00000
250/250 - 340s - loss: 9.3878e-07 - mean_squared_error: 1.3444e-06 - val_loss: 3.0102e-09 - val_mean_squared_error: 3.0102e-09 - 340s/epoch - 1s/step
Epoch 12/50

Epoch 00012: mean_squared_error did not improve from 0.00000
250/250 - 343s - loss: 9.3877e-07 - mean_squared_error: 1.3444e-06 - val_loss: 2.9486e-09 - val_mean_squared_error: 2.9486e-09 - 343s/epoch - 1s/step
Epoch 13/50

Epoch 00013: mean_squared_error did not improve from 0.00000
250/250 - 339s - loss: 9.3877e-07 - mean_squared_error: 1.3444e-06 - val_loss: 2.9491e-09 - val_mean_squared_error: 2.9491e-09 - 339s/epoch - 1s/step
Epoch 14/50

Epoch 00014: mean_squared_error did not improve from 0.00000
250/250 - 342s - loss: 9.3883e-07 - mean_squared_error: 1.3445e-06 - val_loss: 3.0369e-09 - val_mean_squared_error: 3.0369e-09 - 342s/epoch - 1s/step
Epoch 15/50

Epoch 00015: mean_squared_error did not improve from 0.00000
250/250 - 342s - loss: 9.3877e-07 - mean_squared_error: 1.3444e-06 - val_loss: 2.9459e-09 - val_mean_squared_error: 2.9459e-09 - 342s/epoch - 1s/step
Epoch 16/50

Epoch 00016: mean_squared_error did not improve from 0.00000
250/250 - 341s - loss: 9.3890e-07 - mean_squared_error: 1.3445e-06 - val_loss: 2.9235e-09 - val_mean_squared_error: 2.9235e-09 - 341s/epoch - 1s/step
Epoch 17/50

Epoch 00017: mean_squared_error did not improve from 0.00000
250/250 - 343s - loss: 9.3884e-07 - mean_squared_error: 1.3445e-06 - val_loss: 3.4368e-09 - val_mean_squared_error: 3.4368e-09 - 343s/epoch - 1s/step
Epoch 18/50

Epoch 00018: mean_squared_error did not improve from 0.00000
250/250 - 340s - loss: 9.3881e-07 - mean_squared_error: 1.3445e-06 - val_loss: 3.3871e-09 - val_mean_squared_error: 3.3871e-09 - 340s/epoch - 1s/step
Epoch 19/50

Epoch 00019: mean_squared_error did not improve from 0.00000
250/250 - 342s - loss: 9.3901e-07 - mean_squared_error: 1.3446e-06 - val_loss: 3.1122e-09 - val_mean_squared_error: 3.1122e-09 - 342s/epoch - 1s/step
Epoch 20/50

Epoch 00020: mean_squared_error did not improve from 0.00000
250/250 - 340s - loss: 9.3872e-07 - mean_squared_error: 1.3444e-06 - val_loss: 2.7954e-09 - val_mean_squared_error: 2.7954e-09 - 340s/epoch - 1s/step
Epoch 21/50

Epoch 00021: mean_squared_error did not improve from 0.00000
250/250 - 343s - loss: 9.3890e-07 - mean_squared_error: 1.3445e-06 - val_loss: 2.9283e-09 - val_mean_squared_error: 2.9283e-09 - 343s/epoch - 1s/step
Epoch 22/50

Epoch 00022: mean_squared_error did not improve from 0.00000
250/250 - 341s - loss: 9.3875e-07 - mean_squared_error: 1.3443e-06 - val_loss: 3.5785e-09 - val_mean_squared_error: 3.5785e-09 - 341s/epoch - 1s/step
Epoch 23/50

Epoch 00023: mean_squared_error did not improve from 0.00000
250/250 - 343s - loss: 9.3887e-07 - mean_squared_error: 1.3445e-06 - val_loss: 3.2498e-09 - val_mean_squared_error: 3.2498e-09 - 343s/epoch - 1s/step
Epoch 24/50

Epoch 00024: mean_squared_error did not improve from 0.00000
250/250 - 340s - loss: 9.3885e-07 - mean_squared_error: 1.3445e-06 - val_loss: 2.8948e-09 - val_mean_squared_error: 2.8948e-09 - 340s/epoch - 1s/step
Epoch 25/50

Epoch 00025: mean_squared_error did not improve from 0.00000
250/250 - 340s - loss: 9.3912e-07 - mean_squared_error: 1.3447e-06 - val_loss: 3.0007e-09 - val_mean_squared_error: 3.0007e-09 - 340s/epoch - 1s/step
Epoch 26/50

Epoch 00026: mean_squared_error did not improve from 0.00000
250/250 - 343s - loss: 9.3882e-07 - mean_squared_error: 1.3445e-06 - val_loss: 3.2884e-09 - val_mean_squared_error: 3.2884e-09 - 343s/epoch - 1s/step
Epoch 27/50

Epoch 00027: mean_squared_error did not improve from 0.00000
250/250 - 343s - loss: 9.3866e-07 - mean_squared_error: 1.3443e-06 - val_loss: 2.8414e-09 - val_mean_squared_error: 2.8414e-09 - 343s/epoch - 1s/step
Epoch 28/50

Epoch 00028: mean_squared_error did not improve from 0.00000
250/250 - 341s - loss: 9.3879e-07 - mean_squared_error: 1.3444e-06 - val_loss: 2.7163e-09 - val_mean_squared_error: 2.7163e-09 - 341s/epoch - 1s/step
Epoch 29/50

Epoch 00029: mean_squared_error did not improve from 0.00000
250/250 - 321s - loss: 9.3866e-07 - mean_squared_error: 1.3443e-06 - val_loss: 3.0197e-09 - val_mean_squared_error: 3.0197e-09 - 321s/epoch - 1s/step
Epoch 30/50

Epoch 00030: mean_squared_error did not improve from 0.00000
250/250 - 291s - loss: 9.3867e-07 - mean_squared_error: 1.3443e-06 - val_loss: 2.9011e-09 - val_mean_squared_error: 2.9011e-09 - 291s/epoch - 1s/step
Epoch 31/50

Epoch 00031: mean_squared_error did not improve from 0.00000
250/250 - 291s - loss: 9.3878e-07 - mean_squared_error: 1.3444e-06 - val_loss: 2.8999e-09 - val_mean_squared_error: 2.8999e-09 - 291s/epoch - 1s/step
Epoch 32/50

Epoch 00032: mean_squared_error did not improve from 0.00000
250/250 - 271s - loss: 9.3897e-07 - mean_squared_error: 1.3446e-06 - val_loss: 2.8509e-09 - val_mean_squared_error: 2.8509e-09 - 271s/epoch - 1s/step
Epoch 33/50

Epoch 00033: mean_squared_error did not improve from 0.00000
250/250 - 252s - loss: 9.3874e-07 - mean_squared_error: 1.3444e-06 - val_loss: 3.1856e-09 - val_mean_squared_error: 3.1856e-09 - 252s/epoch - 1s/step
Epoch 34/50

Epoch 00034: mean_squared_error did not improve from 0.00000
250/250 - 253s - loss: 9.3871e-07 - mean_squared_error: 1.3444e-06 - val_loss: 2.7415e-09 - val_mean_squared_error: 2.7415e-09 - 253s/epoch - 1s/step
Epoch 35/50

Epoch 00035: mean_squared_error did not improve from 0.00000
250/250 - 287s - loss: 9.3879e-07 - mean_squared_error: 1.3444e-06 - val_loss: 3.3881e-09 - val_mean_squared_error: 3.3881e-09 - 287s/epoch - 1s/step
Epoch 36/50

Epoch 00036: mean_squared_error did not improve from 0.00000
250/250 - 259s - loss: 9.3879e-07 - mean_squared_error: 1.3444e-06 - val_loss: 3.0621e-09 - val_mean_squared_error: 3.0621e-09 - 259s/epoch - 1s/step
Epoch 37/50

Epoch 00037: mean_squared_error did not improve from 0.00000
250/250 - 252s - loss: 9.3875e-07 - mean_squared_error: 1.3444e-06 - val_loss: 3.6466e-09 - val_mean_squared_error: 3.6466e-09 - 252s/epoch - 1s/step
Epoch 38/50

Epoch 00038: mean_squared_error did not improve from 0.00000
250/250 - 276s - loss: 9.3880e-07 - mean_squared_error: 1.3444e-06 - val_loss: 3.5119e-09 - val_mean_squared_error: 3.5119e-09 - 276s/epoch - 1s/step
Epoch 39/50

Epoch 00039: mean_squared_error did not improve from 0.00000
250/250 - 270s - loss: 9.3862e-07 - mean_squared_error: 1.3443e-06 - val_loss: 2.9479e-09 - val_mean_squared_error: 2.9479e-09 - 270s/epoch - 1s/step
Epoch 40/50

Epoch 00040: mean_squared_error did not improve from 0.00000
250/250 - 253s - loss: 9.3875e-07 - mean_squared_error: 1.3444e-06 - val_loss: 2.7644e-09 - val_mean_squared_error: 2.7644e-09 - 253s/epoch - 1s/step
Epoch 41/50

Epoch 00041: mean_squared_error did not improve from 0.00000
250/250 - 247s - loss: 9.3865e-07 - mean_squared_error: 1.3443e-06 - val_loss: 2.9385e-09 - val_mean_squared_error: 2.9385e-09 - 247s/epoch - 989ms/step
Epoch 42/50

Epoch 00042: mean_squared_error did not improve from 0.00000
250/250 - 247s - loss: 9.3869e-07 - mean_squared_error: 1.3443e-06 - val_loss: 3.4271e-09 - val_mean_squared_error: 3.4271e-09 - 247s/epoch - 989ms/step
Epoch 43/50

Epoch 00043: mean_squared_error did not improve from 0.00000
250/250 - 255s - loss: 9.3863e-07 - mean_squared_error: 1.3443e-06 - val_loss: 3.2353e-09 - val_mean_squared_error: 3.2353e-09 - 255s/epoch - 1s/step
Epoch 44/50

Epoch 00044: mean_squared_error did not improve from 0.00000
250/250 - 247s - loss: 9.3869e-07 - mean_squared_error: 1.3443e-06 - val_loss: 2.8687e-09 - val_mean_squared_error: 2.8687e-09 - 247s/epoch - 988ms/step
Epoch 45/50

Epoch 00045: mean_squared_error improved from 0.00000 to 0.00000, saving model to /gpfswork/rech/ynx/ulx23va/repo/wf-SEDs/more_stars/wf-outputs/chkp/more_stars_bis/chkp_callback_poly_more_stars_8k_bis_4_cycle2
250/250 - 247s - loss: 9.3856e-07 - mean_squared_error: 1.3442e-06 - val_loss: 2.8172e-09 - val_mean_squared_error: 2.8172e-09 - 247s/epoch - 988ms/step
Epoch 46/50

Epoch 00046: mean_squared_error improved from 0.00000 to 0.00000, saving model to /gpfswork/rech/ynx/ulx23va/repo/wf-SEDs/more_stars/wf-outputs/chkp/more_stars_bis/chkp_callback_poly_more_stars_8k_bis_4_cycle2
250/250 - 247s - loss: 9.3852e-07 - mean_squared_error: 1.3442e-06 - val_loss: 2.9023e-09 - val_mean_squared_error: 2.9023e-09 - 247s/epoch - 988ms/step
Epoch 47/50

Epoch 00047: mean_squared_error did not improve from 0.00000
250/250 - 247s - loss: 9.3868e-07 - mean_squared_error: 1.3443e-06 - val_loss: 2.6797e-09 - val_mean_squared_error: 2.6797e-09 - 247s/epoch - 989ms/step
Epoch 48/50

Epoch 00048: mean_squared_error did not improve from 0.00000
250/250 - 255s - loss: 9.3870e-07 - mean_squared_error: 1.3443e-06 - val_loss: 2.8925e-09 - val_mean_squared_error: 2.8925e-09 - 255s/epoch - 1s/step
Epoch 49/50

Epoch 00049: mean_squared_error did not improve from 0.00000
250/250 - 249s - loss: 9.3955e-07 - mean_squared_error: 1.3450e-06 - val_loss: 3.0692e-09 - val_mean_squared_error: 3.0692e-09 - 249s/epoch - 997ms/step
Epoch 50/50

Epoch 00050: mean_squared_error did not improve from 0.00000
250/250 - 255s - loss: 9.3864e-07 - mean_squared_error: 1.3443e-06 - val_loss: 3.0493e-09 - val_mean_squared_error: 3.0493e-09 - 255s/epoch - 1s/step
Cycle2 elapsed time: 19946.057213

Total elapsed time: 58542.129347

 Good bye..
