Starting the log file.
Found GPU at: /device:GPU:0
tf_version: 2.7.0
Dataset parameters:
{'d_max': 2, 'max_order': 45, 'x_lims': [0, 1000.0], 'y_lims': [0, 1000.0], 'grid_points': [4, 4], 'n_bins': 8, 'max_wfe_rms': 0.1, 'oversampling_rate': 3.0, 'output_Q': 3.0, 'output_dim': 32, 'LP_filter_length': 2, 'pupil_diameter': 128, 'euclid_obsc': True, 'n_stars': 6000}

***
Metric evaluation on the test dataset
***

Absolute RMSE:	 1.2195e-04 	 +/- 2.0238e-05
Relative RMSE:	 1.6517e+00 % 	 +/- 4.4156e-01 %
Absolute RMSE:	 1.5676e-01 	 +/- 1.4838e-02
Relative RMSE:	 2.0823e+02 % 	 +/- 2.0182e+01 %

Pixel star absolute RMSE:	 5.9105e-05 	 +/- 1.4787e-05 
Pixel star relative RMSE:	 3.8970e+00 % 	 +/- 1.2307e+00 %

sigma(e1) RMSE =		 1.0681e-02 	 +/- 9.8200e-03 
sigma(e2) RMSE =		 7.0242e-03 	 +/- 7.0106e-03 
sigma(R2)/<R2> =		 3.8575e-01 	 +/- 3.1797e-01 

Relative sigma(e1) RMSE =	 4.5614e+03 % 	 +/- 4.5599e+03 %
Relative sigma(e2) RMSE =	 2.6688e+03 % 	 +/- 2.6683e+03 %

Total number of stars: 		2000
Problematic number of stars: 	0

***
Metric evaluation on the train dataset
***

Absolute RMSE:	 1.2207e-04 	 +/- 1.9525e-05
Relative RMSE:	 1.6502e+00 % 	 +/- 4.2844e-01 %
Absolute RMSE:	 1.5619e-01 	 +/- 1.5027e-02
Relative RMSE:	 2.0840e+02 % 	 +/- 2.0141e+01 %

Pixel star absolute RMSE:	 5.8805e-05 	 +/- 1.5092e-05 
Pixel star relative RMSE:	 3.8698e+00 % 	 +/- 1.2636e+00 %

sigma(e1) RMSE =		 1.0257e-02 	 +/- 9.4024e-03 
sigma(e2) RMSE =		 6.9652e-03 	 +/- 6.9510e-03 
sigma(R2)/<R2> =		 3.0374e-01 	 +/- 2.7136e-01 

Relative sigma(e1) RMSE =	 5.6189e+03 % 	 +/- 5.6168e+03 %
Relative sigma(e2) RMSE =	 9.4419e+02 % 	 +/- 9.4417e+02 %

Total number of stars: 		6000
Problematic number of stars: 	0

Total elapsed time: 6429.851143

 Good bye..
