Starting the log file.
Found GPU at: /device:GPU:0
tf_version: 2.7.0
Zernike cube:
(15, 128, 128)
Dataset parameters:
{'d_max': 2, 'max_order': 45, 'x_lims': [0, 1000.0], 'y_lims': [0, 1000.0], 'grid_points': [4, 4], 'n_bins': 8, 'max_wfe_rms': 0.1, 'oversampling_rate': 3.0, 'output_Q': 3.0, 'output_dim': 32, 'LP_filter_length': 2, 'pupil_diameter': 128, 'euclid_obsc': True, 'n_stars': 6000}
Starting cycle 1..
Starting parametric update..
Epoch 1/15

Epoch 00001: mean_squared_error improved from inf to 0.00000, saving model to /gpfswork/rech/ynx/ulx23va/repo/wf-SEDs/more_stars/wf-outputs/chkp/more_stars_bis/chkp_callback_poly_more_stars_complex_model_6k_bis_2_cycle1
188/188 - 281s - loss: 4.2186e-06 - mean_squared_error: 4.2347e-06 - val_loss: 7.5174e-07 - val_mean_squared_error: 7.5174e-07 - 281s/epoch - 1s/step
Epoch 2/15

Epoch 00002: mean_squared_error improved from 0.00000 to 0.00000, saving model to /gpfswork/rech/ynx/ulx23va/repo/wf-SEDs/more_stars/wf-outputs/chkp/more_stars_bis/chkp_callback_poly_more_stars_complex_model_6k_bis_2_cycle1
188/188 - 284s - loss: 1.6992e-06 - mean_squared_error: 2.0078e-06 - val_loss: 6.4533e-07 - val_mean_squared_error: 6.4533e-07 - 284s/epoch - 2s/step
Epoch 3/15

Epoch 00003: mean_squared_error improved from 0.00000 to 0.00000, saving model to /gpfswork/rech/ynx/ulx23va/repo/wf-SEDs/more_stars/wf-outputs/chkp/more_stars_bis/chkp_callback_poly_more_stars_complex_model_6k_bis_2_cycle1
188/188 - 285s - loss: 1.6335e-06 - mean_squared_error: 1.9508e-06 - val_loss: 6.0082e-07 - val_mean_squared_error: 6.0082e-07 - 285s/epoch - 2s/step
Epoch 4/15

Epoch 00004: mean_squared_error did not improve from 0.00000
188/188 - 285s - loss: 1.6994e-06 - mean_squared_error: 2.0080e-06 - val_loss: 6.7501e-07 - val_mean_squared_error: 6.7501e-07 - 285s/epoch - 2s/step
Epoch 5/15

Epoch 00005: mean_squared_error did not improve from 0.00000
188/188 - 285s - loss: 1.7251e-06 - mean_squared_error: 2.0370e-06 - val_loss: 7.1940e-07 - val_mean_squared_error: 7.1940e-07 - 285s/epoch - 2s/step
Epoch 6/15

Epoch 00006: mean_squared_error did not improve from 0.00000
188/188 - 284s - loss: 1.7976e-06 - mean_squared_error: 2.0989e-06 - val_loss: 1.1401e-06 - val_mean_squared_error: 1.1401e-06 - 284s/epoch - 2s/step
Epoch 7/15

Epoch 00007: mean_squared_error did not improve from 0.00000
188/188 - 284s - loss: 1.8469e-06 - mean_squared_error: 2.1471e-06 - val_loss: 9.0204e-07 - val_mean_squared_error: 9.0204e-07 - 284s/epoch - 2s/step
Epoch 8/15

Epoch 00008: mean_squared_error did not improve from 0.00000
188/188 - 285s - loss: 1.7771e-06 - mean_squared_error: 2.0891e-06 - val_loss: 6.3701e-07 - val_mean_squared_error: 6.3701e-07 - 285s/epoch - 2s/step
Epoch 9/15

Epoch 00009: mean_squared_error did not improve from 0.00000
188/188 - 285s - loss: 1.8285e-06 - mean_squared_error: 2.1310e-06 - val_loss: 9.0194e-07 - val_mean_squared_error: 9.0194e-07 - 285s/epoch - 2s/step
Epoch 10/15

Epoch 00010: mean_squared_error did not improve from 0.00000
188/188 - 285s - loss: 2.0065e-06 - mean_squared_error: 2.3079e-06 - val_loss: 7.2465e-07 - val_mean_squared_error: 7.2465e-07 - 285s/epoch - 2s/step
Epoch 11/15

Epoch 00011: mean_squared_error did not improve from 0.00000
188/188 - 285s - loss: 1.9229e-06 - mean_squared_error: 2.2381e-06 - val_loss: 6.7044e-07 - val_mean_squared_error: 6.7044e-07 - 285s/epoch - 2s/step
Epoch 12/15

Epoch 00012: mean_squared_error did not improve from 0.00000
188/188 - 285s - loss: 2.0902e-06 - mean_squared_error: 2.3750e-06 - val_loss: 8.2912e-07 - val_mean_squared_error: 8.2912e-07 - 285s/epoch - 2s/step
Epoch 13/15

Epoch 00013: mean_squared_error did not improve from 0.00000
188/188 - 285s - loss: 1.8610e-06 - mean_squared_error: 2.1782e-06 - val_loss: 7.4095e-07 - val_mean_squared_error: 7.4095e-07 - 285s/epoch - 2s/step
Epoch 14/15

Epoch 00014: mean_squared_error did not improve from 0.00000
188/188 - 285s - loss: 1.7942e-06 - mean_squared_error: 2.1132e-06 - val_loss: 6.4330e-07 - val_mean_squared_error: 6.4330e-07 - 285s/epoch - 2s/step
Epoch 15/15

Epoch 00015: mean_squared_error did not improve from 0.00000
188/188 - 284s - loss: 1.8340e-06 - mean_squared_error: 2.1489e-06 - val_loss: 7.7190e-07 - val_mean_squared_error: 7.7190e-07 - 284s/epoch - 2s/step
Starting non-parametric update..
Epoch 1/100

Epoch 00001: mean_squared_error improved from 0.00000 to 0.00000, saving model to /gpfswork/rech/ynx/ulx23va/repo/wf-SEDs/more_stars/wf-outputs/chkp/more_stars_bis/chkp_callback_poly_more_stars_complex_model_6k_bis_2_cycle1
188/188 - 288s - loss: 1.3807e-06 - mean_squared_error: 1.7511e-06 - val_loss: 2.3798e-07 - val_mean_squared_error: 2.3798e-07 - 288s/epoch - 2s/step
Epoch 2/100

Epoch 00002: mean_squared_error improved from 0.00000 to 0.00000, saving model to /gpfswork/rech/ynx/ulx23va/repo/wf-SEDs/more_stars/wf-outputs/chkp/more_stars_bis/chkp_callback_poly_more_stars_complex_model_6k_bis_2_cycle1
188/188 - 290s - loss: 1.1193e-06 - mean_squared_error: 1.5165e-06 - val_loss: 1.2673e-07 - val_mean_squared_error: 1.2673e-07 - 290s/epoch - 2s/step
Epoch 3/100

Epoch 00003: mean_squared_error improved from 0.00000 to 0.00000, saving model to /gpfswork/rech/ynx/ulx23va/repo/wf-SEDs/more_stars/wf-outputs/chkp/more_stars_bis/chkp_callback_poly_more_stars_complex_model_6k_bis_2_cycle1
188/188 - 296s - loss: 1.0367e-06 - mean_squared_error: 1.4390e-06 - val_loss: 7.4287e-08 - val_mean_squared_error: 7.4287e-08 - 296s/epoch - 2s/step
Epoch 4/100

Epoch 00004: mean_squared_error improved from 0.00000 to 0.00000, saving model to /gpfswork/rech/ynx/ulx23va/repo/wf-SEDs/more_stars/wf-outputs/chkp/more_stars_bis/chkp_callback_poly_more_stars_complex_model_6k_bis_2_cycle1
188/188 - 295s - loss: 1.0145e-06 - mean_squared_error: 1.4150e-06 - val_loss: 5.5312e-08 - val_mean_squared_error: 5.5312e-08 - 295s/epoch - 2s/step
Epoch 5/100

Epoch 00005: mean_squared_error improved from 0.00000 to 0.00000, saving model to /gpfswork/rech/ynx/ulx23va/repo/wf-SEDs/more_stars/wf-outputs/chkp/more_stars_bis/chkp_callback_poly_more_stars_complex_model_6k_bis_2_cycle1
188/188 - 297s - loss: 9.8251e-07 - mean_squared_error: 1.3874e-06 - val_loss: 4.8055e-08 - val_mean_squared_error: 4.8055e-08 - 297s/epoch - 2s/step
Epoch 6/100

Epoch 00006: mean_squared_error improved from 0.00000 to 0.00000, saving model to /gpfswork/rech/ynx/ulx23va/repo/wf-SEDs/more_stars/wf-outputs/chkp/more_stars_bis/chkp_callback_poly_more_stars_complex_model_6k_bis_2_cycle1
188/188 - 297s - loss: 9.7353e-07 - mean_squared_error: 1.3794e-06 - val_loss: 6.9368e-08 - val_mean_squared_error: 6.9368e-08 - 297s/epoch - 2s/step
Epoch 7/100

Epoch 00007: mean_squared_error did not improve from 0.00000
188/188 - 296s - loss: 9.8128e-07 - mean_squared_error: 1.3845e-06 - val_loss: 2.7734e-08 - val_mean_squared_error: 2.7734e-08 - 296s/epoch - 2s/step
Epoch 8/100

Epoch 00008: mean_squared_error improved from 0.00000 to 0.00000, saving model to /gpfswork/rech/ynx/ulx23va/repo/wf-SEDs/more_stars/wf-outputs/chkp/more_stars_bis/chkp_callback_poly_more_stars_complex_model_6k_bis_2_cycle1
188/188 - 296s - loss: 9.6742e-07 - mean_squared_error: 1.3729e-06 - val_loss: 3.8017e-08 - val_mean_squared_error: 3.8017e-08 - 296s/epoch - 2s/step
Epoch 9/100

Epoch 00009: mean_squared_error improved from 0.00000 to 0.00000, saving model to /gpfswork/rech/ynx/ulx23va/repo/wf-SEDs/more_stars/wf-outputs/chkp/more_stars_bis/chkp_callback_poly_more_stars_complex_model_6k_bis_2_cycle1
188/188 - 295s - loss: 9.5911e-07 - mean_squared_error: 1.3653e-06 - val_loss: 2.5636e-08 - val_mean_squared_error: 2.5636e-08 - 295s/epoch - 2s/step
Epoch 10/100

Epoch 00010: mean_squared_error improved from 0.00000 to 0.00000, saving model to /gpfswork/rech/ynx/ulx23va/repo/wf-SEDs/more_stars/wf-outputs/chkp/more_stars_bis/chkp_callback_poly_more_stars_complex_model_6k_bis_2_cycle1
188/188 - 294s - loss: 9.5648e-07 - mean_squared_error: 1.3630e-06 - val_loss: 1.7688e-08 - val_mean_squared_error: 1.7688e-08 - 294s/epoch - 2s/step
Epoch 11/100

Epoch 00011: mean_squared_error improved from 0.00000 to 0.00000, saving model to /gpfswork/rech/ynx/ulx23va/repo/wf-SEDs/more_stars/wf-outputs/chkp/more_stars_bis/chkp_callback_poly_more_stars_complex_model_6k_bis_2_cycle1
188/188 - 293s - loss: 9.5076e-07 - mean_squared_error: 1.3579e-06 - val_loss: 1.6014e-08 - val_mean_squared_error: 1.6014e-08 - 293s/epoch - 2s/step
Epoch 12/100

Epoch 00012: mean_squared_error improved from 0.00000 to 0.00000, saving model to /gpfswork/rech/ynx/ulx23va/repo/wf-SEDs/more_stars/wf-outputs/chkp/more_stars_bis/chkp_callback_poly_more_stars_complex_model_6k_bis_2_cycle1
188/188 - 293s - loss: 9.4913e-07 - mean_squared_error: 1.3563e-06 - val_loss: 1.5615e-08 - val_mean_squared_error: 1.5615e-08 - 293s/epoch - 2s/step
Epoch 13/100

Epoch 00013: mean_squared_error did not improve from 0.00000
188/188 - 293s - loss: 9.6725e-07 - mean_squared_error: 1.3726e-06 - val_loss: 1.8986e-08 - val_mean_squared_error: 1.8986e-08 - 293s/epoch - 2s/step
Epoch 14/100

Epoch 00014: mean_squared_error improved from 0.00000 to 0.00000, saving model to /gpfswork/rech/ynx/ulx23va/repo/wf-SEDs/more_stars/wf-outputs/chkp/more_stars_bis/chkp_callback_poly_more_stars_complex_model_6k_bis_2_cycle1
188/188 - 291s - loss: 9.4693e-07 - mean_squared_error: 1.3542e-06 - val_loss: 1.4427e-08 - val_mean_squared_error: 1.4427e-08 - 291s/epoch - 2s/step
Epoch 15/100

Epoch 00015: mean_squared_error improved from 0.00000 to 0.00000, saving model to /gpfswork/rech/ynx/ulx23va/repo/wf-SEDs/more_stars/wf-outputs/chkp/more_stars_bis/chkp_callback_poly_more_stars_complex_model_6k_bis_2_cycle1
188/188 - 292s - loss: 9.4462e-07 - mean_squared_error: 1.3523e-06 - val_loss: 1.0491e-08 - val_mean_squared_error: 1.0491e-08 - 292s/epoch - 2s/step
Epoch 16/100

Epoch 00016: mean_squared_error improved from 0.00000 to 0.00000, saving model to /gpfswork/rech/ynx/ulx23va/repo/wf-SEDs/more_stars/wf-outputs/chkp/more_stars_bis/chkp_callback_poly_more_stars_complex_model_6k_bis_2_cycle1
188/188 - 293s - loss: 9.4445e-07 - mean_squared_error: 1.3520e-06 - val_loss: 9.7875e-09 - val_mean_squared_error: 9.7875e-09 - 293s/epoch - 2s/step
Epoch 17/100

Epoch 00017: mean_squared_error did not improve from 0.00000
188/188 - 295s - loss: 9.5912e-07 - mean_squared_error: 1.3627e-06 - val_loss: 3.9360e-08 - val_mean_squared_error: 3.9360e-08 - 295s/epoch - 2s/step
Epoch 18/100

Epoch 00018: mean_squared_error did not improve from 0.00000
188/188 - 292s - loss: 9.4871e-07 - mean_squared_error: 1.3551e-06 - val_loss: 1.0732e-08 - val_mean_squared_error: 1.0732e-08 - 292s/epoch - 2s/step
Epoch 19/100

Epoch 00019: mean_squared_error improved from 0.00000 to 0.00000, saving model to /gpfswork/rech/ynx/ulx23va/repo/wf-SEDs/more_stars/wf-outputs/chkp/more_stars_bis/chkp_callback_poly_more_stars_complex_model_6k_bis_2_cycle1
188/188 - 293s - loss: 9.4306e-07 - mean_squared_error: 1.3507e-06 - val_loss: 9.9207e-09 - val_mean_squared_error: 9.9207e-09 - 293s/epoch - 2s/step
Epoch 20/100

Epoch 00020: mean_squared_error did not improve from 0.00000
188/188 - 294s - loss: 9.4393e-07 - mean_squared_error: 1.3510e-06 - val_loss: 1.2226e-08 - val_mean_squared_error: 1.2226e-08 - 294s/epoch - 2s/step
Epoch 21/100

Epoch 00021: mean_squared_error improved from 0.00000 to 0.00000, saving model to /gpfswork/rech/ynx/ulx23va/repo/wf-SEDs/more_stars/wf-outputs/chkp/more_stars_bis/chkp_callback_poly_more_stars_complex_model_6k_bis_2_cycle1
188/188 - 292s - loss: 9.4225e-07 - mean_squared_error: 1.3498e-06 - val_loss: 9.2756e-09 - val_mean_squared_error: 9.2756e-09 - 292s/epoch - 2s/step
Epoch 22/100

Epoch 00022: mean_squared_error improved from 0.00000 to 0.00000, saving model to /gpfswork/rech/ynx/ulx23va/repo/wf-SEDs/more_stars/wf-outputs/chkp/more_stars_bis/chkp_callback_poly_more_stars_complex_model_6k_bis_2_cycle1
188/188 - 295s - loss: 9.4181e-07 - mean_squared_error: 1.3494e-06 - val_loss: 1.4401e-08 - val_mean_squared_error: 1.4401e-08 - 295s/epoch - 2s/step
Epoch 23/100

Epoch 00023: mean_squared_error did not improve from 0.00000
188/188 - 294s - loss: 9.4533e-07 - mean_squared_error: 1.3521e-06 - val_loss: 1.5535e-08 - val_mean_squared_error: 1.5535e-08 - 294s/epoch - 2s/step
Epoch 24/100

Epoch 00024: mean_squared_error did not improve from 0.00000
188/188 - 294s - loss: 9.4252e-07 - mean_squared_error: 1.3502e-06 - val_loss: 9.0370e-09 - val_mean_squared_error: 9.0370e-09 - 294s/epoch - 2s/step
Epoch 25/100

Epoch 00025: mean_squared_error did not improve from 0.00000
188/188 - 292s - loss: 9.4253e-07 - mean_squared_error: 1.3498e-06 - val_loss: 1.7878e-08 - val_mean_squared_error: 1.7878e-08 - 292s/epoch - 2s/step
Epoch 26/100

Epoch 00026: mean_squared_error did not improve from 0.00000
188/188 - 294s - loss: 9.4473e-07 - mean_squared_error: 1.3518e-06 - val_loss: 8.2515e-09 - val_mean_squared_error: 8.2515e-09 - 294s/epoch - 2s/step
Epoch 27/100

Epoch 00027: mean_squared_error did not improve from 0.00000
188/188 - 295s - loss: 9.4454e-07 - mean_squared_error: 1.3513e-06 - val_loss: 1.1273e-08 - val_mean_squared_error: 1.1273e-08 - 295s/epoch - 2s/step
Epoch 28/100

Epoch 00028: mean_squared_error improved from 0.00000 to 0.00000, saving model to /gpfswork/rech/ynx/ulx23va/repo/wf-SEDs/more_stars/wf-outputs/chkp/more_stars_bis/chkp_callback_poly_more_stars_complex_model_6k_bis_2_cycle1
188/188 - 296s - loss: 9.4138e-07 - mean_squared_error: 1.3488e-06 - val_loss: 8.6761e-09 - val_mean_squared_error: 8.6761e-09 - 296s/epoch - 2s/step
Epoch 29/100

Epoch 00029: mean_squared_error improved from 0.00000 to 0.00000, saving model to /gpfswork/rech/ynx/ulx23va/repo/wf-SEDs/more_stars/wf-outputs/chkp/more_stars_bis/chkp_callback_poly_more_stars_complex_model_6k_bis_2_cycle1
188/188 - 295s - loss: 9.3988e-07 - mean_squared_error: 1.3476e-06 - val_loss: 7.6443e-09 - val_mean_squared_error: 7.6443e-09 - 295s/epoch - 2s/step
Epoch 30/100

Epoch 00030: mean_squared_error improved from 0.00000 to 0.00000, saving model to /gpfswork/rech/ynx/ulx23va/repo/wf-SEDs/more_stars/wf-outputs/chkp/more_stars_bis/chkp_callback_poly_more_stars_complex_model_6k_bis_2_cycle1
188/188 - 295s - loss: 9.3931e-07 - mean_squared_error: 1.3471e-06 - val_loss: 7.8167e-09 - val_mean_squared_error: 7.8167e-09 - 295s/epoch - 2s/step
Epoch 31/100

Epoch 00031: mean_squared_error improved from 0.00000 to 0.00000, saving model to /gpfswork/rech/ynx/ulx23va/repo/wf-SEDs/more_stars/wf-outputs/chkp/more_stars_bis/chkp_callback_poly_more_stars_complex_model_6k_bis_2_cycle1
188/188 - 295s - loss: 9.3894e-07 - mean_squared_error: 1.3469e-06 - val_loss: 9.3163e-09 - val_mean_squared_error: 9.3163e-09 - 295s/epoch - 2s/step
Epoch 32/100

Epoch 00032: mean_squared_error did not improve from 0.00000
188/188 - 296s - loss: 9.4072e-07 - mean_squared_error: 1.3480e-06 - val_loss: 1.2735e-08 - val_mean_squared_error: 1.2735e-08 - 296s/epoch - 2s/step
Epoch 33/100

Epoch 00033: mean_squared_error did not improve from 0.00000
188/188 - 297s - loss: 9.4003e-07 - mean_squared_error: 1.3478e-06 - val_loss: 7.7028e-09 - val_mean_squared_error: 7.7028e-09 - 297s/epoch - 2s/step
Epoch 34/100

Epoch 00034: mean_squared_error did not improve from 0.00000
188/188 - 296s - loss: 9.4100e-07 - mean_squared_error: 1.3484e-06 - val_loss: 8.6888e-09 - val_mean_squared_error: 8.6888e-09 - 296s/epoch - 2s/step
Epoch 35/100

Epoch 00035: mean_squared_error did not improve from 0.00000
188/188 - 295s - loss: 9.3940e-07 - mean_squared_error: 1.3471e-06 - val_loss: 1.0155e-08 - val_mean_squared_error: 1.0155e-08 - 295s/epoch - 2s/step
Epoch 36/100

Epoch 00036: mean_squared_error did not improve from 0.00000
188/188 - 294s - loss: 9.4151e-07 - mean_squared_error: 1.3485e-06 - val_loss: 1.0945e-08 - val_mean_squared_error: 1.0945e-08 - 294s/epoch - 2s/step
Epoch 37/100

Epoch 00037: mean_squared_error did not improve from 0.00000
188/188 - 294s - loss: 9.4338e-07 - mean_squared_error: 1.3508e-06 - val_loss: 7.4412e-09 - val_mean_squared_error: 7.4412e-09 - 294s/epoch - 2s/step
Epoch 38/100

Epoch 00038: mean_squared_error improved from 0.00000 to 0.00000, saving model to /gpfswork/rech/ynx/ulx23va/repo/wf-SEDs/more_stars/wf-outputs/chkp/more_stars_bis/chkp_callback_poly_more_stars_complex_model_6k_bis_2_cycle1
188/188 - 295s - loss: 9.3932e-07 - mean_squared_error: 1.3467e-06 - val_loss: 7.6762e-09 - val_mean_squared_error: 7.6762e-09 - 295s/epoch - 2s/step
Epoch 39/100

Epoch 00039: mean_squared_error did not improve from 0.00000
188/188 - 297s - loss: 9.4014e-07 - mean_squared_error: 1.3474e-06 - val_loss: 9.1843e-09 - val_mean_squared_error: 9.1843e-09 - 297s/epoch - 2s/step
Epoch 40/100

Epoch 00040: mean_squared_error improved from 0.00000 to 0.00000, saving model to /gpfswork/rech/ynx/ulx23va/repo/wf-SEDs/more_stars/wf-outputs/chkp/more_stars_bis/chkp_callback_poly_more_stars_complex_model_6k_bis_2_cycle1
188/188 - 293s - loss: 9.3858e-07 - mean_squared_error: 1.3464e-06 - val_loss: 8.2213e-09 - val_mean_squared_error: 8.2213e-09 - 293s/epoch - 2s/step
Epoch 41/100

Epoch 00041: mean_squared_error did not improve from 0.00000
188/188 - 297s - loss: 9.4009e-07 - mean_squared_error: 1.3476e-06 - val_loss: 6.7957e-09 - val_mean_squared_error: 6.7957e-09 - 297s/epoch - 2s/step
Epoch 42/100

Epoch 00042: mean_squared_error improved from 0.00000 to 0.00000, saving model to /gpfswork/rech/ynx/ulx23va/repo/wf-SEDs/more_stars/wf-outputs/chkp/more_stars_bis/chkp_callback_poly_more_stars_complex_model_6k_bis_2_cycle1
188/188 - 294s - loss: 9.3756e-07 - mean_squared_error: 1.3455e-06 - val_loss: 7.1620e-09 - val_mean_squared_error: 7.1620e-09 - 294s/epoch - 2s/step
Epoch 43/100

Epoch 00043: mean_squared_error did not improve from 0.00000
188/188 - 294s - loss: 9.3769e-07 - mean_squared_error: 1.3457e-06 - val_loss: 7.3631e-09 - val_mean_squared_error: 7.3631e-09 - 294s/epoch - 2s/step
Epoch 44/100

Epoch 00044: mean_squared_error did not improve from 0.00000
188/188 - 295s - loss: 9.3986e-07 - mean_squared_error: 1.3469e-06 - val_loss: 6.3903e-09 - val_mean_squared_error: 6.3903e-09 - 295s/epoch - 2s/step
Epoch 45/100

Epoch 00045: mean_squared_error did not improve from 0.00000
188/188 - 296s - loss: 9.3780e-07 - mean_squared_error: 1.3456e-06 - val_loss: 6.9439e-09 - val_mean_squared_error: 6.9439e-09 - 296s/epoch - 2s/step
Epoch 46/100

Epoch 00046: mean_squared_error improved from 0.00000 to 0.00000, saving model to /gpfswork/rech/ynx/ulx23va/repo/wf-SEDs/more_stars/wf-outputs/chkp/more_stars_bis/chkp_callback_poly_more_stars_complex_model_6k_bis_2_cycle1
188/188 - 294s - loss: 9.3749e-07 - mean_squared_error: 1.3454e-06 - val_loss: 5.6088e-09 - val_mean_squared_error: 5.6088e-09 - 294s/epoch - 2s/step
Epoch 47/100

Epoch 00047: mean_squared_error did not improve from 0.00000
188/188 - 295s - loss: 9.3764e-07 - mean_squared_error: 1.3455e-06 - val_loss: 6.6804e-09 - val_mean_squared_error: 6.6804e-09 - 295s/epoch - 2s/step
Epoch 48/100

Epoch 00048: mean_squared_error did not improve from 0.00000
188/188 - 296s - loss: 9.3775e-07 - mean_squared_error: 1.3456e-06 - val_loss: 7.0459e-09 - val_mean_squared_error: 7.0459e-09 - 296s/epoch - 2s/step
Epoch 49/100

Epoch 00049: mean_squared_error improved from 0.00000 to 0.00000, saving model to /gpfswork/rech/ynx/ulx23va/repo/wf-SEDs/more_stars/wf-outputs/chkp/more_stars_bis/chkp_callback_poly_more_stars_complex_model_6k_bis_2_cycle1
188/188 - 293s - loss: 9.3737e-07 - mean_squared_error: 1.3452e-06 - val_loss: 6.2820e-09 - val_mean_squared_error: 6.2820e-09 - 293s/epoch - 2s/step
Epoch 50/100

Epoch 00050: mean_squared_error did not improve from 0.00000
188/188 - 295s - loss: 9.3772e-07 - mean_squared_error: 1.3457e-06 - val_loss: 7.0533e-09 - val_mean_squared_error: 7.0533e-09 - 295s/epoch - 2s/step
Epoch 51/100

Epoch 00051: mean_squared_error did not improve from 0.00000
188/188 - 295s - loss: 9.4540e-07 - mean_squared_error: 1.3512e-06 - val_loss: 1.1246e-08 - val_mean_squared_error: 1.1246e-08 - 295s/epoch - 2s/step
Epoch 52/100

Epoch 00052: mean_squared_error did not improve from 0.00000
188/188 - 295s - loss: 9.4053e-07 - mean_squared_error: 1.3476e-06 - val_loss: 7.1303e-09 - val_mean_squared_error: 7.1303e-09 - 295s/epoch - 2s/step
Epoch 53/100

Epoch 00053: mean_squared_error did not improve from 0.00000
188/188 - 294s - loss: 9.3759e-07 - mean_squared_error: 1.3455e-06 - val_loss: 5.3844e-09 - val_mean_squared_error: 5.3844e-09 - 294s/epoch - 2s/step
Epoch 54/100

Epoch 00054: mean_squared_error improved from 0.00000 to 0.00000, saving model to /gpfswork/rech/ynx/ulx23va/repo/wf-SEDs/more_stars/wf-outputs/chkp/more_stars_bis/chkp_callback_poly_more_stars_complex_model_6k_bis_2_cycle1
188/188 - 294s - loss: 9.3666e-07 - mean_squared_error: 1.3447e-06 - val_loss: 5.7834e-09 - val_mean_squared_error: 5.7834e-09 - 294s/epoch - 2s/step
Epoch 55/100

Epoch 00055: mean_squared_error did not improve from 0.00000
188/188 - 295s - loss: 9.3742e-07 - mean_squared_error: 1.3451e-06 - val_loss: 6.9777e-09 - val_mean_squared_error: 6.9777e-09 - 295s/epoch - 2s/step
Epoch 56/100

Epoch 00056: mean_squared_error did not improve from 0.00000
188/188 - 294s - loss: 9.3696e-07 - mean_squared_error: 1.3450e-06 - val_loss: 5.7862e-09 - val_mean_squared_error: 5.7862e-09 - 294s/epoch - 2s/step
Epoch 57/100

Epoch 00057: mean_squared_error did not improve from 0.00000
188/188 - 294s - loss: 9.4023e-07 - mean_squared_error: 1.3477e-06 - val_loss: 9.8721e-09 - val_mean_squared_error: 9.8721e-09 - 294s/epoch - 2s/step
Epoch 58/100

Epoch 00058: mean_squared_error did not improve from 0.00000
188/188 - 293s - loss: 9.3842e-07 - mean_squared_error: 1.3461e-06 - val_loss: 5.5258e-09 - val_mean_squared_error: 5.5258e-09 - 293s/epoch - 2s/step
Epoch 59/100

Epoch 00059: mean_squared_error did not improve from 0.00000
188/188 - 296s - loss: 9.3788e-07 - mean_squared_error: 1.3457e-06 - val_loss: 6.1583e-09 - val_mean_squared_error: 6.1583e-09 - 296s/epoch - 2s/step
Epoch 60/100

Epoch 00060: mean_squared_error improved from 0.00000 to 0.00000, saving model to /gpfswork/rech/ynx/ulx23va/repo/wf-SEDs/more_stars/wf-outputs/chkp/more_stars_bis/chkp_callback_poly_more_stars_complex_model_6k_bis_2_cycle1
188/188 - 295s - loss: 9.3637e-07 - mean_squared_error: 1.3445e-06 - val_loss: 6.3723e-09 - val_mean_squared_error: 6.3723e-09 - 295s/epoch - 2s/step
Epoch 61/100

Epoch 00061: mean_squared_error improved from 0.00000 to 0.00000, saving model to /gpfswork/rech/ynx/ulx23va/repo/wf-SEDs/more_stars/wf-outputs/chkp/more_stars_bis/chkp_callback_poly_more_stars_complex_model_6k_bis_2_cycle1
188/188 - 292s - loss: 9.3646e-07 - mean_squared_error: 1.3445e-06 - val_loss: 6.5208e-09 - val_mean_squared_error: 6.5208e-09 - 292s/epoch - 2s/step
Epoch 62/100

Epoch 00062: mean_squared_error did not improve from 0.00000
188/188 - 294s - loss: 9.3682e-07 - mean_squared_error: 1.3448e-06 - val_loss: 6.3424e-09 - val_mean_squared_error: 6.3424e-09 - 294s/epoch - 2s/step
Epoch 63/100

Epoch 00063: mean_squared_error did not improve from 0.00000
188/188 - 296s - loss: 9.3836e-07 - mean_squared_error: 1.3458e-06 - val_loss: 6.0651e-09 - val_mean_squared_error: 6.0651e-09 - 296s/epoch - 2s/step
Epoch 64/100

Epoch 00064: mean_squared_error did not improve from 0.00000
188/188 - 295s - loss: 9.3691e-07 - mean_squared_error: 1.3449e-06 - val_loss: 6.2815e-09 - val_mean_squared_error: 6.2815e-09 - 295s/epoch - 2s/step
Epoch 65/100

Epoch 00065: mean_squared_error improved from 0.00000 to 0.00000, saving model to /gpfswork/rech/ynx/ulx23va/repo/wf-SEDs/more_stars/wf-outputs/chkp/more_stars_bis/chkp_callback_poly_more_stars_complex_model_6k_bis_2_cycle1
188/188 - 295s - loss: 9.3633e-07 - mean_squared_error: 1.3444e-06 - val_loss: 5.7264e-09 - val_mean_squared_error: 5.7264e-09 - 295s/epoch - 2s/step
Epoch 66/100

Epoch 00066: mean_squared_error did not improve from 0.00000
188/188 - 295s - loss: 9.3639e-07 - mean_squared_error: 1.3445e-06 - val_loss: 6.1614e-09 - val_mean_squared_error: 6.1614e-09 - 295s/epoch - 2s/step
Epoch 67/100

Epoch 00067: mean_squared_error did not improve from 0.00000
188/188 - 295s - loss: 9.3648e-07 - mean_squared_error: 1.3445e-06 - val_loss: 6.6758e-09 - val_mean_squared_error: 6.6758e-09 - 295s/epoch - 2s/step
Epoch 68/100

Epoch 00068: mean_squared_error did not improve from 0.00000
188/188 - 296s - loss: 9.3723e-07 - mean_squared_error: 1.3451e-06 - val_loss: 7.4054e-09 - val_mean_squared_error: 7.4054e-09 - 296s/epoch - 2s/step
Epoch 69/100

Epoch 00069: mean_squared_error did not improve from 0.00000
188/188 - 295s - loss: 9.3761e-07 - mean_squared_error: 1.3454e-06 - val_loss: 8.0559e-09 - val_mean_squared_error: 8.0559e-09 - 295s/epoch - 2s/step
Epoch 70/100

Epoch 00070: mean_squared_error did not improve from 0.00000
188/188 - 295s - loss: 9.3766e-07 - mean_squared_error: 1.3455e-06 - val_loss: 7.9058e-09 - val_mean_squared_error: 7.9058e-09 - 295s/epoch - 2s/step
Epoch 71/100

Epoch 00071: mean_squared_error did not improve from 0.00000
188/188 - 294s - loss: 9.3654e-07 - mean_squared_error: 1.3446e-06 - val_loss: 6.2262e-09 - val_mean_squared_error: 6.2262e-09 - 294s/epoch - 2s/step
Epoch 72/100

Epoch 00072: mean_squared_error improved from 0.00000 to 0.00000, saving model to /gpfswork/rech/ynx/ulx23va/repo/wf-SEDs/more_stars/wf-outputs/chkp/more_stars_bis/chkp_callback_poly_more_stars_complex_model_6k_bis_2_cycle1
188/188 - 293s - loss: 9.3589e-07 - mean_squared_error: 1.3439e-06 - val_loss: 7.0322e-09 - val_mean_squared_error: 7.0322e-09 - 293s/epoch - 2s/step
Epoch 73/100

Epoch 00073: mean_squared_error did not improve from 0.00000
188/188 - 293s - loss: 9.3592e-07 - mean_squared_error: 1.3440e-06 - val_loss: 5.7367e-09 - val_mean_squared_error: 5.7367e-09 - 293s/epoch - 2s/step
Epoch 74/100

Epoch 00074: mean_squared_error did not improve from 0.00000
188/188 - 294s - loss: 9.3791e-07 - mean_squared_error: 1.3453e-06 - val_loss: 6.8209e-09 - val_mean_squared_error: 6.8209e-09 - 294s/epoch - 2s/step
Epoch 75/100

Epoch 00075: mean_squared_error did not improve from 0.00000
188/188 - 294s - loss: 9.4267e-07 - mean_squared_error: 1.3481e-06 - val_loss: 6.6086e-09 - val_mean_squared_error: 6.6086e-09 - 294s/epoch - 2s/step
Epoch 76/100

Epoch 00076: mean_squared_error did not improve from 0.00000
188/188 - 295s - loss: 9.3695e-07 - mean_squared_error: 1.3447e-06 - val_loss: 6.1444e-09 - val_mean_squared_error: 6.1444e-09 - 295s/epoch - 2s/step
Epoch 77/100

Epoch 00077: mean_squared_error did not improve from 0.00000
188/188 - 295s - loss: 9.3623e-07 - mean_squared_error: 1.3443e-06 - val_loss: 5.8970e-09 - val_mean_squared_error: 5.8970e-09 - 295s/epoch - 2s/step
Epoch 78/100

Epoch 00078: mean_squared_error did not improve from 0.00000
188/188 - 297s - loss: 9.3627e-07 - mean_squared_error: 1.3443e-06 - val_loss: 7.8083e-09 - val_mean_squared_error: 7.8083e-09 - 297s/epoch - 2s/step
Epoch 79/100

Epoch 00079: mean_squared_error did not improve from 0.00000
188/188 - 295s - loss: 9.3591e-07 - mean_squared_error: 1.3441e-06 - val_loss: 4.7753e-09 - val_mean_squared_error: 4.7753e-09 - 295s/epoch - 2s/step
Epoch 80/100

Epoch 00080: mean_squared_error improved from 0.00000 to 0.00000, saving model to /gpfswork/rech/ynx/ulx23va/repo/wf-SEDs/more_stars/wf-outputs/chkp/more_stars_bis/chkp_callback_poly_more_stars_complex_model_6k_bis_2_cycle1
188/188 - 296s - loss: 9.3559e-07 - mean_squared_error: 1.3435e-06 - val_loss: 6.6167e-09 - val_mean_squared_error: 6.6167e-09 - 296s/epoch - 2s/step
Epoch 81/100

Epoch 00081: mean_squared_error did not improve from 0.00000
188/188 - 294s - loss: 9.3578e-07 - mean_squared_error: 1.3438e-06 - val_loss: 5.5544e-09 - val_mean_squared_error: 5.5544e-09 - 294s/epoch - 2s/step
Epoch 82/100

Epoch 00082: mean_squared_error did not improve from 0.00000
188/188 - 295s - loss: 9.3970e-07 - mean_squared_error: 1.3464e-06 - val_loss: 5.9490e-09 - val_mean_squared_error: 5.9490e-09 - 295s/epoch - 2s/step
Epoch 83/100

Epoch 00083: mean_squared_error did not improve from 0.00000
188/188 - 296s - loss: 9.4098e-07 - mean_squared_error: 1.3475e-06 - val_loss: 5.3091e-09 - val_mean_squared_error: 5.3091e-09 - 296s/epoch - 2s/step
Epoch 84/100

Epoch 00084: mean_squared_error did not improve from 0.00000
188/188 - 293s - loss: 9.3607e-07 - mean_squared_error: 1.3440e-06 - val_loss: 7.9873e-09 - val_mean_squared_error: 7.9873e-09 - 293s/epoch - 2s/step
Epoch 85/100

Epoch 00085: mean_squared_error did not improve from 0.00000
188/188 - 294s - loss: 9.3602e-07 - mean_squared_error: 1.3440e-06 - val_loss: 4.8839e-09 - val_mean_squared_error: 4.8839e-09 - 294s/epoch - 2s/step
Epoch 86/100

Epoch 00086: mean_squared_error did not improve from 0.00000
188/188 - 294s - loss: 9.3546e-07 - mean_squared_error: 1.3436e-06 - val_loss: 4.6147e-09 - val_mean_squared_error: 4.6147e-09 - 294s/epoch - 2s/step
Epoch 87/100

Epoch 00087: mean_squared_error did not improve from 0.00000
188/188 - 296s - loss: 9.3607e-07 - mean_squared_error: 1.3440e-06 - val_loss: 6.4943e-09 - val_mean_squared_error: 6.4943e-09 - 296s/epoch - 2s/step
Epoch 88/100

Epoch 00088: mean_squared_error did not improve from 0.00000
188/188 - 294s - loss: 9.3568e-07 - mean_squared_error: 1.3437e-06 - val_loss: 4.9795e-09 - val_mean_squared_error: 4.9795e-09 - 294s/epoch - 2s/step
Epoch 89/100

Epoch 00089: mean_squared_error improved from 0.00000 to 0.00000, saving model to /gpfswork/rech/ynx/ulx23va/repo/wf-SEDs/more_stars/wf-outputs/chkp/more_stars_bis/chkp_callback_poly_more_stars_complex_model_6k_bis_2_cycle1
188/188 - 296s - loss: 9.3502e-07 - mean_squared_error: 1.3432e-06 - val_loss: 4.8631e-09 - val_mean_squared_error: 4.8631e-09 - 296s/epoch - 2s/step
Epoch 90/100

Epoch 00090: mean_squared_error did not improve from 0.00000
188/188 - 294s - loss: 9.3544e-07 - mean_squared_error: 1.3435e-06 - val_loss: 9.2575e-09 - val_mean_squared_error: 9.2575e-09 - 294s/epoch - 2s/step
Epoch 91/100

Epoch 00091: mean_squared_error did not improve from 0.00000
188/188 - 293s - loss: 9.3801e-07 - mean_squared_error: 1.3455e-06 - val_loss: 7.1726e-09 - val_mean_squared_error: 7.1726e-09 - 293s/epoch - 2s/step
Epoch 92/100

Epoch 00092: mean_squared_error did not improve from 0.00000
188/188 - 294s - loss: 9.3631e-07 - mean_squared_error: 1.3442e-06 - val_loss: 4.3847e-09 - val_mean_squared_error: 4.3847e-09 - 294s/epoch - 2s/step
Epoch 93/100

Epoch 00093: mean_squared_error did not improve from 0.00000
188/188 - 294s - loss: 9.3529e-07 - mean_squared_error: 1.3434e-06 - val_loss: 4.8448e-09 - val_mean_squared_error: 4.8448e-09 - 294s/epoch - 2s/step
Epoch 94/100

Epoch 00094: mean_squared_error did not improve from 0.00000
188/188 - 296s - loss: 9.3560e-07 - mean_squared_error: 1.3435e-06 - val_loss: 4.9622e-09 - val_mean_squared_error: 4.9622e-09 - 296s/epoch - 2s/step
Epoch 95/100

Epoch 00095: mean_squared_error improved from 0.00000 to 0.00000, saving model to /gpfswork/rech/ynx/ulx23va/repo/wf-SEDs/more_stars/wf-outputs/chkp/more_stars_bis/chkp_callback_poly_more_stars_complex_model_6k_bis_2_cycle1
188/188 - 296s - loss: 9.3493e-07 - mean_squared_error: 1.3431e-06 - val_loss: 4.5348e-09 - val_mean_squared_error: 4.5348e-09 - 296s/epoch - 2s/step
Epoch 96/100

Epoch 00096: mean_squared_error improved from 0.00000 to 0.00000, saving model to /gpfswork/rech/ynx/ulx23va/repo/wf-SEDs/more_stars/wf-outputs/chkp/more_stars_bis/chkp_callback_poly_more_stars_complex_model_6k_bis_2_cycle1
188/188 - 294s - loss: 9.3483e-07 - mean_squared_error: 1.3430e-06 - val_loss: 4.9448e-09 - val_mean_squared_error: 4.9448e-09 - 294s/epoch - 2s/step
Epoch 97/100

Epoch 00097: mean_squared_error did not improve from 0.00000
188/188 - 297s - loss: 9.3505e-07 - mean_squared_error: 1.3432e-06 - val_loss: 4.6787e-09 - val_mean_squared_error: 4.6787e-09 - 297s/epoch - 2s/step
Epoch 98/100

Epoch 00098: mean_squared_error did not improve from 0.00000
188/188 - 294s - loss: 9.3836e-07 - mean_squared_error: 1.3461e-06 - val_loss: 5.2596e-09 - val_mean_squared_error: 5.2596e-09 - 294s/epoch - 2s/step
Epoch 99/100

Epoch 00099: mean_squared_error did not improve from 0.00000
188/188 - 287s - loss: 9.3607e-07 - mean_squared_error: 1.3441e-06 - val_loss: 1.3748e-08 - val_mean_squared_error: 1.3748e-08 - 287s/epoch - 2s/step
Epoch 100/100

Epoch 00100: mean_squared_error did not improve from 0.00000
188/188 - 283s - loss: 9.3592e-07 - mean_squared_error: 1.3440e-06 - val_loss: 1.1495e-08 - val_mean_squared_error: 1.1495e-08 - 283s/epoch - 2s/step
Cycle1 elapsed time: 33715.726254
Starting cycle 2..
Starting parametric update..
Epoch 1/15

Epoch 00001: mean_squared_error improved from inf to 0.00000, saving model to /gpfswork/rech/ynx/ulx23va/repo/wf-SEDs/more_stars/wf-outputs/chkp/more_stars_bis/chkp_callback_poly_more_stars_complex_model_6k_bis_2_cycle2
188/188 - 295s - loss: 9.3994e-07 - mean_squared_error: 1.3481e-06 - val_loss: 1.2202e-08 - val_mean_squared_error: 1.2202e-08 - 295s/epoch - 2s/step
Epoch 2/15

Epoch 00002: mean_squared_error did not improve from 0.00000
188/188 - 289s - loss: 9.4475e-07 - mean_squared_error: 1.3528e-06 - val_loss: 9.2527e-09 - val_mean_squared_error: 9.2527e-09 - 289s/epoch - 2s/step
Epoch 3/15

Epoch 00003: mean_squared_error did not improve from 0.00000
188/188 - 294s - loss: 9.4874e-07 - mean_squared_error: 1.3564e-06 - val_loss: 1.7032e-08 - val_mean_squared_error: 1.7032e-08 - 294s/epoch - 2s/step
Epoch 4/15

Epoch 00004: mean_squared_error did not improve from 0.00000
188/188 - 293s - loss: 9.4889e-07 - mean_squared_error: 1.3567e-06 - val_loss: 1.8454e-08 - val_mean_squared_error: 1.8454e-08 - 293s/epoch - 2s/step
Epoch 5/15

Epoch 00005: mean_squared_error did not improve from 0.00000
188/188 - 294s - loss: 9.5008e-07 - mean_squared_error: 1.3580e-06 - val_loss: 2.0065e-08 - val_mean_squared_error: 2.0065e-08 - 294s/epoch - 2s/step
Epoch 6/15

Epoch 00006: mean_squared_error did not improve from 0.00000
188/188 - 293s - loss: 9.5832e-07 - mean_squared_error: 1.3655e-06 - val_loss: 3.8220e-08 - val_mean_squared_error: 3.8220e-08 - 293s/epoch - 2s/step
Epoch 7/15

Epoch 00007: mean_squared_error did not improve from 0.00000
188/188 - 294s - loss: 9.6240e-07 - mean_squared_error: 1.3693e-06 - val_loss: 2.2178e-08 - val_mean_squared_error: 2.2178e-08 - 294s/epoch - 2s/step
Epoch 8/15

Epoch 00008: mean_squared_error did not improve from 0.00000
188/188 - 293s - loss: 9.6041e-07 - mean_squared_error: 1.3682e-06 - val_loss: 3.6509e-08 - val_mean_squared_error: 3.6509e-08 - 293s/epoch - 2s/step
Epoch 9/15

Epoch 00009: mean_squared_error did not improve from 0.00000
188/188 - 294s - loss: 9.8171e-07 - mean_squared_error: 1.3874e-06 - val_loss: 4.1958e-08 - val_mean_squared_error: 4.1958e-08 - 294s/epoch - 2s/step
Epoch 10/15

Epoch 00010: mean_squared_error did not improve from 0.00000
188/188 - 293s - loss: 9.5232e-07 - mean_squared_error: 1.3599e-06 - val_loss: 3.5173e-08 - val_mean_squared_error: 3.5173e-08 - 293s/epoch - 2s/step
Epoch 11/15

Epoch 00011: mean_squared_error did not improve from 0.00000
188/188 - 294s - loss: 9.5948e-07 - mean_squared_error: 1.3670e-06 - val_loss: 3.1863e-08 - val_mean_squared_error: 3.1863e-08 - 294s/epoch - 2s/step
Epoch 12/15

Epoch 00012: mean_squared_error did not improve from 0.00000
188/188 - 294s - loss: 9.9226e-07 - mean_squared_error: 1.3965e-06 - val_loss: 7.1669e-08 - val_mean_squared_error: 7.1669e-08 - 294s/epoch - 2s/step
Epoch 13/15

Epoch 00013: mean_squared_error did not improve from 0.00000
188/188 - 294s - loss: 9.6939e-07 - mean_squared_error: 1.3758e-06 - val_loss: 2.5272e-08 - val_mean_squared_error: 2.5272e-08 - 294s/epoch - 2s/step
Epoch 14/15

Epoch 00014: mean_squared_error did not improve from 0.00000
188/188 - 288s - loss: 9.5604e-07 - mean_squared_error: 1.3640e-06 - val_loss: 3.1365e-08 - val_mean_squared_error: 3.1365e-08 - 288s/epoch - 2s/step
Epoch 15/15

Epoch 00015: mean_squared_error did not improve from 0.00000
188/188 - 290s - loss: 9.5641e-07 - mean_squared_error: 1.3641e-06 - val_loss: 1.4732e-08 - val_mean_squared_error: 1.4732e-08 - 290s/epoch - 2s/step
Starting non-parametric update..
Epoch 1/50

Epoch 00001: mean_squared_error improved from 0.00000 to 0.00000, saving model to /gpfswork/rech/ynx/ulx23va/repo/wf-SEDs/more_stars/wf-outputs/chkp/more_stars_bis/chkp_callback_poly_more_stars_complex_model_6k_bis_2_cycle2
188/188 - 289s - loss: 9.3453e-07 - mean_squared_error: 1.3429e-06 - val_loss: 3.5530e-09 - val_mean_squared_error: 3.5530e-09 - 289s/epoch - 2s/step
Epoch 2/50

Epoch 00002: mean_squared_error improved from 0.00000 to 0.00000, saving model to /gpfswork/rech/ynx/ulx23va/repo/wf-SEDs/more_stars/wf-outputs/chkp/more_stars_bis/chkp_callback_poly_more_stars_complex_model_6k_bis_2_cycle2
188/188 - 286s - loss: 9.3270e-07 - mean_squared_error: 1.3411e-06 - val_loss: 3.2402e-09 - val_mean_squared_error: 3.2402e-09 - 286s/epoch - 2s/step
Epoch 3/50

Epoch 00003: mean_squared_error improved from 0.00000 to 0.00000, saving model to /gpfswork/rech/ynx/ulx23va/repo/wf-SEDs/more_stars/wf-outputs/chkp/more_stars_bis/chkp_callback_poly_more_stars_complex_model_6k_bis_2_cycle2
188/188 - 286s - loss: 9.3267e-07 - mean_squared_error: 1.3411e-06 - val_loss: 3.3940e-09 - val_mean_squared_error: 3.3940e-09 - 286s/epoch - 2s/step
Epoch 4/50

Epoch 00004: mean_squared_error did not improve from 0.00000
188/188 - 286s - loss: 9.3276e-07 - mean_squared_error: 1.3412e-06 - val_loss: 3.3883e-09 - val_mean_squared_error: 3.3883e-09 - 286s/epoch - 2s/step
Epoch 5/50

Epoch 00005: mean_squared_error did not improve from 0.00000
188/188 - 287s - loss: 9.3275e-07 - mean_squared_error: 1.3412e-06 - val_loss: 3.3665e-09 - val_mean_squared_error: 3.3665e-09 - 287s/epoch - 2s/step
Epoch 6/50

Epoch 00006: mean_squared_error did not improve from 0.00000
188/188 - 286s - loss: 9.3278e-07 - mean_squared_error: 1.3412e-06 - val_loss: 3.5428e-09 - val_mean_squared_error: 3.5428e-09 - 286s/epoch - 2s/step
Epoch 7/50

Epoch 00007: mean_squared_error did not improve from 0.00000
188/188 - 286s - loss: 9.3281e-07 - mean_squared_error: 1.3412e-06 - val_loss: 3.4337e-09 - val_mean_squared_error: 3.4337e-09 - 286s/epoch - 2s/step
Epoch 8/50

Epoch 00008: mean_squared_error did not improve from 0.00000
188/188 - 286s - loss: 9.3283e-07 - mean_squared_error: 1.3412e-06 - val_loss: 3.3785e-09 - val_mean_squared_error: 3.3785e-09 - 286s/epoch - 2s/step
Epoch 9/50

Epoch 00009: mean_squared_error did not improve from 0.00000
188/188 - 286s - loss: 9.3295e-07 - mean_squared_error: 1.3413e-06 - val_loss: 3.7842e-09 - val_mean_squared_error: 3.7842e-09 - 286s/epoch - 2s/step
Epoch 10/50

Epoch 00010: mean_squared_error did not improve from 0.00000
188/188 - 287s - loss: 9.3291e-07 - mean_squared_error: 1.3413e-06 - val_loss: 3.4747e-09 - val_mean_squared_error: 3.4747e-09 - 287s/epoch - 2s/step
Epoch 11/50

Epoch 00011: mean_squared_error did not improve from 0.00000
188/188 - 286s - loss: 9.3291e-07 - mean_squared_error: 1.3413e-06 - val_loss: 3.7856e-09 - val_mean_squared_error: 3.7856e-09 - 286s/epoch - 2s/step
Epoch 12/50

Epoch 00012: mean_squared_error did not improve from 0.00000
188/188 - 287s - loss: 9.3303e-07 - mean_squared_error: 1.3414e-06 - val_loss: 3.4191e-09 - val_mean_squared_error: 3.4191e-09 - 287s/epoch - 2s/step
Epoch 13/50

Epoch 00013: mean_squared_error did not improve from 0.00000
188/188 - 286s - loss: 9.3304e-07 - mean_squared_error: 1.3414e-06 - val_loss: 3.7217e-09 - val_mean_squared_error: 3.7217e-09 - 286s/epoch - 2s/step
Epoch 14/50

Epoch 00014: mean_squared_error did not improve from 0.00000
188/188 - 287s - loss: 9.3294e-07 - mean_squared_error: 1.3413e-06 - val_loss: 3.6375e-09 - val_mean_squared_error: 3.6375e-09 - 287s/epoch - 2s/step
Epoch 15/50

Epoch 00015: mean_squared_error did not improve from 0.00000
188/188 - 286s - loss: 9.3298e-07 - mean_squared_error: 1.3414e-06 - val_loss: 3.3790e-09 - val_mean_squared_error: 3.3790e-09 - 286s/epoch - 2s/step
Epoch 16/50

Epoch 00016: mean_squared_error did not improve from 0.00000
188/188 - 286s - loss: 9.3322e-07 - mean_squared_error: 1.3415e-06 - val_loss: 4.4283e-09 - val_mean_squared_error: 4.4283e-09 - 286s/epoch - 2s/step
Epoch 17/50

Epoch 00017: mean_squared_error did not improve from 0.00000
188/188 - 286s - loss: 9.3305e-07 - mean_squared_error: 1.3414e-06 - val_loss: 3.6643e-09 - val_mean_squared_error: 3.6643e-09 - 286s/epoch - 2s/step
Epoch 18/50

Epoch 00018: mean_squared_error did not improve from 0.00000
188/188 - 286s - loss: 9.3317e-07 - mean_squared_error: 1.3415e-06 - val_loss: 3.7206e-09 - val_mean_squared_error: 3.7206e-09 - 286s/epoch - 2s/step
Epoch 19/50

Epoch 00019: mean_squared_error did not improve from 0.00000
188/188 - 287s - loss: 9.3312e-07 - mean_squared_error: 1.3415e-06 - val_loss: 3.7560e-09 - val_mean_squared_error: 3.7560e-09 - 287s/epoch - 2s/step
Epoch 20/50

Epoch 00020: mean_squared_error did not improve from 0.00000
188/188 - 286s - loss: 9.3304e-07 - mean_squared_error: 1.3414e-06 - val_loss: 3.7286e-09 - val_mean_squared_error: 3.7286e-09 - 286s/epoch - 2s/step
Epoch 21/50

Epoch 00021: mean_squared_error did not improve from 0.00000
188/188 - 286s - loss: 9.3300e-07 - mean_squared_error: 1.3414e-06 - val_loss: 3.5636e-09 - val_mean_squared_error: 3.5636e-09 - 286s/epoch - 2s/step
Epoch 22/50

Epoch 00022: mean_squared_error did not improve from 0.00000
188/188 - 287s - loss: 9.3324e-07 - mean_squared_error: 1.3415e-06 - val_loss: 4.3428e-09 - val_mean_squared_error: 4.3428e-09 - 287s/epoch - 2s/step
Epoch 23/50

Epoch 00023: mean_squared_error did not improve from 0.00000
188/188 - 287s - loss: 9.3326e-07 - mean_squared_error: 1.3416e-06 - val_loss: 3.9417e-09 - val_mean_squared_error: 3.9417e-09 - 287s/epoch - 2s/step
Epoch 24/50

Epoch 00024: mean_squared_error did not improve from 0.00000
188/188 - 286s - loss: 9.3299e-07 - mean_squared_error: 1.3414e-06 - val_loss: 3.6398e-09 - val_mean_squared_error: 3.6398e-09 - 286s/epoch - 2s/step
Epoch 25/50

Epoch 00025: mean_squared_error did not improve from 0.00000
188/188 - 287s - loss: 9.3297e-07 - mean_squared_error: 1.3414e-06 - val_loss: 4.0164e-09 - val_mean_squared_error: 4.0164e-09 - 287s/epoch - 2s/step
Epoch 26/50

Epoch 00026: mean_squared_error did not improve from 0.00000
188/188 - 287s - loss: 9.3286e-07 - mean_squared_error: 1.3413e-06 - val_loss: 3.6384e-09 - val_mean_squared_error: 3.6384e-09 - 287s/epoch - 2s/step
Epoch 27/50

Epoch 00027: mean_squared_error did not improve from 0.00000
188/188 - 287s - loss: 9.3282e-07 - mean_squared_error: 1.3412e-06 - val_loss: 3.8904e-09 - val_mean_squared_error: 3.8904e-09 - 287s/epoch - 2s/step
Epoch 28/50

Epoch 00028: mean_squared_error did not improve from 0.00000
188/188 - 287s - loss: 9.3308e-07 - mean_squared_error: 1.3414e-06 - val_loss: 3.4366e-09 - val_mean_squared_error: 3.4366e-09 - 287s/epoch - 2s/step
Epoch 29/50

Epoch 00029: mean_squared_error did not improve from 0.00000
188/188 - 287s - loss: 9.3329e-07 - mean_squared_error: 1.3415e-06 - val_loss: 4.0526e-09 - val_mean_squared_error: 4.0526e-09 - 287s/epoch - 2s/step
Epoch 30/50

Epoch 00030: mean_squared_error did not improve from 0.00000
188/188 - 287s - loss: 9.3343e-07 - mean_squared_error: 1.3417e-06 - val_loss: 3.5647e-09 - val_mean_squared_error: 3.5647e-09 - 287s/epoch - 2s/step
Epoch 31/50

Epoch 00031: mean_squared_error did not improve from 0.00000
188/188 - 287s - loss: 9.3281e-07 - mean_squared_error: 1.3412e-06 - val_loss: 3.7624e-09 - val_mean_squared_error: 3.7624e-09 - 287s/epoch - 2s/step
Epoch 32/50

Epoch 00032: mean_squared_error did not improve from 0.00000
188/188 - 287s - loss: 9.3288e-07 - mean_squared_error: 1.3412e-06 - val_loss: 3.5464e-09 - val_mean_squared_error: 3.5464e-09 - 287s/epoch - 2s/step
Epoch 33/50

Epoch 00033: mean_squared_error did not improve from 0.00000
188/188 - 286s - loss: 9.3290e-07 - mean_squared_error: 1.3413e-06 - val_loss: 3.3960e-09 - val_mean_squared_error: 3.3960e-09 - 286s/epoch - 2s/step
Epoch 34/50

Epoch 00034: mean_squared_error did not improve from 0.00000
188/188 - 287s - loss: 9.3291e-07 - mean_squared_error: 1.3413e-06 - val_loss: 3.8115e-09 - val_mean_squared_error: 3.8115e-09 - 287s/epoch - 2s/step
Epoch 35/50

Epoch 00035: mean_squared_error did not improve from 0.00000
188/188 - 286s - loss: 9.3309e-07 - mean_squared_error: 1.3414e-06 - val_loss: 3.8659e-09 - val_mean_squared_error: 3.8659e-09 - 286s/epoch - 2s/step
Epoch 36/50

Epoch 00036: mean_squared_error did not improve from 0.00000
188/188 - 286s - loss: 9.3352e-07 - mean_squared_error: 1.3417e-06 - val_loss: 3.6087e-09 - val_mean_squared_error: 3.6087e-09 - 286s/epoch - 2s/step
Epoch 37/50

Epoch 00037: mean_squared_error did not improve from 0.00000
188/188 - 286s - loss: 9.3308e-07 - mean_squared_error: 1.3414e-06 - val_loss: 3.9697e-09 - val_mean_squared_error: 3.9697e-09 - 286s/epoch - 2s/step
Epoch 38/50

Epoch 00038: mean_squared_error did not improve from 0.00000
188/188 - 287s - loss: 9.3278e-07 - mean_squared_error: 1.3412e-06 - val_loss: 3.8756e-09 - val_mean_squared_error: 3.8756e-09 - 287s/epoch - 2s/step
Epoch 39/50

Epoch 00039: mean_squared_error did not improve from 0.00000
188/188 - 286s - loss: 9.3286e-07 - mean_squared_error: 1.3412e-06 - val_loss: 3.9419e-09 - val_mean_squared_error: 3.9419e-09 - 286s/epoch - 2s/step
Epoch 40/50

Epoch 00040: mean_squared_error did not improve from 0.00000
188/188 - 287s - loss: 9.3353e-07 - mean_squared_error: 1.3416e-06 - val_loss: 4.4560e-09 - val_mean_squared_error: 4.4560e-09 - 287s/epoch - 2s/step
Epoch 41/50

Epoch 00041: mean_squared_error did not improve from 0.00000
188/188 - 286s - loss: 9.3282e-07 - mean_squared_error: 1.3412e-06 - val_loss: 3.7749e-09 - val_mean_squared_error: 3.7749e-09 - 286s/epoch - 2s/step
Epoch 42/50

Epoch 00042: mean_squared_error did not improve from 0.00000
188/188 - 286s - loss: 9.3304e-07 - mean_squared_error: 1.3414e-06 - val_loss: 3.9165e-09 - val_mean_squared_error: 3.9165e-09 - 286s/epoch - 2s/step
Epoch 43/50

Epoch 00043: mean_squared_error did not improve from 0.00000
188/188 - 286s - loss: 9.3296e-07 - mean_squared_error: 1.3413e-06 - val_loss: 3.8301e-09 - val_mean_squared_error: 3.8301e-09 - 286s/epoch - 2s/step
Epoch 44/50

Epoch 00044: mean_squared_error did not improve from 0.00000
188/188 - 286s - loss: 9.3271e-07 - mean_squared_error: 1.3411e-06 - val_loss: 3.9835e-09 - val_mean_squared_error: 3.9835e-09 - 286s/epoch - 2s/step
Epoch 45/50

Epoch 00045: mean_squared_error did not improve from 0.00000
188/188 - 287s - loss: 9.3298e-07 - mean_squared_error: 1.3413e-06 - val_loss: 3.6569e-09 - val_mean_squared_error: 3.6569e-09 - 287s/epoch - 2s/step
Epoch 46/50

Epoch 00046: mean_squared_error improved from 0.00000 to 0.00000, saving model to /gpfswork/rech/ynx/ulx23va/repo/wf-SEDs/more_stars/wf-outputs/chkp/more_stars_bis/chkp_callback_poly_more_stars_complex_model_6k_bis_2_cycle2
188/188 - 286s - loss: 9.3264e-07 - mean_squared_error: 1.3411e-06 - val_loss: 3.4672e-09 - val_mean_squared_error: 3.4672e-09 - 286s/epoch - 2s/step
Epoch 47/50

Epoch 00047: mean_squared_error did not improve from 0.00000
188/188 - 286s - loss: 9.3278e-07 - mean_squared_error: 1.3412e-06 - val_loss: 3.7648e-09 - val_mean_squared_error: 3.7648e-09 - 286s/epoch - 2s/step
Epoch 48/50

Epoch 00048: mean_squared_error did not improve from 0.00000
188/188 - 286s - loss: 9.3307e-07 - mean_squared_error: 1.3414e-06 - val_loss: 3.8961e-09 - val_mean_squared_error: 3.8961e-09 - 286s/epoch - 2s/step
Epoch 49/50

Epoch 00049: mean_squared_error did not improve from 0.00000
188/188 - 286s - loss: 9.3293e-07 - mean_squared_error: 1.3413e-06 - val_loss: 3.6181e-09 - val_mean_squared_error: 3.6181e-09 - 286s/epoch - 2s/step
Epoch 50/50

Epoch 00050: mean_squared_error did not improve from 0.00000
188/188 - 286s - loss: 9.3276e-07 - mean_squared_error: 1.3411e-06 - val_loss: 3.5985e-09 - val_mean_squared_error: 3.5985e-09 - 286s/epoch - 2s/step
Cycle2 elapsed time: 18729.265979

Total elapsed time: 52454.056890

 Good bye..
