Starting the log file.
Found GPU at: /device:GPU:0
tf_version: 2.7.0
Dataset parameters:
{'d_max': 2, 'max_order': 45, 'x_lims': [0, 1000.0], 'y_lims': [0, 1000.0], 'grid_points': [4, 4], 'n_bins': 8, 'max_wfe_rms': 0.1, 'oversampling_rate': 3.0, 'output_Q': 3.0, 'output_dim': 32, 'LP_filter_length': 2, 'pupil_diameter': 128, 'euclid_obsc': True, 'n_stars': 1000}

***
Metric evaluation on the test dataset
***

Absolute RMSE:	 1.3552e-04 	 +/- 2.6570e-05
Relative RMSE:	 1.8312e+00 % 	 +/- 4.9575e-01 %
Absolute RMSE:	 1.5694e-01 	 +/- 1.6604e-02
Relative RMSE:	 2.0799e+02 % 	 +/- 1.7955e+01 %

Pixel star absolute RMSE:	 7.5992e-05 	 +/- 1.8589e-05 
Pixel star relative RMSE:	 5.0073e+00 % 	 +/- 1.5709e+00 %

sigma(e1) RMSE =		 1.6495e-02 	 +/- 1.0733e-02 
sigma(e2) RMSE =		 5.5239e-03 	 +/- 5.3997e-03 
sigma(R2)/<R2> =		 3.2019e-01 	 +/- 2.7527e-01 

Relative sigma(e1) RMSE =	 6.9576e+03 % 	 +/- 6.9533e+03 %
Relative sigma(e2) RMSE =	 1.2304e+03 % 	 +/- 1.2296e+03 %

Total number of stars: 		2000
Problematic number of stars: 	0

***
Metric evaluation on the train dataset
***

Absolute RMSE:	 1.3360e-04 	 +/- 2.4876e-05
Relative RMSE:	 1.7988e+00 % 	 +/- 4.5179e-01 %
Absolute RMSE:	 1.5634e-01 	 +/- 1.6625e-02
Relative RMSE:	 2.0714e+02 % 	 +/- 1.7612e+01 %

Pixel star absolute RMSE:	 7.5247e-05 	 +/- 1.9355e-05 
Pixel star relative RMSE:	 4.9619e+00 % 	 +/- 1.6926e+00 %

sigma(e1) RMSE =		 1.5673e-02 	 +/- 1.0652e-02 
sigma(e2) RMSE =		 5.1193e-03 	 +/- 5.0490e-03 
sigma(R2)/<R2> =		 2.3925e-01 	 +/- 2.3408e-01 

Relative sigma(e1) RMSE =	 1.9111e+03 % 	 +/- 1.9065e+03 %
Relative sigma(e2) RMSE =	 2.1594e+02 % 	 +/- 2.1593e+02 %

Total number of stars: 		1000
Problematic number of stars: 	0

Total elapsed time: 2304.878523

 Good bye..
