Starting the log file.
Found GPU at: /device:GPU:0
tf_version: 2.7.0
Dataset parameters:
{'d_max': 2, 'max_order': 45, 'x_lims': [0, 1000.0], 'y_lims': [0, 1000.0], 'grid_points': [4, 4], 'n_bins': 8, 'max_wfe_rms': 0.1, 'oversampling_rate': 3.0, 'output_Q': 3.0, 'output_dim': 32, 'LP_filter_length': 2, 'pupil_diameter': 128, 'euclid_obsc': True, 'n_stars': 1000}

***
Metric evaluation on the test dataset
***

Absolute RMSE:	 1.4118e-04 	 +/- 2.8478e-05
Relative RMSE:	 1.9116e+00 % 	 +/- 5.4638e-01 %
Absolute RMSE:	 1.4428e-01 	 +/- 2.0171e-02
Relative RMSE:	 1.9055e+02 % 	 +/- 1.6989e+01 %

Pixel star absolute RMSE:	 7.4091e-05 	 +/- 1.9322e-05 
Pixel star relative RMSE:	 4.9078e+00 % 	 +/- 1.6258e+00 %

sigma(e1) RMSE =		 1.1524e-02 	 +/- 1.0838e-02 
sigma(e2) RMSE =		 7.7567e-03 	 +/- 6.6513e-03 
sigma(R2)/<R2> =		 3.6153e-01 	 +/- 3.0589e-01 

Relative sigma(e1) RMSE =	 2.0917e+03 % 	 +/- 2.0903e+03 %
Relative sigma(e2) RMSE =	 1.6463e+03 % 	 +/- 1.6460e+03 %

Total number of stars: 		2000
Problematic number of stars: 	0

***
Metric evaluation on the train dataset
***

Absolute RMSE:	 1.3876e-04 	 +/- 2.5157e-05
Relative RMSE:	 1.8718e+00 % 	 +/- 4.9113e-01 %
Absolute RMSE:	 1.4342e-01 	 +/- 2.0201e-02
Relative RMSE:	 1.8934e+02 % 	 +/- 1.6473e+01 %

Pixel star absolute RMSE:	 7.3373e-05 	 +/- 1.8570e-05 
Pixel star relative RMSE:	 4.8503e+00 % 	 +/- 1.5771e+00 %

sigma(e1) RMSE =		 1.1060e-02 	 +/- 1.0542e-02 
sigma(e2) RMSE =		 7.1624e-03 	 +/- 6.3091e-03 
sigma(R2)/<R2> =		 2.6776e-01 	 +/- 2.5785e-01 

Relative sigma(e1) RMSE =	 1.8734e+03 % 	 +/- 1.8734e+03 %
Relative sigma(e2) RMSE =	 1.3346e+03 % 	 +/- 1.3344e+03 %

Total number of stars: 		1000
Problematic number of stars: 	0

Total elapsed time: 2591.506867

 Good bye..
