Starting the log file.
Found GPU at: /device:GPU:0
tf_version: 2.7.0
Zernike cube:
(15, 128, 128)
Dataset parameters:
{'d_max': 2, 'max_order': 45, 'x_lims': [0, 1000.0], 'y_lims': [0, 1000.0], 'grid_points': [4, 4], 'n_bins': 8, 'max_wfe_rms': 0.1, 'oversampling_rate': 3.0, 'output_Q': 3.0, 'output_dim': 32, 'LP_filter_length': 2, 'pupil_diameter': 128, 'euclid_obsc': True, 'n_stars': 1000}
Starting cycle 1..
Starting parametric update..
Epoch 1/15

Epoch 00001: mean_squared_error improved from inf to 0.00001, saving model to /gpfswork/rech/ynx/ulx23va/repo/wf-SEDs/more_stars/wf-outputs/chkp/more_stars_bis/chkp_callback_poly_more_stars_1k_bis_4_cycle1
32/32 - 91s - loss: 1.1240e-05 - mean_squared_error: 1.0405e-05 - val_loss: 4.5772e-06 - val_mean_squared_error: 4.5772e-06 - 91s/epoch - 3s/step
Epoch 2/15

Epoch 00002: mean_squared_error improved from 0.00001 to 0.00000, saving model to /gpfswork/rech/ynx/ulx23va/repo/wf-SEDs/more_stars/wf-outputs/chkp/more_stars_bis/chkp_callback_poly_more_stars_1k_bis_4_cycle1
32/32 - 86s - loss: 4.1376e-06 - mean_squared_error: 4.1999e-06 - val_loss: 2.0190e-06 - val_mean_squared_error: 2.0190e-06 - 86s/epoch - 3s/step
Epoch 3/15

Epoch 00003: mean_squared_error improved from 0.00000 to 0.00000, saving model to /gpfswork/rech/ynx/ulx23va/repo/wf-SEDs/more_stars/wf-outputs/chkp/more_stars_bis/chkp_callback_poly_more_stars_1k_bis_4_cycle1
32/32 - 85s - loss: 2.7928e-06 - mean_squared_error: 3.0265e-06 - val_loss: 1.4795e-06 - val_mean_squared_error: 1.4795e-06 - 85s/epoch - 3s/step
Epoch 4/15

Epoch 00004: mean_squared_error improved from 0.00000 to 0.00000, saving model to /gpfswork/rech/ynx/ulx23va/repo/wf-SEDs/more_stars/wf-outputs/chkp/more_stars_bis/chkp_callback_poly_more_stars_1k_bis_4_cycle1
32/32 - 86s - loss: 2.3738e-06 - mean_squared_error: 2.6601e-06 - val_loss: 1.2648e-06 - val_mean_squared_error: 1.2648e-06 - 86s/epoch - 3s/step
Epoch 5/15

Epoch 00005: mean_squared_error improved from 0.00000 to 0.00000, saving model to /gpfswork/rech/ynx/ulx23va/repo/wf-SEDs/more_stars/wf-outputs/chkp/more_stars_bis/chkp_callback_poly_more_stars_1k_bis_4_cycle1
32/32 - 85s - loss: 2.1096e-06 - mean_squared_error: 2.4075e-06 - val_loss: 1.0301e-06 - val_mean_squared_error: 1.0301e-06 - 85s/epoch - 3s/step
Epoch 6/15

Epoch 00006: mean_squared_error improved from 0.00000 to 0.00000, saving model to /gpfswork/rech/ynx/ulx23va/repo/wf-SEDs/more_stars/wf-outputs/chkp/more_stars_bis/chkp_callback_poly_more_stars_1k_bis_4_cycle1
32/32 - 86s - loss: 1.8920e-06 - mean_squared_error: 2.2069e-06 - val_loss: 7.9265e-07 - val_mean_squared_error: 7.9265e-07 - 86s/epoch - 3s/step
Epoch 7/15

Epoch 00007: mean_squared_error improved from 0.00000 to 0.00000, saving model to /gpfswork/rech/ynx/ulx23va/repo/wf-SEDs/more_stars/wf-outputs/chkp/more_stars_bis/chkp_callback_poly_more_stars_1k_bis_4_cycle1
32/32 - 86s - loss: 1.7222e-06 - mean_squared_error: 2.0594e-06 - val_loss: 6.9330e-07 - val_mean_squared_error: 6.9330e-07 - 86s/epoch - 3s/step
Epoch 8/15

Epoch 00008: mean_squared_error improved from 0.00000 to 0.00000, saving model to /gpfswork/rech/ynx/ulx23va/repo/wf-SEDs/more_stars/wf-outputs/chkp/more_stars_bis/chkp_callback_poly_more_stars_1k_bis_4_cycle1
32/32 - 86s - loss: 1.6448e-06 - mean_squared_error: 1.9882e-06 - val_loss: 6.6452e-07 - val_mean_squared_error: 6.6452e-07 - 86s/epoch - 3s/step
Epoch 9/15

Epoch 00009: mean_squared_error improved from 0.00000 to 0.00000, saving model to /gpfswork/rech/ynx/ulx23va/repo/wf-SEDs/more_stars/wf-outputs/chkp/more_stars_bis/chkp_callback_poly_more_stars_1k_bis_4_cycle1
32/32 - 85s - loss: 1.6111e-06 - mean_squared_error: 1.9603e-06 - val_loss: 6.2767e-07 - val_mean_squared_error: 6.2767e-07 - 85s/epoch - 3s/step
Epoch 10/15

Epoch 00010: mean_squared_error improved from 0.00000 to 0.00000, saving model to /gpfswork/rech/ynx/ulx23va/repo/wf-SEDs/more_stars/wf-outputs/chkp/more_stars_bis/chkp_callback_poly_more_stars_1k_bis_4_cycle1
32/32 - 85s - loss: 1.5947e-06 - mean_squared_error: 1.9423e-06 - val_loss: 6.0804e-07 - val_mean_squared_error: 6.0804e-07 - 85s/epoch - 3s/step
Epoch 11/15

Epoch 00011: mean_squared_error improved from 0.00000 to 0.00000, saving model to /gpfswork/rech/ynx/ulx23va/repo/wf-SEDs/more_stars/wf-outputs/chkp/more_stars_bis/chkp_callback_poly_more_stars_1k_bis_4_cycle1
32/32 - 86s - loss: 1.5661e-06 - mean_squared_error: 1.9214e-06 - val_loss: 5.9995e-07 - val_mean_squared_error: 5.9995e-07 - 86s/epoch - 3s/step
Epoch 12/15

Epoch 00012: mean_squared_error improved from 0.00000 to 0.00000, saving model to /gpfswork/rech/ynx/ulx23va/repo/wf-SEDs/more_stars/wf-outputs/chkp/more_stars_bis/chkp_callback_poly_more_stars_1k_bis_4_cycle1
32/32 - 86s - loss: 1.5653e-06 - mean_squared_error: 1.9174e-06 - val_loss: 6.0454e-07 - val_mean_squared_error: 6.0454e-07 - 86s/epoch - 3s/step
Epoch 13/15

Epoch 00013: mean_squared_error did not improve from 0.00000
32/32 - 85s - loss: 1.5699e-06 - mean_squared_error: 1.9245e-06 - val_loss: 6.1658e-07 - val_mean_squared_error: 6.1658e-07 - 85s/epoch - 3s/step
Epoch 14/15

Epoch 00014: mean_squared_error did not improve from 0.00000
32/32 - 86s - loss: 1.6256e-06 - mean_squared_error: 1.9796e-06 - val_loss: 6.9370e-07 - val_mean_squared_error: 6.9370e-07 - 86s/epoch - 3s/step
Epoch 15/15

Epoch 00015: mean_squared_error did not improve from 0.00000
32/32 - 84s - loss: 1.6201e-06 - mean_squared_error: 1.9748e-06 - val_loss: 6.2409e-07 - val_mean_squared_error: 6.2409e-07 - 84s/epoch - 3s/step
Starting non-parametric update..
Epoch 1/100

Epoch 00001: mean_squared_error improved from 0.00000 to 0.00000, saving model to /gpfswork/rech/ynx/ulx23va/repo/wf-SEDs/more_stars/wf-outputs/chkp/more_stars_bis/chkp_callback_poly_more_stars_1k_bis_4_cycle1
32/32 - 87s - loss: 1.5498e-06 - mean_squared_error: 1.9123e-06 - val_loss: 5.5791e-07 - val_mean_squared_error: 5.5791e-07 - 87s/epoch - 3s/step
Epoch 2/100

Epoch 00002: mean_squared_error improved from 0.00000 to 0.00000, saving model to /gpfswork/rech/ynx/ulx23va/repo/wf-SEDs/more_stars/wf-outputs/chkp/more_stars_bis/chkp_callback_poly_more_stars_1k_bis_4_cycle1
32/32 - 86s - loss: 1.4725e-06 - mean_squared_error: 1.8378e-06 - val_loss: 4.8157e-07 - val_mean_squared_error: 4.8157e-07 - 86s/epoch - 3s/step
Epoch 3/100

Epoch 00003: mean_squared_error improved from 0.00000 to 0.00000, saving model to /gpfswork/rech/ynx/ulx23va/repo/wf-SEDs/more_stars/wf-outputs/chkp/more_stars_bis/chkp_callback_poly_more_stars_1k_bis_4_cycle1
32/32 - 86s - loss: 1.3924e-06 - mean_squared_error: 1.7627e-06 - val_loss: 4.0416e-07 - val_mean_squared_error: 4.0416e-07 - 86s/epoch - 3s/step
Epoch 4/100

Epoch 00004: mean_squared_error improved from 0.00000 to 0.00000, saving model to /gpfswork/rech/ynx/ulx23va/repo/wf-SEDs/more_stars/wf-outputs/chkp/more_stars_bis/chkp_callback_poly_more_stars_1k_bis_4_cycle1
32/32 - 85s - loss: 1.3097e-06 - mean_squared_error: 1.6868e-06 - val_loss: 3.2648e-07 - val_mean_squared_error: 3.2648e-07 - 85s/epoch - 3s/step
Epoch 5/100

Epoch 00005: mean_squared_error improved from 0.00000 to 0.00000, saving model to /gpfswork/rech/ynx/ulx23va/repo/wf-SEDs/more_stars/wf-outputs/chkp/more_stars_bis/chkp_callback_poly_more_stars_1k_bis_4_cycle1
32/32 - 85s - loss: 1.2389e-06 - mean_squared_error: 1.6228e-06 - val_loss: 2.7052e-07 - val_mean_squared_error: 2.7052e-07 - 85s/epoch - 3s/step
Epoch 6/100

Epoch 00006: mean_squared_error improved from 0.00000 to 0.00000, saving model to /gpfswork/rech/ynx/ulx23va/repo/wf-SEDs/more_stars/wf-outputs/chkp/more_stars_bis/chkp_callback_poly_more_stars_1k_bis_4_cycle1
32/32 - 86s - loss: 1.1902e-06 - mean_squared_error: 1.5794e-06 - val_loss: 2.3334e-07 - val_mean_squared_error: 2.3334e-07 - 86s/epoch - 3s/step
Epoch 7/100

Epoch 00007: mean_squared_error improved from 0.00000 to 0.00000, saving model to /gpfswork/rech/ynx/ulx23va/repo/wf-SEDs/more_stars/wf-outputs/chkp/more_stars_bis/chkp_callback_poly_more_stars_1k_bis_4_cycle1
32/32 - 85s - loss: 1.1549e-06 - mean_squared_error: 1.5470e-06 - val_loss: 2.0560e-07 - val_mean_squared_error: 2.0560e-07 - 85s/epoch - 3s/step
Epoch 8/100

Epoch 00008: mean_squared_error improved from 0.00000 to 0.00000, saving model to /gpfswork/rech/ynx/ulx23va/repo/wf-SEDs/more_stars/wf-outputs/chkp/more_stars_bis/chkp_callback_poly_more_stars_1k_bis_4_cycle1
32/32 - 86s - loss: 1.1269e-06 - mean_squared_error: 1.5216e-06 - val_loss: 1.8020e-07 - val_mean_squared_error: 1.8020e-07 - 86s/epoch - 3s/step
Epoch 9/100

Epoch 00009: mean_squared_error improved from 0.00000 to 0.00000, saving model to /gpfswork/rech/ynx/ulx23va/repo/wf-SEDs/more_stars/wf-outputs/chkp/more_stars_bis/chkp_callback_poly_more_stars_1k_bis_4_cycle1
32/32 - 86s - loss: 1.1041e-06 - mean_squared_error: 1.5001e-06 - val_loss: 1.6080e-07 - val_mean_squared_error: 1.6080e-07 - 86s/epoch - 3s/step
Epoch 10/100

Epoch 00010: mean_squared_error improved from 0.00000 to 0.00000, saving model to /gpfswork/rech/ynx/ulx23va/repo/wf-SEDs/more_stars/wf-outputs/chkp/more_stars_bis/chkp_callback_poly_more_stars_1k_bis_4_cycle1
32/32 - 85s - loss: 1.0859e-06 - mean_squared_error: 1.4828e-06 - val_loss: 1.4472e-07 - val_mean_squared_error: 1.4472e-07 - 85s/epoch - 3s/step
Epoch 11/100

Epoch 00011: mean_squared_error improved from 0.00000 to 0.00000, saving model to /gpfswork/rech/ynx/ulx23va/repo/wf-SEDs/more_stars/wf-outputs/chkp/more_stars_bis/chkp_callback_poly_more_stars_1k_bis_4_cycle1
32/32 - 86s - loss: 1.0704e-06 - mean_squared_error: 1.4680e-06 - val_loss: 1.3059e-07 - val_mean_squared_error: 1.3059e-07 - 86s/epoch - 3s/step
Epoch 12/100

Epoch 00012: mean_squared_error improved from 0.00000 to 0.00000, saving model to /gpfswork/rech/ynx/ulx23va/repo/wf-SEDs/more_stars/wf-outputs/chkp/more_stars_bis/chkp_callback_poly_more_stars_1k_bis_4_cycle1
32/32 - 86s - loss: 1.0583e-06 - mean_squared_error: 1.4565e-06 - val_loss: 1.1924e-07 - val_mean_squared_error: 1.1924e-07 - 86s/epoch - 3s/step
Epoch 13/100

Epoch 00013: mean_squared_error improved from 0.00000 to 0.00000, saving model to /gpfswork/rech/ynx/ulx23va/repo/wf-SEDs/more_stars/wf-outputs/chkp/more_stars_bis/chkp_callback_poly_more_stars_1k_bis_4_cycle1
32/32 - 85s - loss: 1.0472e-06 - mean_squared_error: 1.4462e-06 - val_loss: 1.0940e-07 - val_mean_squared_error: 1.0940e-07 - 85s/epoch - 3s/step
Epoch 14/100

Epoch 00014: mean_squared_error improved from 0.00000 to 0.00000, saving model to /gpfswork/rech/ynx/ulx23va/repo/wf-SEDs/more_stars/wf-outputs/chkp/more_stars_bis/chkp_callback_poly_more_stars_1k_bis_4_cycle1
32/32 - 85s - loss: 1.0375e-06 - mean_squared_error: 1.4365e-06 - val_loss: 1.0194e-07 - val_mean_squared_error: 1.0194e-07 - 85s/epoch - 3s/step
Epoch 15/100

Epoch 00015: mean_squared_error improved from 0.00000 to 0.00000, saving model to /gpfswork/rech/ynx/ulx23va/repo/wf-SEDs/more_stars/wf-outputs/chkp/more_stars_bis/chkp_callback_poly_more_stars_1k_bis_4_cycle1
32/32 - 85s - loss: 1.0291e-06 - mean_squared_error: 1.4285e-06 - val_loss: 9.4456e-08 - val_mean_squared_error: 9.4456e-08 - 85s/epoch - 3s/step
Epoch 16/100

Epoch 00016: mean_squared_error improved from 0.00000 to 0.00000, saving model to /gpfswork/rech/ynx/ulx23va/repo/wf-SEDs/more_stars/wf-outputs/chkp/more_stars_bis/chkp_callback_poly_more_stars_1k_bis_4_cycle1
32/32 - 85s - loss: 1.0222e-06 - mean_squared_error: 1.4219e-06 - val_loss: 8.8169e-08 - val_mean_squared_error: 8.8169e-08 - 85s/epoch - 3s/step
Epoch 17/100

Epoch 00017: mean_squared_error improved from 0.00000 to 0.00000, saving model to /gpfswork/rech/ynx/ulx23va/repo/wf-SEDs/more_stars/wf-outputs/chkp/more_stars_bis/chkp_callback_poly_more_stars_1k_bis_4_cycle1
32/32 - 85s - loss: 1.0165e-06 - mean_squared_error: 1.4164e-06 - val_loss: 8.3222e-08 - val_mean_squared_error: 8.3222e-08 - 85s/epoch - 3s/step
Epoch 18/100

Epoch 00018: mean_squared_error improved from 0.00000 to 0.00000, saving model to /gpfswork/rech/ynx/ulx23va/repo/wf-SEDs/more_stars/wf-outputs/chkp/more_stars_bis/chkp_callback_poly_more_stars_1k_bis_4_cycle1
32/32 - 86s - loss: 1.0104e-06 - mean_squared_error: 1.4110e-06 - val_loss: 7.6731e-08 - val_mean_squared_error: 7.6731e-08 - 86s/epoch - 3s/step
Epoch 19/100

Epoch 00019: mean_squared_error improved from 0.00000 to 0.00000, saving model to /gpfswork/rech/ynx/ulx23va/repo/wf-SEDs/more_stars/wf-outputs/chkp/more_stars_bis/chkp_callback_poly_more_stars_1k_bis_4_cycle1
32/32 - 85s - loss: 1.0058e-06 - mean_squared_error: 1.4065e-06 - val_loss: 7.2111e-08 - val_mean_squared_error: 7.2111e-08 - 85s/epoch - 3s/step
Epoch 20/100

Epoch 00020: mean_squared_error improved from 0.00000 to 0.00000, saving model to /gpfswork/rech/ynx/ulx23va/repo/wf-SEDs/more_stars/wf-outputs/chkp/more_stars_bis/chkp_callback_poly_more_stars_1k_bis_4_cycle1
32/32 - 85s - loss: 1.0006e-06 - mean_squared_error: 1.4015e-06 - val_loss: 6.9145e-08 - val_mean_squared_error: 6.9145e-08 - 85s/epoch - 3s/step
Epoch 21/100

Epoch 00021: mean_squared_error improved from 0.00000 to 0.00000, saving model to /gpfswork/rech/ynx/ulx23va/repo/wf-SEDs/more_stars/wf-outputs/chkp/more_stars_bis/chkp_callback_poly_more_stars_1k_bis_4_cycle1
32/32 - 86s - loss: 9.9751e-07 - mean_squared_error: 1.3987e-06 - val_loss: 6.5226e-08 - val_mean_squared_error: 6.5226e-08 - 86s/epoch - 3s/step
Epoch 22/100

Epoch 00022: mean_squared_error improved from 0.00000 to 0.00000, saving model to /gpfswork/rech/ynx/ulx23va/repo/wf-SEDs/more_stars/wf-outputs/chkp/more_stars_bis/chkp_callback_poly_more_stars_1k_bis_4_cycle1
32/32 - 85s - loss: 9.9473e-07 - mean_squared_error: 1.3960e-06 - val_loss: 6.3603e-08 - val_mean_squared_error: 6.3603e-08 - 85s/epoch - 3s/step
Epoch 23/100

Epoch 00023: mean_squared_error improved from 0.00000 to 0.00000, saving model to /gpfswork/rech/ynx/ulx23va/repo/wf-SEDs/more_stars/wf-outputs/chkp/more_stars_bis/chkp_callback_poly_more_stars_1k_bis_4_cycle1
32/32 - 85s - loss: 9.9054e-07 - mean_squared_error: 1.3921e-06 - val_loss: 5.9364e-08 - val_mean_squared_error: 5.9364e-08 - 85s/epoch - 3s/step
Epoch 24/100

Epoch 00024: mean_squared_error improved from 0.00000 to 0.00000, saving model to /gpfswork/rech/ynx/ulx23va/repo/wf-SEDs/more_stars/wf-outputs/chkp/more_stars_bis/chkp_callback_poly_more_stars_1k_bis_4_cycle1
32/32 - 85s - loss: 9.8813e-07 - mean_squared_error: 1.3898e-06 - val_loss: 5.6927e-08 - val_mean_squared_error: 5.6927e-08 - 85s/epoch - 3s/step
Epoch 25/100

Epoch 00025: mean_squared_error improved from 0.00000 to 0.00000, saving model to /gpfswork/rech/ynx/ulx23va/repo/wf-SEDs/more_stars/wf-outputs/chkp/more_stars_bis/chkp_callback_poly_more_stars_1k_bis_4_cycle1
32/32 - 85s - loss: 9.8501e-07 - mean_squared_error: 1.3868e-06 - val_loss: 5.3876e-08 - val_mean_squared_error: 5.3876e-08 - 85s/epoch - 3s/step
Epoch 26/100

Epoch 00026: mean_squared_error improved from 0.00000 to 0.00000, saving model to /gpfswork/rech/ynx/ulx23va/repo/wf-SEDs/more_stars/wf-outputs/chkp/more_stars_bis/chkp_callback_poly_more_stars_1k_bis_4_cycle1
32/32 - 85s - loss: 9.8296e-07 - mean_squared_error: 1.3849e-06 - val_loss: 5.3122e-08 - val_mean_squared_error: 5.3122e-08 - 85s/epoch - 3s/step
Epoch 27/100

Epoch 00027: mean_squared_error improved from 0.00000 to 0.00000, saving model to /gpfswork/rech/ynx/ulx23va/repo/wf-SEDs/more_stars/wf-outputs/chkp/more_stars_bis/chkp_callback_poly_more_stars_1k_bis_4_cycle1
32/32 - 84s - loss: 9.8066e-07 - mean_squared_error: 1.3827e-06 - val_loss: 5.1634e-08 - val_mean_squared_error: 5.1634e-08 - 84s/epoch - 3s/step
Epoch 28/100

Epoch 00028: mean_squared_error improved from 0.00000 to 0.00000, saving model to /gpfswork/rech/ynx/ulx23va/repo/wf-SEDs/more_stars/wf-outputs/chkp/more_stars_bis/chkp_callback_poly_more_stars_1k_bis_4_cycle1
32/32 - 85s - loss: 9.7846e-07 - mean_squared_error: 1.3806e-06 - val_loss: 4.6956e-08 - val_mean_squared_error: 4.6956e-08 - 85s/epoch - 3s/step
Epoch 29/100

Epoch 00029: mean_squared_error improved from 0.00000 to 0.00000, saving model to /gpfswork/rech/ynx/ulx23va/repo/wf-SEDs/more_stars/wf-outputs/chkp/more_stars_bis/chkp_callback_poly_more_stars_1k_bis_4_cycle1
32/32 - 84s - loss: 9.7626e-07 - mean_squared_error: 1.3785e-06 - val_loss: 4.6778e-08 - val_mean_squared_error: 4.6778e-08 - 84s/epoch - 3s/step
Epoch 30/100

Epoch 00030: mean_squared_error improved from 0.00000 to 0.00000, saving model to /gpfswork/rech/ynx/ulx23va/repo/wf-SEDs/more_stars/wf-outputs/chkp/more_stars_bis/chkp_callback_poly_more_stars_1k_bis_4_cycle1
32/32 - 85s - loss: 9.7610e-07 - mean_squared_error: 1.3778e-06 - val_loss: 4.6437e-08 - val_mean_squared_error: 4.6437e-08 - 85s/epoch - 3s/step
Epoch 31/100

Epoch 00031: mean_squared_error improved from 0.00000 to 0.00000, saving model to /gpfswork/rech/ynx/ulx23va/repo/wf-SEDs/more_stars/wf-outputs/chkp/more_stars_bis/chkp_callback_poly_more_stars_1k_bis_4_cycle1
32/32 - 86s - loss: 9.7363e-07 - mean_squared_error: 1.3756e-06 - val_loss: 4.3116e-08 - val_mean_squared_error: 4.3116e-08 - 86s/epoch - 3s/step
Epoch 32/100

Epoch 00032: mean_squared_error did not improve from 0.00000
32/32 - 84s - loss: 9.7561e-07 - mean_squared_error: 1.3768e-06 - val_loss: 4.6233e-08 - val_mean_squared_error: 4.6233e-08 - 84s/epoch - 3s/step
Epoch 33/100

Epoch 00033: mean_squared_error did not improve from 0.00000
32/32 - 85s - loss: 9.7427e-07 - mean_squared_error: 1.3759e-06 - val_loss: 3.9111e-08 - val_mean_squared_error: 3.9111e-08 - 85s/epoch - 3s/step
Epoch 34/100

Epoch 00034: mean_squared_error improved from 0.00000 to 0.00000, saving model to /gpfswork/rech/ynx/ulx23va/repo/wf-SEDs/more_stars/wf-outputs/chkp/more_stars_bis/chkp_callback_poly_more_stars_1k_bis_4_cycle1
32/32 - 85s - loss: 9.6986e-07 - mean_squared_error: 1.3721e-06 - val_loss: 3.8716e-08 - val_mean_squared_error: 3.8716e-08 - 85s/epoch - 3s/step
Epoch 35/100

Epoch 00035: mean_squared_error improved from 0.00000 to 0.00000, saving model to /gpfswork/rech/ynx/ulx23va/repo/wf-SEDs/more_stars/wf-outputs/chkp/more_stars_bis/chkp_callback_poly_more_stars_1k_bis_4_cycle1
32/32 - 85s - loss: 9.6623e-07 - mean_squared_error: 1.3687e-06 - val_loss: 3.4776e-08 - val_mean_squared_error: 3.4776e-08 - 85s/epoch - 3s/step
Epoch 36/100

Epoch 00036: mean_squared_error improved from 0.00000 to 0.00000, saving model to /gpfswork/rech/ynx/ulx23va/repo/wf-SEDs/more_stars/wf-outputs/chkp/more_stars_bis/chkp_callback_poly_more_stars_1k_bis_4_cycle1
32/32 - 85s - loss: 9.6418e-07 - mean_squared_error: 1.3669e-06 - val_loss: 3.8854e-08 - val_mean_squared_error: 3.8854e-08 - 85s/epoch - 3s/step
Epoch 37/100

Epoch 00037: mean_squared_error improved from 0.00000 to 0.00000, saving model to /gpfswork/rech/ynx/ulx23va/repo/wf-SEDs/more_stars/wf-outputs/chkp/more_stars_bis/chkp_callback_poly_more_stars_1k_bis_4_cycle1
32/32 - 85s - loss: 9.6350e-07 - mean_squared_error: 1.3661e-06 - val_loss: 3.5023e-08 - val_mean_squared_error: 3.5023e-08 - 85s/epoch - 3s/step
Epoch 38/100

Epoch 00038: mean_squared_error improved from 0.00000 to 0.00000, saving model to /gpfswork/rech/ynx/ulx23va/repo/wf-SEDs/more_stars/wf-outputs/chkp/more_stars_bis/chkp_callback_poly_more_stars_1k_bis_4_cycle1
32/32 - 85s - loss: 9.6170e-07 - mean_squared_error: 1.3643e-06 - val_loss: 3.2025e-08 - val_mean_squared_error: 3.2025e-08 - 85s/epoch - 3s/step
Epoch 39/100

Epoch 00039: mean_squared_error did not improve from 0.00000
32/32 - 84s - loss: 9.6465e-07 - mean_squared_error: 1.3669e-06 - val_loss: 3.9864e-08 - val_mean_squared_error: 3.9864e-08 - 84s/epoch - 3s/step
Epoch 40/100

Epoch 00040: mean_squared_error did not improve from 0.00000
32/32 - 85s - loss: 9.6319e-07 - mean_squared_error: 1.3657e-06 - val_loss: 3.1403e-08 - val_mean_squared_error: 3.1403e-08 - 85s/epoch - 3s/step
Epoch 41/100

Epoch 00041: mean_squared_error improved from 0.00000 to 0.00000, saving model to /gpfswork/rech/ynx/ulx23va/repo/wf-SEDs/more_stars/wf-outputs/chkp/more_stars_bis/chkp_callback_poly_more_stars_1k_bis_4_cycle1
32/32 - 85s - loss: 9.5835e-07 - mean_squared_error: 1.3612e-06 - val_loss: 2.8006e-08 - val_mean_squared_error: 2.8006e-08 - 85s/epoch - 3s/step
Epoch 42/100

Epoch 00042: mean_squared_error improved from 0.00000 to 0.00000, saving model to /gpfswork/rech/ynx/ulx23va/repo/wf-SEDs/more_stars/wf-outputs/chkp/more_stars_bis/chkp_callback_poly_more_stars_1k_bis_4_cycle1
32/32 - 85s - loss: 9.5778e-07 - mean_squared_error: 1.3604e-06 - val_loss: 2.9500e-08 - val_mean_squared_error: 2.9500e-08 - 85s/epoch - 3s/step
Epoch 43/100

Epoch 00043: mean_squared_error improved from 0.00000 to 0.00000, saving model to /gpfswork/rech/ynx/ulx23va/repo/wf-SEDs/more_stars/wf-outputs/chkp/more_stars_bis/chkp_callback_poly_more_stars_1k_bis_4_cycle1
32/32 - 85s - loss: 9.5566e-07 - mean_squared_error: 1.3590e-06 - val_loss: 2.8477e-08 - val_mean_squared_error: 2.8477e-08 - 85s/epoch - 3s/step
Epoch 44/100

Epoch 00044: mean_squared_error did not improve from 0.00000
32/32 - 85s - loss: 9.5843e-07 - mean_squared_error: 1.3611e-06 - val_loss: 3.2386e-08 - val_mean_squared_error: 3.2386e-08 - 85s/epoch - 3s/step
Epoch 45/100

Epoch 00045: mean_squared_error did not improve from 0.00000
32/32 - 85s - loss: 9.5698e-07 - mean_squared_error: 1.3598e-06 - val_loss: 3.0078e-08 - val_mean_squared_error: 3.0078e-08 - 85s/epoch - 3s/step
Epoch 46/100

Epoch 00046: mean_squared_error did not improve from 0.00000
32/32 - 85s - loss: 9.6200e-07 - mean_squared_error: 1.3640e-06 - val_loss: 3.2842e-08 - val_mean_squared_error: 3.2842e-08 - 85s/epoch - 3s/step
Epoch 47/100

Epoch 00047: mean_squared_error did not improve from 0.00000
32/32 - 86s - loss: 9.6053e-07 - mean_squared_error: 1.3622e-06 - val_loss: 3.2479e-08 - val_mean_squared_error: 3.2479e-08 - 86s/epoch - 3s/step
Epoch 48/100

Epoch 00048: mean_squared_error did not improve from 0.00000
32/32 - 84s - loss: 9.5892e-07 - mean_squared_error: 1.3612e-06 - val_loss: 3.0151e-08 - val_mean_squared_error: 3.0151e-08 - 84s/epoch - 3s/step
Epoch 49/100

Epoch 00049: mean_squared_error did not improve from 0.00000
32/32 - 85s - loss: 9.5898e-07 - mean_squared_error: 1.3617e-06 - val_loss: 2.8166e-08 - val_mean_squared_error: 2.8166e-08 - 85s/epoch - 3s/step
Epoch 50/100

Epoch 00050: mean_squared_error improved from 0.00000 to 0.00000, saving model to /gpfswork/rech/ynx/ulx23va/repo/wf-SEDs/more_stars/wf-outputs/chkp/more_stars_bis/chkp_callback_poly_more_stars_1k_bis_4_cycle1
32/32 - 86s - loss: 9.5361e-07 - mean_squared_error: 1.3567e-06 - val_loss: 2.6212e-08 - val_mean_squared_error: 2.6212e-08 - 86s/epoch - 3s/step
Epoch 51/100

Epoch 00051: mean_squared_error improved from 0.00000 to 0.00000, saving model to /gpfswork/rech/ynx/ulx23va/repo/wf-SEDs/more_stars/wf-outputs/chkp/more_stars_bis/chkp_callback_poly_more_stars_1k_bis_4_cycle1
32/32 - 85s - loss: 9.5224e-07 - mean_squared_error: 1.3547e-06 - val_loss: 2.5534e-08 - val_mean_squared_error: 2.5534e-08 - 85s/epoch - 3s/step
Epoch 52/100

Epoch 00052: mean_squared_error did not improve from 0.00000
32/32 - 84s - loss: 9.5198e-07 - mean_squared_error: 1.3553e-06 - val_loss: 2.4010e-08 - val_mean_squared_error: 2.4010e-08 - 84s/epoch - 3s/step
Epoch 53/100

Epoch 00053: mean_squared_error improved from 0.00000 to 0.00000, saving model to /gpfswork/rech/ynx/ulx23va/repo/wf-SEDs/more_stars/wf-outputs/chkp/more_stars_bis/chkp_callback_poly_more_stars_1k_bis_4_cycle1
32/32 - 85s - loss: 9.5052e-07 - mean_squared_error: 1.3541e-06 - val_loss: 2.6384e-08 - val_mean_squared_error: 2.6384e-08 - 85s/epoch - 3s/step
Epoch 54/100

Epoch 00054: mean_squared_error did not improve from 0.00000
32/32 - 85s - loss: 9.5766e-07 - mean_squared_error: 1.3597e-06 - val_loss: 2.8774e-08 - val_mean_squared_error: 2.8774e-08 - 85s/epoch - 3s/step
Epoch 55/100

Epoch 00055: mean_squared_error did not improve from 0.00000
32/32 - 85s - loss: 9.5416e-07 - mean_squared_error: 1.3579e-06 - val_loss: 2.6702e-08 - val_mean_squared_error: 2.6702e-08 - 85s/epoch - 3s/step
Epoch 56/100

Epoch 00056: mean_squared_error did not improve from 0.00000
32/32 - 85s - loss: 9.5554e-07 - mean_squared_error: 1.3581e-06 - val_loss: 2.9052e-08 - val_mean_squared_error: 2.9052e-08 - 85s/epoch - 3s/step
Epoch 57/100

Epoch 00057: mean_squared_error did not improve from 0.00000
32/32 - 85s - loss: 9.5540e-07 - mean_squared_error: 1.3576e-06 - val_loss: 2.4074e-08 - val_mean_squared_error: 2.4074e-08 - 85s/epoch - 3s/step
Epoch 58/100

Epoch 00058: mean_squared_error did not improve from 0.00000
32/32 - 85s - loss: 9.5700e-07 - mean_squared_error: 1.3577e-06 - val_loss: 2.3213e-08 - val_mean_squared_error: 2.3213e-08 - 85s/epoch - 3s/step
Epoch 59/100

Epoch 00059: mean_squared_error improved from 0.00000 to 0.00000, saving model to /gpfswork/rech/ynx/ulx23va/repo/wf-SEDs/more_stars/wf-outputs/chkp/more_stars_bis/chkp_callback_poly_more_stars_1k_bis_4_cycle1
32/32 - 85s - loss: 9.4946e-07 - mean_squared_error: 1.3529e-06 - val_loss: 2.5560e-08 - val_mean_squared_error: 2.5560e-08 - 85s/epoch - 3s/step
Epoch 60/100

Epoch 00060: mean_squared_error improved from 0.00000 to 0.00000, saving model to /gpfswork/rech/ynx/ulx23va/repo/wf-SEDs/more_stars/wf-outputs/chkp/more_stars_bis/chkp_callback_poly_more_stars_1k_bis_4_cycle1
32/32 - 85s - loss: 9.4864e-07 - mean_squared_error: 1.3517e-06 - val_loss: 1.8732e-08 - val_mean_squared_error: 1.8732e-08 - 85s/epoch - 3s/step
Epoch 61/100

Epoch 00061: mean_squared_error improved from 0.00000 to 0.00000, saving model to /gpfswork/rech/ynx/ulx23va/repo/wf-SEDs/more_stars/wf-outputs/chkp/more_stars_bis/chkp_callback_poly_more_stars_1k_bis_4_cycle1
32/32 - 85s - loss: 9.4346e-07 - mean_squared_error: 1.3474e-06 - val_loss: 1.7066e-08 - val_mean_squared_error: 1.7066e-08 - 85s/epoch - 3s/step
Epoch 62/100

Epoch 00062: mean_squared_error improved from 0.00000 to 0.00000, saving model to /gpfswork/rech/ynx/ulx23va/repo/wf-SEDs/more_stars/wf-outputs/chkp/more_stars_bis/chkp_callback_poly_more_stars_1k_bis_4_cycle1
32/32 - 85s - loss: 9.4247e-07 - mean_squared_error: 1.3463e-06 - val_loss: 1.7015e-08 - val_mean_squared_error: 1.7015e-08 - 85s/epoch - 3s/step
Epoch 63/100

Epoch 00063: mean_squared_error did not improve from 0.00000
32/32 - 86s - loss: 9.4299e-07 - mean_squared_error: 1.3468e-06 - val_loss: 1.7572e-08 - val_mean_squared_error: 1.7572e-08 - 86s/epoch - 3s/step
Epoch 64/100

Epoch 00064: mean_squared_error did not improve from 0.00000
32/32 - 85s - loss: 9.4301e-07 - mean_squared_error: 1.3467e-06 - val_loss: 1.5658e-08 - val_mean_squared_error: 1.5658e-08 - 85s/epoch - 3s/step
Epoch 65/100

Epoch 00065: mean_squared_error did not improve from 0.00000
32/32 - 86s - loss: 9.4285e-07 - mean_squared_error: 1.3470e-06 - val_loss: 2.1029e-08 - val_mean_squared_error: 2.1029e-08 - 86s/epoch - 3s/step
Epoch 66/100

Epoch 00066: mean_squared_error did not improve from 0.00000
32/32 - 86s - loss: 9.4232e-07 - mean_squared_error: 1.3464e-06 - val_loss: 1.5719e-08 - val_mean_squared_error: 1.5719e-08 - 86s/epoch - 3s/step
Epoch 67/100

Epoch 00067: mean_squared_error improved from 0.00000 to 0.00000, saving model to /gpfswork/rech/ynx/ulx23va/repo/wf-SEDs/more_stars/wf-outputs/chkp/more_stars_bis/chkp_callback_poly_more_stars_1k_bis_4_cycle1
32/32 - 85s - loss: 9.4059e-07 - mean_squared_error: 1.3447e-06 - val_loss: 1.4449e-08 - val_mean_squared_error: 1.4449e-08 - 85s/epoch - 3s/step
Epoch 68/100

Epoch 00068: mean_squared_error did not improve from 0.00000
32/32 - 86s - loss: 9.4183e-07 - mean_squared_error: 1.3459e-06 - val_loss: 1.6161e-08 - val_mean_squared_error: 1.6161e-08 - 86s/epoch - 3s/step
Epoch 69/100

Epoch 00069: mean_squared_error did not improve from 0.00000
32/32 - 86s - loss: 9.4546e-07 - mean_squared_error: 1.3484e-06 - val_loss: 3.6219e-08 - val_mean_squared_error: 3.6219e-08 - 86s/epoch - 3s/step
Epoch 70/100

Epoch 00070: mean_squared_error did not improve from 0.00000
32/32 - 85s - loss: 9.6739e-07 - mean_squared_error: 1.3661e-06 - val_loss: 2.6681e-08 - val_mean_squared_error: 2.6681e-08 - 85s/epoch - 3s/step
Epoch 71/100

Epoch 00071: mean_squared_error did not improve from 0.00000
32/32 - 85s - loss: 9.4400e-07 - mean_squared_error: 1.3480e-06 - val_loss: 1.5026e-08 - val_mean_squared_error: 1.5026e-08 - 85s/epoch - 3s/step
Epoch 72/100

Epoch 00072: mean_squared_error did not improve from 0.00000
32/32 - 86s - loss: 9.4235e-07 - mean_squared_error: 1.3462e-06 - val_loss: 1.4482e-08 - val_mean_squared_error: 1.4482e-08 - 86s/epoch - 3s/step
Epoch 73/100

Epoch 00073: mean_squared_error did not improve from 0.00000
32/32 - 85s - loss: 9.4298e-07 - mean_squared_error: 1.3458e-06 - val_loss: 1.8413e-08 - val_mean_squared_error: 1.8413e-08 - 85s/epoch - 3s/step
Epoch 74/100

Epoch 00074: mean_squared_error did not improve from 0.00000
32/32 - 85s - loss: 9.4355e-07 - mean_squared_error: 1.3472e-06 - val_loss: 1.7964e-08 - val_mean_squared_error: 1.7964e-08 - 85s/epoch - 3s/step
Epoch 75/100

Epoch 00075: mean_squared_error did not improve from 0.00000
32/32 - 86s - loss: 9.4321e-07 - mean_squared_error: 1.3464e-06 - val_loss: 1.8353e-08 - val_mean_squared_error: 1.8353e-08 - 86s/epoch - 3s/step
Epoch 76/100

Epoch 00076: mean_squared_error did not improve from 0.00000
32/32 - 85s - loss: 9.4751e-07 - mean_squared_error: 1.3503e-06 - val_loss: 2.2377e-08 - val_mean_squared_error: 2.2377e-08 - 85s/epoch - 3s/step
Epoch 77/100

Epoch 00077: mean_squared_error did not improve from 0.00000
32/32 - 85s - loss: 9.4918e-07 - mean_squared_error: 1.3523e-06 - val_loss: 2.1128e-08 - val_mean_squared_error: 2.1128e-08 - 85s/epoch - 3s/step
Epoch 78/100

Epoch 00078: mean_squared_error did not improve from 0.00000
32/32 - 85s - loss: 9.5473e-07 - mean_squared_error: 1.3572e-06 - val_loss: 2.6526e-08 - val_mean_squared_error: 2.6526e-08 - 85s/epoch - 3s/step
Epoch 79/100

Epoch 00079: mean_squared_error did not improve from 0.00000
32/32 - 85s - loss: 9.4619e-07 - mean_squared_error: 1.3498e-06 - val_loss: 1.8367e-08 - val_mean_squared_error: 1.8367e-08 - 85s/epoch - 3s/step
Epoch 80/100

Epoch 00080: mean_squared_error did not improve from 0.00000
32/32 - 85s - loss: 9.4165e-07 - mean_squared_error: 1.3452e-06 - val_loss: 1.7523e-08 - val_mean_squared_error: 1.7523e-08 - 85s/epoch - 3s/step
Epoch 81/100

Epoch 00081: mean_squared_error did not improve from 0.00000
32/32 - 85s - loss: 9.5878e-07 - mean_squared_error: 1.3599e-06 - val_loss: 2.0671e-08 - val_mean_squared_error: 2.0671e-08 - 85s/epoch - 3s/step
Epoch 82/100

Epoch 00082: mean_squared_error did not improve from 0.00000
32/32 - 85s - loss: 9.5278e-07 - mean_squared_error: 1.3550e-06 - val_loss: 3.4151e-08 - val_mean_squared_error: 3.4151e-08 - 85s/epoch - 3s/step
Epoch 83/100

Epoch 00083: mean_squared_error did not improve from 0.00000
32/32 - 85s - loss: 9.6345e-07 - mean_squared_error: 1.3653e-06 - val_loss: 3.0574e-08 - val_mean_squared_error: 3.0574e-08 - 85s/epoch - 3s/step
Epoch 84/100

Epoch 00084: mean_squared_error did not improve from 0.00000
32/32 - 85s - loss: 9.6461e-07 - mean_squared_error: 1.3618e-06 - val_loss: 2.6849e-08 - val_mean_squared_error: 2.6849e-08 - 85s/epoch - 3s/step
Epoch 85/100

Epoch 00085: mean_squared_error did not improve from 0.00000
32/32 - 86s - loss: 9.5059e-07 - mean_squared_error: 1.3513e-06 - val_loss: 1.6389e-08 - val_mean_squared_error: 1.6389e-08 - 86s/epoch - 3s/step
Epoch 86/100

Epoch 00086: mean_squared_error improved from 0.00000 to 0.00000, saving model to /gpfswork/rech/ynx/ulx23va/repo/wf-SEDs/more_stars/wf-outputs/chkp/more_stars_bis/chkp_callback_poly_more_stars_1k_bis_4_cycle1
32/32 - 85s - loss: 9.3888e-07 - mean_squared_error: 1.3428e-06 - val_loss: 1.2534e-08 - val_mean_squared_error: 1.2534e-08 - 85s/epoch - 3s/step
Epoch 87/100

Epoch 00087: mean_squared_error improved from 0.00000 to 0.00000, saving model to /gpfswork/rech/ynx/ulx23va/repo/wf-SEDs/more_stars/wf-outputs/chkp/more_stars_bis/chkp_callback_poly_more_stars_1k_bis_4_cycle1
32/32 - 85s - loss: 9.3711e-07 - mean_squared_error: 1.3413e-06 - val_loss: 1.1865e-08 - val_mean_squared_error: 1.1865e-08 - 85s/epoch - 3s/step
Epoch 88/100

Epoch 00088: mean_squared_error improved from 0.00000 to 0.00000, saving model to /gpfswork/rech/ynx/ulx23va/repo/wf-SEDs/more_stars/wf-outputs/chkp/more_stars_bis/chkp_callback_poly_more_stars_1k_bis_4_cycle1
32/32 - 86s - loss: 9.3661e-07 - mean_squared_error: 1.3408e-06 - val_loss: 1.2257e-08 - val_mean_squared_error: 1.2257e-08 - 86s/epoch - 3s/step
Epoch 89/100

Epoch 00089: mean_squared_error improved from 0.00000 to 0.00000, saving model to /gpfswork/rech/ynx/ulx23va/repo/wf-SEDs/more_stars/wf-outputs/chkp/more_stars_bis/chkp_callback_poly_more_stars_1k_bis_4_cycle1
32/32 - 85s - loss: 9.3643e-07 - mean_squared_error: 1.3407e-06 - val_loss: 1.1346e-08 - val_mean_squared_error: 1.1346e-08 - 85s/epoch - 3s/step
Epoch 90/100

Epoch 00090: mean_squared_error did not improve from 0.00000
32/32 - 85s - loss: 9.3731e-07 - mean_squared_error: 1.3417e-06 - val_loss: 1.4404e-08 - val_mean_squared_error: 1.4404e-08 - 85s/epoch - 3s/step
Epoch 91/100

Epoch 00091: mean_squared_error did not improve from 0.00000
32/32 - 85s - loss: 9.3742e-07 - mean_squared_error: 1.3418e-06 - val_loss: 1.4211e-08 - val_mean_squared_error: 1.4211e-08 - 85s/epoch - 3s/step
Epoch 92/100

Epoch 00092: mean_squared_error improved from 0.00000 to 0.00000, saving model to /gpfswork/rech/ynx/ulx23va/repo/wf-SEDs/more_stars/wf-outputs/chkp/more_stars_bis/chkp_callback_poly_more_stars_1k_bis_4_cycle1
32/32 - 85s - loss: 9.3601e-07 - mean_squared_error: 1.3403e-06 - val_loss: 1.2600e-08 - val_mean_squared_error: 1.2600e-08 - 85s/epoch - 3s/step
Epoch 93/100

Epoch 00093: mean_squared_error did not improve from 0.00000
32/32 - 85s - loss: 9.3689e-07 - mean_squared_error: 1.3412e-06 - val_loss: 1.2448e-08 - val_mean_squared_error: 1.2448e-08 - 85s/epoch - 3s/step
Epoch 94/100

Epoch 00094: mean_squared_error improved from 0.00000 to 0.00000, saving model to /gpfswork/rech/ynx/ulx23va/repo/wf-SEDs/more_stars/wf-outputs/chkp/more_stars_bis/chkp_callback_poly_more_stars_1k_bis_4_cycle1
32/32 - 85s - loss: 9.3524e-07 - mean_squared_error: 1.3395e-06 - val_loss: 1.1177e-08 - val_mean_squared_error: 1.1177e-08 - 85s/epoch - 3s/step
Epoch 95/100

Epoch 00095: mean_squared_error did not improve from 0.00000
32/32 - 85s - loss: 9.3514e-07 - mean_squared_error: 1.3395e-06 - val_loss: 1.1658e-08 - val_mean_squared_error: 1.1658e-08 - 85s/epoch - 3s/step
Epoch 96/100

Epoch 00096: mean_squared_error did not improve from 0.00000
32/32 - 85s - loss: 9.3525e-07 - mean_squared_error: 1.3397e-06 - val_loss: 1.1801e-08 - val_mean_squared_error: 1.1801e-08 - 85s/epoch - 3s/step
Epoch 97/100

Epoch 00097: mean_squared_error improved from 0.00000 to 0.00000, saving model to /gpfswork/rech/ynx/ulx23va/repo/wf-SEDs/more_stars/wf-outputs/chkp/more_stars_bis/chkp_callback_poly_more_stars_1k_bis_4_cycle1
32/32 - 85s - loss: 9.3495e-07 - mean_squared_error: 1.3394e-06 - val_loss: 1.2031e-08 - val_mean_squared_error: 1.2031e-08 - 85s/epoch - 3s/step
Epoch 98/100

Epoch 00098: mean_squared_error improved from 0.00000 to 0.00000, saving model to /gpfswork/rech/ynx/ulx23va/repo/wf-SEDs/more_stars/wf-outputs/chkp/more_stars_bis/chkp_callback_poly_more_stars_1k_bis_4_cycle1
32/32 - 86s - loss: 9.3429e-07 - mean_squared_error: 1.3388e-06 - val_loss: 1.0260e-08 - val_mean_squared_error: 1.0260e-08 - 86s/epoch - 3s/step
Epoch 99/100

Epoch 00099: mean_squared_error improved from 0.00000 to 0.00000, saving model to /gpfswork/rech/ynx/ulx23va/repo/wf-SEDs/more_stars/wf-outputs/chkp/more_stars_bis/chkp_callback_poly_more_stars_1k_bis_4_cycle1
32/32 - 83s - loss: 9.3416e-07 - mean_squared_error: 1.3386e-06 - val_loss: 1.0340e-08 - val_mean_squared_error: 1.0340e-08 - 83s/epoch - 3s/step
Epoch 100/100

Epoch 00100: mean_squared_error did not improve from 0.00000
32/32 - 84s - loss: 9.3437e-07 - mean_squared_error: 1.3388e-06 - val_loss: 9.5020e-09 - val_mean_squared_error: 9.5020e-09 - 84s/epoch - 3s/step
Cycle1 elapsed time: 9806.836819
Starting cycle 2..
Starting parametric update..
Epoch 1/15

Epoch 00001: mean_squared_error improved from inf to 0.00000, saving model to /gpfswork/rech/ynx/ulx23va/repo/wf-SEDs/more_stars/wf-outputs/chkp/more_stars_bis/chkp_callback_poly_more_stars_1k_bis_4_cycle2
32/32 - 88s - loss: 9.3255e-07 - mean_squared_error: 1.3372e-06 - val_loss: 1.0230e-08 - val_mean_squared_error: 1.0230e-08 - 88s/epoch - 3s/step
Epoch 2/15

Epoch 00002: mean_squared_error did not improve from 0.00000
32/32 - 84s - loss: 9.3300e-07 - mean_squared_error: 1.3376e-06 - val_loss: 1.1045e-08 - val_mean_squared_error: 1.1045e-08 - 84s/epoch - 3s/step
Epoch 3/15

Epoch 00003: mean_squared_error did not improve from 0.00000
32/32 - 85s - loss: 9.3479e-07 - mean_squared_error: 1.3395e-06 - val_loss: 1.1468e-08 - val_mean_squared_error: 1.1468e-08 - 85s/epoch - 3s/step
Epoch 4/15

Epoch 00004: mean_squared_error did not improve from 0.00000
32/32 - 86s - loss: 9.3431e-07 - mean_squared_error: 1.3389e-06 - val_loss: 1.0834e-08 - val_mean_squared_error: 1.0834e-08 - 86s/epoch - 3s/step
Epoch 5/15

Epoch 00005: mean_squared_error did not improve from 0.00000
32/32 - 86s - loss: 9.3471e-07 - mean_squared_error: 1.3393e-06 - val_loss: 1.4011e-08 - val_mean_squared_error: 1.4011e-08 - 86s/epoch - 3s/step
Epoch 6/15

Epoch 00006: mean_squared_error did not improve from 0.00000
32/32 - 85s - loss: 9.3665e-07 - mean_squared_error: 1.3409e-06 - val_loss: 1.2314e-08 - val_mean_squared_error: 1.2314e-08 - 85s/epoch - 3s/step
Epoch 7/15

Epoch 00007: mean_squared_error did not improve from 0.00000
32/32 - 86s - loss: 9.3529e-07 - mean_squared_error: 1.3398e-06 - val_loss: 1.1742e-08 - val_mean_squared_error: 1.1742e-08 - 86s/epoch - 3s/step
Epoch 8/15

Epoch 00008: mean_squared_error did not improve from 0.00000
32/32 - 86s - loss: 9.3615e-07 - mean_squared_error: 1.3406e-06 - val_loss: 1.3855e-08 - val_mean_squared_error: 1.3855e-08 - 86s/epoch - 3s/step
Epoch 9/15

Epoch 00009: mean_squared_error did not improve from 0.00000
32/32 - 85s - loss: 9.3528e-07 - mean_squared_error: 1.3397e-06 - val_loss: 1.3571e-08 - val_mean_squared_error: 1.3571e-08 - 85s/epoch - 3s/step
Epoch 10/15

Epoch 00010: mean_squared_error did not improve from 0.00000
32/32 - 85s - loss: 9.3826e-07 - mean_squared_error: 1.3424e-06 - val_loss: 1.8721e-08 - val_mean_squared_error: 1.8721e-08 - 85s/epoch - 3s/step
Epoch 11/15

Epoch 00011: mean_squared_error did not improve from 0.00000
32/32 - 86s - loss: 9.4226e-07 - mean_squared_error: 1.3465e-06 - val_loss: 2.2362e-08 - val_mean_squared_error: 2.2362e-08 - 86s/epoch - 3s/step
Epoch 12/15

Epoch 00012: mean_squared_error did not improve from 0.00000
32/32 - 85s - loss: 9.4162e-07 - mean_squared_error: 1.3459e-06 - val_loss: 1.9407e-08 - val_mean_squared_error: 1.9407e-08 - 85s/epoch - 3s/step
Epoch 13/15

Epoch 00013: mean_squared_error did not improve from 0.00000
32/32 - 85s - loss: 9.4449e-07 - mean_squared_error: 1.3488e-06 - val_loss: 2.1882e-08 - val_mean_squared_error: 2.1882e-08 - 85s/epoch - 3s/step
Epoch 14/15

Epoch 00014: mean_squared_error did not improve from 0.00000
32/32 - 86s - loss: 9.4418e-07 - mean_squared_error: 1.3477e-06 - val_loss: 2.7165e-08 - val_mean_squared_error: 2.7165e-08 - 86s/epoch - 3s/step
Epoch 15/15

Epoch 00015: mean_squared_error did not improve from 0.00000
32/32 - 86s - loss: 9.4763e-07 - mean_squared_error: 1.3517e-06 - val_loss: 1.9502e-08 - val_mean_squared_error: 1.9502e-08 - 86s/epoch - 3s/step
Starting non-parametric update..
Epoch 1/50

Epoch 00001: mean_squared_error did not improve from 0.00000
32/32 - 90s - loss: 9.3770e-07 - mean_squared_error: 1.3420e-06 - val_loss: 1.0262e-08 - val_mean_squared_error: 1.0262e-08 - 90s/epoch - 3s/step
Epoch 2/50

Epoch 00002: mean_squared_error improved from 0.00000 to 0.00000, saving model to /gpfswork/rech/ynx/ulx23va/repo/wf-SEDs/more_stars/wf-outputs/chkp/more_stars_bis/chkp_callback_poly_more_stars_1k_bis_4_cycle2
32/32 - 88s - loss: 9.3233e-07 - mean_squared_error: 1.3369e-06 - val_loss: 8.9651e-09 - val_mean_squared_error: 8.9651e-09 - 88s/epoch - 3s/step
Epoch 3/50

Epoch 00003: mean_squared_error improved from 0.00000 to 0.00000, saving model to /gpfswork/rech/ynx/ulx23va/repo/wf-SEDs/more_stars/wf-outputs/chkp/more_stars_bis/chkp_callback_poly_more_stars_1k_bis_4_cycle2
32/32 - 88s - loss: 9.3168e-07 - mean_squared_error: 1.3363e-06 - val_loss: 8.7435e-09 - val_mean_squared_error: 8.7435e-09 - 88s/epoch - 3s/step
Epoch 4/50

Epoch 00004: mean_squared_error improved from 0.00000 to 0.00000, saving model to /gpfswork/rech/ynx/ulx23va/repo/wf-SEDs/more_stars/wf-outputs/chkp/more_stars_bis/chkp_callback_poly_more_stars_1k_bis_4_cycle2
32/32 - 88s - loss: 9.3153e-07 - mean_squared_error: 1.3362e-06 - val_loss: 8.6186e-09 - val_mean_squared_error: 8.6186e-09 - 88s/epoch - 3s/step
Epoch 5/50

Epoch 00005: mean_squared_error improved from 0.00000 to 0.00000, saving model to /gpfswork/rech/ynx/ulx23va/repo/wf-SEDs/more_stars/wf-outputs/chkp/more_stars_bis/chkp_callback_poly_more_stars_1k_bis_4_cycle2
32/32 - 87s - loss: 9.3148e-07 - mean_squared_error: 1.3361e-06 - val_loss: 8.5772e-09 - val_mean_squared_error: 8.5772e-09 - 87s/epoch - 3s/step
Epoch 6/50

Epoch 00006: mean_squared_error did not improve from 0.00000
32/32 - 88s - loss: 9.3147e-07 - mean_squared_error: 1.3361e-06 - val_loss: 8.6442e-09 - val_mean_squared_error: 8.6442e-09 - 88s/epoch - 3s/step
Epoch 7/50

Epoch 00007: mean_squared_error improved from 0.00000 to 0.00000, saving model to /gpfswork/rech/ynx/ulx23va/repo/wf-SEDs/more_stars/wf-outputs/chkp/more_stars_bis/chkp_callback_poly_more_stars_1k_bis_4_cycle2
32/32 - 88s - loss: 9.3146e-07 - mean_squared_error: 1.3361e-06 - val_loss: 8.5811e-09 - val_mean_squared_error: 8.5811e-09 - 88s/epoch - 3s/step
Epoch 8/50

Epoch 00008: mean_squared_error improved from 0.00000 to 0.00000, saving model to /gpfswork/rech/ynx/ulx23va/repo/wf-SEDs/more_stars/wf-outputs/chkp/more_stars_bis/chkp_callback_poly_more_stars_1k_bis_4_cycle2
32/32 - 87s - loss: 9.3140e-07 - mean_squared_error: 1.3361e-06 - val_loss: 8.6028e-09 - val_mean_squared_error: 8.6028e-09 - 87s/epoch - 3s/step
Epoch 9/50

Epoch 00009: mean_squared_error improved from 0.00000 to 0.00000, saving model to /gpfswork/rech/ynx/ulx23va/repo/wf-SEDs/more_stars/wf-outputs/chkp/more_stars_bis/chkp_callback_poly_more_stars_1k_bis_4_cycle2
32/32 - 88s - loss: 9.3129e-07 - mean_squared_error: 1.3359e-06 - val_loss: 8.5530e-09 - val_mean_squared_error: 8.5530e-09 - 88s/epoch - 3s/step
Epoch 10/50

Epoch 00010: mean_squared_error did not improve from 0.00000
32/32 - 88s - loss: 9.3139e-07 - mean_squared_error: 1.3360e-06 - val_loss: 8.5578e-09 - val_mean_squared_error: 8.5578e-09 - 88s/epoch - 3s/step
Epoch 11/50

Epoch 00011: mean_squared_error did not improve from 0.00000
32/32 - 88s - loss: 9.3133e-07 - mean_squared_error: 1.3360e-06 - val_loss: 8.4663e-09 - val_mean_squared_error: 8.4663e-09 - 88s/epoch - 3s/step
Epoch 12/50

Epoch 00012: mean_squared_error improved from 0.00000 to 0.00000, saving model to /gpfswork/rech/ynx/ulx23va/repo/wf-SEDs/more_stars/wf-outputs/chkp/more_stars_bis/chkp_callback_poly_more_stars_1k_bis_4_cycle2
32/32 - 88s - loss: 9.3126e-07 - mean_squared_error: 1.3359e-06 - val_loss: 8.4806e-09 - val_mean_squared_error: 8.4806e-09 - 88s/epoch - 3s/step
Epoch 13/50

Epoch 00013: mean_squared_error did not improve from 0.00000
32/32 - 88s - loss: 9.3128e-07 - mean_squared_error: 1.3359e-06 - val_loss: 8.4334e-09 - val_mean_squared_error: 8.4334e-09 - 88s/epoch - 3s/step
Epoch 14/50

Epoch 00014: mean_squared_error improved from 0.00000 to 0.00000, saving model to /gpfswork/rech/ynx/ulx23va/repo/wf-SEDs/more_stars/wf-outputs/chkp/more_stars_bis/chkp_callback_poly_more_stars_1k_bis_4_cycle2
32/32 - 88s - loss: 9.3125e-07 - mean_squared_error: 1.3359e-06 - val_loss: 8.4170e-09 - val_mean_squared_error: 8.4170e-09 - 88s/epoch - 3s/step
Epoch 15/50

Epoch 00015: mean_squared_error improved from 0.00000 to 0.00000, saving model to /gpfswork/rech/ynx/ulx23va/repo/wf-SEDs/more_stars/wf-outputs/chkp/more_stars_bis/chkp_callback_poly_more_stars_1k_bis_4_cycle2
32/32 - 88s - loss: 9.3120e-07 - mean_squared_error: 1.3358e-06 - val_loss: 8.4717e-09 - val_mean_squared_error: 8.4717e-09 - 88s/epoch - 3s/step
Epoch 16/50

Epoch 00016: mean_squared_error did not improve from 0.00000
32/32 - 88s - loss: 9.3120e-07 - mean_squared_error: 1.3358e-06 - val_loss: 8.3891e-09 - val_mean_squared_error: 8.3891e-09 - 88s/epoch - 3s/step
Epoch 17/50

Epoch 00017: mean_squared_error did not improve from 0.00000
32/32 - 89s - loss: 9.3116e-07 - mean_squared_error: 1.3358e-06 - val_loss: 8.4017e-09 - val_mean_squared_error: 8.4017e-09 - 89s/epoch - 3s/step
Epoch 18/50

Epoch 00018: mean_squared_error improved from 0.00000 to 0.00000, saving model to /gpfswork/rech/ynx/ulx23va/repo/wf-SEDs/more_stars/wf-outputs/chkp/more_stars_bis/chkp_callback_poly_more_stars_1k_bis_4_cycle2
32/32 - 88s - loss: 9.3118e-07 - mean_squared_error: 1.3358e-06 - val_loss: 8.4946e-09 - val_mean_squared_error: 8.4946e-09 - 88s/epoch - 3s/step
Epoch 19/50

Epoch 00019: mean_squared_error improved from 0.00000 to 0.00000, saving model to /gpfswork/rech/ynx/ulx23va/repo/wf-SEDs/more_stars/wf-outputs/chkp/more_stars_bis/chkp_callback_poly_more_stars_1k_bis_4_cycle2
32/32 - 88s - loss: 9.3105e-07 - mean_squared_error: 1.3357e-06 - val_loss: 8.5780e-09 - val_mean_squared_error: 8.5780e-09 - 88s/epoch - 3s/step
Epoch 20/50

Epoch 00020: mean_squared_error did not improve from 0.00000
32/32 - 88s - loss: 9.3106e-07 - mean_squared_error: 1.3358e-06 - val_loss: 8.4364e-09 - val_mean_squared_error: 8.4364e-09 - 88s/epoch - 3s/step
Epoch 21/50

Epoch 00021: mean_squared_error improved from 0.00000 to 0.00000, saving model to /gpfswork/rech/ynx/ulx23va/repo/wf-SEDs/more_stars/wf-outputs/chkp/more_stars_bis/chkp_callback_poly_more_stars_1k_bis_4_cycle2
32/32 - 87s - loss: 9.3101e-07 - mean_squared_error: 1.3356e-06 - val_loss: 8.3272e-09 - val_mean_squared_error: 8.3272e-09 - 87s/epoch - 3s/step
Epoch 22/50

Epoch 00022: mean_squared_error did not improve from 0.00000
32/32 - 87s - loss: 9.3096e-07 - mean_squared_error: 1.3357e-06 - val_loss: 8.4200e-09 - val_mean_squared_error: 8.4200e-09 - 87s/epoch - 3s/step
Epoch 23/50

Epoch 00023: mean_squared_error did not improve from 0.00000
32/32 - 88s - loss: 9.3106e-07 - mean_squared_error: 1.3357e-06 - val_loss: 8.4149e-09 - val_mean_squared_error: 8.4149e-09 - 88s/epoch - 3s/step
Epoch 24/50

Epoch 00024: mean_squared_error did not improve from 0.00000
32/32 - 88s - loss: 9.3098e-07 - mean_squared_error: 1.3356e-06 - val_loss: 8.2302e-09 - val_mean_squared_error: 8.2302e-09 - 88s/epoch - 3s/step
Epoch 25/50

Epoch 00025: mean_squared_error improved from 0.00000 to 0.00000, saving model to /gpfswork/rech/ynx/ulx23va/repo/wf-SEDs/more_stars/wf-outputs/chkp/more_stars_bis/chkp_callback_poly_more_stars_1k_bis_4_cycle2
32/32 - 87s - loss: 9.3092e-07 - mean_squared_error: 1.3356e-06 - val_loss: 8.2187e-09 - val_mean_squared_error: 8.2187e-09 - 87s/epoch - 3s/step
Epoch 26/50

Epoch 00026: mean_squared_error improved from 0.00000 to 0.00000, saving model to /gpfswork/rech/ynx/ulx23va/repo/wf-SEDs/more_stars/wf-outputs/chkp/more_stars_bis/chkp_callback_poly_more_stars_1k_bis_4_cycle2
32/32 - 88s - loss: 9.3085e-07 - mean_squared_error: 1.3355e-06 - val_loss: 8.2069e-09 - val_mean_squared_error: 8.2069e-09 - 88s/epoch - 3s/step
Epoch 27/50

Epoch 00027: mean_squared_error improved from 0.00000 to 0.00000, saving model to /gpfswork/rech/ynx/ulx23va/repo/wf-SEDs/more_stars/wf-outputs/chkp/more_stars_bis/chkp_callback_poly_more_stars_1k_bis_4_cycle2
32/32 - 88s - loss: 9.3076e-07 - mean_squared_error: 1.3355e-06 - val_loss: 8.3227e-09 - val_mean_squared_error: 8.3227e-09 - 88s/epoch - 3s/step
Epoch 28/50

Epoch 00028: mean_squared_error improved from 0.00000 to 0.00000, saving model to /gpfswork/rech/ynx/ulx23va/repo/wf-SEDs/more_stars/wf-outputs/chkp/more_stars_bis/chkp_callback_poly_more_stars_1k_bis_4_cycle2
32/32 - 87s - loss: 9.3075e-07 - mean_squared_error: 1.3354e-06 - val_loss: 8.2279e-09 - val_mean_squared_error: 8.2279e-09 - 87s/epoch - 3s/step
Epoch 29/50

Epoch 00029: mean_squared_error did not improve from 0.00000
32/32 - 87s - loss: 9.3089e-07 - mean_squared_error: 1.3356e-06 - val_loss: 8.4297e-09 - val_mean_squared_error: 8.4297e-09 - 87s/epoch - 3s/step
Epoch 30/50

Epoch 00030: mean_squared_error did not improve from 0.00000
32/32 - 87s - loss: 9.3093e-07 - mean_squared_error: 1.3356e-06 - val_loss: 8.0897e-09 - val_mean_squared_error: 8.0897e-09 - 87s/epoch - 3s/step
Epoch 31/50

Epoch 00031: mean_squared_error did not improve from 0.00000
32/32 - 88s - loss: 9.3075e-07 - mean_squared_error: 1.3355e-06 - val_loss: 8.2528e-09 - val_mean_squared_error: 8.2528e-09 - 88s/epoch - 3s/step
Epoch 32/50

Epoch 00032: mean_squared_error improved from 0.00000 to 0.00000, saving model to /gpfswork/rech/ynx/ulx23va/repo/wf-SEDs/more_stars/wf-outputs/chkp/more_stars_bis/chkp_callback_poly_more_stars_1k_bis_4_cycle2
32/32 - 87s - loss: 9.3063e-07 - mean_squared_error: 1.3353e-06 - val_loss: 8.3600e-09 - val_mean_squared_error: 8.3600e-09 - 87s/epoch - 3s/step
Epoch 33/50

Epoch 00033: mean_squared_error improved from 0.00000 to 0.00000, saving model to /gpfswork/rech/ynx/ulx23va/repo/wf-SEDs/more_stars/wf-outputs/chkp/more_stars_bis/chkp_callback_poly_more_stars_1k_bis_4_cycle2
32/32 - 88s - loss: 9.3062e-07 - mean_squared_error: 1.3353e-06 - val_loss: 8.0511e-09 - val_mean_squared_error: 8.0511e-09 - 88s/epoch - 3s/step
Epoch 34/50

Epoch 00034: mean_squared_error did not improve from 0.00000
32/32 - 88s - loss: 9.3078e-07 - mean_squared_error: 1.3355e-06 - val_loss: 8.2891e-09 - val_mean_squared_error: 8.2891e-09 - 88s/epoch - 3s/step
Epoch 35/50

Epoch 00035: mean_squared_error did not improve from 0.00000
32/32 - 87s - loss: 9.3065e-07 - mean_squared_error: 1.3353e-06 - val_loss: 8.2643e-09 - val_mean_squared_error: 8.2643e-09 - 87s/epoch - 3s/step
Epoch 36/50

Epoch 00036: mean_squared_error improved from 0.00000 to 0.00000, saving model to /gpfswork/rech/ynx/ulx23va/repo/wf-SEDs/more_stars/wf-outputs/chkp/more_stars_bis/chkp_callback_poly_more_stars_1k_bis_4_cycle2
32/32 - 86s - loss: 9.3049e-07 - mean_squared_error: 1.3352e-06 - val_loss: 8.2230e-09 - val_mean_squared_error: 8.2230e-09 - 86s/epoch - 3s/step
Epoch 37/50

Epoch 00037: mean_squared_error did not improve from 0.00000
32/32 - 87s - loss: 9.3061e-07 - mean_squared_error: 1.3352e-06 - val_loss: 8.1580e-09 - val_mean_squared_error: 8.1580e-09 - 87s/epoch - 3s/step
Epoch 38/50

Epoch 00038: mean_squared_error did not improve from 0.00000
32/32 - 87s - loss: 9.3059e-07 - mean_squared_error: 1.3353e-06 - val_loss: 8.1849e-09 - val_mean_squared_error: 8.1849e-09 - 87s/epoch - 3s/step
Epoch 39/50

Epoch 00039: mean_squared_error did not improve from 0.00000
32/32 - 87s - loss: 9.3072e-07 - mean_squared_error: 1.3353e-06 - val_loss: 8.0694e-09 - val_mean_squared_error: 8.0694e-09 - 87s/epoch - 3s/step
Epoch 40/50

Epoch 00040: mean_squared_error did not improve from 0.00000
32/32 - 87s - loss: 9.3074e-07 - mean_squared_error: 1.3355e-06 - val_loss: 8.0401e-09 - val_mean_squared_error: 8.0401e-09 - 87s/epoch - 3s/step
Epoch 41/50

Epoch 00041: mean_squared_error improved from 0.00000 to 0.00000, saving model to /gpfswork/rech/ynx/ulx23va/repo/wf-SEDs/more_stars/wf-outputs/chkp/more_stars_bis/chkp_callback_poly_more_stars_1k_bis_4_cycle2
32/32 - 87s - loss: 9.3027e-07 - mean_squared_error: 1.3350e-06 - val_loss: 8.0321e-09 - val_mean_squared_error: 8.0321e-09 - 87s/epoch - 3s/step
Epoch 42/50

Epoch 00042: mean_squared_error improved from 0.00000 to 0.00000, saving model to /gpfswork/rech/ynx/ulx23va/repo/wf-SEDs/more_stars/wf-outputs/chkp/more_stars_bis/chkp_callback_poly_more_stars_1k_bis_4_cycle2
32/32 - 87s - loss: 9.3017e-07 - mean_squared_error: 1.3349e-06 - val_loss: 8.0658e-09 - val_mean_squared_error: 8.0658e-09 - 87s/epoch - 3s/step
Epoch 43/50

Epoch 00043: mean_squared_error did not improve from 0.00000
32/32 - 87s - loss: 9.3024e-07 - mean_squared_error: 1.3350e-06 - val_loss: 8.4098e-09 - val_mean_squared_error: 8.4098e-09 - 87s/epoch - 3s/step
Epoch 44/50

Epoch 00044: mean_squared_error did not improve from 0.00000
32/32 - 87s - loss: 9.3028e-07 - mean_squared_error: 1.3350e-06 - val_loss: 8.0429e-09 - val_mean_squared_error: 8.0429e-09 - 87s/epoch - 3s/step
Epoch 45/50

Epoch 00045: mean_squared_error improved from 0.00000 to 0.00000, saving model to /gpfswork/rech/ynx/ulx23va/repo/wf-SEDs/more_stars/wf-outputs/chkp/more_stars_bis/chkp_callback_poly_more_stars_1k_bis_4_cycle2
32/32 - 87s - loss: 9.3006e-07 - mean_squared_error: 1.3348e-06 - val_loss: 7.8942e-09 - val_mean_squared_error: 7.8942e-09 - 87s/epoch - 3s/step
Epoch 46/50

Epoch 00046: mean_squared_error did not improve from 0.00000
32/32 - 87s - loss: 9.3009e-07 - mean_squared_error: 1.3348e-06 - val_loss: 7.7951e-09 - val_mean_squared_error: 7.7951e-09 - 87s/epoch - 3s/step
Epoch 47/50

Epoch 00047: mean_squared_error improved from 0.00000 to 0.00000, saving model to /gpfswork/rech/ynx/ulx23va/repo/wf-SEDs/more_stars/wf-outputs/chkp/more_stars_bis/chkp_callback_poly_more_stars_1k_bis_4_cycle2
32/32 - 86s - loss: 9.2986e-07 - mean_squared_error: 1.3346e-06 - val_loss: 8.0276e-09 - val_mean_squared_error: 8.0276e-09 - 86s/epoch - 3s/step
Epoch 48/50

Epoch 00048: mean_squared_error did not improve from 0.00000
32/32 - 77s - loss: 9.3005e-07 - mean_squared_error: 1.3347e-06 - val_loss: 7.9467e-09 - val_mean_squared_error: 7.9467e-09 - 77s/epoch - 2s/step
Epoch 49/50

Epoch 00049: mean_squared_error did not improve from 0.00000
32/32 - 73s - loss: 9.3008e-07 - mean_squared_error: 1.3348e-06 - val_loss: 7.8613e-09 - val_mean_squared_error: 7.8613e-09 - 73s/epoch - 2s/step
Epoch 50/50

Epoch 00050: mean_squared_error did not improve from 0.00000
32/32 - 72s - loss: 9.2994e-07 - mean_squared_error: 1.3346e-06 - val_loss: 8.0463e-09 - val_mean_squared_error: 8.0463e-09 - 72s/epoch - 2s/step
Cycle2 elapsed time: 5623.895381

Total elapsed time: 15435.750349

 Good bye..
