Starting the log file.
Found GPU at: /device:GPU:0
tf_version: 2.7.0
Dataset parameters:
{'d_max': 2, 'max_order': 45, 'x_lims': [0, 1000.0], 'y_lims': [0, 1000.0], 'grid_points': [4, 4], 'n_bins': 8, 'max_wfe_rms': 0.1, 'oversampling_rate': 3.0, 'output_Q': 3.0, 'output_dim': 32, 'LP_filter_length': 2, 'pupil_diameter': 128, 'euclid_obsc': True, 'n_stars': 2000}

***
Metric evaluation on the test dataset
***

Absolute RMSE:	 1.3235e-04 	 +/- 2.5415e-05
Relative RMSE:	 1.7913e+00 % 	 +/- 5.0375e-01 %
Absolute RMSE:	 1.3232e-01 	 +/- 1.8605e-02
Relative RMSE:	 1.7463e+02 % 	 +/- 1.5987e+01 %

Pixel star absolute RMSE:	 6.4002e-05 	 +/- 1.9669e-05 
Pixel star relative RMSE:	 4.2768e+00 % 	 +/- 1.8454e+00 %

sigma(e1) RMSE =		 1.5358e-02 	 +/- 1.5314e-02 
sigma(e2) RMSE =		 8.1383e-03 	 +/- 6.9166e-03 
sigma(R2)/<R2> =		 3.6912e-01 	 +/- 3.0502e-01 

Relative sigma(e1) RMSE =	 4.1765e+03 % 	 +/- 4.1759e+03 %
Relative sigma(e2) RMSE =	 2.4274e+03 % 	 +/- 2.4269e+03 %

Total number of stars: 		2000
Problematic number of stars: 	0

***
Metric evaluation on the train dataset
***

Absolute RMSE:	 1.3108e-04 	 +/- 2.4008e-05
Relative RMSE:	 1.7739e+00 % 	 +/- 4.8691e-01 %
Absolute RMSE:	 1.3177e-01 	 +/- 1.9048e-02
Relative RMSE:	 1.7401e+02 % 	 +/- 1.5789e+01 %

Pixel star absolute RMSE:	 6.2936e-05 	 +/- 1.9984e-05 
Pixel star relative RMSE:	 4.2143e+00 % 	 +/- 1.8826e+00 %

sigma(e1) RMSE =		 1.4917e-02 	 +/- 1.4851e-02 
sigma(e2) RMSE =		 8.3119e-03 	 +/- 7.0965e-03 
sigma(R2)/<R2> =		 2.8912e-01 	 +/- 2.5665e-01 

Relative sigma(e1) RMSE =	 2.0821e+03 % 	 +/- 2.0816e+03 %
Relative sigma(e2) RMSE =	 1.4962e+03 % 	 +/- 1.4960e+03 %

Total number of stars: 		2000
Problematic number of stars: 	0

Total elapsed time: 2999.308502

 Good bye..
