Starting the log file.
Found GPU at: /device:GPU:0
tf_version: 2.7.0
Zernike cube:
(15, 128, 128)
Dataset parameters:
{'d_max': 2, 'max_order': 45, 'x_lims': [0, 1000.0], 'y_lims': [0, 1000.0], 'grid_points': [4, 4], 'n_bins': 8, 'max_wfe_rms': 0.1, 'oversampling_rate': 3.0, 'output_Q': 3.0, 'output_dim': 32, 'LP_filter_length': 2, 'pupil_diameter': 128, 'euclid_obsc': True, 'n_stars': 6000}
Starting cycle 1..
Starting parametric update..
Epoch 1/15

Epoch 00001: mean_squared_error improved from inf to 0.00000, saving model to /gpfswork/rech/ynx/ulx23va/repo/wf-SEDs/more_stars/wf-outputs/chkp/more_stars_bis/chkp_callback_poly_more_stars_6k_bis_2_cycle1
188/188 - 234s - loss: 4.0901e-06 - mean_squared_error: 4.0524e-06 - val_loss: 6.9233e-07 - val_mean_squared_error: 6.9233e-07 - 234s/epoch - 1s/step
Epoch 2/15

Epoch 00002: mean_squared_error improved from 0.00000 to 0.00000, saving model to /gpfswork/rech/ynx/ulx23va/repo/wf-SEDs/more_stars/wf-outputs/chkp/more_stars_bis/chkp_callback_poly_more_stars_6k_bis_2_cycle1
188/188 - 227s - loss: 1.6503e-06 - mean_squared_error: 1.9560e-06 - val_loss: 5.7586e-07 - val_mean_squared_error: 5.7586e-07 - 227s/epoch - 1s/step
Epoch 3/15

Epoch 00003: mean_squared_error improved from 0.00000 to 0.00000, saving model to /gpfswork/rech/ynx/ulx23va/repo/wf-SEDs/more_stars/wf-outputs/chkp/more_stars_bis/chkp_callback_poly_more_stars_6k_bis_2_cycle1
188/188 - 230s - loss: 1.5965e-06 - mean_squared_error: 1.9232e-06 - val_loss: 5.7864e-07 - val_mean_squared_error: 5.7864e-07 - 230s/epoch - 1s/step
Epoch 4/15

Epoch 00004: mean_squared_error did not improve from 0.00000
188/188 - 227s - loss: 1.6356e-06 - mean_squared_error: 1.9591e-06 - val_loss: 6.6473e-07 - val_mean_squared_error: 6.6473e-07 - 227s/epoch - 1s/step
Epoch 5/15

Epoch 00005: mean_squared_error did not improve from 0.00000
188/188 - 231s - loss: 1.6765e-06 - mean_squared_error: 1.9975e-06 - val_loss: 7.0860e-07 - val_mean_squared_error: 7.0860e-07 - 231s/epoch - 1s/step
Epoch 6/15

Epoch 00006: mean_squared_error did not improve from 0.00000
188/188 - 227s - loss: 1.7962e-06 - mean_squared_error: 2.1043e-06 - val_loss: 7.7444e-07 - val_mean_squared_error: 7.7444e-07 - 227s/epoch - 1s/step
Epoch 7/15

Epoch 00007: mean_squared_error did not improve from 0.00000
188/188 - 231s - loss: 1.7512e-06 - mean_squared_error: 2.0677e-06 - val_loss: 7.9112e-07 - val_mean_squared_error: 7.9112e-07 - 231s/epoch - 1s/step
Epoch 8/15

Epoch 00008: mean_squared_error did not improve from 0.00000
188/188 - 229s - loss: 1.8597e-06 - mean_squared_error: 2.1694e-06 - val_loss: 8.1965e-07 - val_mean_squared_error: 8.1965e-07 - 229s/epoch - 1s/step
Epoch 9/15

Epoch 00009: mean_squared_error did not improve from 0.00000
188/188 - 228s - loss: 1.7986e-06 - mean_squared_error: 2.1125e-06 - val_loss: 1.0852e-06 - val_mean_squared_error: 1.0852e-06 - 228s/epoch - 1s/step
Epoch 10/15

Epoch 00010: mean_squared_error did not improve from 0.00000
188/188 - 230s - loss: 1.8781e-06 - mean_squared_error: 2.1772e-06 - val_loss: 7.8946e-07 - val_mean_squared_error: 7.8946e-07 - 230s/epoch - 1s/step
Epoch 11/15

Epoch 00011: mean_squared_error did not improve from 0.00000
188/188 - 227s - loss: 1.7242e-06 - mean_squared_error: 2.0491e-06 - val_loss: 6.5271e-07 - val_mean_squared_error: 6.5271e-07 - 227s/epoch - 1s/step
Epoch 12/15

Epoch 00012: mean_squared_error did not improve from 0.00000
188/188 - 231s - loss: 1.6852e-06 - mean_squared_error: 2.0054e-06 - val_loss: 7.7688e-07 - val_mean_squared_error: 7.7688e-07 - 231s/epoch - 1s/step
Epoch 13/15

Epoch 00013: mean_squared_error did not improve from 0.00000
188/188 - 228s - loss: 1.7506e-06 - mean_squared_error: 2.0680e-06 - val_loss: 8.9459e-07 - val_mean_squared_error: 8.9459e-07 - 228s/epoch - 1s/step
Epoch 14/15

Epoch 00014: mean_squared_error did not improve from 0.00000
188/188 - 227s - loss: 1.8253e-06 - mean_squared_error: 2.1373e-06 - val_loss: 9.4446e-07 - val_mean_squared_error: 9.4446e-07 - 227s/epoch - 1s/step
Epoch 15/15

Epoch 00015: mean_squared_error did not improve from 0.00000
188/188 - 230s - loss: 1.8682e-06 - mean_squared_error: 2.1786e-06 - val_loss: 1.4154e-06 - val_mean_squared_error: 1.4154e-06 - 230s/epoch - 1s/step
Starting non-parametric update..
Epoch 1/100

Epoch 00001: mean_squared_error improved from 0.00000 to 0.00000, saving model to /gpfswork/rech/ynx/ulx23va/repo/wf-SEDs/more_stars/wf-outputs/chkp/more_stars_bis/chkp_callback_poly_more_stars_6k_bis_2_cycle1
188/188 - 231s - loss: 1.5077e-06 - mean_squared_error: 1.8531e-06 - val_loss: 2.6880e-07 - val_mean_squared_error: 2.6880e-07 - 231s/epoch - 1s/step
Epoch 2/100

Epoch 00002: mean_squared_error improved from 0.00000 to 0.00000, saving model to /gpfswork/rech/ynx/ulx23va/repo/wf-SEDs/more_stars/wf-outputs/chkp/more_stars_bis/chkp_callback_poly_more_stars_6k_bis_2_cycle1
188/188 - 229s - loss: 1.1386e-06 - mean_squared_error: 1.5280e-06 - val_loss: 1.2921e-07 - val_mean_squared_error: 1.2921e-07 - 229s/epoch - 1s/step
Epoch 3/100

Epoch 00003: mean_squared_error improved from 0.00000 to 0.00000, saving model to /gpfswork/rech/ynx/ulx23va/repo/wf-SEDs/more_stars/wf-outputs/chkp/more_stars_bis/chkp_callback_poly_more_stars_6k_bis_2_cycle1
188/188 - 234s - loss: 1.0399e-06 - mean_squared_error: 1.4389e-06 - val_loss: 7.3629e-08 - val_mean_squared_error: 7.3629e-08 - 234s/epoch - 1s/step
Epoch 4/100

Epoch 00004: mean_squared_error improved from 0.00000 to 0.00000, saving model to /gpfswork/rech/ynx/ulx23va/repo/wf-SEDs/more_stars/wf-outputs/chkp/more_stars_bis/chkp_callback_poly_more_stars_6k_bis_2_cycle1
188/188 - 234s - loss: 9.9615e-07 - mean_squared_error: 1.3991e-06 - val_loss: 4.7887e-08 - val_mean_squared_error: 4.7887e-08 - 234s/epoch - 1s/step
Epoch 5/100

Epoch 00005: mean_squared_error improved from 0.00000 to 0.00000, saving model to /gpfswork/rech/ynx/ulx23va/repo/wf-SEDs/more_stars/wf-outputs/chkp/more_stars_bis/chkp_callback_poly_more_stars_6k_bis_2_cycle1
188/188 - 234s - loss: 9.7669e-07 - mean_squared_error: 1.3815e-06 - val_loss: 3.6999e-08 - val_mean_squared_error: 3.6999e-08 - 234s/epoch - 1s/step
Epoch 6/100

Epoch 00006: mean_squared_error improved from 0.00000 to 0.00000, saving model to /gpfswork/rech/ynx/ulx23va/repo/wf-SEDs/more_stars/wf-outputs/chkp/more_stars_bis/chkp_callback_poly_more_stars_6k_bis_2_cycle1
188/188 - 234s - loss: 9.7039e-07 - mean_squared_error: 1.3749e-06 - val_loss: 3.8535e-08 - val_mean_squared_error: 3.8535e-08 - 234s/epoch - 1s/step
Epoch 7/100

Epoch 00007: mean_squared_error improved from 0.00000 to 0.00000, saving model to /gpfswork/rech/ynx/ulx23va/repo/wf-SEDs/more_stars/wf-outputs/chkp/more_stars_bis/chkp_callback_poly_more_stars_6k_bis_2_cycle1
188/188 - 233s - loss: 9.6475e-07 - mean_squared_error: 1.3705e-06 - val_loss: 3.1410e-08 - val_mean_squared_error: 3.1410e-08 - 233s/epoch - 1s/step
Epoch 8/100

Epoch 00008: mean_squared_error improved from 0.00000 to 0.00000, saving model to /gpfswork/rech/ynx/ulx23va/repo/wf-SEDs/more_stars/wf-outputs/chkp/more_stars_bis/chkp_callback_poly_more_stars_6k_bis_2_cycle1
188/188 - 232s - loss: 9.5891e-07 - mean_squared_error: 1.3653e-06 - val_loss: 2.2057e-08 - val_mean_squared_error: 2.2057e-08 - 232s/epoch - 1s/step
Epoch 9/100

Epoch 00009: mean_squared_error did not improve from 0.00000
188/188 - 234s - loss: 9.6374e-07 - mean_squared_error: 1.3684e-06 - val_loss: 1.8465e-08 - val_mean_squared_error: 1.8465e-08 - 234s/epoch - 1s/step
Epoch 10/100

Epoch 00010: mean_squared_error improved from 0.00000 to 0.00000, saving model to /gpfswork/rech/ynx/ulx23va/repo/wf-SEDs/more_stars/wf-outputs/chkp/more_stars_bis/chkp_callback_poly_more_stars_6k_bis_2_cycle1
188/188 - 233s - loss: 9.5336e-07 - mean_squared_error: 1.3598e-06 - val_loss: 2.1308e-08 - val_mean_squared_error: 2.1308e-08 - 233s/epoch - 1s/step
Epoch 11/100

Epoch 00011: mean_squared_error did not improve from 0.00000
188/188 - 237s - loss: 9.5913e-07 - mean_squared_error: 1.3650e-06 - val_loss: 2.2146e-08 - val_mean_squared_error: 2.2146e-08 - 237s/epoch - 1s/step
Epoch 12/100

Epoch 00012: mean_squared_error improved from 0.00000 to 0.00000, saving model to /gpfswork/rech/ynx/ulx23va/repo/wf-SEDs/more_stars/wf-outputs/chkp/more_stars_bis/chkp_callback_poly_more_stars_6k_bis_2_cycle1
188/188 - 233s - loss: 9.5005e-07 - mean_squared_error: 1.3572e-06 - val_loss: 1.5483e-08 - val_mean_squared_error: 1.5483e-08 - 233s/epoch - 1s/step
Epoch 13/100

Epoch 00013: mean_squared_error improved from 0.00000 to 0.00000, saving model to /gpfswork/rech/ynx/ulx23va/repo/wf-SEDs/more_stars/wf-outputs/chkp/more_stars_bis/chkp_callback_poly_more_stars_6k_bis_2_cycle1
188/188 - 233s - loss: 9.4896e-07 - mean_squared_error: 1.3559e-06 - val_loss: 1.3411e-08 - val_mean_squared_error: 1.3411e-08 - 233s/epoch - 1s/step
Epoch 14/100

Epoch 00014: mean_squared_error improved from 0.00000 to 0.00000, saving model to /gpfswork/rech/ynx/ulx23va/repo/wf-SEDs/more_stars/wf-outputs/chkp/more_stars_bis/chkp_callback_poly_more_stars_6k_bis_2_cycle1
188/188 - 233s - loss: 9.4846e-07 - mean_squared_error: 1.3556e-06 - val_loss: 1.4845e-08 - val_mean_squared_error: 1.4845e-08 - 233s/epoch - 1s/step
Epoch 15/100

Epoch 00015: mean_squared_error improved from 0.00000 to 0.00000, saving model to /gpfswork/rech/ynx/ulx23va/repo/wf-SEDs/more_stars/wf-outputs/chkp/more_stars_bis/chkp_callback_poly_more_stars_6k_bis_2_cycle1
188/188 - 234s - loss: 9.4599e-07 - mean_squared_error: 1.3534e-06 - val_loss: 1.2841e-08 - val_mean_squared_error: 1.2841e-08 - 234s/epoch - 1s/step
Epoch 16/100

Epoch 00016: mean_squared_error improved from 0.00000 to 0.00000, saving model to /gpfswork/rech/ynx/ulx23va/repo/wf-SEDs/more_stars/wf-outputs/chkp/more_stars_bis/chkp_callback_poly_more_stars_6k_bis_2_cycle1
188/188 - 234s - loss: 9.4459e-07 - mean_squared_error: 1.3519e-06 - val_loss: 2.2125e-08 - val_mean_squared_error: 2.2125e-08 - 234s/epoch - 1s/step
Epoch 17/100

Epoch 00017: mean_squared_error did not improve from 0.00000
188/188 - 235s - loss: 9.4526e-07 - mean_squared_error: 1.3526e-06 - val_loss: 1.0775e-08 - val_mean_squared_error: 1.0775e-08 - 235s/epoch - 1s/step
Epoch 18/100

Epoch 00018: mean_squared_error did not improve from 0.00000
188/188 - 233s - loss: 9.4475e-07 - mean_squared_error: 1.3519e-06 - val_loss: 1.3223e-08 - val_mean_squared_error: 1.3223e-08 - 233s/epoch - 1s/step
Epoch 19/100

Epoch 00019: mean_squared_error did not improve from 0.00000
188/188 - 234s - loss: 9.7544e-07 - mean_squared_error: 1.3751e-06 - val_loss: 1.8935e-08 - val_mean_squared_error: 1.8935e-08 - 234s/epoch - 1s/step
Epoch 20/100

Epoch 00020: mean_squared_error did not improve from 0.00000
188/188 - 233s - loss: 9.4881e-07 - mean_squared_error: 1.3553e-06 - val_loss: 2.1243e-08 - val_mean_squared_error: 2.1243e-08 - 233s/epoch - 1s/step
Epoch 21/100

Epoch 00021: mean_squared_error did not improve from 0.00000
188/188 - 233s - loss: 9.4710e-07 - mean_squared_error: 1.3533e-06 - val_loss: 1.2128e-08 - val_mean_squared_error: 1.2128e-08 - 233s/epoch - 1s/step
Epoch 22/100

Epoch 00022: mean_squared_error improved from 0.00000 to 0.00000, saving model to /gpfswork/rech/ynx/ulx23va/repo/wf-SEDs/more_stars/wf-outputs/chkp/more_stars_bis/chkp_callback_poly_more_stars_6k_bis_2_cycle1
188/188 - 233s - loss: 9.4292e-07 - mean_squared_error: 1.3504e-06 - val_loss: 1.0663e-08 - val_mean_squared_error: 1.0663e-08 - 233s/epoch - 1s/step
Epoch 23/100

Epoch 00023: mean_squared_error did not improve from 0.00000
188/188 - 232s - loss: 9.4353e-07 - mean_squared_error: 1.3508e-06 - val_loss: 1.1402e-08 - val_mean_squared_error: 1.1402e-08 - 232s/epoch - 1s/step
Epoch 24/100

Epoch 00024: mean_squared_error improved from 0.00000 to 0.00000, saving model to /gpfswork/rech/ynx/ulx23va/repo/wf-SEDs/more_stars/wf-outputs/chkp/more_stars_bis/chkp_callback_poly_more_stars_6k_bis_2_cycle1
188/188 - 234s - loss: 9.4284e-07 - mean_squared_error: 1.3502e-06 - val_loss: 8.8052e-09 - val_mean_squared_error: 8.8052e-09 - 234s/epoch - 1s/step
Epoch 25/100

Epoch 00025: mean_squared_error improved from 0.00000 to 0.00000, saving model to /gpfswork/rech/ynx/ulx23va/repo/wf-SEDs/more_stars/wf-outputs/chkp/more_stars_bis/chkp_callback_poly_more_stars_6k_bis_2_cycle1
188/188 - 233s - loss: 9.4092e-07 - mean_squared_error: 1.3486e-06 - val_loss: 9.8971e-09 - val_mean_squared_error: 9.8971e-09 - 233s/epoch - 1s/step
Epoch 26/100

Epoch 00026: mean_squared_error did not improve from 0.00000
188/188 - 231s - loss: 9.4179e-07 - mean_squared_error: 1.3491e-06 - val_loss: 9.8807e-09 - val_mean_squared_error: 9.8807e-09 - 231s/epoch - 1s/step
Epoch 27/100

Epoch 00027: mean_squared_error did not improve from 0.00000
188/188 - 231s - loss: 9.4360e-07 - mean_squared_error: 1.3509e-06 - val_loss: 9.8051e-09 - val_mean_squared_error: 9.8051e-09 - 231s/epoch - 1s/step
Epoch 28/100

Epoch 00028: mean_squared_error did not improve from 0.00000
188/188 - 231s - loss: 9.4185e-07 - mean_squared_error: 1.3494e-06 - val_loss: 7.9836e-09 - val_mean_squared_error: 7.9836e-09 - 231s/epoch - 1s/step
Epoch 29/100

Epoch 00029: mean_squared_error did not improve from 0.00000
188/188 - 232s - loss: 9.4130e-07 - mean_squared_error: 1.3488e-06 - val_loss: 8.3858e-09 - val_mean_squared_error: 8.3858e-09 - 232s/epoch - 1s/step
Epoch 30/100

Epoch 00030: mean_squared_error did not improve from 0.00000
188/188 - 231s - loss: 9.5065e-07 - mean_squared_error: 1.3562e-06 - val_loss: 1.9549e-08 - val_mean_squared_error: 1.9549e-08 - 231s/epoch - 1s/step
Epoch 31/100

Epoch 00031: mean_squared_error did not improve from 0.00000
188/188 - 232s - loss: 9.4666e-07 - mean_squared_error: 1.3530e-06 - val_loss: 8.8342e-09 - val_mean_squared_error: 8.8342e-09 - 232s/epoch - 1s/step
Epoch 32/100

Epoch 00032: mean_squared_error did not improve from 0.00000
188/188 - 232s - loss: 9.4288e-07 - mean_squared_error: 1.3500e-06 - val_loss: 7.9979e-09 - val_mean_squared_error: 7.9979e-09 - 232s/epoch - 1s/step
Epoch 33/100

Epoch 00033: mean_squared_error improved from 0.00000 to 0.00000, saving model to /gpfswork/rech/ynx/ulx23va/repo/wf-SEDs/more_stars/wf-outputs/chkp/more_stars_bis/chkp_callback_poly_more_stars_6k_bis_2_cycle1
188/188 - 232s - loss: 9.3949e-07 - mean_squared_error: 1.3472e-06 - val_loss: 8.6207e-09 - val_mean_squared_error: 8.6207e-09 - 232s/epoch - 1s/step
Epoch 34/100

Epoch 00034: mean_squared_error did not improve from 0.00000
188/188 - 232s - loss: 9.4217e-07 - mean_squared_error: 1.3495e-06 - val_loss: 1.4840e-08 - val_mean_squared_error: 1.4840e-08 - 232s/epoch - 1s/step
Epoch 35/100

Epoch 00035: mean_squared_error improved from 0.00000 to 0.00000, saving model to /gpfswork/rech/ynx/ulx23va/repo/wf-SEDs/more_stars/wf-outputs/chkp/more_stars_bis/chkp_callback_poly_more_stars_6k_bis_2_cycle1
188/188 - 233s - loss: 9.3954e-07 - mean_squared_error: 1.3472e-06 - val_loss: 7.9059e-09 - val_mean_squared_error: 7.9059e-09 - 233s/epoch - 1s/step
Epoch 36/100

Epoch 00036: mean_squared_error did not improve from 0.00000
188/188 - 232s - loss: 9.7371e-07 - mean_squared_error: 1.3720e-06 - val_loss: 1.1187e-08 - val_mean_squared_error: 1.1187e-08 - 232s/epoch - 1s/step
Epoch 37/100

Epoch 00037: mean_squared_error did not improve from 0.00000
188/188 - 233s - loss: 9.4158e-07 - mean_squared_error: 1.3485e-06 - val_loss: 8.3278e-09 - val_mean_squared_error: 8.3278e-09 - 233s/epoch - 1s/step
Epoch 38/100

Epoch 00038: mean_squared_error did not improve from 0.00000
188/188 - 233s - loss: 9.4022e-07 - mean_squared_error: 1.3477e-06 - val_loss: 9.4861e-09 - val_mean_squared_error: 9.4861e-09 - 233s/epoch - 1s/step
Epoch 39/100

Epoch 00039: mean_squared_error improved from 0.00000 to 0.00000, saving model to /gpfswork/rech/ynx/ulx23va/repo/wf-SEDs/more_stars/wf-outputs/chkp/more_stars_bis/chkp_callback_poly_more_stars_6k_bis_2_cycle1
188/188 - 233s - loss: 9.3946e-07 - mean_squared_error: 1.3470e-06 - val_loss: 8.2482e-09 - val_mean_squared_error: 8.2482e-09 - 233s/epoch - 1s/step
Epoch 40/100

Epoch 00040: mean_squared_error did not improve from 0.00000
188/188 - 232s - loss: 9.3979e-07 - mean_squared_error: 1.3473e-06 - val_loss: 7.6869e-09 - val_mean_squared_error: 7.6869e-09 - 232s/epoch - 1s/step
Epoch 41/100

Epoch 00041: mean_squared_error did not improve from 0.00000
188/188 - 232s - loss: 9.3996e-07 - mean_squared_error: 1.3473e-06 - val_loss: 6.5591e-09 - val_mean_squared_error: 6.5591e-09 - 232s/epoch - 1s/step
Epoch 42/100

Epoch 00042: mean_squared_error did not improve from 0.00000
188/188 - 233s - loss: 9.3990e-07 - mean_squared_error: 1.3471e-06 - val_loss: 7.6866e-09 - val_mean_squared_error: 7.6866e-09 - 233s/epoch - 1s/step
Epoch 43/100

Epoch 00043: mean_squared_error did not improve from 0.00000
188/188 - 233s - loss: 9.3981e-07 - mean_squared_error: 1.3472e-06 - val_loss: 6.8598e-09 - val_mean_squared_error: 6.8598e-09 - 233s/epoch - 1s/step
Epoch 44/100

Epoch 00044: mean_squared_error improved from 0.00000 to 0.00000, saving model to /gpfswork/rech/ynx/ulx23va/repo/wf-SEDs/more_stars/wf-outputs/chkp/more_stars_bis/chkp_callback_poly_more_stars_6k_bis_2_cycle1
188/188 - 233s - loss: 9.3913e-07 - mean_squared_error: 1.3468e-06 - val_loss: 6.4439e-09 - val_mean_squared_error: 6.4439e-09 - 233s/epoch - 1s/step
Epoch 45/100

Epoch 00045: mean_squared_error did not improve from 0.00000
188/188 - 232s - loss: 9.4047e-07 - mean_squared_error: 1.3478e-06 - val_loss: 6.8675e-09 - val_mean_squared_error: 6.8675e-09 - 232s/epoch - 1s/step
Epoch 46/100

Epoch 00046: mean_squared_error did not improve from 0.00000
188/188 - 233s - loss: 9.6031e-07 - mean_squared_error: 1.3602e-06 - val_loss: 5.2008e-08 - val_mean_squared_error: 5.2008e-08 - 233s/epoch - 1s/step
Epoch 47/100

Epoch 00047: mean_squared_error did not improve from 0.00000
188/188 - 231s - loss: 9.5587e-07 - mean_squared_error: 1.3577e-06 - val_loss: 9.2367e-09 - val_mean_squared_error: 9.2367e-09 - 231s/epoch - 1s/step
Epoch 48/100

Epoch 00048: mean_squared_error did not improve from 0.00000
188/188 - 232s - loss: 9.3953e-07 - mean_squared_error: 1.3468e-06 - val_loss: 7.8162e-09 - val_mean_squared_error: 7.8162e-09 - 232s/epoch - 1s/step
Epoch 49/100

Epoch 00049: mean_squared_error did not improve from 0.00000
188/188 - 232s - loss: 9.4022e-07 - mean_squared_error: 1.3475e-06 - val_loss: 8.1721e-09 - val_mean_squared_error: 8.1721e-09 - 232s/epoch - 1s/step
Epoch 50/100

Epoch 00050: mean_squared_error did not improve from 0.00000
188/188 - 232s - loss: 9.3988e-07 - mean_squared_error: 1.3471e-06 - val_loss: 9.4695e-09 - val_mean_squared_error: 9.4695e-09 - 232s/epoch - 1s/step
Epoch 51/100

Epoch 00051: mean_squared_error did not improve from 0.00000
188/188 - 233s - loss: 9.4355e-07 - mean_squared_error: 1.3504e-06 - val_loss: 6.5953e-09 - val_mean_squared_error: 6.5953e-09 - 233s/epoch - 1s/step
Epoch 52/100

Epoch 00052: mean_squared_error did not improve from 0.00000
188/188 - 232s - loss: 9.4107e-07 - mean_squared_error: 1.3478e-06 - val_loss: 7.6336e-09 - val_mean_squared_error: 7.6336e-09 - 232s/epoch - 1s/step
Epoch 53/100

Epoch 00053: mean_squared_error did not improve from 0.00000
188/188 - 233s - loss: 9.3942e-07 - mean_squared_error: 1.3468e-06 - val_loss: 6.1562e-09 - val_mean_squared_error: 6.1562e-09 - 233s/epoch - 1s/step
Epoch 54/100

Epoch 00054: mean_squared_error did not improve from 0.00000
188/188 - 232s - loss: 9.4241e-07 - mean_squared_error: 1.3495e-06 - val_loss: 1.0531e-08 - val_mean_squared_error: 1.0531e-08 - 232s/epoch - 1s/step
Epoch 55/100

Epoch 00055: mean_squared_error improved from 0.00000 to 0.00000, saving model to /gpfswork/rech/ynx/ulx23va/repo/wf-SEDs/more_stars/wf-outputs/chkp/more_stars_bis/chkp_callback_poly_more_stars_6k_bis_2_cycle1
188/188 - 233s - loss: 9.3915e-07 - mean_squared_error: 1.3466e-06 - val_loss: 6.2293e-09 - val_mean_squared_error: 6.2293e-09 - 233s/epoch - 1s/step
Epoch 56/100

Epoch 00056: mean_squared_error improved from 0.00000 to 0.00000, saving model to /gpfswork/rech/ynx/ulx23va/repo/wf-SEDs/more_stars/wf-outputs/chkp/more_stars_bis/chkp_callback_poly_more_stars_6k_bis_2_cycle1
188/188 - 232s - loss: 9.3812e-07 - mean_squared_error: 1.3458e-06 - val_loss: 7.3915e-09 - val_mean_squared_error: 7.3915e-09 - 232s/epoch - 1s/step
Epoch 57/100

Epoch 00057: mean_squared_error did not improve from 0.00000
188/188 - 231s - loss: 9.4151e-07 - mean_squared_error: 1.3483e-06 - val_loss: 1.2046e-08 - val_mean_squared_error: 1.2046e-08 - 231s/epoch - 1s/step
Epoch 58/100

Epoch 00058: mean_squared_error did not improve from 0.00000
188/188 - 233s - loss: 9.3973e-07 - mean_squared_error: 1.3470e-06 - val_loss: 8.1555e-09 - val_mean_squared_error: 8.1555e-09 - 233s/epoch - 1s/step
Epoch 59/100

Epoch 00059: mean_squared_error did not improve from 0.00000
188/188 - 232s - loss: 9.3905e-07 - mean_squared_error: 1.3463e-06 - val_loss: 8.0456e-09 - val_mean_squared_error: 8.0456e-09 - 232s/epoch - 1s/step
Epoch 60/100

Epoch 00060: mean_squared_error did not improve from 0.00000
188/188 - 231s - loss: 9.3818e-07 - mean_squared_error: 1.3458e-06 - val_loss: 7.0157e-09 - val_mean_squared_error: 7.0157e-09 - 231s/epoch - 1s/step
Epoch 61/100

Epoch 00061: mean_squared_error did not improve from 0.00000
188/188 - 233s - loss: 9.3947e-07 - mean_squared_error: 1.3468e-06 - val_loss: 8.7173e-09 - val_mean_squared_error: 8.7173e-09 - 233s/epoch - 1s/step
Epoch 62/100

Epoch 00062: mean_squared_error improved from 0.00000 to 0.00000, saving model to /gpfswork/rech/ynx/ulx23va/repo/wf-SEDs/more_stars/wf-outputs/chkp/more_stars_bis/chkp_callback_poly_more_stars_6k_bis_2_cycle1
188/188 - 232s - loss: 9.3786e-07 - mean_squared_error: 1.3456e-06 - val_loss: 6.3726e-09 - val_mean_squared_error: 6.3726e-09 - 232s/epoch - 1s/step
Epoch 63/100

Epoch 00063: mean_squared_error did not improve from 0.00000
188/188 - 232s - loss: 9.3857e-07 - mean_squared_error: 1.3462e-06 - val_loss: 6.6091e-09 - val_mean_squared_error: 6.6091e-09 - 232s/epoch - 1s/step
Epoch 64/100

Epoch 00064: mean_squared_error improved from 0.00000 to 0.00000, saving model to /gpfswork/rech/ynx/ulx23va/repo/wf-SEDs/more_stars/wf-outputs/chkp/more_stars_bis/chkp_callback_poly_more_stars_6k_bis_2_cycle1
188/188 - 231s - loss: 9.3725e-07 - mean_squared_error: 1.3451e-06 - val_loss: 8.4279e-09 - val_mean_squared_error: 8.4279e-09 - 231s/epoch - 1s/step
Epoch 65/100

Epoch 00065: mean_squared_error did not improve from 0.00000
188/188 - 232s - loss: 9.3911e-07 - mean_squared_error: 1.3467e-06 - val_loss: 6.8179e-09 - val_mean_squared_error: 6.8179e-09 - 232s/epoch - 1s/step
Epoch 66/100

Epoch 00066: mean_squared_error did not improve from 0.00000
188/188 - 233s - loss: 9.3763e-07 - mean_squared_error: 1.3455e-06 - val_loss: 5.8637e-09 - val_mean_squared_error: 5.8637e-09 - 233s/epoch - 1s/step
Epoch 67/100

Epoch 00067: mean_squared_error did not improve from 0.00000
188/188 - 233s - loss: 9.3739e-07 - mean_squared_error: 1.3453e-06 - val_loss: 6.2863e-09 - val_mean_squared_error: 6.2863e-09 - 233s/epoch - 1s/step
Epoch 68/100

Epoch 00068: mean_squared_error did not improve from 0.00000
188/188 - 231s - loss: 9.3759e-07 - mean_squared_error: 1.3453e-06 - val_loss: 5.5438e-09 - val_mean_squared_error: 5.5438e-09 - 231s/epoch - 1s/step
Epoch 69/100

Epoch 00069: mean_squared_error did not improve from 0.00000
188/188 - 232s - loss: 9.3767e-07 - mean_squared_error: 1.3455e-06 - val_loss: 6.1829e-09 - val_mean_squared_error: 6.1829e-09 - 232s/epoch - 1s/step
Epoch 70/100

Epoch 00070: mean_squared_error improved from 0.00000 to 0.00000, saving model to /gpfswork/rech/ynx/ulx23va/repo/wf-SEDs/more_stars/wf-outputs/chkp/more_stars_bis/chkp_callback_poly_more_stars_6k_bis_2_cycle1
188/188 - 232s - loss: 9.3720e-07 - mean_squared_error: 1.3450e-06 - val_loss: 7.7245e-09 - val_mean_squared_error: 7.7245e-09 - 232s/epoch - 1s/step
Epoch 71/100

Epoch 00071: mean_squared_error improved from 0.00000 to 0.00000, saving model to /gpfswork/rech/ynx/ulx23va/repo/wf-SEDs/more_stars/wf-outputs/chkp/more_stars_bis/chkp_callback_poly_more_stars_6k_bis_2_cycle1
188/188 - 233s - loss: 9.3689e-07 - mean_squared_error: 1.3448e-06 - val_loss: 6.8888e-09 - val_mean_squared_error: 6.8888e-09 - 233s/epoch - 1s/step
Epoch 72/100

Epoch 00072: mean_squared_error improved from 0.00000 to 0.00000, saving model to /gpfswork/rech/ynx/ulx23va/repo/wf-SEDs/more_stars/wf-outputs/chkp/more_stars_bis/chkp_callback_poly_more_stars_6k_bis_2_cycle1
188/188 - 232s - loss: 9.3658e-07 - mean_squared_error: 1.3444e-06 - val_loss: 5.4818e-09 - val_mean_squared_error: 5.4818e-09 - 232s/epoch - 1s/step
Epoch 73/100

Epoch 00073: mean_squared_error did not improve from 0.00000
188/188 - 231s - loss: 9.3774e-07 - mean_squared_error: 1.3453e-06 - val_loss: 1.5362e-08 - val_mean_squared_error: 1.5362e-08 - 231s/epoch - 1s/step
Epoch 74/100

Epoch 00074: mean_squared_error did not improve from 0.00000
188/188 - 232s - loss: 9.3879e-07 - mean_squared_error: 1.3464e-06 - val_loss: 5.1761e-09 - val_mean_squared_error: 5.1761e-09 - 232s/epoch - 1s/step
Epoch 75/100

Epoch 00075: mean_squared_error did not improve from 0.00000
188/188 - 232s - loss: 9.3687e-07 - mean_squared_error: 1.3447e-06 - val_loss: 8.2461e-09 - val_mean_squared_error: 8.2461e-09 - 232s/epoch - 1s/step
Epoch 76/100

Epoch 00076: mean_squared_error did not improve from 0.00000
188/188 - 232s - loss: 9.3665e-07 - mean_squared_error: 1.3446e-06 - val_loss: 5.3138e-09 - val_mean_squared_error: 5.3138e-09 - 232s/epoch - 1s/step
Epoch 77/100

Epoch 00077: mean_squared_error did not improve from 0.00000
188/188 - 232s - loss: 9.3704e-07 - mean_squared_error: 1.3448e-06 - val_loss: 5.4349e-09 - val_mean_squared_error: 5.4349e-09 - 232s/epoch - 1s/step
Epoch 78/100

Epoch 00078: mean_squared_error did not improve from 0.00000
188/188 - 233s - loss: 9.3726e-07 - mean_squared_error: 1.3450e-06 - val_loss: 6.0264e-09 - val_mean_squared_error: 6.0264e-09 - 233s/epoch - 1s/step
Epoch 79/100

Epoch 00079: mean_squared_error did not improve from 0.00000
188/188 - 233s - loss: 9.3650e-07 - mean_squared_error: 1.3444e-06 - val_loss: 5.7707e-09 - val_mean_squared_error: 5.7707e-09 - 233s/epoch - 1s/step
Epoch 80/100

Epoch 00080: mean_squared_error did not improve from 0.00000
188/188 - 232s - loss: 9.3691e-07 - mean_squared_error: 1.3448e-06 - val_loss: 7.0137e-09 - val_mean_squared_error: 7.0137e-09 - 232s/epoch - 1s/step
Epoch 81/100

Epoch 00081: mean_squared_error did not improve from 0.00000
188/188 - 232s - loss: 9.3748e-07 - mean_squared_error: 1.3452e-06 - val_loss: 5.3100e-09 - val_mean_squared_error: 5.3100e-09 - 232s/epoch - 1s/step
Epoch 82/100

Epoch 00082: mean_squared_error did not improve from 0.00000
188/188 - 233s - loss: 9.5734e-07 - mean_squared_error: 1.3592e-06 - val_loss: 6.7231e-09 - val_mean_squared_error: 6.7231e-09 - 233s/epoch - 1s/step
Epoch 83/100

Epoch 00083: mean_squared_error did not improve from 0.00000
188/188 - 233s - loss: 9.3790e-07 - mean_squared_error: 1.3453e-06 - val_loss: 6.9648e-09 - val_mean_squared_error: 6.9648e-09 - 233s/epoch - 1s/step
Epoch 84/100

Epoch 00084: mean_squared_error did not improve from 0.00000
188/188 - 232s - loss: 9.3673e-07 - mean_squared_error: 1.3445e-06 - val_loss: 5.9934e-09 - val_mean_squared_error: 5.9934e-09 - 232s/epoch - 1s/step
Epoch 85/100

Epoch 00085: mean_squared_error did not improve from 0.00000
188/188 - 233s - loss: 9.3680e-07 - mean_squared_error: 1.3446e-06 - val_loss: 5.5244e-09 - val_mean_squared_error: 5.5244e-09 - 233s/epoch - 1s/step
Epoch 86/100

Epoch 00086: mean_squared_error improved from 0.00000 to 0.00000, saving model to /gpfswork/rech/ynx/ulx23va/repo/wf-SEDs/more_stars/wf-outputs/chkp/more_stars_bis/chkp_callback_poly_more_stars_6k_bis_2_cycle1
188/188 - 232s - loss: 9.3632e-07 - mean_squared_error: 1.3442e-06 - val_loss: 6.4909e-09 - val_mean_squared_error: 6.4909e-09 - 232s/epoch - 1s/step
Epoch 87/100

Epoch 00087: mean_squared_error did not improve from 0.00000
188/188 - 233s - loss: 9.3640e-07 - mean_squared_error: 1.3443e-06 - val_loss: 5.0467e-09 - val_mean_squared_error: 5.0467e-09 - 233s/epoch - 1s/step
Epoch 88/100

Epoch 00088: mean_squared_error did not improve from 0.00000
188/188 - 233s - loss: 9.3710e-07 - mean_squared_error: 1.3447e-06 - val_loss: 7.4006e-09 - val_mean_squared_error: 7.4006e-09 - 233s/epoch - 1s/step
Epoch 89/100

Epoch 00089: mean_squared_error did not improve from 0.00000
188/188 - 232s - loss: 9.3790e-07 - mean_squared_error: 1.3457e-06 - val_loss: 5.2383e-09 - val_mean_squared_error: 5.2383e-09 - 232s/epoch - 1s/step
Epoch 90/100

Epoch 00090: mean_squared_error improved from 0.00000 to 0.00000, saving model to /gpfswork/rech/ynx/ulx23va/repo/wf-SEDs/more_stars/wf-outputs/chkp/more_stars_bis/chkp_callback_poly_more_stars_6k_bis_2_cycle1
188/188 - 232s - loss: 9.3567e-07 - mean_squared_error: 1.3437e-06 - val_loss: 5.4191e-09 - val_mean_squared_error: 5.4191e-09 - 232s/epoch - 1s/step
Epoch 91/100

Epoch 00091: mean_squared_error did not improve from 0.00000
188/188 - 233s - loss: 9.3631e-07 - mean_squared_error: 1.3443e-06 - val_loss: 5.5915e-09 - val_mean_squared_error: 5.5915e-09 - 233s/epoch - 1s/step
Epoch 92/100

Epoch 00092: mean_squared_error did not improve from 0.00000
188/188 - 232s - loss: 9.3703e-07 - mean_squared_error: 1.3446e-06 - val_loss: 5.4010e-09 - val_mean_squared_error: 5.4010e-09 - 232s/epoch - 1s/step
Epoch 93/100

Epoch 00093: mean_squared_error did not improve from 0.00000
188/188 - 232s - loss: 9.3759e-07 - mean_squared_error: 1.3451e-06 - val_loss: 6.4889e-09 - val_mean_squared_error: 6.4889e-09 - 232s/epoch - 1s/step
Epoch 94/100

Epoch 00094: mean_squared_error did not improve from 0.00000
188/188 - 232s - loss: 9.3757e-07 - mean_squared_error: 1.3452e-06 - val_loss: 8.2340e-09 - val_mean_squared_error: 8.2340e-09 - 232s/epoch - 1s/step
Epoch 95/100

Epoch 00095: mean_squared_error did not improve from 0.00000
188/188 - 232s - loss: 9.3766e-07 - mean_squared_error: 1.3453e-06 - val_loss: 4.8465e-09 - val_mean_squared_error: 4.8465e-09 - 232s/epoch - 1s/step
Epoch 96/100

Epoch 00096: mean_squared_error did not improve from 0.00000
188/188 - 233s - loss: 9.3615e-07 - mean_squared_error: 1.3441e-06 - val_loss: 6.7429e-09 - val_mean_squared_error: 6.7429e-09 - 233s/epoch - 1s/step
Epoch 97/100

Epoch 00097: mean_squared_error improved from 0.00000 to 0.00000, saving model to /gpfswork/rech/ynx/ulx23va/repo/wf-SEDs/more_stars/wf-outputs/chkp/more_stars_bis/chkp_callback_poly_more_stars_6k_bis_2_cycle1
188/188 - 231s - loss: 9.3563e-07 - mean_squared_error: 1.3436e-06 - val_loss: 4.9166e-09 - val_mean_squared_error: 4.9166e-09 - 231s/epoch - 1s/step
Epoch 98/100

Epoch 00098: mean_squared_error improved from 0.00000 to 0.00000, saving model to /gpfswork/rech/ynx/ulx23va/repo/wf-SEDs/more_stars/wf-outputs/chkp/more_stars_bis/chkp_callback_poly_more_stars_6k_bis_2_cycle1
188/188 - 232s - loss: 9.3540e-07 - mean_squared_error: 1.3435e-06 - val_loss: 5.0601e-09 - val_mean_squared_error: 5.0601e-09 - 232s/epoch - 1s/step
Epoch 99/100

Epoch 00099: mean_squared_error did not improve from 0.00000
188/188 - 232s - loss: 9.3587e-07 - mean_squared_error: 1.3436e-06 - val_loss: 7.4902e-09 - val_mean_squared_error: 7.4902e-09 - 232s/epoch - 1s/step
Epoch 100/100

Epoch 00100: mean_squared_error did not improve from 0.00000
188/188 - 232s - loss: 9.3790e-07 - mean_squared_error: 1.3453e-06 - val_loss: 5.3721e-09 - val_mean_squared_error: 5.3721e-09 - 232s/epoch - 1s/step
Cycle1 elapsed time: 26693.181469
Starting cycle 2..
Starting parametric update..
Epoch 1/15

Epoch 00001: mean_squared_error improved from inf to 0.00000, saving model to /gpfswork/rech/ynx/ulx23va/repo/wf-SEDs/more_stars/wf-outputs/chkp/more_stars_bis/chkp_callback_poly_more_stars_6k_bis_2_cycle2
188/188 - 234s - loss: 9.3696e-07 - mean_squared_error: 1.3449e-06 - val_loss: 1.0238e-08 - val_mean_squared_error: 1.0238e-08 - 234s/epoch - 1s/step
Epoch 2/15

Epoch 00002: mean_squared_error did not improve from 0.00000
188/188 - 232s - loss: 9.3958e-07 - mean_squared_error: 1.3474e-06 - val_loss: 1.5894e-08 - val_mean_squared_error: 1.5894e-08 - 232s/epoch - 1s/step
Epoch 3/15

Epoch 00003: mean_squared_error did not improve from 0.00000
188/188 - 232s - loss: 9.4275e-07 - mean_squared_error: 1.3504e-06 - val_loss: 1.4459e-08 - val_mean_squared_error: 1.4459e-08 - 232s/epoch - 1s/step
Epoch 4/15

Epoch 00004: mean_squared_error did not improve from 0.00000
188/188 - 233s - loss: 9.4729e-07 - mean_squared_error: 1.3549e-06 - val_loss: 1.0755e-08 - val_mean_squared_error: 1.0755e-08 - 233s/epoch - 1s/step
Epoch 5/15

Epoch 00005: mean_squared_error did not improve from 0.00000
188/188 - 227s - loss: 9.5207e-07 - mean_squared_error: 1.3592e-06 - val_loss: 1.7280e-08 - val_mean_squared_error: 1.7280e-08 - 227s/epoch - 1s/step
Epoch 6/15

Epoch 00006: mean_squared_error did not improve from 0.00000
188/188 - 232s - loss: 9.4926e-07 - mean_squared_error: 1.3566e-06 - val_loss: 2.2457e-08 - val_mean_squared_error: 2.2457e-08 - 232s/epoch - 1s/step
Epoch 7/15

Epoch 00007: mean_squared_error did not improve from 0.00000
188/188 - 232s - loss: 9.7644e-07 - mean_squared_error: 1.3795e-06 - val_loss: 1.2910e-08 - val_mean_squared_error: 1.2910e-08 - 232s/epoch - 1s/step
Epoch 8/15

Epoch 00008: mean_squared_error did not improve from 0.00000
188/188 - 233s - loss: 9.4742e-07 - mean_squared_error: 1.3550e-06 - val_loss: 2.6008e-08 - val_mean_squared_error: 2.6008e-08 - 233s/epoch - 1s/step
Epoch 9/15

Epoch 00009: mean_squared_error did not improve from 0.00000
188/188 - 234s - loss: 9.5067e-07 - mean_squared_error: 1.3577e-06 - val_loss: 1.8054e-08 - val_mean_squared_error: 1.8054e-08 - 234s/epoch - 1s/step
Epoch 10/15

Epoch 00010: mean_squared_error did not improve from 0.00000
188/188 - 233s - loss: 9.5284e-07 - mean_squared_error: 1.3602e-06 - val_loss: 4.1365e-08 - val_mean_squared_error: 4.1365e-08 - 233s/epoch - 1s/step
Epoch 11/15

Epoch 00011: mean_squared_error did not improve from 0.00000
188/188 - 232s - loss: 9.5138e-07 - mean_squared_error: 1.3580e-06 - val_loss: 3.9185e-08 - val_mean_squared_error: 3.9185e-08 - 232s/epoch - 1s/step
Epoch 12/15

Epoch 00012: mean_squared_error did not improve from 0.00000
188/188 - 232s - loss: 9.6152e-07 - mean_squared_error: 1.3692e-06 - val_loss: 1.6827e-08 - val_mean_squared_error: 1.6827e-08 - 232s/epoch - 1s/step
Epoch 13/15

Epoch 00013: mean_squared_error did not improve from 0.00000
188/188 - 232s - loss: 9.5029e-07 - mean_squared_error: 1.3574e-06 - val_loss: 2.4757e-08 - val_mean_squared_error: 2.4757e-08 - 232s/epoch - 1s/step
Epoch 14/15

Epoch 00014: mean_squared_error did not improve from 0.00000
188/188 - 232s - loss: 9.4651e-07 - mean_squared_error: 1.3542e-06 - val_loss: 1.5018e-08 - val_mean_squared_error: 1.5018e-08 - 232s/epoch - 1s/step
Epoch 15/15

Epoch 00015: mean_squared_error did not improve from 0.00000
188/188 - 232s - loss: 9.6426e-07 - mean_squared_error: 1.3715e-06 - val_loss: 8.2498e-08 - val_mean_squared_error: 8.2498e-08 - 232s/epoch - 1s/step
Starting non-parametric update..
Epoch 1/50

Epoch 00001: mean_squared_error did not improve from 0.00000
188/188 - 234s - loss: 9.4660e-07 - mean_squared_error: 1.3539e-06 - val_loss: 4.9226e-09 - val_mean_squared_error: 4.9226e-09 - 234s/epoch - 1s/step
Epoch 2/50

Epoch 00002: mean_squared_error improved from 0.00000 to 0.00000, saving model to /gpfswork/rech/ynx/ulx23va/repo/wf-SEDs/more_stars/wf-outputs/chkp/more_stars_bis/chkp_callback_poly_more_stars_6k_bis_2_cycle2
188/188 - 232s - loss: 9.3416e-07 - mean_squared_error: 1.3424e-06 - val_loss: 4.1004e-09 - val_mean_squared_error: 4.1004e-09 - 232s/epoch - 1s/step
Epoch 3/50

Epoch 00003: mean_squared_error improved from 0.00000 to 0.00000, saving model to /gpfswork/rech/ynx/ulx23va/repo/wf-SEDs/more_stars/wf-outputs/chkp/more_stars_bis/chkp_callback_poly_more_stars_6k_bis_2_cycle2
188/188 - 232s - loss: 9.3376e-07 - mean_squared_error: 1.3420e-06 - val_loss: 4.0113e-09 - val_mean_squared_error: 4.0113e-09 - 232s/epoch - 1s/step
Epoch 4/50

Epoch 00004: mean_squared_error improved from 0.00000 to 0.00000, saving model to /gpfswork/rech/ynx/ulx23va/repo/wf-SEDs/more_stars/wf-outputs/chkp/more_stars_bis/chkp_callback_poly_more_stars_6k_bis_2_cycle2
188/188 - 231s - loss: 9.3372e-07 - mean_squared_error: 1.3420e-06 - val_loss: 3.7652e-09 - val_mean_squared_error: 3.7652e-09 - 231s/epoch - 1s/step
Epoch 5/50

Epoch 00005: mean_squared_error improved from 0.00000 to 0.00000, saving model to /gpfswork/rech/ynx/ulx23va/repo/wf-SEDs/more_stars/wf-outputs/chkp/more_stars_bis/chkp_callback_poly_more_stars_6k_bis_2_cycle2
188/188 - 231s - loss: 9.3375e-07 - mean_squared_error: 1.3420e-06 - val_loss: 3.9002e-09 - val_mean_squared_error: 3.9002e-09 - 231s/epoch - 1s/step
Epoch 6/50

Epoch 00006: mean_squared_error improved from 0.00000 to 0.00000, saving model to /gpfswork/rech/ynx/ulx23va/repo/wf-SEDs/more_stars/wf-outputs/chkp/more_stars_bis/chkp_callback_poly_more_stars_6k_bis_2_cycle2
188/188 - 232s - loss: 9.3365e-07 - mean_squared_error: 1.3419e-06 - val_loss: 3.8401e-09 - val_mean_squared_error: 3.8401e-09 - 232s/epoch - 1s/step
Epoch 7/50

Epoch 00007: mean_squared_error did not improve from 0.00000
188/188 - 232s - loss: 9.3374e-07 - mean_squared_error: 1.3420e-06 - val_loss: 4.2021e-09 - val_mean_squared_error: 4.2021e-09 - 232s/epoch - 1s/step
Epoch 8/50

Epoch 00008: mean_squared_error did not improve from 0.00000
188/188 - 232s - loss: 9.3373e-07 - mean_squared_error: 1.3420e-06 - val_loss: 3.8730e-09 - val_mean_squared_error: 3.8730e-09 - 232s/epoch - 1s/step
Epoch 9/50

Epoch 00009: mean_squared_error did not improve from 0.00000
188/188 - 232s - loss: 9.3369e-07 - mean_squared_error: 1.3419e-06 - val_loss: 3.9548e-09 - val_mean_squared_error: 3.9548e-09 - 232s/epoch - 1s/step
Epoch 10/50

Epoch 00010: mean_squared_error did not improve from 0.00000
188/188 - 232s - loss: 9.3372e-07 - mean_squared_error: 1.3419e-06 - val_loss: 4.1194e-09 - val_mean_squared_error: 4.1194e-09 - 232s/epoch - 1s/step
Epoch 11/50

Epoch 00011: mean_squared_error did not improve from 0.00000
188/188 - 232s - loss: 9.3407e-07 - mean_squared_error: 1.3422e-06 - val_loss: 4.3367e-09 - val_mean_squared_error: 4.3367e-09 - 232s/epoch - 1s/step
Epoch 12/50

Epoch 00012: mean_squared_error did not improve from 0.00000
188/188 - 231s - loss: 9.3377e-07 - mean_squared_error: 1.3420e-06 - val_loss: 3.8748e-09 - val_mean_squared_error: 3.8748e-09 - 231s/epoch - 1s/step
Epoch 13/50

Epoch 00013: mean_squared_error did not improve from 0.00000
188/188 - 232s - loss: 9.3381e-07 - mean_squared_error: 1.3420e-06 - val_loss: 4.2941e-09 - val_mean_squared_error: 4.2941e-09 - 232s/epoch - 1s/step
Epoch 14/50

Epoch 00014: mean_squared_error did not improve from 0.00000
188/188 - 231s - loss: 9.3389e-07 - mean_squared_error: 1.3421e-06 - val_loss: 4.3461e-09 - val_mean_squared_error: 4.3461e-09 - 231s/epoch - 1s/step
Epoch 15/50

Epoch 00015: mean_squared_error did not improve from 0.00000
188/188 - 232s - loss: 9.3378e-07 - mean_squared_error: 1.3420e-06 - val_loss: 3.9537e-09 - val_mean_squared_error: 3.9537e-09 - 232s/epoch - 1s/step
Epoch 16/50

Epoch 00016: mean_squared_error did not improve from 0.00000
188/188 - 232s - loss: 9.3380e-07 - mean_squared_error: 1.3420e-06 - val_loss: 4.4377e-09 - val_mean_squared_error: 4.4377e-09 - 232s/epoch - 1s/step
Epoch 17/50

Epoch 00017: mean_squared_error did not improve from 0.00000
188/188 - 233s - loss: 9.3391e-07 - mean_squared_error: 1.3421e-06 - val_loss: 4.1003e-09 - val_mean_squared_error: 4.1003e-09 - 233s/epoch - 1s/step
Epoch 18/50

Epoch 00018: mean_squared_error did not improve from 0.00000
188/188 - 231s - loss: 9.3388e-07 - mean_squared_error: 1.3421e-06 - val_loss: 4.1885e-09 - val_mean_squared_error: 4.1885e-09 - 231s/epoch - 1s/step
Epoch 19/50

Epoch 00019: mean_squared_error did not improve from 0.00000
188/188 - 232s - loss: 9.3388e-07 - mean_squared_error: 1.3421e-06 - val_loss: 3.8362e-09 - val_mean_squared_error: 3.8362e-09 - 232s/epoch - 1s/step
Epoch 20/50

Epoch 00020: mean_squared_error did not improve from 0.00000
188/188 - 232s - loss: 9.3389e-07 - mean_squared_error: 1.3421e-06 - val_loss: 3.7912e-09 - val_mean_squared_error: 3.7912e-09 - 232s/epoch - 1s/step
Epoch 21/50

Epoch 00021: mean_squared_error did not improve from 0.00000
188/188 - 232s - loss: 9.3380e-07 - mean_squared_error: 1.3420e-06 - val_loss: 4.3696e-09 - val_mean_squared_error: 4.3696e-09 - 232s/epoch - 1s/step
Epoch 22/50

Epoch 00022: mean_squared_error did not improve from 0.00000
188/188 - 232s - loss: 9.3382e-07 - mean_squared_error: 1.3420e-06 - val_loss: 4.1766e-09 - val_mean_squared_error: 4.1766e-09 - 232s/epoch - 1s/step
Epoch 23/50

Epoch 00023: mean_squared_error did not improve from 0.00000
188/188 - 232s - loss: 9.3403e-07 - mean_squared_error: 1.3421e-06 - val_loss: 5.3371e-09 - val_mean_squared_error: 5.3371e-09 - 232s/epoch - 1s/step
Epoch 24/50

Epoch 00024: mean_squared_error did not improve from 0.00000
188/188 - 232s - loss: 9.3389e-07 - mean_squared_error: 1.3421e-06 - val_loss: 4.0642e-09 - val_mean_squared_error: 4.0642e-09 - 232s/epoch - 1s/step
Epoch 25/50

Epoch 00025: mean_squared_error did not improve from 0.00000
188/188 - 233s - loss: 9.3390e-07 - mean_squared_error: 1.3421e-06 - val_loss: 3.9222e-09 - val_mean_squared_error: 3.9222e-09 - 233s/epoch - 1s/step
Epoch 26/50

Epoch 00026: mean_squared_error did not improve from 0.00000
188/188 - 232s - loss: 9.3396e-07 - mean_squared_error: 1.3422e-06 - val_loss: 3.7252e-09 - val_mean_squared_error: 3.7252e-09 - 232s/epoch - 1s/step
Epoch 27/50

Epoch 00027: mean_squared_error did not improve from 0.00000
188/188 - 232s - loss: 9.3384e-07 - mean_squared_error: 1.3421e-06 - val_loss: 4.3403e-09 - val_mean_squared_error: 4.3403e-09 - 232s/epoch - 1s/step
Epoch 28/50

Epoch 00028: mean_squared_error did not improve from 0.00000
188/188 - 231s - loss: 9.3384e-07 - mean_squared_error: 1.3421e-06 - val_loss: 3.9404e-09 - val_mean_squared_error: 3.9404e-09 - 231s/epoch - 1s/step
Epoch 29/50

Epoch 00029: mean_squared_error did not improve from 0.00000
188/188 - 232s - loss: 9.3386e-07 - mean_squared_error: 1.3421e-06 - val_loss: 4.1451e-09 - val_mean_squared_error: 4.1451e-09 - 232s/epoch - 1s/step
Epoch 30/50

Epoch 00030: mean_squared_error did not improve from 0.00000
188/188 - 232s - loss: 9.3413e-07 - mean_squared_error: 1.3423e-06 - val_loss: 5.1567e-09 - val_mean_squared_error: 5.1567e-09 - 232s/epoch - 1s/step
Epoch 31/50

Epoch 00031: mean_squared_error did not improve from 0.00000
188/188 - 232s - loss: 9.3380e-07 - mean_squared_error: 1.3420e-06 - val_loss: 4.3517e-09 - val_mean_squared_error: 4.3517e-09 - 232s/epoch - 1s/step
Epoch 32/50

Epoch 00032: mean_squared_error improved from 0.00000 to 0.00000, saving model to /gpfswork/rech/ynx/ulx23va/repo/wf-SEDs/more_stars/wf-outputs/chkp/more_stars_bis/chkp_callback_poly_more_stars_6k_bis_2_cycle2
188/188 - 232s - loss: 9.3373e-07 - mean_squared_error: 1.3419e-06 - val_loss: 3.9237e-09 - val_mean_squared_error: 3.9237e-09 - 232s/epoch - 1s/step
Epoch 33/50

Epoch 00033: mean_squared_error did not improve from 0.00000
188/188 - 232s - loss: 9.3377e-07 - mean_squared_error: 1.3420e-06 - val_loss: 3.8141e-09 - val_mean_squared_error: 3.8141e-09 - 232s/epoch - 1s/step
Epoch 34/50

Epoch 00034: mean_squared_error did not improve from 0.00000
188/188 - 231s - loss: 9.3371e-07 - mean_squared_error: 1.3420e-06 - val_loss: 3.8820e-09 - val_mean_squared_error: 3.8820e-09 - 231s/epoch - 1s/step
Epoch 35/50

Epoch 00035: mean_squared_error improved from 0.00000 to 0.00000, saving model to /gpfswork/rech/ynx/ulx23va/repo/wf-SEDs/more_stars/wf-outputs/chkp/more_stars_bis/chkp_callback_poly_more_stars_6k_bis_2_cycle2
188/188 - 232s - loss: 9.3353e-07 - mean_squared_error: 1.3418e-06 - val_loss: 4.0621e-09 - val_mean_squared_error: 4.0621e-09 - 232s/epoch - 1s/step
Epoch 36/50

Epoch 00036: mean_squared_error improved from 0.00000 to 0.00000, saving model to /gpfswork/rech/ynx/ulx23va/repo/wf-SEDs/more_stars/wf-outputs/chkp/more_stars_bis/chkp_callback_poly_more_stars_6k_bis_2_cycle2
188/188 - 231s - loss: 9.3353e-07 - mean_squared_error: 1.3418e-06 - val_loss: 4.0955e-09 - val_mean_squared_error: 4.0955e-09 - 231s/epoch - 1s/step
Epoch 37/50

Epoch 00037: mean_squared_error did not improve from 0.00000
188/188 - 231s - loss: 9.3413e-07 - mean_squared_error: 1.3423e-06 - val_loss: 4.0218e-09 - val_mean_squared_error: 4.0218e-09 - 231s/epoch - 1s/step
Epoch 38/50

Epoch 00038: mean_squared_error did not improve from 0.00000
188/188 - 231s - loss: 9.3388e-07 - mean_squared_error: 1.3421e-06 - val_loss: 4.5865e-09 - val_mean_squared_error: 4.5865e-09 - 231s/epoch - 1s/step
Epoch 39/50

Epoch 00039: mean_squared_error did not improve from 0.00000
188/188 - 231s - loss: 9.3365e-07 - mean_squared_error: 1.3419e-06 - val_loss: 3.8677e-09 - val_mean_squared_error: 3.8677e-09 - 231s/epoch - 1s/step
Epoch 40/50

Epoch 00040: mean_squared_error did not improve from 0.00000
188/188 - 232s - loss: 9.3372e-07 - mean_squared_error: 1.3419e-06 - val_loss: 5.1090e-09 - val_mean_squared_error: 5.1090e-09 - 232s/epoch - 1s/step
Epoch 41/50

Epoch 00041: mean_squared_error did not improve from 0.00000
188/188 - 231s - loss: 9.3370e-07 - mean_squared_error: 1.3420e-06 - val_loss: 4.9130e-09 - val_mean_squared_error: 4.9130e-09 - 231s/epoch - 1s/step
Epoch 42/50

Epoch 00042: mean_squared_error did not improve from 0.00000
188/188 - 231s - loss: 9.3368e-07 - mean_squared_error: 1.3419e-06 - val_loss: 4.6480e-09 - val_mean_squared_error: 4.6480e-09 - 231s/epoch - 1s/step
Epoch 43/50

Epoch 00043: mean_squared_error did not improve from 0.00000
188/188 - 231s - loss: 9.3368e-07 - mean_squared_error: 1.3419e-06 - val_loss: 4.4948e-09 - val_mean_squared_error: 4.4948e-09 - 231s/epoch - 1s/step
Epoch 44/50

Epoch 00044: mean_squared_error did not improve from 0.00000
188/188 - 231s - loss: 9.3361e-07 - mean_squared_error: 1.3418e-06 - val_loss: 3.7488e-09 - val_mean_squared_error: 3.7488e-09 - 231s/epoch - 1s/step
Epoch 45/50

Epoch 00045: mean_squared_error did not improve from 0.00000
188/188 - 232s - loss: 9.3355e-07 - mean_squared_error: 1.3418e-06 - val_loss: 4.3540e-09 - val_mean_squared_error: 4.3540e-09 - 232s/epoch - 1s/step
Epoch 46/50

Epoch 00046: mean_squared_error did not improve from 0.00000
188/188 - 232s - loss: 9.3358e-07 - mean_squared_error: 1.3418e-06 - val_loss: 4.1013e-09 - val_mean_squared_error: 4.1013e-09 - 232s/epoch - 1s/step
Epoch 47/50

Epoch 00047: mean_squared_error improved from 0.00000 to 0.00000, saving model to /gpfswork/rech/ynx/ulx23va/repo/wf-SEDs/more_stars/wf-outputs/chkp/more_stars_bis/chkp_callback_poly_more_stars_6k_bis_2_cycle2
188/188 - 231s - loss: 9.3339e-07 - mean_squared_error: 1.3417e-06 - val_loss: 4.1283e-09 - val_mean_squared_error: 4.1283e-09 - 231s/epoch - 1s/step
Epoch 48/50

Epoch 00048: mean_squared_error did not improve from 0.00000
188/188 - 231s - loss: 9.3357e-07 - mean_squared_error: 1.3418e-06 - val_loss: 4.1484e-09 - val_mean_squared_error: 4.1484e-09 - 231s/epoch - 1s/step
Epoch 49/50

Epoch 00049: mean_squared_error did not improve from 0.00000
188/188 - 232s - loss: 9.3357e-07 - mean_squared_error: 1.3418e-06 - val_loss: 4.3058e-09 - val_mean_squared_error: 4.3058e-09 - 232s/epoch - 1s/step
Epoch 50/50

Epoch 00050: mean_squared_error did not improve from 0.00000
188/188 - 231s - loss: 9.3413e-07 - mean_squared_error: 1.3422e-06 - val_loss: 4.5366e-09 - val_mean_squared_error: 4.5366e-09 - 231s/epoch - 1s/step
Cycle2 elapsed time: 15083.699164

Total elapsed time: 41785.370546

 Good bye..
