Starting the log file.
Found GPU at: /device:GPU:0
tf_version: 2.7.0
Dataset parameters:
{'d_max': 2, 'max_order': 45, 'x_lims': [0, 1000.0], 'y_lims': [0, 1000.0], 'grid_points': [4, 4], 'n_bins': 8, 'max_wfe_rms': 0.1, 'oversampling_rate': 3.0, 'output_Q': 3.0, 'output_dim': 32, 'LP_filter_length': 2, 'pupil_diameter': 128, 'euclid_obsc': True, 'n_stars': 1000}

***
Metric evaluation on the test dataset
***

Absolute RMSE:	 1.4392e-04 	 +/- 2.2010e-05
Relative RMSE:	 1.9449e+00 % 	 +/- 4.5587e-01 %
Absolute RMSE:	 1.3628e-01 	 +/- 1.3942e-02
Relative RMSE:	 1.8056e+02 % 	 +/- 1.3578e+01 %

Pixel star absolute RMSE:	 7.6161e-05 	 +/- 1.9479e-05 
Pixel star relative RMSE:	 5.0495e+00 % 	 +/- 1.6957e+00 %

sigma(e1) RMSE =		 2.6614e-02 	 +/- 1.5916e-02 
sigma(e2) RMSE =		 4.5229e-03 	 +/- 4.0941e-03 
sigma(R2)/<R2> =		 3.7108e-01 	 +/- 3.0620e-01 

Relative sigma(e1) RMSE =	 1.0290e+04 % 	 +/- 1.0284e+04 %
Relative sigma(e2) RMSE =	 1.6402e+03 % 	 +/- 1.6395e+03 %

Total number of stars: 		2000
Problematic number of stars: 	0

***
Metric evaluation on the train dataset
***

Absolute RMSE:	 1.4211e-04 	 +/- 1.9118e-05
Relative RMSE:	 1.9139e+00 % 	 +/- 4.1882e-01 %
Absolute RMSE:	 1.3671e-01 	 +/- 1.3970e-02
Relative RMSE:	 1.8112e+02 % 	 +/- 1.3634e+01 %

Pixel star absolute RMSE:	 7.5480e-05 	 +/- 1.9519e-05 
Pixel star relative RMSE:	 4.9972e+00 % 	 +/- 1.6945e+00 %

sigma(e1) RMSE =		 2.5855e-02 	 +/- 1.5593e-02 
sigma(e2) RMSE =		 4.7218e-03 	 +/- 4.4163e-03 
sigma(R2)/<R2> =		 2.8074e-01 	 +/- 2.6773e-01 

Relative sigma(e1) RMSE =	 3.7030e+03 % 	 +/- 3.6895e+03 %
Relative sigma(e2) RMSE =	 8.3078e+02 % 	 +/- 8.2990e+02 %

Total number of stars: 		1000
Problematic number of stars: 	0

Total elapsed time: 2312.816607

 Good bye..
