Starting the log file.
Found GPU at: /device:GPU:0
tf_version: 2.7.0
Zernike cube:
(15, 128, 128)
Dataset parameters:
{'d_max': 2, 'max_order': 45, 'x_lims': [0, 1000.0], 'y_lims': [0, 1000.0], 'grid_points': [4, 4], 'n_bins': 8, 'max_wfe_rms': 0.1, 'oversampling_rate': 3.0, 'output_Q': 3.0, 'output_dim': 32, 'LP_filter_length': 2, 'pupil_diameter': 128, 'euclid_obsc': True, 'n_stars': 4000}
Starting cycle 1..
Starting parametric update..
Epoch 1/15

Epoch 00001: mean_squared_error improved from inf to 0.00001, saving model to /gpfswork/rech/ynx/ulx23va/repo/wf-SEDs/more_stars/wf-outputs/chkp/more_stars_bis/chkp_callback_poly_more_stars_complex_model_4k_bis_3_cycle1
125/125 - 214s - loss: 5.9029e-06 - mean_squared_error: 5.7954e-06 - val_loss: 1.0386e-06 - val_mean_squared_error: 1.0386e-06 - 214s/epoch - 2s/step
Epoch 2/15

Epoch 00002: mean_squared_error improved from 0.00001 to 0.00000, saving model to /gpfswork/rech/ynx/ulx23va/repo/wf-SEDs/more_stars/wf-outputs/chkp/more_stars_bis/chkp_callback_poly_more_stars_complex_model_4k_bis_3_cycle1
125/125 - 209s - loss: 1.8823e-06 - mean_squared_error: 2.1834e-06 - val_loss: 7.7105e-07 - val_mean_squared_error: 7.7105e-07 - 209s/epoch - 2s/step
Epoch 3/15

Epoch 00003: mean_squared_error improved from 0.00000 to 0.00000, saving model to /gpfswork/rech/ynx/ulx23va/repo/wf-SEDs/more_stars/wf-outputs/chkp/more_stars_bis/chkp_callback_poly_more_stars_complex_model_4k_bis_3_cycle1
125/125 - 207s - loss: 1.7442e-06 - mean_squared_error: 2.0584e-06 - val_loss: 6.9504e-07 - val_mean_squared_error: 6.9504e-07 - 207s/epoch - 2s/step
Epoch 4/15

Epoch 00004: mean_squared_error improved from 0.00000 to 0.00000, saving model to /gpfswork/rech/ynx/ulx23va/repo/wf-SEDs/more_stars/wf-outputs/chkp/more_stars_bis/chkp_callback_poly_more_stars_complex_model_4k_bis_3_cycle1
125/125 - 208s - loss: 1.7102e-06 - mean_squared_error: 2.0220e-06 - val_loss: 6.8195e-07 - val_mean_squared_error: 6.8195e-07 - 208s/epoch - 2s/step
Epoch 5/15

Epoch 00005: mean_squared_error did not improve from 0.00000
125/125 - 208s - loss: 1.7281e-06 - mean_squared_error: 2.0383e-06 - val_loss: 7.1039e-07 - val_mean_squared_error: 7.1039e-07 - 208s/epoch - 2s/step
Epoch 6/15

Epoch 00006: mean_squared_error did not improve from 0.00000
125/125 - 206s - loss: 1.8010e-06 - mean_squared_error: 2.1047e-06 - val_loss: 8.8480e-07 - val_mean_squared_error: 8.8480e-07 - 206s/epoch - 2s/step
Epoch 7/15

Epoch 00007: mean_squared_error did not improve from 0.00000
125/125 - 208s - loss: 1.8518e-06 - mean_squared_error: 2.1488e-06 - val_loss: 7.2833e-07 - val_mean_squared_error: 7.2833e-07 - 208s/epoch - 2s/step
Epoch 8/15

Epoch 00008: mean_squared_error did not improve from 0.00000
125/125 - 205s - loss: 1.7650e-06 - mean_squared_error: 2.0655e-06 - val_loss: 6.4995e-07 - val_mean_squared_error: 6.4995e-07 - 205s/epoch - 2s/step
Epoch 9/15

Epoch 00009: mean_squared_error did not improve from 0.00000
125/125 - 208s - loss: 1.7372e-06 - mean_squared_error: 2.0410e-06 - val_loss: 6.8336e-07 - val_mean_squared_error: 6.8336e-07 - 208s/epoch - 2s/step
Epoch 10/15

Epoch 00010: mean_squared_error did not improve from 0.00000
125/125 - 206s - loss: 1.7613e-06 - mean_squared_error: 2.0681e-06 - val_loss: 7.0670e-07 - val_mean_squared_error: 7.0670e-07 - 206s/epoch - 2s/step
Epoch 11/15

Epoch 00011: mean_squared_error did not improve from 0.00000
125/125 - 206s - loss: 1.8128e-06 - mean_squared_error: 2.1132e-06 - val_loss: 7.3265e-07 - val_mean_squared_error: 7.3265e-07 - 206s/epoch - 2s/step
Epoch 12/15

Epoch 00012: mean_squared_error improved from 0.00000 to 0.00000, saving model to /gpfswork/rech/ynx/ulx23va/repo/wf-SEDs/more_stars/wf-outputs/chkp/more_stars_bis/chkp_callback_poly_more_stars_complex_model_4k_bis_3_cycle1
125/125 - 208s - loss: 1.6911e-06 - mean_squared_error: 1.9958e-06 - val_loss: 6.2739e-07 - val_mean_squared_error: 6.2739e-07 - 208s/epoch - 2s/step
Epoch 13/15

Epoch 00013: mean_squared_error did not improve from 0.00000
125/125 - 208s - loss: 1.9141e-06 - mean_squared_error: 2.2111e-06 - val_loss: 9.0251e-07 - val_mean_squared_error: 9.0251e-07 - 208s/epoch - 2s/step
Epoch 14/15

Epoch 00014: mean_squared_error did not improve from 0.00000
125/125 - 208s - loss: 1.7594e-06 - mean_squared_error: 2.0664e-06 - val_loss: 6.2022e-07 - val_mean_squared_error: 6.2022e-07 - 208s/epoch - 2s/step
Epoch 15/15

Epoch 00015: mean_squared_error did not improve from 0.00000
125/125 - 203s - loss: 1.8543e-06 - mean_squared_error: 2.1676e-06 - val_loss: 7.2427e-07 - val_mean_squared_error: 7.2427e-07 - 203s/epoch - 2s/step
Starting non-parametric update..
Epoch 1/100

Epoch 00001: mean_squared_error improved from 0.00000 to 0.00000, saving model to /gpfswork/rech/ynx/ulx23va/repo/wf-SEDs/more_stars/wf-outputs/chkp/more_stars_bis/chkp_callback_poly_more_stars_complex_model_4k_bis_3_cycle1
125/125 - 220s - loss: 1.4509e-06 - mean_squared_error: 1.8001e-06 - val_loss: 3.0933e-07 - val_mean_squared_error: 3.0933e-07 - 220s/epoch - 2s/step
Epoch 2/100

Epoch 00002: mean_squared_error improved from 0.00000 to 0.00000, saving model to /gpfswork/rech/ynx/ulx23va/repo/wf-SEDs/more_stars/wf-outputs/chkp/more_stars_bis/chkp_callback_poly_more_stars_complex_model_4k_bis_3_cycle1
125/125 - 220s - loss: 1.1812e-06 - mean_squared_error: 1.5769e-06 - val_loss: 1.8289e-07 - val_mean_squared_error: 1.8289e-07 - 220s/epoch - 2s/step
Epoch 3/100

Epoch 00003: mean_squared_error improved from 0.00000 to 0.00000, saving model to /gpfswork/rech/ynx/ulx23va/repo/wf-SEDs/more_stars/wf-outputs/chkp/more_stars_bis/chkp_callback_poly_more_stars_complex_model_4k_bis_3_cycle1
125/125 - 220s - loss: 1.0913e-06 - mean_squared_error: 1.4916e-06 - val_loss: 1.5006e-07 - val_mean_squared_error: 1.5006e-07 - 220s/epoch - 2s/step
Epoch 4/100

Epoch 00004: mean_squared_error improved from 0.00000 to 0.00000, saving model to /gpfswork/rech/ynx/ulx23va/repo/wf-SEDs/more_stars/wf-outputs/chkp/more_stars_bis/chkp_callback_poly_more_stars_complex_model_4k_bis_3_cycle1
125/125 - 221s - loss: 1.0504e-06 - mean_squared_error: 1.4513e-06 - val_loss: 8.0961e-08 - val_mean_squared_error: 8.0961e-08 - 221s/epoch - 2s/step
Epoch 5/100

Epoch 00005: mean_squared_error improved from 0.00000 to 0.00000, saving model to /gpfswork/rech/ynx/ulx23va/repo/wf-SEDs/more_stars/wf-outputs/chkp/more_stars_bis/chkp_callback_poly_more_stars_complex_model_4k_bis_3_cycle1
125/125 - 220s - loss: 1.0069e-06 - mean_squared_error: 1.4127e-06 - val_loss: 6.2911e-08 - val_mean_squared_error: 6.2911e-08 - 220s/epoch - 2s/step
Epoch 6/100

Epoch 00006: mean_squared_error improved from 0.00000 to 0.00000, saving model to /gpfswork/rech/ynx/ulx23va/repo/wf-SEDs/more_stars/wf-outputs/chkp/more_stars_bis/chkp_callback_poly_more_stars_complex_model_4k_bis_3_cycle1
125/125 - 220s - loss: 9.9256e-07 - mean_squared_error: 1.3988e-06 - val_loss: 5.1788e-08 - val_mean_squared_error: 5.1788e-08 - 220s/epoch - 2s/step
Epoch 7/100

Epoch 00007: mean_squared_error improved from 0.00000 to 0.00000, saving model to /gpfswork/rech/ynx/ulx23va/repo/wf-SEDs/more_stars/wf-outputs/chkp/more_stars_bis/chkp_callback_poly_more_stars_complex_model_4k_bis_3_cycle1
125/125 - 219s - loss: 9.8819e-07 - mean_squared_error: 1.3933e-06 - val_loss: 4.9561e-08 - val_mean_squared_error: 4.9561e-08 - 219s/epoch - 2s/step
Epoch 8/100

Epoch 00008: mean_squared_error improved from 0.00000 to 0.00000, saving model to /gpfswork/rech/ynx/ulx23va/repo/wf-SEDs/more_stars/wf-outputs/chkp/more_stars_bis/chkp_callback_poly_more_stars_complex_model_4k_bis_3_cycle1
125/125 - 220s - loss: 9.7906e-07 - mean_squared_error: 1.3852e-06 - val_loss: 3.5530e-08 - val_mean_squared_error: 3.5530e-08 - 220s/epoch - 2s/step
Epoch 9/100

Epoch 00009: mean_squared_error improved from 0.00000 to 0.00000, saving model to /gpfswork/rech/ynx/ulx23va/repo/wf-SEDs/more_stars/wf-outputs/chkp/more_stars_bis/chkp_callback_poly_more_stars_complex_model_4k_bis_3_cycle1
125/125 - 220s - loss: 9.7319e-07 - mean_squared_error: 1.3795e-06 - val_loss: 3.5029e-08 - val_mean_squared_error: 3.5029e-08 - 220s/epoch - 2s/step
Epoch 10/100

Epoch 00010: mean_squared_error did not improve from 0.00000
125/125 - 219s - loss: 9.8397e-07 - mean_squared_error: 1.3873e-06 - val_loss: 4.3644e-08 - val_mean_squared_error: 4.3644e-08 - 219s/epoch - 2s/step
Epoch 11/100

Epoch 00011: mean_squared_error did not improve from 0.00000
125/125 - 219s - loss: 9.8325e-07 - mean_squared_error: 1.3875e-06 - val_loss: 2.6278e-08 - val_mean_squared_error: 2.6278e-08 - 219s/epoch - 2s/step
Epoch 12/100

Epoch 00012: mean_squared_error improved from 0.00000 to 0.00000, saving model to /gpfswork/rech/ynx/ulx23va/repo/wf-SEDs/more_stars/wf-outputs/chkp/more_stars_bis/chkp_callback_poly_more_stars_complex_model_4k_bis_3_cycle1
125/125 - 219s - loss: 9.5998e-07 - mean_squared_error: 1.3680e-06 - val_loss: 2.1955e-08 - val_mean_squared_error: 2.1955e-08 - 219s/epoch - 2s/step
Epoch 13/100

Epoch 00013: mean_squared_error improved from 0.00000 to 0.00000, saving model to /gpfswork/rech/ynx/ulx23va/repo/wf-SEDs/more_stars/wf-outputs/chkp/more_stars_bis/chkp_callback_poly_more_stars_complex_model_4k_bis_3_cycle1
125/125 - 218s - loss: 9.5830e-07 - mean_squared_error: 1.3664e-06 - val_loss: 2.2730e-08 - val_mean_squared_error: 2.2730e-08 - 218s/epoch - 2s/step
Epoch 14/100

Epoch 00014: mean_squared_error improved from 0.00000 to 0.00000, saving model to /gpfswork/rech/ynx/ulx23va/repo/wf-SEDs/more_stars/wf-outputs/chkp/more_stars_bis/chkp_callback_poly_more_stars_complex_model_4k_bis_3_cycle1
125/125 - 218s - loss: 9.5655e-07 - mean_squared_error: 1.3645e-06 - val_loss: 1.8760e-08 - val_mean_squared_error: 1.8760e-08 - 218s/epoch - 2s/step
Epoch 15/100

Epoch 00015: mean_squared_error improved from 0.00000 to 0.00000, saving model to /gpfswork/rech/ynx/ulx23va/repo/wf-SEDs/more_stars/wf-outputs/chkp/more_stars_bis/chkp_callback_poly_more_stars_complex_model_4k_bis_3_cycle1
125/125 - 218s - loss: 9.5540e-07 - mean_squared_error: 1.3633e-06 - val_loss: 2.4889e-08 - val_mean_squared_error: 2.4889e-08 - 218s/epoch - 2s/step
Epoch 16/100

Epoch 00016: mean_squared_error improved from 0.00000 to 0.00000, saving model to /gpfswork/rech/ynx/ulx23va/repo/wf-SEDs/more_stars/wf-outputs/chkp/more_stars_bis/chkp_callback_poly_more_stars_complex_model_4k_bis_3_cycle1
125/125 - 218s - loss: 9.5234e-07 - mean_squared_error: 1.3608e-06 - val_loss: 1.7216e-08 - val_mean_squared_error: 1.7216e-08 - 218s/epoch - 2s/step
Epoch 17/100

Epoch 00017: mean_squared_error did not improve from 0.00000
125/125 - 218s - loss: 9.5420e-07 - mean_squared_error: 1.3617e-06 - val_loss: 2.5570e-08 - val_mean_squared_error: 2.5570e-08 - 218s/epoch - 2s/step
Epoch 18/100

Epoch 00018: mean_squared_error did not improve from 0.00000
125/125 - 218s - loss: 9.7446e-07 - mean_squared_error: 1.3813e-06 - val_loss: 1.9218e-08 - val_mean_squared_error: 1.9218e-08 - 218s/epoch - 2s/step
Epoch 19/100

Epoch 00019: mean_squared_error did not improve from 0.00000
125/125 - 218s - loss: 9.5557e-07 - mean_squared_error: 1.3635e-06 - val_loss: 1.8654e-08 - val_mean_squared_error: 1.8654e-08 - 218s/epoch - 2s/step
Epoch 20/100

Epoch 00020: mean_squared_error did not improve from 0.00000
125/125 - 218s - loss: 9.5691e-07 - mean_squared_error: 1.3642e-06 - val_loss: 2.5904e-08 - val_mean_squared_error: 2.5904e-08 - 218s/epoch - 2s/step
Epoch 21/100

Epoch 00021: mean_squared_error did not improve from 0.00000
125/125 - 218s - loss: 9.6685e-07 - mean_squared_error: 1.3710e-06 - val_loss: 3.2163e-08 - val_mean_squared_error: 3.2163e-08 - 218s/epoch - 2s/step
Epoch 22/100

Epoch 00022: mean_squared_error did not improve from 0.00000
125/125 - 219s - loss: 9.5394e-07 - mean_squared_error: 1.3617e-06 - val_loss: 1.2921e-08 - val_mean_squared_error: 1.2921e-08 - 219s/epoch - 2s/step
Epoch 23/100

Epoch 00023: mean_squared_error improved from 0.00000 to 0.00000, saving model to /gpfswork/rech/ynx/ulx23va/repo/wf-SEDs/more_stars/wf-outputs/chkp/more_stars_bis/chkp_callback_poly_more_stars_complex_model_4k_bis_3_cycle1
125/125 - 218s - loss: 9.5078e-07 - mean_squared_error: 1.3581e-06 - val_loss: 1.6028e-08 - val_mean_squared_error: 1.6028e-08 - 218s/epoch - 2s/step
Epoch 24/100

Epoch 00024: mean_squared_error improved from 0.00000 to 0.00000, saving model to /gpfswork/rech/ynx/ulx23va/repo/wf-SEDs/more_stars/wf-outputs/chkp/more_stars_bis/chkp_callback_poly_more_stars_complex_model_4k_bis_3_cycle1
125/125 - 218s - loss: 9.4792e-07 - mean_squared_error: 1.3564e-06 - val_loss: 1.1846e-08 - val_mean_squared_error: 1.1846e-08 - 218s/epoch - 2s/step
Epoch 25/100

Epoch 00025: mean_squared_error improved from 0.00000 to 0.00000, saving model to /gpfswork/rech/ynx/ulx23va/repo/wf-SEDs/more_stars/wf-outputs/chkp/more_stars_bis/chkp_callback_poly_more_stars_complex_model_4k_bis_3_cycle1
125/125 - 217s - loss: 9.4603e-07 - mean_squared_error: 1.3549e-06 - val_loss: 1.1148e-08 - val_mean_squared_error: 1.1148e-08 - 217s/epoch - 2s/step
Epoch 26/100

Epoch 00026: mean_squared_error did not improve from 0.00000
125/125 - 218s - loss: 9.5271e-07 - mean_squared_error: 1.3596e-06 - val_loss: 1.4240e-08 - val_mean_squared_error: 1.4240e-08 - 218s/epoch - 2s/step
Epoch 27/100

Epoch 00027: mean_squared_error improved from 0.00000 to 0.00000, saving model to /gpfswork/rech/ynx/ulx23va/repo/wf-SEDs/more_stars/wf-outputs/chkp/more_stars_bis/chkp_callback_poly_more_stars_complex_model_4k_bis_3_cycle1
125/125 - 219s - loss: 9.4628e-07 - mean_squared_error: 1.3547e-06 - val_loss: 1.2162e-08 - val_mean_squared_error: 1.2162e-08 - 219s/epoch - 2s/step
Epoch 28/100

Epoch 00028: mean_squared_error did not improve from 0.00000
125/125 - 219s - loss: 9.5136e-07 - mean_squared_error: 1.3593e-06 - val_loss: 1.7250e-08 - val_mean_squared_error: 1.7250e-08 - 219s/epoch - 2s/step
Epoch 29/100

Epoch 00029: mean_squared_error did not improve from 0.00000
125/125 - 218s - loss: 9.4613e-07 - mean_squared_error: 1.3550e-06 - val_loss: 1.0699e-08 - val_mean_squared_error: 1.0699e-08 - 218s/epoch - 2s/step
Epoch 30/100

Epoch 00030: mean_squared_error improved from 0.00000 to 0.00000, saving model to /gpfswork/rech/ynx/ulx23va/repo/wf-SEDs/more_stars/wf-outputs/chkp/more_stars_bis/chkp_callback_poly_more_stars_complex_model_4k_bis_3_cycle1
125/125 - 219s - loss: 9.4476e-07 - mean_squared_error: 1.3539e-06 - val_loss: 1.0405e-08 - val_mean_squared_error: 1.0405e-08 - 219s/epoch - 2s/step
Epoch 31/100

Epoch 00031: mean_squared_error did not improve from 0.00000
125/125 - 219s - loss: 9.5103e-07 - mean_squared_error: 1.3584e-06 - val_loss: 1.0783e-08 - val_mean_squared_error: 1.0783e-08 - 219s/epoch - 2s/step
Epoch 32/100

Epoch 00032: mean_squared_error improved from 0.00000 to 0.00000, saving model to /gpfswork/rech/ynx/ulx23va/repo/wf-SEDs/more_stars/wf-outputs/chkp/more_stars_bis/chkp_callback_poly_more_stars_complex_model_4k_bis_3_cycle1
125/125 - 219s - loss: 9.4470e-07 - mean_squared_error: 1.3535e-06 - val_loss: 9.9137e-09 - val_mean_squared_error: 9.9137e-09 - 219s/epoch - 2s/step
Epoch 33/100

Epoch 00033: mean_squared_error improved from 0.00000 to 0.00000, saving model to /gpfswork/rech/ynx/ulx23va/repo/wf-SEDs/more_stars/wf-outputs/chkp/more_stars_bis/chkp_callback_poly_more_stars_complex_model_4k_bis_3_cycle1
125/125 - 219s - loss: 9.4395e-07 - mean_squared_error: 1.3527e-06 - val_loss: 8.9187e-09 - val_mean_squared_error: 8.9187e-09 - 219s/epoch - 2s/step
Epoch 34/100

Epoch 00034: mean_squared_error improved from 0.00000 to 0.00000, saving model to /gpfswork/rech/ynx/ulx23va/repo/wf-SEDs/more_stars/wf-outputs/chkp/more_stars_bis/chkp_callback_poly_more_stars_complex_model_4k_bis_3_cycle1
125/125 - 218s - loss: 9.4341e-07 - mean_squared_error: 1.3524e-06 - val_loss: 8.5283e-09 - val_mean_squared_error: 8.5283e-09 - 218s/epoch - 2s/step
Epoch 35/100

Epoch 00035: mean_squared_error improved from 0.00000 to 0.00000, saving model to /gpfswork/rech/ynx/ulx23va/repo/wf-SEDs/more_stars/wf-outputs/chkp/more_stars_bis/chkp_callback_poly_more_stars_complex_model_4k_bis_3_cycle1
125/125 - 219s - loss: 9.4295e-07 - mean_squared_error: 1.3518e-06 - val_loss: 1.5721e-08 - val_mean_squared_error: 1.5721e-08 - 219s/epoch - 2s/step
Epoch 36/100

Epoch 00036: mean_squared_error did not improve from 0.00000
125/125 - 219s - loss: 9.4873e-07 - mean_squared_error: 1.3567e-06 - val_loss: 1.0248e-08 - val_mean_squared_error: 1.0248e-08 - 219s/epoch - 2s/step
Epoch 37/100

Epoch 00037: mean_squared_error did not improve from 0.00000
125/125 - 219s - loss: 9.4552e-07 - mean_squared_error: 1.3539e-06 - val_loss: 9.6848e-09 - val_mean_squared_error: 9.6848e-09 - 219s/epoch - 2s/step
Epoch 38/100

Epoch 00038: mean_squared_error did not improve from 0.00000
125/125 - 219s - loss: 9.4336e-07 - mean_squared_error: 1.3519e-06 - val_loss: 1.5218e-08 - val_mean_squared_error: 1.5218e-08 - 219s/epoch - 2s/step
Epoch 39/100

Epoch 00039: mean_squared_error did not improve from 0.00000
125/125 - 219s - loss: 9.4714e-07 - mean_squared_error: 1.3550e-06 - val_loss: 1.4563e-08 - val_mean_squared_error: 1.4563e-08 - 219s/epoch - 2s/step
Epoch 40/100

Epoch 00040: mean_squared_error did not improve from 0.00000
125/125 - 219s - loss: 9.4324e-07 - mean_squared_error: 1.3521e-06 - val_loss: 2.4910e-08 - val_mean_squared_error: 2.4910e-08 - 219s/epoch - 2s/step
Epoch 41/100

Epoch 00041: mean_squared_error did not improve from 0.00000
125/125 - 219s - loss: 9.4948e-07 - mean_squared_error: 1.3569e-06 - val_loss: 1.1786e-08 - val_mean_squared_error: 1.1786e-08 - 219s/epoch - 2s/step
Epoch 42/100

Epoch 00042: mean_squared_error improved from 0.00000 to 0.00000, saving model to /gpfswork/rech/ynx/ulx23va/repo/wf-SEDs/more_stars/wf-outputs/chkp/more_stars_bis/chkp_callback_poly_more_stars_complex_model_4k_bis_3_cycle1
125/125 - 218s - loss: 9.4330e-07 - mean_squared_error: 1.3516e-06 - val_loss: 7.7119e-09 - val_mean_squared_error: 7.7119e-09 - 218s/epoch - 2s/step
Epoch 43/100

Epoch 00043: mean_squared_error improved from 0.00000 to 0.00000, saving model to /gpfswork/rech/ynx/ulx23va/repo/wf-SEDs/more_stars/wf-outputs/chkp/more_stars_bis/chkp_callback_poly_more_stars_complex_model_4k_bis_3_cycle1
125/125 - 219s - loss: 9.4120e-07 - mean_squared_error: 1.3503e-06 - val_loss: 7.8298e-09 - val_mean_squared_error: 7.8298e-09 - 219s/epoch - 2s/step
Epoch 44/100

Epoch 00044: mean_squared_error improved from 0.00000 to 0.00000, saving model to /gpfswork/rech/ynx/ulx23va/repo/wf-SEDs/more_stars/wf-outputs/chkp/more_stars_bis/chkp_callback_poly_more_stars_complex_model_4k_bis_3_cycle1
125/125 - 219s - loss: 9.4108e-07 - mean_squared_error: 1.3501e-06 - val_loss: 9.2529e-09 - val_mean_squared_error: 9.2529e-09 - 219s/epoch - 2s/step
Epoch 45/100

Epoch 00045: mean_squared_error did not improve from 0.00000
125/125 - 219s - loss: 9.4497e-07 - mean_squared_error: 1.3529e-06 - val_loss: 9.7348e-09 - val_mean_squared_error: 9.7348e-09 - 219s/epoch - 2s/step
Epoch 46/100

Epoch 00046: mean_squared_error did not improve from 0.00000
125/125 - 220s - loss: 9.4539e-07 - mean_squared_error: 1.3539e-06 - val_loss: 7.9230e-09 - val_mean_squared_error: 7.9230e-09 - 220s/epoch - 2s/step
Epoch 47/100

Epoch 00047: mean_squared_error did not improve from 0.00000
125/125 - 219s - loss: 1.0000e-06 - mean_squared_error: 1.3921e-06 - val_loss: 2.1743e-08 - val_mean_squared_error: 2.1743e-08 - 219s/epoch - 2s/step
Epoch 48/100

Epoch 00048: mean_squared_error did not improve from 0.00000
125/125 - 219s - loss: 9.4964e-07 - mean_squared_error: 1.3565e-06 - val_loss: 2.3591e-08 - val_mean_squared_error: 2.3591e-08 - 219s/epoch - 2s/step
Epoch 49/100

Epoch 00049: mean_squared_error did not improve from 0.00000
125/125 - 218s - loss: 9.5104e-07 - mean_squared_error: 1.3571e-06 - val_loss: 4.3494e-08 - val_mean_squared_error: 4.3494e-08 - 218s/epoch - 2s/step
Epoch 50/100

Epoch 00050: mean_squared_error did not improve from 0.00000
125/125 - 219s - loss: 9.5444e-07 - mean_squared_error: 1.3587e-06 - val_loss: 8.1063e-09 - val_mean_squared_error: 8.1063e-09 - 219s/epoch - 2s/step
Epoch 51/100

Epoch 00051: mean_squared_error did not improve from 0.00000
125/125 - 219s - loss: 9.4706e-07 - mean_squared_error: 1.3541e-06 - val_loss: 8.0406e-09 - val_mean_squared_error: 8.0406e-09 - 219s/epoch - 2s/step
Epoch 52/100

Epoch 00052: mean_squared_error improved from 0.00000 to 0.00000, saving model to /gpfswork/rech/ynx/ulx23va/repo/wf-SEDs/more_stars/wf-outputs/chkp/more_stars_bis/chkp_callback_poly_more_stars_complex_model_4k_bis_3_cycle1
125/125 - 219s - loss: 9.4071e-07 - mean_squared_error: 1.3496e-06 - val_loss: 7.9110e-09 - val_mean_squared_error: 7.9110e-09 - 219s/epoch - 2s/step
Epoch 53/100

Epoch 00053: mean_squared_error did not improve from 0.00000
125/125 - 219s - loss: 9.4148e-07 - mean_squared_error: 1.3500e-06 - val_loss: 7.7192e-09 - val_mean_squared_error: 7.7192e-09 - 219s/epoch - 2s/step
Epoch 54/100

Epoch 00054: mean_squared_error did not improve from 0.00000
125/125 - 220s - loss: 9.4203e-07 - mean_squared_error: 1.3507e-06 - val_loss: 8.9606e-09 - val_mean_squared_error: 8.9606e-09 - 220s/epoch - 2s/step
Epoch 55/100

Epoch 00055: mean_squared_error did not improve from 0.00000
125/125 - 219s - loss: 9.4262e-07 - mean_squared_error: 1.3514e-06 - val_loss: 1.1514e-08 - val_mean_squared_error: 1.1514e-08 - 219s/epoch - 2s/step
Epoch 56/100

Epoch 00056: mean_squared_error did not improve from 0.00000
125/125 - 219s - loss: 9.4205e-07 - mean_squared_error: 1.3506e-06 - val_loss: 7.7723e-09 - val_mean_squared_error: 7.7723e-09 - 219s/epoch - 2s/step
Epoch 57/100

Epoch 00057: mean_squared_error improved from 0.00000 to 0.00000, saving model to /gpfswork/rech/ynx/ulx23va/repo/wf-SEDs/more_stars/wf-outputs/chkp/more_stars_bis/chkp_callback_poly_more_stars_complex_model_4k_bis_3_cycle1
125/125 - 219s - loss: 9.4032e-07 - mean_squared_error: 1.3494e-06 - val_loss: 1.0929e-08 - val_mean_squared_error: 1.0929e-08 - 219s/epoch - 2s/step
Epoch 58/100

Epoch 00058: mean_squared_error did not improve from 0.00000
125/125 - 218s - loss: 9.4498e-07 - mean_squared_error: 1.3528e-06 - val_loss: 1.2071e-08 - val_mean_squared_error: 1.2071e-08 - 218s/epoch - 2s/step
Epoch 59/100

Epoch 00059: mean_squared_error did not improve from 0.00000
125/125 - 219s - loss: 9.4772e-07 - mean_squared_error: 1.3550e-06 - val_loss: 9.3345e-09 - val_mean_squared_error: 9.3345e-09 - 219s/epoch - 2s/step
Epoch 60/100

Epoch 00060: mean_squared_error did not improve from 0.00000
125/125 - 218s - loss: 9.4090e-07 - mean_squared_error: 1.3496e-06 - val_loss: 7.4718e-09 - val_mean_squared_error: 7.4718e-09 - 218s/epoch - 2s/step
Epoch 61/100

Epoch 00061: mean_squared_error improved from 0.00000 to 0.00000, saving model to /gpfswork/rech/ynx/ulx23va/repo/wf-SEDs/more_stars/wf-outputs/chkp/more_stars_bis/chkp_callback_poly_more_stars_complex_model_4k_bis_3_cycle1
125/125 - 219s - loss: 9.4007e-07 - mean_squared_error: 1.3493e-06 - val_loss: 8.4054e-09 - val_mean_squared_error: 8.4054e-09 - 219s/epoch - 2s/step
Epoch 62/100

Epoch 00062: mean_squared_error did not improve from 0.00000
125/125 - 219s - loss: 9.4021e-07 - mean_squared_error: 1.3493e-06 - val_loss: 7.7759e-09 - val_mean_squared_error: 7.7759e-09 - 219s/epoch - 2s/step
Epoch 63/100

Epoch 00063: mean_squared_error improved from 0.00000 to 0.00000, saving model to /gpfswork/rech/ynx/ulx23va/repo/wf-SEDs/more_stars/wf-outputs/chkp/more_stars_bis/chkp_callback_poly_more_stars_complex_model_4k_bis_3_cycle1
125/125 - 219s - loss: 9.3945e-07 - mean_squared_error: 1.3487e-06 - val_loss: 6.7448e-09 - val_mean_squared_error: 6.7448e-09 - 219s/epoch - 2s/step
Epoch 64/100

Epoch 00064: mean_squared_error did not improve from 0.00000
125/125 - 219s - loss: 9.4021e-07 - mean_squared_error: 1.3491e-06 - val_loss: 1.0056e-08 - val_mean_squared_error: 1.0056e-08 - 219s/epoch - 2s/step
Epoch 65/100

Epoch 00065: mean_squared_error improved from 0.00000 to 0.00000, saving model to /gpfswork/rech/ynx/ulx23va/repo/wf-SEDs/more_stars/wf-outputs/chkp/more_stars_bis/chkp_callback_poly_more_stars_complex_model_4k_bis_3_cycle1
125/125 - 219s - loss: 9.3910e-07 - mean_squared_error: 1.3485e-06 - val_loss: 7.9607e-09 - val_mean_squared_error: 7.9607e-09 - 219s/epoch - 2s/step
Epoch 66/100

Epoch 00066: mean_squared_error improved from 0.00000 to 0.00000, saving model to /gpfswork/rech/ynx/ulx23va/repo/wf-SEDs/more_stars/wf-outputs/chkp/more_stars_bis/chkp_callback_poly_more_stars_complex_model_4k_bis_3_cycle1
125/125 - 219s - loss: 9.3863e-07 - mean_squared_error: 1.3480e-06 - val_loss: 6.7619e-09 - val_mean_squared_error: 6.7619e-09 - 219s/epoch - 2s/step
Epoch 67/100

Epoch 00067: mean_squared_error did not improve from 0.00000
125/125 - 219s - loss: 9.3859e-07 - mean_squared_error: 1.3480e-06 - val_loss: 7.0224e-09 - val_mean_squared_error: 7.0224e-09 - 219s/epoch - 2s/step
Epoch 68/100

Epoch 00068: mean_squared_error improved from 0.00000 to 0.00000, saving model to /gpfswork/rech/ynx/ulx23va/repo/wf-SEDs/more_stars/wf-outputs/chkp/more_stars_bis/chkp_callback_poly_more_stars_complex_model_4k_bis_3_cycle1
125/125 - 218s - loss: 9.3810e-07 - mean_squared_error: 1.3475e-06 - val_loss: 6.6729e-09 - val_mean_squared_error: 6.6729e-09 - 218s/epoch - 2s/step
Epoch 69/100

Epoch 00069: mean_squared_error did not improve from 0.00000
125/125 - 219s - loss: 9.3883e-07 - mean_squared_error: 1.3481e-06 - val_loss: 6.3852e-09 - val_mean_squared_error: 6.3852e-09 - 219s/epoch - 2s/step
Epoch 70/100

Epoch 00070: mean_squared_error did not improve from 0.00000
125/125 - 219s - loss: 9.3824e-07 - mean_squared_error: 1.3477e-06 - val_loss: 6.9034e-09 - val_mean_squared_error: 6.9034e-09 - 219s/epoch - 2s/step
Epoch 71/100

Epoch 00071: mean_squared_error did not improve from 0.00000
125/125 - 219s - loss: 9.3899e-07 - mean_squared_error: 1.3482e-06 - val_loss: 6.5219e-09 - val_mean_squared_error: 6.5219e-09 - 219s/epoch - 2s/step
Epoch 72/100

Epoch 00072: mean_squared_error did not improve from 0.00000
125/125 - 219s - loss: 9.4085e-07 - mean_squared_error: 1.3491e-06 - val_loss: 1.2898e-08 - val_mean_squared_error: 1.2898e-08 - 219s/epoch - 2s/step
Epoch 73/100

Epoch 00073: mean_squared_error did not improve from 0.00000
125/125 - 219s - loss: 9.4333e-07 - mean_squared_error: 1.3515e-06 - val_loss: 1.3111e-08 - val_mean_squared_error: 1.3111e-08 - 219s/epoch - 2s/step
Epoch 74/100

Epoch 00074: mean_squared_error did not improve from 0.00000
125/125 - 218s - loss: 9.4155e-07 - mean_squared_error: 1.3504e-06 - val_loss: 1.1321e-08 - val_mean_squared_error: 1.1321e-08 - 218s/epoch - 2s/step
Epoch 75/100

Epoch 00075: mean_squared_error did not improve from 0.00000
125/125 - 219s - loss: 9.4113e-07 - mean_squared_error: 1.3495e-06 - val_loss: 7.0861e-09 - val_mean_squared_error: 7.0861e-09 - 219s/epoch - 2s/step
Epoch 76/100

Epoch 00076: mean_squared_error did not improve from 0.00000
125/125 - 219s - loss: 9.3883e-07 - mean_squared_error: 1.3479e-06 - val_loss: 6.4292e-09 - val_mean_squared_error: 6.4292e-09 - 219s/epoch - 2s/step
Epoch 77/100

Epoch 00077: mean_squared_error did not improve from 0.00000
125/125 - 219s - loss: 9.3878e-07 - mean_squared_error: 1.3480e-06 - val_loss: 6.9523e-09 - val_mean_squared_error: 6.9523e-09 - 219s/epoch - 2s/step
Epoch 78/100

Epoch 00078: mean_squared_error improved from 0.00000 to 0.00000, saving model to /gpfswork/rech/ynx/ulx23va/repo/wf-SEDs/more_stars/wf-outputs/chkp/more_stars_bis/chkp_callback_poly_more_stars_complex_model_4k_bis_3_cycle1
125/125 - 219s - loss: 9.3805e-07 - mean_squared_error: 1.3474e-06 - val_loss: 6.0996e-09 - val_mean_squared_error: 6.0996e-09 - 219s/epoch - 2s/step
Epoch 79/100

Epoch 00079: mean_squared_error did not improve from 0.00000
125/125 - 219s - loss: 9.3841e-07 - mean_squared_error: 1.3477e-06 - val_loss: 6.2195e-09 - val_mean_squared_error: 6.2195e-09 - 219s/epoch - 2s/step
Epoch 80/100

Epoch 00080: mean_squared_error did not improve from 0.00000
125/125 - 219s - loss: 9.3807e-07 - mean_squared_error: 1.3475e-06 - val_loss: 7.3169e-09 - val_mean_squared_error: 7.3169e-09 - 219s/epoch - 2s/step
Epoch 81/100

Epoch 00081: mean_squared_error did not improve from 0.00000
125/125 - 219s - loss: 9.3812e-07 - mean_squared_error: 1.3477e-06 - val_loss: 7.8391e-09 - val_mean_squared_error: 7.8391e-09 - 219s/epoch - 2s/step
Epoch 82/100

Epoch 00082: mean_squared_error did not improve from 0.00000
125/125 - 218s - loss: 9.3838e-07 - mean_squared_error: 1.3477e-06 - val_loss: 6.4268e-09 - val_mean_squared_error: 6.4268e-09 - 218s/epoch - 2s/step
Epoch 83/100

Epoch 00083: mean_squared_error did not improve from 0.00000
125/125 - 219s - loss: 9.3820e-07 - mean_squared_error: 1.3476e-06 - val_loss: 5.5594e-09 - val_mean_squared_error: 5.5594e-09 - 219s/epoch - 2s/step
Epoch 84/100

Epoch 00084: mean_squared_error improved from 0.00000 to 0.00000, saving model to /gpfswork/rech/ynx/ulx23va/repo/wf-SEDs/more_stars/wf-outputs/chkp/more_stars_bis/chkp_callback_poly_more_stars_complex_model_4k_bis_3_cycle1
125/125 - 219s - loss: 9.3719e-07 - mean_squared_error: 1.3467e-06 - val_loss: 6.6199e-09 - val_mean_squared_error: 6.6199e-09 - 219s/epoch - 2s/step
Epoch 85/100

Epoch 00085: mean_squared_error did not improve from 0.00000
125/125 - 218s - loss: 9.4372e-07 - mean_squared_error: 1.3511e-06 - val_loss: 1.1711e-08 - val_mean_squared_error: 1.1711e-08 - 218s/epoch - 2s/step
Epoch 86/100

Epoch 00086: mean_squared_error did not improve from 0.00000
125/125 - 219s - loss: 9.3985e-07 - mean_squared_error: 1.3488e-06 - val_loss: 5.9971e-09 - val_mean_squared_error: 5.9971e-09 - 219s/epoch - 2s/step
Epoch 87/100

Epoch 00087: mean_squared_error did not improve from 0.00000
125/125 - 219s - loss: 9.4021e-07 - mean_squared_error: 1.3493e-06 - val_loss: 7.1028e-09 - val_mean_squared_error: 7.1028e-09 - 219s/epoch - 2s/step
Epoch 88/100

Epoch 00088: mean_squared_error did not improve from 0.00000
125/125 - 219s - loss: 9.3870e-07 - mean_squared_error: 1.3479e-06 - val_loss: 6.6387e-09 - val_mean_squared_error: 6.6387e-09 - 219s/epoch - 2s/step
Epoch 89/100

Epoch 00089: mean_squared_error did not improve from 0.00000
125/125 - 219s - loss: 9.3731e-07 - mean_squared_error: 1.3468e-06 - val_loss: 6.1306e-09 - val_mean_squared_error: 6.1306e-09 - 219s/epoch - 2s/step
Epoch 90/100

Epoch 00090: mean_squared_error did not improve from 0.00000
125/125 - 218s - loss: 9.3836e-07 - mean_squared_error: 1.3476e-06 - val_loss: 8.0099e-09 - val_mean_squared_error: 8.0099e-09 - 218s/epoch - 2s/step
Epoch 91/100

Epoch 00091: mean_squared_error did not improve from 0.00000
125/125 - 214s - loss: 9.3768e-07 - mean_squared_error: 1.3471e-06 - val_loss: 5.7754e-09 - val_mean_squared_error: 5.7754e-09 - 214s/epoch - 2s/step
Epoch 92/100

Epoch 00092: mean_squared_error improved from 0.00000 to 0.00000, saving model to /gpfswork/rech/ynx/ulx23va/repo/wf-SEDs/more_stars/wf-outputs/chkp/more_stars_bis/chkp_callback_poly_more_stars_complex_model_4k_bis_3_cycle1
125/125 - 217s - loss: 9.3706e-07 - mean_squared_error: 1.3465e-06 - val_loss: 8.1715e-09 - val_mean_squared_error: 8.1715e-09 - 217s/epoch - 2s/step
Epoch 93/100

Epoch 00093: mean_squared_error did not improve from 0.00000
125/125 - 217s - loss: 9.3707e-07 - mean_squared_error: 1.3466e-06 - val_loss: 5.5836e-09 - val_mean_squared_error: 5.5836e-09 - 217s/epoch - 2s/step
Epoch 94/100

Epoch 00094: mean_squared_error did not improve from 0.00000
125/125 - 217s - loss: 9.3765e-07 - mean_squared_error: 1.3471e-06 - val_loss: 7.0495e-09 - val_mean_squared_error: 7.0495e-09 - 217s/epoch - 2s/step
Epoch 95/100

Epoch 00095: mean_squared_error did not improve from 0.00000
125/125 - 217s - loss: 9.3809e-07 - mean_squared_error: 1.3475e-06 - val_loss: 6.9927e-09 - val_mean_squared_error: 6.9927e-09 - 217s/epoch - 2s/step
Epoch 96/100

Epoch 00096: mean_squared_error did not improve from 0.00000
125/125 - 217s - loss: 9.3799e-07 - mean_squared_error: 1.3473e-06 - val_loss: 7.2336e-09 - val_mean_squared_error: 7.2336e-09 - 217s/epoch - 2s/step
Epoch 97/100

Epoch 00097: mean_squared_error did not improve from 0.00000
125/125 - 217s - loss: 9.3904e-07 - mean_squared_error: 1.3483e-06 - val_loss: 6.9164e-09 - val_mean_squared_error: 6.9164e-09 - 217s/epoch - 2s/step
Epoch 98/100

Epoch 00098: mean_squared_error did not improve from 0.00000
125/125 - 216s - loss: 9.3743e-07 - mean_squared_error: 1.3469e-06 - val_loss: 5.8724e-09 - val_mean_squared_error: 5.8724e-09 - 216s/epoch - 2s/step
Epoch 99/100

Epoch 00099: mean_squared_error did not improve from 0.00000
125/125 - 219s - loss: 9.3797e-07 - mean_squared_error: 1.3473e-06 - val_loss: 7.8587e-09 - val_mean_squared_error: 7.8587e-09 - 219s/epoch - 2s/step
Epoch 100/100

Epoch 00100: mean_squared_error did not improve from 0.00000
125/125 - 222s - loss: 9.3853e-07 - mean_squared_error: 1.3477e-06 - val_loss: 6.6743e-09 - val_mean_squared_error: 6.6743e-09 - 222s/epoch - 2s/step
Cycle1 elapsed time: 24996.984143
Starting cycle 2..
Starting parametric update..
Epoch 1/15

Epoch 00001: mean_squared_error improved from inf to 0.00000, saving model to /gpfswork/rech/ynx/ulx23va/repo/wf-SEDs/more_stars/wf-outputs/chkp/more_stars_bis/chkp_callback_poly_more_stars_complex_model_4k_bis_3_cycle2
125/125 - 227s - loss: 9.3736e-07 - mean_squared_error: 1.3469e-06 - val_loss: 6.5342e-09 - val_mean_squared_error: 6.5342e-09 - 227s/epoch - 2s/step
Epoch 2/15

Epoch 00002: mean_squared_error did not improve from 0.00000
125/125 - 225s - loss: 9.4006e-07 - mean_squared_error: 1.3495e-06 - val_loss: 1.6029e-08 - val_mean_squared_error: 1.6029e-08 - 225s/epoch - 2s/step
Epoch 3/15

Epoch 00003: mean_squared_error did not improve from 0.00000
125/125 - 224s - loss: 9.4067e-07 - mean_squared_error: 1.3501e-06 - val_loss: 9.3244e-09 - val_mean_squared_error: 9.3244e-09 - 224s/epoch - 2s/step
Epoch 4/15

Epoch 00004: mean_squared_error did not improve from 0.00000
125/125 - 223s - loss: 9.4646e-07 - mean_squared_error: 1.3557e-06 - val_loss: 1.4246e-08 - val_mean_squared_error: 1.4246e-08 - 223s/epoch - 2s/step
Epoch 5/15

Epoch 00005: mean_squared_error did not improve from 0.00000
125/125 - 225s - loss: 9.4813e-07 - mean_squared_error: 1.3567e-06 - val_loss: 1.5291e-08 - val_mean_squared_error: 1.5291e-08 - 225s/epoch - 2s/step
Epoch 6/15

Epoch 00006: mean_squared_error did not improve from 0.00000
125/125 - 226s - loss: 9.4402e-07 - mean_squared_error: 1.3535e-06 - val_loss: 2.3142e-08 - val_mean_squared_error: 2.3142e-08 - 226s/epoch - 2s/step
Epoch 7/15

Epoch 00007: mean_squared_error did not improve from 0.00000
125/125 - 225s - loss: 9.5465e-07 - mean_squared_error: 1.3630e-06 - val_loss: 2.5963e-08 - val_mean_squared_error: 2.5963e-08 - 225s/epoch - 2s/step
Epoch 8/15

Epoch 00008: mean_squared_error did not improve from 0.00000
125/125 - 225s - loss: 9.4610e-07 - mean_squared_error: 1.3552e-06 - val_loss: 1.0541e-08 - val_mean_squared_error: 1.0541e-08 - 225s/epoch - 2s/step
Epoch 9/15

Epoch 00009: mean_squared_error did not improve from 0.00000
125/125 - 225s - loss: 1.0028e-06 - mean_squared_error: 1.4085e-06 - val_loss: 1.8790e-08 - val_mean_squared_error: 1.8790e-08 - 225s/epoch - 2s/step
Epoch 10/15

Epoch 00010: mean_squared_error did not improve from 0.00000
125/125 - 225s - loss: 9.4533e-07 - mean_squared_error: 1.3545e-06 - val_loss: 1.7250e-08 - val_mean_squared_error: 1.7250e-08 - 225s/epoch - 2s/step
Epoch 11/15

Epoch 00011: mean_squared_error did not improve from 0.00000
125/125 - 225s - loss: 9.4848e-07 - mean_squared_error: 1.3577e-06 - val_loss: 2.7506e-08 - val_mean_squared_error: 2.7506e-08 - 225s/epoch - 2s/step
Epoch 12/15

Epoch 00012: mean_squared_error did not improve from 0.00000
125/125 - 225s - loss: 9.5109e-07 - mean_squared_error: 1.3602e-06 - val_loss: 1.8393e-08 - val_mean_squared_error: 1.8393e-08 - 225s/epoch - 2s/step
Epoch 13/15

Epoch 00013: mean_squared_error did not improve from 0.00000
125/125 - 223s - loss: 9.9893e-07 - mean_squared_error: 1.4028e-06 - val_loss: 2.0697e-08 - val_mean_squared_error: 2.0697e-08 - 223s/epoch - 2s/step
Epoch 14/15

Epoch 00014: mean_squared_error did not improve from 0.00000
125/125 - 222s - loss: 9.5952e-07 - mean_squared_error: 1.3683e-06 - val_loss: 3.6507e-08 - val_mean_squared_error: 3.6507e-08 - 222s/epoch - 2s/step
Epoch 15/15

Epoch 00015: mean_squared_error did not improve from 0.00000
125/125 - 223s - loss: 9.5101e-07 - mean_squared_error: 1.3597e-06 - val_loss: 1.0758e-08 - val_mean_squared_error: 1.0758e-08 - 223s/epoch - 2s/step
Starting non-parametric update..
Epoch 1/50

Epoch 00001: mean_squared_error improved from 0.00000 to 0.00000, saving model to /gpfswork/rech/ynx/ulx23va/repo/wf-SEDs/more_stars/wf-outputs/chkp/more_stars_bis/chkp_callback_poly_more_stars_complex_model_4k_bis_3_cycle2
125/125 - 228s - loss: 9.3597e-07 - mean_squared_error: 1.3457e-06 - val_loss: 4.1845e-09 - val_mean_squared_error: 4.1845e-09 - 228s/epoch - 2s/step
Epoch 2/50

Epoch 00002: mean_squared_error improved from 0.00000 to 0.00000, saving model to /gpfswork/rech/ynx/ulx23va/repo/wf-SEDs/more_stars/wf-outputs/chkp/more_stars_bis/chkp_callback_poly_more_stars_complex_model_4k_bis_3_cycle2
125/125 - 224s - loss: 9.3445e-07 - mean_squared_error: 1.3443e-06 - val_loss: 4.1260e-09 - val_mean_squared_error: 4.1260e-09 - 224s/epoch - 2s/step
Epoch 3/50

Epoch 00003: mean_squared_error did not improve from 0.00000
125/125 - 224s - loss: 9.3451e-07 - mean_squared_error: 1.3443e-06 - val_loss: 4.1558e-09 - val_mean_squared_error: 4.1558e-09 - 224s/epoch - 2s/step
Epoch 4/50

Epoch 00004: mean_squared_error did not improve from 0.00000
125/125 - 224s - loss: 9.3449e-07 - mean_squared_error: 1.3443e-06 - val_loss: 4.0758e-09 - val_mean_squared_error: 4.0758e-09 - 224s/epoch - 2s/step
Epoch 5/50

Epoch 00005: mean_squared_error did not improve from 0.00000
125/125 - 224s - loss: 9.3456e-07 - mean_squared_error: 1.3444e-06 - val_loss: 4.3236e-09 - val_mean_squared_error: 4.3236e-09 - 224s/epoch - 2s/step
Epoch 6/50

Epoch 00006: mean_squared_error did not improve from 0.00000
125/125 - 224s - loss: 9.3455e-07 - mean_squared_error: 1.3444e-06 - val_loss: 4.2152e-09 - val_mean_squared_error: 4.2152e-09 - 224s/epoch - 2s/step
Epoch 7/50

Epoch 00007: mean_squared_error did not improve from 0.00000
125/125 - 225s - loss: 9.3462e-07 - mean_squared_error: 1.3444e-06 - val_loss: 4.2962e-09 - val_mean_squared_error: 4.2962e-09 - 225s/epoch - 2s/step
Epoch 8/50

Epoch 00008: mean_squared_error did not improve from 0.00000
125/125 - 225s - loss: 9.3461e-07 - mean_squared_error: 1.3444e-06 - val_loss: 4.0727e-09 - val_mean_squared_error: 4.0727e-09 - 225s/epoch - 2s/step
Epoch 9/50

Epoch 00009: mean_squared_error did not improve from 0.00000
125/125 - 225s - loss: 9.3461e-07 - mean_squared_error: 1.3444e-06 - val_loss: 4.2231e-09 - val_mean_squared_error: 4.2231e-09 - 225s/epoch - 2s/step
Epoch 10/50

Epoch 00010: mean_squared_error did not improve from 0.00000
125/125 - 225s - loss: 9.3478e-07 - mean_squared_error: 1.3445e-06 - val_loss: 4.4659e-09 - val_mean_squared_error: 4.4659e-09 - 225s/epoch - 2s/step
Epoch 11/50

Epoch 00011: mean_squared_error did not improve from 0.00000
125/125 - 224s - loss: 9.3470e-07 - mean_squared_error: 1.3445e-06 - val_loss: 4.2663e-09 - val_mean_squared_error: 4.2663e-09 - 224s/epoch - 2s/step
Epoch 12/50

Epoch 00012: mean_squared_error did not improve from 0.00000
125/125 - 224s - loss: 9.3461e-07 - mean_squared_error: 1.3444e-06 - val_loss: 4.2940e-09 - val_mean_squared_error: 4.2940e-09 - 224s/epoch - 2s/step
Epoch 13/50

Epoch 00013: mean_squared_error did not improve from 0.00000
125/125 - 224s - loss: 9.3473e-07 - mean_squared_error: 1.3445e-06 - val_loss: 4.2176e-09 - val_mean_squared_error: 4.2176e-09 - 224s/epoch - 2s/step
Epoch 14/50

Epoch 00014: mean_squared_error did not improve from 0.00000
125/125 - 225s - loss: 9.3463e-07 - mean_squared_error: 1.3444e-06 - val_loss: 4.1212e-09 - val_mean_squared_error: 4.1212e-09 - 225s/epoch - 2s/step
Epoch 15/50

Epoch 00015: mean_squared_error did not improve from 0.00000
125/125 - 224s - loss: 9.3459e-07 - mean_squared_error: 1.3444e-06 - val_loss: 4.4479e-09 - val_mean_squared_error: 4.4479e-09 - 224s/epoch - 2s/step
Epoch 16/50

Epoch 00016: mean_squared_error did not improve from 0.00000
125/125 - 224s - loss: 9.3483e-07 - mean_squared_error: 1.3446e-06 - val_loss: 4.5605e-09 - val_mean_squared_error: 4.5605e-09 - 224s/epoch - 2s/step
Epoch 17/50

Epoch 00017: mean_squared_error did not improve from 0.00000
125/125 - 225s - loss: 9.3474e-07 - mean_squared_error: 1.3445e-06 - val_loss: 4.2706e-09 - val_mean_squared_error: 4.2706e-09 - 225s/epoch - 2s/step
Epoch 18/50

Epoch 00018: mean_squared_error did not improve from 0.00000
125/125 - 225s - loss: 9.3493e-07 - mean_squared_error: 1.3447e-06 - val_loss: 4.4539e-09 - val_mean_squared_error: 4.4539e-09 - 225s/epoch - 2s/step
Epoch 19/50

Epoch 00019: mean_squared_error did not improve from 0.00000
125/125 - 224s - loss: 9.3470e-07 - mean_squared_error: 1.3445e-06 - val_loss: 4.5104e-09 - val_mean_squared_error: 4.5104e-09 - 224s/epoch - 2s/step
Epoch 20/50

Epoch 00020: mean_squared_error did not improve from 0.00000
125/125 - 223s - loss: 9.3468e-07 - mean_squared_error: 1.3445e-06 - val_loss: 4.4851e-09 - val_mean_squared_error: 4.4851e-09 - 223s/epoch - 2s/step
Epoch 21/50

Epoch 00021: mean_squared_error did not improve from 0.00000
125/125 - 224s - loss: 9.3472e-07 - mean_squared_error: 1.3445e-06 - val_loss: 4.6662e-09 - val_mean_squared_error: 4.6662e-09 - 224s/epoch - 2s/step
Epoch 22/50

Epoch 00022: mean_squared_error did not improve from 0.00000
125/125 - 225s - loss: 9.3482e-07 - mean_squared_error: 1.3446e-06 - val_loss: 4.3111e-09 - val_mean_squared_error: 4.3111e-09 - 225s/epoch - 2s/step
Epoch 23/50

Epoch 00023: mean_squared_error did not improve from 0.00000
125/125 - 225s - loss: 9.3503e-07 - mean_squared_error: 1.3447e-06 - val_loss: 4.9256e-09 - val_mean_squared_error: 4.9256e-09 - 225s/epoch - 2s/step
Epoch 24/50

Epoch 00024: mean_squared_error did not improve from 0.00000
125/125 - 225s - loss: 9.3478e-07 - mean_squared_error: 1.3446e-06 - val_loss: 4.1575e-09 - val_mean_squared_error: 4.1575e-09 - 225s/epoch - 2s/step
Epoch 25/50

Epoch 00025: mean_squared_error did not improve from 0.00000
125/125 - 225s - loss: 9.3470e-07 - mean_squared_error: 1.3445e-06 - val_loss: 4.7755e-09 - val_mean_squared_error: 4.7755e-09 - 225s/epoch - 2s/step
Epoch 26/50

Epoch 00026: mean_squared_error did not improve from 0.00000
125/125 - 224s - loss: 9.3466e-07 - mean_squared_error: 1.3445e-06 - val_loss: 4.2291e-09 - val_mean_squared_error: 4.2291e-09 - 224s/epoch - 2s/step
Epoch 27/50

Epoch 00027: mean_squared_error did not improve from 0.00000
125/125 - 224s - loss: 9.3467e-07 - mean_squared_error: 1.3444e-06 - val_loss: 4.5188e-09 - val_mean_squared_error: 4.5188e-09 - 224s/epoch - 2s/step
Epoch 28/50

Epoch 00028: mean_squared_error did not improve from 0.00000
125/125 - 223s - loss: 9.3496e-07 - mean_squared_error: 1.3447e-06 - val_loss: 4.3117e-09 - val_mean_squared_error: 4.3117e-09 - 223s/epoch - 2s/step
Epoch 29/50

Epoch 00029: mean_squared_error did not improve from 0.00000
125/125 - 225s - loss: 9.3494e-07 - mean_squared_error: 1.3447e-06 - val_loss: 4.3349e-09 - val_mean_squared_error: 4.3349e-09 - 225s/epoch - 2s/step
Epoch 30/50

Epoch 00030: mean_squared_error did not improve from 0.00000
125/125 - 224s - loss: 9.3455e-07 - mean_squared_error: 1.3444e-06 - val_loss: 4.3871e-09 - val_mean_squared_error: 4.3871e-09 - 224s/epoch - 2s/step
Epoch 31/50

Epoch 00031: mean_squared_error did not improve from 0.00000
125/125 - 225s - loss: 9.3515e-07 - mean_squared_error: 1.3448e-06 - val_loss: 4.2761e-09 - val_mean_squared_error: 4.2761e-09 - 225s/epoch - 2s/step
Epoch 32/50

Epoch 00032: mean_squared_error did not improve from 0.00000
125/125 - 224s - loss: 9.3473e-07 - mean_squared_error: 1.3444e-06 - val_loss: 4.7720e-09 - val_mean_squared_error: 4.7720e-09 - 224s/epoch - 2s/step
Epoch 33/50

Epoch 00033: mean_squared_error did not improve from 0.00000
125/125 - 225s - loss: 9.3461e-07 - mean_squared_error: 1.3444e-06 - val_loss: 4.8610e-09 - val_mean_squared_error: 4.8610e-09 - 225s/epoch - 2s/step
Epoch 34/50

Epoch 00034: mean_squared_error did not improve from 0.00000
125/125 - 212s - loss: 9.3488e-07 - mean_squared_error: 1.3447e-06 - val_loss: 5.4854e-09 - val_mean_squared_error: 5.4854e-09 - 212s/epoch - 2s/step
Epoch 35/50

Epoch 00035: mean_squared_error did not improve from 0.00000
125/125 - 185s - loss: 9.3503e-07 - mean_squared_error: 1.3447e-06 - val_loss: 4.5846e-09 - val_mean_squared_error: 4.5846e-09 - 185s/epoch - 1s/step
Epoch 36/50

Epoch 00036: mean_squared_error did not improve from 0.00000
125/125 - 188s - loss: 9.3462e-07 - mean_squared_error: 1.3443e-06 - val_loss: 4.7628e-09 - val_mean_squared_error: 4.7628e-09 - 188s/epoch - 2s/step
Epoch 37/50

Epoch 00037: mean_squared_error did not improve from 0.00000
125/125 - 186s - loss: 9.3484e-07 - mean_squared_error: 1.3445e-06 - val_loss: 5.0764e-09 - val_mean_squared_error: 5.0764e-09 - 186s/epoch - 1s/step
Epoch 38/50

Epoch 00038: mean_squared_error did not improve from 0.00000
125/125 - 186s - loss: 9.3458e-07 - mean_squared_error: 1.3443e-06 - val_loss: 4.1524e-09 - val_mean_squared_error: 4.1524e-09 - 186s/epoch - 1s/step
Epoch 39/50

Epoch 00039: mean_squared_error improved from 0.00000 to 0.00000, saving model to /gpfswork/rech/ynx/ulx23va/repo/wf-SEDs/more_stars/wf-outputs/chkp/more_stars_bis/chkp_callback_poly_more_stars_complex_model_4k_bis_3_cycle2
125/125 - 192s - loss: 9.3440e-07 - mean_squared_error: 1.3442e-06 - val_loss: 4.3436e-09 - val_mean_squared_error: 4.3436e-09 - 192s/epoch - 2s/step
Epoch 40/50

Epoch 00040: mean_squared_error did not improve from 0.00000
125/125 - 186s - loss: 9.3490e-07 - mean_squared_error: 1.3446e-06 - val_loss: 4.9223e-09 - val_mean_squared_error: 4.9223e-09 - 186s/epoch - 1s/step
Epoch 41/50

Epoch 00041: mean_squared_error did not improve from 0.00000
125/125 - 188s - loss: 9.3488e-07 - mean_squared_error: 1.3446e-06 - val_loss: 4.5876e-09 - val_mean_squared_error: 4.5876e-09 - 188s/epoch - 2s/step
Epoch 42/50

Epoch 00042: mean_squared_error did not improve from 0.00000
125/125 - 154s - loss: 9.3463e-07 - mean_squared_error: 1.3444e-06 - val_loss: 4.7185e-09 - val_mean_squared_error: 4.7185e-09 - 154s/epoch - 1s/step
Epoch 43/50

Epoch 00043: mean_squared_error did not improve from 0.00000
125/125 - 181s - loss: 9.3463e-07 - mean_squared_error: 1.3444e-06 - val_loss: 5.0611e-09 - val_mean_squared_error: 5.0611e-09 - 181s/epoch - 1s/step
Epoch 44/50

Epoch 00044: mean_squared_error did not improve from 0.00000
125/125 - 168s - loss: 9.3449e-07 - mean_squared_error: 1.3443e-06 - val_loss: 4.4106e-09 - val_mean_squared_error: 4.4106e-09 - 168s/epoch - 1s/step
Epoch 45/50

Epoch 00045: mean_squared_error did not improve from 0.00000
125/125 - 154s - loss: 9.3450e-07 - mean_squared_error: 1.3442e-06 - val_loss: 4.4270e-09 - val_mean_squared_error: 4.4270e-09 - 154s/epoch - 1s/step
Epoch 46/50

Epoch 00046: mean_squared_error did not improve from 0.00000
125/125 - 157s - loss: 9.3493e-07 - mean_squared_error: 1.3447e-06 - val_loss: 5.4814e-09 - val_mean_squared_error: 5.4814e-09 - 157s/epoch - 1s/step
Epoch 47/50

Epoch 00047: mean_squared_error did not improve from 0.00000
125/125 - 160s - loss: 9.3505e-07 - mean_squared_error: 1.3447e-06 - val_loss: 4.8705e-09 - val_mean_squared_error: 4.8705e-09 - 160s/epoch - 1s/step
Epoch 48/50

Epoch 00048: mean_squared_error did not improve from 0.00000
125/125 - 145s - loss: 9.3464e-07 - mean_squared_error: 1.3444e-06 - val_loss: 4.7162e-09 - val_mean_squared_error: 4.7162e-09 - 145s/epoch - 1s/step
Epoch 49/50

Epoch 00049: mean_squared_error improved from 0.00000 to 0.00000, saving model to /gpfswork/rech/ynx/ulx23va/repo/wf-SEDs/more_stars/wf-outputs/chkp/more_stars_bis/chkp_callback_poly_more_stars_complex_model_4k_bis_3_cycle2
125/125 - 143s - loss: 9.3433e-07 - mean_squared_error: 1.3441e-06 - val_loss: 4.5410e-09 - val_mean_squared_error: 4.5410e-09 - 143s/epoch - 1s/step
Epoch 50/50

Epoch 00050: mean_squared_error did not improve from 0.00000
125/125 - 141s - loss: 9.3483e-07 - mean_squared_error: 1.3445e-06 - val_loss: 4.8568e-09 - val_mean_squared_error: 4.8568e-09 - 141s/epoch - 1s/step
Cycle2 elapsed time: 13715.552469

Total elapsed time: 38719.629654

 Good bye..
