Starting the log file.
Found GPU at: /device:GPU:0
tf_version: 2.7.0
Dataset parameters:
{'d_max': 2, 'max_order': 45, 'x_lims': [0, 1000.0], 'y_lims': [0, 1000.0], 'grid_points': [4, 4], 'n_bins': 8, 'max_wfe_rms': 0.1, 'oversampling_rate': 3.0, 'output_Q': 3.0, 'output_dim': 32, 'LP_filter_length': 2, 'pupil_diameter': 128, 'euclid_obsc': True, 'n_stars': 6000}

***
Metric evaluation on the test dataset
***

Absolute RMSE:	 1.2116e-04 	 +/- 1.8703e-05
Relative RMSE:	 1.6325e+00 % 	 +/- 3.3201e-01 %
Absolute RMSE:	 1.8308e-01 	 +/- 2.4491e-02
Relative RMSE:	 2.4241e+02 % 	 +/- 2.7376e+01 %

Pixel star absolute RMSE:	 7.1324e-05 	 +/- 1.7132e-05 
Pixel star relative RMSE:	 4.7031e+00 % 	 +/- 1.3888e+00 %

sigma(e1) RMSE =		 1.2462e-02 	 +/- 1.0617e-02 
sigma(e2) RMSE =		 6.8916e-03 	 +/- 5.3680e-03 
sigma(R2)/<R2> =		 2.4906e-01 	 +/- 2.0269e-01 

Relative sigma(e1) RMSE =	 3.2823e+03 % 	 +/- 3.2799e+03 %
Relative sigma(e2) RMSE =	 1.8405e+03 % 	 +/- 1.8400e+03 %

Total number of stars: 		2000
Problematic number of stars: 	0

***
Metric evaluation on the train dataset
***

Absolute RMSE:	 1.2144e-04 	 +/- 1.7595e-05
Relative RMSE:	 1.6328e+00 % 	 +/- 3.1491e-01 %
Absolute RMSE:	 1.8196e-01 	 +/- 2.4674e-02
Relative RMSE:	 2.4195e+02 % 	 +/- 2.6850e+01 %

Pixel star absolute RMSE:	 7.1192e-05 	 +/- 1.7379e-05 
Pixel star relative RMSE:	 4.6791e+00 % 	 +/- 1.3963e+00 %

sigma(e1) RMSE =		 1.1994e-02 	 +/- 1.0239e-02 
sigma(e2) RMSE =		 6.9470e-03 	 +/- 5.5368e-03 
sigma(R2)/<R2> =		 1.3234e-01 	 +/- 1.1454e-01 

Relative sigma(e1) RMSE =	 2.7010e+03 % 	 +/- 2.6997e+03 %
Relative sigma(e2) RMSE =	 1.3016e+03 % 	 +/- 1.3016e+03 %

Total number of stars: 		6000
Problematic number of stars: 	1

Total elapsed time: 6629.733415

 Good bye..
