Starting the log file.
Found GPU at: /device:GPU:0
tf_version: 2.7.0
Zernike cube:
(15, 128, 128)
Dataset parameters:
{'d_max': 2, 'max_order': 45, 'x_lims': [0, 1000.0], 'y_lims': [0, 1000.0], 'grid_points': [4, 4], 'n_bins': 8, 'max_wfe_rms': 0.1, 'oversampling_rate': 3.0, 'output_Q': 3.0, 'output_dim': 32, 'LP_filter_length': 2, 'pupil_diameter': 128, 'euclid_obsc': True, 'n_stars': 1000}
Starting cycle 1..
Starting parametric update..
Epoch 1/15

Epoch 00001: mean_squared_error improved from inf to 0.00001, saving model to /gpfswork/rech/ynx/ulx23va/repo/wf-SEDs/more_stars/wf-outputs/chkp/more_stars_bis/chkp_callback_poly_more_stars_complex_model_1k_bis_2_cycle1
32/32 - 64s - loss: 1.2307e-05 - mean_squared_error: 1.1344e-05 - val_loss: 4.4311e-06 - val_mean_squared_error: 4.4311e-06 - 64s/epoch - 2s/step
Epoch 2/15

Epoch 00002: mean_squared_error improved from 0.00001 to 0.00000, saving model to /gpfswork/rech/ynx/ulx23va/repo/wf-SEDs/more_stars/wf-outputs/chkp/more_stars_bis/chkp_callback_poly_more_stars_complex_model_1k_bis_2_cycle1
32/32 - 58s - loss: 3.8034e-06 - mean_squared_error: 4.0005e-06 - val_loss: 1.9820e-06 - val_mean_squared_error: 1.9820e-06 - 58s/epoch - 2s/step
Epoch 3/15

Epoch 00003: mean_squared_error improved from 0.00000 to 0.00000, saving model to /gpfswork/rech/ynx/ulx23va/repo/wf-SEDs/more_stars/wf-outputs/chkp/more_stars_bis/chkp_callback_poly_more_stars_complex_model_1k_bis_2_cycle1
32/32 - 59s - loss: 2.7478e-06 - mean_squared_error: 2.9960e-06 - val_loss: 1.4410e-06 - val_mean_squared_error: 1.4410e-06 - 59s/epoch - 2s/step
Epoch 4/15

Epoch 00004: mean_squared_error improved from 0.00000 to 0.00000, saving model to /gpfswork/rech/ynx/ulx23va/repo/wf-SEDs/more_stars/wf-outputs/chkp/more_stars_bis/chkp_callback_poly_more_stars_complex_model_1k_bis_2_cycle1
32/32 - 59s - loss: 2.3628e-06 - mean_squared_error: 2.6390e-06 - val_loss: 1.1572e-06 - val_mean_squared_error: 1.1572e-06 - 59s/epoch - 2s/step
Epoch 5/15

Epoch 00005: mean_squared_error improved from 0.00000 to 0.00000, saving model to /gpfswork/rech/ynx/ulx23va/repo/wf-SEDs/more_stars/wf-outputs/chkp/more_stars_bis/chkp_callback_poly_more_stars_complex_model_1k_bis_2_cycle1
32/32 - 59s - loss: 2.1742e-06 - mean_squared_error: 2.4519e-06 - val_loss: 1.0094e-06 - val_mean_squared_error: 1.0094e-06 - 59s/epoch - 2s/step
Epoch 6/15

Epoch 00006: mean_squared_error improved from 0.00000 to 0.00000, saving model to /gpfswork/rech/ynx/ulx23va/repo/wf-SEDs/more_stars/wf-outputs/chkp/more_stars_bis/chkp_callback_poly_more_stars_complex_model_1k_bis_2_cycle1
32/32 - 58s - loss: 2.0379e-06 - mean_squared_error: 2.3402e-06 - val_loss: 9.6927e-07 - val_mean_squared_error: 9.6927e-07 - 58s/epoch - 2s/step
Epoch 7/15

Epoch 00007: mean_squared_error improved from 0.00000 to 0.00000, saving model to /gpfswork/rech/ynx/ulx23va/repo/wf-SEDs/more_stars/wf-outputs/chkp/more_stars_bis/chkp_callback_poly_more_stars_complex_model_1k_bis_2_cycle1
32/32 - 58s - loss: 1.9943e-06 - mean_squared_error: 2.2964e-06 - val_loss: 9.5952e-07 - val_mean_squared_error: 9.5952e-07 - 58s/epoch - 2s/step
Epoch 8/15

Epoch 00008: mean_squared_error improved from 0.00000 to 0.00000, saving model to /gpfswork/rech/ynx/ulx23va/repo/wf-SEDs/more_stars/wf-outputs/chkp/more_stars_bis/chkp_callback_poly_more_stars_complex_model_1k_bis_2_cycle1
32/32 - 58s - loss: 1.9779e-06 - mean_squared_error: 2.2833e-06 - val_loss: 9.6468e-07 - val_mean_squared_error: 9.6468e-07 - 58s/epoch - 2s/step
Epoch 9/15

Epoch 00009: mean_squared_error improved from 0.00000 to 0.00000, saving model to /gpfswork/rech/ynx/ulx23va/repo/wf-SEDs/more_stars/wf-outputs/chkp/more_stars_bis/chkp_callback_poly_more_stars_complex_model_1k_bis_2_cycle1
32/32 - 58s - loss: 1.9535e-06 - mean_squared_error: 2.2628e-06 - val_loss: 9.3942e-07 - val_mean_squared_error: 9.3942e-07 - 58s/epoch - 2s/step
Epoch 10/15

Epoch 00010: mean_squared_error did not improve from 0.00000
32/32 - 58s - loss: 1.9619e-06 - mean_squared_error: 2.2673e-06 - val_loss: 9.0887e-07 - val_mean_squared_error: 9.0887e-07 - 58s/epoch - 2s/step
Epoch 11/15

Epoch 00011: mean_squared_error improved from 0.00000 to 0.00000, saving model to /gpfswork/rech/ynx/ulx23va/repo/wf-SEDs/more_stars/wf-outputs/chkp/more_stars_bis/chkp_callback_poly_more_stars_complex_model_1k_bis_2_cycle1
32/32 - 58s - loss: 1.9302e-06 - mean_squared_error: 2.2450e-06 - val_loss: 8.9481e-07 - val_mean_squared_error: 8.9481e-07 - 58s/epoch - 2s/step
Epoch 12/15

Epoch 00012: mean_squared_error improved from 0.00000 to 0.00000, saving model to /gpfswork/rech/ynx/ulx23va/repo/wf-SEDs/more_stars/wf-outputs/chkp/more_stars_bis/chkp_callback_poly_more_stars_complex_model_1k_bis_2_cycle1
32/32 - 58s - loss: 1.8970e-06 - mean_squared_error: 2.2042e-06 - val_loss: 8.6626e-07 - val_mean_squared_error: 8.6626e-07 - 58s/epoch - 2s/step
Epoch 13/15

Epoch 00013: mean_squared_error did not improve from 0.00000
32/32 - 58s - loss: 1.9111e-06 - mean_squared_error: 2.2146e-06 - val_loss: 9.3158e-07 - val_mean_squared_error: 9.3158e-07 - 58s/epoch - 2s/step
Epoch 14/15

Epoch 00014: mean_squared_error improved from 0.00000 to 0.00000, saving model to /gpfswork/rech/ynx/ulx23va/repo/wf-SEDs/more_stars/wf-outputs/chkp/more_stars_bis/chkp_callback_poly_more_stars_complex_model_1k_bis_2_cycle1
32/32 - 58s - loss: 1.8874e-06 - mean_squared_error: 2.1997e-06 - val_loss: 9.4177e-07 - val_mean_squared_error: 9.4177e-07 - 58s/epoch - 2s/step
Epoch 15/15

Epoch 00015: mean_squared_error improved from 0.00000 to 0.00000, saving model to /gpfswork/rech/ynx/ulx23va/repo/wf-SEDs/more_stars/wf-outputs/chkp/more_stars_bis/chkp_callback_poly_more_stars_complex_model_1k_bis_2_cycle1
32/32 - 58s - loss: 1.8730e-06 - mean_squared_error: 2.1909e-06 - val_loss: 8.8897e-07 - val_mean_squared_error: 8.8897e-07 - 58s/epoch - 2s/step
Starting non-parametric update..
Epoch 1/100

Epoch 00001: mean_squared_error improved from 0.00000 to 0.00000, saving model to /gpfswork/rech/ynx/ulx23va/repo/wf-SEDs/more_stars/wf-outputs/chkp/more_stars_bis/chkp_callback_poly_more_stars_complex_model_1k_bis_2_cycle1
32/32 - 64s - loss: 1.8558e-06 - mean_squared_error: 2.1453e-06 - val_loss: 7.2699e-07 - val_mean_squared_error: 7.2699e-07 - 64s/epoch - 2s/step
Epoch 2/100

Epoch 00002: mean_squared_error improved from 0.00000 to 0.00000, saving model to /gpfswork/rech/ynx/ulx23va/repo/wf-SEDs/more_stars/wf-outputs/chkp/more_stars_bis/chkp_callback_poly_more_stars_complex_model_1k_bis_2_cycle1
32/32 - 61s - loss: 1.6349e-06 - mean_squared_error: 1.9815e-06 - val_loss: 5.8189e-07 - val_mean_squared_error: 5.8189e-07 - 61s/epoch - 2s/step
Epoch 3/100

Epoch 00003: mean_squared_error improved from 0.00000 to 0.00000, saving model to /gpfswork/rech/ynx/ulx23va/repo/wf-SEDs/more_stars/wf-outputs/chkp/more_stars_bis/chkp_callback_poly_more_stars_complex_model_1k_bis_2_cycle1
32/32 - 61s - loss: 1.4758e-06 - mean_squared_error: 1.8377e-06 - val_loss: 4.4875e-07 - val_mean_squared_error: 4.4875e-07 - 61s/epoch - 2s/step
Epoch 4/100

Epoch 00004: mean_squared_error improved from 0.00000 to 0.00000, saving model to /gpfswork/rech/ynx/ulx23va/repo/wf-SEDs/more_stars/wf-outputs/chkp/more_stars_bis/chkp_callback_poly_more_stars_complex_model_1k_bis_2_cycle1
32/32 - 61s - loss: 1.3551e-06 - mean_squared_error: 1.7227e-06 - val_loss: 3.5512e-07 - val_mean_squared_error: 3.5512e-07 - 61s/epoch - 2s/step
Epoch 5/100

Epoch 00005: mean_squared_error improved from 0.00000 to 0.00000, saving model to /gpfswork/rech/ynx/ulx23va/repo/wf-SEDs/more_stars/wf-outputs/chkp/more_stars_bis/chkp_callback_poly_more_stars_complex_model_1k_bis_2_cycle1
32/32 - 62s - loss: 1.2721e-06 - mean_squared_error: 1.6478e-06 - val_loss: 2.9049e-07 - val_mean_squared_error: 2.9049e-07 - 62s/epoch - 2s/step
Epoch 6/100

Epoch 00006: mean_squared_error improved from 0.00000 to 0.00000, saving model to /gpfswork/rech/ynx/ulx23va/repo/wf-SEDs/more_stars/wf-outputs/chkp/more_stars_bis/chkp_callback_poly_more_stars_complex_model_1k_bis_2_cycle1
32/32 - 61s - loss: 1.2116e-06 - mean_squared_error: 1.5910e-06 - val_loss: 2.4752e-07 - val_mean_squared_error: 2.4752e-07 - 61s/epoch - 2s/step
Epoch 7/100

Epoch 00007: mean_squared_error improved from 0.00000 to 0.00000, saving model to /gpfswork/rech/ynx/ulx23va/repo/wf-SEDs/more_stars/wf-outputs/chkp/more_stars_bis/chkp_callback_poly_more_stars_complex_model_1k_bis_2_cycle1
32/32 - 61s - loss: 1.2123e-06 - mean_squared_error: 1.5756e-06 - val_loss: 2.1665e-07 - val_mean_squared_error: 2.1665e-07 - 61s/epoch - 2s/step
Epoch 8/100

Epoch 00008: mean_squared_error improved from 0.00000 to 0.00000, saving model to /gpfswork/rech/ynx/ulx23va/repo/wf-SEDs/more_stars/wf-outputs/chkp/more_stars_bis/chkp_callback_poly_more_stars_complex_model_1k_bis_2_cycle1
32/32 - 61s - loss: 1.1425e-06 - mean_squared_error: 1.5278e-06 - val_loss: 1.9786e-07 - val_mean_squared_error: 1.9786e-07 - 61s/epoch - 2s/step
Epoch 9/100

Epoch 00009: mean_squared_error improved from 0.00000 to 0.00000, saving model to /gpfswork/rech/ynx/ulx23va/repo/wf-SEDs/more_stars/wf-outputs/chkp/more_stars_bis/chkp_callback_poly_more_stars_complex_model_1k_bis_2_cycle1
32/32 - 61s - loss: 1.1145e-06 - mean_squared_error: 1.5044e-06 - val_loss: 1.6632e-07 - val_mean_squared_error: 1.6632e-07 - 61s/epoch - 2s/step
Epoch 10/100

Epoch 00010: mean_squared_error improved from 0.00000 to 0.00000, saving model to /gpfswork/rech/ynx/ulx23va/repo/wf-SEDs/more_stars/wf-outputs/chkp/more_stars_bis/chkp_callback_poly_more_stars_complex_model_1k_bis_2_cycle1
32/32 - 61s - loss: 1.0948e-06 - mean_squared_error: 1.4856e-06 - val_loss: 1.4917e-07 - val_mean_squared_error: 1.4917e-07 - 61s/epoch - 2s/step
Epoch 11/100

Epoch 00011: mean_squared_error improved from 0.00000 to 0.00000, saving model to /gpfswork/rech/ynx/ulx23va/repo/wf-SEDs/more_stars/wf-outputs/chkp/more_stars_bis/chkp_callback_poly_more_stars_complex_model_1k_bis_2_cycle1
32/32 - 61s - loss: 1.0819e-06 - mean_squared_error: 1.4737e-06 - val_loss: 1.3694e-07 - val_mean_squared_error: 1.3694e-07 - 61s/epoch - 2s/step
Epoch 12/100

Epoch 00012: mean_squared_error improved from 0.00000 to 0.00000, saving model to /gpfswork/rech/ynx/ulx23va/repo/wf-SEDs/more_stars/wf-outputs/chkp/more_stars_bis/chkp_callback_poly_more_stars_complex_model_1k_bis_2_cycle1
32/32 - 61s - loss: 1.0671e-06 - mean_squared_error: 1.4593e-06 - val_loss: 1.2247e-07 - val_mean_squared_error: 1.2247e-07 - 61s/epoch - 2s/step
Epoch 13/100

Epoch 00013: mean_squared_error improved from 0.00000 to 0.00000, saving model to /gpfswork/rech/ynx/ulx23va/repo/wf-SEDs/more_stars/wf-outputs/chkp/more_stars_bis/chkp_callback_poly_more_stars_complex_model_1k_bis_2_cycle1
32/32 - 61s - loss: 1.0540e-06 - mean_squared_error: 1.4478e-06 - val_loss: 1.1201e-07 - val_mean_squared_error: 1.1201e-07 - 61s/epoch - 2s/step
Epoch 14/100

Epoch 00014: mean_squared_error improved from 0.00000 to 0.00000, saving model to /gpfswork/rech/ynx/ulx23va/repo/wf-SEDs/more_stars/wf-outputs/chkp/more_stars_bis/chkp_callback_poly_more_stars_complex_model_1k_bis_2_cycle1
32/32 - 61s - loss: 1.0490e-06 - mean_squared_error: 1.4417e-06 - val_loss: 1.0639e-07 - val_mean_squared_error: 1.0639e-07 - 61s/epoch - 2s/step
Epoch 15/100

Epoch 00015: mean_squared_error improved from 0.00000 to 0.00000, saving model to /gpfswork/rech/ynx/ulx23va/repo/wf-SEDs/more_stars/wf-outputs/chkp/more_stars_bis/chkp_callback_poly_more_stars_complex_model_1k_bis_2_cycle1
32/32 - 61s - loss: 1.0314e-06 - mean_squared_error: 1.4280e-06 - val_loss: 1.0032e-07 - val_mean_squared_error: 1.0032e-07 - 61s/epoch - 2s/step
Epoch 16/100

Epoch 00016: mean_squared_error improved from 0.00000 to 0.00000, saving model to /gpfswork/rech/ynx/ulx23va/repo/wf-SEDs/more_stars/wf-outputs/chkp/more_stars_bis/chkp_callback_poly_more_stars_complex_model_1k_bis_2_cycle1
32/32 - 61s - loss: 1.0237e-06 - mean_squared_error: 1.4211e-06 - val_loss: 8.5263e-08 - val_mean_squared_error: 8.5263e-08 - 61s/epoch - 2s/step
Epoch 17/100

Epoch 00017: mean_squared_error improved from 0.00000 to 0.00000, saving model to /gpfswork/rech/ynx/ulx23va/repo/wf-SEDs/more_stars/wf-outputs/chkp/more_stars_bis/chkp_callback_poly_more_stars_complex_model_1k_bis_2_cycle1
32/32 - 61s - loss: 1.0127e-06 - mean_squared_error: 1.4111e-06 - val_loss: 7.9193e-08 - val_mean_squared_error: 7.9193e-08 - 61s/epoch - 2s/step
Epoch 18/100

Epoch 00018: mean_squared_error improved from 0.00000 to 0.00000, saving model to /gpfswork/rech/ynx/ulx23va/repo/wf-SEDs/more_stars/wf-outputs/chkp/more_stars_bis/chkp_callback_poly_more_stars_complex_model_1k_bis_2_cycle1
32/32 - 61s - loss: 1.0075e-06 - mean_squared_error: 1.4055e-06 - val_loss: 7.2102e-08 - val_mean_squared_error: 7.2102e-08 - 61s/epoch - 2s/step
Epoch 19/100

Epoch 00019: mean_squared_error did not improve from 0.00000
32/32 - 61s - loss: 1.0131e-06 - mean_squared_error: 1.4093e-06 - val_loss: 7.8682e-08 - val_mean_squared_error: 7.8682e-08 - 61s/epoch - 2s/step
Epoch 20/100

Epoch 00020: mean_squared_error improved from 0.00000 to 0.00000, saving model to /gpfswork/rech/ynx/ulx23va/repo/wf-SEDs/more_stars/wf-outputs/chkp/more_stars_bis/chkp_callback_poly_more_stars_complex_model_1k_bis_2_cycle1
32/32 - 61s - loss: 1.0015e-06 - mean_squared_error: 1.4007e-06 - val_loss: 6.5211e-08 - val_mean_squared_error: 6.5211e-08 - 61s/epoch - 2s/step
Epoch 21/100

Epoch 00021: mean_squared_error improved from 0.00000 to 0.00000, saving model to /gpfswork/rech/ynx/ulx23va/repo/wf-SEDs/more_stars/wf-outputs/chkp/more_stars_bis/chkp_callback_poly_more_stars_complex_model_1k_bis_2_cycle1
32/32 - 61s - loss: 9.9520e-07 - mean_squared_error: 1.3949e-06 - val_loss: 6.1272e-08 - val_mean_squared_error: 6.1272e-08 - 61s/epoch - 2s/step
Epoch 22/100

Epoch 00022: mean_squared_error improved from 0.00000 to 0.00000, saving model to /gpfswork/rech/ynx/ulx23va/repo/wf-SEDs/more_stars/wf-outputs/chkp/more_stars_bis/chkp_callback_poly_more_stars_complex_model_1k_bis_2_cycle1
32/32 - 61s - loss: 9.9329e-07 - mean_squared_error: 1.3925e-06 - val_loss: 6.8777e-08 - val_mean_squared_error: 6.8777e-08 - 61s/epoch - 2s/step
Epoch 23/100

Epoch 00023: mean_squared_error did not improve from 0.00000
32/32 - 61s - loss: 1.0001e-06 - mean_squared_error: 1.3989e-06 - val_loss: 5.9545e-08 - val_mean_squared_error: 5.9545e-08 - 61s/epoch - 2s/step
Epoch 24/100

Epoch 00024: mean_squared_error improved from 0.00000 to 0.00000, saving model to /gpfswork/rech/ynx/ulx23va/repo/wf-SEDs/more_stars/wf-outputs/chkp/more_stars_bis/chkp_callback_poly_more_stars_complex_model_1k_bis_2_cycle1
32/32 - 61s - loss: 9.8647e-07 - mean_squared_error: 1.3865e-06 - val_loss: 5.2044e-08 - val_mean_squared_error: 5.2044e-08 - 61s/epoch - 2s/step
Epoch 25/100

Epoch 00025: mean_squared_error improved from 0.00000 to 0.00000, saving model to /gpfswork/rech/ynx/ulx23va/repo/wf-SEDs/more_stars/wf-outputs/chkp/more_stars_bis/chkp_callback_poly_more_stars_complex_model_1k_bis_2_cycle1
32/32 - 62s - loss: 9.7946e-07 - mean_squared_error: 1.3805e-06 - val_loss: 4.9269e-08 - val_mean_squared_error: 4.9269e-08 - 62s/epoch - 2s/step
Epoch 26/100

Epoch 00026: mean_squared_error improved from 0.00000 to 0.00000, saving model to /gpfswork/rech/ynx/ulx23va/repo/wf-SEDs/more_stars/wf-outputs/chkp/more_stars_bis/chkp_callback_poly_more_stars_complex_model_1k_bis_2_cycle1
32/32 - 61s - loss: 9.7824e-07 - mean_squared_error: 1.3793e-06 - val_loss: 4.5351e-08 - val_mean_squared_error: 4.5351e-08 - 61s/epoch - 2s/step
Epoch 27/100

Epoch 00027: mean_squared_error improved from 0.00000 to 0.00000, saving model to /gpfswork/rech/ynx/ulx23va/repo/wf-SEDs/more_stars/wf-outputs/chkp/more_stars_bis/chkp_callback_poly_more_stars_complex_model_1k_bis_2_cycle1
32/32 - 62s - loss: 9.7482e-07 - mean_squared_error: 1.3759e-06 - val_loss: 4.3639e-08 - val_mean_squared_error: 4.3639e-08 - 62s/epoch - 2s/step
Epoch 28/100

Epoch 00028: mean_squared_error improved from 0.00000 to 0.00000, saving model to /gpfswork/rech/ynx/ulx23va/repo/wf-SEDs/more_stars/wf-outputs/chkp/more_stars_bis/chkp_callback_poly_more_stars_complex_model_1k_bis_2_cycle1
32/32 - 61s - loss: 9.7102e-07 - mean_squared_error: 1.3727e-06 - val_loss: 4.2851e-08 - val_mean_squared_error: 4.2851e-08 - 61s/epoch - 2s/step
Epoch 29/100

Epoch 00029: mean_squared_error improved from 0.00000 to 0.00000, saving model to /gpfswork/rech/ynx/ulx23va/repo/wf-SEDs/more_stars/wf-outputs/chkp/more_stars_bis/chkp_callback_poly_more_stars_complex_model_1k_bis_2_cycle1
32/32 - 61s - loss: 9.6920e-07 - mean_squared_error: 1.3712e-06 - val_loss: 3.7953e-08 - val_mean_squared_error: 3.7953e-08 - 61s/epoch - 2s/step
Epoch 30/100

Epoch 00030: mean_squared_error improved from 0.00000 to 0.00000, saving model to /gpfswork/rech/ynx/ulx23va/repo/wf-SEDs/more_stars/wf-outputs/chkp/more_stars_bis/chkp_callback_poly_more_stars_complex_model_1k_bis_2_cycle1
32/32 - 62s - loss: 9.6551e-07 - mean_squared_error: 1.3677e-06 - val_loss: 3.9254e-08 - val_mean_squared_error: 3.9254e-08 - 62s/epoch - 2s/step
Epoch 31/100

Epoch 00031: mean_squared_error did not improve from 0.00000
32/32 - 61s - loss: 9.6806e-07 - mean_squared_error: 1.3691e-06 - val_loss: 4.1944e-08 - val_mean_squared_error: 4.1944e-08 - 61s/epoch - 2s/step
Epoch 32/100

Epoch 00032: mean_squared_error did not improve from 0.00000
32/32 - 61s - loss: 9.9510e-07 - mean_squared_error: 1.3858e-06 - val_loss: 4.8722e-08 - val_mean_squared_error: 4.8722e-08 - 61s/epoch - 2s/step
Epoch 33/100

Epoch 00033: mean_squared_error did not improve from 0.00000
32/32 - 62s - loss: 9.8878e-07 - mean_squared_error: 1.3835e-06 - val_loss: 5.0889e-08 - val_mean_squared_error: 5.0889e-08 - 62s/epoch - 2s/step
Epoch 34/100

Epoch 00034: mean_squared_error did not improve from 0.00000
32/32 - 62s - loss: 9.7309e-07 - mean_squared_error: 1.3745e-06 - val_loss: 4.5770e-08 - val_mean_squared_error: 4.5770e-08 - 62s/epoch - 2s/step
Epoch 35/100

Epoch 00035: mean_squared_error did not improve from 0.00000
32/32 - 61s - loss: 9.6929e-07 - mean_squared_error: 1.3688e-06 - val_loss: 3.5772e-08 - val_mean_squared_error: 3.5772e-08 - 61s/epoch - 2s/step
Epoch 36/100

Epoch 00036: mean_squared_error did not improve from 0.00000
32/32 - 62s - loss: 9.6728e-07 - mean_squared_error: 1.3690e-06 - val_loss: 3.5280e-08 - val_mean_squared_error: 3.5280e-08 - 62s/epoch - 2s/step
Epoch 37/100

Epoch 00037: mean_squared_error improved from 0.00000 to 0.00000, saving model to /gpfswork/rech/ynx/ulx23va/repo/wf-SEDs/more_stars/wf-outputs/chkp/more_stars_bis/chkp_callback_poly_more_stars_complex_model_1k_bis_2_cycle1
32/32 - 61s - loss: 9.6118e-07 - mean_squared_error: 1.3633e-06 - val_loss: 3.3281e-08 - val_mean_squared_error: 3.3281e-08 - 61s/epoch - 2s/step
Epoch 38/100

Epoch 00038: mean_squared_error improved from 0.00000 to 0.00000, saving model to /gpfswork/rech/ynx/ulx23va/repo/wf-SEDs/more_stars/wf-outputs/chkp/more_stars_bis/chkp_callback_poly_more_stars_complex_model_1k_bis_2_cycle1
32/32 - 62s - loss: 9.5933e-07 - mean_squared_error: 1.3620e-06 - val_loss: 3.9137e-08 - val_mean_squared_error: 3.9137e-08 - 62s/epoch - 2s/step
Epoch 39/100

Epoch 00039: mean_squared_error did not improve from 0.00000
32/32 - 61s - loss: 9.6843e-07 - mean_squared_error: 1.3707e-06 - val_loss: 3.7650e-08 - val_mean_squared_error: 3.7650e-08 - 61s/epoch - 2s/step
Epoch 40/100

Epoch 00040: mean_squared_error did not improve from 0.00000
32/32 - 62s - loss: 9.7944e-07 - mean_squared_error: 1.3792e-06 - val_loss: 4.0085e-08 - val_mean_squared_error: 4.0085e-08 - 62s/epoch - 2s/step
Epoch 41/100

Epoch 00041: mean_squared_error did not improve from 0.00000
32/32 - 61s - loss: 9.6730e-07 - mean_squared_error: 1.3685e-06 - val_loss: 3.1185e-08 - val_mean_squared_error: 3.1185e-08 - 61s/epoch - 2s/step
Epoch 42/100

Epoch 00042: mean_squared_error improved from 0.00000 to 0.00000, saving model to /gpfswork/rech/ynx/ulx23va/repo/wf-SEDs/more_stars/wf-outputs/chkp/more_stars_bis/chkp_callback_poly_more_stars_complex_model_1k_bis_2_cycle1
32/32 - 62s - loss: 9.5860e-07 - mean_squared_error: 1.3613e-06 - val_loss: 3.3213e-08 - val_mean_squared_error: 3.3213e-08 - 62s/epoch - 2s/step
Epoch 43/100

Epoch 00043: mean_squared_error improved from 0.00000 to 0.00000, saving model to /gpfswork/rech/ynx/ulx23va/repo/wf-SEDs/more_stars/wf-outputs/chkp/more_stars_bis/chkp_callback_poly_more_stars_complex_model_1k_bis_2_cycle1
32/32 - 62s - loss: 9.5789e-07 - mean_squared_error: 1.3595e-06 - val_loss: 3.1874e-08 - val_mean_squared_error: 3.1874e-08 - 62s/epoch - 2s/step
Epoch 44/100

Epoch 00044: mean_squared_error improved from 0.00000 to 0.00000, saving model to /gpfswork/rech/ynx/ulx23va/repo/wf-SEDs/more_stars/wf-outputs/chkp/more_stars_bis/chkp_callback_poly_more_stars_complex_model_1k_bis_2_cycle1
32/32 - 62s - loss: 9.5365e-07 - mean_squared_error: 1.3568e-06 - val_loss: 2.9778e-08 - val_mean_squared_error: 2.9778e-08 - 62s/epoch - 2s/step
Epoch 45/100

Epoch 00045: mean_squared_error did not improve from 0.00000
32/32 - 62s - loss: 9.5837e-07 - mean_squared_error: 1.3592e-06 - val_loss: 2.8264e-08 - val_mean_squared_error: 2.8264e-08 - 62s/epoch - 2s/step
Epoch 46/100

Epoch 00046: mean_squared_error did not improve from 0.00000
32/32 - 62s - loss: 9.5604e-07 - mean_squared_error: 1.3582e-06 - val_loss: 2.9127e-08 - val_mean_squared_error: 2.9127e-08 - 62s/epoch - 2s/step
Epoch 47/100

Epoch 00047: mean_squared_error did not improve from 0.00000
32/32 - 62s - loss: 9.5754e-07 - mean_squared_error: 1.3601e-06 - val_loss: 2.7478e-08 - val_mean_squared_error: 2.7478e-08 - 62s/epoch - 2s/step
Epoch 48/100

Epoch 00048: mean_squared_error did not improve from 0.00000
32/32 - 62s - loss: 9.5886e-07 - mean_squared_error: 1.3594e-06 - val_loss: 4.4926e-08 - val_mean_squared_error: 4.4926e-08 - 62s/epoch - 2s/step
Epoch 49/100

Epoch 00049: mean_squared_error did not improve from 0.00000
32/32 - 62s - loss: 9.6487e-07 - mean_squared_error: 1.3657e-06 - val_loss: 3.4212e-08 - val_mean_squared_error: 3.4212e-08 - 62s/epoch - 2s/step
Epoch 50/100

Epoch 00050: mean_squared_error improved from 0.00000 to 0.00000, saving model to /gpfswork/rech/ynx/ulx23va/repo/wf-SEDs/more_stars/wf-outputs/chkp/more_stars_bis/chkp_callback_poly_more_stars_complex_model_1k_bis_2_cycle1
32/32 - 62s - loss: 9.5287e-07 - mean_squared_error: 1.3560e-06 - val_loss: 2.8229e-08 - val_mean_squared_error: 2.8229e-08 - 62s/epoch - 2s/step
Epoch 51/100

Epoch 00051: mean_squared_error improved from 0.00000 to 0.00000, saving model to /gpfswork/rech/ynx/ulx23va/repo/wf-SEDs/more_stars/wf-outputs/chkp/more_stars_bis/chkp_callback_poly_more_stars_complex_model_1k_bis_2_cycle1
32/32 - 62s - loss: 9.4968e-07 - mean_squared_error: 1.3534e-06 - val_loss: 2.1630e-08 - val_mean_squared_error: 2.1630e-08 - 62s/epoch - 2s/step
Epoch 52/100

Epoch 00052: mean_squared_error improved from 0.00000 to 0.00000, saving model to /gpfswork/rech/ynx/ulx23va/repo/wf-SEDs/more_stars/wf-outputs/chkp/more_stars_bis/chkp_callback_poly_more_stars_complex_model_1k_bis_2_cycle1
32/32 - 62s - loss: 9.4721e-07 - mean_squared_error: 1.3507e-06 - val_loss: 2.0932e-08 - val_mean_squared_error: 2.0932e-08 - 62s/epoch - 2s/step
Epoch 53/100

Epoch 00053: mean_squared_error did not improve from 0.00000
32/32 - 62s - loss: 9.4734e-07 - mean_squared_error: 1.3511e-06 - val_loss: 2.2031e-08 - val_mean_squared_error: 2.2031e-08 - 62s/epoch - 2s/step
Epoch 54/100

Epoch 00054: mean_squared_error did not improve from 0.00000
32/32 - 62s - loss: 9.4742e-07 - mean_squared_error: 1.3512e-06 - val_loss: 2.2176e-08 - val_mean_squared_error: 2.2176e-08 - 62s/epoch - 2s/step
Epoch 55/100

Epoch 00055: mean_squared_error did not improve from 0.00000
32/32 - 62s - loss: 9.5179e-07 - mean_squared_error: 1.3548e-06 - val_loss: 2.6675e-08 - val_mean_squared_error: 2.6675e-08 - 62s/epoch - 2s/step
Epoch 56/100

Epoch 00056: mean_squared_error did not improve from 0.00000
32/32 - 62s - loss: 9.5224e-07 - mean_squared_error: 1.3549e-06 - val_loss: 2.4545e-08 - val_mean_squared_error: 2.4545e-08 - 62s/epoch - 2s/step
Epoch 57/100

Epoch 00057: mean_squared_error did not improve from 0.00000
32/32 - 62s - loss: 9.4931e-07 - mean_squared_error: 1.3529e-06 - val_loss: 2.0668e-08 - val_mean_squared_error: 2.0668e-08 - 62s/epoch - 2s/step
Epoch 58/100

Epoch 00058: mean_squared_error improved from 0.00000 to 0.00000, saving model to /gpfswork/rech/ynx/ulx23va/repo/wf-SEDs/more_stars/wf-outputs/chkp/more_stars_bis/chkp_callback_poly_more_stars_complex_model_1k_bis_2_cycle1
32/32 - 62s - loss: 9.4697e-07 - mean_squared_error: 1.3507e-06 - val_loss: 2.1118e-08 - val_mean_squared_error: 2.1118e-08 - 62s/epoch - 2s/step
Epoch 59/100

Epoch 00059: mean_squared_error improved from 0.00000 to 0.00000, saving model to /gpfswork/rech/ynx/ulx23va/repo/wf-SEDs/more_stars/wf-outputs/chkp/more_stars_bis/chkp_callback_poly_more_stars_complex_model_1k_bis_2_cycle1
32/32 - 62s - loss: 9.4527e-07 - mean_squared_error: 1.3486e-06 - val_loss: 2.0503e-08 - val_mean_squared_error: 2.0503e-08 - 62s/epoch - 2s/step
Epoch 60/100

Epoch 00060: mean_squared_error improved from 0.00000 to 0.00000, saving model to /gpfswork/rech/ynx/ulx23va/repo/wf-SEDs/more_stars/wf-outputs/chkp/more_stars_bis/chkp_callback_poly_more_stars_complex_model_1k_bis_2_cycle1
32/32 - 62s - loss: 9.4448e-07 - mean_squared_error: 1.3483e-06 - val_loss: 1.9302e-08 - val_mean_squared_error: 1.9302e-08 - 62s/epoch - 2s/step
Epoch 61/100

Epoch 00061: mean_squared_error improved from 0.00000 to 0.00000, saving model to /gpfswork/rech/ynx/ulx23va/repo/wf-SEDs/more_stars/wf-outputs/chkp/more_stars_bis/chkp_callback_poly_more_stars_complex_model_1k_bis_2_cycle1
32/32 - 62s - loss: 9.4424e-07 - mean_squared_error: 1.3482e-06 - val_loss: 1.9923e-08 - val_mean_squared_error: 1.9923e-08 - 62s/epoch - 2s/step
Epoch 62/100

Epoch 00062: mean_squared_error did not improve from 0.00000
32/32 - 62s - loss: 9.4619e-07 - mean_squared_error: 1.3492e-06 - val_loss: 2.2104e-08 - val_mean_squared_error: 2.2104e-08 - 62s/epoch - 2s/step
Epoch 63/100

Epoch 00063: mean_squared_error did not improve from 0.00000
32/32 - 62s - loss: 9.4596e-07 - mean_squared_error: 1.3486e-06 - val_loss: 2.4516e-08 - val_mean_squared_error: 2.4516e-08 - 62s/epoch - 2s/step
Epoch 64/100

Epoch 00064: mean_squared_error did not improve from 0.00000
32/32 - 62s - loss: 9.4808e-07 - mean_squared_error: 1.3504e-06 - val_loss: 2.6141e-08 - val_mean_squared_error: 2.6141e-08 - 62s/epoch - 2s/step
Epoch 65/100

Epoch 00065: mean_squared_error did not improve from 0.00000
32/32 - 62s - loss: 9.5885e-07 - mean_squared_error: 1.3619e-06 - val_loss: 2.4859e-08 - val_mean_squared_error: 2.4859e-08 - 62s/epoch - 2s/step
Epoch 66/100

Epoch 00066: mean_squared_error did not improve from 0.00000
32/32 - 62s - loss: 9.5094e-07 - mean_squared_error: 1.3548e-06 - val_loss: 2.8629e-08 - val_mean_squared_error: 2.8629e-08 - 62s/epoch - 2s/step
Epoch 67/100

Epoch 00067: mean_squared_error did not improve from 0.00000
32/32 - 61s - loss: 9.5132e-07 - mean_squared_error: 1.3538e-06 - val_loss: 2.1372e-08 - val_mean_squared_error: 2.1372e-08 - 61s/epoch - 2s/step
Epoch 68/100

Epoch 00068: mean_squared_error did not improve from 0.00000
32/32 - 62s - loss: 9.5460e-07 - mean_squared_error: 1.3552e-06 - val_loss: 2.5842e-08 - val_mean_squared_error: 2.5842e-08 - 62s/epoch - 2s/step
Epoch 69/100

Epoch 00069: mean_squared_error did not improve from 0.00000
32/32 - 62s - loss: 9.4986e-07 - mean_squared_error: 1.3525e-06 - val_loss: 2.2269e-08 - val_mean_squared_error: 2.2269e-08 - 62s/epoch - 2s/step
Epoch 70/100

Epoch 00070: mean_squared_error did not improve from 0.00000
32/32 - 62s - loss: 9.4919e-07 - mean_squared_error: 1.3509e-06 - val_loss: 2.2637e-08 - val_mean_squared_error: 2.2637e-08 - 62s/epoch - 2s/step
Epoch 71/100

Epoch 00071: mean_squared_error did not improve from 0.00000
32/32 - 62s - loss: 9.5859e-07 - mean_squared_error: 1.3598e-06 - val_loss: 3.2600e-08 - val_mean_squared_error: 3.2600e-08 - 62s/epoch - 2s/step
Epoch 72/100

Epoch 00072: mean_squared_error did not improve from 0.00000
32/32 - 61s - loss: 9.5710e-07 - mean_squared_error: 1.3593e-06 - val_loss: 4.4156e-08 - val_mean_squared_error: 4.4156e-08 - 61s/epoch - 2s/step
Epoch 73/100

Epoch 00073: mean_squared_error did not improve from 0.00000
32/32 - 61s - loss: 9.5584e-07 - mean_squared_error: 1.3554e-06 - val_loss: 2.6343e-08 - val_mean_squared_error: 2.6343e-08 - 61s/epoch - 2s/step
Epoch 74/100

Epoch 00074: mean_squared_error did not improve from 0.00000
32/32 - 61s - loss: 9.4659e-07 - mean_squared_error: 1.3495e-06 - val_loss: 1.8313e-08 - val_mean_squared_error: 1.8313e-08 - 61s/epoch - 2s/step
Epoch 75/100

Epoch 00075: mean_squared_error improved from 0.00000 to 0.00000, saving model to /gpfswork/rech/ynx/ulx23va/repo/wf-SEDs/more_stars/wf-outputs/chkp/more_stars_bis/chkp_callback_poly_more_stars_complex_model_1k_bis_2_cycle1
32/32 - 61s - loss: 9.4136e-07 - mean_squared_error: 1.3455e-06 - val_loss: 1.7053e-08 - val_mean_squared_error: 1.7053e-08 - 61s/epoch - 2s/step
Epoch 76/100

Epoch 00076: mean_squared_error did not improve from 0.00000
32/32 - 61s - loss: 9.4172e-07 - mean_squared_error: 1.3455e-06 - val_loss: 1.6886e-08 - val_mean_squared_error: 1.6886e-08 - 61s/epoch - 2s/step
Epoch 77/100

Epoch 00077: mean_squared_error improved from 0.00000 to 0.00000, saving model to /gpfswork/rech/ynx/ulx23va/repo/wf-SEDs/more_stars/wf-outputs/chkp/more_stars_bis/chkp_callback_poly_more_stars_complex_model_1k_bis_2_cycle1
32/32 - 61s - loss: 9.4107e-07 - mean_squared_error: 1.3453e-06 - val_loss: 1.9315e-08 - val_mean_squared_error: 1.9315e-08 - 61s/epoch - 2s/step
Epoch 78/100

Epoch 00078: mean_squared_error improved from 0.00000 to 0.00000, saving model to /gpfswork/rech/ynx/ulx23va/repo/wf-SEDs/more_stars/wf-outputs/chkp/more_stars_bis/chkp_callback_poly_more_stars_complex_model_1k_bis_2_cycle1
32/32 - 61s - loss: 9.4098e-07 - mean_squared_error: 1.3449e-06 - val_loss: 1.8538e-08 - val_mean_squared_error: 1.8538e-08 - 61s/epoch - 2s/step
Epoch 79/100

Epoch 00079: mean_squared_error improved from 0.00000 to 0.00000, saving model to /gpfswork/rech/ynx/ulx23va/repo/wf-SEDs/more_stars/wf-outputs/chkp/more_stars_bis/chkp_callback_poly_more_stars_complex_model_1k_bis_2_cycle1
32/32 - 61s - loss: 9.3998e-07 - mean_squared_error: 1.3440e-06 - val_loss: 1.7122e-08 - val_mean_squared_error: 1.7122e-08 - 61s/epoch - 2s/step
Epoch 80/100

Epoch 00080: mean_squared_error did not improve from 0.00000
32/32 - 61s - loss: 9.4105e-07 - mean_squared_error: 1.3451e-06 - val_loss: 1.8115e-08 - val_mean_squared_error: 1.8115e-08 - 61s/epoch - 2s/step
Epoch 81/100

Epoch 00081: mean_squared_error improved from 0.00000 to 0.00000, saving model to /gpfswork/rech/ynx/ulx23va/repo/wf-SEDs/more_stars/wf-outputs/chkp/more_stars_bis/chkp_callback_poly_more_stars_complex_model_1k_bis_2_cycle1
32/32 - 61s - loss: 9.3919e-07 - mean_squared_error: 1.3434e-06 - val_loss: 1.4515e-08 - val_mean_squared_error: 1.4515e-08 - 61s/epoch - 2s/step
Epoch 82/100

Epoch 00082: mean_squared_error improved from 0.00000 to 0.00000, saving model to /gpfswork/rech/ynx/ulx23va/repo/wf-SEDs/more_stars/wf-outputs/chkp/more_stars_bis/chkp_callback_poly_more_stars_complex_model_1k_bis_2_cycle1
32/32 - 61s - loss: 9.3846e-07 - mean_squared_error: 1.3426e-06 - val_loss: 1.7304e-08 - val_mean_squared_error: 1.7304e-08 - 61s/epoch - 2s/step
Epoch 83/100

Epoch 00083: mean_squared_error did not improve from 0.00000
32/32 - 60s - loss: 9.3875e-07 - mean_squared_error: 1.3430e-06 - val_loss: 1.8446e-08 - val_mean_squared_error: 1.8446e-08 - 60s/epoch - 2s/step
Epoch 84/100

Epoch 00084: mean_squared_error did not improve from 0.00000
32/32 - 60s - loss: 9.3958e-07 - mean_squared_error: 1.3434e-06 - val_loss: 1.5312e-08 - val_mean_squared_error: 1.5312e-08 - 60s/epoch - 2s/step
Epoch 85/100

Epoch 00085: mean_squared_error did not improve from 0.00000
32/32 - 61s - loss: 9.3855e-07 - mean_squared_error: 1.3426e-06 - val_loss: 1.6722e-08 - val_mean_squared_error: 1.6722e-08 - 61s/epoch - 2s/step
Epoch 86/100

Epoch 00086: mean_squared_error did not improve from 0.00000
32/32 - 61s - loss: 9.3906e-07 - mean_squared_error: 1.3431e-06 - val_loss: 1.4461e-08 - val_mean_squared_error: 1.4461e-08 - 61s/epoch - 2s/step
Epoch 87/100

Epoch 00087: mean_squared_error improved from 0.00000 to 0.00000, saving model to /gpfswork/rech/ynx/ulx23va/repo/wf-SEDs/more_stars/wf-outputs/chkp/more_stars_bis/chkp_callback_poly_more_stars_complex_model_1k_bis_2_cycle1
32/32 - 60s - loss: 9.3692e-07 - mean_squared_error: 1.3413e-06 - val_loss: 1.3889e-08 - val_mean_squared_error: 1.3889e-08 - 60s/epoch - 2s/step
Epoch 88/100

Epoch 00088: mean_squared_error improved from 0.00000 to 0.00000, saving model to /gpfswork/rech/ynx/ulx23va/repo/wf-SEDs/more_stars/wf-outputs/chkp/more_stars_bis/chkp_callback_poly_more_stars_complex_model_1k_bis_2_cycle1
32/32 - 60s - loss: 9.3643e-07 - mean_squared_error: 1.3409e-06 - val_loss: 1.3277e-08 - val_mean_squared_error: 1.3277e-08 - 60s/epoch - 2s/step
Epoch 89/100

Epoch 00089: mean_squared_error did not improve from 0.00000
32/32 - 60s - loss: 9.3787e-07 - mean_squared_error: 1.3422e-06 - val_loss: 1.4407e-08 - val_mean_squared_error: 1.4407e-08 - 60s/epoch - 2s/step
Epoch 90/100

Epoch 00090: mean_squared_error did not improve from 0.00000
32/32 - 60s - loss: 9.3802e-07 - mean_squared_error: 1.3424e-06 - val_loss: 1.4526e-08 - val_mean_squared_error: 1.4526e-08 - 60s/epoch - 2s/step
Epoch 91/100

Epoch 00091: mean_squared_error did not improve from 0.00000
32/32 - 61s - loss: 9.3981e-07 - mean_squared_error: 1.3430e-06 - val_loss: 3.8446e-08 - val_mean_squared_error: 3.8446e-08 - 61s/epoch - 2s/step
Epoch 92/100

Epoch 00092: mean_squared_error did not improve from 0.00000
32/32 - 61s - loss: 9.6497e-07 - mean_squared_error: 1.3642e-06 - val_loss: 3.5740e-08 - val_mean_squared_error: 3.5740e-08 - 61s/epoch - 2s/step
Epoch 93/100

Epoch 00093: mean_squared_error did not improve from 0.00000
32/32 - 61s - loss: 9.6522e-07 - mean_squared_error: 1.3624e-06 - val_loss: 7.2166e-08 - val_mean_squared_error: 7.2166e-08 - 61s/epoch - 2s/step
Epoch 94/100

Epoch 00094: mean_squared_error did not improve from 0.00000
32/32 - 61s - loss: 1.0514e-06 - mean_squared_error: 1.4296e-06 - val_loss: 8.9205e-08 - val_mean_squared_error: 8.9205e-08 - 61s/epoch - 2s/step
Epoch 95/100

Epoch 00095: mean_squared_error did not improve from 0.00000
32/32 - 61s - loss: 9.8698e-07 - mean_squared_error: 1.3812e-06 - val_loss: 4.3212e-08 - val_mean_squared_error: 4.3212e-08 - 61s/epoch - 2s/step
Epoch 96/100

Epoch 00096: mean_squared_error did not improve from 0.00000
32/32 - 61s - loss: 9.6074e-07 - mean_squared_error: 1.3569e-06 - val_loss: 2.7731e-08 - val_mean_squared_error: 2.7731e-08 - 61s/epoch - 2s/step
Epoch 97/100

Epoch 00097: mean_squared_error did not improve from 0.00000
32/32 - 61s - loss: 9.5752e-07 - mean_squared_error: 1.3579e-06 - val_loss: 2.0475e-08 - val_mean_squared_error: 2.0475e-08 - 61s/epoch - 2s/step
Epoch 98/100

Epoch 00098: mean_squared_error did not improve from 0.00000
32/32 - 61s - loss: 9.5003e-07 - mean_squared_error: 1.3511e-06 - val_loss: 2.5012e-08 - val_mean_squared_error: 2.5012e-08 - 61s/epoch - 2s/step
Epoch 99/100

Epoch 00099: mean_squared_error did not improve from 0.00000
32/32 - 60s - loss: 9.4929e-07 - mean_squared_error: 1.3509e-06 - val_loss: 2.0316e-08 - val_mean_squared_error: 2.0316e-08 - 60s/epoch - 2s/step
Epoch 100/100

Epoch 00100: mean_squared_error did not improve from 0.00000
32/32 - 61s - loss: 9.4182e-07 - mean_squared_error: 1.3458e-06 - val_loss: 1.7135e-08 - val_mean_squared_error: 1.7135e-08 - 61s/epoch - 2s/step
Cycle1 elapsed time: 7013.844546
Starting cycle 2..
Starting parametric update..
Epoch 1/15

Epoch 00001: mean_squared_error improved from inf to 0.00000, saving model to /gpfswork/rech/ynx/ulx23va/repo/wf-SEDs/more_stars/wf-outputs/chkp/more_stars_bis/chkp_callback_poly_more_stars_complex_model_1k_bis_2_cycle2
32/32 - 61s - loss: 9.3931e-07 - mean_squared_error: 1.3430e-06 - val_loss: 1.6577e-08 - val_mean_squared_error: 1.6577e-08 - 61s/epoch - 2s/step
Epoch 2/15

Epoch 00002: mean_squared_error improved from 0.00000 to 0.00000, saving model to /gpfswork/rech/ynx/ulx23va/repo/wf-SEDs/more_stars/wf-outputs/chkp/more_stars_bis/chkp_callback_poly_more_stars_complex_model_1k_bis_2_cycle2
32/32 - 59s - loss: 9.3859e-07 - mean_squared_error: 1.3424e-06 - val_loss: 1.7488e-08 - val_mean_squared_error: 1.7488e-08 - 59s/epoch - 2s/step
Epoch 3/15

Epoch 00003: mean_squared_error did not improve from 0.00000
32/32 - 58s - loss: 9.3969e-07 - mean_squared_error: 1.3436e-06 - val_loss: 1.7837e-08 - val_mean_squared_error: 1.7837e-08 - 58s/epoch - 2s/step
Epoch 4/15

Epoch 00004: mean_squared_error did not improve from 0.00000
32/32 - 58s - loss: 9.4310e-07 - mean_squared_error: 1.3465e-06 - val_loss: 2.4532e-08 - val_mean_squared_error: 2.4532e-08 - 58s/epoch - 2s/step
Epoch 5/15

Epoch 00005: mean_squared_error did not improve from 0.00000
32/32 - 58s - loss: 9.4291e-07 - mean_squared_error: 1.3465e-06 - val_loss: 1.9955e-08 - val_mean_squared_error: 1.9955e-08 - 58s/epoch - 2s/step
Epoch 6/15

Epoch 00006: mean_squared_error did not improve from 0.00000
32/32 - 58s - loss: 9.4122e-07 - mean_squared_error: 1.3447e-06 - val_loss: 1.7912e-08 - val_mean_squared_error: 1.7912e-08 - 58s/epoch - 2s/step
Epoch 7/15

Epoch 00007: mean_squared_error did not improve from 0.00000
32/32 - 58s - loss: 9.4224e-07 - mean_squared_error: 1.3458e-06 - val_loss: 2.0208e-08 - val_mean_squared_error: 2.0208e-08 - 58s/epoch - 2s/step
Epoch 8/15

Epoch 00008: mean_squared_error did not improve from 0.00000
32/32 - 59s - loss: 9.4208e-07 - mean_squared_error: 1.3457e-06 - val_loss: 1.9293e-08 - val_mean_squared_error: 1.9293e-08 - 59s/epoch - 2s/step
Epoch 9/15

Epoch 00009: mean_squared_error did not improve from 0.00000
32/32 - 58s - loss: 9.4303e-07 - mean_squared_error: 1.3464e-06 - val_loss: 1.8007e-08 - val_mean_squared_error: 1.8007e-08 - 58s/epoch - 2s/step
Epoch 10/15

Epoch 00010: mean_squared_error did not improve from 0.00000
32/32 - 59s - loss: 9.4106e-07 - mean_squared_error: 1.3446e-06 - val_loss: 2.4000e-08 - val_mean_squared_error: 2.4000e-08 - 59s/epoch - 2s/step
Epoch 11/15

Epoch 00011: mean_squared_error did not improve from 0.00000
32/32 - 59s - loss: 9.4518e-07 - mean_squared_error: 1.3486e-06 - val_loss: 2.2280e-08 - val_mean_squared_error: 2.2280e-08 - 59s/epoch - 2s/step
Epoch 12/15

Epoch 00012: mean_squared_error did not improve from 0.00000
32/32 - 58s - loss: 9.4794e-07 - mean_squared_error: 1.3512e-06 - val_loss: 2.6078e-08 - val_mean_squared_error: 2.6078e-08 - 58s/epoch - 2s/step
Epoch 13/15

Epoch 00013: mean_squared_error did not improve from 0.00000
32/32 - 58s - loss: 9.4840e-07 - mean_squared_error: 1.3522e-06 - val_loss: 2.6547e-08 - val_mean_squared_error: 2.6547e-08 - 58s/epoch - 2s/step
Epoch 14/15

Epoch 00014: mean_squared_error did not improve from 0.00000
32/32 - 58s - loss: 9.4555e-07 - mean_squared_error: 1.3490e-06 - val_loss: 2.4953e-08 - val_mean_squared_error: 2.4953e-08 - 58s/epoch - 2s/step
Epoch 15/15

Epoch 00015: mean_squared_error did not improve from 0.00000
32/32 - 58s - loss: 9.4621e-07 - mean_squared_error: 1.3493e-06 - val_loss: 3.9174e-08 - val_mean_squared_error: 3.9174e-08 - 58s/epoch - 2s/step
Starting non-parametric update..
Epoch 1/50

Epoch 00001: mean_squared_error did not improve from 0.00000
32/32 - 63s - loss: 9.4995e-07 - mean_squared_error: 1.3532e-06 - val_loss: 1.5875e-08 - val_mean_squared_error: 1.5875e-08 - 63s/epoch - 2s/step
Epoch 2/50

Epoch 00002: mean_squared_error improved from 0.00000 to 0.00000, saving model to /gpfswork/rech/ynx/ulx23va/repo/wf-SEDs/more_stars/wf-outputs/chkp/more_stars_bis/chkp_callback_poly_more_stars_complex_model_1k_bis_2_cycle2
32/32 - 60s - loss: 9.3739e-07 - mean_squared_error: 1.3413e-06 - val_loss: 1.3682e-08 - val_mean_squared_error: 1.3682e-08 - 60s/epoch - 2s/step
Epoch 3/50

Epoch 00003: mean_squared_error improved from 0.00000 to 0.00000, saving model to /gpfswork/rech/ynx/ulx23va/repo/wf-SEDs/more_stars/wf-outputs/chkp/more_stars_bis/chkp_callback_poly_more_stars_complex_model_1k_bis_2_cycle2
32/32 - 59s - loss: 9.3588e-07 - mean_squared_error: 1.3400e-06 - val_loss: 1.3028e-08 - val_mean_squared_error: 1.3028e-08 - 59s/epoch - 2s/step
Epoch 4/50

Epoch 00004: mean_squared_error improved from 0.00000 to 0.00000, saving model to /gpfswork/rech/ynx/ulx23va/repo/wf-SEDs/more_stars/wf-outputs/chkp/more_stars_bis/chkp_callback_poly_more_stars_complex_model_1k_bis_2_cycle2
32/32 - 59s - loss: 9.3532e-07 - mean_squared_error: 1.3394e-06 - val_loss: 1.2771e-08 - val_mean_squared_error: 1.2771e-08 - 59s/epoch - 2s/step
Epoch 5/50

Epoch 00005: mean_squared_error improved from 0.00000 to 0.00000, saving model to /gpfswork/rech/ynx/ulx23va/repo/wf-SEDs/more_stars/wf-outputs/chkp/more_stars_bis/chkp_callback_poly_more_stars_complex_model_1k_bis_2_cycle2
32/32 - 59s - loss: 9.3512e-07 - mean_squared_error: 1.3393e-06 - val_loss: 1.2605e-08 - val_mean_squared_error: 1.2605e-08 - 59s/epoch - 2s/step
Epoch 6/50

Epoch 00006: mean_squared_error improved from 0.00000 to 0.00000, saving model to /gpfswork/rech/ynx/ulx23va/repo/wf-SEDs/more_stars/wf-outputs/chkp/more_stars_bis/chkp_callback_poly_more_stars_complex_model_1k_bis_2_cycle2
32/32 - 60s - loss: 9.3498e-07 - mean_squared_error: 1.3392e-06 - val_loss: 1.2513e-08 - val_mean_squared_error: 1.2513e-08 - 60s/epoch - 2s/step
Epoch 7/50

Epoch 00007: mean_squared_error improved from 0.00000 to 0.00000, saving model to /gpfswork/rech/ynx/ulx23va/repo/wf-SEDs/more_stars/wf-outputs/chkp/more_stars_bis/chkp_callback_poly_more_stars_complex_model_1k_bis_2_cycle2
32/32 - 59s - loss: 9.3480e-07 - mean_squared_error: 1.3390e-06 - val_loss: 1.2544e-08 - val_mean_squared_error: 1.2544e-08 - 59s/epoch - 2s/step
Epoch 8/50

Epoch 00008: mean_squared_error improved from 0.00000 to 0.00000, saving model to /gpfswork/rech/ynx/ulx23va/repo/wf-SEDs/more_stars/wf-outputs/chkp/more_stars_bis/chkp_callback_poly_more_stars_complex_model_1k_bis_2_cycle2
32/32 - 59s - loss: 9.3478e-07 - mean_squared_error: 1.3390e-06 - val_loss: 1.2356e-08 - val_mean_squared_error: 1.2356e-08 - 59s/epoch - 2s/step
Epoch 9/50

Epoch 00009: mean_squared_error improved from 0.00000 to 0.00000, saving model to /gpfswork/rech/ynx/ulx23va/repo/wf-SEDs/more_stars/wf-outputs/chkp/more_stars_bis/chkp_callback_poly_more_stars_complex_model_1k_bis_2_cycle2
32/32 - 59s - loss: 9.3454e-07 - mean_squared_error: 1.3388e-06 - val_loss: 1.2233e-08 - val_mean_squared_error: 1.2233e-08 - 59s/epoch - 2s/step
Epoch 10/50

Epoch 00010: mean_squared_error improved from 0.00000 to 0.00000, saving model to /gpfswork/rech/ynx/ulx23va/repo/wf-SEDs/more_stars/wf-outputs/chkp/more_stars_bis/chkp_callback_poly_more_stars_complex_model_1k_bis_2_cycle2
32/32 - 59s - loss: 9.3443e-07 - mean_squared_error: 1.3387e-06 - val_loss: 1.2245e-08 - val_mean_squared_error: 1.2245e-08 - 59s/epoch - 2s/step
Epoch 11/50

Epoch 00011: mean_squared_error improved from 0.00000 to 0.00000, saving model to /gpfswork/rech/ynx/ulx23va/repo/wf-SEDs/more_stars/wf-outputs/chkp/more_stars_bis/chkp_callback_poly_more_stars_complex_model_1k_bis_2_cycle2
32/32 - 59s - loss: 9.3435e-07 - mean_squared_error: 1.3387e-06 - val_loss: 1.2282e-08 - val_mean_squared_error: 1.2282e-08 - 59s/epoch - 2s/step
Epoch 12/50

Epoch 00012: mean_squared_error improved from 0.00000 to 0.00000, saving model to /gpfswork/rech/ynx/ulx23va/repo/wf-SEDs/more_stars/wf-outputs/chkp/more_stars_bis/chkp_callback_poly_more_stars_complex_model_1k_bis_2_cycle2
32/32 - 59s - loss: 9.3430e-07 - mean_squared_error: 1.3386e-06 - val_loss: 1.2255e-08 - val_mean_squared_error: 1.2255e-08 - 59s/epoch - 2s/step
Epoch 13/50

Epoch 00013: mean_squared_error improved from 0.00000 to 0.00000, saving model to /gpfswork/rech/ynx/ulx23va/repo/wf-SEDs/more_stars/wf-outputs/chkp/more_stars_bis/chkp_callback_poly_more_stars_complex_model_1k_bis_2_cycle2
32/32 - 59s - loss: 9.3424e-07 - mean_squared_error: 1.3385e-06 - val_loss: 1.2048e-08 - val_mean_squared_error: 1.2048e-08 - 59s/epoch - 2s/step
Epoch 14/50

Epoch 00014: mean_squared_error improved from 0.00000 to 0.00000, saving model to /gpfswork/rech/ynx/ulx23va/repo/wf-SEDs/more_stars/wf-outputs/chkp/more_stars_bis/chkp_callback_poly_more_stars_complex_model_1k_bis_2_cycle2
32/32 - 59s - loss: 9.3411e-07 - mean_squared_error: 1.3385e-06 - val_loss: 1.1987e-08 - val_mean_squared_error: 1.1987e-08 - 59s/epoch - 2s/step
Epoch 15/50

Epoch 00015: mean_squared_error improved from 0.00000 to 0.00000, saving model to /gpfswork/rech/ynx/ulx23va/repo/wf-SEDs/more_stars/wf-outputs/chkp/more_stars_bis/chkp_callback_poly_more_stars_complex_model_1k_bis_2_cycle2
32/32 - 60s - loss: 9.3402e-07 - mean_squared_error: 1.3384e-06 - val_loss: 1.2002e-08 - val_mean_squared_error: 1.2002e-08 - 60s/epoch - 2s/step
Epoch 16/50

Epoch 00016: mean_squared_error did not improve from 0.00000
32/32 - 59s - loss: 9.3399e-07 - mean_squared_error: 1.3384e-06 - val_loss: 1.1982e-08 - val_mean_squared_error: 1.1982e-08 - 59s/epoch - 2s/step
Epoch 17/50

Epoch 00017: mean_squared_error improved from 0.00000 to 0.00000, saving model to /gpfswork/rech/ynx/ulx23va/repo/wf-SEDs/more_stars/wf-outputs/chkp/more_stars_bis/chkp_callback_poly_more_stars_complex_model_1k_bis_2_cycle2
32/32 - 59s - loss: 9.3374e-07 - mean_squared_error: 1.3381e-06 - val_loss: 1.1939e-08 - val_mean_squared_error: 1.1939e-08 - 59s/epoch - 2s/step
Epoch 18/50

Epoch 00018: mean_squared_error did not improve from 0.00000
32/32 - 59s - loss: 9.3378e-07 - mean_squared_error: 1.3382e-06 - val_loss: 1.1917e-08 - val_mean_squared_error: 1.1917e-08 - 59s/epoch - 2s/step
Epoch 19/50

Epoch 00019: mean_squared_error improved from 0.00000 to 0.00000, saving model to /gpfswork/rech/ynx/ulx23va/repo/wf-SEDs/more_stars/wf-outputs/chkp/more_stars_bis/chkp_callback_poly_more_stars_complex_model_1k_bis_2_cycle2
32/32 - 60s - loss: 9.3364e-07 - mean_squared_error: 1.3380e-06 - val_loss: 1.2085e-08 - val_mean_squared_error: 1.2085e-08 - 60s/epoch - 2s/step
Epoch 20/50

Epoch 00020: mean_squared_error did not improve from 0.00000
32/32 - 60s - loss: 9.3365e-07 - mean_squared_error: 1.3381e-06 - val_loss: 1.1738e-08 - val_mean_squared_error: 1.1738e-08 - 60s/epoch - 2s/step
Epoch 21/50

Epoch 00021: mean_squared_error improved from 0.00000 to 0.00000, saving model to /gpfswork/rech/ynx/ulx23va/repo/wf-SEDs/more_stars/wf-outputs/chkp/more_stars_bis/chkp_callback_poly_more_stars_complex_model_1k_bis_2_cycle2
32/32 - 59s - loss: 9.3356e-07 - mean_squared_error: 1.3380e-06 - val_loss: 1.1711e-08 - val_mean_squared_error: 1.1711e-08 - 59s/epoch - 2s/step
Epoch 22/50

Epoch 00022: mean_squared_error did not improve from 0.00000
32/32 - 60s - loss: 9.3349e-07 - mean_squared_error: 1.3380e-06 - val_loss: 1.1770e-08 - val_mean_squared_error: 1.1770e-08 - 60s/epoch - 2s/step
Epoch 23/50

Epoch 00023: mean_squared_error improved from 0.00000 to 0.00000, saving model to /gpfswork/rech/ynx/ulx23va/repo/wf-SEDs/more_stars/wf-outputs/chkp/more_stars_bis/chkp_callback_poly_more_stars_complex_model_1k_bis_2_cycle2
32/32 - 59s - loss: 9.3336e-07 - mean_squared_error: 1.3378e-06 - val_loss: 1.1543e-08 - val_mean_squared_error: 1.1543e-08 - 59s/epoch - 2s/step
Epoch 24/50

Epoch 00024: mean_squared_error improved from 0.00000 to 0.00000, saving model to /gpfswork/rech/ynx/ulx23va/repo/wf-SEDs/more_stars/wf-outputs/chkp/more_stars_bis/chkp_callback_poly_more_stars_complex_model_1k_bis_2_cycle2
32/32 - 60s - loss: 9.3329e-07 - mean_squared_error: 1.3378e-06 - val_loss: 1.1795e-08 - val_mean_squared_error: 1.1795e-08 - 60s/epoch - 2s/step
Epoch 25/50

Epoch 00025: mean_squared_error did not improve from 0.00000
32/32 - 59s - loss: 9.3371e-07 - mean_squared_error: 1.3380e-06 - val_loss: 1.1822e-08 - val_mean_squared_error: 1.1822e-08 - 59s/epoch - 2s/step
Epoch 26/50

Epoch 00026: mean_squared_error did not improve from 0.00000
32/32 - 59s - loss: 9.3342e-07 - mean_squared_error: 1.3380e-06 - val_loss: 1.1781e-08 - val_mean_squared_error: 1.1781e-08 - 59s/epoch - 2s/step
Epoch 27/50

Epoch 00027: mean_squared_error improved from 0.00000 to 0.00000, saving model to /gpfswork/rech/ynx/ulx23va/repo/wf-SEDs/more_stars/wf-outputs/chkp/more_stars_bis/chkp_callback_poly_more_stars_complex_model_1k_bis_2_cycle2
32/32 - 60s - loss: 9.3316e-07 - mean_squared_error: 1.3377e-06 - val_loss: 1.1601e-08 - val_mean_squared_error: 1.1601e-08 - 60s/epoch - 2s/step
Epoch 28/50

Epoch 00028: mean_squared_error improved from 0.00000 to 0.00000, saving model to /gpfswork/rech/ynx/ulx23va/repo/wf-SEDs/more_stars/wf-outputs/chkp/more_stars_bis/chkp_callback_poly_more_stars_complex_model_1k_bis_2_cycle2
32/32 - 59s - loss: 9.3300e-07 - mean_squared_error: 1.3376e-06 - val_loss: 1.1393e-08 - val_mean_squared_error: 1.1393e-08 - 59s/epoch - 2s/step
Epoch 29/50

Epoch 00029: mean_squared_error did not improve from 0.00000
32/32 - 60s - loss: 9.3307e-07 - mean_squared_error: 1.3376e-06 - val_loss: 1.1593e-08 - val_mean_squared_error: 1.1593e-08 - 60s/epoch - 2s/step
Epoch 30/50

Epoch 00030: mean_squared_error improved from 0.00000 to 0.00000, saving model to /gpfswork/rech/ynx/ulx23va/repo/wf-SEDs/more_stars/wf-outputs/chkp/more_stars_bis/chkp_callback_poly_more_stars_complex_model_1k_bis_2_cycle2
32/32 - 60s - loss: 9.3294e-07 - mean_squared_error: 1.3375e-06 - val_loss: 1.1370e-08 - val_mean_squared_error: 1.1370e-08 - 60s/epoch - 2s/step
Epoch 31/50

Epoch 00031: mean_squared_error improved from 0.00000 to 0.00000, saving model to /gpfswork/rech/ynx/ulx23va/repo/wf-SEDs/more_stars/wf-outputs/chkp/more_stars_bis/chkp_callback_poly_more_stars_complex_model_1k_bis_2_cycle2
32/32 - 59s - loss: 9.3280e-07 - mean_squared_error: 1.3373e-06 - val_loss: 1.1511e-08 - val_mean_squared_error: 1.1511e-08 - 59s/epoch - 2s/step
Epoch 32/50

Epoch 00032: mean_squared_error improved from 0.00000 to 0.00000, saving model to /gpfswork/rech/ynx/ulx23va/repo/wf-SEDs/more_stars/wf-outputs/chkp/more_stars_bis/chkp_callback_poly_more_stars_complex_model_1k_bis_2_cycle2
32/32 - 59s - loss: 9.3275e-07 - mean_squared_error: 1.3373e-06 - val_loss: 1.1416e-08 - val_mean_squared_error: 1.1416e-08 - 59s/epoch - 2s/step
Epoch 33/50

Epoch 00033: mean_squared_error did not improve from 0.00000
32/32 - 59s - loss: 9.3301e-07 - mean_squared_error: 1.3374e-06 - val_loss: 1.1428e-08 - val_mean_squared_error: 1.1428e-08 - 59s/epoch - 2s/step
Epoch 34/50

Epoch 00034: mean_squared_error improved from 0.00000 to 0.00000, saving model to /gpfswork/rech/ynx/ulx23va/repo/wf-SEDs/more_stars/wf-outputs/chkp/more_stars_bis/chkp_callback_poly_more_stars_complex_model_1k_bis_2_cycle2
32/32 - 59s - loss: 9.3263e-07 - mean_squared_error: 1.3372e-06 - val_loss: 1.1683e-08 - val_mean_squared_error: 1.1683e-08 - 59s/epoch - 2s/step
Epoch 35/50

Epoch 00035: mean_squared_error improved from 0.00000 to 0.00000, saving model to /gpfswork/rech/ynx/ulx23va/repo/wf-SEDs/more_stars/wf-outputs/chkp/more_stars_bis/chkp_callback_poly_more_stars_complex_model_1k_bis_2_cycle2
32/32 - 60s - loss: 9.3268e-07 - mean_squared_error: 1.3372e-06 - val_loss: 1.1335e-08 - val_mean_squared_error: 1.1335e-08 - 60s/epoch - 2s/step
Epoch 36/50

Epoch 00036: mean_squared_error improved from 0.00000 to 0.00000, saving model to /gpfswork/rech/ynx/ulx23va/repo/wf-SEDs/more_stars/wf-outputs/chkp/more_stars_bis/chkp_callback_poly_more_stars_complex_model_1k_bis_2_cycle2
32/32 - 59s - loss: 9.3260e-07 - mean_squared_error: 1.3372e-06 - val_loss: 1.1349e-08 - val_mean_squared_error: 1.1349e-08 - 59s/epoch - 2s/step
Epoch 37/50

Epoch 00037: mean_squared_error did not improve from 0.00000
32/32 - 59s - loss: 9.3270e-07 - mean_squared_error: 1.3373e-06 - val_loss: 1.1370e-08 - val_mean_squared_error: 1.1370e-08 - 59s/epoch - 2s/step
Epoch 38/50

Epoch 00038: mean_squared_error improved from 0.00000 to 0.00000, saving model to /gpfswork/rech/ynx/ulx23va/repo/wf-SEDs/more_stars/wf-outputs/chkp/more_stars_bis/chkp_callback_poly_more_stars_complex_model_1k_bis_2_cycle2
32/32 - 60s - loss: 9.3253e-07 - mean_squared_error: 1.3370e-06 - val_loss: 1.1326e-08 - val_mean_squared_error: 1.1326e-08 - 60s/epoch - 2s/step
Epoch 39/50

Epoch 00039: mean_squared_error improved from 0.00000 to 0.00000, saving model to /gpfswork/rech/ynx/ulx23va/repo/wf-SEDs/more_stars/wf-outputs/chkp/more_stars_bis/chkp_callback_poly_more_stars_complex_model_1k_bis_2_cycle2
32/32 - 59s - loss: 9.3233e-07 - mean_squared_error: 1.3369e-06 - val_loss: 1.1072e-08 - val_mean_squared_error: 1.1072e-08 - 59s/epoch - 2s/step
Epoch 40/50

Epoch 00040: mean_squared_error improved from 0.00000 to 0.00000, saving model to /gpfswork/rech/ynx/ulx23va/repo/wf-SEDs/more_stars/wf-outputs/chkp/more_stars_bis/chkp_callback_poly_more_stars_complex_model_1k_bis_2_cycle2
32/32 - 60s - loss: 9.3223e-07 - mean_squared_error: 1.3368e-06 - val_loss: 1.1400e-08 - val_mean_squared_error: 1.1400e-08 - 60s/epoch - 2s/step
Epoch 41/50

Epoch 00041: mean_squared_error did not improve from 0.00000
32/32 - 59s - loss: 9.3225e-07 - mean_squared_error: 1.3369e-06 - val_loss: 1.1237e-08 - val_mean_squared_error: 1.1237e-08 - 59s/epoch - 2s/step
Epoch 42/50

Epoch 00042: mean_squared_error did not improve from 0.00000
32/32 - 60s - loss: 9.3228e-07 - mean_squared_error: 1.3368e-06 - val_loss: 1.1161e-08 - val_mean_squared_error: 1.1161e-08 - 60s/epoch - 2s/step
Epoch 43/50

Epoch 00043: mean_squared_error improved from 0.00000 to 0.00000, saving model to /gpfswork/rech/ynx/ulx23va/repo/wf-SEDs/more_stars/wf-outputs/chkp/more_stars_bis/chkp_callback_poly_more_stars_complex_model_1k_bis_2_cycle2
32/32 - 60s - loss: 9.3224e-07 - mean_squared_error: 1.3368e-06 - val_loss: 1.0919e-08 - val_mean_squared_error: 1.0919e-08 - 60s/epoch - 2s/step
Epoch 44/50

Epoch 00044: mean_squared_error improved from 0.00000 to 0.00000, saving model to /gpfswork/rech/ynx/ulx23va/repo/wf-SEDs/more_stars/wf-outputs/chkp/more_stars_bis/chkp_callback_poly_more_stars_complex_model_1k_bis_2_cycle2
32/32 - 60s - loss: 9.3202e-07 - mean_squared_error: 1.3367e-06 - val_loss: 1.1091e-08 - val_mean_squared_error: 1.1091e-08 - 60s/epoch - 2s/step
Epoch 45/50

Epoch 00045: mean_squared_error did not improve from 0.00000
32/32 - 60s - loss: 9.3223e-07 - mean_squared_error: 1.3369e-06 - val_loss: 1.1107e-08 - val_mean_squared_error: 1.1107e-08 - 60s/epoch - 2s/step
Epoch 46/50

Epoch 00046: mean_squared_error did not improve from 0.00000
32/32 - 60s - loss: 9.3231e-07 - mean_squared_error: 1.3370e-06 - val_loss: 1.1156e-08 - val_mean_squared_error: 1.1156e-08 - 60s/epoch - 2s/step
Epoch 47/50

Epoch 00047: mean_squared_error improved from 0.00000 to 0.00000, saving model to /gpfswork/rech/ynx/ulx23va/repo/wf-SEDs/more_stars/wf-outputs/chkp/more_stars_bis/chkp_callback_poly_more_stars_complex_model_1k_bis_2_cycle2
32/32 - 59s - loss: 9.3201e-07 - mean_squared_error: 1.3365e-06 - val_loss: 1.0819e-08 - val_mean_squared_error: 1.0819e-08 - 59s/epoch - 2s/step
Epoch 48/50

Epoch 00048: mean_squared_error improved from 0.00000 to 0.00000, saving model to /gpfswork/rech/ynx/ulx23va/repo/wf-SEDs/more_stars/wf-outputs/chkp/more_stars_bis/chkp_callback_poly_more_stars_complex_model_1k_bis_2_cycle2
32/32 - 58s - loss: 9.3167e-07 - mean_squared_error: 1.3364e-06 - val_loss: 1.0876e-08 - val_mean_squared_error: 1.0876e-08 - 58s/epoch - 2s/step
Epoch 49/50

Epoch 00049: mean_squared_error improved from 0.00000 to 0.00000, saving model to /gpfswork/rech/ynx/ulx23va/repo/wf-SEDs/more_stars/wf-outputs/chkp/more_stars_bis/chkp_callback_poly_more_stars_complex_model_1k_bis_2_cycle2
32/32 - 56s - loss: 9.3166e-07 - mean_squared_error: 1.3364e-06 - val_loss: 1.0794e-08 - val_mean_squared_error: 1.0794e-08 - 56s/epoch - 2s/step
Epoch 50/50

Epoch 00050: mean_squared_error did not improve from 0.00000
32/32 - 52s - loss: 9.3173e-07 - mean_squared_error: 1.3364e-06 - val_loss: 1.1168e-08 - val_mean_squared_error: 1.1168e-08 - 52s/epoch - 2s/step
Cycle2 elapsed time: 3842.130018

Total elapsed time: 10860.301155

 Good bye..
