Starting the log file.
Found GPU at: /device:GPU:0
tf_version: 2.7.0
Dataset parameters:
{'d_max': 2, 'max_order': 45, 'x_lims': [0, 1000.0], 'y_lims': [0, 1000.0], 'grid_points': [4, 4], 'n_bins': 8, 'max_wfe_rms': 0.1, 'oversampling_rate': 3.0, 'output_Q': 3.0, 'output_dim': 32, 'LP_filter_length': 2, 'pupil_diameter': 128, 'euclid_obsc': True, 'n_stars': 6000}

***
Metric evaluation on the test dataset
***

Absolute RMSE:	 1.2421e-04 	 +/- 1.9192e-05
Relative RMSE:	 1.6683e+00 % 	 +/- 3.1041e-01 %
Absolute RMSE:	 1.6264e-01 	 +/- 2.0728e-02
Relative RMSE:	 2.1491e+02 % 	 +/- 1.7460e+01 %

Pixel star absolute RMSE:	 6.6186e-05 	 +/- 1.6854e-05 
Pixel star relative RMSE:	 4.3795e+00 % 	 +/- 1.4218e+00 %

sigma(e1) RMSE =		 1.3665e-02 	 +/- 1.2728e-02 
sigma(e2) RMSE =		 7.6867e-03 	 +/- 7.6460e-03 
sigma(R2)/<R2> =		 3.0515e-01 	 +/- 2.6156e-01 

Relative sigma(e1) RMSE =	 4.8794e+03 % 	 +/- 4.8762e+03 %
Relative sigma(e2) RMSE =	 2.9225e+03 % 	 +/- 2.9219e+03 %

Total number of stars: 		2000
Problematic number of stars: 	0

***
Metric evaluation on the train dataset
***

Absolute RMSE:	 1.2397e-04 	 +/- 1.7978e-05
Relative RMSE:	 1.6618e+00 % 	 +/- 2.9443e-01 %
Absolute RMSE:	 1.6176e-01 	 +/- 2.1096e-02
Relative RMSE:	 2.1466e+02 % 	 +/- 1.7337e+01 %

Pixel star absolute RMSE:	 6.5928e-05 	 +/- 1.7453e-05 
Pixel star relative RMSE:	 4.3503e+00 % 	 +/- 1.4659e+00 %

sigma(e1) RMSE =		 1.3212e-02 	 +/- 1.2224e-02 
sigma(e2) RMSE =		 7.9349e-03 	 +/- 7.9090e-03 
sigma(R2)/<R2> =		 1.9689e-01 	 +/- 1.8580e-01 

Relative sigma(e1) RMSE =	 5.0063e+03 % 	 +/- 5.0047e+03 %
Relative sigma(e2) RMSE =	 1.2461e+03 % 	 +/- 1.2457e+03 %

Total number of stars: 		6000
Problematic number of stars: 	0

Total elapsed time: 6691.707601

 Good bye..
