Starting the log file.
Found GPU at: /device:GPU:0
tf_version: 2.7.0
Dataset parameters:
{'d_max': 2, 'max_order': 45, 'x_lims': [0, 1000.0], 'y_lims': [0, 1000.0], 'grid_points': [4, 4], 'n_bins': 8, 'max_wfe_rms': 0.1, 'oversampling_rate': 3.0, 'output_Q': 3.0, 'output_dim': 32, 'LP_filter_length': 2, 'pupil_diameter': 128, 'euclid_obsc': True, 'n_stars': 1000}

***
Metric evaluation on the test dataset
***

Absolute RMSE:	 1.4987e-04 	 +/- 2.8552e-05
Relative RMSE:	 2.0259e+00 % 	 +/- 5.4258e-01 %
Absolute RMSE:	 1.4127e-01 	 +/- 1.3315e-02
Relative RMSE:	 1.8742e+02 % 	 +/- 1.5732e+01 %

Pixel star absolute RMSE:	 8.3328e-05 	 +/- 1.8329e-05 
Pixel star relative RMSE:	 5.5206e+00 % 	 +/- 1.7121e+00 %

sigma(e1) RMSE =		 2.2174e-02 	 +/- 1.7961e-02 
sigma(e2) RMSE =		 6.2886e-03 	 +/- 6.2515e-03 
sigma(R2)/<R2> =		 3.4533e-01 	 +/- 2.9449e-01 

Relative sigma(e1) RMSE =	 6.6454e+03 % 	 +/- 6.6420e+03 %
Relative sigma(e2) RMSE =	 9.0162e+02 % 	 +/- 9.0160e+02 %

Total number of stars: 		2000
Problematic number of stars: 	0

***
Metric evaluation on the train dataset
***

Absolute RMSE:	 1.4754e-04 	 +/- 2.5001e-05
Relative RMSE:	 1.9868e+00 % 	 +/- 4.8280e-01 %
Absolute RMSE:	 1.4188e-01 	 +/- 1.3843e-02
Relative RMSE:	 1.8816e+02 % 	 +/- 1.5846e+01 %

Pixel star absolute RMSE:	 8.3189e-05 	 +/- 2.0140e-05 
Pixel star relative RMSE:	 5.5191e+00 % 	 +/- 1.9348e+00 %

sigma(e1) RMSE =		 2.1894e-02 	 +/- 1.7611e-02 
sigma(e2) RMSE =		 6.7119e-03 	 +/- 6.6301e-03 
sigma(R2)/<R2> =		 3.9304e-02 	 +/- 1.9350e-02 

Relative sigma(e1) RMSE =	 3.1998e+03 % 	 +/- 3.1953e+03 %
Relative sigma(e2) RMSE =	 2.2720e+03 % 	 +/- 2.2709e+03 %

Total number of stars: 		1000
Problematic number of stars: 	0

Total elapsed time: 2526.543057

 Good bye..
