Starting the log file.
Found GPU at: /device:GPU:0
tf_version: 2.7.0
Dataset parameters:
{'d_max': 2, 'max_order': 45, 'x_lims': [0, 1000.0], 'y_lims': [0, 1000.0], 'grid_points': [4, 4], 'n_bins': 8, 'max_wfe_rms': 0.1, 'oversampling_rate': 3.0, 'output_Q': 3.0, 'output_dim': 32, 'LP_filter_length': 2, 'pupil_diameter': 128, 'euclid_obsc': True, 'n_stars': 1000}

***
Metric evaluation on the test dataset
***

Absolute RMSE:	 1.3537e-04 	 +/- 2.7058e-05
Relative RMSE:	 1.8330e+00 % 	 +/- 5.3432e-01 %
Absolute RMSE:	 1.1846e-01 	 +/- 1.7991e-02
Relative RMSE:	 1.5616e+02 % 	 +/- 1.3250e+01 %

Pixel star absolute RMSE:	 6.4906e-05 	 +/- 1.8357e-05 
Pixel star relative RMSE:	 4.2987e+00 % 	 +/- 1.5006e+00 %

sigma(e1) RMSE =		 8.6492e-03 	 +/- 8.1146e-03 
sigma(e2) RMSE =		 7.0616e-03 	 +/- 5.1332e-03 
sigma(R2)/<R2> =		 3.7202e-01 	 +/- 3.1369e-01 

Relative sigma(e1) RMSE =	 1.7466e+03 % 	 +/- 1.7466e+03 %
Relative sigma(e2) RMSE =	 1.0249e+03 % 	 +/- 1.0247e+03 %

Total number of stars: 		2000
Problematic number of stars: 	0

***
Metric evaluation on the train dataset
***

Absolute RMSE:	 1.3306e-04 	 +/- 2.4892e-05
Relative RMSE:	 1.7951e+00 % 	 +/- 4.9188e-01 %
Absolute RMSE:	 1.1819e-01 	 +/- 1.7717e-02
Relative RMSE:	 1.5579e+02 % 	 +/- 1.2939e+01 %

Pixel star absolute RMSE:	 6.3567e-05 	 +/- 1.7729e-05 
Pixel star relative RMSE:	 4.2108e+00 % 	 +/- 1.5046e+00 %

sigma(e1) RMSE =		 7.5034e-03 	 +/- 7.0077e-03 
sigma(e2) RMSE =		 6.5802e-03 	 +/- 4.9690e-03 
sigma(R2)/<R2> =		 2.7023e-01 	 +/- 2.5988e-01 

Relative sigma(e1) RMSE =	 7.6146e+02 % 	 +/- 7.5929e+02 %
Relative sigma(e2) RMSE =	 2.4145e+03 % 	 +/- 2.4138e+03 %

Total number of stars: 		1000
Problematic number of stars: 	0

Total elapsed time: 2365.497548

 Good bye..
