Starting the log file.
Found GPU at: /device:GPU:0
tf_version: 2.7.0
Dataset parameters:
{'d_max': 2, 'max_order': 45, 'x_lims': [0, 1000.0], 'y_lims': [0, 1000.0], 'grid_points': [4, 4], 'n_bins': 8, 'max_wfe_rms': 0.1, 'oversampling_rate': 3.0, 'output_Q': 3.0, 'output_dim': 32, 'LP_filter_length': 2, 'pupil_diameter': 128, 'euclid_obsc': True, 'n_stars': 4000}

***
Metric evaluation on the test dataset
***

Absolute RMSE:	 1.0580e-04 	 +/- 1.6002e-05
Relative RMSE:	 1.4270e+00 % 	 +/- 2.9517e-01 %
Absolute RMSE:	 1.1308e-01 	 +/- 1.8163e-02
Relative RMSE:	 1.4889e+02 % 	 +/- 1.5711e+01 %

Pixel star absolute RMSE:	 3.0956e-05 	 +/- 5.7784e-06 
Pixel star relative RMSE:	 2.0388e+00 % 	 +/- 5.5157e-01 %

sigma(e1) RMSE =		 6.4551e-03 	 +/- 6.3290e-03 
sigma(e2) RMSE =		 2.3511e-03 	 +/- 1.6140e-03 
sigma(R2)/<R2> =		 3.3588e-01 	 +/- 2.8516e-01 

Relative sigma(e1) RMSE =	 6.2993e+02 % 	 +/- 6.2991e+02 %
Relative sigma(e2) RMSE =	 1.4803e+03 % 	 +/- 1.4796e+03 %

Total number of stars: 		2000
Problematic number of stars: 	0

***
Metric evaluation on the train dataset
***

Absolute RMSE:	 1.0572e-04 	 +/- 1.5184e-05
Relative RMSE:	 1.4242e+00 % 	 +/- 2.8963e-01 %
Absolute RMSE:	 1.1239e-01 	 +/- 1.7943e-02
Relative RMSE:	 1.4856e+02 % 	 +/- 1.5656e+01 %

Pixel star absolute RMSE:	 3.0972e-05 	 +/- 5.8258e-06 
Pixel star relative RMSE:	 2.0342e+00 % 	 +/- 5.4500e-01 %

sigma(e1) RMSE =		 4.6666e-03 	 +/- 4.4281e-03 
sigma(e2) RMSE =		 2.4039e-03 	 +/- 1.6200e-03 
sigma(R2)/<R2> =		 1.5259e-01 	 +/- 1.2818e-01 

Relative sigma(e1) RMSE =	 1.1214e+03 % 	 +/- 1.1214e+03 %
Relative sigma(e2) RMSE =	 9.5117e+02 % 	 +/- 9.5109e+02 %

Total number of stars: 		4000
Problematic number of stars: 	0

Total elapsed time: 4769.650525

 Good bye..
