Starting the log file.
Found GPU at: /device:GPU:0
tf_version: 2.7.0
Dataset parameters:
{'d_max': 2, 'max_order': 45, 'x_lims': [0, 1000.0], 'y_lims': [0, 1000.0], 'grid_points': [4, 4], 'n_bins': 8, 'max_wfe_rms': 0.1, 'oversampling_rate': 3.0, 'output_Q': 3.0, 'output_dim': 32, 'LP_filter_length': 2, 'pupil_diameter': 128, 'euclid_obsc': True, 'n_stars': 2000}

***
Metric evaluation on the test dataset
***

Absolute RMSE:	 1.2525e-04 	 +/- 2.3702e-05
Relative RMSE:	 1.6959e+00 % 	 +/- 4.5516e-01 %
Absolute RMSE:	 1.5323e-01 	 +/- 1.7112e-02
Relative RMSE:	 2.0279e+02 % 	 +/- 1.6080e+01 %

Pixel star absolute RMSE:	 6.6258e-05 	 +/- 1.5700e-05 
Pixel star relative RMSE:	 4.3863e+00 % 	 +/- 1.4400e+00 %

sigma(e1) RMSE =		 1.1691e-02 	 +/- 1.1502e-02 
sigma(e2) RMSE =		 5.4532e-03 	 +/- 5.2340e-03 
sigma(R2)/<R2> =		 3.2534e-01 	 +/- 2.7502e-01 

Relative sigma(e1) RMSE =	 7.1819e+03 % 	 +/- 7.1796e+03 %
Relative sigma(e2) RMSE =	 3.3005e+02 % 	 +/- 3.3002e+02 %

Total number of stars: 		2000
Problematic number of stars: 	0

***
Metric evaluation on the train dataset
***

Absolute RMSE:	 1.2537e-04 	 +/- 2.2372e-05
Relative RMSE:	 1.6974e+00 % 	 +/- 4.4550e-01 %
Absolute RMSE:	 1.5294e-01 	 +/- 1.7435e-02
Relative RMSE:	 2.0258e+02 % 	 +/- 1.5697e+01 %

Pixel star absolute RMSE:	 6.6474e-05 	 +/- 1.6247e-05 
Pixel star relative RMSE:	 4.4069e+00 % 	 +/- 1.5221e+00 %

sigma(e1) RMSE =		 1.0832e-02 	 +/- 1.0598e-02 
sigma(e2) RMSE =		 5.6638e-03 	 +/- 5.4131e-03 
sigma(R2)/<R2> =		 5.3595e-02 	 +/- 1.7969e-02 

Relative sigma(e1) RMSE =	 2.8352e+03 % 	 +/- 2.8351e+03 %
Relative sigma(e2) RMSE =	 3.3852e+02 % 	 +/- 3.3848e+02 %

Total number of stars: 		2000
Problematic number of stars: 	0

Total elapsed time: 3142.632936

 Good bye..
