Starting the log file.
Found GPU at: /device:GPU:0
tf_version: 2.7.0
Dataset parameters:
{'d_max': 2, 'max_order': 45, 'x_lims': [0, 1000.0], 'y_lims': [0, 1000.0], 'grid_points': [4, 4], 'n_bins': 8, 'max_wfe_rms': 0.1, 'oversampling_rate': 3.0, 'output_Q': 3.0, 'output_dim': 32, 'LP_filter_length': 2, 'pupil_diameter': 128, 'euclid_obsc': True, 'n_stars': 2000}

***
Metric evaluation on the test dataset
***

Absolute RMSE:	 1.3546e-04 	 +/- 2.2072e-05
Relative RMSE:	 1.8268e+00 % 	 +/- 4.0409e-01 %
Absolute RMSE:	 1.4475e-01 	 +/- 1.7981e-02
Relative RMSE:	 1.9154e+02 % 	 +/- 1.7863e+01 %

Pixel star absolute RMSE:	 6.9703e-05 	 +/- 1.4365e-05 
Pixel star relative RMSE:	 4.5832e+00 % 	 +/- 1.2147e+00 %

sigma(e1) RMSE =		 1.2317e-02 	 +/- 1.1772e-02 
sigma(e2) RMSE =		 5.8925e-03 	 +/- 5.8816e-03 
sigma(R2)/<R2> =		 3.4649e-01 	 +/- 2.9336e-01 

Relative sigma(e1) RMSE =	 3.8539e+03 % 	 +/- 3.8526e+03 %
Relative sigma(e2) RMSE =	 9.3237e+02 % 	 +/- 9.3146e+02 %

Total number of stars: 		2000
Problematic number of stars: 	0

***
Metric evaluation on the train dataset
***

Absolute RMSE:	 1.3430e-04 	 +/- 2.0646e-05
Relative RMSE:	 1.8114e+00 % 	 +/- 3.9173e-01 %
Absolute RMSE:	 1.4524e-01 	 +/- 1.8052e-02
Relative RMSE:	 1.9239e+02 % 	 +/- 1.7436e+01 %

Pixel star absolute RMSE:	 7.0289e-05 	 +/- 1.5151e-05 
Pixel star relative RMSE:	 4.6243e+00 % 	 +/- 1.2979e+00 %

sigma(e1) RMSE =		 1.1671e-02 	 +/- 1.1198e-02 
sigma(e2) RMSE =		 6.0220e-03 	 +/- 6.0144e-03 
sigma(R2)/<R2> =		 2.0326e-01 	 +/- 1.7083e-01 

Relative sigma(e1) RMSE =	 2.1862e+03 % 	 +/- 2.1862e+03 %
Relative sigma(e2) RMSE =	 1.3263e+03 % 	 +/- 1.3259e+03 %

Total number of stars: 		2000
Problematic number of stars: 	0

Total elapsed time: 3318.675233

 Good bye..
