Starting the log file.
Found GPU at: /device:GPU:0
tf_version: 2.7.0
Dataset parameters:
{'d_max': 2, 'max_order': 45, 'x_lims': [0, 1000.0], 'y_lims': [0, 1000.0], 'grid_points': [4, 4], 'n_bins': 8, 'max_wfe_rms': 0.1, 'oversampling_rate': 3.0, 'output_Q': 3.0, 'output_dim': 32, 'LP_filter_length': 2, 'pupil_diameter': 128, 'euclid_obsc': True, 'n_stars': 8000}

***
Metric evaluation on the test dataset
***

Absolute RMSE:	 1.1486e-04 	 +/- 2.0568e-05
Relative RMSE:	 1.5433e+00 % 	 +/- 3.3872e-01 %
Absolute RMSE:	 1.6135e-01 	 +/- 2.4018e-02
Relative RMSE:	 2.1263e+02 % 	 +/- 1.9623e+01 %

Pixel star absolute RMSE:	 5.0203e-05 	 +/- 9.1149e-06 
Pixel star relative RMSE:	 3.2981e+00 % 	 +/- 8.2301e-01 %

sigma(e1) RMSE =		 7.8838e-03 	 +/- 7.0190e-03 
sigma(e2) RMSE =		 5.2932e-03 	 +/- 3.8400e-03 
sigma(R2)/<R2> =		 3.5232e-01 	 +/- 2.9714e-01 

Relative sigma(e1) RMSE =	 9.8386e+02 % 	 +/- 9.8386e+02 %
Relative sigma(e2) RMSE =	 7.4716e+02 % 	 +/- 7.4712e+02 %

Total number of stars: 		2000
Problematic number of stars: 	0

***
Metric evaluation on the train dataset
***

Absolute RMSE:	 1.1487e-04 	 +/- 1.9637e-05
Relative RMSE:	 1.5383e+00 % 	 +/- 3.1666e-01 %
Absolute RMSE:	 1.6022e-01 	 +/- 2.4126e-02
Relative RMSE:	 2.1211e+02 % 	 +/- 1.9777e+01 %

Pixel star absolute RMSE:	 5.0381e-05 	 +/- 9.3643e-06 
Pixel star relative RMSE:	 3.2947e+00 % 	 +/- 8.1332e-01 %

sigma(e1) RMSE =		 6.9255e-03 	 +/- 5.9619e-03 
sigma(e2) RMSE =		 5.2936e-03 	 +/- 3.8319e-03 
sigma(R2)/<R2> =		 2.2791e-01 	 +/- 2.0283e-01 

Relative sigma(e1) RMSE =	 2.8855e+03 % 	 +/- 2.8849e+03 %
Relative sigma(e2) RMSE =	 1.2502e+03 % 	 +/- 1.2502e+03 %

Total number of stars: 		8000
Problematic number of stars: 	1

Total elapsed time: 7831.956554

 Good bye..
