Starting the log file.
Found GPU at: /device:GPU:0
tf_version: 2.7.0
Zernike cube:
(15, 128, 128)
Dataset parameters:
{'d_max': 2, 'max_order': 45, 'x_lims': [0, 1000.0], 'y_lims': [0, 1000.0], 'grid_points': [4, 4], 'n_bins': 8, 'max_wfe_rms': 0.1, 'oversampling_rate': 3.0, 'output_Q': 3.0, 'output_dim': 32, 'LP_filter_length': 2, 'pupil_diameter': 128, 'euclid_obsc': True, 'n_stars': 6000}
Starting cycle 1..
Starting parametric update..
Epoch 1/15

Epoch 00001: mean_squared_error improved from inf to 0.00000, saving model to /gpfswork/rech/ynx/ulx23va/repo/wf-SEDs/more_stars/wf-outputs/chkp/more_stars_bis/chkp_callback_poly_more_stars_6k_bis_4_cycle1
188/188 - 293s - loss: 4.0626e-06 - mean_squared_error: 4.1027e-06 - val_loss: 8.9157e-07 - val_mean_squared_error: 8.9157e-07 - 293s/epoch - 2s/step
Epoch 2/15

Epoch 00002: mean_squared_error improved from 0.00000 to 0.00000, saving model to /gpfswork/rech/ynx/ulx23va/repo/wf-SEDs/more_stars/wf-outputs/chkp/more_stars_bis/chkp_callback_poly_more_stars_6k_bis_4_cycle1
188/188 - 289s - loss: 1.8153e-06 - mean_squared_error: 2.1313e-06 - val_loss: 7.4959e-07 - val_mean_squared_error: 7.4959e-07 - 289s/epoch - 2s/step
Epoch 3/15

Epoch 00003: mean_squared_error improved from 0.00000 to 0.00000, saving model to /gpfswork/rech/ynx/ulx23va/repo/wf-SEDs/more_stars/wf-outputs/chkp/more_stars_bis/chkp_callback_poly_more_stars_6k_bis_4_cycle1
188/188 - 289s - loss: 1.7901e-06 - mean_squared_error: 2.1136e-06 - val_loss: 8.1874e-07 - val_mean_squared_error: 8.1874e-07 - 289s/epoch - 2s/step
Epoch 4/15

Epoch 00004: mean_squared_error improved from 0.00000 to 0.00000, saving model to /gpfswork/rech/ynx/ulx23va/repo/wf-SEDs/more_stars/wf-outputs/chkp/more_stars_bis/chkp_callback_poly_more_stars_6k_bis_4_cycle1
188/188 - 289s - loss: 1.7837e-06 - mean_squared_error: 2.1063e-06 - val_loss: 7.1965e-07 - val_mean_squared_error: 7.1965e-07 - 289s/epoch - 2s/step
Epoch 5/15

Epoch 00005: mean_squared_error improved from 0.00000 to 0.00000, saving model to /gpfswork/rech/ynx/ulx23va/repo/wf-SEDs/more_stars/wf-outputs/chkp/more_stars_bis/chkp_callback_poly_more_stars_6k_bis_4_cycle1
188/188 - 290s - loss: 1.7669e-06 - mean_squared_error: 2.0970e-06 - val_loss: 7.2119e-07 - val_mean_squared_error: 7.2119e-07 - 290s/epoch - 2s/step
Epoch 6/15

Epoch 00006: mean_squared_error improved from 0.00000 to 0.00000, saving model to /gpfswork/rech/ynx/ulx23va/repo/wf-SEDs/more_stars/wf-outputs/chkp/more_stars_bis/chkp_callback_poly_more_stars_6k_bis_4_cycle1
188/188 - 290s - loss: 1.7147e-06 - mean_squared_error: 2.0504e-06 - val_loss: 7.9456e-07 - val_mean_squared_error: 7.9456e-07 - 290s/epoch - 2s/step
Epoch 7/15

Epoch 00007: mean_squared_error did not improve from 0.00000
188/188 - 290s - loss: 1.8756e-06 - mean_squared_error: 2.2032e-06 - val_loss: 8.1013e-07 - val_mean_squared_error: 8.1013e-07 - 290s/epoch - 2s/step
Epoch 8/15

Epoch 00008: mean_squared_error did not improve from 0.00000
188/188 - 289s - loss: 1.7861e-06 - mean_squared_error: 2.1180e-06 - val_loss: 9.0897e-07 - val_mean_squared_error: 9.0897e-07 - 289s/epoch - 2s/step
Epoch 9/15

Epoch 00009: mean_squared_error did not improve from 0.00000
188/188 - 290s - loss: 2.0624e-06 - mean_squared_error: 2.3882e-06 - val_loss: 1.1052e-06 - val_mean_squared_error: 1.1052e-06 - 290s/epoch - 2s/step
Epoch 10/15

Epoch 00010: mean_squared_error did not improve from 0.00000
188/188 - 290s - loss: 1.8454e-06 - mean_squared_error: 2.1772e-06 - val_loss: 8.5474e-07 - val_mean_squared_error: 8.5474e-07 - 290s/epoch - 2s/step
Epoch 11/15

Epoch 00011: mean_squared_error did not improve from 0.00000
188/188 - 290s - loss: 1.8725e-06 - mean_squared_error: 2.1889e-06 - val_loss: 7.4846e-07 - val_mean_squared_error: 7.4846e-07 - 290s/epoch - 2s/step
Epoch 12/15

Epoch 00012: mean_squared_error did not improve from 0.00000
188/188 - 290s - loss: 2.1238e-06 - mean_squared_error: 2.4425e-06 - val_loss: 9.2260e-07 - val_mean_squared_error: 9.2260e-07 - 290s/epoch - 2s/step
Epoch 13/15

Epoch 00013: mean_squared_error did not improve from 0.00000
188/188 - 290s - loss: 2.1198e-06 - mean_squared_error: 2.4442e-06 - val_loss: 2.0327e-06 - val_mean_squared_error: 2.0327e-06 - 290s/epoch - 2s/step
Epoch 14/15

Epoch 00014: mean_squared_error did not improve from 0.00000
188/188 - 290s - loss: 1.8998e-06 - mean_squared_error: 2.2282e-06 - val_loss: 8.7504e-07 - val_mean_squared_error: 8.7504e-07 - 290s/epoch - 2s/step
Epoch 15/15

Epoch 00015: mean_squared_error did not improve from 0.00000
188/188 - 290s - loss: 1.9262e-06 - mean_squared_error: 2.2636e-06 - val_loss: 1.0312e-06 - val_mean_squared_error: 1.0312e-06 - 290s/epoch - 2s/step
Starting non-parametric update..
Epoch 1/100

Epoch 00001: mean_squared_error improved from 0.00000 to 0.00000, saving model to /gpfswork/rech/ynx/ulx23va/repo/wf-SEDs/more_stars/wf-outputs/chkp/more_stars_bis/chkp_callback_poly_more_stars_6k_bis_4_cycle1
188/188 - 283s - loss: 1.4597e-06 - mean_squared_error: 1.8300e-06 - val_loss: 2.7215e-07 - val_mean_squared_error: 2.7215e-07 - 283s/epoch - 2s/step
Epoch 2/100

Epoch 00002: mean_squared_error improved from 0.00000 to 0.00000, saving model to /gpfswork/rech/ynx/ulx23va/repo/wf-SEDs/more_stars/wf-outputs/chkp/more_stars_bis/chkp_callback_poly_more_stars_6k_bis_4_cycle1
188/188 - 283s - loss: 1.1353e-06 - mean_squared_error: 1.5297e-06 - val_loss: 1.3351e-07 - val_mean_squared_error: 1.3351e-07 - 283s/epoch - 2s/step
Epoch 3/100

Epoch 00003: mean_squared_error improved from 0.00000 to 0.00000, saving model to /gpfswork/rech/ynx/ulx23va/repo/wf-SEDs/more_stars/wf-outputs/chkp/more_stars_bis/chkp_callback_poly_more_stars_6k_bis_4_cycle1
188/188 - 284s - loss: 1.0397e-06 - mean_squared_error: 1.4412e-06 - val_loss: 7.8606e-08 - val_mean_squared_error: 7.8606e-08 - 284s/epoch - 2s/step
Epoch 4/100

Epoch 00004: mean_squared_error improved from 0.00000 to 0.00000, saving model to /gpfswork/rech/ynx/ulx23va/repo/wf-SEDs/more_stars/wf-outputs/chkp/more_stars_bis/chkp_callback_poly_more_stars_6k_bis_4_cycle1
188/188 - 286s - loss: 1.0008e-06 - mean_squared_error: 1.4052e-06 - val_loss: 5.6120e-08 - val_mean_squared_error: 5.6120e-08 - 286s/epoch - 2s/step
Epoch 5/100

Epoch 00005: mean_squared_error improved from 0.00000 to 0.00000, saving model to /gpfswork/rech/ynx/ulx23va/repo/wf-SEDs/more_stars/wf-outputs/chkp/more_stars_bis/chkp_callback_poly_more_stars_6k_bis_4_cycle1
188/188 - 277s - loss: 9.8282e-07 - mean_squared_error: 1.3884e-06 - val_loss: 4.1731e-08 - val_mean_squared_error: 4.1731e-08 - 277s/epoch - 1s/step
Epoch 6/100

Epoch 00006: mean_squared_error improved from 0.00000 to 0.00000, saving model to /gpfswork/rech/ynx/ulx23va/repo/wf-SEDs/more_stars/wf-outputs/chkp/more_stars_bis/chkp_callback_poly_more_stars_6k_bis_4_cycle1
188/188 - 279s - loss: 9.7431e-07 - mean_squared_error: 1.3803e-06 - val_loss: 3.7103e-08 - val_mean_squared_error: 3.7103e-08 - 279s/epoch - 1s/step
Epoch 7/100

Epoch 00007: mean_squared_error did not improve from 0.00000
188/188 - 285s - loss: 9.7932e-07 - mean_squared_error: 1.3832e-06 - val_loss: 2.8890e-08 - val_mean_squared_error: 2.8890e-08 - 285s/epoch - 2s/step
Epoch 8/100

Epoch 00008: mean_squared_error improved from 0.00000 to 0.00000, saving model to /gpfswork/rech/ynx/ulx23va/repo/wf-SEDs/more_stars/wf-outputs/chkp/more_stars_bis/chkp_callback_poly_more_stars_6k_bis_4_cycle1
188/188 - 283s - loss: 9.6234e-07 - mean_squared_error: 1.3692e-06 - val_loss: 2.6641e-08 - val_mean_squared_error: 2.6641e-08 - 283s/epoch - 2s/step
Epoch 9/100

Epoch 00009: mean_squared_error did not improve from 0.00000
188/188 - 282s - loss: 9.6524e-07 - mean_squared_error: 1.3717e-06 - val_loss: 2.3878e-08 - val_mean_squared_error: 2.3878e-08 - 282s/epoch - 1s/step
Epoch 10/100

Epoch 00010: mean_squared_error improved from 0.00000 to 0.00000, saving model to /gpfswork/rech/ynx/ulx23va/repo/wf-SEDs/more_stars/wf-outputs/chkp/more_stars_bis/chkp_callback_poly_more_stars_6k_bis_4_cycle1
188/188 - 282s - loss: 9.5484e-07 - mean_squared_error: 1.3621e-06 - val_loss: 2.1511e-08 - val_mean_squared_error: 2.1511e-08 - 282s/epoch - 1s/step
Epoch 11/100

Epoch 00011: mean_squared_error improved from 0.00000 to 0.00000, saving model to /gpfswork/rech/ynx/ulx23va/repo/wf-SEDs/more_stars/wf-outputs/chkp/more_stars_bis/chkp_callback_poly_more_stars_6k_bis_4_cycle1
188/188 - 285s - loss: 9.5475e-07 - mean_squared_error: 1.3620e-06 - val_loss: 2.1753e-08 - val_mean_squared_error: 2.1753e-08 - 285s/epoch - 2s/step
Epoch 12/100

Epoch 00012: mean_squared_error did not improve from 0.00000
188/188 - 285s - loss: 9.5724e-07 - mean_squared_error: 1.3638e-06 - val_loss: 2.5178e-08 - val_mean_squared_error: 2.5178e-08 - 285s/epoch - 2s/step
Epoch 13/100

Epoch 00013: mean_squared_error improved from 0.00000 to 0.00000, saving model to /gpfswork/rech/ynx/ulx23va/repo/wf-SEDs/more_stars/wf-outputs/chkp/more_stars_bis/chkp_callback_poly_more_stars_6k_bis_4_cycle1
188/188 - 284s - loss: 9.5182e-07 - mean_squared_error: 1.3590e-06 - val_loss: 1.6400e-08 - val_mean_squared_error: 1.6400e-08 - 284s/epoch - 2s/step
Epoch 14/100

Epoch 00014: mean_squared_error improved from 0.00000 to 0.00000, saving model to /gpfswork/rech/ynx/ulx23va/repo/wf-SEDs/more_stars/wf-outputs/chkp/more_stars_bis/chkp_callback_poly_more_stars_6k_bis_4_cycle1
188/188 - 283s - loss: 9.4936e-07 - mean_squared_error: 1.3568e-06 - val_loss: 1.8927e-08 - val_mean_squared_error: 1.8927e-08 - 283s/epoch - 2s/step
Epoch 15/100

Epoch 00015: mean_squared_error did not improve from 0.00000
188/188 - 282s - loss: 9.5041e-07 - mean_squared_error: 1.3576e-06 - val_loss: 2.1242e-08 - val_mean_squared_error: 2.1242e-08 - 282s/epoch - 1s/step
Epoch 16/100

Epoch 00016: mean_squared_error did not improve from 0.00000
188/188 - 284s - loss: 9.5038e-07 - mean_squared_error: 1.3577e-06 - val_loss: 1.9857e-08 - val_mean_squared_error: 1.9857e-08 - 284s/epoch - 2s/step
Epoch 17/100

Epoch 00017: mean_squared_error did not improve from 0.00000
188/188 - 284s - loss: 9.4991e-07 - mean_squared_error: 1.3575e-06 - val_loss: 1.3588e-08 - val_mean_squared_error: 1.3588e-08 - 284s/epoch - 2s/step
Epoch 18/100

Epoch 00018: mean_squared_error improved from 0.00000 to 0.00000, saving model to /gpfswork/rech/ynx/ulx23va/repo/wf-SEDs/more_stars/wf-outputs/chkp/more_stars_bis/chkp_callback_poly_more_stars_6k_bis_4_cycle1
188/188 - 285s - loss: 9.4513e-07 - mean_squared_error: 1.3529e-06 - val_loss: 1.4391e-08 - val_mean_squared_error: 1.4391e-08 - 285s/epoch - 2s/step
Epoch 19/100

Epoch 00019: mean_squared_error did not improve from 0.00000
188/188 - 286s - loss: 9.4559e-07 - mean_squared_error: 1.3533e-06 - val_loss: 2.4483e-08 - val_mean_squared_error: 2.4483e-08 - 286s/epoch - 2s/step
Epoch 20/100

Epoch 00020: mean_squared_error did not improve from 0.00000
188/188 - 285s - loss: 9.4600e-07 - mean_squared_error: 1.3538e-06 - val_loss: 1.3080e-08 - val_mean_squared_error: 1.3080e-08 - 285s/epoch - 2s/step
Epoch 21/100

Epoch 00021: mean_squared_error did not improve from 0.00000
188/188 - 284s - loss: 9.4658e-07 - mean_squared_error: 1.3539e-06 - val_loss: 1.3662e-08 - val_mean_squared_error: 1.3662e-08 - 284s/epoch - 2s/step
Epoch 22/100

Epoch 00022: mean_squared_error did not improve from 0.00000
188/188 - 284s - loss: 9.4671e-07 - mean_squared_error: 1.3540e-06 - val_loss: 1.8782e-08 - val_mean_squared_error: 1.8782e-08 - 284s/epoch - 2s/step
Epoch 23/100

Epoch 00023: mean_squared_error improved from 0.00000 to 0.00000, saving model to /gpfswork/rech/ynx/ulx23va/repo/wf-SEDs/more_stars/wf-outputs/chkp/more_stars_bis/chkp_callback_poly_more_stars_6k_bis_4_cycle1
188/188 - 283s - loss: 9.4506e-07 - mean_squared_error: 1.3527e-06 - val_loss: 9.8270e-09 - val_mean_squared_error: 9.8270e-09 - 283s/epoch - 2s/step
Epoch 24/100

Epoch 00024: mean_squared_error improved from 0.00000 to 0.00000, saving model to /gpfswork/rech/ynx/ulx23va/repo/wf-SEDs/more_stars/wf-outputs/chkp/more_stars_bis/chkp_callback_poly_more_stars_6k_bis_4_cycle1
188/188 - 283s - loss: 9.4273e-07 - mean_squared_error: 1.3505e-06 - val_loss: 1.0273e-08 - val_mean_squared_error: 1.0273e-08 - 283s/epoch - 2s/step
Epoch 25/100

Epoch 00025: mean_squared_error improved from 0.00000 to 0.00000, saving model to /gpfswork/rech/ynx/ulx23va/repo/wf-SEDs/more_stars/wf-outputs/chkp/more_stars_bis/chkp_callback_poly_more_stars_6k_bis_4_cycle1
188/188 - 284s - loss: 9.4239e-07 - mean_squared_error: 1.3503e-06 - val_loss: 1.4099e-08 - val_mean_squared_error: 1.4099e-08 - 284s/epoch - 2s/step
Epoch 26/100

Epoch 00026: mean_squared_error improved from 0.00000 to 0.00000, saving model to /gpfswork/rech/ynx/ulx23va/repo/wf-SEDs/more_stars/wf-outputs/chkp/more_stars_bis/chkp_callback_poly_more_stars_6k_bis_4_cycle1
188/188 - 286s - loss: 9.4249e-07 - mean_squared_error: 1.3501e-06 - val_loss: 1.4351e-08 - val_mean_squared_error: 1.4351e-08 - 286s/epoch - 2s/step
Epoch 27/100

Epoch 00027: mean_squared_error did not improve from 0.00000
188/188 - 285s - loss: 9.4303e-07 - mean_squared_error: 1.3509e-06 - val_loss: 1.0231e-08 - val_mean_squared_error: 1.0231e-08 - 285s/epoch - 2s/step
Epoch 28/100

Epoch 00028: mean_squared_error improved from 0.00000 to 0.00000, saving model to /gpfswork/rech/ynx/ulx23va/repo/wf-SEDs/more_stars/wf-outputs/chkp/more_stars_bis/chkp_callback_poly_more_stars_6k_bis_4_cycle1
188/188 - 283s - loss: 9.4167e-07 - mean_squared_error: 1.3494e-06 - val_loss: 1.0222e-08 - val_mean_squared_error: 1.0222e-08 - 283s/epoch - 2s/step
Epoch 29/100

Epoch 00029: mean_squared_error did not improve from 0.00000
188/188 - 283s - loss: 9.4474e-07 - mean_squared_error: 1.3519e-06 - val_loss: 1.6735e-08 - val_mean_squared_error: 1.6735e-08 - 283s/epoch - 2s/step
Epoch 30/100

Epoch 00030: mean_squared_error did not improve from 0.00000
188/188 - 284s - loss: 9.4413e-07 - mean_squared_error: 1.3512e-06 - val_loss: 1.1728e-08 - val_mean_squared_error: 1.1728e-08 - 284s/epoch - 2s/step
Epoch 31/100

Epoch 00031: mean_squared_error improved from 0.00000 to 0.00000, saving model to /gpfswork/rech/ynx/ulx23va/repo/wf-SEDs/more_stars/wf-outputs/chkp/more_stars_bis/chkp_callback_poly_more_stars_6k_bis_4_cycle1
188/188 - 285s - loss: 9.4081e-07 - mean_squared_error: 1.3487e-06 - val_loss: 9.8812e-09 - val_mean_squared_error: 9.8812e-09 - 285s/epoch - 2s/step
Epoch 32/100

Epoch 00032: mean_squared_error improved from 0.00000 to 0.00000, saving model to /gpfswork/rech/ynx/ulx23va/repo/wf-SEDs/more_stars/wf-outputs/chkp/more_stars_bis/chkp_callback_poly_more_stars_6k_bis_4_cycle1
188/188 - 285s - loss: 9.4022e-07 - mean_squared_error: 1.3482e-06 - val_loss: 8.5270e-09 - val_mean_squared_error: 8.5270e-09 - 285s/epoch - 2s/step
Epoch 33/100

Epoch 00033: mean_squared_error did not improve from 0.00000
188/188 - 285s - loss: 9.4022e-07 - mean_squared_error: 1.3482e-06 - val_loss: 9.6794e-09 - val_mean_squared_error: 9.6794e-09 - 285s/epoch - 2s/step
Epoch 34/100

Epoch 00034: mean_squared_error did not improve from 0.00000
188/188 - 285s - loss: 9.4239e-07 - mean_squared_error: 1.3501e-06 - val_loss: 1.4731e-08 - val_mean_squared_error: 1.4731e-08 - 285s/epoch - 2s/step
Epoch 35/100

Epoch 00035: mean_squared_error did not improve from 0.00000
188/188 - 285s - loss: 9.4070e-07 - mean_squared_error: 1.3486e-06 - val_loss: 8.3038e-09 - val_mean_squared_error: 8.3038e-09 - 285s/epoch - 2s/step
Epoch 36/100

Epoch 00036: mean_squared_error did not improve from 0.00000
188/188 - 285s - loss: 9.4074e-07 - mean_squared_error: 1.3485e-06 - val_loss: 7.7953e-09 - val_mean_squared_error: 7.7953e-09 - 285s/epoch - 2s/step
Epoch 37/100

Epoch 00037: mean_squared_error did not improve from 0.00000
188/188 - 285s - loss: 9.4021e-07 - mean_squared_error: 1.3482e-06 - val_loss: 8.0689e-09 - val_mean_squared_error: 8.0689e-09 - 285s/epoch - 2s/step
Epoch 38/100

Epoch 00038: mean_squared_error improved from 0.00000 to 0.00000, saving model to /gpfswork/rech/ynx/ulx23va/repo/wf-SEDs/more_stars/wf-outputs/chkp/more_stars_bis/chkp_callback_poly_more_stars_6k_bis_4_cycle1
188/188 - 283s - loss: 9.3988e-07 - mean_squared_error: 1.3478e-06 - val_loss: 8.9629e-09 - val_mean_squared_error: 8.9629e-09 - 283s/epoch - 2s/step
Epoch 39/100

Epoch 00039: mean_squared_error did not improve from 0.00000
188/188 - 284s - loss: 9.4014e-07 - mean_squared_error: 1.3479e-06 - val_loss: 7.5589e-09 - val_mean_squared_error: 7.5589e-09 - 284s/epoch - 2s/step
Epoch 40/100

Epoch 00040: mean_squared_error improved from 0.00000 to 0.00000, saving model to /gpfswork/rech/ynx/ulx23va/repo/wf-SEDs/more_stars/wf-outputs/chkp/more_stars_bis/chkp_callback_poly_more_stars_6k_bis_4_cycle1
188/188 - 285s - loss: 9.3970e-07 - mean_squared_error: 1.3477e-06 - val_loss: 1.4116e-08 - val_mean_squared_error: 1.4116e-08 - 285s/epoch - 2s/step
Epoch 41/100

Epoch 00041: mean_squared_error did not improve from 0.00000
188/188 - 284s - loss: 9.4013e-07 - mean_squared_error: 1.3480e-06 - val_loss: 9.4230e-09 - val_mean_squared_error: 9.4230e-09 - 284s/epoch - 2s/step
Epoch 42/100

Epoch 00042: mean_squared_error improved from 0.00000 to 0.00000, saving model to /gpfswork/rech/ynx/ulx23va/repo/wf-SEDs/more_stars/wf-outputs/chkp/more_stars_bis/chkp_callback_poly_more_stars_6k_bis_4_cycle1
188/188 - 284s - loss: 9.3995e-07 - mean_squared_error: 1.3476e-06 - val_loss: 7.5332e-09 - val_mean_squared_error: 7.5332e-09 - 284s/epoch - 2s/step
Epoch 43/100

Epoch 00043: mean_squared_error did not improve from 0.00000
188/188 - 285s - loss: 9.4137e-07 - mean_squared_error: 1.3489e-06 - val_loss: 7.6260e-09 - val_mean_squared_error: 7.6260e-09 - 285s/epoch - 2s/step
Epoch 44/100

Epoch 00044: mean_squared_error improved from 0.00000 to 0.00000, saving model to /gpfswork/rech/ynx/ulx23va/repo/wf-SEDs/more_stars/wf-outputs/chkp/more_stars_bis/chkp_callback_poly_more_stars_6k_bis_4_cycle1
188/188 - 285s - loss: 9.3851e-07 - mean_squared_error: 1.3465e-06 - val_loss: 9.0573e-09 - val_mean_squared_error: 9.0573e-09 - 285s/epoch - 2s/step
Epoch 45/100

Epoch 00045: mean_squared_error did not improve from 0.00000
188/188 - 285s - loss: 9.3951e-07 - mean_squared_error: 1.3475e-06 - val_loss: 7.4260e-09 - val_mean_squared_error: 7.4260e-09 - 285s/epoch - 2s/step
Epoch 46/100

Epoch 00046: mean_squared_error did not improve from 0.00000
188/188 - 282s - loss: 9.3992e-07 - mean_squared_error: 1.3478e-06 - val_loss: 9.5729e-09 - val_mean_squared_error: 9.5729e-09 - 282s/epoch - 2s/step
Epoch 47/100

Epoch 00047: mean_squared_error improved from 0.00000 to 0.00000, saving model to /gpfswork/rech/ynx/ulx23va/repo/wf-SEDs/more_stars/wf-outputs/chkp/more_stars_bis/chkp_callback_poly_more_stars_6k_bis_4_cycle1
188/188 - 285s - loss: 9.3828e-07 - mean_squared_error: 1.3464e-06 - val_loss: 8.2071e-09 - val_mean_squared_error: 8.2071e-09 - 285s/epoch - 2s/step
Epoch 48/100

Epoch 00048: mean_squared_error did not improve from 0.00000
188/188 - 287s - loss: 9.3923e-07 - mean_squared_error: 1.3471e-06 - val_loss: 1.0059e-08 - val_mean_squared_error: 1.0059e-08 - 287s/epoch - 2s/step
Epoch 49/100

Epoch 00049: mean_squared_error did not improve from 0.00000
188/188 - 285s - loss: 9.3872e-07 - mean_squared_error: 1.3467e-06 - val_loss: 8.4511e-09 - val_mean_squared_error: 8.4511e-09 - 285s/epoch - 2s/step
Epoch 50/100

Epoch 00050: mean_squared_error did not improve from 0.00000
188/188 - 284s - loss: 9.3864e-07 - mean_squared_error: 1.3466e-06 - val_loss: 7.4743e-09 - val_mean_squared_error: 7.4743e-09 - 284s/epoch - 2s/step
Epoch 51/100

Epoch 00051: mean_squared_error improved from 0.00000 to 0.00000, saving model to /gpfswork/rech/ynx/ulx23va/repo/wf-SEDs/more_stars/wf-outputs/chkp/more_stars_bis/chkp_callback_poly_more_stars_6k_bis_4_cycle1
188/188 - 282s - loss: 9.3796e-07 - mean_squared_error: 1.3460e-06 - val_loss: 8.6570e-09 - val_mean_squared_error: 8.6570e-09 - 282s/epoch - 2s/step
Epoch 52/100

Epoch 00052: mean_squared_error improved from 0.00000 to 0.00000, saving model to /gpfswork/rech/ynx/ulx23va/repo/wf-SEDs/more_stars/wf-outputs/chkp/more_stars_bis/chkp_callback_poly_more_stars_6k_bis_4_cycle1
188/188 - 283s - loss: 9.3792e-07 - mean_squared_error: 1.3460e-06 - val_loss: 6.6473e-09 - val_mean_squared_error: 6.6473e-09 - 283s/epoch - 2s/step
Epoch 53/100

Epoch 00053: mean_squared_error did not improve from 0.00000
188/188 - 283s - loss: 9.3852e-07 - mean_squared_error: 1.3465e-06 - val_loss: 7.8424e-09 - val_mean_squared_error: 7.8424e-09 - 283s/epoch - 2s/step
Epoch 54/100

Epoch 00054: mean_squared_error did not improve from 0.00000
188/188 - 282s - loss: 9.3895e-07 - mean_squared_error: 1.3471e-06 - val_loss: 7.0726e-09 - val_mean_squared_error: 7.0726e-09 - 282s/epoch - 2s/step
Epoch 55/100

Epoch 00055: mean_squared_error did not improve from 0.00000
188/188 - 282s - loss: 9.3843e-07 - mean_squared_error: 1.3465e-06 - val_loss: 6.8412e-09 - val_mean_squared_error: 6.8412e-09 - 282s/epoch - 2s/step
Epoch 56/100

Epoch 00056: mean_squared_error did not improve from 0.00000
188/188 - 288s - loss: 9.3790e-07 - mean_squared_error: 1.3460e-06 - val_loss: 7.8571e-09 - val_mean_squared_error: 7.8571e-09 - 288s/epoch - 2s/step
Epoch 57/100

Epoch 00057: mean_squared_error improved from 0.00000 to 0.00000, saving model to /gpfswork/rech/ynx/ulx23va/repo/wf-SEDs/more_stars/wf-outputs/chkp/more_stars_bis/chkp_callback_poly_more_stars_6k_bis_4_cycle1
188/188 - 287s - loss: 9.3754e-07 - mean_squared_error: 1.3456e-06 - val_loss: 7.5044e-09 - val_mean_squared_error: 7.5044e-09 - 287s/epoch - 2s/step
Epoch 58/100

Epoch 00058: mean_squared_error did not improve from 0.00000
188/188 - 287s - loss: 9.3825e-07 - mean_squared_error: 1.3463e-06 - val_loss: 1.2167e-08 - val_mean_squared_error: 1.2167e-08 - 287s/epoch - 2s/step
Epoch 59/100

Epoch 00059: mean_squared_error did not improve from 0.00000
188/188 - 282s - loss: 9.3865e-07 - mean_squared_error: 1.3466e-06 - val_loss: 6.1800e-09 - val_mean_squared_error: 6.1800e-09 - 282s/epoch - 2s/step
Epoch 60/100

Epoch 00060: mean_squared_error improved from 0.00000 to 0.00000, saving model to /gpfswork/rech/ynx/ulx23va/repo/wf-SEDs/more_stars/wf-outputs/chkp/more_stars_bis/chkp_callback_poly_more_stars_6k_bis_4_cycle1
188/188 - 286s - loss: 9.3733e-07 - mean_squared_error: 1.3454e-06 - val_loss: 7.4221e-09 - val_mean_squared_error: 7.4221e-09 - 286s/epoch - 2s/step
Epoch 61/100

Epoch 00061: mean_squared_error did not improve from 0.00000
188/188 - 284s - loss: 9.3804e-07 - mean_squared_error: 1.3461e-06 - val_loss: 6.8424e-09 - val_mean_squared_error: 6.8424e-09 - 284s/epoch - 2s/step
Epoch 62/100

Epoch 00062: mean_squared_error did not improve from 0.00000
188/188 - 282s - loss: 9.3739e-07 - mean_squared_error: 1.3454e-06 - val_loss: 6.1550e-09 - val_mean_squared_error: 6.1550e-09 - 282s/epoch - 1s/step
Epoch 63/100

Epoch 00063: mean_squared_error improved from 0.00000 to 0.00000, saving model to /gpfswork/rech/ynx/ulx23va/repo/wf-SEDs/more_stars/wf-outputs/chkp/more_stars_bis/chkp_callback_poly_more_stars_6k_bis_4_cycle1
188/188 - 283s - loss: 9.3657e-07 - mean_squared_error: 1.3447e-06 - val_loss: 6.6748e-09 - val_mean_squared_error: 6.6748e-09 - 283s/epoch - 2s/step
Epoch 64/100

Epoch 00064: mean_squared_error did not improve from 0.00000
188/188 - 283s - loss: 9.3731e-07 - mean_squared_error: 1.3454e-06 - val_loss: 6.4890e-09 - val_mean_squared_error: 6.4890e-09 - 283s/epoch - 2s/step
Epoch 65/100

Epoch 00065: mean_squared_error did not improve from 0.00000
188/188 - 284s - loss: 9.3707e-07 - mean_squared_error: 1.3452e-06 - val_loss: 5.4954e-09 - val_mean_squared_error: 5.4954e-09 - 284s/epoch - 2s/step
Epoch 66/100

Epoch 00066: mean_squared_error did not improve from 0.00000
188/188 - 286s - loss: 9.3749e-07 - mean_squared_error: 1.3455e-06 - val_loss: 7.2671e-09 - val_mean_squared_error: 7.2671e-09 - 286s/epoch - 2s/step
Epoch 67/100

Epoch 00067: mean_squared_error did not improve from 0.00000
188/188 - 284s - loss: 9.4121e-07 - mean_squared_error: 1.3489e-06 - val_loss: 8.2889e-09 - val_mean_squared_error: 8.2889e-09 - 284s/epoch - 2s/step
Epoch 68/100

Epoch 00068: mean_squared_error did not improve from 0.00000
188/188 - 285s - loss: 9.3768e-07 - mean_squared_error: 1.3458e-06 - val_loss: 6.7026e-09 - val_mean_squared_error: 6.7026e-09 - 285s/epoch - 2s/step
Epoch 69/100

Epoch 00069: mean_squared_error did not improve from 0.00000
188/188 - 282s - loss: 9.3827e-07 - mean_squared_error: 1.3462e-06 - val_loss: 6.5552e-09 - val_mean_squared_error: 6.5552e-09 - 282s/epoch - 1s/step
Epoch 70/100

Epoch 00070: mean_squared_error improved from 0.00000 to 0.00000, saving model to /gpfswork/rech/ynx/ulx23va/repo/wf-SEDs/more_stars/wf-outputs/chkp/more_stars_bis/chkp_callback_poly_more_stars_6k_bis_4_cycle1
188/188 - 286s - loss: 9.3643e-07 - mean_squared_error: 1.3446e-06 - val_loss: 6.1574e-09 - val_mean_squared_error: 6.1574e-09 - 286s/epoch - 2s/step
Epoch 71/100

Epoch 00071: mean_squared_error did not improve from 0.00000
188/188 - 282s - loss: 9.3643e-07 - mean_squared_error: 1.3446e-06 - val_loss: 5.6046e-09 - val_mean_squared_error: 5.6046e-09 - 282s/epoch - 1s/step
Epoch 72/100

Epoch 00072: mean_squared_error did not improve from 0.00000
188/188 - 286s - loss: 9.3696e-07 - mean_squared_error: 1.3449e-06 - val_loss: 6.1625e-09 - val_mean_squared_error: 6.1625e-09 - 286s/epoch - 2s/step
Epoch 73/100

Epoch 00073: mean_squared_error did not improve from 0.00000
188/188 - 283s - loss: 9.3649e-07 - mean_squared_error: 1.3446e-06 - val_loss: 6.3916e-09 - val_mean_squared_error: 6.3916e-09 - 283s/epoch - 2s/step
Epoch 74/100

Epoch 00074: mean_squared_error did not improve from 0.00000
188/188 - 284s - loss: 9.3846e-07 - mean_squared_error: 1.3466e-06 - val_loss: 7.1103e-09 - val_mean_squared_error: 7.1103e-09 - 284s/epoch - 2s/step
Epoch 75/100

Epoch 00075: mean_squared_error did not improve from 0.00000
188/188 - 282s - loss: 9.3716e-07 - mean_squared_error: 1.3452e-06 - val_loss: 5.8926e-09 - val_mean_squared_error: 5.8926e-09 - 282s/epoch - 2s/step
Epoch 76/100

Epoch 00076: mean_squared_error improved from 0.00000 to 0.00000, saving model to /gpfswork/rech/ynx/ulx23va/repo/wf-SEDs/more_stars/wf-outputs/chkp/more_stars_bis/chkp_callback_poly_more_stars_6k_bis_4_cycle1
188/188 - 284s - loss: 9.3620e-07 - mean_squared_error: 1.3443e-06 - val_loss: 5.5661e-09 - val_mean_squared_error: 5.5661e-09 - 284s/epoch - 2s/step
Epoch 77/100

Epoch 00077: mean_squared_error did not improve from 0.00000
188/188 - 285s - loss: 9.3641e-07 - mean_squared_error: 1.3446e-06 - val_loss: 5.8816e-09 - val_mean_squared_error: 5.8816e-09 - 285s/epoch - 2s/step
Epoch 78/100

Epoch 00078: mean_squared_error did not improve from 0.00000
188/188 - 282s - loss: 9.3639e-07 - mean_squared_error: 1.3446e-06 - val_loss: 6.1881e-09 - val_mean_squared_error: 6.1881e-09 - 282s/epoch - 2s/step
Epoch 79/100

Epoch 00079: mean_squared_error did not improve from 0.00000
188/188 - 284s - loss: 9.3732e-07 - mean_squared_error: 1.3453e-06 - val_loss: 5.6437e-09 - val_mean_squared_error: 5.6437e-09 - 284s/epoch - 2s/step
Epoch 80/100

Epoch 00080: mean_squared_error did not improve from 0.00000
188/188 - 285s - loss: 9.3783e-07 - mean_squared_error: 1.3457e-06 - val_loss: 7.4534e-09 - val_mean_squared_error: 7.4534e-09 - 285s/epoch - 2s/step
Epoch 81/100

Epoch 00081: mean_squared_error did not improve from 0.00000
188/188 - 282s - loss: 9.3658e-07 - mean_squared_error: 1.3447e-06 - val_loss: 6.2239e-09 - val_mean_squared_error: 6.2239e-09 - 282s/epoch - 1s/step
Epoch 82/100

Epoch 00082: mean_squared_error improved from 0.00000 to 0.00000, saving model to /gpfswork/rech/ynx/ulx23va/repo/wf-SEDs/more_stars/wf-outputs/chkp/more_stars_bis/chkp_callback_poly_more_stars_6k_bis_4_cycle1
188/188 - 284s - loss: 9.3608e-07 - mean_squared_error: 1.3443e-06 - val_loss: 6.0909e-09 - val_mean_squared_error: 6.0909e-09 - 284s/epoch - 2s/step
Epoch 83/100

Epoch 00083: mean_squared_error did not improve from 0.00000
188/188 - 282s - loss: 9.3665e-07 - mean_squared_error: 1.3447e-06 - val_loss: 7.2680e-09 - val_mean_squared_error: 7.2680e-09 - 282s/epoch - 2s/step
Epoch 84/100

Epoch 00084: mean_squared_error did not improve from 0.00000
188/188 - 287s - loss: 9.3683e-07 - mean_squared_error: 1.3449e-06 - val_loss: 5.9637e-09 - val_mean_squared_error: 5.9637e-09 - 287s/epoch - 2s/step
Epoch 85/100

Epoch 00085: mean_squared_error did not improve from 0.00000
188/188 - 282s - loss: 9.3653e-07 - mean_squared_error: 1.3447e-06 - val_loss: 6.5118e-09 - val_mean_squared_error: 6.5118e-09 - 282s/epoch - 1s/step
Epoch 86/100

Epoch 00086: mean_squared_error did not improve from 0.00000
188/188 - 286s - loss: 9.3636e-07 - mean_squared_error: 1.3445e-06 - val_loss: 6.4470e-09 - val_mean_squared_error: 6.4470e-09 - 286s/epoch - 2s/step
Epoch 87/100

Epoch 00087: mean_squared_error did not improve from 0.00000
188/188 - 281s - loss: 9.3641e-07 - mean_squared_error: 1.3446e-06 - val_loss: 6.2113e-09 - val_mean_squared_error: 6.2113e-09 - 281s/epoch - 1s/step
Epoch 88/100

Epoch 00088: mean_squared_error did not improve from 0.00000
188/188 - 287s - loss: 9.3682e-07 - mean_squared_error: 1.3449e-06 - val_loss: 6.1734e-09 - val_mean_squared_error: 6.1734e-09 - 287s/epoch - 2s/step
Epoch 89/100

Epoch 00089: mean_squared_error did not improve from 0.00000
188/188 - 282s - loss: 9.3606e-07 - mean_squared_error: 1.3443e-06 - val_loss: 5.8522e-09 - val_mean_squared_error: 5.8522e-09 - 282s/epoch - 2s/step
Epoch 90/100

Epoch 00090: mean_squared_error did not improve from 0.00000
188/188 - 284s - loss: 9.3716e-07 - mean_squared_error: 1.3451e-06 - val_loss: 6.2772e-09 - val_mean_squared_error: 6.2772e-09 - 284s/epoch - 2s/step
Epoch 91/100

Epoch 00091: mean_squared_error improved from 0.00000 to 0.00000, saving model to /gpfswork/rech/ynx/ulx23va/repo/wf-SEDs/more_stars/wf-outputs/chkp/more_stars_bis/chkp_callback_poly_more_stars_6k_bis_4_cycle1
188/188 - 283s - loss: 9.3573e-07 - mean_squared_error: 1.3440e-06 - val_loss: 5.5861e-09 - val_mean_squared_error: 5.5861e-09 - 283s/epoch - 2s/step
Epoch 92/100

Epoch 00092: mean_squared_error did not improve from 0.00000
188/188 - 283s - loss: 9.3607e-07 - mean_squared_error: 1.3443e-06 - val_loss: 6.8881e-09 - val_mean_squared_error: 6.8881e-09 - 283s/epoch - 2s/step
Epoch 93/100

Epoch 00093: mean_squared_error did not improve from 0.00000
188/188 - 283s - loss: 9.3736e-07 - mean_squared_error: 1.3452e-06 - val_loss: 9.9188e-09 - val_mean_squared_error: 9.9188e-09 - 283s/epoch - 2s/step
Epoch 94/100

Epoch 00094: mean_squared_error did not improve from 0.00000
188/188 - 283s - loss: 9.3634e-07 - mean_squared_error: 1.3445e-06 - val_loss: 6.5257e-09 - val_mean_squared_error: 6.5257e-09 - 283s/epoch - 2s/step
Epoch 95/100

Epoch 00095: mean_squared_error did not improve from 0.00000
188/188 - 285s - loss: 9.3659e-07 - mean_squared_error: 1.3448e-06 - val_loss: 7.6488e-09 - val_mean_squared_error: 7.6488e-09 - 285s/epoch - 2s/step
Epoch 96/100

Epoch 00096: mean_squared_error did not improve from 0.00000
188/188 - 283s - loss: 9.3633e-07 - mean_squared_error: 1.3445e-06 - val_loss: 5.3648e-09 - val_mean_squared_error: 5.3648e-09 - 283s/epoch - 2s/step
Epoch 97/100

Epoch 00097: mean_squared_error improved from 0.00000 to 0.00000, saving model to /gpfswork/rech/ynx/ulx23va/repo/wf-SEDs/more_stars/wf-outputs/chkp/more_stars_bis/chkp_callback_poly_more_stars_6k_bis_4_cycle1
188/188 - 284s - loss: 9.3562e-07 - mean_squared_error: 1.3438e-06 - val_loss: 6.1283e-09 - val_mean_squared_error: 6.1283e-09 - 284s/epoch - 2s/step
Epoch 98/100

Epoch 00098: mean_squared_error did not improve from 0.00000
188/188 - 283s - loss: 9.3601e-07 - mean_squared_error: 1.3442e-06 - val_loss: 6.7579e-09 - val_mean_squared_error: 6.7579e-09 - 283s/epoch - 2s/step
Epoch 99/100

Epoch 00099: mean_squared_error did not improve from 0.00000
188/188 - 285s - loss: 9.3571e-07 - mean_squared_error: 1.3439e-06 - val_loss: 6.3687e-09 - val_mean_squared_error: 6.3687e-09 - 285s/epoch - 2s/step
Epoch 100/100

Epoch 00100: mean_squared_error improved from 0.00000 to 0.00000, saving model to /gpfswork/rech/ynx/ulx23va/repo/wf-SEDs/more_stars/wf-outputs/chkp/more_stars_bis/chkp_callback_poly_more_stars_6k_bis_4_cycle1
188/188 - 282s - loss: 9.3508e-07 - mean_squared_error: 1.3434e-06 - val_loss: 5.0699e-09 - val_mean_squared_error: 5.0699e-09 - 282s/epoch - 2s/step
Cycle1 elapsed time: 32748.453388
Starting cycle 2..
Starting parametric update..
Epoch 1/15

Epoch 00001: mean_squared_error improved from inf to 0.00000, saving model to /gpfswork/rech/ynx/ulx23va/repo/wf-SEDs/more_stars/wf-outputs/chkp/more_stars_bis/chkp_callback_poly_more_stars_6k_bis_4_cycle2
188/188 - 289s - loss: 9.3580e-07 - mean_squared_error: 1.3441e-06 - val_loss: 1.0927e-08 - val_mean_squared_error: 1.0927e-08 - 289s/epoch - 2s/step
Epoch 2/15

Epoch 00002: mean_squared_error did not improve from 0.00000
188/188 - 279s - loss: 9.3990e-07 - mean_squared_error: 1.3479e-06 - val_loss: 9.1324e-09 - val_mean_squared_error: 9.1324e-09 - 279s/epoch - 1s/step
Epoch 3/15

Epoch 00003: mean_squared_error did not improve from 0.00000
188/188 - 283s - loss: 9.4660e-07 - mean_squared_error: 1.3543e-06 - val_loss: 1.9001e-08 - val_mean_squared_error: 1.9001e-08 - 283s/epoch - 2s/step
Epoch 4/15

Epoch 00004: mean_squared_error did not improve from 0.00000
188/188 - 284s - loss: 9.4961e-07 - mean_squared_error: 1.3572e-06 - val_loss: 1.0072e-08 - val_mean_squared_error: 1.0072e-08 - 284s/epoch - 2s/step
Epoch 5/15

Epoch 00005: mean_squared_error did not improve from 0.00000
188/188 - 284s - loss: 9.5568e-07 - mean_squared_error: 1.3622e-06 - val_loss: 1.1502e-08 - val_mean_squared_error: 1.1502e-08 - 284s/epoch - 2s/step
Epoch 6/15

Epoch 00006: mean_squared_error did not improve from 0.00000
188/188 - 283s - loss: 9.4764e-07 - mean_squared_error: 1.3549e-06 - val_loss: 1.1568e-08 - val_mean_squared_error: 1.1568e-08 - 283s/epoch - 2s/step
Epoch 7/15

Epoch 00007: mean_squared_error did not improve from 0.00000
188/188 - 283s - loss: 9.5667e-07 - mean_squared_error: 1.3641e-06 - val_loss: 5.8825e-08 - val_mean_squared_error: 5.8825e-08 - 283s/epoch - 2s/step
Epoch 8/15

Epoch 00008: mean_squared_error did not improve from 0.00000
188/188 - 284s - loss: 9.5905e-07 - mean_squared_error: 1.3661e-06 - val_loss: 1.6954e-08 - val_mean_squared_error: 1.6954e-08 - 284s/epoch - 2s/step
Epoch 9/15

Epoch 00009: mean_squared_error did not improve from 0.00000
188/188 - 284s - loss: 9.5152e-07 - mean_squared_error: 1.3588e-06 - val_loss: 3.6631e-08 - val_mean_squared_error: 3.6631e-08 - 284s/epoch - 2s/step
Epoch 10/15

Epoch 00010: mean_squared_error did not improve from 0.00000
188/188 - 283s - loss: 9.4809e-07 - mean_squared_error: 1.3552e-06 - val_loss: 9.7075e-08 - val_mean_squared_error: 9.7075e-08 - 283s/epoch - 2s/step
Epoch 11/15

Epoch 00011: mean_squared_error did not improve from 0.00000
188/188 - 284s - loss: 9.9271e-07 - mean_squared_error: 1.3974e-06 - val_loss: 6.8369e-09 - val_mean_squared_error: 6.8369e-09 - 284s/epoch - 2s/step
Epoch 12/15

Epoch 00012: mean_squared_error did not improve from 0.00000
188/188 - 284s - loss: 9.4205e-07 - mean_squared_error: 1.3498e-06 - val_loss: 1.1852e-08 - val_mean_squared_error: 1.1852e-08 - 284s/epoch - 2s/step
Epoch 13/15

Epoch 00013: mean_squared_error did not improve from 0.00000
188/188 - 284s - loss: 9.7559e-07 - mean_squared_error: 1.3817e-06 - val_loss: 1.5019e-08 - val_mean_squared_error: 1.5019e-08 - 284s/epoch - 2s/step
Epoch 14/15

Epoch 00014: mean_squared_error did not improve from 0.00000
188/188 - 283s - loss: 9.4563e-07 - mean_squared_error: 1.3534e-06 - val_loss: 2.5255e-08 - val_mean_squared_error: 2.5255e-08 - 283s/epoch - 2s/step
Epoch 15/15

Epoch 00015: mean_squared_error did not improve from 0.00000
188/188 - 284s - loss: 9.5707e-07 - mean_squared_error: 1.3648e-06 - val_loss: 2.3759e-08 - val_mean_squared_error: 2.3759e-08 - 284s/epoch - 2s/step
Starting non-parametric update..
Epoch 1/50

Epoch 00001: mean_squared_error improved from 0.00000 to 0.00000, saving model to /gpfswork/rech/ynx/ulx23va/repo/wf-SEDs/more_stars/wf-outputs/chkp/more_stars_bis/chkp_callback_poly_more_stars_6k_bis_4_cycle2
188/188 - 308s - loss: 9.3569e-07 - mean_squared_error: 1.3440e-06 - val_loss: 4.0190e-09 - val_mean_squared_error: 4.0190e-09 - 308s/epoch - 2s/step
Epoch 2/50

Epoch 00002: mean_squared_error improved from 0.00000 to 0.00000, saving model to /gpfswork/rech/ynx/ulx23va/repo/wf-SEDs/more_stars/wf-outputs/chkp/more_stars_bis/chkp_callback_poly_more_stars_6k_bis_4_cycle2
188/188 - 306s - loss: 9.3336e-07 - mean_squared_error: 1.3418e-06 - val_loss: 3.8943e-09 - val_mean_squared_error: 3.8943e-09 - 306s/epoch - 2s/step
Epoch 3/50

Epoch 00003: mean_squared_error did not improve from 0.00000
188/188 - 308s - loss: 9.3342e-07 - mean_squared_error: 1.3418e-06 - val_loss: 3.9598e-09 - val_mean_squared_error: 3.9598e-09 - 308s/epoch - 2s/step
Epoch 4/50

Epoch 00004: mean_squared_error did not improve from 0.00000
188/188 - 308s - loss: 9.3343e-07 - mean_squared_error: 1.3419e-06 - val_loss: 3.9187e-09 - val_mean_squared_error: 3.9187e-09 - 308s/epoch - 2s/step
Epoch 5/50

Epoch 00005: mean_squared_error did not improve from 0.00000
188/188 - 309s - loss: 9.3348e-07 - mean_squared_error: 1.3419e-06 - val_loss: 3.8786e-09 - val_mean_squared_error: 3.8786e-09 - 309s/epoch - 2s/step
Epoch 6/50

Epoch 00006: mean_squared_error did not improve from 0.00000
188/188 - 308s - loss: 9.3346e-07 - mean_squared_error: 1.3419e-06 - val_loss: 4.0217e-09 - val_mean_squared_error: 4.0217e-09 - 308s/epoch - 2s/step
Epoch 7/50

Epoch 00007: mean_squared_error did not improve from 0.00000
188/188 - 307s - loss: 9.3360e-07 - mean_squared_error: 1.3420e-06 - val_loss: 3.9762e-09 - val_mean_squared_error: 3.9762e-09 - 307s/epoch - 2s/step
Epoch 8/50

Epoch 00008: mean_squared_error did not improve from 0.00000
188/188 - 308s - loss: 9.3364e-07 - mean_squared_error: 1.3421e-06 - val_loss: 3.9378e-09 - val_mean_squared_error: 3.9378e-09 - 308s/epoch - 2s/step
Epoch 9/50

Epoch 00009: mean_squared_error did not improve from 0.00000
188/188 - 308s - loss: 9.3364e-07 - mean_squared_error: 1.3421e-06 - val_loss: 4.0757e-09 - val_mean_squared_error: 4.0757e-09 - 308s/epoch - 2s/step
Epoch 10/50

Epoch 00010: mean_squared_error did not improve from 0.00000
188/188 - 307s - loss: 9.3361e-07 - mean_squared_error: 1.3420e-06 - val_loss: 4.1512e-09 - val_mean_squared_error: 4.1512e-09 - 307s/epoch - 2s/step
Epoch 11/50

Epoch 00011: mean_squared_error did not improve from 0.00000
188/188 - 307s - loss: 9.3365e-07 - mean_squared_error: 1.3421e-06 - val_loss: 4.1697e-09 - val_mean_squared_error: 4.1697e-09 - 307s/epoch - 2s/step
Epoch 12/50

Epoch 00012: mean_squared_error did not improve from 0.00000
188/188 - 308s - loss: 9.3367e-07 - mean_squared_error: 1.3421e-06 - val_loss: 4.4588e-09 - val_mean_squared_error: 4.4588e-09 - 308s/epoch - 2s/step
Epoch 13/50

Epoch 00013: mean_squared_error did not improve from 0.00000
188/188 - 308s - loss: 9.3364e-07 - mean_squared_error: 1.3421e-06 - val_loss: 4.1560e-09 - val_mean_squared_error: 4.1560e-09 - 308s/epoch - 2s/step
Epoch 14/50

Epoch 00014: mean_squared_error did not improve from 0.00000
188/188 - 309s - loss: 9.3377e-07 - mean_squared_error: 1.3422e-06 - val_loss: 4.2515e-09 - val_mean_squared_error: 4.2515e-09 - 309s/epoch - 2s/step
Epoch 15/50

Epoch 00015: mean_squared_error did not improve from 0.00000
188/188 - 309s - loss: 9.3377e-07 - mean_squared_error: 1.3422e-06 - val_loss: 4.5543e-09 - val_mean_squared_error: 4.5543e-09 - 309s/epoch - 2s/step
Epoch 16/50

Epoch 00016: mean_squared_error did not improve from 0.00000
188/188 - 309s - loss: 9.3373e-07 - mean_squared_error: 1.3421e-06 - val_loss: 4.1902e-09 - val_mean_squared_error: 4.1902e-09 - 309s/epoch - 2s/step
Epoch 17/50

Epoch 00017: mean_squared_error did not improve from 0.00000
188/188 - 308s - loss: 9.3376e-07 - mean_squared_error: 1.3422e-06 - val_loss: 4.1390e-09 - val_mean_squared_error: 4.1390e-09 - 308s/epoch - 2s/step
Epoch 18/50

Epoch 00018: mean_squared_error did not improve from 0.00000
188/188 - 307s - loss: 9.3372e-07 - mean_squared_error: 1.3421e-06 - val_loss: 4.2561e-09 - val_mean_squared_error: 4.2561e-09 - 307s/epoch - 2s/step
Epoch 19/50

Epoch 00019: mean_squared_error did not improve from 0.00000
188/188 - 308s - loss: 9.3369e-07 - mean_squared_error: 1.3421e-06 - val_loss: 4.0173e-09 - val_mean_squared_error: 4.0173e-09 - 308s/epoch - 2s/step
Epoch 20/50

Epoch 00020: mean_squared_error did not improve from 0.00000
188/188 - 309s - loss: 9.3375e-07 - mean_squared_error: 1.3421e-06 - val_loss: 4.1198e-09 - val_mean_squared_error: 4.1198e-09 - 309s/epoch - 2s/step
Epoch 21/50

Epoch 00021: mean_squared_error did not improve from 0.00000
188/188 - 308s - loss: 9.3377e-07 - mean_squared_error: 1.3421e-06 - val_loss: 4.1895e-09 - val_mean_squared_error: 4.1895e-09 - 308s/epoch - 2s/step
Epoch 22/50

Epoch 00022: mean_squared_error did not improve from 0.00000
188/188 - 300s - loss: 9.3380e-07 - mean_squared_error: 1.3422e-06 - val_loss: 4.3702e-09 - val_mean_squared_error: 4.3702e-09 - 300s/epoch - 2s/step
Epoch 23/50

Epoch 00023: mean_squared_error did not improve from 0.00000
188/188 - 306s - loss: 9.3375e-07 - mean_squared_error: 1.3421e-06 - val_loss: 4.2162e-09 - val_mean_squared_error: 4.2162e-09 - 306s/epoch - 2s/step
Epoch 24/50

Epoch 00024: mean_squared_error did not improve from 0.00000
188/188 - 306s - loss: 9.3374e-07 - mean_squared_error: 1.3421e-06 - val_loss: 4.5545e-09 - val_mean_squared_error: 4.5545e-09 - 306s/epoch - 2s/step
Epoch 25/50

Epoch 00025: mean_squared_error did not improve from 0.00000
188/188 - 304s - loss: 9.3378e-07 - mean_squared_error: 1.3422e-06 - val_loss: 4.2893e-09 - val_mean_squared_error: 4.2893e-09 - 304s/epoch - 2s/step
Epoch 26/50

Epoch 00026: mean_squared_error did not improve from 0.00000
188/188 - 304s - loss: 9.3374e-07 - mean_squared_error: 1.3421e-06 - val_loss: 4.5712e-09 - val_mean_squared_error: 4.5712e-09 - 304s/epoch - 2s/step
Epoch 27/50

Epoch 00027: mean_squared_error did not improve from 0.00000
188/188 - 305s - loss: 9.3393e-07 - mean_squared_error: 1.3423e-06 - val_loss: 4.2179e-09 - val_mean_squared_error: 4.2179e-09 - 305s/epoch - 2s/step
Epoch 28/50

Epoch 00028: mean_squared_error did not improve from 0.00000
188/188 - 305s - loss: 9.3380e-07 - mean_squared_error: 1.3422e-06 - val_loss: 4.4429e-09 - val_mean_squared_error: 4.4429e-09 - 305s/epoch - 2s/step
Epoch 29/50

Epoch 00029: mean_squared_error did not improve from 0.00000
188/188 - 301s - loss: 9.3388e-07 - mean_squared_error: 1.3422e-06 - val_loss: 4.6323e-09 - val_mean_squared_error: 4.6323e-09 - 301s/epoch - 2s/step
Epoch 30/50

Epoch 00030: mean_squared_error did not improve from 0.00000
188/188 - 304s - loss: 9.3369e-07 - mean_squared_error: 1.3421e-06 - val_loss: 4.2943e-09 - val_mean_squared_error: 4.2943e-09 - 304s/epoch - 2s/step
Epoch 31/50

Epoch 00031: mean_squared_error did not improve from 0.00000
188/188 - 304s - loss: 9.3367e-07 - mean_squared_error: 1.3421e-06 - val_loss: 4.2179e-09 - val_mean_squared_error: 4.2179e-09 - 304s/epoch - 2s/step
Epoch 32/50

Epoch 00032: mean_squared_error did not improve from 0.00000
188/188 - 304s - loss: 9.3364e-07 - mean_squared_error: 1.3421e-06 - val_loss: 4.1839e-09 - val_mean_squared_error: 4.1839e-09 - 304s/epoch - 2s/step
Epoch 33/50

Epoch 00033: mean_squared_error did not improve from 0.00000
188/188 - 304s - loss: 9.3371e-07 - mean_squared_error: 1.3421e-06 - val_loss: 4.4392e-09 - val_mean_squared_error: 4.4392e-09 - 304s/epoch - 2s/step
Epoch 34/50

Epoch 00034: mean_squared_error did not improve from 0.00000
188/188 - 304s - loss: 9.3375e-07 - mean_squared_error: 1.3421e-06 - val_loss: 4.1774e-09 - val_mean_squared_error: 4.1774e-09 - 304s/epoch - 2s/step
Epoch 35/50

Epoch 00035: mean_squared_error did not improve from 0.00000
188/188 - 304s - loss: 9.3361e-07 - mean_squared_error: 1.3420e-06 - val_loss: 4.2649e-09 - val_mean_squared_error: 4.2649e-09 - 304s/epoch - 2s/step
Epoch 36/50

Epoch 00036: mean_squared_error did not improve from 0.00000
188/188 - 304s - loss: 9.3377e-07 - mean_squared_error: 1.3422e-06 - val_loss: 4.6644e-09 - val_mean_squared_error: 4.6644e-09 - 304s/epoch - 2s/step
Epoch 37/50

Epoch 00037: mean_squared_error did not improve from 0.00000
188/188 - 304s - loss: 9.3354e-07 - mean_squared_error: 1.3419e-06 - val_loss: 4.1250e-09 - val_mean_squared_error: 4.1250e-09 - 304s/epoch - 2s/step
Epoch 38/50

Epoch 00038: mean_squared_error did not improve from 0.00000
188/188 - 304s - loss: 9.3356e-07 - mean_squared_error: 1.3419e-06 - val_loss: 4.3607e-09 - val_mean_squared_error: 4.3607e-09 - 304s/epoch - 2s/step
Epoch 39/50

Epoch 00039: mean_squared_error did not improve from 0.00000
188/188 - 304s - loss: 9.3377e-07 - mean_squared_error: 1.3422e-06 - val_loss: 4.9861e-09 - val_mean_squared_error: 4.9861e-09 - 304s/epoch - 2s/step
Epoch 40/50

Epoch 00040: mean_squared_error did not improve from 0.00000
188/188 - 303s - loss: 9.3346e-07 - mean_squared_error: 1.3419e-06 - val_loss: 4.4132e-09 - val_mean_squared_error: 4.4132e-09 - 303s/epoch - 2s/step
Epoch 41/50

Epoch 00041: mean_squared_error did not improve from 0.00000
188/188 - 303s - loss: 9.3353e-07 - mean_squared_error: 1.3419e-06 - val_loss: 4.4166e-09 - val_mean_squared_error: 4.4166e-09 - 303s/epoch - 2s/step
Epoch 42/50

Epoch 00042: mean_squared_error did not improve from 0.00000
188/188 - 303s - loss: 9.3369e-07 - mean_squared_error: 1.3420e-06 - val_loss: 4.2077e-09 - val_mean_squared_error: 4.2077e-09 - 303s/epoch - 2s/step
Epoch 43/50

Epoch 00043: mean_squared_error did not improve from 0.00000
188/188 - 303s - loss: 9.3350e-07 - mean_squared_error: 1.3419e-06 - val_loss: 4.1705e-09 - val_mean_squared_error: 4.1705e-09 - 303s/epoch - 2s/step
Epoch 44/50

Epoch 00044: mean_squared_error did not improve from 0.00000
188/188 - 302s - loss: 9.3377e-07 - mean_squared_error: 1.3421e-06 - val_loss: 5.2598e-09 - val_mean_squared_error: 5.2598e-09 - 302s/epoch - 2s/step
Epoch 45/50

Epoch 00045: mean_squared_error did not improve from 0.00000
188/188 - 303s - loss: 9.3362e-07 - mean_squared_error: 1.3419e-06 - val_loss: 4.5232e-09 - val_mean_squared_error: 4.5232e-09 - 303s/epoch - 2s/step
Epoch 46/50

Epoch 00046: mean_squared_error improved from 0.00000 to 0.00000, saving model to /gpfswork/rech/ynx/ulx23va/repo/wf-SEDs/more_stars/wf-outputs/chkp/more_stars_bis/chkp_callback_poly_more_stars_6k_bis_4_cycle2
188/188 - 303s - loss: 9.3337e-07 - mean_squared_error: 1.3418e-06 - val_loss: 4.1457e-09 - val_mean_squared_error: 4.1457e-09 - 303s/epoch - 2s/step
Epoch 47/50

Epoch 00047: mean_squared_error did not improve from 0.00000
188/188 - 301s - loss: 9.3346e-07 - mean_squared_error: 1.3418e-06 - val_loss: 4.1181e-09 - val_mean_squared_error: 4.1181e-09 - 301s/epoch - 2s/step
Epoch 48/50

Epoch 00048: mean_squared_error did not improve from 0.00000
188/188 - 260s - loss: 9.3336e-07 - mean_squared_error: 1.3418e-06 - val_loss: 4.3176e-09 - val_mean_squared_error: 4.3176e-09 - 260s/epoch - 1s/step
Epoch 49/50

Epoch 00049: mean_squared_error did not improve from 0.00000
188/188 - 259s - loss: 9.3343e-07 - mean_squared_error: 1.3418e-06 - val_loss: 4.0483e-09 - val_mean_squared_error: 4.0483e-09 - 259s/epoch - 1s/step
Epoch 50/50

Epoch 00050: mean_squared_error improved from 0.00000 to 0.00000, saving model to /gpfswork/rech/ynx/ulx23va/repo/wf-SEDs/more_stars/wf-outputs/chkp/more_stars_bis/chkp_callback_poly_more_stars_6k_bis_4_cycle2
188/188 - 256s - loss: 9.3335e-07 - mean_squared_error: 1.3418e-06 - val_loss: 4.1094e-09 - val_mean_squared_error: 4.1094e-09 - 256s/epoch - 1s/step
Cycle2 elapsed time: 19409.473308

Total elapsed time: 52167.455065

 Good bye..
