Starting the log file.
Found GPU at: /device:GPU:0
tf_version: 2.7.0
Zernike cube:
(45, 256, 256)
Dataset parameters:
{'d_max': 2, 'max_order': 45, 'x_lims': [0, 1000.0], 'y_lims': [0, 1000.0], 'grid_points': [4, 4], 'n_bins': 350, 'max_wfe_rms': 0.1, 'oversampling_rate': 3.0, 'output_Q': 3.0, 'output_dim': 32, 'LP_filter_length': 2, 'pupil_diameter': 256, 'euclid_obsc': True, 'n_stars': 2000}
Model loaded.
DD features projected over parametric model
Starting cycle 1..
Starting parametric update..
Epoch 1/15

Epoch 00001: mean_squared_error improved from inf to 0.00006, saving model to /gpfswork/rech/ynx/uds36vp/repos/wf-SEDs/HD_projected_optimisation/wf-outputs/chkp/8_bins/chkp_callback_poly_1_cycles_pretrained_param_train_1e-5_cycle1
63/63 - 80s - loss: 5.6673e-05 - mean_squared_error: 5.7090e-05 - val_loss: 5.6399e-05 - val_mean_squared_error: 5.6399e-05 - 80s/epoch - 1s/step
Epoch 2/15

Epoch 00002: mean_squared_error did not improve from 0.00006
63/63 - 75s - loss: 5.7755e-05 - mean_squared_error: 5.7953e-05 - val_loss: 5.6383e-05 - val_mean_squared_error: 5.6383e-05 - 75s/epoch - 1s/step
Epoch 3/15

Epoch 00003: mean_squared_error did not improve from 0.00006
63/63 - 75s - loss: 5.7763e-05 - mean_squared_error: 5.7960e-05 - val_loss: 5.6384e-05 - val_mean_squared_error: 5.6384e-05 - 75s/epoch - 1s/step
Epoch 4/15

Epoch 00004: mean_squared_error did not improve from 0.00006
63/63 - 76s - loss: 5.7744e-05 - mean_squared_error: 5.7943e-05 - val_loss: 5.6388e-05 - val_mean_squared_error: 5.6388e-05 - 76s/epoch - 1s/step
Epoch 5/15

Epoch 00005: mean_squared_error did not improve from 0.00006
63/63 - 76s - loss: 5.7759e-05 - mean_squared_error: 5.7957e-05 - val_loss: 5.6380e-05 - val_mean_squared_error: 5.6380e-05 - 76s/epoch - 1s/step
Epoch 6/15

Epoch 00006: mean_squared_error did not improve from 0.00006
63/63 - 74s - loss: 5.7766e-05 - mean_squared_error: 5.7967e-05 - val_loss: 5.6398e-05 - val_mean_squared_error: 5.6398e-05 - 74s/epoch - 1s/step
Epoch 7/15

Epoch 00007: mean_squared_error did not improve from 0.00006
63/63 - 75s - loss: 5.7764e-05 - mean_squared_error: 5.7964e-05 - val_loss: 5.6408e-05 - val_mean_squared_error: 5.6408e-05 - 75s/epoch - 1s/step
Epoch 8/15

Epoch 00008: mean_squared_error did not improve from 0.00006
63/63 - 74s - loss: 5.7758e-05 - mean_squared_error: 5.7954e-05 - val_loss: 5.6399e-05 - val_mean_squared_error: 5.6399e-05 - 74s/epoch - 1s/step
Epoch 9/15

Epoch 00009: mean_squared_error did not improve from 0.00006
63/63 - 75s - loss: 5.7753e-05 - mean_squared_error: 5.7953e-05 - val_loss: 5.6399e-05 - val_mean_squared_error: 5.6399e-05 - 75s/epoch - 1s/step
Epoch 10/15

Epoch 00010: mean_squared_error did not improve from 0.00006
63/63 - 75s - loss: 5.7759e-05 - mean_squared_error: 5.7957e-05 - val_loss: 5.6402e-05 - val_mean_squared_error: 5.6402e-05 - 75s/epoch - 1s/step
Epoch 11/15

Epoch 00011: mean_squared_error did not improve from 0.00006
63/63 - 76s - loss: 5.7758e-05 - mean_squared_error: 5.7955e-05 - val_loss: 5.6401e-05 - val_mean_squared_error: 5.6401e-05 - 76s/epoch - 1s/step
Epoch 12/15

Epoch 00012: mean_squared_error did not improve from 0.00006
63/63 - 75s - loss: 5.7763e-05 - mean_squared_error: 5.7958e-05 - val_loss: 5.6418e-05 - val_mean_squared_error: 5.6418e-05 - 75s/epoch - 1s/step
Epoch 13/15

Epoch 00013: mean_squared_error did not improve from 0.00006
63/63 - 75s - loss: 5.7758e-05 - mean_squared_error: 5.7956e-05 - val_loss: 5.6395e-05 - val_mean_squared_error: 5.6395e-05 - 75s/epoch - 1s/step
Epoch 14/15

Epoch 00014: mean_squared_error did not improve from 0.00006
63/63 - 74s - loss: 5.7758e-05 - mean_squared_error: 5.7958e-05 - val_loss: 5.6397e-05 - val_mean_squared_error: 5.6397e-05 - 74s/epoch - 1s/step
Epoch 15/15

Epoch 00015: mean_squared_error did not improve from 0.00006
63/63 - 74s - loss: 5.7751e-05 - mean_squared_error: 5.7952e-05 - val_loss: 5.6393e-05 - val_mean_squared_error: 5.6393e-05 - 74s/epoch - 1s/step
Cycle1 elapsed time: 1133.362681

Total elapsed time: 1138.052674

 Good bye..
