Starting the log file.
Found GPU at: /device:GPU:0
tf_version: 2.7.0
Zernike cube:
(45, 256, 256)
Dataset parameters:
{'d_max': 2, 'max_order': 45, 'x_lims': [0, 1000.0], 'y_lims': [0, 1000.0], 'grid_points': [4, 4], 'n_bins': 350, 'max_wfe_rms': 0.1, 'oversampling_rate': 3.0, 'output_Q': 3.0, 'output_dim': 32, 'LP_filter_length': 2, 'pupil_diameter': 256, 'euclid_obsc': True, 'n_stars': 2000}
Starting cycle 1..
Starting parametric update..
Epoch 1/10

Epoch 00001: mean_squared_error improved from inf to 0.00000, saving model to /gpfswork/rech/ynx/uds36vp/repos/wf-SEDs/HD_projected_optimisation/wf-outputs/chkp/8_bins/chkp_callback_poly_5_cycles_256_proj_d2_45z_0_cycle1
63/63 - 57s - loss: 3.7850e-06 - mean_squared_error: 3.7435e-06 - val_loss: 5.8778e-07 - val_mean_squared_error: 5.8778e-07 - 57s/epoch - 909ms/step
Epoch 2/10

Epoch 00002: mean_squared_error improved from 0.00000 to 0.00000, saving model to /gpfswork/rech/ynx/uds36vp/repos/wf-SEDs/HD_projected_optimisation/wf-outputs/chkp/8_bins/chkp_callback_poly_5_cycles_256_proj_d2_45z_0_cycle1
63/63 - 52s - loss: 1.4541e-06 - mean_squared_error: 1.7803e-06 - val_loss: 3.2771e-07 - val_mean_squared_error: 3.2771e-07 - 52s/epoch - 827ms/step
Epoch 3/10

Epoch 00003: mean_squared_error improved from 0.00000 to 0.00000, saving model to /gpfswork/rech/ynx/uds36vp/repos/wf-SEDs/HD_projected_optimisation/wf-outputs/chkp/8_bins/chkp_callback_poly_5_cycles_256_proj_d2_45z_0_cycle1
63/63 - 52s - loss: 1.2845e-06 - mean_squared_error: 1.6409e-06 - val_loss: 2.6468e-07 - val_mean_squared_error: 2.6468e-07 - 52s/epoch - 825ms/step
Epoch 4/10

Epoch 00004: mean_squared_error improved from 0.00000 to 0.00000, saving model to /gpfswork/rech/ynx/uds36vp/repos/wf-SEDs/HD_projected_optimisation/wf-outputs/chkp/8_bins/chkp_callback_poly_5_cycles_256_proj_d2_45z_0_cycle1
63/63 - 52s - loss: 1.2324e-06 - mean_squared_error: 1.5939e-06 - val_loss: 2.4375e-07 - val_mean_squared_error: 2.4375e-07 - 52s/epoch - 825ms/step
Epoch 5/10

Epoch 00005: mean_squared_error did not improve from 0.00000
63/63 - 52s - loss: 1.2753e-06 - mean_squared_error: 1.6416e-06 - val_loss: 3.5905e-07 - val_mean_squared_error: 3.5905e-07 - 52s/epoch - 825ms/step
Epoch 6/10

Epoch 00006: mean_squared_error did not improve from 0.00000
63/63 - 52s - loss: 1.4452e-06 - mean_squared_error: 1.7698e-06 - val_loss: 3.0743e-07 - val_mean_squared_error: 3.0743e-07 - 52s/epoch - 824ms/step
Epoch 7/10

Epoch 00007: mean_squared_error did not improve from 0.00000
63/63 - 52s - loss: 1.3789e-06 - mean_squared_error: 1.7169e-06 - val_loss: 3.3877e-07 - val_mean_squared_error: 3.3877e-07 - 52s/epoch - 825ms/step
Epoch 8/10

Epoch 00008: mean_squared_error did not improve from 0.00000
63/63 - 52s - loss: 1.3368e-06 - mean_squared_error: 1.6762e-06 - val_loss: 2.8448e-07 - val_mean_squared_error: 2.8448e-07 - 52s/epoch - 826ms/step
Epoch 9/10

Epoch 00009: mean_squared_error did not improve from 0.00000
63/63 - 53s - loss: 1.3571e-06 - mean_squared_error: 1.7084e-06 - val_loss: 5.9586e-07 - val_mean_squared_error: 5.9586e-07 - 53s/epoch - 846ms/step
Epoch 10/10

Epoch 00010: mean_squared_error did not improve from 0.00000
63/63 - 54s - loss: 1.4407e-06 - mean_squared_error: 1.7849e-06 - val_loss: 1.7280e-07 - val_mean_squared_error: 1.7280e-07 - 54s/epoch - 853ms/step
Starting non-parametric update..
Epoch 1/25

Epoch 00001: mean_squared_error improved from 0.00000 to 0.00000, saving model to /gpfswork/rech/ynx/uds36vp/repos/wf-SEDs/HD_projected_optimisation/wf-outputs/chkp/8_bins/chkp_callback_poly_5_cycles_256_proj_d2_45z_0_cycle1
63/63 - 57s - loss: 1.1244e-06 - mean_squared_error: 1.5105e-06 - val_loss: 1.0969e-07 - val_mean_squared_error: 1.0969e-07 - 57s/epoch - 903ms/step
Epoch 2/25

Epoch 00002: mean_squared_error improved from 0.00000 to 0.00000, saving model to /gpfswork/rech/ynx/uds36vp/repos/wf-SEDs/HD_projected_optimisation/wf-outputs/chkp/8_bins/chkp_callback_poly_5_cycles_256_proj_d2_45z_0_cycle1
63/63 - 54s - loss: 1.0661e-06 - mean_squared_error: 1.4641e-06 - val_loss: 8.9903e-08 - val_mean_squared_error: 8.9903e-08 - 54s/epoch - 854ms/step
Epoch 3/25

Epoch 00003: mean_squared_error improved from 0.00000 to 0.00000, saving model to /gpfswork/rech/ynx/uds36vp/repos/wf-SEDs/HD_projected_optimisation/wf-outputs/chkp/8_bins/chkp_callback_poly_5_cycles_256_proj_d2_45z_0_cycle1
63/63 - 52s - loss: 1.0493e-06 - mean_squared_error: 1.4511e-06 - val_loss: 8.0755e-08 - val_mean_squared_error: 8.0755e-08 - 52s/epoch - 825ms/step
Epoch 4/25

Epoch 00004: mean_squared_error improved from 0.00000 to 0.00000, saving model to /gpfswork/rech/ynx/uds36vp/repos/wf-SEDs/HD_projected_optimisation/wf-outputs/chkp/8_bins/chkp_callback_poly_5_cycles_256_proj_d2_45z_0_cycle1
63/63 - 52s - loss: 1.0387e-06 - mean_squared_error: 1.4430e-06 - val_loss: 7.4096e-08 - val_mean_squared_error: 7.4096e-08 - 52s/epoch - 827ms/step
Epoch 5/25

Epoch 00005: mean_squared_error improved from 0.00000 to 0.00000, saving model to /gpfswork/rech/ynx/uds36vp/repos/wf-SEDs/HD_projected_optimisation/wf-outputs/chkp/8_bins/chkp_callback_poly_5_cycles_256_proj_d2_45z_0_cycle1
63/63 - 52s - loss: 1.0307e-06 - mean_squared_error: 1.4371e-06 - val_loss: 6.9024e-08 - val_mean_squared_error: 6.9024e-08 - 52s/epoch - 826ms/step
Epoch 6/25

Epoch 00006: mean_squared_error improved from 0.00000 to 0.00000, saving model to /gpfswork/rech/ynx/uds36vp/repos/wf-SEDs/HD_projected_optimisation/wf-outputs/chkp/8_bins/chkp_callback_poly_5_cycles_256_proj_d2_45z_0_cycle1
63/63 - 52s - loss: 1.0244e-06 - mean_squared_error: 1.4321e-06 - val_loss: 6.4734e-08 - val_mean_squared_error: 6.4734e-08 - 52s/epoch - 825ms/step
Epoch 7/25

Epoch 00007: mean_squared_error improved from 0.00000 to 0.00000, saving model to /gpfswork/rech/ynx/uds36vp/repos/wf-SEDs/HD_projected_optimisation/wf-outputs/chkp/8_bins/chkp_callback_poly_5_cycles_256_proj_d2_45z_0_cycle1
63/63 - 52s - loss: 1.0194e-06 - mean_squared_error: 1.4280e-06 - val_loss: 6.0855e-08 - val_mean_squared_error: 6.0855e-08 - 52s/epoch - 825ms/step
Epoch 8/25

Epoch 00008: mean_squared_error improved from 0.00000 to 0.00000, saving model to /gpfswork/rech/ynx/uds36vp/repos/wf-SEDs/HD_projected_optimisation/wf-outputs/chkp/8_bins/chkp_callback_poly_5_cycles_256_proj_d2_45z_0_cycle1
63/63 - 52s - loss: 1.0150e-06 - mean_squared_error: 1.4244e-06 - val_loss: 5.7593e-08 - val_mean_squared_error: 5.7593e-08 - 52s/epoch - 826ms/step
Epoch 9/25

Epoch 00009: mean_squared_error improved from 0.00000 to 0.00000, saving model to /gpfswork/rech/ynx/uds36vp/repos/wf-SEDs/HD_projected_optimisation/wf-outputs/chkp/8_bins/chkp_callback_poly_5_cycles_256_proj_d2_45z_0_cycle1
63/63 - 52s - loss: 1.0112e-06 - mean_squared_error: 1.4212e-06 - val_loss: 5.4652e-08 - val_mean_squared_error: 5.4652e-08 - 52s/epoch - 825ms/step
Epoch 10/25

Epoch 00010: mean_squared_error improved from 0.00000 to 0.00000, saving model to /gpfswork/rech/ynx/uds36vp/repos/wf-SEDs/HD_projected_optimisation/wf-outputs/chkp/8_bins/chkp_callback_poly_5_cycles_256_proj_d2_45z_0_cycle1
63/63 - 52s - loss: 1.0078e-06 - mean_squared_error: 1.4182e-06 - val_loss: 5.1880e-08 - val_mean_squared_error: 5.1880e-08 - 52s/epoch - 824ms/step
Epoch 11/25

Epoch 00011: mean_squared_error improved from 0.00000 to 0.00000, saving model to /gpfswork/rech/ynx/uds36vp/repos/wf-SEDs/HD_projected_optimisation/wf-outputs/chkp/8_bins/chkp_callback_poly_5_cycles_256_proj_d2_45z_0_cycle1
63/63 - 52s - loss: 1.0046e-06 - mean_squared_error: 1.4155e-06 - val_loss: 4.9224e-08 - val_mean_squared_error: 4.9224e-08 - 52s/epoch - 826ms/step
Epoch 12/25

Epoch 00012: mean_squared_error improved from 0.00000 to 0.00000, saving model to /gpfswork/rech/ynx/uds36vp/repos/wf-SEDs/HD_projected_optimisation/wf-outputs/chkp/8_bins/chkp_callback_poly_5_cycles_256_proj_d2_45z_0_cycle1
63/63 - 52s - loss: 1.0016e-06 - mean_squared_error: 1.4129e-06 - val_loss: 4.6644e-08 - val_mean_squared_error: 4.6644e-08 - 52s/epoch - 825ms/step
Epoch 13/25

Epoch 00013: mean_squared_error improved from 0.00000 to 0.00000, saving model to /gpfswork/rech/ynx/uds36vp/repos/wf-SEDs/HD_projected_optimisation/wf-outputs/chkp/8_bins/chkp_callback_poly_5_cycles_256_proj_d2_45z_0_cycle1
63/63 - 52s - loss: 9.9867e-07 - mean_squared_error: 1.4103e-06 - val_loss: 4.4318e-08 - val_mean_squared_error: 4.4318e-08 - 52s/epoch - 827ms/step
Epoch 14/25

Epoch 00014: mean_squared_error improved from 0.00000 to 0.00000, saving model to /gpfswork/rech/ynx/uds36vp/repos/wf-SEDs/HD_projected_optimisation/wf-outputs/chkp/8_bins/chkp_callback_poly_5_cycles_256_proj_d2_45z_0_cycle1
63/63 - 52s - loss: 9.9590e-07 - mean_squared_error: 1.4080e-06 - val_loss: 4.1879e-08 - val_mean_squared_error: 4.1879e-08 - 52s/epoch - 825ms/step
Epoch 15/25

Epoch 00015: mean_squared_error improved from 0.00000 to 0.00000, saving model to /gpfswork/rech/ynx/uds36vp/repos/wf-SEDs/HD_projected_optimisation/wf-outputs/chkp/8_bins/chkp_callback_poly_5_cycles_256_proj_d2_45z_0_cycle1
63/63 - 52s - loss: 9.9324e-07 - mean_squared_error: 1.4057e-06 - val_loss: 3.9464e-08 - val_mean_squared_error: 3.9464e-08 - 52s/epoch - 825ms/step
Epoch 16/25

Epoch 00016: mean_squared_error improved from 0.00000 to 0.00000, saving model to /gpfswork/rech/ynx/uds36vp/repos/wf-SEDs/HD_projected_optimisation/wf-outputs/chkp/8_bins/chkp_callback_poly_5_cycles_256_proj_d2_45z_0_cycle1
63/63 - 52s - loss: 9.9072e-07 - mean_squared_error: 1.4033e-06 - val_loss: 3.7347e-08 - val_mean_squared_error: 3.7347e-08 - 52s/epoch - 825ms/step
Epoch 17/25

Epoch 00017: mean_squared_error improved from 0.00000 to 0.00000, saving model to /gpfswork/rech/ynx/uds36vp/repos/wf-SEDs/HD_projected_optimisation/wf-outputs/chkp/8_bins/chkp_callback_poly_5_cycles_256_proj_d2_45z_0_cycle1
63/63 - 52s - loss: 9.8834e-07 - mean_squared_error: 1.4012e-06 - val_loss: 3.5283e-08 - val_mean_squared_error: 3.5283e-08 - 52s/epoch - 826ms/step
Epoch 18/25

Epoch 00018: mean_squared_error improved from 0.00000 to 0.00000, saving model to /gpfswork/rech/ynx/uds36vp/repos/wf-SEDs/HD_projected_optimisation/wf-outputs/chkp/8_bins/chkp_callback_poly_5_cycles_256_proj_d2_45z_0_cycle1
63/63 - 52s - loss: 9.8599e-07 - mean_squared_error: 1.3992e-06 - val_loss: 3.3316e-08 - val_mean_squared_error: 3.3316e-08 - 52s/epoch - 827ms/step
Epoch 19/25

Epoch 00019: mean_squared_error improved from 0.00000 to 0.00000, saving model to /gpfswork/rech/ynx/uds36vp/repos/wf-SEDs/HD_projected_optimisation/wf-outputs/chkp/8_bins/chkp_callback_poly_5_cycles_256_proj_d2_45z_0_cycle1
63/63 - 52s - loss: 9.8390e-07 - mean_squared_error: 1.3973e-06 - val_loss: 3.1434e-08 - val_mean_squared_error: 3.1434e-08 - 52s/epoch - 825ms/step
Epoch 20/25

Epoch 00020: mean_squared_error improved from 0.00000 to 0.00000, saving model to /gpfswork/rech/ynx/uds36vp/repos/wf-SEDs/HD_projected_optimisation/wf-outputs/chkp/8_bins/chkp_callback_poly_5_cycles_256_proj_d2_45z_0_cycle1
63/63 - 52s - loss: 9.8180e-07 - mean_squared_error: 1.3954e-06 - val_loss: 2.9662e-08 - val_mean_squared_error: 2.9662e-08 - 52s/epoch - 826ms/step
Epoch 21/25

Epoch 00021: mean_squared_error improved from 0.00000 to 0.00000, saving model to /gpfswork/rech/ynx/uds36vp/repos/wf-SEDs/HD_projected_optimisation/wf-outputs/chkp/8_bins/chkp_callback_poly_5_cycles_256_proj_d2_45z_0_cycle1
63/63 - 52s - loss: 9.7997e-07 - mean_squared_error: 1.3938e-06 - val_loss: 2.8067e-08 - val_mean_squared_error: 2.8067e-08 - 52s/epoch - 824ms/step
Epoch 22/25

Epoch 00022: mean_squared_error improved from 0.00000 to 0.00000, saving model to /gpfswork/rech/ynx/uds36vp/repos/wf-SEDs/HD_projected_optimisation/wf-outputs/chkp/8_bins/chkp_callback_poly_5_cycles_256_proj_d2_45z_0_cycle1
63/63 - 52s - loss: 9.7819e-07 - mean_squared_error: 1.3921e-06 - val_loss: 2.6367e-08 - val_mean_squared_error: 2.6367e-08 - 52s/epoch - 824ms/step
Epoch 23/25

Epoch 00023: mean_squared_error improved from 0.00000 to 0.00000, saving model to /gpfswork/rech/ynx/uds36vp/repos/wf-SEDs/HD_projected_optimisation/wf-outputs/chkp/8_bins/chkp_callback_poly_5_cycles_256_proj_d2_45z_0_cycle1
63/63 - 52s - loss: 9.7675e-07 - mean_squared_error: 1.3908e-06 - val_loss: 2.5102e-08 - val_mean_squared_error: 2.5102e-08 - 52s/epoch - 826ms/step
Epoch 24/25

Epoch 00024: mean_squared_error improved from 0.00000 to 0.00000, saving model to /gpfswork/rech/ynx/uds36vp/repos/wf-SEDs/HD_projected_optimisation/wf-outputs/chkp/8_bins/chkp_callback_poly_5_cycles_256_proj_d2_45z_0_cycle1
63/63 - 52s - loss: 9.7521e-07 - mean_squared_error: 1.3893e-06 - val_loss: 2.3833e-08 - val_mean_squared_error: 2.3833e-08 - 52s/epoch - 825ms/step
Epoch 25/25

Epoch 00025: mean_squared_error improved from 0.00000 to 0.00000, saving model to /gpfswork/rech/ynx/uds36vp/repos/wf-SEDs/HD_projected_optimisation/wf-outputs/chkp/8_bins/chkp_callback_poly_5_cycles_256_proj_d2_45z_0_cycle1
63/63 - 52s - loss: 9.7399e-07 - mean_squared_error: 1.3883e-06 - val_loss: 2.2549e-08 - val_mean_squared_error: 2.2549e-08 - 52s/epoch - 827ms/step
Cycle1 elapsed time: 1840.632593
Project non-param DD features onto param model: done!
Starting cycle 2..
Starting parametric update..
Epoch 1/5

Epoch 00001: mean_squared_error improved from inf to 0.00000, saving model to /gpfswork/rech/ynx/uds36vp/repos/wf-SEDs/HD_projected_optimisation/wf-outputs/chkp/8_bins/chkp_callback_poly_5_cycles_256_proj_d2_45z_0_cycle2
63/63 - 54s - loss: 9.8648e-07 - mean_squared_error: 1.3985e-06 - val_loss: 4.5170e-08 - val_mean_squared_error: 4.5170e-08 - 54s/epoch - 864ms/step
Epoch 2/5

Epoch 00002: mean_squared_error did not improve from 0.00000
63/63 - 52s - loss: 1.0841e-06 - mean_squared_error: 1.4771e-06 - val_loss: 6.9130e-08 - val_mean_squared_error: 6.9130e-08 - 52s/epoch - 819ms/step
Epoch 3/5

Epoch 00003: mean_squared_error did not improve from 0.00000
63/63 - 52s - loss: 1.0295e-06 - mean_squared_error: 1.4342e-06 - val_loss: 1.0472e-07 - val_mean_squared_error: 1.0472e-07 - 52s/epoch - 819ms/step
Epoch 4/5

Epoch 00004: mean_squared_error did not improve from 0.00000
63/63 - 52s - loss: 1.1467e-06 - mean_squared_error: 1.5336e-06 - val_loss: 2.5728e-07 - val_mean_squared_error: 2.5728e-07 - 52s/epoch - 818ms/step
Epoch 5/5

Epoch 00005: mean_squared_error did not improve from 0.00000
63/63 - 52s - loss: 1.3352e-06 - mean_squared_error: 1.6813e-06 - val_loss: 2.1784e-07 - val_mean_squared_error: 2.1784e-07 - 52s/epoch - 818ms/step
Starting non-parametric update..
Epoch 1/25

Epoch 00001: mean_squared_error did not improve from 0.00000
63/63 - 54s - loss: 1.0671e-06 - mean_squared_error: 1.4681e-06 - val_loss: 5.5687e-08 - val_mean_squared_error: 5.5687e-08 - 54s/epoch - 858ms/step
Epoch 2/25

Epoch 00002: mean_squared_error did not improve from 0.00000
63/63 - 51s - loss: 9.9898e-07 - mean_squared_error: 1.4095e-06 - val_loss: 3.7716e-08 - val_mean_squared_error: 3.7716e-08 - 51s/epoch - 814ms/step
Epoch 3/25

Epoch 00003: mean_squared_error improved from 0.00000 to 0.00000, saving model to /gpfswork/rech/ynx/uds36vp/repos/wf-SEDs/HD_projected_optimisation/wf-outputs/chkp/8_bins/chkp_callback_poly_5_cycles_256_proj_d2_45z_0_cycle2
63/63 - 51s - loss: 9.8597e-07 - mean_squared_error: 1.3985e-06 - val_loss: 3.0789e-08 - val_mean_squared_error: 3.0789e-08 - 51s/epoch - 816ms/step
Epoch 4/25

Epoch 00004: mean_squared_error improved from 0.00000 to 0.00000, saving model to /gpfswork/rech/ynx/uds36vp/repos/wf-SEDs/HD_projected_optimisation/wf-outputs/chkp/8_bins/chkp_callback_poly_5_cycles_256_proj_d2_45z_0_cycle2
63/63 - 52s - loss: 9.8039e-07 - mean_squared_error: 1.3936e-06 - val_loss: 2.7037e-08 - val_mean_squared_error: 2.7037e-08 - 52s/epoch - 819ms/step
Epoch 5/25

Epoch 00005: mean_squared_error improved from 0.00000 to 0.00000, saving model to /gpfswork/rech/ynx/uds36vp/repos/wf-SEDs/HD_projected_optimisation/wf-outputs/chkp/8_bins/chkp_callback_poly_5_cycles_256_proj_d2_45z_0_cycle2
63/63 - 51s - loss: 9.7717e-07 - mean_squared_error: 1.3908e-06 - val_loss: 2.4705e-08 - val_mean_squared_error: 2.4705e-08 - 51s/epoch - 816ms/step
Epoch 6/25

Epoch 00006: mean_squared_error improved from 0.00000 to 0.00000, saving model to /gpfswork/rech/ynx/uds36vp/repos/wf-SEDs/HD_projected_optimisation/wf-outputs/chkp/8_bins/chkp_callback_poly_5_cycles_256_proj_d2_45z_0_cycle2
63/63 - 51s - loss: 9.7507e-07 - mean_squared_error: 1.3890e-06 - val_loss: 2.3420e-08 - val_mean_squared_error: 2.3420e-08 - 51s/epoch - 817ms/step
Epoch 7/25

Epoch 00007: mean_squared_error improved from 0.00000 to 0.00000, saving model to /gpfswork/rech/ynx/uds36vp/repos/wf-SEDs/HD_projected_optimisation/wf-outputs/chkp/8_bins/chkp_callback_poly_5_cycles_256_proj_d2_45z_0_cycle2
63/63 - 51s - loss: 9.7351e-07 - mean_squared_error: 1.3877e-06 - val_loss: 2.2097e-08 - val_mean_squared_error: 2.2097e-08 - 51s/epoch - 815ms/step
Epoch 8/25

Epoch 00008: mean_squared_error improved from 0.00000 to 0.00000, saving model to /gpfswork/rech/ynx/uds36vp/repos/wf-SEDs/HD_projected_optimisation/wf-outputs/chkp/8_bins/chkp_callback_poly_5_cycles_256_proj_d2_45z_0_cycle2
63/63 - 52s - loss: 9.7234e-07 - mean_squared_error: 1.3867e-06 - val_loss: 2.1102e-08 - val_mean_squared_error: 2.1102e-08 - 52s/epoch - 828ms/step
Epoch 9/25

Epoch 00009: mean_squared_error improved from 0.00000 to 0.00000, saving model to /gpfswork/rech/ynx/uds36vp/repos/wf-SEDs/HD_projected_optimisation/wf-outputs/chkp/8_bins/chkp_callback_poly_5_cycles_256_proj_d2_45z_0_cycle2
63/63 - 53s - loss: 9.7133e-07 - mean_squared_error: 1.3858e-06 - val_loss: 2.0307e-08 - val_mean_squared_error: 2.0307e-08 - 53s/epoch - 843ms/step
Epoch 10/25

Epoch 00010: mean_squared_error improved from 0.00000 to 0.00000, saving model to /gpfswork/rech/ynx/uds36vp/repos/wf-SEDs/HD_projected_optimisation/wf-outputs/chkp/8_bins/chkp_callback_poly_5_cycles_256_proj_d2_45z_0_cycle2
63/63 - 54s - loss: 9.7037e-07 - mean_squared_error: 1.3849e-06 - val_loss: 1.9302e-08 - val_mean_squared_error: 1.9302e-08 - 54s/epoch - 851ms/step
Epoch 11/25

Epoch 00011: mean_squared_error improved from 0.00000 to 0.00000, saving model to /gpfswork/rech/ynx/uds36vp/repos/wf-SEDs/HD_projected_optimisation/wf-outputs/chkp/8_bins/chkp_callback_poly_5_cycles_256_proj_d2_45z_0_cycle2
63/63 - 53s - loss: 9.6970e-07 - mean_squared_error: 1.3843e-06 - val_loss: 1.8591e-08 - val_mean_squared_error: 1.8591e-08 - 53s/epoch - 847ms/step
Epoch 12/25

Epoch 00012: mean_squared_error improved from 0.00000 to 0.00000, saving model to /gpfswork/rech/ynx/uds36vp/repos/wf-SEDs/HD_projected_optimisation/wf-outputs/chkp/8_bins/chkp_callback_poly_5_cycles_256_proj_d2_45z_0_cycle2
63/63 - 52s - loss: 9.6890e-07 - mean_squared_error: 1.3836e-06 - val_loss: 1.8190e-08 - val_mean_squared_error: 1.8190e-08 - 52s/epoch - 827ms/step
Epoch 13/25

Epoch 00013: mean_squared_error improved from 0.00000 to 0.00000, saving model to /gpfswork/rech/ynx/uds36vp/repos/wf-SEDs/HD_projected_optimisation/wf-outputs/chkp/8_bins/chkp_callback_poly_5_cycles_256_proj_d2_45z_0_cycle2
63/63 - 51s - loss: 9.6831e-07 - mean_squared_error: 1.3830e-06 - val_loss: 1.7600e-08 - val_mean_squared_error: 1.7600e-08 - 51s/epoch - 816ms/step
Epoch 14/25

Epoch 00014: mean_squared_error improved from 0.00000 to 0.00000, saving model to /gpfswork/rech/ynx/uds36vp/repos/wf-SEDs/HD_projected_optimisation/wf-outputs/chkp/8_bins/chkp_callback_poly_5_cycles_256_proj_d2_45z_0_cycle2
63/63 - 51s - loss: 9.6771e-07 - mean_squared_error: 1.3825e-06 - val_loss: 1.7272e-08 - val_mean_squared_error: 1.7272e-08 - 51s/epoch - 817ms/step
Epoch 15/25

Epoch 00015: mean_squared_error improved from 0.00000 to 0.00000, saving model to /gpfswork/rech/ynx/uds36vp/repos/wf-SEDs/HD_projected_optimisation/wf-outputs/chkp/8_bins/chkp_callback_poly_5_cycles_256_proj_d2_45z_0_cycle2
63/63 - 51s - loss: 9.6719e-07 - mean_squared_error: 1.3820e-06 - val_loss: 1.6841e-08 - val_mean_squared_error: 1.6841e-08 - 51s/epoch - 815ms/step
Epoch 16/25

Epoch 00016: mean_squared_error improved from 0.00000 to 0.00000, saving model to /gpfswork/rech/ynx/uds36vp/repos/wf-SEDs/HD_projected_optimisation/wf-outputs/chkp/8_bins/chkp_callback_poly_5_cycles_256_proj_d2_45z_0_cycle2
63/63 - 51s - loss: 9.6665e-07 - mean_squared_error: 1.3816e-06 - val_loss: 1.6271e-08 - val_mean_squared_error: 1.6271e-08 - 51s/epoch - 814ms/step
Epoch 17/25

Epoch 00017: mean_squared_error improved from 0.00000 to 0.00000, saving model to /gpfswork/rech/ynx/uds36vp/repos/wf-SEDs/HD_projected_optimisation/wf-outputs/chkp/8_bins/chkp_callback_poly_5_cycles_256_proj_d2_45z_0_cycle2
63/63 - 51s - loss: 9.6608e-07 - mean_squared_error: 1.3810e-06 - val_loss: 1.5999e-08 - val_mean_squared_error: 1.5999e-08 - 51s/epoch - 814ms/step
Epoch 18/25

Epoch 00018: mean_squared_error improved from 0.00000 to 0.00000, saving model to /gpfswork/rech/ynx/uds36vp/repos/wf-SEDs/HD_projected_optimisation/wf-outputs/chkp/8_bins/chkp_callback_poly_5_cycles_256_proj_d2_45z_0_cycle2
63/63 - 51s - loss: 9.6583e-07 - mean_squared_error: 1.3808e-06 - val_loss: 1.5734e-08 - val_mean_squared_error: 1.5734e-08 - 51s/epoch - 814ms/step
Epoch 19/25

Epoch 00019: mean_squared_error improved from 0.00000 to 0.00000, saving model to /gpfswork/rech/ynx/uds36vp/repos/wf-SEDs/HD_projected_optimisation/wf-outputs/chkp/8_bins/chkp_callback_poly_5_cycles_256_proj_d2_45z_0_cycle2
63/63 - 51s - loss: 9.6540e-07 - mean_squared_error: 1.3804e-06 - val_loss: 1.5060e-08 - val_mean_squared_error: 1.5060e-08 - 51s/epoch - 817ms/step
Epoch 20/25

Epoch 00020: mean_squared_error improved from 0.00000 to 0.00000, saving model to /gpfswork/rech/ynx/uds36vp/repos/wf-SEDs/HD_projected_optimisation/wf-outputs/chkp/8_bins/chkp_callback_poly_5_cycles_256_proj_d2_45z_0_cycle2
63/63 - 51s - loss: 9.6498e-07 - mean_squared_error: 1.3800e-06 - val_loss: 1.5101e-08 - val_mean_squared_error: 1.5101e-08 - 51s/epoch - 815ms/step
Epoch 21/25

Epoch 00021: mean_squared_error improved from 0.00000 to 0.00000, saving model to /gpfswork/rech/ynx/uds36vp/repos/wf-SEDs/HD_projected_optimisation/wf-outputs/chkp/8_bins/chkp_callback_poly_5_cycles_256_proj_d2_45z_0_cycle2
63/63 - 51s - loss: 9.6465e-07 - mean_squared_error: 1.3797e-06 - val_loss: 1.4731e-08 - val_mean_squared_error: 1.4731e-08 - 51s/epoch - 815ms/step
Epoch 22/25

Epoch 00022: mean_squared_error improved from 0.00000 to 0.00000, saving model to /gpfswork/rech/ynx/uds36vp/repos/wf-SEDs/HD_projected_optimisation/wf-outputs/chkp/8_bins/chkp_callback_poly_5_cycles_256_proj_d2_45z_0_cycle2
63/63 - 51s - loss: 9.6429e-07 - mean_squared_error: 1.3794e-06 - val_loss: 1.4289e-08 - val_mean_squared_error: 1.4289e-08 - 51s/epoch - 815ms/step
Epoch 23/25

Epoch 00023: mean_squared_error improved from 0.00000 to 0.00000, saving model to /gpfswork/rech/ynx/uds36vp/repos/wf-SEDs/HD_projected_optimisation/wf-outputs/chkp/8_bins/chkp_callback_poly_5_cycles_256_proj_d2_45z_0_cycle2
63/63 - 51s - loss: 9.6386e-07 - mean_squared_error: 1.3790e-06 - val_loss: 1.4078e-08 - val_mean_squared_error: 1.4078e-08 - 51s/epoch - 816ms/step
Epoch 24/25

Epoch 00024: mean_squared_error improved from 0.00000 to 0.00000, saving model to /gpfswork/rech/ynx/uds36vp/repos/wf-SEDs/HD_projected_optimisation/wf-outputs/chkp/8_bins/chkp_callback_poly_5_cycles_256_proj_d2_45z_0_cycle2
63/63 - 51s - loss: 9.6370e-07 - mean_squared_error: 1.3789e-06 - val_loss: 1.4030e-08 - val_mean_squared_error: 1.4030e-08 - 51s/epoch - 817ms/step
Epoch 25/25

Epoch 00025: mean_squared_error improved from 0.00000 to 0.00000, saving model to /gpfswork/rech/ynx/uds36vp/repos/wf-SEDs/HD_projected_optimisation/wf-outputs/chkp/8_bins/chkp_callback_poly_5_cycles_256_proj_d2_45z_0_cycle2
63/63 - 51s - loss: 9.6329e-07 - mean_squared_error: 1.3785e-06 - val_loss: 1.3685e-08 - val_mean_squared_error: 1.3685e-08 - 51s/epoch - 816ms/step
Cycle2 elapsed time: 1560.9477951526642
Project non-param DD features onto param model: done!
Starting cycle 3..
Starting parametric update..
Epoch 1/5

Epoch 00001: mean_squared_error improved from inf to 0.00000, saving model to /gpfswork/rech/ynx/uds36vp/repos/wf-SEDs/HD_projected_optimisation/wf-outputs/chkp/8_bins/chkp_callback_poly_5_cycles_256_proj_d2_45z_0_cycle3
63/63 - 55s - loss: 9.7579e-07 - mean_squared_error: 1.3892e-06 - val_loss: 3.0291e-08 - val_mean_squared_error: 3.0291e-08 - 55s/epoch - 866ms/step
Epoch 2/5

Epoch 00002: mean_squared_error did not improve from 0.00000
63/63 - 52s - loss: 1.1113e-06 - mean_squared_error: 1.4998e-06 - val_loss: 8.5449e-08 - val_mean_squared_error: 8.5449e-08 - 52s/epoch - 820ms/step
Epoch 3/5

Epoch 00003: mean_squared_error did not improve from 0.00000
63/63 - 52s - loss: 1.0140e-06 - mean_squared_error: 1.4213e-06 - val_loss: 8.2159e-08 - val_mean_squared_error: 8.2159e-08 - 52s/epoch - 820ms/step
Epoch 4/5

Epoch 00004: mean_squared_error did not improve from 0.00000
63/63 - 52s - loss: 1.0272e-06 - mean_squared_error: 1.4309e-06 - val_loss: 3.7002e-08 - val_mean_squared_error: 3.7002e-08 - 52s/epoch - 819ms/step
Epoch 5/5

Epoch 00005: mean_squared_error did not improve from 0.00000
63/63 - 52s - loss: 1.0504e-06 - mean_squared_error: 1.4490e-06 - val_loss: 1.8717e-07 - val_mean_squared_error: 1.8717e-07 - 52s/epoch - 820ms/step
Starting non-parametric update..
Epoch 1/25

Epoch 00001: mean_squared_error did not improve from 0.00000
63/63 - 55s - loss: 1.0480e-06 - mean_squared_error: 1.4413e-06 - val_loss: 3.1699e-08 - val_mean_squared_error: 3.1699e-08 - 55s/epoch - 867ms/step
Epoch 2/25

Epoch 00002: mean_squared_error improved from 0.00000 to 0.00000, saving model to /gpfswork/rech/ynx/uds36vp/repos/wf-SEDs/HD_projected_optimisation/wf-outputs/chkp/8_bins/chkp_callback_poly_5_cycles_256_proj_d2_45z_0_cycle3
63/63 - 52s - loss: 9.7522e-07 - mean_squared_error: 1.3881e-06 - val_loss: 2.0223e-08 - val_mean_squared_error: 2.0223e-08 - 52s/epoch - 824ms/step
Epoch 3/25

Epoch 00003: mean_squared_error improved from 0.00000 to 0.00000, saving model to /gpfswork/rech/ynx/uds36vp/repos/wf-SEDs/HD_projected_optimisation/wf-outputs/chkp/8_bins/chkp_callback_poly_5_cycles_256_proj_d2_45z_0_cycle3
63/63 - 52s - loss: 9.6842e-07 - mean_squared_error: 1.3827e-06 - val_loss: 1.6920e-08 - val_mean_squared_error: 1.6920e-08 - 52s/epoch - 822ms/step
Epoch 4/25

Epoch 00004: mean_squared_error improved from 0.00000 to 0.00000, saving model to /gpfswork/rech/ynx/uds36vp/repos/wf-SEDs/HD_projected_optimisation/wf-outputs/chkp/8_bins/chkp_callback_poly_5_cycles_256_proj_d2_45z_0_cycle3
63/63 - 52s - loss: 9.6608e-07 - mean_squared_error: 1.3807e-06 - val_loss: 1.5669e-08 - val_mean_squared_error: 1.5669e-08 - 52s/epoch - 822ms/step
Epoch 5/25

Epoch 00005: mean_squared_error improved from 0.00000 to 0.00000, saving model to /gpfswork/rech/ynx/uds36vp/repos/wf-SEDs/HD_projected_optimisation/wf-outputs/chkp/8_bins/chkp_callback_poly_5_cycles_256_proj_d2_45z_0_cycle3
63/63 - 52s - loss: 9.6480e-07 - mean_squared_error: 1.3796e-06 - val_loss: 1.4918e-08 - val_mean_squared_error: 1.4918e-08 - 52s/epoch - 823ms/step
Epoch 6/25

Epoch 00006: mean_squared_error improved from 0.00000 to 0.00000, saving model to /gpfswork/rech/ynx/uds36vp/repos/wf-SEDs/HD_projected_optimisation/wf-outputs/chkp/8_bins/chkp_callback_poly_5_cycles_256_proj_d2_45z_0_cycle3
63/63 - 52s - loss: 9.6409e-07 - mean_squared_error: 1.3790e-06 - val_loss: 1.4287e-08 - val_mean_squared_error: 1.4287e-08 - 52s/epoch - 823ms/step
Epoch 7/25

Epoch 00007: mean_squared_error improved from 0.00000 to 0.00000, saving model to /gpfswork/rech/ynx/uds36vp/repos/wf-SEDs/HD_projected_optimisation/wf-outputs/chkp/8_bins/chkp_callback_poly_5_cycles_256_proj_d2_45z_0_cycle3
63/63 - 52s - loss: 9.6343e-07 - mean_squared_error: 1.3785e-06 - val_loss: 1.3998e-08 - val_mean_squared_error: 1.3998e-08 - 52s/epoch - 823ms/step
Epoch 8/25

Epoch 00008: mean_squared_error improved from 0.00000 to 0.00000, saving model to /gpfswork/rech/ynx/uds36vp/repos/wf-SEDs/HD_projected_optimisation/wf-outputs/chkp/8_bins/chkp_callback_poly_5_cycles_256_proj_d2_45z_0_cycle3
63/63 - 52s - loss: 9.6309e-07 - mean_squared_error: 1.3782e-06 - val_loss: 1.3886e-08 - val_mean_squared_error: 1.3886e-08 - 52s/epoch - 823ms/step
Epoch 9/25

Epoch 00009: mean_squared_error improved from 0.00000 to 0.00000, saving model to /gpfswork/rech/ynx/uds36vp/repos/wf-SEDs/HD_projected_optimisation/wf-outputs/chkp/8_bins/chkp_callback_poly_5_cycles_256_proj_d2_45z_0_cycle3
63/63 - 52s - loss: 9.6268e-07 - mean_squared_error: 1.3779e-06 - val_loss: 1.3038e-08 - val_mean_squared_error: 1.3038e-08 - 52s/epoch - 823ms/step
Epoch 10/25

Epoch 00010: mean_squared_error improved from 0.00000 to 0.00000, saving model to /gpfswork/rech/ynx/uds36vp/repos/wf-SEDs/HD_projected_optimisation/wf-outputs/chkp/8_bins/chkp_callback_poly_5_cycles_256_proj_d2_45z_0_cycle3
63/63 - 52s - loss: 9.6233e-07 - mean_squared_error: 1.3776e-06 - val_loss: 1.2780e-08 - val_mean_squared_error: 1.2780e-08 - 52s/epoch - 822ms/step
Epoch 11/25

Epoch 00011: mean_squared_error improved from 0.00000 to 0.00000, saving model to /gpfswork/rech/ynx/uds36vp/repos/wf-SEDs/HD_projected_optimisation/wf-outputs/chkp/8_bins/chkp_callback_poly_5_cycles_256_proj_d2_45z_0_cycle3
63/63 - 52s - loss: 9.6199e-07 - mean_squared_error: 1.3773e-06 - val_loss: 1.2645e-08 - val_mean_squared_error: 1.2645e-08 - 52s/epoch - 825ms/step
Epoch 12/25

Epoch 00012: mean_squared_error improved from 0.00000 to 0.00000, saving model to /gpfswork/rech/ynx/uds36vp/repos/wf-SEDs/HD_projected_optimisation/wf-outputs/chkp/8_bins/chkp_callback_poly_5_cycles_256_proj_d2_45z_0_cycle3
63/63 - 52s - loss: 9.6182e-07 - mean_squared_error: 1.3771e-06 - val_loss: 1.2768e-08 - val_mean_squared_error: 1.2768e-08 - 52s/epoch - 825ms/step
Epoch 13/25

Epoch 00013: mean_squared_error improved from 0.00000 to 0.00000, saving model to /gpfswork/rech/ynx/uds36vp/repos/wf-SEDs/HD_projected_optimisation/wf-outputs/chkp/8_bins/chkp_callback_poly_5_cycles_256_proj_d2_45z_0_cycle3
63/63 - 52s - loss: 9.6159e-07 - mean_squared_error: 1.3769e-06 - val_loss: 1.2453e-08 - val_mean_squared_error: 1.2453e-08 - 52s/epoch - 823ms/step
Epoch 14/25

Epoch 00014: mean_squared_error improved from 0.00000 to 0.00000, saving model to /gpfswork/rech/ynx/uds36vp/repos/wf-SEDs/HD_projected_optimisation/wf-outputs/chkp/8_bins/chkp_callback_poly_5_cycles_256_proj_d2_45z_0_cycle3
63/63 - 52s - loss: 9.6139e-07 - mean_squared_error: 1.3767e-06 - val_loss: 1.2083e-08 - val_mean_squared_error: 1.2083e-08 - 52s/epoch - 824ms/step
Epoch 15/25

Epoch 00015: mean_squared_error improved from 0.00000 to 0.00000, saving model to /gpfswork/rech/ynx/uds36vp/repos/wf-SEDs/HD_projected_optimisation/wf-outputs/chkp/8_bins/chkp_callback_poly_5_cycles_256_proj_d2_45z_0_cycle3
63/63 - 52s - loss: 9.6124e-07 - mean_squared_error: 1.3766e-06 - val_loss: 1.1894e-08 - val_mean_squared_error: 1.1894e-08 - 52s/epoch - 824ms/step
Epoch 16/25

Epoch 00016: mean_squared_error improved from 0.00000 to 0.00000, saving model to /gpfswork/rech/ynx/uds36vp/repos/wf-SEDs/HD_projected_optimisation/wf-outputs/chkp/8_bins/chkp_callback_poly_5_cycles_256_proj_d2_45z_0_cycle3
63/63 - 52s - loss: 9.6115e-07 - mean_squared_error: 1.3765e-06 - val_loss: 1.1935e-08 - val_mean_squared_error: 1.1935e-08 - 52s/epoch - 824ms/step
Epoch 17/25

Epoch 00017: mean_squared_error improved from 0.00000 to 0.00000, saving model to /gpfswork/rech/ynx/uds36vp/repos/wf-SEDs/HD_projected_optimisation/wf-outputs/chkp/8_bins/chkp_callback_poly_5_cycles_256_proj_d2_45z_0_cycle3
63/63 - 52s - loss: 9.6085e-07 - mean_squared_error: 1.3763e-06 - val_loss: 1.1691e-08 - val_mean_squared_error: 1.1691e-08 - 52s/epoch - 824ms/step
Epoch 18/25

Epoch 00018: mean_squared_error improved from 0.00000 to 0.00000, saving model to /gpfswork/rech/ynx/uds36vp/repos/wf-SEDs/HD_projected_optimisation/wf-outputs/chkp/8_bins/chkp_callback_poly_5_cycles_256_proj_d2_45z_0_cycle3
63/63 - 52s - loss: 9.6065e-07 - mean_squared_error: 1.3761e-06 - val_loss: 1.1388e-08 - val_mean_squared_error: 1.1388e-08 - 52s/epoch - 825ms/step
Epoch 19/25

Epoch 00019: mean_squared_error improved from 0.00000 to 0.00000, saving model to /gpfswork/rech/ynx/uds36vp/repos/wf-SEDs/HD_projected_optimisation/wf-outputs/chkp/8_bins/chkp_callback_poly_5_cycles_256_proj_d2_45z_0_cycle3
63/63 - 53s - loss: 9.6045e-07 - mean_squared_error: 1.3759e-06 - val_loss: 1.1368e-08 - val_mean_squared_error: 1.1368e-08 - 53s/epoch - 840ms/step
Epoch 20/25

Epoch 00020: mean_squared_error improved from 0.00000 to 0.00000, saving model to /gpfswork/rech/ynx/uds36vp/repos/wf-SEDs/HD_projected_optimisation/wf-outputs/chkp/8_bins/chkp_callback_poly_5_cycles_256_proj_d2_45z_0_cycle3
63/63 - 54s - loss: 9.6033e-07 - mean_squared_error: 1.3758e-06 - val_loss: 1.1179e-08 - val_mean_squared_error: 1.1179e-08 - 54s/epoch - 851ms/step
Epoch 21/25

Epoch 00021: mean_squared_error improved from 0.00000 to 0.00000, saving model to /gpfswork/rech/ynx/uds36vp/repos/wf-SEDs/HD_projected_optimisation/wf-outputs/chkp/8_bins/chkp_callback_poly_5_cycles_256_proj_d2_45z_0_cycle3
63/63 - 54s - loss: 9.6021e-07 - mean_squared_error: 1.3757e-06 - val_loss: 1.0956e-08 - val_mean_squared_error: 1.0956e-08 - 54s/epoch - 850ms/step
Epoch 22/25

Epoch 00022: mean_squared_error improved from 0.00000 to 0.00000, saving model to /gpfswork/rech/ynx/uds36vp/repos/wf-SEDs/HD_projected_optimisation/wf-outputs/chkp/8_bins/chkp_callback_poly_5_cycles_256_proj_d2_45z_0_cycle3
63/63 - 54s - loss: 9.5998e-07 - mean_squared_error: 1.3755e-06 - val_loss: 1.0833e-08 - val_mean_squared_error: 1.0833e-08 - 54s/epoch - 855ms/step
Epoch 23/25

Epoch 00023: mean_squared_error improved from 0.00000 to 0.00000, saving model to /gpfswork/rech/ynx/uds36vp/repos/wf-SEDs/HD_projected_optimisation/wf-outputs/chkp/8_bins/chkp_callback_poly_5_cycles_256_proj_d2_45z_0_cycle3
63/63 - 52s - loss: 9.5989e-07 - mean_squared_error: 1.3754e-06 - val_loss: 1.1015e-08 - val_mean_squared_error: 1.1015e-08 - 52s/epoch - 830ms/step
Epoch 24/25

Epoch 00024: mean_squared_error improved from 0.00000 to 0.00000, saving model to /gpfswork/rech/ynx/uds36vp/repos/wf-SEDs/HD_projected_optimisation/wf-outputs/chkp/8_bins/chkp_callback_poly_5_cycles_256_proj_d2_45z_0_cycle3
63/63 - 52s - loss: 9.5968e-07 - mean_squared_error: 1.3752e-06 - val_loss: 1.0829e-08 - val_mean_squared_error: 1.0829e-08 - 52s/epoch - 823ms/step
Epoch 25/25

Epoch 00025: mean_squared_error improved from 0.00000 to 0.00000, saving model to /gpfswork/rech/ynx/uds36vp/repos/wf-SEDs/HD_projected_optimisation/wf-outputs/chkp/8_bins/chkp_callback_poly_5_cycles_256_proj_d2_45z_0_cycle3
63/63 - 52s - loss: 9.5950e-07 - mean_squared_error: 1.3751e-06 - val_loss: 1.0488e-08 - val_mean_squared_error: 1.0488e-08 - 52s/epoch - 823ms/step
Cycle3 elapsed time: 1573.0145061016083
Project non-param DD features onto param model: done!
Starting cycle 4..
Starting parametric update..
Epoch 1/5

Epoch 00001: mean_squared_error improved from inf to 0.00000, saving model to /gpfswork/rech/ynx/uds36vp/repos/wf-SEDs/HD_projected_optimisation/wf-outputs/chkp/8_bins/chkp_callback_poly_5_cycles_256_proj_d2_45z_0_cycle4
63/63 - 54s - loss: 9.8361e-07 - mean_squared_error: 1.3947e-06 - val_loss: 7.3323e-08 - val_mean_squared_error: 7.3323e-08 - 54s/epoch - 860ms/step
Epoch 2/5

Epoch 00002: mean_squared_error did not improve from 0.00000
63/63 - 51s - loss: 9.8849e-07 - mean_squared_error: 1.3987e-06 - val_loss: 3.1151e-08 - val_mean_squared_error: 3.1151e-08 - 51s/epoch - 817ms/step
Epoch 3/5

Epoch 00003: mean_squared_error did not improve from 0.00000
63/63 - 52s - loss: 9.8957e-07 - mean_squared_error: 1.3998e-06 - val_loss: 5.0347e-08 - val_mean_squared_error: 5.0347e-08 - 52s/epoch - 818ms/step
Epoch 4/5

Epoch 00004: mean_squared_error did not improve from 0.00000
63/63 - 51s - loss: 1.0411e-06 - mean_squared_error: 1.4417e-06 - val_loss: 6.1877e-08 - val_mean_squared_error: 6.1877e-08 - 51s/epoch - 817ms/step
Epoch 5/5

Epoch 00005: mean_squared_error did not improve from 0.00000
63/63 - 52s - loss: 1.0732e-06 - mean_squared_error: 1.4700e-06 - val_loss: 9.3799e-08 - val_mean_squared_error: 9.3799e-08 - 52s/epoch - 818ms/step
Starting non-parametric update..
Epoch 1/25

Epoch 00001: mean_squared_error did not improve from 0.00000
63/63 - 55s - loss: 9.9886e-07 - mean_squared_error: 1.4050e-06 - val_loss: 1.6946e-08 - val_mean_squared_error: 1.6946e-08 - 55s/epoch - 867ms/step
Epoch 2/25

Epoch 00002: mean_squared_error improved from 0.00000 to 0.00000, saving model to /gpfswork/rech/ynx/uds36vp/repos/wf-SEDs/HD_projected_optimisation/wf-outputs/chkp/8_bins/chkp_callback_poly_5_cycles_256_proj_d2_45z_0_cycle4
63/63 - 52s - loss: 9.6382e-07 - mean_squared_error: 1.3787e-06 - val_loss: 1.2773e-08 - val_mean_squared_error: 1.2773e-08 - 52s/epoch - 822ms/step
Epoch 3/25

Epoch 00003: mean_squared_error improved from 0.00000 to 0.00000, saving model to /gpfswork/rech/ynx/uds36vp/repos/wf-SEDs/HD_projected_optimisation/wf-outputs/chkp/8_bins/chkp_callback_poly_5_cycles_256_proj_d2_45z_0_cycle4
63/63 - 52s - loss: 9.6115e-07 - mean_squared_error: 1.3765e-06 - val_loss: 1.1740e-08 - val_mean_squared_error: 1.1740e-08 - 52s/epoch - 821ms/step
Epoch 4/25

Epoch 00004: mean_squared_error improved from 0.00000 to 0.00000, saving model to /gpfswork/rech/ynx/uds36vp/repos/wf-SEDs/HD_projected_optimisation/wf-outputs/chkp/8_bins/chkp_callback_poly_5_cycles_256_proj_d2_45z_0_cycle4
63/63 - 52s - loss: 9.6021e-07 - mean_squared_error: 1.3757e-06 - val_loss: 1.1157e-08 - val_mean_squared_error: 1.1157e-08 - 52s/epoch - 820ms/step
Epoch 5/25

Epoch 00005: mean_squared_error improved from 0.00000 to 0.00000, saving model to /gpfswork/rech/ynx/uds36vp/repos/wf-SEDs/HD_projected_optimisation/wf-outputs/chkp/8_bins/chkp_callback_poly_5_cycles_256_proj_d2_45z_0_cycle4
63/63 - 52s - loss: 9.5973e-07 - mean_squared_error: 1.3753e-06 - val_loss: 1.0865e-08 - val_mean_squared_error: 1.0865e-08 - 52s/epoch - 821ms/step
Epoch 6/25

Epoch 00006: mean_squared_error improved from 0.00000 to 0.00000, saving model to /gpfswork/rech/ynx/uds36vp/repos/wf-SEDs/HD_projected_optimisation/wf-outputs/chkp/8_bins/chkp_callback_poly_5_cycles_256_proj_d2_45z_0_cycle4
63/63 - 52s - loss: 9.5946e-07 - mean_squared_error: 1.3751e-06 - val_loss: 1.0542e-08 - val_mean_squared_error: 1.0542e-08 - 52s/epoch - 820ms/step
Epoch 7/25

Epoch 00007: mean_squared_error improved from 0.00000 to 0.00000, saving model to /gpfswork/rech/ynx/uds36vp/repos/wf-SEDs/HD_projected_optimisation/wf-outputs/chkp/8_bins/chkp_callback_poly_5_cycles_256_proj_d2_45z_0_cycle4
63/63 - 52s - loss: 9.5924e-07 - mean_squared_error: 1.3749e-06 - val_loss: 1.0539e-08 - val_mean_squared_error: 1.0539e-08 - 52s/epoch - 820ms/step
Epoch 8/25

Epoch 00008: mean_squared_error improved from 0.00000 to 0.00000, saving model to /gpfswork/rech/ynx/uds36vp/repos/wf-SEDs/HD_projected_optimisation/wf-outputs/chkp/8_bins/chkp_callback_poly_5_cycles_256_proj_d2_45z_0_cycle4
63/63 - 52s - loss: 9.5908e-07 - mean_squared_error: 1.3747e-06 - val_loss: 1.0177e-08 - val_mean_squared_error: 1.0177e-08 - 52s/epoch - 819ms/step
Epoch 9/25

Epoch 00009: mean_squared_error improved from 0.00000 to 0.00000, saving model to /gpfswork/rech/ynx/uds36vp/repos/wf-SEDs/HD_projected_optimisation/wf-outputs/chkp/8_bins/chkp_callback_poly_5_cycles_256_proj_d2_45z_0_cycle4
63/63 - 52s - loss: 9.5888e-07 - mean_squared_error: 1.3746e-06 - val_loss: 1.0123e-08 - val_mean_squared_error: 1.0123e-08 - 52s/epoch - 820ms/step
Epoch 10/25

Epoch 00010: mean_squared_error improved from 0.00000 to 0.00000, saving model to /gpfswork/rech/ynx/uds36vp/repos/wf-SEDs/HD_projected_optimisation/wf-outputs/chkp/8_bins/chkp_callback_poly_5_cycles_256_proj_d2_45z_0_cycle4
63/63 - 52s - loss: 9.5881e-07 - mean_squared_error: 1.3745e-06 - val_loss: 1.0124e-08 - val_mean_squared_error: 1.0124e-08 - 52s/epoch - 821ms/step
Epoch 11/25

Epoch 00011: mean_squared_error improved from 0.00000 to 0.00000, saving model to /gpfswork/rech/ynx/uds36vp/repos/wf-SEDs/HD_projected_optimisation/wf-outputs/chkp/8_bins/chkp_callback_poly_5_cycles_256_proj_d2_45z_0_cycle4
63/63 - 52s - loss: 9.5869e-07 - mean_squared_error: 1.3743e-06 - val_loss: 9.8939e-09 - val_mean_squared_error: 9.8939e-09 - 52s/epoch - 821ms/step
Epoch 12/25

Epoch 00012: mean_squared_error improved from 0.00000 to 0.00000, saving model to /gpfswork/rech/ynx/uds36vp/repos/wf-SEDs/HD_projected_optimisation/wf-outputs/chkp/8_bins/chkp_callback_poly_5_cycles_256_proj_d2_45z_0_cycle4
63/63 - 52s - loss: 9.5862e-07 - mean_squared_error: 1.3743e-06 - val_loss: 9.9038e-09 - val_mean_squared_error: 9.9038e-09 - 52s/epoch - 821ms/step
Epoch 13/25

Epoch 00013: mean_squared_error improved from 0.00000 to 0.00000, saving model to /gpfswork/rech/ynx/uds36vp/repos/wf-SEDs/HD_projected_optimisation/wf-outputs/chkp/8_bins/chkp_callback_poly_5_cycles_256_proj_d2_45z_0_cycle4
63/63 - 52s - loss: 9.5860e-07 - mean_squared_error: 1.3743e-06 - val_loss: 9.6671e-09 - val_mean_squared_error: 9.6671e-09 - 52s/epoch - 821ms/step
Epoch 14/25

Epoch 00014: mean_squared_error improved from 0.00000 to 0.00000, saving model to /gpfswork/rech/ynx/uds36vp/repos/wf-SEDs/HD_projected_optimisation/wf-outputs/chkp/8_bins/chkp_callback_poly_5_cycles_256_proj_d2_45z_0_cycle4
63/63 - 52s - loss: 9.5834e-07 - mean_squared_error: 1.3740e-06 - val_loss: 9.9755e-09 - val_mean_squared_error: 9.9755e-09 - 52s/epoch - 821ms/step
Epoch 15/25

Epoch 00015: mean_squared_error improved from 0.00000 to 0.00000, saving model to /gpfswork/rech/ynx/uds36vp/repos/wf-SEDs/HD_projected_optimisation/wf-outputs/chkp/8_bins/chkp_callback_poly_5_cycles_256_proj_d2_45z_0_cycle4
63/63 - 52s - loss: 9.5816e-07 - mean_squared_error: 1.3740e-06 - val_loss: 9.5890e-09 - val_mean_squared_error: 9.5890e-09 - 52s/epoch - 821ms/step
Epoch 16/25

Epoch 00016: mean_squared_error improved from 0.00000 to 0.00000, saving model to /gpfswork/rech/ynx/uds36vp/repos/wf-SEDs/HD_projected_optimisation/wf-outputs/chkp/8_bins/chkp_callback_poly_5_cycles_256_proj_d2_45z_0_cycle4
63/63 - 52s - loss: 9.5815e-07 - mean_squared_error: 1.3739e-06 - val_loss: 9.5083e-09 - val_mean_squared_error: 9.5083e-09 - 52s/epoch - 823ms/step
Epoch 17/25

Epoch 00017: mean_squared_error improved from 0.00000 to 0.00000, saving model to /gpfswork/rech/ynx/uds36vp/repos/wf-SEDs/HD_projected_optimisation/wf-outputs/chkp/8_bins/chkp_callback_poly_5_cycles_256_proj_d2_45z_0_cycle4
63/63 - 52s - loss: 9.5803e-07 - mean_squared_error: 1.3738e-06 - val_loss: 9.3161e-09 - val_mean_squared_error: 9.3161e-09 - 52s/epoch - 820ms/step
Epoch 18/25

Epoch 00018: mean_squared_error improved from 0.00000 to 0.00000, saving model to /gpfswork/rech/ynx/uds36vp/repos/wf-SEDs/HD_projected_optimisation/wf-outputs/chkp/8_bins/chkp_callback_poly_5_cycles_256_proj_d2_45z_0_cycle4
63/63 - 52s - loss: 9.5792e-07 - mean_squared_error: 1.3737e-06 - val_loss: 9.4290e-09 - val_mean_squared_error: 9.4290e-09 - 52s/epoch - 821ms/step
Epoch 19/25

Epoch 00019: mean_squared_error improved from 0.00000 to 0.00000, saving model to /gpfswork/rech/ynx/uds36vp/repos/wf-SEDs/HD_projected_optimisation/wf-outputs/chkp/8_bins/chkp_callback_poly_5_cycles_256_proj_d2_45z_0_cycle4
63/63 - 52s - loss: 9.5787e-07 - mean_squared_error: 1.3736e-06 - val_loss: 9.1446e-09 - val_mean_squared_error: 9.1446e-09 - 52s/epoch - 822ms/step
Epoch 20/25

Epoch 00020: mean_squared_error improved from 0.00000 to 0.00000, saving model to /gpfswork/rech/ynx/uds36vp/repos/wf-SEDs/HD_projected_optimisation/wf-outputs/chkp/8_bins/chkp_callback_poly_5_cycles_256_proj_d2_45z_0_cycle4
63/63 - 52s - loss: 9.5782e-07 - mean_squared_error: 1.3736e-06 - val_loss: 9.0857e-09 - val_mean_squared_error: 9.0857e-09 - 52s/epoch - 820ms/step
Epoch 21/25

Epoch 00021: mean_squared_error improved from 0.00000 to 0.00000, saving model to /gpfswork/rech/ynx/uds36vp/repos/wf-SEDs/HD_projected_optimisation/wf-outputs/chkp/8_bins/chkp_callback_poly_5_cycles_256_proj_d2_45z_0_cycle4
63/63 - 52s - loss: 9.5762e-07 - mean_squared_error: 1.3734e-06 - val_loss: 9.3461e-09 - val_mean_squared_error: 9.3461e-09 - 52s/epoch - 820ms/step
Epoch 22/25

Epoch 00022: mean_squared_error did not improve from 0.00000
63/63 - 52s - loss: 9.5772e-07 - mean_squared_error: 1.3735e-06 - val_loss: 9.0887e-09 - val_mean_squared_error: 9.0887e-09 - 52s/epoch - 819ms/step
Epoch 23/25

Epoch 00023: mean_squared_error improved from 0.00000 to 0.00000, saving model to /gpfswork/rech/ynx/uds36vp/repos/wf-SEDs/HD_projected_optimisation/wf-outputs/chkp/8_bins/chkp_callback_poly_5_cycles_256_proj_d2_45z_0_cycle4
63/63 - 52s - loss: 9.5754e-07 - mean_squared_error: 1.3733e-06 - val_loss: 8.8803e-09 - val_mean_squared_error: 8.8803e-09 - 52s/epoch - 820ms/step
Epoch 24/25

Epoch 00024: mean_squared_error improved from 0.00000 to 0.00000, saving model to /gpfswork/rech/ynx/uds36vp/repos/wf-SEDs/HD_projected_optimisation/wf-outputs/chkp/8_bins/chkp_callback_poly_5_cycles_256_proj_d2_45z_0_cycle4
63/63 - 52s - loss: 9.5750e-07 - mean_squared_error: 1.3733e-06 - val_loss: 9.3304e-09 - val_mean_squared_error: 9.3304e-09 - 52s/epoch - 820ms/step
Epoch 25/25

Epoch 00025: mean_squared_error did not improve from 0.00000
63/63 - 52s - loss: 9.5759e-07 - mean_squared_error: 1.3733e-06 - val_loss: 8.8082e-09 - val_mean_squared_error: 8.8082e-09 - 52s/epoch - 820ms/step
Cycle4 elapsed time: 1560.9412460327148
Project non-param DD features onto param model: done!
Starting cycle 5..
Starting parametric update..
Epoch 1/15

Epoch 00001: mean_squared_error improved from inf to 0.00000, saving model to /gpfswork/rech/ynx/uds36vp/repos/wf-SEDs/HD_projected_optimisation/wf-outputs/chkp/8_bins/chkp_callback_poly_5_cycles_256_proj_d2_45z_0_cycle5
63/63 - 55s - loss: 9.6005e-07 - mean_squared_error: 1.3753e-06 - val_loss: 1.9754e-08 - val_mean_squared_error: 1.9754e-08 - 55s/epoch - 871ms/step
Epoch 2/15

Epoch 00002: mean_squared_error did not improve from 0.00000
63/63 - 52s - loss: 9.8467e-07 - mean_squared_error: 1.3947e-06 - val_loss: 7.6013e-08 - val_mean_squared_error: 7.6013e-08 - 52s/epoch - 828ms/step
Epoch 3/15

Epoch 00003: mean_squared_error did not improve from 0.00000
63/63 - 52s - loss: 1.0134e-06 - mean_squared_error: 1.4204e-06 - val_loss: 5.5696e-08 - val_mean_squared_error: 5.5696e-08 - 52s/epoch - 829ms/step
Epoch 4/15

Epoch 00004: mean_squared_error did not improve from 0.00000
63/63 - 52s - loss: 9.8447e-07 - mean_squared_error: 1.3955e-06 - val_loss: 1.7742e-08 - val_mean_squared_error: 1.7742e-08 - 52s/epoch - 829ms/step
Epoch 5/15

Epoch 00005: mean_squared_error did not improve from 0.00000
63/63 - 52s - loss: 9.7399e-07 - mean_squared_error: 1.3872e-06 - val_loss: 1.9708e-08 - val_mean_squared_error: 1.9708e-08 - 52s/epoch - 829ms/step
Epoch 6/15

Epoch 00006: mean_squared_error did not improve from 0.00000
63/63 - 52s - loss: 1.0044e-06 - mean_squared_error: 1.4110e-06 - val_loss: 5.2519e-08 - val_mean_squared_error: 5.2519e-08 - 52s/epoch - 829ms/step
Epoch 7/15

Epoch 00007: mean_squared_error did not improve from 0.00000
63/63 - 52s - loss: 1.0261e-06 - mean_squared_error: 1.4293e-06 - val_loss: 6.5134e-08 - val_mean_squared_error: 6.5134e-08 - 52s/epoch - 831ms/step
Epoch 8/15

Epoch 00008: mean_squared_error did not improve from 0.00000
63/63 - 54s - loss: 1.0276e-06 - mean_squared_error: 1.4327e-06 - val_loss: 3.3801e-08 - val_mean_squared_error: 3.3801e-08 - 54s/epoch - 854ms/step
Epoch 9/15

Epoch 00009: mean_squared_error did not improve from 0.00000
63/63 - 54s - loss: 1.0178e-06 - mean_squared_error: 1.4242e-06 - val_loss: 5.9219e-08 - val_mean_squared_error: 5.9219e-08 - 54s/epoch - 861ms/step
Epoch 10/15

Epoch 00010: mean_squared_error did not improve from 0.00000
63/63 - 54s - loss: 9.9953e-07 - mean_squared_error: 1.4077e-06 - val_loss: 5.1563e-08 - val_mean_squared_error: 5.1563e-08 - 54s/epoch - 862ms/step
Epoch 11/15

Epoch 00011: mean_squared_error did not improve from 0.00000
63/63 - 54s - loss: 1.0764e-06 - mean_squared_error: 1.4681e-06 - val_loss: 8.4469e-08 - val_mean_squared_error: 8.4469e-08 - 54s/epoch - 855ms/step
Epoch 12/15

Epoch 00012: mean_squared_error did not improve from 0.00000
63/63 - 52s - loss: 1.2578e-06 - mean_squared_error: 1.6228e-06 - val_loss: 1.1622e-07 - val_mean_squared_error: 1.1622e-07 - 52s/epoch - 828ms/step
Epoch 13/15

Epoch 00013: mean_squared_error did not improve from 0.00000
63/63 - 52s - loss: 1.0268e-06 - mean_squared_error: 1.4312e-06 - val_loss: 8.6270e-08 - val_mean_squared_error: 8.6270e-08 - 52s/epoch - 828ms/step
Epoch 14/15

Epoch 00014: mean_squared_error did not improve from 0.00000
63/63 - 52s - loss: 1.0927e-06 - mean_squared_error: 1.4848e-06 - val_loss: 9.8026e-08 - val_mean_squared_error: 9.8026e-08 - 52s/epoch - 828ms/step
Epoch 15/15

Epoch 00015: mean_squared_error did not improve from 0.00000
63/63 - 52s - loss: 1.1120e-06 - mean_squared_error: 1.5014e-06 - val_loss: 8.9391e-08 - val_mean_squared_error: 8.9391e-08 - 52s/epoch - 828ms/step
Starting non-parametric update..
Epoch 1/50

Epoch 00001: mean_squared_error did not improve from 0.00000
63/63 - 55s - loss: 9.8842e-07 - mean_squared_error: 1.3984e-06 - val_loss: 1.4484e-08 - val_mean_squared_error: 1.4484e-08 - 55s/epoch - 865ms/step
Epoch 2/50

Epoch 00002: mean_squared_error did not improve from 0.00000
63/63 - 52s - loss: 9.6116e-07 - mean_squared_error: 1.3763e-06 - val_loss: 1.1057e-08 - val_mean_squared_error: 1.1057e-08 - 52s/epoch - 820ms/step
Epoch 3/50

Epoch 00003: mean_squared_error improved from 0.00000 to 0.00000, saving model to /gpfswork/rech/ynx/uds36vp/repos/wf-SEDs/HD_projected_optimisation/wf-outputs/chkp/8_bins/chkp_callback_poly_5_cycles_256_proj_d2_45z_0_cycle5
63/63 - 52s - loss: 9.5898e-07 - mean_squared_error: 1.3746e-06 - val_loss: 1.0050e-08 - val_mean_squared_error: 1.0050e-08 - 52s/epoch - 822ms/step
Epoch 4/50

Epoch 00004: mean_squared_error improved from 0.00000 to 0.00000, saving model to /gpfswork/rech/ynx/uds36vp/repos/wf-SEDs/HD_projected_optimisation/wf-outputs/chkp/8_bins/chkp_callback_poly_5_cycles_256_proj_d2_45z_0_cycle5
63/63 - 52s - loss: 9.5817e-07 - mean_squared_error: 1.3738e-06 - val_loss: 9.5591e-09 - val_mean_squared_error: 9.5591e-09 - 52s/epoch - 823ms/step
Epoch 5/50

Epoch 00005: mean_squared_error improved from 0.00000 to 0.00000, saving model to /gpfswork/rech/ynx/uds36vp/repos/wf-SEDs/HD_projected_optimisation/wf-outputs/chkp/8_bins/chkp_callback_poly_5_cycles_256_proj_d2_45z_0_cycle5
63/63 - 52s - loss: 9.5778e-07 - mean_squared_error: 1.3735e-06 - val_loss: 9.2569e-09 - val_mean_squared_error: 9.2569e-09 - 52s/epoch - 823ms/step
Epoch 6/50

Epoch 00006: mean_squared_error improved from 0.00000 to 0.00000, saving model to /gpfswork/rech/ynx/uds36vp/repos/wf-SEDs/HD_projected_optimisation/wf-outputs/chkp/8_bins/chkp_callback_poly_5_cycles_256_proj_d2_45z_0_cycle5
63/63 - 52s - loss: 9.5756e-07 - mean_squared_error: 1.3733e-06 - val_loss: 9.0226e-09 - val_mean_squared_error: 9.0226e-09 - 52s/epoch - 823ms/step
Epoch 7/50

Epoch 00007: mean_squared_error improved from 0.00000 to 0.00000, saving model to /gpfswork/rech/ynx/uds36vp/repos/wf-SEDs/HD_projected_optimisation/wf-outputs/chkp/8_bins/chkp_callback_poly_5_cycles_256_proj_d2_45z_0_cycle5
63/63 - 52s - loss: 9.5729e-07 - mean_squared_error: 1.3731e-06 - val_loss: 8.8664e-09 - val_mean_squared_error: 8.8664e-09 - 52s/epoch - 822ms/step
Epoch 8/50

Epoch 00008: mean_squared_error improved from 0.00000 to 0.00000, saving model to /gpfswork/rech/ynx/uds36vp/repos/wf-SEDs/HD_projected_optimisation/wf-outputs/chkp/8_bins/chkp_callback_poly_5_cycles_256_proj_d2_45z_0_cycle5
63/63 - 52s - loss: 9.5719e-07 - mean_squared_error: 1.3730e-06 - val_loss: 8.8786e-09 - val_mean_squared_error: 8.8786e-09 - 52s/epoch - 821ms/step
Epoch 9/50

Epoch 00009: mean_squared_error improved from 0.00000 to 0.00000, saving model to /gpfswork/rech/ynx/uds36vp/repos/wf-SEDs/HD_projected_optimisation/wf-outputs/chkp/8_bins/chkp_callback_poly_5_cycles_256_proj_d2_45z_0_cycle5
63/63 - 52s - loss: 9.5709e-07 - mean_squared_error: 1.3729e-06 - val_loss: 8.6985e-09 - val_mean_squared_error: 8.6985e-09 - 52s/epoch - 822ms/step
Epoch 10/50

Epoch 00010: mean_squared_error improved from 0.00000 to 0.00000, saving model to /gpfswork/rech/ynx/uds36vp/repos/wf-SEDs/HD_projected_optimisation/wf-outputs/chkp/8_bins/chkp_callback_poly_5_cycles_256_proj_d2_45z_0_cycle5
63/63 - 52s - loss: 9.5688e-07 - mean_squared_error: 1.3728e-06 - val_loss: 8.5753e-09 - val_mean_squared_error: 8.5753e-09 - 52s/epoch - 821ms/step
Epoch 11/50

Epoch 00011: mean_squared_error improved from 0.00000 to 0.00000, saving model to /gpfswork/rech/ynx/uds36vp/repos/wf-SEDs/HD_projected_optimisation/wf-outputs/chkp/8_bins/chkp_callback_poly_5_cycles_256_proj_d2_45z_0_cycle5
63/63 - 52s - loss: 9.5690e-07 - mean_squared_error: 1.3728e-06 - val_loss: 8.6213e-09 - val_mean_squared_error: 8.6213e-09 - 52s/epoch - 820ms/step
Epoch 12/50

Epoch 00012: mean_squared_error improved from 0.00000 to 0.00000, saving model to /gpfswork/rech/ynx/uds36vp/repos/wf-SEDs/HD_projected_optimisation/wf-outputs/chkp/8_bins/chkp_callback_poly_5_cycles_256_proj_d2_45z_0_cycle5
63/63 - 52s - loss: 9.5674e-07 - mean_squared_error: 1.3727e-06 - val_loss: 8.4787e-09 - val_mean_squared_error: 8.4787e-09 - 52s/epoch - 821ms/step
Epoch 13/50

Epoch 00013: mean_squared_error improved from 0.00000 to 0.00000, saving model to /gpfswork/rech/ynx/uds36vp/repos/wf-SEDs/HD_projected_optimisation/wf-outputs/chkp/8_bins/chkp_callback_poly_5_cycles_256_proj_d2_45z_0_cycle5
63/63 - 52s - loss: 9.5663e-07 - mean_squared_error: 1.3725e-06 - val_loss: 8.6250e-09 - val_mean_squared_error: 8.6250e-09 - 52s/epoch - 821ms/step
Epoch 14/50

Epoch 00014: mean_squared_error improved from 0.00000 to 0.00000, saving model to /gpfswork/rech/ynx/uds36vp/repos/wf-SEDs/HD_projected_optimisation/wf-outputs/chkp/8_bins/chkp_callback_poly_5_cycles_256_proj_d2_45z_0_cycle5
63/63 - 52s - loss: 9.5665e-07 - mean_squared_error: 1.3725e-06 - val_loss: 8.3309e-09 - val_mean_squared_error: 8.3309e-09 - 52s/epoch - 822ms/step
Epoch 15/50

Epoch 00015: mean_squared_error improved from 0.00000 to 0.00000, saving model to /gpfswork/rech/ynx/uds36vp/repos/wf-SEDs/HD_projected_optimisation/wf-outputs/chkp/8_bins/chkp_callback_poly_5_cycles_256_proj_d2_45z_0_cycle5
63/63 - 52s - loss: 9.5662e-07 - mean_squared_error: 1.3725e-06 - val_loss: 8.5039e-09 - val_mean_squared_error: 8.5039e-09 - 52s/epoch - 823ms/step
Epoch 16/50

Epoch 00016: mean_squared_error improved from 0.00000 to 0.00000, saving model to /gpfswork/rech/ynx/uds36vp/repos/wf-SEDs/HD_projected_optimisation/wf-outputs/chkp/8_bins/chkp_callback_poly_5_cycles_256_proj_d2_45z_0_cycle5
63/63 - 52s - loss: 9.5653e-07 - mean_squared_error: 1.3724e-06 - val_loss: 8.1372e-09 - val_mean_squared_error: 8.1372e-09 - 52s/epoch - 823ms/step
Epoch 17/50

Epoch 00017: mean_squared_error improved from 0.00000 to 0.00000, saving model to /gpfswork/rech/ynx/uds36vp/repos/wf-SEDs/HD_projected_optimisation/wf-outputs/chkp/8_bins/chkp_callback_poly_5_cycles_256_proj_d2_45z_0_cycle5
63/63 - 52s - loss: 9.5632e-07 - mean_squared_error: 1.3723e-06 - val_loss: 8.0914e-09 - val_mean_squared_error: 8.0914e-09 - 52s/epoch - 821ms/step
Epoch 18/50

Epoch 00018: mean_squared_error improved from 0.00000 to 0.00000, saving model to /gpfswork/rech/ynx/uds36vp/repos/wf-SEDs/HD_projected_optimisation/wf-outputs/chkp/8_bins/chkp_callback_poly_5_cycles_256_proj_d2_45z_0_cycle5
63/63 - 52s - loss: 9.5634e-07 - mean_squared_error: 1.3722e-06 - val_loss: 8.2237e-09 - val_mean_squared_error: 8.2237e-09 - 52s/epoch - 822ms/step
Epoch 19/50

Epoch 00019: mean_squared_error improved from 0.00000 to 0.00000, saving model to /gpfswork/rech/ynx/uds36vp/repos/wf-SEDs/HD_projected_optimisation/wf-outputs/chkp/8_bins/chkp_callback_poly_5_cycles_256_proj_d2_45z_0_cycle5
63/63 - 52s - loss: 9.5624e-07 - mean_squared_error: 1.3721e-06 - val_loss: 8.0659e-09 - val_mean_squared_error: 8.0659e-09 - 52s/epoch - 823ms/step
Epoch 20/50

Epoch 00020: mean_squared_error did not improve from 0.00000
63/63 - 52s - loss: 9.5628e-07 - mean_squared_error: 1.3722e-06 - val_loss: 8.1080e-09 - val_mean_squared_error: 8.1080e-09 - 52s/epoch - 821ms/step
Epoch 21/50

Epoch 00021: mean_squared_error improved from 0.00000 to 0.00000, saving model to /gpfswork/rech/ynx/uds36vp/repos/wf-SEDs/HD_projected_optimisation/wf-outputs/chkp/8_bins/chkp_callback_poly_5_cycles_256_proj_d2_45z_0_cycle5
63/63 - 52s - loss: 9.5618e-07 - mean_squared_error: 1.3721e-06 - val_loss: 8.2539e-09 - val_mean_squared_error: 8.2539e-09 - 52s/epoch - 823ms/step
Epoch 22/50

Epoch 00022: mean_squared_error did not improve from 0.00000
63/63 - 52s - loss: 9.5623e-07 - mean_squared_error: 1.3722e-06 - val_loss: 7.9181e-09 - val_mean_squared_error: 7.9181e-09 - 52s/epoch - 820ms/step
Epoch 23/50

Epoch 00023: mean_squared_error improved from 0.00000 to 0.00000, saving model to /gpfswork/rech/ynx/uds36vp/repos/wf-SEDs/HD_projected_optimisation/wf-outputs/chkp/8_bins/chkp_callback_poly_5_cycles_256_proj_d2_45z_0_cycle5
63/63 - 52s - loss: 9.5604e-07 - mean_squared_error: 1.3720e-06 - val_loss: 8.0834e-09 - val_mean_squared_error: 8.0834e-09 - 52s/epoch - 820ms/step
Epoch 24/50

Epoch 00024: mean_squared_error improved from 0.00000 to 0.00000, saving model to /gpfswork/rech/ynx/uds36vp/repos/wf-SEDs/HD_projected_optimisation/wf-outputs/chkp/8_bins/chkp_callback_poly_5_cycles_256_proj_d2_45z_0_cycle5
63/63 - 52s - loss: 9.5592e-07 - mean_squared_error: 1.3719e-06 - val_loss: 7.9249e-09 - val_mean_squared_error: 7.9249e-09 - 52s/epoch - 821ms/step
Epoch 25/50

Epoch 00025: mean_squared_error did not improve from 0.00000
63/63 - 52s - loss: 9.5599e-07 - mean_squared_error: 1.3719e-06 - val_loss: 7.9729e-09 - val_mean_squared_error: 7.9729e-09 - 52s/epoch - 819ms/step
Epoch 26/50

Epoch 00026: mean_squared_error did not improve from 0.00000
63/63 - 52s - loss: 9.5605e-07 - mean_squared_error: 1.3720e-06 - val_loss: 7.7703e-09 - val_mean_squared_error: 7.7703e-09 - 52s/epoch - 821ms/step
Epoch 27/50

Epoch 00027: mean_squared_error improved from 0.00000 to 0.00000, saving model to /gpfswork/rech/ynx/uds36vp/repos/wf-SEDs/HD_projected_optimisation/wf-outputs/chkp/8_bins/chkp_callback_poly_5_cycles_256_proj_d2_45z_0_cycle5
63/63 - 52s - loss: 9.5588e-07 - mean_squared_error: 1.3718e-06 - val_loss: 7.7786e-09 - val_mean_squared_error: 7.7786e-09 - 52s/epoch - 821ms/step
Epoch 28/50

Epoch 00028: mean_squared_error improved from 0.00000 to 0.00000, saving model to /gpfswork/rech/ynx/uds36vp/repos/wf-SEDs/HD_projected_optimisation/wf-outputs/chkp/8_bins/chkp_callback_poly_5_cycles_256_proj_d2_45z_0_cycle5
63/63 - 52s - loss: 9.5582e-07 - mean_squared_error: 1.3718e-06 - val_loss: 7.6030e-09 - val_mean_squared_error: 7.6030e-09 - 52s/epoch - 821ms/step
Epoch 29/50

Epoch 00029: mean_squared_error improved from 0.00000 to 0.00000, saving model to /gpfswork/rech/ynx/uds36vp/repos/wf-SEDs/HD_projected_optimisation/wf-outputs/chkp/8_bins/chkp_callback_poly_5_cycles_256_proj_d2_45z_0_cycle5
63/63 - 52s - loss: 9.5568e-07 - mean_squared_error: 1.3716e-06 - val_loss: 7.5584e-09 - val_mean_squared_error: 7.5584e-09 - 52s/epoch - 821ms/step
Epoch 30/50

Epoch 00030: mean_squared_error did not improve from 0.00000
63/63 - 52s - loss: 9.5580e-07 - mean_squared_error: 1.3717e-06 - val_loss: 7.8774e-09 - val_mean_squared_error: 7.8774e-09 - 52s/epoch - 822ms/step
Epoch 31/50

Epoch 00031: mean_squared_error did not improve from 0.00000
63/63 - 52s - loss: 9.5569e-07 - mean_squared_error: 1.3716e-06 - val_loss: 7.8022e-09 - val_mean_squared_error: 7.8022e-09 - 52s/epoch - 822ms/step
Epoch 32/50

Epoch 00032: mean_squared_error improved from 0.00000 to 0.00000, saving model to /gpfswork/rech/ynx/uds36vp/repos/wf-SEDs/HD_projected_optimisation/wf-outputs/chkp/8_bins/chkp_callback_poly_5_cycles_256_proj_d2_45z_0_cycle5
63/63 - 52s - loss: 9.5561e-07 - mean_squared_error: 1.3716e-06 - val_loss: 7.5954e-09 - val_mean_squared_error: 7.5954e-09 - 52s/epoch - 822ms/step
Epoch 33/50

Epoch 00033: mean_squared_error improved from 0.00000 to 0.00000, saving model to /gpfswork/rech/ynx/uds36vp/repos/wf-SEDs/HD_projected_optimisation/wf-outputs/chkp/8_bins/chkp_callback_poly_5_cycles_256_proj_d2_45z_0_cycle5
63/63 - 52s - loss: 9.5561e-07 - mean_squared_error: 1.3715e-06 - val_loss: 7.4978e-09 - val_mean_squared_error: 7.4978e-09 - 52s/epoch - 822ms/step
Epoch 34/50

Epoch 00034: mean_squared_error improved from 0.00000 to 0.00000, saving model to /gpfswork/rech/ynx/uds36vp/repos/wf-SEDs/HD_projected_optimisation/wf-outputs/chkp/8_bins/chkp_callback_poly_5_cycles_256_proj_d2_45z_0_cycle5
63/63 - 52s - loss: 9.5545e-07 - mean_squared_error: 1.3715e-06 - val_loss: 7.4496e-09 - val_mean_squared_error: 7.4496e-09 - 52s/epoch - 823ms/step
Epoch 35/50

Epoch 00035: mean_squared_error did not improve from 0.00000
63/63 - 52s - loss: 9.5555e-07 - mean_squared_error: 1.3715e-06 - val_loss: 7.5242e-09 - val_mean_squared_error: 7.5242e-09 - 52s/epoch - 823ms/step
Epoch 36/50

Epoch 00036: mean_squared_error did not improve from 0.00000
63/63 - 52s - loss: 9.5551e-07 - mean_squared_error: 1.3715e-06 - val_loss: 7.2126e-09 - val_mean_squared_error: 7.2126e-09 - 52s/epoch - 822ms/step
Epoch 37/50

Epoch 00037: mean_squared_error improved from 0.00000 to 0.00000, saving model to /gpfswork/rech/ynx/uds36vp/repos/wf-SEDs/HD_projected_optimisation/wf-outputs/chkp/8_bins/chkp_callback_poly_5_cycles_256_proj_d2_45z_0_cycle5
63/63 - 52s - loss: 9.5527e-07 - mean_squared_error: 1.3713e-06 - val_loss: 7.2212e-09 - val_mean_squared_error: 7.2212e-09 - 52s/epoch - 822ms/step
Epoch 38/50

Epoch 00038: mean_squared_error did not improve from 0.00000
63/63 - 52s - loss: 9.5530e-07 - mean_squared_error: 1.3713e-06 - val_loss: 7.2723e-09 - val_mean_squared_error: 7.2723e-09 - 52s/epoch - 820ms/step
Epoch 39/50

Epoch 00039: mean_squared_error improved from 0.00000 to 0.00000, saving model to /gpfswork/rech/ynx/uds36vp/repos/wf-SEDs/HD_projected_optimisation/wf-outputs/chkp/8_bins/chkp_callback_poly_5_cycles_256_proj_d2_45z_0_cycle5
63/63 - 52s - loss: 9.5523e-07 - mean_squared_error: 1.3712e-06 - val_loss: 7.3001e-09 - val_mean_squared_error: 7.3001e-09 - 52s/epoch - 823ms/step
Epoch 40/50

Epoch 00040: mean_squared_error improved from 0.00000 to 0.00000, saving model to /gpfswork/rech/ynx/uds36vp/repos/wf-SEDs/HD_projected_optimisation/wf-outputs/chkp/8_bins/chkp_callback_poly_5_cycles_256_proj_d2_45z_0_cycle5
63/63 - 52s - loss: 9.5515e-07 - mean_squared_error: 1.3711e-06 - val_loss: 7.4430e-09 - val_mean_squared_error: 7.4430e-09 - 52s/epoch - 820ms/step
Epoch 41/50

Epoch 00041: mean_squared_error did not improve from 0.00000
63/63 - 52s - loss: 9.5528e-07 - mean_squared_error: 1.3713e-06 - val_loss: 7.2282e-09 - val_mean_squared_error: 7.2282e-09 - 52s/epoch - 820ms/step
Epoch 42/50

Epoch 00042: mean_squared_error improved from 0.00000 to 0.00000, saving model to /gpfswork/rech/ynx/uds36vp/repos/wf-SEDs/HD_projected_optimisation/wf-outputs/chkp/8_bins/chkp_callback_poly_5_cycles_256_proj_d2_45z_0_cycle5
63/63 - 52s - loss: 9.5512e-07 - mean_squared_error: 1.3711e-06 - val_loss: 7.1185e-09 - val_mean_squared_error: 7.1185e-09 - 52s/epoch - 822ms/step
Epoch 43/50

Epoch 00043: mean_squared_error did not improve from 0.00000
63/63 - 52s - loss: 9.5519e-07 - mean_squared_error: 1.3712e-06 - val_loss: 7.1773e-09 - val_mean_squared_error: 7.1773e-09 - 52s/epoch - 821ms/step
Epoch 44/50

Epoch 00044: mean_squared_error improved from 0.00000 to 0.00000, saving model to /gpfswork/rech/ynx/uds36vp/repos/wf-SEDs/HD_projected_optimisation/wf-outputs/chkp/8_bins/chkp_callback_poly_5_cycles_256_proj_d2_45z_0_cycle5
63/63 - 52s - loss: 9.5496e-07 - mean_squared_error: 1.3710e-06 - val_loss: 7.2479e-09 - val_mean_squared_error: 7.2479e-09 - 52s/epoch - 824ms/step
Epoch 45/50

Epoch 00045: mean_squared_error improved from 0.00000 to 0.00000, saving model to /gpfswork/rech/ynx/uds36vp/repos/wf-SEDs/HD_projected_optimisation/wf-outputs/chkp/8_bins/chkp_callback_poly_5_cycles_256_proj_d2_45z_0_cycle5
63/63 - 52s - loss: 9.5494e-07 - mean_squared_error: 1.3710e-06 - val_loss: 7.0700e-09 - val_mean_squared_error: 7.0700e-09 - 52s/epoch - 821ms/step
Epoch 46/50

Epoch 00046: mean_squared_error improved from 0.00000 to 0.00000, saving model to /gpfswork/rech/ynx/uds36vp/repos/wf-SEDs/HD_projected_optimisation/wf-outputs/chkp/8_bins/chkp_callback_poly_5_cycles_256_proj_d2_45z_0_cycle5
63/63 - 52s - loss: 9.5488e-07 - mean_squared_error: 1.3709e-06 - val_loss: 7.5388e-09 - val_mean_squared_error: 7.5388e-09 - 52s/epoch - 823ms/step
Epoch 47/50

Epoch 00047: mean_squared_error improved from 0.00000 to 0.00000, saving model to /gpfswork/rech/ynx/uds36vp/repos/wf-SEDs/HD_projected_optimisation/wf-outputs/chkp/8_bins/chkp_callback_poly_5_cycles_256_proj_d2_45z_0_cycle5
63/63 - 52s - loss: 9.5485e-07 - mean_squared_error: 1.3709e-06 - val_loss: 6.9955e-09 - val_mean_squared_error: 6.9955e-09 - 52s/epoch - 822ms/step
Epoch 48/50

Epoch 00048: mean_squared_error improved from 0.00000 to 0.00000, saving model to /gpfswork/rech/ynx/uds36vp/repos/wf-SEDs/HD_projected_optimisation/wf-outputs/chkp/8_bins/chkp_callback_poly_5_cycles_256_proj_d2_45z_0_cycle5
63/63 - 52s - loss: 9.5477e-07 - mean_squared_error: 1.3708e-06 - val_loss: 6.9539e-09 - val_mean_squared_error: 6.9539e-09 - 52s/epoch - 824ms/step
Epoch 49/50

Epoch 00049: mean_squared_error did not improve from 0.00000
63/63 - 52s - loss: 9.5483e-07 - mean_squared_error: 1.3708e-06 - val_loss: 6.9153e-09 - val_mean_squared_error: 6.9153e-09 - 52s/epoch - 821ms/step
Epoch 50/50

Epoch 00050: mean_squared_error improved from 0.00000 to 0.00000, saving model to /gpfswork/rech/ynx/uds36vp/repos/wf-SEDs/HD_projected_optimisation/wf-outputs/chkp/8_bins/chkp_callback_poly_5_cycles_256_proj_d2_45z_0_cycle5
63/63 - 52s - loss: 9.5478e-07 - mean_squared_error: 1.3708e-06 - val_loss: 7.1574e-09 - val_mean_squared_error: 7.1574e-09 - 52s/epoch - 823ms/step
Cycle5 elapsed time: 3389.4482941627502

Total elapsed time: 9929.677421

 Good bye..
