Starting the log file.
Found GPU at: /device:GPU:0
tf_version: 2.7.0
Zernike cube:
(45, 256, 256)
Dataset parameters:
{'d_max': 2, 'max_order': 45, 'x_lims': [0, 1000.0], 'y_lims': [0, 1000.0], 'grid_points': [4, 4], 'n_bins': 350, 'max_wfe_rms': 0.1, 'oversampling_rate': 3.0, 'output_Q': 3.0, 'output_dim': 32, 'LP_filter_length': 2, 'pupil_diameter': 256, 'euclid_obsc': True, 'n_stars': 2000}
Model loaded.
DD features projected over parametric model
Starting cycle 1..
Starting parametric update..
Epoch 1/15

Epoch 00001: mean_squared_error improved from inf to 0.00006, saving model to /gpfswork/rech/ynx/uds36vp/repos/wf-SEDs/HD_projected_optimisation/wf-outputs/chkp/8_bins/chkp_callback_poly_1_cycles_pretrained_param_train_1e-4_cycle1
63/63 - 79s - loss: 5.6837e-05 - mean_squared_error: 5.7035e-05 - val_loss: 5.6388e-05 - val_mean_squared_error: 5.6388e-05 - 79s/epoch - 1s/step
Epoch 2/15

Epoch 00002: mean_squared_error did not improve from 0.00006
63/63 - 74s - loss: 5.7747e-05 - mean_squared_error: 5.7944e-05 - val_loss: 5.6401e-05 - val_mean_squared_error: 5.6401e-05 - 74s/epoch - 1s/step
Epoch 3/15

Epoch 00003: mean_squared_error did not improve from 0.00006
63/63 - 75s - loss: 5.7765e-05 - mean_squared_error: 5.7960e-05 - val_loss: 5.6370e-05 - val_mean_squared_error: 5.6370e-05 - 75s/epoch - 1s/step
Epoch 4/15

Epoch 00004: mean_squared_error did not improve from 0.00006
63/63 - 75s - loss: 5.7752e-05 - mean_squared_error: 5.7949e-05 - val_loss: 5.6389e-05 - val_mean_squared_error: 5.6389e-05 - 75s/epoch - 1s/step
Epoch 5/15

Epoch 00005: mean_squared_error did not improve from 0.00006
63/63 - 76s - loss: 5.7764e-05 - mean_squared_error: 5.7959e-05 - val_loss: 5.6402e-05 - val_mean_squared_error: 5.6402e-05 - 76s/epoch - 1s/step
Epoch 6/15

Epoch 00006: mean_squared_error did not improve from 0.00006
63/63 - 74s - loss: 5.7766e-05 - mean_squared_error: 5.7961e-05 - val_loss: 5.6400e-05 - val_mean_squared_error: 5.6400e-05 - 74s/epoch - 1s/step
Epoch 7/15

Epoch 00007: mean_squared_error did not improve from 0.00006
63/63 - 75s - loss: 5.7750e-05 - mean_squared_error: 5.7951e-05 - val_loss: 5.6372e-05 - val_mean_squared_error: 5.6372e-05 - 75s/epoch - 1s/step
Epoch 8/15

Epoch 00008: mean_squared_error did not improve from 0.00006
63/63 - 74s - loss: 5.7753e-05 - mean_squared_error: 5.7953e-05 - val_loss: 5.6402e-05 - val_mean_squared_error: 5.6402e-05 - 74s/epoch - 1s/step
Epoch 9/15

Epoch 00009: mean_squared_error did not improve from 0.00006
63/63 - 75s - loss: 5.7760e-05 - mean_squared_error: 5.7959e-05 - val_loss: 5.6412e-05 - val_mean_squared_error: 5.6412e-05 - 75s/epoch - 1s/step
Epoch 10/15

Epoch 00010: mean_squared_error did not improve from 0.00006
63/63 - 75s - loss: 5.7765e-05 - mean_squared_error: 5.7963e-05 - val_loss: 5.6387e-05 - val_mean_squared_error: 5.6387e-05 - 75s/epoch - 1s/step
Epoch 11/15

Epoch 00011: mean_squared_error did not improve from 0.00006
63/63 - 75s - loss: 5.7769e-05 - mean_squared_error: 5.7964e-05 - val_loss: 5.6405e-05 - val_mean_squared_error: 5.6405e-05 - 75s/epoch - 1s/step
Epoch 12/15

Epoch 00012: mean_squared_error did not improve from 0.00006
63/63 - 74s - loss: 5.7771e-05 - mean_squared_error: 5.7971e-05 - val_loss: 5.6414e-05 - val_mean_squared_error: 5.6414e-05 - 74s/epoch - 1s/step
Epoch 13/15

Epoch 00013: mean_squared_error did not improve from 0.00006
63/63 - 75s - loss: 5.7762e-05 - mean_squared_error: 5.7958e-05 - val_loss: 5.6403e-05 - val_mean_squared_error: 5.6403e-05 - 75s/epoch - 1s/step
Epoch 14/15

Epoch 00014: mean_squared_error did not improve from 0.00006
63/63 - 74s - loss: 5.7756e-05 - mean_squared_error: 5.7956e-05 - val_loss: 5.6417e-05 - val_mean_squared_error: 5.6417e-05 - 74s/epoch - 1s/step
Epoch 15/15

Epoch 00015: mean_squared_error did not improve from 0.00006
63/63 - 74s - loss: 5.7762e-05 - mean_squared_error: 5.7961e-05 - val_loss: 5.6401e-05 - val_mean_squared_error: 5.6401e-05 - 74s/epoch - 1s/step
Cycle1 elapsed time: 1130.396977

Total elapsed time: 1135.076015

 Good bye..
