Starting the log file.
Found GPU at: /device:GPU:0
tf_version: 2.7.0
Zernike cube:
(60, 256, 256)
Dataset parameters:
{'d_max': 2, 'max_order': 45, 'x_lims': [0, 1000.0], 'y_lims': [0, 1000.0], 'grid_points': [4, 4], 'n_bins': 350, 'max_wfe_rms': 0.1, 'oversampling_rate': 3.0, 'output_Q': 3.0, 'output_dim': 32, 'LP_filter_length': 2, 'pupil_diameter': 256, 'euclid_obsc': True, 'n_stars': 2000}
Starting cycle 1..
Starting parametric update..
Epoch 1/10

Epoch 00001: mean_squared_error improved from inf to 0.00000, saving model to /gpfswork/rech/ynx/uds36vp/repos/wf-SEDs/HD_projected_optimisation/wf-outputs/chkp/8_bins/chkp_callback_poly_5_cycles_256_proj_d2_60z_cycle1
63/63 - 69s - loss: 3.8823e-06 - mean_squared_error: 3.8743e-06 - val_loss: 5.1633e-07 - val_mean_squared_error: 5.1633e-07 - 69s/epoch - 1s/step
Epoch 2/10

Epoch 00002: mean_squared_error improved from 0.00000 to 0.00000, saving model to /gpfswork/rech/ynx/uds36vp/repos/wf-SEDs/HD_projected_optimisation/wf-outputs/chkp/8_bins/chkp_callback_poly_5_cycles_256_proj_d2_60z_cycle1
63/63 - 63s - loss: 1.4149e-06 - mean_squared_error: 1.7443e-06 - val_loss: 3.0426e-07 - val_mean_squared_error: 3.0426e-07 - 63s/epoch - 1s/step
Epoch 3/10

Epoch 00003: mean_squared_error improved from 0.00000 to 0.00000, saving model to /gpfswork/rech/ynx/uds36vp/repos/wf-SEDs/HD_projected_optimisation/wf-outputs/chkp/8_bins/chkp_callback_poly_5_cycles_256_proj_d2_60z_cycle1
63/63 - 63s - loss: 1.2690e-06 - mean_squared_error: 1.6283e-06 - val_loss: 2.5425e-07 - val_mean_squared_error: 2.5425e-07 - 63s/epoch - 1s/step
Epoch 4/10

Epoch 00004: mean_squared_error did not improve from 0.00000
63/63 - 63s - loss: 1.2925e-06 - mean_squared_error: 1.6448e-06 - val_loss: 2.5593e-07 - val_mean_squared_error: 2.5593e-07 - 63s/epoch - 995ms/step
Epoch 5/10

Epoch 00005: mean_squared_error did not improve from 0.00000
63/63 - 62s - loss: 1.4342e-06 - mean_squared_error: 1.7637e-06 - val_loss: 2.9097e-07 - val_mean_squared_error: 2.9097e-07 - 62s/epoch - 987ms/step
Epoch 6/10

Epoch 00006: mean_squared_error improved from 0.00000 to 0.00000, saving model to /gpfswork/rech/ynx/uds36vp/repos/wf-SEDs/HD_projected_optimisation/wf-outputs/chkp/8_bins/chkp_callback_poly_5_cycles_256_proj_d2_60z_cycle1
63/63 - 63s - loss: 1.2644e-06 - mean_squared_error: 1.6260e-06 - val_loss: 3.8419e-07 - val_mean_squared_error: 3.8419e-07 - 63s/epoch - 995ms/step
Epoch 7/10

Epoch 00007: mean_squared_error did not improve from 0.00000
63/63 - 63s - loss: 1.4169e-06 - mean_squared_error: 1.7506e-06 - val_loss: 2.7976e-07 - val_mean_squared_error: 2.7976e-07 - 63s/epoch - 1s/step
Epoch 8/10

Epoch 00008: mean_squared_error did not improve from 0.00000
63/63 - 63s - loss: 1.5887e-06 - mean_squared_error: 1.8972e-06 - val_loss: 9.0966e-07 - val_mean_squared_error: 9.0966e-07 - 63s/epoch - 1s/step
Epoch 9/10

Epoch 00009: mean_squared_error did not improve from 0.00000
63/63 - 63s - loss: 1.8126e-06 - mean_squared_error: 2.0834e-06 - val_loss: 1.0111e-06 - val_mean_squared_error: 1.0111e-06 - 63s/epoch - 999ms/step
Epoch 10/10

Epoch 00010: mean_squared_error did not improve from 0.00000
63/63 - 63s - loss: 2.2865e-06 - mean_squared_error: 2.5114e-06 - val_loss: 9.3070e-07 - val_mean_squared_error: 9.3070e-07 - 63s/epoch - 1s/step
Starting non-parametric update..
Epoch 1/25

Epoch 00001: mean_squared_error did not improve from 0.00000
63/63 - 66s - loss: 1.6852e-06 - mean_squared_error: 1.9822e-06 - val_loss: 3.8748e-07 - val_mean_squared_error: 3.8748e-07 - 66s/epoch - 1s/step
Epoch 2/25

Epoch 00002: mean_squared_error did not improve from 0.00000
63/63 - 63s - loss: 1.3282e-06 - mean_squared_error: 1.6826e-06 - val_loss: 2.8035e-07 - val_mean_squared_error: 2.8035e-07 - 63s/epoch - 1s/step
Epoch 3/25

Epoch 00003: mean_squared_error improved from 0.00000 to 0.00000, saving model to /gpfswork/rech/ynx/uds36vp/repos/wf-SEDs/HD_projected_optimisation/wf-outputs/chkp/8_bins/chkp_callback_poly_5_cycles_256_proj_d2_60z_cycle1
63/63 - 63s - loss: 1.2381e-06 - mean_squared_error: 1.6097e-06 - val_loss: 2.2752e-07 - val_mean_squared_error: 2.2752e-07 - 63s/epoch - 1000ms/step
Epoch 4/25

Epoch 00004: mean_squared_error improved from 0.00000 to 0.00000, saving model to /gpfswork/rech/ynx/uds36vp/repos/wf-SEDs/HD_projected_optimisation/wf-outputs/chkp/8_bins/chkp_callback_poly_5_cycles_256_proj_d2_60z_cycle1
63/63 - 63s - loss: 1.1891e-06 - mean_squared_error: 1.5694e-06 - val_loss: 1.9456e-07 - val_mean_squared_error: 1.9456e-07 - 63s/epoch - 996ms/step
Epoch 5/25

Epoch 00005: mean_squared_error improved from 0.00000 to 0.00000, saving model to /gpfswork/rech/ynx/uds36vp/repos/wf-SEDs/HD_projected_optimisation/wf-outputs/chkp/8_bins/chkp_callback_poly_5_cycles_256_proj_d2_60z_cycle1
63/63 - 63s - loss: 1.1569e-06 - mean_squared_error: 1.5428e-06 - val_loss: 1.7166e-07 - val_mean_squared_error: 1.7166e-07 - 63s/epoch - 1s/step
Epoch 6/25

Epoch 00006: mean_squared_error improved from 0.00000 to 0.00000, saving model to /gpfswork/rech/ynx/uds36vp/repos/wf-SEDs/HD_projected_optimisation/wf-outputs/chkp/8_bins/chkp_callback_poly_5_cycles_256_proj_d2_60z_cycle1
63/63 - 63s - loss: 1.1328e-06 - mean_squared_error: 1.5229e-06 - val_loss: 1.5448e-07 - val_mean_squared_error: 1.5448e-07 - 63s/epoch - 1s/step
Epoch 7/25

Epoch 00007: mean_squared_error improved from 0.00000 to 0.00000, saving model to /gpfswork/rech/ynx/uds36vp/repos/wf-SEDs/HD_projected_optimisation/wf-outputs/chkp/8_bins/chkp_callback_poly_5_cycles_256_proj_d2_60z_cycle1
63/63 - 63s - loss: 1.1139e-06 - mean_squared_error: 1.5073e-06 - val_loss: 1.3986e-07 - val_mean_squared_error: 1.3986e-07 - 63s/epoch - 1000ms/step
Epoch 8/25

Epoch 00008: mean_squared_error improved from 0.00000 to 0.00000, saving model to /gpfswork/rech/ynx/uds36vp/repos/wf-SEDs/HD_projected_optimisation/wf-outputs/chkp/8_bins/chkp_callback_poly_5_cycles_256_proj_d2_60z_cycle1
63/63 - 63s - loss: 1.0975e-06 - mean_squared_error: 1.4940e-06 - val_loss: 1.2656e-07 - val_mean_squared_error: 1.2656e-07 - 63s/epoch - 995ms/step
Epoch 9/25

Epoch 00009: mean_squared_error improved from 0.00000 to 0.00000, saving model to /gpfswork/rech/ynx/uds36vp/repos/wf-SEDs/HD_projected_optimisation/wf-outputs/chkp/8_bins/chkp_callback_poly_5_cycles_256_proj_d2_60z_cycle1
63/63 - 62s - loss: 1.0842e-06 - mean_squared_error: 1.4829e-06 - val_loss: 1.1679e-07 - val_mean_squared_error: 1.1679e-07 - 62s/epoch - 981ms/step
Epoch 10/25

Epoch 00010: mean_squared_error improved from 0.00000 to 0.00000, saving model to /gpfswork/rech/ynx/uds36vp/repos/wf-SEDs/HD_projected_optimisation/wf-outputs/chkp/8_bins/chkp_callback_poly_5_cycles_256_proj_d2_60z_cycle1
63/63 - 64s - loss: 1.0724e-06 - mean_squared_error: 1.4733e-06 - val_loss: 1.0637e-07 - val_mean_squared_error: 1.0637e-07 - 64s/epoch - 1s/step
Epoch 11/25

Epoch 00011: mean_squared_error improved from 0.00000 to 0.00000, saving model to /gpfswork/rech/ynx/uds36vp/repos/wf-SEDs/HD_projected_optimisation/wf-outputs/chkp/8_bins/chkp_callback_poly_5_cycles_256_proj_d2_60z_cycle1
63/63 - 64s - loss: 1.0623e-06 - mean_squared_error: 1.4647e-06 - val_loss: 9.8749e-08 - val_mean_squared_error: 9.8749e-08 - 64s/epoch - 1s/step
Epoch 12/25

Epoch 00012: mean_squared_error improved from 0.00000 to 0.00000, saving model to /gpfswork/rech/ynx/uds36vp/repos/wf-SEDs/HD_projected_optimisation/wf-outputs/chkp/8_bins/chkp_callback_poly_5_cycles_256_proj_d2_60z_cycle1
63/63 - 64s - loss: 1.0538e-06 - mean_squared_error: 1.4578e-06 - val_loss: 9.1234e-08 - val_mean_squared_error: 9.1234e-08 - 64s/epoch - 1s/step
Epoch 13/25

Epoch 00013: mean_squared_error improved from 0.00000 to 0.00000, saving model to /gpfswork/rech/ynx/uds36vp/repos/wf-SEDs/HD_projected_optimisation/wf-outputs/chkp/8_bins/chkp_callback_poly_5_cycles_256_proj_d2_60z_cycle1
63/63 - 64s - loss: 1.0459e-06 - mean_squared_error: 1.4510e-06 - val_loss: 8.5026e-08 - val_mean_squared_error: 8.5026e-08 - 64s/epoch - 1s/step
Epoch 14/25

Epoch 00014: mean_squared_error improved from 0.00000 to 0.00000, saving model to /gpfswork/rech/ynx/uds36vp/repos/wf-SEDs/HD_projected_optimisation/wf-outputs/chkp/8_bins/chkp_callback_poly_5_cycles_256_proj_d2_60z_cycle1
63/63 - 63s - loss: 1.0395e-06 - mean_squared_error: 1.4458e-06 - val_loss: 7.9487e-08 - val_mean_squared_error: 7.9487e-08 - 63s/epoch - 1s/step
Epoch 15/25

Epoch 00015: mean_squared_error improved from 0.00000 to 0.00000, saving model to /gpfswork/rech/ynx/uds36vp/repos/wf-SEDs/HD_projected_optimisation/wf-outputs/chkp/8_bins/chkp_callback_poly_5_cycles_256_proj_d2_60z_cycle1
63/63 - 65s - loss: 1.0332e-06 - mean_squared_error: 1.4403e-06 - val_loss: 7.4738e-08 - val_mean_squared_error: 7.4738e-08 - 65s/epoch - 1s/step
Epoch 16/25

Epoch 00016: mean_squared_error improved from 0.00000 to 0.00000, saving model to /gpfswork/rech/ynx/uds36vp/repos/wf-SEDs/HD_projected_optimisation/wf-outputs/chkp/8_bins/chkp_callback_poly_5_cycles_256_proj_d2_60z_cycle1
63/63 - 64s - loss: 1.0281e-06 - mean_squared_error: 1.4359e-06 - val_loss: 7.0143e-08 - val_mean_squared_error: 7.0143e-08 - 64s/epoch - 1s/step
Epoch 17/25

Epoch 00017: mean_squared_error improved from 0.00000 to 0.00000, saving model to /gpfswork/rech/ynx/uds36vp/repos/wf-SEDs/HD_projected_optimisation/wf-outputs/chkp/8_bins/chkp_callback_poly_5_cycles_256_proj_d2_60z_cycle1
63/63 - 64s - loss: 1.0237e-06 - mean_squared_error: 1.4321e-06 - val_loss: 6.6894e-08 - val_mean_squared_error: 6.6894e-08 - 64s/epoch - 1s/step
Epoch 18/25

Epoch 00018: mean_squared_error improved from 0.00000 to 0.00000, saving model to /gpfswork/rech/ynx/uds36vp/repos/wf-SEDs/HD_projected_optimisation/wf-outputs/chkp/8_bins/chkp_callback_poly_5_cycles_256_proj_d2_60z_cycle1
63/63 - 63s - loss: 1.0195e-06 - mean_squared_error: 1.4284e-06 - val_loss: 6.2917e-08 - val_mean_squared_error: 6.2917e-08 - 63s/epoch - 1s/step
Epoch 19/25

Epoch 00019: mean_squared_error improved from 0.00000 to 0.00000, saving model to /gpfswork/rech/ynx/uds36vp/repos/wf-SEDs/HD_projected_optimisation/wf-outputs/chkp/8_bins/chkp_callback_poly_5_cycles_256_proj_d2_60z_cycle1
63/63 - 64s - loss: 1.0153e-06 - mean_squared_error: 1.4246e-06 - val_loss: 5.9705e-08 - val_mean_squared_error: 5.9705e-08 - 64s/epoch - 1s/step
Epoch 20/25

Epoch 00020: mean_squared_error improved from 0.00000 to 0.00000, saving model to /gpfswork/rech/ynx/uds36vp/repos/wf-SEDs/HD_projected_optimisation/wf-outputs/chkp/8_bins/chkp_callback_poly_5_cycles_256_proj_d2_60z_cycle1
63/63 - 63s - loss: 1.0117e-06 - mean_squared_error: 1.4215e-06 - val_loss: 5.6855e-08 - val_mean_squared_error: 5.6855e-08 - 63s/epoch - 1s/step
Epoch 21/25

Epoch 00021: mean_squared_error improved from 0.00000 to 0.00000, saving model to /gpfswork/rech/ynx/uds36vp/repos/wf-SEDs/HD_projected_optimisation/wf-outputs/chkp/8_bins/chkp_callback_poly_5_cycles_256_proj_d2_60z_cycle1
63/63 - 64s - loss: 1.0083e-06 - mean_squared_error: 1.4185e-06 - val_loss: 5.3617e-08 - val_mean_squared_error: 5.3617e-08 - 64s/epoch - 1s/step
Epoch 22/25

Epoch 00022: mean_squared_error improved from 0.00000 to 0.00000, saving model to /gpfswork/rech/ynx/uds36vp/repos/wf-SEDs/HD_projected_optimisation/wf-outputs/chkp/8_bins/chkp_callback_poly_5_cycles_256_proj_d2_60z_cycle1
63/63 - 63s - loss: 1.0051e-06 - mean_squared_error: 1.4157e-06 - val_loss: 5.0515e-08 - val_mean_squared_error: 5.0515e-08 - 63s/epoch - 1s/step
Epoch 23/25

Epoch 00023: mean_squared_error improved from 0.00000 to 0.00000, saving model to /gpfswork/rech/ynx/uds36vp/repos/wf-SEDs/HD_projected_optimisation/wf-outputs/chkp/8_bins/chkp_callback_poly_5_cycles_256_proj_d2_60z_cycle1
63/63 - 63s - loss: 1.0025e-06 - mean_squared_error: 1.4132e-06 - val_loss: 4.8323e-08 - val_mean_squared_error: 4.8323e-08 - 63s/epoch - 1s/step
Epoch 24/25

Epoch 00024: mean_squared_error improved from 0.00000 to 0.00000, saving model to /gpfswork/rech/ynx/uds36vp/repos/wf-SEDs/HD_projected_optimisation/wf-outputs/chkp/8_bins/chkp_callback_poly_5_cycles_256_proj_d2_60z_cycle1
63/63 - 63s - loss: 9.9902e-07 - mean_squared_error: 1.4103e-06 - val_loss: 4.5442e-08 - val_mean_squared_error: 4.5442e-08 - 63s/epoch - 1s/step
Epoch 25/25

Epoch 00025: mean_squared_error improved from 0.00000 to 0.00000, saving model to /gpfswork/rech/ynx/uds36vp/repos/wf-SEDs/HD_projected_optimisation/wf-outputs/chkp/8_bins/chkp_callback_poly_5_cycles_256_proj_d2_60z_cycle1
63/63 - 63s - loss: 9.9656e-07 - mean_squared_error: 1.4081e-06 - val_loss: 4.4337e-08 - val_mean_squared_error: 4.4337e-08 - 63s/epoch - 995ms/step
Cycle1 elapsed time: 2227.187714
Project non-param DD features onto param model: done!
Starting cycle 2..
Starting parametric update..
Epoch 1/5

Epoch 00001: mean_squared_error improved from inf to 0.00000, saving model to /gpfswork/rech/ynx/uds36vp/repos/wf-SEDs/HD_projected_optimisation/wf-outputs/chkp/8_bins/chkp_callback_poly_5_cycles_256_proj_d2_60z_cycle2
63/63 - 67s - loss: 1.0158e-06 - mean_squared_error: 1.4249e-06 - val_loss: 1.2214e-07 - val_mean_squared_error: 1.2214e-07 - 67s/epoch - 1s/step
Epoch 2/5

Epoch 00002: mean_squared_error did not improve from 0.00000
63/63 - 66s - loss: 1.0717e-06 - mean_squared_error: 1.4710e-06 - val_loss: 1.2474e-07 - val_mean_squared_error: 1.2474e-07 - 66s/epoch - 1s/step
Epoch 3/5

Epoch 00003: mean_squared_error did not improve from 0.00000
63/63 - 65s - loss: 1.3163e-06 - mean_squared_error: 1.6697e-06 - val_loss: 4.1502e-07 - val_mean_squared_error: 4.1502e-07 - 65s/epoch - 1s/step
Epoch 4/5

Epoch 00004: mean_squared_error did not improve from 0.00000
63/63 - 65s - loss: 1.2518e-06 - mean_squared_error: 1.6182e-06 - val_loss: 1.9690e-07 - val_mean_squared_error: 1.9690e-07 - 65s/epoch - 1s/step
Epoch 5/5

Epoch 00005: mean_squared_error did not improve from 0.00000
63/63 - 64s - loss: 1.1748e-06 - mean_squared_error: 1.5579e-06 - val_loss: 1.5679e-07 - val_mean_squared_error: 1.5679e-07 - 64s/epoch - 1s/step
Starting non-parametric update..
Epoch 1/25

Epoch 00001: mean_squared_error did not improve from 0.00000
63/63 - 66s - loss: 1.0481e-06 - mean_squared_error: 1.4529e-06 - val_loss: 5.3464e-08 - val_mean_squared_error: 5.3464e-08 - 66s/epoch - 1s/step
Epoch 2/25

Epoch 00002: mean_squared_error improved from 0.00000 to 0.00000, saving model to /gpfswork/rech/ynx/uds36vp/repos/wf-SEDs/HD_projected_optimisation/wf-outputs/chkp/8_bins/chkp_callback_poly_5_cycles_256_proj_d2_60z_cycle2
63/63 - 63s - loss: 1.0012e-06 - mean_squared_error: 1.4119e-06 - val_loss: 4.5620e-08 - val_mean_squared_error: 4.5620e-08 - 63s/epoch - 999ms/step
Epoch 3/25

Epoch 00003: mean_squared_error improved from 0.00000 to 0.00000, saving model to /gpfswork/rech/ynx/uds36vp/repos/wf-SEDs/HD_projected_optimisation/wf-outputs/chkp/8_bins/chkp_callback_poly_5_cycles_256_proj_d2_60z_cycle2
63/63 - 63s - loss: 9.9624e-07 - mean_squared_error: 1.4077e-06 - val_loss: 4.2655e-08 - val_mean_squared_error: 4.2655e-08 - 63s/epoch - 1s/step
Epoch 4/25

Epoch 00004: mean_squared_error improved from 0.00000 to 0.00000, saving model to /gpfswork/rech/ynx/uds36vp/repos/wf-SEDs/HD_projected_optimisation/wf-outputs/chkp/8_bins/chkp_callback_poly_5_cycles_256_proj_d2_60z_cycle2
63/63 - 64s - loss: 9.9357e-07 - mean_squared_error: 1.4054e-06 - val_loss: 4.0570e-08 - val_mean_squared_error: 4.0570e-08 - 64s/epoch - 1s/step
Epoch 5/25

Epoch 00005: mean_squared_error improved from 0.00000 to 0.00000, saving model to /gpfswork/rech/ynx/uds36vp/repos/wf-SEDs/HD_projected_optimisation/wf-outputs/chkp/8_bins/chkp_callback_poly_5_cycles_256_proj_d2_60z_cycle2
63/63 - 64s - loss: 9.9173e-07 - mean_squared_error: 1.4038e-06 - val_loss: 3.9552e-08 - val_mean_squared_error: 3.9552e-08 - 64s/epoch - 1s/step
Epoch 6/25

Epoch 00006: mean_squared_error improved from 0.00000 to 0.00000, saving model to /gpfswork/rech/ynx/uds36vp/repos/wf-SEDs/HD_projected_optimisation/wf-outputs/chkp/8_bins/chkp_callback_poly_5_cycles_256_proj_d2_60z_cycle2
63/63 - 64s - loss: 9.9004e-07 - mean_squared_error: 1.4023e-06 - val_loss: 3.7706e-08 - val_mean_squared_error: 3.7706e-08 - 64s/epoch - 1s/step
Epoch 7/25

Epoch 00007: mean_squared_error improved from 0.00000 to 0.00000, saving model to /gpfswork/rech/ynx/uds36vp/repos/wf-SEDs/HD_projected_optimisation/wf-outputs/chkp/8_bins/chkp_callback_poly_5_cycles_256_proj_d2_60z_cycle2
63/63 - 63s - loss: 9.8857e-07 - mean_squared_error: 1.4010e-06 - val_loss: 3.6613e-08 - val_mean_squared_error: 3.6613e-08 - 63s/epoch - 1s/step
Epoch 8/25

Epoch 00008: mean_squared_error improved from 0.00000 to 0.00000, saving model to /gpfswork/rech/ynx/uds36vp/repos/wf-SEDs/HD_projected_optimisation/wf-outputs/chkp/8_bins/chkp_callback_poly_5_cycles_256_proj_d2_60z_cycle2
63/63 - 64s - loss: 9.8738e-07 - mean_squared_error: 1.4000e-06 - val_loss: 3.5171e-08 - val_mean_squared_error: 3.5171e-08 - 64s/epoch - 1s/step
Epoch 9/25

Epoch 00009: mean_squared_error improved from 0.00000 to 0.00000, saving model to /gpfswork/rech/ynx/uds36vp/repos/wf-SEDs/HD_projected_optimisation/wf-outputs/chkp/8_bins/chkp_callback_poly_5_cycles_256_proj_d2_60z_cycle2
63/63 - 64s - loss: 9.8585e-07 - mean_squared_error: 1.3987e-06 - val_loss: 3.4726e-08 - val_mean_squared_error: 3.4726e-08 - 64s/epoch - 1s/step
Epoch 10/25

Epoch 00010: mean_squared_error improved from 0.00000 to 0.00000, saving model to /gpfswork/rech/ynx/uds36vp/repos/wf-SEDs/HD_projected_optimisation/wf-outputs/chkp/8_bins/chkp_callback_poly_5_cycles_256_proj_d2_60z_cycle2
63/63 - 64s - loss: 9.8479e-07 - mean_squared_error: 1.3976e-06 - val_loss: 3.2905e-08 - val_mean_squared_error: 3.2905e-08 - 64s/epoch - 1s/step
Epoch 11/25

Epoch 00011: mean_squared_error improved from 0.00000 to 0.00000, saving model to /gpfswork/rech/ynx/uds36vp/repos/wf-SEDs/HD_projected_optimisation/wf-outputs/chkp/8_bins/chkp_callback_poly_5_cycles_256_proj_d2_60z_cycle2
63/63 - 64s - loss: 9.8360e-07 - mean_squared_error: 1.3965e-06 - val_loss: 3.2359e-08 - val_mean_squared_error: 3.2359e-08 - 64s/epoch - 1s/step
Epoch 12/25

Epoch 00012: mean_squared_error improved from 0.00000 to 0.00000, saving model to /gpfswork/rech/ynx/uds36vp/repos/wf-SEDs/HD_projected_optimisation/wf-outputs/chkp/8_bins/chkp_callback_poly_5_cycles_256_proj_d2_60z_cycle2
63/63 - 63s - loss: 9.8280e-07 - mean_squared_error: 1.3959e-06 - val_loss: 3.1368e-08 - val_mean_squared_error: 3.1368e-08 - 63s/epoch - 1s/step
Epoch 13/25

Epoch 00013: mean_squared_error improved from 0.00000 to 0.00000, saving model to /gpfswork/rech/ynx/uds36vp/repos/wf-SEDs/HD_projected_optimisation/wf-outputs/chkp/8_bins/chkp_callback_poly_5_cycles_256_proj_d2_60z_cycle2
63/63 - 65s - loss: 9.8143e-07 - mean_squared_error: 1.3947e-06 - val_loss: 3.0271e-08 - val_mean_squared_error: 3.0271e-08 - 65s/epoch - 1s/step
Epoch 14/25

Epoch 00014: mean_squared_error improved from 0.00000 to 0.00000, saving model to /gpfswork/rech/ynx/uds36vp/repos/wf-SEDs/HD_projected_optimisation/wf-outputs/chkp/8_bins/chkp_callback_poly_5_cycles_256_proj_d2_60z_cycle2
63/63 - 62s - loss: 9.8040e-07 - mean_squared_error: 1.3937e-06 - val_loss: 2.9168e-08 - val_mean_squared_error: 2.9168e-08 - 62s/epoch - 983ms/step
Epoch 15/25

Epoch 00015: mean_squared_error improved from 0.00000 to 0.00000, saving model to /gpfswork/rech/ynx/uds36vp/repos/wf-SEDs/HD_projected_optimisation/wf-outputs/chkp/8_bins/chkp_callback_poly_5_cycles_256_proj_d2_60z_cycle2
63/63 - 63s - loss: 9.7900e-07 - mean_squared_error: 1.3926e-06 - val_loss: 2.8447e-08 - val_mean_squared_error: 2.8447e-08 - 63s/epoch - 999ms/step
Epoch 16/25

Epoch 00016: mean_squared_error improved from 0.00000 to 0.00000, saving model to /gpfswork/rech/ynx/uds36vp/repos/wf-SEDs/HD_projected_optimisation/wf-outputs/chkp/8_bins/chkp_callback_poly_5_cycles_256_proj_d2_60z_cycle2
63/63 - 61s - loss: 9.7824e-07 - mean_squared_error: 1.3919e-06 - val_loss: 2.6932e-08 - val_mean_squared_error: 2.6932e-08 - 61s/epoch - 975ms/step
Epoch 17/25

Epoch 00017: mean_squared_error improved from 0.00000 to 0.00000, saving model to /gpfswork/rech/ynx/uds36vp/repos/wf-SEDs/HD_projected_optimisation/wf-outputs/chkp/8_bins/chkp_callback_poly_5_cycles_256_proj_d2_60z_cycle2
63/63 - 62s - loss: 9.7786e-07 - mean_squared_error: 1.3914e-06 - val_loss: 2.7625e-08 - val_mean_squared_error: 2.7625e-08 - 62s/epoch - 976ms/step
Epoch 18/25

Epoch 00018: mean_squared_error improved from 0.00000 to 0.00000, saving model to /gpfswork/rech/ynx/uds36vp/repos/wf-SEDs/HD_projected_optimisation/wf-outputs/chkp/8_bins/chkp_callback_poly_5_cycles_256_proj_d2_60z_cycle2
63/63 - 61s - loss: 9.7726e-07 - mean_squared_error: 1.3910e-06 - val_loss: 2.5713e-08 - val_mean_squared_error: 2.5713e-08 - 61s/epoch - 972ms/step
Epoch 19/25

Epoch 00019: mean_squared_error improved from 0.00000 to 0.00000, saving model to /gpfswork/rech/ynx/uds36vp/repos/wf-SEDs/HD_projected_optimisation/wf-outputs/chkp/8_bins/chkp_callback_poly_5_cycles_256_proj_d2_60z_cycle2
63/63 - 62s - loss: 9.7591e-07 - mean_squared_error: 1.3896e-06 - val_loss: 2.5284e-08 - val_mean_squared_error: 2.5284e-08 - 62s/epoch - 987ms/step
Epoch 20/25

Epoch 00020: mean_squared_error improved from 0.00000 to 0.00000, saving model to /gpfswork/rech/ynx/uds36vp/repos/wf-SEDs/HD_projected_optimisation/wf-outputs/chkp/8_bins/chkp_callback_poly_5_cycles_256_proj_d2_60z_cycle2
63/63 - 62s - loss: 9.7500e-07 - mean_squared_error: 1.3889e-06 - val_loss: 2.4841e-08 - val_mean_squared_error: 2.4841e-08 - 62s/epoch - 988ms/step
Epoch 21/25

Epoch 00021: mean_squared_error improved from 0.00000 to 0.00000, saving model to /gpfswork/rech/ynx/uds36vp/repos/wf-SEDs/HD_projected_optimisation/wf-outputs/chkp/8_bins/chkp_callback_poly_5_cycles_256_proj_d2_60z_cycle2
63/63 - 62s - loss: 9.7458e-07 - mean_squared_error: 1.3884e-06 - val_loss: 2.4464e-08 - val_mean_squared_error: 2.4464e-08 - 62s/epoch - 987ms/step
Epoch 22/25

Epoch 00022: mean_squared_error improved from 0.00000 to 0.00000, saving model to /gpfswork/rech/ynx/uds36vp/repos/wf-SEDs/HD_projected_optimisation/wf-outputs/chkp/8_bins/chkp_callback_poly_5_cycles_256_proj_d2_60z_cycle2
63/63 - 62s - loss: 9.7419e-07 - mean_squared_error: 1.3882e-06 - val_loss: 2.4068e-08 - val_mean_squared_error: 2.4068e-08 - 62s/epoch - 989ms/step
Epoch 23/25

Epoch 00023: mean_squared_error improved from 0.00000 to 0.00000, saving model to /gpfswork/rech/ynx/uds36vp/repos/wf-SEDs/HD_projected_optimisation/wf-outputs/chkp/8_bins/chkp_callback_poly_5_cycles_256_proj_d2_60z_cycle2
63/63 - 62s - loss: 9.7393e-07 - mean_squared_error: 1.3877e-06 - val_loss: 2.5393e-08 - val_mean_squared_error: 2.5393e-08 - 62s/epoch - 990ms/step
Epoch 24/25

Epoch 00024: mean_squared_error improved from 0.00000 to 0.00000, saving model to /gpfswork/rech/ynx/uds36vp/repos/wf-SEDs/HD_projected_optimisation/wf-outputs/chkp/8_bins/chkp_callback_poly_5_cycles_256_proj_d2_60z_cycle2
63/63 - 62s - loss: 9.7370e-07 - mean_squared_error: 1.3875e-06 - val_loss: 2.3553e-08 - val_mean_squared_error: 2.3553e-08 - 62s/epoch - 991ms/step
Epoch 25/25

Epoch 00025: mean_squared_error improved from 0.00000 to 0.00000, saving model to /gpfswork/rech/ynx/uds36vp/repos/wf-SEDs/HD_projected_optimisation/wf-outputs/chkp/8_bins/chkp_callback_poly_5_cycles_256_proj_d2_60z_cycle2
63/63 - 62s - loss: 9.7209e-07 - mean_squared_error: 1.3863e-06 - val_loss: 2.1422e-08 - val_mean_squared_error: 2.1422e-08 - 62s/epoch - 991ms/step
Cycle2 elapsed time: 1907.5178332328796
Project non-param DD features onto param model: done!
Starting cycle 3..
Starting parametric update..
Epoch 1/5

Epoch 00001: mean_squared_error improved from inf to 0.00000, saving model to /gpfswork/rech/ynx/uds36vp/repos/wf-SEDs/HD_projected_optimisation/wf-outputs/chkp/8_bins/chkp_callback_poly_5_cycles_256_proj_d2_60z_cycle3
63/63 - 65s - loss: 9.8773e-07 - mean_squared_error: 1.3996e-06 - val_loss: 4.4052e-08 - val_mean_squared_error: 4.4052e-08 - 65s/epoch - 1s/step
Epoch 2/5

Epoch 00002: mean_squared_error did not improve from 0.00000
63/63 - 62s - loss: 1.0342e-06 - mean_squared_error: 1.4374e-06 - val_loss: 2.4888e-07 - val_mean_squared_error: 2.4888e-07 - 62s/epoch - 988ms/step
Epoch 3/5

Epoch 00003: mean_squared_error did not improve from 0.00000
63/63 - 62s - loss: 1.1146e-06 - mean_squared_error: 1.5070e-06 - val_loss: 7.2970e-08 - val_mean_squared_error: 7.2970e-08 - 62s/epoch - 986ms/step
Epoch 4/5

Epoch 00004: mean_squared_error did not improve from 0.00000
63/63 - 66s - loss: 1.1554e-06 - mean_squared_error: 1.5411e-06 - val_loss: 1.6645e-07 - val_mean_squared_error: 1.6645e-07 - 66s/epoch - 1s/step
Epoch 5/5

Epoch 00005: mean_squared_error did not improve from 0.00000
63/63 - 62s - loss: 1.2285e-06 - mean_squared_error: 1.5952e-06 - val_loss: 2.9873e-07 - val_mean_squared_error: 2.9873e-07 - 62s/epoch - 979ms/step
Starting non-parametric update..
Epoch 1/25

Epoch 00001: mean_squared_error did not improve from 0.00000
63/63 - 71s - loss: 1.0495e-06 - mean_squared_error: 1.4529e-06 - val_loss: 3.8576e-08 - val_mean_squared_error: 3.8576e-08 - 71s/epoch - 1s/step
Epoch 2/25

Epoch 00002: mean_squared_error improved from 0.00000 to 0.00000, saving model to /gpfswork/rech/ynx/uds36vp/repos/wf-SEDs/HD_projected_optimisation/wf-outputs/chkp/8_bins/chkp_callback_poly_5_cycles_256_proj_d2_60z_cycle3
63/63 - 67s - loss: 9.8356e-07 - mean_squared_error: 1.3962e-06 - val_loss: 2.8519e-08 - val_mean_squared_error: 2.8519e-08 - 67s/epoch - 1s/step
Epoch 3/25

Epoch 00003: mean_squared_error improved from 0.00000 to 0.00000, saving model to /gpfswork/rech/ynx/uds36vp/repos/wf-SEDs/HD_projected_optimisation/wf-outputs/chkp/8_bins/chkp_callback_poly_5_cycles_256_proj_d2_60z_cycle3
63/63 - 69s - loss: 9.7677e-07 - mean_squared_error: 1.3904e-06 - val_loss: 2.5159e-08 - val_mean_squared_error: 2.5159e-08 - 69s/epoch - 1s/step
Epoch 4/25

Epoch 00004: mean_squared_error improved from 0.00000 to 0.00000, saving model to /gpfswork/rech/ynx/uds36vp/repos/wf-SEDs/HD_projected_optimisation/wf-outputs/chkp/8_bins/chkp_callback_poly_5_cycles_256_proj_d2_60z_cycle3
63/63 - 68s - loss: 9.7394e-07 - mean_squared_error: 1.3880e-06 - val_loss: 2.3286e-08 - val_mean_squared_error: 2.3286e-08 - 68s/epoch - 1s/step
Epoch 5/25

Epoch 00005: mean_squared_error improved from 0.00000 to 0.00000, saving model to /gpfswork/rech/ynx/uds36vp/repos/wf-SEDs/HD_projected_optimisation/wf-outputs/chkp/8_bins/chkp_callback_poly_5_cycles_256_proj_d2_60z_cycle3
63/63 - 68s - loss: 9.7226e-07 - mean_squared_error: 1.3865e-06 - val_loss: 2.2318e-08 - val_mean_squared_error: 2.2318e-08 - 68s/epoch - 1s/step
Epoch 6/25

Epoch 00006: mean_squared_error improved from 0.00000 to 0.00000, saving model to /gpfswork/rech/ynx/uds36vp/repos/wf-SEDs/HD_projected_optimisation/wf-outputs/chkp/8_bins/chkp_callback_poly_5_cycles_256_proj_d2_60z_cycle3
63/63 - 69s - loss: 9.7114e-07 - mean_squared_error: 1.3856e-06 - val_loss: 2.1621e-08 - val_mean_squared_error: 2.1621e-08 - 69s/epoch - 1s/step
Epoch 7/25

Epoch 00007: mean_squared_error improved from 0.00000 to 0.00000, saving model to /gpfswork/rech/ynx/uds36vp/repos/wf-SEDs/HD_projected_optimisation/wf-outputs/chkp/8_bins/chkp_callback_poly_5_cycles_256_proj_d2_60z_cycle3
63/63 - 69s - loss: 9.7050e-07 - mean_squared_error: 1.3849e-06 - val_loss: 2.0913e-08 - val_mean_squared_error: 2.0913e-08 - 69s/epoch - 1s/step
Epoch 8/25

Epoch 00008: mean_squared_error improved from 0.00000 to 0.00000, saving model to /gpfswork/rech/ynx/uds36vp/repos/wf-SEDs/HD_projected_optimisation/wf-outputs/chkp/8_bins/chkp_callback_poly_5_cycles_256_proj_d2_60z_cycle3
63/63 - 70s - loss: 9.6960e-07 - mean_squared_error: 1.3842e-06 - val_loss: 2.0227e-08 - val_mean_squared_error: 2.0227e-08 - 70s/epoch - 1s/step
Epoch 9/25

Epoch 00009: mean_squared_error improved from 0.00000 to 0.00000, saving model to /gpfswork/rech/ynx/uds36vp/repos/wf-SEDs/HD_projected_optimisation/wf-outputs/chkp/8_bins/chkp_callback_poly_5_cycles_256_proj_d2_60z_cycle3
63/63 - 68s - loss: 9.6925e-07 - mean_squared_error: 1.3839e-06 - val_loss: 2.0022e-08 - val_mean_squared_error: 2.0022e-08 - 68s/epoch - 1s/step
Epoch 10/25

Epoch 00010: mean_squared_error improved from 0.00000 to 0.00000, saving model to /gpfswork/rech/ynx/uds36vp/repos/wf-SEDs/HD_projected_optimisation/wf-outputs/chkp/8_bins/chkp_callback_poly_5_cycles_256_proj_d2_60z_cycle3
63/63 - 69s - loss: 9.6871e-07 - mean_squared_error: 1.3835e-06 - val_loss: 1.9245e-08 - val_mean_squared_error: 1.9245e-08 - 69s/epoch - 1s/step
Epoch 11/25

Epoch 00011: mean_squared_error improved from 0.00000 to 0.00000, saving model to /gpfswork/rech/ynx/uds36vp/repos/wf-SEDs/HD_projected_optimisation/wf-outputs/chkp/8_bins/chkp_callback_poly_5_cycles_256_proj_d2_60z_cycle3
63/63 - 69s - loss: 9.6826e-07 - mean_squared_error: 1.3830e-06 - val_loss: 1.9118e-08 - val_mean_squared_error: 1.9118e-08 - 69s/epoch - 1s/step
Epoch 12/25

Epoch 00012: mean_squared_error improved from 0.00000 to 0.00000, saving model to /gpfswork/rech/ynx/uds36vp/repos/wf-SEDs/HD_projected_optimisation/wf-outputs/chkp/8_bins/chkp_callback_poly_5_cycles_256_proj_d2_60z_cycle3
63/63 - 69s - loss: 9.6799e-07 - mean_squared_error: 1.3827e-06 - val_loss: 1.8883e-08 - val_mean_squared_error: 1.8883e-08 - 69s/epoch - 1s/step
Epoch 13/25

Epoch 00013: mean_squared_error improved from 0.00000 to 0.00000, saving model to /gpfswork/rech/ynx/uds36vp/repos/wf-SEDs/HD_projected_optimisation/wf-outputs/chkp/8_bins/chkp_callback_poly_5_cycles_256_proj_d2_60z_cycle3
63/63 - 69s - loss: 9.6760e-07 - mean_squared_error: 1.3824e-06 - val_loss: 1.8708e-08 - val_mean_squared_error: 1.8708e-08 - 69s/epoch - 1s/step
Epoch 14/25

Epoch 00014: mean_squared_error improved from 0.00000 to 0.00000, saving model to /gpfswork/rech/ynx/uds36vp/repos/wf-SEDs/HD_projected_optimisation/wf-outputs/chkp/8_bins/chkp_callback_poly_5_cycles_256_proj_d2_60z_cycle3
63/63 - 69s - loss: 9.6716e-07 - mean_squared_error: 1.3820e-06 - val_loss: 1.8613e-08 - val_mean_squared_error: 1.8613e-08 - 69s/epoch - 1s/step
Epoch 15/25

Epoch 00015: mean_squared_error improved from 0.00000 to 0.00000, saving model to /gpfswork/rech/ynx/uds36vp/repos/wf-SEDs/HD_projected_optimisation/wf-outputs/chkp/8_bins/chkp_callback_poly_5_cycles_256_proj_d2_60z_cycle3
63/63 - 69s - loss: 9.6701e-07 - mean_squared_error: 1.3818e-06 - val_loss: 1.7927e-08 - val_mean_squared_error: 1.7927e-08 - 69s/epoch - 1s/step
Epoch 16/25

Epoch 00016: mean_squared_error improved from 0.00000 to 0.00000, saving model to /gpfswork/rech/ynx/uds36vp/repos/wf-SEDs/HD_projected_optimisation/wf-outputs/chkp/8_bins/chkp_callback_poly_5_cycles_256_proj_d2_60z_cycle3
63/63 - 68s - loss: 9.6696e-07 - mean_squared_error: 1.3818e-06 - val_loss: 1.8794e-08 - val_mean_squared_error: 1.8794e-08 - 68s/epoch - 1s/step
Epoch 17/25

Epoch 00017: mean_squared_error improved from 0.00000 to 0.00000, saving model to /gpfswork/rech/ynx/uds36vp/repos/wf-SEDs/HD_projected_optimisation/wf-outputs/chkp/8_bins/chkp_callback_poly_5_cycles_256_proj_d2_60z_cycle3
63/63 - 68s - loss: 9.6623e-07 - mean_squared_error: 1.3813e-06 - val_loss: 1.7637e-08 - val_mean_squared_error: 1.7637e-08 - 68s/epoch - 1s/step
Epoch 18/25

Epoch 00018: mean_squared_error improved from 0.00000 to 0.00000, saving model to /gpfswork/rech/ynx/uds36vp/repos/wf-SEDs/HD_projected_optimisation/wf-outputs/chkp/8_bins/chkp_callback_poly_5_cycles_256_proj_d2_60z_cycle3
63/63 - 67s - loss: 9.6601e-07 - mean_squared_error: 1.3809e-06 - val_loss: 1.6869e-08 - val_mean_squared_error: 1.6869e-08 - 67s/epoch - 1s/step
Epoch 19/25

Epoch 00019: mean_squared_error improved from 0.00000 to 0.00000, saving model to /gpfswork/rech/ynx/uds36vp/repos/wf-SEDs/HD_projected_optimisation/wf-outputs/chkp/8_bins/chkp_callback_poly_5_cycles_256_proj_d2_60z_cycle3
63/63 - 68s - loss: 9.6590e-07 - mean_squared_error: 1.3808e-06 - val_loss: 1.7037e-08 - val_mean_squared_error: 1.7037e-08 - 68s/epoch - 1s/step
Epoch 20/25

Epoch 00020: mean_squared_error improved from 0.00000 to 0.00000, saving model to /gpfswork/rech/ynx/uds36vp/repos/wf-SEDs/HD_projected_optimisation/wf-outputs/chkp/8_bins/chkp_callback_poly_5_cycles_256_proj_d2_60z_cycle3
63/63 - 68s - loss: 9.6529e-07 - mean_squared_error: 1.3803e-06 - val_loss: 1.6352e-08 - val_mean_squared_error: 1.6352e-08 - 68s/epoch - 1s/step
Epoch 21/25

Epoch 00021: mean_squared_error did not improve from 0.00000
63/63 - 69s - loss: 9.6616e-07 - mean_squared_error: 1.3809e-06 - val_loss: 1.6367e-08 - val_mean_squared_error: 1.6367e-08 - 69s/epoch - 1s/step
Epoch 22/25

Epoch 00022: mean_squared_error improved from 0.00000 to 0.00000, saving model to /gpfswork/rech/ynx/uds36vp/repos/wf-SEDs/HD_projected_optimisation/wf-outputs/chkp/8_bins/chkp_callback_poly_5_cycles_256_proj_d2_60z_cycle3
63/63 - 69s - loss: 9.6474e-07 - mean_squared_error: 1.3799e-06 - val_loss: 1.6572e-08 - val_mean_squared_error: 1.6572e-08 - 69s/epoch - 1s/step
Epoch 23/25

Epoch 00023: mean_squared_error did not improve from 0.00000
63/63 - 68s - loss: 9.6486e-07 - mean_squared_error: 1.3799e-06 - val_loss: 1.6159e-08 - val_mean_squared_error: 1.6159e-08 - 68s/epoch - 1s/step
Epoch 24/25

Epoch 00024: mean_squared_error improved from 0.00000 to 0.00000, saving model to /gpfswork/rech/ynx/uds36vp/repos/wf-SEDs/HD_projected_optimisation/wf-outputs/chkp/8_bins/chkp_callback_poly_5_cycles_256_proj_d2_60z_cycle3
63/63 - 69s - loss: 9.6428e-07 - mean_squared_error: 1.3794e-06 - val_loss: 1.5867e-08 - val_mean_squared_error: 1.5867e-08 - 69s/epoch - 1s/step
Epoch 25/25

Epoch 00025: mean_squared_error improved from 0.00000 to 0.00000, saving model to /gpfswork/rech/ynx/uds36vp/repos/wf-SEDs/HD_projected_optimisation/wf-outputs/chkp/8_bins/chkp_callback_poly_5_cycles_256_proj_d2_60z_cycle3
63/63 - 68s - loss: 9.6404e-07 - mean_squared_error: 1.3792e-06 - val_loss: 1.5185e-08 - val_mean_squared_error: 1.5185e-08 - 68s/epoch - 1s/step
Cycle3 elapsed time: 2037.5062243938446
Project non-param DD features onto param model: done!
Starting cycle 4..
Starting parametric update..
Epoch 1/5

Epoch 00001: mean_squared_error improved from inf to 0.00000, saving model to /gpfswork/rech/ynx/uds36vp/repos/wf-SEDs/HD_projected_optimisation/wf-outputs/chkp/8_bins/chkp_callback_poly_5_cycles_256_proj_d2_60z_cycle4
63/63 - 68s - loss: 9.7219e-07 - mean_squared_error: 1.3860e-06 - val_loss: 4.3499e-08 - val_mean_squared_error: 4.3499e-08 - 68s/epoch - 1s/step
Epoch 2/5

Epoch 00002: mean_squared_error did not improve from 0.00000
63/63 - 63s - loss: 1.0003e-06 - mean_squared_error: 1.4082e-06 - val_loss: 5.3556e-08 - val_mean_squared_error: 5.3556e-08 - 63s/epoch - 1s/step
Epoch 3/5

Epoch 00003: mean_squared_error did not improve from 0.00000
63/63 - 63s - loss: 1.0450e-06 - mean_squared_error: 1.4442e-06 - val_loss: 1.5236e-07 - val_mean_squared_error: 1.5236e-07 - 63s/epoch - 1s/step
Epoch 4/5

Epoch 00004: mean_squared_error did not improve from 0.00000
63/63 - 64s - loss: 1.2097e-06 - mean_squared_error: 1.5733e-06 - val_loss: 1.2631e-07 - val_mean_squared_error: 1.2631e-07 - 64s/epoch - 1s/step
Epoch 5/5

Epoch 00005: mean_squared_error did not improve from 0.00000
63/63 - 64s - loss: 1.0470e-06 - mean_squared_error: 1.4474e-06 - val_loss: 1.1592e-07 - val_mean_squared_error: 1.1592e-07 - 64s/epoch - 1s/step
Starting non-parametric update..
Epoch 1/25

Epoch 00001: mean_squared_error did not improve from 0.00000
63/63 - 66s - loss: 9.9932e-07 - mean_squared_error: 1.4063e-06 - val_loss: 1.8439e-08 - val_mean_squared_error: 1.8439e-08 - 66s/epoch - 1s/step
Epoch 2/25

Epoch 00002: mean_squared_error improved from 0.00000 to 0.00000, saving model to /gpfswork/rech/ynx/uds36vp/repos/wf-SEDs/HD_projected_optimisation/wf-outputs/chkp/8_bins/chkp_callback_poly_5_cycles_256_proj_d2_60z_cycle4
63/63 - 63s - loss: 9.6460e-07 - mean_squared_error: 1.3798e-06 - val_loss: 1.5559e-08 - val_mean_squared_error: 1.5559e-08 - 63s/epoch - 995ms/step
Epoch 3/25

Epoch 00003: mean_squared_error improved from 0.00000 to 0.00000, saving model to /gpfswork/rech/ynx/uds36vp/repos/wf-SEDs/HD_projected_optimisation/wf-outputs/chkp/8_bins/chkp_callback_poly_5_cycles_256_proj_d2_60z_cycle4
63/63 - 63s - loss: 9.6325e-07 - mean_squared_error: 1.3787e-06 - val_loss: 1.5356e-08 - val_mean_squared_error: 1.5356e-08 - 63s/epoch - 1s/step
Epoch 4/25

Epoch 00004: mean_squared_error improved from 0.00000 to 0.00000, saving model to /gpfswork/rech/ynx/uds36vp/repos/wf-SEDs/HD_projected_optimisation/wf-outputs/chkp/8_bins/chkp_callback_poly_5_cycles_256_proj_d2_60z_cycle4
63/63 - 62s - loss: 9.6272e-07 - mean_squared_error: 1.3782e-06 - val_loss: 1.4519e-08 - val_mean_squared_error: 1.4519e-08 - 62s/epoch - 982ms/step
Epoch 5/25

Epoch 00005: mean_squared_error improved from 0.00000 to 0.00000, saving model to /gpfswork/rech/ynx/uds36vp/repos/wf-SEDs/HD_projected_optimisation/wf-outputs/chkp/8_bins/chkp_callback_poly_5_cycles_256_proj_d2_60z_cycle4
63/63 - 62s - loss: 9.6246e-07 - mean_squared_error: 1.3780e-06 - val_loss: 1.4388e-08 - val_mean_squared_error: 1.4388e-08 - 62s/epoch - 992ms/step
Epoch 6/25

Epoch 00006: mean_squared_error improved from 0.00000 to 0.00000, saving model to /gpfswork/rech/ynx/uds36vp/repos/wf-SEDs/HD_projected_optimisation/wf-outputs/chkp/8_bins/chkp_callback_poly_5_cycles_256_proj_d2_60z_cycle4
63/63 - 62s - loss: 9.6231e-07 - mean_squared_error: 1.3778e-06 - val_loss: 1.4240e-08 - val_mean_squared_error: 1.4240e-08 - 62s/epoch - 979ms/step
Epoch 7/25

Epoch 00007: mean_squared_error improved from 0.00000 to 0.00000, saving model to /gpfswork/rech/ynx/uds36vp/repos/wf-SEDs/HD_projected_optimisation/wf-outputs/chkp/8_bins/chkp_callback_poly_5_cycles_256_proj_d2_60z_cycle4
63/63 - 62s - loss: 9.6206e-07 - mean_squared_error: 1.3776e-06 - val_loss: 1.4685e-08 - val_mean_squared_error: 1.4685e-08 - 62s/epoch - 982ms/step
Epoch 8/25

Epoch 00008: mean_squared_error improved from 0.00000 to 0.00000, saving model to /gpfswork/rech/ynx/uds36vp/repos/wf-SEDs/HD_projected_optimisation/wf-outputs/chkp/8_bins/chkp_callback_poly_5_cycles_256_proj_d2_60z_cycle4
63/63 - 62s - loss: 9.6210e-07 - mean_squared_error: 1.3776e-06 - val_loss: 1.3922e-08 - val_mean_squared_error: 1.3922e-08 - 62s/epoch - 982ms/step
Epoch 9/25

Epoch 00009: mean_squared_error improved from 0.00000 to 0.00000, saving model to /gpfswork/rech/ynx/uds36vp/repos/wf-SEDs/HD_projected_optimisation/wf-outputs/chkp/8_bins/chkp_callback_poly_5_cycles_256_proj_d2_60z_cycle4
63/63 - 61s - loss: 9.6198e-07 - mean_squared_error: 1.3774e-06 - val_loss: 1.3974e-08 - val_mean_squared_error: 1.3974e-08 - 61s/epoch - 973ms/step
Epoch 10/25

Epoch 00010: mean_squared_error improved from 0.00000 to 0.00000, saving model to /gpfswork/rech/ynx/uds36vp/repos/wf-SEDs/HD_projected_optimisation/wf-outputs/chkp/8_bins/chkp_callback_poly_5_cycles_256_proj_d2_60z_cycle4
63/63 - 62s - loss: 9.6187e-07 - mean_squared_error: 1.3773e-06 - val_loss: 1.4138e-08 - val_mean_squared_error: 1.4138e-08 - 62s/epoch - 987ms/step
Epoch 11/25

Epoch 00011: mean_squared_error did not improve from 0.00000
63/63 - 63s - loss: 9.6183e-07 - mean_squared_error: 1.3773e-06 - val_loss: 1.3333e-08 - val_mean_squared_error: 1.3333e-08 - 63s/epoch - 995ms/step
Epoch 12/25

Epoch 00012: mean_squared_error improved from 0.00000 to 0.00000, saving model to /gpfswork/rech/ynx/uds36vp/repos/wf-SEDs/HD_projected_optimisation/wf-outputs/chkp/8_bins/chkp_callback_poly_5_cycles_256_proj_d2_60z_cycle4
63/63 - 62s - loss: 9.6172e-07 - mean_squared_error: 1.3771e-06 - val_loss: 1.3623e-08 - val_mean_squared_error: 1.3623e-08 - 62s/epoch - 979ms/step
Epoch 13/25

Epoch 00013: mean_squared_error improved from 0.00000 to 0.00000, saving model to /gpfswork/rech/ynx/uds36vp/repos/wf-SEDs/HD_projected_optimisation/wf-outputs/chkp/8_bins/chkp_callback_poly_5_cycles_256_proj_d2_60z_cycle4
63/63 - 62s - loss: 9.6149e-07 - mean_squared_error: 1.3770e-06 - val_loss: 1.3502e-08 - val_mean_squared_error: 1.3502e-08 - 62s/epoch - 988ms/step
Epoch 14/25

Epoch 00014: mean_squared_error did not improve from 0.00000
63/63 - 62s - loss: 9.6152e-07 - mean_squared_error: 1.3770e-06 - val_loss: 1.3340e-08 - val_mean_squared_error: 1.3340e-08 - 62s/epoch - 985ms/step
Epoch 15/25

Epoch 00015: mean_squared_error did not improve from 0.00000
63/63 - 61s - loss: 9.6176e-07 - mean_squared_error: 1.3772e-06 - val_loss: 1.5094e-08 - val_mean_squared_error: 1.5094e-08 - 61s/epoch - 975ms/step
Epoch 16/25

Epoch 00016: mean_squared_error improved from 0.00000 to 0.00000, saving model to /gpfswork/rech/ynx/uds36vp/repos/wf-SEDs/HD_projected_optimisation/wf-outputs/chkp/8_bins/chkp_callback_poly_5_cycles_256_proj_d2_60z_cycle4
63/63 - 62s - loss: 9.6151e-07 - mean_squared_error: 1.3770e-06 - val_loss: 1.3043e-08 - val_mean_squared_error: 1.3043e-08 - 62s/epoch - 978ms/step
Epoch 17/25

Epoch 00017: mean_squared_error improved from 0.00000 to 0.00000, saving model to /gpfswork/rech/ynx/uds36vp/repos/wf-SEDs/HD_projected_optimisation/wf-outputs/chkp/8_bins/chkp_callback_poly_5_cycles_256_proj_d2_60z_cycle4
63/63 - 62s - loss: 9.6092e-07 - mean_squared_error: 1.3764e-06 - val_loss: 1.3095e-08 - val_mean_squared_error: 1.3095e-08 - 62s/epoch - 981ms/step
Epoch 18/25

Epoch 00018: mean_squared_error did not improve from 0.00000
63/63 - 62s - loss: 9.6142e-07 - mean_squared_error: 1.3768e-06 - val_loss: 1.3427e-08 - val_mean_squared_error: 1.3427e-08 - 62s/epoch - 979ms/step
Epoch 19/25

Epoch 00019: mean_squared_error did not improve from 0.00000
63/63 - 61s - loss: 9.6101e-07 - mean_squared_error: 1.3765e-06 - val_loss: 1.3125e-08 - val_mean_squared_error: 1.3125e-08 - 61s/epoch - 974ms/step
Epoch 20/25

Epoch 00020: mean_squared_error did not improve from 0.00000
63/63 - 61s - loss: 9.6260e-07 - mean_squared_error: 1.3777e-06 - val_loss: 1.3543e-08 - val_mean_squared_error: 1.3543e-08 - 61s/epoch - 975ms/step
Epoch 21/25

Epoch 00021: mean_squared_error did not improve from 0.00000
63/63 - 62s - loss: 9.6130e-07 - mean_squared_error: 1.3766e-06 - val_loss: 1.3430e-08 - val_mean_squared_error: 1.3430e-08 - 62s/epoch - 981ms/step
Epoch 22/25

Epoch 00022: mean_squared_error improved from 0.00000 to 0.00000, saving model to /gpfswork/rech/ynx/uds36vp/repos/wf-SEDs/HD_projected_optimisation/wf-outputs/chkp/8_bins/chkp_callback_poly_5_cycles_256_proj_d2_60z_cycle4
63/63 - 62s - loss: 9.6067e-07 - mean_squared_error: 1.3762e-06 - val_loss: 1.3096e-08 - val_mean_squared_error: 1.3096e-08 - 62s/epoch - 978ms/step
Epoch 23/25

Epoch 00023: mean_squared_error did not improve from 0.00000
63/63 - 61s - loss: 9.6150e-07 - mean_squared_error: 1.3768e-06 - val_loss: 1.2716e-08 - val_mean_squared_error: 1.2716e-08 - 61s/epoch - 975ms/step
Epoch 24/25

Epoch 00024: mean_squared_error did not improve from 0.00000
63/63 - 61s - loss: 9.6094e-07 - mean_squared_error: 1.3764e-06 - val_loss: 1.4379e-08 - val_mean_squared_error: 1.4379e-08 - 61s/epoch - 976ms/step
Epoch 25/25

Epoch 00025: mean_squared_error did not improve from 0.00000
63/63 - 63s - loss: 9.6096e-07 - mean_squared_error: 1.3764e-06 - val_loss: 1.2208e-08 - val_mean_squared_error: 1.2208e-08 - 63s/epoch - 997ms/step
Cycle4 elapsed time: 1880.2481961250305
Project non-param DD features onto param model: done!
Starting cycle 5..
Starting parametric update..
Epoch 1/15

Epoch 00001: mean_squared_error improved from inf to 0.00000, saving model to /gpfswork/rech/ynx/uds36vp/repos/wf-SEDs/HD_projected_optimisation/wf-outputs/chkp/8_bins/chkp_callback_poly_5_cycles_256_proj_d2_60z_cycle5
63/63 - 67s - loss: 9.6488e-07 - mean_squared_error: 1.3796e-06 - val_loss: 2.2344e-08 - val_mean_squared_error: 2.2344e-08 - 67s/epoch - 1s/step
Epoch 2/15

Epoch 00002: mean_squared_error did not improve from 0.00000
63/63 - 63s - loss: 9.6807e-07 - mean_squared_error: 1.3826e-06 - val_loss: 1.9649e-08 - val_mean_squared_error: 1.9649e-08 - 63s/epoch - 997ms/step
Epoch 3/15

Epoch 00003: mean_squared_error did not improve from 0.00000
63/63 - 63s - loss: 1.0132e-06 - mean_squared_error: 1.4204e-06 - val_loss: 1.2333e-07 - val_mean_squared_error: 1.2333e-07 - 63s/epoch - 1000ms/step
Epoch 4/15

Epoch 00004: mean_squared_error did not improve from 0.00000
63/63 - 63s - loss: 1.0240e-06 - mean_squared_error: 1.4275e-06 - val_loss: 4.2310e-08 - val_mean_squared_error: 4.2310e-08 - 63s/epoch - 1s/step
Epoch 5/15

Epoch 00005: mean_squared_error did not improve from 0.00000
63/63 - 63s - loss: 1.0239e-06 - mean_squared_error: 1.4255e-06 - val_loss: 9.0362e-08 - val_mean_squared_error: 9.0362e-08 - 63s/epoch - 1s/step
Epoch 6/15

Epoch 00006: mean_squared_error did not improve from 0.00000
63/63 - 63s - loss: 1.0342e-06 - mean_squared_error: 1.4376e-06 - val_loss: 3.9890e-08 - val_mean_squared_error: 3.9890e-08 - 63s/epoch - 996ms/step
Epoch 7/15

Epoch 00007: mean_squared_error did not improve from 0.00000
63/63 - 63s - loss: 9.9028e-07 - mean_squared_error: 1.3999e-06 - val_loss: 3.5295e-08 - val_mean_squared_error: 3.5295e-08 - 63s/epoch - 1s/step
Epoch 8/15

Epoch 00008: mean_squared_error did not improve from 0.00000
63/63 - 64s - loss: 9.8906e-07 - mean_squared_error: 1.4010e-06 - val_loss: 8.8278e-08 - val_mean_squared_error: 8.8278e-08 - 64s/epoch - 1s/step
Epoch 9/15

Epoch 00009: mean_squared_error did not improve from 0.00000
63/63 - 62s - loss: 1.1129e-06 - mean_squared_error: 1.5054e-06 - val_loss: 9.8914e-08 - val_mean_squared_error: 9.8914e-08 - 62s/epoch - 991ms/step
Epoch 10/15

Epoch 00010: mean_squared_error did not improve from 0.00000
63/63 - 64s - loss: 1.0405e-06 - mean_squared_error: 1.4422e-06 - val_loss: 1.0919e-07 - val_mean_squared_error: 1.0919e-07 - 64s/epoch - 1s/step
Epoch 11/15

Epoch 00011: mean_squared_error did not improve from 0.00000
63/63 - 63s - loss: 1.0639e-06 - mean_squared_error: 1.4619e-06 - val_loss: 4.0287e-08 - val_mean_squared_error: 4.0287e-08 - 63s/epoch - 993ms/step
Epoch 12/15

Epoch 00012: mean_squared_error did not improve from 0.00000
63/63 - 61s - loss: 1.0011e-06 - mean_squared_error: 1.4090e-06 - val_loss: 4.9422e-08 - val_mean_squared_error: 4.9422e-08 - 61s/epoch - 975ms/step
Epoch 13/15

Epoch 00013: mean_squared_error did not improve from 0.00000
63/63 - 62s - loss: 1.0402e-06 - mean_squared_error: 1.4424e-06 - val_loss: 4.4621e-08 - val_mean_squared_error: 4.4621e-08 - 62s/epoch - 984ms/step
Epoch 14/15

Epoch 00014: mean_squared_error did not improve from 0.00000
63/63 - 62s - loss: 1.0740e-06 - mean_squared_error: 1.4696e-06 - val_loss: 1.5897e-07 - val_mean_squared_error: 1.5897e-07 - 62s/epoch - 989ms/step
Epoch 15/15

Epoch 00015: mean_squared_error did not improve from 0.00000
63/63 - 62s - loss: 1.1109e-06 - mean_squared_error: 1.4964e-06 - val_loss: 1.7721e-07 - val_mean_squared_error: 1.7721e-07 - 62s/epoch - 984ms/step
Starting non-parametric update..
Epoch 1/50

Epoch 00001: mean_squared_error did not improve from 0.00000
63/63 - 64s - loss: 1.0400e-06 - mean_squared_error: 1.4349e-06 - val_loss: 2.9466e-08 - val_mean_squared_error: 2.9466e-08 - 64s/epoch - 1s/step
Epoch 2/50

Epoch 00002: mean_squared_error did not improve from 0.00000
63/63 - 60s - loss: 9.7379e-07 - mean_squared_error: 1.3865e-06 - val_loss: 1.8903e-08 - val_mean_squared_error: 1.8903e-08 - 60s/epoch - 959ms/step
Epoch 3/50

Epoch 00003: mean_squared_error did not improve from 0.00000
63/63 - 61s - loss: 9.6570e-07 - mean_squared_error: 1.3805e-06 - val_loss: 1.5786e-08 - val_mean_squared_error: 1.5786e-08 - 61s/epoch - 972ms/step
Epoch 4/50

Epoch 00004: mean_squared_error improved from 0.00000 to 0.00000, saving model to /gpfswork/rech/ynx/uds36vp/repos/wf-SEDs/HD_projected_optimisation/wf-outputs/chkp/8_bins/chkp_callback_poly_5_cycles_256_proj_d2_60z_cycle5
63/63 - 63s - loss: 9.6291e-07 - mean_squared_error: 1.3783e-06 - val_loss: 1.4240e-08 - val_mean_squared_error: 1.4240e-08 - 63s/epoch - 996ms/step
Epoch 5/50

Epoch 00005: mean_squared_error improved from 0.00000 to 0.00000, saving model to /gpfswork/rech/ynx/uds36vp/repos/wf-SEDs/HD_projected_optimisation/wf-outputs/chkp/8_bins/chkp_callback_poly_5_cycles_256_proj_d2_60z_cycle5
63/63 - 61s - loss: 9.6158e-07 - mean_squared_error: 1.3771e-06 - val_loss: 1.4157e-08 - val_mean_squared_error: 1.4157e-08 - 61s/epoch - 973ms/step
Epoch 6/50

Epoch 00006: mean_squared_error improved from 0.00000 to 0.00000, saving model to /gpfswork/rech/ynx/uds36vp/repos/wf-SEDs/HD_projected_optimisation/wf-outputs/chkp/8_bins/chkp_callback_poly_5_cycles_256_proj_d2_60z_cycle5
63/63 - 61s - loss: 9.6102e-07 - mean_squared_error: 1.3767e-06 - val_loss: 1.3059e-08 - val_mean_squared_error: 1.3059e-08 - 61s/epoch - 976ms/step
Epoch 7/50

Epoch 00007: mean_squared_error improved from 0.00000 to 0.00000, saving model to /gpfswork/rech/ynx/uds36vp/repos/wf-SEDs/HD_projected_optimisation/wf-outputs/chkp/8_bins/chkp_callback_poly_5_cycles_256_proj_d2_60z_cycle5
63/63 - 62s - loss: 9.6048e-07 - mean_squared_error: 1.3762e-06 - val_loss: 1.2790e-08 - val_mean_squared_error: 1.2790e-08 - 62s/epoch - 976ms/step
Epoch 8/50

Epoch 00008: mean_squared_error improved from 0.00000 to 0.00000, saving model to /gpfswork/rech/ynx/uds36vp/repos/wf-SEDs/HD_projected_optimisation/wf-outputs/chkp/8_bins/chkp_callback_poly_5_cycles_256_proj_d2_60z_cycle5
63/63 - 61s - loss: 9.6001e-07 - mean_squared_error: 1.3758e-06 - val_loss: 1.2817e-08 - val_mean_squared_error: 1.2817e-08 - 61s/epoch - 974ms/step
Epoch 9/50

Epoch 00009: mean_squared_error improved from 0.00000 to 0.00000, saving model to /gpfswork/rech/ynx/uds36vp/repos/wf-SEDs/HD_projected_optimisation/wf-outputs/chkp/8_bins/chkp_callback_poly_5_cycles_256_proj_d2_60z_cycle5
63/63 - 62s - loss: 9.5996e-07 - mean_squared_error: 1.3757e-06 - val_loss: 1.2579e-08 - val_mean_squared_error: 1.2579e-08 - 62s/epoch - 978ms/step
Epoch 10/50

Epoch 00010: mean_squared_error improved from 0.00000 to 0.00000, saving model to /gpfswork/rech/ynx/uds36vp/repos/wf-SEDs/HD_projected_optimisation/wf-outputs/chkp/8_bins/chkp_callback_poly_5_cycles_256_proj_d2_60z_cycle5
63/63 - 62s - loss: 9.5974e-07 - mean_squared_error: 1.3755e-06 - val_loss: 1.2086e-08 - val_mean_squared_error: 1.2086e-08 - 62s/epoch - 978ms/step
Epoch 11/50

Epoch 00011: mean_squared_error improved from 0.00000 to 0.00000, saving model to /gpfswork/rech/ynx/uds36vp/repos/wf-SEDs/HD_projected_optimisation/wf-outputs/chkp/8_bins/chkp_callback_poly_5_cycles_256_proj_d2_60z_cycle5
63/63 - 62s - loss: 9.5941e-07 - mean_squared_error: 1.3752e-06 - val_loss: 1.1671e-08 - val_mean_squared_error: 1.1671e-08 - 62s/epoch - 980ms/step
Epoch 12/50

Epoch 00012: mean_squared_error improved from 0.00000 to 0.00000, saving model to /gpfswork/rech/ynx/uds36vp/repos/wf-SEDs/HD_projected_optimisation/wf-outputs/chkp/8_bins/chkp_callback_poly_5_cycles_256_proj_d2_60z_cycle5
63/63 - 62s - loss: 9.5925e-07 - mean_squared_error: 1.3751e-06 - val_loss: 1.2238e-08 - val_mean_squared_error: 1.2238e-08 - 62s/epoch - 980ms/step
Epoch 13/50

Epoch 00013: mean_squared_error did not improve from 0.00000
63/63 - 61s - loss: 9.5952e-07 - mean_squared_error: 1.3752e-06 - val_loss: 1.2035e-08 - val_mean_squared_error: 1.2035e-08 - 61s/epoch - 970ms/step
Epoch 14/50

Epoch 00014: mean_squared_error did not improve from 0.00000
63/63 - 61s - loss: 9.5943e-07 - mean_squared_error: 1.3752e-06 - val_loss: 1.1739e-08 - val_mean_squared_error: 1.1739e-08 - 61s/epoch - 974ms/step
Epoch 15/50

Epoch 00015: mean_squared_error improved from 0.00000 to 0.00000, saving model to /gpfswork/rech/ynx/uds36vp/repos/wf-SEDs/HD_projected_optimisation/wf-outputs/chkp/8_bins/chkp_callback_poly_5_cycles_256_proj_d2_60z_cycle5
63/63 - 61s - loss: 9.5898e-07 - mean_squared_error: 1.3748e-06 - val_loss: 1.1762e-08 - val_mean_squared_error: 1.1762e-08 - 61s/epoch - 973ms/step
Epoch 16/50

Epoch 00016: mean_squared_error improved from 0.00000 to 0.00000, saving model to /gpfswork/rech/ynx/uds36vp/repos/wf-SEDs/HD_projected_optimisation/wf-outputs/chkp/8_bins/chkp_callback_poly_5_cycles_256_proj_d2_60z_cycle5
63/63 - 63s - loss: 9.5897e-07 - mean_squared_error: 1.3747e-06 - val_loss: 1.1663e-08 - val_mean_squared_error: 1.1663e-08 - 63s/epoch - 995ms/step
Epoch 17/50

Epoch 00017: mean_squared_error did not improve from 0.00000
63/63 - 61s - loss: 9.5932e-07 - mean_squared_error: 1.3751e-06 - val_loss: 1.2036e-08 - val_mean_squared_error: 1.2036e-08 - 61s/epoch - 972ms/step
Epoch 18/50

Epoch 00018: mean_squared_error did not improve from 0.00000
63/63 - 61s - loss: 9.5943e-07 - mean_squared_error: 1.3750e-06 - val_loss: 1.1575e-08 - val_mean_squared_error: 1.1575e-08 - 61s/epoch - 971ms/step
Epoch 19/50

Epoch 00019: mean_squared_error improved from 0.00000 to 0.00000, saving model to /gpfswork/rech/ynx/uds36vp/repos/wf-SEDs/HD_projected_optimisation/wf-outputs/chkp/8_bins/chkp_callback_poly_5_cycles_256_proj_d2_60z_cycle5
63/63 - 61s - loss: 9.5854e-07 - mean_squared_error: 1.3744e-06 - val_loss: 1.1252e-08 - val_mean_squared_error: 1.1252e-08 - 61s/epoch - 976ms/step
Epoch 20/50

Epoch 00020: mean_squared_error did not improve from 0.00000
63/63 - 62s - loss: 9.5884e-07 - mean_squared_error: 1.3746e-06 - val_loss: 1.1524e-08 - val_mean_squared_error: 1.1524e-08 - 62s/epoch - 976ms/step
Epoch 21/50

Epoch 00021: mean_squared_error did not improve from 0.00000
63/63 - 61s - loss: 9.5861e-07 - mean_squared_error: 1.3745e-06 - val_loss: 1.1334e-08 - val_mean_squared_error: 1.1334e-08 - 61s/epoch - 976ms/step
Epoch 22/50

Epoch 00022: mean_squared_error did not improve from 0.00000
63/63 - 61s - loss: 9.5890e-07 - mean_squared_error: 1.3746e-06 - val_loss: 1.1620e-08 - val_mean_squared_error: 1.1620e-08 - 61s/epoch - 976ms/step
Epoch 23/50

Epoch 00023: mean_squared_error improved from 0.00000 to 0.00000, saving model to /gpfswork/rech/ynx/uds36vp/repos/wf-SEDs/HD_projected_optimisation/wf-outputs/chkp/8_bins/chkp_callback_poly_5_cycles_256_proj_d2_60z_cycle5
63/63 - 62s - loss: 9.5842e-07 - mean_squared_error: 1.3742e-06 - val_loss: 1.2451e-08 - val_mean_squared_error: 1.2451e-08 - 62s/epoch - 977ms/step
Epoch 24/50

Epoch 00024: mean_squared_error did not improve from 0.00000
63/63 - 61s - loss: 9.5890e-07 - mean_squared_error: 1.3745e-06 - val_loss: 1.2091e-08 - val_mean_squared_error: 1.2091e-08 - 61s/epoch - 975ms/step
Epoch 25/50

Epoch 00025: mean_squared_error improved from 0.00000 to 0.00000, saving model to /gpfswork/rech/ynx/uds36vp/repos/wf-SEDs/HD_projected_optimisation/wf-outputs/chkp/8_bins/chkp_callback_poly_5_cycles_256_proj_d2_60z_cycle5
63/63 - 62s - loss: 9.5828e-07 - mean_squared_error: 1.3741e-06 - val_loss: 1.1748e-08 - val_mean_squared_error: 1.1748e-08 - 62s/epoch - 977ms/step
Epoch 26/50

Epoch 00026: mean_squared_error did not improve from 0.00000
63/63 - 62s - loss: 9.5859e-07 - mean_squared_error: 1.3744e-06 - val_loss: 1.1830e-08 - val_mean_squared_error: 1.1830e-08 - 62s/epoch - 978ms/step
Epoch 27/50

Epoch 00027: mean_squared_error did not improve from 0.00000
63/63 - 61s - loss: 9.5852e-07 - mean_squared_error: 1.3743e-06 - val_loss: 1.1779e-08 - val_mean_squared_error: 1.1779e-08 - 61s/epoch - 975ms/step
Epoch 28/50

Epoch 00028: mean_squared_error did not improve from 0.00000
63/63 - 63s - loss: 9.5897e-07 - mean_squared_error: 1.3747e-06 - val_loss: 1.1660e-08 - val_mean_squared_error: 1.1660e-08 - 63s/epoch - 996ms/step
Epoch 29/50

Epoch 00029: mean_squared_error improved from 0.00000 to 0.00000, saving model to /gpfswork/rech/ynx/uds36vp/repos/wf-SEDs/HD_projected_optimisation/wf-outputs/chkp/8_bins/chkp_callback_poly_5_cycles_256_proj_d2_60z_cycle5
63/63 - 61s - loss: 9.5839e-07 - mean_squared_error: 1.3741e-06 - val_loss: 1.0783e-08 - val_mean_squared_error: 1.0783e-08 - 61s/epoch - 975ms/step
Epoch 30/50

Epoch 00030: mean_squared_error did not improve from 0.00000
63/63 - 61s - loss: 9.5835e-07 - mean_squared_error: 1.3741e-06 - val_loss: 1.1303e-08 - val_mean_squared_error: 1.1303e-08 - 61s/epoch - 974ms/step
Epoch 31/50

Epoch 00031: mean_squared_error improved from 0.00000 to 0.00000, saving model to /gpfswork/rech/ynx/uds36vp/repos/wf-SEDs/HD_projected_optimisation/wf-outputs/chkp/8_bins/chkp_callback_poly_5_cycles_256_proj_d2_60z_cycle5
63/63 - 62s - loss: 9.5804e-07 - mean_squared_error: 1.3739e-06 - val_loss: 1.1242e-08 - val_mean_squared_error: 1.1242e-08 - 62s/epoch - 978ms/step
Epoch 32/50

Epoch 00032: mean_squared_error did not improve from 0.00000
63/63 - 62s - loss: 9.5818e-07 - mean_squared_error: 1.3740e-06 - val_loss: 1.1191e-08 - val_mean_squared_error: 1.1191e-08 - 62s/epoch - 976ms/step
Epoch 33/50

Epoch 00033: mean_squared_error improved from 0.00000 to 0.00000, saving model to /gpfswork/rech/ynx/uds36vp/repos/wf-SEDs/HD_projected_optimisation/wf-outputs/chkp/8_bins/chkp_callback_poly_5_cycles_256_proj_d2_60z_cycle5
63/63 - 62s - loss: 9.5776e-07 - mean_squared_error: 1.3736e-06 - val_loss: 1.0297e-08 - val_mean_squared_error: 1.0297e-08 - 62s/epoch - 979ms/step
Epoch 34/50

Epoch 00034: mean_squared_error did not improve from 0.00000
63/63 - 62s - loss: 9.5805e-07 - mean_squared_error: 1.3738e-06 - val_loss: 1.2535e-08 - val_mean_squared_error: 1.2535e-08 - 62s/epoch - 978ms/step
Epoch 35/50

Epoch 00035: mean_squared_error did not improve from 0.00000
63/63 - 62s - loss: 9.5812e-07 - mean_squared_error: 1.3739e-06 - val_loss: 1.0372e-08 - val_mean_squared_error: 1.0372e-08 - 62s/epoch - 977ms/step
Epoch 36/50

Epoch 00036: mean_squared_error did not improve from 0.00000
63/63 - 62s - loss: 9.5812e-07 - mean_squared_error: 1.3737e-06 - val_loss: 1.1464e-08 - val_mean_squared_error: 1.1464e-08 - 62s/epoch - 976ms/step
Epoch 37/50

Epoch 00037: mean_squared_error improved from 0.00000 to 0.00000, saving model to /gpfswork/rech/ynx/uds36vp/repos/wf-SEDs/HD_projected_optimisation/wf-outputs/chkp/8_bins/chkp_callback_poly_5_cycles_256_proj_d2_60z_cycle5
63/63 - 63s - loss: 9.5774e-07 - mean_squared_error: 1.3736e-06 - val_loss: 1.0939e-08 - val_mean_squared_error: 1.0939e-08 - 63s/epoch - 1s/step
Epoch 38/50

Epoch 00038: mean_squared_error improved from 0.00000 to 0.00000, saving model to /gpfswork/rech/ynx/uds36vp/repos/wf-SEDs/HD_projected_optimisation/wf-outputs/chkp/8_bins/chkp_callback_poly_5_cycles_256_proj_d2_60z_cycle5
63/63 - 62s - loss: 9.5756e-07 - mean_squared_error: 1.3735e-06 - val_loss: 1.0099e-08 - val_mean_squared_error: 1.0099e-08 - 62s/epoch - 976ms/step
Epoch 39/50

Epoch 00039: mean_squared_error improved from 0.00000 to 0.00000, saving model to /gpfswork/rech/ynx/uds36vp/repos/wf-SEDs/HD_projected_optimisation/wf-outputs/chkp/8_bins/chkp_callback_poly_5_cycles_256_proj_d2_60z_cycle5
63/63 - 61s - loss: 9.5695e-07 - mean_squared_error: 1.3729e-06 - val_loss: 1.0320e-08 - val_mean_squared_error: 1.0320e-08 - 61s/epoch - 976ms/step
Epoch 40/50

Epoch 00040: mean_squared_error did not improve from 0.00000
63/63 - 62s - loss: 9.5749e-07 - mean_squared_error: 1.3733e-06 - val_loss: 1.1007e-08 - val_mean_squared_error: 1.1007e-08 - 62s/epoch - 977ms/step
Epoch 41/50

Epoch 00041: mean_squared_error did not improve from 0.00000
63/63 - 62s - loss: 9.5701e-07 - mean_squared_error: 1.3730e-06 - val_loss: 9.6945e-09 - val_mean_squared_error: 9.6945e-09 - 62s/epoch - 977ms/step
Epoch 42/50

Epoch 00042: mean_squared_error did not improve from 0.00000
63/63 - 61s - loss: 9.5735e-07 - mean_squared_error: 1.3732e-06 - val_loss: 1.0087e-08 - val_mean_squared_error: 1.0087e-08 - 61s/epoch - 976ms/step
Epoch 43/50

Epoch 00043: mean_squared_error improved from 0.00000 to 0.00000, saving model to /gpfswork/rech/ynx/uds36vp/repos/wf-SEDs/HD_projected_optimisation/wf-outputs/chkp/8_bins/chkp_callback_poly_5_cycles_256_proj_d2_60z_cycle5
63/63 - 62s - loss: 9.5681e-07 - mean_squared_error: 1.3728e-06 - val_loss: 1.0037e-08 - val_mean_squared_error: 1.0037e-08 - 62s/epoch - 979ms/step
Epoch 44/50

Epoch 00044: mean_squared_error did not improve from 0.00000
63/63 - 62s - loss: 9.5708e-07 - mean_squared_error: 1.3730e-06 - val_loss: 1.0114e-08 - val_mean_squared_error: 1.0114e-08 - 62s/epoch - 977ms/step
Epoch 45/50

Epoch 00045: mean_squared_error did not improve from 0.00000
63/63 - 61s - loss: 9.5712e-07 - mean_squared_error: 1.3730e-06 - val_loss: 1.0170e-08 - val_mean_squared_error: 1.0170e-08 - 61s/epoch - 976ms/step
Epoch 46/50

Epoch 00046: mean_squared_error did not improve from 0.00000
63/63 - 62s - loss: 9.5712e-07 - mean_squared_error: 1.3729e-06 - val_loss: 1.1516e-08 - val_mean_squared_error: 1.1516e-08 - 62s/epoch - 978ms/step
Epoch 47/50

Epoch 00047: mean_squared_error did not improve from 0.00000
63/63 - 61s - loss: 9.5697e-07 - mean_squared_error: 1.3728e-06 - val_loss: 9.5146e-09 - val_mean_squared_error: 9.5146e-09 - 61s/epoch - 975ms/step
Epoch 48/50

Epoch 00048: mean_squared_error did not improve from 0.00000
63/63 - 62s - loss: 9.5734e-07 - mean_squared_error: 1.3732e-06 - val_loss: 1.0679e-08 - val_mean_squared_error: 1.0679e-08 - 62s/epoch - 977ms/step
Epoch 49/50

Epoch 00049: mean_squared_error did not improve from 0.00000
63/63 - 63s - loss: 9.5776e-07 - mean_squared_error: 1.3735e-06 - val_loss: 1.0409e-08 - val_mean_squared_error: 1.0409e-08 - 63s/epoch - 1s/step
Epoch 50/50

Epoch 00050: mean_squared_error improved from 0.00000 to 0.00000, saving model to /gpfswork/rech/ynx/uds36vp/repos/wf-SEDs/HD_projected_optimisation/wf-outputs/chkp/8_bins/chkp_callback_poly_5_cycles_256_proj_d2_60z_cycle5
63/63 - 61s - loss: 9.5677e-07 - mean_squared_error: 1.3726e-06 - val_loss: 1.0897e-08 - val_mean_squared_error: 1.0897e-08 - 61s/epoch - 976ms/step
Cycle5 elapsed time: 4033.5955142974854

Total elapsed time: 12091.588676

 Good bye..
