Starting the log file.
Found GPU at: /device:GPU:0
tf_version: 2.7.0
Zernike cube:
(45, 256, 256)
Dataset parameters:
{'d_max': 2, 'max_order': 45, 'x_lims': [0, 1000.0], 'y_lims': [0, 1000.0], 'grid_points': [4, 4], 'n_bins': 350, 'max_wfe_rms': 0.1, 'oversampling_rate': 3.0, 'output_Q': 3.0, 'output_dim': 32, 'LP_filter_length': 2, 'pupil_diameter': 256, 'euclid_obsc': True, 'n_stars': 2000}
Model loaded.
Starting cycle 1..
Starting parametric update..
Epoch 1/15

Epoch 00001: mean_squared_error improved from inf to 0.00006, saving model to /gpfswork/rech/ynx/uds36vp/repos/wf-SEDs/HD_projected_optimisation/wf-outputs/chkp/8_bins/chkp_callback_poly_2_cycles_pretrained_param_train_3_cycle1
63/63 - 58s - loss: 5.6871e-05 - mean_squared_error: 5.7164e-05 - val_loss: 5.6402e-05 - val_mean_squared_error: 5.6402e-05 - 58s/epoch - 917ms/step
Epoch 2/15

Epoch 00002: mean_squared_error did not improve from 0.00006
63/63 - 53s - loss: 5.7746e-05 - mean_squared_error: 5.7944e-05 - val_loss: 5.6392e-05 - val_mean_squared_error: 5.6392e-05 - 53s/epoch - 839ms/step
Epoch 3/15

Epoch 00003: mean_squared_error did not improve from 0.00006
63/63 - 53s - loss: 5.7751e-05 - mean_squared_error: 5.7950e-05 - val_loss: 5.6409e-05 - val_mean_squared_error: 5.6409e-05 - 53s/epoch - 837ms/step
Epoch 4/15

Epoch 00004: mean_squared_error did not improve from 0.00006
63/63 - 53s - loss: 5.7758e-05 - mean_squared_error: 5.7955e-05 - val_loss: 5.6390e-05 - val_mean_squared_error: 5.6390e-05 - 53s/epoch - 838ms/step
Epoch 5/15

Epoch 00005: mean_squared_error did not improve from 0.00006
63/63 - 53s - loss: 5.7755e-05 - mean_squared_error: 5.7954e-05 - val_loss: 5.6440e-05 - val_mean_squared_error: 5.6440e-05 - 53s/epoch - 837ms/step
Epoch 6/15

Epoch 00006: mean_squared_error did not improve from 0.00006
63/63 - 53s - loss: 5.7762e-05 - mean_squared_error: 5.7960e-05 - val_loss: 5.6423e-05 - val_mean_squared_error: 5.6423e-05 - 53s/epoch - 839ms/step
Epoch 7/15

Epoch 00007: mean_squared_error did not improve from 0.00006
63/63 - 53s - loss: 5.7772e-05 - mean_squared_error: 5.7965e-05 - val_loss: 5.6395e-05 - val_mean_squared_error: 5.6395e-05 - 53s/epoch - 839ms/step
Epoch 8/15

Epoch 00008: mean_squared_error did not improve from 0.00006
63/63 - 53s - loss: 5.7766e-05 - mean_squared_error: 5.7963e-05 - val_loss: 5.6409e-05 - val_mean_squared_error: 5.6409e-05 - 53s/epoch - 839ms/step
Epoch 9/15

Epoch 00009: mean_squared_error did not improve from 0.00006
63/63 - 53s - loss: 5.7764e-05 - mean_squared_error: 5.7964e-05 - val_loss: 5.6403e-05 - val_mean_squared_error: 5.6403e-05 - 53s/epoch - 838ms/step
Epoch 10/15

Epoch 00010: mean_squared_error did not improve from 0.00006
63/63 - 53s - loss: 5.7764e-05 - mean_squared_error: 5.7962e-05 - val_loss: 5.6402e-05 - val_mean_squared_error: 5.6402e-05 - 53s/epoch - 838ms/step
Epoch 11/15

Epoch 00011: mean_squared_error did not improve from 0.00006
63/63 - 53s - loss: 5.7774e-05 - mean_squared_error: 5.7972e-05 - val_loss: 5.6394e-05 - val_mean_squared_error: 5.6394e-05 - 53s/epoch - 839ms/step
Epoch 12/15

Epoch 00012: mean_squared_error did not improve from 0.00006
63/63 - 53s - loss: 5.7766e-05 - mean_squared_error: 5.7959e-05 - val_loss: 5.6389e-05 - val_mean_squared_error: 5.6389e-05 - 53s/epoch - 840ms/step
Epoch 13/15

Epoch 00013: mean_squared_error did not improve from 0.00006
63/63 - 53s - loss: 5.7762e-05 - mean_squared_error: 5.7961e-05 - val_loss: 5.6426e-05 - val_mean_squared_error: 5.6426e-05 - 53s/epoch - 838ms/step
Epoch 14/15

Epoch 00014: mean_squared_error did not improve from 0.00006
63/63 - 53s - loss: 5.7771e-05 - mean_squared_error: 5.7965e-05 - val_loss: 5.6390e-05 - val_mean_squared_error: 5.6390e-05 - 53s/epoch - 840ms/step
Epoch 15/15

Epoch 00015: mean_squared_error did not improve from 0.00006
63/63 - 53s - loss: 5.7762e-05 - mean_squared_error: 5.7957e-05 - val_loss: 5.6394e-05 - val_mean_squared_error: 5.6394e-05 - 53s/epoch - 839ms/step
Cycle1 elapsed time: 802.467452
Starting cycle 2..
Starting parametric update..
Epoch 1/15

Epoch 00001: mean_squared_error improved from inf to 0.00006, saving model to /gpfswork/rech/ynx/uds36vp/repos/wf-SEDs/HD_projected_optimisation/wf-outputs/chkp/8_bins/chkp_callback_poly_2_cycles_pretrained_param_train_3_cycle2
63/63 - 56s - loss: 5.7762e-05 - mean_squared_error: 5.7961e-05 - val_loss: 5.6393e-05 - val_mean_squared_error: 5.6393e-05 - 56s/epoch - 883ms/step
Epoch 2/15

Epoch 00002: mean_squared_error improved from 0.00006 to 0.00006, saving model to /gpfswork/rech/ynx/uds36vp/repos/wf-SEDs/HD_projected_optimisation/wf-outputs/chkp/8_bins/chkp_callback_poly_2_cycles_pretrained_param_train_3_cycle2
63/63 - 53s - loss: 5.7754e-05 - mean_squared_error: 5.7955e-05 - val_loss: 5.6394e-05 - val_mean_squared_error: 5.6394e-05 - 53s/epoch - 835ms/step
Epoch 3/15

Epoch 00003: mean_squared_error improved from 0.00006 to 0.00006, saving model to /gpfswork/rech/ynx/uds36vp/repos/wf-SEDs/HD_projected_optimisation/wf-outputs/chkp/8_bins/chkp_callback_poly_2_cycles_pretrained_param_train_3_cycle2
63/63 - 53s - loss: 5.7740e-05 - mean_squared_error: 5.7946e-05 - val_loss: 5.6392e-05 - val_mean_squared_error: 5.6392e-05 - 53s/epoch - 835ms/step
Epoch 4/15

Epoch 00004: mean_squared_error improved from 0.00006 to 0.00006, saving model to /gpfswork/rech/ynx/uds36vp/repos/wf-SEDs/HD_projected_optimisation/wf-outputs/chkp/8_bins/chkp_callback_poly_2_cycles_pretrained_param_train_3_cycle2
63/63 - 53s - loss: 5.7724e-05 - mean_squared_error: 5.7934e-05 - val_loss: 5.6390e-05 - val_mean_squared_error: 5.6390e-05 - 53s/epoch - 836ms/step
Epoch 5/15

Epoch 00005: mean_squared_error improved from 0.00006 to 0.00006, saving model to /gpfswork/rech/ynx/uds36vp/repos/wf-SEDs/HD_projected_optimisation/wf-outputs/chkp/8_bins/chkp_callback_poly_2_cycles_pretrained_param_train_3_cycle2
63/63 - 53s - loss: 5.7712e-05 - mean_squared_error: 5.7925e-05 - val_loss: 5.6390e-05 - val_mean_squared_error: 5.6390e-05 - 53s/epoch - 835ms/step
Epoch 6/15

Epoch 00006: mean_squared_error improved from 0.00006 to 0.00006, saving model to /gpfswork/rech/ynx/uds36vp/repos/wf-SEDs/HD_projected_optimisation/wf-outputs/chkp/8_bins/chkp_callback_poly_2_cycles_pretrained_param_train_3_cycle2
63/63 - 53s - loss: 5.7700e-05 - mean_squared_error: 5.7916e-05 - val_loss: 5.6391e-05 - val_mean_squared_error: 5.6391e-05 - 53s/epoch - 836ms/step
Epoch 7/15

Epoch 00007: mean_squared_error improved from 0.00006 to 0.00006, saving model to /gpfswork/rech/ynx/uds36vp/repos/wf-SEDs/HD_projected_optimisation/wf-outputs/chkp/8_bins/chkp_callback_poly_2_cycles_pretrained_param_train_3_cycle2
63/63 - 53s - loss: 5.7695e-05 - mean_squared_error: 5.7911e-05 - val_loss: 5.6391e-05 - val_mean_squared_error: 5.6391e-05 - 53s/epoch - 835ms/step
Epoch 8/15

Epoch 00008: mean_squared_error improved from 0.00006 to 0.00006, saving model to /gpfswork/rech/ynx/uds36vp/repos/wf-SEDs/HD_projected_optimisation/wf-outputs/chkp/8_bins/chkp_callback_poly_2_cycles_pretrained_param_train_3_cycle2
63/63 - 52s - loss: 5.7690e-05 - mean_squared_error: 5.7908e-05 - val_loss: 5.6386e-05 - val_mean_squared_error: 5.6386e-05 - 52s/epoch - 833ms/step
Epoch 9/15

Epoch 00009: mean_squared_error improved from 0.00006 to 0.00006, saving model to /gpfswork/rech/ynx/uds36vp/repos/wf-SEDs/HD_projected_optimisation/wf-outputs/chkp/8_bins/chkp_callback_poly_2_cycles_pretrained_param_train_3_cycle2
63/63 - 53s - loss: 5.7683e-05 - mean_squared_error: 5.7901e-05 - val_loss: 5.6393e-05 - val_mean_squared_error: 5.6393e-05 - 53s/epoch - 836ms/step
Epoch 10/15

Epoch 00010: mean_squared_error improved from 0.00006 to 0.00006, saving model to /gpfswork/rech/ynx/uds36vp/repos/wf-SEDs/HD_projected_optimisation/wf-outputs/chkp/8_bins/chkp_callback_poly_2_cycles_pretrained_param_train_3_cycle2
63/63 - 53s - loss: 5.7679e-05 - mean_squared_error: 5.7899e-05 - val_loss: 5.6388e-05 - val_mean_squared_error: 5.6388e-05 - 53s/epoch - 836ms/step
Epoch 11/15

Epoch 00011: mean_squared_error improved from 0.00006 to 0.00006, saving model to /gpfswork/rech/ynx/uds36vp/repos/wf-SEDs/HD_projected_optimisation/wf-outputs/chkp/8_bins/chkp_callback_poly_2_cycles_pretrained_param_train_3_cycle2
63/63 - 53s - loss: 5.7676e-05 - mean_squared_error: 5.7894e-05 - val_loss: 5.6392e-05 - val_mean_squared_error: 5.6392e-05 - 53s/epoch - 836ms/step
Epoch 12/15

Epoch 00012: mean_squared_error did not improve from 0.00006
63/63 - 53s - loss: 5.7675e-05 - mean_squared_error: 5.7896e-05 - val_loss: 5.6394e-05 - val_mean_squared_error: 5.6394e-05 - 53s/epoch - 835ms/step
Epoch 13/15

Epoch 00013: mean_squared_error improved from 0.00006 to 0.00006, saving model to /gpfswork/rech/ynx/uds36vp/repos/wf-SEDs/HD_projected_optimisation/wf-outputs/chkp/8_bins/chkp_callback_poly_2_cycles_pretrained_param_train_3_cycle2
63/63 - 53s - loss: 5.7673e-05 - mean_squared_error: 5.7894e-05 - val_loss: 5.6393e-05 - val_mean_squared_error: 5.6393e-05 - 53s/epoch - 836ms/step
Epoch 14/15

Epoch 00014: mean_squared_error improved from 0.00006 to 0.00006, saving model to /gpfswork/rech/ynx/uds36vp/repos/wf-SEDs/HD_projected_optimisation/wf-outputs/chkp/8_bins/chkp_callback_poly_2_cycles_pretrained_param_train_3_cycle2
63/63 - 53s - loss: 5.7669e-05 - mean_squared_error: 5.7891e-05 - val_loss: 5.6391e-05 - val_mean_squared_error: 5.6391e-05 - 53s/epoch - 835ms/step
Epoch 15/15

Epoch 00015: mean_squared_error improved from 0.00006 to 0.00006, saving model to /gpfswork/rech/ynx/uds36vp/repos/wf-SEDs/HD_projected_optimisation/wf-outputs/chkp/8_bins/chkp_callback_poly_2_cycles_pretrained_param_train_3_cycle2
63/63 - 53s - loss: 5.7669e-05 - mean_squared_error: 5.7889e-05 - val_loss: 5.6397e-05 - val_mean_squared_error: 5.6397e-05 - 53s/epoch - 835ms/step
Cycle2 elapsed time: 797.4359169006348

Total elapsed time: 1603.496237

 Good bye..
