Starting the log file.
Found GPU at: /device:GPU:0
tf_version: 2.7.0
Dataset parameters:
{'d_max': 2, 'max_order': 45, 'x_lims': [0, 1000.0], 'y_lims': [0, 1000.0], 'grid_points': [4, 4], 'n_bins': 350, 'max_wfe_rms': 0.1, 'oversampling_rate': 3.0, 'output_Q': 3.0, 'output_dim': 32, 'LP_filter_length': 2, 'pupil_diameter': 256, 'euclid_obsc': True, 'n_stars': 2000}

***
Metric evaluation on the test dataset
***

Absolute RMSE:	 7.4572e-03 	 +/- 8.3821e-04
Relative RMSE:	 9.8837e+01 % 	 +/- 3.1838e-01 %
Absolute RMSE:	 2.1799e+01 	 +/- 4.7715e+00
Relative RMSE:	 2.7932e+04 % 	 +/- 5.1846e+03 %

Pixel star absolute RMSE:	 1.5088e-03 	 +/- 1.7845e-04 
Pixel star relative RMSE:	 9.8185e+01 % 	 +/- 5.6030e-01 %

sigma(e1) RMSE =		 4.3647e-02 	 +/- 4.1590e-02 
sigma(e2) RMSE =		 3.4056e-02 	 +/- 3.3311e-02 
sigma(R2)/<R2> =		 2.3450e+02 	 +/- 2.9100e+01 

Relative sigma(e1) RMSE =	 3.0141e+02 % 	 +/- 2.8764e+02 %
Relative sigma(e2) RMSE =	 1.8349e+03 % 	 +/- 1.8349e+03 %

Total number of stars: 		400
Problematic number of stars: 	1

***
Metric evaluation on the train dataset
***

Absolute RMSE:	 7.4647e-03 	 +/- 8.8281e-04
Relative RMSE:	 9.8830e+01 % 	 +/- 3.4764e-01 %
Absolute RMSE:	 2.1876e+01 	 +/- 4.8208e+00
Relative RMSE:	 2.8152e+04 % 	 +/- 5.5090e+03 %

Pixel star absolute RMSE:	 1.5117e-03 	 +/- 1.8485e-04 
Pixel star relative RMSE:	 9.8177e+01 % 	 +/- 6.0178e-01 %

sigma(e1) RMSE =		 5.3111e-02 	 +/- 5.1944e-02 
sigma(e2) RMSE =		 3.6444e-02 	 +/- 3.5409e-02 
sigma(R2)/<R2> =		 2.3121e+02 	 +/- 3.2638e+01 

Relative sigma(e1) RMSE =	 1.2947e+03 % 	 +/- 1.2918e+03 %
Relative sigma(e2) RMSE =	 1.2336e+04 % 	 +/- 1.2333e+04 %

Total number of stars: 		2000
Problematic number of stars: 	0

Total elapsed time: 2009.599565

 Good bye..
