Starting the log file.
Found GPU at: /device:GPU:0
tf_version: 2.7.0
Zernike cube:
(45, 256, 256)
Dataset parameters:
{'d_max': 2, 'max_order': 45, 'x_lims': [0, 1000.0], 'y_lims': [0, 1000.0], 'grid_points': [4, 4], 'n_bins': 350, 'max_wfe_rms': 0.1, 'oversampling_rate': 3.0, 'output_Q': 3.0, 'output_dim': 32, 'LP_filter_length': 2, 'pupil_diameter': 256, 'euclid_obsc': True, 'n_stars': 2000}
Starting cycle 1..
Starting parametric update..
Epoch 1/4

Epoch 00001: mean_squared_error improved from inf to 0.00000, saving model to /gpfswork/rech/ynx/uds36vp/repos/wf-SEDs/HD_projected_optimisation/wf-outputs/chkp/8_bins/chkp_callback_poly_9_cycles_256_no_proj_d2_45z_1_cycle1
63/63 - 69s - loss: 4.0852e-06 - mean_squared_error: 4.2052e-06 - val_loss: 7.1306e-07 - val_mean_squared_error: 7.1306e-07 - 69s/epoch - 1s/step
Epoch 2/4

Epoch 00002: mean_squared_error improved from 0.00000 to 0.00000, saving model to /gpfswork/rech/ynx/uds36vp/repos/wf-SEDs/HD_projected_optimisation/wf-outputs/chkp/8_bins/chkp_callback_poly_9_cycles_256_no_proj_d2_45z_1_cycle1
63/63 - 64s - loss: 1.5027e-06 - mean_squared_error: 1.8308e-06 - val_loss: 3.4589e-07 - val_mean_squared_error: 3.4589e-07 - 64s/epoch - 1s/step
Epoch 3/4

Epoch 00003: mean_squared_error improved from 0.00000 to 0.00000, saving model to /gpfswork/rech/ynx/uds36vp/repos/wf-SEDs/HD_projected_optimisation/wf-outputs/chkp/8_bins/chkp_callback_poly_9_cycles_256_no_proj_d2_45z_1_cycle1
63/63 - 59s - loss: 1.3367e-06 - mean_squared_error: 1.6959e-06 - val_loss: 2.9318e-07 - val_mean_squared_error: 2.9318e-07 - 59s/epoch - 939ms/step
Epoch 4/4

Epoch 00004: mean_squared_error improved from 0.00000 to 0.00000, saving model to /gpfswork/rech/ynx/uds36vp/repos/wf-SEDs/HD_projected_optimisation/wf-outputs/chkp/8_bins/chkp_callback_poly_9_cycles_256_no_proj_d2_45z_1_cycle1
63/63 - 59s - loss: 1.2578e-06 - mean_squared_error: 1.6281e-06 - val_loss: 2.4472e-07 - val_mean_squared_error: 2.4472e-07 - 59s/epoch - 932ms/step
Starting non-parametric update..
Epoch 1/13

Epoch 00001: mean_squared_error improved from 0.00000 to 0.00000, saving model to /gpfswork/rech/ynx/uds36vp/repos/wf-SEDs/HD_projected_optimisation/wf-outputs/chkp/8_bins/chkp_callback_poly_9_cycles_256_no_proj_d2_45z_1_cycle1
63/63 - 62s - loss: 1.2223e-06 - mean_squared_error: 1.5962e-06 - val_loss: 2.2538e-07 - val_mean_squared_error: 2.2538e-07 - 62s/epoch - 984ms/step
Epoch 2/13

Epoch 00002: mean_squared_error improved from 0.00000 to 0.00000, saving model to /gpfswork/rech/ynx/uds36vp/repos/wf-SEDs/HD_projected_optimisation/wf-outputs/chkp/8_bins/chkp_callback_poly_9_cycles_256_no_proj_d2_45z_1_cycle1
63/63 - 59s - loss: 1.2007e-06 - mean_squared_error: 1.5805e-06 - val_loss: 2.1356e-07 - val_mean_squared_error: 2.1356e-07 - 59s/epoch - 937ms/step
Epoch 3/13

Epoch 00003: mean_squared_error improved from 0.00000 to 0.00000, saving model to /gpfswork/rech/ynx/uds36vp/repos/wf-SEDs/HD_projected_optimisation/wf-outputs/chkp/8_bins/chkp_callback_poly_9_cycles_256_no_proj_d2_45z_1_cycle1
63/63 - 59s - loss: 1.1876e-06 - mean_squared_error: 1.5704e-06 - val_loss: 2.0454e-07 - val_mean_squared_error: 2.0454e-07 - 59s/epoch - 938ms/step
Epoch 4/13

Epoch 00004: mean_squared_error improved from 0.00000 to 0.00000, saving model to /gpfswork/rech/ynx/uds36vp/repos/wf-SEDs/HD_projected_optimisation/wf-outputs/chkp/8_bins/chkp_callback_poly_9_cycles_256_no_proj_d2_45z_1_cycle1
63/63 - 62s - loss: 1.1761e-06 - mean_squared_error: 1.5616e-06 - val_loss: 1.9585e-07 - val_mean_squared_error: 1.9585e-07 - 62s/epoch - 984ms/step
Epoch 5/13

Epoch 00005: mean_squared_error improved from 0.00000 to 0.00000, saving model to /gpfswork/rech/ynx/uds36vp/repos/wf-SEDs/HD_projected_optimisation/wf-outputs/chkp/8_bins/chkp_callback_poly_9_cycles_256_no_proj_d2_45z_1_cycle1
63/63 - 62s - loss: 1.1643e-06 - mean_squared_error: 1.5528e-06 - val_loss: 1.8723e-07 - val_mean_squared_error: 1.8723e-07 - 62s/epoch - 990ms/step
Epoch 6/13

Epoch 00006: mean_squared_error improved from 0.00000 to 0.00000, saving model to /gpfswork/rech/ynx/uds36vp/repos/wf-SEDs/HD_projected_optimisation/wf-outputs/chkp/8_bins/chkp_callback_poly_9_cycles_256_no_proj_d2_45z_1_cycle1
63/63 - 59s - loss: 1.1531e-06 - mean_squared_error: 1.5441e-06 - val_loss: 1.7850e-07 - val_mean_squared_error: 1.7850e-07 - 59s/epoch - 940ms/step
Epoch 7/13

Epoch 00007: mean_squared_error improved from 0.00000 to 0.00000, saving model to /gpfswork/rech/ynx/uds36vp/repos/wf-SEDs/HD_projected_optimisation/wf-outputs/chkp/8_bins/chkp_callback_poly_9_cycles_256_no_proj_d2_45z_1_cycle1
63/63 - 58s - loss: 1.1424e-06 - mean_squared_error: 1.5356e-06 - val_loss: 1.6972e-07 - val_mean_squared_error: 1.6972e-07 - 58s/epoch - 927ms/step
Epoch 8/13

Epoch 00008: mean_squared_error improved from 0.00000 to 0.00000, saving model to /gpfswork/rech/ynx/uds36vp/repos/wf-SEDs/HD_projected_optimisation/wf-outputs/chkp/8_bins/chkp_callback_poly_9_cycles_256_no_proj_d2_45z_1_cycle1
63/63 - 58s - loss: 1.1322e-06 - mean_squared_error: 1.5272e-06 - val_loss: 1.6111e-07 - val_mean_squared_error: 1.6111e-07 - 58s/epoch - 923ms/step
Epoch 9/13

Epoch 00009: mean_squared_error improved from 0.00000 to 0.00000, saving model to /gpfswork/rech/ynx/uds36vp/repos/wf-SEDs/HD_projected_optimisation/wf-outputs/chkp/8_bins/chkp_callback_poly_9_cycles_256_no_proj_d2_45z_1_cycle1
63/63 - 59s - loss: 1.1222e-06 - mean_squared_error: 1.5188e-06 - val_loss: 1.5281e-07 - val_mean_squared_error: 1.5281e-07 - 59s/epoch - 933ms/step
Epoch 10/13

Epoch 00010: mean_squared_error improved from 0.00000 to 0.00000, saving model to /gpfswork/rech/ynx/uds36vp/repos/wf-SEDs/HD_projected_optimisation/wf-outputs/chkp/8_bins/chkp_callback_poly_9_cycles_256_no_proj_d2_45z_1_cycle1
63/63 - 60s - loss: 1.1122e-06 - mean_squared_error: 1.5104e-06 - val_loss: 1.4375e-07 - val_mean_squared_error: 1.4375e-07 - 60s/epoch - 949ms/step
Epoch 11/13

Epoch 00011: mean_squared_error improved from 0.00000 to 0.00000, saving model to /gpfswork/rech/ynx/uds36vp/repos/wf-SEDs/HD_projected_optimisation/wf-outputs/chkp/8_bins/chkp_callback_poly_9_cycles_256_no_proj_d2_45z_1_cycle1
63/63 - 60s - loss: 1.1019e-06 - mean_squared_error: 1.5016e-06 - val_loss: 1.3477e-07 - val_mean_squared_error: 1.3477e-07 - 60s/epoch - 949ms/step
Epoch 12/13

Epoch 00012: mean_squared_error improved from 0.00000 to 0.00000, saving model to /gpfswork/rech/ynx/uds36vp/repos/wf-SEDs/HD_projected_optimisation/wf-outputs/chkp/8_bins/chkp_callback_poly_9_cycles_256_no_proj_d2_45z_1_cycle1
63/63 - 59s - loss: 1.0920e-06 - mean_squared_error: 1.4932e-06 - val_loss: 1.2601e-07 - val_mean_squared_error: 1.2601e-07 - 59s/epoch - 930ms/step
Epoch 13/13

Epoch 00013: mean_squared_error improved from 0.00000 to 0.00000, saving model to /gpfswork/rech/ynx/uds36vp/repos/wf-SEDs/HD_projected_optimisation/wf-outputs/chkp/8_bins/chkp_callback_poly_9_cycles_256_no_proj_d2_45z_1_cycle1
63/63 - 58s - loss: 1.0825e-06 - mean_squared_error: 1.4849e-06 - val_loss: 1.1766e-07 - val_mean_squared_error: 1.1766e-07 - 58s/epoch - 927ms/step
Cycle1 elapsed time: 1031.921590
Starting cycle 2..
Starting parametric update..
Epoch 1/4

Epoch 00001: mean_squared_error improved from inf to 0.00000, saving model to /gpfswork/rech/ynx/uds36vp/repos/wf-SEDs/HD_projected_optimisation/wf-outputs/chkp/8_bins/chkp_callback_poly_9_cycles_256_no_proj_d2_45z_1_cycle2
63/63 - 61s - loss: 1.1037e-06 - mean_squared_error: 1.5004e-06 - val_loss: 1.3624e-07 - val_mean_squared_error: 1.3624e-07 - 61s/epoch - 974ms/step
Epoch 2/4

Epoch 00002: mean_squared_error did not improve from 0.00000
63/63 - 58s - loss: 1.1180e-06 - mean_squared_error: 1.5119e-06 - val_loss: 1.3636e-07 - val_mean_squared_error: 1.3636e-07 - 58s/epoch - 921ms/step
Epoch 3/4

Epoch 00003: mean_squared_error did not improve from 0.00000
63/63 - 59s - loss: 1.1325e-06 - mean_squared_error: 1.5244e-06 - val_loss: 2.6206e-07 - val_mean_squared_error: 2.6206e-07 - 59s/epoch - 937ms/step
Epoch 4/4

Epoch 00004: mean_squared_error did not improve from 0.00000
63/63 - 60s - loss: 1.5638e-06 - mean_squared_error: 1.8770e-06 - val_loss: 2.2411e-07 - val_mean_squared_error: 2.2411e-07 - 60s/epoch - 946ms/step
Starting non-parametric update..
Epoch 1/13

Epoch 00001: mean_squared_error did not improve from 0.00000
63/63 - 60s - loss: 1.1581e-06 - mean_squared_error: 1.5392e-06 - val_loss: 1.4543e-07 - val_mean_squared_error: 1.4543e-07 - 60s/epoch - 953ms/step
Epoch 2/13

Epoch 00002: mean_squared_error improved from 0.00000 to 0.00000, saving model to /gpfswork/rech/ynx/uds36vp/repos/wf-SEDs/HD_projected_optimisation/wf-outputs/chkp/8_bins/chkp_callback_poly_9_cycles_256_no_proj_d2_45z_1_cycle2
63/63 - 57s - loss: 1.1000e-06 - mean_squared_error: 1.4955e-06 - val_loss: 1.2584e-07 - val_mean_squared_error: 1.2584e-07 - 57s/epoch - 911ms/step
Epoch 3/13

Epoch 00003: mean_squared_error improved from 0.00000 to 0.00000, saving model to /gpfswork/rech/ynx/uds36vp/repos/wf-SEDs/HD_projected_optimisation/wf-outputs/chkp/8_bins/chkp_callback_poly_9_cycles_256_no_proj_d2_45z_1_cycle2
63/63 - 57s - loss: 1.0826e-06 - mean_squared_error: 1.4814e-06 - val_loss: 1.1521e-07 - val_mean_squared_error: 1.1521e-07 - 57s/epoch - 910ms/step
Epoch 4/13

Epoch 00004: mean_squared_error improved from 0.00000 to 0.00000, saving model to /gpfswork/rech/ynx/uds36vp/repos/wf-SEDs/HD_projected_optimisation/wf-outputs/chkp/8_bins/chkp_callback_poly_9_cycles_256_no_proj_d2_45z_1_cycle2
63/63 - 58s - loss: 1.0716e-06 - mean_squared_error: 1.4726e-06 - val_loss: 1.0664e-07 - val_mean_squared_error: 1.0664e-07 - 58s/epoch - 929ms/step
Epoch 5/13

Epoch 00005: mean_squared_error improved from 0.00000 to 0.00000, saving model to /gpfswork/rech/ynx/uds36vp/repos/wf-SEDs/HD_projected_optimisation/wf-outputs/chkp/8_bins/chkp_callback_poly_9_cycles_256_no_proj_d2_45z_1_cycle2
63/63 - 59s - loss: 1.0631e-06 - mean_squared_error: 1.4652e-06 - val_loss: 9.9642e-08 - val_mean_squared_error: 9.9642e-08 - 59s/epoch - 940ms/step
Epoch 6/13

Epoch 00006: mean_squared_error improved from 0.00000 to 0.00000, saving model to /gpfswork/rech/ynx/uds36vp/repos/wf-SEDs/HD_projected_optimisation/wf-outputs/chkp/8_bins/chkp_callback_poly_9_cycles_256_no_proj_d2_45z_1_cycle2
63/63 - 58s - loss: 1.0555e-06 - mean_squared_error: 1.4591e-06 - val_loss: 9.2995e-08 - val_mean_squared_error: 9.2995e-08 - 58s/epoch - 914ms/step
Epoch 7/13

Epoch 00007: mean_squared_error improved from 0.00000 to 0.00000, saving model to /gpfswork/rech/ynx/uds36vp/repos/wf-SEDs/HD_projected_optimisation/wf-outputs/chkp/8_bins/chkp_callback_poly_9_cycles_256_no_proj_d2_45z_1_cycle2
63/63 - 57s - loss: 1.0490e-06 - mean_squared_error: 1.4532e-06 - val_loss: 8.7607e-08 - val_mean_squared_error: 8.7607e-08 - 57s/epoch - 908ms/step
Epoch 8/13

Epoch 00008: mean_squared_error improved from 0.00000 to 0.00000, saving model to /gpfswork/rech/ynx/uds36vp/repos/wf-SEDs/HD_projected_optimisation/wf-outputs/chkp/8_bins/chkp_callback_poly_9_cycles_256_no_proj_d2_45z_1_cycle2
63/63 - 57s - loss: 1.0430e-06 - mean_squared_error: 1.4482e-06 - val_loss: 8.2427e-08 - val_mean_squared_error: 8.2427e-08 - 57s/epoch - 906ms/step
Epoch 9/13

Epoch 00009: mean_squared_error improved from 0.00000 to 0.00000, saving model to /gpfswork/rech/ynx/uds36vp/repos/wf-SEDs/HD_projected_optimisation/wf-outputs/chkp/8_bins/chkp_callback_poly_9_cycles_256_no_proj_d2_45z_1_cycle2
63/63 - 59s - loss: 1.0378e-06 - mean_squared_error: 1.4436e-06 - val_loss: 7.8137e-08 - val_mean_squared_error: 7.8137e-08 - 59s/epoch - 938ms/step
Epoch 10/13

Epoch 00010: mean_squared_error improved from 0.00000 to 0.00000, saving model to /gpfswork/rech/ynx/uds36vp/repos/wf-SEDs/HD_projected_optimisation/wf-outputs/chkp/8_bins/chkp_callback_poly_9_cycles_256_no_proj_d2_45z_1_cycle2
63/63 - 58s - loss: 1.0325e-06 - mean_squared_error: 1.4393e-06 - val_loss: 7.3615e-08 - val_mean_squared_error: 7.3615e-08 - 58s/epoch - 926ms/step
Epoch 11/13

Epoch 00011: mean_squared_error improved from 0.00000 to 0.00000, saving model to /gpfswork/rech/ynx/uds36vp/repos/wf-SEDs/HD_projected_optimisation/wf-outputs/chkp/8_bins/chkp_callback_poly_9_cycles_256_no_proj_d2_45z_1_cycle2
63/63 - 57s - loss: 1.0278e-06 - mean_squared_error: 1.4350e-06 - val_loss: 6.9819e-08 - val_mean_squared_error: 6.9819e-08 - 57s/epoch - 903ms/step
Epoch 12/13

Epoch 00012: mean_squared_error improved from 0.00000 to 0.00000, saving model to /gpfswork/rech/ynx/uds36vp/repos/wf-SEDs/HD_projected_optimisation/wf-outputs/chkp/8_bins/chkp_callback_poly_9_cycles_256_no_proj_d2_45z_1_cycle2
63/63 - 57s - loss: 1.0234e-06 - mean_squared_error: 1.4314e-06 - val_loss: 6.6323e-08 - val_mean_squared_error: 6.6323e-08 - 57s/epoch - 906ms/step
Epoch 13/13

Epoch 00013: mean_squared_error improved from 0.00000 to 0.00000, saving model to /gpfswork/rech/ynx/uds36vp/repos/wf-SEDs/HD_projected_optimisation/wf-outputs/chkp/8_bins/chkp_callback_poly_9_cycles_256_no_proj_d2_45z_1_cycle2
63/63 - 57s - loss: 1.0192e-06 - mean_squared_error: 1.4278e-06 - val_loss: 6.2957e-08 - val_mean_squared_error: 6.2957e-08 - 57s/epoch - 900ms/step
Cycle2 elapsed time: 995.7211892604828
Starting cycle 3..
Starting parametric update..
Epoch 1/4

Epoch 00001: mean_squared_error improved from inf to 0.00000, saving model to /gpfswork/rech/ynx/uds36vp/repos/wf-SEDs/HD_projected_optimisation/wf-outputs/chkp/8_bins/chkp_callback_poly_9_cycles_256_no_proj_d2_45z_1_cycle3
63/63 - 65s - loss: 1.0311e-06 - mean_squared_error: 1.4371e-06 - val_loss: 8.9596e-08 - val_mean_squared_error: 8.9596e-08 - 65s/epoch - 1s/step
Epoch 2/4

Epoch 00002: mean_squared_error did not improve from 0.00000
63/63 - 59s - loss: 1.1107e-06 - mean_squared_error: 1.5005e-06 - val_loss: 2.0645e-07 - val_mean_squared_error: 2.0645e-07 - 59s/epoch - 937ms/step
Epoch 3/4

Epoch 00003: mean_squared_error did not improve from 0.00000
63/63 - 57s - loss: 1.1892e-06 - mean_squared_error: 1.5692e-06 - val_loss: 1.4269e-07 - val_mean_squared_error: 1.4269e-07 - 57s/epoch - 898ms/step
Epoch 4/4

Epoch 00004: mean_squared_error did not improve from 0.00000
63/63 - 57s - loss: 1.1301e-06 - mean_squared_error: 1.5170e-06 - val_loss: 3.4817e-07 - val_mean_squared_error: 3.4817e-07 - 57s/epoch - 897ms/step
Starting non-parametric update..
Epoch 1/13

Epoch 00001: mean_squared_error did not improve from 0.00000
63/63 - 58s - loss: 1.1336e-06 - mean_squared_error: 1.5239e-06 - val_loss: 7.9459e-08 - val_mean_squared_error: 7.9459e-08 - 58s/epoch - 928ms/step
Epoch 2/13

Epoch 00002: mean_squared_error improved from 0.00000 to 0.00000, saving model to /gpfswork/rech/ynx/uds36vp/repos/wf-SEDs/HD_projected_optimisation/wf-outputs/chkp/8_bins/chkp_callback_poly_9_cycles_256_no_proj_d2_45z_1_cycle3
63/63 - 56s - loss: 1.0310e-06 - mean_squared_error: 1.4368e-06 - val_loss: 6.7677e-08 - val_mean_squared_error: 6.7677e-08 - 56s/epoch - 890ms/step
Epoch 3/13

Epoch 00003: mean_squared_error improved from 0.00000 to 0.00000, saving model to /gpfswork/rech/ynx/uds36vp/repos/wf-SEDs/HD_projected_optimisation/wf-outputs/chkp/8_bins/chkp_callback_poly_9_cycles_256_no_proj_d2_45z_1_cycle3
63/63 - 56s - loss: 1.0205e-06 - mean_squared_error: 1.4285e-06 - val_loss: 6.2825e-08 - val_mean_squared_error: 6.2825e-08 - 56s/epoch - 887ms/step
Epoch 4/13

Epoch 00004: mean_squared_error improved from 0.00000 to 0.00000, saving model to /gpfswork/rech/ynx/uds36vp/repos/wf-SEDs/HD_projected_optimisation/wf-outputs/chkp/8_bins/chkp_callback_poly_9_cycles_256_no_proj_d2_45z_1_cycle3
63/63 - 57s - loss: 1.0156e-06 - mean_squared_error: 1.4246e-06 - val_loss: 5.9978e-08 - val_mean_squared_error: 5.9978e-08 - 57s/epoch - 898ms/step
Epoch 5/13

Epoch 00005: mean_squared_error improved from 0.00000 to 0.00000, saving model to /gpfswork/rech/ynx/uds36vp/repos/wf-SEDs/HD_projected_optimisation/wf-outputs/chkp/8_bins/chkp_callback_poly_9_cycles_256_no_proj_d2_45z_1_cycle3
63/63 - 60s - loss: 1.0124e-06 - mean_squared_error: 1.4220e-06 - val_loss: 5.7840e-08 - val_mean_squared_error: 5.7840e-08 - 60s/epoch - 952ms/step
Epoch 6/13

Epoch 00006: mean_squared_error improved from 0.00000 to 0.00000, saving model to /gpfswork/rech/ynx/uds36vp/repos/wf-SEDs/HD_projected_optimisation/wf-outputs/chkp/8_bins/chkp_callback_poly_9_cycles_256_no_proj_d2_45z_1_cycle3
63/63 - 60s - loss: 1.0101e-06 - mean_squared_error: 1.4200e-06 - val_loss: 5.5642e-08 - val_mean_squared_error: 5.5642e-08 - 60s/epoch - 949ms/step
Epoch 7/13

Epoch 00007: mean_squared_error improved from 0.00000 to 0.00000, saving model to /gpfswork/rech/ynx/uds36vp/repos/wf-SEDs/HD_projected_optimisation/wf-outputs/chkp/8_bins/chkp_callback_poly_9_cycles_256_no_proj_d2_45z_1_cycle3
63/63 - 60s - loss: 1.0078e-06 - mean_squared_error: 1.4181e-06 - val_loss: 5.4624e-08 - val_mean_squared_error: 5.4624e-08 - 60s/epoch - 949ms/step
Epoch 8/13

Epoch 00008: mean_squared_error improved from 0.00000 to 0.00000, saving model to /gpfswork/rech/ynx/uds36vp/repos/wf-SEDs/HD_projected_optimisation/wf-outputs/chkp/8_bins/chkp_callback_poly_9_cycles_256_no_proj_d2_45z_1_cycle3
63/63 - 60s - loss: 1.0057e-06 - mean_squared_error: 1.4164e-06 - val_loss: 5.1988e-08 - val_mean_squared_error: 5.1988e-08 - 60s/epoch - 946ms/step
Epoch 9/13

Epoch 00009: mean_squared_error improved from 0.00000 to 0.00000, saving model to /gpfswork/rech/ynx/uds36vp/repos/wf-SEDs/HD_projected_optimisation/wf-outputs/chkp/8_bins/chkp_callback_poly_9_cycles_256_no_proj_d2_45z_1_cycle3
63/63 - 59s - loss: 1.0035e-06 - mean_squared_error: 1.4145e-06 - val_loss: 5.0449e-08 - val_mean_squared_error: 5.0449e-08 - 59s/epoch - 936ms/step
Epoch 10/13

Epoch 00010: mean_squared_error improved from 0.00000 to 0.00000, saving model to /gpfswork/rech/ynx/uds36vp/repos/wf-SEDs/HD_projected_optimisation/wf-outputs/chkp/8_bins/chkp_callback_poly_9_cycles_256_no_proj_d2_45z_1_cycle3
63/63 - 56s - loss: 1.0015e-06 - mean_squared_error: 1.4128e-06 - val_loss: 4.9097e-08 - val_mean_squared_error: 4.9097e-08 - 56s/epoch - 890ms/step
Epoch 11/13

Epoch 00011: mean_squared_error improved from 0.00000 to 0.00000, saving model to /gpfswork/rech/ynx/uds36vp/repos/wf-SEDs/HD_projected_optimisation/wf-outputs/chkp/8_bins/chkp_callback_poly_9_cycles_256_no_proj_d2_45z_1_cycle3
63/63 - 56s - loss: 9.9984e-07 - mean_squared_error: 1.4114e-06 - val_loss: 4.7333e-08 - val_mean_squared_error: 4.7333e-08 - 56s/epoch - 887ms/step
Epoch 12/13

Epoch 00012: mean_squared_error improved from 0.00000 to 0.00000, saving model to /gpfswork/rech/ynx/uds36vp/repos/wf-SEDs/HD_projected_optimisation/wf-outputs/chkp/8_bins/chkp_callback_poly_9_cycles_256_no_proj_d2_45z_1_cycle3
63/63 - 56s - loss: 9.9796e-07 - mean_squared_error: 1.4098e-06 - val_loss: 4.5689e-08 - val_mean_squared_error: 4.5689e-08 - 56s/epoch - 889ms/step
Epoch 13/13

Epoch 00013: mean_squared_error improved from 0.00000 to 0.00000, saving model to /gpfswork/rech/ynx/uds36vp/repos/wf-SEDs/HD_projected_optimisation/wf-outputs/chkp/8_bins/chkp_callback_poly_9_cycles_256_no_proj_d2_45z_1_cycle3
63/63 - 57s - loss: 9.9612e-07 - mean_squared_error: 1.4082e-06 - val_loss: 4.4556e-08 - val_mean_squared_error: 4.4556e-08 - 57s/epoch - 903ms/step
Cycle3 elapsed time: 991.9790933132172
Starting cycle 4..
Starting parametric update..
Epoch 1/4

Epoch 00001: mean_squared_error improved from inf to 0.00000, saving model to /gpfswork/rech/ynx/uds36vp/repos/wf-SEDs/HD_projected_optimisation/wf-outputs/chkp/8_bins/chkp_callback_poly_9_cycles_256_no_proj_d2_45z_1_cycle4
63/63 - 59s - loss: 1.0159e-06 - mean_squared_error: 1.4251e-06 - val_loss: 7.1527e-08 - val_mean_squared_error: 7.1527e-08 - 59s/epoch - 932ms/step
Epoch 2/4

Epoch 00002: mean_squared_error did not improve from 0.00000
63/63 - 57s - loss: 1.0215e-06 - mean_squared_error: 1.4289e-06 - val_loss: 7.5111e-08 - val_mean_squared_error: 7.5111e-08 - 57s/epoch - 912ms/step
Epoch 3/4

Epoch 00003: mean_squared_error did not improve from 0.00000
63/63 - 56s - loss: 1.2160e-06 - mean_squared_error: 1.5829e-06 - val_loss: 2.8519e-07 - val_mean_squared_error: 2.8519e-07 - 56s/epoch - 894ms/step
Epoch 4/4

Epoch 00004: mean_squared_error did not improve from 0.00000
63/63 - 57s - loss: 1.2326e-06 - mean_squared_error: 1.5997e-06 - val_loss: 2.9856e-07 - val_mean_squared_error: 2.9856e-07 - 57s/epoch - 897ms/step
Starting non-parametric update..
Epoch 1/13

Epoch 00001: mean_squared_error did not improve from 0.00000
63/63 - 60s - loss: 1.1138e-06 - mean_squared_error: 1.5055e-06 - val_loss: 7.7020e-08 - val_mean_squared_error: 7.7020e-08 - 60s/epoch - 953ms/step
Epoch 2/13

Epoch 00002: mean_squared_error did not improve from 0.00000
63/63 - 57s - loss: 1.0243e-06 - mean_squared_error: 1.4307e-06 - val_loss: 5.9954e-08 - val_mean_squared_error: 5.9954e-08 - 57s/epoch - 904ms/step
Epoch 3/13

Epoch 00003: mean_squared_error improved from 0.00000 to 0.00000, saving model to /gpfswork/rech/ynx/uds36vp/repos/wf-SEDs/HD_projected_optimisation/wf-outputs/chkp/8_bins/chkp_callback_poly_9_cycles_256_no_proj_d2_45z_1_cycle4
63/63 - 58s - loss: 1.0100e-06 - mean_squared_error: 1.4196e-06 - val_loss: 5.2407e-08 - val_mean_squared_error: 5.2407e-08 - 58s/epoch - 915ms/step
Epoch 4/13

Epoch 00004: mean_squared_error improved from 0.00000 to 0.00000, saving model to /gpfswork/rech/ynx/uds36vp/repos/wf-SEDs/HD_projected_optimisation/wf-outputs/chkp/8_bins/chkp_callback_poly_9_cycles_256_no_proj_d2_45z_1_cycle4
63/63 - 58s - loss: 1.0026e-06 - mean_squared_error: 1.4137e-06 - val_loss: 4.8148e-08 - val_mean_squared_error: 4.8148e-08 - 58s/epoch - 913ms/step
Epoch 5/13

Epoch 00005: mean_squared_error improved from 0.00000 to 0.00000, saving model to /gpfswork/rech/ynx/uds36vp/repos/wf-SEDs/HD_projected_optimisation/wf-outputs/chkp/8_bins/chkp_callback_poly_9_cycles_256_no_proj_d2_45z_1_cycle4
63/63 - 58s - loss: 9.9835e-07 - mean_squared_error: 1.4102e-06 - val_loss: 4.5280e-08 - val_mean_squared_error: 4.5280e-08 - 58s/epoch - 921ms/step
Epoch 6/13

Epoch 00006: mean_squared_error improved from 0.00000 to 0.00000, saving model to /gpfswork/rech/ynx/uds36vp/repos/wf-SEDs/HD_projected_optimisation/wf-outputs/chkp/8_bins/chkp_callback_poly_9_cycles_256_no_proj_d2_45z_1_cycle4
63/63 - 57s - loss: 9.9532e-07 - mean_squared_error: 1.4076e-06 - val_loss: 4.3108e-08 - val_mean_squared_error: 4.3108e-08 - 57s/epoch - 912ms/step
Epoch 7/13

Epoch 00007: mean_squared_error improved from 0.00000 to 0.00000, saving model to /gpfswork/rech/ynx/uds36vp/repos/wf-SEDs/HD_projected_optimisation/wf-outputs/chkp/8_bins/chkp_callback_poly_9_cycles_256_no_proj_d2_45z_1_cycle4
63/63 - 57s - loss: 9.9324e-07 - mean_squared_error: 1.4058e-06 - val_loss: 4.1509e-08 - val_mean_squared_error: 4.1509e-08 - 57s/epoch - 910ms/step
Epoch 8/13

Epoch 00008: mean_squared_error improved from 0.00000 to 0.00000, saving model to /gpfswork/rech/ynx/uds36vp/repos/wf-SEDs/HD_projected_optimisation/wf-outputs/chkp/8_bins/chkp_callback_poly_9_cycles_256_no_proj_d2_45z_1_cycle4
63/63 - 59s - loss: 9.9149e-07 - mean_squared_error: 1.4043e-06 - val_loss: 4.0065e-08 - val_mean_squared_error: 4.0065e-08 - 59s/epoch - 938ms/step
Epoch 9/13

Epoch 00009: mean_squared_error improved from 0.00000 to 0.00000, saving model to /gpfswork/rech/ynx/uds36vp/repos/wf-SEDs/HD_projected_optimisation/wf-outputs/chkp/8_bins/chkp_callback_poly_9_cycles_256_no_proj_d2_45z_1_cycle4
63/63 - 57s - loss: 9.8989e-07 - mean_squared_error: 1.4029e-06 - val_loss: 3.8794e-08 - val_mean_squared_error: 3.8794e-08 - 57s/epoch - 910ms/step
Epoch 10/13

Epoch 00010: mean_squared_error improved from 0.00000 to 0.00000, saving model to /gpfswork/rech/ynx/uds36vp/repos/wf-SEDs/HD_projected_optimisation/wf-outputs/chkp/8_bins/chkp_callback_poly_9_cycles_256_no_proj_d2_45z_1_cycle4
63/63 - 57s - loss: 9.8854e-07 - mean_squared_error: 1.4017e-06 - val_loss: 3.7685e-08 - val_mean_squared_error: 3.7685e-08 - 57s/epoch - 911ms/step
Epoch 11/13

Epoch 00011: mean_squared_error improved from 0.00000 to 0.00000, saving model to /gpfswork/rech/ynx/uds36vp/repos/wf-SEDs/HD_projected_optimisation/wf-outputs/chkp/8_bins/chkp_callback_poly_9_cycles_256_no_proj_d2_45z_1_cycle4
63/63 - 57s - loss: 9.8737e-07 - mean_squared_error: 1.4006e-06 - val_loss: 3.6434e-08 - val_mean_squared_error: 3.6434e-08 - 57s/epoch - 910ms/step
Epoch 12/13

Epoch 00012: mean_squared_error improved from 0.00000 to 0.00000, saving model to /gpfswork/rech/ynx/uds36vp/repos/wf-SEDs/HD_projected_optimisation/wf-outputs/chkp/8_bins/chkp_callback_poly_9_cycles_256_no_proj_d2_45z_1_cycle4
63/63 - 58s - loss: 9.8620e-07 - mean_squared_error: 1.3995e-06 - val_loss: 3.5758e-08 - val_mean_squared_error: 3.5758e-08 - 58s/epoch - 917ms/step
Epoch 13/13

Epoch 00013: mean_squared_error improved from 0.00000 to 0.00000, saving model to /gpfswork/rech/ynx/uds36vp/repos/wf-SEDs/HD_projected_optimisation/wf-outputs/chkp/8_bins/chkp_callback_poly_9_cycles_256_no_proj_d2_45z_1_cycle4
63/63 - 59s - loss: 9.8583e-07 - mean_squared_error: 1.3991e-06 - val_loss: 3.4511e-08 - val_mean_squared_error: 3.4511e-08 - 59s/epoch - 935ms/step
Cycle4 elapsed time: 987.0338385105133
Starting cycle 5..
Starting parametric update..
Epoch 1/4

Epoch 00001: mean_squared_error improved from inf to 0.00000, saving model to /gpfswork/rech/ynx/uds36vp/repos/wf-SEDs/HD_projected_optimisation/wf-outputs/chkp/8_bins/chkp_callback_poly_9_cycles_256_no_proj_d2_45z_1_cycle5
63/63 - 59s - loss: 9.9855e-07 - mean_squared_error: 1.4093e-06 - val_loss: 6.0017e-08 - val_mean_squared_error: 6.0017e-08 - 59s/epoch - 938ms/step
Epoch 2/4

Epoch 00002: mean_squared_error did not improve from 0.00000
63/63 - 56s - loss: 1.0100e-06 - mean_squared_error: 1.4195e-06 - val_loss: 7.0402e-08 - val_mean_squared_error: 7.0402e-08 - 56s/epoch - 894ms/step
Epoch 3/4

Epoch 00003: mean_squared_error did not improve from 0.00000
63/63 - 56s - loss: 1.1172e-06 - mean_squared_error: 1.5011e-06 - val_loss: 2.3952e-07 - val_mean_squared_error: 2.3952e-07 - 56s/epoch - 893ms/step
Epoch 4/4

Epoch 00004: mean_squared_error did not improve from 0.00000
63/63 - 56s - loss: 1.2431e-06 - mean_squared_error: 1.6066e-06 - val_loss: 1.9774e-07 - val_mean_squared_error: 1.9774e-07 - 56s/epoch - 893ms/step
Starting non-parametric update..
Epoch 1/13

Epoch 00001: mean_squared_error did not improve from 0.00000
63/63 - 59s - loss: 1.0659e-06 - mean_squared_error: 1.4621e-06 - val_loss: 5.4532e-08 - val_mean_squared_error: 5.4532e-08 - 59s/epoch - 935ms/step
Epoch 2/13

Epoch 00002: mean_squared_error did not improve from 0.00000
63/63 - 56s - loss: 9.9994e-07 - mean_squared_error: 1.4111e-06 - val_loss: 4.3940e-08 - val_mean_squared_error: 4.3940e-08 - 56s/epoch - 894ms/step
Epoch 3/13

Epoch 00003: mean_squared_error improved from 0.00000 to 0.00000, saving model to /gpfswork/rech/ynx/uds36vp/repos/wf-SEDs/HD_projected_optimisation/wf-outputs/chkp/8_bins/chkp_callback_poly_9_cycles_256_no_proj_d2_45z_1_cycle5
63/63 - 57s - loss: 9.9152e-07 - mean_squared_error: 1.4043e-06 - val_loss: 3.9604e-08 - val_mean_squared_error: 3.9604e-08 - 57s/epoch - 898ms/step
Epoch 4/13

Epoch 00004: mean_squared_error improved from 0.00000 to 0.00000, saving model to /gpfswork/rech/ynx/uds36vp/repos/wf-SEDs/HD_projected_optimisation/wf-outputs/chkp/8_bins/chkp_callback_poly_9_cycles_256_no_proj_d2_45z_1_cycle5
63/63 - 57s - loss: 9.8812e-07 - mean_squared_error: 1.4013e-06 - val_loss: 3.6912e-08 - val_mean_squared_error: 3.6912e-08 - 57s/epoch - 901ms/step
Epoch 5/13

Epoch 00005: mean_squared_error improved from 0.00000 to 0.00000, saving model to /gpfswork/rech/ynx/uds36vp/repos/wf-SEDs/HD_projected_optimisation/wf-outputs/chkp/8_bins/chkp_callback_poly_9_cycles_256_no_proj_d2_45z_1_cycle5
63/63 - 57s - loss: 9.8584e-07 - mean_squared_error: 1.3993e-06 - val_loss: 3.5597e-08 - val_mean_squared_error: 3.5597e-08 - 57s/epoch - 904ms/step
Epoch 6/13

Epoch 00006: mean_squared_error improved from 0.00000 to 0.00000, saving model to /gpfswork/rech/ynx/uds36vp/repos/wf-SEDs/HD_projected_optimisation/wf-outputs/chkp/8_bins/chkp_callback_poly_9_cycles_256_no_proj_d2_45z_1_cycle5
63/63 - 57s - loss: 9.8424e-07 - mean_squared_error: 1.3979e-06 - val_loss: 3.4125e-08 - val_mean_squared_error: 3.4125e-08 - 57s/epoch - 904ms/step
Epoch 7/13

Epoch 00007: mean_squared_error improved from 0.00000 to 0.00000, saving model to /gpfswork/rech/ynx/uds36vp/repos/wf-SEDs/HD_projected_optimisation/wf-outputs/chkp/8_bins/chkp_callback_poly_9_cycles_256_no_proj_d2_45z_1_cycle5
63/63 - 57s - loss: 9.8290e-07 - mean_squared_error: 1.3967e-06 - val_loss: 3.2828e-08 - val_mean_squared_error: 3.2828e-08 - 57s/epoch - 906ms/step
Epoch 8/13

Epoch 00008: mean_squared_error improved from 0.00000 to 0.00000, saving model to /gpfswork/rech/ynx/uds36vp/repos/wf-SEDs/HD_projected_optimisation/wf-outputs/chkp/8_bins/chkp_callback_poly_9_cycles_256_no_proj_d2_45z_1_cycle5
63/63 - 57s - loss: 9.8194e-07 - mean_squared_error: 1.3959e-06 - val_loss: 3.2156e-08 - val_mean_squared_error: 3.2156e-08 - 57s/epoch - 908ms/step
Epoch 9/13

Epoch 00009: mean_squared_error improved from 0.00000 to 0.00000, saving model to /gpfswork/rech/ynx/uds36vp/repos/wf-SEDs/HD_projected_optimisation/wf-outputs/chkp/8_bins/chkp_callback_poly_9_cycles_256_no_proj_d2_45z_1_cycle5
63/63 - 57s - loss: 9.8087e-07 - mean_squared_error: 1.3948e-06 - val_loss: 3.0851e-08 - val_mean_squared_error: 3.0851e-08 - 57s/epoch - 904ms/step
Epoch 10/13

Epoch 00010: mean_squared_error improved from 0.00000 to 0.00000, saving model to /gpfswork/rech/ynx/uds36vp/repos/wf-SEDs/HD_projected_optimisation/wf-outputs/chkp/8_bins/chkp_callback_poly_9_cycles_256_no_proj_d2_45z_1_cycle5
63/63 - 57s - loss: 9.7996e-07 - mean_squared_error: 1.3939e-06 - val_loss: 2.9953e-08 - val_mean_squared_error: 2.9953e-08 - 57s/epoch - 905ms/step
Epoch 11/13

Epoch 00011: mean_squared_error improved from 0.00000 to 0.00000, saving model to /gpfswork/rech/ynx/uds36vp/repos/wf-SEDs/HD_projected_optimisation/wf-outputs/chkp/8_bins/chkp_callback_poly_9_cycles_256_no_proj_d2_45z_1_cycle5
63/63 - 57s - loss: 9.7881e-07 - mean_squared_error: 1.3930e-06 - val_loss: 2.9253e-08 - val_mean_squared_error: 2.9253e-08 - 57s/epoch - 903ms/step
Epoch 12/13

Epoch 00012: mean_squared_error improved from 0.00000 to 0.00000, saving model to /gpfswork/rech/ynx/uds36vp/repos/wf-SEDs/HD_projected_optimisation/wf-outputs/chkp/8_bins/chkp_callback_poly_9_cycles_256_no_proj_d2_45z_1_cycle5
63/63 - 57s - loss: 9.7830e-07 - mean_squared_error: 1.3925e-06 - val_loss: 2.8729e-08 - val_mean_squared_error: 2.8729e-08 - 57s/epoch - 905ms/step
Epoch 13/13

Epoch 00013: mean_squared_error improved from 0.00000 to 0.00000, saving model to /gpfswork/rech/ynx/uds36vp/repos/wf-SEDs/HD_projected_optimisation/wf-outputs/chkp/8_bins/chkp_callback_poly_9_cycles_256_no_proj_d2_45z_1_cycle5
63/63 - 57s - loss: 9.7745e-07 - mean_squared_error: 1.3917e-06 - val_loss: 2.7937e-08 - val_mean_squared_error: 2.7937e-08 - 57s/epoch - 905ms/step
Cycle5 elapsed time: 974.8202476501465
Starting cycle 6..
Starting parametric update..
Epoch 1/4

Epoch 00001: mean_squared_error improved from inf to 0.00000, saving model to /gpfswork/rech/ynx/uds36vp/repos/wf-SEDs/HD_projected_optimisation/wf-outputs/chkp/8_bins/chkp_callback_poly_9_cycles_256_no_proj_d2_45z_1_cycle6
63/63 - 58s - loss: 9.8476e-07 - mean_squared_error: 1.3976e-06 - val_loss: 3.8505e-08 - val_mean_squared_error: 3.8505e-08 - 58s/epoch - 924ms/step
Epoch 2/4

Epoch 00002: mean_squared_error did not improve from 0.00000
63/63 - 56s - loss: 1.0055e-06 - mean_squared_error: 1.4148e-06 - val_loss: 7.5799e-08 - val_mean_squared_error: 7.5799e-08 - 56s/epoch - 890ms/step
Epoch 3/4

Epoch 00003: mean_squared_error did not improve from 0.00000
63/63 - 56s - loss: 1.0449e-06 - mean_squared_error: 1.4472e-06 - val_loss: 5.6595e-08 - val_mean_squared_error: 5.6595e-08 - 56s/epoch - 891ms/step
Epoch 4/4

Epoch 00004: mean_squared_error did not improve from 0.00000
63/63 - 56s - loss: 1.0438e-06 - mean_squared_error: 1.4479e-06 - val_loss: 7.3206e-08 - val_mean_squared_error: 7.3206e-08 - 56s/epoch - 890ms/step
Starting non-parametric update..
Epoch 1/13

Epoch 00001: mean_squared_error did not improve from 0.00000
63/63 - 64s - loss: 9.8991e-07 - mean_squared_error: 1.4024e-06 - val_loss: 2.9100e-08 - val_mean_squared_error: 2.9100e-08 - 64s/epoch - 1s/step
Epoch 2/13

Epoch 00002: mean_squared_error improved from 0.00000 to 0.00000, saving model to /gpfswork/rech/ynx/uds36vp/repos/wf-SEDs/HD_projected_optimisation/wf-outputs/chkp/8_bins/chkp_callback_poly_9_cycles_256_no_proj_d2_45z_1_cycle6
63/63 - 61s - loss: 9.7723e-07 - mean_squared_error: 1.3916e-06 - val_loss: 2.7615e-08 - val_mean_squared_error: 2.7615e-08 - 61s/epoch - 970ms/step
Epoch 3/13

Epoch 00003: mean_squared_error improved from 0.00000 to 0.00000, saving model to /gpfswork/rech/ynx/uds36vp/repos/wf-SEDs/HD_projected_optimisation/wf-outputs/chkp/8_bins/chkp_callback_poly_9_cycles_256_no_proj_d2_45z_1_cycle6
63/63 - 61s - loss: 9.7629e-07 - mean_squared_error: 1.3908e-06 - val_loss: 2.6973e-08 - val_mean_squared_error: 2.6973e-08 - 61s/epoch - 973ms/step
Epoch 4/13

Epoch 00004: mean_squared_error improved from 0.00000 to 0.00000, saving model to /gpfswork/rech/ynx/uds36vp/repos/wf-SEDs/HD_projected_optimisation/wf-outputs/chkp/8_bins/chkp_callback_poly_9_cycles_256_no_proj_d2_45z_1_cycle6
63/63 - 61s - loss: 9.7565e-07 - mean_squared_error: 1.3902e-06 - val_loss: 2.6650e-08 - val_mean_squared_error: 2.6650e-08 - 61s/epoch - 972ms/step
Epoch 5/13

Epoch 00005: mean_squared_error improved from 0.00000 to 0.00000, saving model to /gpfswork/rech/ynx/uds36vp/repos/wf-SEDs/HD_projected_optimisation/wf-outputs/chkp/8_bins/chkp_callback_poly_9_cycles_256_no_proj_d2_45z_1_cycle6
63/63 - 61s - loss: 9.7536e-07 - mean_squared_error: 1.3899e-06 - val_loss: 2.5965e-08 - val_mean_squared_error: 2.5965e-08 - 61s/epoch - 972ms/step
Epoch 6/13

Epoch 00006: mean_squared_error improved from 0.00000 to 0.00000, saving model to /gpfswork/rech/ynx/uds36vp/repos/wf-SEDs/HD_projected_optimisation/wf-outputs/chkp/8_bins/chkp_callback_poly_9_cycles_256_no_proj_d2_45z_1_cycle6
63/63 - 61s - loss: 9.7470e-07 - mean_squared_error: 1.3894e-06 - val_loss: 2.5754e-08 - val_mean_squared_error: 2.5754e-08 - 61s/epoch - 972ms/step
Epoch 7/13

Epoch 00007: mean_squared_error improved from 0.00000 to 0.00000, saving model to /gpfswork/rech/ynx/uds36vp/repos/wf-SEDs/HD_projected_optimisation/wf-outputs/chkp/8_bins/chkp_callback_poly_9_cycles_256_no_proj_d2_45z_1_cycle6
63/63 - 61s - loss: 9.7445e-07 - mean_squared_error: 1.3891e-06 - val_loss: 2.5275e-08 - val_mean_squared_error: 2.5275e-08 - 61s/epoch - 974ms/step
Epoch 8/13

Epoch 00008: mean_squared_error improved from 0.00000 to 0.00000, saving model to /gpfswork/rech/ynx/uds36vp/repos/wf-SEDs/HD_projected_optimisation/wf-outputs/chkp/8_bins/chkp_callback_poly_9_cycles_256_no_proj_d2_45z_1_cycle6
63/63 - 61s - loss: 9.7406e-07 - mean_squared_error: 1.3887e-06 - val_loss: 2.4992e-08 - val_mean_squared_error: 2.4992e-08 - 61s/epoch - 972ms/step
Epoch 9/13

Epoch 00009: mean_squared_error improved from 0.00000 to 0.00000, saving model to /gpfswork/rech/ynx/uds36vp/repos/wf-SEDs/HD_projected_optimisation/wf-outputs/chkp/8_bins/chkp_callback_poly_9_cycles_256_no_proj_d2_45z_1_cycle6
63/63 - 61s - loss: 9.7354e-07 - mean_squared_error: 1.3882e-06 - val_loss: 2.4414e-08 - val_mean_squared_error: 2.4414e-08 - 61s/epoch - 974ms/step
Epoch 10/13

Epoch 00010: mean_squared_error improved from 0.00000 to 0.00000, saving model to /gpfswork/rech/ynx/uds36vp/repos/wf-SEDs/HD_projected_optimisation/wf-outputs/chkp/8_bins/chkp_callback_poly_9_cycles_256_no_proj_d2_45z_1_cycle6
63/63 - 61s - loss: 9.7322e-07 - mean_squared_error: 1.3879e-06 - val_loss: 2.3908e-08 - val_mean_squared_error: 2.3908e-08 - 61s/epoch - 972ms/step
Epoch 11/13

Epoch 00011: mean_squared_error improved from 0.00000 to 0.00000, saving model to /gpfswork/rech/ynx/uds36vp/repos/wf-SEDs/HD_projected_optimisation/wf-outputs/chkp/8_bins/chkp_callback_poly_9_cycles_256_no_proj_d2_45z_1_cycle6
63/63 - 61s - loss: 9.7262e-07 - mean_squared_error: 1.3874e-06 - val_loss: 2.3742e-08 - val_mean_squared_error: 2.3742e-08 - 61s/epoch - 972ms/step
Epoch 12/13

Epoch 00012: mean_squared_error improved from 0.00000 to 0.00000, saving model to /gpfswork/rech/ynx/uds36vp/repos/wf-SEDs/HD_projected_optimisation/wf-outputs/chkp/8_bins/chkp_callback_poly_9_cycles_256_no_proj_d2_45z_1_cycle6
63/63 - 61s - loss: 9.7241e-07 - mean_squared_error: 1.3872e-06 - val_loss: 2.3379e-08 - val_mean_squared_error: 2.3379e-08 - 61s/epoch - 972ms/step
Epoch 13/13

Epoch 00013: mean_squared_error improved from 0.00000 to 0.00000, saving model to /gpfswork/rech/ynx/uds36vp/repos/wf-SEDs/HD_projected_optimisation/wf-outputs/chkp/8_bins/chkp_callback_poly_9_cycles_256_no_proj_d2_45z_1_cycle6
63/63 - 60s - loss: 9.7173e-07 - mean_squared_error: 1.3866e-06 - val_loss: 2.3434e-08 - val_mean_squared_error: 2.3434e-08 - 60s/epoch - 959ms/step
Cycle6 elapsed time: 1029.8641800880432
Starting cycle 7..
Starting parametric update..
Epoch 1/4

Epoch 00001: mean_squared_error improved from inf to 0.00000, saving model to /gpfswork/rech/ynx/uds36vp/repos/wf-SEDs/HD_projected_optimisation/wf-outputs/chkp/8_bins/chkp_callback_poly_9_cycles_256_no_proj_d2_45z_1_cycle7
63/63 - 59s - loss: 9.7603e-07 - mean_squared_error: 1.3902e-06 - val_loss: 3.9200e-08 - val_mean_squared_error: 3.9200e-08 - 59s/epoch - 939ms/step
Epoch 2/4

Epoch 00002: mean_squared_error did not improve from 0.00000
63/63 - 56s - loss: 1.0148e-06 - mean_squared_error: 1.4226e-06 - val_loss: 5.0514e-08 - val_mean_squared_error: 5.0514e-08 - 56s/epoch - 896ms/step
Epoch 3/4

Epoch 00003: mean_squared_error did not improve from 0.00000
63/63 - 57s - loss: 1.0124e-06 - mean_squared_error: 1.4221e-06 - val_loss: 5.2921e-08 - val_mean_squared_error: 5.2921e-08 - 57s/epoch - 901ms/step
Epoch 4/4

Epoch 00004: mean_squared_error did not improve from 0.00000
63/63 - 56s - loss: 1.0384e-06 - mean_squared_error: 1.4383e-06 - val_loss: 4.1971e-07 - val_mean_squared_error: 4.1971e-07 - 56s/epoch - 896ms/step
Starting non-parametric update..
Epoch 1/13

Epoch 00001: mean_squared_error did not improve from 0.00000
63/63 - 59s - loss: 1.0989e-06 - mean_squared_error: 1.4889e-06 - val_loss: 3.3853e-08 - val_mean_squared_error: 3.3853e-08 - 59s/epoch - 934ms/step
Epoch 2/13

Epoch 00002: mean_squared_error did not improve from 0.00000
63/63 - 56s - loss: 9.7998e-07 - mean_squared_error: 1.3937e-06 - val_loss: 2.6586e-08 - val_mean_squared_error: 2.6586e-08 - 56s/epoch - 893ms/step
Epoch 3/13

Epoch 00003: mean_squared_error improved from 0.00000 to 0.00000, saving model to /gpfswork/rech/ynx/uds36vp/repos/wf-SEDs/HD_projected_optimisation/wf-outputs/chkp/8_bins/chkp_callback_poly_9_cycles_256_no_proj_d2_45z_1_cycle7
63/63 - 56s - loss: 9.7455e-07 - mean_squared_error: 1.3891e-06 - val_loss: 2.4504e-08 - val_mean_squared_error: 2.4504e-08 - 56s/epoch - 893ms/step
Epoch 4/13

Epoch 00004: mean_squared_error improved from 0.00000 to 0.00000, saving model to /gpfswork/rech/ynx/uds36vp/repos/wf-SEDs/HD_projected_optimisation/wf-outputs/chkp/8_bins/chkp_callback_poly_9_cycles_256_no_proj_d2_45z_1_cycle7
63/63 - 56s - loss: 9.7275e-07 - mean_squared_error: 1.3875e-06 - val_loss: 2.3479e-08 - val_mean_squared_error: 2.3479e-08 - 56s/epoch - 893ms/step
Epoch 5/13

Epoch 00005: mean_squared_error improved from 0.00000 to 0.00000, saving model to /gpfswork/rech/ynx/uds36vp/repos/wf-SEDs/HD_projected_optimisation/wf-outputs/chkp/8_bins/chkp_callback_poly_9_cycles_256_no_proj_d2_45z_1_cycle7
63/63 - 56s - loss: 9.7180e-07 - mean_squared_error: 1.3867e-06 - val_loss: 2.2876e-08 - val_mean_squared_error: 2.2876e-08 - 56s/epoch - 894ms/step
Epoch 6/13

Epoch 00006: mean_squared_error improved from 0.00000 to 0.00000, saving model to /gpfswork/rech/ynx/uds36vp/repos/wf-SEDs/HD_projected_optimisation/wf-outputs/chkp/8_bins/chkp_callback_poly_9_cycles_256_no_proj_d2_45z_1_cycle7
63/63 - 56s - loss: 9.7137e-07 - mean_squared_error: 1.3863e-06 - val_loss: 2.2593e-08 - val_mean_squared_error: 2.2593e-08 - 56s/epoch - 893ms/step
Epoch 7/13

Epoch 00007: mean_squared_error improved from 0.00000 to 0.00000, saving model to /gpfswork/rech/ynx/uds36vp/repos/wf-SEDs/HD_projected_optimisation/wf-outputs/chkp/8_bins/chkp_callback_poly_9_cycles_256_no_proj_d2_45z_1_cycle7
63/63 - 56s - loss: 9.7079e-07 - mean_squared_error: 1.3857e-06 - val_loss: 2.2100e-08 - val_mean_squared_error: 2.2100e-08 - 56s/epoch - 892ms/step
Epoch 8/13

Epoch 00008: mean_squared_error improved from 0.00000 to 0.00000, saving model to /gpfswork/rech/ynx/uds36vp/repos/wf-SEDs/HD_projected_optimisation/wf-outputs/chkp/8_bins/chkp_callback_poly_9_cycles_256_no_proj_d2_45z_1_cycle7
63/63 - 56s - loss: 9.7038e-07 - mean_squared_error: 1.3854e-06 - val_loss: 2.1793e-08 - val_mean_squared_error: 2.1793e-08 - 56s/epoch - 896ms/step
Epoch 9/13

Epoch 00009: mean_squared_error improved from 0.00000 to 0.00000, saving model to /gpfswork/rech/ynx/uds36vp/repos/wf-SEDs/HD_projected_optimisation/wf-outputs/chkp/8_bins/chkp_callback_poly_9_cycles_256_no_proj_d2_45z_1_cycle7
63/63 - 56s - loss: 9.6993e-07 - mean_squared_error: 1.3850e-06 - val_loss: 2.1257e-08 - val_mean_squared_error: 2.1257e-08 - 56s/epoch - 893ms/step
Epoch 10/13

Epoch 00010: mean_squared_error improved from 0.00000 to 0.00000, saving model to /gpfswork/rech/ynx/uds36vp/repos/wf-SEDs/HD_projected_optimisation/wf-outputs/chkp/8_bins/chkp_callback_poly_9_cycles_256_no_proj_d2_45z_1_cycle7
63/63 - 56s - loss: 9.6984e-07 - mean_squared_error: 1.3848e-06 - val_loss: 2.0656e-08 - val_mean_squared_error: 2.0656e-08 - 56s/epoch - 893ms/step
Epoch 11/13

Epoch 00011: mean_squared_error improved from 0.00000 to 0.00000, saving model to /gpfswork/rech/ynx/uds36vp/repos/wf-SEDs/HD_projected_optimisation/wf-outputs/chkp/8_bins/chkp_callback_poly_9_cycles_256_no_proj_d2_45z_1_cycle7
63/63 - 56s - loss: 9.6899e-07 - mean_squared_error: 1.3841e-06 - val_loss: 2.0924e-08 - val_mean_squared_error: 2.0924e-08 - 56s/epoch - 893ms/step
Epoch 12/13

Epoch 00012: mean_squared_error improved from 0.00000 to 0.00000, saving model to /gpfswork/rech/ynx/uds36vp/repos/wf-SEDs/HD_projected_optimisation/wf-outputs/chkp/8_bins/chkp_callback_poly_9_cycles_256_no_proj_d2_45z_1_cycle7
63/63 - 56s - loss: 9.6875e-07 - mean_squared_error: 1.3838e-06 - val_loss: 2.0455e-08 - val_mean_squared_error: 2.0455e-08 - 56s/epoch - 894ms/step
Epoch 13/13

Epoch 00013: mean_squared_error improved from 0.00000 to 0.00000, saving model to /gpfswork/rech/ynx/uds36vp/repos/wf-SEDs/HD_projected_optimisation/wf-outputs/chkp/8_bins/chkp_callback_poly_9_cycles_256_no_proj_d2_45z_1_cycle7
63/63 - 56s - loss: 9.6832e-07 - mean_squared_error: 1.3835e-06 - val_loss: 1.9840e-08 - val_mean_squared_error: 1.9840e-08 - 56s/epoch - 884ms/step
Cycle7 elapsed time: 967.724187374115
Starting cycle 8..
Starting parametric update..
Epoch 1/4

Epoch 00001: mean_squared_error improved from inf to 0.00000, saving model to /gpfswork/rech/ynx/uds36vp/repos/wf-SEDs/HD_projected_optimisation/wf-outputs/chkp/8_bins/chkp_callback_poly_9_cycles_256_no_proj_d2_45z_1_cycle8
63/63 - 64s - loss: 9.7410e-07 - mean_squared_error: 1.3880e-06 - val_loss: 4.6714e-08 - val_mean_squared_error: 4.6714e-08 - 64s/epoch - 1s/step
Epoch 2/4

Epoch 00002: mean_squared_error did not improve from 0.00000
63/63 - 62s - loss: 9.9708e-07 - mean_squared_error: 1.4068e-06 - val_loss: 3.6540e-08 - val_mean_squared_error: 3.6540e-08 - 62s/epoch - 979ms/step
Epoch 3/4

Epoch 00003: mean_squared_error did not improve from 0.00000
63/63 - 62s - loss: 1.0081e-06 - mean_squared_error: 1.4163e-06 - val_loss: 8.8822e-08 - val_mean_squared_error: 8.8822e-08 - 62s/epoch - 981ms/step
Epoch 4/4

Epoch 00004: mean_squared_error did not improve from 0.00000
63/63 - 61s - loss: 1.0334e-06 - mean_squared_error: 1.4357e-06 - val_loss: 1.0953e-07 - val_mean_squared_error: 1.0953e-07 - 61s/epoch - 974ms/step
Starting non-parametric update..
Epoch 1/13

Epoch 00001: mean_squared_error did not improve from 0.00000
63/63 - 59s - loss: 9.9295e-07 - mean_squared_error: 1.4022e-06 - val_loss: 2.1170e-08 - val_mean_squared_error: 2.1170e-08 - 59s/epoch - 932ms/step
Epoch 2/13

Epoch 00002: mean_squared_error improved from 0.00000 to 0.00000, saving model to /gpfswork/rech/ynx/uds36vp/repos/wf-SEDs/HD_projected_optimisation/wf-outputs/chkp/8_bins/chkp_callback_poly_9_cycles_256_no_proj_d2_45z_1_cycle8
63/63 - 56s - loss: 9.6839e-07 - mean_squared_error: 1.3836e-06 - val_loss: 1.9714e-08 - val_mean_squared_error: 1.9714e-08 - 56s/epoch - 888ms/step
Epoch 3/13

Epoch 00003: mean_squared_error improved from 0.00000 to 0.00000, saving model to /gpfswork/rech/ynx/uds36vp/repos/wf-SEDs/HD_projected_optimisation/wf-outputs/chkp/8_bins/chkp_callback_poly_9_cycles_256_no_proj_d2_45z_1_cycle8
63/63 - 56s - loss: 9.6752e-07 - mean_squared_error: 1.3828e-06 - val_loss: 1.9508e-08 - val_mean_squared_error: 1.9508e-08 - 56s/epoch - 890ms/step
Epoch 4/13

Epoch 00004: mean_squared_error improved from 0.00000 to 0.00000, saving model to /gpfswork/rech/ynx/uds36vp/repos/wf-SEDs/HD_projected_optimisation/wf-outputs/chkp/8_bins/chkp_callback_poly_9_cycles_256_no_proj_d2_45z_1_cycle8
63/63 - 56s - loss: 9.6722e-07 - mean_squared_error: 1.3825e-06 - val_loss: 1.9022e-08 - val_mean_squared_error: 1.9022e-08 - 56s/epoch - 889ms/step
Epoch 5/13

Epoch 00005: mean_squared_error improved from 0.00000 to 0.00000, saving model to /gpfswork/rech/ynx/uds36vp/repos/wf-SEDs/HD_projected_optimisation/wf-outputs/chkp/8_bins/chkp_callback_poly_9_cycles_256_no_proj_d2_45z_1_cycle8
63/63 - 56s - loss: 9.6703e-07 - mean_squared_error: 1.3824e-06 - val_loss: 1.8819e-08 - val_mean_squared_error: 1.8819e-08 - 56s/epoch - 889ms/step
Epoch 6/13

Epoch 00006: mean_squared_error improved from 0.00000 to 0.00000, saving model to /gpfswork/rech/ynx/uds36vp/repos/wf-SEDs/HD_projected_optimisation/wf-outputs/chkp/8_bins/chkp_callback_poly_9_cycles_256_no_proj_d2_45z_1_cycle8
63/63 - 56s - loss: 9.6684e-07 - mean_squared_error: 1.3821e-06 - val_loss: 1.8545e-08 - val_mean_squared_error: 1.8545e-08 - 56s/epoch - 890ms/step
Epoch 7/13

Epoch 00007: mean_squared_error improved from 0.00000 to 0.00000, saving model to /gpfswork/rech/ynx/uds36vp/repos/wf-SEDs/HD_projected_optimisation/wf-outputs/chkp/8_bins/chkp_callback_poly_9_cycles_256_no_proj_d2_45z_1_cycle8
63/63 - 56s - loss: 9.6673e-07 - mean_squared_error: 1.3821e-06 - val_loss: 1.8763e-08 - val_mean_squared_error: 1.8763e-08 - 56s/epoch - 889ms/step
Epoch 8/13

Epoch 00008: mean_squared_error improved from 0.00000 to 0.00000, saving model to /gpfswork/rech/ynx/uds36vp/repos/wf-SEDs/HD_projected_optimisation/wf-outputs/chkp/8_bins/chkp_callback_poly_9_cycles_256_no_proj_d2_45z_1_cycle8
63/63 - 56s - loss: 9.6647e-07 - mean_squared_error: 1.3818e-06 - val_loss: 1.8251e-08 - val_mean_squared_error: 1.8251e-08 - 56s/epoch - 890ms/step
Epoch 9/13

Epoch 00009: mean_squared_error improved from 0.00000 to 0.00000, saving model to /gpfswork/rech/ynx/uds36vp/repos/wf-SEDs/HD_projected_optimisation/wf-outputs/chkp/8_bins/chkp_callback_poly_9_cycles_256_no_proj_d2_45z_1_cycle8
63/63 - 56s - loss: 9.6626e-07 - mean_squared_error: 1.3816e-06 - val_loss: 1.8066e-08 - val_mean_squared_error: 1.8066e-08 - 56s/epoch - 889ms/step
Epoch 10/13

Epoch 00010: mean_squared_error improved from 0.00000 to 0.00000, saving model to /gpfswork/rech/ynx/uds36vp/repos/wf-SEDs/HD_projected_optimisation/wf-outputs/chkp/8_bins/chkp_callback_poly_9_cycles_256_no_proj_d2_45z_1_cycle8
63/63 - 56s - loss: 9.6613e-07 - mean_squared_error: 1.3815e-06 - val_loss: 1.7857e-08 - val_mean_squared_error: 1.7857e-08 - 56s/epoch - 890ms/step
Epoch 11/13

Epoch 00011: mean_squared_error improved from 0.00000 to 0.00000, saving model to /gpfswork/rech/ynx/uds36vp/repos/wf-SEDs/HD_projected_optimisation/wf-outputs/chkp/8_bins/chkp_callback_poly_9_cycles_256_no_proj_d2_45z_1_cycle8
63/63 - 56s - loss: 9.6588e-07 - mean_squared_error: 1.3812e-06 - val_loss: 1.7856e-08 - val_mean_squared_error: 1.7856e-08 - 56s/epoch - 890ms/step
Epoch 12/13

Epoch 00012: mean_squared_error improved from 0.00000 to 0.00000, saving model to /gpfswork/rech/ynx/uds36vp/repos/wf-SEDs/HD_projected_optimisation/wf-outputs/chkp/8_bins/chkp_callback_poly_9_cycles_256_no_proj_d2_45z_1_cycle8
63/63 - 56s - loss: 9.6577e-07 - mean_squared_error: 1.3810e-06 - val_loss: 1.7497e-08 - val_mean_squared_error: 1.7497e-08 - 56s/epoch - 890ms/step
Epoch 13/13

Epoch 00013: mean_squared_error improved from 0.00000 to 0.00000, saving model to /gpfswork/rech/ynx/uds36vp/repos/wf-SEDs/HD_projected_optimisation/wf-outputs/chkp/8_bins/chkp_callback_poly_9_cycles_256_no_proj_d2_45z_1_cycle8
63/63 - 56s - loss: 9.6546e-07 - mean_squared_error: 1.3808e-06 - val_loss: 1.7228e-08 - val_mean_squared_error: 1.7228e-08 - 56s/epoch - 890ms/step
Cycle8 elapsed time: 985.7753927707672
Starting cycle 9..
Starting parametric update..
Epoch 1/10

Epoch 00001: mean_squared_error improved from inf to 0.00000, saving model to /gpfswork/rech/ynx/uds36vp/repos/wf-SEDs/HD_projected_optimisation/wf-outputs/chkp/8_bins/chkp_callback_poly_9_cycles_256_no_proj_d2_45z_1_cycle9
63/63 - 60s - loss: 9.6915e-07 - mean_squared_error: 1.3839e-06 - val_loss: 2.2647e-08 - val_mean_squared_error: 2.2647e-08 - 60s/epoch - 949ms/step
Epoch 2/10

Epoch 00002: mean_squared_error did not improve from 0.00000
63/63 - 57s - loss: 9.7156e-07 - mean_squared_error: 1.3859e-06 - val_loss: 2.4542e-08 - val_mean_squared_error: 2.4542e-08 - 57s/epoch - 903ms/step
Epoch 3/10

Epoch 00003: mean_squared_error did not improve from 0.00000
63/63 - 57s - loss: 9.9595e-07 - mean_squared_error: 1.4060e-06 - val_loss: 4.2677e-08 - val_mean_squared_error: 4.2677e-08 - 57s/epoch - 903ms/step
Epoch 4/10

Epoch 00004: mean_squared_error did not improve from 0.00000
63/63 - 57s - loss: 9.9172e-07 - mean_squared_error: 1.4027e-06 - val_loss: 3.6246e-08 - val_mean_squared_error: 3.6246e-08 - 57s/epoch - 902ms/step
Epoch 5/10

Epoch 00005: mean_squared_error did not improve from 0.00000
63/63 - 57s - loss: 9.9358e-07 - mean_squared_error: 1.4046e-06 - val_loss: 4.7560e-08 - val_mean_squared_error: 4.7560e-08 - 57s/epoch - 902ms/step
Epoch 6/10

Epoch 00006: mean_squared_error did not improve from 0.00000
63/63 - 57s - loss: 1.0028e-06 - mean_squared_error: 1.4121e-06 - val_loss: 4.9156e-08 - val_mean_squared_error: 4.9156e-08 - 57s/epoch - 903ms/step
Epoch 7/10

Epoch 00007: mean_squared_error did not improve from 0.00000
63/63 - 57s - loss: 9.8467e-07 - mean_squared_error: 1.3972e-06 - val_loss: 3.8137e-08 - val_mean_squared_error: 3.8137e-08 - 57s/epoch - 903ms/step
Epoch 8/10

Epoch 00008: mean_squared_error did not improve from 0.00000
63/63 - 57s - loss: 1.2498e-06 - mean_squared_error: 1.6037e-06 - val_loss: 2.7590e-07 - val_mean_squared_error: 2.7590e-07 - 57s/epoch - 901ms/step
Epoch 9/10

Epoch 00009: mean_squared_error did not improve from 0.00000
63/63 - 57s - loss: 1.0921e-06 - mean_squared_error: 1.4847e-06 - val_loss: 3.7262e-08 - val_mean_squared_error: 3.7262e-08 - 57s/epoch - 901ms/step
Epoch 10/10

Epoch 00010: mean_squared_error did not improve from 0.00000
63/63 - 57s - loss: 9.7834e-07 - mean_squared_error: 1.3917e-06 - val_loss: 2.5776e-08 - val_mean_squared_error: 2.5776e-08 - 57s/epoch - 904ms/step
Starting non-parametric update..
Epoch 1/50

Epoch 00001: mean_squared_error improved from 0.00000 to 0.00000, saving model to /gpfswork/rech/ynx/uds36vp/repos/wf-SEDs/HD_projected_optimisation/wf-outputs/chkp/8_bins/chkp_callback_poly_9_cycles_256_no_proj_d2_45z_1_cycle9
63/63 - 59s - loss: 9.6740e-07 - mean_squared_error: 1.3824e-06 - val_loss: 1.7108e-08 - val_mean_squared_error: 1.7108e-08 - 59s/epoch - 944ms/step
Epoch 2/50

Epoch 00002: mean_squared_error improved from 0.00000 to 0.00000, saving model to /gpfswork/rech/ynx/uds36vp/repos/wf-SEDs/HD_projected_optimisation/wf-outputs/chkp/8_bins/chkp_callback_poly_9_cycles_256_no_proj_d2_45z_1_cycle9
63/63 - 57s - loss: 9.6464e-07 - mean_squared_error: 1.3802e-06 - val_loss: 1.6845e-08 - val_mean_squared_error: 1.6845e-08 - 57s/epoch - 898ms/step
Epoch 3/50

Epoch 00003: mean_squared_error improved from 0.00000 to 0.00000, saving model to /gpfswork/rech/ynx/uds36vp/repos/wf-SEDs/HD_projected_optimisation/wf-outputs/chkp/8_bins/chkp_callback_poly_9_cycles_256_no_proj_d2_45z_1_cycle9
63/63 - 56s - loss: 9.6438e-07 - mean_squared_error: 1.3800e-06 - val_loss: 1.6677e-08 - val_mean_squared_error: 1.6677e-08 - 56s/epoch - 896ms/step
Epoch 4/50

Epoch 00004: mean_squared_error improved from 0.00000 to 0.00000, saving model to /gpfswork/rech/ynx/uds36vp/repos/wf-SEDs/HD_projected_optimisation/wf-outputs/chkp/8_bins/chkp_callback_poly_9_cycles_256_no_proj_d2_45z_1_cycle9
63/63 - 57s - loss: 9.6438e-07 - mean_squared_error: 1.3800e-06 - val_loss: 1.6577e-08 - val_mean_squared_error: 1.6577e-08 - 57s/epoch - 900ms/step
Epoch 5/50

Epoch 00005: mean_squared_error improved from 0.00000 to 0.00000, saving model to /gpfswork/rech/ynx/uds36vp/repos/wf-SEDs/HD_projected_optimisation/wf-outputs/chkp/8_bins/chkp_callback_poly_9_cycles_256_no_proj_d2_45z_1_cycle9
63/63 - 57s - loss: 9.6424e-07 - mean_squared_error: 1.3798e-06 - val_loss: 1.6505e-08 - val_mean_squared_error: 1.6505e-08 - 57s/epoch - 907ms/step
Epoch 6/50

Epoch 00006: mean_squared_error improved from 0.00000 to 0.00000, saving model to /gpfswork/rech/ynx/uds36vp/repos/wf-SEDs/HD_projected_optimisation/wf-outputs/chkp/8_bins/chkp_callback_poly_9_cycles_256_no_proj_d2_45z_1_cycle9
63/63 - 57s - loss: 9.6414e-07 - mean_squared_error: 1.3797e-06 - val_loss: 1.6314e-08 - val_mean_squared_error: 1.6314e-08 - 57s/epoch - 902ms/step
Epoch 7/50

Epoch 00007: mean_squared_error did not improve from 0.00000
63/63 - 57s - loss: 9.6416e-07 - mean_squared_error: 1.3797e-06 - val_loss: 1.6309e-08 - val_mean_squared_error: 1.6309e-08 - 57s/epoch - 898ms/step
Epoch 8/50

Epoch 00008: mean_squared_error improved from 0.00000 to 0.00000, saving model to /gpfswork/rech/ynx/uds36vp/repos/wf-SEDs/HD_projected_optimisation/wf-outputs/chkp/8_bins/chkp_callback_poly_9_cycles_256_no_proj_d2_45z_1_cycle9
63/63 - 57s - loss: 9.6409e-07 - mean_squared_error: 1.3796e-06 - val_loss: 1.6070e-08 - val_mean_squared_error: 1.6070e-08 - 57s/epoch - 901ms/step
Epoch 9/50

Epoch 00009: mean_squared_error improved from 0.00000 to 0.00000, saving model to /gpfswork/rech/ynx/uds36vp/repos/wf-SEDs/HD_projected_optimisation/wf-outputs/chkp/8_bins/chkp_callback_poly_9_cycles_256_no_proj_d2_45z_1_cycle9
63/63 - 57s - loss: 9.6387e-07 - mean_squared_error: 1.3794e-06 - val_loss: 1.5777e-08 - val_mean_squared_error: 1.5777e-08 - 57s/epoch - 906ms/step
Epoch 10/50

Epoch 00010: mean_squared_error improved from 0.00000 to 0.00000, saving model to /gpfswork/rech/ynx/uds36vp/repos/wf-SEDs/HD_projected_optimisation/wf-outputs/chkp/8_bins/chkp_callback_poly_9_cycles_256_no_proj_d2_45z_1_cycle9
63/63 - 57s - loss: 9.6380e-07 - mean_squared_error: 1.3793e-06 - val_loss: 1.5945e-08 - val_mean_squared_error: 1.5945e-08 - 57s/epoch - 903ms/step
Epoch 11/50

Epoch 00011: mean_squared_error improved from 0.00000 to 0.00000, saving model to /gpfswork/rech/ynx/uds36vp/repos/wf-SEDs/HD_projected_optimisation/wf-outputs/chkp/8_bins/chkp_callback_poly_9_cycles_256_no_proj_d2_45z_1_cycle9
63/63 - 57s - loss: 9.6365e-07 - mean_squared_error: 1.3792e-06 - val_loss: 1.5745e-08 - val_mean_squared_error: 1.5745e-08 - 57s/epoch - 899ms/step
Epoch 12/50

Epoch 00012: mean_squared_error improved from 0.00000 to 0.00000, saving model to /gpfswork/rech/ynx/uds36vp/repos/wf-SEDs/HD_projected_optimisation/wf-outputs/chkp/8_bins/chkp_callback_poly_9_cycles_256_no_proj_d2_45z_1_cycle9
63/63 - 57s - loss: 9.6367e-07 - mean_squared_error: 1.3792e-06 - val_loss: 1.5891e-08 - val_mean_squared_error: 1.5891e-08 - 57s/epoch - 899ms/step
Epoch 13/50

Epoch 00013: mean_squared_error improved from 0.00000 to 0.00000, saving model to /gpfswork/rech/ynx/uds36vp/repos/wf-SEDs/HD_projected_optimisation/wf-outputs/chkp/8_bins/chkp_callback_poly_9_cycles_256_no_proj_d2_45z_1_cycle9
63/63 - 57s - loss: 9.6354e-07 - mean_squared_error: 1.3791e-06 - val_loss: 1.5815e-08 - val_mean_squared_error: 1.5815e-08 - 57s/epoch - 898ms/step
Epoch 14/50

Epoch 00014: mean_squared_error improved from 0.00000 to 0.00000, saving model to /gpfswork/rech/ynx/uds36vp/repos/wf-SEDs/HD_projected_optimisation/wf-outputs/chkp/8_bins/chkp_callback_poly_9_cycles_256_no_proj_d2_45z_1_cycle9
63/63 - 57s - loss: 9.6317e-07 - mean_squared_error: 1.3788e-06 - val_loss: 1.5206e-08 - val_mean_squared_error: 1.5206e-08 - 57s/epoch - 909ms/step
Epoch 15/50

Epoch 00015: mean_squared_error improved from 0.00000 to 0.00000, saving model to /gpfswork/rech/ynx/uds36vp/repos/wf-SEDs/HD_projected_optimisation/wf-outputs/chkp/8_bins/chkp_callback_poly_9_cycles_256_no_proj_d2_45z_1_cycle9
63/63 - 57s - loss: 9.6304e-07 - mean_squared_error: 1.3786e-06 - val_loss: 1.5576e-08 - val_mean_squared_error: 1.5576e-08 - 57s/epoch - 906ms/step
Epoch 16/50

Epoch 00016: mean_squared_error did not improve from 0.00000
63/63 - 57s - loss: 9.6327e-07 - mean_squared_error: 1.3787e-06 - val_loss: 1.5469e-08 - val_mean_squared_error: 1.5469e-08 - 57s/epoch - 901ms/step
Epoch 17/50

Epoch 00017: mean_squared_error did not improve from 0.00000
63/63 - 57s - loss: 9.6430e-07 - mean_squared_error: 1.3793e-06 - val_loss: 1.5128e-08 - val_mean_squared_error: 1.5128e-08 - 57s/epoch - 900ms/step
Epoch 18/50

Epoch 00018: mean_squared_error improved from 0.00000 to 0.00000, saving model to /gpfswork/rech/ynx/uds36vp/repos/wf-SEDs/HD_projected_optimisation/wf-outputs/chkp/8_bins/chkp_callback_poly_9_cycles_256_no_proj_d2_45z_1_cycle9
63/63 - 57s - loss: 9.6266e-07 - mean_squared_error: 1.3782e-06 - val_loss: 1.4965e-08 - val_mean_squared_error: 1.4965e-08 - 57s/epoch - 899ms/step
Epoch 19/50

Epoch 00019: mean_squared_error did not improve from 0.00000
63/63 - 57s - loss: 9.6304e-07 - mean_squared_error: 1.3785e-06 - val_loss: 1.4588e-08 - val_mean_squared_error: 1.4588e-08 - 57s/epoch - 900ms/step
Epoch 20/50

Epoch 00020: mean_squared_error improved from 0.00000 to 0.00000, saving model to /gpfswork/rech/ynx/uds36vp/repos/wf-SEDs/HD_projected_optimisation/wf-outputs/chkp/8_bins/chkp_callback_poly_9_cycles_256_no_proj_d2_45z_1_cycle9
63/63 - 57s - loss: 9.6241e-07 - mean_squared_error: 1.3780e-06 - val_loss: 1.4792e-08 - val_mean_squared_error: 1.4792e-08 - 57s/epoch - 899ms/step
Epoch 21/50

Epoch 00021: mean_squared_error did not improve from 0.00000
63/63 - 57s - loss: 9.6313e-07 - mean_squared_error: 1.3786e-06 - val_loss: 1.4765e-08 - val_mean_squared_error: 1.4765e-08 - 57s/epoch - 898ms/step
Epoch 22/50

Epoch 00022: mean_squared_error improved from 0.00000 to 0.00000, saving model to /gpfswork/rech/ynx/uds36vp/repos/wf-SEDs/HD_projected_optimisation/wf-outputs/chkp/8_bins/chkp_callback_poly_9_cycles_256_no_proj_d2_45z_1_cycle9
63/63 - 57s - loss: 9.6236e-07 - mean_squared_error: 1.3779e-06 - val_loss: 1.5534e-08 - val_mean_squared_error: 1.5534e-08 - 57s/epoch - 898ms/step
Epoch 23/50

Epoch 00023: mean_squared_error did not improve from 0.00000
63/63 - 57s - loss: 9.6321e-07 - mean_squared_error: 1.3784e-06 - val_loss: 1.7709e-08 - val_mean_squared_error: 1.7709e-08 - 57s/epoch - 906ms/step
Epoch 24/50

Epoch 00024: mean_squared_error did not improve from 0.00000
63/63 - 57s - loss: 9.6266e-07 - mean_squared_error: 1.3780e-06 - val_loss: 1.3876e-08 - val_mean_squared_error: 1.3876e-08 - 57s/epoch - 903ms/step
Epoch 25/50

Epoch 00025: mean_squared_error improved from 0.00000 to 0.00000, saving model to /gpfswork/rech/ynx/uds36vp/repos/wf-SEDs/HD_projected_optimisation/wf-outputs/chkp/8_bins/chkp_callback_poly_9_cycles_256_no_proj_d2_45z_1_cycle9
63/63 - 57s - loss: 9.6228e-07 - mean_squared_error: 1.3776e-06 - val_loss: 1.4810e-08 - val_mean_squared_error: 1.4810e-08 - 57s/epoch - 901ms/step
Epoch 26/50

Epoch 00026: mean_squared_error improved from 0.00000 to 0.00000, saving model to /gpfswork/rech/ynx/uds36vp/repos/wf-SEDs/HD_projected_optimisation/wf-outputs/chkp/8_bins/chkp_callback_poly_9_cycles_256_no_proj_d2_45z_1_cycle9
63/63 - 57s - loss: 9.6231e-07 - mean_squared_error: 1.3776e-06 - val_loss: 1.4088e-08 - val_mean_squared_error: 1.4088e-08 - 57s/epoch - 899ms/step
Epoch 27/50

Epoch 00027: mean_squared_error did not improve from 0.00000
63/63 - 57s - loss: 9.6244e-07 - mean_squared_error: 1.3778e-06 - val_loss: 1.4306e-08 - val_mean_squared_error: 1.4306e-08 - 57s/epoch - 899ms/step
Epoch 28/50

Epoch 00028: mean_squared_error did not improve from 0.00000
63/63 - 57s - loss: 9.6922e-07 - mean_squared_error: 1.3821e-06 - val_loss: 1.6430e-08 - val_mean_squared_error: 1.6430e-08 - 57s/epoch - 905ms/step
Epoch 29/50

Epoch 00029: mean_squared_error did not improve from 0.00000
63/63 - 57s - loss: 9.6327e-07 - mean_squared_error: 1.3785e-06 - val_loss: 1.4955e-08 - val_mean_squared_error: 1.4955e-08 - 57s/epoch - 905ms/step
Epoch 30/50

Epoch 00030: mean_squared_error improved from 0.00000 to 0.00000, saving model to /gpfswork/rech/ynx/uds36vp/repos/wf-SEDs/HD_projected_optimisation/wf-outputs/chkp/8_bins/chkp_callback_poly_9_cycles_256_no_proj_d2_45z_1_cycle9
63/63 - 57s - loss: 9.6188e-07 - mean_squared_error: 1.3773e-06 - val_loss: 1.3849e-08 - val_mean_squared_error: 1.3849e-08 - 57s/epoch - 897ms/step
Epoch 31/50

Epoch 00031: mean_squared_error improved from 0.00000 to 0.00000, saving model to /gpfswork/rech/ynx/uds36vp/repos/wf-SEDs/HD_projected_optimisation/wf-outputs/chkp/8_bins/chkp_callback_poly_9_cycles_256_no_proj_d2_45z_1_cycle9
63/63 - 57s - loss: 9.6114e-07 - mean_squared_error: 1.3768e-06 - val_loss: 1.3238e-08 - val_mean_squared_error: 1.3238e-08 - 57s/epoch - 899ms/step
Epoch 32/50

Epoch 00032: mean_squared_error did not improve from 0.00000
63/63 - 57s - loss: 9.6139e-07 - mean_squared_error: 1.3769e-06 - val_loss: 1.5089e-08 - val_mean_squared_error: 1.5089e-08 - 57s/epoch - 907ms/step
Epoch 33/50

Epoch 00033: mean_squared_error did not improve from 0.00000
63/63 - 57s - loss: 9.6223e-07 - mean_squared_error: 1.3775e-06 - val_loss: 1.4319e-08 - val_mean_squared_error: 1.4319e-08 - 57s/epoch - 903ms/step
Epoch 34/50

Epoch 00034: mean_squared_error improved from 0.00000 to 0.00000, saving model to /gpfswork/rech/ynx/uds36vp/repos/wf-SEDs/HD_projected_optimisation/wf-outputs/chkp/8_bins/chkp_callback_poly_9_cycles_256_no_proj_d2_45z_1_cycle9
63/63 - 57s - loss: 9.6095e-07 - mean_squared_error: 1.3765e-06 - val_loss: 1.3080e-08 - val_mean_squared_error: 1.3080e-08 - 57s/epoch - 906ms/step
Epoch 35/50

Epoch 00035: mean_squared_error improved from 0.00000 to 0.00000, saving model to /gpfswork/rech/ynx/uds36vp/repos/wf-SEDs/HD_projected_optimisation/wf-outputs/chkp/8_bins/chkp_callback_poly_9_cycles_256_no_proj_d2_45z_1_cycle9
63/63 - 57s - loss: 9.6009e-07 - mean_squared_error: 1.3759e-06 - val_loss: 1.2655e-08 - val_mean_squared_error: 1.2655e-08 - 57s/epoch - 900ms/step
Epoch 36/50

Epoch 00036: mean_squared_error did not improve from 0.00000
63/63 - 57s - loss: 9.6127e-07 - mean_squared_error: 1.3767e-06 - val_loss: 1.2791e-08 - val_mean_squared_error: 1.2791e-08 - 57s/epoch - 900ms/step
Epoch 37/50

Epoch 00037: mean_squared_error did not improve from 0.00000
63/63 - 57s - loss: 9.6035e-07 - mean_squared_error: 1.3759e-06 - val_loss: 1.3331e-08 - val_mean_squared_error: 1.3331e-08 - 57s/epoch - 902ms/step
Epoch 38/50

Epoch 00038: mean_squared_error improved from 0.00000 to 0.00000, saving model to /gpfswork/rech/ynx/uds36vp/repos/wf-SEDs/HD_projected_optimisation/wf-outputs/chkp/8_bins/chkp_callback_poly_9_cycles_256_no_proj_d2_45z_1_cycle9
63/63 - 57s - loss: 9.6013e-07 - mean_squared_error: 1.3757e-06 - val_loss: 1.2885e-08 - val_mean_squared_error: 1.2885e-08 - 57s/epoch - 900ms/step
Epoch 39/50

Epoch 00039: mean_squared_error improved from 0.00000 to 0.00000, saving model to /gpfswork/rech/ynx/uds36vp/repos/wf-SEDs/HD_projected_optimisation/wf-outputs/chkp/8_bins/chkp_callback_poly_9_cycles_256_no_proj_d2_45z_1_cycle9
63/63 - 57s - loss: 9.5980e-07 - mean_squared_error: 1.3756e-06 - val_loss: 1.2391e-08 - val_mean_squared_error: 1.2391e-08 - 57s/epoch - 906ms/step
Epoch 40/50

Epoch 00040: mean_squared_error did not improve from 0.00000
63/63 - 57s - loss: 9.6142e-07 - mean_squared_error: 1.3766e-06 - val_loss: 1.3974e-08 - val_mean_squared_error: 1.3974e-08 - 57s/epoch - 902ms/step
Epoch 41/50

Epoch 00041: mean_squared_error did not improve from 0.00000
63/63 - 57s - loss: 9.6040e-07 - mean_squared_error: 1.3758e-06 - val_loss: 1.4605e-08 - val_mean_squared_error: 1.4605e-08 - 57s/epoch - 903ms/step
Epoch 42/50

Epoch 00042: mean_squared_error did not improve from 0.00000
63/63 - 57s - loss: 9.6076e-07 - mean_squared_error: 1.3762e-06 - val_loss: 1.2995e-08 - val_mean_squared_error: 1.2995e-08 - 57s/epoch - 898ms/step
Epoch 43/50

Epoch 00043: mean_squared_error did not improve from 0.00000
63/63 - 57s - loss: 9.6183e-07 - mean_squared_error: 1.3770e-06 - val_loss: 1.3133e-08 - val_mean_squared_error: 1.3133e-08 - 57s/epoch - 897ms/step
Epoch 44/50

Epoch 00044: mean_squared_error improved from 0.00000 to 0.00000, saving model to /gpfswork/rech/ynx/uds36vp/repos/wf-SEDs/HD_projected_optimisation/wf-outputs/chkp/8_bins/chkp_callback_poly_9_cycles_256_no_proj_d2_45z_1_cycle9
63/63 - 57s - loss: 9.5982e-07 - mean_squared_error: 1.3755e-06 - val_loss: 1.2546e-08 - val_mean_squared_error: 1.2546e-08 - 57s/epoch - 905ms/step
Epoch 45/50

Epoch 00045: mean_squared_error did not improve from 0.00000
63/63 - 57s - loss: 9.6228e-07 - mean_squared_error: 1.3772e-06 - val_loss: 1.3219e-08 - val_mean_squared_error: 1.3219e-08 - 57s/epoch - 903ms/step
Epoch 46/50

Epoch 00046: mean_squared_error did not improve from 0.00000
63/63 - 57s - loss: 9.6031e-07 - mean_squared_error: 1.3758e-06 - val_loss: 1.2881e-08 - val_mean_squared_error: 1.2881e-08 - 57s/epoch - 901ms/step
Epoch 47/50

Epoch 00047: mean_squared_error improved from 0.00000 to 0.00000, saving model to /gpfswork/rech/ynx/uds36vp/repos/wf-SEDs/HD_projected_optimisation/wf-outputs/chkp/8_bins/chkp_callback_poly_9_cycles_256_no_proj_d2_45z_1_cycle9
63/63 - 57s - loss: 9.5973e-07 - mean_squared_error: 1.3754e-06 - val_loss: 1.1943e-08 - val_mean_squared_error: 1.1943e-08 - 57s/epoch - 907ms/step
Epoch 48/50

Epoch 00048: mean_squared_error improved from 0.00000 to 0.00000, saving model to /gpfswork/rech/ynx/uds36vp/repos/wf-SEDs/HD_projected_optimisation/wf-outputs/chkp/8_bins/chkp_callback_poly_9_cycles_256_no_proj_d2_45z_1_cycle9
63/63 - 57s - loss: 9.5882e-07 - mean_squared_error: 1.3746e-06 - val_loss: 1.2393e-08 - val_mean_squared_error: 1.2393e-08 - 57s/epoch - 897ms/step
Epoch 49/50

Epoch 00049: mean_squared_error did not improve from 0.00000
63/63 - 57s - loss: 9.5887e-07 - mean_squared_error: 1.3747e-06 - val_loss: 1.2804e-08 - val_mean_squared_error: 1.2804e-08 - 57s/epoch - 905ms/step
Epoch 50/50

Epoch 00050: mean_squared_error did not improve from 0.00000
63/63 - 57s - loss: 9.5966e-07 - mean_squared_error: 1.3753e-06 - val_loss: 1.1772e-08 - val_mean_squared_error: 1.1772e-08 - 57s/epoch - 901ms/step
Cycle9 elapsed time: 3419.725089073181

Total elapsed time: 11387.963904

 Good bye..
