Starting the log file.
Found GPU at: /device:GPU:0
tf_version: 2.7.0
Zernike cube:
(45, 256, 256)
Dataset parameters:
{'d_max': 2, 'max_order': 45, 'x_lims': [0, 1000.0], 'y_lims': [0, 1000.0], 'grid_points': [4, 4], 'n_bins': 350, 'max_wfe_rms': 0.1, 'oversampling_rate': 3.0, 'output_Q': 3.0, 'output_dim': 32, 'LP_filter_length': 2, 'pupil_diameter': 256, 'euclid_obsc': True, 'n_stars': 2000}
Starting cycle 1..
Starting parametric update..
Epoch 1/4

Epoch 00001: mean_squared_error improved from inf to 0.00000, saving model to /gpfswork/rech/ynx/uds36vp/repos/wf-SEDs/HD_projected_optimisation/wf-outputs/chkp/8_bins/chkp_callback_poly_9_cycles_256_proj_d2_45z_2_cycle1
63/63 - 63s - loss: 4.2625e-06 - mean_squared_error: 4.2183e-06 - val_loss: 7.0278e-07 - val_mean_squared_error: 7.0278e-07 - 63s/epoch - 994ms/step
Epoch 2/4

Epoch 00002: mean_squared_error improved from 0.00000 to 0.00000, saving model to /gpfswork/rech/ynx/uds36vp/repos/wf-SEDs/HD_projected_optimisation/wf-outputs/chkp/8_bins/chkp_callback_poly_9_cycles_256_proj_d2_45z_2_cycle1
63/63 - 57s - loss: 1.5191e-06 - mean_squared_error: 1.8459e-06 - val_loss: 3.5170e-07 - val_mean_squared_error: 3.5170e-07 - 57s/epoch - 912ms/step
Epoch 3/4

Epoch 00003: mean_squared_error improved from 0.00000 to 0.00000, saving model to /gpfswork/rech/ynx/uds36vp/repos/wf-SEDs/HD_projected_optimisation/wf-outputs/chkp/8_bins/chkp_callback_poly_9_cycles_256_proj_d2_45z_2_cycle1
63/63 - 57s - loss: 1.3303e-06 - mean_squared_error: 1.6795e-06 - val_loss: 2.8762e-07 - val_mean_squared_error: 2.8762e-07 - 57s/epoch - 909ms/step
Epoch 4/4

Epoch 00004: mean_squared_error improved from 0.00000 to 0.00000, saving model to /gpfswork/rech/ynx/uds36vp/repos/wf-SEDs/HD_projected_optimisation/wf-outputs/chkp/8_bins/chkp_callback_poly_9_cycles_256_proj_d2_45z_2_cycle1
63/63 - 57s - loss: 1.2637e-06 - mean_squared_error: 1.6190e-06 - val_loss: 2.3844e-07 - val_mean_squared_error: 2.3844e-07 - 57s/epoch - 908ms/step
Starting non-parametric update..
Epoch 1/13

Epoch 00001: mean_squared_error improved from 0.00000 to 0.00000, saving model to /gpfswork/rech/ynx/uds36vp/repos/wf-SEDs/HD_projected_optimisation/wf-outputs/chkp/8_bins/chkp_callback_poly_9_cycles_256_proj_d2_45z_2_cycle1
63/63 - 62s - loss: 1.2192e-06 - mean_squared_error: 1.5849e-06 - val_loss: 2.1650e-07 - val_mean_squared_error: 2.1650e-07 - 62s/epoch - 986ms/step
Epoch 2/13

Epoch 00002: mean_squared_error improved from 0.00000 to 0.00000, saving model to /gpfswork/rech/ynx/uds36vp/repos/wf-SEDs/HD_projected_optimisation/wf-outputs/chkp/8_bins/chkp_callback_poly_9_cycles_256_proj_d2_45z_2_cycle1
63/63 - 60s - loss: 1.1962e-06 - mean_squared_error: 1.5668e-06 - val_loss: 2.0305e-07 - val_mean_squared_error: 2.0305e-07 - 60s/epoch - 948ms/step
Epoch 3/13

Epoch 00003: mean_squared_error improved from 0.00000 to 0.00000, saving model to /gpfswork/rech/ynx/uds36vp/repos/wf-SEDs/HD_projected_optimisation/wf-outputs/chkp/8_bins/chkp_callback_poly_9_cycles_256_proj_d2_45z_2_cycle1
63/63 - 60s - loss: 1.1811e-06 - mean_squared_error: 1.5559e-06 - val_loss: 1.9324e-07 - val_mean_squared_error: 1.9324e-07 - 60s/epoch - 951ms/step
Epoch 4/13

Epoch 00004: mean_squared_error improved from 0.00000 to 0.00000, saving model to /gpfswork/rech/ynx/uds36vp/repos/wf-SEDs/HD_projected_optimisation/wf-outputs/chkp/8_bins/chkp_callback_poly_9_cycles_256_proj_d2_45z_2_cycle1
63/63 - 59s - loss: 1.1669e-06 - mean_squared_error: 1.5459e-06 - val_loss: 1.8410e-07 - val_mean_squared_error: 1.8410e-07 - 59s/epoch - 943ms/step
Epoch 5/13

Epoch 00005: mean_squared_error improved from 0.00000 to 0.00000, saving model to /gpfswork/rech/ynx/uds36vp/repos/wf-SEDs/HD_projected_optimisation/wf-outputs/chkp/8_bins/chkp_callback_poly_9_cycles_256_proj_d2_45z_2_cycle1
63/63 - 60s - loss: 1.1532e-06 - mean_squared_error: 1.5364e-06 - val_loss: 1.7365e-07 - val_mean_squared_error: 1.7365e-07 - 60s/epoch - 946ms/step
Epoch 6/13

Epoch 00006: mean_squared_error improved from 0.00000 to 0.00000, saving model to /gpfswork/rech/ynx/uds36vp/repos/wf-SEDs/HD_projected_optimisation/wf-outputs/chkp/8_bins/chkp_callback_poly_9_cycles_256_proj_d2_45z_2_cycle1
63/63 - 60s - loss: 1.1394e-06 - mean_squared_error: 1.5265e-06 - val_loss: 1.6318e-07 - val_mean_squared_error: 1.6318e-07 - 60s/epoch - 945ms/step
Epoch 7/13

Epoch 00007: mean_squared_error improved from 0.00000 to 0.00000, saving model to /gpfswork/rech/ynx/uds36vp/repos/wf-SEDs/HD_projected_optimisation/wf-outputs/chkp/8_bins/chkp_callback_poly_9_cycles_256_proj_d2_45z_2_cycle1
63/63 - 60s - loss: 1.1273e-06 - mean_squared_error: 1.5169e-06 - val_loss: 1.5385e-07 - val_mean_squared_error: 1.5385e-07 - 60s/epoch - 945ms/step
Epoch 8/13

Epoch 00008: mean_squared_error improved from 0.00000 to 0.00000, saving model to /gpfswork/rech/ynx/uds36vp/repos/wf-SEDs/HD_projected_optimisation/wf-outputs/chkp/8_bins/chkp_callback_poly_9_cycles_256_proj_d2_45z_2_cycle1
63/63 - 60s - loss: 1.1158e-06 - mean_squared_error: 1.5078e-06 - val_loss: 1.4462e-07 - val_mean_squared_error: 1.4462e-07 - 60s/epoch - 948ms/step
Epoch 9/13

Epoch 00009: mean_squared_error improved from 0.00000 to 0.00000, saving model to /gpfswork/rech/ynx/uds36vp/repos/wf-SEDs/HD_projected_optimisation/wf-outputs/chkp/8_bins/chkp_callback_poly_9_cycles_256_proj_d2_45z_2_cycle1
63/63 - 60s - loss: 1.1056e-06 - mean_squared_error: 1.4995e-06 - val_loss: 1.3620e-07 - val_mean_squared_error: 1.3620e-07 - 60s/epoch - 951ms/step
Epoch 10/13

Epoch 00010: mean_squared_error improved from 0.00000 to 0.00000, saving model to /gpfswork/rech/ynx/uds36vp/repos/wf-SEDs/HD_projected_optimisation/wf-outputs/chkp/8_bins/chkp_callback_poly_9_cycles_256_proj_d2_45z_2_cycle1
63/63 - 60s - loss: 1.0957e-06 - mean_squared_error: 1.4914e-06 - val_loss: 1.2777e-07 - val_mean_squared_error: 1.2777e-07 - 60s/epoch - 946ms/step
Epoch 11/13

Epoch 00011: mean_squared_error improved from 0.00000 to 0.00000, saving model to /gpfswork/rech/ynx/uds36vp/repos/wf-SEDs/HD_projected_optimisation/wf-outputs/chkp/8_bins/chkp_callback_poly_9_cycles_256_proj_d2_45z_2_cycle1
63/63 - 59s - loss: 1.0860e-06 - mean_squared_error: 1.4834e-06 - val_loss: 1.1950e-07 - val_mean_squared_error: 1.1950e-07 - 59s/epoch - 938ms/step
Epoch 12/13

Epoch 00012: mean_squared_error improved from 0.00000 to 0.00000, saving model to /gpfswork/rech/ynx/uds36vp/repos/wf-SEDs/HD_projected_optimisation/wf-outputs/chkp/8_bins/chkp_callback_poly_9_cycles_256_proj_d2_45z_2_cycle1
63/63 - 60s - loss: 1.0769e-06 - mean_squared_error: 1.4760e-06 - val_loss: 1.1238e-07 - val_mean_squared_error: 1.1238e-07 - 60s/epoch - 946ms/step
Epoch 13/13

Epoch 00013: mean_squared_error improved from 0.00000 to 0.00000, saving model to /gpfswork/rech/ynx/uds36vp/repos/wf-SEDs/HD_projected_optimisation/wf-outputs/chkp/8_bins/chkp_callback_poly_9_cycles_256_proj_d2_45z_2_cycle1
63/63 - 59s - loss: 1.0682e-06 - mean_squared_error: 1.4687e-06 - val_loss: 1.0403e-07 - val_mean_squared_error: 1.0403e-07 - 59s/epoch - 935ms/step
Cycle1 elapsed time: 1016.815066
Project non-param DD features onto param model: done!
Starting cycle 2..
Starting parametric update..
Epoch 1/4

Epoch 00001: mean_squared_error improved from inf to 0.00000, saving model to /gpfswork/rech/ynx/uds36vp/repos/wf-SEDs/HD_projected_optimisation/wf-outputs/chkp/8_bins/chkp_callback_poly_9_cycles_256_proj_d2_45z_2_cycle2
63/63 - 60s - loss: 1.0823e-06 - mean_squared_error: 1.4799e-06 - val_loss: 1.3384e-07 - val_mean_squared_error: 1.3384e-07 - 60s/epoch - 959ms/step
Epoch 2/4

Epoch 00002: mean_squared_error did not improve from 0.00000
63/63 - 58s - loss: 1.1406e-06 - mean_squared_error: 1.5301e-06 - val_loss: 1.7976e-07 - val_mean_squared_error: 1.7976e-07 - 58s/epoch - 917ms/step
Epoch 3/4

Epoch 00003: mean_squared_error did not improve from 0.00000
63/63 - 58s - loss: 1.2379e-06 - mean_squared_error: 1.6092e-06 - val_loss: 2.3063e-07 - val_mean_squared_error: 2.3063e-07 - 58s/epoch - 923ms/step
Epoch 4/4

Epoch 00004: mean_squared_error did not improve from 0.00000
63/63 - 59s - loss: 1.3314e-06 - mean_squared_error: 1.6744e-06 - val_loss: 2.6325e-07 - val_mean_squared_error: 2.6325e-07 - 59s/epoch - 934ms/step
Starting non-parametric update..
Epoch 1/13

Epoch 00001: mean_squared_error did not improve from 0.00000
63/63 - 66s - loss: 1.1441e-06 - mean_squared_error: 1.5361e-06 - val_loss: 1.2746e-07 - val_mean_squared_error: 1.2746e-07 - 66s/epoch - 1s/step
Epoch 2/13

Epoch 00002: mean_squared_error improved from 0.00000 to 0.00000, saving model to /gpfswork/rech/ynx/uds36vp/repos/wf-SEDs/HD_projected_optimisation/wf-outputs/chkp/8_bins/chkp_callback_poly_9_cycles_256_proj_d2_45z_2_cycle2
63/63 - 63s - loss: 1.0781e-06 - mean_squared_error: 1.4774e-06 - val_loss: 1.0990e-07 - val_mean_squared_error: 1.0990e-07 - 63s/epoch - 995ms/step
Epoch 3/13

Epoch 00003: mean_squared_error improved from 0.00000 to 0.00000, saving model to /gpfswork/rech/ynx/uds36vp/repos/wf-SEDs/HD_projected_optimisation/wf-outputs/chkp/8_bins/chkp_callback_poly_9_cycles_256_proj_d2_45z_2_cycle2
63/63 - 63s - loss: 1.0647e-06 - mean_squared_error: 1.4660e-06 - val_loss: 1.0154e-07 - val_mean_squared_error: 1.0154e-07 - 63s/epoch - 1s/step
Epoch 4/13

Epoch 00004: mean_squared_error improved from 0.00000 to 0.00000, saving model to /gpfswork/rech/ynx/uds36vp/repos/wf-SEDs/HD_projected_optimisation/wf-outputs/chkp/8_bins/chkp_callback_poly_9_cycles_256_proj_d2_45z_2_cycle2
63/63 - 63s - loss: 1.0563e-06 - mean_squared_error: 1.4591e-06 - val_loss: 9.4764e-08 - val_mean_squared_error: 9.4764e-08 - 63s/epoch - 1s/step
Epoch 5/13

Epoch 00005: mean_squared_error improved from 0.00000 to 0.00000, saving model to /gpfswork/rech/ynx/uds36vp/repos/wf-SEDs/HD_projected_optimisation/wf-outputs/chkp/8_bins/chkp_callback_poly_9_cycles_256_proj_d2_45z_2_cycle2
63/63 - 63s - loss: 1.0497e-06 - mean_squared_error: 1.4536e-06 - val_loss: 8.9546e-08 - val_mean_squared_error: 8.9546e-08 - 63s/epoch - 1s/step
Epoch 6/13

Epoch 00006: mean_squared_error improved from 0.00000 to 0.00000, saving model to /gpfswork/rech/ynx/uds36vp/repos/wf-SEDs/HD_projected_optimisation/wf-outputs/chkp/8_bins/chkp_callback_poly_9_cycles_256_proj_d2_45z_2_cycle2
63/63 - 64s - loss: 1.0441e-06 - mean_squared_error: 1.4488e-06 - val_loss: 8.4664e-08 - val_mean_squared_error: 8.4664e-08 - 64s/epoch - 1s/step
Epoch 7/13

Epoch 00007: mean_squared_error improved from 0.00000 to 0.00000, saving model to /gpfswork/rech/ynx/uds36vp/repos/wf-SEDs/HD_projected_optimisation/wf-outputs/chkp/8_bins/chkp_callback_poly_9_cycles_256_proj_d2_45z_2_cycle2
63/63 - 63s - loss: 1.0389e-06 - mean_squared_error: 1.4446e-06 - val_loss: 8.0348e-08 - val_mean_squared_error: 8.0348e-08 - 63s/epoch - 1s/step
Epoch 8/13

Epoch 00008: mean_squared_error improved from 0.00000 to 0.00000, saving model to /gpfswork/rech/ynx/uds36vp/repos/wf-SEDs/HD_projected_optimisation/wf-outputs/chkp/8_bins/chkp_callback_poly_9_cycles_256_proj_d2_45z_2_cycle2
63/63 - 64s - loss: 1.0343e-06 - mean_squared_error: 1.4408e-06 - val_loss: 7.6588e-08 - val_mean_squared_error: 7.6588e-08 - 64s/epoch - 1s/step
Epoch 9/13

Epoch 00009: mean_squared_error improved from 0.00000 to 0.00000, saving model to /gpfswork/rech/ynx/uds36vp/repos/wf-SEDs/HD_projected_optimisation/wf-outputs/chkp/8_bins/chkp_callback_poly_9_cycles_256_proj_d2_45z_2_cycle2
63/63 - 62s - loss: 1.0299e-06 - mean_squared_error: 1.4372e-06 - val_loss: 7.3018e-08 - val_mean_squared_error: 7.3018e-08 - 62s/epoch - 990ms/step
Epoch 10/13

Epoch 00010: mean_squared_error improved from 0.00000 to 0.00000, saving model to /gpfswork/rech/ynx/uds36vp/repos/wf-SEDs/HD_projected_optimisation/wf-outputs/chkp/8_bins/chkp_callback_poly_9_cycles_256_proj_d2_45z_2_cycle2
63/63 - 62s - loss: 1.0261e-06 - mean_squared_error: 1.4340e-06 - val_loss: 6.9702e-08 - val_mean_squared_error: 6.9702e-08 - 62s/epoch - 985ms/step
Epoch 11/13

Epoch 00011: mean_squared_error improved from 0.00000 to 0.00000, saving model to /gpfswork/rech/ynx/uds36vp/repos/wf-SEDs/HD_projected_optimisation/wf-outputs/chkp/8_bins/chkp_callback_poly_9_cycles_256_proj_d2_45z_2_cycle2
63/63 - 62s - loss: 1.0227e-06 - mean_squared_error: 1.4312e-06 - val_loss: 6.6874e-08 - val_mean_squared_error: 6.6874e-08 - 62s/epoch - 985ms/step
Epoch 12/13

Epoch 00012: mean_squared_error improved from 0.00000 to 0.00000, saving model to /gpfswork/rech/ynx/uds36vp/repos/wf-SEDs/HD_projected_optimisation/wf-outputs/chkp/8_bins/chkp_callback_poly_9_cycles_256_proj_d2_45z_2_cycle2
63/63 - 62s - loss: 1.0195e-06 - mean_squared_error: 1.4284e-06 - val_loss: 6.4342e-08 - val_mean_squared_error: 6.4342e-08 - 62s/epoch - 986ms/step
Epoch 13/13

Epoch 00013: mean_squared_error improved from 0.00000 to 0.00000, saving model to /gpfswork/rech/ynx/uds36vp/repos/wf-SEDs/HD_projected_optimisation/wf-outputs/chkp/8_bins/chkp_callback_poly_9_cycles_256_proj_d2_45z_2_cycle2
63/63 - 63s - loss: 1.0166e-06 - mean_squared_error: 1.4260e-06 - val_loss: 6.1866e-08 - val_mean_squared_error: 6.1866e-08 - 63s/epoch - 993ms/step
Cycle2 elapsed time: 1060.2211191654205
Project non-param DD features onto param model: done!
Starting cycle 3..
Starting parametric update..
Epoch 1/4

Epoch 00001: mean_squared_error improved from inf to 0.00000, saving model to /gpfswork/rech/ynx/uds36vp/repos/wf-SEDs/HD_projected_optimisation/wf-outputs/chkp/8_bins/chkp_callback_poly_9_cycles_256_proj_d2_45z_2_cycle3
63/63 - 61s - loss: 1.0289e-06 - mean_squared_error: 1.4360e-06 - val_loss: 7.6104e-08 - val_mean_squared_error: 7.6104e-08 - 61s/epoch - 966ms/step
Epoch 2/4

Epoch 00002: mean_squared_error did not improve from 0.00000
63/63 - 58s - loss: 1.0841e-06 - mean_squared_error: 1.4825e-06 - val_loss: 3.1193e-07 - val_mean_squared_error: 3.1193e-07 - 58s/epoch - 926ms/step
Epoch 3/4

Epoch 00003: mean_squared_error did not improve from 0.00000
63/63 - 58s - loss: 1.3276e-06 - mean_squared_error: 1.6863e-06 - val_loss: 1.8538e-07 - val_mean_squared_error: 1.8538e-07 - 58s/epoch - 925ms/step
Epoch 4/4

Epoch 00004: mean_squared_error did not improve from 0.00000
63/63 - 58s - loss: 1.1228e-06 - mean_squared_error: 1.5135e-06 - val_loss: 8.7599e-08 - val_mean_squared_error: 8.7599e-08 - 58s/epoch - 925ms/step
Starting non-parametric update..
Epoch 1/13

Epoch 00001: mean_squared_error improved from 0.00000 to 0.00000, saving model to /gpfswork/rech/ynx/uds36vp/repos/wf-SEDs/HD_projected_optimisation/wf-outputs/chkp/8_bins/chkp_callback_poly_9_cycles_256_proj_d2_45z_2_cycle3
63/63 - 61s - loss: 1.0251e-06 - mean_squared_error: 1.4324e-06 - val_loss: 6.1960e-08 - val_mean_squared_error: 6.1960e-08 - 61s/epoch - 973ms/step
Epoch 2/13

Epoch 00002: mean_squared_error improved from 0.00000 to 0.00000, saving model to /gpfswork/rech/ynx/uds36vp/repos/wf-SEDs/HD_projected_optimisation/wf-outputs/chkp/8_bins/chkp_callback_poly_9_cycles_256_proj_d2_45z_2_cycle3
63/63 - 59s - loss: 1.0138e-06 - mean_squared_error: 1.4236e-06 - val_loss: 5.9758e-08 - val_mean_squared_error: 5.9758e-08 - 59s/epoch - 937ms/step
Epoch 3/13

Epoch 00003: mean_squared_error improved from 0.00000 to 0.00000, saving model to /gpfswork/rech/ynx/uds36vp/repos/wf-SEDs/HD_projected_optimisation/wf-outputs/chkp/8_bins/chkp_callback_poly_9_cycles_256_proj_d2_45z_2_cycle3
63/63 - 59s - loss: 1.0120e-06 - mean_squared_error: 1.4221e-06 - val_loss: 5.8460e-08 - val_mean_squared_error: 5.8460e-08 - 59s/epoch - 936ms/step
Epoch 4/13

Epoch 00004: mean_squared_error improved from 0.00000 to 0.00000, saving model to /gpfswork/rech/ynx/uds36vp/repos/wf-SEDs/HD_projected_optimisation/wf-outputs/chkp/8_bins/chkp_callback_poly_9_cycles_256_proj_d2_45z_2_cycle3
63/63 - 58s - loss: 1.0106e-06 - mean_squared_error: 1.4208e-06 - val_loss: 5.7031e-08 - val_mean_squared_error: 5.7031e-08 - 58s/epoch - 927ms/step
Epoch 5/13

Epoch 00005: mean_squared_error improved from 0.00000 to 0.00000, saving model to /gpfswork/rech/ynx/uds36vp/repos/wf-SEDs/HD_projected_optimisation/wf-outputs/chkp/8_bins/chkp_callback_poly_9_cycles_256_proj_d2_45z_2_cycle3
63/63 - 58s - loss: 1.0092e-06 - mean_squared_error: 1.4197e-06 - val_loss: 5.6045e-08 - val_mean_squared_error: 5.6045e-08 - 58s/epoch - 927ms/step
Epoch 6/13

Epoch 00006: mean_squared_error improved from 0.00000 to 0.00000, saving model to /gpfswork/rech/ynx/uds36vp/repos/wf-SEDs/HD_projected_optimisation/wf-outputs/chkp/8_bins/chkp_callback_poly_9_cycles_256_proj_d2_45z_2_cycle3
63/63 - 58s - loss: 1.0078e-06 - mean_squared_error: 1.4184e-06 - val_loss: 5.4587e-08 - val_mean_squared_error: 5.4587e-08 - 58s/epoch - 928ms/step
Epoch 7/13

Epoch 00007: mean_squared_error improved from 0.00000 to 0.00000, saving model to /gpfswork/rech/ynx/uds36vp/repos/wf-SEDs/HD_projected_optimisation/wf-outputs/chkp/8_bins/chkp_callback_poly_9_cycles_256_proj_d2_45z_2_cycle3
63/63 - 58s - loss: 1.0063e-06 - mean_squared_error: 1.4172e-06 - val_loss: 5.3449e-08 - val_mean_squared_error: 5.3449e-08 - 58s/epoch - 926ms/step
Epoch 8/13

Epoch 00008: mean_squared_error improved from 0.00000 to 0.00000, saving model to /gpfswork/rech/ynx/uds36vp/repos/wf-SEDs/HD_projected_optimisation/wf-outputs/chkp/8_bins/chkp_callback_poly_9_cycles_256_proj_d2_45z_2_cycle3
63/63 - 58s - loss: 1.0052e-06 - mean_squared_error: 1.4162e-06 - val_loss: 5.2315e-08 - val_mean_squared_error: 5.2315e-08 - 58s/epoch - 925ms/step
Epoch 9/13

Epoch 00009: mean_squared_error improved from 0.00000 to 0.00000, saving model to /gpfswork/rech/ynx/uds36vp/repos/wf-SEDs/HD_projected_optimisation/wf-outputs/chkp/8_bins/chkp_callback_poly_9_cycles_256_proj_d2_45z_2_cycle3
63/63 - 58s - loss: 1.0034e-06 - mean_squared_error: 1.4147e-06 - val_loss: 5.1181e-08 - val_mean_squared_error: 5.1181e-08 - 58s/epoch - 928ms/step
Epoch 10/13

Epoch 00010: mean_squared_error improved from 0.00000 to 0.00000, saving model to /gpfswork/rech/ynx/uds36vp/repos/wf-SEDs/HD_projected_optimisation/wf-outputs/chkp/8_bins/chkp_callback_poly_9_cycles_256_proj_d2_45z_2_cycle3
63/63 - 58s - loss: 1.0020e-06 - mean_squared_error: 1.4135e-06 - val_loss: 4.9412e-08 - val_mean_squared_error: 4.9412e-08 - 58s/epoch - 925ms/step
Epoch 11/13

Epoch 00011: mean_squared_error improved from 0.00000 to 0.00000, saving model to /gpfswork/rech/ynx/uds36vp/repos/wf-SEDs/HD_projected_optimisation/wf-outputs/chkp/8_bins/chkp_callback_poly_9_cycles_256_proj_d2_45z_2_cycle3
63/63 - 58s - loss: 1.0004e-06 - mean_squared_error: 1.4121e-06 - val_loss: 4.8400e-08 - val_mean_squared_error: 4.8400e-08 - 58s/epoch - 927ms/step
Epoch 12/13

Epoch 00012: mean_squared_error improved from 0.00000 to 0.00000, saving model to /gpfswork/rech/ynx/uds36vp/repos/wf-SEDs/HD_projected_optimisation/wf-outputs/chkp/8_bins/chkp_callback_poly_9_cycles_256_proj_d2_45z_2_cycle3
63/63 - 58s - loss: 9.9953e-07 - mean_squared_error: 1.4112e-06 - val_loss: 4.7094e-08 - val_mean_squared_error: 4.7094e-08 - 58s/epoch - 927ms/step
Epoch 13/13

Epoch 00013: mean_squared_error improved from 0.00000 to 0.00000, saving model to /gpfswork/rech/ynx/uds36vp/repos/wf-SEDs/HD_projected_optimisation/wf-outputs/chkp/8_bins/chkp_callback_poly_9_cycles_256_proj_d2_45z_2_cycle3
63/63 - 58s - loss: 9.9788e-07 - mean_squared_error: 1.4098e-06 - val_loss: 4.5779e-08 - val_mean_squared_error: 4.5779e-08 - 58s/epoch - 925ms/step
Cycle3 elapsed time: 1004.118757724762
Project non-param DD features onto param model: done!
Starting cycle 4..
Starting parametric update..
Epoch 1/4

Epoch 00001: mean_squared_error improved from inf to 0.00000, saving model to /gpfswork/rech/ynx/uds36vp/repos/wf-SEDs/HD_projected_optimisation/wf-outputs/chkp/8_bins/chkp_callback_poly_9_cycles_256_proj_d2_45z_2_cycle4
63/63 - 60s - loss: 1.0244e-06 - mean_squared_error: 1.4314e-06 - val_loss: 1.4310e-07 - val_mean_squared_error: 1.4310e-07 - 60s/epoch - 957ms/step
Epoch 2/4

Epoch 00002: mean_squared_error did not improve from 0.00000
63/63 - 58s - loss: 1.0860e-06 - mean_squared_error: 1.4794e-06 - val_loss: 7.5938e-08 - val_mean_squared_error: 7.5938e-08 - 58s/epoch - 924ms/step
Epoch 3/4

Epoch 00003: mean_squared_error did not improve from 0.00000
63/63 - 58s - loss: 1.0567e-06 - mean_squared_error: 1.4577e-06 - val_loss: 1.2296e-07 - val_mean_squared_error: 1.2296e-07 - 58s/epoch - 918ms/step
Epoch 4/4

Epoch 00004: mean_squared_error did not improve from 0.00000
63/63 - 59s - loss: 1.1184e-06 - mean_squared_error: 1.5099e-06 - val_loss: 1.1271e-07 - val_mean_squared_error: 1.1271e-07 - 59s/epoch - 938ms/step
Starting non-parametric update..
Epoch 1/13

Epoch 00001: mean_squared_error did not improve from 0.00000
63/63 - 66s - loss: 1.0279e-06 - mean_squared_error: 1.4343e-06 - val_loss: 5.1746e-08 - val_mean_squared_error: 5.1746e-08 - 66s/epoch - 1s/step
Epoch 2/13

Epoch 00002: mean_squared_error improved from 0.00000 to 0.00000, saving model to /gpfswork/rech/ynx/uds36vp/repos/wf-SEDs/HD_projected_optimisation/wf-outputs/chkp/8_bins/chkp_callback_poly_9_cycles_256_proj_d2_45z_2_cycle4
63/63 - 63s - loss: 1.0011e-06 - mean_squared_error: 1.4124e-06 - val_loss: 4.8028e-08 - val_mean_squared_error: 4.8028e-08 - 63s/epoch - 996ms/step
Epoch 3/13

Epoch 00003: mean_squared_error improved from 0.00000 to 0.00000, saving model to /gpfswork/rech/ynx/uds36vp/repos/wf-SEDs/HD_projected_optimisation/wf-outputs/chkp/8_bins/chkp_callback_poly_9_cycles_256_proj_d2_45z_2_cycle4
63/63 - 63s - loss: 9.9815e-07 - mean_squared_error: 1.4100e-06 - val_loss: 4.6090e-08 - val_mean_squared_error: 4.6090e-08 - 63s/epoch - 1s/step
Epoch 4/13

Epoch 00004: mean_squared_error improved from 0.00000 to 0.00000, saving model to /gpfswork/rech/ynx/uds36vp/repos/wf-SEDs/HD_projected_optimisation/wf-outputs/chkp/8_bins/chkp_callback_poly_9_cycles_256_proj_d2_45z_2_cycle4
63/63 - 63s - loss: 9.9649e-07 - mean_squared_error: 1.4086e-06 - val_loss: 4.4852e-08 - val_mean_squared_error: 4.4852e-08 - 63s/epoch - 996ms/step
Epoch 5/13

Epoch 00005: mean_squared_error improved from 0.00000 to 0.00000, saving model to /gpfswork/rech/ynx/uds36vp/repos/wf-SEDs/HD_projected_optimisation/wf-outputs/chkp/8_bins/chkp_callback_poly_9_cycles_256_proj_d2_45z_2_cycle4
63/63 - 63s - loss: 9.9531e-07 - mean_squared_error: 1.4076e-06 - val_loss: 4.4107e-08 - val_mean_squared_error: 4.4107e-08 - 63s/epoch - 995ms/step
Epoch 6/13

Epoch 00006: mean_squared_error improved from 0.00000 to 0.00000, saving model to /gpfswork/rech/ynx/uds36vp/repos/wf-SEDs/HD_projected_optimisation/wf-outputs/chkp/8_bins/chkp_callback_poly_9_cycles_256_proj_d2_45z_2_cycle4
63/63 - 63s - loss: 9.9439e-07 - mean_squared_error: 1.4068e-06 - val_loss: 4.2878e-08 - val_mean_squared_error: 4.2878e-08 - 63s/epoch - 1000ms/step
Epoch 7/13

Epoch 00007: mean_squared_error improved from 0.00000 to 0.00000, saving model to /gpfswork/rech/ynx/uds36vp/repos/wf-SEDs/HD_projected_optimisation/wf-outputs/chkp/8_bins/chkp_callback_poly_9_cycles_256_proj_d2_45z_2_cycle4
63/63 - 63s - loss: 9.9333e-07 - mean_squared_error: 1.4059e-06 - val_loss: 4.2225e-08 - val_mean_squared_error: 4.2225e-08 - 63s/epoch - 999ms/step
Epoch 8/13

Epoch 00008: mean_squared_error improved from 0.00000 to 0.00000, saving model to /gpfswork/rech/ynx/uds36vp/repos/wf-SEDs/HD_projected_optimisation/wf-outputs/chkp/8_bins/chkp_callback_poly_9_cycles_256_proj_d2_45z_2_cycle4
63/63 - 64s - loss: 9.9224e-07 - mean_squared_error: 1.4050e-06 - val_loss: 4.1150e-08 - val_mean_squared_error: 4.1150e-08 - 64s/epoch - 1s/step
Epoch 9/13

Epoch 00009: mean_squared_error improved from 0.00000 to 0.00000, saving model to /gpfswork/rech/ynx/uds36vp/repos/wf-SEDs/HD_projected_optimisation/wf-outputs/chkp/8_bins/chkp_callback_poly_9_cycles_256_proj_d2_45z_2_cycle4
63/63 - 63s - loss: 9.9120e-07 - mean_squared_error: 1.4040e-06 - val_loss: 4.0276e-08 - val_mean_squared_error: 4.0276e-08 - 63s/epoch - 1s/step
Epoch 10/13

Epoch 00010: mean_squared_error improved from 0.00000 to 0.00000, saving model to /gpfswork/rech/ynx/uds36vp/repos/wf-SEDs/HD_projected_optimisation/wf-outputs/chkp/8_bins/chkp_callback_poly_9_cycles_256_proj_d2_45z_2_cycle4
63/63 - 63s - loss: 9.9008e-07 - mean_squared_error: 1.4031e-06 - val_loss: 3.9500e-08 - val_mean_squared_error: 3.9500e-08 - 63s/epoch - 1s/step
Epoch 11/13

Epoch 00011: mean_squared_error improved from 0.00000 to 0.00000, saving model to /gpfswork/rech/ynx/uds36vp/repos/wf-SEDs/HD_projected_optimisation/wf-outputs/chkp/8_bins/chkp_callback_poly_9_cycles_256_proj_d2_45z_2_cycle4
63/63 - 63s - loss: 9.8934e-07 - mean_squared_error: 1.4024e-06 - val_loss: 3.8780e-08 - val_mean_squared_error: 3.8780e-08 - 63s/epoch - 996ms/step
Epoch 12/13

Epoch 00012: mean_squared_error improved from 0.00000 to 0.00000, saving model to /gpfswork/rech/ynx/uds36vp/repos/wf-SEDs/HD_projected_optimisation/wf-outputs/chkp/8_bins/chkp_callback_poly_9_cycles_256_proj_d2_45z_2_cycle4
63/63 - 63s - loss: 9.8829e-07 - mean_squared_error: 1.4014e-06 - val_loss: 3.7806e-08 - val_mean_squared_error: 3.7806e-08 - 63s/epoch - 997ms/step
Epoch 13/13

Epoch 00013: mean_squared_error improved from 0.00000 to 0.00000, saving model to /gpfswork/rech/ynx/uds36vp/repos/wf-SEDs/HD_projected_optimisation/wf-outputs/chkp/8_bins/chkp_callback_poly_9_cycles_256_proj_d2_45z_2_cycle4
63/63 - 63s - loss: 9.8752e-07 - mean_squared_error: 1.4008e-06 - val_loss: 3.6900e-08 - val_mean_squared_error: 3.6900e-08 - 63s/epoch - 1s/step
Cycle4 elapsed time: 1062.7563498020172
Project non-param DD features onto param model: done!
Starting cycle 5..
Starting parametric update..
Epoch 1/4

Epoch 00001: mean_squared_error improved from inf to 0.00000, saving model to /gpfswork/rech/ynx/uds36vp/repos/wf-SEDs/HD_projected_optimisation/wf-outputs/chkp/8_bins/chkp_callback_poly_9_cycles_256_proj_d2_45z_2_cycle5
63/63 - 60s - loss: 9.9584e-07 - mean_squared_error: 1.4079e-06 - val_loss: 5.4971e-08 - val_mean_squared_error: 5.4971e-08 - 60s/epoch - 954ms/step
Epoch 2/4

Epoch 00002: mean_squared_error did not improve from 0.00000
63/63 - 58s - loss: 1.0326e-06 - mean_squared_error: 1.4366e-06 - val_loss: 4.8462e-08 - val_mean_squared_error: 4.8462e-08 - 58s/epoch - 925ms/step
Epoch 3/4

Epoch 00003: mean_squared_error did not improve from 0.00000
63/63 - 59s - loss: 1.1220e-06 - mean_squared_error: 1.5064e-06 - val_loss: 9.5592e-08 - val_mean_squared_error: 9.5592e-08 - 59s/epoch - 931ms/step
Epoch 4/4

Epoch 00004: mean_squared_error did not improve from 0.00000
63/63 - 59s - loss: 1.1131e-06 - mean_squared_error: 1.5032e-06 - val_loss: 1.6111e-07 - val_mean_squared_error: 1.6111e-07 - 59s/epoch - 942ms/step
Starting non-parametric update..
Epoch 1/13

Epoch 00001: mean_squared_error did not improve from 0.00000
63/63 - 61s - loss: 1.0402e-06 - mean_squared_error: 1.4423e-06 - val_loss: 4.4224e-08 - val_mean_squared_error: 4.4224e-08 - 61s/epoch - 963ms/step
Epoch 2/13

Epoch 00002: mean_squared_error improved from 0.00000 to 0.00000, saving model to /gpfswork/rech/ynx/uds36vp/repos/wf-SEDs/HD_projected_optimisation/wf-outputs/chkp/8_bins/chkp_callback_poly_9_cycles_256_proj_d2_45z_2_cycle5
63/63 - 58s - loss: 9.9200e-07 - mean_squared_error: 1.4047e-06 - val_loss: 3.9408e-08 - val_mean_squared_error: 3.9408e-08 - 58s/epoch - 913ms/step
Epoch 3/13

Epoch 00003: mean_squared_error improved from 0.00000 to 0.00000, saving model to /gpfswork/rech/ynx/uds36vp/repos/wf-SEDs/HD_projected_optimisation/wf-outputs/chkp/8_bins/chkp_callback_poly_9_cycles_256_proj_d2_45z_2_cycle5
63/63 - 58s - loss: 9.8837e-07 - mean_squared_error: 1.4017e-06 - val_loss: 3.7519e-08 - val_mean_squared_error: 3.7519e-08 - 58s/epoch - 913ms/step
Epoch 4/13

Epoch 00004: mean_squared_error improved from 0.00000 to 0.00000, saving model to /gpfswork/rech/ynx/uds36vp/repos/wf-SEDs/HD_projected_optimisation/wf-outputs/chkp/8_bins/chkp_callback_poly_9_cycles_256_proj_d2_45z_2_cycle5
63/63 - 58s - loss: 9.8684e-07 - mean_squared_error: 1.4003e-06 - val_loss: 3.6376e-08 - val_mean_squared_error: 3.6376e-08 - 58s/epoch - 915ms/step
Epoch 5/13

Epoch 00005: mean_squared_error improved from 0.00000 to 0.00000, saving model to /gpfswork/rech/ynx/uds36vp/repos/wf-SEDs/HD_projected_optimisation/wf-outputs/chkp/8_bins/chkp_callback_poly_9_cycles_256_proj_d2_45z_2_cycle5
63/63 - 58s - loss: 9.8593e-07 - mean_squared_error: 1.3995e-06 - val_loss: 3.5611e-08 - val_mean_squared_error: 3.5611e-08 - 58s/epoch - 915ms/step
Epoch 6/13

Epoch 00006: mean_squared_error improved from 0.00000 to 0.00000, saving model to /gpfswork/rech/ynx/uds36vp/repos/wf-SEDs/HD_projected_optimisation/wf-outputs/chkp/8_bins/chkp_callback_poly_9_cycles_256_proj_d2_45z_2_cycle5
63/63 - 58s - loss: 9.8492e-07 - mean_squared_error: 1.3986e-06 - val_loss: 3.5249e-08 - val_mean_squared_error: 3.5249e-08 - 58s/epoch - 913ms/step
Epoch 7/13

Epoch 00007: mean_squared_error improved from 0.00000 to 0.00000, saving model to /gpfswork/rech/ynx/uds36vp/repos/wf-SEDs/HD_projected_optimisation/wf-outputs/chkp/8_bins/chkp_callback_poly_9_cycles_256_proj_d2_45z_2_cycle5
63/63 - 58s - loss: 9.8440e-07 - mean_squared_error: 1.3981e-06 - val_loss: 3.4395e-08 - val_mean_squared_error: 3.4395e-08 - 58s/epoch - 916ms/step
Epoch 8/13

Epoch 00008: mean_squared_error improved from 0.00000 to 0.00000, saving model to /gpfswork/rech/ynx/uds36vp/repos/wf-SEDs/HD_projected_optimisation/wf-outputs/chkp/8_bins/chkp_callback_poly_9_cycles_256_proj_d2_45z_2_cycle5
63/63 - 58s - loss: 9.8367e-07 - mean_squared_error: 1.3975e-06 - val_loss: 3.3642e-08 - val_mean_squared_error: 3.3642e-08 - 58s/epoch - 916ms/step
Epoch 9/13

Epoch 00009: mean_squared_error improved from 0.00000 to 0.00000, saving model to /gpfswork/rech/ynx/uds36vp/repos/wf-SEDs/HD_projected_optimisation/wf-outputs/chkp/8_bins/chkp_callback_poly_9_cycles_256_proj_d2_45z_2_cycle5
63/63 - 58s - loss: 9.8277e-07 - mean_squared_error: 1.3967e-06 - val_loss: 3.3038e-08 - val_mean_squared_error: 3.3038e-08 - 58s/epoch - 918ms/step
Epoch 10/13

Epoch 00010: mean_squared_error improved from 0.00000 to 0.00000, saving model to /gpfswork/rech/ynx/uds36vp/repos/wf-SEDs/HD_projected_optimisation/wf-outputs/chkp/8_bins/chkp_callback_poly_9_cycles_256_proj_d2_45z_2_cycle5
63/63 - 58s - loss: 9.8232e-07 - mean_squared_error: 1.3962e-06 - val_loss: 3.2297e-08 - val_mean_squared_error: 3.2297e-08 - 58s/epoch - 926ms/step
Epoch 11/13

Epoch 00011: mean_squared_error improved from 0.00000 to 0.00000, saving model to /gpfswork/rech/ynx/uds36vp/repos/wf-SEDs/HD_projected_optimisation/wf-outputs/chkp/8_bins/chkp_callback_poly_9_cycles_256_proj_d2_45z_2_cycle5
63/63 - 57s - loss: 9.8139e-07 - mean_squared_error: 1.3954e-06 - val_loss: 3.1521e-08 - val_mean_squared_error: 3.1521e-08 - 57s/epoch - 907ms/step
Epoch 12/13

Epoch 00012: mean_squared_error improved from 0.00000 to 0.00000, saving model to /gpfswork/rech/ynx/uds36vp/repos/wf-SEDs/HD_projected_optimisation/wf-outputs/chkp/8_bins/chkp_callback_poly_9_cycles_256_proj_d2_45z_2_cycle5
63/63 - 57s - loss: 9.8088e-07 - mean_squared_error: 1.3949e-06 - val_loss: 3.1202e-08 - val_mean_squared_error: 3.1202e-08 - 57s/epoch - 905ms/step
Epoch 13/13

Epoch 00013: mean_squared_error improved from 0.00000 to 0.00000, saving model to /gpfswork/rech/ynx/uds36vp/repos/wf-SEDs/HD_projected_optimisation/wf-outputs/chkp/8_bins/chkp_callback_poly_9_cycles_256_proj_d2_45z_2_cycle5
63/63 - 57s - loss: 9.8050e-07 - mean_squared_error: 1.3945e-06 - val_loss: 3.0486e-08 - val_mean_squared_error: 3.0486e-08 - 57s/epoch - 906ms/step
Cycle5 elapsed time: 992.9944677352905
Project non-param DD features onto param model: done!
Starting cycle 6..
Starting parametric update..
Epoch 1/4

Epoch 00001: mean_squared_error improved from inf to 0.00000, saving model to /gpfswork/rech/ynx/uds36vp/repos/wf-SEDs/HD_projected_optimisation/wf-outputs/chkp/8_bins/chkp_callback_poly_9_cycles_256_proj_d2_45z_2_cycle6
63/63 - 66s - loss: 9.8920e-07 - mean_squared_error: 1.4019e-06 - val_loss: 3.8477e-08 - val_mean_squared_error: 3.8477e-08 - 66s/epoch - 1s/step
Epoch 2/4

Epoch 00002: mean_squared_error did not improve from 0.00000
63/63 - 64s - loss: 9.9615e-07 - mean_squared_error: 1.4079e-06 - val_loss: 3.9489e-08 - val_mean_squared_error: 3.9489e-08 - 64s/epoch - 1s/step
Epoch 3/4

Epoch 00003: mean_squared_error did not improve from 0.00000
63/63 - 63s - loss: 1.1343e-06 - mean_squared_error: 1.5159e-06 - val_loss: 1.2500e-07 - val_mean_squared_error: 1.2500e-07 - 63s/epoch - 1s/step
Epoch 4/4

Epoch 00004: mean_squared_error did not improve from 0.00000
63/63 - 65s - loss: 1.0566e-06 - mean_squared_error: 1.4597e-06 - val_loss: 5.5693e-08 - val_mean_squared_error: 5.5693e-08 - 65s/epoch - 1s/step
Starting non-parametric update..
Epoch 1/13

Epoch 00001: mean_squared_error improved from 0.00000 to 0.00000, saving model to /gpfswork/rech/ynx/uds36vp/repos/wf-SEDs/HD_projected_optimisation/wf-outputs/chkp/8_bins/chkp_callback_poly_9_cycles_256_proj_d2_45z_2_cycle6
63/63 - 61s - loss: 9.8953e-07 - mean_squared_error: 1.4012e-06 - val_loss: 3.1480e-08 - val_mean_squared_error: 3.1480e-08 - 61s/epoch - 966ms/step
Epoch 2/13

Epoch 00002: mean_squared_error improved from 0.00000 to 0.00000, saving model to /gpfswork/rech/ynx/uds36vp/repos/wf-SEDs/HD_projected_optimisation/wf-outputs/chkp/8_bins/chkp_callback_poly_9_cycles_256_proj_d2_45z_2_cycle6
63/63 - 58s - loss: 9.7991e-07 - mean_squared_error: 1.3941e-06 - val_loss: 3.0490e-08 - val_mean_squared_error: 3.0490e-08 - 58s/epoch - 916ms/step
Epoch 3/13

Epoch 00003: mean_squared_error improved from 0.00000 to 0.00000, saving model to /gpfswork/rech/ynx/uds36vp/repos/wf-SEDs/HD_projected_optimisation/wf-outputs/chkp/8_bins/chkp_callback_poly_9_cycles_256_proj_d2_45z_2_cycle6
63/63 - 57s - loss: 9.7912e-07 - mean_squared_error: 1.3935e-06 - val_loss: 3.0050e-08 - val_mean_squared_error: 3.0050e-08 - 57s/epoch - 904ms/step
Epoch 4/13

Epoch 00004: mean_squared_error improved from 0.00000 to 0.00000, saving model to /gpfswork/rech/ynx/uds36vp/repos/wf-SEDs/HD_projected_optimisation/wf-outputs/chkp/8_bins/chkp_callback_poly_9_cycles_256_proj_d2_45z_2_cycle6
63/63 - 57s - loss: 9.7866e-07 - mean_squared_error: 1.3930e-06 - val_loss: 2.9629e-08 - val_mean_squared_error: 2.9629e-08 - 57s/epoch - 907ms/step
Epoch 5/13

Epoch 00005: mean_squared_error improved from 0.00000 to 0.00000, saving model to /gpfswork/rech/ynx/uds36vp/repos/wf-SEDs/HD_projected_optimisation/wf-outputs/chkp/8_bins/chkp_callback_poly_9_cycles_256_proj_d2_45z_2_cycle6
63/63 - 58s - loss: 9.7795e-07 - mean_squared_error: 1.3925e-06 - val_loss: 2.8821e-08 - val_mean_squared_error: 2.8821e-08 - 58s/epoch - 925ms/step
Epoch 6/13

Epoch 00006: mean_squared_error improved from 0.00000 to 0.00000, saving model to /gpfswork/rech/ynx/uds36vp/repos/wf-SEDs/HD_projected_optimisation/wf-outputs/chkp/8_bins/chkp_callback_poly_9_cycles_256_proj_d2_45z_2_cycle6
63/63 - 57s - loss: 9.7766e-07 - mean_squared_error: 1.3922e-06 - val_loss: 2.8741e-08 - val_mean_squared_error: 2.8741e-08 - 57s/epoch - 909ms/step
Epoch 7/13

Epoch 00007: mean_squared_error improved from 0.00000 to 0.00000, saving model to /gpfswork/rech/ynx/uds36vp/repos/wf-SEDs/HD_projected_optimisation/wf-outputs/chkp/8_bins/chkp_callback_poly_9_cycles_256_proj_d2_45z_2_cycle6
63/63 - 57s - loss: 9.7716e-07 - mean_squared_error: 1.3917e-06 - val_loss: 2.8161e-08 - val_mean_squared_error: 2.8161e-08 - 57s/epoch - 907ms/step
Epoch 8/13

Epoch 00008: mean_squared_error improved from 0.00000 to 0.00000, saving model to /gpfswork/rech/ynx/uds36vp/repos/wf-SEDs/HD_projected_optimisation/wf-outputs/chkp/8_bins/chkp_callback_poly_9_cycles_256_proj_d2_45z_2_cycle6
63/63 - 57s - loss: 9.7688e-07 - mean_squared_error: 1.3914e-06 - val_loss: 2.7814e-08 - val_mean_squared_error: 2.7814e-08 - 57s/epoch - 912ms/step
Epoch 9/13

Epoch 00009: mean_squared_error improved from 0.00000 to 0.00000, saving model to /gpfswork/rech/ynx/uds36vp/repos/wf-SEDs/HD_projected_optimisation/wf-outputs/chkp/8_bins/chkp_callback_poly_9_cycles_256_proj_d2_45z_2_cycle6
63/63 - 58s - loss: 9.7641e-07 - mean_squared_error: 1.3909e-06 - val_loss: 2.7591e-08 - val_mean_squared_error: 2.7591e-08 - 58s/epoch - 914ms/step
Epoch 10/13

Epoch 00010: mean_squared_error improved from 0.00000 to 0.00000, saving model to /gpfswork/rech/ynx/uds36vp/repos/wf-SEDs/HD_projected_optimisation/wf-outputs/chkp/8_bins/chkp_callback_poly_9_cycles_256_proj_d2_45z_2_cycle6
63/63 - 57s - loss: 9.7590e-07 - mean_squared_error: 1.3905e-06 - val_loss: 2.7151e-08 - val_mean_squared_error: 2.7151e-08 - 57s/epoch - 912ms/step
Epoch 11/13

Epoch 00011: mean_squared_error improved from 0.00000 to 0.00000, saving model to /gpfswork/rech/ynx/uds36vp/repos/wf-SEDs/HD_projected_optimisation/wf-outputs/chkp/8_bins/chkp_callback_poly_9_cycles_256_proj_d2_45z_2_cycle6
63/63 - 59s - loss: 9.7538e-07 - mean_squared_error: 1.3900e-06 - val_loss: 2.6662e-08 - val_mean_squared_error: 2.6662e-08 - 59s/epoch - 932ms/step
Epoch 12/13

Epoch 00012: mean_squared_error improved from 0.00000 to 0.00000, saving model to /gpfswork/rech/ynx/uds36vp/repos/wf-SEDs/HD_projected_optimisation/wf-outputs/chkp/8_bins/chkp_callback_poly_9_cycles_256_proj_d2_45z_2_cycle6
63/63 - 57s - loss: 9.7519e-07 - mean_squared_error: 1.3898e-06 - val_loss: 2.6895e-08 - val_mean_squared_error: 2.6895e-08 - 57s/epoch - 905ms/step
Epoch 13/13

Epoch 00013: mean_squared_error improved from 0.00000 to 0.00000, saving model to /gpfswork/rech/ynx/uds36vp/repos/wf-SEDs/HD_projected_optimisation/wf-outputs/chkp/8_bins/chkp_callback_poly_9_cycles_256_proj_d2_45z_2_cycle6
63/63 - 57s - loss: 9.7482e-07 - mean_squared_error: 1.3894e-06 - val_loss: 2.6850e-08 - val_mean_squared_error: 2.6850e-08 - 57s/epoch - 912ms/step
Cycle6 elapsed time: 1014.3952913284302
Project non-param DD features onto param model: done!
Starting cycle 7..
Starting parametric update..
Epoch 1/4

Epoch 00001: mean_squared_error improved from inf to 0.00000, saving model to /gpfswork/rech/ynx/uds36vp/repos/wf-SEDs/HD_projected_optimisation/wf-outputs/chkp/8_bins/chkp_callback_poly_9_cycles_256_proj_d2_45z_2_cycle7
63/63 - 61s - loss: 9.8085e-07 - mean_squared_error: 1.3943e-06 - val_loss: 3.4680e-08 - val_mean_squared_error: 3.4680e-08 - 61s/epoch - 962ms/step
Epoch 2/4

Epoch 00002: mean_squared_error did not improve from 0.00000
63/63 - 58s - loss: 9.9044e-07 - mean_squared_error: 1.4023e-06 - val_loss: 6.2761e-08 - val_mean_squared_error: 6.2761e-08 - 58s/epoch - 918ms/step
Epoch 3/4

Epoch 00003: mean_squared_error did not improve from 0.00000
63/63 - 58s - loss: 1.0360e-06 - mean_squared_error: 1.4397e-06 - val_loss: 1.0001e-07 - val_mean_squared_error: 1.0001e-07 - 58s/epoch - 920ms/step
Epoch 4/4

Epoch 00004: mean_squared_error did not improve from 0.00000
63/63 - 58s - loss: 1.0854e-06 - mean_squared_error: 1.4813e-06 - val_loss: 2.4087e-07 - val_mean_squared_error: 2.4087e-07 - 58s/epoch - 915ms/step
Starting non-parametric update..
Epoch 1/13

Epoch 00001: mean_squared_error did not improve from 0.00000
63/63 - 64s - loss: 1.0531e-06 - mean_squared_error: 1.4507e-06 - val_loss: 3.4588e-08 - val_mean_squared_error: 3.4588e-08 - 64s/epoch - 1s/step
Epoch 2/13

Epoch 00002: mean_squared_error improved from 0.00000 to 0.00000, saving model to /gpfswork/rech/ynx/uds36vp/repos/wf-SEDs/HD_projected_optimisation/wf-outputs/chkp/8_bins/chkp_callback_poly_9_cycles_256_proj_d2_45z_2_cycle7
63/63 - 61s - loss: 9.8068e-07 - mean_squared_error: 1.3943e-06 - val_loss: 2.8612e-08 - val_mean_squared_error: 2.8612e-08 - 61s/epoch - 976ms/step
Epoch 3/13

Epoch 00003: mean_squared_error improved from 0.00000 to 0.00000, saving model to /gpfswork/rech/ynx/uds36vp/repos/wf-SEDs/HD_projected_optimisation/wf-outputs/chkp/8_bins/chkp_callback_poly_9_cycles_256_proj_d2_45z_2_cycle7
63/63 - 62s - loss: 9.7658e-07 - mean_squared_error: 1.3910e-06 - val_loss: 2.6951e-08 - val_mean_squared_error: 2.6951e-08 - 62s/epoch - 979ms/step
Epoch 4/13

Epoch 00004: mean_squared_error improved from 0.00000 to 0.00000, saving model to /gpfswork/rech/ynx/uds36vp/repos/wf-SEDs/HD_projected_optimisation/wf-outputs/chkp/8_bins/chkp_callback_poly_9_cycles_256_proj_d2_45z_2_cycle7
63/63 - 61s - loss: 9.7506e-07 - mean_squared_error: 1.3898e-06 - val_loss: 2.6029e-08 - val_mean_squared_error: 2.6029e-08 - 61s/epoch - 961ms/step
Epoch 5/13

Epoch 00005: mean_squared_error improved from 0.00000 to 0.00000, saving model to /gpfswork/rech/ynx/uds36vp/repos/wf-SEDs/HD_projected_optimisation/wf-outputs/chkp/8_bins/chkp_callback_poly_9_cycles_256_proj_d2_45z_2_cycle7
63/63 - 61s - loss: 9.7421e-07 - mean_squared_error: 1.3890e-06 - val_loss: 2.5690e-08 - val_mean_squared_error: 2.5690e-08 - 61s/epoch - 969ms/step
Epoch 6/13

Epoch 00006: mean_squared_error improved from 0.00000 to 0.00000, saving model to /gpfswork/rech/ynx/uds36vp/repos/wf-SEDs/HD_projected_optimisation/wf-outputs/chkp/8_bins/chkp_callback_poly_9_cycles_256_proj_d2_45z_2_cycle7
63/63 - 61s - loss: 9.7378e-07 - mean_squared_error: 1.3886e-06 - val_loss: 2.5162e-08 - val_mean_squared_error: 2.5162e-08 - 61s/epoch - 975ms/step
Epoch 7/13

Epoch 00007: mean_squared_error improved from 0.00000 to 0.00000, saving model to /gpfswork/rech/ynx/uds36vp/repos/wf-SEDs/HD_projected_optimisation/wf-outputs/chkp/8_bins/chkp_callback_poly_9_cycles_256_proj_d2_45z_2_cycle7
63/63 - 61s - loss: 9.7325e-07 - mean_squared_error: 1.3882e-06 - val_loss: 2.4731e-08 - val_mean_squared_error: 2.4731e-08 - 61s/epoch - 973ms/step
Epoch 8/13

Epoch 00008: mean_squared_error improved from 0.00000 to 0.00000, saving model to /gpfswork/rech/ynx/uds36vp/repos/wf-SEDs/HD_projected_optimisation/wf-outputs/chkp/8_bins/chkp_callback_poly_9_cycles_256_proj_d2_45z_2_cycle7
63/63 - 61s - loss: 9.7273e-07 - mean_squared_error: 1.3877e-06 - val_loss: 2.4931e-08 - val_mean_squared_error: 2.4931e-08 - 61s/epoch - 970ms/step
Epoch 9/13

Epoch 00009: mean_squared_error improved from 0.00000 to 0.00000, saving model to /gpfswork/rech/ynx/uds36vp/repos/wf-SEDs/HD_projected_optimisation/wf-outputs/chkp/8_bins/chkp_callback_poly_9_cycles_256_proj_d2_45z_2_cycle7
63/63 - 62s - loss: 9.7255e-07 - mean_squared_error: 1.3875e-06 - val_loss: 2.4180e-08 - val_mean_squared_error: 2.4180e-08 - 62s/epoch - 979ms/step
Epoch 10/13

Epoch 00010: mean_squared_error improved from 0.00000 to 0.00000, saving model to /gpfswork/rech/ynx/uds36vp/repos/wf-SEDs/HD_projected_optimisation/wf-outputs/chkp/8_bins/chkp_callback_poly_9_cycles_256_proj_d2_45z_2_cycle7
63/63 - 62s - loss: 9.7207e-07 - mean_squared_error: 1.3870e-06 - val_loss: 2.3714e-08 - val_mean_squared_error: 2.3714e-08 - 62s/epoch - 978ms/step
Epoch 11/13

Epoch 00011: mean_squared_error improved from 0.00000 to 0.00000, saving model to /gpfswork/rech/ynx/uds36vp/repos/wf-SEDs/HD_projected_optimisation/wf-outputs/chkp/8_bins/chkp_callback_poly_9_cycles_256_proj_d2_45z_2_cycle7
63/63 - 61s - loss: 9.7204e-07 - mean_squared_error: 1.3870e-06 - val_loss: 2.3455e-08 - val_mean_squared_error: 2.3455e-08 - 61s/epoch - 975ms/step
Epoch 12/13

Epoch 00012: mean_squared_error improved from 0.00000 to 0.00000, saving model to /gpfswork/rech/ynx/uds36vp/repos/wf-SEDs/HD_projected_optimisation/wf-outputs/chkp/8_bins/chkp_callback_poly_9_cycles_256_proj_d2_45z_2_cycle7
63/63 - 61s - loss: 9.7175e-07 - mean_squared_error: 1.3867e-06 - val_loss: 2.3316e-08 - val_mean_squared_error: 2.3316e-08 - 61s/epoch - 974ms/step
Epoch 13/13

Epoch 00013: mean_squared_error did not improve from 0.00000
63/63 - 61s - loss: 9.7268e-07 - mean_squared_error: 1.3873e-06 - val_loss: 2.3260e-08 - val_mean_squared_error: 2.3260e-08 - 61s/epoch - 975ms/step
Cycle7 elapsed time: 1039.5285086631775
Project non-param DD features onto param model: done!
Starting cycle 8..
Starting parametric update..
Epoch 1/4

Epoch 00001: mean_squared_error improved from inf to 0.00000, saving model to /gpfswork/rech/ynx/uds36vp/repos/wf-SEDs/HD_projected_optimisation/wf-outputs/chkp/8_bins/chkp_callback_poly_9_cycles_256_proj_d2_45z_2_cycle8
63/63 - 61s - loss: 9.7488e-07 - mean_squared_error: 1.3895e-06 - val_loss: 2.6698e-08 - val_mean_squared_error: 2.6698e-08 - 61s/epoch - 973ms/step
Epoch 2/4

Epoch 00002: mean_squared_error did not improve from 0.00000
63/63 - 58s - loss: 9.9111e-07 - mean_squared_error: 1.4031e-06 - val_loss: 4.4458e-08 - val_mean_squared_error: 4.4458e-08 - 58s/epoch - 928ms/step
Epoch 3/4

Epoch 00003: mean_squared_error did not improve from 0.00000
63/63 - 58s - loss: 1.0140e-06 - mean_squared_error: 1.4200e-06 - val_loss: 5.6268e-08 - val_mean_squared_error: 5.6268e-08 - 58s/epoch - 913ms/step
Epoch 4/4

Epoch 00004: mean_squared_error did not improve from 0.00000
63/63 - 58s - loss: 1.0158e-06 - mean_squared_error: 1.4217e-06 - val_loss: 9.2364e-08 - val_mean_squared_error: 9.2364e-08 - 58s/epoch - 920ms/step
Starting non-parametric update..
Epoch 1/13

Epoch 00001: mean_squared_error did not improve from 0.00000
63/63 - 62s - loss: 9.8728e-07 - mean_squared_error: 1.3999e-06 - val_loss: 2.4008e-08 - val_mean_squared_error: 2.4008e-08 - 62s/epoch - 985ms/step
Epoch 2/13

Epoch 00002: mean_squared_error improved from 0.00000 to 0.00000, saving model to /gpfswork/rech/ynx/uds36vp/repos/wf-SEDs/HD_projected_optimisation/wf-outputs/chkp/8_bins/chkp_callback_poly_9_cycles_256_proj_d2_45z_2_cycle8
63/63 - 58s - loss: 9.7095e-07 - mean_squared_error: 1.3861e-06 - val_loss: 2.2804e-08 - val_mean_squared_error: 2.2804e-08 - 58s/epoch - 917ms/step
Epoch 3/13

Epoch 00003: mean_squared_error improved from 0.00000 to 0.00000, saving model to /gpfswork/rech/ynx/uds36vp/repos/wf-SEDs/HD_projected_optimisation/wf-outputs/chkp/8_bins/chkp_callback_poly_9_cycles_256_proj_d2_45z_2_cycle8
63/63 - 58s - loss: 9.7027e-07 - mean_squared_error: 1.3855e-06 - val_loss: 2.2301e-08 - val_mean_squared_error: 2.2301e-08 - 58s/epoch - 917ms/step
Epoch 4/13

Epoch 00004: mean_squared_error improved from 0.00000 to 0.00000, saving model to /gpfswork/rech/ynx/uds36vp/repos/wf-SEDs/HD_projected_optimisation/wf-outputs/chkp/8_bins/chkp_callback_poly_9_cycles_256_proj_d2_45z_2_cycle8
63/63 - 58s - loss: 9.6999e-07 - mean_squared_error: 1.3852e-06 - val_loss: 2.2148e-08 - val_mean_squared_error: 2.2148e-08 - 58s/epoch - 926ms/step
Epoch 5/13

Epoch 00005: mean_squared_error improved from 0.00000 to 0.00000, saving model to /gpfswork/rech/ynx/uds36vp/repos/wf-SEDs/HD_projected_optimisation/wf-outputs/chkp/8_bins/chkp_callback_poly_9_cycles_256_proj_d2_45z_2_cycle8
63/63 - 58s - loss: 9.6979e-07 - mean_squared_error: 1.3850e-06 - val_loss: 2.1793e-08 - val_mean_squared_error: 2.1793e-08 - 58s/epoch - 920ms/step
Epoch 6/13

Epoch 00006: mean_squared_error improved from 0.00000 to 0.00000, saving model to /gpfswork/rech/ynx/uds36vp/repos/wf-SEDs/HD_projected_optimisation/wf-outputs/chkp/8_bins/chkp_callback_poly_9_cycles_256_proj_d2_45z_2_cycle8
63/63 - 58s - loss: 9.6956e-07 - mean_squared_error: 1.3848e-06 - val_loss: 2.1695e-08 - val_mean_squared_error: 2.1695e-08 - 58s/epoch - 927ms/step
Epoch 7/13

Epoch 00007: mean_squared_error improved from 0.00000 to 0.00000, saving model to /gpfswork/rech/ynx/uds36vp/repos/wf-SEDs/HD_projected_optimisation/wf-outputs/chkp/8_bins/chkp_callback_poly_9_cycles_256_proj_d2_45z_2_cycle8
63/63 - 58s - loss: 9.6929e-07 - mean_squared_error: 1.3846e-06 - val_loss: 2.1384e-08 - val_mean_squared_error: 2.1384e-08 - 58s/epoch - 920ms/step
Epoch 8/13

Epoch 00008: mean_squared_error improved from 0.00000 to 0.00000, saving model to /gpfswork/rech/ynx/uds36vp/repos/wf-SEDs/HD_projected_optimisation/wf-outputs/chkp/8_bins/chkp_callback_poly_9_cycles_256_proj_d2_45z_2_cycle8
63/63 - 59s - loss: 9.6924e-07 - mean_squared_error: 1.3845e-06 - val_loss: 2.1577e-08 - val_mean_squared_error: 2.1577e-08 - 59s/epoch - 940ms/step
Epoch 9/13

Epoch 00009: mean_squared_error improved from 0.00000 to 0.00000, saving model to /gpfswork/rech/ynx/uds36vp/repos/wf-SEDs/HD_projected_optimisation/wf-outputs/chkp/8_bins/chkp_callback_poly_9_cycles_256_proj_d2_45z_2_cycle8
63/63 - 58s - loss: 9.6916e-07 - mean_squared_error: 1.3843e-06 - val_loss: 2.1120e-08 - val_mean_squared_error: 2.1120e-08 - 58s/epoch - 928ms/step
Epoch 10/13

Epoch 00010: mean_squared_error improved from 0.00000 to 0.00000, saving model to /gpfswork/rech/ynx/uds36vp/repos/wf-SEDs/HD_projected_optimisation/wf-outputs/chkp/8_bins/chkp_callback_poly_9_cycles_256_proj_d2_45z_2_cycle8
63/63 - 58s - loss: 9.6882e-07 - mean_squared_error: 1.3840e-06 - val_loss: 2.1489e-08 - val_mean_squared_error: 2.1489e-08 - 58s/epoch - 924ms/step
Epoch 11/13

Epoch 00011: mean_squared_error improved from 0.00000 to 0.00000, saving model to /gpfswork/rech/ynx/uds36vp/repos/wf-SEDs/HD_projected_optimisation/wf-outputs/chkp/8_bins/chkp_callback_poly_9_cycles_256_proj_d2_45z_2_cycle8
63/63 - 58s - loss: 9.6872e-07 - mean_squared_error: 1.3840e-06 - val_loss: 2.0827e-08 - val_mean_squared_error: 2.0827e-08 - 58s/epoch - 919ms/step
Epoch 12/13

Epoch 00012: mean_squared_error improved from 0.00000 to 0.00000, saving model to /gpfswork/rech/ynx/uds36vp/repos/wf-SEDs/HD_projected_optimisation/wf-outputs/chkp/8_bins/chkp_callback_poly_9_cycles_256_proj_d2_45z_2_cycle8
63/63 - 58s - loss: 9.6850e-07 - mean_squared_error: 1.3838e-06 - val_loss: 2.0639e-08 - val_mean_squared_error: 2.0639e-08 - 58s/epoch - 919ms/step
Epoch 13/13

Epoch 00013: mean_squared_error improved from 0.00000 to 0.00000, saving model to /gpfswork/rech/ynx/uds36vp/repos/wf-SEDs/HD_projected_optimisation/wf-outputs/chkp/8_bins/chkp_callback_poly_9_cycles_256_proj_d2_45z_2_cycle8
63/63 - 58s - loss: 9.6854e-07 - mean_squared_error: 1.3837e-06 - val_loss: 1.9993e-08 - val_mean_squared_error: 1.9993e-08 - 58s/epoch - 917ms/step
Cycle8 elapsed time: 1000.2792367935181
Project non-param DD features onto param model: done!
Starting cycle 9..
Starting parametric update..
Epoch 1/10

Epoch 00001: mean_squared_error improved from inf to 0.00000, saving model to /gpfswork/rech/ynx/uds36vp/repos/wf-SEDs/HD_projected_optimisation/wf-outputs/chkp/8_bins/chkp_callback_poly_9_cycles_256_proj_d2_45z_2_cycle9
63/63 - 61s - loss: 9.7061e-07 - mean_squared_error: 1.3857e-06 - val_loss: 2.7037e-08 - val_mean_squared_error: 2.7037e-08 - 61s/epoch - 967ms/step
Epoch 2/10

Epoch 00002: mean_squared_error did not improve from 0.00000
63/63 - 58s - loss: 9.9513e-07 - mean_squared_error: 1.4051e-06 - val_loss: 6.6953e-08 - val_mean_squared_error: 6.6953e-08 - 58s/epoch - 922ms/step
Epoch 3/10

Epoch 00003: mean_squared_error did not improve from 0.00000
63/63 - 57s - loss: 9.9815e-07 - mean_squared_error: 1.4082e-06 - val_loss: 6.0906e-08 - val_mean_squared_error: 6.0906e-08 - 57s/epoch - 913ms/step
Epoch 4/10

Epoch 00004: mean_squared_error did not improve from 0.00000
63/63 - 58s - loss: 9.8726e-07 - mean_squared_error: 1.3995e-06 - val_loss: 3.4930e-08 - val_mean_squared_error: 3.4930e-08 - 58s/epoch - 920ms/step
Epoch 5/10

Epoch 00005: mean_squared_error did not improve from 0.00000
63/63 - 58s - loss: 1.0323e-06 - mean_squared_error: 1.4261e-06 - val_loss: 8.4080e-07 - val_mean_squared_error: 8.4080e-07 - 58s/epoch - 913ms/step
Epoch 6/10

Epoch 00006: mean_squared_error did not improve from 0.00000
63/63 - 58s - loss: 1.3114e-06 - mean_squared_error: 1.6674e-06 - val_loss: 7.9008e-08 - val_mean_squared_error: 7.9008e-08 - 58s/epoch - 922ms/step
Epoch 7/10

Epoch 00007: mean_squared_error did not improve from 0.00000
63/63 - 58s - loss: 9.8909e-07 - mean_squared_error: 1.4013e-06 - val_loss: 2.7546e-08 - val_mean_squared_error: 2.7546e-08 - 58s/epoch - 925ms/step
Epoch 8/10

Epoch 00008: mean_squared_error did not improve from 0.00000
63/63 - 58s - loss: 9.7594e-07 - mean_squared_error: 1.3900e-06 - val_loss: 3.1613e-08 - val_mean_squared_error: 3.1613e-08 - 58s/epoch - 919ms/step
Epoch 9/10

Epoch 00009: mean_squared_error did not improve from 0.00000
63/63 - 58s - loss: 1.0047e-06 - mean_squared_error: 1.4131e-06 - val_loss: 6.1239e-08 - val_mean_squared_error: 6.1239e-08 - 58s/epoch - 915ms/step
Epoch 10/10

Epoch 00010: mean_squared_error did not improve from 0.00000
63/63 - 58s - loss: 1.0980e-06 - mean_squared_error: 1.4892e-06 - val_loss: 2.1816e-07 - val_mean_squared_error: 2.1816e-07 - 58s/epoch - 917ms/step
Starting non-parametric update..
Epoch 1/50

Epoch 00001: mean_squared_error did not improve from 0.00000
63/63 - 60s - loss: 1.0645e-06 - mean_squared_error: 1.4604e-06 - val_loss: 3.8392e-08 - val_mean_squared_error: 3.8392e-08 - 60s/epoch - 956ms/step
Epoch 2/50

Epoch 00002: mean_squared_error did not improve from 0.00000
63/63 - 58s - loss: 9.8120e-07 - mean_squared_error: 1.3948e-06 - val_loss: 2.7796e-08 - val_mean_squared_error: 2.7796e-08 - 58s/epoch - 916ms/step
Epoch 3/50

Epoch 00003: mean_squared_error did not improve from 0.00000
63/63 - 57s - loss: 9.7426e-07 - mean_squared_error: 1.3890e-06 - val_loss: 2.4526e-08 - val_mean_squared_error: 2.4526e-08 - 57s/epoch - 909ms/step
Epoch 4/50

Epoch 00004: mean_squared_error did not improve from 0.00000
63/63 - 57s - loss: 9.7169e-07 - mean_squared_error: 1.3867e-06 - val_loss: 2.3409e-08 - val_mean_squared_error: 2.3409e-08 - 57s/epoch - 904ms/step
Epoch 5/50

Epoch 00005: mean_squared_error did not improve from 0.00000
63/63 - 57s - loss: 9.7063e-07 - mean_squared_error: 1.3857e-06 - val_loss: 2.2282e-08 - val_mean_squared_error: 2.2282e-08 - 57s/epoch - 907ms/step
Epoch 6/50

Epoch 00006: mean_squared_error improved from 0.00000 to 0.00000, saving model to /gpfswork/rech/ynx/uds36vp/repos/wf-SEDs/HD_projected_optimisation/wf-outputs/chkp/8_bins/chkp_callback_poly_9_cycles_256_proj_d2_45z_2_cycle9
63/63 - 57s - loss: 9.6943e-07 - mean_squared_error: 1.3847e-06 - val_loss: 2.1495e-08 - val_mean_squared_error: 2.1495e-08 - 57s/epoch - 905ms/step
Epoch 7/50

Epoch 00007: mean_squared_error improved from 0.00000 to 0.00000, saving model to /gpfswork/rech/ynx/uds36vp/repos/wf-SEDs/HD_projected_optimisation/wf-outputs/chkp/8_bins/chkp_callback_poly_9_cycles_256_proj_d2_45z_2_cycle9
63/63 - 57s - loss: 9.6891e-07 - mean_squared_error: 1.3842e-06 - val_loss: 2.1394e-08 - val_mean_squared_error: 2.1394e-08 - 57s/epoch - 910ms/step
Epoch 8/50

Epoch 00008: mean_squared_error improved from 0.00000 to 0.00000, saving model to /gpfswork/rech/ynx/uds36vp/repos/wf-SEDs/HD_projected_optimisation/wf-outputs/chkp/8_bins/chkp_callback_poly_9_cycles_256_proj_d2_45z_2_cycle9
63/63 - 57s - loss: 9.6849e-07 - mean_squared_error: 1.3837e-06 - val_loss: 2.0466e-08 - val_mean_squared_error: 2.0466e-08 - 57s/epoch - 906ms/step
Epoch 9/50

Epoch 00009: mean_squared_error improved from 0.00000 to 0.00000, saving model to /gpfswork/rech/ynx/uds36vp/repos/wf-SEDs/HD_projected_optimisation/wf-outputs/chkp/8_bins/chkp_callback_poly_9_cycles_256_proj_d2_45z_2_cycle9
63/63 - 57s - loss: 9.6796e-07 - mean_squared_error: 1.3833e-06 - val_loss: 2.0216e-08 - val_mean_squared_error: 2.0216e-08 - 57s/epoch - 913ms/step
Epoch 10/50

Epoch 00010: mean_squared_error improved from 0.00000 to 0.00000, saving model to /gpfswork/rech/ynx/uds36vp/repos/wf-SEDs/HD_projected_optimisation/wf-outputs/chkp/8_bins/chkp_callback_poly_9_cycles_256_proj_d2_45z_2_cycle9
63/63 - 58s - loss: 9.6753e-07 - mean_squared_error: 1.3829e-06 - val_loss: 1.9854e-08 - val_mean_squared_error: 1.9854e-08 - 58s/epoch - 918ms/step
Epoch 11/50

Epoch 00011: mean_squared_error improved from 0.00000 to 0.00000, saving model to /gpfswork/rech/ynx/uds36vp/repos/wf-SEDs/HD_projected_optimisation/wf-outputs/chkp/8_bins/chkp_callback_poly_9_cycles_256_proj_d2_45z_2_cycle9
63/63 - 58s - loss: 9.6724e-07 - mean_squared_error: 1.3826e-06 - val_loss: 1.9586e-08 - val_mean_squared_error: 1.9586e-08 - 58s/epoch - 919ms/step
Epoch 12/50

Epoch 00012: mean_squared_error did not improve from 0.00000
63/63 - 58s - loss: 9.6728e-07 - mean_squared_error: 1.3826e-06 - val_loss: 1.9987e-08 - val_mean_squared_error: 1.9987e-08 - 58s/epoch - 917ms/step
Epoch 13/50

Epoch 00013: mean_squared_error improved from 0.00000 to 0.00000, saving model to /gpfswork/rech/ynx/uds36vp/repos/wf-SEDs/HD_projected_optimisation/wf-outputs/chkp/8_bins/chkp_callback_poly_9_cycles_256_proj_d2_45z_2_cycle9
63/63 - 58s - loss: 9.6724e-07 - mean_squared_error: 1.3824e-06 - val_loss: 1.9654e-08 - val_mean_squared_error: 1.9654e-08 - 58s/epoch - 918ms/step
Epoch 14/50

Epoch 00014: mean_squared_error improved from 0.00000 to 0.00000, saving model to /gpfswork/rech/ynx/uds36vp/repos/wf-SEDs/HD_projected_optimisation/wf-outputs/chkp/8_bins/chkp_callback_poly_9_cycles_256_proj_d2_45z_2_cycle9
63/63 - 58s - loss: 9.6714e-07 - mean_squared_error: 1.3824e-06 - val_loss: 1.8948e-08 - val_mean_squared_error: 1.8948e-08 - 58s/epoch - 918ms/step
Epoch 15/50

Epoch 00015: mean_squared_error improved from 0.00000 to 0.00000, saving model to /gpfswork/rech/ynx/uds36vp/repos/wf-SEDs/HD_projected_optimisation/wf-outputs/chkp/8_bins/chkp_callback_poly_9_cycles_256_proj_d2_45z_2_cycle9
63/63 - 59s - loss: 9.6650e-07 - mean_squared_error: 1.3818e-06 - val_loss: 1.8568e-08 - val_mean_squared_error: 1.8568e-08 - 59s/epoch - 934ms/step
Epoch 16/50

Epoch 00016: mean_squared_error improved from 0.00000 to 0.00000, saving model to /gpfswork/rech/ynx/uds36vp/repos/wf-SEDs/HD_projected_optimisation/wf-outputs/chkp/8_bins/chkp_callback_poly_9_cycles_256_proj_d2_45z_2_cycle9
63/63 - 58s - loss: 9.6652e-07 - mean_squared_error: 1.3817e-06 - val_loss: 1.8597e-08 - val_mean_squared_error: 1.8597e-08 - 58s/epoch - 914ms/step
Epoch 17/50

Epoch 00017: mean_squared_error improved from 0.00000 to 0.00000, saving model to /gpfswork/rech/ynx/uds36vp/repos/wf-SEDs/HD_projected_optimisation/wf-outputs/chkp/8_bins/chkp_callback_poly_9_cycles_256_proj_d2_45z_2_cycle9
63/63 - 58s - loss: 9.6601e-07 - mean_squared_error: 1.3813e-06 - val_loss: 1.8492e-08 - val_mean_squared_error: 1.8492e-08 - 58s/epoch - 926ms/step
Epoch 18/50

Epoch 00018: mean_squared_error did not improve from 0.00000
63/63 - 58s - loss: 9.6649e-07 - mean_squared_error: 1.3817e-06 - val_loss: 1.8183e-08 - val_mean_squared_error: 1.8183e-08 - 58s/epoch - 917ms/step
Epoch 19/50

Epoch 00019: mean_squared_error did not improve from 0.00000
63/63 - 58s - loss: 9.6607e-07 - mean_squared_error: 1.3814e-06 - val_loss: 1.8409e-08 - val_mean_squared_error: 1.8409e-08 - 58s/epoch - 915ms/step
Epoch 20/50

Epoch 00020: mean_squared_error did not improve from 0.00000
63/63 - 58s - loss: 9.6683e-07 - mean_squared_error: 1.3818e-06 - val_loss: 1.8429e-08 - val_mean_squared_error: 1.8429e-08 - 58s/epoch - 918ms/step
Epoch 21/50

Epoch 00021: mean_squared_error improved from 0.00000 to 0.00000, saving model to /gpfswork/rech/ynx/uds36vp/repos/wf-SEDs/HD_projected_optimisation/wf-outputs/chkp/8_bins/chkp_callback_poly_9_cycles_256_proj_d2_45z_2_cycle9
63/63 - 58s - loss: 9.6570e-07 - mean_squared_error: 1.3809e-06 - val_loss: 1.8653e-08 - val_mean_squared_error: 1.8653e-08 - 58s/epoch - 916ms/step
Epoch 22/50

Epoch 00022: mean_squared_error improved from 0.00000 to 0.00000, saving model to /gpfswork/rech/ynx/uds36vp/repos/wf-SEDs/HD_projected_optimisation/wf-outputs/chkp/8_bins/chkp_callback_poly_9_cycles_256_proj_d2_45z_2_cycle9
63/63 - 58s - loss: 9.6567e-07 - mean_squared_error: 1.3808e-06 - val_loss: 1.7583e-08 - val_mean_squared_error: 1.7583e-08 - 58s/epoch - 921ms/step
Epoch 23/50

Epoch 00023: mean_squared_error improved from 0.00000 to 0.00000, saving model to /gpfswork/rech/ynx/uds36vp/repos/wf-SEDs/HD_projected_optimisation/wf-outputs/chkp/8_bins/chkp_callback_poly_9_cycles_256_proj_d2_45z_2_cycle9
63/63 - 58s - loss: 9.6555e-07 - mean_squared_error: 1.3808e-06 - val_loss: 1.7936e-08 - val_mean_squared_error: 1.7936e-08 - 58s/epoch - 916ms/step
Epoch 24/50

Epoch 00024: mean_squared_error improved from 0.00000 to 0.00000, saving model to /gpfswork/rech/ynx/uds36vp/repos/wf-SEDs/HD_projected_optimisation/wf-outputs/chkp/8_bins/chkp_callback_poly_9_cycles_256_proj_d2_45z_2_cycle9
63/63 - 59s - loss: 9.6474e-07 - mean_squared_error: 1.3801e-06 - val_loss: 1.7199e-08 - val_mean_squared_error: 1.7199e-08 - 59s/epoch - 933ms/step
Epoch 25/50

Epoch 00025: mean_squared_error did not improve from 0.00000
63/63 - 57s - loss: 9.6518e-07 - mean_squared_error: 1.3805e-06 - val_loss: 1.7122e-08 - val_mean_squared_error: 1.7122e-08 - 57s/epoch - 912ms/step
Epoch 26/50

Epoch 00026: mean_squared_error improved from 0.00000 to 0.00000, saving model to /gpfswork/rech/ynx/uds36vp/repos/wf-SEDs/HD_projected_optimisation/wf-outputs/chkp/8_bins/chkp_callback_poly_9_cycles_256_proj_d2_45z_2_cycle9
63/63 - 57s - loss: 9.6428e-07 - mean_squared_error: 1.3798e-06 - val_loss: 1.6884e-08 - val_mean_squared_error: 1.6884e-08 - 57s/epoch - 909ms/step
Epoch 27/50

Epoch 00027: mean_squared_error did not improve from 0.00000
63/63 - 57s - loss: 9.6507e-07 - mean_squared_error: 1.3801e-06 - val_loss: 1.7702e-08 - val_mean_squared_error: 1.7702e-08 - 57s/epoch - 913ms/step
Epoch 28/50

Epoch 00028: mean_squared_error did not improve from 0.00000
63/63 - 57s - loss: 9.6666e-07 - mean_squared_error: 1.3813e-06 - val_loss: 1.7035e-08 - val_mean_squared_error: 1.7035e-08 - 57s/epoch - 912ms/step
Epoch 29/50

Epoch 00029: mean_squared_error improved from 0.00000 to 0.00000, saving model to /gpfswork/rech/ynx/uds36vp/repos/wf-SEDs/HD_projected_optimisation/wf-outputs/chkp/8_bins/chkp_callback_poly_9_cycles_256_proj_d2_45z_2_cycle9
63/63 - 58s - loss: 9.6430e-07 - mean_squared_error: 1.3796e-06 - val_loss: 1.6362e-08 - val_mean_squared_error: 1.6362e-08 - 58s/epoch - 913ms/step
Epoch 30/50

Epoch 00030: mean_squared_error improved from 0.00000 to 0.00000, saving model to /gpfswork/rech/ynx/uds36vp/repos/wf-SEDs/HD_projected_optimisation/wf-outputs/chkp/8_bins/chkp_callback_poly_9_cycles_256_proj_d2_45z_2_cycle9
63/63 - 57s - loss: 9.6328e-07 - mean_squared_error: 1.3789e-06 - val_loss: 1.6121e-08 - val_mean_squared_error: 1.6121e-08 - 57s/epoch - 912ms/step
Epoch 31/50

Epoch 00031: mean_squared_error did not improve from 0.00000
63/63 - 58s - loss: 9.6390e-07 - mean_squared_error: 1.3793e-06 - val_loss: 1.6581e-08 - val_mean_squared_error: 1.6581e-08 - 58s/epoch - 914ms/step
Epoch 32/50

Epoch 00032: mean_squared_error improved from 0.00000 to 0.00000, saving model to /gpfswork/rech/ynx/uds36vp/repos/wf-SEDs/HD_projected_optimisation/wf-outputs/chkp/8_bins/chkp_callback_poly_9_cycles_256_proj_d2_45z_2_cycle9
63/63 - 57s - loss: 9.6327e-07 - mean_squared_error: 1.3788e-06 - val_loss: 1.6623e-08 - val_mean_squared_error: 1.6623e-08 - 57s/epoch - 912ms/step
Epoch 33/50

Epoch 00033: mean_squared_error did not improve from 0.00000
63/63 - 57s - loss: 9.6341e-07 - mean_squared_error: 1.3790e-06 - val_loss: 1.6191e-08 - val_mean_squared_error: 1.6191e-08 - 57s/epoch - 912ms/step
Epoch 34/50

Epoch 00034: mean_squared_error improved from 0.00000 to 0.00000, saving model to /gpfswork/rech/ynx/uds36vp/repos/wf-SEDs/HD_projected_optimisation/wf-outputs/chkp/8_bins/chkp_callback_poly_9_cycles_256_proj_d2_45z_2_cycle9
63/63 - 57s - loss: 9.6309e-07 - mean_squared_error: 1.3787e-06 - val_loss: 1.5311e-08 - val_mean_squared_error: 1.5311e-08 - 57s/epoch - 910ms/step
Epoch 35/50

Epoch 00035: mean_squared_error did not improve from 0.00000
63/63 - 57s - loss: 9.6323e-07 - mean_squared_error: 1.3787e-06 - val_loss: 1.6152e-08 - val_mean_squared_error: 1.6152e-08 - 57s/epoch - 907ms/step
Epoch 36/50

Epoch 00036: mean_squared_error did not improve from 0.00000
63/63 - 58s - loss: 9.6335e-07 - mean_squared_error: 1.3788e-06 - val_loss: 1.5776e-08 - val_mean_squared_error: 1.5776e-08 - 58s/epoch - 914ms/step
Epoch 37/50

Epoch 00037: mean_squared_error did not improve from 0.00000
63/63 - 57s - loss: 9.6442e-07 - mean_squared_error: 1.3795e-06 - val_loss: 1.6196e-08 - val_mean_squared_error: 1.6196e-08 - 57s/epoch - 911ms/step
Epoch 38/50

Epoch 00038: mean_squared_error did not improve from 0.00000
63/63 - 57s - loss: 9.6792e-07 - mean_squared_error: 1.3823e-06 - val_loss: 1.6022e-08 - val_mean_squared_error: 1.6022e-08 - 57s/epoch - 910ms/step
Epoch 39/50

Epoch 00039: mean_squared_error did not improve from 0.00000
63/63 - 58s - loss: 9.6368e-07 - mean_squared_error: 1.3790e-06 - val_loss: 1.5205e-08 - val_mean_squared_error: 1.5205e-08 - 58s/epoch - 913ms/step
Epoch 40/50

Epoch 00040: mean_squared_error did not improve from 0.00000
63/63 - 57s - loss: 9.6370e-07 - mean_squared_error: 1.3789e-06 - val_loss: 1.5021e-08 - val_mean_squared_error: 1.5021e-08 - 57s/epoch - 913ms/step
Epoch 41/50

Epoch 00041: mean_squared_error improved from 0.00000 to 0.00000, saving model to /gpfswork/rech/ynx/uds36vp/repos/wf-SEDs/HD_projected_optimisation/wf-outputs/chkp/8_bins/chkp_callback_poly_9_cycles_256_proj_d2_45z_2_cycle9
63/63 - 58s - loss: 9.6243e-07 - mean_squared_error: 1.3779e-06 - val_loss: 1.5231e-08 - val_mean_squared_error: 1.5231e-08 - 58s/epoch - 914ms/step
Epoch 42/50

Epoch 00042: mean_squared_error did not improve from 0.00000
63/63 - 58s - loss: 9.6284e-07 - mean_squared_error: 1.3782e-06 - val_loss: 1.5029e-08 - val_mean_squared_error: 1.5029e-08 - 58s/epoch - 913ms/step
Epoch 43/50

Epoch 00043: mean_squared_error improved from 0.00000 to 0.00000, saving model to /gpfswork/rech/ynx/uds36vp/repos/wf-SEDs/HD_projected_optimisation/wf-outputs/chkp/8_bins/chkp_callback_poly_9_cycles_256_proj_d2_45z_2_cycle9
63/63 - 57s - loss: 9.6164e-07 - mean_squared_error: 1.3773e-06 - val_loss: 1.4927e-08 - val_mean_squared_error: 1.4927e-08 - 57s/epoch - 912ms/step
Epoch 44/50

Epoch 00044: mean_squared_error improved from 0.00000 to 0.00000, saving model to /gpfswork/rech/ynx/uds36vp/repos/wf-SEDs/HD_projected_optimisation/wf-outputs/chkp/8_bins/chkp_callback_poly_9_cycles_256_proj_d2_45z_2_cycle9
63/63 - 58s - loss: 9.6148e-07 - mean_squared_error: 1.3773e-06 - val_loss: 1.4989e-08 - val_mean_squared_error: 1.4989e-08 - 58s/epoch - 925ms/step
Epoch 45/50

Epoch 00045: mean_squared_error did not improve from 0.00000
63/63 - 58s - loss: 9.6196e-07 - mean_squared_error: 1.3774e-06 - val_loss: 1.4972e-08 - val_mean_squared_error: 1.4972e-08 - 58s/epoch - 915ms/step
Epoch 46/50

Epoch 00046: mean_squared_error did not improve from 0.00000
63/63 - 59s - loss: 9.6244e-07 - mean_squared_error: 1.3779e-06 - val_loss: 1.4385e-08 - val_mean_squared_error: 1.4385e-08 - 59s/epoch - 930ms/step
Epoch 47/50

Epoch 00047: mean_squared_error improved from 0.00000 to 0.00000, saving model to /gpfswork/rech/ynx/uds36vp/repos/wf-SEDs/HD_projected_optimisation/wf-outputs/chkp/8_bins/chkp_callback_poly_9_cycles_256_proj_d2_45z_2_cycle9
63/63 - 58s - loss: 9.6159e-07 - mean_squared_error: 1.3772e-06 - val_loss: 1.4693e-08 - val_mean_squared_error: 1.4693e-08 - 58s/epoch - 916ms/step
Epoch 48/50

Epoch 00048: mean_squared_error did not improve from 0.00000
63/63 - 58s - loss: 9.6234e-07 - mean_squared_error: 1.3778e-06 - val_loss: 1.6034e-08 - val_mean_squared_error: 1.6034e-08 - 58s/epoch - 913ms/step
Epoch 49/50

Epoch 00049: mean_squared_error did not improve from 0.00000
63/63 - 58s - loss: 9.6355e-07 - mean_squared_error: 1.3787e-06 - val_loss: 1.4979e-08 - val_mean_squared_error: 1.4979e-08 - 58s/epoch - 914ms/step
Epoch 50/50

Epoch 00050: mean_squared_error did not improve from 0.00000
63/63 - 58s - loss: 9.6349e-07 - mean_squared_error: 1.3785e-06 - val_loss: 1.4628e-08 - val_mean_squared_error: 1.4628e-08 - 58s/epoch - 916ms/step
Cycle9 elapsed time: 3471.239938735962

Total elapsed time: 11668.643481

 Good bye..
