Starting the log file.
Found GPU at: /device:GPU:0
tf_version: 2.7.0
Zernike cube:
(45, 256, 256)
Dataset parameters:
{'d_max': 2, 'max_order': 45, 'x_lims': [0, 1000.0], 'y_lims': [0, 1000.0], 'grid_points': [4, 4], 'n_bins': 350, 'max_wfe_rms': 0.1, 'oversampling_rate': 3.0, 'output_Q': 3.0, 'output_dim': 32, 'LP_filter_length': 2, 'pupil_diameter': 256, 'euclid_obsc': True, 'n_stars': 2000}
Starting cycle 1..
Starting parametric update..
Epoch 1/10

Epoch 00001: mean_squared_error improved from inf to 0.00000, saving model to /gpfswork/rech/ynx/uds36vp/repos/wf-SEDs/HD_projected_optimisation/wf-outputs/chkp/8_bins/chkp_callback_poly_5_cycles_256_no_proj_d2_45z_3_cycle1
63/63 - 57s - loss: 3.7950e-06 - mean_squared_error: 3.8080e-06 - val_loss: 6.0070e-07 - val_mean_squared_error: 6.0070e-07 - 57s/epoch - 900ms/step
Epoch 2/10

Epoch 00002: mean_squared_error improved from 0.00000 to 0.00000, saving model to /gpfswork/rech/ynx/uds36vp/repos/wf-SEDs/HD_projected_optimisation/wf-outputs/chkp/8_bins/chkp_callback_poly_5_cycles_256_no_proj_d2_45z_3_cycle1
63/63 - 52s - loss: 1.4361e-06 - mean_squared_error: 1.7683e-06 - val_loss: 3.3766e-07 - val_mean_squared_error: 3.3766e-07 - 52s/epoch - 820ms/step
Epoch 3/10

Epoch 00003: mean_squared_error improved from 0.00000 to 0.00000, saving model to /gpfswork/rech/ynx/uds36vp/repos/wf-SEDs/HD_projected_optimisation/wf-outputs/chkp/8_bins/chkp_callback_poly_5_cycles_256_no_proj_d2_45z_3_cycle1
63/63 - 52s - loss: 1.3051e-06 - mean_squared_error: 1.6588e-06 - val_loss: 2.6618e-07 - val_mean_squared_error: 2.6618e-07 - 52s/epoch - 820ms/step
Epoch 4/10

Epoch 00004: mean_squared_error improved from 0.00000 to 0.00000, saving model to /gpfswork/rech/ynx/uds36vp/repos/wf-SEDs/HD_projected_optimisation/wf-outputs/chkp/8_bins/chkp_callback_poly_5_cycles_256_no_proj_d2_45z_3_cycle1
63/63 - 52s - loss: 1.2712e-06 - mean_squared_error: 1.6304e-06 - val_loss: 3.4944e-07 - val_mean_squared_error: 3.4944e-07 - 52s/epoch - 821ms/step
Epoch 5/10

Epoch 00005: mean_squared_error did not improve from 0.00000
63/63 - 52s - loss: 1.3315e-06 - mean_squared_error: 1.6820e-06 - val_loss: 4.1478e-07 - val_mean_squared_error: 4.1478e-07 - 52s/epoch - 819ms/step
Epoch 6/10

Epoch 00006: mean_squared_error did not improve from 0.00000
63/63 - 52s - loss: 1.3997e-06 - mean_squared_error: 1.7408e-06 - val_loss: 2.9174e-07 - val_mean_squared_error: 2.9174e-07 - 52s/epoch - 820ms/step
Epoch 7/10

Epoch 00007: mean_squared_error did not improve from 0.00000
63/63 - 52s - loss: 1.4697e-06 - mean_squared_error: 1.7900e-06 - val_loss: 5.6974e-07 - val_mean_squared_error: 5.6974e-07 - 52s/epoch - 820ms/step
Epoch 8/10

Epoch 00008: mean_squared_error did not improve from 0.00000
63/63 - 52s - loss: 1.4623e-06 - mean_squared_error: 1.7907e-06 - val_loss: 7.5509e-07 - val_mean_squared_error: 7.5509e-07 - 52s/epoch - 821ms/step
Epoch 9/10

Epoch 00009: mean_squared_error did not improve from 0.00000
63/63 - 52s - loss: 1.5540e-06 - mean_squared_error: 1.8723e-06 - val_loss: 2.8533e-07 - val_mean_squared_error: 2.8533e-07 - 52s/epoch - 819ms/step
Epoch 10/10

Epoch 00010: mean_squared_error did not improve from 0.00000
63/63 - 52s - loss: 1.4513e-06 - mean_squared_error: 1.7724e-06 - val_loss: 4.8458e-07 - val_mean_squared_error: 4.8458e-07 - 52s/epoch - 819ms/step
Starting non-parametric update..
Epoch 1/25

Epoch 00001: mean_squared_error did not improve from 0.00000
63/63 - 54s - loss: 1.3985e-06 - mean_squared_error: 1.7515e-06 - val_loss: 2.8088e-07 - val_mean_squared_error: 2.8088e-07 - 54s/epoch - 859ms/step
Epoch 2/25

Epoch 00002: mean_squared_error improved from 0.00000 to 0.00000, saving model to /gpfswork/rech/ynx/uds36vp/repos/wf-SEDs/HD_projected_optimisation/wf-outputs/chkp/8_bins/chkp_callback_poly_5_cycles_256_no_proj_d2_45z_3_cycle1
63/63 - 51s - loss: 1.2270e-06 - mean_squared_error: 1.5987e-06 - val_loss: 1.9805e-07 - val_mean_squared_error: 1.9805e-07 - 51s/epoch - 817ms/step
Epoch 3/25

Epoch 00003: mean_squared_error improved from 0.00000 to 0.00000, saving model to /gpfswork/rech/ynx/uds36vp/repos/wf-SEDs/HD_projected_optimisation/wf-outputs/chkp/8_bins/chkp_callback_poly_5_cycles_256_no_proj_d2_45z_3_cycle1
63/63 - 51s - loss: 1.1671e-06 - mean_squared_error: 1.5478e-06 - val_loss: 1.6596e-07 - val_mean_squared_error: 1.6596e-07 - 51s/epoch - 814ms/step
Epoch 4/25

Epoch 00004: mean_squared_error improved from 0.00000 to 0.00000, saving model to /gpfswork/rech/ynx/uds36vp/repos/wf-SEDs/HD_projected_optimisation/wf-outputs/chkp/8_bins/chkp_callback_poly_5_cycles_256_no_proj_d2_45z_3_cycle1
63/63 - 51s - loss: 1.1344e-06 - mean_squared_error: 1.5219e-06 - val_loss: 1.4764e-07 - val_mean_squared_error: 1.4764e-07 - 51s/epoch - 816ms/step
Epoch 5/25

Epoch 00005: mean_squared_error improved from 0.00000 to 0.00000, saving model to /gpfswork/rech/ynx/uds36vp/repos/wf-SEDs/HD_projected_optimisation/wf-outputs/chkp/8_bins/chkp_callback_poly_5_cycles_256_no_proj_d2_45z_3_cycle1
63/63 - 51s - loss: 1.1127e-06 - mean_squared_error: 1.5055e-06 - val_loss: 1.3440e-07 - val_mean_squared_error: 1.3440e-07 - 51s/epoch - 816ms/step
Epoch 6/25

Epoch 00006: mean_squared_error improved from 0.00000 to 0.00000, saving model to /gpfswork/rech/ynx/uds36vp/repos/wf-SEDs/HD_projected_optimisation/wf-outputs/chkp/8_bins/chkp_callback_poly_5_cycles_256_no_proj_d2_45z_3_cycle1
63/63 - 51s - loss: 1.0972e-06 - mean_squared_error: 1.4931e-06 - val_loss: 1.2418e-07 - val_mean_squared_error: 1.2418e-07 - 51s/epoch - 815ms/step
Epoch 7/25

Epoch 00007: mean_squared_error improved from 0.00000 to 0.00000, saving model to /gpfswork/rech/ynx/uds36vp/repos/wf-SEDs/HD_projected_optimisation/wf-outputs/chkp/8_bins/chkp_callback_poly_5_cycles_256_no_proj_d2_45z_3_cycle1
63/63 - 51s - loss: 1.0848e-06 - mean_squared_error: 1.4834e-06 - val_loss: 1.1558e-07 - val_mean_squared_error: 1.1558e-07 - 51s/epoch - 814ms/step
Epoch 8/25

Epoch 00008: mean_squared_error improved from 0.00000 to 0.00000, saving model to /gpfswork/rech/ynx/uds36vp/repos/wf-SEDs/HD_projected_optimisation/wf-outputs/chkp/8_bins/chkp_callback_poly_5_cycles_256_no_proj_d2_45z_3_cycle1
63/63 - 51s - loss: 1.0752e-06 - mean_squared_error: 1.4757e-06 - val_loss: 1.0819e-07 - val_mean_squared_error: 1.0819e-07 - 51s/epoch - 816ms/step
Epoch 9/25

Epoch 00009: mean_squared_error improved from 0.00000 to 0.00000, saving model to /gpfswork/rech/ynx/uds36vp/repos/wf-SEDs/HD_projected_optimisation/wf-outputs/chkp/8_bins/chkp_callback_poly_5_cycles_256_no_proj_d2_45z_3_cycle1
63/63 - 51s - loss: 1.0662e-06 - mean_squared_error: 1.4686e-06 - val_loss: 1.0177e-07 - val_mean_squared_error: 1.0177e-07 - 51s/epoch - 816ms/step
Epoch 10/25

Epoch 00010: mean_squared_error improved from 0.00000 to 0.00000, saving model to /gpfswork/rech/ynx/uds36vp/repos/wf-SEDs/HD_projected_optimisation/wf-outputs/chkp/8_bins/chkp_callback_poly_5_cycles_256_no_proj_d2_45z_3_cycle1
63/63 - 51s - loss: 1.0578e-06 - mean_squared_error: 1.4619e-06 - val_loss: 9.5166e-08 - val_mean_squared_error: 9.5166e-08 - 51s/epoch - 816ms/step
Epoch 11/25

Epoch 00011: mean_squared_error improved from 0.00000 to 0.00000, saving model to /gpfswork/rech/ynx/uds36vp/repos/wf-SEDs/HD_projected_optimisation/wf-outputs/chkp/8_bins/chkp_callback_poly_5_cycles_256_no_proj_d2_45z_3_cycle1
63/63 - 51s - loss: 1.0500e-06 - mean_squared_error: 1.4556e-06 - val_loss: 8.8578e-08 - val_mean_squared_error: 8.8578e-08 - 51s/epoch - 816ms/step
Epoch 12/25

Epoch 00012: mean_squared_error improved from 0.00000 to 0.00000, saving model to /gpfswork/rech/ynx/uds36vp/repos/wf-SEDs/HD_projected_optimisation/wf-outputs/chkp/8_bins/chkp_callback_poly_5_cycles_256_no_proj_d2_45z_3_cycle1
63/63 - 51s - loss: 1.0430e-06 - mean_squared_error: 1.4496e-06 - val_loss: 8.3769e-08 - val_mean_squared_error: 8.3769e-08 - 51s/epoch - 816ms/step
Epoch 13/25

Epoch 00013: mean_squared_error improved from 0.00000 to 0.00000, saving model to /gpfswork/rech/ynx/uds36vp/repos/wf-SEDs/HD_projected_optimisation/wf-outputs/chkp/8_bins/chkp_callback_poly_5_cycles_256_no_proj_d2_45z_3_cycle1
63/63 - 51s - loss: 1.0370e-06 - mean_squared_error: 1.4446e-06 - val_loss: 7.7693e-08 - val_mean_squared_error: 7.7693e-08 - 51s/epoch - 814ms/step
Epoch 14/25

Epoch 00014: mean_squared_error improved from 0.00000 to 0.00000, saving model to /gpfswork/rech/ynx/uds36vp/repos/wf-SEDs/HD_projected_optimisation/wf-outputs/chkp/8_bins/chkp_callback_poly_5_cycles_256_no_proj_d2_45z_3_cycle1
63/63 - 51s - loss: 1.0312e-06 - mean_squared_error: 1.4397e-06 - val_loss: 7.3050e-08 - val_mean_squared_error: 7.3050e-08 - 51s/epoch - 817ms/step
Epoch 15/25

Epoch 00015: mean_squared_error improved from 0.00000 to 0.00000, saving model to /gpfswork/rech/ynx/uds36vp/repos/wf-SEDs/HD_projected_optimisation/wf-outputs/chkp/8_bins/chkp_callback_poly_5_cycles_256_no_proj_d2_45z_3_cycle1
63/63 - 51s - loss: 1.0261e-06 - mean_squared_error: 1.4352e-06 - val_loss: 6.8787e-08 - val_mean_squared_error: 6.8787e-08 - 51s/epoch - 816ms/step
Epoch 16/25

Epoch 00016: mean_squared_error improved from 0.00000 to 0.00000, saving model to /gpfswork/rech/ynx/uds36vp/repos/wf-SEDs/HD_projected_optimisation/wf-outputs/chkp/8_bins/chkp_callback_poly_5_cycles_256_no_proj_d2_45z_3_cycle1
63/63 - 51s - loss: 1.0212e-06 - mean_squared_error: 1.4309e-06 - val_loss: 6.4657e-08 - val_mean_squared_error: 6.4657e-08 - 51s/epoch - 815ms/step
Epoch 17/25

Epoch 00017: mean_squared_error improved from 0.00000 to 0.00000, saving model to /gpfswork/rech/ynx/uds36vp/repos/wf-SEDs/HD_projected_optimisation/wf-outputs/chkp/8_bins/chkp_callback_poly_5_cycles_256_no_proj_d2_45z_3_cycle1
63/63 - 51s - loss: 1.0168e-06 - mean_squared_error: 1.4272e-06 - val_loss: 6.1757e-08 - val_mean_squared_error: 6.1757e-08 - 51s/epoch - 815ms/step
Epoch 18/25

Epoch 00018: mean_squared_error improved from 0.00000 to 0.00000, saving model to /gpfswork/rech/ynx/uds36vp/repos/wf-SEDs/HD_projected_optimisation/wf-outputs/chkp/8_bins/chkp_callback_poly_5_cycles_256_no_proj_d2_45z_3_cycle1
63/63 - 51s - loss: 1.0144e-06 - mean_squared_error: 1.4245e-06 - val_loss: 5.7546e-08 - val_mean_squared_error: 5.7546e-08 - 51s/epoch - 816ms/step
Epoch 19/25

Epoch 00019: mean_squared_error improved from 0.00000 to 0.00000, saving model to /gpfswork/rech/ynx/uds36vp/repos/wf-SEDs/HD_projected_optimisation/wf-outputs/chkp/8_bins/chkp_callback_poly_5_cycles_256_no_proj_d2_45z_3_cycle1
63/63 - 51s - loss: 1.0091e-06 - mean_squared_error: 1.4201e-06 - val_loss: 5.4068e-08 - val_mean_squared_error: 5.4068e-08 - 51s/epoch - 816ms/step
Epoch 20/25

Epoch 00020: mean_squared_error improved from 0.00000 to 0.00000, saving model to /gpfswork/rech/ynx/uds36vp/repos/wf-SEDs/HD_projected_optimisation/wf-outputs/chkp/8_bins/chkp_callback_poly_5_cycles_256_no_proj_d2_45z_3_cycle1
63/63 - 51s - loss: 1.0059e-06 - mean_squared_error: 1.4172e-06 - val_loss: 5.0683e-08 - val_mean_squared_error: 5.0683e-08 - 51s/epoch - 815ms/step
Epoch 21/25

Epoch 00021: mean_squared_error improved from 0.00000 to 0.00000, saving model to /gpfswork/rech/ynx/uds36vp/repos/wf-SEDs/HD_projected_optimisation/wf-outputs/chkp/8_bins/chkp_callback_poly_5_cycles_256_no_proj_d2_45z_3_cycle1
63/63 - 51s - loss: 1.0025e-06 - mean_squared_error: 1.4142e-06 - val_loss: 4.8688e-08 - val_mean_squared_error: 4.8688e-08 - 51s/epoch - 814ms/step
Epoch 22/25

Epoch 00022: mean_squared_error improved from 0.00000 to 0.00000, saving model to /gpfswork/rech/ynx/uds36vp/repos/wf-SEDs/HD_projected_optimisation/wf-outputs/chkp/8_bins/chkp_callback_poly_5_cycles_256_no_proj_d2_45z_3_cycle1
63/63 - 51s - loss: 9.9992e-07 - mean_squared_error: 1.4118e-06 - val_loss: 4.6029e-08 - val_mean_squared_error: 4.6029e-08 - 51s/epoch - 814ms/step
Epoch 23/25

Epoch 00023: mean_squared_error improved from 0.00000 to 0.00000, saving model to /gpfswork/rech/ynx/uds36vp/repos/wf-SEDs/HD_projected_optimisation/wf-outputs/chkp/8_bins/chkp_callback_poly_5_cycles_256_no_proj_d2_45z_3_cycle1
63/63 - 51s - loss: 9.9708e-07 - mean_squared_error: 1.4093e-06 - val_loss: 4.3611e-08 - val_mean_squared_error: 4.3611e-08 - 51s/epoch - 814ms/step
Epoch 24/25

Epoch 00024: mean_squared_error improved from 0.00000 to 0.00000, saving model to /gpfswork/rech/ynx/uds36vp/repos/wf-SEDs/HD_projected_optimisation/wf-outputs/chkp/8_bins/chkp_callback_poly_5_cycles_256_no_proj_d2_45z_3_cycle1
63/63 - 51s - loss: 9.9468e-07 - mean_squared_error: 1.4070e-06 - val_loss: 4.1250e-08 - val_mean_squared_error: 4.1250e-08 - 51s/epoch - 814ms/step
Epoch 25/25

Epoch 00025: mean_squared_error improved from 0.00000 to 0.00000, saving model to /gpfswork/rech/ynx/uds36vp/repos/wf-SEDs/HD_projected_optimisation/wf-outputs/chkp/8_bins/chkp_callback_poly_5_cycles_256_no_proj_d2_45z_3_cycle1
63/63 - 51s - loss: 9.9209e-07 - mean_squared_error: 1.4048e-06 - val_loss: 3.9425e-08 - val_mean_squared_error: 3.9425e-08 - 51s/epoch - 815ms/step
Cycle1 elapsed time: 1813.839153
Starting cycle 2..
Starting parametric update..
Epoch 1/5

Epoch 00001: mean_squared_error improved from inf to 0.00000, saving model to /gpfswork/rech/ynx/uds36vp/repos/wf-SEDs/HD_projected_optimisation/wf-outputs/chkp/8_bins/chkp_callback_poly_5_cycles_256_no_proj_d2_45z_3_cycle2
63/63 - 55s - loss: 1.0044e-06 - mean_squared_error: 1.4149e-06 - val_loss: 5.9147e-08 - val_mean_squared_error: 5.9147e-08 - 55s/epoch - 873ms/step
Epoch 2/5

Epoch 00002: mean_squared_error did not improve from 0.00000
63/63 - 52s - loss: 1.0313e-06 - mean_squared_error: 1.4380e-06 - val_loss: 7.0676e-08 - val_mean_squared_error: 7.0676e-08 - 52s/epoch - 829ms/step
Epoch 3/5

Epoch 00003: mean_squared_error did not improve from 0.00000
63/63 - 52s - loss: 1.2404e-06 - mean_squared_error: 1.6033e-06 - val_loss: 2.8330e-07 - val_mean_squared_error: 2.8330e-07 - 52s/epoch - 830ms/step
Epoch 4/5

Epoch 00004: mean_squared_error did not improve from 0.00000
63/63 - 52s - loss: 1.1691e-06 - mean_squared_error: 1.5467e-06 - val_loss: 2.8416e-07 - val_mean_squared_error: 2.8416e-07 - 52s/epoch - 830ms/step
Epoch 5/5

Epoch 00005: mean_squared_error did not improve from 0.00000
63/63 - 52s - loss: 1.1105e-06 - mean_squared_error: 1.5023e-06 - val_loss: 7.5011e-08 - val_mean_squared_error: 7.5011e-08 - 52s/epoch - 829ms/step
Starting non-parametric update..
Epoch 1/25

Epoch 00001: mean_squared_error did not improve from 0.00000
63/63 - 55s - loss: 1.0050e-06 - mean_squared_error: 1.4149e-06 - val_loss: 4.0367e-08 - val_mean_squared_error: 4.0367e-08 - 55s/epoch - 870ms/step
Epoch 2/25

Epoch 00002: mean_squared_error improved from 0.00000 to 0.00000, saving model to /gpfswork/rech/ynx/uds36vp/repos/wf-SEDs/HD_projected_optimisation/wf-outputs/chkp/8_bins/chkp_callback_poly_5_cycles_256_no_proj_d2_45z_3_cycle2
63/63 - 52s - loss: 9.9125e-07 - mean_squared_error: 1.4038e-06 - val_loss: 3.8373e-08 - val_mean_squared_error: 3.8373e-08 - 52s/epoch - 825ms/step
Epoch 3/25

Epoch 00003: mean_squared_error improved from 0.00000 to 0.00000, saving model to /gpfswork/rech/ynx/uds36vp/repos/wf-SEDs/HD_projected_optimisation/wf-outputs/chkp/8_bins/chkp_callback_poly_5_cycles_256_no_proj_d2_45z_3_cycle2
63/63 - 52s - loss: 9.8961e-07 - mean_squared_error: 1.4024e-06 - val_loss: 3.7401e-08 - val_mean_squared_error: 3.7401e-08 - 52s/epoch - 824ms/step
Epoch 4/25

Epoch 00004: mean_squared_error improved from 0.00000 to 0.00000, saving model to /gpfswork/rech/ynx/uds36vp/repos/wf-SEDs/HD_projected_optimisation/wf-outputs/chkp/8_bins/chkp_callback_poly_5_cycles_256_no_proj_d2_45z_3_cycle2
63/63 - 52s - loss: 9.8858e-07 - mean_squared_error: 1.4017e-06 - val_loss: 3.6206e-08 - val_mean_squared_error: 3.6206e-08 - 52s/epoch - 826ms/step
Epoch 5/25

Epoch 00005: mean_squared_error improved from 0.00000 to 0.00000, saving model to /gpfswork/rech/ynx/uds36vp/repos/wf-SEDs/HD_projected_optimisation/wf-outputs/chkp/8_bins/chkp_callback_poly_5_cycles_256_no_proj_d2_45z_3_cycle2
63/63 - 52s - loss: 9.8751e-07 - mean_squared_error: 1.4007e-06 - val_loss: 3.5584e-08 - val_mean_squared_error: 3.5584e-08 - 52s/epoch - 826ms/step
Epoch 6/25

Epoch 00006: mean_squared_error improved from 0.00000 to 0.00000, saving model to /gpfswork/rech/ynx/uds36vp/repos/wf-SEDs/HD_projected_optimisation/wf-outputs/chkp/8_bins/chkp_callback_poly_5_cycles_256_no_proj_d2_45z_3_cycle2
63/63 - 52s - loss: 9.8653e-07 - mean_squared_error: 1.3999e-06 - val_loss: 3.4665e-08 - val_mean_squared_error: 3.4665e-08 - 52s/epoch - 825ms/step
Epoch 7/25

Epoch 00007: mean_squared_error improved from 0.00000 to 0.00000, saving model to /gpfswork/rech/ynx/uds36vp/repos/wf-SEDs/HD_projected_optimisation/wf-outputs/chkp/8_bins/chkp_callback_poly_5_cycles_256_no_proj_d2_45z_3_cycle2
63/63 - 52s - loss: 9.8579e-07 - mean_squared_error: 1.3992e-06 - val_loss: 3.3873e-08 - val_mean_squared_error: 3.3873e-08 - 52s/epoch - 824ms/step
Epoch 8/25

Epoch 00008: mean_squared_error improved from 0.00000 to 0.00000, saving model to /gpfswork/rech/ynx/uds36vp/repos/wf-SEDs/HD_projected_optimisation/wf-outputs/chkp/8_bins/chkp_callback_poly_5_cycles_256_no_proj_d2_45z_3_cycle2
63/63 - 52s - loss: 9.8496e-07 - mean_squared_error: 1.3984e-06 - val_loss: 3.3285e-08 - val_mean_squared_error: 3.3285e-08 - 52s/epoch - 831ms/step
Epoch 9/25

Epoch 00009: mean_squared_error improved from 0.00000 to 0.00000, saving model to /gpfswork/rech/ynx/uds36vp/repos/wf-SEDs/HD_projected_optimisation/wf-outputs/chkp/8_bins/chkp_callback_poly_5_cycles_256_no_proj_d2_45z_3_cycle2
63/63 - 52s - loss: 9.8404e-07 - mean_squared_error: 1.3977e-06 - val_loss: 3.2576e-08 - val_mean_squared_error: 3.2576e-08 - 52s/epoch - 825ms/step
Epoch 10/25

Epoch 00010: mean_squared_error improved from 0.00000 to 0.00000, saving model to /gpfswork/rech/ynx/uds36vp/repos/wf-SEDs/HD_projected_optimisation/wf-outputs/chkp/8_bins/chkp_callback_poly_5_cycles_256_no_proj_d2_45z_3_cycle2
63/63 - 52s - loss: 9.8401e-07 - mean_squared_error: 1.3974e-06 - val_loss: 3.2169e-08 - val_mean_squared_error: 3.2169e-08 - 52s/epoch - 826ms/step
Epoch 11/25

Epoch 00011: mean_squared_error improved from 0.00000 to 0.00000, saving model to /gpfswork/rech/ynx/uds36vp/repos/wf-SEDs/HD_projected_optimisation/wf-outputs/chkp/8_bins/chkp_callback_poly_5_cycles_256_no_proj_d2_45z_3_cycle2
63/63 - 52s - loss: 9.8245e-07 - mean_squared_error: 1.3962e-06 - val_loss: 3.0798e-08 - val_mean_squared_error: 3.0798e-08 - 52s/epoch - 825ms/step
Epoch 12/25

Epoch 00012: mean_squared_error improved from 0.00000 to 0.00000, saving model to /gpfswork/rech/ynx/uds36vp/repos/wf-SEDs/HD_projected_optimisation/wf-outputs/chkp/8_bins/chkp_callback_poly_5_cycles_256_no_proj_d2_45z_3_cycle2
63/63 - 52s - loss: 9.8141e-07 - mean_squared_error: 1.3953e-06 - val_loss: 3.0205e-08 - val_mean_squared_error: 3.0205e-08 - 52s/epoch - 825ms/step
Epoch 13/25

Epoch 00013: mean_squared_error improved from 0.00000 to 0.00000, saving model to /gpfswork/rech/ynx/uds36vp/repos/wf-SEDs/HD_projected_optimisation/wf-outputs/chkp/8_bins/chkp_callback_poly_5_cycles_256_no_proj_d2_45z_3_cycle2
63/63 - 52s - loss: 9.8092e-07 - mean_squared_error: 1.3948e-06 - val_loss: 2.9785e-08 - val_mean_squared_error: 2.9785e-08 - 52s/epoch - 823ms/step
Epoch 14/25

Epoch 00014: mean_squared_error improved from 0.00000 to 0.00000, saving model to /gpfswork/rech/ynx/uds36vp/repos/wf-SEDs/HD_projected_optimisation/wf-outputs/chkp/8_bins/chkp_callback_poly_5_cycles_256_no_proj_d2_45z_3_cycle2
63/63 - 52s - loss: 9.8006e-07 - mean_squared_error: 1.3941e-06 - val_loss: 2.8650e-08 - val_mean_squared_error: 2.8650e-08 - 52s/epoch - 825ms/step
Epoch 15/25

Epoch 00015: mean_squared_error improved from 0.00000 to 0.00000, saving model to /gpfswork/rech/ynx/uds36vp/repos/wf-SEDs/HD_projected_optimisation/wf-outputs/chkp/8_bins/chkp_callback_poly_5_cycles_256_no_proj_d2_45z_3_cycle2
63/63 - 52s - loss: 9.7920e-07 - mean_squared_error: 1.3933e-06 - val_loss: 2.8213e-08 - val_mean_squared_error: 2.8213e-08 - 52s/epoch - 830ms/step
Epoch 16/25

Epoch 00016: mean_squared_error improved from 0.00000 to 0.00000, saving model to /gpfswork/rech/ynx/uds36vp/repos/wf-SEDs/HD_projected_optimisation/wf-outputs/chkp/8_bins/chkp_callback_poly_5_cycles_256_no_proj_d2_45z_3_cycle2
63/63 - 52s - loss: 9.7869e-07 - mean_squared_error: 1.3929e-06 - val_loss: 2.7439e-08 - val_mean_squared_error: 2.7439e-08 - 52s/epoch - 825ms/step
Epoch 17/25

Epoch 00017: mean_squared_error improved from 0.00000 to 0.00000, saving model to /gpfswork/rech/ynx/uds36vp/repos/wf-SEDs/HD_projected_optimisation/wf-outputs/chkp/8_bins/chkp_callback_poly_5_cycles_256_no_proj_d2_45z_3_cycle2
63/63 - 52s - loss: 9.7787e-07 - mean_squared_error: 1.3921e-06 - val_loss: 2.7368e-08 - val_mean_squared_error: 2.7368e-08 - 52s/epoch - 828ms/step
Epoch 18/25

Epoch 00018: mean_squared_error improved from 0.00000 to 0.00000, saving model to /gpfswork/rech/ynx/uds36vp/repos/wf-SEDs/HD_projected_optimisation/wf-outputs/chkp/8_bins/chkp_callback_poly_5_cycles_256_no_proj_d2_45z_3_cycle2
63/63 - 52s - loss: 9.7708e-07 - mean_squared_error: 1.3914e-06 - val_loss: 2.6128e-08 - val_mean_squared_error: 2.6128e-08 - 52s/epoch - 824ms/step
Epoch 19/25

Epoch 00019: mean_squared_error improved from 0.00000 to 0.00000, saving model to /gpfswork/rech/ynx/uds36vp/repos/wf-SEDs/HD_projected_optimisation/wf-outputs/chkp/8_bins/chkp_callback_poly_5_cycles_256_no_proj_d2_45z_3_cycle2
63/63 - 52s - loss: 9.7656e-07 - mean_squared_error: 1.3909e-06 - val_loss: 2.5456e-08 - val_mean_squared_error: 2.5456e-08 - 52s/epoch - 830ms/step
Epoch 20/25

Epoch 00020: mean_squared_error improved from 0.00000 to 0.00000, saving model to /gpfswork/rech/ynx/uds36vp/repos/wf-SEDs/HD_projected_optimisation/wf-outputs/chkp/8_bins/chkp_callback_poly_5_cycles_256_no_proj_d2_45z_3_cycle2
63/63 - 52s - loss: 9.7591e-07 - mean_squared_error: 1.3903e-06 - val_loss: 2.5211e-08 - val_mean_squared_error: 2.5211e-08 - 52s/epoch - 826ms/step
Epoch 21/25

Epoch 00021: mean_squared_error improved from 0.00000 to 0.00000, saving model to /gpfswork/rech/ynx/uds36vp/repos/wf-SEDs/HD_projected_optimisation/wf-outputs/chkp/8_bins/chkp_callback_poly_5_cycles_256_no_proj_d2_45z_3_cycle2
63/63 - 52s - loss: 9.7540e-07 - mean_squared_error: 1.3898e-06 - val_loss: 2.4846e-08 - val_mean_squared_error: 2.4846e-08 - 52s/epoch - 826ms/step
Epoch 22/25

Epoch 00022: mean_squared_error improved from 0.00000 to 0.00000, saving model to /gpfswork/rech/ynx/uds36vp/repos/wf-SEDs/HD_projected_optimisation/wf-outputs/chkp/8_bins/chkp_callback_poly_5_cycles_256_no_proj_d2_45z_3_cycle2
63/63 - 52s - loss: 9.7453e-07 - mean_squared_error: 1.3891e-06 - val_loss: 2.3928e-08 - val_mean_squared_error: 2.3928e-08 - 52s/epoch - 824ms/step
Epoch 23/25

Epoch 00023: mean_squared_error improved from 0.00000 to 0.00000, saving model to /gpfswork/rech/ynx/uds36vp/repos/wf-SEDs/HD_projected_optimisation/wf-outputs/chkp/8_bins/chkp_callback_poly_5_cycles_256_no_proj_d2_45z_3_cycle2
63/63 - 52s - loss: 9.7425e-07 - mean_squared_error: 1.3887e-06 - val_loss: 2.3666e-08 - val_mean_squared_error: 2.3666e-08 - 52s/epoch - 823ms/step
Epoch 24/25

Epoch 00024: mean_squared_error improved from 0.00000 to 0.00000, saving model to /gpfswork/rech/ynx/uds36vp/repos/wf-SEDs/HD_projected_optimisation/wf-outputs/chkp/8_bins/chkp_callback_poly_5_cycles_256_no_proj_d2_45z_3_cycle2
63/63 - 52s - loss: 9.7384e-07 - mean_squared_error: 1.3884e-06 - val_loss: 2.3678e-08 - val_mean_squared_error: 2.3678e-08 - 52s/epoch - 824ms/step
Epoch 25/25

Epoch 00025: mean_squared_error improved from 0.00000 to 0.00000, saving model to /gpfswork/rech/ynx/uds36vp/repos/wf-SEDs/HD_projected_optimisation/wf-outputs/chkp/8_bins/chkp_callback_poly_5_cycles_256_no_proj_d2_45z_3_cycle2
63/63 - 52s - loss: 9.7382e-07 - mean_squared_error: 1.3883e-06 - val_loss: 2.2565e-08 - val_mean_squared_error: 2.2565e-08 - 52s/epoch - 825ms/step
Cycle2 elapsed time: 1572.6480355262756
Starting cycle 3..
Starting parametric update..
Epoch 1/5

Epoch 00001: mean_squared_error improved from inf to 0.00000, saving model to /gpfswork/rech/ynx/uds36vp/repos/wf-SEDs/HD_projected_optimisation/wf-outputs/chkp/8_bins/chkp_callback_poly_5_cycles_256_no_proj_d2_45z_3_cycle3
63/63 - 54s - loss: 9.8322e-07 - mean_squared_error: 1.3967e-06 - val_loss: 3.9952e-08 - val_mean_squared_error: 3.9952e-08 - 54s/epoch - 863ms/step
Epoch 2/5

Epoch 00002: mean_squared_error did not improve from 0.00000
63/63 - 51s - loss: 1.0224e-06 - mean_squared_error: 1.4289e-06 - val_loss: 9.7385e-08 - val_mean_squared_error: 9.7385e-08 - 51s/epoch - 816ms/step
Epoch 3/5

Epoch 00003: mean_squared_error did not improve from 0.00000
63/63 - 51s - loss: 1.0865e-06 - mean_squared_error: 1.4784e-06 - val_loss: 1.1174e-07 - val_mean_squared_error: 1.1174e-07 - 51s/epoch - 815ms/step
Epoch 4/5

Epoch 00004: mean_squared_error did not improve from 0.00000
63/63 - 51s - loss: 1.1350e-06 - mean_squared_error: 1.5158e-06 - val_loss: 1.8132e-07 - val_mean_squared_error: 1.8132e-07 - 51s/epoch - 816ms/step
Epoch 5/5

Epoch 00005: mean_squared_error did not improve from 0.00000
63/63 - 51s - loss: 1.1110e-06 - mean_squared_error: 1.4990e-06 - val_loss: 2.6008e-07 - val_mean_squared_error: 2.6008e-07 - 51s/epoch - 816ms/step
Starting non-parametric update..
Epoch 1/25

Epoch 00001: mean_squared_error did not improve from 0.00000
63/63 - 54s - loss: 1.1320e-06 - mean_squared_error: 1.5143e-06 - val_loss: 7.6260e-08 - val_mean_squared_error: 7.6260e-08 - 54s/epoch - 863ms/step
Epoch 2/25

Epoch 00002: mean_squared_error did not improve from 0.00000
63/63 - 52s - loss: 1.0245e-06 - mean_squared_error: 1.4277e-06 - val_loss: 4.8709e-08 - val_mean_squared_error: 4.8709e-08 - 52s/epoch - 819ms/step
Epoch 3/25

Epoch 00003: mean_squared_error did not improve from 0.00000
63/63 - 52s - loss: 9.9898e-07 - mean_squared_error: 1.4077e-06 - val_loss: 3.6154e-08 - val_mean_squared_error: 3.6154e-08 - 52s/epoch - 818ms/step
Epoch 4/25

Epoch 00004: mean_squared_error did not improve from 0.00000
63/63 - 52s - loss: 9.8644e-07 - mean_squared_error: 1.3982e-06 - val_loss: 3.0023e-08 - val_mean_squared_error: 3.0023e-08 - 52s/epoch - 818ms/step
Epoch 5/25

Epoch 00005: mean_squared_error improved from 0.00000 to 0.00000, saving model to /gpfswork/rech/ynx/uds36vp/repos/wf-SEDs/HD_projected_optimisation/wf-outputs/chkp/8_bins/chkp_callback_poly_5_cycles_256_no_proj_d2_45z_3_cycle3
63/63 - 52s - loss: 9.7997e-07 - mean_squared_error: 1.3932e-06 - val_loss: 2.6980e-08 - val_mean_squared_error: 2.6980e-08 - 52s/epoch - 820ms/step
Epoch 6/25

Epoch 00006: mean_squared_error improved from 0.00000 to 0.00000, saving model to /gpfswork/rech/ynx/uds36vp/repos/wf-SEDs/HD_projected_optimisation/wf-outputs/chkp/8_bins/chkp_callback_poly_5_cycles_256_no_proj_d2_45z_3_cycle3
63/63 - 52s - loss: 9.7679e-07 - mean_squared_error: 1.3907e-06 - val_loss: 2.4911e-08 - val_mean_squared_error: 2.4911e-08 - 52s/epoch - 819ms/step
Epoch 7/25

Epoch 00007: mean_squared_error improved from 0.00000 to 0.00000, saving model to /gpfswork/rech/ynx/uds36vp/repos/wf-SEDs/HD_projected_optimisation/wf-outputs/chkp/8_bins/chkp_callback_poly_5_cycles_256_no_proj_d2_45z_3_cycle3
63/63 - 52s - loss: 9.7480e-07 - mean_squared_error: 1.3891e-06 - val_loss: 2.4151e-08 - val_mean_squared_error: 2.4151e-08 - 52s/epoch - 820ms/step
Epoch 8/25

Epoch 00008: mean_squared_error improved from 0.00000 to 0.00000, saving model to /gpfswork/rech/ynx/uds36vp/repos/wf-SEDs/HD_projected_optimisation/wf-outputs/chkp/8_bins/chkp_callback_poly_5_cycles_256_no_proj_d2_45z_3_cycle3
63/63 - 52s - loss: 9.7336e-07 - mean_squared_error: 1.3879e-06 - val_loss: 2.2876e-08 - val_mean_squared_error: 2.2876e-08 - 52s/epoch - 823ms/step
Epoch 9/25

Epoch 00009: mean_squared_error improved from 0.00000 to 0.00000, saving model to /gpfswork/rech/ynx/uds36vp/repos/wf-SEDs/HD_projected_optimisation/wf-outputs/chkp/8_bins/chkp_callback_poly_5_cycles_256_no_proj_d2_45z_3_cycle3
63/63 - 52s - loss: 9.7238e-07 - mean_squared_error: 1.3871e-06 - val_loss: 2.2282e-08 - val_mean_squared_error: 2.2282e-08 - 52s/epoch - 819ms/step
Epoch 10/25

Epoch 00010: mean_squared_error improved from 0.00000 to 0.00000, saving model to /gpfswork/rech/ynx/uds36vp/repos/wf-SEDs/HD_projected_optimisation/wf-outputs/chkp/8_bins/chkp_callback_poly_5_cycles_256_no_proj_d2_45z_3_cycle3
63/63 - 52s - loss: 9.7164e-07 - mean_squared_error: 1.3864e-06 - val_loss: 2.1547e-08 - val_mean_squared_error: 2.1547e-08 - 52s/epoch - 819ms/step
Epoch 11/25

Epoch 00011: mean_squared_error improved from 0.00000 to 0.00000, saving model to /gpfswork/rech/ynx/uds36vp/repos/wf-SEDs/HD_projected_optimisation/wf-outputs/chkp/8_bins/chkp_callback_poly_5_cycles_256_no_proj_d2_45z_3_cycle3
63/63 - 52s - loss: 9.7105e-07 - mean_squared_error: 1.3858e-06 - val_loss: 2.1130e-08 - val_mean_squared_error: 2.1130e-08 - 52s/epoch - 820ms/step
Epoch 12/25

Epoch 00012: mean_squared_error improved from 0.00000 to 0.00000, saving model to /gpfswork/rech/ynx/uds36vp/repos/wf-SEDs/HD_projected_optimisation/wf-outputs/chkp/8_bins/chkp_callback_poly_5_cycles_256_no_proj_d2_45z_3_cycle3
63/63 - 52s - loss: 9.7059e-07 - mean_squared_error: 1.3854e-06 - val_loss: 2.0983e-08 - val_mean_squared_error: 2.0983e-08 - 52s/epoch - 821ms/step
Epoch 13/25

Epoch 00013: mean_squared_error improved from 0.00000 to 0.00000, saving model to /gpfswork/rech/ynx/uds36vp/repos/wf-SEDs/HD_projected_optimisation/wf-outputs/chkp/8_bins/chkp_callback_poly_5_cycles_256_no_proj_d2_45z_3_cycle3
63/63 - 52s - loss: 9.7021e-07 - mean_squared_error: 1.3851e-06 - val_loss: 2.0003e-08 - val_mean_squared_error: 2.0003e-08 - 52s/epoch - 819ms/step
Epoch 14/25

Epoch 00014: mean_squared_error improved from 0.00000 to 0.00000, saving model to /gpfswork/rech/ynx/uds36vp/repos/wf-SEDs/HD_projected_optimisation/wf-outputs/chkp/8_bins/chkp_callback_poly_5_cycles_256_no_proj_d2_45z_3_cycle3
63/63 - 52s - loss: 9.6961e-07 - mean_squared_error: 1.3845e-06 - val_loss: 2.0069e-08 - val_mean_squared_error: 2.0069e-08 - 52s/epoch - 819ms/step
Epoch 15/25

Epoch 00015: mean_squared_error improved from 0.00000 to 0.00000, saving model to /gpfswork/rech/ynx/uds36vp/repos/wf-SEDs/HD_projected_optimisation/wf-outputs/chkp/8_bins/chkp_callback_poly_5_cycles_256_no_proj_d2_45z_3_cycle3
63/63 - 52s - loss: 9.6902e-07 - mean_squared_error: 1.3841e-06 - val_loss: 1.9405e-08 - val_mean_squared_error: 1.9405e-08 - 52s/epoch - 819ms/step
Epoch 16/25

Epoch 00016: mean_squared_error improved from 0.00000 to 0.00000, saving model to /gpfswork/rech/ynx/uds36vp/repos/wf-SEDs/HD_projected_optimisation/wf-outputs/chkp/8_bins/chkp_callback_poly_5_cycles_256_no_proj_d2_45z_3_cycle3
63/63 - 52s - loss: 9.6913e-07 - mean_squared_error: 1.3841e-06 - val_loss: 1.8882e-08 - val_mean_squared_error: 1.8882e-08 - 52s/epoch - 820ms/step
Epoch 17/25

Epoch 00017: mean_squared_error improved from 0.00000 to 0.00000, saving model to /gpfswork/rech/ynx/uds36vp/repos/wf-SEDs/HD_projected_optimisation/wf-outputs/chkp/8_bins/chkp_callback_poly_5_cycles_256_no_proj_d2_45z_3_cycle3
63/63 - 52s - loss: 9.6818e-07 - mean_squared_error: 1.3833e-06 - val_loss: 1.8753e-08 - val_mean_squared_error: 1.8753e-08 - 52s/epoch - 821ms/step
Epoch 18/25

Epoch 00018: mean_squared_error improved from 0.00000 to 0.00000, saving model to /gpfswork/rech/ynx/uds36vp/repos/wf-SEDs/HD_projected_optimisation/wf-outputs/chkp/8_bins/chkp_callback_poly_5_cycles_256_no_proj_d2_45z_3_cycle3
63/63 - 52s - loss: 9.6795e-07 - mean_squared_error: 1.3831e-06 - val_loss: 1.9213e-08 - val_mean_squared_error: 1.9213e-08 - 52s/epoch - 820ms/step
Epoch 19/25

Epoch 00019: mean_squared_error improved from 0.00000 to 0.00000, saving model to /gpfswork/rech/ynx/uds36vp/repos/wf-SEDs/HD_projected_optimisation/wf-outputs/chkp/8_bins/chkp_callback_poly_5_cycles_256_no_proj_d2_45z_3_cycle3
63/63 - 52s - loss: 9.6796e-07 - mean_squared_error: 1.3830e-06 - val_loss: 1.7825e-08 - val_mean_squared_error: 1.7825e-08 - 52s/epoch - 818ms/step
Epoch 20/25

Epoch 00020: mean_squared_error improved from 0.00000 to 0.00000, saving model to /gpfswork/rech/ynx/uds36vp/repos/wf-SEDs/HD_projected_optimisation/wf-outputs/chkp/8_bins/chkp_callback_poly_5_cycles_256_no_proj_d2_45z_3_cycle3
63/63 - 52s - loss: 9.6758e-07 - mean_squared_error: 1.3826e-06 - val_loss: 1.7855e-08 - val_mean_squared_error: 1.7855e-08 - 52s/epoch - 819ms/step
Epoch 21/25

Epoch 00021: mean_squared_error did not improve from 0.00000
63/63 - 52s - loss: 9.6845e-07 - mean_squared_error: 1.3832e-06 - val_loss: 1.8040e-08 - val_mean_squared_error: 1.8040e-08 - 52s/epoch - 818ms/step
Epoch 22/25

Epoch 00022: mean_squared_error improved from 0.00000 to 0.00000, saving model to /gpfswork/rech/ynx/uds36vp/repos/wf-SEDs/HD_projected_optimisation/wf-outputs/chkp/8_bins/chkp_callback_poly_5_cycles_256_no_proj_d2_45z_3_cycle3
63/63 - 52s - loss: 9.6747e-07 - mean_squared_error: 1.3825e-06 - val_loss: 1.7900e-08 - val_mean_squared_error: 1.7900e-08 - 52s/epoch - 820ms/step
Epoch 23/25

Epoch 00023: mean_squared_error improved from 0.00000 to 0.00000, saving model to /gpfswork/rech/ynx/uds36vp/repos/wf-SEDs/HD_projected_optimisation/wf-outputs/chkp/8_bins/chkp_callback_poly_5_cycles_256_no_proj_d2_45z_3_cycle3
63/63 - 52s - loss: 9.6707e-07 - mean_squared_error: 1.3822e-06 - val_loss: 1.7168e-08 - val_mean_squared_error: 1.7168e-08 - 52s/epoch - 820ms/step
Epoch 24/25

Epoch 00024: mean_squared_error improved from 0.00000 to 0.00000, saving model to /gpfswork/rech/ynx/uds36vp/repos/wf-SEDs/HD_projected_optimisation/wf-outputs/chkp/8_bins/chkp_callback_poly_5_cycles_256_no_proj_d2_45z_3_cycle3
63/63 - 52s - loss: 9.6606e-07 - mean_squared_error: 1.3813e-06 - val_loss: 1.7213e-08 - val_mean_squared_error: 1.7213e-08 - 52s/epoch - 821ms/step
Epoch 25/25

Epoch 00025: mean_squared_error improved from 0.00000 to 0.00000, saving model to /gpfswork/rech/ynx/uds36vp/repos/wf-SEDs/HD_projected_optimisation/wf-outputs/chkp/8_bins/chkp_callback_poly_5_cycles_256_no_proj_d2_45z_3_cycle3
63/63 - 52s - loss: 9.6600e-07 - mean_squared_error: 1.3813e-06 - val_loss: 1.7433e-08 - val_mean_squared_error: 1.7433e-08 - 52s/epoch - 820ms/step
Cycle3 elapsed time: 1558.8259191513062
Starting cycle 4..
Starting parametric update..
Epoch 1/5

Epoch 00001: mean_squared_error improved from inf to 0.00000, saving model to /gpfswork/rech/ynx/uds36vp/repos/wf-SEDs/HD_projected_optimisation/wf-outputs/chkp/8_bins/chkp_callback_poly_5_cycles_256_no_proj_d2_45z_3_cycle4
63/63 - 58s - loss: 9.6953e-07 - mean_squared_error: 1.3842e-06 - val_loss: 3.1395e-08 - val_mean_squared_error: 3.1395e-08 - 58s/epoch - 915ms/step
Epoch 2/5

Epoch 00002: mean_squared_error did not improve from 0.00000
63/63 - 55s - loss: 1.0292e-06 - mean_squared_error: 1.4328e-06 - val_loss: 3.7753e-08 - val_mean_squared_error: 3.7753e-08 - 55s/epoch - 872ms/step
Epoch 3/5

Epoch 00003: mean_squared_error did not improve from 0.00000
63/63 - 55s - loss: 1.0015e-06 - mean_squared_error: 1.4069e-06 - val_loss: 6.8162e-08 - val_mean_squared_error: 6.8162e-08 - 55s/epoch - 869ms/step
Epoch 4/5

Epoch 00004: mean_squared_error did not improve from 0.00000
63/63 - 55s - loss: 1.0241e-06 - mean_squared_error: 1.4290e-06 - val_loss: 5.7689e-08 - val_mean_squared_error: 5.7689e-08 - 55s/epoch - 868ms/step
Epoch 5/5

Epoch 00005: mean_squared_error did not improve from 0.00000
63/63 - 55s - loss: 1.0089e-06 - mean_squared_error: 1.4175e-06 - val_loss: 5.0585e-08 - val_mean_squared_error: 5.0585e-08 - 55s/epoch - 872ms/step
Starting non-parametric update..
Epoch 1/25

Epoch 00001: mean_squared_error did not improve from 0.00000
63/63 - 55s - loss: 9.7556e-07 - mean_squared_error: 1.3894e-06 - val_loss: 1.7598e-08 - val_mean_squared_error: 1.7598e-08 - 55s/epoch - 866ms/step
Epoch 2/25

Epoch 00002: mean_squared_error improved from 0.00000 to 0.00000, saving model to /gpfswork/rech/ynx/uds36vp/repos/wf-SEDs/HD_projected_optimisation/wf-outputs/chkp/8_bins/chkp_callback_poly_5_cycles_256_no_proj_d2_45z_3_cycle4
63/63 - 52s - loss: 9.6533e-07 - mean_squared_error: 1.3808e-06 - val_loss: 1.6482e-08 - val_mean_squared_error: 1.6482e-08 - 52s/epoch - 820ms/step
Epoch 3/25

Epoch 00003: mean_squared_error improved from 0.00000 to 0.00000, saving model to /gpfswork/rech/ynx/uds36vp/repos/wf-SEDs/HD_projected_optimisation/wf-outputs/chkp/8_bins/chkp_callback_poly_5_cycles_256_no_proj_d2_45z_3_cycle4
63/63 - 52s - loss: 9.6478e-07 - mean_squared_error: 1.3803e-06 - val_loss: 1.6190e-08 - val_mean_squared_error: 1.6190e-08 - 52s/epoch - 820ms/step
Epoch 4/25

Epoch 00004: mean_squared_error improved from 0.00000 to 0.00000, saving model to /gpfswork/rech/ynx/uds36vp/repos/wf-SEDs/HD_projected_optimisation/wf-outputs/chkp/8_bins/chkp_callback_poly_5_cycles_256_no_proj_d2_45z_3_cycle4
63/63 - 52s - loss: 9.6455e-07 - mean_squared_error: 1.3801e-06 - val_loss: 1.6004e-08 - val_mean_squared_error: 1.6004e-08 - 52s/epoch - 819ms/step
Epoch 5/25

Epoch 00005: mean_squared_error improved from 0.00000 to 0.00000, saving model to /gpfswork/rech/ynx/uds36vp/repos/wf-SEDs/HD_projected_optimisation/wf-outputs/chkp/8_bins/chkp_callback_poly_5_cycles_256_no_proj_d2_45z_3_cycle4
63/63 - 52s - loss: 9.6442e-07 - mean_squared_error: 1.3800e-06 - val_loss: 1.5785e-08 - val_mean_squared_error: 1.5785e-08 - 52s/epoch - 818ms/step
Epoch 6/25

Epoch 00006: mean_squared_error improved from 0.00000 to 0.00000, saving model to /gpfswork/rech/ynx/uds36vp/repos/wf-SEDs/HD_projected_optimisation/wf-outputs/chkp/8_bins/chkp_callback_poly_5_cycles_256_no_proj_d2_45z_3_cycle4
63/63 - 52s - loss: 9.6436e-07 - mean_squared_error: 1.3799e-06 - val_loss: 1.5663e-08 - val_mean_squared_error: 1.5663e-08 - 52s/epoch - 820ms/step
Epoch 7/25

Epoch 00007: mean_squared_error improved from 0.00000 to 0.00000, saving model to /gpfswork/rech/ynx/uds36vp/repos/wf-SEDs/HD_projected_optimisation/wf-outputs/chkp/8_bins/chkp_callback_poly_5_cycles_256_no_proj_d2_45z_3_cycle4
63/63 - 52s - loss: 9.6420e-07 - mean_squared_error: 1.3798e-06 - val_loss: 1.5438e-08 - val_mean_squared_error: 1.5438e-08 - 52s/epoch - 819ms/step
Epoch 8/25

Epoch 00008: mean_squared_error improved from 0.00000 to 0.00000, saving model to /gpfswork/rech/ynx/uds36vp/repos/wf-SEDs/HD_projected_optimisation/wf-outputs/chkp/8_bins/chkp_callback_poly_5_cycles_256_no_proj_d2_45z_3_cycle4
63/63 - 52s - loss: 9.6403e-07 - mean_squared_error: 1.3796e-06 - val_loss: 1.5550e-08 - val_mean_squared_error: 1.5550e-08 - 52s/epoch - 820ms/step
Epoch 9/25

Epoch 00009: mean_squared_error improved from 0.00000 to 0.00000, saving model to /gpfswork/rech/ynx/uds36vp/repos/wf-SEDs/HD_projected_optimisation/wf-outputs/chkp/8_bins/chkp_callback_poly_5_cycles_256_no_proj_d2_45z_3_cycle4
63/63 - 52s - loss: 9.6405e-07 - mean_squared_error: 1.3796e-06 - val_loss: 1.5799e-08 - val_mean_squared_error: 1.5799e-08 - 52s/epoch - 818ms/step
Epoch 10/25

Epoch 00010: mean_squared_error improved from 0.00000 to 0.00000, saving model to /gpfswork/rech/ynx/uds36vp/repos/wf-SEDs/HD_projected_optimisation/wf-outputs/chkp/8_bins/chkp_callback_poly_5_cycles_256_no_proj_d2_45z_3_cycle4
63/63 - 52s - loss: 9.6408e-07 - mean_squared_error: 1.3796e-06 - val_loss: 1.5302e-08 - val_mean_squared_error: 1.5302e-08 - 52s/epoch - 818ms/step
Epoch 11/25

Epoch 00011: mean_squared_error improved from 0.00000 to 0.00000, saving model to /gpfswork/rech/ynx/uds36vp/repos/wf-SEDs/HD_projected_optimisation/wf-outputs/chkp/8_bins/chkp_callback_poly_5_cycles_256_no_proj_d2_45z_3_cycle4
63/63 - 52s - loss: 9.6377e-07 - mean_squared_error: 1.3793e-06 - val_loss: 1.5230e-08 - val_mean_squared_error: 1.5230e-08 - 52s/epoch - 818ms/step
Epoch 12/25

Epoch 00012: mean_squared_error did not improve from 0.00000
63/63 - 52s - loss: 9.6439e-07 - mean_squared_error: 1.3798e-06 - val_loss: 1.5582e-08 - val_mean_squared_error: 1.5582e-08 - 52s/epoch - 819ms/step
Epoch 13/25

Epoch 00013: mean_squared_error did not improve from 0.00000
63/63 - 52s - loss: 9.6463e-07 - mean_squared_error: 1.3799e-06 - val_loss: 1.5048e-08 - val_mean_squared_error: 1.5048e-08 - 52s/epoch - 819ms/step
Epoch 14/25

Epoch 00014: mean_squared_error improved from 0.00000 to 0.00000, saving model to /gpfswork/rech/ynx/uds36vp/repos/wf-SEDs/HD_projected_optimisation/wf-outputs/chkp/8_bins/chkp_callback_poly_5_cycles_256_no_proj_d2_45z_3_cycle4
63/63 - 52s - loss: 9.6352e-07 - mean_squared_error: 1.3791e-06 - val_loss: 1.4784e-08 - val_mean_squared_error: 1.4784e-08 - 52s/epoch - 818ms/step
Epoch 15/25

Epoch 00015: mean_squared_error improved from 0.00000 to 0.00000, saving model to /gpfswork/rech/ynx/uds36vp/repos/wf-SEDs/HD_projected_optimisation/wf-outputs/chkp/8_bins/chkp_callback_poly_5_cycles_256_no_proj_d2_45z_3_cycle4
63/63 - 51s - loss: 9.6331e-07 - mean_squared_error: 1.3789e-06 - val_loss: 1.4662e-08 - val_mean_squared_error: 1.4662e-08 - 51s/epoch - 817ms/step
Epoch 16/25

Epoch 00016: mean_squared_error improved from 0.00000 to 0.00000, saving model to /gpfswork/rech/ynx/uds36vp/repos/wf-SEDs/HD_projected_optimisation/wf-outputs/chkp/8_bins/chkp_callback_poly_5_cycles_256_no_proj_d2_45z_3_cycle4
63/63 - 52s - loss: 9.6311e-07 - mean_squared_error: 1.3787e-06 - val_loss: 1.4501e-08 - val_mean_squared_error: 1.4501e-08 - 52s/epoch - 820ms/step
Epoch 17/25

Epoch 00017: mean_squared_error did not improve from 0.00000
63/63 - 52s - loss: 9.6366e-07 - mean_squared_error: 1.3791e-06 - val_loss: 1.4473e-08 - val_mean_squared_error: 1.4473e-08 - 52s/epoch - 819ms/step
Epoch 18/25

Epoch 00018: mean_squared_error improved from 0.00000 to 0.00000, saving model to /gpfswork/rech/ynx/uds36vp/repos/wf-SEDs/HD_projected_optimisation/wf-outputs/chkp/8_bins/chkp_callback_poly_5_cycles_256_no_proj_d2_45z_3_cycle4
63/63 - 52s - loss: 9.6311e-07 - mean_squared_error: 1.3786e-06 - val_loss: 1.4141e-08 - val_mean_squared_error: 1.4141e-08 - 52s/epoch - 819ms/step
Epoch 19/25

Epoch 00019: mean_squared_error did not improve from 0.00000
63/63 - 52s - loss: 9.6312e-07 - mean_squared_error: 1.3787e-06 - val_loss: 1.4211e-08 - val_mean_squared_error: 1.4211e-08 - 52s/epoch - 818ms/step
Epoch 20/25

Epoch 00020: mean_squared_error improved from 0.00000 to 0.00000, saving model to /gpfswork/rech/ynx/uds36vp/repos/wf-SEDs/HD_projected_optimisation/wf-outputs/chkp/8_bins/chkp_callback_poly_5_cycles_256_no_proj_d2_45z_3_cycle4
63/63 - 52s - loss: 9.6286e-07 - mean_squared_error: 1.3784e-06 - val_loss: 1.4284e-08 - val_mean_squared_error: 1.4284e-08 - 52s/epoch - 818ms/step
Epoch 21/25

Epoch 00021: mean_squared_error did not improve from 0.00000
63/63 - 52s - loss: 9.6493e-07 - mean_squared_error: 1.3798e-06 - val_loss: 1.4704e-08 - val_mean_squared_error: 1.4704e-08 - 52s/epoch - 818ms/step
Epoch 22/25

Epoch 00022: mean_squared_error did not improve from 0.00000
63/63 - 52s - loss: 9.6326e-07 - mean_squared_error: 1.3786e-06 - val_loss: 1.4707e-08 - val_mean_squared_error: 1.4707e-08 - 52s/epoch - 819ms/step
Epoch 23/25

Epoch 00023: mean_squared_error improved from 0.00000 to 0.00000, saving model to /gpfswork/rech/ynx/uds36vp/repos/wf-SEDs/HD_projected_optimisation/wf-outputs/chkp/8_bins/chkp_callback_poly_5_cycles_256_no_proj_d2_45z_3_cycle4
63/63 - 52s - loss: 9.6262e-07 - mean_squared_error: 1.3782e-06 - val_loss: 1.3642e-08 - val_mean_squared_error: 1.3642e-08 - 52s/epoch - 822ms/step
Epoch 24/25

Epoch 00024: mean_squared_error improved from 0.00000 to 0.00000, saving model to /gpfswork/rech/ynx/uds36vp/repos/wf-SEDs/HD_projected_optimisation/wf-outputs/chkp/8_bins/chkp_callback_poly_5_cycles_256_no_proj_d2_45z_3_cycle4
63/63 - 52s - loss: 9.6222e-07 - mean_squared_error: 1.3779e-06 - val_loss: 1.3849e-08 - val_mean_squared_error: 1.3849e-08 - 52s/epoch - 819ms/step
Epoch 25/25

Epoch 00025: mean_squared_error did not improve from 0.00000
63/63 - 52s - loss: 9.6267e-07 - mean_squared_error: 1.3782e-06 - val_loss: 1.4670e-08 - val_mean_squared_error: 1.4670e-08 - 52s/epoch - 818ms/step
Cycle4 elapsed time: 1574.9949758052826
Starting cycle 5..
Starting parametric update..
Epoch 1/15

Epoch 00001: mean_squared_error improved from inf to 0.00000, saving model to /gpfswork/rech/ynx/uds36vp/repos/wf-SEDs/HD_projected_optimisation/wf-outputs/chkp/8_bins/chkp_callback_poly_5_cycles_256_no_proj_d2_45z_3_cycle5
63/63 - 54s - loss: 9.6514e-07 - mean_squared_error: 1.3801e-06 - val_loss: 2.1081e-08 - val_mean_squared_error: 2.1081e-08 - 54s/epoch - 865ms/step
Epoch 2/15

Epoch 00002: mean_squared_error did not improve from 0.00000
63/63 - 52s - loss: 9.7187e-07 - mean_squared_error: 1.3860e-06 - val_loss: 2.0297e-08 - val_mean_squared_error: 2.0297e-08 - 52s/epoch - 823ms/step
Epoch 3/15

Epoch 00003: mean_squared_error did not improve from 0.00000
63/63 - 52s - loss: 9.7713e-07 - mean_squared_error: 1.3894e-06 - val_loss: 6.0760e-08 - val_mean_squared_error: 6.0760e-08 - 52s/epoch - 823ms/step
Epoch 4/15

Epoch 00004: mean_squared_error did not improve from 0.00000
63/63 - 52s - loss: 1.0826e-06 - mean_squared_error: 1.4703e-06 - val_loss: 2.5226e-07 - val_mean_squared_error: 2.5226e-07 - 52s/epoch - 824ms/step
Epoch 5/15

Epoch 00005: mean_squared_error did not improve from 0.00000
63/63 - 52s - loss: 1.0463e-06 - mean_squared_error: 1.4447e-06 - val_loss: 3.7389e-08 - val_mean_squared_error: 3.7389e-08 - 52s/epoch - 823ms/step
Epoch 6/15

Epoch 00006: mean_squared_error did not improve from 0.00000
63/63 - 52s - loss: 9.8729e-07 - mean_squared_error: 1.3982e-06 - val_loss: 6.4204e-08 - val_mean_squared_error: 6.4204e-08 - 52s/epoch - 822ms/step
Epoch 7/15

Epoch 00007: mean_squared_error did not improve from 0.00000
63/63 - 52s - loss: 1.0435e-06 - mean_squared_error: 1.4392e-06 - val_loss: 1.3355e-07 - val_mean_squared_error: 1.3355e-07 - 52s/epoch - 824ms/step
Epoch 8/15

Epoch 00008: mean_squared_error did not improve from 0.00000
63/63 - 52s - loss: 1.1177e-06 - mean_squared_error: 1.4981e-06 - val_loss: 4.5772e-08 - val_mean_squared_error: 4.5772e-08 - 52s/epoch - 823ms/step
Epoch 9/15

Epoch 00009: mean_squared_error did not improve from 0.00000
63/63 - 52s - loss: 9.8272e-07 - mean_squared_error: 1.3944e-06 - val_loss: 1.9825e-08 - val_mean_squared_error: 1.9825e-08 - 52s/epoch - 823ms/step
Epoch 10/15

Epoch 00010: mean_squared_error did not improve from 0.00000
63/63 - 52s - loss: 1.0013e-06 - mean_squared_error: 1.4095e-06 - val_loss: 4.9411e-08 - val_mean_squared_error: 4.9411e-08 - 52s/epoch - 822ms/step
Epoch 11/15

Epoch 00011: mean_squared_error did not improve from 0.00000
63/63 - 52s - loss: 1.2065e-06 - mean_squared_error: 1.5695e-06 - val_loss: 7.4840e-08 - val_mean_squared_error: 7.4840e-08 - 52s/epoch - 822ms/step
Epoch 12/15

Epoch 00012: mean_squared_error did not improve from 0.00000
63/63 - 52s - loss: 1.0254e-06 - mean_squared_error: 1.4284e-06 - val_loss: 5.4548e-08 - val_mean_squared_error: 5.4548e-08 - 52s/epoch - 824ms/step
Epoch 13/15

Epoch 00013: mean_squared_error did not improve from 0.00000
63/63 - 52s - loss: 1.0117e-06 - mean_squared_error: 1.4181e-06 - val_loss: 7.0798e-08 - val_mean_squared_error: 7.0798e-08 - 52s/epoch - 823ms/step
Epoch 14/15

Epoch 00014: mean_squared_error did not improve from 0.00000
63/63 - 52s - loss: 1.0214e-06 - mean_squared_error: 1.4267e-06 - val_loss: 3.6767e-08 - val_mean_squared_error: 3.6767e-08 - 52s/epoch - 823ms/step
Epoch 15/15

Epoch 00015: mean_squared_error did not improve from 0.00000
63/63 - 52s - loss: 1.2441e-06 - mean_squared_error: 1.5995e-06 - val_loss: 1.4971e-07 - val_mean_squared_error: 1.4971e-07 - 52s/epoch - 823ms/step
Starting non-parametric update..
Epoch 1/50

Epoch 00001: mean_squared_error did not improve from 0.00000
63/63 - 54s - loss: 1.0426e-06 - mean_squared_error: 1.4436e-06 - val_loss: 4.3174e-08 - val_mean_squared_error: 4.3174e-08 - 54s/epoch - 861ms/step
Epoch 2/50

Epoch 00002: mean_squared_error did not improve from 0.00000
63/63 - 52s - loss: 9.8433e-07 - mean_squared_error: 1.3963e-06 - val_loss: 2.7037e-08 - val_mean_squared_error: 2.7037e-08 - 52s/epoch - 819ms/step
Epoch 3/50

Epoch 00003: mean_squared_error did not improve from 0.00000
63/63 - 51s - loss: 9.7335e-07 - mean_squared_error: 1.3873e-06 - val_loss: 2.1454e-08 - val_mean_squared_error: 2.1454e-08 - 51s/epoch - 817ms/step
Epoch 4/50

Epoch 00004: mean_squared_error did not improve from 0.00000
63/63 - 52s - loss: 9.6881e-07 - mean_squared_error: 1.3835e-06 - val_loss: 1.8409e-08 - val_mean_squared_error: 1.8409e-08 - 52s/epoch - 818ms/step
Epoch 5/50

Epoch 00005: mean_squared_error did not improve from 0.00000
63/63 - 51s - loss: 9.6640e-07 - mean_squared_error: 1.3815e-06 - val_loss: 1.6898e-08 - val_mean_squared_error: 1.6898e-08 - 51s/epoch - 817ms/step
Epoch 6/50

Epoch 00006: mean_squared_error did not improve from 0.00000
63/63 - 51s - loss: 9.6505e-07 - mean_squared_error: 1.3803e-06 - val_loss: 1.6105e-08 - val_mean_squared_error: 1.6105e-08 - 51s/epoch - 817ms/step
Epoch 7/50

Epoch 00007: mean_squared_error improved from 0.00000 to 0.00000, saving model to /gpfswork/rech/ynx/uds36vp/repos/wf-SEDs/HD_projected_optimisation/wf-outputs/chkp/8_bins/chkp_callback_poly_5_cycles_256_no_proj_d2_45z_3_cycle5
63/63 - 52s - loss: 9.6403e-07 - mean_squared_error: 1.3795e-06 - val_loss: 1.5232e-08 - val_mean_squared_error: 1.5232e-08 - 52s/epoch - 826ms/step
Epoch 8/50

Epoch 00008: mean_squared_error improved from 0.00000 to 0.00000, saving model to /gpfswork/rech/ynx/uds36vp/repos/wf-SEDs/HD_projected_optimisation/wf-outputs/chkp/8_bins/chkp_callback_poly_5_cycles_256_no_proj_d2_45z_3_cycle5
63/63 - 52s - loss: 9.6342e-07 - mean_squared_error: 1.3789e-06 - val_loss: 1.4787e-08 - val_mean_squared_error: 1.4787e-08 - 52s/epoch - 819ms/step
Epoch 9/50

Epoch 00009: mean_squared_error improved from 0.00000 to 0.00000, saving model to /gpfswork/rech/ynx/uds36vp/repos/wf-SEDs/HD_projected_optimisation/wf-outputs/chkp/8_bins/chkp_callback_poly_5_cycles_256_no_proj_d2_45z_3_cycle5
63/63 - 52s - loss: 9.6294e-07 - mean_squared_error: 1.3785e-06 - val_loss: 1.4560e-08 - val_mean_squared_error: 1.4560e-08 - 52s/epoch - 821ms/step
Epoch 10/50

Epoch 00010: mean_squared_error improved from 0.00000 to 0.00000, saving model to /gpfswork/rech/ynx/uds36vp/repos/wf-SEDs/HD_projected_optimisation/wf-outputs/chkp/8_bins/chkp_callback_poly_5_cycles_256_no_proj_d2_45z_3_cycle5
63/63 - 52s - loss: 9.6256e-07 - mean_squared_error: 1.3782e-06 - val_loss: 1.4219e-08 - val_mean_squared_error: 1.4219e-08 - 52s/epoch - 818ms/step
Epoch 11/50

Epoch 00011: mean_squared_error improved from 0.00000 to 0.00000, saving model to /gpfswork/rech/ynx/uds36vp/repos/wf-SEDs/HD_projected_optimisation/wf-outputs/chkp/8_bins/chkp_callback_poly_5_cycles_256_no_proj_d2_45z_3_cycle5
63/63 - 52s - loss: 9.6221e-07 - mean_squared_error: 1.3778e-06 - val_loss: 1.4107e-08 - val_mean_squared_error: 1.4107e-08 - 52s/epoch - 818ms/step
Epoch 12/50

Epoch 00012: mean_squared_error improved from 0.00000 to 0.00000, saving model to /gpfswork/rech/ynx/uds36vp/repos/wf-SEDs/HD_projected_optimisation/wf-outputs/chkp/8_bins/chkp_callback_poly_5_cycles_256_no_proj_d2_45z_3_cycle5
63/63 - 52s - loss: 9.6214e-07 - mean_squared_error: 1.3778e-06 - val_loss: 1.3757e-08 - val_mean_squared_error: 1.3757e-08 - 52s/epoch - 819ms/step
Epoch 13/50

Epoch 00013: mean_squared_error improved from 0.00000 to 0.00000, saving model to /gpfswork/rech/ynx/uds36vp/repos/wf-SEDs/HD_projected_optimisation/wf-outputs/chkp/8_bins/chkp_callback_poly_5_cycles_256_no_proj_d2_45z_3_cycle5
63/63 - 52s - loss: 9.6209e-07 - mean_squared_error: 1.3777e-06 - val_loss: 1.3709e-08 - val_mean_squared_error: 1.3709e-08 - 52s/epoch - 821ms/step
Epoch 14/50

Epoch 00014: mean_squared_error improved from 0.00000 to 0.00000, saving model to /gpfswork/rech/ynx/uds36vp/repos/wf-SEDs/HD_projected_optimisation/wf-outputs/chkp/8_bins/chkp_callback_poly_5_cycles_256_no_proj_d2_45z_3_cycle5
63/63 - 52s - loss: 9.6181e-07 - mean_squared_error: 1.3775e-06 - val_loss: 1.3266e-08 - val_mean_squared_error: 1.3266e-08 - 52s/epoch - 819ms/step
Epoch 15/50

Epoch 00015: mean_squared_error improved from 0.00000 to 0.00000, saving model to /gpfswork/rech/ynx/uds36vp/repos/wf-SEDs/HD_projected_optimisation/wf-outputs/chkp/8_bins/chkp_callback_poly_5_cycles_256_no_proj_d2_45z_3_cycle5
63/63 - 52s - loss: 9.6131e-07 - mean_squared_error: 1.3771e-06 - val_loss: 1.3425e-08 - val_mean_squared_error: 1.3425e-08 - 52s/epoch - 818ms/step
Epoch 16/50

Epoch 00016: mean_squared_error improved from 0.00000 to 0.00000, saving model to /gpfswork/rech/ynx/uds36vp/repos/wf-SEDs/HD_projected_optimisation/wf-outputs/chkp/8_bins/chkp_callback_poly_5_cycles_256_no_proj_d2_45z_3_cycle5
63/63 - 52s - loss: 9.6127e-07 - mean_squared_error: 1.3770e-06 - val_loss: 1.3075e-08 - val_mean_squared_error: 1.3075e-08 - 52s/epoch - 818ms/step
Epoch 17/50

Epoch 00017: mean_squared_error improved from 0.00000 to 0.00000, saving model to /gpfswork/rech/ynx/uds36vp/repos/wf-SEDs/HD_projected_optimisation/wf-outputs/chkp/8_bins/chkp_callback_poly_5_cycles_256_no_proj_d2_45z_3_cycle5
63/63 - 52s - loss: 9.6102e-07 - mean_squared_error: 1.3767e-06 - val_loss: 1.2941e-08 - val_mean_squared_error: 1.2941e-08 - 52s/epoch - 819ms/step
Epoch 18/50

Epoch 00018: mean_squared_error did not improve from 0.00000
63/63 - 52s - loss: 9.6200e-07 - mean_squared_error: 1.3774e-06 - val_loss: 1.6359e-08 - val_mean_squared_error: 1.6359e-08 - 52s/epoch - 819ms/step
Epoch 19/50

Epoch 00019: mean_squared_error did not improve from 0.00000
63/63 - 52s - loss: 9.6364e-07 - mean_squared_error: 1.3787e-06 - val_loss: 1.3241e-08 - val_mean_squared_error: 1.3241e-08 - 52s/epoch - 818ms/step
Epoch 20/50

Epoch 00020: mean_squared_error improved from 0.00000 to 0.00000, saving model to /gpfswork/rech/ynx/uds36vp/repos/wf-SEDs/HD_projected_optimisation/wf-outputs/chkp/8_bins/chkp_callback_poly_5_cycles_256_no_proj_d2_45z_3_cycle5
63/63 - 52s - loss: 9.6071e-07 - mean_squared_error: 1.3765e-06 - val_loss: 1.2560e-08 - val_mean_squared_error: 1.2560e-08 - 52s/epoch - 818ms/step
Epoch 21/50

Epoch 00021: mean_squared_error improved from 0.00000 to 0.00000, saving model to /gpfswork/rech/ynx/uds36vp/repos/wf-SEDs/HD_projected_optimisation/wf-outputs/chkp/8_bins/chkp_callback_poly_5_cycles_256_no_proj_d2_45z_3_cycle5
63/63 - 51s - loss: 9.6052e-07 - mean_squared_error: 1.3763e-06 - val_loss: 1.2928e-08 - val_mean_squared_error: 1.2928e-08 - 51s/epoch - 817ms/step
Epoch 22/50

Epoch 00022: mean_squared_error did not improve from 0.00000
63/63 - 52s - loss: 9.6097e-07 - mean_squared_error: 1.3766e-06 - val_loss: 1.3298e-08 - val_mean_squared_error: 1.3298e-08 - 52s/epoch - 818ms/step
Epoch 23/50

Epoch 00023: mean_squared_error did not improve from 0.00000
63/63 - 52s - loss: 9.6085e-07 - mean_squared_error: 1.3765e-06 - val_loss: 1.2522e-08 - val_mean_squared_error: 1.2522e-08 - 52s/epoch - 819ms/step
Epoch 24/50

Epoch 00024: mean_squared_error did not improve from 0.00000
63/63 - 52s - loss: 9.6054e-07 - mean_squared_error: 1.3763e-06 - val_loss: 1.2839e-08 - val_mean_squared_error: 1.2839e-08 - 52s/epoch - 819ms/step
Epoch 25/50

Epoch 00025: mean_squared_error improved from 0.00000 to 0.00000, saving model to /gpfswork/rech/ynx/uds36vp/repos/wf-SEDs/HD_projected_optimisation/wf-outputs/chkp/8_bins/chkp_callback_poly_5_cycles_256_no_proj_d2_45z_3_cycle5
63/63 - 52s - loss: 9.6026e-07 - mean_squared_error: 1.3760e-06 - val_loss: 1.2082e-08 - val_mean_squared_error: 1.2082e-08 - 52s/epoch - 818ms/step
Epoch 26/50

Epoch 00026: mean_squared_error did not improve from 0.00000
63/63 - 52s - loss: 9.6175e-07 - mean_squared_error: 1.3768e-06 - val_loss: 1.2051e-08 - val_mean_squared_error: 1.2051e-08 - 52s/epoch - 818ms/step
Epoch 27/50

Epoch 00027: mean_squared_error improved from 0.00000 to 0.00000, saving model to /gpfswork/rech/ynx/uds36vp/repos/wf-SEDs/HD_projected_optimisation/wf-outputs/chkp/8_bins/chkp_callback_poly_5_cycles_256_no_proj_d2_45z_3_cycle5
63/63 - 52s - loss: 9.6019e-07 - mean_squared_error: 1.3759e-06 - val_loss: 1.2267e-08 - val_mean_squared_error: 1.2267e-08 - 52s/epoch - 819ms/step
Epoch 28/50

Epoch 00028: mean_squared_error improved from 0.00000 to 0.00000, saving model to /gpfswork/rech/ynx/uds36vp/repos/wf-SEDs/HD_projected_optimisation/wf-outputs/chkp/8_bins/chkp_callback_poly_5_cycles_256_no_proj_d2_45z_3_cycle5
63/63 - 52s - loss: 9.6006e-07 - mean_squared_error: 1.3758e-06 - val_loss: 1.2388e-08 - val_mean_squared_error: 1.2388e-08 - 52s/epoch - 820ms/step
Epoch 29/50

Epoch 00029: mean_squared_error improved from 0.00000 to 0.00000, saving model to /gpfswork/rech/ynx/uds36vp/repos/wf-SEDs/HD_projected_optimisation/wf-outputs/chkp/8_bins/chkp_callback_poly_5_cycles_256_no_proj_d2_45z_3_cycle5
63/63 - 52s - loss: 9.5973e-07 - mean_squared_error: 1.3756e-06 - val_loss: 1.2044e-08 - val_mean_squared_error: 1.2044e-08 - 52s/epoch - 819ms/step
Epoch 30/50

Epoch 00030: mean_squared_error did not improve from 0.00000
63/63 - 51s - loss: 9.6005e-07 - mean_squared_error: 1.3756e-06 - val_loss: 1.3122e-08 - val_mean_squared_error: 1.3122e-08 - 51s/epoch - 817ms/step
Epoch 31/50

Epoch 00031: mean_squared_error did not improve from 0.00000
63/63 - 51s - loss: 9.6063e-07 - mean_squared_error: 1.3761e-06 - val_loss: 1.3408e-08 - val_mean_squared_error: 1.3408e-08 - 51s/epoch - 817ms/step
Epoch 32/50

Epoch 00032: mean_squared_error did not improve from 0.00000
63/63 - 52s - loss: 9.6091e-07 - mean_squared_error: 1.3763e-06 - val_loss: 1.1814e-08 - val_mean_squared_error: 1.1814e-08 - 52s/epoch - 818ms/step
Epoch 33/50

Epoch 00033: mean_squared_error did not improve from 0.00000
63/63 - 52s - loss: 9.6055e-07 - mean_squared_error: 1.3761e-06 - val_loss: 1.1770e-08 - val_mean_squared_error: 1.1770e-08 - 52s/epoch - 819ms/step
Epoch 34/50

Epoch 00034: mean_squared_error improved from 0.00000 to 0.00000, saving model to /gpfswork/rech/ynx/uds36vp/repos/wf-SEDs/HD_projected_optimisation/wf-outputs/chkp/8_bins/chkp_callback_poly_5_cycles_256_no_proj_d2_45z_3_cycle5
63/63 - 52s - loss: 9.5965e-07 - mean_squared_error: 1.3753e-06 - val_loss: 1.1821e-08 - val_mean_squared_error: 1.1821e-08 - 52s/epoch - 820ms/step
Epoch 35/50

Epoch 00035: mean_squared_error did not improve from 0.00000
63/63 - 52s - loss: 9.6021e-07 - mean_squared_error: 1.3758e-06 - val_loss: 1.1779e-08 - val_mean_squared_error: 1.1779e-08 - 52s/epoch - 820ms/step
Epoch 36/50

Epoch 00036: mean_squared_error did not improve from 0.00000
63/63 - 51s - loss: 9.6000e-07 - mean_squared_error: 1.3757e-06 - val_loss: 1.1869e-08 - val_mean_squared_error: 1.1869e-08 - 51s/epoch - 817ms/step
Epoch 37/50

Epoch 00037: mean_squared_error improved from 0.00000 to 0.00000, saving model to /gpfswork/rech/ynx/uds36vp/repos/wf-SEDs/HD_projected_optimisation/wf-outputs/chkp/8_bins/chkp_callback_poly_5_cycles_256_no_proj_d2_45z_3_cycle5
63/63 - 52s - loss: 9.5895e-07 - mean_squared_error: 1.3748e-06 - val_loss: 1.1029e-08 - val_mean_squared_error: 1.1029e-08 - 52s/epoch - 819ms/step
Epoch 38/50

Epoch 00038: mean_squared_error improved from 0.00000 to 0.00000, saving model to /gpfswork/rech/ynx/uds36vp/repos/wf-SEDs/HD_projected_optimisation/wf-outputs/chkp/8_bins/chkp_callback_poly_5_cycles_256_no_proj_d2_45z_3_cycle5
63/63 - 52s - loss: 9.5903e-07 - mean_squared_error: 1.3747e-06 - val_loss: 1.1113e-08 - val_mean_squared_error: 1.1113e-08 - 52s/epoch - 818ms/step
Epoch 39/50

Epoch 00039: mean_squared_error did not improve from 0.00000
63/63 - 52s - loss: 9.5915e-07 - mean_squared_error: 1.3750e-06 - val_loss: 1.1457e-08 - val_mean_squared_error: 1.1457e-08 - 52s/epoch - 819ms/step
Epoch 40/50

Epoch 00040: mean_squared_error did not improve from 0.00000
63/63 - 52s - loss: 9.6104e-07 - mean_squared_error: 1.3762e-06 - val_loss: 1.3476e-08 - val_mean_squared_error: 1.3476e-08 - 52s/epoch - 818ms/step
Epoch 41/50

Epoch 00041: mean_squared_error did not improve from 0.00000
63/63 - 52s - loss: 9.6261e-07 - mean_squared_error: 1.3777e-06 - val_loss: 1.1305e-08 - val_mean_squared_error: 1.1305e-08 - 52s/epoch - 818ms/step
Epoch 42/50

Epoch 00042: mean_squared_error improved from 0.00000 to 0.00000, saving model to /gpfswork/rech/ynx/uds36vp/repos/wf-SEDs/HD_projected_optimisation/wf-outputs/chkp/8_bins/chkp_callback_poly_5_cycles_256_no_proj_d2_45z_3_cycle5
63/63 - 52s - loss: 9.5850e-07 - mean_squared_error: 1.3745e-06 - val_loss: 1.1415e-08 - val_mean_squared_error: 1.1415e-08 - 52s/epoch - 818ms/step
Epoch 43/50

Epoch 00043: mean_squared_error did not improve from 0.00000
63/63 - 52s - loss: 9.5879e-07 - mean_squared_error: 1.3746e-06 - val_loss: 1.0700e-08 - val_mean_squared_error: 1.0700e-08 - 52s/epoch - 818ms/step
Epoch 44/50

Epoch 00044: mean_squared_error did not improve from 0.00000
63/63 - 52s - loss: 9.5983e-07 - mean_squared_error: 1.3755e-06 - val_loss: 1.1782e-08 - val_mean_squared_error: 1.1782e-08 - 52s/epoch - 819ms/step
Epoch 45/50

Epoch 00045: mean_squared_error did not improve from 0.00000
63/63 - 52s - loss: 9.6374e-07 - mean_squared_error: 1.3780e-06 - val_loss: 1.6556e-08 - val_mean_squared_error: 1.6556e-08 - 52s/epoch - 818ms/step
Epoch 46/50

Epoch 00046: mean_squared_error did not improve from 0.00000
63/63 - 51s - loss: 9.6060e-07 - mean_squared_error: 1.3759e-06 - val_loss: 1.2649e-08 - val_mean_squared_error: 1.2649e-08 - 51s/epoch - 816ms/step
Epoch 47/50

Epoch 00047: mean_squared_error did not improve from 0.00000
63/63 - 51s - loss: 9.5872e-07 - mean_squared_error: 1.3746e-06 - val_loss: 1.0646e-08 - val_mean_squared_error: 1.0646e-08 - 51s/epoch - 817ms/step
Epoch 48/50

Epoch 00048: mean_squared_error did not improve from 0.00000
63/63 - 52s - loss: 9.5970e-07 - mean_squared_error: 1.3753e-06 - val_loss: 1.1439e-08 - val_mean_squared_error: 1.1439e-08 - 52s/epoch - 818ms/step
Epoch 49/50

Epoch 00049: mean_squared_error did not improve from 0.00000
63/63 - 52s - loss: 9.5935e-07 - mean_squared_error: 1.3749e-06 - val_loss: 1.0805e-08 - val_mean_squared_error: 1.0805e-08 - 52s/epoch - 818ms/step
Epoch 50/50

Epoch 00050: mean_squared_error improved from 0.00000 to 0.00000, saving model to /gpfswork/rech/ynx/uds36vp/repos/wf-SEDs/HD_projected_optimisation/wf-outputs/chkp/8_bins/chkp_callback_poly_5_cycles_256_no_proj_d2_45z_3_cycle5
63/63 - 52s - loss: 9.5844e-07 - mean_squared_error: 1.3742e-06 - val_loss: 1.0805e-08 - val_mean_squared_error: 1.0805e-08 - 52s/epoch - 819ms/step
Cycle5 elapsed time: 3366.7444536685944

Total elapsed time: 9890.725621

 Good bye..
