Starting the log file.
Found GPU at: /device:GPU:0
tf_version: 2.7.0
Zernike cube:
(60, 256, 256)
Dataset parameters:
{'d_max': 2, 'max_order': 45, 'x_lims': [0, 1000.0], 'y_lims': [0, 1000.0], 'grid_points': [4, 4], 'n_bins': 350, 'max_wfe_rms': 0.1, 'oversampling_rate': 3.0, 'output_Q': 3.0, 'output_dim': 32, 'LP_filter_length': 2, 'pupil_diameter': 256, 'euclid_obsc': True, 'n_stars': 2000}
Starting cycle 1..
Starting parametric update..
Epoch 1/15

Epoch 00001: mean_squared_error improved from inf to 0.00000, saving model to /gpfswork/rech/ynx/uds36vp/repos/wf-SEDs/HD_projected_optimisation/wf-outputs/chkp/8_bins/chkp_callback_poly_2_cycles_256_no_proj_d2_60z_3_cycle1
63/63 - 58s - loss: 3.3462e-06 - mean_squared_error: 3.5005e-06 - val_loss: 4.9335e-07 - val_mean_squared_error: 4.9335e-07 - 58s/epoch - 917ms/step
Epoch 2/15

Epoch 00002: mean_squared_error improved from 0.00000 to 0.00000, saving model to /gpfswork/rech/ynx/uds36vp/repos/wf-SEDs/HD_projected_optimisation/wf-outputs/chkp/8_bins/chkp_callback_poly_2_cycles_256_no_proj_d2_60z_3_cycle1
63/63 - 55s - loss: 1.2952e-06 - mean_squared_error: 1.6576e-06 - val_loss: 1.9882e-07 - val_mean_squared_error: 1.9882e-07 - 55s/epoch - 868ms/step
Epoch 3/15

Epoch 00003: mean_squared_error improved from 0.00000 to 0.00000, saving model to /gpfswork/rech/ynx/uds36vp/repos/wf-SEDs/HD_projected_optimisation/wf-outputs/chkp/8_bins/chkp_callback_poly_2_cycles_256_no_proj_d2_60z_3_cycle1
63/63 - 55s - loss: 1.1471e-06 - mean_squared_error: 1.5303e-06 - val_loss: 1.7374e-07 - val_mean_squared_error: 1.7374e-07 - 55s/epoch - 868ms/step
Epoch 4/15

Epoch 00004: mean_squared_error did not improve from 0.00000
63/63 - 52s - loss: 1.2703e-06 - mean_squared_error: 1.6385e-06 - val_loss: 1.8582e-07 - val_mean_squared_error: 1.8582e-07 - 52s/epoch - 831ms/step
Epoch 5/15

Epoch 00005: mean_squared_error did not improve from 0.00000
63/63 - 52s - loss: 1.4151e-06 - mean_squared_error: 1.7436e-06 - val_loss: 3.8590e-07 - val_mean_squared_error: 3.8590e-07 - 52s/epoch - 831ms/step
Epoch 6/15

Epoch 00006: mean_squared_error did not improve from 0.00000
63/63 - 53s - loss: 1.2435e-06 - mean_squared_error: 1.6020e-06 - val_loss: 2.3628e-07 - val_mean_squared_error: 2.3628e-07 - 53s/epoch - 847ms/step
Epoch 7/15

Epoch 00007: mean_squared_error did not improve from 0.00000
63/63 - 56s - loss: 1.6632e-06 - mean_squared_error: 1.9632e-06 - val_loss: 2.2423e-07 - val_mean_squared_error: 2.2423e-07 - 56s/epoch - 896ms/step
Epoch 8/15

Epoch 00008: mean_squared_error did not improve from 0.00000
63/63 - 52s - loss: 1.5111e-06 - mean_squared_error: 1.8146e-06 - val_loss: 5.3813e-07 - val_mean_squared_error: 5.3813e-07 - 52s/epoch - 831ms/step
Epoch 9/15

Epoch 00009: mean_squared_error did not improve from 0.00000
63/63 - 52s - loss: 1.3562e-06 - mean_squared_error: 1.7016e-06 - val_loss: 2.7072e-07 - val_mean_squared_error: 2.7072e-07 - 52s/epoch - 831ms/step
Epoch 10/15

Epoch 00010: mean_squared_error did not improve from 0.00000
63/63 - 52s - loss: 1.4657e-06 - mean_squared_error: 1.7951e-06 - val_loss: 2.7314e-07 - val_mean_squared_error: 2.7314e-07 - 52s/epoch - 832ms/step
Epoch 11/15

Epoch 00011: mean_squared_error did not improve from 0.00000
63/63 - 54s - loss: 1.4696e-06 - mean_squared_error: 1.8069e-06 - val_loss: 2.7659e-07 - val_mean_squared_error: 2.7659e-07 - 54s/epoch - 862ms/step
Epoch 12/15

Epoch 00012: mean_squared_error did not improve from 0.00000
63/63 - 54s - loss: 1.5556e-06 - mean_squared_error: 1.8728e-06 - val_loss: 5.0306e-07 - val_mean_squared_error: 5.0306e-07 - 54s/epoch - 852ms/step
Epoch 13/15

Epoch 00013: mean_squared_error did not improve from 0.00000
63/63 - 53s - loss: 1.8267e-06 - mean_squared_error: 2.0885e-06 - val_loss: 4.6610e-07 - val_mean_squared_error: 4.6610e-07 - 53s/epoch - 847ms/step
Epoch 14/15

Epoch 00014: mean_squared_error did not improve from 0.00000
63/63 - 52s - loss: 1.9067e-06 - mean_squared_error: 2.1382e-06 - val_loss: 4.7634e-07 - val_mean_squared_error: 4.7634e-07 - 52s/epoch - 831ms/step
Epoch 15/15

Epoch 00015: mean_squared_error did not improve from 0.00000
63/63 - 55s - loss: 1.8425e-06 - mean_squared_error: 2.1089e-06 - val_loss: 7.5907e-07 - val_mean_squared_error: 7.5907e-07 - 55s/epoch - 865ms/step
Starting non-parametric update..
Epoch 1/100

Epoch 00001: mean_squared_error did not improve from 0.00000
63/63 - 56s - loss: 1.5740e-06 - mean_squared_error: 1.8751e-06 - val_loss: 2.9274e-07 - val_mean_squared_error: 2.9274e-07 - 56s/epoch - 894ms/step
Epoch 2/100

Epoch 00002: mean_squared_error did not improve from 0.00000
63/63 - 54s - loss: 1.2267e-06 - mean_squared_error: 1.5929e-06 - val_loss: 1.9151e-07 - val_mean_squared_error: 1.9151e-07 - 54s/epoch - 855ms/step
Epoch 3/100

Epoch 00003: mean_squared_error did not improve from 0.00000
63/63 - 54s - loss: 1.1481e-06 - mean_squared_error: 1.5309e-06 - val_loss: 1.5025e-07 - val_mean_squared_error: 1.5025e-07 - 54s/epoch - 855ms/step
Epoch 4/100

Epoch 00004: mean_squared_error improved from 0.00000 to 0.00000, saving model to /gpfswork/rech/ynx/uds36vp/repos/wf-SEDs/HD_projected_optimisation/wf-outputs/chkp/8_bins/chkp_callback_poly_2_cycles_256_no_proj_d2_60z_3_cycle1
63/63 - 54s - loss: 1.1067e-06 - mean_squared_error: 1.4985e-06 - val_loss: 1.2068e-07 - val_mean_squared_error: 1.2068e-07 - 54s/epoch - 853ms/step
Epoch 5/100

Epoch 00005: mean_squared_error improved from 0.00000 to 0.00000, saving model to /gpfswork/rech/ynx/uds36vp/repos/wf-SEDs/HD_projected_optimisation/wf-outputs/chkp/8_bins/chkp_callback_poly_2_cycles_256_no_proj_d2_60z_3_cycle1
63/63 - 53s - loss: 1.0760e-06 - mean_squared_error: 1.4736e-06 - val_loss: 9.8550e-08 - val_mean_squared_error: 9.8550e-08 - 53s/epoch - 834ms/step
Epoch 6/100

Epoch 00006: mean_squared_error improved from 0.00000 to 0.00000, saving model to /gpfswork/rech/ynx/uds36vp/repos/wf-SEDs/HD_projected_optimisation/wf-outputs/chkp/8_bins/chkp_callback_poly_2_cycles_256_no_proj_d2_60z_3_cycle1
63/63 - 54s - loss: 1.0527e-06 - mean_squared_error: 1.4547e-06 - val_loss: 8.1440e-08 - val_mean_squared_error: 8.1440e-08 - 54s/epoch - 859ms/step
Epoch 7/100

Epoch 00007: mean_squared_error improved from 0.00000 to 0.00000, saving model to /gpfswork/rech/ynx/uds36vp/repos/wf-SEDs/HD_projected_optimisation/wf-outputs/chkp/8_bins/chkp_callback_poly_2_cycles_256_no_proj_d2_60z_3_cycle1
63/63 - 53s - loss: 1.0349e-06 - mean_squared_error: 1.4401e-06 - val_loss: 6.8682e-08 - val_mean_squared_error: 6.8682e-08 - 53s/epoch - 847ms/step
Epoch 8/100

Epoch 00008: mean_squared_error improved from 0.00000 to 0.00000, saving model to /gpfswork/rech/ynx/uds36vp/repos/wf-SEDs/HD_projected_optimisation/wf-outputs/chkp/8_bins/chkp_callback_poly_2_cycles_256_no_proj_d2_60z_3_cycle1
63/63 - 54s - loss: 1.0214e-06 - mean_squared_error: 1.4288e-06 - val_loss: 5.8781e-08 - val_mean_squared_error: 5.8781e-08 - 54s/epoch - 857ms/step
Epoch 9/100

Epoch 00009: mean_squared_error improved from 0.00000 to 0.00000, saving model to /gpfswork/rech/ynx/uds36vp/repos/wf-SEDs/HD_projected_optimisation/wf-outputs/chkp/8_bins/chkp_callback_poly_2_cycles_256_no_proj_d2_60z_3_cycle1
63/63 - 53s - loss: 1.0109e-06 - mean_squared_error: 1.4200e-06 - val_loss: 5.0564e-08 - val_mean_squared_error: 5.0564e-08 - 53s/epoch - 844ms/step
Epoch 10/100

Epoch 00010: mean_squared_error improved from 0.00000 to 0.00000, saving model to /gpfswork/rech/ynx/uds36vp/repos/wf-SEDs/HD_projected_optimisation/wf-outputs/chkp/8_bins/chkp_callback_poly_2_cycles_256_no_proj_d2_60z_3_cycle1
63/63 - 53s - loss: 1.0020e-06 - mean_squared_error: 1.4123e-06 - val_loss: 4.3177e-08 - val_mean_squared_error: 4.3177e-08 - 53s/epoch - 835ms/step
Epoch 11/100

Epoch 00011: mean_squared_error improved from 0.00000 to 0.00000, saving model to /gpfswork/rech/ynx/uds36vp/repos/wf-SEDs/HD_projected_optimisation/wf-outputs/chkp/8_bins/chkp_callback_poly_2_cycles_256_no_proj_d2_60z_3_cycle1
63/63 - 55s - loss: 9.9448e-07 - mean_squared_error: 1.4059e-06 - val_loss: 3.7342e-08 - val_mean_squared_error: 3.7342e-08 - 55s/epoch - 871ms/step
Epoch 12/100

Epoch 00012: mean_squared_error improved from 0.00000 to 0.00000, saving model to /gpfswork/rech/ynx/uds36vp/repos/wf-SEDs/HD_projected_optimisation/wf-outputs/chkp/8_bins/chkp_callback_poly_2_cycles_256_no_proj_d2_60z_3_cycle1
63/63 - 55s - loss: 9.8833e-07 - mean_squared_error: 1.4006e-06 - val_loss: 3.2593e-08 - val_mean_squared_error: 3.2593e-08 - 55s/epoch - 867ms/step
Epoch 13/100

Epoch 00013: mean_squared_error improved from 0.00000 to 0.00000, saving model to /gpfswork/rech/ynx/uds36vp/repos/wf-SEDs/HD_projected_optimisation/wf-outputs/chkp/8_bins/chkp_callback_poly_2_cycles_256_no_proj_d2_60z_3_cycle1
63/63 - 53s - loss: 9.8300e-07 - mean_squared_error: 1.3961e-06 - val_loss: 2.8179e-08 - val_mean_squared_error: 2.8179e-08 - 53s/epoch - 838ms/step
Epoch 14/100

Epoch 00014: mean_squared_error improved from 0.00000 to 0.00000, saving model to /gpfswork/rech/ynx/uds36vp/repos/wf-SEDs/HD_projected_optimisation/wf-outputs/chkp/8_bins/chkp_callback_poly_2_cycles_256_no_proj_d2_60z_3_cycle1
63/63 - 53s - loss: 9.7875e-07 - mean_squared_error: 1.3922e-06 - val_loss: 2.4906e-08 - val_mean_squared_error: 2.4906e-08 - 53s/epoch - 835ms/step
Epoch 15/100

Epoch 00015: mean_squared_error improved from 0.00000 to 0.00000, saving model to /gpfswork/rech/ynx/uds36vp/repos/wf-SEDs/HD_projected_optimisation/wf-outputs/chkp/8_bins/chkp_callback_poly_2_cycles_256_no_proj_d2_60z_3_cycle1
63/63 - 55s - loss: 9.7526e-07 - mean_squared_error: 1.3892e-06 - val_loss: 2.2190e-08 - val_mean_squared_error: 2.2190e-08 - 55s/epoch - 866ms/step
Epoch 16/100

Epoch 00016: mean_squared_error improved from 0.00000 to 0.00000, saving model to /gpfswork/rech/ynx/uds36vp/repos/wf-SEDs/HD_projected_optimisation/wf-outputs/chkp/8_bins/chkp_callback_poly_2_cycles_256_no_proj_d2_60z_3_cycle1
63/63 - 55s - loss: 9.7226e-07 - mean_squared_error: 1.3866e-06 - val_loss: 1.9799e-08 - val_mean_squared_error: 1.9799e-08 - 55s/epoch - 870ms/step
Epoch 17/100

Epoch 00017: mean_squared_error improved from 0.00000 to 0.00000, saving model to /gpfswork/rech/ynx/uds36vp/repos/wf-SEDs/HD_projected_optimisation/wf-outputs/chkp/8_bins/chkp_callback_poly_2_cycles_256_no_proj_d2_60z_3_cycle1
63/63 - 53s - loss: 9.7011e-07 - mean_squared_error: 1.3847e-06 - val_loss: 1.7922e-08 - val_mean_squared_error: 1.7922e-08 - 53s/epoch - 840ms/step
Epoch 18/100

Epoch 00018: mean_squared_error improved from 0.00000 to 0.00000, saving model to /gpfswork/rech/ynx/uds36vp/repos/wf-SEDs/HD_projected_optimisation/wf-outputs/chkp/8_bins/chkp_callback_poly_2_cycles_256_no_proj_d2_60z_3_cycle1
63/63 - 53s - loss: 9.6827e-07 - mean_squared_error: 1.3830e-06 - val_loss: 1.6564e-08 - val_mean_squared_error: 1.6564e-08 - 53s/epoch - 835ms/step
Epoch 19/100

Epoch 00019: mean_squared_error improved from 0.00000 to 0.00000, saving model to /gpfswork/rech/ynx/uds36vp/repos/wf-SEDs/HD_projected_optimisation/wf-outputs/chkp/8_bins/chkp_callback_poly_2_cycles_256_no_proj_d2_60z_3_cycle1
63/63 - 53s - loss: 9.6673e-07 - mean_squared_error: 1.3816e-06 - val_loss: 1.5092e-08 - val_mean_squared_error: 1.5092e-08 - 53s/epoch - 836ms/step
Epoch 20/100

Epoch 00020: mean_squared_error improved from 0.00000 to 0.00000, saving model to /gpfswork/rech/ynx/uds36vp/repos/wf-SEDs/HD_projected_optimisation/wf-outputs/chkp/8_bins/chkp_callback_poly_2_cycles_256_no_proj_d2_60z_3_cycle1
63/63 - 57s - loss: 9.6549e-07 - mean_squared_error: 1.3804e-06 - val_loss: 1.4238e-08 - val_mean_squared_error: 1.4238e-08 - 57s/epoch - 901ms/step
Epoch 21/100

Epoch 00021: mean_squared_error improved from 0.00000 to 0.00000, saving model to /gpfswork/rech/ynx/uds36vp/repos/wf-SEDs/HD_projected_optimisation/wf-outputs/chkp/8_bins/chkp_callback_poly_2_cycles_256_no_proj_d2_60z_3_cycle1
63/63 - 53s - loss: 9.6432e-07 - mean_squared_error: 1.3794e-06 - val_loss: 1.3355e-08 - val_mean_squared_error: 1.3355e-08 - 53s/epoch - 836ms/step
Epoch 22/100

Epoch 00022: mean_squared_error improved from 0.00000 to 0.00000, saving model to /gpfswork/rech/ynx/uds36vp/repos/wf-SEDs/HD_projected_optimisation/wf-outputs/chkp/8_bins/chkp_callback_poly_2_cycles_256_no_proj_d2_60z_3_cycle1
63/63 - 53s - loss: 9.6362e-07 - mean_squared_error: 1.3787e-06 - val_loss: 1.2509e-08 - val_mean_squared_error: 1.2509e-08 - 53s/epoch - 836ms/step
Epoch 23/100

Epoch 00023: mean_squared_error improved from 0.00000 to 0.00000, saving model to /gpfswork/rech/ynx/uds36vp/repos/wf-SEDs/HD_projected_optimisation/wf-outputs/chkp/8_bins/chkp_callback_poly_2_cycles_256_no_proj_d2_60z_3_cycle1
63/63 - 53s - loss: 9.6269e-07 - mean_squared_error: 1.3778e-06 - val_loss: 1.1988e-08 - val_mean_squared_error: 1.1988e-08 - 53s/epoch - 835ms/step
Epoch 24/100

Epoch 00024: mean_squared_error improved from 0.00000 to 0.00000, saving model to /gpfswork/rech/ynx/uds36vp/repos/wf-SEDs/HD_projected_optimisation/wf-outputs/chkp/8_bins/chkp_callback_poly_2_cycles_256_no_proj_d2_60z_3_cycle1
63/63 - 56s - loss: 9.6191e-07 - mean_squared_error: 1.3772e-06 - val_loss: 1.1431e-08 - val_mean_squared_error: 1.1431e-08 - 56s/epoch - 894ms/step
Epoch 25/100

Epoch 00025: mean_squared_error improved from 0.00000 to 0.00000, saving model to /gpfswork/rech/ynx/uds36vp/repos/wf-SEDs/HD_projected_optimisation/wf-outputs/chkp/8_bins/chkp_callback_poly_2_cycles_256_no_proj_d2_60z_3_cycle1
63/63 - 53s - loss: 9.6120e-07 - mean_squared_error: 1.3765e-06 - val_loss: 1.0525e-08 - val_mean_squared_error: 1.0525e-08 - 53s/epoch - 835ms/step
Epoch 26/100

Epoch 00026: mean_squared_error improved from 0.00000 to 0.00000, saving model to /gpfswork/rech/ynx/uds36vp/repos/wf-SEDs/HD_projected_optimisation/wf-outputs/chkp/8_bins/chkp_callback_poly_2_cycles_256_no_proj_d2_60z_3_cycle1
63/63 - 53s - loss: 9.6072e-07 - mean_squared_error: 1.3761e-06 - val_loss: 1.0222e-08 - val_mean_squared_error: 1.0222e-08 - 53s/epoch - 836ms/step
Epoch 27/100

Epoch 00027: mean_squared_error improved from 0.00000 to 0.00000, saving model to /gpfswork/rech/ynx/uds36vp/repos/wf-SEDs/HD_projected_optimisation/wf-outputs/chkp/8_bins/chkp_callback_poly_2_cycles_256_no_proj_d2_60z_3_cycle1
63/63 - 53s - loss: 9.6010e-07 - mean_squared_error: 1.3756e-06 - val_loss: 9.6224e-09 - val_mean_squared_error: 9.6224e-09 - 53s/epoch - 840ms/step
Epoch 28/100

Epoch 00028: mean_squared_error improved from 0.00000 to 0.00000, saving model to /gpfswork/rech/ynx/uds36vp/repos/wf-SEDs/HD_projected_optimisation/wf-outputs/chkp/8_bins/chkp_callback_poly_2_cycles_256_no_proj_d2_60z_3_cycle1
63/63 - 55s - loss: 9.5965e-07 - mean_squared_error: 1.3751e-06 - val_loss: 9.5407e-09 - val_mean_squared_error: 9.5407e-09 - 55s/epoch - 868ms/step
Epoch 29/100

Epoch 00029: mean_squared_error improved from 0.00000 to 0.00000, saving model to /gpfswork/rech/ynx/uds36vp/repos/wf-SEDs/HD_projected_optimisation/wf-outputs/chkp/8_bins/chkp_callback_poly_2_cycles_256_no_proj_d2_60z_3_cycle1
63/63 - 54s - loss: 9.5925e-07 - mean_squared_error: 1.3748e-06 - val_loss: 9.0821e-09 - val_mean_squared_error: 9.0821e-09 - 54s/epoch - 857ms/step
Epoch 30/100

Epoch 00030: mean_squared_error improved from 0.00000 to 0.00000, saving model to /gpfswork/rech/ynx/uds36vp/repos/wf-SEDs/HD_projected_optimisation/wf-outputs/chkp/8_bins/chkp_callback_poly_2_cycles_256_no_proj_d2_60z_3_cycle1
63/63 - 53s - loss: 9.5902e-07 - mean_squared_error: 1.3745e-06 - val_loss: 9.1718e-09 - val_mean_squared_error: 9.1718e-09 - 53s/epoch - 848ms/step
Epoch 31/100

Epoch 00031: mean_squared_error improved from 0.00000 to 0.00000, saving model to /gpfswork/rech/ynx/uds36vp/repos/wf-SEDs/HD_projected_optimisation/wf-outputs/chkp/8_bins/chkp_callback_poly_2_cycles_256_no_proj_d2_60z_3_cycle1
63/63 - 53s - loss: 9.5857e-07 - mean_squared_error: 1.3741e-06 - val_loss: 8.5157e-09 - val_mean_squared_error: 8.5157e-09 - 53s/epoch - 836ms/step
Epoch 32/100

Epoch 00032: mean_squared_error improved from 0.00000 to 0.00000, saving model to /gpfswork/rech/ynx/uds36vp/repos/wf-SEDs/HD_projected_optimisation/wf-outputs/chkp/8_bins/chkp_callback_poly_2_cycles_256_no_proj_d2_60z_3_cycle1
63/63 - 55s - loss: 9.5833e-07 - mean_squared_error: 1.3739e-06 - val_loss: 8.3448e-09 - val_mean_squared_error: 8.3448e-09 - 55s/epoch - 870ms/step
Epoch 33/100

Epoch 00033: mean_squared_error improved from 0.00000 to 0.00000, saving model to /gpfswork/rech/ynx/uds36vp/repos/wf-SEDs/HD_projected_optimisation/wf-outputs/chkp/8_bins/chkp_callback_poly_2_cycles_256_no_proj_d2_60z_3_cycle1
63/63 - 55s - loss: 9.5791e-07 - mean_squared_error: 1.3735e-06 - val_loss: 8.0062e-09 - val_mean_squared_error: 8.0062e-09 - 55s/epoch - 867ms/step
Epoch 34/100

Epoch 00034: mean_squared_error improved from 0.00000 to 0.00000, saving model to /gpfswork/rech/ynx/uds36vp/repos/wf-SEDs/HD_projected_optimisation/wf-outputs/chkp/8_bins/chkp_callback_poly_2_cycles_256_no_proj_d2_60z_3_cycle1
63/63 - 53s - loss: 9.5752e-07 - mean_squared_error: 1.3732e-06 - val_loss: 7.8688e-09 - val_mean_squared_error: 7.8688e-09 - 53s/epoch - 837ms/step
Epoch 35/100

Epoch 00035: mean_squared_error did not improve from 0.00000
63/63 - 53s - loss: 9.5758e-07 - mean_squared_error: 1.3732e-06 - val_loss: 7.4103e-09 - val_mean_squared_error: 7.4103e-09 - 53s/epoch - 838ms/step
Epoch 36/100

Epoch 00036: mean_squared_error improved from 0.00000 to 0.00000, saving model to /gpfswork/rech/ynx/uds36vp/repos/wf-SEDs/HD_projected_optimisation/wf-outputs/chkp/8_bins/chkp_callback_poly_2_cycles_256_no_proj_d2_60z_3_cycle1
63/63 - 55s - loss: 9.5732e-07 - mean_squared_error: 1.3729e-06 - val_loss: 7.6259e-09 - val_mean_squared_error: 7.6259e-09 - 55s/epoch - 868ms/step
Epoch 37/100

Epoch 00037: mean_squared_error improved from 0.00000 to 0.00000, saving model to /gpfswork/rech/ynx/uds36vp/repos/wf-SEDs/HD_projected_optimisation/wf-outputs/chkp/8_bins/chkp_callback_poly_2_cycles_256_no_proj_d2_60z_3_cycle1
63/63 - 55s - loss: 9.5724e-07 - mean_squared_error: 1.3729e-06 - val_loss: 7.1169e-09 - val_mean_squared_error: 7.1169e-09 - 55s/epoch - 868ms/step
Epoch 38/100

Epoch 00038: mean_squared_error improved from 0.00000 to 0.00000, saving model to /gpfswork/rech/ynx/uds36vp/repos/wf-SEDs/HD_projected_optimisation/wf-outputs/chkp/8_bins/chkp_callback_poly_2_cycles_256_no_proj_d2_60z_3_cycle1
63/63 - 53s - loss: 9.5665e-07 - mean_squared_error: 1.3724e-06 - val_loss: 7.1148e-09 - val_mean_squared_error: 7.1148e-09 - 53s/epoch - 836ms/step
Epoch 39/100

Epoch 00039: mean_squared_error improved from 0.00000 to 0.00000, saving model to /gpfswork/rech/ynx/uds36vp/repos/wf-SEDs/HD_projected_optimisation/wf-outputs/chkp/8_bins/chkp_callback_poly_2_cycles_256_no_proj_d2_60z_3_cycle1
63/63 - 53s - loss: 9.5652e-07 - mean_squared_error: 1.3723e-06 - val_loss: 6.9266e-09 - val_mean_squared_error: 6.9266e-09 - 53s/epoch - 848ms/step
Epoch 40/100

Epoch 00040: mean_squared_error did not improve from 0.00000
63/63 - 54s - loss: 9.5663e-07 - mean_squared_error: 1.3723e-06 - val_loss: 6.6886e-09 - val_mean_squared_error: 6.6886e-09 - 54s/epoch - 851ms/step
Epoch 41/100

Epoch 00041: mean_squared_error improved from 0.00000 to 0.00000, saving model to /gpfswork/rech/ynx/uds36vp/repos/wf-SEDs/HD_projected_optimisation/wf-outputs/chkp/8_bins/chkp_callback_poly_2_cycles_256_no_proj_d2_60z_3_cycle1
63/63 - 53s - loss: 9.5619e-07 - mean_squared_error: 1.3719e-06 - val_loss: 6.6648e-09 - val_mean_squared_error: 6.6648e-09 - 53s/epoch - 834ms/step
Epoch 42/100

Epoch 00042: mean_squared_error improved from 0.00000 to 0.00000, saving model to /gpfswork/rech/ynx/uds36vp/repos/wf-SEDs/HD_projected_optimisation/wf-outputs/chkp/8_bins/chkp_callback_poly_2_cycles_256_no_proj_d2_60z_3_cycle1
63/63 - 55s - loss: 9.5592e-07 - mean_squared_error: 1.3717e-06 - val_loss: 6.3116e-09 - val_mean_squared_error: 6.3116e-09 - 55s/epoch - 867ms/step
Epoch 43/100

Epoch 00043: mean_squared_error improved from 0.00000 to 0.00000, saving model to /gpfswork/rech/ynx/uds36vp/repos/wf-SEDs/HD_projected_optimisation/wf-outputs/chkp/8_bins/chkp_callback_poly_2_cycles_256_no_proj_d2_60z_3_cycle1
63/63 - 53s - loss: 9.5582e-07 - mean_squared_error: 1.3716e-06 - val_loss: 6.2444e-09 - val_mean_squared_error: 6.2444e-09 - 53s/epoch - 841ms/step
Epoch 44/100

Epoch 00044: mean_squared_error improved from 0.00000 to 0.00000, saving model to /gpfswork/rech/ynx/uds36vp/repos/wf-SEDs/HD_projected_optimisation/wf-outputs/chkp/8_bins/chkp_callback_poly_2_cycles_256_no_proj_d2_60z_3_cycle1
63/63 - 53s - loss: 9.5581e-07 - mean_squared_error: 1.3716e-06 - val_loss: 6.1893e-09 - val_mean_squared_error: 6.1893e-09 - 53s/epoch - 835ms/step
Epoch 45/100

Epoch 00045: mean_squared_error improved from 0.00000 to 0.00000, saving model to /gpfswork/rech/ynx/uds36vp/repos/wf-SEDs/HD_projected_optimisation/wf-outputs/chkp/8_bins/chkp_callback_poly_2_cycles_256_no_proj_d2_60z_3_cycle1
63/63 - 55s - loss: 9.5558e-07 - mean_squared_error: 1.3714e-06 - val_loss: 6.3062e-09 - val_mean_squared_error: 6.3062e-09 - 55s/epoch - 871ms/step
Epoch 46/100

Epoch 00046: mean_squared_error improved from 0.00000 to 0.00000, saving model to /gpfswork/rech/ynx/uds36vp/repos/wf-SEDs/HD_projected_optimisation/wf-outputs/chkp/8_bins/chkp_callback_poly_2_cycles_256_no_proj_d2_60z_3_cycle1
63/63 - 55s - loss: 9.5541e-07 - mean_squared_error: 1.3712e-06 - val_loss: 6.1352e-09 - val_mean_squared_error: 6.1352e-09 - 55s/epoch - 866ms/step
Epoch 47/100

Epoch 00047: mean_squared_error did not improve from 0.00000
63/63 - 53s - loss: 9.5548e-07 - mean_squared_error: 1.3713e-06 - val_loss: 6.2025e-09 - val_mean_squared_error: 6.2025e-09 - 53s/epoch - 834ms/step
Epoch 48/100

Epoch 00048: mean_squared_error did not improve from 0.00000
63/63 - 53s - loss: 9.5561e-07 - mean_squared_error: 1.3714e-06 - val_loss: 5.9797e-09 - val_mean_squared_error: 5.9797e-09 - 53s/epoch - 834ms/step
Epoch 49/100

Epoch 00049: mean_squared_error improved from 0.00000 to 0.00000, saving model to /gpfswork/rech/ynx/uds36vp/repos/wf-SEDs/HD_projected_optimisation/wf-outputs/chkp/8_bins/chkp_callback_poly_2_cycles_256_no_proj_d2_60z_3_cycle1
63/63 - 56s - loss: 9.5529e-07 - mean_squared_error: 1.3711e-06 - val_loss: 6.0750e-09 - val_mean_squared_error: 6.0750e-09 - 56s/epoch - 882ms/step
Epoch 50/100

Epoch 00050: mean_squared_error improved from 0.00000 to 0.00000, saving model to /gpfswork/rech/ynx/uds36vp/repos/wf-SEDs/HD_projected_optimisation/wf-outputs/chkp/8_bins/chkp_callback_poly_2_cycles_256_no_proj_d2_60z_3_cycle1
63/63 - 53s - loss: 9.5524e-07 - mean_squared_error: 1.3710e-06 - val_loss: 5.9156e-09 - val_mean_squared_error: 5.9156e-09 - 53s/epoch - 847ms/step
Epoch 51/100

Epoch 00051: mean_squared_error did not improve from 0.00000
63/63 - 53s - loss: 9.5556e-07 - mean_squared_error: 1.3713e-06 - val_loss: 5.9287e-09 - val_mean_squared_error: 5.9287e-09 - 53s/epoch - 835ms/step
Epoch 52/100

Epoch 00052: mean_squared_error improved from 0.00000 to 0.00000, saving model to /gpfswork/rech/ynx/uds36vp/repos/wf-SEDs/HD_projected_optimisation/wf-outputs/chkp/8_bins/chkp_callback_poly_2_cycles_256_no_proj_d2_60z_3_cycle1
63/63 - 53s - loss: 9.5490e-07 - mean_squared_error: 1.3708e-06 - val_loss: 5.5133e-09 - val_mean_squared_error: 5.5133e-09 - 53s/epoch - 835ms/step
Epoch 53/100

Epoch 00053: mean_squared_error did not improve from 0.00000
63/63 - 55s - loss: 9.5494e-07 - mean_squared_error: 1.3708e-06 - val_loss: 6.1489e-09 - val_mean_squared_error: 6.1489e-09 - 55s/epoch - 875ms/step
Epoch 54/100

Epoch 00054: mean_squared_error improved from 0.00000 to 0.00000, saving model to /gpfswork/rech/ynx/uds36vp/repos/wf-SEDs/HD_projected_optimisation/wf-outputs/chkp/8_bins/chkp_callback_poly_2_cycles_256_no_proj_d2_60z_3_cycle1
63/63 - 54s - loss: 9.5490e-07 - mean_squared_error: 1.3707e-06 - val_loss: 5.5892e-09 - val_mean_squared_error: 5.5892e-09 - 54s/epoch - 857ms/step
Epoch 55/100

Epoch 00055: mean_squared_error improved from 0.00000 to 0.00000, saving model to /gpfswork/rech/ynx/uds36vp/repos/wf-SEDs/HD_projected_optimisation/wf-outputs/chkp/8_bins/chkp_callback_poly_2_cycles_256_no_proj_d2_60z_3_cycle1
63/63 - 53s - loss: 9.5460e-07 - mean_squared_error: 1.3705e-06 - val_loss: 5.3965e-09 - val_mean_squared_error: 5.3965e-09 - 53s/epoch - 836ms/step
Epoch 56/100

Epoch 00056: mean_squared_error did not improve from 0.00000
63/63 - 53s - loss: 9.5462e-07 - mean_squared_error: 1.3705e-06 - val_loss: 5.7498e-09 - val_mean_squared_error: 5.7498e-09 - 53s/epoch - 835ms/step
Epoch 57/100

Epoch 00057: mean_squared_error did not improve from 0.00000
63/63 - 53s - loss: 9.5478e-07 - mean_squared_error: 1.3706e-06 - val_loss: 5.4327e-09 - val_mean_squared_error: 5.4327e-09 - 53s/epoch - 842ms/step
Epoch 58/100

Epoch 00058: mean_squared_error improved from 0.00000 to 0.00000, saving model to /gpfswork/rech/ynx/uds36vp/repos/wf-SEDs/HD_projected_optimisation/wf-outputs/chkp/8_bins/chkp_callback_poly_2_cycles_256_no_proj_d2_60z_3_cycle1
63/63 - 55s - loss: 9.5460e-07 - mean_squared_error: 1.3705e-06 - val_loss: 5.3254e-09 - val_mean_squared_error: 5.3254e-09 - 55s/epoch - 881ms/step
Epoch 59/100

Epoch 00059: mean_squared_error did not improve from 0.00000
63/63 - 53s - loss: 9.5485e-07 - mean_squared_error: 1.3706e-06 - val_loss: 5.2955e-09 - val_mean_squared_error: 5.2955e-09 - 53s/epoch - 842ms/step
Epoch 60/100

Epoch 00060: mean_squared_error improved from 0.00000 to 0.00000, saving model to /gpfswork/rech/ynx/uds36vp/repos/wf-SEDs/HD_projected_optimisation/wf-outputs/chkp/8_bins/chkp_callback_poly_2_cycles_256_no_proj_d2_60z_3_cycle1
63/63 - 53s - loss: 9.5452e-07 - mean_squared_error: 1.3703e-06 - val_loss: 5.2934e-09 - val_mean_squared_error: 5.2934e-09 - 53s/epoch - 836ms/step
Epoch 61/100

Epoch 00061: mean_squared_error improved from 0.00000 to 0.00000, saving model to /gpfswork/rech/ynx/uds36vp/repos/wf-SEDs/HD_projected_optimisation/wf-outputs/chkp/8_bins/chkp_callback_poly_2_cycles_256_no_proj_d2_60z_3_cycle1
63/63 - 54s - loss: 9.5440e-07 - mean_squared_error: 1.3703e-06 - val_loss: 5.3403e-09 - val_mean_squared_error: 5.3403e-09 - 54s/epoch - 862ms/step
Epoch 62/100

Epoch 00062: mean_squared_error improved from 0.00000 to 0.00000, saving model to /gpfswork/rech/ynx/uds36vp/repos/wf-SEDs/HD_projected_optimisation/wf-outputs/chkp/8_bins/chkp_callback_poly_2_cycles_256_no_proj_d2_60z_3_cycle1
63/63 - 53s - loss: 9.5426e-07 - mean_squared_error: 1.3701e-06 - val_loss: 5.4192e-09 - val_mean_squared_error: 5.4192e-09 - 53s/epoch - 840ms/step
Epoch 63/100

Epoch 00063: mean_squared_error did not improve from 0.00000
63/63 - 55s - loss: 9.5428e-07 - mean_squared_error: 1.3702e-06 - val_loss: 5.0456e-09 - val_mean_squared_error: 5.0456e-09 - 55s/epoch - 865ms/step
Epoch 64/100

Epoch 00064: mean_squared_error improved from 0.00000 to 0.00000, saving model to /gpfswork/rech/ynx/uds36vp/repos/wf-SEDs/HD_projected_optimisation/wf-outputs/chkp/8_bins/chkp_callback_poly_2_cycles_256_no_proj_d2_60z_3_cycle1
63/63 - 53s - loss: 9.5404e-07 - mean_squared_error: 1.3700e-06 - val_loss: 5.4317e-09 - val_mean_squared_error: 5.4317e-09 - 53s/epoch - 840ms/step
Epoch 65/100

Epoch 00065: mean_squared_error improved from 0.00000 to 0.00000, saving model to /gpfswork/rech/ynx/uds36vp/repos/wf-SEDs/HD_projected_optimisation/wf-outputs/chkp/8_bins/chkp_callback_poly_2_cycles_256_no_proj_d2_60z_3_cycle1
63/63 - 54s - loss: 9.5387e-07 - mean_squared_error: 1.3698e-06 - val_loss: 5.0847e-09 - val_mean_squared_error: 5.0847e-09 - 54s/epoch - 865ms/step
Epoch 66/100

Epoch 00066: mean_squared_error did not improve from 0.00000
63/63 - 53s - loss: 9.5393e-07 - mean_squared_error: 1.3699e-06 - val_loss: 5.0663e-09 - val_mean_squared_error: 5.0663e-09 - 53s/epoch - 834ms/step
Epoch 67/100

Epoch 00067: mean_squared_error did not improve from 0.00000
63/63 - 54s - loss: 9.5402e-07 - mean_squared_error: 1.3699e-06 - val_loss: 5.1736e-09 - val_mean_squared_error: 5.1736e-09 - 54s/epoch - 858ms/step
Epoch 68/100

Epoch 00068: mean_squared_error did not improve from 0.00000
63/63 - 53s - loss: 9.5388e-07 - mean_squared_error: 1.3698e-06 - val_loss: 4.7215e-09 - val_mean_squared_error: 4.7215e-09 - 53s/epoch - 843ms/step
Epoch 69/100

Epoch 00069: mean_squared_error improved from 0.00000 to 0.00000, saving model to /gpfswork/rech/ynx/uds36vp/repos/wf-SEDs/HD_projected_optimisation/wf-outputs/chkp/8_bins/chkp_callback_poly_2_cycles_256_no_proj_d2_60z_3_cycle1
63/63 - 53s - loss: 9.5362e-07 - mean_squared_error: 1.3696e-06 - val_loss: 4.8200e-09 - val_mean_squared_error: 4.8200e-09 - 53s/epoch - 843ms/step
Epoch 70/100

Epoch 00070: mean_squared_error did not improve from 0.00000
63/63 - 54s - loss: 9.5367e-07 - mean_squared_error: 1.3696e-06 - val_loss: 4.8476e-09 - val_mean_squared_error: 4.8476e-09 - 54s/epoch - 855ms/step
Epoch 71/100

Epoch 00071: mean_squared_error did not improve from 0.00000
63/63 - 53s - loss: 9.5370e-07 - mean_squared_error: 1.3697e-06 - val_loss: 5.1746e-09 - val_mean_squared_error: 5.1746e-09 - 53s/epoch - 836ms/step
Epoch 72/100

Epoch 00072: mean_squared_error did not improve from 0.00000
63/63 - 55s - loss: 9.5377e-07 - mean_squared_error: 1.3697e-06 - val_loss: 4.9820e-09 - val_mean_squared_error: 4.9820e-09 - 55s/epoch - 865ms/step
Epoch 73/100

Epoch 00073: mean_squared_error did not improve from 0.00000
63/63 - 54s - loss: 9.5395e-07 - mean_squared_error: 1.3698e-06 - val_loss: 4.9893e-09 - val_mean_squared_error: 4.9893e-09 - 54s/epoch - 854ms/step
Epoch 74/100

Epoch 00074: mean_squared_error did not improve from 0.00000
63/63 - 53s - loss: 9.5380e-07 - mean_squared_error: 1.3697e-06 - val_loss: 4.7091e-09 - val_mean_squared_error: 4.7091e-09 - 53s/epoch - 840ms/step
Epoch 75/100

Epoch 00075: mean_squared_error improved from 0.00000 to 0.00000, saving model to /gpfswork/rech/ynx/uds36vp/repos/wf-SEDs/HD_projected_optimisation/wf-outputs/chkp/8_bins/chkp_callback_poly_2_cycles_256_no_proj_d2_60z_3_cycle1
63/63 - 53s - loss: 9.5342e-07 - mean_squared_error: 1.3694e-06 - val_loss: 4.6549e-09 - val_mean_squared_error: 4.6549e-09 - 53s/epoch - 842ms/step
Epoch 76/100

Epoch 00076: mean_squared_error did not improve from 0.00000
63/63 - 54s - loss: 9.5379e-07 - mean_squared_error: 1.3697e-06 - val_loss: 5.0234e-09 - val_mean_squared_error: 5.0234e-09 - 54s/epoch - 859ms/step
Epoch 77/100

Epoch 00077: mean_squared_error did not improve from 0.00000
63/63 - 54s - loss: 9.5345e-07 - mean_squared_error: 1.3694e-06 - val_loss: 4.8576e-09 - val_mean_squared_error: 4.8576e-09 - 54s/epoch - 863ms/step
Epoch 78/100

Epoch 00078: mean_squared_error did not improve from 0.00000
63/63 - 53s - loss: 9.5365e-07 - mean_squared_error: 1.3695e-06 - val_loss: 4.8836e-09 - val_mean_squared_error: 4.8836e-09 - 53s/epoch - 834ms/step
Epoch 79/100

Epoch 00079: mean_squared_error did not improve from 0.00000
63/63 - 53s - loss: 9.5359e-07 - mean_squared_error: 1.3696e-06 - val_loss: 4.5655e-09 - val_mean_squared_error: 4.5655e-09 - 53s/epoch - 838ms/step
Epoch 80/100

Epoch 00080: mean_squared_error improved from 0.00000 to 0.00000, saving model to /gpfswork/rech/ynx/uds36vp/repos/wf-SEDs/HD_projected_optimisation/wf-outputs/chkp/8_bins/chkp_callback_poly_2_cycles_256_no_proj_d2_60z_3_cycle1
63/63 - 56s - loss: 9.5341e-07 - mean_squared_error: 1.3693e-06 - val_loss: 4.9739e-09 - val_mean_squared_error: 4.9739e-09 - 56s/epoch - 890ms/step
Epoch 81/100

Epoch 00081: mean_squared_error improved from 0.00000 to 0.00000, saving model to /gpfswork/rech/ynx/uds36vp/repos/wf-SEDs/HD_projected_optimisation/wf-outputs/chkp/8_bins/chkp_callback_poly_2_cycles_256_no_proj_d2_60z_3_cycle1
63/63 - 53s - loss: 9.5335e-07 - mean_squared_error: 1.3693e-06 - val_loss: 5.8076e-09 - val_mean_squared_error: 5.8076e-09 - 53s/epoch - 839ms/step
Epoch 82/100

Epoch 00082: mean_squared_error improved from 0.00000 to 0.00000, saving model to /gpfswork/rech/ynx/uds36vp/repos/wf-SEDs/HD_projected_optimisation/wf-outputs/chkp/8_bins/chkp_callback_poly_2_cycles_256_no_proj_d2_60z_3_cycle1
63/63 - 52s - loss: 9.5325e-07 - mean_squared_error: 1.3693e-06 - val_loss: 4.8002e-09 - val_mean_squared_error: 4.8002e-09 - 52s/epoch - 832ms/step
Epoch 83/100

Epoch 00083: mean_squared_error improved from 0.00000 to 0.00000, saving model to /gpfswork/rech/ynx/uds36vp/repos/wf-SEDs/HD_projected_optimisation/wf-outputs/chkp/8_bins/chkp_callback_poly_2_cycles_256_no_proj_d2_60z_3_cycle1
63/63 - 55s - loss: 9.5334e-07 - mean_squared_error: 1.3693e-06 - val_loss: 4.7633e-09 - val_mean_squared_error: 4.7633e-09 - 55s/epoch - 867ms/step
Epoch 84/100

Epoch 00084: mean_squared_error did not improve from 0.00000
63/63 - 54s - loss: 9.5370e-07 - mean_squared_error: 1.3696e-06 - val_loss: 5.0881e-09 - val_mean_squared_error: 5.0881e-09 - 54s/epoch - 864ms/step
Epoch 85/100

Epoch 00085: mean_squared_error did not improve from 0.00000
63/63 - 53s - loss: 9.5332e-07 - mean_squared_error: 1.3693e-06 - val_loss: 5.3389e-09 - val_mean_squared_error: 5.3389e-09 - 53s/epoch - 835ms/step
Epoch 86/100

Epoch 00086: mean_squared_error improved from 0.00000 to 0.00000, saving model to /gpfswork/rech/ynx/uds36vp/repos/wf-SEDs/HD_projected_optimisation/wf-outputs/chkp/8_bins/chkp_callback_poly_2_cycles_256_no_proj_d2_60z_3_cycle1
63/63 - 53s - loss: 9.5305e-07 - mean_squared_error: 1.3691e-06 - val_loss: 4.6386e-09 - val_mean_squared_error: 4.6386e-09 - 53s/epoch - 839ms/step
Epoch 87/100

Epoch 00087: mean_squared_error did not improve from 0.00000
63/63 - 54s - loss: 9.5321e-07 - mean_squared_error: 1.3693e-06 - val_loss: 5.0436e-09 - val_mean_squared_error: 5.0436e-09 - 54s/epoch - 862ms/step
Epoch 88/100

Epoch 00088: mean_squared_error did not improve from 0.00000
63/63 - 53s - loss: 9.5337e-07 - mean_squared_error: 1.3694e-06 - val_loss: 4.3607e-09 - val_mean_squared_error: 4.3607e-09 - 53s/epoch - 839ms/step
Epoch 89/100

Epoch 00089: mean_squared_error did not improve from 0.00000
63/63 - 54s - loss: 9.5318e-07 - mean_squared_error: 1.3692e-06 - val_loss: 4.4440e-09 - val_mean_squared_error: 4.4440e-09 - 54s/epoch - 861ms/step
Epoch 90/100

Epoch 00090: mean_squared_error improved from 0.00000 to 0.00000, saving model to /gpfswork/rech/ynx/uds36vp/repos/wf-SEDs/HD_projected_optimisation/wf-outputs/chkp/8_bins/chkp_callback_poly_2_cycles_256_no_proj_d2_60z_3_cycle1
63/63 - 53s - loss: 9.5297e-07 - mean_squared_error: 1.3690e-06 - val_loss: 4.4931e-09 - val_mean_squared_error: 4.4931e-09 - 53s/epoch - 835ms/step
Epoch 91/100

Epoch 00091: mean_squared_error did not improve from 0.00000
63/63 - 54s - loss: 9.5313e-07 - mean_squared_error: 1.3692e-06 - val_loss: 5.0064e-09 - val_mean_squared_error: 5.0064e-09 - 54s/epoch - 859ms/step
Epoch 92/100

Epoch 00092: mean_squared_error improved from 0.00000 to 0.00000, saving model to /gpfswork/rech/ynx/uds36vp/repos/wf-SEDs/HD_projected_optimisation/wf-outputs/chkp/8_bins/chkp_callback_poly_2_cycles_256_no_proj_d2_60z_3_cycle1
63/63 - 53s - loss: 9.5278e-07 - mean_squared_error: 1.3688e-06 - val_loss: 4.3704e-09 - val_mean_squared_error: 4.3704e-09 - 53s/epoch - 835ms/step
Epoch 93/100

Epoch 00093: mean_squared_error did not improve from 0.00000
63/63 - 55s - loss: 9.5287e-07 - mean_squared_error: 1.3689e-06 - val_loss: 4.5887e-09 - val_mean_squared_error: 4.5887e-09 - 55s/epoch - 870ms/step
Epoch 94/100

Epoch 00094: mean_squared_error did not improve from 0.00000
63/63 - 53s - loss: 9.5302e-07 - mean_squared_error: 1.3690e-06 - val_loss: 4.4465e-09 - val_mean_squared_error: 4.4465e-09 - 53s/epoch - 836ms/step
Epoch 95/100

Epoch 00095: mean_squared_error improved from 0.00000 to 0.00000, saving model to /gpfswork/rech/ynx/uds36vp/repos/wf-SEDs/HD_projected_optimisation/wf-outputs/chkp/8_bins/chkp_callback_poly_2_cycles_256_no_proj_d2_60z_3_cycle1
63/63 - 53s - loss: 9.5275e-07 - mean_squared_error: 1.3688e-06 - val_loss: 4.7184e-09 - val_mean_squared_error: 4.7184e-09 - 53s/epoch - 837ms/step
Epoch 96/100

Epoch 00096: mean_squared_error did not improve from 0.00000
63/63 - 55s - loss: 9.5290e-07 - mean_squared_error: 1.3690e-06 - val_loss: 4.3000e-09 - val_mean_squared_error: 4.3000e-09 - 55s/epoch - 868ms/step
Epoch 97/100

Epoch 00097: mean_squared_error did not improve from 0.00000
63/63 - 54s - loss: 9.5289e-07 - mean_squared_error: 1.3689e-06 - val_loss: 4.3378e-09 - val_mean_squared_error: 4.3378e-09 - 54s/epoch - 864ms/step
Epoch 98/100

Epoch 00098: mean_squared_error did not improve from 0.00000
63/63 - 53s - loss: 9.5326e-07 - mean_squared_error: 1.3692e-06 - val_loss: 4.5609e-09 - val_mean_squared_error: 4.5609e-09 - 53s/epoch - 834ms/step
Epoch 99/100

Epoch 00099: mean_squared_error did not improve from 0.00000
63/63 - 53s - loss: 9.5276e-07 - mean_squared_error: 1.3689e-06 - val_loss: 4.6433e-09 - val_mean_squared_error: 4.6433e-09 - 53s/epoch - 837ms/step
Epoch 100/100

Epoch 00100: mean_squared_error improved from 0.00000 to 0.00000, saving model to /gpfswork/rech/ynx/uds36vp/repos/wf-SEDs/HD_projected_optimisation/wf-outputs/chkp/8_bins/chkp_callback_poly_2_cycles_256_no_proj_d2_60z_3_cycle1
63/63 - 55s - loss: 9.5271e-07 - mean_squared_error: 1.3688e-06 - val_loss: 4.3797e-09 - val_mean_squared_error: 4.3797e-09 - 55s/epoch - 869ms/step
Cycle1 elapsed time: 6173.466688
Starting cycle 2..
Starting parametric update..
Epoch 1/15

Epoch 00001: mean_squared_error improved from inf to 0.00000, saving model to /gpfswork/rech/ynx/uds36vp/repos/wf-SEDs/HD_projected_optimisation/wf-outputs/chkp/8_bins/chkp_callback_poly_2_cycles_256_no_proj_d2_60z_3_cycle2
63/63 - 60s - loss: 9.5942e-07 - mean_squared_error: 1.3744e-06 - val_loss: 2.1711e-08 - val_mean_squared_error: 2.1711e-08 - 60s/epoch - 959ms/step
Epoch 2/15

Epoch 00002: mean_squared_error did not improve from 0.00000
63/63 - 57s - loss: 9.7384e-07 - mean_squared_error: 1.3868e-06 - val_loss: 3.9546e-08 - val_mean_squared_error: 3.9546e-08 - 57s/epoch - 909ms/step
Epoch 3/15

Epoch 00003: mean_squared_error did not improve from 0.00000
63/63 - 56s - loss: 1.0106e-06 - mean_squared_error: 1.4164e-06 - val_loss: 6.6692e-08 - val_mean_squared_error: 6.6692e-08 - 56s/epoch - 895ms/step
Epoch 4/15

Epoch 00004: mean_squared_error did not improve from 0.00000
63/63 - 57s - loss: 9.9262e-07 - mean_squared_error: 1.4012e-06 - val_loss: 1.9725e-08 - val_mean_squared_error: 1.9725e-08 - 57s/epoch - 905ms/step
Epoch 5/15

Epoch 00005: mean_squared_error did not improve from 0.00000
63/63 - 58s - loss: 9.8481e-07 - mean_squared_error: 1.3942e-06 - val_loss: 2.2813e-08 - val_mean_squared_error: 2.2813e-08 - 58s/epoch - 920ms/step
Epoch 6/15

Epoch 00006: mean_squared_error did not improve from 0.00000
63/63 - 57s - loss: 1.0862e-06 - mean_squared_error: 1.4845e-06 - val_loss: 1.9763e-07 - val_mean_squared_error: 1.9763e-07 - 57s/epoch - 910ms/step
Epoch 7/15

Epoch 00007: mean_squared_error did not improve from 0.00000
63/63 - 58s - loss: 1.0560e-06 - mean_squared_error: 1.4541e-06 - val_loss: 6.2182e-08 - val_mean_squared_error: 6.2182e-08 - 58s/epoch - 918ms/step
Epoch 8/15

Epoch 00008: mean_squared_error did not improve from 0.00000
63/63 - 58s - loss: 1.0223e-06 - mean_squared_error: 1.4261e-06 - val_loss: 6.5959e-08 - val_mean_squared_error: 6.5959e-08 - 58s/epoch - 927ms/step
Epoch 9/15

Epoch 00009: mean_squared_error did not improve from 0.00000
63/63 - 56s - loss: 1.1884e-06 - mean_squared_error: 1.5602e-06 - val_loss: 1.0795e-07 - val_mean_squared_error: 1.0795e-07 - 56s/epoch - 896ms/step
Epoch 10/15

Epoch 00010: mean_squared_error did not improve from 0.00000
63/63 - 58s - loss: 1.0351e-06 - mean_squared_error: 1.4348e-06 - val_loss: 1.1475e-07 - val_mean_squared_error: 1.1475e-07 - 58s/epoch - 928ms/step
Epoch 11/15

Epoch 00011: mean_squared_error did not improve from 0.00000
63/63 - 56s - loss: 1.0399e-06 - mean_squared_error: 1.4417e-06 - val_loss: 1.1197e-07 - val_mean_squared_error: 1.1197e-07 - 56s/epoch - 897ms/step
Epoch 12/15

Epoch 00012: mean_squared_error did not improve from 0.00000
63/63 - 57s - loss: 1.0354e-06 - mean_squared_error: 1.4386e-06 - val_loss: 8.0572e-08 - val_mean_squared_error: 8.0572e-08 - 57s/epoch - 901ms/step
Epoch 13/15

Epoch 00013: mean_squared_error did not improve from 0.00000
63/63 - 59s - loss: 1.1410e-06 - mean_squared_error: 1.5246e-06 - val_loss: 1.4246e-07 - val_mean_squared_error: 1.4246e-07 - 59s/epoch - 938ms/step
Epoch 14/15

Epoch 00014: mean_squared_error did not improve from 0.00000
63/63 - 59s - loss: 1.1033e-06 - mean_squared_error: 1.4929e-06 - val_loss: 2.0655e-07 - val_mean_squared_error: 2.0655e-07 - 59s/epoch - 932ms/step
Epoch 15/15

Epoch 00015: mean_squared_error did not improve from 0.00000
63/63 - 56s - loss: 1.0582e-06 - mean_squared_error: 1.4576e-06 - val_loss: 2.9198e-07 - val_mean_squared_error: 2.9198e-07 - 56s/epoch - 896ms/step
Starting non-parametric update..
Epoch 1/50

Epoch 00001: mean_squared_error did not improve from 0.00000
63/63 - 60s - loss: 1.0643e-06 - mean_squared_error: 1.4632e-06 - val_loss: 3.5607e-08 - val_mean_squared_error: 3.5607e-08 - 60s/epoch - 947ms/step
Epoch 2/50

Epoch 00002: mean_squared_error did not improve from 0.00000
63/63 - 58s - loss: 9.7037e-07 - mean_squared_error: 1.3846e-06 - val_loss: 1.5880e-08 - val_mean_squared_error: 1.5880e-08 - 58s/epoch - 923ms/step
Epoch 3/50

Epoch 00003: mean_squared_error did not improve from 0.00000
63/63 - 58s - loss: 9.6011e-07 - mean_squared_error: 1.3756e-06 - val_loss: 1.0163e-08 - val_mean_squared_error: 1.0163e-08 - 58s/epoch - 923ms/step
Epoch 4/50

Epoch 00004: mean_squared_error improved from 0.00000 to 0.00000, saving model to /gpfswork/rech/ynx/uds36vp/repos/wf-SEDs/HD_projected_optimisation/wf-outputs/chkp/8_bins/chkp_callback_poly_2_cycles_256_no_proj_d2_60z_3_cycle2
63/63 - 59s - loss: 9.5651e-07 - mean_squared_error: 1.3724e-06 - val_loss: 7.6662e-09 - val_mean_squared_error: 7.6662e-09 - 59s/epoch - 931ms/step
Epoch 5/50

Epoch 00005: mean_squared_error improved from 0.00000 to 0.00000, saving model to /gpfswork/rech/ynx/uds36vp/repos/wf-SEDs/HD_projected_optimisation/wf-outputs/chkp/8_bins/chkp_callback_poly_2_cycles_256_no_proj_d2_60z_3_cycle2
63/63 - 57s - loss: 9.5485e-07 - mean_squared_error: 1.3708e-06 - val_loss: 6.3982e-09 - val_mean_squared_error: 6.3982e-09 - 57s/epoch - 903ms/step
Epoch 6/50

Epoch 00006: mean_squared_error improved from 0.00000 to 0.00000, saving model to /gpfswork/rech/ynx/uds36vp/repos/wf-SEDs/HD_projected_optimisation/wf-outputs/chkp/8_bins/chkp_callback_poly_2_cycles_256_no_proj_d2_60z_3_cycle2
63/63 - 57s - loss: 9.5395e-07 - mean_squared_error: 1.3700e-06 - val_loss: 5.7240e-09 - val_mean_squared_error: 5.7240e-09 - 57s/epoch - 912ms/step
Epoch 7/50

Epoch 00007: mean_squared_error improved from 0.00000 to 0.00000, saving model to /gpfswork/rech/ynx/uds36vp/repos/wf-SEDs/HD_projected_optimisation/wf-outputs/chkp/8_bins/chkp_callback_poly_2_cycles_256_no_proj_d2_60z_3_cycle2
63/63 - 61s - loss: 9.5340e-07 - mean_squared_error: 1.3695e-06 - val_loss: 5.3626e-09 - val_mean_squared_error: 5.3626e-09 - 61s/epoch - 967ms/step
Epoch 8/50

Epoch 00008: mean_squared_error improved from 0.00000 to 0.00000, saving model to /gpfswork/rech/ynx/uds36vp/repos/wf-SEDs/HD_projected_optimisation/wf-outputs/chkp/8_bins/chkp_callback_poly_2_cycles_256_no_proj_d2_60z_3_cycle2
63/63 - 57s - loss: 9.5312e-07 - mean_squared_error: 1.3692e-06 - val_loss: 5.1084e-09 - val_mean_squared_error: 5.1084e-09 - 57s/epoch - 905ms/step
Epoch 9/50

Epoch 00009: mean_squared_error improved from 0.00000 to 0.00000, saving model to /gpfswork/rech/ynx/uds36vp/repos/wf-SEDs/HD_projected_optimisation/wf-outputs/chkp/8_bins/chkp_callback_poly_2_cycles_256_no_proj_d2_60z_3_cycle2
63/63 - 57s - loss: 9.5290e-07 - mean_squared_error: 1.3690e-06 - val_loss: 4.8675e-09 - val_mean_squared_error: 4.8675e-09 - 57s/epoch - 905ms/step
Epoch 10/50

Epoch 00010: mean_squared_error improved from 0.00000 to 0.00000, saving model to /gpfswork/rech/ynx/uds36vp/repos/wf-SEDs/HD_projected_optimisation/wf-outputs/chkp/8_bins/chkp_callback_poly_2_cycles_256_no_proj_d2_60z_3_cycle2
63/63 - 59s - loss: 9.5269e-07 - mean_squared_error: 1.3688e-06 - val_loss: 4.7205e-09 - val_mean_squared_error: 4.7205e-09 - 59s/epoch - 936ms/step
Epoch 11/50

Epoch 00011: mean_squared_error improved from 0.00000 to 0.00000, saving model to /gpfswork/rech/ynx/uds36vp/repos/wf-SEDs/HD_projected_optimisation/wf-outputs/chkp/8_bins/chkp_callback_poly_2_cycles_256_no_proj_d2_60z_3_cycle2
63/63 - 59s - loss: 9.5257e-07 - mean_squared_error: 1.3687e-06 - val_loss: 4.5901e-09 - val_mean_squared_error: 4.5901e-09 - 59s/epoch - 935ms/step
Epoch 12/50

Epoch 00012: mean_squared_error improved from 0.00000 to 0.00000, saving model to /gpfswork/rech/ynx/uds36vp/repos/wf-SEDs/HD_projected_optimisation/wf-outputs/chkp/8_bins/chkp_callback_poly_2_cycles_256_no_proj_d2_60z_3_cycle2
63/63 - 57s - loss: 9.5252e-07 - mean_squared_error: 1.3687e-06 - val_loss: 4.4487e-09 - val_mean_squared_error: 4.4487e-09 - 57s/epoch - 905ms/step
Epoch 13/50

Epoch 00013: mean_squared_error improved from 0.00000 to 0.00000, saving model to /gpfswork/rech/ynx/uds36vp/repos/wf-SEDs/HD_projected_optimisation/wf-outputs/chkp/8_bins/chkp_callback_poly_2_cycles_256_no_proj_d2_60z_3_cycle2
63/63 - 57s - loss: 9.5245e-07 - mean_squared_error: 1.3686e-06 - val_loss: 4.4114e-09 - val_mean_squared_error: 4.4114e-09 - 57s/epoch - 908ms/step
Epoch 14/50

Epoch 00014: mean_squared_error improved from 0.00000 to 0.00000, saving model to /gpfswork/rech/ynx/uds36vp/repos/wf-SEDs/HD_projected_optimisation/wf-outputs/chkp/8_bins/chkp_callback_poly_2_cycles_256_no_proj_d2_60z_3_cycle2
63/63 - 59s - loss: 9.5236e-07 - mean_squared_error: 1.3685e-06 - val_loss: 4.4059e-09 - val_mean_squared_error: 4.4059e-09 - 59s/epoch - 936ms/step
Epoch 15/50

Epoch 00015: mean_squared_error improved from 0.00000 to 0.00000, saving model to /gpfswork/rech/ynx/uds36vp/repos/wf-SEDs/HD_projected_optimisation/wf-outputs/chkp/8_bins/chkp_callback_poly_2_cycles_256_no_proj_d2_60z_3_cycle2
63/63 - 57s - loss: 9.5228e-07 - mean_squared_error: 1.3685e-06 - val_loss: 4.3752e-09 - val_mean_squared_error: 4.3752e-09 - 57s/epoch - 901ms/step
Epoch 16/50

Epoch 00016: mean_squared_error improved from 0.00000 to 0.00000, saving model to /gpfswork/rech/ynx/uds36vp/repos/wf-SEDs/HD_projected_optimisation/wf-outputs/chkp/8_bins/chkp_callback_poly_2_cycles_256_no_proj_d2_60z_3_cycle2
63/63 - 59s - loss: 9.5226e-07 - mean_squared_error: 1.3684e-06 - val_loss: 4.3322e-09 - val_mean_squared_error: 4.3322e-09 - 59s/epoch - 932ms/step
Epoch 17/50

Epoch 00017: mean_squared_error improved from 0.00000 to 0.00000, saving model to /gpfswork/rech/ynx/uds36vp/repos/wf-SEDs/HD_projected_optimisation/wf-outputs/chkp/8_bins/chkp_callback_poly_2_cycles_256_no_proj_d2_60z_3_cycle2
63/63 - 57s - loss: 9.5223e-07 - mean_squared_error: 1.3684e-06 - val_loss: 4.3579e-09 - val_mean_squared_error: 4.3579e-09 - 57s/epoch - 904ms/step
Epoch 18/50

Epoch 00018: mean_squared_error did not improve from 0.00000
63/63 - 57s - loss: 9.5228e-07 - mean_squared_error: 1.3684e-06 - val_loss: 4.3057e-09 - val_mean_squared_error: 4.3057e-09 - 57s/epoch - 911ms/step
Epoch 19/50

Epoch 00019: mean_squared_error improved from 0.00000 to 0.00000, saving model to /gpfswork/rech/ynx/uds36vp/repos/wf-SEDs/HD_projected_optimisation/wf-outputs/chkp/8_bins/chkp_callback_poly_2_cycles_256_no_proj_d2_60z_3_cycle2
63/63 - 59s - loss: 9.5218e-07 - mean_squared_error: 1.3684e-06 - val_loss: 4.2440e-09 - val_mean_squared_error: 4.2440e-09 - 59s/epoch - 934ms/step
Epoch 20/50

Epoch 00020: mean_squared_error improved from 0.00000 to 0.00000, saving model to /gpfswork/rech/ynx/uds36vp/repos/wf-SEDs/HD_projected_optimisation/wf-outputs/chkp/8_bins/chkp_callback_poly_2_cycles_256_no_proj_d2_60z_3_cycle2
63/63 - 59s - loss: 9.5209e-07 - mean_squared_error: 1.3683e-06 - val_loss: 4.2699e-09 - val_mean_squared_error: 4.2699e-09 - 59s/epoch - 943ms/step
Epoch 21/50

Epoch 00021: mean_squared_error did not improve from 0.00000
63/63 - 57s - loss: 9.5213e-07 - mean_squared_error: 1.3683e-06 - val_loss: 4.1964e-09 - val_mean_squared_error: 4.1964e-09 - 57s/epoch - 904ms/step
Epoch 22/50

Epoch 00022: mean_squared_error improved from 0.00000 to 0.00000, saving model to /gpfswork/rech/ynx/uds36vp/repos/wf-SEDs/HD_projected_optimisation/wf-outputs/chkp/8_bins/chkp_callback_poly_2_cycles_256_no_proj_d2_60z_3_cycle2
63/63 - 57s - loss: 9.5210e-07 - mean_squared_error: 1.3683e-06 - val_loss: 4.1652e-09 - val_mean_squared_error: 4.1652e-09 - 57s/epoch - 905ms/step
Epoch 23/50

Epoch 00023: mean_squared_error did not improve from 0.00000
63/63 - 58s - loss: 9.5211e-07 - mean_squared_error: 1.3683e-06 - val_loss: 4.1421e-09 - val_mean_squared_error: 4.1421e-09 - 58s/epoch - 921ms/step
Epoch 24/50

Epoch 00024: mean_squared_error did not improve from 0.00000
63/63 - 59s - loss: 9.5210e-07 - mean_squared_error: 1.3683e-06 - val_loss: 4.1729e-09 - val_mean_squared_error: 4.1729e-09 - 59s/epoch - 942ms/step
Epoch 25/50

Epoch 00025: mean_squared_error did not improve from 0.00000
63/63 - 57s - loss: 9.5215e-07 - mean_squared_error: 1.3683e-06 - val_loss: 4.0699e-09 - val_mean_squared_error: 4.0699e-09 - 57s/epoch - 912ms/step
Epoch 26/50

Epoch 00026: mean_squared_error improved from 0.00000 to 0.00000, saving model to /gpfswork/rech/ynx/uds36vp/repos/wf-SEDs/HD_projected_optimisation/wf-outputs/chkp/8_bins/chkp_callback_poly_2_cycles_256_no_proj_d2_60z_3_cycle2
63/63 - 57s - loss: 9.5202e-07 - mean_squared_error: 1.3682e-06 - val_loss: 4.2092e-09 - val_mean_squared_error: 4.2092e-09 - 57s/epoch - 907ms/step
Epoch 27/50

Epoch 00027: mean_squared_error did not improve from 0.00000
63/63 - 59s - loss: 9.5200e-07 - mean_squared_error: 1.3682e-06 - val_loss: 4.1762e-09 - val_mean_squared_error: 4.1762e-09 - 59s/epoch - 937ms/step
Epoch 28/50

Epoch 00028: mean_squared_error did not improve from 0.00000
63/63 - 59s - loss: 9.5206e-07 - mean_squared_error: 1.3683e-06 - val_loss: 4.1233e-09 - val_mean_squared_error: 4.1233e-09 - 59s/epoch - 932ms/step
Epoch 29/50

Epoch 00029: mean_squared_error did not improve from 0.00000
63/63 - 57s - loss: 9.5210e-07 - mean_squared_error: 1.3682e-06 - val_loss: 4.0611e-09 - val_mean_squared_error: 4.0611e-09 - 57s/epoch - 909ms/step
Epoch 30/50

Epoch 00030: mean_squared_error improved from 0.00000 to 0.00000, saving model to /gpfswork/rech/ynx/uds36vp/repos/wf-SEDs/HD_projected_optimisation/wf-outputs/chkp/8_bins/chkp_callback_poly_2_cycles_256_no_proj_d2_60z_3_cycle2
63/63 - 57s - loss: 9.5200e-07 - mean_squared_error: 1.3682e-06 - val_loss: 4.0484e-09 - val_mean_squared_error: 4.0484e-09 - 57s/epoch - 904ms/step
Epoch 31/50

Epoch 00031: mean_squared_error did not improve from 0.00000
63/63 - 58s - loss: 9.5201e-07 - mean_squared_error: 1.3682e-06 - val_loss: 4.0617e-09 - val_mean_squared_error: 4.0617e-09 - 58s/epoch - 913ms/step
Epoch 32/50

Epoch 00032: mean_squared_error did not improve from 0.00000
63/63 - 60s - loss: 9.5200e-07 - mean_squared_error: 1.3682e-06 - val_loss: 4.0528e-09 - val_mean_squared_error: 4.0528e-09 - 60s/epoch - 956ms/step
Epoch 33/50

Epoch 00033: mean_squared_error improved from 0.00000 to 0.00000, saving model to /gpfswork/rech/ynx/uds36vp/repos/wf-SEDs/HD_projected_optimisation/wf-outputs/chkp/8_bins/chkp_callback_poly_2_cycles_256_no_proj_d2_60z_3_cycle2
63/63 - 58s - loss: 9.5192e-07 - mean_squared_error: 1.3682e-06 - val_loss: 4.1119e-09 - val_mean_squared_error: 4.1119e-09 - 58s/epoch - 921ms/step
Epoch 34/50

Epoch 00034: mean_squared_error improved from 0.00000 to 0.00000, saving model to /gpfswork/rech/ynx/uds36vp/repos/wf-SEDs/HD_projected_optimisation/wf-outputs/chkp/8_bins/chkp_callback_poly_2_cycles_256_no_proj_d2_60z_3_cycle2
63/63 - 57s - loss: 9.5191e-07 - mean_squared_error: 1.3681e-06 - val_loss: 4.0810e-09 - val_mean_squared_error: 4.0810e-09 - 57s/epoch - 904ms/step
Epoch 35/50

Epoch 00035: mean_squared_error did not improve from 0.00000
63/63 - 61s - loss: 9.5199e-07 - mean_squared_error: 1.3682e-06 - val_loss: 4.0722e-09 - val_mean_squared_error: 4.0722e-09 - 61s/epoch - 962ms/step
Epoch 36/50

Epoch 00036: mean_squared_error did not improve from 0.00000
63/63 - 57s - loss: 9.5206e-07 - mean_squared_error: 1.3683e-06 - val_loss: 4.1569e-09 - val_mean_squared_error: 4.1569e-09 - 57s/epoch - 912ms/step
Epoch 37/50

Epoch 00037: mean_squared_error did not improve from 0.00000
63/63 - 57s - loss: 9.5198e-07 - mean_squared_error: 1.3682e-06 - val_loss: 4.1276e-09 - val_mean_squared_error: 4.1276e-09 - 57s/epoch - 904ms/step
Epoch 38/50

Epoch 00038: mean_squared_error improved from 0.00000 to 0.00000, saving model to /gpfswork/rech/ynx/uds36vp/repos/wf-SEDs/HD_projected_optimisation/wf-outputs/chkp/8_bins/chkp_callback_poly_2_cycles_256_no_proj_d2_60z_3_cycle2
63/63 - 57s - loss: 9.5193e-07 - mean_squared_error: 1.3681e-06 - val_loss: 4.1336e-09 - val_mean_squared_error: 4.1336e-09 - 57s/epoch - 904ms/step
Epoch 39/50

Epoch 00039: mean_squared_error improved from 0.00000 to 0.00000, saving model to /gpfswork/rech/ynx/uds36vp/repos/wf-SEDs/HD_projected_optimisation/wf-outputs/chkp/8_bins/chkp_callback_poly_2_cycles_256_no_proj_d2_60z_3_cycle2
63/63 - 59s - loss: 9.5190e-07 - mean_squared_error: 1.3681e-06 - val_loss: 4.1660e-09 - val_mean_squared_error: 4.1660e-09 - 59s/epoch - 941ms/step
Epoch 40/50

Epoch 00040: mean_squared_error improved from 0.00000 to 0.00000, saving model to /gpfswork/rech/ynx/uds36vp/repos/wf-SEDs/HD_projected_optimisation/wf-outputs/chkp/8_bins/chkp_callback_poly_2_cycles_256_no_proj_d2_60z_3_cycle2
63/63 - 59s - loss: 9.5186e-07 - mean_squared_error: 1.3681e-06 - val_loss: 3.9531e-09 - val_mean_squared_error: 3.9531e-09 - 59s/epoch - 943ms/step
Epoch 41/50

Epoch 00041: mean_squared_error did not improve from 0.00000
63/63 - 57s - loss: 9.5187e-07 - mean_squared_error: 1.3681e-06 - val_loss: 4.0474e-09 - val_mean_squared_error: 4.0474e-09 - 57s/epoch - 904ms/step
Epoch 42/50

Epoch 00042: mean_squared_error improved from 0.00000 to 0.00000, saving model to /gpfswork/rech/ynx/uds36vp/repos/wf-SEDs/HD_projected_optimisation/wf-outputs/chkp/8_bins/chkp_callback_poly_2_cycles_256_no_proj_d2_60z_3_cycle2
63/63 - 60s - loss: 9.5181e-07 - mean_squared_error: 1.3680e-06 - val_loss: 3.9710e-09 - val_mean_squared_error: 3.9710e-09 - 60s/epoch - 950ms/step
Epoch 43/50

Epoch 00043: mean_squared_error did not improve from 0.00000
63/63 - 59s - loss: 9.5187e-07 - mean_squared_error: 1.3681e-06 - val_loss: 4.0183e-09 - val_mean_squared_error: 4.0183e-09 - 59s/epoch - 933ms/step
Epoch 44/50

Epoch 00044: mean_squared_error did not improve from 0.00000
63/63 - 57s - loss: 9.5193e-07 - mean_squared_error: 1.3681e-06 - val_loss: 3.9862e-09 - val_mean_squared_error: 3.9862e-09 - 57s/epoch - 906ms/step
Epoch 45/50

Epoch 00045: mean_squared_error improved from 0.00000 to 0.00000, saving model to /gpfswork/rech/ynx/uds36vp/repos/wf-SEDs/HD_projected_optimisation/wf-outputs/chkp/8_bins/chkp_callback_poly_2_cycles_256_no_proj_d2_60z_3_cycle2
63/63 - 57s - loss: 9.5181e-07 - mean_squared_error: 1.3680e-06 - val_loss: 3.9604e-09 - val_mean_squared_error: 3.9604e-09 - 57s/epoch - 905ms/step
Epoch 46/50

Epoch 00046: mean_squared_error improved from 0.00000 to 0.00000, saving model to /gpfswork/rech/ynx/uds36vp/repos/wf-SEDs/HD_projected_optimisation/wf-outputs/chkp/8_bins/chkp_callback_poly_2_cycles_256_no_proj_d2_60z_3_cycle2
63/63 - 59s - loss: 9.5177e-07 - mean_squared_error: 1.3680e-06 - val_loss: 4.0007e-09 - val_mean_squared_error: 4.0007e-09 - 59s/epoch - 933ms/step
Epoch 47/50

Epoch 00047: mean_squared_error did not improve from 0.00000
63/63 - 57s - loss: 9.5188e-07 - mean_squared_error: 1.3681e-06 - val_loss: 3.8985e-09 - val_mean_squared_error: 3.8985e-09 - 57s/epoch - 908ms/step
Epoch 48/50

Epoch 00048: mean_squared_error did not improve from 0.00000
63/63 - 59s - loss: 9.5181e-07 - mean_squared_error: 1.3680e-06 - val_loss: 3.9378e-09 - val_mean_squared_error: 3.9378e-09 - 59s/epoch - 937ms/step
Epoch 49/50

Epoch 00049: mean_squared_error improved from 0.00000 to 0.00000, saving model to /gpfswork/rech/ynx/uds36vp/repos/wf-SEDs/HD_projected_optimisation/wf-outputs/chkp/8_bins/chkp_callback_poly_2_cycles_256_no_proj_d2_60z_3_cycle2
63/63 - 59s - loss: 9.5172e-07 - mean_squared_error: 1.3680e-06 - val_loss: 4.1666e-09 - val_mean_squared_error: 4.1666e-09 - 59s/epoch - 935ms/step
Epoch 50/50

Epoch 00050: mean_squared_error did not improve from 0.00000
63/63 - 57s - loss: 9.5179e-07 - mean_squared_error: 1.3680e-06 - val_loss: 4.0513e-09 - val_mean_squared_error: 4.0513e-09 - 57s/epoch - 904ms/step
Cycle2 elapsed time: 3775.4092433452606

Total elapsed time: 9952.636766

 Good bye..
