Starting the log file.
Found GPU at: /device:GPU:0
tf_version: 2.7.0
Dataset parameters:
{'d_max': 2, 'max_order': 45, 'x_lims': [0, 1000.0], 'y_lims': [0, 1000.0], 'grid_points': [4, 4], 'n_bins': 350, 'max_wfe_rms': 0.1, 'oversampling_rate': 3.0, 'output_Q': 3.0, 'output_dim': 32, 'LP_filter_length': 2, 'pupil_diameter': 256, 'euclid_obsc': True, 'n_stars': 2000}

***
Metric evaluation on the test dataset
***

Absolute RMSE:	 1.5089e-04 	 +/- 2.8001e-05
Relative RMSE:	 2.0378e+00 % 	 +/- 5.4419e-01 %
Absolute RMSE:	 1.5334e-01 	 +/- 2.4174e-02
Relative RMSE:	 1.9555e+02 % 	 +/- 9.9409e+00 %

Pixel star absolute RMSE:	 6.6611e-05 	 +/- 2.6438e-05 
Pixel star relative RMSE:	 4.4866e+00 % 	 +/- 2.3011e+00 %

sigma(e1) RMSE =		 1.7444e-02 	 +/- 1.7435e-02 
sigma(e2) RMSE =		 7.6799e-03 	 +/- 6.0982e-03 
sigma(R2)/<R2> =		 1.0027e-01 	 +/- 3.6171e-02 

Relative sigma(e1) RMSE =	 3.3480e+02 % 	 +/- 3.3345e+02 %
Relative sigma(e2) RMSE =	 1.0590e+03 % 	 +/- 1.0574e+03 %

Total number of stars: 		400
Problematic number of stars: 	1

***
Metric evaluation on the train dataset
***

Absolute RMSE:	 1.5093e-04 	 +/- 2.8591e-05
Relative RMSE:	 2.0471e+00 % 	 +/- 6.0485e-01 %
Absolute RMSE:	 1.5345e-01 	 +/- 2.5085e-02
Relative RMSE:	 1.9612e+02 % 	 +/- 1.0117e+01 %

Pixel star absolute RMSE:	 6.7511e-05 	 +/- 2.7434e-05 
Pixel star relative RMSE:	 4.5688e+00 % 	 +/- 2.5730e+00 %

sigma(e1) RMSE =		 1.7747e-02 	 +/- 1.7724e-02 
sigma(e2) RMSE =		 9.6726e-03 	 +/- 8.4110e-03 
sigma(R2)/<R2> =		 9.6652e-02 	 +/- 3.8543e-02 

Relative sigma(e1) RMSE =	 1.9464e+03 % 	 +/- 1.9446e+03 %
Relative sigma(e2) RMSE =	 1.7383e+04 % 	 +/- 1.7380e+04 %

Total number of stars: 		2000
Problematic number of stars: 	0

Total elapsed time: 1903.406207

 Good bye..
