Starting the log file.
Found GPU at: /device:GPU:0
tf_version: 2.7.0
Dataset parameters:
{'d_max': 2, 'max_order': 45, 'x_lims': [0, 1000.0], 'y_lims': [0, 1000.0], 'grid_points': [4, 4], 'n_bins': 350, 'max_wfe_rms': 0.1, 'oversampling_rate': 3.0, 'output_Q': 3.0, 'output_dim': 32, 'LP_filter_length': 2, 'pupil_diameter': 256, 'euclid_obsc': True, 'n_stars': 2000}

***
Metric evaluation on the test dataset
***

Absolute RMSE:	 1.4055e-04 	 +/- 2.7289e-05
Relative RMSE:	 1.8941e+00 % 	 +/- 4.8091e-01 %
Absolute RMSE:	 1.2508e-01 	 +/- 2.7826e-02
Relative RMSE:	 1.5971e+02 % 	 +/- 2.4556e+01 %

Pixel star absolute RMSE:	 6.0617e-05 	 +/- 1.7699e-05 
Pixel star relative RMSE:	 4.0389e+00 % 	 +/- 1.4457e+00 %

sigma(e1) RMSE =		 7.6507e-03 	 +/- 7.5749e-03 
sigma(e2) RMSE =		 5.7396e-03 	 +/- 5.4335e-03 
sigma(R2)/<R2> =		 2.1903e-02 	 +/- 2.1084e-02 

Relative sigma(e1) RMSE =	 2.1604e+02 % 	 +/- 2.1587e+02 %
Relative sigma(e2) RMSE =	 8.7570e+02 % 	 +/- 8.7460e+02 %

Total number of stars: 		400
Problematic number of stars: 	1

***
Metric evaluation on the train dataset
***

Absolute RMSE:	 1.4035e-04 	 +/- 2.7348e-05
Relative RMSE:	 1.8970e+00 % 	 +/- 5.2051e-01 %
Absolute RMSE:	 1.2612e-01 	 +/- 2.8876e-02
Relative RMSE:	 1.6136e+02 % 	 +/- 2.4850e+01 %

Pixel star absolute RMSE:	 6.0331e-05 	 +/- 1.6267e-05 
Pixel star relative RMSE:	 4.0216e+00 % 	 +/- 1.4268e+00 %

sigma(e1) RMSE =		 7.6018e-03 	 +/- 7.5364e-03 
sigma(e2) RMSE =		 5.5059e-03 	 +/- 5.3509e-03 
sigma(R2)/<R2> =		 2.4984e-02 	 +/- 2.1731e-02 

Relative sigma(e1) RMSE =	 2.3913e+03 % 	 +/- 2.3907e+03 %
Relative sigma(e2) RMSE =	 5.9429e+03 % 	 +/- 5.9404e+03 %

Total number of stars: 		2000
Problematic number of stars: 	0

Total elapsed time: 1914.322056

 Good bye..
