Starting the log file.
Found GPU at: /device:GPU:0
tf_version: 2.7.0
Zernike cube:
(60, 256, 256)
Dataset parameters:
{'d_max': 2, 'max_order': 45, 'x_lims': [0, 1000.0], 'y_lims': [0, 1000.0], 'grid_points': [4, 4], 'n_bins': 350, 'max_wfe_rms': 0.1, 'oversampling_rate': 3.0, 'output_Q': 3.0, 'output_dim': 32, 'LP_filter_length': 2, 'pupil_diameter': 256, 'euclid_obsc': True, 'n_stars': 2000}
Starting cycle 1..
Starting parametric update..
Epoch 1/10

Epoch 00001: mean_squared_error improved from inf to 0.00000, saving model to /gpfswork/rech/ynx/uds36vp/repos/wf-SEDs/HD_projected_optimisation/wf-outputs/chkp/8_bins/chkp_callback_poly_5_cycles_256_proj_d2_60z_4_cycle1
63/63 - 62s - loss: 3.4415e-06 - mean_squared_error: 3.5220e-06 - val_loss: 5.9159e-07 - val_mean_squared_error: 5.9159e-07 - 62s/epoch - 979ms/step
Epoch 2/10

Epoch 00002: mean_squared_error improved from 0.00000 to 0.00000, saving model to /gpfswork/rech/ynx/uds36vp/repos/wf-SEDs/HD_projected_optimisation/wf-outputs/chkp/8_bins/chkp_callback_poly_5_cycles_256_proj_d2_60z_4_cycle1
63/63 - 57s - loss: 1.4229e-06 - mean_squared_error: 1.7585e-06 - val_loss: 3.2697e-07 - val_mean_squared_error: 3.2697e-07 - 57s/epoch - 900ms/step
Epoch 3/10

Epoch 00003: mean_squared_error improved from 0.00000 to 0.00000, saving model to /gpfswork/rech/ynx/uds36vp/repos/wf-SEDs/HD_projected_optimisation/wf-outputs/chkp/8_bins/chkp_callback_poly_5_cycles_256_proj_d2_60z_4_cycle1
63/63 - 57s - loss: 1.2747e-06 - mean_squared_error: 1.6363e-06 - val_loss: 2.6144e-07 - val_mean_squared_error: 2.6144e-07 - 57s/epoch - 900ms/step
Epoch 4/10

Epoch 00004: mean_squared_error improved from 0.00000 to 0.00000, saving model to /gpfswork/rech/ynx/uds36vp/repos/wf-SEDs/HD_projected_optimisation/wf-outputs/chkp/8_bins/chkp_callback_poly_5_cycles_256_proj_d2_60z_4_cycle1
63/63 - 57s - loss: 1.2461e-06 - mean_squared_error: 1.6129e-06 - val_loss: 3.2123e-07 - val_mean_squared_error: 3.2123e-07 - 57s/epoch - 901ms/step
Epoch 5/10

Epoch 00005: mean_squared_error did not improve from 0.00000
63/63 - 57s - loss: 1.4293e-06 - mean_squared_error: 1.7702e-06 - val_loss: 5.5972e-07 - val_mean_squared_error: 5.5972e-07 - 57s/epoch - 897ms/step
Epoch 6/10

Epoch 00006: mean_squared_error did not improve from 0.00000
63/63 - 57s - loss: 1.6604e-06 - mean_squared_error: 1.9464e-06 - val_loss: 3.9732e-07 - val_mean_squared_error: 3.9732e-07 - 57s/epoch - 904ms/step
Epoch 7/10

Epoch 00007: mean_squared_error did not improve from 0.00000
63/63 - 57s - loss: 1.2532e-06 - mean_squared_error: 1.6236e-06 - val_loss: 3.2834e-07 - val_mean_squared_error: 3.2834e-07 - 57s/epoch - 897ms/step
Epoch 8/10

Epoch 00008: mean_squared_error did not improve from 0.00000
63/63 - 56s - loss: 1.3609e-06 - mean_squared_error: 1.7001e-06 - val_loss: 6.6008e-07 - val_mean_squared_error: 6.6008e-07 - 56s/epoch - 895ms/step
Epoch 9/10

Epoch 00009: mean_squared_error did not improve from 0.00000
63/63 - 56s - loss: 2.2866e-06 - mean_squared_error: 2.4579e-06 - val_loss: 8.6563e-07 - val_mean_squared_error: 8.6563e-07 - 56s/epoch - 895ms/step
Epoch 10/10

Epoch 00010: mean_squared_error did not improve from 0.00000
63/63 - 56s - loss: 2.1124e-06 - mean_squared_error: 2.3446e-06 - val_loss: 6.8816e-07 - val_mean_squared_error: 6.8816e-07 - 56s/epoch - 895ms/step
Starting non-parametric update..
Epoch 1/25

Epoch 00001: mean_squared_error did not improve from 0.00000
63/63 - 55s - loss: 1.6134e-06 - mean_squared_error: 1.9238e-06 - val_loss: 3.5565e-07 - val_mean_squared_error: 3.5565e-07 - 55s/epoch - 879ms/step
Epoch 2/25

Epoch 00002: mean_squared_error did not improve from 0.00000
63/63 - 52s - loss: 1.2830e-06 - mean_squared_error: 1.6519e-06 - val_loss: 2.5150e-07 - val_mean_squared_error: 2.5150e-07 - 52s/epoch - 832ms/step
Epoch 3/25

Epoch 00003: mean_squared_error improved from 0.00000 to 0.00000, saving model to /gpfswork/rech/ynx/uds36vp/repos/wf-SEDs/HD_projected_optimisation/wf-outputs/chkp/8_bins/chkp_callback_poly_5_cycles_256_proj_d2_60z_4_cycle1
63/63 - 53s - loss: 1.1943e-06 - mean_squared_error: 1.5785e-06 - val_loss: 1.9195e-07 - val_mean_squared_error: 1.9195e-07 - 53s/epoch - 833ms/step
Epoch 4/25

Epoch 00004: mean_squared_error improved from 0.00000 to 0.00000, saving model to /gpfswork/rech/ynx/uds36vp/repos/wf-SEDs/HD_projected_optimisation/wf-outputs/chkp/8_bins/chkp_callback_poly_5_cycles_256_proj_d2_60z_4_cycle1
63/63 - 53s - loss: 1.1376e-06 - mean_squared_error: 1.5302e-06 - val_loss: 1.5084e-07 - val_mean_squared_error: 1.5084e-07 - 53s/epoch - 834ms/step
Epoch 5/25

Epoch 00005: mean_squared_error improved from 0.00000 to 0.00000, saving model to /gpfswork/rech/ynx/uds36vp/repos/wf-SEDs/HD_projected_optimisation/wf-outputs/chkp/8_bins/chkp_callback_poly_5_cycles_256_proj_d2_60z_4_cycle1
63/63 - 52s - loss: 1.0998e-06 - mean_squared_error: 1.4980e-06 - val_loss: 1.2318e-07 - val_mean_squared_error: 1.2318e-07 - 52s/epoch - 833ms/step
Epoch 6/25

Epoch 00006: mean_squared_error improved from 0.00000 to 0.00000, saving model to /gpfswork/rech/ynx/uds36vp/repos/wf-SEDs/HD_projected_optimisation/wf-outputs/chkp/8_bins/chkp_callback_poly_5_cycles_256_proj_d2_60z_4_cycle1
63/63 - 52s - loss: 1.0713e-06 - mean_squared_error: 1.4739e-06 - val_loss: 1.0112e-07 - val_mean_squared_error: 1.0112e-07 - 52s/epoch - 833ms/step
Epoch 7/25

Epoch 00007: mean_squared_error improved from 0.00000 to 0.00000, saving model to /gpfswork/rech/ynx/uds36vp/repos/wf-SEDs/HD_projected_optimisation/wf-outputs/chkp/8_bins/chkp_callback_poly_5_cycles_256_proj_d2_60z_4_cycle1
63/63 - 52s - loss: 1.0490e-06 - mean_squared_error: 1.4549e-06 - val_loss: 8.3646e-08 - val_mean_squared_error: 8.3646e-08 - 52s/epoch - 833ms/step
Epoch 8/25

Epoch 00008: mean_squared_error improved from 0.00000 to 0.00000, saving model to /gpfswork/rech/ynx/uds36vp/repos/wf-SEDs/HD_projected_optimisation/wf-outputs/chkp/8_bins/chkp_callback_poly_5_cycles_256_proj_d2_60z_4_cycle1
63/63 - 52s - loss: 1.0315e-06 - mean_squared_error: 1.4398e-06 - val_loss: 6.9365e-08 - val_mean_squared_error: 6.9365e-08 - 52s/epoch - 833ms/step
Epoch 9/25

Epoch 00009: mean_squared_error improved from 0.00000 to 0.00000, saving model to /gpfswork/rech/ynx/uds36vp/repos/wf-SEDs/HD_projected_optimisation/wf-outputs/chkp/8_bins/chkp_callback_poly_5_cycles_256_proj_d2_60z_4_cycle1
63/63 - 52s - loss: 1.0180e-06 - mean_squared_error: 1.4278e-06 - val_loss: 5.8759e-08 - val_mean_squared_error: 5.8759e-08 - 52s/epoch - 833ms/step
Epoch 10/25

Epoch 00010: mean_squared_error improved from 0.00000 to 0.00000, saving model to /gpfswork/rech/ynx/uds36vp/repos/wf-SEDs/HD_projected_optimisation/wf-outputs/chkp/8_bins/chkp_callback_poly_5_cycles_256_proj_d2_60z_4_cycle1
63/63 - 53s - loss: 1.0076e-06 - mean_squared_error: 1.4185e-06 - val_loss: 5.0347e-08 - val_mean_squared_error: 5.0347e-08 - 53s/epoch - 834ms/step
Epoch 11/25

Epoch 00011: mean_squared_error improved from 0.00000 to 0.00000, saving model to /gpfswork/rech/ynx/uds36vp/repos/wf-SEDs/HD_projected_optimisation/wf-outputs/chkp/8_bins/chkp_callback_poly_5_cycles_256_proj_d2_60z_4_cycle1
63/63 - 52s - loss: 9.9940e-07 - mean_squared_error: 1.4113e-06 - val_loss: 4.3475e-08 - val_mean_squared_error: 4.3475e-08 - 52s/epoch - 833ms/step
Epoch 12/25

Epoch 00012: mean_squared_error improved from 0.00000 to 0.00000, saving model to /gpfswork/rech/ynx/uds36vp/repos/wf-SEDs/HD_projected_optimisation/wf-outputs/chkp/8_bins/chkp_callback_poly_5_cycles_256_proj_d2_60z_4_cycle1
63/63 - 54s - loss: 9.9309e-07 - mean_squared_error: 1.4054e-06 - val_loss: 3.8128e-08 - val_mean_squared_error: 3.8128e-08 - 54s/epoch - 850ms/step
Epoch 13/25

Epoch 00013: mean_squared_error improved from 0.00000 to 0.00000, saving model to /gpfswork/rech/ynx/uds36vp/repos/wf-SEDs/HD_projected_optimisation/wf-outputs/chkp/8_bins/chkp_callback_poly_5_cycles_256_proj_d2_60z_4_cycle1
63/63 - 55s - loss: 9.8802e-07 - mean_squared_error: 1.4009e-06 - val_loss: 3.3758e-08 - val_mean_squared_error: 3.3758e-08 - 55s/epoch - 866ms/step
Epoch 14/25

Epoch 00014: mean_squared_error improved from 0.00000 to 0.00000, saving model to /gpfswork/rech/ynx/uds36vp/repos/wf-SEDs/HD_projected_optimisation/wf-outputs/chkp/8_bins/chkp_callback_poly_5_cycles_256_proj_d2_60z_4_cycle1
63/63 - 54s - loss: 9.8394e-07 - mean_squared_error: 1.3972e-06 - val_loss: 3.0464e-08 - val_mean_squared_error: 3.0464e-08 - 54s/epoch - 857ms/step
Epoch 15/25

Epoch 00015: mean_squared_error improved from 0.00000 to 0.00000, saving model to /gpfswork/rech/ynx/uds36vp/repos/wf-SEDs/HD_projected_optimisation/wf-outputs/chkp/8_bins/chkp_callback_poly_5_cycles_256_proj_d2_60z_4_cycle1
63/63 - 54s - loss: 9.8018e-07 - mean_squared_error: 1.3938e-06 - val_loss: 2.7299e-08 - val_mean_squared_error: 2.7299e-08 - 54s/epoch - 862ms/step
Epoch 16/25

Epoch 00016: mean_squared_error improved from 0.00000 to 0.00000, saving model to /gpfswork/rech/ynx/uds36vp/repos/wf-SEDs/HD_projected_optimisation/wf-outputs/chkp/8_bins/chkp_callback_poly_5_cycles_256_proj_d2_60z_4_cycle1
63/63 - 54s - loss: 9.7731e-07 - mean_squared_error: 1.3913e-06 - val_loss: 2.4800e-08 - val_mean_squared_error: 2.4800e-08 - 54s/epoch - 860ms/step
Epoch 17/25

Epoch 00017: mean_squared_error improved from 0.00000 to 0.00000, saving model to /gpfswork/rech/ynx/uds36vp/repos/wf-SEDs/HD_projected_optimisation/wf-outputs/chkp/8_bins/chkp_callback_poly_5_cycles_256_proj_d2_60z_4_cycle1
63/63 - 54s - loss: 9.7488e-07 - mean_squared_error: 1.3890e-06 - val_loss: 2.3060e-08 - val_mean_squared_error: 2.3060e-08 - 54s/epoch - 855ms/step
Epoch 18/25

Epoch 00018: mean_squared_error improved from 0.00000 to 0.00000, saving model to /gpfswork/rech/ynx/uds36vp/repos/wf-SEDs/HD_projected_optimisation/wf-outputs/chkp/8_bins/chkp_callback_poly_5_cycles_256_proj_d2_60z_4_cycle1
63/63 - 54s - loss: 9.7278e-07 - mean_squared_error: 1.3871e-06 - val_loss: 2.0891e-08 - val_mean_squared_error: 2.0891e-08 - 54s/epoch - 854ms/step
Epoch 19/25

Epoch 00019: mean_squared_error improved from 0.00000 to 0.00000, saving model to /gpfswork/rech/ynx/uds36vp/repos/wf-SEDs/HD_projected_optimisation/wf-outputs/chkp/8_bins/chkp_callback_poly_5_cycles_256_proj_d2_60z_4_cycle1
63/63 - 54s - loss: 9.7108e-07 - mean_squared_error: 1.3856e-06 - val_loss: 1.9557e-08 - val_mean_squared_error: 1.9557e-08 - 54s/epoch - 851ms/step
Epoch 20/25

Epoch 00020: mean_squared_error improved from 0.00000 to 0.00000, saving model to /gpfswork/rech/ynx/uds36vp/repos/wf-SEDs/HD_projected_optimisation/wf-outputs/chkp/8_bins/chkp_callback_poly_5_cycles_256_proj_d2_60z_4_cycle1
63/63 - 54s - loss: 9.6952e-07 - mean_squared_error: 1.3841e-06 - val_loss: 1.8626e-08 - val_mean_squared_error: 1.8626e-08 - 54s/epoch - 857ms/step
Epoch 21/25

Epoch 00021: mean_squared_error improved from 0.00000 to 0.00000, saving model to /gpfswork/rech/ynx/uds36vp/repos/wf-SEDs/HD_projected_optimisation/wf-outputs/chkp/8_bins/chkp_callback_poly_5_cycles_256_proj_d2_60z_4_cycle1
63/63 - 54s - loss: 9.6800e-07 - mean_squared_error: 1.3828e-06 - val_loss: 1.7235e-08 - val_mean_squared_error: 1.7235e-08 - 54s/epoch - 853ms/step
Epoch 22/25

Epoch 00022: mean_squared_error improved from 0.00000 to 0.00000, saving model to /gpfswork/rech/ynx/uds36vp/repos/wf-SEDs/HD_projected_optimisation/wf-outputs/chkp/8_bins/chkp_callback_poly_5_cycles_256_proj_d2_60z_4_cycle1
63/63 - 54s - loss: 9.6699e-07 - mean_squared_error: 1.3818e-06 - val_loss: 1.6701e-08 - val_mean_squared_error: 1.6701e-08 - 54s/epoch - 857ms/step
Epoch 23/25

Epoch 00023: mean_squared_error improved from 0.00000 to 0.00000, saving model to /gpfswork/rech/ynx/uds36vp/repos/wf-SEDs/HD_projected_optimisation/wf-outputs/chkp/8_bins/chkp_callback_poly_5_cycles_256_proj_d2_60z_4_cycle1
63/63 - 54s - loss: 9.6580e-07 - mean_squared_error: 1.3808e-06 - val_loss: 1.5003e-08 - val_mean_squared_error: 1.5003e-08 - 54s/epoch - 862ms/step
Epoch 24/25

Epoch 00024: mean_squared_error improved from 0.00000 to 0.00000, saving model to /gpfswork/rech/ynx/uds36vp/repos/wf-SEDs/HD_projected_optimisation/wf-outputs/chkp/8_bins/chkp_callback_poly_5_cycles_256_proj_d2_60z_4_cycle1
63/63 - 54s - loss: 9.6491e-07 - mean_squared_error: 1.3800e-06 - val_loss: 1.4506e-08 - val_mean_squared_error: 1.4506e-08 - 54s/epoch - 862ms/step
Epoch 25/25

Epoch 00025: mean_squared_error improved from 0.00000 to 0.00000, saving model to /gpfswork/rech/ynx/uds36vp/repos/wf-SEDs/HD_projected_optimisation/wf-outputs/chkp/8_bins/chkp_callback_poly_5_cycles_256_proj_d2_60z_4_cycle1
63/63 - 54s - loss: 9.6458e-07 - mean_squared_error: 1.3796e-06 - val_loss: 1.3762e-08 - val_mean_squared_error: 1.3762e-08 - 54s/epoch - 857ms/step
Cycle1 elapsed time: 1912.949622
Project non-param DD features onto param model: done!
Starting cycle 2..
Starting parametric update..
Epoch 1/5

Epoch 00001: mean_squared_error improved from inf to 0.00000, saving model to /gpfswork/rech/ynx/uds36vp/repos/wf-SEDs/HD_projected_optimisation/wf-outputs/chkp/8_bins/chkp_callback_poly_5_cycles_256_proj_d2_60z_4_cycle2
63/63 - 62s - loss: 9.8637e-07 - mean_squared_error: 1.3977e-06 - val_loss: 9.7446e-08 - val_mean_squared_error: 9.7446e-08 - 62s/epoch - 981ms/step
Epoch 2/5

Epoch 00002: mean_squared_error did not improve from 0.00000
63/63 - 59s - loss: 1.1083e-06 - mean_squared_error: 1.4932e-06 - val_loss: 2.0171e-07 - val_mean_squared_error: 2.0171e-07 - 59s/epoch - 944ms/step
Epoch 3/5

Epoch 00003: mean_squared_error did not improve from 0.00000
63/63 - 60s - loss: 1.0570e-06 - mean_squared_error: 1.4543e-06 - val_loss: 2.2644e-07 - val_mean_squared_error: 2.2644e-07 - 60s/epoch - 946ms/step
Epoch 4/5

Epoch 00004: mean_squared_error did not improve from 0.00000
63/63 - 60s - loss: 1.1610e-06 - mean_squared_error: 1.5413e-06 - val_loss: 2.1882e-07 - val_mean_squared_error: 2.1882e-07 - 60s/epoch - 947ms/step
Epoch 5/5

Epoch 00005: mean_squared_error did not improve from 0.00000
63/63 - 60s - loss: 1.1023e-06 - mean_squared_error: 1.4929e-06 - val_loss: 2.0583e-07 - val_mean_squared_error: 2.0583e-07 - 60s/epoch - 948ms/step
Starting non-parametric update..
Epoch 1/25

Epoch 00001: mean_squared_error did not improve from 0.00000
63/63 - 57s - loss: 1.0420e-06 - mean_squared_error: 1.4455e-06 - val_loss: 3.2440e-08 - val_mean_squared_error: 3.2440e-08 - 57s/epoch - 904ms/step
Epoch 2/25

Epoch 00002: mean_squared_error improved from 0.00000 to 0.00000, saving model to /gpfswork/rech/ynx/uds36vp/repos/wf-SEDs/HD_projected_optimisation/wf-outputs/chkp/8_bins/chkp_callback_poly_5_cycles_256_proj_d2_60z_4_cycle2
63/63 - 54s - loss: 9.7606e-07 - mean_squared_error: 1.3895e-06 - val_loss: 2.0983e-08 - val_mean_squared_error: 2.0983e-08 - 54s/epoch - 860ms/step
Epoch 3/25

Epoch 00003: mean_squared_error improved from 0.00000 to 0.00000, saving model to /gpfswork/rech/ynx/uds36vp/repos/wf-SEDs/HD_projected_optimisation/wf-outputs/chkp/8_bins/chkp_callback_poly_5_cycles_256_proj_d2_60z_4_cycle2
63/63 - 54s - loss: 9.6915e-07 - mean_squared_error: 1.3834e-06 - val_loss: 1.7164e-08 - val_mean_squared_error: 1.7164e-08 - 54s/epoch - 863ms/step
Epoch 4/25

Epoch 00004: mean_squared_error improved from 0.00000 to 0.00000, saving model to /gpfswork/rech/ynx/uds36vp/repos/wf-SEDs/HD_projected_optimisation/wf-outputs/chkp/8_bins/chkp_callback_poly_5_cycles_256_proj_d2_60z_4_cycle2
63/63 - 54s - loss: 9.6625e-07 - mean_squared_error: 1.3809e-06 - val_loss: 1.5178e-08 - val_mean_squared_error: 1.5178e-08 - 54s/epoch - 863ms/step
Epoch 5/25

Epoch 00005: mean_squared_error improved from 0.00000 to 0.00000, saving model to /gpfswork/rech/ynx/uds36vp/repos/wf-SEDs/HD_projected_optimisation/wf-outputs/chkp/8_bins/chkp_callback_poly_5_cycles_256_proj_d2_60z_4_cycle2
63/63 - 54s - loss: 9.6485e-07 - mean_squared_error: 1.3798e-06 - val_loss: 1.4105e-08 - val_mean_squared_error: 1.4105e-08 - 54s/epoch - 851ms/step
Epoch 6/25

Epoch 00006: mean_squared_error improved from 0.00000 to 0.00000, saving model to /gpfswork/rech/ynx/uds36vp/repos/wf-SEDs/HD_projected_optimisation/wf-outputs/chkp/8_bins/chkp_callback_poly_5_cycles_256_proj_d2_60z_4_cycle2
63/63 - 54s - loss: 9.6363e-07 - mean_squared_error: 1.3787e-06 - val_loss: 1.3214e-08 - val_mean_squared_error: 1.3214e-08 - 54s/epoch - 861ms/step
Epoch 7/25

Epoch 00007: mean_squared_error improved from 0.00000 to 0.00000, saving model to /gpfswork/rech/ynx/uds36vp/repos/wf-SEDs/HD_projected_optimisation/wf-outputs/chkp/8_bins/chkp_callback_poly_5_cycles_256_proj_d2_60z_4_cycle2
63/63 - 55s - loss: 9.6294e-07 - mean_squared_error: 1.3781e-06 - val_loss: 1.2883e-08 - val_mean_squared_error: 1.2883e-08 - 55s/epoch - 868ms/step
Epoch 8/25

Epoch 00008: mean_squared_error improved from 0.00000 to 0.00000, saving model to /gpfswork/rech/ynx/uds36vp/repos/wf-SEDs/HD_projected_optimisation/wf-outputs/chkp/8_bins/chkp_callback_poly_5_cycles_256_proj_d2_60z_4_cycle2
63/63 - 54s - loss: 9.6243e-07 - mean_squared_error: 1.3776e-06 - val_loss: 1.2399e-08 - val_mean_squared_error: 1.2399e-08 - 54s/epoch - 864ms/step
Epoch 9/25

Epoch 00009: mean_squared_error improved from 0.00000 to 0.00000, saving model to /gpfswork/rech/ynx/uds36vp/repos/wf-SEDs/HD_projected_optimisation/wf-outputs/chkp/8_bins/chkp_callback_poly_5_cycles_256_proj_d2_60z_4_cycle2
63/63 - 54s - loss: 9.6189e-07 - mean_squared_error: 1.3772e-06 - val_loss: 1.1843e-08 - val_mean_squared_error: 1.1843e-08 - 54s/epoch - 859ms/step
Epoch 10/25

Epoch 00010: mean_squared_error improved from 0.00000 to 0.00000, saving model to /gpfswork/rech/ynx/uds36vp/repos/wf-SEDs/HD_projected_optimisation/wf-outputs/chkp/8_bins/chkp_callback_poly_5_cycles_256_proj_d2_60z_4_cycle2
63/63 - 54s - loss: 9.6145e-07 - mean_squared_error: 1.3768e-06 - val_loss: 1.1407e-08 - val_mean_squared_error: 1.1407e-08 - 54s/epoch - 862ms/step
Epoch 11/25

Epoch 00011: mean_squared_error improved from 0.00000 to 0.00000, saving model to /gpfswork/rech/ynx/uds36vp/repos/wf-SEDs/HD_projected_optimisation/wf-outputs/chkp/8_bins/chkp_callback_poly_5_cycles_256_proj_d2_60z_4_cycle2
63/63 - 54s - loss: 9.6104e-07 - mean_squared_error: 1.3764e-06 - val_loss: 1.1194e-08 - val_mean_squared_error: 1.1194e-08 - 54s/epoch - 865ms/step
Epoch 12/25

Epoch 00012: mean_squared_error improved from 0.00000 to 0.00000, saving model to /gpfswork/rech/ynx/uds36vp/repos/wf-SEDs/HD_projected_optimisation/wf-outputs/chkp/8_bins/chkp_callback_poly_5_cycles_256_proj_d2_60z_4_cycle2
63/63 - 55s - loss: 9.6081e-07 - mean_squared_error: 1.3761e-06 - val_loss: 1.0968e-08 - val_mean_squared_error: 1.0968e-08 - 55s/epoch - 867ms/step
Epoch 13/25

Epoch 00013: mean_squared_error improved from 0.00000 to 0.00000, saving model to /gpfswork/rech/ynx/uds36vp/repos/wf-SEDs/HD_projected_optimisation/wf-outputs/chkp/8_bins/chkp_callback_poly_5_cycles_256_proj_d2_60z_4_cycle2
63/63 - 54s - loss: 9.6049e-07 - mean_squared_error: 1.3759e-06 - val_loss: 1.0545e-08 - val_mean_squared_error: 1.0545e-08 - 54s/epoch - 864ms/step
Epoch 14/25

Epoch 00014: mean_squared_error improved from 0.00000 to 0.00000, saving model to /gpfswork/rech/ynx/uds36vp/repos/wf-SEDs/HD_projected_optimisation/wf-outputs/chkp/8_bins/chkp_callback_poly_5_cycles_256_proj_d2_60z_4_cycle2
63/63 - 54s - loss: 9.6018e-07 - mean_squared_error: 1.3756e-06 - val_loss: 1.0420e-08 - val_mean_squared_error: 1.0420e-08 - 54s/epoch - 855ms/step
Epoch 15/25

Epoch 00015: mean_squared_error improved from 0.00000 to 0.00000, saving model to /gpfswork/rech/ynx/uds36vp/repos/wf-SEDs/HD_projected_optimisation/wf-outputs/chkp/8_bins/chkp_callback_poly_5_cycles_256_proj_d2_60z_4_cycle2
63/63 - 54s - loss: 9.5995e-07 - mean_squared_error: 1.3753e-06 - val_loss: 1.0053e-08 - val_mean_squared_error: 1.0053e-08 - 54s/epoch - 865ms/step
Epoch 16/25

Epoch 00016: mean_squared_error improved from 0.00000 to 0.00000, saving model to /gpfswork/rech/ynx/uds36vp/repos/wf-SEDs/HD_projected_optimisation/wf-outputs/chkp/8_bins/chkp_callback_poly_5_cycles_256_proj_d2_60z_4_cycle2
63/63 - 55s - loss: 9.5960e-07 - mean_squared_error: 1.3751e-06 - val_loss: 1.0056e-08 - val_mean_squared_error: 1.0056e-08 - 55s/epoch - 865ms/step
Epoch 17/25

Epoch 00017: mean_squared_error improved from 0.00000 to 0.00000, saving model to /gpfswork/rech/ynx/uds36vp/repos/wf-SEDs/HD_projected_optimisation/wf-outputs/chkp/8_bins/chkp_callback_poly_5_cycles_256_proj_d2_60z_4_cycle2
63/63 - 54s - loss: 9.5941e-07 - mean_squared_error: 1.3749e-06 - val_loss: 9.6634e-09 - val_mean_squared_error: 9.6634e-09 - 54s/epoch - 864ms/step
Epoch 18/25

Epoch 00018: mean_squared_error improved from 0.00000 to 0.00000, saving model to /gpfswork/rech/ynx/uds36vp/repos/wf-SEDs/HD_projected_optimisation/wf-outputs/chkp/8_bins/chkp_callback_poly_5_cycles_256_proj_d2_60z_4_cycle2
63/63 - 54s - loss: 9.5924e-07 - mean_squared_error: 1.3747e-06 - val_loss: 9.5481e-09 - val_mean_squared_error: 9.5481e-09 - 54s/epoch - 855ms/step
Epoch 19/25

Epoch 00019: mean_squared_error improved from 0.00000 to 0.00000, saving model to /gpfswork/rech/ynx/uds36vp/repos/wf-SEDs/HD_projected_optimisation/wf-outputs/chkp/8_bins/chkp_callback_poly_5_cycles_256_proj_d2_60z_4_cycle2
63/63 - 55s - loss: 9.5888e-07 - mean_squared_error: 1.3744e-06 - val_loss: 9.4570e-09 - val_mean_squared_error: 9.4570e-09 - 55s/epoch - 867ms/step
Epoch 20/25

Epoch 00020: mean_squared_error improved from 0.00000 to 0.00000, saving model to /gpfswork/rech/ynx/uds36vp/repos/wf-SEDs/HD_projected_optimisation/wf-outputs/chkp/8_bins/chkp_callback_poly_5_cycles_256_proj_d2_60z_4_cycle2
63/63 - 55s - loss: 9.5899e-07 - mean_squared_error: 1.3744e-06 - val_loss: 9.2958e-09 - val_mean_squared_error: 9.2958e-09 - 55s/epoch - 876ms/step
Epoch 21/25

Epoch 00021: mean_squared_error improved from 0.00000 to 0.00000, saving model to /gpfswork/rech/ynx/uds36vp/repos/wf-SEDs/HD_projected_optimisation/wf-outputs/chkp/8_bins/chkp_callback_poly_5_cycles_256_proj_d2_60z_4_cycle2
63/63 - 54s - loss: 9.5852e-07 - mean_squared_error: 1.3741e-06 - val_loss: 9.2154e-09 - val_mean_squared_error: 9.2154e-09 - 54s/epoch - 864ms/step
Epoch 22/25

Epoch 00022: mean_squared_error improved from 0.00000 to 0.00000, saving model to /gpfswork/rech/ynx/uds36vp/repos/wf-SEDs/HD_projected_optimisation/wf-outputs/chkp/8_bins/chkp_callback_poly_5_cycles_256_proj_d2_60z_4_cycle2
63/63 - 54s - loss: 9.5837e-07 - mean_squared_error: 1.3739e-06 - val_loss: 8.7953e-09 - val_mean_squared_error: 8.7953e-09 - 54s/epoch - 862ms/step
Epoch 23/25

Epoch 00023: mean_squared_error improved from 0.00000 to 0.00000, saving model to /gpfswork/rech/ynx/uds36vp/repos/wf-SEDs/HD_projected_optimisation/wf-outputs/chkp/8_bins/chkp_callback_poly_5_cycles_256_proj_d2_60z_4_cycle2
63/63 - 54s - loss: 9.5816e-07 - mean_squared_error: 1.3737e-06 - val_loss: 8.8726e-09 - val_mean_squared_error: 8.8726e-09 - 54s/epoch - 861ms/step
Epoch 24/25

Epoch 00024: mean_squared_error improved from 0.00000 to 0.00000, saving model to /gpfswork/rech/ynx/uds36vp/repos/wf-SEDs/HD_projected_optimisation/wf-outputs/chkp/8_bins/chkp_callback_poly_5_cycles_256_proj_d2_60z_4_cycle2
63/63 - 54s - loss: 9.5800e-07 - mean_squared_error: 1.3736e-06 - val_loss: 8.8241e-09 - val_mean_squared_error: 8.8241e-09 - 54s/epoch - 863ms/step
Epoch 25/25

Epoch 00025: mean_squared_error improved from 0.00000 to 0.00000, saving model to /gpfswork/rech/ynx/uds36vp/repos/wf-SEDs/HD_projected_optimisation/wf-outputs/chkp/8_bins/chkp_callback_poly_5_cycles_256_proj_d2_60z_4_cycle2
63/63 - 54s - loss: 9.5781e-07 - mean_squared_error: 1.3734e-06 - val_loss: 8.6214e-09 - val_mean_squared_error: 8.6214e-09 - 54s/epoch - 865ms/step
Cycle2 elapsed time: 1667.0456750392914
Project non-param DD features onto param model: done!
Starting cycle 3..
Starting parametric update..
Epoch 1/5

Epoch 00001: mean_squared_error improved from inf to 0.00000, saving model to /gpfswork/rech/ynx/uds36vp/repos/wf-SEDs/HD_projected_optimisation/wf-outputs/chkp/8_bins/chkp_callback_poly_5_cycles_256_proj_d2_60z_4_cycle3
63/63 - 57s - loss: 9.7194e-07 - mean_squared_error: 1.3855e-06 - val_loss: 3.1183e-08 - val_mean_squared_error: 3.1183e-08 - 57s/epoch - 909ms/step
Epoch 2/5

Epoch 00002: mean_squared_error did not improve from 0.00000
63/63 - 55s - loss: 1.0257e-06 - mean_squared_error: 1.4266e-06 - val_loss: 3.6479e-08 - val_mean_squared_error: 3.6479e-08 - 55s/epoch - 869ms/step
Epoch 3/5

Epoch 00003: mean_squared_error did not improve from 0.00000
63/63 - 54s - loss: 1.0371e-06 - mean_squared_error: 1.4370e-06 - val_loss: 1.2051e-07 - val_mean_squared_error: 1.2051e-07 - 54s/epoch - 853ms/step
Epoch 4/5

Epoch 00004: mean_squared_error did not improve from 0.00000
63/63 - 54s - loss: 1.1376e-06 - mean_squared_error: 1.5227e-06 - val_loss: 2.2173e-07 - val_mean_squared_error: 2.2173e-07 - 54s/epoch - 852ms/step
Epoch 5/5

Epoch 00005: mean_squared_error did not improve from 0.00000
63/63 - 54s - loss: 1.1420e-06 - mean_squared_error: 1.5293e-06 - val_loss: 6.8683e-08 - val_mean_squared_error: 6.8683e-08 - 54s/epoch - 854ms/step
Starting non-parametric update..
Epoch 1/25

Epoch 00001: mean_squared_error did not improve from 0.00000
63/63 - 57s - loss: 9.8472e-07 - mean_squared_error: 1.3953e-06 - val_loss: 1.4984e-08 - val_mean_squared_error: 1.4984e-08 - 57s/epoch - 898ms/step
Epoch 2/25

Epoch 00002: mean_squared_error improved from 0.00000 to 0.00000, saving model to /gpfswork/rech/ynx/uds36vp/repos/wf-SEDs/HD_projected_optimisation/wf-outputs/chkp/8_bins/chkp_callback_poly_5_cycles_256_proj_d2_60z_4_cycle3
63/63 - 54s - loss: 9.6307e-07 - mean_squared_error: 1.3777e-06 - val_loss: 1.1387e-08 - val_mean_squared_error: 1.1387e-08 - 54s/epoch - 863ms/step
Epoch 3/25

Epoch 00003: mean_squared_error improved from 0.00000 to 0.00000, saving model to /gpfswork/rech/ynx/uds36vp/repos/wf-SEDs/HD_projected_optimisation/wf-outputs/chkp/8_bins/chkp_callback_poly_5_cycles_256_proj_d2_60z_4_cycle3
63/63 - 54s - loss: 9.6029e-07 - mean_squared_error: 1.3755e-06 - val_loss: 1.0124e-08 - val_mean_squared_error: 1.0124e-08 - 54s/epoch - 862ms/step
Epoch 4/25

Epoch 00004: mean_squared_error improved from 0.00000 to 0.00000, saving model to /gpfswork/rech/ynx/uds36vp/repos/wf-SEDs/HD_projected_optimisation/wf-outputs/chkp/8_bins/chkp_callback_poly_5_cycles_256_proj_d2_60z_4_cycle3
63/63 - 54s - loss: 9.5910e-07 - mean_squared_error: 1.3744e-06 - val_loss: 9.4145e-09 - val_mean_squared_error: 9.4145e-09 - 54s/epoch - 863ms/step
Epoch 5/25

Epoch 00005: mean_squared_error improved from 0.00000 to 0.00000, saving model to /gpfswork/rech/ynx/uds36vp/repos/wf-SEDs/HD_projected_optimisation/wf-outputs/chkp/8_bins/chkp_callback_poly_5_cycles_256_proj_d2_60z_4_cycle3
63/63 - 54s - loss: 9.5846e-07 - mean_squared_error: 1.3739e-06 - val_loss: 8.8426e-09 - val_mean_squared_error: 8.8426e-09 - 54s/epoch - 863ms/step
Epoch 6/25

Epoch 00006: mean_squared_error improved from 0.00000 to 0.00000, saving model to /gpfswork/rech/ynx/uds36vp/repos/wf-SEDs/HD_projected_optimisation/wf-outputs/chkp/8_bins/chkp_callback_poly_5_cycles_256_proj_d2_60z_4_cycle3
63/63 - 54s - loss: 9.5796e-07 - mean_squared_error: 1.3735e-06 - val_loss: 8.6135e-09 - val_mean_squared_error: 8.6135e-09 - 54s/epoch - 865ms/step
Epoch 7/25

Epoch 00007: mean_squared_error improved from 0.00000 to 0.00000, saving model to /gpfswork/rech/ynx/uds36vp/repos/wf-SEDs/HD_projected_optimisation/wf-outputs/chkp/8_bins/chkp_callback_poly_5_cycles_256_proj_d2_60z_4_cycle3
63/63 - 55s - loss: 9.5766e-07 - mean_squared_error: 1.3732e-06 - val_loss: 8.3737e-09 - val_mean_squared_error: 8.3737e-09 - 55s/epoch - 868ms/step
Epoch 8/25

Epoch 00008: mean_squared_error improved from 0.00000 to 0.00000, saving model to /gpfswork/rech/ynx/uds36vp/repos/wf-SEDs/HD_projected_optimisation/wf-outputs/chkp/8_bins/chkp_callback_poly_5_cycles_256_proj_d2_60z_4_cycle3
63/63 - 55s - loss: 9.5751e-07 - mean_squared_error: 1.3731e-06 - val_loss: 8.3453e-09 - val_mean_squared_error: 8.3453e-09 - 55s/epoch - 867ms/step
Epoch 9/25

Epoch 00009: mean_squared_error improved from 0.00000 to 0.00000, saving model to /gpfswork/rech/ynx/uds36vp/repos/wf-SEDs/HD_projected_optimisation/wf-outputs/chkp/8_bins/chkp_callback_poly_5_cycles_256_proj_d2_60z_4_cycle3
63/63 - 54s - loss: 9.5728e-07 - mean_squared_error: 1.3729e-06 - val_loss: 8.2770e-09 - val_mean_squared_error: 8.2770e-09 - 54s/epoch - 860ms/step
Epoch 10/25

Epoch 00010: mean_squared_error improved from 0.00000 to 0.00000, saving model to /gpfswork/rech/ynx/uds36vp/repos/wf-SEDs/HD_projected_optimisation/wf-outputs/chkp/8_bins/chkp_callback_poly_5_cycles_256_proj_d2_60z_4_cycle3
63/63 - 55s - loss: 9.5714e-07 - mean_squared_error: 1.3728e-06 - val_loss: 7.9737e-09 - val_mean_squared_error: 7.9737e-09 - 55s/epoch - 867ms/step
Epoch 11/25

Epoch 00011: mean_squared_error improved from 0.00000 to 0.00000, saving model to /gpfswork/rech/ynx/uds36vp/repos/wf-SEDs/HD_projected_optimisation/wf-outputs/chkp/8_bins/chkp_callback_poly_5_cycles_256_proj_d2_60z_4_cycle3
63/63 - 54s - loss: 9.5694e-07 - mean_squared_error: 1.3726e-06 - val_loss: 7.7032e-09 - val_mean_squared_error: 7.7032e-09 - 54s/epoch - 862ms/step
Epoch 12/25

Epoch 00012: mean_squared_error improved from 0.00000 to 0.00000, saving model to /gpfswork/rech/ynx/uds36vp/repos/wf-SEDs/HD_projected_optimisation/wf-outputs/chkp/8_bins/chkp_callback_poly_5_cycles_256_proj_d2_60z_4_cycle3
63/63 - 54s - loss: 9.5681e-07 - mean_squared_error: 1.3725e-06 - val_loss: 7.7009e-09 - val_mean_squared_error: 7.7009e-09 - 54s/epoch - 856ms/step
Epoch 13/25

Epoch 00013: mean_squared_error improved from 0.00000 to 0.00000, saving model to /gpfswork/rech/ynx/uds36vp/repos/wf-SEDs/HD_projected_optimisation/wf-outputs/chkp/8_bins/chkp_callback_poly_5_cycles_256_proj_d2_60z_4_cycle3
63/63 - 55s - loss: 9.5679e-07 - mean_squared_error: 1.3725e-06 - val_loss: 7.5511e-09 - val_mean_squared_error: 7.5511e-09 - 55s/epoch - 868ms/step
Epoch 14/25

Epoch 00014: mean_squared_error improved from 0.00000 to 0.00000, saving model to /gpfswork/rech/ynx/uds36vp/repos/wf-SEDs/HD_projected_optimisation/wf-outputs/chkp/8_bins/chkp_callback_poly_5_cycles_256_proj_d2_60z_4_cycle3
63/63 - 55s - loss: 9.5663e-07 - mean_squared_error: 1.3723e-06 - val_loss: 7.5428e-09 - val_mean_squared_error: 7.5428e-09 - 55s/epoch - 868ms/step
Epoch 15/25

Epoch 00015: mean_squared_error improved from 0.00000 to 0.00000, saving model to /gpfswork/rech/ynx/uds36vp/repos/wf-SEDs/HD_projected_optimisation/wf-outputs/chkp/8_bins/chkp_callback_poly_5_cycles_256_proj_d2_60z_4_cycle3
63/63 - 54s - loss: 9.5654e-07 - mean_squared_error: 1.3723e-06 - val_loss: 7.6213e-09 - val_mean_squared_error: 7.6213e-09 - 54s/epoch - 864ms/step
Epoch 16/25

Epoch 00016: mean_squared_error did not improve from 0.00000
63/63 - 55s - loss: 9.5658e-07 - mean_squared_error: 1.3723e-06 - val_loss: 7.5118e-09 - val_mean_squared_error: 7.5118e-09 - 55s/epoch - 868ms/step
Epoch 17/25

Epoch 00017: mean_squared_error improved from 0.00000 to 0.00000, saving model to /gpfswork/rech/ynx/uds36vp/repos/wf-SEDs/HD_projected_optimisation/wf-outputs/chkp/8_bins/chkp_callback_poly_5_cycles_256_proj_d2_60z_4_cycle3
63/63 - 55s - loss: 9.5632e-07 - mean_squared_error: 1.3721e-06 - val_loss: 7.2609e-09 - val_mean_squared_error: 7.2609e-09 - 55s/epoch - 873ms/step
Epoch 18/25

Epoch 00018: mean_squared_error improved from 0.00000 to 0.00000, saving model to /gpfswork/rech/ynx/uds36vp/repos/wf-SEDs/HD_projected_optimisation/wf-outputs/chkp/8_bins/chkp_callback_poly_5_cycles_256_proj_d2_60z_4_cycle3
63/63 - 55s - loss: 9.5618e-07 - mean_squared_error: 1.3719e-06 - val_loss: 7.3938e-09 - val_mean_squared_error: 7.3938e-09 - 55s/epoch - 869ms/step
Epoch 19/25

Epoch 00019: mean_squared_error improved from 0.00000 to 0.00000, saving model to /gpfswork/rech/ynx/uds36vp/repos/wf-SEDs/HD_projected_optimisation/wf-outputs/chkp/8_bins/chkp_callback_poly_5_cycles_256_proj_d2_60z_4_cycle3
63/63 - 55s - loss: 9.5607e-07 - mean_squared_error: 1.3718e-06 - val_loss: 6.9999e-09 - val_mean_squared_error: 6.9999e-09 - 55s/epoch - 866ms/step
Epoch 20/25

Epoch 00020: mean_squared_error improved from 0.00000 to 0.00000, saving model to /gpfswork/rech/ynx/uds36vp/repos/wf-SEDs/HD_projected_optimisation/wf-outputs/chkp/8_bins/chkp_callback_poly_5_cycles_256_proj_d2_60z_4_cycle3
63/63 - 54s - loss: 9.5600e-07 - mean_squared_error: 1.3718e-06 - val_loss: 7.1937e-09 - val_mean_squared_error: 7.1937e-09 - 54s/epoch - 860ms/step
Epoch 21/25

Epoch 00021: mean_squared_error improved from 0.00000 to 0.00000, saving model to /gpfswork/rech/ynx/uds36vp/repos/wf-SEDs/HD_projected_optimisation/wf-outputs/chkp/8_bins/chkp_callback_poly_5_cycles_256_proj_d2_60z_4_cycle3
63/63 - 55s - loss: 9.5601e-07 - mean_squared_error: 1.3718e-06 - val_loss: 7.1523e-09 - val_mean_squared_error: 7.1523e-09 - 55s/epoch - 868ms/step
Epoch 22/25

Epoch 00022: mean_squared_error did not improve from 0.00000
63/63 - 55s - loss: 9.5610e-07 - mean_squared_error: 1.3718e-06 - val_loss: 7.1190e-09 - val_mean_squared_error: 7.1190e-09 - 55s/epoch - 870ms/step
Epoch 23/25

Epoch 00023: mean_squared_error improved from 0.00000 to 0.00000, saving model to /gpfswork/rech/ynx/uds36vp/repos/wf-SEDs/HD_projected_optimisation/wf-outputs/chkp/8_bins/chkp_callback_poly_5_cycles_256_proj_d2_60z_4_cycle3
63/63 - 55s - loss: 9.5586e-07 - mean_squared_error: 1.3716e-06 - val_loss: 7.0512e-09 - val_mean_squared_error: 7.0512e-09 - 55s/epoch - 871ms/step
Epoch 24/25

Epoch 00024: mean_squared_error improved from 0.00000 to 0.00000, saving model to /gpfswork/rech/ynx/uds36vp/repos/wf-SEDs/HD_projected_optimisation/wf-outputs/chkp/8_bins/chkp_callback_poly_5_cycles_256_proj_d2_60z_4_cycle3
63/63 - 55s - loss: 9.5572e-07 - mean_squared_error: 1.3715e-06 - val_loss: 6.7928e-09 - val_mean_squared_error: 6.7928e-09 - 55s/epoch - 872ms/step
Epoch 25/25

Epoch 00025: mean_squared_error improved from 0.00000 to 0.00000, saving model to /gpfswork/rech/ynx/uds36vp/repos/wf-SEDs/HD_projected_optimisation/wf-outputs/chkp/8_bins/chkp_callback_poly_5_cycles_256_proj_d2_60z_4_cycle3
63/63 - 54s - loss: 9.5556e-07 - mean_squared_error: 1.3713e-06 - val_loss: 6.6640e-09 - val_mean_squared_error: 6.6640e-09 - 54s/epoch - 858ms/step
Cycle3 elapsed time: 1643.6678688526154
Project non-param DD features onto param model: done!
Starting cycle 4..
Starting parametric update..
Epoch 1/5

Epoch 00001: mean_squared_error improved from inf to 0.00000, saving model to /gpfswork/rech/ynx/uds36vp/repos/wf-SEDs/HD_projected_optimisation/wf-outputs/chkp/8_bins/chkp_callback_poly_5_cycles_256_proj_d2_60z_4_cycle4
63/63 - 57s - loss: 9.6732e-07 - mean_squared_error: 1.3811e-06 - val_loss: 2.5400e-08 - val_mean_squared_error: 2.5400e-08 - 57s/epoch - 900ms/step
Epoch 2/5

Epoch 00002: mean_squared_error did not improve from 0.00000
63/63 - 53s - loss: 1.0301e-06 - mean_squared_error: 1.4346e-06 - val_loss: 1.6513e-07 - val_mean_squared_error: 1.6513e-07 - 53s/epoch - 844ms/step
Epoch 3/5

Epoch 00003: mean_squared_error did not improve from 0.00000
63/63 - 53s - loss: 1.2282e-06 - mean_squared_error: 1.5919e-06 - val_loss: 1.9010e-07 - val_mean_squared_error: 1.9010e-07 - 53s/epoch - 843ms/step
Epoch 4/5

Epoch 00004: mean_squared_error did not improve from 0.00000
63/63 - 54s - loss: 1.0374e-06 - mean_squared_error: 1.4386e-06 - val_loss: 5.1968e-08 - val_mean_squared_error: 5.1968e-08 - 54s/epoch - 857ms/step
Epoch 5/5

Epoch 00005: mean_squared_error did not improve from 0.00000
63/63 - 54s - loss: 1.0048e-06 - mean_squared_error: 1.4114e-06 - val_loss: 3.1192e-08 - val_mean_squared_error: 3.1192e-08 - 54s/epoch - 853ms/step
Starting non-parametric update..
Epoch 1/25

Epoch 00001: mean_squared_error improved from 0.00000 to 0.00000, saving model to /gpfswork/rech/ynx/uds36vp/repos/wf-SEDs/HD_projected_optimisation/wf-outputs/chkp/8_bins/chkp_callback_poly_5_cycles_256_proj_d2_60z_4_cycle4
63/63 - 57s - loss: 9.6461e-07 - mean_squared_error: 1.3789e-06 - val_loss: 8.0658e-09 - val_mean_squared_error: 8.0658e-09 - 57s/epoch - 902ms/step
Epoch 2/25

Epoch 00002: mean_squared_error improved from 0.00000 to 0.00000, saving model to /gpfswork/rech/ynx/uds36vp/repos/wf-SEDs/HD_projected_optimisation/wf-outputs/chkp/8_bins/chkp_callback_poly_5_cycles_256_proj_d2_60z_4_cycle4
63/63 - 54s - loss: 9.5624e-07 - mean_squared_error: 1.3719e-06 - val_loss: 7.0486e-09 - val_mean_squared_error: 7.0486e-09 - 54s/epoch - 856ms/step
Epoch 3/25

Epoch 00003: mean_squared_error improved from 0.00000 to 0.00000, saving model to /gpfswork/rech/ynx/uds36vp/repos/wf-SEDs/HD_projected_optimisation/wf-outputs/chkp/8_bins/chkp_callback_poly_5_cycles_256_proj_d2_60z_4_cycle4
63/63 - 54s - loss: 9.5563e-07 - mean_squared_error: 1.3714e-06 - val_loss: 6.7868e-09 - val_mean_squared_error: 6.7868e-09 - 54s/epoch - 860ms/step
Epoch 4/25

Epoch 00004: mean_squared_error improved from 0.00000 to 0.00000, saving model to /gpfswork/rech/ynx/uds36vp/repos/wf-SEDs/HD_projected_optimisation/wf-outputs/chkp/8_bins/chkp_callback_poly_5_cycles_256_proj_d2_60z_4_cycle4
63/63 - 55s - loss: 9.5535e-07 - mean_squared_error: 1.3712e-06 - val_loss: 6.7189e-09 - val_mean_squared_error: 6.7189e-09 - 55s/epoch - 868ms/step
Epoch 5/25

Epoch 00005: mean_squared_error improved from 0.00000 to 0.00000, saving model to /gpfswork/rech/ynx/uds36vp/repos/wf-SEDs/HD_projected_optimisation/wf-outputs/chkp/8_bins/chkp_callback_poly_5_cycles_256_proj_d2_60z_4_cycle4
63/63 - 54s - loss: 9.5526e-07 - mean_squared_error: 1.3711e-06 - val_loss: 6.5435e-09 - val_mean_squared_error: 6.5435e-09 - 54s/epoch - 859ms/step
Epoch 6/25

Epoch 00006: mean_squared_error improved from 0.00000 to 0.00000, saving model to /gpfswork/rech/ynx/uds36vp/repos/wf-SEDs/HD_projected_optimisation/wf-outputs/chkp/8_bins/chkp_callback_poly_5_cycles_256_proj_d2_60z_4_cycle4
63/63 - 54s - loss: 9.5522e-07 - mean_squared_error: 1.3711e-06 - val_loss: 6.4346e-09 - val_mean_squared_error: 6.4346e-09 - 54s/epoch - 863ms/step
Epoch 7/25

Epoch 00007: mean_squared_error improved from 0.00000 to 0.00000, saving model to /gpfswork/rech/ynx/uds36vp/repos/wf-SEDs/HD_projected_optimisation/wf-outputs/chkp/8_bins/chkp_callback_poly_5_cycles_256_proj_d2_60z_4_cycle4
63/63 - 55s - loss: 9.5507e-07 - mean_squared_error: 1.3710e-06 - val_loss: 6.4209e-09 - val_mean_squared_error: 6.4209e-09 - 55s/epoch - 866ms/step
Epoch 8/25

Epoch 00008: mean_squared_error did not improve from 0.00000
63/63 - 54s - loss: 9.5509e-07 - mean_squared_error: 1.3710e-06 - val_loss: 6.4094e-09 - val_mean_squared_error: 6.4094e-09 - 54s/epoch - 859ms/step
Epoch 9/25

Epoch 00009: mean_squared_error improved from 0.00000 to 0.00000, saving model to /gpfswork/rech/ynx/uds36vp/repos/wf-SEDs/HD_projected_optimisation/wf-outputs/chkp/8_bins/chkp_callback_poly_5_cycles_256_proj_d2_60z_4_cycle4
63/63 - 55s - loss: 9.5503e-07 - mean_squared_error: 1.3709e-06 - val_loss: 6.2871e-09 - val_mean_squared_error: 6.2871e-09 - 55s/epoch - 868ms/step
Epoch 10/25

Epoch 00010: mean_squared_error improved from 0.00000 to 0.00000, saving model to /gpfswork/rech/ynx/uds36vp/repos/wf-SEDs/HD_projected_optimisation/wf-outputs/chkp/8_bins/chkp_callback_poly_5_cycles_256_proj_d2_60z_4_cycle4
63/63 - 55s - loss: 9.5492e-07 - mean_squared_error: 1.3708e-06 - val_loss: 6.2745e-09 - val_mean_squared_error: 6.2745e-09 - 55s/epoch - 865ms/step
Epoch 11/25

Epoch 00011: mean_squared_error did not improve from 0.00000
63/63 - 54s - loss: 9.5501e-07 - mean_squared_error: 1.3709e-06 - val_loss: 6.2607e-09 - val_mean_squared_error: 6.2607e-09 - 54s/epoch - 863ms/step
Epoch 12/25

Epoch 00012: mean_squared_error improved from 0.00000 to 0.00000, saving model to /gpfswork/rech/ynx/uds36vp/repos/wf-SEDs/HD_projected_optimisation/wf-outputs/chkp/8_bins/chkp_callback_poly_5_cycles_256_proj_d2_60z_4_cycle4
63/63 - 54s - loss: 9.5488e-07 - mean_squared_error: 1.3708e-06 - val_loss: 6.4282e-09 - val_mean_squared_error: 6.4282e-09 - 54s/epoch - 853ms/step
Epoch 13/25

Epoch 00013: mean_squared_error did not improve from 0.00000
63/63 - 54s - loss: 9.5496e-07 - mean_squared_error: 1.3708e-06 - val_loss: 6.2615e-09 - val_mean_squared_error: 6.2615e-09 - 54s/epoch - 853ms/step
Epoch 14/25

Epoch 00014: mean_squared_error improved from 0.00000 to 0.00000, saving model to /gpfswork/rech/ynx/uds36vp/repos/wf-SEDs/HD_projected_optimisation/wf-outputs/chkp/8_bins/chkp_callback_poly_5_cycles_256_proj_d2_60z_4_cycle4
63/63 - 54s - loss: 9.5475e-07 - mean_squared_error: 1.3707e-06 - val_loss: 6.0702e-09 - val_mean_squared_error: 6.0702e-09 - 54s/epoch - 851ms/step
Epoch 15/25

Epoch 00015: mean_squared_error improved from 0.00000 to 0.00000, saving model to /gpfswork/rech/ynx/uds36vp/repos/wf-SEDs/HD_projected_optimisation/wf-outputs/chkp/8_bins/chkp_callback_poly_5_cycles_256_proj_d2_60z_4_cycle4
63/63 - 54s - loss: 9.5474e-07 - mean_squared_error: 1.3706e-06 - val_loss: 6.2240e-09 - val_mean_squared_error: 6.2240e-09 - 54s/epoch - 860ms/step
Epoch 16/25

Epoch 00016: mean_squared_error did not improve from 0.00000
63/63 - 55s - loss: 9.5478e-07 - mean_squared_error: 1.3707e-06 - val_loss: 6.1303e-09 - val_mean_squared_error: 6.1303e-09 - 55s/epoch - 866ms/step
Epoch 17/25

Epoch 00017: mean_squared_error improved from 0.00000 to 0.00000, saving model to /gpfswork/rech/ynx/uds36vp/repos/wf-SEDs/HD_projected_optimisation/wf-outputs/chkp/8_bins/chkp_callback_poly_5_cycles_256_proj_d2_60z_4_cycle4
63/63 - 55s - loss: 9.5461e-07 - mean_squared_error: 1.3705e-06 - val_loss: 6.1512e-09 - val_mean_squared_error: 6.1512e-09 - 55s/epoch - 868ms/step
Epoch 18/25

Epoch 00018: mean_squared_error did not improve from 0.00000
63/63 - 55s - loss: 9.5468e-07 - mean_squared_error: 1.3706e-06 - val_loss: 6.1784e-09 - val_mean_squared_error: 6.1784e-09 - 55s/epoch - 867ms/step
Epoch 19/25

Epoch 00019: mean_squared_error did not improve from 0.00000
63/63 - 55s - loss: 9.5470e-07 - mean_squared_error: 1.3706e-06 - val_loss: 5.8531e-09 - val_mean_squared_error: 5.8531e-09 - 55s/epoch - 867ms/step
Epoch 20/25

Epoch 00020: mean_squared_error improved from 0.00000 to 0.00000, saving model to /gpfswork/rech/ynx/uds36vp/repos/wf-SEDs/HD_projected_optimisation/wf-outputs/chkp/8_bins/chkp_callback_poly_5_cycles_256_proj_d2_60z_4_cycle4
63/63 - 54s - loss: 9.5451e-07 - mean_squared_error: 1.3705e-06 - val_loss: 6.0402e-09 - val_mean_squared_error: 6.0402e-09 - 54s/epoch - 860ms/step
Epoch 21/25

Epoch 00021: mean_squared_error improved from 0.00000 to 0.00000, saving model to /gpfswork/rech/ynx/uds36vp/repos/wf-SEDs/HD_projected_optimisation/wf-outputs/chkp/8_bins/chkp_callback_poly_5_cycles_256_proj_d2_60z_4_cycle4
63/63 - 54s - loss: 9.5447e-07 - mean_squared_error: 1.3704e-06 - val_loss: 5.9310e-09 - val_mean_squared_error: 5.9310e-09 - 54s/epoch - 856ms/step
Epoch 22/25

Epoch 00022: mean_squared_error did not improve from 0.00000
63/63 - 54s - loss: 9.5457e-07 - mean_squared_error: 1.3705e-06 - val_loss: 6.3426e-09 - val_mean_squared_error: 6.3426e-09 - 54s/epoch - 858ms/step
Epoch 23/25

Epoch 00023: mean_squared_error did not improve from 0.00000
63/63 - 54s - loss: 9.5466e-07 - mean_squared_error: 1.3704e-06 - val_loss: 6.5402e-09 - val_mean_squared_error: 6.5402e-09 - 54s/epoch - 860ms/step
Epoch 24/25

Epoch 00024: mean_squared_error did not improve from 0.00000
63/63 - 54s - loss: 9.5566e-07 - mean_squared_error: 1.3712e-06 - val_loss: 6.0919e-09 - val_mean_squared_error: 6.0919e-09 - 54s/epoch - 861ms/step
Epoch 25/25

Epoch 00025: mean_squared_error did not improve from 0.00000
63/63 - 54s - loss: 9.5450e-07 - mean_squared_error: 1.3704e-06 - val_loss: 6.0084e-09 - val_mean_squared_error: 6.0084e-09 - 54s/epoch - 861ms/step
Cycle4 elapsed time: 1635.0676991939545
Project non-param DD features onto param model: done!
Starting cycle 5..
Starting parametric update..
Epoch 1/15

Epoch 00001: mean_squared_error improved from inf to 0.00000, saving model to /gpfswork/rech/ynx/uds36vp/repos/wf-SEDs/HD_projected_optimisation/wf-outputs/chkp/8_bins/chkp_callback_poly_5_cycles_256_proj_d2_60z_4_cycle5
63/63 - 61s - loss: 9.5845e-07 - mean_squared_error: 1.3738e-06 - val_loss: 1.2180e-08 - val_mean_squared_error: 1.2180e-08 - 61s/epoch - 962ms/step
Epoch 2/15

Epoch 00002: mean_squared_error did not improve from 0.00000
63/63 - 58s - loss: 9.6683e-07 - mean_squared_error: 1.3808e-06 - val_loss: 2.6780e-08 - val_mean_squared_error: 2.6780e-08 - 58s/epoch - 915ms/step
Epoch 3/15

Epoch 00003: mean_squared_error did not improve from 0.00000
63/63 - 58s - loss: 1.0837e-06 - mean_squared_error: 1.4730e-06 - val_loss: 3.6157e-08 - val_mean_squared_error: 3.6157e-08 - 58s/epoch - 915ms/step
Epoch 4/15

Epoch 00004: mean_squared_error did not improve from 0.00000
63/63 - 57s - loss: 9.7413e-07 - mean_squared_error: 1.3871e-06 - val_loss: 2.5640e-08 - val_mean_squared_error: 2.5640e-08 - 57s/epoch - 908ms/step
Epoch 5/15

Epoch 00005: mean_squared_error did not improve from 0.00000
63/63 - 57s - loss: 9.7838e-07 - mean_squared_error: 1.3892e-06 - val_loss: 1.9209e-08 - val_mean_squared_error: 1.9209e-08 - 57s/epoch - 897ms/step
Epoch 6/15

Epoch 00006: mean_squared_error did not improve from 0.00000
63/63 - 57s - loss: 9.9062e-07 - mean_squared_error: 1.3988e-06 - val_loss: 3.9560e-08 - val_mean_squared_error: 3.9560e-08 - 57s/epoch - 900ms/step
Epoch 7/15

Epoch 00007: mean_squared_error did not improve from 0.00000
63/63 - 57s - loss: 1.0677e-06 - mean_squared_error: 1.4614e-06 - val_loss: 2.2973e-07 - val_mean_squared_error: 2.2973e-07 - 57s/epoch - 912ms/step
Epoch 8/15

Epoch 00008: mean_squared_error did not improve from 0.00000
63/63 - 57s - loss: 1.1943e-06 - mean_squared_error: 1.5629e-06 - val_loss: 1.4517e-07 - val_mean_squared_error: 1.4517e-07 - 57s/epoch - 905ms/step
Epoch 9/15

Epoch 00009: mean_squared_error did not improve from 0.00000
63/63 - 57s - loss: 1.1572e-06 - mean_squared_error: 1.5230e-06 - val_loss: 1.8417e-07 - val_mean_squared_error: 1.8417e-07 - 57s/epoch - 907ms/step
Epoch 10/15

Epoch 00010: mean_squared_error did not improve from 0.00000
63/63 - 57s - loss: 1.1308e-06 - mean_squared_error: 1.5071e-06 - val_loss: 1.6267e-07 - val_mean_squared_error: 1.6267e-07 - 57s/epoch - 910ms/step
Epoch 11/15

Epoch 00011: mean_squared_error did not improve from 0.00000
63/63 - 58s - loss: 1.1807e-06 - mean_squared_error: 1.5414e-06 - val_loss: 1.2073e-07 - val_mean_squared_error: 1.2073e-07 - 58s/epoch - 916ms/step
Epoch 12/15

Epoch 00012: mean_squared_error did not improve from 0.00000
63/63 - 57s - loss: 1.1684e-06 - mean_squared_error: 1.5403e-06 - val_loss: 1.0372e-07 - val_mean_squared_error: 1.0372e-07 - 57s/epoch - 912ms/step
Epoch 13/15

Epoch 00013: mean_squared_error did not improve from 0.00000
63/63 - 58s - loss: 9.9245e-07 - mean_squared_error: 1.4025e-06 - val_loss: 1.7693e-08 - val_mean_squared_error: 1.7693e-08 - 58s/epoch - 917ms/step
Epoch 14/15

Epoch 00014: mean_squared_error did not improve from 0.00000
63/63 - 56s - loss: 1.0049e-06 - mean_squared_error: 1.4103e-06 - val_loss: 1.4083e-07 - val_mean_squared_error: 1.4083e-07 - 56s/epoch - 893ms/step
Epoch 15/15

Epoch 00015: mean_squared_error did not improve from 0.00000
63/63 - 55s - loss: 1.1289e-06 - mean_squared_error: 1.5118e-06 - val_loss: 1.3638e-07 - val_mean_squared_error: 1.3638e-07 - 55s/epoch - 871ms/step
Starting non-parametric update..
Epoch 1/50

Epoch 00001: mean_squared_error did not improve from 0.00000
63/63 - 55s - loss: 1.0107e-06 - mean_squared_error: 1.4193e-06 - val_loss: 2.2272e-08 - val_mean_squared_error: 2.2272e-08 - 55s/epoch - 867ms/step
Epoch 2/50

Epoch 00002: mean_squared_error did not improve from 0.00000
63/63 - 52s - loss: 9.6664e-07 - mean_squared_error: 1.3811e-06 - val_loss: 1.3676e-08 - val_mean_squared_error: 1.3676e-08 - 52s/epoch - 823ms/step
Epoch 3/50

Epoch 00003: mean_squared_error did not improve from 0.00000
63/63 - 52s - loss: 9.6078e-07 - mean_squared_error: 1.3760e-06 - val_loss: 1.0519e-08 - val_mean_squared_error: 1.0519e-08 - 52s/epoch - 821ms/step
Epoch 4/50

Epoch 00004: mean_squared_error did not improve from 0.00000
63/63 - 52s - loss: 9.5827e-07 - mean_squared_error: 1.3738e-06 - val_loss: 8.9136e-09 - val_mean_squared_error: 8.9136e-09 - 52s/epoch - 823ms/step
Epoch 5/50

Epoch 00005: mean_squared_error improved from 0.00000 to 0.00000, saving model to /gpfswork/rech/ynx/uds36vp/repos/wf-SEDs/HD_projected_optimisation/wf-outputs/chkp/8_bins/chkp_callback_poly_5_cycles_256_proj_d2_60z_4_cycle5
63/63 - 53s - loss: 9.5698e-07 - mean_squared_error: 1.3726e-06 - val_loss: 8.1018e-09 - val_mean_squared_error: 8.1018e-09 - 53s/epoch - 840ms/step
Epoch 6/50

Epoch 00006: mean_squared_error improved from 0.00000 to 0.00000, saving model to /gpfswork/rech/ynx/uds36vp/repos/wf-SEDs/HD_projected_optimisation/wf-outputs/chkp/8_bins/chkp_callback_poly_5_cycles_256_proj_d2_60z_4_cycle5
63/63 - 54s - loss: 9.5617e-07 - mean_squared_error: 1.3719e-06 - val_loss: 7.4100e-09 - val_mean_squared_error: 7.4100e-09 - 54s/epoch - 864ms/step
Epoch 7/50

Epoch 00007: mean_squared_error improved from 0.00000 to 0.00000, saving model to /gpfswork/rech/ynx/uds36vp/repos/wf-SEDs/HD_projected_optimisation/wf-outputs/chkp/8_bins/chkp_callback_poly_5_cycles_256_proj_d2_60z_4_cycle5
63/63 - 54s - loss: 9.5564e-07 - mean_squared_error: 1.3715e-06 - val_loss: 7.0378e-09 - val_mean_squared_error: 7.0378e-09 - 54s/epoch - 865ms/step
Epoch 8/50

Epoch 00008: mean_squared_error improved from 0.00000 to 0.00000, saving model to /gpfswork/rech/ynx/uds36vp/repos/wf-SEDs/HD_projected_optimisation/wf-outputs/chkp/8_bins/chkp_callback_poly_5_cycles_256_proj_d2_60z_4_cycle5
63/63 - 54s - loss: 9.5532e-07 - mean_squared_error: 1.3712e-06 - val_loss: 6.8224e-09 - val_mean_squared_error: 6.8224e-09 - 54s/epoch - 864ms/step
Epoch 9/50

Epoch 00009: mean_squared_error improved from 0.00000 to 0.00000, saving model to /gpfswork/rech/ynx/uds36vp/repos/wf-SEDs/HD_projected_optimisation/wf-outputs/chkp/8_bins/chkp_callback_poly_5_cycles_256_proj_d2_60z_4_cycle5
63/63 - 55s - loss: 9.5497e-07 - mean_squared_error: 1.3709e-06 - val_loss: 6.4636e-09 - val_mean_squared_error: 6.4636e-09 - 55s/epoch - 866ms/step
Epoch 10/50

Epoch 00010: mean_squared_error improved from 0.00000 to 0.00000, saving model to /gpfswork/rech/ynx/uds36vp/repos/wf-SEDs/HD_projected_optimisation/wf-outputs/chkp/8_bins/chkp_callback_poly_5_cycles_256_proj_d2_60z_4_cycle5
63/63 - 55s - loss: 9.5482e-07 - mean_squared_error: 1.3708e-06 - val_loss: 6.4198e-09 - val_mean_squared_error: 6.4198e-09 - 55s/epoch - 868ms/step
Epoch 11/50

Epoch 00011: mean_squared_error improved from 0.00000 to 0.00000, saving model to /gpfswork/rech/ynx/uds36vp/repos/wf-SEDs/HD_projected_optimisation/wf-outputs/chkp/8_bins/chkp_callback_poly_5_cycles_256_proj_d2_60z_4_cycle5
63/63 - 55s - loss: 9.5462e-07 - mean_squared_error: 1.3705e-06 - val_loss: 6.6622e-09 - val_mean_squared_error: 6.6622e-09 - 55s/epoch - 871ms/step
Epoch 12/50

Epoch 00012: mean_squared_error did not improve from 0.00000
63/63 - 55s - loss: 9.5458e-07 - mean_squared_error: 1.3705e-06 - val_loss: 6.2734e-09 - val_mean_squared_error: 6.2734e-09 - 55s/epoch - 868ms/step
Epoch 13/50

Epoch 00013: mean_squared_error improved from 0.00000 to 0.00000, saving model to /gpfswork/rech/ynx/uds36vp/repos/wf-SEDs/HD_projected_optimisation/wf-outputs/chkp/8_bins/chkp_callback_poly_5_cycles_256_proj_d2_60z_4_cycle5
63/63 - 55s - loss: 9.5447e-07 - mean_squared_error: 1.3704e-06 - val_loss: 6.1804e-09 - val_mean_squared_error: 6.1804e-09 - 55s/epoch - 870ms/step
Epoch 14/50

Epoch 00014: mean_squared_error improved from 0.00000 to 0.00000, saving model to /gpfswork/rech/ynx/uds36vp/repos/wf-SEDs/HD_projected_optimisation/wf-outputs/chkp/8_bins/chkp_callback_poly_5_cycles_256_proj_d2_60z_4_cycle5
63/63 - 55s - loss: 9.5434e-07 - mean_squared_error: 1.3703e-06 - val_loss: 6.1111e-09 - val_mean_squared_error: 6.1111e-09 - 55s/epoch - 873ms/step
Epoch 15/50

Epoch 00015: mean_squared_error improved from 0.00000 to 0.00000, saving model to /gpfswork/rech/ynx/uds36vp/repos/wf-SEDs/HD_projected_optimisation/wf-outputs/chkp/8_bins/chkp_callback_poly_5_cycles_256_proj_d2_60z_4_cycle5
63/63 - 54s - loss: 9.5428e-07 - mean_squared_error: 1.3703e-06 - val_loss: 6.0535e-09 - val_mean_squared_error: 6.0535e-09 - 54s/epoch - 850ms/step
Epoch 16/50

Epoch 00016: mean_squared_error did not improve from 0.00000
63/63 - 54s - loss: 9.5435e-07 - mean_squared_error: 1.3703e-06 - val_loss: 5.9394e-09 - val_mean_squared_error: 5.9394e-09 - 54s/epoch - 855ms/step
Epoch 17/50

Epoch 00017: mean_squared_error improved from 0.00000 to 0.00000, saving model to /gpfswork/rech/ynx/uds36vp/repos/wf-SEDs/HD_projected_optimisation/wf-outputs/chkp/8_bins/chkp_callback_poly_5_cycles_256_proj_d2_60z_4_cycle5
63/63 - 54s - loss: 9.5420e-07 - mean_squared_error: 1.3701e-06 - val_loss: 5.7874e-09 - val_mean_squared_error: 5.7874e-09 - 54s/epoch - 858ms/step
Epoch 18/50

Epoch 00018: mean_squared_error did not improve from 0.00000
63/63 - 55s - loss: 9.5428e-07 - mean_squared_error: 1.3702e-06 - val_loss: 5.6599e-09 - val_mean_squared_error: 5.6599e-09 - 55s/epoch - 868ms/step
Epoch 19/50

Epoch 00019: mean_squared_error improved from 0.00000 to 0.00000, saving model to /gpfswork/rech/ynx/uds36vp/repos/wf-SEDs/HD_projected_optimisation/wf-outputs/chkp/8_bins/chkp_callback_poly_5_cycles_256_proj_d2_60z_4_cycle5
63/63 - 54s - loss: 9.5411e-07 - mean_squared_error: 1.3701e-06 - val_loss: 5.7508e-09 - val_mean_squared_error: 5.7508e-09 - 54s/epoch - 855ms/step
Epoch 20/50

Epoch 00020: mean_squared_error improved from 0.00000 to 0.00000, saving model to /gpfswork/rech/ynx/uds36vp/repos/wf-SEDs/HD_projected_optimisation/wf-outputs/chkp/8_bins/chkp_callback_poly_5_cycles_256_proj_d2_60z_4_cycle5
63/63 - 54s - loss: 9.5394e-07 - mean_squared_error: 1.3699e-06 - val_loss: 5.8236e-09 - val_mean_squared_error: 5.8236e-09 - 54s/epoch - 862ms/step
Epoch 21/50

Epoch 00021: mean_squared_error did not improve from 0.00000
63/63 - 55s - loss: 9.5397e-07 - mean_squared_error: 1.3699e-06 - val_loss: 5.7091e-09 - val_mean_squared_error: 5.7091e-09 - 55s/epoch - 865ms/step
Epoch 22/50

Epoch 00022: mean_squared_error did not improve from 0.00000
63/63 - 55s - loss: 9.5402e-07 - mean_squared_error: 1.3700e-06 - val_loss: 5.5231e-09 - val_mean_squared_error: 5.5231e-09 - 55s/epoch - 866ms/step
Epoch 23/50

Epoch 00023: mean_squared_error did not improve from 0.00000
63/63 - 55s - loss: 9.5390e-07 - mean_squared_error: 1.3699e-06 - val_loss: 5.5554e-09 - val_mean_squared_error: 5.5554e-09 - 55s/epoch - 867ms/step
Epoch 24/50

Epoch 00024: mean_squared_error improved from 0.00000 to 0.00000, saving model to /gpfswork/rech/ynx/uds36vp/repos/wf-SEDs/HD_projected_optimisation/wf-outputs/chkp/8_bins/chkp_callback_poly_5_cycles_256_proj_d2_60z_4_cycle5
63/63 - 55s - loss: 9.5375e-07 - mean_squared_error: 1.3698e-06 - val_loss: 5.3696e-09 - val_mean_squared_error: 5.3696e-09 - 55s/epoch - 870ms/step
Epoch 25/50

Epoch 00025: mean_squared_error improved from 0.00000 to 0.00000, saving model to /gpfswork/rech/ynx/uds36vp/repos/wf-SEDs/HD_projected_optimisation/wf-outputs/chkp/8_bins/chkp_callback_poly_5_cycles_256_proj_d2_60z_4_cycle5
63/63 - 54s - loss: 9.5376e-07 - mean_squared_error: 1.3697e-06 - val_loss: 5.5265e-09 - val_mean_squared_error: 5.5265e-09 - 54s/epoch - 850ms/step
Epoch 26/50

Epoch 00026: mean_squared_error did not improve from 0.00000
63/63 - 54s - loss: 9.5389e-07 - mean_squared_error: 1.3699e-06 - val_loss: 5.3960e-09 - val_mean_squared_error: 5.3960e-09 - 54s/epoch - 856ms/step
Epoch 27/50

Epoch 00027: mean_squared_error improved from 0.00000 to 0.00000, saving model to /gpfswork/rech/ynx/uds36vp/repos/wf-SEDs/HD_projected_optimisation/wf-outputs/chkp/8_bins/chkp_callback_poly_5_cycles_256_proj_d2_60z_4_cycle5
63/63 - 54s - loss: 9.5371e-07 - mean_squared_error: 1.3697e-06 - val_loss: 5.3877e-09 - val_mean_squared_error: 5.3877e-09 - 54s/epoch - 857ms/step
Epoch 28/50

Epoch 00028: mean_squared_error did not improve from 0.00000
63/63 - 54s - loss: 9.5367e-07 - mean_squared_error: 1.3697e-06 - val_loss: 5.8078e-09 - val_mean_squared_error: 5.8078e-09 - 54s/epoch - 862ms/step
Epoch 29/50

Epoch 00029: mean_squared_error did not improve from 0.00000
63/63 - 55s - loss: 9.5372e-07 - mean_squared_error: 1.3697e-06 - val_loss: 5.2868e-09 - val_mean_squared_error: 5.2868e-09 - 55s/epoch - 868ms/step
Epoch 30/50

Epoch 00030: mean_squared_error improved from 0.00000 to 0.00000, saving model to /gpfswork/rech/ynx/uds36vp/repos/wf-SEDs/HD_projected_optimisation/wf-outputs/chkp/8_bins/chkp_callback_poly_5_cycles_256_proj_d2_60z_4_cycle5
63/63 - 54s - loss: 9.5360e-07 - mean_squared_error: 1.3696e-06 - val_loss: 5.6752e-09 - val_mean_squared_error: 5.6752e-09 - 54s/epoch - 861ms/step
Epoch 31/50

Epoch 00031: mean_squared_error did not improve from 0.00000
63/63 - 55s - loss: 9.5363e-07 - mean_squared_error: 1.3697e-06 - val_loss: 5.2766e-09 - val_mean_squared_error: 5.2766e-09 - 55s/epoch - 866ms/step
Epoch 32/50

Epoch 00032: mean_squared_error did not improve from 0.00000
63/63 - 55s - loss: 9.5387e-07 - mean_squared_error: 1.3698e-06 - val_loss: 5.8278e-09 - val_mean_squared_error: 5.8278e-09 - 55s/epoch - 875ms/step
Epoch 33/50

Epoch 00033: mean_squared_error did not improve from 0.00000
63/63 - 55s - loss: 9.5357e-07 - mean_squared_error: 1.3696e-06 - val_loss: 5.3828e-09 - val_mean_squared_error: 5.3828e-09 - 55s/epoch - 873ms/step
Epoch 34/50

Epoch 00034: mean_squared_error improved from 0.00000 to 0.00000, saving model to /gpfswork/rech/ynx/uds36vp/repos/wf-SEDs/HD_projected_optimisation/wf-outputs/chkp/8_bins/chkp_callback_poly_5_cycles_256_proj_d2_60z_4_cycle5
63/63 - 55s - loss: 9.5335e-07 - mean_squared_error: 1.3694e-06 - val_loss: 5.4036e-09 - val_mean_squared_error: 5.4036e-09 - 55s/epoch - 866ms/step
Epoch 35/50

Epoch 00035: mean_squared_error did not improve from 0.00000
63/63 - 55s - loss: 9.5381e-07 - mean_squared_error: 1.3697e-06 - val_loss: 5.4737e-09 - val_mean_squared_error: 5.4737e-09 - 55s/epoch - 866ms/step
Epoch 36/50

Epoch 00036: mean_squared_error did not improve from 0.00000
63/63 - 53s - loss: 9.5338e-07 - mean_squared_error: 1.3695e-06 - val_loss: 5.3789e-09 - val_mean_squared_error: 5.3789e-09 - 53s/epoch - 849ms/step
Epoch 37/50

Epoch 00037: mean_squared_error did not improve from 0.00000
63/63 - 53s - loss: 9.5340e-07 - mean_squared_error: 1.3694e-06 - val_loss: 5.1891e-09 - val_mean_squared_error: 5.1891e-09 - 53s/epoch - 838ms/step
Epoch 38/50

Epoch 00038: mean_squared_error did not improve from 0.00000
63/63 - 52s - loss: 9.5339e-07 - mean_squared_error: 1.3694e-06 - val_loss: 5.3094e-09 - val_mean_squared_error: 5.3094e-09 - 52s/epoch - 823ms/step
Epoch 39/50

Epoch 00039: mean_squared_error did not improve from 0.00000
63/63 - 52s - loss: 9.5351e-07 - mean_squared_error: 1.3695e-06 - val_loss: 5.1951e-09 - val_mean_squared_error: 5.1951e-09 - 52s/epoch - 823ms/step
Epoch 40/50

Epoch 00040: mean_squared_error improved from 0.00000 to 0.00000, saving model to /gpfswork/rech/ynx/uds36vp/repos/wf-SEDs/HD_projected_optimisation/wf-outputs/chkp/8_bins/chkp_callback_poly_5_cycles_256_proj_d2_60z_4_cycle5
63/63 - 52s - loss: 9.5331e-07 - mean_squared_error: 1.3693e-06 - val_loss: 5.2697e-09 - val_mean_squared_error: 5.2697e-09 - 52s/epoch - 827ms/step
Epoch 41/50

Epoch 00041: mean_squared_error did not improve from 0.00000
63/63 - 52s - loss: 9.5346e-07 - mean_squared_error: 1.3695e-06 - val_loss: 5.4302e-09 - val_mean_squared_error: 5.4302e-09 - 52s/epoch - 825ms/step
Epoch 42/50

Epoch 00042: mean_squared_error improved from 0.00000 to 0.00000, saving model to /gpfswork/rech/ynx/uds36vp/repos/wf-SEDs/HD_projected_optimisation/wf-outputs/chkp/8_bins/chkp_callback_poly_5_cycles_256_proj_d2_60z_4_cycle5
63/63 - 52s - loss: 9.5328e-07 - mean_squared_error: 1.3693e-06 - val_loss: 5.3075e-09 - val_mean_squared_error: 5.3075e-09 - 52s/epoch - 825ms/step
Epoch 43/50

Epoch 00043: mean_squared_error improved from 0.00000 to 0.00000, saving model to /gpfswork/rech/ynx/uds36vp/repos/wf-SEDs/HD_projected_optimisation/wf-outputs/chkp/8_bins/chkp_callback_poly_5_cycles_256_proj_d2_60z_4_cycle5
63/63 - 52s - loss: 9.5331e-07 - mean_squared_error: 1.3693e-06 - val_loss: 5.9157e-09 - val_mean_squared_error: 5.9157e-09 - 52s/epoch - 823ms/step
Epoch 44/50

Epoch 00044: mean_squared_error did not improve from 0.00000
63/63 - 52s - loss: 9.5356e-07 - mean_squared_error: 1.3694e-06 - val_loss: 5.2403e-09 - val_mean_squared_error: 5.2403e-09 - 52s/epoch - 823ms/step
Epoch 45/50

Epoch 00045: mean_squared_error improved from 0.00000 to 0.00000, saving model to /gpfswork/rech/ynx/uds36vp/repos/wf-SEDs/HD_projected_optimisation/wf-outputs/chkp/8_bins/chkp_callback_poly_5_cycles_256_proj_d2_60z_4_cycle5
63/63 - 52s - loss: 9.5310e-07 - mean_squared_error: 1.3692e-06 - val_loss: 5.3216e-09 - val_mean_squared_error: 5.3216e-09 - 52s/epoch - 825ms/step
Epoch 46/50

Epoch 00046: mean_squared_error did not improve from 0.00000
63/63 - 52s - loss: 9.5328e-07 - mean_squared_error: 1.3692e-06 - val_loss: 5.7025e-09 - val_mean_squared_error: 5.7025e-09 - 52s/epoch - 824ms/step
Epoch 47/50

Epoch 00047: mean_squared_error improved from 0.00000 to 0.00000, saving model to /gpfswork/rech/ynx/uds36vp/repos/wf-SEDs/HD_projected_optimisation/wf-outputs/chkp/8_bins/chkp_callback_poly_5_cycles_256_proj_d2_60z_4_cycle5
63/63 - 52s - loss: 9.5307e-07 - mean_squared_error: 1.3691e-06 - val_loss: 5.0084e-09 - val_mean_squared_error: 5.0084e-09 - 52s/epoch - 828ms/step
Epoch 48/50

Epoch 00048: mean_squared_error improved from 0.00000 to 0.00000, saving model to /gpfswork/rech/ynx/uds36vp/repos/wf-SEDs/HD_projected_optimisation/wf-outputs/chkp/8_bins/chkp_callback_poly_5_cycles_256_proj_d2_60z_4_cycle5
63/63 - 52s - loss: 9.5289e-07 - mean_squared_error: 1.3690e-06 - val_loss: 5.2513e-09 - val_mean_squared_error: 5.2513e-09 - 52s/epoch - 825ms/step
Epoch 49/50

Epoch 00049: mean_squared_error did not improve from 0.00000
63/63 - 52s - loss: 9.5300e-07 - mean_squared_error: 1.3691e-06 - val_loss: 5.1845e-09 - val_mean_squared_error: 5.1845e-09 - 52s/epoch - 823ms/step
Epoch 50/50

Epoch 00050: mean_squared_error did not improve from 0.00000
63/63 - 52s - loss: 9.5340e-07 - mean_squared_error: 1.3693e-06 - val_loss: 5.3311e-09 - val_mean_squared_error: 5.3311e-09 - 52s/epoch - 824ms/step
Cycle5 elapsed time: 3542.6133482456207

Total elapsed time: 10406.486660

 Good bye..
