Starting the log file.
Found GPU at: /device:GPU:0
tf_version: 2.7.0
Zernike cube:
(45, 256, 256)
Dataset parameters:
{'d_max': 2, 'max_order': 45, 'x_lims': [0, 1000.0], 'y_lims': [0, 1000.0], 'grid_points': [4, 4], 'n_bins': 350, 'max_wfe_rms': 0.1, 'oversampling_rate': 3.0, 'output_Q': 3.0, 'output_dim': 32, 'LP_filter_length': 2, 'pupil_diameter': 256, 'euclid_obsc': True, 'n_stars': 2000}
Starting cycle 1..
Starting parametric update..
Epoch 1/4

Epoch 00001: mean_squared_error improved from inf to 0.00000, saving model to /gpfswork/rech/ynx/uds36vp/repos/wf-SEDs/HD_projected_optimisation/wf-outputs/chkp/8_bins/chkp_callback_poly_9_cycles_256_proj_d2_45z_0_cycle1
63/63 - 62s - loss: 4.0028e-06 - mean_squared_error: 3.9733e-06 - val_loss: 7.1653e-07 - val_mean_squared_error: 7.1653e-07 - 62s/epoch - 984ms/step
Epoch 2/4

Epoch 00002: mean_squared_error improved from 0.00000 to 0.00000, saving model to /gpfswork/rech/ynx/uds36vp/repos/wf-SEDs/HD_projected_optimisation/wf-outputs/chkp/8_bins/chkp_callback_poly_9_cycles_256_proj_d2_45z_0_cycle1
63/63 - 57s - loss: 1.5195e-06 - mean_squared_error: 1.8400e-06 - val_loss: 3.6765e-07 - val_mean_squared_error: 3.6765e-07 - 57s/epoch - 906ms/step
Epoch 3/4

Epoch 00003: mean_squared_error improved from 0.00000 to 0.00000, saving model to /gpfswork/rech/ynx/uds36vp/repos/wf-SEDs/HD_projected_optimisation/wf-outputs/chkp/8_bins/chkp_callback_poly_9_cycles_256_proj_d2_45z_0_cycle1
63/63 - 57s - loss: 1.3124e-06 - mean_squared_error: 1.6711e-06 - val_loss: 2.6419e-07 - val_mean_squared_error: 2.6419e-07 - 57s/epoch - 906ms/step
Epoch 4/4

Epoch 00004: mean_squared_error improved from 0.00000 to 0.00000, saving model to /gpfswork/rech/ynx/uds36vp/repos/wf-SEDs/HD_projected_optimisation/wf-outputs/chkp/8_bins/chkp_callback_poly_9_cycles_256_proj_d2_45z_0_cycle1
63/63 - 57s - loss: 1.2159e-06 - mean_squared_error: 1.5886e-06 - val_loss: 2.1571e-07 - val_mean_squared_error: 2.1571e-07 - 57s/epoch - 906ms/step
Starting non-parametric update..
Epoch 1/13

Epoch 00001: mean_squared_error improved from 0.00000 to 0.00000, saving model to /gpfswork/rech/ynx/uds36vp/repos/wf-SEDs/HD_projected_optimisation/wf-outputs/chkp/8_bins/chkp_callback_poly_9_cycles_256_proj_d2_45z_0_cycle1
63/63 - 60s - loss: 1.1790e-06 - mean_squared_error: 1.5583e-06 - val_loss: 1.9161e-07 - val_mean_squared_error: 1.9161e-07 - 60s/epoch - 958ms/step
Epoch 2/13

Epoch 00002: mean_squared_error improved from 0.00000 to 0.00000, saving model to /gpfswork/rech/ynx/uds36vp/repos/wf-SEDs/HD_projected_optimisation/wf-outputs/chkp/8_bins/chkp_callback_poly_9_cycles_256_proj_d2_45z_0_cycle1
63/63 - 57s - loss: 1.1586e-06 - mean_squared_error: 1.5435e-06 - val_loss: 1.8279e-07 - val_mean_squared_error: 1.8279e-07 - 57s/epoch - 909ms/step
Epoch 3/13

Epoch 00003: mean_squared_error improved from 0.00000 to 0.00000, saving model to /gpfswork/rech/ynx/uds36vp/repos/wf-SEDs/HD_projected_optimisation/wf-outputs/chkp/8_bins/chkp_callback_poly_9_cycles_256_proj_d2_45z_0_cycle1
63/63 - 57s - loss: 1.1486e-06 - mean_squared_error: 1.5359e-06 - val_loss: 1.7475e-07 - val_mean_squared_error: 1.7475e-07 - 57s/epoch - 907ms/step
Epoch 4/13

Epoch 00004: mean_squared_error improved from 0.00000 to 0.00000, saving model to /gpfswork/rech/ynx/uds36vp/repos/wf-SEDs/HD_projected_optimisation/wf-outputs/chkp/8_bins/chkp_callback_poly_9_cycles_256_proj_d2_45z_0_cycle1
63/63 - 58s - loss: 1.1388e-06 - mean_squared_error: 1.5284e-06 - val_loss: 1.6633e-07 - val_mean_squared_error: 1.6633e-07 - 58s/epoch - 913ms/step
Epoch 5/13

Epoch 00005: mean_squared_error improved from 0.00000 to 0.00000, saving model to /gpfswork/rech/ynx/uds36vp/repos/wf-SEDs/HD_projected_optimisation/wf-outputs/chkp/8_bins/chkp_callback_poly_9_cycles_256_proj_d2_45z_0_cycle1
63/63 - 57s - loss: 1.1289e-06 - mean_squared_error: 1.5204e-06 - val_loss: 1.5789e-07 - val_mean_squared_error: 1.5789e-07 - 57s/epoch - 906ms/step
Epoch 6/13

Epoch 00006: mean_squared_error improved from 0.00000 to 0.00000, saving model to /gpfswork/rech/ynx/uds36vp/repos/wf-SEDs/HD_projected_optimisation/wf-outputs/chkp/8_bins/chkp_callback_poly_9_cycles_256_proj_d2_45z_0_cycle1
63/63 - 57s - loss: 1.1190e-06 - mean_squared_error: 1.5126e-06 - val_loss: 1.4883e-07 - val_mean_squared_error: 1.4883e-07 - 57s/epoch - 910ms/step
Epoch 7/13

Epoch 00007: mean_squared_error improved from 0.00000 to 0.00000, saving model to /gpfswork/rech/ynx/uds36vp/repos/wf-SEDs/HD_projected_optimisation/wf-outputs/chkp/8_bins/chkp_callback_poly_9_cycles_256_proj_d2_45z_0_cycle1
63/63 - 58s - loss: 1.1088e-06 - mean_squared_error: 1.5041e-06 - val_loss: 1.4027e-07 - val_mean_squared_error: 1.4027e-07 - 58s/epoch - 914ms/step
Epoch 8/13

Epoch 00008: mean_squared_error improved from 0.00000 to 0.00000, saving model to /gpfswork/rech/ynx/uds36vp/repos/wf-SEDs/HD_projected_optimisation/wf-outputs/chkp/8_bins/chkp_callback_poly_9_cycles_256_proj_d2_45z_0_cycle1
63/63 - 57s - loss: 1.0989e-06 - mean_squared_error: 1.4961e-06 - val_loss: 1.3177e-07 - val_mean_squared_error: 1.3177e-07 - 57s/epoch - 909ms/step
Epoch 9/13

Epoch 00009: mean_squared_error improved from 0.00000 to 0.00000, saving model to /gpfswork/rech/ynx/uds36vp/repos/wf-SEDs/HD_projected_optimisation/wf-outputs/chkp/8_bins/chkp_callback_poly_9_cycles_256_proj_d2_45z_0_cycle1
63/63 - 58s - loss: 1.0896e-06 - mean_squared_error: 1.4884e-06 - val_loss: 1.2380e-07 - val_mean_squared_error: 1.2380e-07 - 58s/epoch - 916ms/step
Epoch 10/13

Epoch 00010: mean_squared_error improved from 0.00000 to 0.00000, saving model to /gpfswork/rech/ynx/uds36vp/repos/wf-SEDs/HD_projected_optimisation/wf-outputs/chkp/8_bins/chkp_callback_poly_9_cycles_256_proj_d2_45z_0_cycle1
63/63 - 57s - loss: 1.0807e-06 - mean_squared_error: 1.4813e-06 - val_loss: 1.1637e-07 - val_mean_squared_error: 1.1637e-07 - 57s/epoch - 906ms/step
Epoch 11/13

Epoch 00011: mean_squared_error improved from 0.00000 to 0.00000, saving model to /gpfswork/rech/ynx/uds36vp/repos/wf-SEDs/HD_projected_optimisation/wf-outputs/chkp/8_bins/chkp_callback_poly_9_cycles_256_proj_d2_45z_0_cycle1
63/63 - 57s - loss: 1.0725e-06 - mean_squared_error: 1.4743e-06 - val_loss: 1.0936e-07 - val_mean_squared_error: 1.0936e-07 - 57s/epoch - 912ms/step
Epoch 12/13

Epoch 00012: mean_squared_error improved from 0.00000 to 0.00000, saving model to /gpfswork/rech/ynx/uds36vp/repos/wf-SEDs/HD_projected_optimisation/wf-outputs/chkp/8_bins/chkp_callback_poly_9_cycles_256_proj_d2_45z_0_cycle1
63/63 - 57s - loss: 1.0649e-06 - mean_squared_error: 1.4679e-06 - val_loss: 1.0307e-07 - val_mean_squared_error: 1.0307e-07 - 57s/epoch - 909ms/step
Epoch 13/13

Epoch 00013: mean_squared_error improved from 0.00000 to 0.00000, saving model to /gpfswork/rech/ynx/uds36vp/repos/wf-SEDs/HD_projected_optimisation/wf-outputs/chkp/8_bins/chkp_callback_poly_9_cycles_256_proj_d2_45z_0_cycle1
63/63 - 58s - loss: 1.0583e-06 - mean_squared_error: 1.4623e-06 - val_loss: 9.7161e-08 - val_mean_squared_error: 9.7161e-08 - 58s/epoch - 914ms/step
Cycle1 elapsed time: 987.218982
Project non-param DD features onto param model: done!
Starting cycle 2..
Starting parametric update..
Epoch 1/4

Epoch 00001: mean_squared_error improved from inf to 0.00000, saving model to /gpfswork/rech/ynx/uds36vp/repos/wf-SEDs/HD_projected_optimisation/wf-outputs/chkp/8_bins/chkp_callback_poly_9_cycles_256_proj_d2_45z_0_cycle2
63/63 - 60s - loss: 1.0730e-06 - mean_squared_error: 1.4734e-06 - val_loss: 1.2771e-07 - val_mean_squared_error: 1.2771e-07 - 60s/epoch - 949ms/step
Epoch 2/4

Epoch 00002: mean_squared_error did not improve from 0.00000
63/63 - 57s - loss: 1.1772e-06 - mean_squared_error: 1.5570e-06 - val_loss: 2.1720e-07 - val_mean_squared_error: 2.1720e-07 - 57s/epoch - 913ms/step
Epoch 3/4

Epoch 00003: mean_squared_error did not improve from 0.00000
63/63 - 58s - loss: 1.1760e-06 - mean_squared_error: 1.5599e-06 - val_loss: 6.7659e-07 - val_mean_squared_error: 6.7659e-07 - 58s/epoch - 916ms/step
Epoch 4/4

Epoch 00004: mean_squared_error did not improve from 0.00000
63/63 - 58s - loss: 1.3681e-06 - mean_squared_error: 1.7143e-06 - val_loss: 1.3861e-07 - val_mean_squared_error: 1.3861e-07 - 58s/epoch - 914ms/step
Starting non-parametric update..
Epoch 1/13

Epoch 00001: mean_squared_error did not improve from 0.00000
63/63 - 60s - loss: 1.0862e-06 - mean_squared_error: 1.4816e-06 - val_loss: 1.0649e-07 - val_mean_squared_error: 1.0649e-07 - 60s/epoch - 958ms/step
Epoch 2/13

Epoch 00002: mean_squared_error improved from 0.00000 to 0.00000, saving model to /gpfswork/rech/ynx/uds36vp/repos/wf-SEDs/HD_projected_optimisation/wf-outputs/chkp/8_bins/chkp_callback_poly_9_cycles_256_proj_d2_45z_0_cycle2
63/63 - 58s - loss: 1.0625e-06 - mean_squared_error: 1.4634e-06 - val_loss: 9.6973e-08 - val_mean_squared_error: 9.6973e-08 - 58s/epoch - 919ms/step
Epoch 3/13

Epoch 00003: mean_squared_error improved from 0.00000 to 0.00000, saving model to /gpfswork/rech/ynx/uds36vp/repos/wf-SEDs/HD_projected_optimisation/wf-outputs/chkp/8_bins/chkp_callback_poly_9_cycles_256_proj_d2_45z_0_cycle2
63/63 - 58s - loss: 1.0535e-06 - mean_squared_error: 1.4565e-06 - val_loss: 9.1672e-08 - val_mean_squared_error: 9.1672e-08 - 58s/epoch - 916ms/step
Epoch 4/13

Epoch 00004: mean_squared_error improved from 0.00000 to 0.00000, saving model to /gpfswork/rech/ynx/uds36vp/repos/wf-SEDs/HD_projected_optimisation/wf-outputs/chkp/8_bins/chkp_callback_poly_9_cycles_256_proj_d2_45z_0_cycle2
63/63 - 58s - loss: 1.0475e-06 - mean_squared_error: 1.4517e-06 - val_loss: 8.7548e-08 - val_mean_squared_error: 8.7548e-08 - 58s/epoch - 915ms/step
Epoch 5/13

Epoch 00005: mean_squared_error improved from 0.00000 to 0.00000, saving model to /gpfswork/rech/ynx/uds36vp/repos/wf-SEDs/HD_projected_optimisation/wf-outputs/chkp/8_bins/chkp_callback_poly_9_cycles_256_proj_d2_45z_0_cycle2
63/63 - 58s - loss: 1.0426e-06 - mean_squared_error: 1.4478e-06 - val_loss: 8.3628e-08 - val_mean_squared_error: 8.3628e-08 - 58s/epoch - 915ms/step
Epoch 6/13

Epoch 00006: mean_squared_error improved from 0.00000 to 0.00000, saving model to /gpfswork/rech/ynx/uds36vp/repos/wf-SEDs/HD_projected_optimisation/wf-outputs/chkp/8_bins/chkp_callback_poly_9_cycles_256_proj_d2_45z_0_cycle2
63/63 - 58s - loss: 1.0386e-06 - mean_squared_error: 1.4444e-06 - val_loss: 8.0479e-08 - val_mean_squared_error: 8.0479e-08 - 58s/epoch - 917ms/step
Epoch 7/13

Epoch 00007: mean_squared_error improved from 0.00000 to 0.00000, saving model to /gpfswork/rech/ynx/uds36vp/repos/wf-SEDs/HD_projected_optimisation/wf-outputs/chkp/8_bins/chkp_callback_poly_9_cycles_256_proj_d2_45z_0_cycle2
63/63 - 58s - loss: 1.0345e-06 - mean_squared_error: 1.4410e-06 - val_loss: 7.7117e-08 - val_mean_squared_error: 7.7117e-08 - 58s/epoch - 919ms/step
Epoch 8/13

Epoch 00008: mean_squared_error improved from 0.00000 to 0.00000, saving model to /gpfswork/rech/ynx/uds36vp/repos/wf-SEDs/HD_projected_optimisation/wf-outputs/chkp/8_bins/chkp_callback_poly_9_cycles_256_proj_d2_45z_0_cycle2
63/63 - 58s - loss: 1.0308e-06 - mean_squared_error: 1.4379e-06 - val_loss: 7.4259e-08 - val_mean_squared_error: 7.4259e-08 - 58s/epoch - 923ms/step
Epoch 9/13

Epoch 00009: mean_squared_error improved from 0.00000 to 0.00000, saving model to /gpfswork/rech/ynx/uds36vp/repos/wf-SEDs/HD_projected_optimisation/wf-outputs/chkp/8_bins/chkp_callback_poly_9_cycles_256_proj_d2_45z_0_cycle2
63/63 - 58s - loss: 1.0274e-06 - mean_squared_error: 1.4351e-06 - val_loss: 7.1113e-08 - val_mean_squared_error: 7.1113e-08 - 58s/epoch - 924ms/step
Epoch 10/13

Epoch 00010: mean_squared_error improved from 0.00000 to 0.00000, saving model to /gpfswork/rech/ynx/uds36vp/repos/wf-SEDs/HD_projected_optimisation/wf-outputs/chkp/8_bins/chkp_callback_poly_9_cycles_256_proj_d2_45z_0_cycle2
63/63 - 58s - loss: 1.0242e-06 - mean_squared_error: 1.4325e-06 - val_loss: 6.8431e-08 - val_mean_squared_error: 6.8431e-08 - 58s/epoch - 919ms/step
Epoch 11/13

Epoch 00011: mean_squared_error improved from 0.00000 to 0.00000, saving model to /gpfswork/rech/ynx/uds36vp/repos/wf-SEDs/HD_projected_optimisation/wf-outputs/chkp/8_bins/chkp_callback_poly_9_cycles_256_proj_d2_45z_0_cycle2
63/63 - 58s - loss: 1.0210e-06 - mean_squared_error: 1.4297e-06 - val_loss: 6.5490e-08 - val_mean_squared_error: 6.5490e-08 - 58s/epoch - 913ms/step
Epoch 12/13

Epoch 00012: mean_squared_error improved from 0.00000 to 0.00000, saving model to /gpfswork/rech/ynx/uds36vp/repos/wf-SEDs/HD_projected_optimisation/wf-outputs/chkp/8_bins/chkp_callback_poly_9_cycles_256_proj_d2_45z_0_cycle2
63/63 - 57s - loss: 1.0180e-06 - mean_squared_error: 1.4272e-06 - val_loss: 6.3115e-08 - val_mean_squared_error: 6.3115e-08 - 57s/epoch - 912ms/step
Epoch 13/13

Epoch 00013: mean_squared_error improved from 0.00000 to 0.00000, saving model to /gpfswork/rech/ynx/uds36vp/repos/wf-SEDs/HD_projected_optimisation/wf-outputs/chkp/8_bins/chkp_callback_poly_9_cycles_256_proj_d2_45z_0_cycle2
63/63 - 58s - loss: 1.0151e-06 - mean_squared_error: 1.4246e-06 - val_loss: 6.0525e-08 - val_mean_squared_error: 6.0525e-08 - 58s/epoch - 915ms/step
Cycle2 elapsed time: 991.5516719818115
Project non-param DD features onto param model: done!
Starting cycle 3..
Starting parametric update..
Epoch 1/4

Epoch 00001: mean_squared_error improved from inf to 0.00000, saving model to /gpfswork/rech/ynx/uds36vp/repos/wf-SEDs/HD_projected_optimisation/wf-outputs/chkp/8_bins/chkp_callback_poly_9_cycles_256_proj_d2_45z_0_cycle3
63/63 - 59s - loss: 1.0307e-06 - mean_squared_error: 1.4370e-06 - val_loss: 1.5458e-07 - val_mean_squared_error: 1.5458e-07 - 59s/epoch - 940ms/step
Epoch 2/4

Epoch 00002: mean_squared_error did not improve from 0.00000
63/63 - 57s - loss: 1.0963e-06 - mean_squared_error: 1.4905e-06 - val_loss: 1.1791e-07 - val_mean_squared_error: 1.1791e-07 - 57s/epoch - 906ms/step
Epoch 3/4

Epoch 00003: mean_squared_error did not improve from 0.00000
63/63 - 57s - loss: 1.1013e-06 - mean_squared_error: 1.4953e-06 - val_loss: 1.2249e-07 - val_mean_squared_error: 1.2249e-07 - 57s/epoch - 905ms/step
Epoch 4/4

Epoch 00004: mean_squared_error did not improve from 0.00000
63/63 - 57s - loss: 1.0945e-06 - mean_squared_error: 1.4905e-06 - val_loss: 1.5468e-07 - val_mean_squared_error: 1.5468e-07 - 57s/epoch - 904ms/step
Starting non-parametric update..
Epoch 1/13

Epoch 00001: mean_squared_error did not improve from 0.00000
63/63 - 59s - loss: 1.0650e-06 - mean_squared_error: 1.4642e-06 - val_loss: 7.1429e-08 - val_mean_squared_error: 7.1429e-08 - 59s/epoch - 944ms/step
Epoch 2/13

Epoch 00002: mean_squared_error improved from 0.00000 to 0.00000, saving model to /gpfswork/rech/ynx/uds36vp/repos/wf-SEDs/HD_projected_optimisation/wf-outputs/chkp/8_bins/chkp_callback_poly_9_cycles_256_proj_d2_45z_0_cycle3
63/63 - 57s - loss: 1.0195e-06 - mean_squared_error: 1.4280e-06 - val_loss: 6.1882e-08 - val_mean_squared_error: 6.1882e-08 - 57s/epoch - 902ms/step
Epoch 3/13

Epoch 00003: mean_squared_error improved from 0.00000 to 0.00000, saving model to /gpfswork/rech/ynx/uds36vp/repos/wf-SEDs/HD_projected_optimisation/wf-outputs/chkp/8_bins/chkp_callback_poly_9_cycles_256_proj_d2_45z_0_cycle3
63/63 - 57s - loss: 1.0135e-06 - mean_squared_error: 1.4230e-06 - val_loss: 5.8877e-08 - val_mean_squared_error: 5.8877e-08 - 57s/epoch - 906ms/step
Epoch 4/13

Epoch 00004: mean_squared_error improved from 0.00000 to 0.00000, saving model to /gpfswork/rech/ynx/uds36vp/repos/wf-SEDs/HD_projected_optimisation/wf-outputs/chkp/8_bins/chkp_callback_poly_9_cycles_256_proj_d2_45z_0_cycle3
63/63 - 57s - loss: 1.0109e-06 - mean_squared_error: 1.4208e-06 - val_loss: 5.7228e-08 - val_mean_squared_error: 5.7228e-08 - 57s/epoch - 906ms/step
Epoch 5/13

Epoch 00005: mean_squared_error improved from 0.00000 to 0.00000, saving model to /gpfswork/rech/ynx/uds36vp/repos/wf-SEDs/HD_projected_optimisation/wf-outputs/chkp/8_bins/chkp_callback_poly_9_cycles_256_proj_d2_45z_0_cycle3
63/63 - 57s - loss: 1.0089e-06 - mean_squared_error: 1.4192e-06 - val_loss: 5.5443e-08 - val_mean_squared_error: 5.5443e-08 - 57s/epoch - 906ms/step
Epoch 6/13

Epoch 00006: mean_squared_error improved from 0.00000 to 0.00000, saving model to /gpfswork/rech/ynx/uds36vp/repos/wf-SEDs/HD_projected_optimisation/wf-outputs/chkp/8_bins/chkp_callback_poly_9_cycles_256_proj_d2_45z_0_cycle3
63/63 - 57s - loss: 1.0073e-06 - mean_squared_error: 1.4177e-06 - val_loss: 5.3931e-08 - val_mean_squared_error: 5.3931e-08 - 57s/epoch - 910ms/step
Epoch 7/13

Epoch 00007: mean_squared_error improved from 0.00000 to 0.00000, saving model to /gpfswork/rech/ynx/uds36vp/repos/wf-SEDs/HD_projected_optimisation/wf-outputs/chkp/8_bins/chkp_callback_poly_9_cycles_256_proj_d2_45z_0_cycle3
63/63 - 57s - loss: 1.0056e-06 - mean_squared_error: 1.4162e-06 - val_loss: 5.2553e-08 - val_mean_squared_error: 5.2553e-08 - 57s/epoch - 909ms/step
Epoch 8/13

Epoch 00008: mean_squared_error improved from 0.00000 to 0.00000, saving model to /gpfswork/rech/ynx/uds36vp/repos/wf-SEDs/HD_projected_optimisation/wf-outputs/chkp/8_bins/chkp_callback_poly_9_cycles_256_proj_d2_45z_0_cycle3
63/63 - 57s - loss: 1.0040e-06 - mean_squared_error: 1.4149e-06 - val_loss: 5.1097e-08 - val_mean_squared_error: 5.1097e-08 - 57s/epoch - 907ms/step
Epoch 9/13

Epoch 00009: mean_squared_error improved from 0.00000 to 0.00000, saving model to /gpfswork/rech/ynx/uds36vp/repos/wf-SEDs/HD_projected_optimisation/wf-outputs/chkp/8_bins/chkp_callback_poly_9_cycles_256_proj_d2_45z_0_cycle3
63/63 - 57s - loss: 1.0025e-06 - mean_squared_error: 1.4135e-06 - val_loss: 4.9479e-08 - val_mean_squared_error: 4.9479e-08 - 57s/epoch - 905ms/step
Epoch 10/13

Epoch 00010: mean_squared_error improved from 0.00000 to 0.00000, saving model to /gpfswork/rech/ynx/uds36vp/repos/wf-SEDs/HD_projected_optimisation/wf-outputs/chkp/8_bins/chkp_callback_poly_9_cycles_256_proj_d2_45z_0_cycle3
63/63 - 57s - loss: 1.0011e-06 - mean_squared_error: 1.4122e-06 - val_loss: 4.8585e-08 - val_mean_squared_error: 4.8585e-08 - 57s/epoch - 908ms/step
Epoch 11/13

Epoch 00011: mean_squared_error improved from 0.00000 to 0.00000, saving model to /gpfswork/rech/ynx/uds36vp/repos/wf-SEDs/HD_projected_optimisation/wf-outputs/chkp/8_bins/chkp_callback_poly_9_cycles_256_proj_d2_45z_0_cycle3
63/63 - 57s - loss: 9.9974e-07 - mean_squared_error: 1.4111e-06 - val_loss: 4.7596e-08 - val_mean_squared_error: 4.7596e-08 - 57s/epoch - 903ms/step
Epoch 12/13

Epoch 00012: mean_squared_error improved from 0.00000 to 0.00000, saving model to /gpfswork/rech/ynx/uds36vp/repos/wf-SEDs/HD_projected_optimisation/wf-outputs/chkp/8_bins/chkp_callback_poly_9_cycles_256_proj_d2_45z_0_cycle3
63/63 - 57s - loss: 9.9817e-07 - mean_squared_error: 1.4096e-06 - val_loss: 4.6054e-08 - val_mean_squared_error: 4.6054e-08 - 57s/epoch - 904ms/step
Epoch 13/13

Epoch 00013: mean_squared_error improved from 0.00000 to 0.00000, saving model to /gpfswork/rech/ynx/uds36vp/repos/wf-SEDs/HD_projected_optimisation/wf-outputs/chkp/8_bins/chkp_callback_poly_9_cycles_256_proj_d2_45z_0_cycle3
63/63 - 57s - loss: 9.9673e-07 - mean_squared_error: 1.4083e-06 - val_loss: 4.4352e-08 - val_mean_squared_error: 4.4352e-08 - 57s/epoch - 910ms/step
Cycle3 elapsed time: 980.270355463028
Project non-param DD features onto param model: done!
Starting cycle 4..
Starting parametric update..
Epoch 1/4

Epoch 00001: mean_squared_error improved from inf to 0.00000, saving model to /gpfswork/rech/ynx/uds36vp/repos/wf-SEDs/HD_projected_optimisation/wf-outputs/chkp/8_bins/chkp_callback_poly_9_cycles_256_proj_d2_45z_0_cycle4
63/63 - 59s - loss: 1.0259e-06 - mean_squared_error: 1.4312e-06 - val_loss: 7.6106e-08 - val_mean_squared_error: 7.6106e-08 - 59s/epoch - 940ms/step
Epoch 2/4

Epoch 00002: mean_squared_error did not improve from 0.00000
63/63 - 57s - loss: 1.0365e-06 - mean_squared_error: 1.4400e-06 - val_loss: 7.2328e-08 - val_mean_squared_error: 7.2328e-08 - 57s/epoch - 904ms/step
Epoch 3/4

Epoch 00003: mean_squared_error did not improve from 0.00000
63/63 - 57s - loss: 1.1067e-06 - mean_squared_error: 1.4969e-06 - val_loss: 1.8227e-07 - val_mean_squared_error: 1.8227e-07 - 57s/epoch - 904ms/step
Epoch 4/4

Epoch 00004: mean_squared_error did not improve from 0.00000
63/63 - 57s - loss: 1.1000e-06 - mean_squared_error: 1.4920e-06 - val_loss: 1.3218e-07 - val_mean_squared_error: 1.3218e-07 - 57s/epoch - 908ms/step
Starting non-parametric update..
Epoch 1/13

Epoch 00001: mean_squared_error did not improve from 0.00000
63/63 - 60s - loss: 1.0360e-06 - mean_squared_error: 1.4438e-06 - val_loss: 5.7751e-08 - val_mean_squared_error: 5.7751e-08 - 60s/epoch - 950ms/step
Epoch 2/13

Epoch 00002: mean_squared_error improved from 0.00000 to 0.00000, saving model to /gpfswork/rech/ynx/uds36vp/repos/wf-SEDs/HD_projected_optimisation/wf-outputs/chkp/8_bins/chkp_callback_poly_9_cycles_256_proj_d2_45z_0_cycle4
63/63 - 57s - loss: 1.0050e-06 - mean_squared_error: 1.4158e-06 - val_loss: 5.0659e-08 - val_mean_squared_error: 5.0659e-08 - 57s/epoch - 904ms/step
Epoch 3/13

Epoch 00003: mean_squared_error improved from 0.00000 to 0.00000, saving model to /gpfswork/rech/ynx/uds36vp/repos/wf-SEDs/HD_projected_optimisation/wf-outputs/chkp/8_bins/chkp_callback_poly_9_cycles_256_proj_d2_45z_0_cycle4
63/63 - 57s - loss: 9.9992e-07 - mean_squared_error: 1.4115e-06 - val_loss: 4.7234e-08 - val_mean_squared_error: 4.7234e-08 - 57s/epoch - 909ms/step
Epoch 4/13

Epoch 00004: mean_squared_error improved from 0.00000 to 0.00000, saving model to /gpfswork/rech/ynx/uds36vp/repos/wf-SEDs/HD_projected_optimisation/wf-outputs/chkp/8_bins/chkp_callback_poly_9_cycles_256_proj_d2_45z_0_cycle4
63/63 - 57s - loss: 9.9733e-07 - mean_squared_error: 1.4090e-06 - val_loss: 4.5152e-08 - val_mean_squared_error: 4.5152e-08 - 57s/epoch - 907ms/step
Epoch 5/13

Epoch 00005: mean_squared_error improved from 0.00000 to 0.00000, saving model to /gpfswork/rech/ynx/uds36vp/repos/wf-SEDs/HD_projected_optimisation/wf-outputs/chkp/8_bins/chkp_callback_poly_9_cycles_256_proj_d2_45z_0_cycle4
63/63 - 57s - loss: 9.9555e-07 - mean_squared_error: 1.4074e-06 - val_loss: 4.3499e-08 - val_mean_squared_error: 4.3499e-08 - 57s/epoch - 912ms/step
Epoch 6/13

Epoch 00006: mean_squared_error improved from 0.00000 to 0.00000, saving model to /gpfswork/rech/ynx/uds36vp/repos/wf-SEDs/HD_projected_optimisation/wf-outputs/chkp/8_bins/chkp_callback_poly_9_cycles_256_proj_d2_45z_0_cycle4
63/63 - 57s - loss: 9.9408e-07 - mean_squared_error: 1.4060e-06 - val_loss: 4.2218e-08 - val_mean_squared_error: 4.2218e-08 - 57s/epoch - 907ms/step
Epoch 7/13

Epoch 00007: mean_squared_error improved from 0.00000 to 0.00000, saving model to /gpfswork/rech/ynx/uds36vp/repos/wf-SEDs/HD_projected_optimisation/wf-outputs/chkp/8_bins/chkp_callback_poly_9_cycles_256_proj_d2_45z_0_cycle4
63/63 - 57s - loss: 9.9296e-07 - mean_squared_error: 1.4049e-06 - val_loss: 4.1181e-08 - val_mean_squared_error: 4.1181e-08 - 57s/epoch - 905ms/step
Epoch 8/13

Epoch 00008: mean_squared_error improved from 0.00000 to 0.00000, saving model to /gpfswork/rech/ynx/uds36vp/repos/wf-SEDs/HD_projected_optimisation/wf-outputs/chkp/8_bins/chkp_callback_poly_9_cycles_256_proj_d2_45z_0_cycle4
63/63 - 57s - loss: 9.9171e-07 - mean_squared_error: 1.4037e-06 - val_loss: 3.9906e-08 - val_mean_squared_error: 3.9906e-08 - 57s/epoch - 904ms/step
Epoch 9/13

Epoch 00009: mean_squared_error improved from 0.00000 to 0.00000, saving model to /gpfswork/rech/ynx/uds36vp/repos/wf-SEDs/HD_projected_optimisation/wf-outputs/chkp/8_bins/chkp_callback_poly_9_cycles_256_proj_d2_45z_0_cycle4
63/63 - 57s - loss: 9.9057e-07 - mean_squared_error: 1.4028e-06 - val_loss: 3.8830e-08 - val_mean_squared_error: 3.8830e-08 - 57s/epoch - 907ms/step
Epoch 10/13

Epoch 00010: mean_squared_error improved from 0.00000 to 0.00000, saving model to /gpfswork/rech/ynx/uds36vp/repos/wf-SEDs/HD_projected_optimisation/wf-outputs/chkp/8_bins/chkp_callback_poly_9_cycles_256_proj_d2_45z_0_cycle4
63/63 - 57s - loss: 9.8962e-07 - mean_squared_error: 1.4019e-06 - val_loss: 3.8166e-08 - val_mean_squared_error: 3.8166e-08 - 57s/epoch - 907ms/step
Epoch 11/13

Epoch 00011: mean_squared_error improved from 0.00000 to 0.00000, saving model to /gpfswork/rech/ynx/uds36vp/repos/wf-SEDs/HD_projected_optimisation/wf-outputs/chkp/8_bins/chkp_callback_poly_9_cycles_256_proj_d2_45z_0_cycle4
63/63 - 57s - loss: 9.8853e-07 - mean_squared_error: 1.4009e-06 - val_loss: 3.7064e-08 - val_mean_squared_error: 3.7064e-08 - 57s/epoch - 906ms/step
Epoch 12/13

Epoch 00012: mean_squared_error improved from 0.00000 to 0.00000, saving model to /gpfswork/rech/ynx/uds36vp/repos/wf-SEDs/HD_projected_optimisation/wf-outputs/chkp/8_bins/chkp_callback_poly_9_cycles_256_proj_d2_45z_0_cycle4
63/63 - 57s - loss: 9.8750e-07 - mean_squared_error: 1.4000e-06 - val_loss: 3.6260e-08 - val_mean_squared_error: 3.6260e-08 - 57s/epoch - 906ms/step
Epoch 13/13

Epoch 00013: mean_squared_error improved from 0.00000 to 0.00000, saving model to /gpfswork/rech/ynx/uds36vp/repos/wf-SEDs/HD_projected_optimisation/wf-outputs/chkp/8_bins/chkp_callback_poly_9_cycles_256_proj_d2_45z_0_cycle4
63/63 - 57s - loss: 9.8684e-07 - mean_squared_error: 1.3993e-06 - val_loss: 3.5653e-08 - val_mean_squared_error: 3.5653e-08 - 57s/epoch - 906ms/step
Cycle4 elapsed time: 981.0111281871796
Project non-param DD features onto param model: done!
Starting cycle 5..
Starting parametric update..
Epoch 1/4

Epoch 00001: mean_squared_error improved from inf to 0.00000, saving model to /gpfswork/rech/ynx/uds36vp/repos/wf-SEDs/HD_projected_optimisation/wf-outputs/chkp/8_bins/chkp_callback_poly_9_cycles_256_proj_d2_45z_0_cycle5
63/63 - 59s - loss: 9.9838e-07 - mean_squared_error: 1.4083e-06 - val_loss: 4.0397e-08 - val_mean_squared_error: 4.0397e-08 - 59s/epoch - 940ms/step
Epoch 2/4

Epoch 00002: mean_squared_error did not improve from 0.00000
63/63 - 57s - loss: 1.0552e-06 - mean_squared_error: 1.4535e-06 - val_loss: 1.4158e-07 - val_mean_squared_error: 1.4158e-07 - 57s/epoch - 905ms/step
Epoch 3/4

Epoch 00003: mean_squared_error did not improve from 0.00000
63/63 - 57s - loss: 1.0405e-06 - mean_squared_error: 1.4443e-06 - val_loss: 5.0709e-08 - val_mean_squared_error: 5.0709e-08 - 57s/epoch - 904ms/step
Epoch 4/4

Epoch 00004: mean_squared_error did not improve from 0.00000
63/63 - 57s - loss: 1.1066e-06 - mean_squared_error: 1.4969e-06 - val_loss: 2.0825e-07 - val_mean_squared_error: 2.0825e-07 - 57s/epoch - 902ms/step
Starting non-parametric update..
Epoch 1/13

Epoch 00001: mean_squared_error did not improve from 0.00000
63/63 - 59s - loss: 1.0913e-06 - mean_squared_error: 1.4720e-06 - val_loss: 5.3592e-08 - val_mean_squared_error: 5.3592e-08 - 59s/epoch - 938ms/step
Epoch 2/13

Epoch 00002: mean_squared_error did not improve from 0.00000
63/63 - 57s - loss: 1.0016e-06 - mean_squared_error: 1.4104e-06 - val_loss: 4.1554e-08 - val_mean_squared_error: 4.1554e-08 - 57s/epoch - 905ms/step
Epoch 3/13

Epoch 00003: mean_squared_error improved from 0.00000 to 0.00000, saving model to /gpfswork/rech/ynx/uds36vp/repos/wf-SEDs/HD_projected_optimisation/wf-outputs/chkp/8_bins/chkp_callback_poly_9_cycles_256_proj_d2_45z_0_cycle5
63/63 - 57s - loss: 9.9165e-07 - mean_squared_error: 1.4032e-06 - val_loss: 3.8008e-08 - val_mean_squared_error: 3.8008e-08 - 57s/epoch - 902ms/step
Epoch 4/13

Epoch 00004: mean_squared_error improved from 0.00000 to 0.00000, saving model to /gpfswork/rech/ynx/uds36vp/repos/wf-SEDs/HD_projected_optimisation/wf-outputs/chkp/8_bins/chkp_callback_poly_9_cycles_256_proj_d2_45z_0_cycle5
63/63 - 57s - loss: 9.8859e-07 - mean_squared_error: 1.4007e-06 - val_loss: 3.6357e-08 - val_mean_squared_error: 3.6357e-08 - 57s/epoch - 901ms/step
Epoch 5/13

Epoch 00005: mean_squared_error improved from 0.00000 to 0.00000, saving model to /gpfswork/rech/ynx/uds36vp/repos/wf-SEDs/HD_projected_optimisation/wf-outputs/chkp/8_bins/chkp_callback_poly_9_cycles_256_proj_d2_45z_0_cycle5
63/63 - 57s - loss: 9.8677e-07 - mean_squared_error: 1.3992e-06 - val_loss: 3.5009e-08 - val_mean_squared_error: 3.5009e-08 - 57s/epoch - 902ms/step
Epoch 6/13

Epoch 00006: mean_squared_error improved from 0.00000 to 0.00000, saving model to /gpfswork/rech/ynx/uds36vp/repos/wf-SEDs/HD_projected_optimisation/wf-outputs/chkp/8_bins/chkp_callback_poly_9_cycles_256_proj_d2_45z_0_cycle5
63/63 - 57s - loss: 9.8545e-07 - mean_squared_error: 1.3981e-06 - val_loss: 3.4112e-08 - val_mean_squared_error: 3.4112e-08 - 57s/epoch - 901ms/step
Epoch 7/13

Epoch 00007: mean_squared_error improved from 0.00000 to 0.00000, saving model to /gpfswork/rech/ynx/uds36vp/repos/wf-SEDs/HD_projected_optimisation/wf-outputs/chkp/8_bins/chkp_callback_poly_9_cycles_256_proj_d2_45z_0_cycle5
63/63 - 57s - loss: 9.8466e-07 - mean_squared_error: 1.3973e-06 - val_loss: 3.3601e-08 - val_mean_squared_error: 3.3601e-08 - 57s/epoch - 904ms/step
Epoch 8/13

Epoch 00008: mean_squared_error improved from 0.00000 to 0.00000, saving model to /gpfswork/rech/ynx/uds36vp/repos/wf-SEDs/HD_projected_optimisation/wf-outputs/chkp/8_bins/chkp_callback_poly_9_cycles_256_proj_d2_45z_0_cycle5
63/63 - 57s - loss: 9.8342e-07 - mean_squared_error: 1.3963e-06 - val_loss: 3.2181e-08 - val_mean_squared_error: 3.2181e-08 - 57s/epoch - 902ms/step
Epoch 9/13

Epoch 00009: mean_squared_error improved from 0.00000 to 0.00000, saving model to /gpfswork/rech/ynx/uds36vp/repos/wf-SEDs/HD_projected_optimisation/wf-outputs/chkp/8_bins/chkp_callback_poly_9_cycles_256_proj_d2_45z_0_cycle5
63/63 - 57s - loss: 9.8253e-07 - mean_squared_error: 1.3955e-06 - val_loss: 3.1456e-08 - val_mean_squared_error: 3.1456e-08 - 57s/epoch - 900ms/step
Epoch 10/13

Epoch 00010: mean_squared_error improved from 0.00000 to 0.00000, saving model to /gpfswork/rech/ynx/uds36vp/repos/wf-SEDs/HD_projected_optimisation/wf-outputs/chkp/8_bins/chkp_callback_poly_9_cycles_256_proj_d2_45z_0_cycle5
63/63 - 57s - loss: 9.8194e-07 - mean_squared_error: 1.3948e-06 - val_loss: 3.1313e-08 - val_mean_squared_error: 3.1313e-08 - 57s/epoch - 899ms/step
Epoch 11/13

Epoch 00011: mean_squared_error improved from 0.00000 to 0.00000, saving model to /gpfswork/rech/ynx/uds36vp/repos/wf-SEDs/HD_projected_optimisation/wf-outputs/chkp/8_bins/chkp_callback_poly_9_cycles_256_proj_d2_45z_0_cycle5
63/63 - 57s - loss: 9.8130e-07 - mean_squared_error: 1.3943e-06 - val_loss: 3.0380e-08 - val_mean_squared_error: 3.0380e-08 - 57s/epoch - 903ms/step
Epoch 12/13

Epoch 00012: mean_squared_error improved from 0.00000 to 0.00000, saving model to /gpfswork/rech/ynx/uds36vp/repos/wf-SEDs/HD_projected_optimisation/wf-outputs/chkp/8_bins/chkp_callback_poly_9_cycles_256_proj_d2_45z_0_cycle5
63/63 - 57s - loss: 9.8032e-07 - mean_squared_error: 1.3935e-06 - val_loss: 2.9492e-08 - val_mean_squared_error: 2.9492e-08 - 57s/epoch - 902ms/step
Epoch 13/13

Epoch 00013: mean_squared_error improved from 0.00000 to 0.00000, saving model to /gpfswork/rech/ynx/uds36vp/repos/wf-SEDs/HD_projected_optimisation/wf-outputs/chkp/8_bins/chkp_callback_poly_9_cycles_256_proj_d2_45z_0_cycle5
63/63 - 57s - loss: 9.7963e-07 - mean_squared_error: 1.3929e-06 - val_loss: 2.9249e-08 - val_mean_squared_error: 2.9249e-08 - 57s/epoch - 905ms/step
Cycle5 elapsed time: 976.3778586387634
Project non-param DD features onto param model: done!
Starting cycle 6..
Starting parametric update..
Epoch 1/4

Epoch 00001: mean_squared_error improved from inf to 0.00000, saving model to /gpfswork/rech/ynx/uds36vp/repos/wf-SEDs/HD_projected_optimisation/wf-outputs/chkp/8_bins/chkp_callback_poly_9_cycles_256_proj_d2_45z_0_cycle6
63/63 - 63s - loss: 9.8783e-07 - mean_squared_error: 1.3996e-06 - val_loss: 4.0818e-08 - val_mean_squared_error: 4.0818e-08 - 63s/epoch - 1s/step
Epoch 2/4

Epoch 00002: mean_squared_error did not improve from 0.00000
63/63 - 61s - loss: 1.0019e-06 - mean_squared_error: 1.4122e-06 - val_loss: 5.8282e-08 - val_mean_squared_error: 5.8282e-08 - 61s/epoch - 968ms/step
Epoch 3/4

Epoch 00003: mean_squared_error did not improve from 0.00000
63/63 - 61s - loss: 1.1750e-06 - mean_squared_error: 1.5595e-06 - val_loss: 1.1200e-07 - val_mean_squared_error: 1.1200e-07 - 61s/epoch - 965ms/step
Epoch 4/4

Epoch 00004: mean_squared_error did not improve from 0.00000
63/63 - 61s - loss: 1.0561e-06 - mean_squared_error: 1.4533e-06 - val_loss: 1.2510e-07 - val_mean_squared_error: 1.2510e-07 - 61s/epoch - 970ms/step
Starting non-parametric update..
Epoch 1/13

Epoch 00001: mean_squared_error did not improve from 0.00000
63/63 - 60s - loss: 1.0211e-06 - mean_squared_error: 1.4243e-06 - val_loss: 3.4235e-08 - val_mean_squared_error: 3.4235e-08 - 60s/epoch - 954ms/step
Epoch 2/13

Epoch 00002: mean_squared_error improved from 0.00000 to 0.00000, saving model to /gpfswork/rech/ynx/uds36vp/repos/wf-SEDs/HD_projected_optimisation/wf-outputs/chkp/8_bins/chkp_callback_poly_9_cycles_256_proj_d2_45z_0_cycle6
63/63 - 57s - loss: 9.8232e-07 - mean_squared_error: 1.3951e-06 - val_loss: 3.0281e-08 - val_mean_squared_error: 3.0281e-08 - 57s/epoch - 903ms/step
Epoch 3/13

Epoch 00003: mean_squared_error improved from 0.00000 to 0.00000, saving model to /gpfswork/rech/ynx/uds36vp/repos/wf-SEDs/HD_projected_optimisation/wf-outputs/chkp/8_bins/chkp_callback_poly_9_cycles_256_proj_d2_45z_0_cycle6
63/63 - 57s - loss: 9.7981e-07 - mean_squared_error: 1.3930e-06 - val_loss: 2.8976e-08 - val_mean_squared_error: 2.8976e-08 - 57s/epoch - 909ms/step
Epoch 4/13

Epoch 00004: mean_squared_error improved from 0.00000 to 0.00000, saving model to /gpfswork/rech/ynx/uds36vp/repos/wf-SEDs/HD_projected_optimisation/wf-outputs/chkp/8_bins/chkp_callback_poly_9_cycles_256_proj_d2_45z_0_cycle6
63/63 - 57s - loss: 9.7875e-07 - mean_squared_error: 1.3921e-06 - val_loss: 2.8083e-08 - val_mean_squared_error: 2.8083e-08 - 57s/epoch - 906ms/step
Epoch 5/13

Epoch 00005: mean_squared_error improved from 0.00000 to 0.00000, saving model to /gpfswork/rech/ynx/uds36vp/repos/wf-SEDs/HD_projected_optimisation/wf-outputs/chkp/8_bins/chkp_callback_poly_9_cycles_256_proj_d2_45z_0_cycle6
63/63 - 57s - loss: 9.7797e-07 - mean_squared_error: 1.3915e-06 - val_loss: 2.7688e-08 - val_mean_squared_error: 2.7688e-08 - 57s/epoch - 908ms/step
Epoch 6/13

Epoch 00006: mean_squared_error improved from 0.00000 to 0.00000, saving model to /gpfswork/rech/ynx/uds36vp/repos/wf-SEDs/HD_projected_optimisation/wf-outputs/chkp/8_bins/chkp_callback_poly_9_cycles_256_proj_d2_45z_0_cycle6
63/63 - 57s - loss: 9.7749e-07 - mean_squared_error: 1.3911e-06 - val_loss: 2.7075e-08 - val_mean_squared_error: 2.7075e-08 - 57s/epoch - 910ms/step
Epoch 7/13

Epoch 00007: mean_squared_error improved from 0.00000 to 0.00000, saving model to /gpfswork/rech/ynx/uds36vp/repos/wf-SEDs/HD_projected_optimisation/wf-outputs/chkp/8_bins/chkp_callback_poly_9_cycles_256_proj_d2_45z_0_cycle6
63/63 - 57s - loss: 9.7683e-07 - mean_squared_error: 1.3904e-06 - val_loss: 2.6700e-08 - val_mean_squared_error: 2.6700e-08 - 57s/epoch - 906ms/step
Epoch 8/13

Epoch 00008: mean_squared_error improved from 0.00000 to 0.00000, saving model to /gpfswork/rech/ynx/uds36vp/repos/wf-SEDs/HD_projected_optimisation/wf-outputs/chkp/8_bins/chkp_callback_poly_9_cycles_256_proj_d2_45z_0_cycle6
63/63 - 57s - loss: 9.7634e-07 - mean_squared_error: 1.3901e-06 - val_loss: 2.6510e-08 - val_mean_squared_error: 2.6510e-08 - 57s/epoch - 912ms/step
Epoch 9/13

Epoch 00009: mean_squared_error improved from 0.00000 to 0.00000, saving model to /gpfswork/rech/ynx/uds36vp/repos/wf-SEDs/HD_projected_optimisation/wf-outputs/chkp/8_bins/chkp_callback_poly_9_cycles_256_proj_d2_45z_0_cycle6
63/63 - 57s - loss: 9.7594e-07 - mean_squared_error: 1.3897e-06 - val_loss: 2.5842e-08 - val_mean_squared_error: 2.5842e-08 - 57s/epoch - 906ms/step
Epoch 10/13

Epoch 00010: mean_squared_error improved from 0.00000 to 0.00000, saving model to /gpfswork/rech/ynx/uds36vp/repos/wf-SEDs/HD_projected_optimisation/wf-outputs/chkp/8_bins/chkp_callback_poly_9_cycles_256_proj_d2_45z_0_cycle6
63/63 - 57s - loss: 9.7549e-07 - mean_squared_error: 1.3893e-06 - val_loss: 2.5295e-08 - val_mean_squared_error: 2.5295e-08 - 57s/epoch - 906ms/step
Epoch 11/13

Epoch 00011: mean_squared_error improved from 0.00000 to 0.00000, saving model to /gpfswork/rech/ynx/uds36vp/repos/wf-SEDs/HD_projected_optimisation/wf-outputs/chkp/8_bins/chkp_callback_poly_9_cycles_256_proj_d2_45z_0_cycle6
63/63 - 57s - loss: 9.7495e-07 - mean_squared_error: 1.3888e-06 - val_loss: 2.4982e-08 - val_mean_squared_error: 2.4982e-08 - 57s/epoch - 909ms/step
Epoch 12/13

Epoch 00012: mean_squared_error improved from 0.00000 to 0.00000, saving model to /gpfswork/rech/ynx/uds36vp/repos/wf-SEDs/HD_projected_optimisation/wf-outputs/chkp/8_bins/chkp_callback_poly_9_cycles_256_proj_d2_45z_0_cycle6
63/63 - 57s - loss: 9.7453e-07 - mean_squared_error: 1.3884e-06 - val_loss: 2.4589e-08 - val_mean_squared_error: 2.4589e-08 - 57s/epoch - 909ms/step
Epoch 13/13

Epoch 00013: mean_squared_error improved from 0.00000 to 0.00000, saving model to /gpfswork/rech/ynx/uds36vp/repos/wf-SEDs/HD_projected_optimisation/wf-outputs/chkp/8_bins/chkp_callback_poly_9_cycles_256_proj_d2_45z_0_cycle6
63/63 - 57s - loss: 9.7453e-07 - mean_squared_error: 1.3883e-06 - val_loss: 2.4584e-08 - val_mean_squared_error: 2.4584e-08 - 57s/epoch - 908ms/step
Cycle6 elapsed time: 997.7931554317474
Project non-param DD features onto param model: done!
Starting cycle 7..
Starting parametric update..
Epoch 1/4

Epoch 00001: mean_squared_error improved from inf to 0.00000, saving model to /gpfswork/rech/ynx/uds36vp/repos/wf-SEDs/HD_projected_optimisation/wf-outputs/chkp/8_bins/chkp_callback_poly_9_cycles_256_proj_d2_45z_0_cycle7
63/63 - 60s - loss: 9.8151e-07 - mean_squared_error: 1.3942e-06 - val_loss: 4.4809e-08 - val_mean_squared_error: 4.4809e-08 - 60s/epoch - 955ms/step
Epoch 2/4

Epoch 00002: mean_squared_error did not improve from 0.00000
63/63 - 57s - loss: 1.0105e-06 - mean_squared_error: 1.4183e-06 - val_loss: 5.9355e-08 - val_mean_squared_error: 5.9355e-08 - 57s/epoch - 908ms/step
Epoch 3/4

Epoch 00003: mean_squared_error did not improve from 0.00000
63/63 - 57s - loss: 1.0036e-06 - mean_squared_error: 1.4130e-06 - val_loss: 5.9069e-08 - val_mean_squared_error: 5.9069e-08 - 57s/epoch - 912ms/step
Epoch 4/4

Epoch 00004: mean_squared_error did not improve from 0.00000
63/63 - 58s - loss: 1.0206e-06 - mean_squared_error: 1.4265e-06 - val_loss: 7.4229e-08 - val_mean_squared_error: 7.4229e-08 - 58s/epoch - 918ms/step
Starting non-parametric update..
Epoch 1/13

Epoch 00001: mean_squared_error did not improve from 0.00000
63/63 - 60s - loss: 9.9300e-07 - mean_squared_error: 1.4035e-06 - val_loss: 2.7333e-08 - val_mean_squared_error: 2.7333e-08 - 60s/epoch - 945ms/step
Epoch 2/13

Epoch 00002: mean_squared_error improved from 0.00000 to 0.00000, saving model to /gpfswork/rech/ynx/uds36vp/repos/wf-SEDs/HD_projected_optimisation/wf-outputs/chkp/8_bins/chkp_callback_poly_9_cycles_256_proj_d2_45z_0_cycle7
63/63 - 57s - loss: 9.7554e-07 - mean_squared_error: 1.3893e-06 - val_loss: 2.5235e-08 - val_mean_squared_error: 2.5235e-08 - 57s/epoch - 903ms/step
Epoch 3/13

Epoch 00003: mean_squared_error improved from 0.00000 to 0.00000, saving model to /gpfswork/rech/ynx/uds36vp/repos/wf-SEDs/HD_projected_optimisation/wf-outputs/chkp/8_bins/chkp_callback_poly_9_cycles_256_proj_d2_45z_0_cycle7
63/63 - 57s - loss: 9.7418e-07 - mean_squared_error: 1.3882e-06 - val_loss: 2.4238e-08 - val_mean_squared_error: 2.4238e-08 - 57s/epoch - 911ms/step
Epoch 4/13

Epoch 00004: mean_squared_error improved from 0.00000 to 0.00000, saving model to /gpfswork/rech/ynx/uds36vp/repos/wf-SEDs/HD_projected_optimisation/wf-outputs/chkp/8_bins/chkp_callback_poly_9_cycles_256_proj_d2_45z_0_cycle7
63/63 - 57s - loss: 9.7344e-07 - mean_squared_error: 1.3876e-06 - val_loss: 2.3966e-08 - val_mean_squared_error: 2.3966e-08 - 57s/epoch - 907ms/step
Epoch 5/13

Epoch 00005: mean_squared_error improved from 0.00000 to 0.00000, saving model to /gpfswork/rech/ynx/uds36vp/repos/wf-SEDs/HD_projected_optimisation/wf-outputs/chkp/8_bins/chkp_callback_poly_9_cycles_256_proj_d2_45z_0_cycle7
63/63 - 57s - loss: 9.7317e-07 - mean_squared_error: 1.3873e-06 - val_loss: 2.3914e-08 - val_mean_squared_error: 2.3914e-08 - 57s/epoch - 906ms/step
Epoch 6/13

Epoch 00006: mean_squared_error improved from 0.00000 to 0.00000, saving model to /gpfswork/rech/ynx/uds36vp/repos/wf-SEDs/HD_projected_optimisation/wf-outputs/chkp/8_bins/chkp_callback_poly_9_cycles_256_proj_d2_45z_0_cycle7
63/63 - 57s - loss: 9.7281e-07 - mean_squared_error: 1.3870e-06 - val_loss: 2.3293e-08 - val_mean_squared_error: 2.3293e-08 - 57s/epoch - 904ms/step
Epoch 7/13

Epoch 00007: mean_squared_error improved from 0.00000 to 0.00000, saving model to /gpfswork/rech/ynx/uds36vp/repos/wf-SEDs/HD_projected_optimisation/wf-outputs/chkp/8_bins/chkp_callback_poly_9_cycles_256_proj_d2_45z_0_cycle7
63/63 - 57s - loss: 9.7245e-07 - mean_squared_error: 1.3867e-06 - val_loss: 2.2840e-08 - val_mean_squared_error: 2.2840e-08 - 57s/epoch - 904ms/step
Epoch 8/13

Epoch 00008: mean_squared_error improved from 0.00000 to 0.00000, saving model to /gpfswork/rech/ynx/uds36vp/repos/wf-SEDs/HD_projected_optimisation/wf-outputs/chkp/8_bins/chkp_callback_poly_9_cycles_256_proj_d2_45z_0_cycle7
63/63 - 57s - loss: 9.7201e-07 - mean_squared_error: 1.3863e-06 - val_loss: 2.2719e-08 - val_mean_squared_error: 2.2719e-08 - 57s/epoch - 909ms/step
Epoch 9/13

Epoch 00009: mean_squared_error improved from 0.00000 to 0.00000, saving model to /gpfswork/rech/ynx/uds36vp/repos/wf-SEDs/HD_projected_optimisation/wf-outputs/chkp/8_bins/chkp_callback_poly_9_cycles_256_proj_d2_45z_0_cycle7
63/63 - 57s - loss: 9.7163e-07 - mean_squared_error: 1.3859e-06 - val_loss: 2.2106e-08 - val_mean_squared_error: 2.2106e-08 - 57s/epoch - 905ms/step
Epoch 10/13

Epoch 00010: mean_squared_error improved from 0.00000 to 0.00000, saving model to /gpfswork/rech/ynx/uds36vp/repos/wf-SEDs/HD_projected_optimisation/wf-outputs/chkp/8_bins/chkp_callback_poly_9_cycles_256_proj_d2_45z_0_cycle7
63/63 - 57s - loss: 9.7147e-07 - mean_squared_error: 1.3858e-06 - val_loss: 2.2047e-08 - val_mean_squared_error: 2.2047e-08 - 57s/epoch - 903ms/step
Epoch 11/13

Epoch 00011: mean_squared_error improved from 0.00000 to 0.00000, saving model to /gpfswork/rech/ynx/uds36vp/repos/wf-SEDs/HD_projected_optimisation/wf-outputs/chkp/8_bins/chkp_callback_poly_9_cycles_256_proj_d2_45z_0_cycle7
63/63 - 57s - loss: 9.7123e-07 - mean_squared_error: 1.3855e-06 - val_loss: 2.1769e-08 - val_mean_squared_error: 2.1769e-08 - 57s/epoch - 904ms/step
Epoch 12/13

Epoch 00012: mean_squared_error improved from 0.00000 to 0.00000, saving model to /gpfswork/rech/ynx/uds36vp/repos/wf-SEDs/HD_projected_optimisation/wf-outputs/chkp/8_bins/chkp_callback_poly_9_cycles_256_proj_d2_45z_0_cycle7
63/63 - 57s - loss: 9.7076e-07 - mean_squared_error: 1.3851e-06 - val_loss: 2.1487e-08 - val_mean_squared_error: 2.1487e-08 - 57s/epoch - 903ms/step
Epoch 13/13

Epoch 00013: mean_squared_error improved from 0.00000 to 0.00000, saving model to /gpfswork/rech/ynx/uds36vp/repos/wf-SEDs/HD_projected_optimisation/wf-outputs/chkp/8_bins/chkp_callback_poly_9_cycles_256_proj_d2_45z_0_cycle7
63/63 - 57s - loss: 9.7052e-07 - mean_squared_error: 1.3850e-06 - val_loss: 2.1516e-08 - val_mean_squared_error: 2.1516e-08 - 57s/epoch - 907ms/step
Cycle7 elapsed time: 982.0566222667694
Project non-param DD features onto param model: done!
Starting cycle 8..
Starting parametric update..
Epoch 1/4

Epoch 00001: mean_squared_error improved from inf to 0.00000, saving model to /gpfswork/rech/ynx/uds36vp/repos/wf-SEDs/HD_projected_optimisation/wf-outputs/chkp/8_bins/chkp_callback_poly_9_cycles_256_proj_d2_45z_0_cycle8
63/63 - 60s - loss: 9.7538e-07 - mean_squared_error: 1.3889e-06 - val_loss: 3.4239e-08 - val_mean_squared_error: 3.4239e-08 - 60s/epoch - 952ms/step
Epoch 2/4

Epoch 00002: mean_squared_error did not improve from 0.00000
63/63 - 56s - loss: 9.9776e-07 - mean_squared_error: 1.4070e-06 - val_loss: 5.1131e-08 - val_mean_squared_error: 5.1131e-08 - 56s/epoch - 895ms/step
Epoch 3/4

Epoch 00003: mean_squared_error did not improve from 0.00000
63/63 - 57s - loss: 1.0060e-06 - mean_squared_error: 1.4141e-06 - val_loss: 1.1938e-07 - val_mean_squared_error: 1.1938e-07 - 57s/epoch - 904ms/step
Epoch 4/4

Epoch 00004: mean_squared_error did not improve from 0.00000
63/63 - 57s - loss: 1.0525e-06 - mean_squared_error: 1.4521e-06 - val_loss: 5.4214e-08 - val_mean_squared_error: 5.4214e-08 - 57s/epoch - 907ms/step
Starting non-parametric update..
Epoch 1/13

Epoch 00001: mean_squared_error did not improve from 0.00000
63/63 - 60s - loss: 9.8372e-07 - mean_squared_error: 1.3959e-06 - val_loss: 2.4012e-08 - val_mean_squared_error: 2.4012e-08 - 60s/epoch - 951ms/step
Epoch 2/13

Epoch 00002: mean_squared_error improved from 0.00000 to 0.00000, saving model to /gpfswork/rech/ynx/uds36vp/repos/wf-SEDs/HD_projected_optimisation/wf-outputs/chkp/8_bins/chkp_callback_poly_9_cycles_256_proj_d2_45z_0_cycle8
63/63 - 57s - loss: 9.7186e-07 - mean_squared_error: 1.3862e-06 - val_loss: 2.1930e-08 - val_mean_squared_error: 2.1930e-08 - 57s/epoch - 904ms/step
Epoch 3/13

Epoch 00003: mean_squared_error improved from 0.00000 to 0.00000, saving model to /gpfswork/rech/ynx/uds36vp/repos/wf-SEDs/HD_projected_optimisation/wf-outputs/chkp/8_bins/chkp_callback_poly_9_cycles_256_proj_d2_45z_0_cycle8
63/63 - 57s - loss: 9.7062e-07 - mean_squared_error: 1.3852e-06 - val_loss: 2.1579e-08 - val_mean_squared_error: 2.1579e-08 - 57s/epoch - 901ms/step
Epoch 4/13

Epoch 00004: mean_squared_error improved from 0.00000 to 0.00000, saving model to /gpfswork/rech/ynx/uds36vp/repos/wf-SEDs/HD_projected_optimisation/wf-outputs/chkp/8_bins/chkp_callback_poly_9_cycles_256_proj_d2_45z_0_cycle8
63/63 - 57s - loss: 9.7007e-07 - mean_squared_error: 1.3847e-06 - val_loss: 2.1008e-08 - val_mean_squared_error: 2.1008e-08 - 57s/epoch - 902ms/step
Epoch 5/13

Epoch 00005: mean_squared_error improved from 0.00000 to 0.00000, saving model to /gpfswork/rech/ynx/uds36vp/repos/wf-SEDs/HD_projected_optimisation/wf-outputs/chkp/8_bins/chkp_callback_poly_9_cycles_256_proj_d2_45z_0_cycle8
63/63 - 57s - loss: 9.6969e-07 - mean_squared_error: 1.3843e-06 - val_loss: 2.0865e-08 - val_mean_squared_error: 2.0865e-08 - 57s/epoch - 905ms/step
Epoch 6/13

Epoch 00006: mean_squared_error improved from 0.00000 to 0.00000, saving model to /gpfswork/rech/ynx/uds36vp/repos/wf-SEDs/HD_projected_optimisation/wf-outputs/chkp/8_bins/chkp_callback_poly_9_cycles_256_proj_d2_45z_0_cycle8
63/63 - 57s - loss: 9.6957e-07 - mean_squared_error: 1.3842e-06 - val_loss: 2.0345e-08 - val_mean_squared_error: 2.0345e-08 - 57s/epoch - 908ms/step
Epoch 7/13

Epoch 00007: mean_squared_error improved from 0.00000 to 0.00000, saving model to /gpfswork/rech/ynx/uds36vp/repos/wf-SEDs/HD_projected_optimisation/wf-outputs/chkp/8_bins/chkp_callback_poly_9_cycles_256_proj_d2_45z_0_cycle8
63/63 - 57s - loss: 9.6914e-07 - mean_squared_error: 1.3838e-06 - val_loss: 2.0178e-08 - val_mean_squared_error: 2.0178e-08 - 57s/epoch - 905ms/step
Epoch 8/13

Epoch 00008: mean_squared_error improved from 0.00000 to 0.00000, saving model to /gpfswork/rech/ynx/uds36vp/repos/wf-SEDs/HD_projected_optimisation/wf-outputs/chkp/8_bins/chkp_callback_poly_9_cycles_256_proj_d2_45z_0_cycle8
63/63 - 57s - loss: 9.6896e-07 - mean_squared_error: 1.3836e-06 - val_loss: 2.0380e-08 - val_mean_squared_error: 2.0380e-08 - 57s/epoch - 903ms/step
Epoch 9/13

Epoch 00009: mean_squared_error improved from 0.00000 to 0.00000, saving model to /gpfswork/rech/ynx/uds36vp/repos/wf-SEDs/HD_projected_optimisation/wf-outputs/chkp/8_bins/chkp_callback_poly_9_cycles_256_proj_d2_45z_0_cycle8
63/63 - 57s - loss: 9.6867e-07 - mean_squared_error: 1.3834e-06 - val_loss: 1.9696e-08 - val_mean_squared_error: 1.9696e-08 - 57s/epoch - 902ms/step
Epoch 10/13

Epoch 00010: mean_squared_error improved from 0.00000 to 0.00000, saving model to /gpfswork/rech/ynx/uds36vp/repos/wf-SEDs/HD_projected_optimisation/wf-outputs/chkp/8_bins/chkp_callback_poly_9_cycles_256_proj_d2_45z_0_cycle8
63/63 - 57s - loss: 9.6844e-07 - mean_squared_error: 1.3831e-06 - val_loss: 1.9241e-08 - val_mean_squared_error: 1.9241e-08 - 57s/epoch - 906ms/step
Epoch 11/13

Epoch 00011: mean_squared_error improved from 0.00000 to 0.00000, saving model to /gpfswork/rech/ynx/uds36vp/repos/wf-SEDs/HD_projected_optimisation/wf-outputs/chkp/8_bins/chkp_callback_poly_9_cycles_256_proj_d2_45z_0_cycle8
63/63 - 57s - loss: 9.6808e-07 - mean_squared_error: 1.3828e-06 - val_loss: 1.9229e-08 - val_mean_squared_error: 1.9229e-08 - 57s/epoch - 904ms/step
Epoch 12/13

Epoch 00012: mean_squared_error improved from 0.00000 to 0.00000, saving model to /gpfswork/rech/ynx/uds36vp/repos/wf-SEDs/HD_projected_optimisation/wf-outputs/chkp/8_bins/chkp_callback_poly_9_cycles_256_proj_d2_45z_0_cycle8
63/63 - 57s - loss: 9.6806e-07 - mean_squared_error: 1.3827e-06 - val_loss: 1.9004e-08 - val_mean_squared_error: 1.9004e-08 - 57s/epoch - 904ms/step
Epoch 13/13

Epoch 00013: mean_squared_error improved from 0.00000 to 0.00000, saving model to /gpfswork/rech/ynx/uds36vp/repos/wf-SEDs/HD_projected_optimisation/wf-outputs/chkp/8_bins/chkp_callback_poly_9_cycles_256_proj_d2_45z_0_cycle8
63/63 - 57s - loss: 9.6776e-07 - mean_squared_error: 1.3825e-06 - val_loss: 1.8867e-08 - val_mean_squared_error: 1.8867e-08 - 57s/epoch - 903ms/step
Cycle8 elapsed time: 979.0309836864471
Project non-param DD features onto param model: done!
Starting cycle 9..
Starting parametric update..
Epoch 1/10

Epoch 00001: mean_squared_error improved from inf to 0.00000, saving model to /gpfswork/rech/ynx/uds36vp/repos/wf-SEDs/HD_projected_optimisation/wf-outputs/chkp/8_bins/chkp_callback_poly_9_cycles_256_proj_d2_45z_0_cycle9
63/63 - 61s - loss: 9.7074e-07 - mean_squared_error: 1.3851e-06 - val_loss: 2.7753e-08 - val_mean_squared_error: 2.7753e-08 - 61s/epoch - 973ms/step
Epoch 2/10

Epoch 00002: mean_squared_error did not improve from 0.00000
63/63 - 57s - loss: 9.8024e-07 - mean_squared_error: 1.3928e-06 - val_loss: 2.7188e-08 - val_mean_squared_error: 2.7188e-08 - 57s/epoch - 909ms/step
Epoch 3/10

Epoch 00003: mean_squared_error did not improve from 0.00000
63/63 - 58s - loss: 9.8491e-07 - mean_squared_error: 1.3970e-06 - val_loss: 2.9054e-08 - val_mean_squared_error: 2.9054e-08 - 58s/epoch - 913ms/step
Epoch 4/10

Epoch 00004: mean_squared_error did not improve from 0.00000
63/63 - 57s - loss: 9.9796e-07 - mean_squared_error: 1.4080e-06 - val_loss: 8.7514e-08 - val_mean_squared_error: 8.7514e-08 - 57s/epoch - 912ms/step
Epoch 5/10

Epoch 00005: mean_squared_error did not improve from 0.00000
63/63 - 58s - loss: 1.0779e-06 - mean_squared_error: 1.4712e-06 - val_loss: 9.0981e-08 - val_mean_squared_error: 9.0981e-08 - 58s/epoch - 920ms/step
Epoch 6/10

Epoch 00006: mean_squared_error did not improve from 0.00000
63/63 - 58s - loss: 1.0143e-06 - mean_squared_error: 1.4196e-06 - val_loss: 1.2199e-07 - val_mean_squared_error: 1.2199e-07 - 58s/epoch - 919ms/step
Epoch 7/10

Epoch 00007: mean_squared_error did not improve from 0.00000
63/63 - 58s - loss: 1.0190e-06 - mean_squared_error: 1.4242e-06 - val_loss: 5.0335e-08 - val_mean_squared_error: 5.0335e-08 - 58s/epoch - 917ms/step
Epoch 8/10

Epoch 00008: mean_squared_error did not improve from 0.00000
63/63 - 58s - loss: 1.0186e-06 - mean_squared_error: 1.4232e-06 - val_loss: 1.7657e-07 - val_mean_squared_error: 1.7657e-07 - 58s/epoch - 915ms/step
Epoch 9/10

Epoch 00009: mean_squared_error did not improve from 0.00000
63/63 - 57s - loss: 1.1627e-06 - mean_squared_error: 1.5451e-06 - val_loss: 1.7320e-07 - val_mean_squared_error: 1.7320e-07 - 57s/epoch - 910ms/step
Epoch 10/10

Epoch 00010: mean_squared_error did not improve from 0.00000
63/63 - 57s - loss: 1.0473e-06 - mean_squared_error: 1.4482e-06 - val_loss: 5.0969e-08 - val_mean_squared_error: 5.0969e-08 - 57s/epoch - 912ms/step
Starting non-parametric update..
Epoch 1/50

Epoch 00001: mean_squared_error did not improve from 0.00000
63/63 - 60s - loss: 9.7651e-07 - mean_squared_error: 1.3904e-06 - val_loss: 1.9521e-08 - val_mean_squared_error: 1.9521e-08 - 60s/epoch - 949ms/step
Epoch 2/50

Epoch 00002: mean_squared_error improved from 0.00000 to 0.00000, saving model to /gpfswork/rech/ynx/uds36vp/repos/wf-SEDs/HD_projected_optimisation/wf-outputs/chkp/8_bins/chkp_callback_poly_9_cycles_256_proj_d2_45z_0_cycle9
63/63 - 57s - loss: 9.6780e-07 - mean_squared_error: 1.3826e-06 - val_loss: 1.8722e-08 - val_mean_squared_error: 1.8722e-08 - 57s/epoch - 906ms/step
Epoch 3/50

Epoch 00003: mean_squared_error improved from 0.00000 to 0.00000, saving model to /gpfswork/rech/ynx/uds36vp/repos/wf-SEDs/HD_projected_optimisation/wf-outputs/chkp/8_bins/chkp_callback_poly_9_cycles_256_proj_d2_45z_0_cycle9
63/63 - 57s - loss: 9.6725e-07 - mean_squared_error: 1.3821e-06 - val_loss: 1.8466e-08 - val_mean_squared_error: 1.8466e-08 - 57s/epoch - 902ms/step
Epoch 4/50

Epoch 00004: mean_squared_error improved from 0.00000 to 0.00000, saving model to /gpfswork/rech/ynx/uds36vp/repos/wf-SEDs/HD_projected_optimisation/wf-outputs/chkp/8_bins/chkp_callback_poly_9_cycles_256_proj_d2_45z_0_cycle9
63/63 - 57s - loss: 9.6701e-07 - mean_squared_error: 1.3819e-06 - val_loss: 1.8345e-08 - val_mean_squared_error: 1.8345e-08 - 57s/epoch - 906ms/step
Epoch 5/50

Epoch 00005: mean_squared_error improved from 0.00000 to 0.00000, saving model to /gpfswork/rech/ynx/uds36vp/repos/wf-SEDs/HD_projected_optimisation/wf-outputs/chkp/8_bins/chkp_callback_poly_9_cycles_256_proj_d2_45z_0_cycle9
63/63 - 57s - loss: 9.6693e-07 - mean_squared_error: 1.3818e-06 - val_loss: 1.8158e-08 - val_mean_squared_error: 1.8158e-08 - 57s/epoch - 903ms/step
Epoch 6/50

Epoch 00006: mean_squared_error improved from 0.00000 to 0.00000, saving model to /gpfswork/rech/ynx/uds36vp/repos/wf-SEDs/HD_projected_optimisation/wf-outputs/chkp/8_bins/chkp_callback_poly_9_cycles_256_proj_d2_45z_0_cycle9
63/63 - 57s - loss: 9.6669e-07 - mean_squared_error: 1.3816e-06 - val_loss: 1.7890e-08 - val_mean_squared_error: 1.7890e-08 - 57s/epoch - 904ms/step
Epoch 7/50

Epoch 00007: mean_squared_error improved from 0.00000 to 0.00000, saving model to /gpfswork/rech/ynx/uds36vp/repos/wf-SEDs/HD_projected_optimisation/wf-outputs/chkp/8_bins/chkp_callback_poly_9_cycles_256_proj_d2_45z_0_cycle9
63/63 - 57s - loss: 9.6646e-07 - mean_squared_error: 1.3814e-06 - val_loss: 1.7716e-08 - val_mean_squared_error: 1.7716e-08 - 57s/epoch - 906ms/step
Epoch 8/50

Epoch 00008: mean_squared_error improved from 0.00000 to 0.00000, saving model to /gpfswork/rech/ynx/uds36vp/repos/wf-SEDs/HD_projected_optimisation/wf-outputs/chkp/8_bins/chkp_callback_poly_9_cycles_256_proj_d2_45z_0_cycle9
63/63 - 57s - loss: 9.6639e-07 - mean_squared_error: 1.3813e-06 - val_loss: 1.7599e-08 - val_mean_squared_error: 1.7599e-08 - 57s/epoch - 905ms/step
Epoch 9/50

Epoch 00009: mean_squared_error did not improve from 0.00000
63/63 - 57s - loss: 9.6638e-07 - mean_squared_error: 1.3813e-06 - val_loss: 1.7465e-08 - val_mean_squared_error: 1.7465e-08 - 57s/epoch - 906ms/step
Epoch 10/50

Epoch 00010: mean_squared_error improved from 0.00000 to 0.00000, saving model to /gpfswork/rech/ynx/uds36vp/repos/wf-SEDs/HD_projected_optimisation/wf-outputs/chkp/8_bins/chkp_callback_poly_9_cycles_256_proj_d2_45z_0_cycle9
63/63 - 57s - loss: 9.6605e-07 - mean_squared_error: 1.3810e-06 - val_loss: 1.7267e-08 - val_mean_squared_error: 1.7267e-08 - 57s/epoch - 905ms/step
Epoch 11/50

Epoch 00011: mean_squared_error did not improve from 0.00000
63/63 - 57s - loss: 9.6637e-07 - mean_squared_error: 1.3811e-06 - val_loss: 1.7245e-08 - val_mean_squared_error: 1.7245e-08 - 57s/epoch - 904ms/step
Epoch 12/50

Epoch 00012: mean_squared_error did not improve from 0.00000
63/63 - 58s - loss: 9.6654e-07 - mean_squared_error: 1.3812e-06 - val_loss: 1.7467e-08 - val_mean_squared_error: 1.7467e-08 - 58s/epoch - 917ms/step
Epoch 13/50

Epoch 00013: mean_squared_error improved from 0.00000 to 0.00000, saving model to /gpfswork/rech/ynx/uds36vp/repos/wf-SEDs/HD_projected_optimisation/wf-outputs/chkp/8_bins/chkp_callback_poly_9_cycles_256_proj_d2_45z_0_cycle9
63/63 - 57s - loss: 9.6586e-07 - mean_squared_error: 1.3807e-06 - val_loss: 1.6878e-08 - val_mean_squared_error: 1.6878e-08 - 57s/epoch - 909ms/step
Epoch 14/50

Epoch 00014: mean_squared_error improved from 0.00000 to 0.00000, saving model to /gpfswork/rech/ynx/uds36vp/repos/wf-SEDs/HD_projected_optimisation/wf-outputs/chkp/8_bins/chkp_callback_poly_9_cycles_256_proj_d2_45z_0_cycle9
63/63 - 57s - loss: 9.6567e-07 - mean_squared_error: 1.3805e-06 - val_loss: 1.6671e-08 - val_mean_squared_error: 1.6671e-08 - 57s/epoch - 904ms/step
Epoch 15/50

Epoch 00015: mean_squared_error improved from 0.00000 to 0.00000, saving model to /gpfswork/rech/ynx/uds36vp/repos/wf-SEDs/HD_projected_optimisation/wf-outputs/chkp/8_bins/chkp_callback_poly_9_cycles_256_proj_d2_45z_0_cycle9
63/63 - 57s - loss: 9.6544e-07 - mean_squared_error: 1.3805e-06 - val_loss: 1.6529e-08 - val_mean_squared_error: 1.6529e-08 - 57s/epoch - 904ms/step
Epoch 16/50

Epoch 00016: mean_squared_error improved from 0.00000 to 0.00000, saving model to /gpfswork/rech/ynx/uds36vp/repos/wf-SEDs/HD_projected_optimisation/wf-outputs/chkp/8_bins/chkp_callback_poly_9_cycles_256_proj_d2_45z_0_cycle9
63/63 - 57s - loss: 9.6503e-07 - mean_squared_error: 1.3801e-06 - val_loss: 1.6557e-08 - val_mean_squared_error: 1.6557e-08 - 57s/epoch - 904ms/step
Epoch 17/50

Epoch 00017: mean_squared_error did not improve from 0.00000
63/63 - 57s - loss: 9.6512e-07 - mean_squared_error: 1.3801e-06 - val_loss: 1.6277e-08 - val_mean_squared_error: 1.6277e-08 - 57s/epoch - 908ms/step
Epoch 18/50

Epoch 00018: mean_squared_error improved from 0.00000 to 0.00000, saving model to /gpfswork/rech/ynx/uds36vp/repos/wf-SEDs/HD_projected_optimisation/wf-outputs/chkp/8_bins/chkp_callback_poly_9_cycles_256_proj_d2_45z_0_cycle9
63/63 - 57s - loss: 9.6504e-07 - mean_squared_error: 1.3799e-06 - val_loss: 1.7227e-08 - val_mean_squared_error: 1.7227e-08 - 57s/epoch - 906ms/step
Epoch 19/50

Epoch 00019: mean_squared_error did not improve from 0.00000
63/63 - 57s - loss: 9.6655e-07 - mean_squared_error: 1.3810e-06 - val_loss: 1.6841e-08 - val_mean_squared_error: 1.6841e-08 - 57s/epoch - 902ms/step
Epoch 20/50

Epoch 00020: mean_squared_error improved from 0.00000 to 0.00000, saving model to /gpfswork/rech/ynx/uds36vp/repos/wf-SEDs/HD_projected_optimisation/wf-outputs/chkp/8_bins/chkp_callback_poly_9_cycles_256_proj_d2_45z_0_cycle9
63/63 - 57s - loss: 9.6456e-07 - mean_squared_error: 1.3796e-06 - val_loss: 1.5753e-08 - val_mean_squared_error: 1.5753e-08 - 57s/epoch - 910ms/step
Epoch 21/50

Epoch 00021: mean_squared_error improved from 0.00000 to 0.00000, saving model to /gpfswork/rech/ynx/uds36vp/repos/wf-SEDs/HD_projected_optimisation/wf-outputs/chkp/8_bins/chkp_callback_poly_9_cycles_256_proj_d2_45z_0_cycle9
63/63 - 57s - loss: 9.6451e-07 - mean_squared_error: 1.3795e-06 - val_loss: 1.5744e-08 - val_mean_squared_error: 1.5744e-08 - 57s/epoch - 907ms/step
Epoch 22/50

Epoch 00022: mean_squared_error improved from 0.00000 to 0.00000, saving model to /gpfswork/rech/ynx/uds36vp/repos/wf-SEDs/HD_projected_optimisation/wf-outputs/chkp/8_bins/chkp_callback_poly_9_cycles_256_proj_d2_45z_0_cycle9
63/63 - 57s - loss: 9.6403e-07 - mean_squared_error: 1.3791e-06 - val_loss: 1.6322e-08 - val_mean_squared_error: 1.6322e-08 - 57s/epoch - 904ms/step
Epoch 23/50

Epoch 00023: mean_squared_error did not improve from 0.00000
63/63 - 57s - loss: 9.6681e-07 - mean_squared_error: 1.3808e-06 - val_loss: 1.6319e-08 - val_mean_squared_error: 1.6319e-08 - 57s/epoch - 904ms/step
Epoch 24/50

Epoch 00024: mean_squared_error improved from 0.00000 to 0.00000, saving model to /gpfswork/rech/ynx/uds36vp/repos/wf-SEDs/HD_projected_optimisation/wf-outputs/chkp/8_bins/chkp_callback_poly_9_cycles_256_proj_d2_45z_0_cycle9
63/63 - 57s - loss: 9.6381e-07 - mean_squared_error: 1.3789e-06 - val_loss: 1.5410e-08 - val_mean_squared_error: 1.5410e-08 - 57s/epoch - 904ms/step
Epoch 25/50

Epoch 00025: mean_squared_error did not improve from 0.00000
63/63 - 57s - loss: 9.6738e-07 - mean_squared_error: 1.3812e-06 - val_loss: 1.8517e-08 - val_mean_squared_error: 1.8517e-08 - 57s/epoch - 902ms/step
Epoch 26/50

Epoch 00026: mean_squared_error did not improve from 0.00000
63/63 - 57s - loss: 9.6432e-07 - mean_squared_error: 1.3793e-06 - val_loss: 1.5673e-08 - val_mean_squared_error: 1.5673e-08 - 57s/epoch - 903ms/step
Epoch 27/50

Epoch 00027: mean_squared_error improved from 0.00000 to 0.00000, saving model to /gpfswork/rech/ynx/uds36vp/repos/wf-SEDs/HD_projected_optimisation/wf-outputs/chkp/8_bins/chkp_callback_poly_9_cycles_256_proj_d2_45z_0_cycle9
63/63 - 57s - loss: 9.6393e-07 - mean_squared_error: 1.3789e-06 - val_loss: 1.4691e-08 - val_mean_squared_error: 1.4691e-08 - 57s/epoch - 910ms/step
Epoch 28/50

Epoch 00028: mean_squared_error improved from 0.00000 to 0.00000, saving model to /gpfswork/rech/ynx/uds36vp/repos/wf-SEDs/HD_projected_optimisation/wf-outputs/chkp/8_bins/chkp_callback_poly_9_cycles_256_proj_d2_45z_0_cycle9
63/63 - 57s - loss: 9.6373e-07 - mean_squared_error: 1.3787e-06 - val_loss: 1.4822e-08 - val_mean_squared_error: 1.4822e-08 - 57s/epoch - 906ms/step
Epoch 29/50

Epoch 00029: mean_squared_error improved from 0.00000 to 0.00000, saving model to /gpfswork/rech/ynx/uds36vp/repos/wf-SEDs/HD_projected_optimisation/wf-outputs/chkp/8_bins/chkp_callback_poly_9_cycles_256_proj_d2_45z_0_cycle9
63/63 - 57s - loss: 9.6312e-07 - mean_squared_error: 1.3783e-06 - val_loss: 1.5662e-08 - val_mean_squared_error: 1.5662e-08 - 57s/epoch - 908ms/step
Epoch 30/50

Epoch 00030: mean_squared_error did not improve from 0.00000
63/63 - 57s - loss: 9.6626e-07 - mean_squared_error: 1.3807e-06 - val_loss: 1.4947e-08 - val_mean_squared_error: 1.4947e-08 - 57s/epoch - 906ms/step
Epoch 31/50

Epoch 00031: mean_squared_error improved from 0.00000 to 0.00000, saving model to /gpfswork/rech/ynx/uds36vp/repos/wf-SEDs/HD_projected_optimisation/wf-outputs/chkp/8_bins/chkp_callback_poly_9_cycles_256_proj_d2_45z_0_cycle9
63/63 - 57s - loss: 9.6283e-07 - mean_squared_error: 1.3781e-06 - val_loss: 1.4625e-08 - val_mean_squared_error: 1.4625e-08 - 57s/epoch - 901ms/step
Epoch 32/50

Epoch 00032: mean_squared_error did not improve from 0.00000
63/63 - 57s - loss: 9.6320e-07 - mean_squared_error: 1.3782e-06 - val_loss: 1.4593e-08 - val_mean_squared_error: 1.4593e-08 - 57s/epoch - 908ms/step
Epoch 33/50

Epoch 00033: mean_squared_error did not improve from 0.00000
63/63 - 57s - loss: 9.6320e-07 - mean_squared_error: 1.3783e-06 - val_loss: 1.4592e-08 - val_mean_squared_error: 1.4592e-08 - 57s/epoch - 909ms/step
Epoch 34/50

Epoch 00034: mean_squared_error did not improve from 0.00000
63/63 - 57s - loss: 9.6312e-07 - mean_squared_error: 1.3781e-06 - val_loss: 1.3922e-08 - val_mean_squared_error: 1.3922e-08 - 57s/epoch - 910ms/step
Epoch 35/50

Epoch 00035: mean_squared_error improved from 0.00000 to 0.00000, saving model to /gpfswork/rech/ynx/uds36vp/repos/wf-SEDs/HD_projected_optimisation/wf-outputs/chkp/8_bins/chkp_callback_poly_9_cycles_256_proj_d2_45z_0_cycle9
63/63 - 57s - loss: 9.6201e-07 - mean_squared_error: 1.3773e-06 - val_loss: 1.4264e-08 - val_mean_squared_error: 1.4264e-08 - 57s/epoch - 905ms/step
Epoch 36/50

Epoch 00036: mean_squared_error improved from 0.00000 to 0.00000, saving model to /gpfswork/rech/ynx/uds36vp/repos/wf-SEDs/HD_projected_optimisation/wf-outputs/chkp/8_bins/chkp_callback_poly_9_cycles_256_proj_d2_45z_0_cycle9
63/63 - 57s - loss: 9.6196e-07 - mean_squared_error: 1.3772e-06 - val_loss: 1.3908e-08 - val_mean_squared_error: 1.3908e-08 - 57s/epoch - 908ms/step
Epoch 37/50

Epoch 00037: mean_squared_error did not improve from 0.00000
63/63 - 57s - loss: 9.6232e-07 - mean_squared_error: 1.3775e-06 - val_loss: 1.3584e-08 - val_mean_squared_error: 1.3584e-08 - 57s/epoch - 908ms/step
Epoch 38/50

Epoch 00038: mean_squared_error improved from 0.00000 to 0.00000, saving model to /gpfswork/rech/ynx/uds36vp/repos/wf-SEDs/HD_projected_optimisation/wf-outputs/chkp/8_bins/chkp_callback_poly_9_cycles_256_proj_d2_45z_0_cycle9
63/63 - 57s - loss: 9.6199e-07 - mean_squared_error: 1.3771e-06 - val_loss: 1.3981e-08 - val_mean_squared_error: 1.3981e-08 - 57s/epoch - 911ms/step
Epoch 39/50

Epoch 00039: mean_squared_error did not improve from 0.00000
63/63 - 57s - loss: 9.6276e-07 - mean_squared_error: 1.3777e-06 - val_loss: 1.3452e-08 - val_mean_squared_error: 1.3452e-08 - 57s/epoch - 905ms/step
Epoch 40/50

Epoch 00040: mean_squared_error improved from 0.00000 to 0.00000, saving model to /gpfswork/rech/ynx/uds36vp/repos/wf-SEDs/HD_projected_optimisation/wf-outputs/chkp/8_bins/chkp_callback_poly_9_cycles_256_proj_d2_45z_0_cycle9
63/63 - 57s - loss: 9.6180e-07 - mean_squared_error: 1.3769e-06 - val_loss: 1.3182e-08 - val_mean_squared_error: 1.3182e-08 - 57s/epoch - 907ms/step
Epoch 41/50

Epoch 00041: mean_squared_error did not improve from 0.00000
63/63 - 57s - loss: 9.6197e-07 - mean_squared_error: 1.3771e-06 - val_loss: 1.3476e-08 - val_mean_squared_error: 1.3476e-08 - 57s/epoch - 910ms/step
Epoch 42/50

Epoch 00042: mean_squared_error did not improve from 0.00000
63/63 - 57s - loss: 9.6180e-07 - mean_squared_error: 1.3770e-06 - val_loss: 1.3690e-08 - val_mean_squared_error: 1.3690e-08 - 57s/epoch - 912ms/step
Epoch 43/50

Epoch 00043: mean_squared_error improved from 0.00000 to 0.00000, saving model to /gpfswork/rech/ynx/uds36vp/repos/wf-SEDs/HD_projected_optimisation/wf-outputs/chkp/8_bins/chkp_callback_poly_9_cycles_256_proj_d2_45z_0_cycle9
63/63 - 57s - loss: 9.6154e-07 - mean_squared_error: 1.3768e-06 - val_loss: 1.3479e-08 - val_mean_squared_error: 1.3479e-08 - 57s/epoch - 910ms/step
Epoch 44/50

Epoch 00044: mean_squared_error did not improve from 0.00000
63/63 - 58s - loss: 9.6165e-07 - mean_squared_error: 1.3768e-06 - val_loss: 1.3586e-08 - val_mean_squared_error: 1.3586e-08 - 58s/epoch - 914ms/step
Epoch 45/50

Epoch 00045: mean_squared_error improved from 0.00000 to 0.00000, saving model to /gpfswork/rech/ynx/uds36vp/repos/wf-SEDs/HD_projected_optimisation/wf-outputs/chkp/8_bins/chkp_callback_poly_9_cycles_256_proj_d2_45z_0_cycle9
63/63 - 57s - loss: 9.6144e-07 - mean_squared_error: 1.3767e-06 - val_loss: 1.6653e-08 - val_mean_squared_error: 1.6653e-08 - 57s/epoch - 909ms/step
Epoch 46/50

Epoch 00046: mean_squared_error did not improve from 0.00000
63/63 - 57s - loss: 9.6175e-07 - mean_squared_error: 1.3769e-06 - val_loss: 1.2991e-08 - val_mean_squared_error: 1.2991e-08 - 57s/epoch - 911ms/step
Epoch 47/50

Epoch 00047: mean_squared_error improved from 0.00000 to 0.00000, saving model to /gpfswork/rech/ynx/uds36vp/repos/wf-SEDs/HD_projected_optimisation/wf-outputs/chkp/8_bins/chkp_callback_poly_9_cycles_256_proj_d2_45z_0_cycle9
63/63 - 57s - loss: 9.6053e-07 - mean_squared_error: 1.3759e-06 - val_loss: 1.3438e-08 - val_mean_squared_error: 1.3438e-08 - 57s/epoch - 904ms/step
Epoch 48/50

Epoch 00048: mean_squared_error did not improve from 0.00000
63/63 - 57s - loss: 9.6127e-07 - mean_squared_error: 1.3764e-06 - val_loss: 1.2918e-08 - val_mean_squared_error: 1.2918e-08 - 57s/epoch - 904ms/step
Epoch 49/50

Epoch 00049: mean_squared_error improved from 0.00000 to 0.00000, saving model to /gpfswork/rech/ynx/uds36vp/repos/wf-SEDs/HD_projected_optimisation/wf-outputs/chkp/8_bins/chkp_callback_poly_9_cycles_256_proj_d2_45z_0_cycle9
63/63 - 57s - loss: 9.6055e-07 - mean_squared_error: 1.3759e-06 - val_loss: 1.2542e-08 - val_mean_squared_error: 1.2542e-08 - 57s/epoch - 911ms/step
Epoch 50/50

Epoch 00050: mean_squared_error improved from 0.00000 to 0.00000, saving model to /gpfswork/rech/ynx/uds36vp/repos/wf-SEDs/HD_projected_optimisation/wf-outputs/chkp/8_bins/chkp_callback_poly_9_cycles_256_proj_d2_45z_0_cycle9
63/63 - 57s - loss: 9.6015e-07 - mean_squared_error: 1.3756e-06 - val_loss: 1.2301e-08 - val_mean_squared_error: 1.2301e-08 - 57s/epoch - 905ms/step
Cycle9 elapsed time: 3443.8547687530518

Total elapsed time: 11325.202928

 Good bye..
