Starting the log file.
Found GPU at: /device:GPU:0
tf_version: 2.7.0
Zernike cube:
(15, 128, 128)
Dataset parameters:
{'d_max': 2, 'max_order': 45, 'x_lims': [0, 1000.0], 'y_lims': [0, 1000.0], 'grid_points': [4, 4], 'n_bins': 20, 'max_wfe_rms': 0.1, 'oversampling_rate': 3.0, 'output_Q': 3.0, 'output_dim': 32, 'LP_filter_length': 2, 'pupil_diameter': 4096, 'euclid_obsc': True, 'n_stars': 2000}
Starting cycle 1..
Starting parametric update..
Epoch 1/15

Epoch 00001: mean_squared_error improved from inf to 0.00001, saving model to /gpfswork/rech/ynx/ulx23va/repo/wf-SEDs/model_WFE_size/wf-outputs/chkp/wfe_study_bis/chkp_callback_poly_wfe_study_128_bis_1_cycle1
63/63 - 141s - loss: 7.9056e-06 - mean_squared_error: 7.4722e-06 - val_loss: 1.9423e-06 - val_mean_squared_error: 1.9423e-06 - 141s/epoch - 2s/step
Epoch 2/15

Epoch 00002: mean_squared_error improved from 0.00001 to 0.00000, saving model to /gpfswork/rech/ynx/ulx23va/repo/wf-SEDs/model_WFE_size/wf-outputs/chkp/wfe_study_bis/chkp_callback_poly_wfe_study_128_bis_1_cycle1
63/63 - 136s - loss: 2.4543e-06 - mean_squared_error: 2.6373e-06 - val_loss: 1.0484e-06 - val_mean_squared_error: 1.0484e-06 - 136s/epoch - 2s/step
Epoch 3/15

Epoch 00003: mean_squared_error improved from 0.00000 to 0.00000, saving model to /gpfswork/rech/ynx/ulx23va/repo/wf-SEDs/model_WFE_size/wf-outputs/chkp/wfe_study_bis/chkp_callback_poly_wfe_study_128_bis_1_cycle1
63/63 - 136s - loss: 2.0453e-06 - mean_squared_error: 2.2635e-06 - val_loss: 9.4146e-07 - val_mean_squared_error: 9.4146e-07 - 136s/epoch - 2s/step
Epoch 4/15

Epoch 00004: mean_squared_error improved from 0.00000 to 0.00000, saving model to /gpfswork/rech/ynx/ulx23va/repo/wf-SEDs/model_WFE_size/wf-outputs/chkp/wfe_study_bis/chkp_callback_poly_wfe_study_128_bis_1_cycle1
63/63 - 136s - loss: 1.8736e-06 - mean_squared_error: 2.1259e-06 - val_loss: 8.0984e-07 - val_mean_squared_error: 8.0984e-07 - 136s/epoch - 2s/step
Epoch 5/15

Epoch 00005: mean_squared_error improved from 0.00000 to 0.00000, saving model to /gpfswork/rech/ynx/ulx23va/repo/wf-SEDs/model_WFE_size/wf-outputs/chkp/wfe_study_bis/chkp_callback_poly_wfe_study_128_bis_1_cycle1
63/63 - 135s - loss: 1.7461e-06 - mean_squared_error: 2.0183e-06 - val_loss: 7.3062e-07 - val_mean_squared_error: 7.3062e-07 - 135s/epoch - 2s/step
Epoch 6/15

Epoch 00006: mean_squared_error improved from 0.00000 to 0.00000, saving model to /gpfswork/rech/ynx/ulx23va/repo/wf-SEDs/model_WFE_size/wf-outputs/chkp/wfe_study_bis/chkp_callback_poly_wfe_study_128_bis_1_cycle1
63/63 - 136s - loss: 1.6864e-06 - mean_squared_error: 1.9655e-06 - val_loss: 7.3888e-07 - val_mean_squared_error: 7.3888e-07 - 136s/epoch - 2s/step
Epoch 7/15

Epoch 00007: mean_squared_error did not improve from 0.00000
63/63 - 136s - loss: 1.7019e-06 - mean_squared_error: 1.9827e-06 - val_loss: 7.0983e-07 - val_mean_squared_error: 7.0983e-07 - 136s/epoch - 2s/step
Epoch 8/15

Epoch 00008: mean_squared_error did not improve from 0.00000
63/63 - 136s - loss: 1.6974e-06 - mean_squared_error: 1.9800e-06 - val_loss: 7.1947e-07 - val_mean_squared_error: 7.1947e-07 - 136s/epoch - 2s/step
Epoch 9/15

Epoch 00009: mean_squared_error did not improve from 0.00000
63/63 - 136s - loss: 1.6870e-06 - mean_squared_error: 1.9686e-06 - val_loss: 7.2041e-07 - val_mean_squared_error: 7.2041e-07 - 136s/epoch - 2s/step
Epoch 10/15

Epoch 00010: mean_squared_error did not improve from 0.00000
63/63 - 136s - loss: 1.7174e-06 - mean_squared_error: 1.9978e-06 - val_loss: 7.4390e-07 - val_mean_squared_error: 7.4390e-07 - 136s/epoch - 2s/step
Epoch 11/15

Epoch 00011: mean_squared_error did not improve from 0.00000
63/63 - 137s - loss: 1.7024e-06 - mean_squared_error: 1.9764e-06 - val_loss: 7.0275e-07 - val_mean_squared_error: 7.0275e-07 - 137s/epoch - 2s/step
Epoch 12/15

Epoch 00012: mean_squared_error improved from 0.00000 to 0.00000, saving model to /gpfswork/rech/ynx/ulx23va/repo/wf-SEDs/model_WFE_size/wf-outputs/chkp/wfe_study_bis/chkp_callback_poly_wfe_study_128_bis_1_cycle1
63/63 - 136s - loss: 1.6817e-06 - mean_squared_error: 1.9588e-06 - val_loss: 6.9720e-07 - val_mean_squared_error: 6.9720e-07 - 136s/epoch - 2s/step
Epoch 13/15

Epoch 00013: mean_squared_error did not improve from 0.00000
63/63 - 136s - loss: 1.7118e-06 - mean_squared_error: 1.9885e-06 - val_loss: 7.5919e-07 - val_mean_squared_error: 7.5919e-07 - 136s/epoch - 2s/step
Epoch 14/15

Epoch 00014: mean_squared_error did not improve from 0.00000
63/63 - 136s - loss: 1.7640e-06 - mean_squared_error: 2.0298e-06 - val_loss: 7.7450e-07 - val_mean_squared_error: 7.7450e-07 - 136s/epoch - 2s/step
Epoch 15/15

Epoch 00015: mean_squared_error did not improve from 0.00000
63/63 - 136s - loss: 1.8280e-06 - mean_squared_error: 2.0871e-06 - val_loss: 6.9659e-07 - val_mean_squared_error: 6.9659e-07 - 136s/epoch - 2s/step
Starting non-parametric update..
Epoch 1/100

Epoch 00001: mean_squared_error improved from 0.00000 to 0.00000, saving model to /gpfswork/rech/ynx/ulx23va/repo/wf-SEDs/model_WFE_size/wf-outputs/chkp/wfe_study_bis/chkp_callback_poly_wfe_study_128_bis_1_cycle1
63/63 - 143s - loss: 1.5853e-06 - mean_squared_error: 1.8852e-06 - val_loss: 5.3251e-07 - val_mean_squared_error: 5.3251e-07 - 143s/epoch - 2s/step
Epoch 2/100

Epoch 00002: mean_squared_error improved from 0.00000 to 0.00000, saving model to /gpfswork/rech/ynx/ulx23va/repo/wf-SEDs/model_WFE_size/wf-outputs/chkp/wfe_study_bis/chkp_callback_poly_wfe_study_128_bis_1_cycle1
63/63 - 139s - loss: 1.4195e-06 - mean_squared_error: 1.7458e-06 - val_loss: 4.0825e-07 - val_mean_squared_error: 4.0825e-07 - 139s/epoch - 2s/step
Epoch 3/100

Epoch 00003: mean_squared_error improved from 0.00000 to 0.00000, saving model to /gpfswork/rech/ynx/ulx23va/repo/wf-SEDs/model_WFE_size/wf-outputs/chkp/wfe_study_bis/chkp_callback_poly_wfe_study_128_bis_1_cycle1
63/63 - 139s - loss: 1.2867e-06 - mean_squared_error: 1.6330e-06 - val_loss: 2.9639e-07 - val_mean_squared_error: 2.9639e-07 - 139s/epoch - 2s/step
Epoch 4/100

Epoch 00004: mean_squared_error improved from 0.00000 to 0.00000, saving model to /gpfswork/rech/ynx/ulx23va/repo/wf-SEDs/model_WFE_size/wf-outputs/chkp/wfe_study_bis/chkp_callback_poly_wfe_study_128_bis_1_cycle1
63/63 - 139s - loss: 1.1763e-06 - mean_squared_error: 1.5360e-06 - val_loss: 2.0961e-07 - val_mean_squared_error: 2.0961e-07 - 139s/epoch - 2s/step
Epoch 5/100

Epoch 00005: mean_squared_error improved from 0.00000 to 0.00000, saving model to /gpfswork/rech/ynx/ulx23va/repo/wf-SEDs/model_WFE_size/wf-outputs/chkp/wfe_study_bis/chkp_callback_poly_wfe_study_128_bis_1_cycle1
63/63 - 138s - loss: 1.1021e-06 - mean_squared_error: 1.4699e-06 - val_loss: 1.5815e-07 - val_mean_squared_error: 1.5815e-07 - 138s/epoch - 2s/step
Epoch 6/100

Epoch 00006: mean_squared_error improved from 0.00000 to 0.00000, saving model to /gpfswork/rech/ynx/ulx23va/repo/wf-SEDs/model_WFE_size/wf-outputs/chkp/wfe_study_bis/chkp_callback_poly_wfe_study_128_bis_1_cycle1
63/63 - 138s - loss: 1.0583e-06 - mean_squared_error: 1.4301e-06 - val_loss: 1.2900e-07 - val_mean_squared_error: 1.2900e-07 - 138s/epoch - 2s/step
Epoch 7/100

Epoch 00007: mean_squared_error improved from 0.00000 to 0.00000, saving model to /gpfswork/rech/ynx/ulx23va/repo/wf-SEDs/model_WFE_size/wf-outputs/chkp/wfe_study_bis/chkp_callback_poly_wfe_study_128_bis_1_cycle1
63/63 - 137s - loss: 1.0290e-06 - mean_squared_error: 1.4036e-06 - val_loss: 1.0937e-07 - val_mean_squared_error: 1.0937e-07 - 137s/epoch - 2s/step
Epoch 8/100

Epoch 00008: mean_squared_error improved from 0.00000 to 0.00000, saving model to /gpfswork/rech/ynx/ulx23va/repo/wf-SEDs/model_WFE_size/wf-outputs/chkp/wfe_study_bis/chkp_callback_poly_wfe_study_128_bis_1_cycle1
63/63 - 137s - loss: 1.0079e-06 - mean_squared_error: 1.3851e-06 - val_loss: 9.1724e-08 - val_mean_squared_error: 9.1724e-08 - 137s/epoch - 2s/step
Epoch 9/100

Epoch 00009: mean_squared_error improved from 0.00000 to 0.00000, saving model to /gpfswork/rech/ynx/ulx23va/repo/wf-SEDs/model_WFE_size/wf-outputs/chkp/wfe_study_bis/chkp_callback_poly_wfe_study_128_bis_1_cycle1
63/63 - 137s - loss: 9.9366e-07 - mean_squared_error: 1.3717e-06 - val_loss: 7.9983e-08 - val_mean_squared_error: 7.9983e-08 - 137s/epoch - 2s/step
Epoch 10/100

Epoch 00010: mean_squared_error improved from 0.00000 to 0.00000, saving model to /gpfswork/rech/ynx/ulx23va/repo/wf-SEDs/model_WFE_size/wf-outputs/chkp/wfe_study_bis/chkp_callback_poly_wfe_study_128_bis_1_cycle1
63/63 - 137s - loss: 9.7924e-07 - mean_squared_error: 1.3585e-06 - val_loss: 7.0980e-08 - val_mean_squared_error: 7.0980e-08 - 137s/epoch - 2s/step
Epoch 11/100

Epoch 00011: mean_squared_error improved from 0.00000 to 0.00000, saving model to /gpfswork/rech/ynx/ulx23va/repo/wf-SEDs/model_WFE_size/wf-outputs/chkp/wfe_study_bis/chkp_callback_poly_wfe_study_128_bis_1_cycle1
63/63 - 137s - loss: 9.6939e-07 - mean_squared_error: 1.3496e-06 - val_loss: 6.0167e-08 - val_mean_squared_error: 6.0167e-08 - 137s/epoch - 2s/step
Epoch 12/100

Epoch 00012: mean_squared_error improved from 0.00000 to 0.00000, saving model to /gpfswork/rech/ynx/ulx23va/repo/wf-SEDs/model_WFE_size/wf-outputs/chkp/wfe_study_bis/chkp_callback_poly_wfe_study_128_bis_1_cycle1
63/63 - 136s - loss: 9.6904e-07 - mean_squared_error: 1.3477e-06 - val_loss: 6.0502e-08 - val_mean_squared_error: 6.0502e-08 - 136s/epoch - 2s/step
Epoch 13/100

Epoch 00013: mean_squared_error improved from 0.00000 to 0.00000, saving model to /gpfswork/rech/ynx/ulx23va/repo/wf-SEDs/model_WFE_size/wf-outputs/chkp/wfe_study_bis/chkp_callback_poly_wfe_study_128_bis_1_cycle1
63/63 - 137s - loss: 9.5599e-07 - mean_squared_error: 1.3366e-06 - val_loss: 5.1689e-08 - val_mean_squared_error: 5.1689e-08 - 137s/epoch - 2s/step
Epoch 14/100

Epoch 00014: mean_squared_error improved from 0.00000 to 0.00000, saving model to /gpfswork/rech/ynx/ulx23va/repo/wf-SEDs/model_WFE_size/wf-outputs/chkp/wfe_study_bis/chkp_callback_poly_wfe_study_128_bis_1_cycle1
63/63 - 137s - loss: 9.5269e-07 - mean_squared_error: 1.3329e-06 - val_loss: 4.4595e-08 - val_mean_squared_error: 4.4595e-08 - 137s/epoch - 2s/step
Epoch 15/100

Epoch 00015: mean_squared_error improved from 0.00000 to 0.00000, saving model to /gpfswork/rech/ynx/ulx23va/repo/wf-SEDs/model_WFE_size/wf-outputs/chkp/wfe_study_bis/chkp_callback_poly_wfe_study_128_bis_1_cycle1
63/63 - 138s - loss: 9.4555e-07 - mean_squared_error: 1.3266e-06 - val_loss: 5.0538e-08 - val_mean_squared_error: 5.0538e-08 - 138s/epoch - 2s/step
Epoch 16/100

Epoch 00016: mean_squared_error did not improve from 0.00000
63/63 - 137s - loss: 9.5598e-07 - mean_squared_error: 1.3354e-06 - val_loss: 4.5122e-08 - val_mean_squared_error: 4.5122e-08 - 137s/epoch - 2s/step
Epoch 17/100

Epoch 00017: mean_squared_error improved from 0.00000 to 0.00000, saving model to /gpfswork/rech/ynx/ulx23va/repo/wf-SEDs/model_WFE_size/wf-outputs/chkp/wfe_study_bis/chkp_callback_poly_wfe_study_128_bis_1_cycle1
63/63 - 138s - loss: 9.3911e-07 - mean_squared_error: 1.3209e-06 - val_loss: 3.4652e-08 - val_mean_squared_error: 3.4652e-08 - 138s/epoch - 2s/step
Epoch 18/100

Epoch 00018: mean_squared_error improved from 0.00000 to 0.00000, saving model to /gpfswork/rech/ynx/ulx23va/repo/wf-SEDs/model_WFE_size/wf-outputs/chkp/wfe_study_bis/chkp_callback_poly_wfe_study_128_bis_1_cycle1
63/63 - 137s - loss: 9.3400e-07 - mean_squared_error: 1.3163e-06 - val_loss: 3.6936e-08 - val_mean_squared_error: 3.6936e-08 - 137s/epoch - 2s/step
Epoch 19/100

Epoch 00019: mean_squared_error improved from 0.00000 to 0.00000, saving model to /gpfswork/rech/ynx/ulx23va/repo/wf-SEDs/model_WFE_size/wf-outputs/chkp/wfe_study_bis/chkp_callback_poly_wfe_study_128_bis_1_cycle1
63/63 - 137s - loss: 9.3219e-07 - mean_squared_error: 1.3146e-06 - val_loss: 3.2882e-08 - val_mean_squared_error: 3.2882e-08 - 137s/epoch - 2s/step
Epoch 20/100

Epoch 00020: mean_squared_error improved from 0.00000 to 0.00000, saving model to /gpfswork/rech/ynx/ulx23va/repo/wf-SEDs/model_WFE_size/wf-outputs/chkp/wfe_study_bis/chkp_callback_poly_wfe_study_128_bis_1_cycle1
63/63 - 137s - loss: 9.2969e-07 - mean_squared_error: 1.3121e-06 - val_loss: 2.8070e-08 - val_mean_squared_error: 2.8070e-08 - 137s/epoch - 2s/step
Epoch 21/100

Epoch 00021: mean_squared_error improved from 0.00000 to 0.00000, saving model to /gpfswork/rech/ynx/ulx23va/repo/wf-SEDs/model_WFE_size/wf-outputs/chkp/wfe_study_bis/chkp_callback_poly_wfe_study_128_bis_1_cycle1
63/63 - 137s - loss: 9.2952e-07 - mean_squared_error: 1.3119e-06 - val_loss: 2.9273e-08 - val_mean_squared_error: 2.9273e-08 - 137s/epoch - 2s/step
Epoch 22/100

Epoch 00022: mean_squared_error did not improve from 0.00000
63/63 - 137s - loss: 9.3283e-07 - mean_squared_error: 1.3143e-06 - val_loss: 3.2455e-08 - val_mean_squared_error: 3.2455e-08 - 137s/epoch - 2s/step
Epoch 23/100

Epoch 00023: mean_squared_error improved from 0.00000 to 0.00000, saving model to /gpfswork/rech/ynx/ulx23va/repo/wf-SEDs/model_WFE_size/wf-outputs/chkp/wfe_study_bis/chkp_callback_poly_wfe_study_128_bis_1_cycle1
63/63 - 136s - loss: 9.2944e-07 - mean_squared_error: 1.3119e-06 - val_loss: 2.7330e-08 - val_mean_squared_error: 2.7330e-08 - 136s/epoch - 2s/step
Epoch 24/100

Epoch 00024: mean_squared_error improved from 0.00000 to 0.00000, saving model to /gpfswork/rech/ynx/ulx23va/repo/wf-SEDs/model_WFE_size/wf-outputs/chkp/wfe_study_bis/chkp_callback_poly_wfe_study_128_bis_1_cycle1
63/63 - 137s - loss: 9.2359e-07 - mean_squared_error: 1.3066e-06 - val_loss: 2.2388e-08 - val_mean_squared_error: 2.2388e-08 - 137s/epoch - 2s/step
Epoch 25/100

Epoch 00025: mean_squared_error did not improve from 0.00000
63/63 - 137s - loss: 9.2496e-07 - mean_squared_error: 1.3072e-06 - val_loss: 2.7597e-08 - val_mean_squared_error: 2.7597e-08 - 137s/epoch - 2s/step
Epoch 26/100

Epoch 00026: mean_squared_error did not improve from 0.00000
63/63 - 137s - loss: 9.2841e-07 - mean_squared_error: 1.3109e-06 - val_loss: 2.3299e-08 - val_mean_squared_error: 2.3299e-08 - 137s/epoch - 2s/step
Epoch 27/100

Epoch 00027: mean_squared_error did not improve from 0.00000
63/63 - 138s - loss: 9.2809e-07 - mean_squared_error: 1.3100e-06 - val_loss: 2.3990e-08 - val_mean_squared_error: 2.3990e-08 - 138s/epoch - 2s/step
Epoch 28/100

Epoch 00028: mean_squared_error did not improve from 0.00000
63/63 - 137s - loss: 9.2568e-07 - mean_squared_error: 1.3074e-06 - val_loss: 2.0924e-08 - val_mean_squared_error: 2.0924e-08 - 137s/epoch - 2s/step
Epoch 29/100

Epoch 00029: mean_squared_error improved from 0.00000 to 0.00000, saving model to /gpfswork/rech/ynx/ulx23va/repo/wf-SEDs/model_WFE_size/wf-outputs/chkp/wfe_study_bis/chkp_callback_poly_wfe_study_128_bis_1_cycle1
63/63 - 137s - loss: 9.1823e-07 - mean_squared_error: 1.3015e-06 - val_loss: 1.8856e-08 - val_mean_squared_error: 1.8856e-08 - 137s/epoch - 2s/step
Epoch 30/100

Epoch 00030: mean_squared_error improved from 0.00000 to 0.00000, saving model to /gpfswork/rech/ynx/ulx23va/repo/wf-SEDs/model_WFE_size/wf-outputs/chkp/wfe_study_bis/chkp_callback_poly_wfe_study_128_bis_1_cycle1
63/63 - 137s - loss: 9.1692e-07 - mean_squared_error: 1.3005e-06 - val_loss: 1.7733e-08 - val_mean_squared_error: 1.7733e-08 - 137s/epoch - 2s/step
Epoch 31/100

Epoch 00031: mean_squared_error did not improve from 0.00000
63/63 - 135s - loss: 9.1834e-07 - mean_squared_error: 1.3017e-06 - val_loss: 1.9686e-08 - val_mean_squared_error: 1.9686e-08 - 135s/epoch - 2s/step
Epoch 32/100

Epoch 00032: mean_squared_error did not improve from 0.00000
63/63 - 136s - loss: 9.2018e-07 - mean_squared_error: 1.3031e-06 - val_loss: 1.9729e-08 - val_mean_squared_error: 1.9729e-08 - 136s/epoch - 2s/step
Epoch 33/100

Epoch 00033: mean_squared_error improved from 0.00000 to 0.00000, saving model to /gpfswork/rech/ynx/ulx23va/repo/wf-SEDs/model_WFE_size/wf-outputs/chkp/wfe_study_bis/chkp_callback_poly_wfe_study_128_bis_1_cycle1
63/63 - 136s - loss: 9.1709e-07 - mean_squared_error: 1.3003e-06 - val_loss: 2.3884e-08 - val_mean_squared_error: 2.3884e-08 - 136s/epoch - 2s/step
Epoch 34/100

Epoch 00034: mean_squared_error did not improve from 0.00000
63/63 - 136s - loss: 9.2397e-07 - mean_squared_error: 1.3051e-06 - val_loss: 3.8070e-08 - val_mean_squared_error: 3.8070e-08 - 136s/epoch - 2s/step
Epoch 35/100

Epoch 00035: mean_squared_error did not improve from 0.00000
63/63 - 137s - loss: 9.2896e-07 - mean_squared_error: 1.3105e-06 - val_loss: 1.9363e-08 - val_mean_squared_error: 1.9363e-08 - 137s/epoch - 2s/step
Epoch 36/100

Epoch 00036: mean_squared_error improved from 0.00000 to 0.00000, saving model to /gpfswork/rech/ynx/ulx23va/repo/wf-SEDs/model_WFE_size/wf-outputs/chkp/wfe_study_bis/chkp_callback_poly_wfe_study_128_bis_1_cycle1
63/63 - 136s - loss: 9.1483e-07 - mean_squared_error: 1.2983e-06 - val_loss: 2.0232e-08 - val_mean_squared_error: 2.0232e-08 - 136s/epoch - 2s/step
Epoch 37/100

Epoch 00037: mean_squared_error did not improve from 0.00000
63/63 - 136s - loss: 9.2729e-07 - mean_squared_error: 1.3078e-06 - val_loss: 1.6689e-08 - val_mean_squared_error: 1.6689e-08 - 136s/epoch - 2s/step
Epoch 38/100

Epoch 00038: mean_squared_error improved from 0.00000 to 0.00000, saving model to /gpfswork/rech/ynx/ulx23va/repo/wf-SEDs/model_WFE_size/wf-outputs/chkp/wfe_study_bis/chkp_callback_poly_wfe_study_128_bis_1_cycle1
63/63 - 136s - loss: 9.1429e-07 - mean_squared_error: 1.2977e-06 - val_loss: 1.4863e-08 - val_mean_squared_error: 1.4863e-08 - 136s/epoch - 2s/step
Epoch 39/100

Epoch 00039: mean_squared_error improved from 0.00000 to 0.00000, saving model to /gpfswork/rech/ynx/ulx23va/repo/wf-SEDs/model_WFE_size/wf-outputs/chkp/wfe_study_bis/chkp_callback_poly_wfe_study_128_bis_1_cycle1
63/63 - 137s - loss: 9.1208e-07 - mean_squared_error: 1.2960e-06 - val_loss: 1.5387e-08 - val_mean_squared_error: 1.5387e-08 - 137s/epoch - 2s/step
Epoch 40/100

Epoch 00040: mean_squared_error improved from 0.00000 to 0.00000, saving model to /gpfswork/rech/ynx/ulx23va/repo/wf-SEDs/model_WFE_size/wf-outputs/chkp/wfe_study_bis/chkp_callback_poly_wfe_study_128_bis_1_cycle1
63/63 - 137s - loss: 9.1139e-07 - mean_squared_error: 1.2954e-06 - val_loss: 1.8088e-08 - val_mean_squared_error: 1.8088e-08 - 137s/epoch - 2s/step
Epoch 41/100

Epoch 00041: mean_squared_error did not improve from 0.00000
63/63 - 137s - loss: 9.1803e-07 - mean_squared_error: 1.3009e-06 - val_loss: 2.3464e-08 - val_mean_squared_error: 2.3464e-08 - 137s/epoch - 2s/step
Epoch 42/100

Epoch 00042: mean_squared_error did not improve from 0.00000
63/63 - 138s - loss: 9.1364e-07 - mean_squared_error: 1.2972e-06 - val_loss: 1.4898e-08 - val_mean_squared_error: 1.4898e-08 - 138s/epoch - 2s/step
Epoch 43/100

Epoch 00043: mean_squared_error did not improve from 0.00000
63/63 - 136s - loss: 9.1161e-07 - mean_squared_error: 1.2954e-06 - val_loss: 1.3495e-08 - val_mean_squared_error: 1.3495e-08 - 136s/epoch - 2s/step
Epoch 44/100

Epoch 00044: mean_squared_error did not improve from 0.00000
63/63 - 136s - loss: 9.1402e-07 - mean_squared_error: 1.2973e-06 - val_loss: 1.6642e-08 - val_mean_squared_error: 1.6642e-08 - 136s/epoch - 2s/step
Epoch 45/100

Epoch 00045: mean_squared_error did not improve from 0.00000
63/63 - 136s - loss: 9.1447e-07 - mean_squared_error: 1.2976e-06 - val_loss: 1.5835e-08 - val_mean_squared_error: 1.5835e-08 - 136s/epoch - 2s/step
Epoch 46/100

Epoch 00046: mean_squared_error did not improve from 0.00000
63/63 - 137s - loss: 9.1195e-07 - mean_squared_error: 1.2957e-06 - val_loss: 1.2970e-08 - val_mean_squared_error: 1.2970e-08 - 137s/epoch - 2s/step
Epoch 47/100

Epoch 00047: mean_squared_error did not improve from 0.00000
63/63 - 136s - loss: 9.1608e-07 - mean_squared_error: 1.2987e-06 - val_loss: 1.7915e-08 - val_mean_squared_error: 1.7915e-08 - 136s/epoch - 2s/step
Epoch 48/100

Epoch 00048: mean_squared_error did not improve from 0.00000
63/63 - 135s - loss: 9.2491e-07 - mean_squared_error: 1.3060e-06 - val_loss: 1.4878e-08 - val_mean_squared_error: 1.4878e-08 - 135s/epoch - 2s/step
Epoch 49/100

Epoch 00049: mean_squared_error improved from 0.00000 to 0.00000, saving model to /gpfswork/rech/ynx/ulx23va/repo/wf-SEDs/model_WFE_size/wf-outputs/chkp/wfe_study_bis/chkp_callback_poly_wfe_study_128_bis_1_cycle1
63/63 - 137s - loss: 9.1180e-07 - mean_squared_error: 1.2954e-06 - val_loss: 1.4902e-08 - val_mean_squared_error: 1.4902e-08 - 137s/epoch - 2s/step
Epoch 50/100

Epoch 00050: mean_squared_error improved from 0.00000 to 0.00000, saving model to /gpfswork/rech/ynx/ulx23va/repo/wf-SEDs/model_WFE_size/wf-outputs/chkp/wfe_study_bis/chkp_callback_poly_wfe_study_128_bis_1_cycle1
63/63 - 137s - loss: 9.1115e-07 - mean_squared_error: 1.2948e-06 - val_loss: 1.5458e-08 - val_mean_squared_error: 1.5458e-08 - 137s/epoch - 2s/step
Epoch 51/100

Epoch 00051: mean_squared_error did not improve from 0.00000
63/63 - 138s - loss: 9.1464e-07 - mean_squared_error: 1.2976e-06 - val_loss: 1.2909e-08 - val_mean_squared_error: 1.2909e-08 - 138s/epoch - 2s/step
Epoch 52/100

Epoch 00052: mean_squared_error improved from 0.00000 to 0.00000, saving model to /gpfswork/rech/ynx/ulx23va/repo/wf-SEDs/model_WFE_size/wf-outputs/chkp/wfe_study_bis/chkp_callback_poly_wfe_study_128_bis_1_cycle1
63/63 - 137s - loss: 9.0888e-07 - mean_squared_error: 1.2928e-06 - val_loss: 1.1734e-08 - val_mean_squared_error: 1.1734e-08 - 137s/epoch - 2s/step
Epoch 53/100

Epoch 00053: mean_squared_error did not improve from 0.00000
63/63 - 137s - loss: 9.1415e-07 - mean_squared_error: 1.2970e-06 - val_loss: 1.8356e-08 - val_mean_squared_error: 1.8356e-08 - 137s/epoch - 2s/step
Epoch 54/100

Epoch 00054: mean_squared_error did not improve from 0.00000
63/63 - 137s - loss: 9.1247e-07 - mean_squared_error: 1.2958e-06 - val_loss: 1.8038e-08 - val_mean_squared_error: 1.8038e-08 - 137s/epoch - 2s/step
Epoch 55/100

Epoch 00055: mean_squared_error did not improve from 0.00000
63/63 - 138s - loss: 9.1459e-07 - mean_squared_error: 1.2979e-06 - val_loss: 2.5390e-08 - val_mean_squared_error: 2.5390e-08 - 138s/epoch - 2s/step
Epoch 56/100

Epoch 00056: mean_squared_error did not improve from 0.00000
63/63 - 137s - loss: 9.1842e-07 - mean_squared_error: 1.3012e-06 - val_loss: 1.6872e-08 - val_mean_squared_error: 1.6872e-08 - 137s/epoch - 2s/step
Epoch 57/100

Epoch 00057: mean_squared_error did not improve from 0.00000
63/63 - 137s - loss: 9.1988e-07 - mean_squared_error: 1.3019e-06 - val_loss: 1.3616e-08 - val_mean_squared_error: 1.3616e-08 - 137s/epoch - 2s/step
Epoch 58/100

Epoch 00058: mean_squared_error did not improve from 0.00000
63/63 - 137s - loss: 9.0925e-07 - mean_squared_error: 1.2931e-06 - val_loss: 1.8442e-08 - val_mean_squared_error: 1.8442e-08 - 137s/epoch - 2s/step
Epoch 59/100

Epoch 00059: mean_squared_error did not improve from 0.00000
63/63 - 137s - loss: 9.0948e-07 - mean_squared_error: 1.2934e-06 - val_loss: 1.1871e-08 - val_mean_squared_error: 1.1871e-08 - 137s/epoch - 2s/step
Epoch 60/100

Epoch 00060: mean_squared_error improved from 0.00000 to 0.00000, saving model to /gpfswork/rech/ynx/ulx23va/repo/wf-SEDs/model_WFE_size/wf-outputs/chkp/wfe_study_bis/chkp_callback_poly_wfe_study_128_bis_1_cycle1
63/63 - 137s - loss: 9.0841e-07 - mean_squared_error: 1.2924e-06 - val_loss: 1.3659e-08 - val_mean_squared_error: 1.3659e-08 - 137s/epoch - 2s/step
Epoch 61/100

Epoch 00061: mean_squared_error did not improve from 0.00000
63/63 - 137s - loss: 9.1110e-07 - mean_squared_error: 1.2948e-06 - val_loss: 1.3887e-08 - val_mean_squared_error: 1.3887e-08 - 137s/epoch - 2s/step
Epoch 62/100

Epoch 00062: mean_squared_error did not improve from 0.00000
63/63 - 136s - loss: 9.0969e-07 - mean_squared_error: 1.2933e-06 - val_loss: 1.2628e-08 - val_mean_squared_error: 1.2628e-08 - 136s/epoch - 2s/step
Epoch 63/100

Epoch 00063: mean_squared_error improved from 0.00000 to 0.00000, saving model to /gpfswork/rech/ynx/ulx23va/repo/wf-SEDs/model_WFE_size/wf-outputs/chkp/wfe_study_bis/chkp_callback_poly_wfe_study_128_bis_1_cycle1
63/63 - 137s - loss: 9.0825e-07 - mean_squared_error: 1.2921e-06 - val_loss: 1.1920e-08 - val_mean_squared_error: 1.1920e-08 - 137s/epoch - 2s/step
Epoch 64/100

Epoch 00064: mean_squared_error did not improve from 0.00000
63/63 - 137s - loss: 9.0890e-07 - mean_squared_error: 1.2925e-06 - val_loss: 1.2771e-08 - val_mean_squared_error: 1.2771e-08 - 137s/epoch - 2s/step
Epoch 65/100

Epoch 00065: mean_squared_error improved from 0.00000 to 0.00000, saving model to /gpfswork/rech/ynx/ulx23va/repo/wf-SEDs/model_WFE_size/wf-outputs/chkp/wfe_study_bis/chkp_callback_poly_wfe_study_128_bis_1_cycle1
63/63 - 138s - loss: 9.0762e-07 - mean_squared_error: 1.2917e-06 - val_loss: 1.0461e-08 - val_mean_squared_error: 1.0461e-08 - 138s/epoch - 2s/step
Epoch 66/100

Epoch 00066: mean_squared_error improved from 0.00000 to 0.00000, saving model to /gpfswork/rech/ynx/ulx23va/repo/wf-SEDs/model_WFE_size/wf-outputs/chkp/wfe_study_bis/chkp_callback_poly_wfe_study_128_bis_1_cycle1
63/63 - 138s - loss: 9.0723e-07 - mean_squared_error: 1.2914e-06 - val_loss: 1.2046e-08 - val_mean_squared_error: 1.2046e-08 - 138s/epoch - 2s/step
Epoch 67/100

Epoch 00067: mean_squared_error did not improve from 0.00000
63/63 - 137s - loss: 9.0750e-07 - mean_squared_error: 1.2915e-06 - val_loss: 1.1649e-08 - val_mean_squared_error: 1.1649e-08 - 137s/epoch - 2s/step
Epoch 68/100

Epoch 00068: mean_squared_error did not improve from 0.00000
63/63 - 137s - loss: 9.1621e-07 - mean_squared_error: 1.2997e-06 - val_loss: 2.4051e-08 - val_mean_squared_error: 2.4051e-08 - 137s/epoch - 2s/step
Epoch 69/100

Epoch 00069: mean_squared_error did not improve from 0.00000
63/63 - 136s - loss: 9.1300e-07 - mean_squared_error: 1.2959e-06 - val_loss: 1.2455e-08 - val_mean_squared_error: 1.2455e-08 - 136s/epoch - 2s/step
Epoch 70/100

Epoch 00070: mean_squared_error improved from 0.00000 to 0.00000, saving model to /gpfswork/rech/ynx/ulx23va/repo/wf-SEDs/model_WFE_size/wf-outputs/chkp/wfe_study_bis/chkp_callback_poly_wfe_study_128_bis_1_cycle1
63/63 - 136s - loss: 9.0679e-07 - mean_squared_error: 1.2908e-06 - val_loss: 1.3692e-08 - val_mean_squared_error: 1.3692e-08 - 136s/epoch - 2s/step
Epoch 71/100

Epoch 00071: mean_squared_error did not improve from 0.00000
63/63 - 135s - loss: 9.0876e-07 - mean_squared_error: 1.2927e-06 - val_loss: 1.1028e-08 - val_mean_squared_error: 1.1028e-08 - 135s/epoch - 2s/step
Epoch 72/100

Epoch 00072: mean_squared_error improved from 0.00000 to 0.00000, saving model to /gpfswork/rech/ynx/ulx23va/repo/wf-SEDs/model_WFE_size/wf-outputs/chkp/wfe_study_bis/chkp_callback_poly_wfe_study_128_bis_1_cycle1
63/63 - 135s - loss: 9.0662e-07 - mean_squared_error: 1.2907e-06 - val_loss: 1.2602e-08 - val_mean_squared_error: 1.2602e-08 - 135s/epoch - 2s/step
Epoch 73/100

Epoch 00073: mean_squared_error did not improve from 0.00000
63/63 - 136s - loss: 9.1046e-07 - mean_squared_error: 1.2938e-06 - val_loss: 1.5408e-08 - val_mean_squared_error: 1.5408e-08 - 136s/epoch - 2s/step
Epoch 74/100

Epoch 00074: mean_squared_error did not improve from 0.00000
63/63 - 135s - loss: 9.1166e-07 - mean_squared_error: 1.2949e-06 - val_loss: 1.2123e-08 - val_mean_squared_error: 1.2123e-08 - 135s/epoch - 2s/step
Epoch 75/100

Epoch 00075: mean_squared_error did not improve from 0.00000
63/63 - 136s - loss: 9.0707e-07 - mean_squared_error: 1.2911e-06 - val_loss: 1.5790e-08 - val_mean_squared_error: 1.5790e-08 - 136s/epoch - 2s/step
Epoch 76/100

Epoch 00076: mean_squared_error did not improve from 0.00000
63/63 - 136s - loss: 9.0895e-07 - mean_squared_error: 1.2927e-06 - val_loss: 1.6488e-08 - val_mean_squared_error: 1.6488e-08 - 136s/epoch - 2s/step
Epoch 77/100

Epoch 00077: mean_squared_error did not improve from 0.00000
63/63 - 135s - loss: 9.4217e-07 - mean_squared_error: 1.3198e-06 - val_loss: 2.6200e-08 - val_mean_squared_error: 2.6200e-08 - 135s/epoch - 2s/step
Epoch 78/100

Epoch 00078: mean_squared_error did not improve from 0.00000
63/63 - 136s - loss: 9.1811e-07 - mean_squared_error: 1.3001e-06 - val_loss: 1.2475e-08 - val_mean_squared_error: 1.2475e-08 - 136s/epoch - 2s/step
Epoch 79/100

Epoch 00079: mean_squared_error did not improve from 0.00000
63/63 - 135s - loss: 9.0767e-07 - mean_squared_error: 1.2915e-06 - val_loss: 1.0931e-08 - val_mean_squared_error: 1.0931e-08 - 135s/epoch - 2s/step
Epoch 80/100

Epoch 00080: mean_squared_error did not improve from 0.00000
63/63 - 136s - loss: 9.0916e-07 - mean_squared_error: 1.2928e-06 - val_loss: 1.3345e-08 - val_mean_squared_error: 1.3345e-08 - 136s/epoch - 2s/step
Epoch 81/100

Epoch 00081: mean_squared_error did not improve from 0.00000
63/63 - 135s - loss: 9.0856e-07 - mean_squared_error: 1.2925e-06 - val_loss: 9.9155e-09 - val_mean_squared_error: 9.9155e-09 - 135s/epoch - 2s/step
Epoch 82/100

Epoch 00082: mean_squared_error improved from 0.00000 to 0.00000, saving model to /gpfswork/rech/ynx/ulx23va/repo/wf-SEDs/model_WFE_size/wf-outputs/chkp/wfe_study_bis/chkp_callback_poly_wfe_study_128_bis_1_cycle1
63/63 - 135s - loss: 9.0543e-07 - mean_squared_error: 1.2896e-06 - val_loss: 9.2181e-09 - val_mean_squared_error: 9.2181e-09 - 135s/epoch - 2s/step
Epoch 83/100

Epoch 00083: mean_squared_error improved from 0.00000 to 0.00000, saving model to /gpfswork/rech/ynx/ulx23va/repo/wf-SEDs/model_WFE_size/wf-outputs/chkp/wfe_study_bis/chkp_callback_poly_wfe_study_128_bis_1_cycle1
63/63 - 136s - loss: 9.0464e-07 - mean_squared_error: 1.2890e-06 - val_loss: 9.1137e-09 - val_mean_squared_error: 9.1137e-09 - 136s/epoch - 2s/step
Epoch 84/100

Epoch 00084: mean_squared_error did not improve from 0.00000
63/63 - 135s - loss: 9.0576e-07 - mean_squared_error: 1.2900e-06 - val_loss: 9.8938e-09 - val_mean_squared_error: 9.8938e-09 - 135s/epoch - 2s/step
Epoch 85/100

Epoch 00085: mean_squared_error did not improve from 0.00000
63/63 - 136s - loss: 9.1839e-07 - mean_squared_error: 1.2997e-06 - val_loss: 4.2498e-08 - val_mean_squared_error: 4.2498e-08 - 136s/epoch - 2s/step
Epoch 86/100

Epoch 00086: mean_squared_error did not improve from 0.00000
63/63 - 136s - loss: 9.1137e-07 - mean_squared_error: 1.2951e-06 - val_loss: 1.0507e-08 - val_mean_squared_error: 1.0507e-08 - 136s/epoch - 2s/step
Epoch 87/100

Epoch 00087: mean_squared_error did not improve from 0.00000
63/63 - 135s - loss: 9.0551e-07 - mean_squared_error: 1.2896e-06 - val_loss: 9.1248e-09 - val_mean_squared_error: 9.1248e-09 - 135s/epoch - 2s/step
Epoch 88/100

Epoch 00088: mean_squared_error improved from 0.00000 to 0.00000, saving model to /gpfswork/rech/ynx/ulx23va/repo/wf-SEDs/model_WFE_size/wf-outputs/chkp/wfe_study_bis/chkp_callback_poly_wfe_study_128_bis_1_cycle1
63/63 - 135s - loss: 9.0449e-07 - mean_squared_error: 1.2887e-06 - val_loss: 9.9361e-09 - val_mean_squared_error: 9.9361e-09 - 135s/epoch - 2s/step
Epoch 89/100

Epoch 00089: mean_squared_error did not improve from 0.00000
63/63 - 135s - loss: 9.0451e-07 - mean_squared_error: 1.2887e-06 - val_loss: 1.0036e-08 - val_mean_squared_error: 1.0036e-08 - 135s/epoch - 2s/step
Epoch 90/100

Epoch 00090: mean_squared_error did not improve from 0.00000
63/63 - 136s - loss: 9.0571e-07 - mean_squared_error: 1.2899e-06 - val_loss: 1.0955e-08 - val_mean_squared_error: 1.0955e-08 - 136s/epoch - 2s/step
Epoch 91/100

Epoch 00091: mean_squared_error did not improve from 0.00000
63/63 - 138s - loss: 9.0859e-07 - mean_squared_error: 1.2921e-06 - val_loss: 1.1885e-08 - val_mean_squared_error: 1.1885e-08 - 138s/epoch - 2s/step
Epoch 92/100

Epoch 00092: mean_squared_error did not improve from 0.00000
63/63 - 136s - loss: 9.0907e-07 - mean_squared_error: 1.2928e-06 - val_loss: 1.2150e-08 - val_mean_squared_error: 1.2150e-08 - 136s/epoch - 2s/step
Epoch 93/100

Epoch 00093: mean_squared_error did not improve from 0.00000
63/63 - 136s - loss: 9.0950e-07 - mean_squared_error: 1.2930e-06 - val_loss: 1.8832e-08 - val_mean_squared_error: 1.8832e-08 - 136s/epoch - 2s/step
Epoch 94/100

Epoch 00094: mean_squared_error did not improve from 0.00000
63/63 - 137s - loss: 9.1098e-07 - mean_squared_error: 1.2941e-06 - val_loss: 2.6378e-08 - val_mean_squared_error: 2.6378e-08 - 137s/epoch - 2s/step
Epoch 95/100

Epoch 00095: mean_squared_error did not improve from 0.00000
63/63 - 137s - loss: 9.1216e-07 - mean_squared_error: 1.2951e-06 - val_loss: 1.3197e-08 - val_mean_squared_error: 1.3197e-08 - 137s/epoch - 2s/step
Epoch 96/100

Epoch 00096: mean_squared_error did not improve from 0.00000
63/63 - 137s - loss: 9.0924e-07 - mean_squared_error: 1.2927e-06 - val_loss: 1.6316e-08 - val_mean_squared_error: 1.6316e-08 - 137s/epoch - 2s/step
Epoch 97/100

Epoch 00097: mean_squared_error did not improve from 0.00000
63/63 - 137s - loss: 9.0879e-07 - mean_squared_error: 1.2923e-06 - val_loss: 1.0771e-08 - val_mean_squared_error: 1.0771e-08 - 137s/epoch - 2s/step
Epoch 98/100

Epoch 00098: mean_squared_error did not improve from 0.00000
63/63 - 137s - loss: 9.0484e-07 - mean_squared_error: 1.2890e-06 - val_loss: 1.0690e-08 - val_mean_squared_error: 1.0690e-08 - 137s/epoch - 2s/step
Epoch 99/100

Epoch 00099: mean_squared_error did not improve from 0.00000
63/63 - 136s - loss: 9.0778e-07 - mean_squared_error: 1.2916e-06 - val_loss: 1.0401e-08 - val_mean_squared_error: 1.0401e-08 - 136s/epoch - 2s/step
Epoch 100/100

Epoch 00100: mean_squared_error did not improve from 0.00000
63/63 - 136s - loss: 9.0627e-07 - mean_squared_error: 1.2903e-06 - val_loss: 1.0701e-08 - val_mean_squared_error: 1.0701e-08 - 136s/epoch - 2s/step
Cycle1 elapsed time: 15723.879677
Starting cycle 2..
Starting parametric update..
Epoch 1/15

Epoch 00001: mean_squared_error improved from inf to 0.00000, saving model to /gpfswork/rech/ynx/ulx23va/repo/wf-SEDs/model_WFE_size/wf-outputs/chkp/wfe_study_bis/chkp_callback_poly_wfe_study_128_bis_1_cycle2
63/63 - 139s - loss: 9.0407e-07 - mean_squared_error: 1.2883e-06 - val_loss: 8.6708e-09 - val_mean_squared_error: 8.6708e-09 - 139s/epoch - 2s/step
Epoch 2/15

Epoch 00002: mean_squared_error did not improve from 0.00000
63/63 - 136s - loss: 9.0457e-07 - mean_squared_error: 1.2890e-06 - val_loss: 1.0809e-08 - val_mean_squared_error: 1.0809e-08 - 136s/epoch - 2s/step
Epoch 3/15

Epoch 00003: mean_squared_error did not improve from 0.00000
63/63 - 137s - loss: 9.0741e-07 - mean_squared_error: 1.2913e-06 - val_loss: 1.2011e-08 - val_mean_squared_error: 1.2011e-08 - 137s/epoch - 2s/step
Epoch 4/15

Epoch 00004: mean_squared_error did not improve from 0.00000
63/63 - 136s - loss: 9.0827e-07 - mean_squared_error: 1.2921e-06 - val_loss: 1.5841e-08 - val_mean_squared_error: 1.5841e-08 - 136s/epoch - 2s/step
Epoch 5/15

Epoch 00005: mean_squared_error did not improve from 0.00000
63/63 - 138s - loss: 9.0835e-07 - mean_squared_error: 1.2922e-06 - val_loss: 1.1496e-08 - val_mean_squared_error: 1.1496e-08 - 138s/epoch - 2s/step
Epoch 6/15

Epoch 00006: mean_squared_error did not improve from 0.00000
63/63 - 137s - loss: 9.1030e-07 - mean_squared_error: 1.2941e-06 - val_loss: 2.0380e-08 - val_mean_squared_error: 2.0380e-08 - 137s/epoch - 2s/step
Epoch 7/15

Epoch 00007: mean_squared_error did not improve from 0.00000
63/63 - 138s - loss: 9.1594e-07 - mean_squared_error: 1.2993e-06 - val_loss: 1.6146e-08 - val_mean_squared_error: 1.6146e-08 - 138s/epoch - 2s/step
Epoch 8/15

Epoch 00008: mean_squared_error did not improve from 0.00000
63/63 - 138s - loss: 9.1787e-07 - mean_squared_error: 1.3007e-06 - val_loss: 1.8019e-08 - val_mean_squared_error: 1.8019e-08 - 138s/epoch - 2s/step
Epoch 9/15

Epoch 00009: mean_squared_error did not improve from 0.00000
63/63 - 136s - loss: 9.1733e-07 - mean_squared_error: 1.3006e-06 - val_loss: 3.8578e-08 - val_mean_squared_error: 3.8578e-08 - 136s/epoch - 2s/step
Epoch 10/15

Epoch 00010: mean_squared_error did not improve from 0.00000
63/63 - 136s - loss: 9.2430e-07 - mean_squared_error: 1.3061e-06 - val_loss: 2.5497e-08 - val_mean_squared_error: 2.5497e-08 - 136s/epoch - 2s/step
Epoch 11/15

Epoch 00011: mean_squared_error did not improve from 0.00000
63/63 - 136s - loss: 9.4325e-07 - mean_squared_error: 1.3248e-06 - val_loss: 6.3014e-08 - val_mean_squared_error: 6.3014e-08 - 136s/epoch - 2s/step
Epoch 12/15

Epoch 00012: mean_squared_error did not improve from 0.00000
63/63 - 136s - loss: 9.4511e-07 - mean_squared_error: 1.3242e-06 - val_loss: 3.3368e-08 - val_mean_squared_error: 3.3368e-08 - 136s/epoch - 2s/step
Epoch 13/15

Epoch 00013: mean_squared_error did not improve from 0.00000
63/63 - 136s - loss: 9.2297e-07 - mean_squared_error: 1.3044e-06 - val_loss: 6.1641e-08 - val_mean_squared_error: 6.1641e-08 - 136s/epoch - 2s/step
Epoch 14/15

Epoch 00014: mean_squared_error did not improve from 0.00000
63/63 - 136s - loss: 9.2190e-07 - mean_squared_error: 1.3047e-06 - val_loss: 1.7597e-08 - val_mean_squared_error: 1.7597e-08 - 136s/epoch - 2s/step
Epoch 15/15

Epoch 00015: mean_squared_error did not improve from 0.00000
63/63 - 136s - loss: 9.1854e-07 - mean_squared_error: 1.3009e-06 - val_loss: 1.8463e-08 - val_mean_squared_error: 1.8463e-08 - 136s/epoch - 2s/step
Starting non-parametric update..
Epoch 1/50

Epoch 00001: mean_squared_error did not improve from 0.00000
63/63 - 141s - loss: 9.0526e-07 - mean_squared_error: 1.2895e-06 - val_loss: 7.4860e-09 - val_mean_squared_error: 7.4860e-09 - 141s/epoch - 2s/step
Epoch 2/50

Epoch 00002: mean_squared_error improved from 0.00000 to 0.00000, saving model to /gpfswork/rech/ynx/ulx23va/repo/wf-SEDs/model_WFE_size/wf-outputs/chkp/wfe_study_bis/chkp_callback_poly_wfe_study_128_bis_1_cycle2
63/63 - 138s - loss: 9.0161e-07 - mean_squared_error: 1.2863e-06 - val_loss: 7.1674e-09 - val_mean_squared_error: 7.1674e-09 - 138s/epoch - 2s/step
Epoch 3/50

Epoch 00003: mean_squared_error improved from 0.00000 to 0.00000, saving model to /gpfswork/rech/ynx/ulx23va/repo/wf-SEDs/model_WFE_size/wf-outputs/chkp/wfe_study_bis/chkp_callback_poly_wfe_study_128_bis_1_cycle2
63/63 - 138s - loss: 9.0142e-07 - mean_squared_error: 1.2861e-06 - val_loss: 7.0224e-09 - val_mean_squared_error: 7.0224e-09 - 138s/epoch - 2s/step
Epoch 4/50

Epoch 00004: mean_squared_error improved from 0.00000 to 0.00000, saving model to /gpfswork/rech/ynx/ulx23va/repo/wf-SEDs/model_WFE_size/wf-outputs/chkp/wfe_study_bis/chkp_callback_poly_wfe_study_128_bis_1_cycle2
63/63 - 139s - loss: 9.0134e-07 - mean_squared_error: 1.2860e-06 - val_loss: 6.8534e-09 - val_mean_squared_error: 6.8534e-09 - 139s/epoch - 2s/step
Epoch 5/50

Epoch 00005: mean_squared_error did not improve from 0.00000
63/63 - 139s - loss: 9.0134e-07 - mean_squared_error: 1.2861e-06 - val_loss: 6.9679e-09 - val_mean_squared_error: 6.9679e-09 - 139s/epoch - 2s/step
Epoch 6/50

Epoch 00006: mean_squared_error did not improve from 0.00000
63/63 - 139s - loss: 9.0136e-07 - mean_squared_error: 1.2861e-06 - val_loss: 6.9872e-09 - val_mean_squared_error: 6.9872e-09 - 139s/epoch - 2s/step
Epoch 7/50

Epoch 00007: mean_squared_error did not improve from 0.00000
63/63 - 138s - loss: 9.0133e-07 - mean_squared_error: 1.2860e-06 - val_loss: 6.8362e-09 - val_mean_squared_error: 6.8362e-09 - 138s/epoch - 2s/step
Epoch 8/50

Epoch 00008: mean_squared_error did not improve from 0.00000
63/63 - 140s - loss: 9.0139e-07 - mean_squared_error: 1.2861e-06 - val_loss: 7.0127e-09 - val_mean_squared_error: 7.0127e-09 - 140s/epoch - 2s/step
Epoch 9/50

Epoch 00009: mean_squared_error did not improve from 0.00000
63/63 - 139s - loss: 9.0137e-07 - mean_squared_error: 1.2861e-06 - val_loss: 6.9673e-09 - val_mean_squared_error: 6.9673e-09 - 139s/epoch - 2s/step
Epoch 10/50

Epoch 00010: mean_squared_error improved from 0.00000 to 0.00000, saving model to /gpfswork/rech/ynx/ulx23va/repo/wf-SEDs/model_WFE_size/wf-outputs/chkp/wfe_study_bis/chkp_callback_poly_wfe_study_128_bis_1_cycle2
63/63 - 139s - loss: 9.0131e-07 - mean_squared_error: 1.2860e-06 - val_loss: 6.9632e-09 - val_mean_squared_error: 6.9632e-09 - 139s/epoch - 2s/step
Epoch 11/50

Epoch 00011: mean_squared_error did not improve from 0.00000
63/63 - 138s - loss: 9.0134e-07 - mean_squared_error: 1.2860e-06 - val_loss: 7.1098e-09 - val_mean_squared_error: 7.1098e-09 - 138s/epoch - 2s/step
Epoch 12/50

Epoch 00012: mean_squared_error did not improve from 0.00000
63/63 - 139s - loss: 9.0134e-07 - mean_squared_error: 1.2860e-06 - val_loss: 6.9346e-09 - val_mean_squared_error: 6.9346e-09 - 139s/epoch - 2s/step
Epoch 13/50

Epoch 00013: mean_squared_error did not improve from 0.00000
63/63 - 139s - loss: 9.0142e-07 - mean_squared_error: 1.2861e-06 - val_loss: 6.8697e-09 - val_mean_squared_error: 6.8697e-09 - 139s/epoch - 2s/step
Epoch 14/50

Epoch 00014: mean_squared_error did not improve from 0.00000
63/63 - 138s - loss: 9.0135e-07 - mean_squared_error: 1.2860e-06 - val_loss: 7.0901e-09 - val_mean_squared_error: 7.0901e-09 - 138s/epoch - 2s/step
Epoch 15/50

Epoch 00015: mean_squared_error improved from 0.00000 to 0.00000, saving model to /gpfswork/rech/ynx/ulx23va/repo/wf-SEDs/model_WFE_size/wf-outputs/chkp/wfe_study_bis/chkp_callback_poly_wfe_study_128_bis_1_cycle2
63/63 - 138s - loss: 9.0129e-07 - mean_squared_error: 1.2859e-06 - val_loss: 6.9162e-09 - val_mean_squared_error: 6.9162e-09 - 138s/epoch - 2s/step
Epoch 16/50

Epoch 00016: mean_squared_error did not improve from 0.00000
63/63 - 139s - loss: 9.0155e-07 - mean_squared_error: 1.2862e-06 - val_loss: 6.8911e-09 - val_mean_squared_error: 6.8911e-09 - 139s/epoch - 2s/step
Epoch 17/50

Epoch 00017: mean_squared_error did not improve from 0.00000
63/63 - 139s - loss: 9.0124e-07 - mean_squared_error: 1.2860e-06 - val_loss: 6.8221e-09 - val_mean_squared_error: 6.8221e-09 - 139s/epoch - 2s/step
Epoch 18/50

Epoch 00018: mean_squared_error did not improve from 0.00000
63/63 - 138s - loss: 9.0125e-07 - mean_squared_error: 1.2860e-06 - val_loss: 6.8919e-09 - val_mean_squared_error: 6.8919e-09 - 138s/epoch - 2s/step
Epoch 19/50

Epoch 00019: mean_squared_error did not improve from 0.00000
63/63 - 138s - loss: 9.0131e-07 - mean_squared_error: 1.2860e-06 - val_loss: 6.9702e-09 - val_mean_squared_error: 6.9702e-09 - 138s/epoch - 2s/step
Epoch 20/50

Epoch 00020: mean_squared_error did not improve from 0.00000
63/63 - 139s - loss: 9.0148e-07 - mean_squared_error: 1.2861e-06 - val_loss: 6.8794e-09 - val_mean_squared_error: 6.8794e-09 - 139s/epoch - 2s/step
Epoch 21/50

Epoch 00021: mean_squared_error did not improve from 0.00000
63/63 - 139s - loss: 9.0131e-07 - mean_squared_error: 1.2860e-06 - val_loss: 7.5687e-09 - val_mean_squared_error: 7.5687e-09 - 139s/epoch - 2s/step
Epoch 22/50

Epoch 00022: mean_squared_error improved from 0.00000 to 0.00000, saving model to /gpfswork/rech/ynx/ulx23va/repo/wf-SEDs/model_WFE_size/wf-outputs/chkp/wfe_study_bis/chkp_callback_poly_wfe_study_128_bis_1_cycle2
63/63 - 137s - loss: 9.0128e-07 - mean_squared_error: 1.2859e-06 - val_loss: 7.0701e-09 - val_mean_squared_error: 7.0701e-09 - 137s/epoch - 2s/step
Epoch 23/50

Epoch 00023: mean_squared_error did not improve from 0.00000
63/63 - 137s - loss: 9.0135e-07 - mean_squared_error: 1.2860e-06 - val_loss: 7.3201e-09 - val_mean_squared_error: 7.3201e-09 - 137s/epoch - 2s/step
Epoch 24/50

Epoch 00024: mean_squared_error did not improve from 0.00000
63/63 - 137s - loss: 9.0136e-07 - mean_squared_error: 1.2860e-06 - val_loss: 7.1246e-09 - val_mean_squared_error: 7.1246e-09 - 137s/epoch - 2s/step
Epoch 25/50

Epoch 00025: mean_squared_error did not improve from 0.00000
63/63 - 137s - loss: 9.0131e-07 - mean_squared_error: 1.2860e-06 - val_loss: 7.1134e-09 - val_mean_squared_error: 7.1134e-09 - 137s/epoch - 2s/step
Epoch 26/50

Epoch 00026: mean_squared_error improved from 0.00000 to 0.00000, saving model to /gpfswork/rech/ynx/ulx23va/repo/wf-SEDs/model_WFE_size/wf-outputs/chkp/wfe_study_bis/chkp_callback_poly_wfe_study_128_bis_1_cycle2
63/63 - 137s - loss: 9.0119e-07 - mean_squared_error: 1.2858e-06 - val_loss: 6.9835e-09 - val_mean_squared_error: 6.9835e-09 - 137s/epoch - 2s/step
Epoch 27/50

Epoch 00027: mean_squared_error did not improve from 0.00000
63/63 - 137s - loss: 9.0131e-07 - mean_squared_error: 1.2860e-06 - val_loss: 7.2775e-09 - val_mean_squared_error: 7.2775e-09 - 137s/epoch - 2s/step
Epoch 28/50

Epoch 00028: mean_squared_error did not improve from 0.00000
63/63 - 137s - loss: 9.0134e-07 - mean_squared_error: 1.2861e-06 - val_loss: 6.6805e-09 - val_mean_squared_error: 6.6805e-09 - 137s/epoch - 2s/step
Epoch 29/50

Epoch 00029: mean_squared_error improved from 0.00000 to 0.00000, saving model to /gpfswork/rech/ynx/ulx23va/repo/wf-SEDs/model_WFE_size/wf-outputs/chkp/wfe_study_bis/chkp_callback_poly_wfe_study_128_bis_1_cycle2
63/63 - 138s - loss: 9.0105e-07 - mean_squared_error: 1.2858e-06 - val_loss: 7.0169e-09 - val_mean_squared_error: 7.0169e-09 - 138s/epoch - 2s/step
Epoch 30/50

Epoch 00030: mean_squared_error did not improve from 0.00000
63/63 - 137s - loss: 9.0113e-07 - mean_squared_error: 1.2858e-06 - val_loss: 7.4677e-09 - val_mean_squared_error: 7.4677e-09 - 137s/epoch - 2s/step
Epoch 31/50

Epoch 00031: mean_squared_error improved from 0.00000 to 0.00000, saving model to /gpfswork/rech/ynx/ulx23va/repo/wf-SEDs/model_WFE_size/wf-outputs/chkp/wfe_study_bis/chkp_callback_poly_wfe_study_128_bis_1_cycle2
63/63 - 138s - loss: 9.0104e-07 - mean_squared_error: 1.2857e-06 - val_loss: 6.5854e-09 - val_mean_squared_error: 6.5854e-09 - 138s/epoch - 2s/step
Epoch 32/50

Epoch 00032: mean_squared_error did not improve from 0.00000
63/63 - 138s - loss: 9.0120e-07 - mean_squared_error: 1.2859e-06 - val_loss: 7.0070e-09 - val_mean_squared_error: 7.0070e-09 - 138s/epoch - 2s/step
Epoch 33/50

Epoch 00033: mean_squared_error did not improve from 0.00000
63/63 - 138s - loss: 9.0121e-07 - mean_squared_error: 1.2859e-06 - val_loss: 7.0448e-09 - val_mean_squared_error: 7.0448e-09 - 138s/epoch - 2s/step
Epoch 34/50

Epoch 00034: mean_squared_error did not improve from 0.00000
63/63 - 139s - loss: 9.0123e-07 - mean_squared_error: 1.2859e-06 - val_loss: 7.0443e-09 - val_mean_squared_error: 7.0443e-09 - 139s/epoch - 2s/step
Epoch 35/50

Epoch 00035: mean_squared_error did not improve from 0.00000
63/63 - 139s - loss: 9.0196e-07 - mean_squared_error: 1.2865e-06 - val_loss: 6.7491e-09 - val_mean_squared_error: 6.7491e-09 - 139s/epoch - 2s/step
Epoch 36/50

Epoch 00036: mean_squared_error did not improve from 0.00000
63/63 - 138s - loss: 9.0122e-07 - mean_squared_error: 1.2859e-06 - val_loss: 7.0875e-09 - val_mean_squared_error: 7.0875e-09 - 138s/epoch - 2s/step
Epoch 37/50

Epoch 00037: mean_squared_error did not improve from 0.00000
63/63 - 138s - loss: 9.0136e-07 - mean_squared_error: 1.2860e-06 - val_loss: 6.9791e-09 - val_mean_squared_error: 6.9791e-09 - 138s/epoch - 2s/step
Epoch 38/50

Epoch 00038: mean_squared_error did not improve from 0.00000
63/63 - 138s - loss: 9.0113e-07 - mean_squared_error: 1.2858e-06 - val_loss: 6.9451e-09 - val_mean_squared_error: 6.9451e-09 - 138s/epoch - 2s/step
Epoch 39/50

Epoch 00039: mean_squared_error did not improve from 0.00000
63/63 - 139s - loss: 9.0117e-07 - mean_squared_error: 1.2859e-06 - val_loss: 7.1222e-09 - val_mean_squared_error: 7.1222e-09 - 139s/epoch - 2s/step
Epoch 40/50

Epoch 00040: mean_squared_error did not improve from 0.00000
63/63 - 138s - loss: 9.0137e-07 - mean_squared_error: 1.2859e-06 - val_loss: 7.1856e-09 - val_mean_squared_error: 7.1856e-09 - 138s/epoch - 2s/step
Epoch 41/50

Epoch 00041: mean_squared_error improved from 0.00000 to 0.00000, saving model to /gpfswork/rech/ynx/ulx23va/repo/wf-SEDs/model_WFE_size/wf-outputs/chkp/wfe_study_bis/chkp_callback_poly_wfe_study_128_bis_1_cycle2
63/63 - 138s - loss: 9.0102e-07 - mean_squared_error: 1.2857e-06 - val_loss: 7.4155e-09 - val_mean_squared_error: 7.4155e-09 - 138s/epoch - 2s/step
Epoch 42/50

Epoch 00042: mean_squared_error did not improve from 0.00000
63/63 - 139s - loss: 9.0135e-07 - mean_squared_error: 1.2860e-06 - val_loss: 6.8371e-09 - val_mean_squared_error: 6.8371e-09 - 139s/epoch - 2s/step
Epoch 43/50

Epoch 00043: mean_squared_error did not improve from 0.00000
63/63 - 139s - loss: 9.0114e-07 - mean_squared_error: 1.2858e-06 - val_loss: 7.2813e-09 - val_mean_squared_error: 7.2813e-09 - 139s/epoch - 2s/step
Epoch 44/50

Epoch 00044: mean_squared_error did not improve from 0.00000
63/63 - 138s - loss: 9.0098e-07 - mean_squared_error: 1.2857e-06 - val_loss: 6.6888e-09 - val_mean_squared_error: 6.6888e-09 - 138s/epoch - 2s/step
Epoch 45/50

Epoch 00045: mean_squared_error improved from 0.00000 to 0.00000, saving model to /gpfswork/rech/ynx/ulx23va/repo/wf-SEDs/model_WFE_size/wf-outputs/chkp/wfe_study_bis/chkp_callback_poly_wfe_study_128_bis_1_cycle2
63/63 - 140s - loss: 9.0082e-07 - mean_squared_error: 1.2855e-06 - val_loss: 7.1325e-09 - val_mean_squared_error: 7.1325e-09 - 140s/epoch - 2s/step
Epoch 46/50

Epoch 00046: mean_squared_error did not improve from 0.00000
63/63 - 137s - loss: 9.0142e-07 - mean_squared_error: 1.2860e-06 - val_loss: 7.0876e-09 - val_mean_squared_error: 7.0876e-09 - 137s/epoch - 2s/step
Epoch 47/50

Epoch 00047: mean_squared_error did not improve from 0.00000
63/63 - 140s - loss: 9.0109e-07 - mean_squared_error: 1.2858e-06 - val_loss: 6.9286e-09 - val_mean_squared_error: 6.9286e-09 - 140s/epoch - 2s/step
Epoch 48/50

Epoch 00048: mean_squared_error improved from 0.00000 to 0.00000, saving model to /gpfswork/rech/ynx/ulx23va/repo/wf-SEDs/model_WFE_size/wf-outputs/chkp/wfe_study_bis/chkp_callback_poly_wfe_study_128_bis_1_cycle2
63/63 - 140s - loss: 9.0081e-07 - mean_squared_error: 1.2855e-06 - val_loss: 6.5868e-09 - val_mean_squared_error: 6.5868e-09 - 140s/epoch - 2s/step
Epoch 49/50

Epoch 00049: mean_squared_error improved from 0.00000 to 0.00000, saving model to /gpfswork/rech/ynx/ulx23va/repo/wf-SEDs/model_WFE_size/wf-outputs/chkp/wfe_study_bis/chkp_callback_poly_wfe_study_128_bis_1_cycle2
63/63 - 137s - loss: 9.0076e-07 - mean_squared_error: 1.2855e-06 - val_loss: 6.8031e-09 - val_mean_squared_error: 6.8031e-09 - 137s/epoch - 2s/step
Epoch 50/50

Epoch 00050: mean_squared_error improved from 0.00000 to 0.00000, saving model to /gpfswork/rech/ynx/ulx23va/repo/wf-SEDs/model_WFE_size/wf-outputs/chkp/wfe_study_bis/chkp_callback_poly_wfe_study_128_bis_1_cycle2
63/63 - 140s - loss: 9.0080e-07 - mean_squared_error: 1.2855e-06 - val_loss: 6.8413e-09 - val_mean_squared_error: 6.8413e-09 - 140s/epoch - 2s/step
Cycle2 elapsed time: 8974.180951

Total elapsed time: 24701.951903

 Good bye..
