Starting the log file.
Found GPU at: /device:GPU:0
tf_version: 2.7.0
Dataset parameters:
{'d_max': 2, 'max_order': 45, 'x_lims': [0, 1000.0], 'y_lims': [0, 1000.0], 'grid_points': [4, 4], 'n_bins': 20, 'max_wfe_rms': 0.1, 'oversampling_rate': 3.0, 'output_Q': 3.0, 'output_dim': 32, 'LP_filter_length': 2, 'pupil_diameter': 4096, 'euclid_obsc': True, 'n_stars': 2000}

***
Metric evaluation on the test dataset
***

Absolute RMSE:	 2.3736e-04 	 +/- 5.5367e-05
Relative RMSE:	 3.2730e+00 % 	 +/- 9.2218e-01 %
Absolute RMSE:	 1.3127e-01 	 +/- 1.9178e-02
Relative RMSE:	 1.7778e+02 % 	 +/- 1.5324e+01 %

Pixel star absolute RMSE:	 7.5115e-05 	 +/- 1.7643e-05 
Pixel star relative RMSE:	 5.1024e+00 % 	 +/- 1.6441e+00 %

sigma(e1) RMSE =		 1.2466e-02 	 +/- 1.2088e-02 
sigma(e2) RMSE =		 1.6343e-02 	 +/- 1.6207e-02 
sigma(R2)/<R2> =		 8.6733e-02 	 +/- 6.5887e-02 

Relative sigma(e1) RMSE =	 2.9892e+03 % 	 +/- 2.9878e+03 %
Relative sigma(e2) RMSE =	 2.2562e+03 % 	 +/- 2.2543e+03 %

Total number of stars: 		400
Problematic number of stars: 	0

***
Metric evaluation on the train dataset
***

Absolute RMSE:	 2.4590e-04 	 +/- 5.8519e-05
Relative RMSE:	 3.3501e+00 % 	 +/- 9.4253e-01 %
Absolute RMSE:	 1.2961e-01 	 +/- 1.8534e-02
Relative RMSE:	 1.7802e+02 % 	 +/- 1.5557e+01 %

Pixel star absolute RMSE:	 7.6258e-05 	 +/- 1.8734e-05 
Pixel star relative RMSE:	 5.1165e+00 % 	 +/- 1.7949e+00 %

sigma(e1) RMSE =		 1.4123e-02 	 +/- 1.3892e-02 
sigma(e2) RMSE =		 1.1294e-02 	 +/- 1.1162e-02 
sigma(R2)/<R2> =		 9.4110e-02 	 +/- 6.0654e-02 

Relative sigma(e1) RMSE =	 3.2082e+03 % 	 +/- 3.2080e+03 %
Relative sigma(e2) RMSE =	 5.5647e+02 % 	 +/- 5.5641e+02 %

Total number of stars: 		2000
Problematic number of stars: 	1

Total elapsed time: 1925.148035

 Good bye..
