Starting the log file.
Found GPU at: /device:GPU:0
tf_version: 2.7.0
Dataset parameters:
{'d_max': 2, 'max_order': 45, 'x_lims': [0, 1000.0], 'y_lims': [0, 1000.0], 'grid_points': [4, 4], 'n_bins': 20, 'max_wfe_rms': 0.1, 'oversampling_rate': 3.0, 'output_Q': 3.0, 'output_dim': 32, 'LP_filter_length': 2, 'pupil_diameter': 4096, 'euclid_obsc': True, 'n_stars': 2000}

***
Metric evaluation on the test dataset
***

Absolute RMSE:	 2.2553e-04 	 +/- 4.6410e-05
Relative RMSE:	 3.0997e+00 % 	 +/- 7.5185e-01 %
Absolute RMSE:	 1.3252e-01 	 +/- 1.5595e-02
Relative RMSE:	 1.7978e+02 % 	 +/- 1.2189e+01 %

Pixel star absolute RMSE:	 6.2993e-05 	 +/- 1.2963e-05 
Pixel star relative RMSE:	 4.2615e+00 % 	 +/- 1.2190e+00 %

sigma(e1) RMSE =		 8.3632e-03 	 +/- 8.1701e-03 
sigma(e2) RMSE =		 1.5891e-02 	 +/- 1.5621e-02 
sigma(R2)/<R2> =		 7.7668e-02 	 +/- 5.6936e-02 

Relative sigma(e1) RMSE =	 1.4644e+03 % 	 +/- 1.4579e+03 %
Relative sigma(e2) RMSE =	 2.7350e+03 % 	 +/- 2.7314e+03 %

Total number of stars: 		400
Problematic number of stars: 	0

***
Metric evaluation on the train dataset
***

Absolute RMSE:	 2.3239e-04 	 +/- 5.0131e-05
Relative RMSE:	 3.1547e+00 % 	 +/- 7.6397e-01 %
Absolute RMSE:	 1.3135e-01 	 +/- 1.4748e-02
Relative RMSE:	 1.8072e+02 % 	 +/- 1.1602e+01 %

Pixel star absolute RMSE:	 6.4014e-05 	 +/- 1.3474e-05 
Pixel star relative RMSE:	 4.2671e+00 % 	 +/- 1.2477e+00 %

sigma(e1) RMSE =		 9.2524e-03 	 +/- 9.0179e-03 
sigma(e2) RMSE =		 1.0755e-02 	 +/- 1.0449e-02 
sigma(R2)/<R2> =		 5.1012e-02 	 +/- 3.7054e-02 

Relative sigma(e1) RMSE =	 2.2996e+03 % 	 +/- 2.2994e+03 %
Relative sigma(e2) RMSE =	 5.4649e+02 % 	 +/- 5.4649e+02 %

Total number of stars: 		2000
Problematic number of stars: 	0

Total elapsed time: 1895.848152

 Good bye..
