Starting the log file.
Found GPU at: /device:GPU:0
tf_version: 2.7.0
Zernike cube:
(15, 64, 64)
Dataset parameters:
{'d_max': 2, 'max_order': 45, 'x_lims': [0, 1000.0], 'y_lims': [0, 1000.0], 'grid_points': [4, 4], 'n_bins': 20, 'max_wfe_rms': 0.1, 'oversampling_rate': 3.0, 'output_Q': 3.0, 'output_dim': 32, 'LP_filter_length': 2, 'pupil_diameter': 4096, 'euclid_obsc': True, 'n_stars': 2000}
Starting cycle 1..
Starting parametric update..
Epoch 1/15

Epoch 00001: mean_squared_error improved from inf to 0.00001, saving model to /gpfswork/rech/ynx/ulx23va/repo/wf-SEDs/model_WFE_size/wf-outputs/chkp/wfe_study_bis/chkp_callback_poly_wfe_study_064_bis_3_cycle1
63/63 - 117s - loss: 8.9401e-06 - mean_squared_error: 8.3754e-06 - val_loss: 1.9035e-06 - val_mean_squared_error: 1.9035e-06 - 117s/epoch - 2s/step
Epoch 2/15

Epoch 00002: mean_squared_error improved from 0.00001 to 0.00000, saving model to /gpfswork/rech/ynx/ulx23va/repo/wf-SEDs/model_WFE_size/wf-outputs/chkp/wfe_study_bis/chkp_callback_poly_wfe_study_064_bis_3_cycle1
63/63 - 112s - loss: 2.4126e-06 - mean_squared_error: 2.6169e-06 - val_loss: 1.0001e-06 - val_mean_squared_error: 1.0001e-06 - 112s/epoch - 2s/step
Epoch 3/15

Epoch 00003: mean_squared_error improved from 0.00000 to 0.00000, saving model to /gpfswork/rech/ynx/ulx23va/repo/wf-SEDs/model_WFE_size/wf-outputs/chkp/wfe_study_bis/chkp_callback_poly_wfe_study_064_bis_3_cycle1
63/63 - 113s - loss: 1.8585e-06 - mean_squared_error: 2.1216e-06 - val_loss: 7.8674e-07 - val_mean_squared_error: 7.8674e-07 - 113s/epoch - 2s/step
Epoch 4/15

Epoch 00004: mean_squared_error improved from 0.00000 to 0.00000, saving model to /gpfswork/rech/ynx/ulx23va/repo/wf-SEDs/model_WFE_size/wf-outputs/chkp/wfe_study_bis/chkp_callback_poly_wfe_study_064_bis_3_cycle1
63/63 - 115s - loss: 1.7637e-06 - mean_squared_error: 2.0342e-06 - val_loss: 7.6478e-07 - val_mean_squared_error: 7.6478e-07 - 115s/epoch - 2s/step
Epoch 5/15

Epoch 00005: mean_squared_error improved from 0.00000 to 0.00000, saving model to /gpfswork/rech/ynx/ulx23va/repo/wf-SEDs/model_WFE_size/wf-outputs/chkp/wfe_study_bis/chkp_callback_poly_wfe_study_064_bis_3_cycle1
63/63 - 115s - loss: 1.7643e-06 - mean_squared_error: 2.0292e-06 - val_loss: 7.4678e-07 - val_mean_squared_error: 7.4678e-07 - 115s/epoch - 2s/step
Epoch 6/15

Epoch 00006: mean_squared_error improved from 0.00000 to 0.00000, saving model to /gpfswork/rech/ynx/ulx23va/repo/wf-SEDs/model_WFE_size/wf-outputs/chkp/wfe_study_bis/chkp_callback_poly_wfe_study_064_bis_3_cycle1
63/63 - 114s - loss: 1.7387e-06 - mean_squared_error: 2.0092e-06 - val_loss: 7.3116e-07 - val_mean_squared_error: 7.3116e-07 - 114s/epoch - 2s/step
Epoch 7/15

Epoch 00007: mean_squared_error did not improve from 0.00000
63/63 - 115s - loss: 1.7429e-06 - mean_squared_error: 2.0137e-06 - val_loss: 7.3391e-07 - val_mean_squared_error: 7.3391e-07 - 115s/epoch - 2s/step
Epoch 8/15

Epoch 00008: mean_squared_error improved from 0.00000 to 0.00000, saving model to /gpfswork/rech/ynx/ulx23va/repo/wf-SEDs/model_WFE_size/wf-outputs/chkp/wfe_study_bis/chkp_callback_poly_wfe_study_064_bis_3_cycle1
63/63 - 115s - loss: 1.7154e-06 - mean_squared_error: 1.9964e-06 - val_loss: 7.1705e-07 - val_mean_squared_error: 7.1705e-07 - 115s/epoch - 2s/step
Epoch 9/15

Epoch 00009: mean_squared_error improved from 0.00000 to 0.00000, saving model to /gpfswork/rech/ynx/ulx23va/repo/wf-SEDs/model_WFE_size/wf-outputs/chkp/wfe_study_bis/chkp_callback_poly_wfe_study_064_bis_3_cycle1
63/63 - 115s - loss: 1.6881e-06 - mean_squared_error: 1.9774e-06 - val_loss: 7.0840e-07 - val_mean_squared_error: 7.0840e-07 - 115s/epoch - 2s/step
Epoch 10/15

Epoch 00010: mean_squared_error improved from 0.00000 to 0.00000, saving model to /gpfswork/rech/ynx/ulx23va/repo/wf-SEDs/model_WFE_size/wf-outputs/chkp/wfe_study_bis/chkp_callback_poly_wfe_study_064_bis_3_cycle1
63/63 - 115s - loss: 1.6747e-06 - mean_squared_error: 1.9718e-06 - val_loss: 6.8940e-07 - val_mean_squared_error: 6.8940e-07 - 115s/epoch - 2s/step
Epoch 11/15

Epoch 00011: mean_squared_error did not improve from 0.00000
63/63 - 114s - loss: 1.6915e-06 - mean_squared_error: 1.9874e-06 - val_loss: 8.0589e-07 - val_mean_squared_error: 8.0589e-07 - 114s/epoch - 2s/step
Epoch 12/15

Epoch 00012: mean_squared_error did not improve from 0.00000
63/63 - 115s - loss: 1.7127e-06 - mean_squared_error: 2.0037e-06 - val_loss: 7.2583e-07 - val_mean_squared_error: 7.2583e-07 - 115s/epoch - 2s/step
Epoch 13/15

Epoch 00013: mean_squared_error did not improve from 0.00000
63/63 - 114s - loss: 1.6902e-06 - mean_squared_error: 1.9833e-06 - val_loss: 7.6143e-07 - val_mean_squared_error: 7.6143e-07 - 114s/epoch - 2s/step
Epoch 14/15

Epoch 00014: mean_squared_error did not improve from 0.00000
63/63 - 114s - loss: 1.7039e-06 - mean_squared_error: 1.9978e-06 - val_loss: 7.2425e-07 - val_mean_squared_error: 7.2425e-07 - 114s/epoch - 2s/step
Epoch 15/15

Epoch 00015: mean_squared_error did not improve from 0.00000
63/63 - 114s - loss: 1.7045e-06 - mean_squared_error: 1.9990e-06 - val_loss: 7.5018e-07 - val_mean_squared_error: 7.5018e-07 - 114s/epoch - 2s/step
Starting non-parametric update..
Epoch 1/100

Epoch 00001: mean_squared_error improved from 0.00000 to 0.00000, saving model to /gpfswork/rech/ynx/ulx23va/repo/wf-SEDs/model_WFE_size/wf-outputs/chkp/wfe_study_bis/chkp_callback_poly_wfe_study_064_bis_3_cycle1
63/63 - 123s - loss: 1.5168e-06 - mean_squared_error: 1.8409e-06 - val_loss: 4.2047e-07 - val_mean_squared_error: 4.2047e-07 - 123s/epoch - 2s/step
Epoch 2/100

Epoch 00002: mean_squared_error improved from 0.00000 to 0.00000, saving model to /gpfswork/rech/ynx/ulx23va/repo/wf-SEDs/model_WFE_size/wf-outputs/chkp/wfe_study_bis/chkp_callback_poly_wfe_study_064_bis_3_cycle1
63/63 - 119s - loss: 1.2588e-06 - mean_squared_error: 1.6114e-06 - val_loss: 2.5369e-07 - val_mean_squared_error: 2.5369e-07 - 119s/epoch - 2s/step
Epoch 3/100

Epoch 00003: mean_squared_error improved from 0.00000 to 0.00000, saving model to /gpfswork/rech/ynx/ulx23va/repo/wf-SEDs/model_WFE_size/wf-outputs/chkp/wfe_study_bis/chkp_callback_poly_wfe_study_064_bis_3_cycle1
63/63 - 119s - loss: 1.1325e-06 - mean_squared_error: 1.4954e-06 - val_loss: 1.8145e-07 - val_mean_squared_error: 1.8145e-07 - 119s/epoch - 2s/step
Epoch 4/100

Epoch 00004: mean_squared_error improved from 0.00000 to 0.00000, saving model to /gpfswork/rech/ynx/ulx23va/repo/wf-SEDs/model_WFE_size/wf-outputs/chkp/wfe_study_bis/chkp_callback_poly_wfe_study_064_bis_3_cycle1
63/63 - 119s - loss: 1.0772e-06 - mean_squared_error: 1.4454e-06 - val_loss: 1.4496e-07 - val_mean_squared_error: 1.4496e-07 - 119s/epoch - 2s/step
Epoch 5/100

Epoch 00005: mean_squared_error improved from 0.00000 to 0.00000, saving model to /gpfswork/rech/ynx/ulx23va/repo/wf-SEDs/model_WFE_size/wf-outputs/chkp/wfe_study_bis/chkp_callback_poly_wfe_study_064_bis_3_cycle1
63/63 - 119s - loss: 1.0393e-06 - mean_squared_error: 1.4117e-06 - val_loss: 1.1201e-07 - val_mean_squared_error: 1.1201e-07 - 119s/epoch - 2s/step
Epoch 6/100

Epoch 00006: mean_squared_error improved from 0.00000 to 0.00000, saving model to /gpfswork/rech/ynx/ulx23va/repo/wf-SEDs/model_WFE_size/wf-outputs/chkp/wfe_study_bis/chkp_callback_poly_wfe_study_064_bis_3_cycle1
63/63 - 117s - loss: 1.0106e-06 - mean_squared_error: 1.3862e-06 - val_loss: 9.8229e-08 - val_mean_squared_error: 9.8229e-08 - 117s/epoch - 2s/step
Epoch 7/100

Epoch 00007: mean_squared_error improved from 0.00000 to 0.00000, saving model to /gpfswork/rech/ynx/ulx23va/repo/wf-SEDs/model_WFE_size/wf-outputs/chkp/wfe_study_bis/chkp_callback_poly_wfe_study_064_bis_3_cycle1
63/63 - 117s - loss: 1.0029e-06 - mean_squared_error: 1.3762e-06 - val_loss: 8.5479e-08 - val_mean_squared_error: 8.5479e-08 - 117s/epoch - 2s/step
Epoch 8/100

Epoch 00008: mean_squared_error improved from 0.00000 to 0.00000, saving model to /gpfswork/rech/ynx/ulx23va/repo/wf-SEDs/model_WFE_size/wf-outputs/chkp/wfe_study_bis/chkp_callback_poly_wfe_study_064_bis_3_cycle1
63/63 - 115s - loss: 9.8804e-07 - mean_squared_error: 1.3650e-06 - val_loss: 7.8638e-08 - val_mean_squared_error: 7.8638e-08 - 115s/epoch - 2s/step
Epoch 9/100

Epoch 00009: mean_squared_error improved from 0.00000 to 0.00000, saving model to /gpfswork/rech/ynx/ulx23va/repo/wf-SEDs/model_WFE_size/wf-outputs/chkp/wfe_study_bis/chkp_callback_poly_wfe_study_064_bis_3_cycle1
63/63 - 111s - loss: 9.7837e-07 - mean_squared_error: 1.3558e-06 - val_loss: 6.8760e-08 - val_mean_squared_error: 6.8760e-08 - 111s/epoch - 2s/step
Epoch 10/100

Epoch 00010: mean_squared_error improved from 0.00000 to 0.00000, saving model to /gpfswork/rech/ynx/ulx23va/repo/wf-SEDs/model_WFE_size/wf-outputs/chkp/wfe_study_bis/chkp_callback_poly_wfe_study_064_bis_3_cycle1
63/63 - 114s - loss: 9.7686e-07 - mean_squared_error: 1.3544e-06 - val_loss: 7.0715e-08 - val_mean_squared_error: 7.0715e-08 - 114s/epoch - 2s/step
Epoch 11/100

Epoch 00011: mean_squared_error did not improve from 0.00000
63/63 - 116s - loss: 9.7849e-07 - mean_squared_error: 1.3557e-06 - val_loss: 7.6922e-08 - val_mean_squared_error: 7.6922e-08 - 116s/epoch - 2s/step
Epoch 12/100

Epoch 00012: mean_squared_error improved from 0.00000 to 0.00000, saving model to /gpfswork/rech/ynx/ulx23va/repo/wf-SEDs/model_WFE_size/wf-outputs/chkp/wfe_study_bis/chkp_callback_poly_wfe_study_064_bis_3_cycle1
63/63 - 116s - loss: 9.6160e-07 - mean_squared_error: 1.3404e-06 - val_loss: 5.9039e-08 - val_mean_squared_error: 5.9039e-08 - 116s/epoch - 2s/step
Epoch 13/100

Epoch 00013: mean_squared_error did not improve from 0.00000
63/63 - 117s - loss: 9.6698e-07 - mean_squared_error: 1.3445e-06 - val_loss: 5.5125e-08 - val_mean_squared_error: 5.5125e-08 - 117s/epoch - 2s/step
Epoch 14/100

Epoch 00014: mean_squared_error did not improve from 0.00000
63/63 - 117s - loss: 9.6629e-07 - mean_squared_error: 1.3438e-06 - val_loss: 6.0639e-08 - val_mean_squared_error: 6.0639e-08 - 117s/epoch - 2s/step
Epoch 15/100

Epoch 00015: mean_squared_error improved from 0.00000 to 0.00000, saving model to /gpfswork/rech/ynx/ulx23va/repo/wf-SEDs/model_WFE_size/wf-outputs/chkp/wfe_study_bis/chkp_callback_poly_wfe_study_064_bis_3_cycle1
63/63 - 117s - loss: 9.6123e-07 - mean_squared_error: 1.3399e-06 - val_loss: 5.6493e-08 - val_mean_squared_error: 5.6493e-08 - 117s/epoch - 2s/step
Epoch 16/100

Epoch 00016: mean_squared_error improved from 0.00000 to 0.00000, saving model to /gpfswork/rech/ynx/ulx23va/repo/wf-SEDs/model_WFE_size/wf-outputs/chkp/wfe_study_bis/chkp_callback_poly_wfe_study_064_bis_3_cycle1
63/63 - 116s - loss: 9.5459e-07 - mean_squared_error: 1.3348e-06 - val_loss: 7.6711e-08 - val_mean_squared_error: 7.6711e-08 - 116s/epoch - 2s/step
Epoch 17/100

Epoch 00017: mean_squared_error did not improve from 0.00000
63/63 - 117s - loss: 9.7906e-07 - mean_squared_error: 1.3519e-06 - val_loss: 5.2757e-08 - val_mean_squared_error: 5.2757e-08 - 117s/epoch - 2s/step
Epoch 18/100

Epoch 00018: mean_squared_error improved from 0.00000 to 0.00000, saving model to /gpfswork/rech/ynx/ulx23va/repo/wf-SEDs/model_WFE_size/wf-outputs/chkp/wfe_study_bis/chkp_callback_poly_wfe_study_064_bis_3_cycle1
63/63 - 117s - loss: 9.5369e-07 - mean_squared_error: 1.3324e-06 - val_loss: 5.0855e-08 - val_mean_squared_error: 5.0855e-08 - 117s/epoch - 2s/step
Epoch 19/100

Epoch 00019: mean_squared_error did not improve from 0.00000
63/63 - 117s - loss: 9.5834e-07 - mean_squared_error: 1.3359e-06 - val_loss: 5.3781e-08 - val_mean_squared_error: 5.3781e-08 - 117s/epoch - 2s/step
Epoch 20/100

Epoch 00020: mean_squared_error improved from 0.00000 to 0.00000, saving model to /gpfswork/rech/ynx/ulx23va/repo/wf-SEDs/model_WFE_size/wf-outputs/chkp/wfe_study_bis/chkp_callback_poly_wfe_study_064_bis_3_cycle1
63/63 - 117s - loss: 9.5007e-07 - mean_squared_error: 1.3292e-06 - val_loss: 4.7517e-08 - val_mean_squared_error: 4.7517e-08 - 117s/epoch - 2s/step
Epoch 21/100

Epoch 00021: mean_squared_error did not improve from 0.00000
63/63 - 115s - loss: 9.5800e-07 - mean_squared_error: 1.3357e-06 - val_loss: 5.3215e-08 - val_mean_squared_error: 5.3215e-08 - 115s/epoch - 2s/step
Epoch 22/100

Epoch 00022: mean_squared_error did not improve from 0.00000
63/63 - 113s - loss: 9.5089e-07 - mean_squared_error: 1.3301e-06 - val_loss: 4.5999e-08 - val_mean_squared_error: 4.5999e-08 - 113s/epoch - 2s/step
Epoch 23/100

Epoch 00023: mean_squared_error did not improve from 0.00000
63/63 - 114s - loss: 9.5727e-07 - mean_squared_error: 1.3334e-06 - val_loss: 8.7697e-08 - val_mean_squared_error: 8.7697e-08 - 114s/epoch - 2s/step
Epoch 24/100

Epoch 00024: mean_squared_error did not improve from 0.00000
63/63 - 115s - loss: 9.5862e-07 - mean_squared_error: 1.3368e-06 - val_loss: 4.4103e-08 - val_mean_squared_error: 4.4103e-08 - 115s/epoch - 2s/step
Epoch 25/100

Epoch 00025: mean_squared_error improved from 0.00000 to 0.00000, saving model to /gpfswork/rech/ynx/ulx23va/repo/wf-SEDs/model_WFE_size/wf-outputs/chkp/wfe_study_bis/chkp_callback_poly_wfe_study_064_bis_3_cycle1
63/63 - 114s - loss: 9.4229e-07 - mean_squared_error: 1.3221e-06 - val_loss: 4.1744e-08 - val_mean_squared_error: 4.1744e-08 - 114s/epoch - 2s/step
Epoch 26/100

Epoch 00026: mean_squared_error improved from 0.00000 to 0.00000, saving model to /gpfswork/rech/ynx/ulx23va/repo/wf-SEDs/model_WFE_size/wf-outputs/chkp/wfe_study_bis/chkp_callback_poly_wfe_study_064_bis_3_cycle1
63/63 - 115s - loss: 9.3980e-07 - mean_squared_error: 1.3207e-06 - val_loss: 4.2058e-08 - val_mean_squared_error: 4.2058e-08 - 115s/epoch - 2s/step
Epoch 27/100

Epoch 00027: mean_squared_error did not improve from 0.00000
63/63 - 116s - loss: 9.4455e-07 - mean_squared_error: 1.3244e-06 - val_loss: 5.2731e-08 - val_mean_squared_error: 5.2731e-08 - 116s/epoch - 2s/step
Epoch 28/100

Epoch 00028: mean_squared_error did not improve from 0.00000
63/63 - 116s - loss: 9.4310e-07 - mean_squared_error: 1.3234e-06 - val_loss: 5.5982e-08 - val_mean_squared_error: 5.5982e-08 - 116s/epoch - 2s/step
Epoch 29/100

Epoch 00029: mean_squared_error did not improve from 0.00000
63/63 - 116s - loss: 9.4799e-07 - mean_squared_error: 1.3260e-06 - val_loss: 4.5354e-08 - val_mean_squared_error: 4.5354e-08 - 116s/epoch - 2s/step
Epoch 30/100

Epoch 00030: mean_squared_error improved from 0.00000 to 0.00000, saving model to /gpfswork/rech/ynx/ulx23va/repo/wf-SEDs/model_WFE_size/wf-outputs/chkp/wfe_study_bis/chkp_callback_poly_wfe_study_064_bis_3_cycle1
63/63 - 116s - loss: 9.3941e-07 - mean_squared_error: 1.3191e-06 - val_loss: 3.7713e-08 - val_mean_squared_error: 3.7713e-08 - 116s/epoch - 2s/step
Epoch 31/100

Epoch 00031: mean_squared_error improved from 0.00000 to 0.00000, saving model to /gpfswork/rech/ynx/ulx23va/repo/wf-SEDs/model_WFE_size/wf-outputs/chkp/wfe_study_bis/chkp_callback_poly_wfe_study_064_bis_3_cycle1
63/63 - 116s - loss: 9.3634e-07 - mean_squared_error: 1.3177e-06 - val_loss: 4.8384e-08 - val_mean_squared_error: 4.8384e-08 - 116s/epoch - 2s/step
Epoch 32/100

Epoch 00032: mean_squared_error did not improve from 0.00000
63/63 - 115s - loss: 9.6290e-07 - mean_squared_error: 1.3409e-06 - val_loss: 5.7859e-08 - val_mean_squared_error: 5.7859e-08 - 115s/epoch - 2s/step
Epoch 33/100

Epoch 00033: mean_squared_error did not improve from 0.00000
63/63 - 114s - loss: 9.3865e-07 - mean_squared_error: 1.3196e-06 - val_loss: 3.9007e-08 - val_mean_squared_error: 3.9007e-08 - 114s/epoch - 2s/step
Epoch 34/100

Epoch 00034: mean_squared_error did not improve from 0.00000
63/63 - 115s - loss: 9.4947e-07 - mean_squared_error: 1.3259e-06 - val_loss: 6.1475e-08 - val_mean_squared_error: 6.1475e-08 - 115s/epoch - 2s/step
Epoch 35/100

Epoch 00035: mean_squared_error did not improve from 0.00000
63/63 - 117s - loss: 9.5035e-07 - mean_squared_error: 1.3291e-06 - val_loss: 4.0816e-08 - val_mean_squared_error: 4.0816e-08 - 117s/epoch - 2s/step
Epoch 36/100

Epoch 00036: mean_squared_error did not improve from 0.00000
63/63 - 117s - loss: 9.5295e-07 - mean_squared_error: 1.3306e-06 - val_loss: 3.8761e-08 - val_mean_squared_error: 3.8761e-08 - 117s/epoch - 2s/step
Epoch 37/100

Epoch 00037: mean_squared_error improved from 0.00000 to 0.00000, saving model to /gpfswork/rech/ynx/ulx23va/repo/wf-SEDs/model_WFE_size/wf-outputs/chkp/wfe_study_bis/chkp_callback_poly_wfe_study_064_bis_3_cycle1
63/63 - 116s - loss: 9.3278e-07 - mean_squared_error: 1.3143e-06 - val_loss: 3.7155e-08 - val_mean_squared_error: 3.7155e-08 - 116s/epoch - 2s/step
Epoch 38/100

Epoch 00038: mean_squared_error did not improve from 0.00000
63/63 - 116s - loss: 9.4093e-07 - mean_squared_error: 1.3211e-06 - val_loss: 4.5032e-08 - val_mean_squared_error: 4.5032e-08 - 116s/epoch - 2s/step
Epoch 39/100

Epoch 00039: mean_squared_error did not improve from 0.00000
63/63 - 116s - loss: 9.3968e-07 - mean_squared_error: 1.3202e-06 - val_loss: 3.5585e-08 - val_mean_squared_error: 3.5585e-08 - 116s/epoch - 2s/step
Epoch 40/100

Epoch 00040: mean_squared_error did not improve from 0.00000
63/63 - 116s - loss: 9.3625e-07 - mean_squared_error: 1.3171e-06 - val_loss: 3.6133e-08 - val_mean_squared_error: 3.6133e-08 - 116s/epoch - 2s/step
Epoch 41/100

Epoch 00041: mean_squared_error did not improve from 0.00000
63/63 - 116s - loss: 9.3812e-07 - mean_squared_error: 1.3183e-06 - val_loss: 3.4165e-08 - val_mean_squared_error: 3.4165e-08 - 116s/epoch - 2s/step
Epoch 42/100

Epoch 00042: mean_squared_error did not improve from 0.00000
63/63 - 110s - loss: 9.3345e-07 - mean_squared_error: 1.3147e-06 - val_loss: 3.6419e-08 - val_mean_squared_error: 3.6419e-08 - 110s/epoch - 2s/step
Epoch 43/100

Epoch 00043: mean_squared_error did not improve from 0.00000
63/63 - 110s - loss: 9.3630e-07 - mean_squared_error: 1.3167e-06 - val_loss: 3.4740e-08 - val_mean_squared_error: 3.4740e-08 - 110s/epoch - 2s/step
Epoch 44/100

Epoch 00044: mean_squared_error improved from 0.00000 to 0.00000, saving model to /gpfswork/rech/ynx/ulx23va/repo/wf-SEDs/model_WFE_size/wf-outputs/chkp/wfe_study_bis/chkp_callback_poly_wfe_study_064_bis_3_cycle1
63/63 - 116s - loss: 9.3344e-07 - mean_squared_error: 1.3143e-06 - val_loss: 3.4067e-08 - val_mean_squared_error: 3.4067e-08 - 116s/epoch - 2s/step
Epoch 45/100

Epoch 00045: mean_squared_error did not improve from 0.00000
63/63 - 116s - loss: 9.3616e-07 - mean_squared_error: 1.3171e-06 - val_loss: 3.4330e-08 - val_mean_squared_error: 3.4330e-08 - 116s/epoch - 2s/step
Epoch 46/100

Epoch 00046: mean_squared_error improved from 0.00000 to 0.00000, saving model to /gpfswork/rech/ynx/ulx23va/repo/wf-SEDs/model_WFE_size/wf-outputs/chkp/wfe_study_bis/chkp_callback_poly_wfe_study_064_bis_3_cycle1
63/63 - 116s - loss: 9.3032e-07 - mean_squared_error: 1.3120e-06 - val_loss: 3.3168e-08 - val_mean_squared_error: 3.3168e-08 - 116s/epoch - 2s/step
Epoch 47/100

Epoch 00047: mean_squared_error did not improve from 0.00000
63/63 - 116s - loss: 9.4074e-07 - mean_squared_error: 1.3210e-06 - val_loss: 5.0276e-08 - val_mean_squared_error: 5.0276e-08 - 116s/epoch - 2s/step
Epoch 48/100

Epoch 00048: mean_squared_error did not improve from 0.00000
63/63 - 116s - loss: 9.3833e-07 - mean_squared_error: 1.3189e-06 - val_loss: 3.2587e-08 - val_mean_squared_error: 3.2587e-08 - 116s/epoch - 2s/step
Epoch 49/100

Epoch 00049: mean_squared_error did not improve from 0.00000
63/63 - 114s - loss: 9.3155e-07 - mean_squared_error: 1.3127e-06 - val_loss: 3.5336e-08 - val_mean_squared_error: 3.5336e-08 - 114s/epoch - 2s/step
Epoch 50/100

Epoch 00050: mean_squared_error did not improve from 0.00000
63/63 - 114s - loss: 9.3286e-07 - mean_squared_error: 1.3144e-06 - val_loss: 3.7392e-08 - val_mean_squared_error: 3.7392e-08 - 114s/epoch - 2s/step
Epoch 51/100

Epoch 00051: mean_squared_error did not improve from 0.00000
63/63 - 115s - loss: 9.3341e-07 - mean_squared_error: 1.3145e-06 - val_loss: 2.9577e-08 - val_mean_squared_error: 2.9577e-08 - 115s/epoch - 2s/step
Epoch 52/100

Epoch 00052: mean_squared_error did not improve from 0.00000
63/63 - 117s - loss: 9.3722e-07 - mean_squared_error: 1.3176e-06 - val_loss: 4.2450e-08 - val_mean_squared_error: 4.2450e-08 - 117s/epoch - 2s/step
Epoch 53/100

Epoch 00053: mean_squared_error did not improve from 0.00000
63/63 - 116s - loss: 9.3347e-07 - mean_squared_error: 1.3150e-06 - val_loss: 3.2208e-08 - val_mean_squared_error: 3.2208e-08 - 116s/epoch - 2s/step
Epoch 54/100

Epoch 00054: mean_squared_error did not improve from 0.00000
63/63 - 116s - loss: 9.3149e-07 - mean_squared_error: 1.3125e-06 - val_loss: 3.0715e-08 - val_mean_squared_error: 3.0715e-08 - 116s/epoch - 2s/step
Epoch 55/100

Epoch 00055: mean_squared_error did not improve from 0.00000
63/63 - 116s - loss: 9.3562e-07 - mean_squared_error: 1.3161e-06 - val_loss: 3.0951e-08 - val_mean_squared_error: 3.0951e-08 - 116s/epoch - 2s/step
Epoch 56/100

Epoch 00056: mean_squared_error did not improve from 0.00000
63/63 - 116s - loss: 9.3318e-07 - mean_squared_error: 1.3144e-06 - val_loss: 3.6926e-08 - val_mean_squared_error: 3.6926e-08 - 116s/epoch - 2s/step
Epoch 57/100

Epoch 00057: mean_squared_error did not improve from 0.00000
63/63 - 114s - loss: 9.3318e-07 - mean_squared_error: 1.3142e-06 - val_loss: 3.9586e-08 - val_mean_squared_error: 3.9586e-08 - 114s/epoch - 2s/step
Epoch 58/100

Epoch 00058: mean_squared_error did not improve from 0.00000
63/63 - 113s - loss: 9.3698e-07 - mean_squared_error: 1.3175e-06 - val_loss: 5.3154e-08 - val_mean_squared_error: 5.3154e-08 - 113s/epoch - 2s/step
Epoch 59/100

Epoch 00059: mean_squared_error did not improve from 0.00000
63/63 - 113s - loss: 9.3308e-07 - mean_squared_error: 1.3149e-06 - val_loss: 3.5161e-08 - val_mean_squared_error: 3.5161e-08 - 113s/epoch - 2s/step
Epoch 60/100

Epoch 00060: mean_squared_error improved from 0.00000 to 0.00000, saving model to /gpfswork/rech/ynx/ulx23va/repo/wf-SEDs/model_WFE_size/wf-outputs/chkp/wfe_study_bis/chkp_callback_poly_wfe_study_064_bis_3_cycle1
63/63 - 113s - loss: 9.2862e-07 - mean_squared_error: 1.3104e-06 - val_loss: 3.3284e-08 - val_mean_squared_error: 3.3284e-08 - 113s/epoch - 2s/step
Epoch 61/100

Epoch 00061: mean_squared_error improved from 0.00000 to 0.00000, saving model to /gpfswork/rech/ynx/ulx23va/repo/wf-SEDs/model_WFE_size/wf-outputs/chkp/wfe_study_bis/chkp_callback_poly_wfe_study_064_bis_3_cycle1
63/63 - 115s - loss: 9.2699e-07 - mean_squared_error: 1.3090e-06 - val_loss: 3.0648e-08 - val_mean_squared_error: 3.0648e-08 - 115s/epoch - 2s/step
Epoch 62/100

Epoch 00062: mean_squared_error did not improve from 0.00000
63/63 - 118s - loss: 9.2805e-07 - mean_squared_error: 1.3098e-06 - val_loss: 3.2371e-08 - val_mean_squared_error: 3.2371e-08 - 118s/epoch - 2s/step
Epoch 63/100

Epoch 00063: mean_squared_error did not improve from 0.00000
63/63 - 117s - loss: 9.2927e-07 - mean_squared_error: 1.3108e-06 - val_loss: 3.3745e-08 - val_mean_squared_error: 3.3745e-08 - 117s/epoch - 2s/step
Epoch 64/100

Epoch 00064: mean_squared_error did not improve from 0.00000
63/63 - 115s - loss: 9.2831e-07 - mean_squared_error: 1.3100e-06 - val_loss: 2.9369e-08 - val_mean_squared_error: 2.9369e-08 - 115s/epoch - 2s/step
Epoch 65/100

Epoch 00065: mean_squared_error did not improve from 0.00000
63/63 - 114s - loss: 9.2748e-07 - mean_squared_error: 1.3097e-06 - val_loss: 3.0548e-08 - val_mean_squared_error: 3.0548e-08 - 114s/epoch - 2s/step
Epoch 66/100

Epoch 00066: mean_squared_error did not improve from 0.00000
63/63 - 113s - loss: 9.3070e-07 - mean_squared_error: 1.3118e-06 - val_loss: 4.3671e-08 - val_mean_squared_error: 4.3671e-08 - 113s/epoch - 2s/step
Epoch 67/100

Epoch 00067: mean_squared_error did not improve from 0.00000
63/63 - 114s - loss: 9.3315e-07 - mean_squared_error: 1.3140e-06 - val_loss: 3.0004e-08 - val_mean_squared_error: 3.0004e-08 - 114s/epoch - 2s/step
Epoch 68/100

Epoch 00068: mean_squared_error did not improve from 0.00000
63/63 - 114s - loss: 9.3313e-07 - mean_squared_error: 1.3138e-06 - val_loss: 3.4156e-08 - val_mean_squared_error: 3.4156e-08 - 114s/epoch - 2s/step
Epoch 69/100

Epoch 00069: mean_squared_error did not improve from 0.00000
63/63 - 115s - loss: 9.2884e-07 - mean_squared_error: 1.3106e-06 - val_loss: 2.9485e-08 - val_mean_squared_error: 2.9485e-08 - 115s/epoch - 2s/step
Epoch 70/100

Epoch 00070: mean_squared_error did not improve from 0.00000
63/63 - 114s - loss: 9.2915e-07 - mean_squared_error: 1.3110e-06 - val_loss: 8.6864e-08 - val_mean_squared_error: 8.6864e-08 - 114s/epoch - 2s/step
Epoch 71/100

Epoch 00071: mean_squared_error did not improve from 0.00000
63/63 - 113s - loss: 9.6917e-07 - mean_squared_error: 1.3450e-06 - val_loss: 4.4922e-08 - val_mean_squared_error: 4.4922e-08 - 113s/epoch - 2s/step
Epoch 72/100

Epoch 00072: mean_squared_error did not improve from 0.00000
63/63 - 114s - loss: 9.6573e-07 - mean_squared_error: 1.3378e-06 - val_loss: 3.2653e-08 - val_mean_squared_error: 3.2653e-08 - 114s/epoch - 2s/step
Epoch 73/100

Epoch 00073: mean_squared_error did not improve from 0.00000
63/63 - 114s - loss: 9.2951e-07 - mean_squared_error: 1.3108e-06 - val_loss: 3.2629e-08 - val_mean_squared_error: 3.2629e-08 - 114s/epoch - 2s/step
Epoch 74/100

Epoch 00074: mean_squared_error improved from 0.00000 to 0.00000, saving model to /gpfswork/rech/ynx/ulx23va/repo/wf-SEDs/model_WFE_size/wf-outputs/chkp/wfe_study_bis/chkp_callback_poly_wfe_study_064_bis_3_cycle1
63/63 - 115s - loss: 9.2657e-07 - mean_squared_error: 1.3087e-06 - val_loss: 2.7645e-08 - val_mean_squared_error: 2.7645e-08 - 115s/epoch - 2s/step
Epoch 75/100

Epoch 00075: mean_squared_error did not improve from 0.00000
63/63 - 117s - loss: 9.2709e-07 - mean_squared_error: 1.3095e-06 - val_loss: 2.9478e-08 - val_mean_squared_error: 2.9478e-08 - 117s/epoch - 2s/step
Epoch 76/100

Epoch 00076: mean_squared_error improved from 0.00000 to 0.00000, saving model to /gpfswork/rech/ynx/ulx23va/repo/wf-SEDs/model_WFE_size/wf-outputs/chkp/wfe_study_bis/chkp_callback_poly_wfe_study_064_bis_3_cycle1
63/63 - 116s - loss: 9.2643e-07 - mean_squared_error: 1.3087e-06 - val_loss: 3.0284e-08 - val_mean_squared_error: 3.0284e-08 - 116s/epoch - 2s/step
Epoch 77/100

Epoch 00077: mean_squared_error did not improve from 0.00000
63/63 - 116s - loss: 9.2764e-07 - mean_squared_error: 1.3095e-06 - val_loss: 3.0770e-08 - val_mean_squared_error: 3.0770e-08 - 116s/epoch - 2s/step
Epoch 78/100

Epoch 00078: mean_squared_error did not improve from 0.00000
63/63 - 117s - loss: 9.3209e-07 - mean_squared_error: 1.3129e-06 - val_loss: 3.6416e-08 - val_mean_squared_error: 3.6416e-08 - 117s/epoch - 2s/step
Epoch 79/100

Epoch 00079: mean_squared_error improved from 0.00000 to 0.00000, saving model to /gpfswork/rech/ynx/ulx23va/repo/wf-SEDs/model_WFE_size/wf-outputs/chkp/wfe_study_bis/chkp_callback_poly_wfe_study_064_bis_3_cycle1
63/63 - 116s - loss: 9.2691e-07 - mean_squared_error: 1.3083e-06 - val_loss: 3.3642e-08 - val_mean_squared_error: 3.3642e-08 - 116s/epoch - 2s/step
Epoch 80/100

Epoch 00080: mean_squared_error improved from 0.00000 to 0.00000, saving model to /gpfswork/rech/ynx/ulx23va/repo/wf-SEDs/model_WFE_size/wf-outputs/chkp/wfe_study_bis/chkp_callback_poly_wfe_study_064_bis_3_cycle1
63/63 - 111s - loss: 9.2628e-07 - mean_squared_error: 1.3081e-06 - val_loss: 2.9540e-08 - val_mean_squared_error: 2.9540e-08 - 111s/epoch - 2s/step
Epoch 81/100

Epoch 00081: mean_squared_error did not improve from 0.00000
63/63 - 108s - loss: 9.3146e-07 - mean_squared_error: 1.3121e-06 - val_loss: 3.0999e-08 - val_mean_squared_error: 3.0999e-08 - 108s/epoch - 2s/step
Epoch 82/100

Epoch 00082: mean_squared_error did not improve from 0.00000
63/63 - 108s - loss: 9.2836e-07 - mean_squared_error: 1.3096e-06 - val_loss: 2.9636e-08 - val_mean_squared_error: 2.9636e-08 - 108s/epoch - 2s/step
Epoch 83/100

Epoch 00083: mean_squared_error did not improve from 0.00000
63/63 - 109s - loss: 9.2963e-07 - mean_squared_error: 1.3112e-06 - val_loss: 4.1764e-08 - val_mean_squared_error: 4.1764e-08 - 109s/epoch - 2s/step
Epoch 84/100

Epoch 00084: mean_squared_error did not improve from 0.00000
63/63 - 108s - loss: 9.3464e-07 - mean_squared_error: 1.3154e-06 - val_loss: 3.5736e-08 - val_mean_squared_error: 3.5736e-08 - 108s/epoch - 2s/step
Epoch 85/100

Epoch 00085: mean_squared_error did not improve from 0.00000
63/63 - 108s - loss: 9.2892e-07 - mean_squared_error: 1.3105e-06 - val_loss: 3.2860e-08 - val_mean_squared_error: 3.2860e-08 - 108s/epoch - 2s/step
Epoch 86/100

Epoch 00086: mean_squared_error did not improve from 0.00000
63/63 - 108s - loss: 9.2949e-07 - mean_squared_error: 1.3105e-06 - val_loss: 3.3792e-08 - val_mean_squared_error: 3.3792e-08 - 108s/epoch - 2s/step
Epoch 87/100

Epoch 00087: mean_squared_error did not improve from 0.00000
63/63 - 109s - loss: 9.3203e-07 - mean_squared_error: 1.3131e-06 - val_loss: 3.1970e-08 - val_mean_squared_error: 3.1970e-08 - 109s/epoch - 2s/step
Epoch 88/100

Epoch 00088: mean_squared_error did not improve from 0.00000
63/63 - 109s - loss: 9.3059e-07 - mean_squared_error: 1.3117e-06 - val_loss: 2.7380e-08 - val_mean_squared_error: 2.7380e-08 - 109s/epoch - 2s/step
Epoch 89/100

Epoch 00089: mean_squared_error improved from 0.00000 to 0.00000, saving model to /gpfswork/rech/ynx/ulx23va/repo/wf-SEDs/model_WFE_size/wf-outputs/chkp/wfe_study_bis/chkp_callback_poly_wfe_study_064_bis_3_cycle1
63/63 - 108s - loss: 9.2614e-07 - mean_squared_error: 1.3081e-06 - val_loss: 2.8391e-08 - val_mean_squared_error: 2.8391e-08 - 108s/epoch - 2s/step
Epoch 90/100

Epoch 00090: mean_squared_error improved from 0.00000 to 0.00000, saving model to /gpfswork/rech/ynx/ulx23va/repo/wf-SEDs/model_WFE_size/wf-outputs/chkp/wfe_study_bis/chkp_callback_poly_wfe_study_064_bis_3_cycle1
63/63 - 108s - loss: 9.2296e-07 - mean_squared_error: 1.3054e-06 - val_loss: 2.6453e-08 - val_mean_squared_error: 2.6453e-08 - 108s/epoch - 2s/step
Epoch 91/100

Epoch 00091: mean_squared_error did not improve from 0.00000
63/63 - 109s - loss: 9.2910e-07 - mean_squared_error: 1.3104e-06 - val_loss: 3.6874e-08 - val_mean_squared_error: 3.6874e-08 - 109s/epoch - 2s/step
Epoch 92/100

Epoch 00092: mean_squared_error did not improve from 0.00000
63/63 - 108s - loss: 9.3112e-07 - mean_squared_error: 1.3121e-06 - val_loss: 3.4900e-08 - val_mean_squared_error: 3.4900e-08 - 108s/epoch - 2s/step
Epoch 93/100

Epoch 00093: mean_squared_error did not improve from 0.00000
63/63 - 108s - loss: 9.2909e-07 - mean_squared_error: 1.3105e-06 - val_loss: 3.2300e-08 - val_mean_squared_error: 3.2300e-08 - 108s/epoch - 2s/step
Epoch 94/100

Epoch 00094: mean_squared_error did not improve from 0.00000
63/63 - 108s - loss: 9.2764e-07 - mean_squared_error: 1.3098e-06 - val_loss: 3.2516e-08 - val_mean_squared_error: 3.2516e-08 - 108s/epoch - 2s/step
Epoch 95/100

Epoch 00095: mean_squared_error did not improve from 0.00000
63/63 - 108s - loss: 9.2359e-07 - mean_squared_error: 1.3060e-06 - val_loss: 3.0430e-08 - val_mean_squared_error: 3.0430e-08 - 108s/epoch - 2s/step
Epoch 96/100

Epoch 00096: mean_squared_error did not improve from 0.00000
63/63 - 107s - loss: 9.2929e-07 - mean_squared_error: 1.3104e-06 - val_loss: 2.8425e-08 - val_mean_squared_error: 2.8425e-08 - 107s/epoch - 2s/step
Epoch 97/100

Epoch 00097: mean_squared_error did not improve from 0.00000
63/63 - 107s - loss: 9.2433e-07 - mean_squared_error: 1.3066e-06 - val_loss: 3.8256e-08 - val_mean_squared_error: 3.8256e-08 - 107s/epoch - 2s/step
Epoch 98/100

Epoch 00098: mean_squared_error did not improve from 0.00000
63/63 - 107s - loss: 9.2395e-07 - mean_squared_error: 1.3067e-06 - val_loss: 2.9108e-08 - val_mean_squared_error: 2.9108e-08 - 107s/epoch - 2s/step
Epoch 99/100

Epoch 00099: mean_squared_error did not improve from 0.00000
63/63 - 108s - loss: 9.2688e-07 - mean_squared_error: 1.3091e-06 - val_loss: 3.0752e-08 - val_mean_squared_error: 3.0752e-08 - 108s/epoch - 2s/step
Epoch 100/100

Epoch 00100: mean_squared_error did not improve from 0.00000
63/63 - 108s - loss: 9.2797e-07 - mean_squared_error: 1.3095e-06 - val_loss: 3.1836e-08 - val_mean_squared_error: 3.1836e-08 - 108s/epoch - 2s/step
Cycle1 elapsed time: 13118.536165
Starting cycle 2..
Starting parametric update..
Epoch 1/15

Epoch 00001: mean_squared_error improved from inf to 0.00000, saving model to /gpfswork/rech/ynx/ulx23va/repo/wf-SEDs/model_WFE_size/wf-outputs/chkp/wfe_study_bis/chkp_callback_poly_wfe_study_064_bis_3_cycle2
63/63 - 107s - loss: 9.2462e-07 - mean_squared_error: 1.3070e-06 - val_loss: 2.9664e-08 - val_mean_squared_error: 2.9664e-08 - 107s/epoch - 2s/step
Epoch 2/15

Epoch 00002: mean_squared_error did not improve from 0.00000
63/63 - 104s - loss: 9.2550e-07 - mean_squared_error: 1.3079e-06 - val_loss: 3.5224e-08 - val_mean_squared_error: 3.5224e-08 - 104s/epoch - 2s/step
Epoch 3/15

Epoch 00003: mean_squared_error did not improve from 0.00000
63/63 - 104s - loss: 9.3154e-07 - mean_squared_error: 1.3128e-06 - val_loss: 3.1337e-08 - val_mean_squared_error: 3.1337e-08 - 104s/epoch - 2s/step
Epoch 4/15

Epoch 00004: mean_squared_error did not improve from 0.00000
63/63 - 104s - loss: 9.2901e-07 - mean_squared_error: 1.3111e-06 - val_loss: 3.6908e-08 - val_mean_squared_error: 3.6908e-08 - 104s/epoch - 2s/step
Epoch 5/15

Epoch 00005: mean_squared_error did not improve from 0.00000
63/63 - 104s - loss: 9.3046e-07 - mean_squared_error: 1.3123e-06 - val_loss: 4.8433e-08 - val_mean_squared_error: 4.8433e-08 - 104s/epoch - 2s/step
Epoch 6/15

Epoch 00006: mean_squared_error did not improve from 0.00000
63/63 - 104s - loss: 9.3936e-07 - mean_squared_error: 1.3202e-06 - val_loss: 5.2696e-08 - val_mean_squared_error: 5.2696e-08 - 104s/epoch - 2s/step
Epoch 7/15

Epoch 00007: mean_squared_error did not improve from 0.00000
63/63 - 105s - loss: 9.7021e-07 - mean_squared_error: 1.3475e-06 - val_loss: 3.6948e-08 - val_mean_squared_error: 3.6948e-08 - 105s/epoch - 2s/step
Epoch 8/15

Epoch 00008: mean_squared_error did not improve from 0.00000
63/63 - 104s - loss: 9.3487e-07 - mean_squared_error: 1.3158e-06 - val_loss: 4.0238e-08 - val_mean_squared_error: 4.0238e-08 - 104s/epoch - 2s/step
Epoch 9/15

Epoch 00009: mean_squared_error did not improve from 0.00000
63/63 - 105s - loss: 9.3104e-07 - mean_squared_error: 1.3127e-06 - val_loss: 4.1294e-08 - val_mean_squared_error: 4.1294e-08 - 105s/epoch - 2s/step
Epoch 10/15

Epoch 00010: mean_squared_error did not improve from 0.00000
63/63 - 106s - loss: 9.3776e-07 - mean_squared_error: 1.3185e-06 - val_loss: 4.8640e-08 - val_mean_squared_error: 4.8640e-08 - 106s/epoch - 2s/step
Epoch 11/15

Epoch 00011: mean_squared_error did not improve from 0.00000
63/63 - 112s - loss: 9.3581e-07 - mean_squared_error: 1.3170e-06 - val_loss: 4.6611e-08 - val_mean_squared_error: 4.6611e-08 - 112s/epoch - 2s/step
Epoch 12/15

Epoch 00012: mean_squared_error did not improve from 0.00000
63/63 - 113s - loss: 9.4642e-07 - mean_squared_error: 1.3264e-06 - val_loss: 4.2234e-08 - val_mean_squared_error: 4.2234e-08 - 113s/epoch - 2s/step
Epoch 13/15

Epoch 00013: mean_squared_error did not improve from 0.00000
63/63 - 112s - loss: 9.4538e-07 - mean_squared_error: 1.3246e-06 - val_loss: 5.8140e-08 - val_mean_squared_error: 5.8140e-08 - 112s/epoch - 2s/step
Epoch 14/15

Epoch 00014: mean_squared_error did not improve from 0.00000
63/63 - 113s - loss: 9.4217e-07 - mean_squared_error: 1.3230e-06 - val_loss: 4.3476e-08 - val_mean_squared_error: 4.3476e-08 - 113s/epoch - 2s/step
Epoch 15/15

Epoch 00015: mean_squared_error did not improve from 0.00000
63/63 - 113s - loss: 9.4957e-07 - mean_squared_error: 1.3290e-06 - val_loss: 4.3610e-08 - val_mean_squared_error: 4.3610e-08 - 113s/epoch - 2s/step
Starting non-parametric update..
Epoch 1/50

Epoch 00001: mean_squared_error improved from 0.00000 to 0.00000, saving model to /gpfswork/rech/ynx/ulx23va/repo/wf-SEDs/model_WFE_size/wf-outputs/chkp/wfe_study_bis/chkp_callback_poly_wfe_study_064_bis_3_cycle2
63/63 - 118s - loss: 9.2479e-07 - mean_squared_error: 1.3067e-06 - val_loss: 2.3686e-08 - val_mean_squared_error: 2.3686e-08 - 118s/epoch - 2s/step
Epoch 2/50

Epoch 00002: mean_squared_error improved from 0.00000 to 0.00000, saving model to /gpfswork/rech/ynx/ulx23va/repo/wf-SEDs/model_WFE_size/wf-outputs/chkp/wfe_study_bis/chkp_callback_poly_wfe_study_064_bis_3_cycle2
63/63 - 116s - loss: 9.1666e-07 - mean_squared_error: 1.3002e-06 - val_loss: 2.2694e-08 - val_mean_squared_error: 2.2694e-08 - 116s/epoch - 2s/step
Epoch 3/50

Epoch 00003: mean_squared_error improved from 0.00000 to 0.00000, saving model to /gpfswork/rech/ynx/ulx23va/repo/wf-SEDs/model_WFE_size/wf-outputs/chkp/wfe_study_bis/chkp_callback_poly_wfe_study_064_bis_3_cycle2
63/63 - 117s - loss: 9.1593e-07 - mean_squared_error: 1.2997e-06 - val_loss: 2.2354e-08 - val_mean_squared_error: 2.2354e-08 - 117s/epoch - 2s/step
Epoch 4/50

Epoch 00004: mean_squared_error improved from 0.00000 to 0.00000, saving model to /gpfswork/rech/ynx/ulx23va/repo/wf-SEDs/model_WFE_size/wf-outputs/chkp/wfe_study_bis/chkp_callback_poly_wfe_study_064_bis_3_cycle2
63/63 - 115s - loss: 9.1598e-07 - mean_squared_error: 1.2996e-06 - val_loss: 2.2540e-08 - val_mean_squared_error: 2.2540e-08 - 115s/epoch - 2s/step
Epoch 5/50

Epoch 00005: mean_squared_error improved from 0.00000 to 0.00000, saving model to /gpfswork/rech/ynx/ulx23va/repo/wf-SEDs/model_WFE_size/wf-outputs/chkp/wfe_study_bis/chkp_callback_poly_wfe_study_064_bis_3_cycle2
63/63 - 114s - loss: 9.1580e-07 - mean_squared_error: 1.2996e-06 - val_loss: 2.2765e-08 - val_mean_squared_error: 2.2765e-08 - 114s/epoch - 2s/step
Epoch 6/50

Epoch 00006: mean_squared_error improved from 0.00000 to 0.00000, saving model to /gpfswork/rech/ynx/ulx23va/repo/wf-SEDs/model_WFE_size/wf-outputs/chkp/wfe_study_bis/chkp_callback_poly_wfe_study_064_bis_3_cycle2
63/63 - 114s - loss: 9.1584e-07 - mean_squared_error: 1.2995e-06 - val_loss: 2.2364e-08 - val_mean_squared_error: 2.2364e-08 - 114s/epoch - 2s/step
Epoch 7/50

Epoch 00007: mean_squared_error did not improve from 0.00000
63/63 - 116s - loss: 9.1587e-07 - mean_squared_error: 1.2996e-06 - val_loss: 2.2193e-08 - val_mean_squared_error: 2.2193e-08 - 116s/epoch - 2s/step
Epoch 8/50

Epoch 00008: mean_squared_error did not improve from 0.00000
63/63 - 117s - loss: 9.1665e-07 - mean_squared_error: 1.3002e-06 - val_loss: 2.3555e-08 - val_mean_squared_error: 2.3555e-08 - 117s/epoch - 2s/step
Epoch 9/50

Epoch 00009: mean_squared_error did not improve from 0.00000
63/63 - 116s - loss: 9.1625e-07 - mean_squared_error: 1.2999e-06 - val_loss: 2.2489e-08 - val_mean_squared_error: 2.2489e-08 - 116s/epoch - 2s/step
Epoch 10/50

Epoch 00010: mean_squared_error did not improve from 0.00000
63/63 - 114s - loss: 9.1590e-07 - mean_squared_error: 1.2996e-06 - val_loss: 2.2190e-08 - val_mean_squared_error: 2.2190e-08 - 114s/epoch - 2s/step
Epoch 11/50

Epoch 00011: mean_squared_error did not improve from 0.00000
63/63 - 114s - loss: 9.1613e-07 - mean_squared_error: 1.2998e-06 - val_loss: 2.2699e-08 - val_mean_squared_error: 2.2699e-08 - 114s/epoch - 2s/step
Epoch 12/50

Epoch 00012: mean_squared_error did not improve from 0.00000
63/63 - 117s - loss: 9.1602e-07 - mean_squared_error: 1.2998e-06 - val_loss: 2.2288e-08 - val_mean_squared_error: 2.2288e-08 - 117s/epoch - 2s/step
Epoch 13/50

Epoch 00013: mean_squared_error did not improve from 0.00000
63/63 - 117s - loss: 9.1622e-07 - mean_squared_error: 1.2999e-06 - val_loss: 2.3633e-08 - val_mean_squared_error: 2.3633e-08 - 117s/epoch - 2s/step
Epoch 14/50

Epoch 00014: mean_squared_error did not improve from 0.00000
63/63 - 116s - loss: 9.1647e-07 - mean_squared_error: 1.3002e-06 - val_loss: 2.3169e-08 - val_mean_squared_error: 2.3169e-08 - 116s/epoch - 2s/step
Epoch 15/50

Epoch 00015: mean_squared_error did not improve from 0.00000
63/63 - 117s - loss: 9.1618e-07 - mean_squared_error: 1.2999e-06 - val_loss: 2.2677e-08 - val_mean_squared_error: 2.2677e-08 - 117s/epoch - 2s/step
Epoch 16/50

Epoch 00016: mean_squared_error did not improve from 0.00000
63/63 - 116s - loss: 9.1608e-07 - mean_squared_error: 1.2998e-06 - val_loss: 2.2328e-08 - val_mean_squared_error: 2.2328e-08 - 116s/epoch - 2s/step
Epoch 17/50

Epoch 00017: mean_squared_error did not improve from 0.00000
63/63 - 115s - loss: 9.1658e-07 - mean_squared_error: 1.3003e-06 - val_loss: 2.3209e-08 - val_mean_squared_error: 2.3209e-08 - 115s/epoch - 2s/step
Epoch 18/50

Epoch 00018: mean_squared_error did not improve from 0.00000
63/63 - 117s - loss: 9.1614e-07 - mean_squared_error: 1.2999e-06 - val_loss: 2.2085e-08 - val_mean_squared_error: 2.2085e-08 - 117s/epoch - 2s/step
Epoch 19/50

Epoch 00019: mean_squared_error did not improve from 0.00000
63/63 - 117s - loss: 9.1637e-07 - mean_squared_error: 1.3001e-06 - val_loss: 2.3998e-08 - val_mean_squared_error: 2.3998e-08 - 117s/epoch - 2s/step
Epoch 20/50

Epoch 00020: mean_squared_error did not improve from 0.00000
63/63 - 117s - loss: 9.1638e-07 - mean_squared_error: 1.3001e-06 - val_loss: 2.2806e-08 - val_mean_squared_error: 2.2806e-08 - 117s/epoch - 2s/step
Epoch 21/50

Epoch 00021: mean_squared_error did not improve from 0.00000
63/63 - 116s - loss: 9.1634e-07 - mean_squared_error: 1.3000e-06 - val_loss: 2.2910e-08 - val_mean_squared_error: 2.2910e-08 - 116s/epoch - 2s/step
Epoch 22/50

Epoch 00022: mean_squared_error did not improve from 0.00000
63/63 - 115s - loss: 9.1609e-07 - mean_squared_error: 1.2998e-06 - val_loss: 2.3719e-08 - val_mean_squared_error: 2.3719e-08 - 115s/epoch - 2s/step
Epoch 23/50

Epoch 00023: mean_squared_error did not improve from 0.00000
63/63 - 114s - loss: 9.1644e-07 - mean_squared_error: 1.3001e-06 - val_loss: 2.2927e-08 - val_mean_squared_error: 2.2927e-08 - 114s/epoch - 2s/step
Epoch 24/50

Epoch 00024: mean_squared_error did not improve from 0.00000
63/63 - 114s - loss: 9.1653e-07 - mean_squared_error: 1.3002e-06 - val_loss: 2.2714e-08 - val_mean_squared_error: 2.2714e-08 - 114s/epoch - 2s/step
Epoch 25/50

Epoch 00025: mean_squared_error did not improve from 0.00000
63/63 - 116s - loss: 9.1736e-07 - mean_squared_error: 1.3008e-06 - val_loss: 2.3884e-08 - val_mean_squared_error: 2.3884e-08 - 116s/epoch - 2s/step
Epoch 26/50

Epoch 00026: mean_squared_error did not improve from 0.00000
63/63 - 117s - loss: 9.1723e-07 - mean_squared_error: 1.3008e-06 - val_loss: 2.2540e-08 - val_mean_squared_error: 2.2540e-08 - 117s/epoch - 2s/step
Epoch 27/50

Epoch 00027: mean_squared_error did not improve from 0.00000
63/63 - 116s - loss: 9.1637e-07 - mean_squared_error: 1.3002e-06 - val_loss: 2.3678e-08 - val_mean_squared_error: 2.3678e-08 - 116s/epoch - 2s/step
Epoch 28/50

Epoch 00028: mean_squared_error did not improve from 0.00000
63/63 - 117s - loss: 9.1650e-07 - mean_squared_error: 1.3001e-06 - val_loss: 2.2942e-08 - val_mean_squared_error: 2.2942e-08 - 117s/epoch - 2s/step
Epoch 29/50

Epoch 00029: mean_squared_error did not improve from 0.00000
63/63 - 117s - loss: 9.1664e-07 - mean_squared_error: 1.3002e-06 - val_loss: 2.3296e-08 - val_mean_squared_error: 2.3296e-08 - 117s/epoch - 2s/step
Epoch 30/50

Epoch 00030: mean_squared_error did not improve from 0.00000
63/63 - 114s - loss: 9.1646e-07 - mean_squared_error: 1.3001e-06 - val_loss: 2.2411e-08 - val_mean_squared_error: 2.2411e-08 - 114s/epoch - 2s/step
Epoch 31/50

Epoch 00031: mean_squared_error did not improve from 0.00000
63/63 - 116s - loss: 9.1613e-07 - mean_squared_error: 1.2999e-06 - val_loss: 2.2944e-08 - val_mean_squared_error: 2.2944e-08 - 116s/epoch - 2s/step
Epoch 32/50

Epoch 00032: mean_squared_error did not improve from 0.00000
63/63 - 114s - loss: 9.1710e-07 - mean_squared_error: 1.3005e-06 - val_loss: 2.2336e-08 - val_mean_squared_error: 2.2336e-08 - 114s/epoch - 2s/step
Epoch 33/50

Epoch 00033: mean_squared_error did not improve from 0.00000
63/63 - 115s - loss: 9.1590e-07 - mean_squared_error: 1.2997e-06 - val_loss: 2.3572e-08 - val_mean_squared_error: 2.3572e-08 - 115s/epoch - 2s/step
Epoch 34/50

Epoch 00034: mean_squared_error did not improve from 0.00000
63/63 - 115s - loss: 9.1742e-07 - mean_squared_error: 1.3009e-06 - val_loss: 2.3848e-08 - val_mean_squared_error: 2.3848e-08 - 115s/epoch - 2s/step
Epoch 35/50

Epoch 00035: mean_squared_error did not improve from 0.00000
63/63 - 116s - loss: 9.1661e-07 - mean_squared_error: 1.3002e-06 - val_loss: 2.3373e-08 - val_mean_squared_error: 2.3373e-08 - 116s/epoch - 2s/step
Epoch 36/50

Epoch 00036: mean_squared_error did not improve from 0.00000
63/63 - 116s - loss: 9.1621e-07 - mean_squared_error: 1.2999e-06 - val_loss: 2.3337e-08 - val_mean_squared_error: 2.3337e-08 - 116s/epoch - 2s/step
Epoch 37/50

Epoch 00037: mean_squared_error did not improve from 0.00000
63/63 - 108s - loss: 9.1605e-07 - mean_squared_error: 1.2997e-06 - val_loss: 2.3628e-08 - val_mean_squared_error: 2.3628e-08 - 108s/epoch - 2s/step
Epoch 38/50

Epoch 00038: mean_squared_error did not improve from 0.00000
63/63 - 108s - loss: 9.1626e-07 - mean_squared_error: 1.2998e-06 - val_loss: 2.2924e-08 - val_mean_squared_error: 2.2924e-08 - 108s/epoch - 2s/step
Epoch 39/50

Epoch 00039: mean_squared_error did not improve from 0.00000
63/63 - 108s - loss: 9.1662e-07 - mean_squared_error: 1.3004e-06 - val_loss: 2.3840e-08 - val_mean_squared_error: 2.3840e-08 - 108s/epoch - 2s/step
Epoch 40/50

Epoch 00040: mean_squared_error did not improve from 0.00000
63/63 - 108s - loss: 9.1615e-07 - mean_squared_error: 1.2998e-06 - val_loss: 2.3445e-08 - val_mean_squared_error: 2.3445e-08 - 108s/epoch - 2s/step
Epoch 41/50

Epoch 00041: mean_squared_error did not improve from 0.00000
63/63 - 108s - loss: 9.1636e-07 - mean_squared_error: 1.3001e-06 - val_loss: 2.3216e-08 - val_mean_squared_error: 2.3216e-08 - 108s/epoch - 2s/step
Epoch 42/50

Epoch 00042: mean_squared_error did not improve from 0.00000
63/63 - 108s - loss: 9.1672e-07 - mean_squared_error: 1.3003e-06 - val_loss: 2.3043e-08 - val_mean_squared_error: 2.3043e-08 - 108s/epoch - 2s/step
Epoch 43/50

Epoch 00043: mean_squared_error did not improve from 0.00000
63/63 - 108s - loss: 9.1613e-07 - mean_squared_error: 1.2999e-06 - val_loss: 2.4502e-08 - val_mean_squared_error: 2.4502e-08 - 108s/epoch - 2s/step
Epoch 44/50

Epoch 00044: mean_squared_error did not improve from 0.00000
63/63 - 108s - loss: 9.1706e-07 - mean_squared_error: 1.3004e-06 - val_loss: 2.4556e-08 - val_mean_squared_error: 2.4556e-08 - 108s/epoch - 2s/step
Epoch 45/50

Epoch 00045: mean_squared_error did not improve from 0.00000
63/63 - 108s - loss: 9.1725e-07 - mean_squared_error: 1.3006e-06 - val_loss: 2.3481e-08 - val_mean_squared_error: 2.3481e-08 - 108s/epoch - 2s/step
Epoch 46/50

Epoch 00046: mean_squared_error did not improve from 0.00000
63/63 - 108s - loss: 9.1658e-07 - mean_squared_error: 1.3001e-06 - val_loss: 2.3491e-08 - val_mean_squared_error: 2.3491e-08 - 108s/epoch - 2s/step
Epoch 47/50

Epoch 00047: mean_squared_error did not improve from 0.00000
63/63 - 108s - loss: 9.1713e-07 - mean_squared_error: 1.3007e-06 - val_loss: 2.4278e-08 - val_mean_squared_error: 2.4278e-08 - 108s/epoch - 2s/step
Epoch 48/50

Epoch 00048: mean_squared_error did not improve from 0.00000
63/63 - 108s - loss: 9.1664e-07 - mean_squared_error: 1.3001e-06 - val_loss: 2.5662e-08 - val_mean_squared_error: 2.5662e-08 - 108s/epoch - 2s/step
Epoch 49/50

Epoch 00049: mean_squared_error did not improve from 0.00000
63/63 - 108s - loss: 9.1670e-07 - mean_squared_error: 1.3004e-06 - val_loss: 2.2106e-08 - val_mean_squared_error: 2.2106e-08 - 108s/epoch - 2s/step
Epoch 50/50

Epoch 00050: mean_squared_error improved from 0.00000 to 0.00000, saving model to /gpfswork/rech/ynx/ulx23va/repo/wf-SEDs/model_WFE_size/wf-outputs/chkp/wfe_study_bis/chkp_callback_poly_wfe_study_064_bis_3_cycle2
63/63 - 108s - loss: 9.1541e-07 - mean_squared_error: 1.2991e-06 - val_loss: 2.4076e-08 - val_mean_squared_error: 2.4076e-08 - 108s/epoch - 2s/step
Cycle2 elapsed time: 7297.724427

Total elapsed time: 20420.130400

 Good bye..
