Starting the log file.
Found GPU at: /device:GPU:0
tf_version: 2.7.0
Zernike cube:
(15, 64, 64)
Dataset parameters:
{'d_max': 2, 'max_order': 45, 'x_lims': [0, 1000.0], 'y_lims': [0, 1000.0], 'grid_points': [4, 4], 'n_bins': 20, 'max_wfe_rms': 0.1, 'oversampling_rate': 3.0, 'output_Q': 3.0, 'output_dim': 32, 'LP_filter_length': 2, 'pupil_diameter': 4096, 'euclid_obsc': True, 'n_stars': 2000}
Starting cycle 1..
Starting parametric update..
Epoch 1/15

Epoch 00001: mean_squared_error improved from inf to 0.00001, saving model to /gpfswork/rech/ynx/ulx23va/repo/wf-SEDs/model_WFE_size/wf-outputs/chkp/wfe_study_bis/chkp_callback_poly_wfe_study_064_bis_5_cycle1
63/63 - 111s - loss: 8.6411e-06 - mean_squared_error: 8.1632e-06 - val_loss: 2.4228e-06 - val_mean_squared_error: 2.4228e-06 - 111s/epoch - 2s/step
Epoch 2/15

Epoch 00002: mean_squared_error improved from 0.00001 to 0.00000, saving model to /gpfswork/rech/ynx/ulx23va/repo/wf-SEDs/model_WFE_size/wf-outputs/chkp/wfe_study_bis/chkp_callback_poly_wfe_study_064_bis_5_cycle1
63/63 - 106s - loss: 2.8281e-06 - mean_squared_error: 2.9888e-06 - val_loss: 1.2650e-06 - val_mean_squared_error: 1.2650e-06 - 106s/epoch - 2s/step
Epoch 3/15

Epoch 00003: mean_squared_error improved from 0.00000 to 0.00000, saving model to /gpfswork/rech/ynx/ulx23va/repo/wf-SEDs/model_WFE_size/wf-outputs/chkp/wfe_study_bis/chkp_callback_poly_wfe_study_064_bis_5_cycle1
63/63 - 106s - loss: 2.0500e-06 - mean_squared_error: 2.2816e-06 - val_loss: 8.2057e-07 - val_mean_squared_error: 8.2057e-07 - 106s/epoch - 2s/step
Epoch 4/15

Epoch 00004: mean_squared_error improved from 0.00000 to 0.00000, saving model to /gpfswork/rech/ynx/ulx23va/repo/wf-SEDs/model_WFE_size/wf-outputs/chkp/wfe_study_bis/chkp_callback_poly_wfe_study_064_bis_5_cycle1
63/63 - 105s - loss: 1.7832e-06 - mean_squared_error: 2.0520e-06 - val_loss: 7.4333e-07 - val_mean_squared_error: 7.4333e-07 - 105s/epoch - 2s/step
Epoch 5/15

Epoch 00005: mean_squared_error improved from 0.00000 to 0.00000, saving model to /gpfswork/rech/ynx/ulx23va/repo/wf-SEDs/model_WFE_size/wf-outputs/chkp/wfe_study_bis/chkp_callback_poly_wfe_study_064_bis_5_cycle1
63/63 - 105s - loss: 1.7382e-06 - mean_squared_error: 2.0111e-06 - val_loss: 7.1011e-07 - val_mean_squared_error: 7.1011e-07 - 105s/epoch - 2s/step
Epoch 6/15

Epoch 00006: mean_squared_error improved from 0.00000 to 0.00000, saving model to /gpfswork/rech/ynx/ulx23va/repo/wf-SEDs/model_WFE_size/wf-outputs/chkp/wfe_study_bis/chkp_callback_poly_wfe_study_064_bis_5_cycle1
63/63 - 105s - loss: 1.7141e-06 - mean_squared_error: 1.9889e-06 - val_loss: 7.2029e-07 - val_mean_squared_error: 7.2029e-07 - 105s/epoch - 2s/step
Epoch 7/15

Epoch 00007: mean_squared_error did not improve from 0.00000
63/63 - 105s - loss: 1.7375e-06 - mean_squared_error: 2.0034e-06 - val_loss: 7.5782e-07 - val_mean_squared_error: 7.5782e-07 - 105s/epoch - 2s/step
Epoch 8/15

Epoch 00008: mean_squared_error did not improve from 0.00000
63/63 - 105s - loss: 1.7332e-06 - mean_squared_error: 2.0049e-06 - val_loss: 7.0624e-07 - val_mean_squared_error: 7.0624e-07 - 105s/epoch - 2s/step
Epoch 9/15

Epoch 00009: mean_squared_error improved from 0.00000 to 0.00000, saving model to /gpfswork/rech/ynx/ulx23va/repo/wf-SEDs/model_WFE_size/wf-outputs/chkp/wfe_study_bis/chkp_callback_poly_wfe_study_064_bis_5_cycle1
63/63 - 106s - loss: 1.7061e-06 - mean_squared_error: 1.9762e-06 - val_loss: 7.3041e-07 - val_mean_squared_error: 7.3041e-07 - 106s/epoch - 2s/step
Epoch 10/15

Epoch 00010: mean_squared_error did not improve from 0.00000
63/63 - 106s - loss: 1.7351e-06 - mean_squared_error: 2.0058e-06 - val_loss: 8.0466e-07 - val_mean_squared_error: 8.0466e-07 - 106s/epoch - 2s/step
Epoch 11/15

Epoch 00011: mean_squared_error did not improve from 0.00000
63/63 - 106s - loss: 1.7853e-06 - mean_squared_error: 2.0473e-06 - val_loss: 7.6044e-07 - val_mean_squared_error: 7.6044e-07 - 106s/epoch - 2s/step
Epoch 12/15

Epoch 00012: mean_squared_error did not improve from 0.00000
63/63 - 106s - loss: 1.7768e-06 - mean_squared_error: 2.0369e-06 - val_loss: 8.6946e-07 - val_mean_squared_error: 8.6946e-07 - 106s/epoch - 2s/step
Epoch 13/15

Epoch 00013: mean_squared_error did not improve from 0.00000
63/63 - 106s - loss: 1.7681e-06 - mean_squared_error: 2.0307e-06 - val_loss: 7.1254e-07 - val_mean_squared_error: 7.1254e-07 - 106s/epoch - 2s/step
Epoch 14/15

Epoch 00014: mean_squared_error did not improve from 0.00000
63/63 - 106s - loss: 1.7730e-06 - mean_squared_error: 2.0354e-06 - val_loss: 7.1801e-07 - val_mean_squared_error: 7.1801e-07 - 106s/epoch - 2s/step
Epoch 15/15

Epoch 00015: mean_squared_error did not improve from 0.00000
63/63 - 106s - loss: 1.7201e-06 - mean_squared_error: 1.9912e-06 - val_loss: 7.1435e-07 - val_mean_squared_error: 7.1435e-07 - 106s/epoch - 2s/step
Starting non-parametric update..
Epoch 1/100

Epoch 00001: mean_squared_error improved from 0.00000 to 0.00000, saving model to /gpfswork/rech/ynx/ulx23va/repo/wf-SEDs/model_WFE_size/wf-outputs/chkp/wfe_study_bis/chkp_callback_poly_wfe_study_064_bis_5_cycle1
63/63 - 109s - loss: 1.4963e-06 - mean_squared_error: 1.8139e-06 - val_loss: 3.8430e-07 - val_mean_squared_error: 3.8430e-07 - 109s/epoch - 2s/step
Epoch 2/100

Epoch 00002: mean_squared_error improved from 0.00000 to 0.00000, saving model to /gpfswork/rech/ynx/ulx23va/repo/wf-SEDs/model_WFE_size/wf-outputs/chkp/wfe_study_bis/chkp_callback_poly_wfe_study_064_bis_5_cycle1
63/63 - 106s - loss: 1.2368e-06 - mean_squared_error: 1.5921e-06 - val_loss: 2.4638e-07 - val_mean_squared_error: 2.4638e-07 - 106s/epoch - 2s/step
Epoch 3/100

Epoch 00003: mean_squared_error improved from 0.00000 to 0.00000, saving model to /gpfswork/rech/ynx/ulx23va/repo/wf-SEDs/model_WFE_size/wf-outputs/chkp/wfe_study_bis/chkp_callback_poly_wfe_study_064_bis_5_cycle1
63/63 - 105s - loss: 1.1295e-06 - mean_squared_error: 1.4964e-06 - val_loss: 1.8197e-07 - val_mean_squared_error: 1.8197e-07 - 105s/epoch - 2s/step
Epoch 4/100

Epoch 00004: mean_squared_error improved from 0.00000 to 0.00000, saving model to /gpfswork/rech/ynx/ulx23va/repo/wf-SEDs/model_WFE_size/wf-outputs/chkp/wfe_study_bis/chkp_callback_poly_wfe_study_064_bis_5_cycle1
63/63 - 105s - loss: 1.0702e-06 - mean_squared_error: 1.4427e-06 - val_loss: 1.3875e-07 - val_mean_squared_error: 1.3875e-07 - 105s/epoch - 2s/step
Epoch 5/100

Epoch 00005: mean_squared_error improved from 0.00000 to 0.00000, saving model to /gpfswork/rech/ynx/ulx23va/repo/wf-SEDs/model_WFE_size/wf-outputs/chkp/wfe_study_bis/chkp_callback_poly_wfe_study_064_bis_5_cycle1
63/63 - 105s - loss: 1.0351e-06 - mean_squared_error: 1.4095e-06 - val_loss: 1.2028e-07 - val_mean_squared_error: 1.2028e-07 - 105s/epoch - 2s/step
Epoch 6/100

Epoch 00006: mean_squared_error improved from 0.00000 to 0.00000, saving model to /gpfswork/rech/ynx/ulx23va/repo/wf-SEDs/model_WFE_size/wf-outputs/chkp/wfe_study_bis/chkp_callback_poly_wfe_study_064_bis_5_cycle1
63/63 - 106s - loss: 1.0170e-06 - mean_squared_error: 1.3911e-06 - val_loss: 1.0740e-07 - val_mean_squared_error: 1.0740e-07 - 106s/epoch - 2s/step
Epoch 7/100

Epoch 00007: mean_squared_error improved from 0.00000 to 0.00000, saving model to /gpfswork/rech/ynx/ulx23va/repo/wf-SEDs/model_WFE_size/wf-outputs/chkp/wfe_study_bis/chkp_callback_poly_wfe_study_064_bis_5_cycle1
63/63 - 106s - loss: 1.0019e-06 - mean_squared_error: 1.3778e-06 - val_loss: 9.3519e-08 - val_mean_squared_error: 9.3519e-08 - 106s/epoch - 2s/step
Epoch 8/100

Epoch 00008: mean_squared_error improved from 0.00000 to 0.00000, saving model to /gpfswork/rech/ynx/ulx23va/repo/wf-SEDs/model_WFE_size/wf-outputs/chkp/wfe_study_bis/chkp_callback_poly_wfe_study_064_bis_5_cycle1
63/63 - 106s - loss: 9.9169e-07 - mean_squared_error: 1.3677e-06 - val_loss: 7.8044e-08 - val_mean_squared_error: 7.8044e-08 - 106s/epoch - 2s/step
Epoch 9/100

Epoch 00009: mean_squared_error did not improve from 0.00000
63/63 - 105s - loss: 1.0078e-06 - mean_squared_error: 1.3801e-06 - val_loss: 8.2192e-08 - val_mean_squared_error: 8.2192e-08 - 105s/epoch - 2s/step
Epoch 10/100

Epoch 00010: mean_squared_error improved from 0.00000 to 0.00000, saving model to /gpfswork/rech/ynx/ulx23va/repo/wf-SEDs/model_WFE_size/wf-outputs/chkp/wfe_study_bis/chkp_callback_poly_wfe_study_064_bis_5_cycle1
63/63 - 105s - loss: 9.7741e-07 - mean_squared_error: 1.3547e-06 - val_loss: 6.6848e-08 - val_mean_squared_error: 6.6848e-08 - 105s/epoch - 2s/step
Epoch 11/100

Epoch 00011: mean_squared_error improved from 0.00000 to 0.00000, saving model to /gpfswork/rech/ynx/ulx23va/repo/wf-SEDs/model_WFE_size/wf-outputs/chkp/wfe_study_bis/chkp_callback_poly_wfe_study_064_bis_5_cycle1
63/63 - 104s - loss: 9.6729e-07 - mean_squared_error: 1.3459e-06 - val_loss: 6.2402e-08 - val_mean_squared_error: 6.2402e-08 - 104s/epoch - 2s/step
Epoch 12/100

Epoch 00012: mean_squared_error improved from 0.00000 to 0.00000, saving model to /gpfswork/rech/ynx/ulx23va/repo/wf-SEDs/model_WFE_size/wf-outputs/chkp/wfe_study_bis/chkp_callback_poly_wfe_study_064_bis_5_cycle1
63/63 - 104s - loss: 9.6322e-07 - mean_squared_error: 1.3416e-06 - val_loss: 6.3987e-08 - val_mean_squared_error: 6.3987e-08 - 104s/epoch - 2s/step
Epoch 13/100

Epoch 00013: mean_squared_error did not improve from 0.00000
63/63 - 104s - loss: 9.7284e-07 - mean_squared_error: 1.3487e-06 - val_loss: 5.8727e-08 - val_mean_squared_error: 5.8727e-08 - 104s/epoch - 2s/step
Epoch 14/100

Epoch 00014: mean_squared_error improved from 0.00000 to 0.00000, saving model to /gpfswork/rech/ynx/ulx23va/repo/wf-SEDs/model_WFE_size/wf-outputs/chkp/wfe_study_bis/chkp_callback_poly_wfe_study_064_bis_5_cycle1
63/63 - 104s - loss: 9.6179e-07 - mean_squared_error: 1.3409e-06 - val_loss: 5.7697e-08 - val_mean_squared_error: 5.7697e-08 - 104s/epoch - 2s/step
Epoch 15/100

Epoch 00015: mean_squared_error did not improve from 0.00000
63/63 - 104s - loss: 9.6645e-07 - mean_squared_error: 1.3440e-06 - val_loss: 5.9388e-08 - val_mean_squared_error: 5.9388e-08 - 104s/epoch - 2s/step
Epoch 16/100

Epoch 00016: mean_squared_error improved from 0.00000 to 0.00000, saving model to /gpfswork/rech/ynx/ulx23va/repo/wf-SEDs/model_WFE_size/wf-outputs/chkp/wfe_study_bis/chkp_callback_poly_wfe_study_064_bis_5_cycle1
63/63 - 104s - loss: 9.6235e-07 - mean_squared_error: 1.3405e-06 - val_loss: 6.2904e-08 - val_mean_squared_error: 6.2904e-08 - 104s/epoch - 2s/step
Epoch 17/100

Epoch 00017: mean_squared_error improved from 0.00000 to 0.00000, saving model to /gpfswork/rech/ynx/ulx23va/repo/wf-SEDs/model_WFE_size/wf-outputs/chkp/wfe_study_bis/chkp_callback_poly_wfe_study_064_bis_5_cycle1
63/63 - 104s - loss: 9.6261e-07 - mean_squared_error: 1.3387e-06 - val_loss: 6.2529e-08 - val_mean_squared_error: 6.2529e-08 - 104s/epoch - 2s/step
Epoch 18/100

Epoch 00018: mean_squared_error did not improve from 0.00000
63/63 - 104s - loss: 9.7670e-07 - mean_squared_error: 1.3524e-06 - val_loss: 5.6257e-08 - val_mean_squared_error: 5.6257e-08 - 104s/epoch - 2s/step
Epoch 19/100

Epoch 00019: mean_squared_error improved from 0.00000 to 0.00000, saving model to /gpfswork/rech/ynx/ulx23va/repo/wf-SEDs/model_WFE_size/wf-outputs/chkp/wfe_study_bis/chkp_callback_poly_wfe_study_064_bis_5_cycle1
63/63 - 104s - loss: 9.5468e-07 - mean_squared_error: 1.3342e-06 - val_loss: 4.8801e-08 - val_mean_squared_error: 4.8801e-08 - 104s/epoch - 2s/step
Epoch 20/100

Epoch 00020: mean_squared_error did not improve from 0.00000
63/63 - 105s - loss: 9.6536e-07 - mean_squared_error: 1.3409e-06 - val_loss: 5.3304e-08 - val_mean_squared_error: 5.3304e-08 - 105s/epoch - 2s/step
Epoch 21/100

Epoch 00021: mean_squared_error did not improve from 0.00000
63/63 - 105s - loss: 9.6128e-07 - mean_squared_error: 1.3386e-06 - val_loss: 4.9543e-08 - val_mean_squared_error: 4.9543e-08 - 105s/epoch - 2s/step
Epoch 22/100

Epoch 00022: mean_squared_error improved from 0.00000 to 0.00000, saving model to /gpfswork/rech/ynx/ulx23va/repo/wf-SEDs/model_WFE_size/wf-outputs/chkp/wfe_study_bis/chkp_callback_poly_wfe_study_064_bis_5_cycle1
63/63 - 105s - loss: 9.5109e-07 - mean_squared_error: 1.3300e-06 - val_loss: 4.9936e-08 - val_mean_squared_error: 4.9936e-08 - 105s/epoch - 2s/step
Epoch 23/100

Epoch 00023: mean_squared_error improved from 0.00000 to 0.00000, saving model to /gpfswork/rech/ynx/ulx23va/repo/wf-SEDs/model_WFE_size/wf-outputs/chkp/wfe_study_bis/chkp_callback_poly_wfe_study_064_bis_5_cycle1
63/63 - 104s - loss: 9.4969e-07 - mean_squared_error: 1.3291e-06 - val_loss: 4.7564e-08 - val_mean_squared_error: 4.7564e-08 - 104s/epoch - 2s/step
Epoch 24/100

Epoch 00024: mean_squared_error improved from 0.00000 to 0.00000, saving model to /gpfswork/rech/ynx/ulx23va/repo/wf-SEDs/model_WFE_size/wf-outputs/chkp/wfe_study_bis/chkp_callback_poly_wfe_study_064_bis_5_cycle1
63/63 - 104s - loss: 9.4416e-07 - mean_squared_error: 1.3245e-06 - val_loss: 4.7494e-08 - val_mean_squared_error: 4.7494e-08 - 104s/epoch - 2s/step
Epoch 25/100

Epoch 00025: mean_squared_error improved from 0.00000 to 0.00000, saving model to /gpfswork/rech/ynx/ulx23va/repo/wf-SEDs/model_WFE_size/wf-outputs/chkp/wfe_study_bis/chkp_callback_poly_wfe_study_064_bis_5_cycle1
63/63 - 104s - loss: 9.4433e-07 - mean_squared_error: 1.3245e-06 - val_loss: 4.9470e-08 - val_mean_squared_error: 4.9470e-08 - 104s/epoch - 2s/step
Epoch 26/100

Epoch 00026: mean_squared_error did not improve from 0.00000
63/63 - 103s - loss: 9.4621e-07 - mean_squared_error: 1.3262e-06 - val_loss: 4.0861e-08 - val_mean_squared_error: 4.0861e-08 - 103s/epoch - 2s/step
Epoch 27/100

Epoch 00027: mean_squared_error did not improve from 0.00000
63/63 - 103s - loss: 9.6359e-07 - mean_squared_error: 1.3399e-06 - val_loss: 4.8405e-08 - val_mean_squared_error: 4.8405e-08 - 103s/epoch - 2s/step
Epoch 28/100

Epoch 00028: mean_squared_error did not improve from 0.00000
63/63 - 103s - loss: 9.5429e-07 - mean_squared_error: 1.3321e-06 - val_loss: 4.9481e-08 - val_mean_squared_error: 4.9481e-08 - 103s/epoch - 2s/step
Epoch 29/100

Epoch 00029: mean_squared_error did not improve from 0.00000
63/63 - 103s - loss: 9.4556e-07 - mean_squared_error: 1.3254e-06 - val_loss: 3.8473e-08 - val_mean_squared_error: 3.8473e-08 - 103s/epoch - 2s/step
Epoch 30/100

Epoch 00030: mean_squared_error did not improve from 0.00000
63/63 - 104s - loss: 9.4713e-07 - mean_squared_error: 1.3249e-06 - val_loss: 7.2480e-08 - val_mean_squared_error: 7.2480e-08 - 104s/epoch - 2s/step
Epoch 31/100

Epoch 00031: mean_squared_error did not improve from 0.00000
63/63 - 105s - loss: 9.5014e-07 - mean_squared_error: 1.3294e-06 - val_loss: 3.9008e-08 - val_mean_squared_error: 3.9008e-08 - 105s/epoch - 2s/step
Epoch 32/100

Epoch 00032: mean_squared_error improved from 0.00000 to 0.00000, saving model to /gpfswork/rech/ynx/ulx23va/repo/wf-SEDs/model_WFE_size/wf-outputs/chkp/wfe_study_bis/chkp_callback_poly_wfe_study_064_bis_5_cycle1
63/63 - 105s - loss: 9.3846e-07 - mean_squared_error: 1.3198e-06 - val_loss: 4.9581e-08 - val_mean_squared_error: 4.9581e-08 - 105s/epoch - 2s/step
Epoch 33/100

Epoch 00033: mean_squared_error improved from 0.00000 to 0.00000, saving model to /gpfswork/rech/ynx/ulx23va/repo/wf-SEDs/model_WFE_size/wf-outputs/chkp/wfe_study_bis/chkp_callback_poly_wfe_study_064_bis_5_cycle1
63/63 - 105s - loss: 9.3875e-07 - mean_squared_error: 1.3195e-06 - val_loss: 3.5643e-08 - val_mean_squared_error: 3.5643e-08 - 105s/epoch - 2s/step
Epoch 34/100

Epoch 00034: mean_squared_error improved from 0.00000 to 0.00000, saving model to /gpfswork/rech/ynx/ulx23va/repo/wf-SEDs/model_WFE_size/wf-outputs/chkp/wfe_study_bis/chkp_callback_poly_wfe_study_064_bis_5_cycle1
63/63 - 104s - loss: 9.3847e-07 - mean_squared_error: 1.3184e-06 - val_loss: 4.5631e-08 - val_mean_squared_error: 4.5631e-08 - 104s/epoch - 2s/step
Epoch 35/100

Epoch 00035: mean_squared_error did not improve from 0.00000
63/63 - 104s - loss: 9.3978e-07 - mean_squared_error: 1.3198e-06 - val_loss: 4.4672e-08 - val_mean_squared_error: 4.4672e-08 - 104s/epoch - 2s/step
Epoch 36/100

Epoch 00036: mean_squared_error did not improve from 0.00000
63/63 - 104s - loss: 9.3953e-07 - mean_squared_error: 1.3202e-06 - val_loss: 5.2096e-08 - val_mean_squared_error: 5.2096e-08 - 104s/epoch - 2s/step
Epoch 37/100

Epoch 00037: mean_squared_error did not improve from 0.00000
63/63 - 104s - loss: 9.3860e-07 - mean_squared_error: 1.3192e-06 - val_loss: 3.5955e-08 - val_mean_squared_error: 3.5955e-08 - 104s/epoch - 2s/step
Epoch 38/100

Epoch 00038: mean_squared_error did not improve from 0.00000
63/63 - 104s - loss: 9.4285e-07 - mean_squared_error: 1.3223e-06 - val_loss: 4.3546e-08 - val_mean_squared_error: 4.3546e-08 - 104s/epoch - 2s/step
Epoch 39/100

Epoch 00039: mean_squared_error did not improve from 0.00000
63/63 - 104s - loss: 9.3968e-07 - mean_squared_error: 1.3198e-06 - val_loss: 4.6448e-08 - val_mean_squared_error: 4.6448e-08 - 104s/epoch - 2s/step
Epoch 40/100

Epoch 00040: mean_squared_error did not improve from 0.00000
63/63 - 104s - loss: 9.4127e-07 - mean_squared_error: 1.3212e-06 - val_loss: 4.3563e-08 - val_mean_squared_error: 4.3563e-08 - 104s/epoch - 2s/step
Epoch 41/100

Epoch 00041: mean_squared_error did not improve from 0.00000
63/63 - 105s - loss: 9.4062e-07 - mean_squared_error: 1.3211e-06 - val_loss: 4.0088e-08 - val_mean_squared_error: 4.0088e-08 - 105s/epoch - 2s/step
Epoch 42/100

Epoch 00042: mean_squared_error improved from 0.00000 to 0.00000, saving model to /gpfswork/rech/ynx/ulx23va/repo/wf-SEDs/model_WFE_size/wf-outputs/chkp/wfe_study_bis/chkp_callback_poly_wfe_study_064_bis_5_cycle1
63/63 - 105s - loss: 9.3466e-07 - mean_squared_error: 1.3164e-06 - val_loss: 3.6264e-08 - val_mean_squared_error: 3.6264e-08 - 105s/epoch - 2s/step
Epoch 43/100

Epoch 00043: mean_squared_error improved from 0.00000 to 0.00000, saving model to /gpfswork/rech/ynx/ulx23va/repo/wf-SEDs/model_WFE_size/wf-outputs/chkp/wfe_study_bis/chkp_callback_poly_wfe_study_064_bis_5_cycle1
63/63 - 105s - loss: 9.3477e-07 - mean_squared_error: 1.3163e-06 - val_loss: 3.4360e-08 - val_mean_squared_error: 3.4360e-08 - 105s/epoch - 2s/step
Epoch 44/100

Epoch 00044: mean_squared_error did not improve from 0.00000
63/63 - 104s - loss: 9.4312e-07 - mean_squared_error: 1.3232e-06 - val_loss: 3.6070e-08 - val_mean_squared_error: 3.6070e-08 - 104s/epoch - 2s/step
Epoch 45/100

Epoch 00045: mean_squared_error did not improve from 0.00000
63/63 - 104s - loss: 9.3597e-07 - mean_squared_error: 1.3174e-06 - val_loss: 3.8673e-08 - val_mean_squared_error: 3.8673e-08 - 104s/epoch - 2s/step
Epoch 46/100

Epoch 00046: mean_squared_error did not improve from 0.00000
63/63 - 104s - loss: 9.3956e-07 - mean_squared_error: 1.3195e-06 - val_loss: 4.0396e-08 - val_mean_squared_error: 4.0396e-08 - 104s/epoch - 2s/step
Epoch 47/100

Epoch 00047: mean_squared_error did not improve from 0.00000
63/63 - 104s - loss: 9.4526e-07 - mean_squared_error: 1.3251e-06 - val_loss: 4.7580e-08 - val_mean_squared_error: 4.7580e-08 - 104s/epoch - 2s/step
Epoch 48/100

Epoch 00048: mean_squared_error did not improve from 0.00000
63/63 - 104s - loss: 9.4364e-07 - mean_squared_error: 1.3230e-06 - val_loss: 4.2166e-08 - val_mean_squared_error: 4.2166e-08 - 104s/epoch - 2s/step
Epoch 49/100

Epoch 00049: mean_squared_error did not improve from 0.00000
63/63 - 105s - loss: 9.4136e-07 - mean_squared_error: 1.3214e-06 - val_loss: 4.2829e-08 - val_mean_squared_error: 4.2829e-08 - 105s/epoch - 2s/step
Epoch 50/100

Epoch 00050: mean_squared_error did not improve from 0.00000
63/63 - 105s - loss: 9.3511e-07 - mean_squared_error: 1.3164e-06 - val_loss: 4.7678e-08 - val_mean_squared_error: 4.7678e-08 - 105s/epoch - 2s/step
Epoch 51/100

Epoch 00051: mean_squared_error did not improve from 0.00000
63/63 - 105s - loss: 9.4309e-07 - mean_squared_error: 1.3225e-06 - val_loss: 4.0867e-08 - val_mean_squared_error: 4.0867e-08 - 105s/epoch - 2s/step
Epoch 52/100

Epoch 00052: mean_squared_error did not improve from 0.00000
63/63 - 104s - loss: 9.5496e-07 - mean_squared_error: 1.3316e-06 - val_loss: 7.8503e-08 - val_mean_squared_error: 7.8503e-08 - 104s/epoch - 2s/step
Epoch 53/100

Epoch 00053: mean_squared_error did not improve from 0.00000
63/63 - 104s - loss: 9.6942e-07 - mean_squared_error: 1.3432e-06 - val_loss: 4.3998e-08 - val_mean_squared_error: 4.3998e-08 - 104s/epoch - 2s/step
Epoch 54/100

Epoch 00054: mean_squared_error did not improve from 0.00000
63/63 - 104s - loss: 9.4003e-07 - mean_squared_error: 1.3203e-06 - val_loss: 5.3260e-08 - val_mean_squared_error: 5.3260e-08 - 104s/epoch - 2s/step
Epoch 55/100

Epoch 00055: mean_squared_error improved from 0.00000 to 0.00000, saving model to /gpfswork/rech/ynx/ulx23va/repo/wf-SEDs/model_WFE_size/wf-outputs/chkp/wfe_study_bis/chkp_callback_poly_wfe_study_064_bis_5_cycle1
63/63 - 104s - loss: 9.3519e-07 - mean_squared_error: 1.3159e-06 - val_loss: 3.5223e-08 - val_mean_squared_error: 3.5223e-08 - 104s/epoch - 2s/step
Epoch 56/100

Epoch 00056: mean_squared_error improved from 0.00000 to 0.00000, saving model to /gpfswork/rech/ynx/ulx23va/repo/wf-SEDs/model_WFE_size/wf-outputs/chkp/wfe_study_bis/chkp_callback_poly_wfe_study_064_bis_5_cycle1
63/63 - 104s - loss: 9.3098e-07 - mean_squared_error: 1.3128e-06 - val_loss: 3.3529e-08 - val_mean_squared_error: 3.3529e-08 - 104s/epoch - 2s/step
Epoch 57/100

Epoch 00057: mean_squared_error did not improve from 0.00000
63/63 - 103s - loss: 9.3195e-07 - mean_squared_error: 1.3136e-06 - val_loss: 3.3834e-08 - val_mean_squared_error: 3.3834e-08 - 103s/epoch - 2s/step
Epoch 58/100

Epoch 00058: mean_squared_error improved from 0.00000 to 0.00000, saving model to /gpfswork/rech/ynx/ulx23va/repo/wf-SEDs/model_WFE_size/wf-outputs/chkp/wfe_study_bis/chkp_callback_poly_wfe_study_064_bis_5_cycle1
63/63 - 104s - loss: 9.3035e-07 - mean_squared_error: 1.3122e-06 - val_loss: 4.3900e-08 - val_mean_squared_error: 4.3900e-08 - 104s/epoch - 2s/step
Epoch 59/100

Epoch 00059: mean_squared_error did not improve from 0.00000
63/63 - 103s - loss: 9.3419e-07 - mean_squared_error: 1.3154e-06 - val_loss: 4.7003e-08 - val_mean_squared_error: 4.7003e-08 - 103s/epoch - 2s/step
Epoch 60/100

Epoch 00060: mean_squared_error did not improve from 0.00000
63/63 - 103s - loss: 9.3630e-07 - mean_squared_error: 1.3164e-06 - val_loss: 3.9900e-08 - val_mean_squared_error: 3.9900e-08 - 103s/epoch - 2s/step
Epoch 61/100

Epoch 00061: mean_squared_error did not improve from 0.00000
63/63 - 104s - loss: 9.3422e-07 - mean_squared_error: 1.3150e-06 - val_loss: 3.8101e-08 - val_mean_squared_error: 3.8101e-08 - 104s/epoch - 2s/step
Epoch 62/100

Epoch 00062: mean_squared_error did not improve from 0.00000
63/63 - 104s - loss: 9.4008e-07 - mean_squared_error: 1.3202e-06 - val_loss: 4.1086e-08 - val_mean_squared_error: 4.1086e-08 - 104s/epoch - 2s/step
Epoch 63/100

Epoch 00063: mean_squared_error did not improve from 0.00000
63/63 - 104s - loss: 9.4716e-07 - mean_squared_error: 1.3234e-06 - val_loss: 4.2849e-08 - val_mean_squared_error: 4.2849e-08 - 104s/epoch - 2s/step
Epoch 64/100

Epoch 00064: mean_squared_error did not improve from 0.00000
63/63 - 104s - loss: 9.3111e-07 - mean_squared_error: 1.3130e-06 - val_loss: 3.3091e-08 - val_mean_squared_error: 3.3091e-08 - 104s/epoch - 2s/step
Epoch 65/100

Epoch 00065: mean_squared_error improved from 0.00000 to 0.00000, saving model to /gpfswork/rech/ynx/ulx23va/repo/wf-SEDs/model_WFE_size/wf-outputs/chkp/wfe_study_bis/chkp_callback_poly_wfe_study_064_bis_5_cycle1
63/63 - 103s - loss: 9.3079e-07 - mean_squared_error: 1.3120e-06 - val_loss: 3.7752e-08 - val_mean_squared_error: 3.7752e-08 - 103s/epoch - 2s/step
Epoch 66/100

Epoch 00066: mean_squared_error did not improve from 0.00000
63/63 - 103s - loss: 9.4105e-07 - mean_squared_error: 1.3206e-06 - val_loss: 3.2553e-08 - val_mean_squared_error: 3.2553e-08 - 103s/epoch - 2s/step
Epoch 67/100

Epoch 00067: mean_squared_error did not improve from 0.00000
63/63 - 104s - loss: 9.3246e-07 - mean_squared_error: 1.3137e-06 - val_loss: 3.5723e-08 - val_mean_squared_error: 3.5723e-08 - 104s/epoch - 2s/step
Epoch 68/100

Epoch 00068: mean_squared_error did not improve from 0.00000
63/63 - 104s - loss: 9.3281e-07 - mean_squared_error: 1.3143e-06 - val_loss: 3.4120e-08 - val_mean_squared_error: 3.4120e-08 - 104s/epoch - 2s/step
Epoch 69/100

Epoch 00069: mean_squared_error improved from 0.00000 to 0.00000, saving model to /gpfswork/rech/ynx/ulx23va/repo/wf-SEDs/model_WFE_size/wf-outputs/chkp/wfe_study_bis/chkp_callback_poly_wfe_study_064_bis_5_cycle1
63/63 - 104s - loss: 9.2948e-07 - mean_squared_error: 1.3114e-06 - val_loss: 3.7097e-08 - val_mean_squared_error: 3.7097e-08 - 104s/epoch - 2s/step
Epoch 70/100

Epoch 00070: mean_squared_error did not improve from 0.00000
63/63 - 103s - loss: 9.4624e-07 - mean_squared_error: 1.3243e-06 - val_loss: 3.5193e-08 - val_mean_squared_error: 3.5193e-08 - 103s/epoch - 2s/step
Epoch 71/100

Epoch 00071: mean_squared_error did not improve from 0.00000
63/63 - 104s - loss: 9.3528e-07 - mean_squared_error: 1.3164e-06 - val_loss: 3.3648e-08 - val_mean_squared_error: 3.3648e-08 - 104s/epoch - 2s/step
Epoch 72/100

Epoch 00072: mean_squared_error did not improve from 0.00000
63/63 - 105s - loss: 9.3035e-07 - mean_squared_error: 1.3121e-06 - val_loss: 3.4698e-08 - val_mean_squared_error: 3.4698e-08 - 105s/epoch - 2s/step
Epoch 73/100

Epoch 00073: mean_squared_error did not improve from 0.00000
63/63 - 104s - loss: 9.3286e-07 - mean_squared_error: 1.3139e-06 - val_loss: 3.4548e-08 - val_mean_squared_error: 3.4548e-08 - 104s/epoch - 2s/step
Epoch 74/100

Epoch 00074: mean_squared_error improved from 0.00000 to 0.00000, saving model to /gpfswork/rech/ynx/ulx23va/repo/wf-SEDs/model_WFE_size/wf-outputs/chkp/wfe_study_bis/chkp_callback_poly_wfe_study_064_bis_5_cycle1
63/63 - 104s - loss: 9.2979e-07 - mean_squared_error: 1.3111e-06 - val_loss: 3.1257e-08 - val_mean_squared_error: 3.1257e-08 - 104s/epoch - 2s/step
Epoch 75/100

Epoch 00075: mean_squared_error improved from 0.00000 to 0.00000, saving model to /gpfswork/rech/ynx/ulx23va/repo/wf-SEDs/model_WFE_size/wf-outputs/chkp/wfe_study_bis/chkp_callback_poly_wfe_study_064_bis_5_cycle1
63/63 - 104s - loss: 9.2759e-07 - mean_squared_error: 1.3094e-06 - val_loss: 3.3148e-08 - val_mean_squared_error: 3.3148e-08 - 104s/epoch - 2s/step
Epoch 76/100

Epoch 00076: mean_squared_error did not improve from 0.00000
63/63 - 103s - loss: 9.3500e-07 - mean_squared_error: 1.3163e-06 - val_loss: 3.1749e-08 - val_mean_squared_error: 3.1749e-08 - 103s/epoch - 2s/step
Epoch 77/100

Epoch 00077: mean_squared_error did not improve from 0.00000
63/63 - 103s - loss: 9.3358e-07 - mean_squared_error: 1.3144e-06 - val_loss: 3.3100e-08 - val_mean_squared_error: 3.3100e-08 - 103s/epoch - 2s/step
Epoch 78/100

Epoch 00078: mean_squared_error did not improve from 0.00000
63/63 - 103s - loss: 9.3039e-07 - mean_squared_error: 1.3120e-06 - val_loss: 2.9713e-08 - val_mean_squared_error: 2.9713e-08 - 103s/epoch - 2s/step
Epoch 79/100

Epoch 00079: mean_squared_error did not improve from 0.00000
63/63 - 104s - loss: 9.3265e-07 - mean_squared_error: 1.3128e-06 - val_loss: 3.9809e-08 - val_mean_squared_error: 3.9809e-08 - 104s/epoch - 2s/step
Epoch 80/100

Epoch 00080: mean_squared_error did not improve from 0.00000
63/63 - 105s - loss: 9.3019e-07 - mean_squared_error: 1.3115e-06 - val_loss: 3.4683e-08 - val_mean_squared_error: 3.4683e-08 - 105s/epoch - 2s/step
Epoch 81/100

Epoch 00081: mean_squared_error did not improve from 0.00000
63/63 - 105s - loss: 9.3210e-07 - mean_squared_error: 1.3133e-06 - val_loss: 3.3018e-08 - val_mean_squared_error: 3.3018e-08 - 105s/epoch - 2s/step
Epoch 82/100

Epoch 00082: mean_squared_error did not improve from 0.00000
63/63 - 104s - loss: 9.3256e-07 - mean_squared_error: 1.3133e-06 - val_loss: 3.4764e-08 - val_mean_squared_error: 3.4764e-08 - 104s/epoch - 2s/step
Epoch 83/100

Epoch 00083: mean_squared_error did not improve from 0.00000
63/63 - 104s - loss: 9.3279e-07 - mean_squared_error: 1.3139e-06 - val_loss: 3.1278e-08 - val_mean_squared_error: 3.1278e-08 - 104s/epoch - 2s/step
Epoch 84/100

Epoch 00084: mean_squared_error did not improve from 0.00000
63/63 - 104s - loss: 9.3263e-07 - mean_squared_error: 1.3132e-06 - val_loss: 4.6166e-08 - val_mean_squared_error: 4.6166e-08 - 104s/epoch - 2s/step
Epoch 85/100

Epoch 00085: mean_squared_error did not improve from 0.00000
63/63 - 103s - loss: 9.3259e-07 - mean_squared_error: 1.3138e-06 - val_loss: 3.0720e-08 - val_mean_squared_error: 3.0720e-08 - 103s/epoch - 2s/step
Epoch 86/100

Epoch 00086: mean_squared_error improved from 0.00000 to 0.00000, saving model to /gpfswork/rech/ynx/ulx23va/repo/wf-SEDs/model_WFE_size/wf-outputs/chkp/wfe_study_bis/chkp_callback_poly_wfe_study_064_bis_5_cycle1
63/63 - 103s - loss: 9.2479e-07 - mean_squared_error: 1.3072e-06 - val_loss: 3.1654e-08 - val_mean_squared_error: 3.1654e-08 - 103s/epoch - 2s/step
Epoch 87/100

Epoch 00087: mean_squared_error did not improve from 0.00000
63/63 - 104s - loss: 9.2892e-07 - mean_squared_error: 1.3109e-06 - val_loss: 3.2698e-08 - val_mean_squared_error: 3.2698e-08 - 104s/epoch - 2s/step
Epoch 88/100

Epoch 00088: mean_squared_error did not improve from 0.00000
63/63 - 105s - loss: 9.4794e-07 - mean_squared_error: 1.3245e-06 - val_loss: 3.6902e-08 - val_mean_squared_error: 3.6902e-08 - 105s/epoch - 2s/step
Epoch 89/100

Epoch 00089: mean_squared_error did not improve from 0.00000
63/63 - 104s - loss: 9.2870e-07 - mean_squared_error: 1.3106e-06 - val_loss: 4.4323e-08 - val_mean_squared_error: 4.4323e-08 - 104s/epoch - 2s/step
Epoch 90/100

Epoch 00090: mean_squared_error did not improve from 0.00000
63/63 - 104s - loss: 9.3441e-07 - mean_squared_error: 1.3146e-06 - val_loss: 3.4175e-08 - val_mean_squared_error: 3.4175e-08 - 104s/epoch - 2s/step
Epoch 91/100

Epoch 00091: mean_squared_error did not improve from 0.00000
63/63 - 104s - loss: 9.3078e-07 - mean_squared_error: 1.3121e-06 - val_loss: 3.2359e-08 - val_mean_squared_error: 3.2359e-08 - 104s/epoch - 2s/step
Epoch 92/100

Epoch 00092: mean_squared_error did not improve from 0.00000
63/63 - 103s - loss: 9.2637e-07 - mean_squared_error: 1.3090e-06 - val_loss: 3.6580e-08 - val_mean_squared_error: 3.6580e-08 - 103s/epoch - 2s/step
Epoch 93/100

Epoch 00093: mean_squared_error did not improve from 0.00000
63/63 - 103s - loss: 9.2798e-07 - mean_squared_error: 1.3096e-06 - val_loss: 3.3260e-08 - val_mean_squared_error: 3.3260e-08 - 103s/epoch - 2s/step
Epoch 94/100

Epoch 00094: mean_squared_error did not improve from 0.00000
63/63 - 104s - loss: 9.3261e-07 - mean_squared_error: 1.3126e-06 - val_loss: 3.3368e-08 - val_mean_squared_error: 3.3368e-08 - 104s/epoch - 2s/step
Epoch 95/100

Epoch 00095: mean_squared_error did not improve from 0.00000
63/63 - 103s - loss: 9.2896e-07 - mean_squared_error: 1.3108e-06 - val_loss: 3.0808e-08 - val_mean_squared_error: 3.0808e-08 - 103s/epoch - 2s/step
Epoch 96/100

Epoch 00096: mean_squared_error did not improve from 0.00000
63/63 - 103s - loss: 9.2742e-07 - mean_squared_error: 1.3096e-06 - val_loss: 3.4673e-08 - val_mean_squared_error: 3.4673e-08 - 103s/epoch - 2s/step
Epoch 97/100

Epoch 00097: mean_squared_error did not improve from 0.00000
63/63 - 103s - loss: 9.2501e-07 - mean_squared_error: 1.3075e-06 - val_loss: 2.9337e-08 - val_mean_squared_error: 2.9337e-08 - 103s/epoch - 2s/step
Epoch 98/100

Epoch 00098: mean_squared_error did not improve from 0.00000
63/63 - 104s - loss: 9.2911e-07 - mean_squared_error: 1.3109e-06 - val_loss: 3.1500e-08 - val_mean_squared_error: 3.1500e-08 - 104s/epoch - 2s/step
Epoch 99/100

Epoch 00099: mean_squared_error did not improve from 0.00000
63/63 - 103s - loss: 9.2762e-07 - mean_squared_error: 1.3094e-06 - val_loss: 3.6580e-08 - val_mean_squared_error: 3.6580e-08 - 103s/epoch - 2s/step
Epoch 100/100

Epoch 00100: mean_squared_error did not improve from 0.00000
63/63 - 104s - loss: 9.2766e-07 - mean_squared_error: 1.3100e-06 - val_loss: 3.0839e-08 - val_mean_squared_error: 3.0839e-08 - 104s/epoch - 2s/step
Cycle1 elapsed time: 12009.506386
Starting cycle 2..
Starting parametric update..
Epoch 1/15

Epoch 00001: mean_squared_error improved from inf to 0.00000, saving model to /gpfswork/rech/ynx/ulx23va/repo/wf-SEDs/model_WFE_size/wf-outputs/chkp/wfe_study_bis/chkp_callback_poly_wfe_study_064_bis_5_cycle2
63/63 - 106s - loss: 9.2203e-07 - mean_squared_error: 1.3049e-06 - val_loss: 2.9043e-08 - val_mean_squared_error: 2.9043e-08 - 106s/epoch - 2s/step
Epoch 2/15

Epoch 00002: mean_squared_error did not improve from 0.00000
63/63 - 104s - loss: 9.2604e-07 - mean_squared_error: 1.3084e-06 - val_loss: 3.0183e-08 - val_mean_squared_error: 3.0183e-08 - 104s/epoch - 2s/step
Epoch 3/15

Epoch 00003: mean_squared_error did not improve from 0.00000
63/63 - 103s - loss: 9.2719e-07 - mean_squared_error: 1.3095e-06 - val_loss: 3.3614e-08 - val_mean_squared_error: 3.3614e-08 - 103s/epoch - 2s/step
Epoch 4/15

Epoch 00004: mean_squared_error did not improve from 0.00000
63/63 - 103s - loss: 9.3659e-07 - mean_squared_error: 1.3176e-06 - val_loss: 4.2614e-08 - val_mean_squared_error: 4.2614e-08 - 103s/epoch - 2s/step
Epoch 5/15

Epoch 00005: mean_squared_error did not improve from 0.00000
63/63 - 103s - loss: 9.3479e-07 - mean_squared_error: 1.3161e-06 - val_loss: 3.6891e-08 - val_mean_squared_error: 3.6891e-08 - 103s/epoch - 2s/step
Epoch 6/15

Epoch 00006: mean_squared_error did not improve from 0.00000
63/63 - 103s - loss: 9.3155e-07 - mean_squared_error: 1.3133e-06 - val_loss: 3.0685e-08 - val_mean_squared_error: 3.0685e-08 - 103s/epoch - 2s/step
Epoch 7/15

Epoch 00007: mean_squared_error did not improve from 0.00000
63/63 - 103s - loss: 9.2660e-07 - mean_squared_error: 1.3091e-06 - val_loss: 4.1171e-08 - val_mean_squared_error: 4.1171e-08 - 103s/epoch - 2s/step
Epoch 8/15

Epoch 00008: mean_squared_error did not improve from 0.00000
63/63 - 102s - loss: 9.3618e-07 - mean_squared_error: 1.3176e-06 - val_loss: 4.1906e-08 - val_mean_squared_error: 4.1906e-08 - 102s/epoch - 2s/step
Epoch 9/15

Epoch 00009: mean_squared_error did not improve from 0.00000
63/63 - 102s - loss: 9.3398e-07 - mean_squared_error: 1.3155e-06 - val_loss: 4.3008e-08 - val_mean_squared_error: 4.3008e-08 - 102s/epoch - 2s/step
Epoch 10/15

Epoch 00010: mean_squared_error did not improve from 0.00000
63/63 - 103s - loss: 9.4079e-07 - mean_squared_error: 1.3215e-06 - val_loss: 5.8475e-08 - val_mean_squared_error: 5.8475e-08 - 103s/epoch - 2s/step
Epoch 11/15

Epoch 00011: mean_squared_error did not improve from 0.00000
63/63 - 103s - loss: 9.5161e-07 - mean_squared_error: 1.3318e-06 - val_loss: 3.7811e-08 - val_mean_squared_error: 3.7811e-08 - 103s/epoch - 2s/step
Epoch 12/15

Epoch 00012: mean_squared_error did not improve from 0.00000
63/63 - 103s - loss: 9.7872e-07 - mean_squared_error: 1.3540e-06 - val_loss: 4.9630e-08 - val_mean_squared_error: 4.9630e-08 - 103s/epoch - 2s/step
Epoch 13/15

Epoch 00013: mean_squared_error did not improve from 0.00000
63/63 - 103s - loss: 9.3672e-07 - mean_squared_error: 1.3174e-06 - val_loss: 3.6052e-08 - val_mean_squared_error: 3.6052e-08 - 103s/epoch - 2s/step
Epoch 14/15

Epoch 00014: mean_squared_error did not improve from 0.00000
63/63 - 102s - loss: 9.3046e-07 - mean_squared_error: 1.3124e-06 - val_loss: 3.8431e-08 - val_mean_squared_error: 3.8431e-08 - 102s/epoch - 2s/step
Epoch 15/15

Epoch 00015: mean_squared_error did not improve from 0.00000
63/63 - 102s - loss: 9.3063e-07 - mean_squared_error: 1.3127e-06 - val_loss: 3.3534e-08 - val_mean_squared_error: 3.3534e-08 - 102s/epoch - 2s/step
Starting non-parametric update..
Epoch 1/50

Epoch 00001: mean_squared_error improved from 0.00000 to 0.00000, saving model to /gpfswork/rech/ynx/ulx23va/repo/wf-SEDs/model_WFE_size/wf-outputs/chkp/wfe_study_bis/chkp_callback_poly_wfe_study_064_bis_5_cycle2
63/63 - 110s - loss: 9.2115e-07 - mean_squared_error: 1.3040e-06 - val_loss: 2.4323e-08 - val_mean_squared_error: 2.4323e-08 - 110s/epoch - 2s/step
Epoch 2/50

Epoch 00002: mean_squared_error improved from 0.00000 to 0.00000, saving model to /gpfswork/rech/ynx/ulx23va/repo/wf-SEDs/model_WFE_size/wf-outputs/chkp/wfe_study_bis/chkp_callback_poly_wfe_study_064_bis_5_cycle2
63/63 - 107s - loss: 9.1727e-07 - mean_squared_error: 1.3009e-06 - val_loss: 2.3772e-08 - val_mean_squared_error: 2.3772e-08 - 107s/epoch - 2s/step
Epoch 3/50

Epoch 00003: mean_squared_error improved from 0.00000 to 0.00000, saving model to /gpfswork/rech/ynx/ulx23va/repo/wf-SEDs/model_WFE_size/wf-outputs/chkp/wfe_study_bis/chkp_callback_poly_wfe_study_064_bis_5_cycle2
63/63 - 107s - loss: 9.1695e-07 - mean_squared_error: 1.3006e-06 - val_loss: 2.4590e-08 - val_mean_squared_error: 2.4590e-08 - 107s/epoch - 2s/step
Epoch 4/50

Epoch 00004: mean_squared_error did not improve from 0.00000
63/63 - 107s - loss: 9.1740e-07 - mean_squared_error: 1.3010e-06 - val_loss: 2.3900e-08 - val_mean_squared_error: 2.3900e-08 - 107s/epoch - 2s/step
Epoch 5/50

Epoch 00005: mean_squared_error did not improve from 0.00000
63/63 - 107s - loss: 9.1699e-07 - mean_squared_error: 1.3006e-06 - val_loss: 2.3465e-08 - val_mean_squared_error: 2.3465e-08 - 107s/epoch - 2s/step
Epoch 6/50

Epoch 00006: mean_squared_error did not improve from 0.00000
63/63 - 109s - loss: 9.1717e-07 - mean_squared_error: 1.3008e-06 - val_loss: 2.3757e-08 - val_mean_squared_error: 2.3757e-08 - 109s/epoch - 2s/step
Epoch 7/50

Epoch 00007: mean_squared_error did not improve from 0.00000
63/63 - 109s - loss: 9.1743e-07 - mean_squared_error: 1.3009e-06 - val_loss: 2.3453e-08 - val_mean_squared_error: 2.3453e-08 - 109s/epoch - 2s/step
Epoch 8/50

Epoch 00008: mean_squared_error did not improve from 0.00000
63/63 - 108s - loss: 9.1719e-07 - mean_squared_error: 1.3009e-06 - val_loss: 2.3594e-08 - val_mean_squared_error: 2.3594e-08 - 108s/epoch - 2s/step
Epoch 9/50

Epoch 00009: mean_squared_error did not improve from 0.00000
63/63 - 108s - loss: 9.1759e-07 - mean_squared_error: 1.3011e-06 - val_loss: 2.5629e-08 - val_mean_squared_error: 2.5629e-08 - 108s/epoch - 2s/step
Epoch 10/50

Epoch 00010: mean_squared_error did not improve from 0.00000
63/63 - 108s - loss: 9.1769e-07 - mean_squared_error: 1.3012e-06 - val_loss: 2.4877e-08 - val_mean_squared_error: 2.4877e-08 - 108s/epoch - 2s/step
Epoch 11/50

Epoch 00011: mean_squared_error did not improve from 0.00000
63/63 - 108s - loss: 9.1740e-07 - mean_squared_error: 1.3011e-06 - val_loss: 2.3942e-08 - val_mean_squared_error: 2.3942e-08 - 108s/epoch - 2s/step
Epoch 12/50

Epoch 00012: mean_squared_error did not improve from 0.00000
63/63 - 109s - loss: 9.1723e-07 - mean_squared_error: 1.3008e-06 - val_loss: 2.4641e-08 - val_mean_squared_error: 2.4641e-08 - 109s/epoch - 2s/step
Epoch 13/50

Epoch 00013: mean_squared_error did not improve from 0.00000
63/63 - 109s - loss: 9.1841e-07 - mean_squared_error: 1.3017e-06 - val_loss: 2.3801e-08 - val_mean_squared_error: 2.3801e-08 - 109s/epoch - 2s/step
Epoch 14/50

Epoch 00014: mean_squared_error did not improve from 0.00000
63/63 - 108s - loss: 9.1755e-07 - mean_squared_error: 1.3011e-06 - val_loss: 2.4459e-08 - val_mean_squared_error: 2.4459e-08 - 108s/epoch - 2s/step
Epoch 15/50

Epoch 00015: mean_squared_error did not improve from 0.00000
63/63 - 109s - loss: 9.1758e-07 - mean_squared_error: 1.3012e-06 - val_loss: 2.3882e-08 - val_mean_squared_error: 2.3882e-08 - 109s/epoch - 2s/step
Epoch 16/50

Epoch 00016: mean_squared_error did not improve from 0.00000
63/63 - 109s - loss: 9.1751e-07 - mean_squared_error: 1.3011e-06 - val_loss: 2.3638e-08 - val_mean_squared_error: 2.3638e-08 - 109s/epoch - 2s/step
Epoch 17/50

Epoch 00017: mean_squared_error did not improve from 0.00000
63/63 - 109s - loss: 9.1760e-07 - mean_squared_error: 1.3011e-06 - val_loss: 2.5012e-08 - val_mean_squared_error: 2.5012e-08 - 109s/epoch - 2s/step
Epoch 18/50

Epoch 00018: mean_squared_error did not improve from 0.00000
63/63 - 109s - loss: 9.1825e-07 - mean_squared_error: 1.3019e-06 - val_loss: 2.4591e-08 - val_mean_squared_error: 2.4591e-08 - 109s/epoch - 2s/step
Epoch 19/50

Epoch 00019: mean_squared_error did not improve from 0.00000
63/63 - 109s - loss: 9.1773e-07 - mean_squared_error: 1.3012e-06 - val_loss: 2.3940e-08 - val_mean_squared_error: 2.3940e-08 - 109s/epoch - 2s/step
Epoch 20/50

Epoch 00020: mean_squared_error did not improve from 0.00000
63/63 - 108s - loss: 9.1746e-07 - mean_squared_error: 1.3010e-06 - val_loss: 2.4959e-08 - val_mean_squared_error: 2.4959e-08 - 108s/epoch - 2s/step
Epoch 21/50

Epoch 00021: mean_squared_error did not improve from 0.00000
63/63 - 108s - loss: 9.1801e-07 - mean_squared_error: 1.3015e-06 - val_loss: 2.5409e-08 - val_mean_squared_error: 2.5409e-08 - 108s/epoch - 2s/step
Epoch 22/50

Epoch 00022: mean_squared_error did not improve from 0.00000
63/63 - 108s - loss: 9.1772e-07 - mean_squared_error: 1.3014e-06 - val_loss: 2.5721e-08 - val_mean_squared_error: 2.5721e-08 - 108s/epoch - 2s/step
Epoch 23/50

Epoch 00023: mean_squared_error did not improve from 0.00000
63/63 - 108s - loss: 9.1885e-07 - mean_squared_error: 1.3022e-06 - val_loss: 2.6247e-08 - val_mean_squared_error: 2.6247e-08 - 108s/epoch - 2s/step
Epoch 24/50

Epoch 00024: mean_squared_error did not improve from 0.00000
63/63 - 109s - loss: 9.1904e-07 - mean_squared_error: 1.3023e-06 - val_loss: 2.7061e-08 - val_mean_squared_error: 2.7061e-08 - 109s/epoch - 2s/step
Epoch 25/50

Epoch 00025: mean_squared_error did not improve from 0.00000
63/63 - 109s - loss: 9.1818e-07 - mean_squared_error: 1.3018e-06 - val_loss: 2.4836e-08 - val_mean_squared_error: 2.4836e-08 - 109s/epoch - 2s/step
Epoch 26/50

Epoch 00026: mean_squared_error did not improve from 0.00000
63/63 - 109s - loss: 9.1763e-07 - mean_squared_error: 1.3012e-06 - val_loss: 2.3553e-08 - val_mean_squared_error: 2.3553e-08 - 109s/epoch - 2s/step
Epoch 27/50

Epoch 00027: mean_squared_error did not improve from 0.00000
63/63 - 109s - loss: 9.1707e-07 - mean_squared_error: 1.3007e-06 - val_loss: 2.4482e-08 - val_mean_squared_error: 2.4482e-08 - 109s/epoch - 2s/step
Epoch 28/50

Epoch 00028: mean_squared_error did not improve from 0.00000
63/63 - 109s - loss: 9.1782e-07 - mean_squared_error: 1.3011e-06 - val_loss: 2.5765e-08 - val_mean_squared_error: 2.5765e-08 - 109s/epoch - 2s/step
Epoch 29/50

Epoch 00029: mean_squared_error did not improve from 0.00000
63/63 - 109s - loss: 9.1790e-07 - mean_squared_error: 1.3014e-06 - val_loss: 2.4485e-08 - val_mean_squared_error: 2.4485e-08 - 109s/epoch - 2s/step
Epoch 30/50

Epoch 00030: mean_squared_error did not improve from 0.00000
63/63 - 109s - loss: 9.1784e-07 - mean_squared_error: 1.3013e-06 - val_loss: 2.4270e-08 - val_mean_squared_error: 2.4270e-08 - 109s/epoch - 2s/step
Epoch 31/50

Epoch 00031: mean_squared_error did not improve from 0.00000
63/63 - 108s - loss: 9.1803e-07 - mean_squared_error: 1.3015e-06 - val_loss: 2.5369e-08 - val_mean_squared_error: 2.5369e-08 - 108s/epoch - 2s/step
Epoch 32/50

Epoch 00032: mean_squared_error did not improve from 0.00000
63/63 - 110s - loss: 9.2022e-07 - mean_squared_error: 1.3031e-06 - val_loss: 2.4543e-08 - val_mean_squared_error: 2.4543e-08 - 110s/epoch - 2s/step
Epoch 33/50

Epoch 00033: mean_squared_error did not improve from 0.00000
63/63 - 109s - loss: 9.1706e-07 - mean_squared_error: 1.3007e-06 - val_loss: 2.4315e-08 - val_mean_squared_error: 2.4315e-08 - 109s/epoch - 2s/step
Epoch 34/50

Epoch 00034: mean_squared_error did not improve from 0.00000
63/63 - 108s - loss: 9.1795e-07 - mean_squared_error: 1.3017e-06 - val_loss: 2.5546e-08 - val_mean_squared_error: 2.5546e-08 - 108s/epoch - 2s/step
Epoch 35/50

Epoch 00035: mean_squared_error did not improve from 0.00000
63/63 - 108s - loss: 9.1966e-07 - mean_squared_error: 1.3031e-06 - val_loss: 2.6940e-08 - val_mean_squared_error: 2.6940e-08 - 108s/epoch - 2s/step
Epoch 36/50

Epoch 00036: mean_squared_error did not improve from 0.00000
63/63 - 108s - loss: 9.1964e-07 - mean_squared_error: 1.3027e-06 - val_loss: 2.8201e-08 - val_mean_squared_error: 2.8201e-08 - 108s/epoch - 2s/step
Epoch 37/50

Epoch 00037: mean_squared_error did not improve from 0.00000
63/63 - 108s - loss: 9.1817e-07 - mean_squared_error: 1.3015e-06 - val_loss: 2.3337e-08 - val_mean_squared_error: 2.3337e-08 - 108s/epoch - 2s/step
Epoch 38/50

Epoch 00038: mean_squared_error did not improve from 0.00000
63/63 - 108s - loss: 9.1845e-07 - mean_squared_error: 1.3018e-06 - val_loss: 2.8386e-08 - val_mean_squared_error: 2.8386e-08 - 108s/epoch - 2s/step
Epoch 39/50

Epoch 00039: mean_squared_error did not improve from 0.00000
63/63 - 109s - loss: 9.1792e-07 - mean_squared_error: 1.3014e-06 - val_loss: 2.4909e-08 - val_mean_squared_error: 2.4909e-08 - 109s/epoch - 2s/step
Epoch 40/50

Epoch 00040: mean_squared_error did not improve from 0.00000
63/63 - 109s - loss: 9.1759e-07 - mean_squared_error: 1.3011e-06 - val_loss: 2.7856e-08 - val_mean_squared_error: 2.7856e-08 - 109s/epoch - 2s/step
Epoch 41/50

Epoch 00041: mean_squared_error did not improve from 0.00000
63/63 - 109s - loss: 9.1817e-07 - mean_squared_error: 1.3014e-06 - val_loss: 2.3856e-08 - val_mean_squared_error: 2.3856e-08 - 109s/epoch - 2s/step
Epoch 42/50

Epoch 00042: mean_squared_error did not improve from 0.00000
63/63 - 110s - loss: 9.1778e-07 - mean_squared_error: 1.3013e-06 - val_loss: 2.4009e-08 - val_mean_squared_error: 2.4009e-08 - 110s/epoch - 2s/step
Epoch 43/50

Epoch 00043: mean_squared_error did not improve from 0.00000
63/63 - 110s - loss: 9.1797e-07 - mean_squared_error: 1.3016e-06 - val_loss: 2.6153e-08 - val_mean_squared_error: 2.6153e-08 - 110s/epoch - 2s/step
Epoch 44/50

Epoch 00044: mean_squared_error did not improve from 0.00000
63/63 - 109s - loss: 9.1866e-07 - mean_squared_error: 1.3019e-06 - val_loss: 2.3708e-08 - val_mean_squared_error: 2.3708e-08 - 109s/epoch - 2s/step
Epoch 45/50

Epoch 00045: mean_squared_error did not improve from 0.00000
63/63 - 108s - loss: 9.1866e-07 - mean_squared_error: 1.3017e-06 - val_loss: 2.6425e-08 - val_mean_squared_error: 2.6425e-08 - 108s/epoch - 2s/step
Epoch 46/50

Epoch 00046: mean_squared_error did not improve from 0.00000
63/63 - 108s - loss: 9.1987e-07 - mean_squared_error: 1.3027e-06 - val_loss: 2.4777e-08 - val_mean_squared_error: 2.4777e-08 - 108s/epoch - 2s/step
Epoch 47/50

Epoch 00047: mean_squared_error did not improve from 0.00000
63/63 - 108s - loss: 9.1779e-07 - mean_squared_error: 1.3012e-06 - val_loss: 3.1401e-08 - val_mean_squared_error: 3.1401e-08 - 108s/epoch - 2s/step
Epoch 48/50

Epoch 00048: mean_squared_error did not improve from 0.00000
63/63 - 108s - loss: 9.2199e-07 - mean_squared_error: 1.3046e-06 - val_loss: 2.5319e-08 - val_mean_squared_error: 2.5319e-08 - 108s/epoch - 2s/step
Epoch 49/50

Epoch 00049: mean_squared_error did not improve from 0.00000
63/63 - 109s - loss: 9.1851e-07 - mean_squared_error: 1.3019e-06 - val_loss: 2.5925e-08 - val_mean_squared_error: 2.5925e-08 - 109s/epoch - 2s/step
Epoch 50/50

Epoch 00050: mean_squared_error did not improve from 0.00000
63/63 - 109s - loss: 9.1779e-07 - mean_squared_error: 1.3015e-06 - val_loss: 2.5097e-08 - val_mean_squared_error: 2.5097e-08 - 109s/epoch - 2s/step
Cycle2 elapsed time: 6979.345668

Total elapsed time: 18992.734261

 Good bye..
