Starting the log file.
Found GPU at: /device:GPU:0
tf_version: 2.7.0
Dataset parameters:
{'d_max': 2, 'max_order': 45, 'x_lims': [0, 1000.0], 'y_lims': [0, 1000.0], 'grid_points': [4, 4], 'n_bins': 350, 'max_wfe_rms': 0.1, 'oversampling_rate': 3.0, 'output_Q': 3.0, 'output_dim': 32, 'LP_filter_length': 2, 'pupil_diameter': 256, 'euclid_obsc': True, 'n_stars': 2000}

***
Metric evaluation on the test dataset
***

Absolute RMSE:	 9.6554e-05 	 +/- 2.0583e-05
Relative RMSE:	 1.2966e+00 % 	 +/- 3.5701e-01 %
Absolute RMSE:	 1.5979e-01 	 +/- 2.4031e-02
Relative RMSE:	 2.0417e+02 % 	 +/- 1.3214e+01 %

Pixel star absolute RMSE:	 6.6041e-05 	 +/- 2.1026e-05 
Pixel star relative RMSE:	 4.3991e+00 % 	 +/- 1.5998e+00 %

sigma(e1) RMSE =		 1.6529e-02 	 +/- 1.2786e-02 
sigma(e2) RMSE =		 7.0903e-03 	 +/- 6.4846e-03 
sigma(R2)/<R2> =		 2.3247e-02 	 +/- 2.1572e-02 

Relative sigma(e1) RMSE =	 4.6652e+02 % 	 +/- 4.5954e+02 %
Relative sigma(e2) RMSE =	 2.7448e+02 % 	 +/- 2.7391e+02 %

Total number of stars: 		400
Problematic number of stars: 	0

***
Metric evaluation on the train dataset
***

Absolute RMSE:	 9.4578e-05 	 +/- 2.0102e-05
Relative RMSE:	 1.2732e+00 % 	 +/- 3.7913e-01 %
Absolute RMSE:	 1.6010e-01 	 +/- 2.4522e-02
Relative RMSE:	 2.0512e+02 % 	 +/- 1.3839e+01 %

Pixel star absolute RMSE:	 6.5510e-05 	 +/- 2.1833e-05 
Pixel star relative RMSE:	 4.3677e+00 % 	 +/- 1.6917e+00 %

sigma(e1) RMSE =		 1.8170e-02 	 +/- 1.4574e-02 
sigma(e2) RMSE =		 8.0592e-03 	 +/- 7.5586e-03 
sigma(R2)/<R2> =		 5.3870e-02 	 +/- 2.6961e-02 

Relative sigma(e1) RMSE =	 1.6609e+03 % 	 +/- 1.6603e+03 %
Relative sigma(e2) RMSE =	 2.2673e+03 % 	 +/- 2.2644e+03 %

Total number of stars: 		2000
Problematic number of stars: 	1

Total elapsed time: 2403.949759

 Good bye..
