Starting the log file.
Found GPU at: /device:GPU:0
tf_version: 2.7.0
Zernike cube:
(15, 128, 128)
Dataset parameters:
{'d_max': 2, 'max_order': 45, 'x_lims': [0, 1000.0], 'y_lims': [0, 1000.0], 'grid_points': [4, 4], 'n_bins': 20, 'max_wfe_rms': 0.1, 'oversampling_rate': 3.0, 'output_Q': 3.0, 'output_dim': 32, 'LP_filter_length': 2, 'pupil_diameter': 4096, 'euclid_obsc': True, 'n_stars': 2000}
Starting cycle 1..
Starting parametric update..
Epoch 1/15

Epoch 00001: mean_squared_error improved from inf to 0.00001, saving model to /gpfswork/rech/ynx/ulx23va/repo/wf-SEDs/model_WFE_size/wf-outputs/chkp/wfe_study_id009_bis/chkp_callback_poly_wfe_study_id009_128_bis_4_cycle1
63/63 - 183s - loss: 8.1802e-06 - mean_squared_error: 7.2956e-06 - val_loss: 1.4384e-06 - val_mean_squared_error: 1.4384e-06 - 183s/epoch - 3s/step
Epoch 2/15

Epoch 00002: mean_squared_error improved from 0.00001 to 0.00000, saving model to /gpfswork/rech/ynx/ulx23va/repo/wf-SEDs/model_WFE_size/wf-outputs/chkp/wfe_study_id009_bis/chkp_callback_poly_wfe_study_id009_128_bis_4_cycle1
63/63 - 173s - loss: 2.3760e-06 - mean_squared_error: 2.5767e-06 - val_loss: 9.4324e-07 - val_mean_squared_error: 9.4324e-07 - 173s/epoch - 3s/step
Epoch 3/15

Epoch 00003: mean_squared_error improved from 0.00000 to 0.00000, saving model to /gpfswork/rech/ynx/ulx23va/repo/wf-SEDs/model_WFE_size/wf-outputs/chkp/wfe_study_id009_bis/chkp_callback_poly_wfe_study_id009_128_bis_4_cycle1
63/63 - 179s - loss: 2.0383e-06 - mean_squared_error: 2.2782e-06 - val_loss: 8.4184e-07 - val_mean_squared_error: 8.4184e-07 - 179s/epoch - 3s/step
Epoch 4/15

Epoch 00004: mean_squared_error improved from 0.00000 to 0.00000, saving model to /gpfswork/rech/ynx/ulx23va/repo/wf-SEDs/model_WFE_size/wf-outputs/chkp/wfe_study_id009_bis/chkp_callback_poly_wfe_study_id009_128_bis_4_cycle1
63/63 - 178s - loss: 1.9383e-06 - mean_squared_error: 2.1919e-06 - val_loss: 7.3183e-07 - val_mean_squared_error: 7.3183e-07 - 178s/epoch - 3s/step
Epoch 5/15

Epoch 00005: mean_squared_error improved from 0.00000 to 0.00000, saving model to /gpfswork/rech/ynx/ulx23va/repo/wf-SEDs/model_WFE_size/wf-outputs/chkp/wfe_study_id009_bis/chkp_callback_poly_wfe_study_id009_128_bis_4_cycle1
63/63 - 176s - loss: 1.8679e-06 - mean_squared_error: 2.1219e-06 - val_loss: 7.3259e-07 - val_mean_squared_error: 7.3259e-07 - 176s/epoch - 3s/step
Epoch 6/15

Epoch 00006: mean_squared_error improved from 0.00000 to 0.00000, saving model to /gpfswork/rech/ynx/ulx23va/repo/wf-SEDs/model_WFE_size/wf-outputs/chkp/wfe_study_id009_bis/chkp_callback_poly_wfe_study_id009_128_bis_4_cycle1
63/63 - 174s - loss: 1.8649e-06 - mean_squared_error: 2.1147e-06 - val_loss: 7.0953e-07 - val_mean_squared_error: 7.0953e-07 - 174s/epoch - 3s/step
Epoch 7/15

Epoch 00007: mean_squared_error improved from 0.00000 to 0.00000, saving model to /gpfswork/rech/ynx/ulx23va/repo/wf-SEDs/model_WFE_size/wf-outputs/chkp/wfe_study_id009_bis/chkp_callback_poly_wfe_study_id009_128_bis_4_cycle1
63/63 - 177s - loss: 1.8456e-06 - mean_squared_error: 2.0995e-06 - val_loss: 7.0868e-07 - val_mean_squared_error: 7.0868e-07 - 177s/epoch - 3s/step
Epoch 8/15

Epoch 00008: mean_squared_error improved from 0.00000 to 0.00000, saving model to /gpfswork/rech/ynx/ulx23va/repo/wf-SEDs/model_WFE_size/wf-outputs/chkp/wfe_study_id009_bis/chkp_callback_poly_wfe_study_id009_128_bis_4_cycle1
63/63 - 174s - loss: 1.8266e-06 - mean_squared_error: 2.0829e-06 - val_loss: 7.2424e-07 - val_mean_squared_error: 7.2424e-07 - 174s/epoch - 3s/step
Epoch 9/15

Epoch 00009: mean_squared_error improved from 0.00000 to 0.00000, saving model to /gpfswork/rech/ynx/ulx23va/repo/wf-SEDs/model_WFE_size/wf-outputs/chkp/wfe_study_id009_bis/chkp_callback_poly_wfe_study_id009_128_bis_4_cycle1
63/63 - 175s - loss: 1.8195e-06 - mean_squared_error: 2.0767e-06 - val_loss: 6.5044e-07 - val_mean_squared_error: 6.5044e-07 - 175s/epoch - 3s/step
Epoch 10/15

Epoch 00010: mean_squared_error did not improve from 0.00000
63/63 - 174s - loss: 1.8456e-06 - mean_squared_error: 2.0965e-06 - val_loss: 7.4095e-07 - val_mean_squared_error: 7.4095e-07 - 174s/epoch - 3s/step
Epoch 11/15

Epoch 00011: mean_squared_error did not improve from 0.00000
63/63 - 174s - loss: 1.8732e-06 - mean_squared_error: 2.1192e-06 - val_loss: 6.8610e-07 - val_mean_squared_error: 6.8610e-07 - 174s/epoch - 3s/step
Epoch 12/15

Epoch 00012: mean_squared_error did not improve from 0.00000
63/63 - 175s - loss: 1.8417e-06 - mean_squared_error: 2.0913e-06 - val_loss: 7.1950e-07 - val_mean_squared_error: 7.1950e-07 - 175s/epoch - 3s/step
Epoch 13/15

Epoch 00013: mean_squared_error did not improve from 0.00000
63/63 - 176s - loss: 1.9790e-06 - mean_squared_error: 2.2037e-06 - val_loss: 8.3519e-07 - val_mean_squared_error: 8.3519e-07 - 176s/epoch - 3s/step
Epoch 14/15

Epoch 00014: mean_squared_error did not improve from 0.00000
63/63 - 175s - loss: 2.1719e-06 - mean_squared_error: 2.3596e-06 - val_loss: 8.4506e-07 - val_mean_squared_error: 8.4506e-07 - 175s/epoch - 3s/step
Epoch 15/15

Epoch 00015: mean_squared_error did not improve from 0.00000
63/63 - 176s - loss: 1.9064e-06 - mean_squared_error: 2.1367e-06 - val_loss: 6.7302e-07 - val_mean_squared_error: 6.7302e-07 - 176s/epoch - 3s/step
Starting non-parametric update..
Epoch 1/100

Epoch 00001: mean_squared_error improved from 0.00000 to 0.00000, saving model to /gpfswork/rech/ynx/ulx23va/repo/wf-SEDs/model_WFE_size/wf-outputs/chkp/wfe_study_id009_bis/chkp_callback_poly_wfe_study_id009_128_bis_4_cycle1
63/63 - 177s - loss: 1.7217e-06 - mean_squared_error: 1.9939e-06 - val_loss: 5.1211e-07 - val_mean_squared_error: 5.1211e-07 - 177s/epoch - 3s/step
Epoch 2/100

Epoch 00002: mean_squared_error improved from 0.00000 to 0.00000, saving model to /gpfswork/rech/ynx/ulx23va/repo/wf-SEDs/model_WFE_size/wf-outputs/chkp/wfe_study_id009_bis/chkp_callback_poly_wfe_study_id009_128_bis_4_cycle1
63/63 - 177s - loss: 1.5163e-06 - mean_squared_error: 1.8386e-06 - val_loss: 3.7972e-07 - val_mean_squared_error: 3.7972e-07 - 177s/epoch - 3s/step
Epoch 3/100

Epoch 00003: mean_squared_error improved from 0.00000 to 0.00000, saving model to /gpfswork/rech/ynx/ulx23va/repo/wf-SEDs/model_WFE_size/wf-outputs/chkp/wfe_study_id009_bis/chkp_callback_poly_wfe_study_id009_128_bis_4_cycle1
63/63 - 178s - loss: 1.3663e-06 - mean_squared_error: 1.7148e-06 - val_loss: 2.7380e-07 - val_mean_squared_error: 2.7380e-07 - 178s/epoch - 3s/step
Epoch 4/100

Epoch 00004: mean_squared_error improved from 0.00000 to 0.00000, saving model to /gpfswork/rech/ynx/ulx23va/repo/wf-SEDs/model_WFE_size/wf-outputs/chkp/wfe_study_id009_bis/chkp_callback_poly_wfe_study_id009_128_bis_4_cycle1
63/63 - 174s - loss: 1.2628e-06 - mean_squared_error: 1.6253e-06 - val_loss: 2.0349e-07 - val_mean_squared_error: 2.0349e-07 - 174s/epoch - 3s/step
Epoch 5/100

Epoch 00005: mean_squared_error improved from 0.00000 to 0.00000, saving model to /gpfswork/rech/ynx/ulx23va/repo/wf-SEDs/model_WFE_size/wf-outputs/chkp/wfe_study_id009_bis/chkp_callback_poly_wfe_study_id009_128_bis_4_cycle1
63/63 - 177s - loss: 1.1957e-06 - mean_squared_error: 1.5672e-06 - val_loss: 1.5508e-07 - val_mean_squared_error: 1.5508e-07 - 177s/epoch - 3s/step
Epoch 6/100

Epoch 00006: mean_squared_error improved from 0.00000 to 0.00000, saving model to /gpfswork/rech/ynx/ulx23va/repo/wf-SEDs/model_WFE_size/wf-outputs/chkp/wfe_study_id009_bis/chkp_callback_poly_wfe_study_id009_128_bis_4_cycle1
63/63 - 175s - loss: 1.1477e-06 - mean_squared_error: 1.5266e-06 - val_loss: 1.2012e-07 - val_mean_squared_error: 1.2012e-07 - 175s/epoch - 3s/step
Epoch 7/100

Epoch 00007: mean_squared_error improved from 0.00000 to 0.00000, saving model to /gpfswork/rech/ynx/ulx23va/repo/wf-SEDs/model_WFE_size/wf-outputs/chkp/wfe_study_id009_bis/chkp_callback_poly_wfe_study_id009_128_bis_4_cycle1
63/63 - 173s - loss: 1.1132e-06 - mean_squared_error: 1.4961e-06 - val_loss: 9.5205e-08 - val_mean_squared_error: 9.5205e-08 - 173s/epoch - 3s/step
Epoch 8/100

Epoch 00008: mean_squared_error improved from 0.00000 to 0.00000, saving model to /gpfswork/rech/ynx/ulx23va/repo/wf-SEDs/model_WFE_size/wf-outputs/chkp/wfe_study_id009_bis/chkp_callback_poly_wfe_study_id009_128_bis_4_cycle1
63/63 - 178s - loss: 1.0917e-06 - mean_squared_error: 1.4771e-06 - val_loss: 8.6835e-08 - val_mean_squared_error: 8.6835e-08 - 178s/epoch - 3s/step
Epoch 9/100

Epoch 00009: mean_squared_error improved from 0.00000 to 0.00000, saving model to /gpfswork/rech/ynx/ulx23va/repo/wf-SEDs/model_WFE_size/wf-outputs/chkp/wfe_study_id009_bis/chkp_callback_poly_wfe_study_id009_128_bis_4_cycle1
63/63 - 176s - loss: 1.0761e-06 - mean_squared_error: 1.4639e-06 - val_loss: 6.7943e-08 - val_mean_squared_error: 6.7943e-08 - 176s/epoch - 3s/step
Epoch 10/100

Epoch 00010: mean_squared_error improved from 0.00000 to 0.00000, saving model to /gpfswork/rech/ynx/ulx23va/repo/wf-SEDs/model_WFE_size/wf-outputs/chkp/wfe_study_id009_bis/chkp_callback_poly_wfe_study_id009_128_bis_4_cycle1
63/63 - 176s - loss: 1.0625e-06 - mean_squared_error: 1.4527e-06 - val_loss: 5.9234e-08 - val_mean_squared_error: 5.9234e-08 - 176s/epoch - 3s/step
Epoch 11/100

Epoch 00011: mean_squared_error improved from 0.00000 to 0.00000, saving model to /gpfswork/rech/ynx/ulx23va/repo/wf-SEDs/model_WFE_size/wf-outputs/chkp/wfe_study_id009_bis/chkp_callback_poly_wfe_study_id009_128_bis_4_cycle1
63/63 - 176s - loss: 1.0528e-06 - mean_squared_error: 1.4446e-06 - val_loss: 5.2167e-08 - val_mean_squared_error: 5.2167e-08 - 176s/epoch - 3s/step
Epoch 12/100

Epoch 00012: mean_squared_error improved from 0.00000 to 0.00000, saving model to /gpfswork/rech/ynx/ulx23va/repo/wf-SEDs/model_WFE_size/wf-outputs/chkp/wfe_study_id009_bis/chkp_callback_poly_wfe_study_id009_128_bis_4_cycle1
63/63 - 175s - loss: 1.0443e-06 - mean_squared_error: 1.4373e-06 - val_loss: 4.7205e-08 - val_mean_squared_error: 4.7205e-08 - 175s/epoch - 3s/step
Epoch 13/100

Epoch 00013: mean_squared_error improved from 0.00000 to 0.00000, saving model to /gpfswork/rech/ynx/ulx23va/repo/wf-SEDs/model_WFE_size/wf-outputs/chkp/wfe_study_id009_bis/chkp_callback_poly_wfe_study_id009_128_bis_4_cycle1
63/63 - 177s - loss: 1.0408e-06 - mean_squared_error: 1.4338e-06 - val_loss: 4.2270e-08 - val_mean_squared_error: 4.2270e-08 - 177s/epoch - 3s/step
Epoch 14/100

Epoch 00014: mean_squared_error improved from 0.00000 to 0.00000, saving model to /gpfswork/rech/ynx/ulx23va/repo/wf-SEDs/model_WFE_size/wf-outputs/chkp/wfe_study_id009_bis/chkp_callback_poly_wfe_study_id009_128_bis_4_cycle1
63/63 - 177s - loss: 1.0375e-06 - mean_squared_error: 1.4305e-06 - val_loss: 3.6144e-08 - val_mean_squared_error: 3.6144e-08 - 177s/epoch - 3s/step
Epoch 15/100

Epoch 00015: mean_squared_error improved from 0.00000 to 0.00000, saving model to /gpfswork/rech/ynx/ulx23va/repo/wf-SEDs/model_WFE_size/wf-outputs/chkp/wfe_study_id009_bis/chkp_callback_poly_wfe_study_id009_128_bis_4_cycle1
63/63 - 174s - loss: 1.0304e-06 - mean_squared_error: 1.4250e-06 - val_loss: 3.4604e-08 - val_mean_squared_error: 3.4604e-08 - 174s/epoch - 3s/step
Epoch 16/100

Epoch 00016: mean_squared_error improved from 0.00000 to 0.00000, saving model to /gpfswork/rech/ynx/ulx23va/repo/wf-SEDs/model_WFE_size/wf-outputs/chkp/wfe_study_id009_bis/chkp_callback_poly_wfe_study_id009_128_bis_4_cycle1
63/63 - 176s - loss: 1.0287e-06 - mean_squared_error: 1.4230e-06 - val_loss: 3.0811e-08 - val_mean_squared_error: 3.0811e-08 - 176s/epoch - 3s/step
Epoch 17/100

Epoch 00017: mean_squared_error improved from 0.00000 to 0.00000, saving model to /gpfswork/rech/ynx/ulx23va/repo/wf-SEDs/model_WFE_size/wf-outputs/chkp/wfe_study_id009_bis/chkp_callback_poly_wfe_study_id009_128_bis_4_cycle1
63/63 - 177s - loss: 1.0253e-06 - mean_squared_error: 1.4206e-06 - val_loss: 3.0754e-08 - val_mean_squared_error: 3.0754e-08 - 177s/epoch - 3s/step
Epoch 18/100

Epoch 00018: mean_squared_error did not improve from 0.00000
63/63 - 173s - loss: 1.0268e-06 - mean_squared_error: 1.4213e-06 - val_loss: 4.4995e-08 - val_mean_squared_error: 4.4995e-08 - 173s/epoch - 3s/step
Epoch 19/100

Epoch 00019: mean_squared_error did not improve from 0.00000
63/63 - 175s - loss: 1.0354e-06 - mean_squared_error: 1.4277e-06 - val_loss: 2.8541e-08 - val_mean_squared_error: 2.8541e-08 - 175s/epoch - 3s/step
Epoch 20/100

Epoch 00020: mean_squared_error improved from 0.00000 to 0.00000, saving model to /gpfswork/rech/ynx/ulx23va/repo/wf-SEDs/model_WFE_size/wf-outputs/chkp/wfe_study_id009_bis/chkp_callback_poly_wfe_study_id009_128_bis_4_cycle1
63/63 - 177s - loss: 1.0186e-06 - mean_squared_error: 1.4145e-06 - val_loss: 2.2196e-08 - val_mean_squared_error: 2.2196e-08 - 177s/epoch - 3s/step
Epoch 21/100

Epoch 00021: mean_squared_error improved from 0.00000 to 0.00000, saving model to /gpfswork/rech/ynx/ulx23va/repo/wf-SEDs/model_WFE_size/wf-outputs/chkp/wfe_study_id009_bis/chkp_callback_poly_wfe_study_id009_128_bis_4_cycle1
63/63 - 173s - loss: 1.0142e-06 - mean_squared_error: 1.4109e-06 - val_loss: 1.9863e-08 - val_mean_squared_error: 1.9863e-08 - 173s/epoch - 3s/step
Epoch 22/100

Epoch 00022: mean_squared_error improved from 0.00000 to 0.00000, saving model to /gpfswork/rech/ynx/ulx23va/repo/wf-SEDs/model_WFE_size/wf-outputs/chkp/wfe_study_id009_bis/chkp_callback_poly_wfe_study_id009_128_bis_4_cycle1
63/63 - 175s - loss: 1.0130e-06 - mean_squared_error: 1.4099e-06 - val_loss: 2.1309e-08 - val_mean_squared_error: 2.1309e-08 - 175s/epoch - 3s/step
Epoch 23/100

Epoch 00023: mean_squared_error improved from 0.00000 to 0.00000, saving model to /gpfswork/rech/ynx/ulx23va/repo/wf-SEDs/model_WFE_size/wf-outputs/chkp/wfe_study_id009_bis/chkp_callback_poly_wfe_study_id009_128_bis_4_cycle1
63/63 - 175s - loss: 1.0128e-06 - mean_squared_error: 1.4096e-06 - val_loss: 2.0059e-08 - val_mean_squared_error: 2.0059e-08 - 175s/epoch - 3s/step
Epoch 24/100

Epoch 00024: mean_squared_error did not improve from 0.00000
63/63 - 174s - loss: 1.0145e-06 - mean_squared_error: 1.4110e-06 - val_loss: 1.8442e-08 - val_mean_squared_error: 1.8442e-08 - 174s/epoch - 3s/step
Epoch 25/100

Epoch 00025: mean_squared_error improved from 0.00000 to 0.00000, saving model to /gpfswork/rech/ynx/ulx23va/repo/wf-SEDs/model_WFE_size/wf-outputs/chkp/wfe_study_id009_bis/chkp_callback_poly_wfe_study_id009_128_bis_4_cycle1
63/63 - 176s - loss: 1.0128e-06 - mean_squared_error: 1.4092e-06 - val_loss: 2.0770e-08 - val_mean_squared_error: 2.0770e-08 - 176s/epoch - 3s/step
Epoch 26/100

Epoch 00026: mean_squared_error did not improve from 0.00000
63/63 - 176s - loss: 1.0631e-06 - mean_squared_error: 1.4457e-06 - val_loss: 8.9250e-08 - val_mean_squared_error: 8.9250e-08 - 176s/epoch - 3s/step
Epoch 27/100

Epoch 00027: mean_squared_error did not improve from 0.00000
63/63 - 176s - loss: 1.0411e-06 - mean_squared_error: 1.4317e-06 - val_loss: 2.5301e-08 - val_mean_squared_error: 2.5301e-08 - 176s/epoch - 3s/step
Epoch 28/100

Epoch 00028: mean_squared_error improved from 0.00000 to 0.00000, saving model to /gpfswork/rech/ynx/ulx23va/repo/wf-SEDs/model_WFE_size/wf-outputs/chkp/wfe_study_id009_bis/chkp_callback_poly_wfe_study_id009_128_bis_4_cycle1
63/63 - 175s - loss: 1.0121e-06 - mean_squared_error: 1.4089e-06 - val_loss: 1.5973e-08 - val_mean_squared_error: 1.5973e-08 - 175s/epoch - 3s/step
Epoch 29/100

Epoch 00029: mean_squared_error did not improve from 0.00000
63/63 - 174s - loss: 1.0131e-06 - mean_squared_error: 1.4100e-06 - val_loss: 2.1519e-08 - val_mean_squared_error: 2.1519e-08 - 174s/epoch - 3s/step
Epoch 30/100

Epoch 00030: mean_squared_error improved from 0.00000 to 0.00000, saving model to /gpfswork/rech/ynx/ulx23va/repo/wf-SEDs/model_WFE_size/wf-outputs/chkp/wfe_study_id009_bis/chkp_callback_poly_wfe_study_id009_128_bis_4_cycle1
63/63 - 174s - loss: 1.0106e-06 - mean_squared_error: 1.4077e-06 - val_loss: 1.8595e-08 - val_mean_squared_error: 1.8595e-08 - 174s/epoch - 3s/step
Epoch 31/100

Epoch 00031: mean_squared_error did not improve from 0.00000
63/63 - 177s - loss: 1.0653e-06 - mean_squared_error: 1.4486e-06 - val_loss: 6.4588e-08 - val_mean_squared_error: 6.4588e-08 - 177s/epoch - 3s/step
Epoch 32/100

Epoch 00032: mean_squared_error did not improve from 0.00000
63/63 - 174s - loss: 1.0295e-06 - mean_squared_error: 1.4226e-06 - val_loss: 1.6024e-08 - val_mean_squared_error: 1.6024e-08 - 174s/epoch - 3s/step
Epoch 33/100

Epoch 00033: mean_squared_error improved from 0.00000 to 0.00000, saving model to /gpfswork/rech/ynx/ulx23va/repo/wf-SEDs/model_WFE_size/wf-outputs/chkp/wfe_study_id009_bis/chkp_callback_poly_wfe_study_id009_128_bis_4_cycle1
63/63 - 175s - loss: 1.0091e-06 - mean_squared_error: 1.4059e-06 - val_loss: 1.7935e-08 - val_mean_squared_error: 1.7935e-08 - 175s/epoch - 3s/step
Epoch 34/100

Epoch 00034: mean_squared_error improved from 0.00000 to 0.00000, saving model to /gpfswork/rech/ynx/ulx23va/repo/wf-SEDs/model_WFE_size/wf-outputs/chkp/wfe_study_id009_bis/chkp_callback_poly_wfe_study_id009_128_bis_4_cycle1
63/63 - 175s - loss: 1.0078e-06 - mean_squared_error: 1.4051e-06 - val_loss: 1.5823e-08 - val_mean_squared_error: 1.5823e-08 - 175s/epoch - 3s/step
Epoch 35/100

Epoch 00035: mean_squared_error improved from 0.00000 to 0.00000, saving model to /gpfswork/rech/ynx/ulx23va/repo/wf-SEDs/model_WFE_size/wf-outputs/chkp/wfe_study_id009_bis/chkp_callback_poly_wfe_study_id009_128_bis_4_cycle1
63/63 - 174s - loss: 1.0060e-06 - mean_squared_error: 1.4035e-06 - val_loss: 1.3893e-08 - val_mean_squared_error: 1.3893e-08 - 174s/epoch - 3s/step
Epoch 36/100

Epoch 00036: mean_squared_error did not improve from 0.00000
63/63 - 177s - loss: 1.0135e-06 - mean_squared_error: 1.4094e-06 - val_loss: 1.3887e-08 - val_mean_squared_error: 1.3887e-08 - 177s/epoch - 3s/step
Epoch 37/100

Epoch 00037: mean_squared_error improved from 0.00000 to 0.00000, saving model to /gpfswork/rech/ynx/ulx23va/repo/wf-SEDs/model_WFE_size/wf-outputs/chkp/wfe_study_id009_bis/chkp_callback_poly_wfe_study_id009_128_bis_4_cycle1
63/63 - 176s - loss: 1.0051e-06 - mean_squared_error: 1.4029e-06 - val_loss: 1.3299e-08 - val_mean_squared_error: 1.3299e-08 - 176s/epoch - 3s/step
Epoch 38/100

Epoch 00038: mean_squared_error did not improve from 0.00000
63/63 - 174s - loss: 1.0058e-06 - mean_squared_error: 1.4034e-06 - val_loss: 1.1878e-08 - val_mean_squared_error: 1.1878e-08 - 174s/epoch - 3s/step
Epoch 39/100

Epoch 00039: mean_squared_error improved from 0.00000 to 0.00000, saving model to /gpfswork/rech/ynx/ulx23va/repo/wf-SEDs/model_WFE_size/wf-outputs/chkp/wfe_study_id009_bis/chkp_callback_poly_wfe_study_id009_128_bis_4_cycle1
63/63 - 177s - loss: 1.0043e-06 - mean_squared_error: 1.4023e-06 - val_loss: 1.3289e-08 - val_mean_squared_error: 1.3289e-08 - 177s/epoch - 3s/step
Epoch 40/100

Epoch 00040: mean_squared_error improved from 0.00000 to 0.00000, saving model to /gpfswork/rech/ynx/ulx23va/repo/wf-SEDs/model_WFE_size/wf-outputs/chkp/wfe_study_id009_bis/chkp_callback_poly_wfe_study_id009_128_bis_4_cycle1
63/63 - 176s - loss: 1.0032e-06 - mean_squared_error: 1.4013e-06 - val_loss: 1.0865e-08 - val_mean_squared_error: 1.0865e-08 - 176s/epoch - 3s/step
Epoch 41/100

Epoch 00041: mean_squared_error improved from 0.00000 to 0.00000, saving model to /gpfswork/rech/ynx/ulx23va/repo/wf-SEDs/model_WFE_size/wf-outputs/chkp/wfe_study_id009_bis/chkp_callback_poly_wfe_study_id009_128_bis_4_cycle1
63/63 - 175s - loss: 1.0021e-06 - mean_squared_error: 1.4004e-06 - val_loss: 1.1216e-08 - val_mean_squared_error: 1.1216e-08 - 175s/epoch - 3s/step
Epoch 42/100

Epoch 00042: mean_squared_error did not improve from 0.00000
63/63 - 175s - loss: 1.0025e-06 - mean_squared_error: 1.4008e-06 - val_loss: 1.1679e-08 - val_mean_squared_error: 1.1679e-08 - 175s/epoch - 3s/step
Epoch 43/100

Epoch 00043: mean_squared_error did not improve from 0.00000
63/63 - 176s - loss: 1.0051e-06 - mean_squared_error: 1.4029e-06 - val_loss: 1.1571e-08 - val_mean_squared_error: 1.1571e-08 - 176s/epoch - 3s/step
Epoch 44/100

Epoch 00044: mean_squared_error did not improve from 0.00000
63/63 - 172s - loss: 1.0287e-06 - mean_squared_error: 1.4232e-06 - val_loss: 4.1274e-08 - val_mean_squared_error: 4.1274e-08 - 172s/epoch - 3s/step
Epoch 45/100

Epoch 00045: mean_squared_error did not improve from 0.00000
63/63 - 176s - loss: 1.0180e-06 - mean_squared_error: 1.4123e-06 - val_loss: 1.8844e-08 - val_mean_squared_error: 1.8844e-08 - 176s/epoch - 3s/step
Epoch 46/100

Epoch 00046: mean_squared_error did not improve from 0.00000
63/63 - 175s - loss: 1.0056e-06 - mean_squared_error: 1.4032e-06 - val_loss: 1.1117e-08 - val_mean_squared_error: 1.1117e-08 - 175s/epoch - 3s/step
Epoch 47/100

Epoch 00047: mean_squared_error improved from 0.00000 to 0.00000, saving model to /gpfswork/rech/ynx/ulx23va/repo/wf-SEDs/model_WFE_size/wf-outputs/chkp/wfe_study_id009_bis/chkp_callback_poly_wfe_study_id009_128_bis_4_cycle1
63/63 - 174s - loss: 1.0019e-06 - mean_squared_error: 1.4003e-06 - val_loss: 1.0817e-08 - val_mean_squared_error: 1.0817e-08 - 174s/epoch - 3s/step
Epoch 48/100

Epoch 00048: mean_squared_error did not improve from 0.00000
63/63 - 175s - loss: 1.0018e-06 - mean_squared_error: 1.4003e-06 - val_loss: 1.1985e-08 - val_mean_squared_error: 1.1985e-08 - 175s/epoch - 3s/step
Epoch 49/100

Epoch 00049: mean_squared_error did not improve from 0.00000
63/63 - 175s - loss: 1.0277e-06 - mean_squared_error: 1.4188e-06 - val_loss: 3.7061e-08 - val_mean_squared_error: 3.7061e-08 - 175s/epoch - 3s/step
Epoch 50/100

Epoch 00050: mean_squared_error did not improve from 0.00000
63/63 - 173s - loss: 1.0155e-06 - mean_squared_error: 1.4113e-06 - val_loss: 1.0874e-08 - val_mean_squared_error: 1.0874e-08 - 173s/epoch - 3s/step
Epoch 51/100

Epoch 00051: mean_squared_error improved from 0.00000 to 0.00000, saving model to /gpfswork/rech/ynx/ulx23va/repo/wf-SEDs/model_WFE_size/wf-outputs/chkp/wfe_study_id009_bis/chkp_callback_poly_wfe_study_id009_128_bis_4_cycle1
63/63 - 176s - loss: 1.0020e-06 - mean_squared_error: 1.4002e-06 - val_loss: 1.2163e-08 - val_mean_squared_error: 1.2163e-08 - 176s/epoch - 3s/step
Epoch 52/100

Epoch 00052: mean_squared_error did not improve from 0.00000
63/63 - 174s - loss: 1.0053e-06 - mean_squared_error: 1.4027e-06 - val_loss: 1.2065e-08 - val_mean_squared_error: 1.2065e-08 - 174s/epoch - 3s/step
Epoch 53/100

Epoch 00053: mean_squared_error did not improve from 0.00000
63/63 - 174s - loss: 1.0025e-06 - mean_squared_error: 1.4006e-06 - val_loss: 1.2467e-08 - val_mean_squared_error: 1.2467e-08 - 174s/epoch - 3s/step
Epoch 54/100

Epoch 00054: mean_squared_error improved from 0.00000 to 0.00000, saving model to /gpfswork/rech/ynx/ulx23va/repo/wf-SEDs/model_WFE_size/wf-outputs/chkp/wfe_study_id009_bis/chkp_callback_poly_wfe_study_id009_128_bis_4_cycle1
63/63 - 174s - loss: 1.0007e-06 - mean_squared_error: 1.3991e-06 - val_loss: 9.1558e-09 - val_mean_squared_error: 9.1558e-09 - 174s/epoch - 3s/step
Epoch 55/100

Epoch 00055: mean_squared_error did not improve from 0.00000
63/63 - 176s - loss: 1.0010e-06 - mean_squared_error: 1.3994e-06 - val_loss: 1.0726e-08 - val_mean_squared_error: 1.0726e-08 - 176s/epoch - 3s/step
Epoch 56/100

Epoch 00056: mean_squared_error did not improve from 0.00000
63/63 - 174s - loss: 1.0025e-06 - mean_squared_error: 1.4005e-06 - val_loss: 1.1132e-08 - val_mean_squared_error: 1.1132e-08 - 174s/epoch - 3s/step
Epoch 57/100

Epoch 00057: mean_squared_error improved from 0.00000 to 0.00000, saving model to /gpfswork/rech/ynx/ulx23va/repo/wf-SEDs/model_WFE_size/wf-outputs/chkp/wfe_study_id009_bis/chkp_callback_poly_wfe_study_id009_128_bis_4_cycle1
63/63 - 174s - loss: 1.0000e-06 - mean_squared_error: 1.3987e-06 - val_loss: 1.1069e-08 - val_mean_squared_error: 1.1069e-08 - 174s/epoch - 3s/step
Epoch 58/100

Epoch 00058: mean_squared_error did not improve from 0.00000
63/63 - 175s - loss: 1.0012e-06 - mean_squared_error: 1.3992e-06 - val_loss: 1.2929e-08 - val_mean_squared_error: 1.2929e-08 - 175s/epoch - 3s/step
Epoch 59/100

Epoch 00059: mean_squared_error did not improve from 0.00000
63/63 - 175s - loss: 1.0013e-06 - mean_squared_error: 1.3996e-06 - val_loss: 9.5975e-09 - val_mean_squared_error: 9.5975e-09 - 175s/epoch - 3s/step
Epoch 60/100

Epoch 00060: mean_squared_error did not improve from 0.00000
63/63 - 176s - loss: 1.0003e-06 - mean_squared_error: 1.3989e-06 - val_loss: 9.7879e-09 - val_mean_squared_error: 9.7879e-09 - 176s/epoch - 3s/step
Epoch 61/100

Epoch 00061: mean_squared_error did not improve from 0.00000
63/63 - 175s - loss: 1.0018e-06 - mean_squared_error: 1.4000e-06 - val_loss: 1.0013e-08 - val_mean_squared_error: 1.0013e-08 - 175s/epoch - 3s/step
Epoch 62/100

Epoch 00062: mean_squared_error improved from 0.00000 to 0.00000, saving model to /gpfswork/rech/ynx/ulx23va/repo/wf-SEDs/model_WFE_size/wf-outputs/chkp/wfe_study_id009_bis/chkp_callback_poly_wfe_study_id009_128_bis_4_cycle1
63/63 - 172s - loss: 9.9965e-07 - mean_squared_error: 1.3981e-06 - val_loss: 1.1334e-08 - val_mean_squared_error: 1.1334e-08 - 172s/epoch - 3s/step
Epoch 63/100

Epoch 00063: mean_squared_error did not improve from 0.00000
63/63 - 175s - loss: 1.0006e-06 - mean_squared_error: 1.3990e-06 - val_loss: 9.1820e-09 - val_mean_squared_error: 9.1820e-09 - 175s/epoch - 3s/step
Epoch 64/100

Epoch 00064: mean_squared_error did not improve from 0.00000
63/63 - 175s - loss: 1.0235e-06 - mean_squared_error: 1.4167e-06 - val_loss: 2.4041e-08 - val_mean_squared_error: 2.4041e-08 - 175s/epoch - 3s/step
Epoch 65/100

Epoch 00065: mean_squared_error did not improve from 0.00000
63/63 - 173s - loss: 1.0053e-06 - mean_squared_error: 1.4027e-06 - val_loss: 1.0887e-08 - val_mean_squared_error: 1.0887e-08 - 173s/epoch - 3s/step
Epoch 66/100

Epoch 00066: mean_squared_error did not improve from 0.00000
63/63 - 176s - loss: 1.0016e-06 - mean_squared_error: 1.3996e-06 - val_loss: 9.5260e-09 - val_mean_squared_error: 9.5260e-09 - 176s/epoch - 3s/step
Epoch 67/100

Epoch 00067: mean_squared_error did not improve from 0.00000
63/63 - 175s - loss: 1.0009e-06 - mean_squared_error: 1.3992e-06 - val_loss: 1.0033e-08 - val_mean_squared_error: 1.0033e-08 - 175s/epoch - 3s/step
Epoch 68/100

Epoch 00068: mean_squared_error did not improve from 0.00000
63/63 - 175s - loss: 1.0032e-06 - mean_squared_error: 1.4010e-06 - val_loss: 9.7548e-09 - val_mean_squared_error: 9.7548e-09 - 175s/epoch - 3s/step
Epoch 69/100

Epoch 00069: mean_squared_error did not improve from 0.00000
63/63 - 175s - loss: 9.9967e-07 - mean_squared_error: 1.3983e-06 - val_loss: 9.9256e-09 - val_mean_squared_error: 9.9256e-09 - 175s/epoch - 3s/step
Epoch 70/100

Epoch 00070: mean_squared_error improved from 0.00000 to 0.00000, saving model to /gpfswork/rech/ynx/ulx23va/repo/wf-SEDs/model_WFE_size/wf-outputs/chkp/wfe_study_id009_bis/chkp_callback_poly_wfe_study_id009_128_bis_4_cycle1
63/63 - 175s - loss: 9.9852e-07 - mean_squared_error: 1.3973e-06 - val_loss: 7.8698e-09 - val_mean_squared_error: 7.8698e-09 - 175s/epoch - 3s/step
Epoch 71/100

Epoch 00071: mean_squared_error did not improve from 0.00000
63/63 - 174s - loss: 1.0033e-06 - mean_squared_error: 1.4009e-06 - val_loss: 1.5442e-08 - val_mean_squared_error: 1.5442e-08 - 174s/epoch - 3s/step
Epoch 72/100

Epoch 00072: mean_squared_error did not improve from 0.00000
63/63 - 176s - loss: 1.0003e-06 - mean_squared_error: 1.3988e-06 - val_loss: 1.0233e-08 - val_mean_squared_error: 1.0233e-08 - 176s/epoch - 3s/step
Epoch 73/100

Epoch 00073: mean_squared_error did not improve from 0.00000
63/63 - 176s - loss: 1.0003e-06 - mean_squared_error: 1.3986e-06 - val_loss: 8.1226e-09 - val_mean_squared_error: 8.1226e-09 - 176s/epoch - 3s/step
Epoch 74/100

Epoch 00074: mean_squared_error did not improve from 0.00000
63/63 - 175s - loss: 9.9933e-07 - mean_squared_error: 1.3977e-06 - val_loss: 9.5944e-09 - val_mean_squared_error: 9.5944e-09 - 175s/epoch - 3s/step
Epoch 75/100

Epoch 00075: mean_squared_error did not improve from 0.00000
63/63 - 175s - loss: 1.0038e-06 - mean_squared_error: 1.4012e-06 - val_loss: 9.6776e-09 - val_mean_squared_error: 9.6776e-09 - 175s/epoch - 3s/step
Epoch 76/100

Epoch 00076: mean_squared_error did not improve from 0.00000
63/63 - 175s - loss: 9.9928e-07 - mean_squared_error: 1.3979e-06 - val_loss: 8.7655e-09 - val_mean_squared_error: 8.7655e-09 - 175s/epoch - 3s/step
Epoch 77/100

Epoch 00077: mean_squared_error did not improve from 0.00000
63/63 - 173s - loss: 9.9916e-07 - mean_squared_error: 1.3976e-06 - val_loss: 8.1979e-09 - val_mean_squared_error: 8.1979e-09 - 173s/epoch - 3s/step
Epoch 78/100

Epoch 00078: mean_squared_error improved from 0.00000 to 0.00000, saving model to /gpfswork/rech/ynx/ulx23va/repo/wf-SEDs/model_WFE_size/wf-outputs/chkp/wfe_study_id009_bis/chkp_callback_poly_wfe_study_id009_128_bis_4_cycle1
63/63 - 177s - loss: 9.9861e-07 - mean_squared_error: 1.3973e-06 - val_loss: 8.8497e-09 - val_mean_squared_error: 8.8497e-09 - 177s/epoch - 3s/step
Epoch 79/100

Epoch 00079: mean_squared_error did not improve from 0.00000
63/63 - 174s - loss: 9.9937e-07 - mean_squared_error: 1.3981e-06 - val_loss: 9.0683e-09 - val_mean_squared_error: 9.0683e-09 - 174s/epoch - 3s/step
Epoch 80/100

Epoch 00080: mean_squared_error did not improve from 0.00000
63/63 - 173s - loss: 1.0011e-06 - mean_squared_error: 1.3993e-06 - val_loss: 1.7039e-08 - val_mean_squared_error: 1.7039e-08 - 173s/epoch - 3s/step
Epoch 81/100

Epoch 00081: mean_squared_error did not improve from 0.00000
63/63 - 175s - loss: 1.0127e-06 - mean_squared_error: 1.4079e-06 - val_loss: 1.0804e-08 - val_mean_squared_error: 1.0804e-08 - 175s/epoch - 3s/step
Epoch 82/100

Epoch 00082: mean_squared_error did not improve from 0.00000
63/63 - 177s - loss: 1.0005e-06 - mean_squared_error: 1.3988e-06 - val_loss: 9.0758e-09 - val_mean_squared_error: 9.0758e-09 - 177s/epoch - 3s/step
Epoch 83/100

Epoch 00083: mean_squared_error did not improve from 0.00000
63/63 - 175s - loss: 9.9975e-07 - mean_squared_error: 1.3981e-06 - val_loss: 9.0026e-09 - val_mean_squared_error: 9.0026e-09 - 175s/epoch - 3s/step
Epoch 84/100

Epoch 00084: mean_squared_error did not improve from 0.00000
63/63 - 176s - loss: 9.9874e-07 - mean_squared_error: 1.3973e-06 - val_loss: 9.8376e-09 - val_mean_squared_error: 9.8376e-09 - 176s/epoch - 3s/step
Epoch 85/100

Epoch 00085: mean_squared_error improved from 0.00000 to 0.00000, saving model to /gpfswork/rech/ynx/ulx23va/repo/wf-SEDs/model_WFE_size/wf-outputs/chkp/wfe_study_id009_bis/chkp_callback_poly_wfe_study_id009_128_bis_4_cycle1
63/63 - 175s - loss: 9.9846e-07 - mean_squared_error: 1.3972e-06 - val_loss: 9.1687e-09 - val_mean_squared_error: 9.1687e-09 - 175s/epoch - 3s/step
Epoch 86/100

Epoch 00086: mean_squared_error improved from 0.00000 to 0.00000, saving model to /gpfswork/rech/ynx/ulx23va/repo/wf-SEDs/model_WFE_size/wf-outputs/chkp/wfe_study_id009_bis/chkp_callback_poly_wfe_study_id009_128_bis_4_cycle1
63/63 - 174s - loss: 9.9814e-07 - mean_squared_error: 1.3970e-06 - val_loss: 8.4202e-09 - val_mean_squared_error: 8.4202e-09 - 174s/epoch - 3s/step
Epoch 87/100

Epoch 00087: mean_squared_error improved from 0.00000 to 0.00000, saving model to /gpfswork/rech/ynx/ulx23va/repo/wf-SEDs/model_WFE_size/wf-outputs/chkp/wfe_study_id009_bis/chkp_callback_poly_wfe_study_id009_128_bis_4_cycle1
63/63 - 174s - loss: 9.9763e-07 - mean_squared_error: 1.3966e-06 - val_loss: 8.5001e-09 - val_mean_squared_error: 8.5001e-09 - 174s/epoch - 3s/step
Epoch 88/100

Epoch 00088: mean_squared_error improved from 0.00000 to 0.00000, saving model to /gpfswork/rech/ynx/ulx23va/repo/wf-SEDs/model_WFE_size/wf-outputs/chkp/wfe_study_id009_bis/chkp_callback_poly_wfe_study_id009_128_bis_4_cycle1
63/63 - 177s - loss: 9.9750e-07 - mean_squared_error: 1.3965e-06 - val_loss: 7.4771e-09 - val_mean_squared_error: 7.4771e-09 - 177s/epoch - 3s/step
Epoch 89/100

Epoch 00089: mean_squared_error did not improve from 0.00000
63/63 - 174s - loss: 1.0002e-06 - mean_squared_error: 1.3984e-06 - val_loss: 1.3891e-08 - val_mean_squared_error: 1.3891e-08 - 174s/epoch - 3s/step
Epoch 90/100

Epoch 00090: mean_squared_error did not improve from 0.00000
63/63 - 174s - loss: 9.9875e-07 - mean_squared_error: 1.3975e-06 - val_loss: 8.0910e-09 - val_mean_squared_error: 8.0910e-09 - 174s/epoch - 3s/step
Epoch 91/100

Epoch 00091: mean_squared_error did not improve from 0.00000
63/63 - 174s - loss: 9.9866e-07 - mean_squared_error: 1.3971e-06 - val_loss: 1.1247e-08 - val_mean_squared_error: 1.1247e-08 - 174s/epoch - 3s/step
Epoch 92/100

Epoch 00092: mean_squared_error did not improve from 0.00000
63/63 - 174s - loss: 9.9915e-07 - mean_squared_error: 1.3976e-06 - val_loss: 8.1337e-09 - val_mean_squared_error: 8.1337e-09 - 174s/epoch - 3s/step
Epoch 93/100

Epoch 00093: mean_squared_error did not improve from 0.00000
63/63 - 174s - loss: 9.9917e-07 - mean_squared_error: 1.3976e-06 - val_loss: 1.3670e-08 - val_mean_squared_error: 1.3670e-08 - 174s/epoch - 3s/step
Epoch 94/100

Epoch 00094: mean_squared_error did not improve from 0.00000
63/63 - 176s - loss: 1.0039e-06 - mean_squared_error: 1.4014e-06 - val_loss: 7.5586e-09 - val_mean_squared_error: 7.5586e-09 - 176s/epoch - 3s/step
Epoch 95/100

Epoch 00095: mean_squared_error did not improve from 0.00000
63/63 - 172s - loss: 9.9989e-07 - mean_squared_error: 1.3980e-06 - val_loss: 1.3443e-08 - val_mean_squared_error: 1.3443e-08 - 172s/epoch - 3s/step
Epoch 96/100

Epoch 00096: mean_squared_error did not improve from 0.00000
63/63 - 175s - loss: 9.9997e-07 - mean_squared_error: 1.3984e-06 - val_loss: 1.1121e-08 - val_mean_squared_error: 1.1121e-08 - 175s/epoch - 3s/step
Epoch 97/100

Epoch 00097: mean_squared_error did not improve from 0.00000
63/63 - 177s - loss: 9.9766e-07 - mean_squared_error: 1.3965e-06 - val_loss: 7.9935e-09 - val_mean_squared_error: 7.9935e-09 - 177s/epoch - 3s/step
Epoch 98/100

Epoch 00098: mean_squared_error improved from 0.00000 to 0.00000, saving model to /gpfswork/rech/ynx/ulx23va/repo/wf-SEDs/model_WFE_size/wf-outputs/chkp/wfe_study_id009_bis/chkp_callback_poly_wfe_study_id009_128_bis_4_cycle1
63/63 - 172s - loss: 9.9661e-07 - mean_squared_error: 1.3957e-06 - val_loss: 7.6585e-09 - val_mean_squared_error: 7.6585e-09 - 172s/epoch - 3s/step
Epoch 99/100

Epoch 00099: mean_squared_error did not improve from 0.00000
63/63 - 175s - loss: 9.9700e-07 - mean_squared_error: 1.3961e-06 - val_loss: 7.3972e-09 - val_mean_squared_error: 7.3972e-09 - 175s/epoch - 3s/step
Epoch 100/100

Epoch 00100: mean_squared_error did not improve from 0.00000
63/63 - 174s - loss: 9.9663e-07 - mean_squared_error: 1.3958e-06 - val_loss: 7.0063e-09 - val_mean_squared_error: 7.0063e-09 - 174s/epoch - 3s/step
Cycle1 elapsed time: 20151.650587
Starting cycle 2..
Starting parametric update..
Epoch 1/15

Epoch 00001: mean_squared_error improved from inf to 0.00000, saving model to /gpfswork/rech/ynx/ulx23va/repo/wf-SEDs/model_WFE_size/wf-outputs/chkp/wfe_study_id009_bis/chkp_callback_poly_wfe_study_id009_128_bis_4_cycle2
63/63 - 175s - loss: 9.9588e-07 - mean_squared_error: 1.3951e-06 - val_loss: 7.5510e-09 - val_mean_squared_error: 7.5510e-09 - 175s/epoch - 3s/step
Epoch 2/15

Epoch 00002: mean_squared_error did not improve from 0.00000
63/63 - 174s - loss: 9.9732e-07 - mean_squared_error: 1.3963e-06 - val_loss: 1.1248e-08 - val_mean_squared_error: 1.1248e-08 - 174s/epoch - 3s/step
Epoch 3/15

Epoch 00003: mean_squared_error did not improve from 0.00000
63/63 - 176s - loss: 9.9898e-07 - mean_squared_error: 1.3977e-06 - val_loss: 1.1109e-08 - val_mean_squared_error: 1.1109e-08 - 176s/epoch - 3s/step
Epoch 4/15

Epoch 00004: mean_squared_error did not improve from 0.00000
63/63 - 172s - loss: 1.0000e-06 - mean_squared_error: 1.3986e-06 - val_loss: 1.2556e-08 - val_mean_squared_error: 1.2556e-08 - 172s/epoch - 3s/step
Epoch 5/15

Epoch 00005: mean_squared_error did not improve from 0.00000
63/63 - 174s - loss: 1.0030e-06 - mean_squared_error: 1.4011e-06 - val_loss: 1.2944e-08 - val_mean_squared_error: 1.2944e-08 - 174s/epoch - 3s/step
Epoch 6/15

Epoch 00006: mean_squared_error did not improve from 0.00000
63/63 - 175s - loss: 1.0022e-06 - mean_squared_error: 1.4002e-06 - val_loss: 2.3611e-08 - val_mean_squared_error: 2.3611e-08 - 175s/epoch - 3s/step
Epoch 7/15

Epoch 00007: mean_squared_error did not improve from 0.00000
63/63 - 174s - loss: 1.0297e-06 - mean_squared_error: 1.4222e-06 - val_loss: 1.9643e-08 - val_mean_squared_error: 1.9643e-08 - 174s/epoch - 3s/step
Epoch 8/15

Epoch 00008: mean_squared_error did not improve from 0.00000
63/63 - 175s - loss: 1.0067e-06 - mean_squared_error: 1.4043e-06 - val_loss: 1.0636e-08 - val_mean_squared_error: 1.0636e-08 - 175s/epoch - 3s/step
Epoch 9/15

Epoch 00009: mean_squared_error did not improve from 0.00000
63/63 - 177s - loss: 1.0005e-06 - mean_squared_error: 1.3991e-06 - val_loss: 1.1644e-08 - val_mean_squared_error: 1.1644e-08 - 177s/epoch - 3s/step
Epoch 10/15

Epoch 00010: mean_squared_error did not improve from 0.00000
63/63 - 172s - loss: 1.0017e-06 - mean_squared_error: 1.4001e-06 - val_loss: 2.1973e-08 - val_mean_squared_error: 2.1973e-08 - 172s/epoch - 3s/step
Epoch 11/15

Epoch 00011: mean_squared_error did not improve from 0.00000
63/63 - 176s - loss: 1.0183e-06 - mean_squared_error: 1.4138e-06 - val_loss: 8.3187e-08 - val_mean_squared_error: 8.3187e-08 - 176s/epoch - 3s/step
Epoch 12/15

Epoch 00012: mean_squared_error did not improve from 0.00000
63/63 - 174s - loss: 1.0099e-06 - mean_squared_error: 1.4064e-06 - val_loss: 1.1956e-08 - val_mean_squared_error: 1.1956e-08 - 174s/epoch - 3s/step
Epoch 13/15

Epoch 00013: mean_squared_error did not improve from 0.00000
63/63 - 175s - loss: 1.0012e-06 - mean_squared_error: 1.3997e-06 - val_loss: 1.1627e-08 - val_mean_squared_error: 1.1627e-08 - 175s/epoch - 3s/step
Epoch 14/15

Epoch 00014: mean_squared_error did not improve from 0.00000
63/63 - 176s - loss: 1.0105e-06 - mean_squared_error: 1.4075e-06 - val_loss: 2.0088e-08 - val_mean_squared_error: 2.0088e-08 - 176s/epoch - 3s/step
Epoch 15/15

Epoch 00015: mean_squared_error did not improve from 0.00000
63/63 - 176s - loss: 1.0124e-06 - mean_squared_error: 1.4095e-06 - val_loss: 1.7254e-08 - val_mean_squared_error: 1.7254e-08 - 176s/epoch - 3s/step
Starting non-parametric update..
Epoch 1/50

Epoch 00001: mean_squared_error did not improve from 0.00000
63/63 - 176s - loss: 9.9819e-07 - mean_squared_error: 1.3970e-06 - val_loss: 6.1878e-09 - val_mean_squared_error: 6.1878e-09 - 176s/epoch - 3s/step
Epoch 2/50

Epoch 00002: mean_squared_error improved from 0.00000 to 0.00000, saving model to /gpfswork/rech/ynx/ulx23va/repo/wf-SEDs/model_WFE_size/wf-outputs/chkp/wfe_study_id009_bis/chkp_callback_poly_wfe_study_id009_128_bis_4_cycle2
63/63 - 174s - loss: 9.9411e-07 - mean_squared_error: 1.3936e-06 - val_loss: 5.8582e-09 - val_mean_squared_error: 5.8582e-09 - 174s/epoch - 3s/step
Epoch 3/50

Epoch 00003: mean_squared_error improved from 0.00000 to 0.00000, saving model to /gpfswork/rech/ynx/ulx23va/repo/wf-SEDs/model_WFE_size/wf-outputs/chkp/wfe_study_id009_bis/chkp_callback_poly_wfe_study_id009_128_bis_4_cycle2
63/63 - 173s - loss: 9.9393e-07 - mean_squared_error: 1.3935e-06 - val_loss: 5.7529e-09 - val_mean_squared_error: 5.7529e-09 - 173s/epoch - 3s/step
Epoch 4/50

Epoch 00004: mean_squared_error improved from 0.00000 to 0.00000, saving model to /gpfswork/rech/ynx/ulx23va/repo/wf-SEDs/model_WFE_size/wf-outputs/chkp/wfe_study_id009_bis/chkp_callback_poly_wfe_study_id009_128_bis_4_cycle2
63/63 - 173s - loss: 9.9388e-07 - mean_squared_error: 1.3934e-06 - val_loss: 5.8040e-09 - val_mean_squared_error: 5.8040e-09 - 173s/epoch - 3s/step
Epoch 5/50

Epoch 00005: mean_squared_error did not improve from 0.00000
63/63 - 174s - loss: 9.9397e-07 - mean_squared_error: 1.3935e-06 - val_loss: 6.0011e-09 - val_mean_squared_error: 6.0011e-09 - 174s/epoch - 3s/step
Epoch 6/50

Epoch 00006: mean_squared_error did not improve from 0.00000
63/63 - 177s - loss: 9.9394e-07 - mean_squared_error: 1.3935e-06 - val_loss: 5.8834e-09 - val_mean_squared_error: 5.8834e-09 - 177s/epoch - 3s/step
Epoch 7/50

Epoch 00007: mean_squared_error did not improve from 0.00000
63/63 - 176s - loss: 9.9408e-07 - mean_squared_error: 1.3936e-06 - val_loss: 5.8245e-09 - val_mean_squared_error: 5.8245e-09 - 176s/epoch - 3s/step
Epoch 8/50

Epoch 00008: mean_squared_error did not improve from 0.00000
63/63 - 176s - loss: 9.9416e-07 - mean_squared_error: 1.3936e-06 - val_loss: 5.8605e-09 - val_mean_squared_error: 5.8605e-09 - 176s/epoch - 3s/step
Epoch 9/50

Epoch 00009: mean_squared_error did not improve from 0.00000
63/63 - 179s - loss: 9.9406e-07 - mean_squared_error: 1.3936e-06 - val_loss: 5.8148e-09 - val_mean_squared_error: 5.8148e-09 - 179s/epoch - 3s/step
Epoch 10/50

Epoch 00010: mean_squared_error did not improve from 0.00000
63/63 - 177s - loss: 9.9413e-07 - mean_squared_error: 1.3937e-06 - val_loss: 5.8284e-09 - val_mean_squared_error: 5.8284e-09 - 177s/epoch - 3s/step
Epoch 11/50

Epoch 00011: mean_squared_error did not improve from 0.00000
63/63 - 173s - loss: 9.9403e-07 - mean_squared_error: 1.3936e-06 - val_loss: 5.8218e-09 - val_mean_squared_error: 5.8218e-09 - 173s/epoch - 3s/step
Epoch 12/50

Epoch 00012: mean_squared_error did not improve from 0.00000
63/63 - 176s - loss: 9.9412e-07 - mean_squared_error: 1.3936e-06 - val_loss: 5.9357e-09 - val_mean_squared_error: 5.9357e-09 - 176s/epoch - 3s/step
Epoch 13/50

Epoch 00013: mean_squared_error did not improve from 0.00000
63/63 - 176s - loss: 9.9394e-07 - mean_squared_error: 1.3935e-06 - val_loss: 5.8121e-09 - val_mean_squared_error: 5.8121e-09 - 176s/epoch - 3s/step
Epoch 14/50

Epoch 00014: mean_squared_error did not improve from 0.00000
63/63 - 174s - loss: 9.9405e-07 - mean_squared_error: 1.3936e-06 - val_loss: 5.9637e-09 - val_mean_squared_error: 5.9637e-09 - 174s/epoch - 3s/step
Epoch 15/50

Epoch 00015: mean_squared_error did not improve from 0.00000
63/63 - 175s - loss: 9.9405e-07 - mean_squared_error: 1.3936e-06 - val_loss: 5.9045e-09 - val_mean_squared_error: 5.9045e-09 - 175s/epoch - 3s/step
Epoch 16/50

Epoch 00016: mean_squared_error did not improve from 0.00000
63/63 - 173s - loss: 9.9404e-07 - mean_squared_error: 1.3935e-06 - val_loss: 5.8901e-09 - val_mean_squared_error: 5.8901e-09 - 173s/epoch - 3s/step
Epoch 17/50

Epoch 00017: mean_squared_error did not improve from 0.00000
63/63 - 172s - loss: 9.9399e-07 - mean_squared_error: 1.3935e-06 - val_loss: 6.2600e-09 - val_mean_squared_error: 6.2600e-09 - 172s/epoch - 3s/step
Epoch 18/50

Epoch 00018: mean_squared_error did not improve from 0.00000
63/63 - 177s - loss: 9.9419e-07 - mean_squared_error: 1.3937e-06 - val_loss: 6.1005e-09 - val_mean_squared_error: 6.1005e-09 - 177s/epoch - 3s/step
Epoch 19/50

Epoch 00019: mean_squared_error did not improve from 0.00000
63/63 - 175s - loss: 9.9420e-07 - mean_squared_error: 1.3937e-06 - val_loss: 6.0175e-09 - val_mean_squared_error: 6.0175e-09 - 175s/epoch - 3s/step
Epoch 20/50

Epoch 00020: mean_squared_error did not improve from 0.00000
63/63 - 175s - loss: 9.9416e-07 - mean_squared_error: 1.3937e-06 - val_loss: 6.0545e-09 - val_mean_squared_error: 6.0545e-09 - 175s/epoch - 3s/step
Epoch 21/50

Epoch 00021: mean_squared_error did not improve from 0.00000
63/63 - 173s - loss: 9.9415e-07 - mean_squared_error: 1.3937e-06 - val_loss: 6.1116e-09 - val_mean_squared_error: 6.1116e-09 - 173s/epoch - 3s/step
Epoch 22/50

Epoch 00022: mean_squared_error did not improve from 0.00000
63/63 - 172s - loss: 9.9454e-07 - mean_squared_error: 1.3940e-06 - val_loss: 6.2177e-09 - val_mean_squared_error: 6.2177e-09 - 172s/epoch - 3s/step
Epoch 23/50

Epoch 00023: mean_squared_error did not improve from 0.00000
63/63 - 174s - loss: 9.9431e-07 - mean_squared_error: 1.3939e-06 - val_loss: 5.9301e-09 - val_mean_squared_error: 5.9301e-09 - 174s/epoch - 3s/step
Epoch 24/50

Epoch 00024: mean_squared_error did not improve from 0.00000
63/63 - 173s - loss: 9.9436e-07 - mean_squared_error: 1.3939e-06 - val_loss: 5.9021e-09 - val_mean_squared_error: 5.9021e-09 - 173s/epoch - 3s/step
Epoch 25/50

Epoch 00025: mean_squared_error did not improve from 0.00000
63/63 - 177s - loss: 9.9411e-07 - mean_squared_error: 1.3936e-06 - val_loss: 6.1432e-09 - val_mean_squared_error: 6.1432e-09 - 177s/epoch - 3s/step
Epoch 26/50

Epoch 00026: mean_squared_error did not improve from 0.00000
63/63 - 175s - loss: 9.9409e-07 - mean_squared_error: 1.3936e-06 - val_loss: 5.8986e-09 - val_mean_squared_error: 5.8986e-09 - 175s/epoch - 3s/step
Epoch 27/50

Epoch 00027: mean_squared_error did not improve from 0.00000
63/63 - 170s - loss: 9.9516e-07 - mean_squared_error: 1.3944e-06 - val_loss: 6.1524e-09 - val_mean_squared_error: 6.1524e-09 - 170s/epoch - 3s/step
Epoch 28/50

Epoch 00028: mean_squared_error did not improve from 0.00000
63/63 - 167s - loss: 9.9415e-07 - mean_squared_error: 1.3936e-06 - val_loss: 6.2020e-09 - val_mean_squared_error: 6.2020e-09 - 167s/epoch - 3s/step
Epoch 29/50

Epoch 00029: mean_squared_error did not improve from 0.00000
63/63 - 152s - loss: 9.9401e-07 - mean_squared_error: 1.3936e-06 - val_loss: 5.9707e-09 - val_mean_squared_error: 5.9707e-09 - 152s/epoch - 2s/step
Epoch 30/50

Epoch 00030: mean_squared_error did not improve from 0.00000
63/63 - 152s - loss: 9.9409e-07 - mean_squared_error: 1.3936e-06 - val_loss: 6.2179e-09 - val_mean_squared_error: 6.2179e-09 - 152s/epoch - 2s/step
Epoch 31/50

Epoch 00031: mean_squared_error improved from 0.00000 to 0.00000, saving model to /gpfswork/rech/ynx/ulx23va/repo/wf-SEDs/model_WFE_size/wf-outputs/chkp/wfe_study_id009_bis/chkp_callback_poly_wfe_study_id009_128_bis_4_cycle2
63/63 - 153s - loss: 9.9382e-07 - mean_squared_error: 1.3934e-06 - val_loss: 6.0268e-09 - val_mean_squared_error: 6.0268e-09 - 153s/epoch - 2s/step
Epoch 32/50

Epoch 00032: mean_squared_error did not improve from 0.00000
63/63 - 152s - loss: 9.9398e-07 - mean_squared_error: 1.3935e-06 - val_loss: 5.8785e-09 - val_mean_squared_error: 5.8785e-09 - 152s/epoch - 2s/step
Epoch 33/50

Epoch 00033: mean_squared_error did not improve from 0.00000
63/63 - 152s - loss: 9.9409e-07 - mean_squared_error: 1.3936e-06 - val_loss: 5.8481e-09 - val_mean_squared_error: 5.8481e-09 - 152s/epoch - 2s/step
Epoch 34/50

Epoch 00034: mean_squared_error did not improve from 0.00000
63/63 - 156s - loss: 9.9394e-07 - mean_squared_error: 1.3935e-06 - val_loss: 6.2106e-09 - val_mean_squared_error: 6.2106e-09 - 156s/epoch - 2s/step
Epoch 35/50

Epoch 00035: mean_squared_error did not improve from 0.00000
63/63 - 156s - loss: 9.9398e-07 - mean_squared_error: 1.3935e-06 - val_loss: 6.2086e-09 - val_mean_squared_error: 6.2086e-09 - 156s/epoch - 2s/step
Epoch 36/50

Epoch 00036: mean_squared_error did not improve from 0.00000
63/63 - 153s - loss: 9.9407e-07 - mean_squared_error: 1.3936e-06 - val_loss: 5.9207e-09 - val_mean_squared_error: 5.9207e-09 - 153s/epoch - 2s/step
Epoch 37/50

Epoch 00037: mean_squared_error did not improve from 0.00000
63/63 - 151s - loss: 9.9402e-07 - mean_squared_error: 1.3935e-06 - val_loss: 6.4541e-09 - val_mean_squared_error: 6.4541e-09 - 151s/epoch - 2s/step
Epoch 38/50

Epoch 00038: mean_squared_error did not improve from 0.00000
63/63 - 152s - loss: 9.9411e-07 - mean_squared_error: 1.3936e-06 - val_loss: 6.2677e-09 - val_mean_squared_error: 6.2677e-09 - 152s/epoch - 2s/step
Epoch 39/50

Epoch 00039: mean_squared_error did not improve from 0.00000
63/63 - 151s - loss: 9.9427e-07 - mean_squared_error: 1.3937e-06 - val_loss: 6.5677e-09 - val_mean_squared_error: 6.5677e-09 - 151s/epoch - 2s/step
Epoch 40/50

Epoch 00040: mean_squared_error did not improve from 0.00000
63/63 - 151s - loss: 9.9417e-07 - mean_squared_error: 1.3937e-06 - val_loss: 6.0434e-09 - val_mean_squared_error: 6.0434e-09 - 151s/epoch - 2s/step
Epoch 41/50

Epoch 00041: mean_squared_error did not improve from 0.00000
63/63 - 150s - loss: 9.9417e-07 - mean_squared_error: 1.3937e-06 - val_loss: 6.1661e-09 - val_mean_squared_error: 6.1661e-09 - 150s/epoch - 2s/step
Epoch 42/50

Epoch 00042: mean_squared_error improved from 0.00000 to 0.00000, saving model to /gpfswork/rech/ynx/ulx23va/repo/wf-SEDs/model_WFE_size/wf-outputs/chkp/wfe_study_id009_bis/chkp_callback_poly_wfe_study_id009_128_bis_4_cycle2
63/63 - 152s - loss: 9.9383e-07 - mean_squared_error: 1.3933e-06 - val_loss: 6.0246e-09 - val_mean_squared_error: 6.0246e-09 - 152s/epoch - 2s/step
Epoch 43/50

Epoch 00043: mean_squared_error did not improve from 0.00000
63/63 - 151s - loss: 9.9382e-07 - mean_squared_error: 1.3934e-06 - val_loss: 6.0140e-09 - val_mean_squared_error: 6.0140e-09 - 151s/epoch - 2s/step
Epoch 44/50

Epoch 00044: mean_squared_error improved from 0.00000 to 0.00000, saving model to /gpfswork/rech/ynx/ulx23va/repo/wf-SEDs/model_WFE_size/wf-outputs/chkp/wfe_study_id009_bis/chkp_callback_poly_wfe_study_id009_128_bis_4_cycle2
63/63 - 151s - loss: 9.9374e-07 - mean_squared_error: 1.3933e-06 - val_loss: 5.9345e-09 - val_mean_squared_error: 5.9345e-09 - 151s/epoch - 2s/step
Epoch 45/50

Epoch 00045: mean_squared_error did not improve from 0.00000
63/63 - 158s - loss: 9.9412e-07 - mean_squared_error: 1.3936e-06 - val_loss: 5.9916e-09 - val_mean_squared_error: 5.9916e-09 - 158s/epoch - 3s/step
Epoch 46/50

Epoch 00046: mean_squared_error did not improve from 0.00000
63/63 - 169s - loss: 9.9465e-07 - mean_squared_error: 1.3939e-06 - val_loss: 5.9755e-09 - val_mean_squared_error: 5.9755e-09 - 169s/epoch - 3s/step
Epoch 47/50

Epoch 00047: mean_squared_error did not improve from 0.00000
63/63 - 160s - loss: 9.9419e-07 - mean_squared_error: 1.3936e-06 - val_loss: 6.0603e-09 - val_mean_squared_error: 6.0603e-09 - 160s/epoch - 3s/step
Epoch 48/50

Epoch 00048: mean_squared_error improved from 0.00000 to 0.00000, saving model to /gpfswork/rech/ynx/ulx23va/repo/wf-SEDs/model_WFE_size/wf-outputs/chkp/wfe_study_id009_bis/chkp_callback_poly_wfe_study_id009_128_bis_4_cycle2
63/63 - 159s - loss: 9.9355e-07 - mean_squared_error: 1.3932e-06 - val_loss: 6.1594e-09 - val_mean_squared_error: 6.1594e-09 - 159s/epoch - 3s/step
Epoch 49/50

Epoch 00049: mean_squared_error did not improve from 0.00000
63/63 - 160s - loss: 9.9441e-07 - mean_squared_error: 1.3939e-06 - val_loss: 7.0348e-09 - val_mean_squared_error: 7.0348e-09 - 160s/epoch - 3s/step
Epoch 50/50

Epoch 00050: mean_squared_error did not improve from 0.00000
63/63 - 163s - loss: 9.9405e-07 - mean_squared_error: 1.3935e-06 - val_loss: 6.1276e-09 - val_mean_squared_error: 6.1276e-09 - 163s/epoch - 3s/step
Cycle2 elapsed time: 10910.883651

Total elapsed time: 31066.529916

 Good bye..
