Starting the log file.
Found GPU at: /device:GPU:0
tf_version: 2.7.0
Zernike cube:
(15, 128, 128)
Dataset parameters:
{'d_max': 2, 'max_order': 45, 'x_lims': [0, 1000.0], 'y_lims': [0, 1000.0], 'grid_points': [4, 4], 'n_bins': 20, 'max_wfe_rms': 0.1, 'oversampling_rate': 3.0, 'output_Q': 3.0, 'output_dim': 32, 'LP_filter_length': 2, 'pupil_diameter': 4096, 'euclid_obsc': True, 'n_stars': 2000}
Starting cycle 1..
Starting parametric update..
Epoch 1/15

Epoch 00001: mean_squared_error improved from inf to 0.00001, saving model to /gpfswork/rech/ynx/ulx23va/repo/wf-SEDs/model_WFE_size/wf-outputs/chkp/wfe_study_id009_bis/chkp_callback_poly_wfe_study_id009_128_bis_3_cycle1
63/63 - 172s - loss: 8.1197e-06 - mean_squared_error: 7.6600e-06 - val_loss: 1.7292e-06 - val_mean_squared_error: 1.7292e-06 - 172s/epoch - 3s/step
Epoch 2/15

Epoch 00002: mean_squared_error improved from 0.00001 to 0.00000, saving model to /gpfswork/rech/ynx/ulx23va/repo/wf-SEDs/model_WFE_size/wf-outputs/chkp/wfe_study_id009_bis/chkp_callback_poly_wfe_study_id009_128_bis_3_cycle1
63/63 - 166s - loss: 2.6232e-06 - mean_squared_error: 2.7654e-06 - val_loss: 1.2471e-06 - val_mean_squared_error: 1.2471e-06 - 166s/epoch - 3s/step
Epoch 3/15

Epoch 00003: mean_squared_error improved from 0.00000 to 0.00000, saving model to /gpfswork/rech/ynx/ulx23va/repo/wf-SEDs/model_WFE_size/wf-outputs/chkp/wfe_study_id009_bis/chkp_callback_poly_wfe_study_id009_128_bis_3_cycle1
63/63 - 167s - loss: 2.2705e-06 - mean_squared_error: 2.4636e-06 - val_loss: 9.4884e-07 - val_mean_squared_error: 9.4884e-07 - 167s/epoch - 3s/step
Epoch 4/15

Epoch 00004: mean_squared_error improved from 0.00000 to 0.00000, saving model to /gpfswork/rech/ynx/ulx23va/repo/wf-SEDs/model_WFE_size/wf-outputs/chkp/wfe_study_id009_bis/chkp_callback_poly_wfe_study_id009_128_bis_3_cycle1
63/63 - 165s - loss: 2.0872e-06 - mean_squared_error: 2.3113e-06 - val_loss: 8.6483e-07 - val_mean_squared_error: 8.6483e-07 - 165s/epoch - 3s/step
Epoch 5/15

Epoch 00005: mean_squared_error improved from 0.00000 to 0.00000, saving model to /gpfswork/rech/ynx/ulx23va/repo/wf-SEDs/model_WFE_size/wf-outputs/chkp/wfe_study_id009_bis/chkp_callback_poly_wfe_study_id009_128_bis_3_cycle1
63/63 - 167s - loss: 2.0149e-06 - mean_squared_error: 2.2499e-06 - val_loss: 8.1549e-07 - val_mean_squared_error: 8.1549e-07 - 167s/epoch - 3s/step
Epoch 6/15

Epoch 00006: mean_squared_error improved from 0.00000 to 0.00000, saving model to /gpfswork/rech/ynx/ulx23va/repo/wf-SEDs/model_WFE_size/wf-outputs/chkp/wfe_study_id009_bis/chkp_callback_poly_wfe_study_id009_128_bis_3_cycle1
63/63 - 167s - loss: 1.9558e-06 - mean_squared_error: 2.1967e-06 - val_loss: 7.9412e-07 - val_mean_squared_error: 7.9412e-07 - 167s/epoch - 3s/step
Epoch 7/15

Epoch 00007: mean_squared_error improved from 0.00000 to 0.00000, saving model to /gpfswork/rech/ynx/ulx23va/repo/wf-SEDs/model_WFE_size/wf-outputs/chkp/wfe_study_id009_bis/chkp_callback_poly_wfe_study_id009_128_bis_3_cycle1
63/63 - 168s - loss: 1.9284e-06 - mean_squared_error: 2.1735e-06 - val_loss: 7.4958e-07 - val_mean_squared_error: 7.4958e-07 - 168s/epoch - 3s/step
Epoch 8/15

Epoch 00008: mean_squared_error did not improve from 0.00000
63/63 - 167s - loss: 1.9377e-06 - mean_squared_error: 2.1803e-06 - val_loss: 7.7675e-07 - val_mean_squared_error: 7.7675e-07 - 167s/epoch - 3s/step
Epoch 9/15

Epoch 00009: mean_squared_error improved from 0.00000 to 0.00000, saving model to /gpfswork/rech/ynx/ulx23va/repo/wf-SEDs/model_WFE_size/wf-outputs/chkp/wfe_study_id009_bis/chkp_callback_poly_wfe_study_id009_128_bis_3_cycle1
63/63 - 166s - loss: 1.9283e-06 - mean_squared_error: 2.1715e-06 - val_loss: 7.9418e-07 - val_mean_squared_error: 7.9418e-07 - 166s/epoch - 3s/step
Epoch 10/15

Epoch 00010: mean_squared_error did not improve from 0.00000
63/63 - 165s - loss: 1.9456e-06 - mean_squared_error: 2.1849e-06 - val_loss: 8.6669e-07 - val_mean_squared_error: 8.6669e-07 - 165s/epoch - 3s/step
Epoch 11/15

Epoch 00011: mean_squared_error improved from 0.00000 to 0.00000, saving model to /gpfswork/rech/ynx/ulx23va/repo/wf-SEDs/model_WFE_size/wf-outputs/chkp/wfe_study_id009_bis/chkp_callback_poly_wfe_study_id009_128_bis_3_cycle1
63/63 - 167s - loss: 1.9185e-06 - mean_squared_error: 2.1603e-06 - val_loss: 7.7210e-07 - val_mean_squared_error: 7.7210e-07 - 167s/epoch - 3s/step
Epoch 12/15

Epoch 00012: mean_squared_error did not improve from 0.00000
63/63 - 164s - loss: 1.9265e-06 - mean_squared_error: 2.1657e-06 - val_loss: 7.8979e-07 - val_mean_squared_error: 7.8979e-07 - 164s/epoch - 3s/step
Epoch 13/15

Epoch 00013: mean_squared_error did not improve from 0.00000
63/63 - 166s - loss: 1.9225e-06 - mean_squared_error: 2.1657e-06 - val_loss: 7.6142e-07 - val_mean_squared_error: 7.6142e-07 - 166s/epoch - 3s/step
Epoch 14/15

Epoch 00014: mean_squared_error improved from 0.00000 to 0.00000, saving model to /gpfswork/rech/ynx/ulx23va/repo/wf-SEDs/model_WFE_size/wf-outputs/chkp/wfe_study_id009_bis/chkp_callback_poly_wfe_study_id009_128_bis_3_cycle1
63/63 - 163s - loss: 1.9164e-06 - mean_squared_error: 2.1580e-06 - val_loss: 7.5559e-07 - val_mean_squared_error: 7.5559e-07 - 163s/epoch - 3s/step
Epoch 15/15

Epoch 00015: mean_squared_error did not improve from 0.00000
63/63 - 164s - loss: 1.9758e-06 - mean_squared_error: 2.2102e-06 - val_loss: 7.9134e-07 - val_mean_squared_error: 7.9134e-07 - 164s/epoch - 3s/step
Starting non-parametric update..
Epoch 1/100

Epoch 00001: mean_squared_error improved from 0.00000 to 0.00000, saving model to /gpfswork/rech/ynx/ulx23va/repo/wf-SEDs/model_WFE_size/wf-outputs/chkp/wfe_study_id009_bis/chkp_callback_poly_wfe_study_id009_128_bis_3_cycle1
63/63 - 160s - loss: 1.7868e-06 - mean_squared_error: 2.0594e-06 - val_loss: 5.2382e-07 - val_mean_squared_error: 5.2382e-07 - 160s/epoch - 3s/step
Epoch 2/100

Epoch 00002: mean_squared_error improved from 0.00000 to 0.00000, saving model to /gpfswork/rech/ynx/ulx23va/repo/wf-SEDs/model_WFE_size/wf-outputs/chkp/wfe_study_id009_bis/chkp_callback_poly_wfe_study_id009_128_bis_3_cycle1
63/63 - 156s - loss: 1.5091e-06 - mean_squared_error: 1.8316e-06 - val_loss: 3.7268e-07 - val_mean_squared_error: 3.7268e-07 - 156s/epoch - 2s/step
Epoch 3/100

Epoch 00003: mean_squared_error improved from 0.00000 to 0.00000, saving model to /gpfswork/rech/ynx/ulx23va/repo/wf-SEDs/model_WFE_size/wf-outputs/chkp/wfe_study_id009_bis/chkp_callback_poly_wfe_study_id009_128_bis_3_cycle1
63/63 - 156s - loss: 1.3639e-06 - mean_squared_error: 1.7125e-06 - val_loss: 2.8149e-07 - val_mean_squared_error: 2.8149e-07 - 156s/epoch - 2s/step
Epoch 4/100

Epoch 00004: mean_squared_error improved from 0.00000 to 0.00000, saving model to /gpfswork/rech/ynx/ulx23va/repo/wf-SEDs/model_WFE_size/wf-outputs/chkp/wfe_study_id009_bis/chkp_callback_poly_wfe_study_id009_128_bis_3_cycle1
63/63 - 154s - loss: 1.2735e-06 - mean_squared_error: 1.6342e-06 - val_loss: 2.1978e-07 - val_mean_squared_error: 2.1978e-07 - 154s/epoch - 2s/step
Epoch 5/100

Epoch 00005: mean_squared_error improved from 0.00000 to 0.00000, saving model to /gpfswork/rech/ynx/ulx23va/repo/wf-SEDs/model_WFE_size/wf-outputs/chkp/wfe_study_id009_bis/chkp_callback_poly_wfe_study_id009_128_bis_3_cycle1
63/63 - 156s - loss: 1.2110e-06 - mean_squared_error: 1.5801e-06 - val_loss: 1.7497e-07 - val_mean_squared_error: 1.7497e-07 - 156s/epoch - 2s/step
Epoch 6/100

Epoch 00006: mean_squared_error improved from 0.00000 to 0.00000, saving model to /gpfswork/rech/ynx/ulx23va/repo/wf-SEDs/model_WFE_size/wf-outputs/chkp/wfe_study_id009_bis/chkp_callback_poly_wfe_study_id009_128_bis_3_cycle1
63/63 - 156s - loss: 1.1668e-06 - mean_squared_error: 1.5423e-06 - val_loss: 1.4492e-07 - val_mean_squared_error: 1.4492e-07 - 156s/epoch - 2s/step
Epoch 7/100

Epoch 00007: mean_squared_error improved from 0.00000 to 0.00000, saving model to /gpfswork/rech/ynx/ulx23va/repo/wf-SEDs/model_WFE_size/wf-outputs/chkp/wfe_study_id009_bis/chkp_callback_poly_wfe_study_id009_128_bis_3_cycle1
63/63 - 154s - loss: 1.1345e-06 - mean_squared_error: 1.5154e-06 - val_loss: 1.1958e-07 - val_mean_squared_error: 1.1958e-07 - 154s/epoch - 2s/step
Epoch 8/100

Epoch 00008: mean_squared_error improved from 0.00000 to 0.00000, saving model to /gpfswork/rech/ynx/ulx23va/repo/wf-SEDs/model_WFE_size/wf-outputs/chkp/wfe_study_id009_bis/chkp_callback_poly_wfe_study_id009_128_bis_3_cycle1
63/63 - 156s - loss: 1.1112e-06 - mean_squared_error: 1.4948e-06 - val_loss: 1.0022e-07 - val_mean_squared_error: 1.0022e-07 - 156s/epoch - 2s/step
Epoch 9/100

Epoch 00009: mean_squared_error improved from 0.00000 to 0.00000, saving model to /gpfswork/rech/ynx/ulx23va/repo/wf-SEDs/model_WFE_size/wf-outputs/chkp/wfe_study_id009_bis/chkp_callback_poly_wfe_study_id009_128_bis_3_cycle1
63/63 - 153s - loss: 1.0921e-06 - mean_squared_error: 1.4783e-06 - val_loss: 8.3792e-08 - val_mean_squared_error: 8.3792e-08 - 153s/epoch - 2s/step
Epoch 10/100

Epoch 00010: mean_squared_error improved from 0.00000 to 0.00000, saving model to /gpfswork/rech/ynx/ulx23va/repo/wf-SEDs/model_WFE_size/wf-outputs/chkp/wfe_study_id009_bis/chkp_callback_poly_wfe_study_id009_128_bis_3_cycle1
63/63 - 157s - loss: 1.0739e-06 - mean_squared_error: 1.4630e-06 - val_loss: 6.9330e-08 - val_mean_squared_error: 6.9330e-08 - 157s/epoch - 2s/step
Epoch 11/100

Epoch 00011: mean_squared_error improved from 0.00000 to 0.00000, saving model to /gpfswork/rech/ynx/ulx23va/repo/wf-SEDs/model_WFE_size/wf-outputs/chkp/wfe_study_id009_bis/chkp_callback_poly_wfe_study_id009_128_bis_3_cycle1
63/63 - 155s - loss: 1.0606e-06 - mean_squared_error: 1.4518e-06 - val_loss: 5.8471e-08 - val_mean_squared_error: 5.8471e-08 - 155s/epoch - 2s/step
Epoch 12/100

Epoch 00012: mean_squared_error improved from 0.00000 to 0.00000, saving model to /gpfswork/rech/ynx/ulx23va/repo/wf-SEDs/model_WFE_size/wf-outputs/chkp/wfe_study_id009_bis/chkp_callback_poly_wfe_study_id009_128_bis_3_cycle1
63/63 - 154s - loss: 1.0530e-06 - mean_squared_error: 1.4447e-06 - val_loss: 5.1241e-08 - val_mean_squared_error: 5.1241e-08 - 154s/epoch - 2s/step
Epoch 13/100

Epoch 00013: mean_squared_error improved from 0.00000 to 0.00000, saving model to /gpfswork/rech/ynx/ulx23va/repo/wf-SEDs/model_WFE_size/wf-outputs/chkp/wfe_study_id009_bis/chkp_callback_poly_wfe_study_id009_128_bis_3_cycle1
63/63 - 156s - loss: 1.0458e-06 - mean_squared_error: 1.4386e-06 - val_loss: 4.3984e-08 - val_mean_squared_error: 4.3984e-08 - 156s/epoch - 2s/step
Epoch 14/100

Epoch 00014: mean_squared_error improved from 0.00000 to 0.00000, saving model to /gpfswork/rech/ynx/ulx23va/repo/wf-SEDs/model_WFE_size/wf-outputs/chkp/wfe_study_id009_bis/chkp_callback_poly_wfe_study_id009_128_bis_3_cycle1
63/63 - 155s - loss: 1.0434e-06 - mean_squared_error: 1.4354e-06 - val_loss: 4.2008e-08 - val_mean_squared_error: 4.2008e-08 - 155s/epoch - 2s/step
Epoch 15/100

Epoch 00015: mean_squared_error improved from 0.00000 to 0.00000, saving model to /gpfswork/rech/ynx/ulx23va/repo/wf-SEDs/model_WFE_size/wf-outputs/chkp/wfe_study_id009_bis/chkp_callback_poly_wfe_study_id009_128_bis_3_cycle1
63/63 - 155s - loss: 1.0350e-06 - mean_squared_error: 1.4287e-06 - val_loss: 3.7202e-08 - val_mean_squared_error: 3.7202e-08 - 155s/epoch - 2s/step
Epoch 16/100

Epoch 00016: mean_squared_error improved from 0.00000 to 0.00000, saving model to /gpfswork/rech/ynx/ulx23va/repo/wf-SEDs/model_WFE_size/wf-outputs/chkp/wfe_study_id009_bis/chkp_callback_poly_wfe_study_id009_128_bis_3_cycle1
63/63 - 156s - loss: 1.0295e-06 - mean_squared_error: 1.4239e-06 - val_loss: 3.9639e-08 - val_mean_squared_error: 3.9639e-08 - 156s/epoch - 2s/step
Epoch 17/100

Epoch 00017: mean_squared_error did not improve from 0.00000
63/63 - 154s - loss: 1.0414e-06 - mean_squared_error: 1.4323e-06 - val_loss: 3.0956e-08 - val_mean_squared_error: 3.0956e-08 - 154s/epoch - 2s/step
Epoch 18/100

Epoch 00018: mean_squared_error improved from 0.00000 to 0.00000, saving model to /gpfswork/rech/ynx/ulx23va/repo/wf-SEDs/model_WFE_size/wf-outputs/chkp/wfe_study_id009_bis/chkp_callback_poly_wfe_study_id009_128_bis_3_cycle1
63/63 - 155s - loss: 1.0244e-06 - mean_squared_error: 1.4194e-06 - val_loss: 2.5894e-08 - val_mean_squared_error: 2.5894e-08 - 155s/epoch - 2s/step
Epoch 19/100

Epoch 00019: mean_squared_error improved from 0.00000 to 0.00000, saving model to /gpfswork/rech/ynx/ulx23va/repo/wf-SEDs/model_WFE_size/wf-outputs/chkp/wfe_study_id009_bis/chkp_callback_poly_wfe_study_id009_128_bis_3_cycle1
63/63 - 157s - loss: 1.0219e-06 - mean_squared_error: 1.4172e-06 - val_loss: 2.6698e-08 - val_mean_squared_error: 2.6698e-08 - 157s/epoch - 2s/step
Epoch 20/100

Epoch 00020: mean_squared_error improved from 0.00000 to 0.00000, saving model to /gpfswork/rech/ynx/ulx23va/repo/wf-SEDs/model_WFE_size/wf-outputs/chkp/wfe_study_id009_bis/chkp_callback_poly_wfe_study_id009_128_bis_3_cycle1
63/63 - 156s - loss: 1.0215e-06 - mean_squared_error: 1.4167e-06 - val_loss: 2.5131e-08 - val_mean_squared_error: 2.5131e-08 - 156s/epoch - 2s/step
Epoch 21/100

Epoch 00021: mean_squared_error improved from 0.00000 to 0.00000, saving model to /gpfswork/rech/ynx/ulx23va/repo/wf-SEDs/model_WFE_size/wf-outputs/chkp/wfe_study_id009_bis/chkp_callback_poly_wfe_study_id009_128_bis_3_cycle1
63/63 - 156s - loss: 1.0221e-06 - mean_squared_error: 1.4166e-06 - val_loss: 2.8334e-08 - val_mean_squared_error: 2.8334e-08 - 156s/epoch - 2s/step
Epoch 22/100

Epoch 00022: mean_squared_error did not improve from 0.00000
63/63 - 154s - loss: 1.0346e-06 - mean_squared_error: 1.4264e-06 - val_loss: 3.3142e-08 - val_mean_squared_error: 3.3142e-08 - 154s/epoch - 2s/step
Epoch 23/100

Epoch 00023: mean_squared_error did not improve from 0.00000
63/63 - 156s - loss: 1.0350e-06 - mean_squared_error: 1.4270e-06 - val_loss: 2.9148e-08 - val_mean_squared_error: 2.9148e-08 - 156s/epoch - 2s/step
Epoch 24/100

Epoch 00024: mean_squared_error improved from 0.00000 to 0.00000, saving model to /gpfswork/rech/ynx/ulx23va/repo/wf-SEDs/model_WFE_size/wf-outputs/chkp/wfe_study_id009_bis/chkp_callback_poly_wfe_study_id009_128_bis_3_cycle1
63/63 - 156s - loss: 1.0217e-06 - mean_squared_error: 1.4164e-06 - val_loss: 2.3397e-08 - val_mean_squared_error: 2.3397e-08 - 156s/epoch - 2s/step
Epoch 25/100

Epoch 00025: mean_squared_error improved from 0.00000 to 0.00000, saving model to /gpfswork/rech/ynx/ulx23va/repo/wf-SEDs/model_WFE_size/wf-outputs/chkp/wfe_study_id009_bis/chkp_callback_poly_wfe_study_id009_128_bis_3_cycle1
63/63 - 154s - loss: 1.0132e-06 - mean_squared_error: 1.4096e-06 - val_loss: 1.8500e-08 - val_mean_squared_error: 1.8500e-08 - 154s/epoch - 2s/step
Epoch 26/100

Epoch 00026: mean_squared_error improved from 0.00000 to 0.00000, saving model to /gpfswork/rech/ynx/ulx23va/repo/wf-SEDs/model_WFE_size/wf-outputs/chkp/wfe_study_id009_bis/chkp_callback_poly_wfe_study_id009_128_bis_3_cycle1
63/63 - 156s - loss: 1.0124e-06 - mean_squared_error: 1.4087e-06 - val_loss: 1.9701e-08 - val_mean_squared_error: 1.9701e-08 - 156s/epoch - 2s/step
Epoch 27/100

Epoch 00027: mean_squared_error improved from 0.00000 to 0.00000, saving model to /gpfswork/rech/ynx/ulx23va/repo/wf-SEDs/model_WFE_size/wf-outputs/chkp/wfe_study_id009_bis/chkp_callback_poly_wfe_study_id009_128_bis_3_cycle1
63/63 - 156s - loss: 1.0112e-06 - mean_squared_error: 1.4075e-06 - val_loss: 1.8773e-08 - val_mean_squared_error: 1.8773e-08 - 156s/epoch - 2s/step
Epoch 28/100

Epoch 00028: mean_squared_error did not improve from 0.00000
63/63 - 154s - loss: 1.0190e-06 - mean_squared_error: 1.4126e-06 - val_loss: 2.4424e-08 - val_mean_squared_error: 2.4424e-08 - 154s/epoch - 2s/step
Epoch 29/100

Epoch 00029: mean_squared_error did not improve from 0.00000
63/63 - 156s - loss: 1.0247e-06 - mean_squared_error: 1.4193e-06 - val_loss: 1.7320e-08 - val_mean_squared_error: 1.7320e-08 - 156s/epoch - 2s/step
Epoch 30/100

Epoch 00030: mean_squared_error did not improve from 0.00000
63/63 - 154s - loss: 1.0118e-06 - mean_squared_error: 1.4084e-06 - val_loss: 1.7552e-08 - val_mean_squared_error: 1.7552e-08 - 154s/epoch - 2s/step
Epoch 31/100

Epoch 00031: mean_squared_error improved from 0.00000 to 0.00000, saving model to /gpfswork/rech/ynx/ulx23va/repo/wf-SEDs/model_WFE_size/wf-outputs/chkp/wfe_study_id009_bis/chkp_callback_poly_wfe_study_id009_128_bis_3_cycle1
63/63 - 157s - loss: 1.0085e-06 - mean_squared_error: 1.4056e-06 - val_loss: 1.7422e-08 - val_mean_squared_error: 1.7422e-08 - 157s/epoch - 2s/step
Epoch 32/100

Epoch 00032: mean_squared_error did not improve from 0.00000
63/63 - 156s - loss: 1.0091e-06 - mean_squared_error: 1.4061e-06 - val_loss: 1.6115e-08 - val_mean_squared_error: 1.6115e-08 - 156s/epoch - 2s/step
Epoch 33/100

Epoch 00033: mean_squared_error did not improve from 0.00000
63/63 - 155s - loss: 1.0131e-06 - mean_squared_error: 1.4089e-06 - val_loss: 1.8511e-08 - val_mean_squared_error: 1.8511e-08 - 155s/epoch - 2s/step
Epoch 34/100

Epoch 00034: mean_squared_error improved from 0.00000 to 0.00000, saving model to /gpfswork/rech/ynx/ulx23va/repo/wf-SEDs/model_WFE_size/wf-outputs/chkp/wfe_study_id009_bis/chkp_callback_poly_wfe_study_id009_128_bis_3_cycle1
63/63 - 156s - loss: 1.0088e-06 - mean_squared_error: 1.4056e-06 - val_loss: 1.8788e-08 - val_mean_squared_error: 1.8788e-08 - 156s/epoch - 2s/step
Epoch 35/100

Epoch 00035: mean_squared_error did not improve from 0.00000
63/63 - 155s - loss: 1.0117e-06 - mean_squared_error: 1.4077e-06 - val_loss: 2.8299e-08 - val_mean_squared_error: 2.8299e-08 - 155s/epoch - 2s/step
Epoch 36/100

Epoch 00036: mean_squared_error did not improve from 0.00000
63/63 - 155s - loss: 1.0138e-06 - mean_squared_error: 1.4101e-06 - val_loss: 1.6712e-08 - val_mean_squared_error: 1.6712e-08 - 155s/epoch - 2s/step
Epoch 37/100

Epoch 00037: mean_squared_error improved from 0.00000 to 0.00000, saving model to /gpfswork/rech/ynx/ulx23va/repo/wf-SEDs/model_WFE_size/wf-outputs/chkp/wfe_study_id009_bis/chkp_callback_poly_wfe_study_id009_128_bis_3_cycle1
63/63 - 156s - loss: 1.0068e-06 - mean_squared_error: 1.4038e-06 - val_loss: 1.3880e-08 - val_mean_squared_error: 1.3880e-08 - 156s/epoch - 2s/step
Epoch 38/100

Epoch 00038: mean_squared_error improved from 0.00000 to 0.00000, saving model to /gpfswork/rech/ynx/ulx23va/repo/wf-SEDs/model_WFE_size/wf-outputs/chkp/wfe_study_id009_bis/chkp_callback_poly_wfe_study_id009_128_bis_3_cycle1
63/63 - 154s - loss: 1.0042e-06 - mean_squared_error: 1.4020e-06 - val_loss: 1.4783e-08 - val_mean_squared_error: 1.4783e-08 - 154s/epoch - 2s/step
Epoch 39/100

Epoch 00039: mean_squared_error did not improve from 0.00000
63/63 - 157s - loss: 1.0070e-06 - mean_squared_error: 1.4042e-06 - val_loss: 1.1235e-08 - val_mean_squared_error: 1.1235e-08 - 157s/epoch - 2s/step
Epoch 40/100

Epoch 00040: mean_squared_error did not improve from 0.00000
63/63 - 156s - loss: 1.0074e-06 - mean_squared_error: 1.4043e-06 - val_loss: 1.9990e-08 - val_mean_squared_error: 1.9990e-08 - 156s/epoch - 2s/step
Epoch 41/100

Epoch 00041: mean_squared_error did not improve from 0.00000
63/63 - 156s - loss: 1.0222e-06 - mean_squared_error: 1.4141e-06 - val_loss: 3.0120e-08 - val_mean_squared_error: 3.0120e-08 - 156s/epoch - 2s/step
Epoch 42/100

Epoch 00042: mean_squared_error did not improve from 0.00000
63/63 - 155s - loss: 1.0146e-06 - mean_squared_error: 1.4096e-06 - val_loss: 1.7953e-08 - val_mean_squared_error: 1.7953e-08 - 155s/epoch - 2s/step
Epoch 43/100

Epoch 00043: mean_squared_error did not improve from 0.00000
63/63 - 155s - loss: 1.0108e-06 - mean_squared_error: 1.4062e-06 - val_loss: 1.5621e-08 - val_mean_squared_error: 1.5621e-08 - 155s/epoch - 2s/step
Epoch 44/100

Epoch 00044: mean_squared_error did not improve from 0.00000
63/63 - 155s - loss: 1.0079e-06 - mean_squared_error: 1.4050e-06 - val_loss: 1.1804e-08 - val_mean_squared_error: 1.1804e-08 - 155s/epoch - 2s/step
Epoch 45/100

Epoch 00045: mean_squared_error improved from 0.00000 to 0.00000, saving model to /gpfswork/rech/ynx/ulx23va/repo/wf-SEDs/model_WFE_size/wf-outputs/chkp/wfe_study_id009_bis/chkp_callback_poly_wfe_study_id009_128_bis_3_cycle1
63/63 - 156s - loss: 1.0041e-06 - mean_squared_error: 1.4015e-06 - val_loss: 1.0590e-08 - val_mean_squared_error: 1.0590e-08 - 156s/epoch - 2s/step
Epoch 46/100

Epoch 00046: mean_squared_error did not improve from 0.00000
63/63 - 155s - loss: 1.0053e-06 - mean_squared_error: 1.4026e-06 - val_loss: 1.2662e-08 - val_mean_squared_error: 1.2662e-08 - 155s/epoch - 2s/step
Epoch 47/100

Epoch 00047: mean_squared_error did not improve from 0.00000
63/63 - 158s - loss: 1.0043e-06 - mean_squared_error: 1.4016e-06 - val_loss: 1.0609e-08 - val_mean_squared_error: 1.0609e-08 - 158s/epoch - 3s/step
Epoch 48/100

Epoch 00048: mean_squared_error improved from 0.00000 to 0.00000, saving model to /gpfswork/rech/ynx/ulx23va/repo/wf-SEDs/model_WFE_size/wf-outputs/chkp/wfe_study_id009_bis/chkp_callback_poly_wfe_study_id009_128_bis_3_cycle1
63/63 - 155s - loss: 1.0026e-06 - mean_squared_error: 1.4004e-06 - val_loss: 1.1829e-08 - val_mean_squared_error: 1.1829e-08 - 155s/epoch - 2s/step
Epoch 49/100

Epoch 00049: mean_squared_error improved from 0.00000 to 0.00000, saving model to /gpfswork/rech/ynx/ulx23va/repo/wf-SEDs/model_WFE_size/wf-outputs/chkp/wfe_study_id009_bis/chkp_callback_poly_wfe_study_id009_128_bis_3_cycle1
63/63 - 157s - loss: 1.0020e-06 - mean_squared_error: 1.3998e-06 - val_loss: 9.4122e-09 - val_mean_squared_error: 9.4122e-09 - 157s/epoch - 2s/step
Epoch 50/100

Epoch 00050: mean_squared_error did not improve from 0.00000
63/63 - 157s - loss: 1.0021e-06 - mean_squared_error: 1.4000e-06 - val_loss: 9.1188e-09 - val_mean_squared_error: 9.1188e-09 - 157s/epoch - 2s/step
Epoch 51/100

Epoch 00051: mean_squared_error did not improve from 0.00000
63/63 - 153s - loss: 1.0046e-06 - mean_squared_error: 1.4020e-06 - val_loss: 1.7113e-08 - val_mean_squared_error: 1.7113e-08 - 153s/epoch - 2s/step
Epoch 52/100

Epoch 00052: mean_squared_error did not improve from 0.00000
63/63 - 156s - loss: 1.0037e-06 - mean_squared_error: 1.4013e-06 - val_loss: 1.3739e-08 - val_mean_squared_error: 1.3739e-08 - 156s/epoch - 2s/step
Epoch 53/100

Epoch 00053: mean_squared_error improved from 0.00000 to 0.00000, saving model to /gpfswork/rech/ynx/ulx23va/repo/wf-SEDs/model_WFE_size/wf-outputs/chkp/wfe_study_id009_bis/chkp_callback_poly_wfe_study_id009_128_bis_3_cycle1
63/63 - 156s - loss: 1.0014e-06 - mean_squared_error: 1.3993e-06 - val_loss: 9.4324e-09 - val_mean_squared_error: 9.4324e-09 - 156s/epoch - 2s/step
Epoch 54/100

Epoch 00054: mean_squared_error did not improve from 0.00000
63/63 - 155s - loss: 1.0154e-06 - mean_squared_error: 1.4094e-06 - val_loss: 1.2947e-08 - val_mean_squared_error: 1.2947e-08 - 155s/epoch - 2s/step
Epoch 55/100

Epoch 00055: mean_squared_error did not improve from 0.00000
63/63 - 157s - loss: 1.0069e-06 - mean_squared_error: 1.4039e-06 - val_loss: 9.6883e-09 - val_mean_squared_error: 9.6883e-09 - 157s/epoch - 2s/step
Epoch 56/100

Epoch 00056: mean_squared_error improved from 0.00000 to 0.00000, saving model to /gpfswork/rech/ynx/ulx23va/repo/wf-SEDs/model_WFE_size/wf-outputs/chkp/wfe_study_id009_bis/chkp_callback_poly_wfe_study_id009_128_bis_3_cycle1
63/63 - 155s - loss: 1.0004e-06 - mean_squared_error: 1.3985e-06 - val_loss: 9.5609e-09 - val_mean_squared_error: 9.5609e-09 - 155s/epoch - 2s/step
Epoch 57/100

Epoch 00057: mean_squared_error did not improve from 0.00000
63/63 - 157s - loss: 1.0020e-06 - mean_squared_error: 1.3998e-06 - val_loss: 1.3430e-08 - val_mean_squared_error: 1.3430e-08 - 157s/epoch - 2s/step
Epoch 58/100

Epoch 00058: mean_squared_error did not improve from 0.00000
63/63 - 156s - loss: 1.0031e-06 - mean_squared_error: 1.4008e-06 - val_loss: 9.8781e-09 - val_mean_squared_error: 9.8781e-09 - 156s/epoch - 2s/step
Epoch 59/100

Epoch 00059: mean_squared_error improved from 0.00000 to 0.00000, saving model to /gpfswork/rech/ynx/ulx23va/repo/wf-SEDs/model_WFE_size/wf-outputs/chkp/wfe_study_id009_bis/chkp_callback_poly_wfe_study_id009_128_bis_3_cycle1
63/63 - 156s - loss: 9.9921e-07 - mean_squared_error: 1.3975e-06 - val_loss: 1.0127e-08 - val_mean_squared_error: 1.0127e-08 - 156s/epoch - 2s/step
Epoch 60/100

Epoch 00060: mean_squared_error did not improve from 0.00000
63/63 - 156s - loss: 1.0009e-06 - mean_squared_error: 1.3986e-06 - val_loss: 1.9951e-08 - val_mean_squared_error: 1.9951e-08 - 156s/epoch - 2s/step
Epoch 61/100

Epoch 00061: mean_squared_error did not improve from 0.00000
63/63 - 154s - loss: 1.0750e-06 - mean_squared_error: 1.4523e-06 - val_loss: 3.7841e-08 - val_mean_squared_error: 3.7841e-08 - 154s/epoch - 2s/step
Epoch 62/100

Epoch 00062: mean_squared_error did not improve from 0.00000
63/63 - 156s - loss: 1.0223e-06 - mean_squared_error: 1.4158e-06 - val_loss: 2.4762e-08 - val_mean_squared_error: 2.4762e-08 - 156s/epoch - 2s/step
Epoch 63/100

Epoch 00063: mean_squared_error did not improve from 0.00000
63/63 - 154s - loss: 1.0067e-06 - mean_squared_error: 1.4033e-06 - val_loss: 1.7671e-08 - val_mean_squared_error: 1.7671e-08 - 154s/epoch - 2s/step
Epoch 64/100

Epoch 00064: mean_squared_error did not improve from 0.00000
63/63 - 154s - loss: 1.0058e-06 - mean_squared_error: 1.4025e-06 - val_loss: 1.0275e-08 - val_mean_squared_error: 1.0275e-08 - 154s/epoch - 2s/step
Epoch 65/100

Epoch 00065: mean_squared_error did not improve from 0.00000
63/63 - 157s - loss: 1.0028e-06 - mean_squared_error: 1.4001e-06 - val_loss: 1.4234e-08 - val_mean_squared_error: 1.4234e-08 - 157s/epoch - 2s/step
Epoch 66/100

Epoch 00066: mean_squared_error did not improve from 0.00000
63/63 - 155s - loss: 1.0160e-06 - mean_squared_error: 1.4094e-06 - val_loss: 2.0824e-08 - val_mean_squared_error: 2.0824e-08 - 155s/epoch - 2s/step
Epoch 67/100

Epoch 00067: mean_squared_error did not improve from 0.00000
63/63 - 157s - loss: 1.0059e-06 - mean_squared_error: 1.4031e-06 - val_loss: 1.1101e-08 - val_mean_squared_error: 1.1101e-08 - 157s/epoch - 2s/step
Epoch 68/100

Epoch 00068: mean_squared_error did not improve from 0.00000
63/63 - 157s - loss: 1.0035e-06 - mean_squared_error: 1.4011e-06 - val_loss: 1.7529e-08 - val_mean_squared_error: 1.7529e-08 - 157s/epoch - 2s/step
Epoch 69/100

Epoch 00069: mean_squared_error did not improve from 0.00000
63/63 - 156s - loss: 1.0030e-06 - mean_squared_error: 1.4006e-06 - val_loss: 1.0068e-08 - val_mean_squared_error: 1.0068e-08 - 156s/epoch - 2s/step
Epoch 70/100

Epoch 00070: mean_squared_error did not improve from 0.00000
63/63 - 156s - loss: 1.0006e-06 - mean_squared_error: 1.3985e-06 - val_loss: 1.7630e-08 - val_mean_squared_error: 1.7630e-08 - 156s/epoch - 2s/step
Epoch 71/100

Epoch 00071: mean_squared_error did not improve from 0.00000
63/63 - 155s - loss: 1.0088e-06 - mean_squared_error: 1.4053e-06 - val_loss: 2.0721e-08 - val_mean_squared_error: 2.0721e-08 - 155s/epoch - 2s/step
Epoch 72/100

Epoch 00072: mean_squared_error did not improve from 0.00000
63/63 - 156s - loss: 1.0028e-06 - mean_squared_error: 1.4006e-06 - val_loss: 8.5032e-09 - val_mean_squared_error: 8.5032e-09 - 156s/epoch - 2s/step
Epoch 73/100

Epoch 00073: mean_squared_error improved from 0.00000 to 0.00000, saving model to /gpfswork/rech/ynx/ulx23va/repo/wf-SEDs/model_WFE_size/wf-outputs/chkp/wfe_study_id009_bis/chkp_callback_poly_wfe_study_id009_128_bis_3_cycle1
63/63 - 158s - loss: 9.9872e-07 - mean_squared_error: 1.3971e-06 - val_loss: 8.0832e-09 - val_mean_squared_error: 8.0832e-09 - 158s/epoch - 3s/step
Epoch 74/100

Epoch 00074: mean_squared_error did not improve from 0.00000
63/63 - 155s - loss: 1.0051e-06 - mean_squared_error: 1.4019e-06 - val_loss: 2.0540e-08 - val_mean_squared_error: 2.0540e-08 - 155s/epoch - 2s/step
Epoch 75/100

Epoch 00075: mean_squared_error did not improve from 0.00000
63/63 - 155s - loss: 1.0010e-06 - mean_squared_error: 1.3993e-06 - val_loss: 7.5720e-09 - val_mean_squared_error: 7.5720e-09 - 155s/epoch - 2s/step
Epoch 76/100

Epoch 00076: mean_squared_error did not improve from 0.00000
63/63 - 156s - loss: 9.9949e-07 - mean_squared_error: 1.3977e-06 - val_loss: 9.2726e-09 - val_mean_squared_error: 9.2726e-09 - 156s/epoch - 2s/step
Epoch 77/100

Epoch 00077: mean_squared_error improved from 0.00000 to 0.00000, saving model to /gpfswork/rech/ynx/ulx23va/repo/wf-SEDs/model_WFE_size/wf-outputs/chkp/wfe_study_id009_bis/chkp_callback_poly_wfe_study_id009_128_bis_3_cycle1
63/63 - 154s - loss: 9.9784e-07 - mean_squared_error: 1.3965e-06 - val_loss: 7.6366e-09 - val_mean_squared_error: 7.6366e-09 - 154s/epoch - 2s/step
Epoch 78/100

Epoch 00078: mean_squared_error did not improve from 0.00000
63/63 - 156s - loss: 1.0010e-06 - mean_squared_error: 1.3992e-06 - val_loss: 9.6726e-09 - val_mean_squared_error: 9.6726e-09 - 156s/epoch - 2s/step
Epoch 79/100

Epoch 00079: mean_squared_error did not improve from 0.00000
63/63 - 154s - loss: 9.9952e-07 - mean_squared_error: 1.3977e-06 - val_loss: 1.2301e-08 - val_mean_squared_error: 1.2301e-08 - 154s/epoch - 2s/step
Epoch 80/100

Epoch 00080: mean_squared_error did not improve from 0.00000
63/63 - 157s - loss: 1.0017e-06 - mean_squared_error: 1.3996e-06 - val_loss: 9.4537e-09 - val_mean_squared_error: 9.4537e-09 - 157s/epoch - 2s/step
Epoch 81/100

Epoch 00081: mean_squared_error did not improve from 0.00000
63/63 - 157s - loss: 1.0012e-06 - mean_squared_error: 1.3990e-06 - val_loss: 1.1427e-08 - val_mean_squared_error: 1.1427e-08 - 157s/epoch - 2s/step
Epoch 82/100

Epoch 00082: mean_squared_error did not improve from 0.00000
63/63 - 155s - loss: 9.9902e-07 - mean_squared_error: 1.3976e-06 - val_loss: 1.3274e-08 - val_mean_squared_error: 1.3274e-08 - 155s/epoch - 2s/step
Epoch 83/100

Epoch 00083: mean_squared_error did not improve from 0.00000
63/63 - 157s - loss: 9.9946e-07 - mean_squared_error: 1.3978e-06 - val_loss: 6.8062e-09 - val_mean_squared_error: 6.8062e-09 - 157s/epoch - 2s/step
Epoch 84/100

Epoch 00084: mean_squared_error improved from 0.00000 to 0.00000, saving model to /gpfswork/rech/ynx/ulx23va/repo/wf-SEDs/model_WFE_size/wf-outputs/chkp/wfe_study_id009_bis/chkp_callback_poly_wfe_study_id009_128_bis_3_cycle1
63/63 - 154s - loss: 9.9634e-07 - mean_squared_error: 1.3951e-06 - val_loss: 7.5771e-09 - val_mean_squared_error: 7.5771e-09 - 154s/epoch - 2s/step
Epoch 85/100

Epoch 00085: mean_squared_error did not improve from 0.00000
63/63 - 158s - loss: 9.9797e-07 - mean_squared_error: 1.3965e-06 - val_loss: 7.4001e-09 - val_mean_squared_error: 7.4001e-09 - 158s/epoch - 3s/step
Epoch 86/100

Epoch 00086: mean_squared_error did not improve from 0.00000
63/63 - 156s - loss: 9.9899e-07 - mean_squared_error: 1.3974e-06 - val_loss: 1.2426e-08 - val_mean_squared_error: 1.2426e-08 - 156s/epoch - 2s/step
Epoch 87/100

Epoch 00087: mean_squared_error did not improve from 0.00000
63/63 - 154s - loss: 1.0133e-06 - mean_squared_error: 1.4097e-06 - val_loss: 4.8222e-08 - val_mean_squared_error: 4.8222e-08 - 154s/epoch - 2s/step
Epoch 88/100

Epoch 00088: mean_squared_error did not improve from 0.00000
63/63 - 158s - loss: 1.0070e-06 - mean_squared_error: 1.4042e-06 - val_loss: 1.0312e-08 - val_mean_squared_error: 1.0312e-08 - 158s/epoch - 3s/step
Epoch 89/100

Epoch 00089: mean_squared_error did not improve from 0.00000
63/63 - 154s - loss: 1.0005e-06 - mean_squared_error: 1.3984e-06 - val_loss: 8.6901e-09 - val_mean_squared_error: 8.6901e-09 - 154s/epoch - 2s/step
Epoch 90/100

Epoch 00090: mean_squared_error did not improve from 0.00000
63/63 - 157s - loss: 1.0005e-06 - mean_squared_error: 1.3984e-06 - val_loss: 9.8841e-09 - val_mean_squared_error: 9.8841e-09 - 157s/epoch - 2s/step
Epoch 91/100

Epoch 00091: mean_squared_error did not improve from 0.00000
63/63 - 157s - loss: 9.9934e-07 - mean_squared_error: 1.3978e-06 - val_loss: 9.8213e-09 - val_mean_squared_error: 9.8213e-09 - 157s/epoch - 2s/step
Epoch 92/100

Epoch 00092: mean_squared_error did not improve from 0.00000
63/63 - 154s - loss: 1.0051e-06 - mean_squared_error: 1.4017e-06 - val_loss: 1.2195e-08 - val_mean_squared_error: 1.2195e-08 - 154s/epoch - 2s/step
Epoch 93/100

Epoch 00093: mean_squared_error did not improve from 0.00000
63/63 - 155s - loss: 9.9942e-07 - mean_squared_error: 1.3975e-06 - val_loss: 8.9130e-09 - val_mean_squared_error: 8.9130e-09 - 155s/epoch - 2s/step
Epoch 94/100

Epoch 00094: mean_squared_error improved from 0.00000 to 0.00000, saving model to /gpfswork/rech/ynx/ulx23va/repo/wf-SEDs/model_WFE_size/wf-outputs/chkp/wfe_study_id009_bis/chkp_callback_poly_wfe_study_id009_128_bis_3_cycle1
63/63 - 156s - loss: 9.9609e-07 - mean_squared_error: 1.3950e-06 - val_loss: 6.7192e-09 - val_mean_squared_error: 6.7192e-09 - 156s/epoch - 2s/step
Epoch 95/100

Epoch 00095: mean_squared_error did not improve from 0.00000
63/63 - 154s - loss: 9.9893e-07 - mean_squared_error: 1.3970e-06 - val_loss: 7.5583e-09 - val_mean_squared_error: 7.5583e-09 - 154s/epoch - 2s/step
Epoch 96/100

Epoch 00096: mean_squared_error did not improve from 0.00000
63/63 - 156s - loss: 9.9671e-07 - mean_squared_error: 1.3955e-06 - val_loss: 7.6285e-09 - val_mean_squared_error: 7.6285e-09 - 156s/epoch - 2s/step
Epoch 97/100

Epoch 00097: mean_squared_error did not improve from 0.00000
63/63 - 155s - loss: 9.9906e-07 - mean_squared_error: 1.3974e-06 - val_loss: 7.6294e-09 - val_mean_squared_error: 7.6294e-09 - 155s/epoch - 2s/step
Epoch 98/100

Epoch 00098: mean_squared_error did not improve from 0.00000
63/63 - 155s - loss: 9.9695e-07 - mean_squared_error: 1.3957e-06 - val_loss: 1.0170e-08 - val_mean_squared_error: 1.0170e-08 - 155s/epoch - 2s/step
Epoch 99/100

Epoch 00099: mean_squared_error did not improve from 0.00000
63/63 - 156s - loss: 9.9884e-07 - mean_squared_error: 1.3972e-06 - val_loss: 7.2978e-09 - val_mean_squared_error: 7.2978e-09 - 156s/epoch - 2s/step
Epoch 100/100

Epoch 00100: mean_squared_error did not improve from 0.00000
63/63 - 154s - loss: 9.9799e-07 - mean_squared_error: 1.3966e-06 - val_loss: 7.8727e-09 - val_mean_squared_error: 7.8727e-09 - 154s/epoch - 2s/step
Cycle1 elapsed time: 18059.233073
Starting cycle 2..
Starting parametric update..
Epoch 1/15

Epoch 00001: mean_squared_error improved from inf to 0.00000, saving model to /gpfswork/rech/ynx/ulx23va/repo/wf-SEDs/model_WFE_size/wf-outputs/chkp/wfe_study_id009_bis/chkp_callback_poly_wfe_study_id009_128_bis_3_cycle2
63/63 - 160s - loss: 9.9627e-07 - mean_squared_error: 1.3952e-06 - val_loss: 6.8057e-09 - val_mean_squared_error: 6.8057e-09 - 160s/epoch - 3s/step
Epoch 2/15

Epoch 00002: mean_squared_error did not improve from 0.00000
63/63 - 156s - loss: 9.9685e-07 - mean_squared_error: 1.3957e-06 - val_loss: 1.0265e-08 - val_mean_squared_error: 1.0265e-08 - 156s/epoch - 2s/step
Epoch 3/15

Epoch 00003: mean_squared_error did not improve from 0.00000
63/63 - 157s - loss: 9.9805e-07 - mean_squared_error: 1.3967e-06 - val_loss: 8.9583e-09 - val_mean_squared_error: 8.9583e-09 - 157s/epoch - 2s/step
Epoch 4/15

Epoch 00004: mean_squared_error did not improve from 0.00000
63/63 - 158s - loss: 9.9815e-07 - mean_squared_error: 1.3967e-06 - val_loss: 1.0178e-08 - val_mean_squared_error: 1.0178e-08 - 158s/epoch - 3s/step
Epoch 5/15

Epoch 00005: mean_squared_error did not improve from 0.00000
63/63 - 157s - loss: 1.0046e-06 - mean_squared_error: 1.4023e-06 - val_loss: 1.9411e-08 - val_mean_squared_error: 1.9411e-08 - 157s/epoch - 2s/step
Epoch 6/15

Epoch 00006: mean_squared_error did not improve from 0.00000
63/63 - 157s - loss: 1.0044e-06 - mean_squared_error: 1.4018e-06 - val_loss: 1.4457e-08 - val_mean_squared_error: 1.4457e-08 - 157s/epoch - 2s/step
Epoch 7/15

Epoch 00007: mean_squared_error did not improve from 0.00000
63/63 - 155s - loss: 1.0031e-06 - mean_squared_error: 1.4009e-06 - val_loss: 1.2219e-08 - val_mean_squared_error: 1.2219e-08 - 155s/epoch - 2s/step
Epoch 8/15

Epoch 00008: mean_squared_error did not improve from 0.00000
63/63 - 158s - loss: 1.0132e-06 - mean_squared_error: 1.4095e-06 - val_loss: 2.5598e-08 - val_mean_squared_error: 2.5598e-08 - 158s/epoch - 3s/step
Epoch 9/15

Epoch 00009: mean_squared_error did not improve from 0.00000
63/63 - 156s - loss: 1.0258e-06 - mean_squared_error: 1.4198e-06 - val_loss: 2.1328e-08 - val_mean_squared_error: 2.1328e-08 - 156s/epoch - 2s/step
Epoch 10/15

Epoch 00010: mean_squared_error did not improve from 0.00000
63/63 - 157s - loss: 1.0036e-06 - mean_squared_error: 1.4020e-06 - val_loss: 1.3709e-08 - val_mean_squared_error: 1.3709e-08 - 157s/epoch - 2s/step
Epoch 11/15

Epoch 00011: mean_squared_error did not improve from 0.00000
63/63 - 157s - loss: 1.0042e-06 - mean_squared_error: 1.4020e-06 - val_loss: 1.3637e-08 - val_mean_squared_error: 1.3637e-08 - 157s/epoch - 2s/step
Epoch 12/15

Epoch 00012: mean_squared_error did not improve from 0.00000
63/63 - 155s - loss: 1.0061e-06 - mean_squared_error: 1.4030e-06 - val_loss: 2.6062e-08 - val_mean_squared_error: 2.6062e-08 - 155s/epoch - 2s/step
Epoch 13/15

Epoch 00013: mean_squared_error did not improve from 0.00000
63/63 - 156s - loss: 1.0177e-06 - mean_squared_error: 1.4123e-06 - val_loss: 2.0398e-08 - val_mean_squared_error: 2.0398e-08 - 156s/epoch - 2s/step
Epoch 14/15

Epoch 00014: mean_squared_error did not improve from 0.00000
63/63 - 157s - loss: 1.0118e-06 - mean_squared_error: 1.4079e-06 - val_loss: 1.8264e-08 - val_mean_squared_error: 1.8264e-08 - 157s/epoch - 2s/step
Epoch 15/15

Epoch 00015: mean_squared_error did not improve from 0.00000
63/63 - 157s - loss: 1.0227e-06 - mean_squared_error: 1.4154e-06 - val_loss: 5.5443e-08 - val_mean_squared_error: 5.5443e-08 - 157s/epoch - 2s/step
Starting non-parametric update..
Epoch 1/50

Epoch 00001: mean_squared_error did not improve from 0.00000
63/63 - 159s - loss: 1.0131e-06 - mean_squared_error: 1.4082e-06 - val_loss: 6.7646e-09 - val_mean_squared_error: 6.7646e-09 - 159s/epoch - 3s/step
Epoch 2/50

Epoch 00002: mean_squared_error improved from 0.00000 to 0.00000, saving model to /gpfswork/rech/ynx/ulx23va/repo/wf-SEDs/model_WFE_size/wf-outputs/chkp/wfe_study_id009_bis/chkp_callback_poly_wfe_study_id009_128_bis_3_cycle2
63/63 - 156s - loss: 9.9440e-07 - mean_squared_error: 1.3937e-06 - val_loss: 5.3954e-09 - val_mean_squared_error: 5.3954e-09 - 156s/epoch - 2s/step
Epoch 3/50

Epoch 00003: mean_squared_error improved from 0.00000 to 0.00000, saving model to /gpfswork/rech/ynx/ulx23va/repo/wf-SEDs/model_WFE_size/wf-outputs/chkp/wfe_study_id009_bis/chkp_callback_poly_wfe_study_id009_128_bis_3_cycle2
63/63 - 157s - loss: 9.9338e-07 - mean_squared_error: 1.3929e-06 - val_loss: 5.0878e-09 - val_mean_squared_error: 5.0878e-09 - 157s/epoch - 2s/step
Epoch 4/50

Epoch 00004: mean_squared_error improved from 0.00000 to 0.00000, saving model to /gpfswork/rech/ynx/ulx23va/repo/wf-SEDs/model_WFE_size/wf-outputs/chkp/wfe_study_id009_bis/chkp_callback_poly_wfe_study_id009_128_bis_3_cycle2
63/63 - 156s - loss: 9.9319e-07 - mean_squared_error: 1.3927e-06 - val_loss: 4.9904e-09 - val_mean_squared_error: 4.9904e-09 - 156s/epoch - 2s/step
Epoch 5/50

Epoch 00005: mean_squared_error improved from 0.00000 to 0.00000, saving model to /gpfswork/rech/ynx/ulx23va/repo/wf-SEDs/model_WFE_size/wf-outputs/chkp/wfe_study_id009_bis/chkp_callback_poly_wfe_study_id009_128_bis_3_cycle2
63/63 - 155s - loss: 9.9312e-07 - mean_squared_error: 1.3926e-06 - val_loss: 4.9411e-09 - val_mean_squared_error: 4.9411e-09 - 155s/epoch - 2s/step
Epoch 6/50

Epoch 00006: mean_squared_error did not improve from 0.00000
63/63 - 156s - loss: 9.9312e-07 - mean_squared_error: 1.3927e-06 - val_loss: 4.9758e-09 - val_mean_squared_error: 4.9758e-09 - 156s/epoch - 2s/step
Epoch 7/50

Epoch 00007: mean_squared_error improved from 0.00000 to 0.00000, saving model to /gpfswork/rech/ynx/ulx23va/repo/wf-SEDs/model_WFE_size/wf-outputs/chkp/wfe_study_id009_bis/chkp_callback_poly_wfe_study_id009_128_bis_3_cycle2
63/63 - 155s - loss: 9.9313e-07 - mean_squared_error: 1.3926e-06 - val_loss: 5.0392e-09 - val_mean_squared_error: 5.0392e-09 - 155s/epoch - 2s/step
Epoch 8/50

Epoch 00008: mean_squared_error did not improve from 0.00000
63/63 - 157s - loss: 9.9311e-07 - mean_squared_error: 1.3926e-06 - val_loss: 4.8762e-09 - val_mean_squared_error: 4.8762e-09 - 157s/epoch - 2s/step
Epoch 9/50

Epoch 00009: mean_squared_error improved from 0.00000 to 0.00000, saving model to /gpfswork/rech/ynx/ulx23va/repo/wf-SEDs/model_WFE_size/wf-outputs/chkp/wfe_study_id009_bis/chkp_callback_poly_wfe_study_id009_128_bis_3_cycle2
63/63 - 157s - loss: 9.9304e-07 - mean_squared_error: 1.3925e-06 - val_loss: 4.9532e-09 - val_mean_squared_error: 4.9532e-09 - 157s/epoch - 2s/step
Epoch 10/50

Epoch 00010: mean_squared_error did not improve from 0.00000
63/63 - 156s - loss: 9.9306e-07 - mean_squared_error: 1.3926e-06 - val_loss: 4.8884e-09 - val_mean_squared_error: 4.8884e-09 - 156s/epoch - 2s/step
Epoch 11/50

Epoch 00011: mean_squared_error did not improve from 0.00000
63/63 - 157s - loss: 9.9308e-07 - mean_squared_error: 1.3926e-06 - val_loss: 4.9528e-09 - val_mean_squared_error: 4.9528e-09 - 157s/epoch - 2s/step
Epoch 12/50

Epoch 00012: mean_squared_error did not improve from 0.00000
63/63 - 156s - loss: 9.9326e-07 - mean_squared_error: 1.3927e-06 - val_loss: 5.4046e-09 - val_mean_squared_error: 5.4046e-09 - 156s/epoch - 2s/step
Epoch 13/50

Epoch 00013: mean_squared_error did not improve from 0.00000
63/63 - 156s - loss: 9.9307e-07 - mean_squared_error: 1.3926e-06 - val_loss: 5.1077e-09 - val_mean_squared_error: 5.1077e-09 - 156s/epoch - 2s/step
Epoch 14/50

Epoch 00014: mean_squared_error did not improve from 0.00000
63/63 - 157s - loss: 9.9319e-07 - mean_squared_error: 1.3927e-06 - val_loss: 5.0229e-09 - val_mean_squared_error: 5.0229e-09 - 157s/epoch - 2s/step
Epoch 15/50

Epoch 00015: mean_squared_error did not improve from 0.00000
63/63 - 155s - loss: 9.9310e-07 - mean_squared_error: 1.3926e-06 - val_loss: 5.0854e-09 - val_mean_squared_error: 5.0854e-09 - 155s/epoch - 2s/step
Epoch 16/50

Epoch 00016: mean_squared_error did not improve from 0.00000
63/63 - 157s - loss: 9.9327e-07 - mean_squared_error: 1.3927e-06 - val_loss: 5.1650e-09 - val_mean_squared_error: 5.1650e-09 - 157s/epoch - 2s/step
Epoch 17/50

Epoch 00017: mean_squared_error did not improve from 0.00000
63/63 - 156s - loss: 9.9330e-07 - mean_squared_error: 1.3928e-06 - val_loss: 4.9765e-09 - val_mean_squared_error: 4.9765e-09 - 156s/epoch - 2s/step
Epoch 18/50

Epoch 00018: mean_squared_error did not improve from 0.00000
63/63 - 158s - loss: 9.9308e-07 - mean_squared_error: 1.3926e-06 - val_loss: 4.9913e-09 - val_mean_squared_error: 4.9913e-09 - 158s/epoch - 3s/step
Epoch 19/50

Epoch 00019: mean_squared_error did not improve from 0.00000
63/63 - 157s - loss: 9.9306e-07 - mean_squared_error: 1.3926e-06 - val_loss: 4.9874e-09 - val_mean_squared_error: 4.9874e-09 - 157s/epoch - 2s/step
Epoch 20/50

Epoch 00020: mean_squared_error did not improve from 0.00000
63/63 - 154s - loss: 9.9317e-07 - mean_squared_error: 1.3927e-06 - val_loss: 4.9178e-09 - val_mean_squared_error: 4.9178e-09 - 154s/epoch - 2s/step
Epoch 21/50

Epoch 00021: mean_squared_error improved from 0.00000 to 0.00000, saving model to /gpfswork/rech/ynx/ulx23va/repo/wf-SEDs/model_WFE_size/wf-outputs/chkp/wfe_study_id009_bis/chkp_callback_poly_wfe_study_id009_128_bis_3_cycle2
63/63 - 157s - loss: 9.9306e-07 - mean_squared_error: 1.3925e-06 - val_loss: 5.4520e-09 - val_mean_squared_error: 5.4520e-09 - 157s/epoch - 2s/step
Epoch 22/50

Epoch 00022: mean_squared_error did not improve from 0.00000
63/63 - 159s - loss: 9.9327e-07 - mean_squared_error: 1.3927e-06 - val_loss: 5.2917e-09 - val_mean_squared_error: 5.2917e-09 - 159s/epoch - 3s/step
Epoch 23/50

Epoch 00023: mean_squared_error did not improve from 0.00000
63/63 - 156s - loss: 9.9345e-07 - mean_squared_error: 1.3929e-06 - val_loss: 5.0309e-09 - val_mean_squared_error: 5.0309e-09 - 156s/epoch - 2s/step
Epoch 24/50

Epoch 00024: mean_squared_error did not improve from 0.00000
63/63 - 158s - loss: 9.9324e-07 - mean_squared_error: 1.3927e-06 - val_loss: 5.1672e-09 - val_mean_squared_error: 5.1672e-09 - 158s/epoch - 3s/step
Epoch 25/50

Epoch 00025: mean_squared_error did not improve from 0.00000
63/63 - 157s - loss: 9.9347e-07 - mean_squared_error: 1.3929e-06 - val_loss: 4.9927e-09 - val_mean_squared_error: 4.9927e-09 - 157s/epoch - 2s/step
Epoch 26/50

Epoch 00026: mean_squared_error did not improve from 0.00000
63/63 - 157s - loss: 9.9304e-07 - mean_squared_error: 1.3926e-06 - val_loss: 4.9955e-09 - val_mean_squared_error: 4.9955e-09 - 157s/epoch - 2s/step
Epoch 27/50

Epoch 00027: mean_squared_error did not improve from 0.00000
63/63 - 158s - loss: 9.9320e-07 - mean_squared_error: 1.3927e-06 - val_loss: 4.8888e-09 - val_mean_squared_error: 4.8888e-09 - 158s/epoch - 3s/step
Epoch 28/50

Epoch 00028: mean_squared_error did not improve from 0.00000
63/63 - 154s - loss: 9.9321e-07 - mean_squared_error: 1.3927e-06 - val_loss: 5.0196e-09 - val_mean_squared_error: 5.0196e-09 - 154s/epoch - 2s/step
Epoch 29/50

Epoch 00029: mean_squared_error did not improve from 0.00000
63/63 - 155s - loss: 9.9312e-07 - mean_squared_error: 1.3926e-06 - val_loss: 5.3367e-09 - val_mean_squared_error: 5.3367e-09 - 155s/epoch - 2s/step
Epoch 30/50

Epoch 00030: mean_squared_error did not improve from 0.00000
63/63 - 156s - loss: 9.9308e-07 - mean_squared_error: 1.3926e-06 - val_loss: 5.4100e-09 - val_mean_squared_error: 5.4100e-09 - 156s/epoch - 2s/step
Epoch 31/50

Epoch 00031: mean_squared_error did not improve from 0.00000
63/63 - 157s - loss: 9.9328e-07 - mean_squared_error: 1.3927e-06 - val_loss: 5.1028e-09 - val_mean_squared_error: 5.1028e-09 - 157s/epoch - 2s/step
Epoch 32/50

Epoch 00032: mean_squared_error improved from 0.00000 to 0.00000, saving model to /gpfswork/rech/ynx/ulx23va/repo/wf-SEDs/model_WFE_size/wf-outputs/chkp/wfe_study_id009_bis/chkp_callback_poly_wfe_study_id009_128_bis_3_cycle2
63/63 - 157s - loss: 9.9296e-07 - mean_squared_error: 1.3925e-06 - val_loss: 4.9872e-09 - val_mean_squared_error: 4.9872e-09 - 157s/epoch - 2s/step
Epoch 33/50

Epoch 00033: mean_squared_error did not improve from 0.00000
63/63 - 153s - loss: 9.9343e-07 - mean_squared_error: 1.3929e-06 - val_loss: 5.7133e-09 - val_mean_squared_error: 5.7133e-09 - 153s/epoch - 2s/step
Epoch 34/50

Epoch 00034: mean_squared_error did not improve from 0.00000
63/63 - 156s - loss: 9.9316e-07 - mean_squared_error: 1.3926e-06 - val_loss: 5.1142e-09 - val_mean_squared_error: 5.1142e-09 - 156s/epoch - 2s/step
Epoch 35/50

Epoch 00035: mean_squared_error did not improve from 0.00000
63/63 - 155s - loss: 9.9295e-07 - mean_squared_error: 1.3925e-06 - val_loss: 5.0052e-09 - val_mean_squared_error: 5.0052e-09 - 155s/epoch - 2s/step
Epoch 36/50

Epoch 00036: mean_squared_error did not improve from 0.00000
63/63 - 154s - loss: 9.9303e-07 - mean_squared_error: 1.3925e-06 - val_loss: 5.0155e-09 - val_mean_squared_error: 5.0155e-09 - 154s/epoch - 2s/step
Epoch 37/50

Epoch 00037: mean_squared_error did not improve from 0.00000
63/63 - 156s - loss: 9.9317e-07 - mean_squared_error: 1.3926e-06 - val_loss: 4.9041e-09 - val_mean_squared_error: 4.9041e-09 - 156s/epoch - 2s/step
Epoch 38/50

Epoch 00038: mean_squared_error did not improve from 0.00000
63/63 - 153s - loss: 9.9323e-07 - mean_squared_error: 1.3926e-06 - val_loss: 5.4405e-09 - val_mean_squared_error: 5.4405e-09 - 153s/epoch - 2s/step
Epoch 39/50

Epoch 00039: mean_squared_error did not improve from 0.00000
63/63 - 156s - loss: 9.9314e-07 - mean_squared_error: 1.3926e-06 - val_loss: 5.3505e-09 - val_mean_squared_error: 5.3505e-09 - 156s/epoch - 2s/step
Epoch 40/50

Epoch 00040: mean_squared_error did not improve from 0.00000
63/63 - 156s - loss: 9.9308e-07 - mean_squared_error: 1.3925e-06 - val_loss: 5.9921e-09 - val_mean_squared_error: 5.9921e-09 - 156s/epoch - 2s/step
Epoch 41/50

Epoch 00041: mean_squared_error did not improve from 0.00000
63/63 - 154s - loss: 9.9368e-07 - mean_squared_error: 1.3931e-06 - val_loss: 5.7625e-09 - val_mean_squared_error: 5.7625e-09 - 154s/epoch - 2s/step
Epoch 42/50

Epoch 00042: mean_squared_error did not improve from 0.00000
63/63 - 156s - loss: 9.9328e-07 - mean_squared_error: 1.3927e-06 - val_loss: 5.2292e-09 - val_mean_squared_error: 5.2292e-09 - 156s/epoch - 2s/step
Epoch 43/50

Epoch 00043: mean_squared_error improved from 0.00000 to 0.00000, saving model to /gpfswork/rech/ynx/ulx23va/repo/wf-SEDs/model_WFE_size/wf-outputs/chkp/wfe_study_id009_bis/chkp_callback_poly_wfe_study_id009_128_bis_3_cycle2
63/63 - 154s - loss: 9.9289e-07 - mean_squared_error: 1.3924e-06 - val_loss: 4.9008e-09 - val_mean_squared_error: 4.9008e-09 - 154s/epoch - 2s/step
Epoch 44/50

Epoch 00044: mean_squared_error did not improve from 0.00000
63/63 - 155s - loss: 9.9298e-07 - mean_squared_error: 1.3925e-06 - val_loss: 5.3996e-09 - val_mean_squared_error: 5.3996e-09 - 155s/epoch - 2s/step
Epoch 45/50

Epoch 00045: mean_squared_error improved from 0.00000 to 0.00000, saving model to /gpfswork/rech/ynx/ulx23va/repo/wf-SEDs/model_WFE_size/wf-outputs/chkp/wfe_study_id009_bis/chkp_callback_poly_wfe_study_id009_128_bis_3_cycle2
63/63 - 155s - loss: 9.9290e-07 - mean_squared_error: 1.3924e-06 - val_loss: 5.3079e-09 - val_mean_squared_error: 5.3079e-09 - 155s/epoch - 2s/step
Epoch 46/50

Epoch 00046: mean_squared_error did not improve from 0.00000
63/63 - 153s - loss: 9.9310e-07 - mean_squared_error: 1.3925e-06 - val_loss: 5.1743e-09 - val_mean_squared_error: 5.1743e-09 - 153s/epoch - 2s/step
Epoch 47/50

Epoch 00047: mean_squared_error did not improve from 0.00000
63/63 - 156s - loss: 9.9305e-07 - mean_squared_error: 1.3925e-06 - val_loss: 5.1585e-09 - val_mean_squared_error: 5.1585e-09 - 156s/epoch - 2s/step
Epoch 48/50

Epoch 00048: mean_squared_error did not improve from 0.00000
63/63 - 157s - loss: 9.9294e-07 - mean_squared_error: 1.3924e-06 - val_loss: 5.0770e-09 - val_mean_squared_error: 5.0770e-09 - 157s/epoch - 2s/step
Epoch 49/50

Epoch 00049: mean_squared_error improved from 0.00000 to 0.00000, saving model to /gpfswork/rech/ynx/ulx23va/repo/wf-SEDs/model_WFE_size/wf-outputs/chkp/wfe_study_id009_bis/chkp_callback_poly_wfe_study_id009_128_bis_3_cycle2
63/63 - 155s - loss: 9.9270e-07 - mean_squared_error: 1.3922e-06 - val_loss: 5.4452e-09 - val_mean_squared_error: 5.4452e-09 - 155s/epoch - 2s/step
Epoch 50/50

Epoch 00050: mean_squared_error did not improve from 0.00000
63/63 - 156s - loss: 9.9323e-07 - mean_squared_error: 1.3926e-06 - val_loss: 5.3352e-09 - val_mean_squared_error: 5.3352e-09 - 156s/epoch - 2s/step
Cycle2 elapsed time: 10150.603664

Total elapsed time: 28213.851349

 Good bye..
