Starting the log file.
Found GPU at: /device:GPU:0
tf_version: 2.7.0
Dataset parameters:
{'d_max': 2, 'max_order': 45, 'x_lims': [0, 1000.0], 'y_lims': [0, 1000.0], 'grid_points': [4, 4], 'n_bins': 20, 'max_wfe_rms': 0.1, 'oversampling_rate': 3.0, 'output_Q': 3.0, 'output_dim': 32, 'LP_filter_length': 2, 'pupil_diameter': 4096, 'euclid_obsc': True, 'n_stars': 2000}

***
Metric evaluation on the test dataset
***

Absolute RMSE:	 2.5774e-04 	 +/- 4.3280e-05
Relative RMSE:	 3.3801e+00 % 	 +/- 6.2012e-01 %
Absolute RMSE:	 1.0453e-01 	 +/- 2.6469e-02
Relative RMSE:	 1.4295e+02 % 	 +/- 2.3944e+01 %

Pixel star absolute RMSE:	 7.6875e-05 	 +/- 2.6831e-05 
Pixel star relative RMSE:	 5.0577e+00 % 	 +/- 2.3459e+00 %

sigma(e1) RMSE =		 1.6898e-02 	 +/- 1.6898e-02 
sigma(e2) RMSE =		 8.7453e-03 	 +/- 7.9790e-03 
sigma(R2)/<R2> =		 6.4251e-02 	 +/- 3.0718e-02 

Relative sigma(e1) RMSE =	 5.7143e+02 % 	 +/- 5.7134e+02 %
Relative sigma(e2) RMSE =	 9.2242e+02 % 	 +/- 9.2193e+02 %

Total number of stars: 		400
Problematic number of stars: 	1

***
Metric evaluation on the train dataset
***

Absolute RMSE:	 2.5902e-04 	 +/- 4.2210e-05
Relative RMSE:	 3.4015e+00 % 	 +/- 6.5789e-01 %
Absolute RMSE:	 1.0551e-01 	 +/- 2.7030e-02
Relative RMSE:	 1.4477e+02 % 	 +/- 2.4497e+01 %

Pixel star absolute RMSE:	 7.8946e-05 	 +/- 2.9228e-05 
Pixel star relative RMSE:	 5.2334e+00 % 	 +/- 2.7911e+00 %

sigma(e1) RMSE =		 2.2118e-02 	 +/- 2.2115e-02 
sigma(e2) RMSE =		 1.1305e-02 	 +/- 1.0493e-02 
sigma(R2)/<R2> =		 1.2311e-01 	 +/- 6.0526e-02 

Relative sigma(e1) RMSE =	 6.2624e+04 % 	 +/- 6.2608e+04 %
Relative sigma(e2) RMSE =	 2.9589e+03 % 	 +/- 2.9587e+03 %

Total number of stars: 		2000
Problematic number of stars: 	0

Total elapsed time: 1923.015555

 Good bye..
