Starting the log file.
Found GPU at: /device:GPU:0
tf_version: 2.7.0
Zernike cube:
(15, 128, 128)
Dataset parameters:
{'d_max': 2, 'max_order': 45, 'x_lims': [0, 1000.0], 'y_lims': [0, 1000.0], 'grid_points': [4, 4], 'n_bins': 20, 'max_wfe_rms': 0.1, 'oversampling_rate': 3.0, 'output_Q': 3.0, 'output_dim': 32, 'LP_filter_length': 2, 'pupil_diameter': 4096, 'euclid_obsc': True, 'n_stars': 2000}
Starting cycle 1..
Starting parametric update..
Epoch 1/15

Epoch 00001: mean_squared_error improved from inf to 0.00001, saving model to /gpfswork/rech/ynx/ulx23va/repo/wf-SEDs/model_WFE_size/wf-outputs/chkp/wfe_study_id009_bis/chkp_callback_poly_wfe_study_id009_128_bis_8_cycle1
63/63 - 141s - loss: 9.4293e-06 - mean_squared_error: 8.5538e-06 - val_loss: 1.7801e-06 - val_mean_squared_error: 1.7801e-06 - 141s/epoch - 2s/step
Epoch 2/15

Epoch 00002: mean_squared_error improved from 0.00001 to 0.00000, saving model to /gpfswork/rech/ynx/ulx23va/repo/wf-SEDs/model_WFE_size/wf-outputs/chkp/wfe_study_id009_bis/chkp_callback_poly_wfe_study_id009_128_bis_8_cycle1
63/63 - 136s - loss: 2.7228e-06 - mean_squared_error: 2.8320e-06 - val_loss: 1.1479e-06 - val_mean_squared_error: 1.1479e-06 - 136s/epoch - 2s/step
Epoch 3/15

Epoch 00003: mean_squared_error improved from 0.00000 to 0.00000, saving model to /gpfswork/rech/ynx/ulx23va/repo/wf-SEDs/model_WFE_size/wf-outputs/chkp/wfe_study_id009_bis/chkp_callback_poly_wfe_study_id009_128_bis_8_cycle1
63/63 - 137s - loss: 2.2863e-06 - mean_squared_error: 2.4838e-06 - val_loss: 9.3197e-07 - val_mean_squared_error: 9.3197e-07 - 137s/epoch - 2s/step
Epoch 4/15

Epoch 00004: mean_squared_error improved from 0.00000 to 0.00000, saving model to /gpfswork/rech/ynx/ulx23va/repo/wf-SEDs/model_WFE_size/wf-outputs/chkp/wfe_study_id009_bis/chkp_callback_poly_wfe_study_id009_128_bis_8_cycle1
63/63 - 136s - loss: 2.0964e-06 - mean_squared_error: 2.3083e-06 - val_loss: 8.2455e-07 - val_mean_squared_error: 8.2455e-07 - 136s/epoch - 2s/step
Epoch 5/15

Epoch 00005: mean_squared_error improved from 0.00000 to 0.00000, saving model to /gpfswork/rech/ynx/ulx23va/repo/wf-SEDs/model_WFE_size/wf-outputs/chkp/wfe_study_id009_bis/chkp_callback_poly_wfe_study_id009_128_bis_8_cycle1
63/63 - 136s - loss: 1.9654e-06 - mean_squared_error: 2.1937e-06 - val_loss: 7.4051e-07 - val_mean_squared_error: 7.4051e-07 - 136s/epoch - 2s/step
Epoch 6/15

Epoch 00006: mean_squared_error improved from 0.00000 to 0.00000, saving model to /gpfswork/rech/ynx/ulx23va/repo/wf-SEDs/model_WFE_size/wf-outputs/chkp/wfe_study_id009_bis/chkp_callback_poly_wfe_study_id009_128_bis_8_cycle1
63/63 - 136s - loss: 1.9351e-06 - mean_squared_error: 2.1613e-06 - val_loss: 7.3857e-07 - val_mean_squared_error: 7.3857e-07 - 136s/epoch - 2s/step
Epoch 7/15

Epoch 00007: mean_squared_error improved from 0.00000 to 0.00000, saving model to /gpfswork/rech/ynx/ulx23va/repo/wf-SEDs/model_WFE_size/wf-outputs/chkp/wfe_study_id009_bis/chkp_callback_poly_wfe_study_id009_128_bis_8_cycle1
63/63 - 136s - loss: 1.8789e-06 - mean_squared_error: 2.1230e-06 - val_loss: 7.2487e-07 - val_mean_squared_error: 7.2487e-07 - 136s/epoch - 2s/step
Epoch 8/15

Epoch 00008: mean_squared_error did not improve from 0.00000
63/63 - 136s - loss: 1.9261e-06 - mean_squared_error: 2.1617e-06 - val_loss: 7.5030e-07 - val_mean_squared_error: 7.5030e-07 - 136s/epoch - 2s/step
Epoch 9/15

Epoch 00009: mean_squared_error improved from 0.00000 to 0.00000, saving model to /gpfswork/rech/ynx/ulx23va/repo/wf-SEDs/model_WFE_size/wf-outputs/chkp/wfe_study_id009_bis/chkp_callback_poly_wfe_study_id009_128_bis_8_cycle1
63/63 - 136s - loss: 1.8541e-06 - mean_squared_error: 2.0985e-06 - val_loss: 7.0674e-07 - val_mean_squared_error: 7.0674e-07 - 136s/epoch - 2s/step
Epoch 10/15

Epoch 00010: mean_squared_error did not improve from 0.00000
63/63 - 136s - loss: 1.8754e-06 - mean_squared_error: 2.1144e-06 - val_loss: 7.9328e-07 - val_mean_squared_error: 7.9328e-07 - 136s/epoch - 2s/step
Epoch 11/15

Epoch 00011: mean_squared_error did not improve from 0.00000
63/63 - 136s - loss: 1.9563e-06 - mean_squared_error: 2.1834e-06 - val_loss: 7.7856e-07 - val_mean_squared_error: 7.7856e-07 - 136s/epoch - 2s/step
Epoch 12/15

Epoch 00012: mean_squared_error did not improve from 0.00000
63/63 - 136s - loss: 1.9685e-06 - mean_squared_error: 2.1866e-06 - val_loss: 6.8931e-07 - val_mean_squared_error: 6.8931e-07 - 136s/epoch - 2s/step
Epoch 13/15

Epoch 00013: mean_squared_error did not improve from 0.00000
63/63 - 136s - loss: 1.9215e-06 - mean_squared_error: 2.1466e-06 - val_loss: 6.8418e-07 - val_mean_squared_error: 6.8418e-07 - 136s/epoch - 2s/step
Epoch 14/15

Epoch 00014: mean_squared_error did not improve from 0.00000
63/63 - 136s - loss: 1.9369e-06 - mean_squared_error: 2.1579e-06 - val_loss: 7.1858e-07 - val_mean_squared_error: 7.1858e-07 - 136s/epoch - 2s/step
Epoch 15/15

Epoch 00015: mean_squared_error did not improve from 0.00000
63/63 - 136s - loss: 1.9551e-06 - mean_squared_error: 2.1800e-06 - val_loss: 8.7895e-07 - val_mean_squared_error: 8.7895e-07 - 136s/epoch - 2s/step
Starting non-parametric update..
Epoch 1/100

Epoch 00001: mean_squared_error improved from 0.00000 to 0.00000, saving model to /gpfswork/rech/ynx/ulx23va/repo/wf-SEDs/model_WFE_size/wf-outputs/chkp/wfe_study_id009_bis/chkp_callback_poly_wfe_study_id009_128_bis_8_cycle1
63/63 - 141s - loss: 1.8130e-06 - mean_squared_error: 2.0725e-06 - val_loss: 5.3051e-07 - val_mean_squared_error: 5.3051e-07 - 141s/epoch - 2s/step
Epoch 2/100

Epoch 00002: mean_squared_error improved from 0.00000 to 0.00000, saving model to /gpfswork/rech/ynx/ulx23va/repo/wf-SEDs/model_WFE_size/wf-outputs/chkp/wfe_study_id009_bis/chkp_callback_poly_wfe_study_id009_128_bis_8_cycle1
63/63 - 138s - loss: 1.5275e-06 - mean_squared_error: 1.8482e-06 - val_loss: 3.8155e-07 - val_mean_squared_error: 3.8155e-07 - 138s/epoch - 2s/step
Epoch 3/100

Epoch 00003: mean_squared_error improved from 0.00000 to 0.00000, saving model to /gpfswork/rech/ynx/ulx23va/repo/wf-SEDs/model_WFE_size/wf-outputs/chkp/wfe_study_id009_bis/chkp_callback_poly_wfe_study_id009_128_bis_8_cycle1
63/63 - 138s - loss: 1.3573e-06 - mean_squared_error: 1.7080e-06 - val_loss: 2.5829e-07 - val_mean_squared_error: 2.5829e-07 - 138s/epoch - 2s/step
Epoch 4/100

Epoch 00004: mean_squared_error improved from 0.00000 to 0.00000, saving model to /gpfswork/rech/ynx/ulx23va/repo/wf-SEDs/model_WFE_size/wf-outputs/chkp/wfe_study_id009_bis/chkp_callback_poly_wfe_study_id009_128_bis_8_cycle1
63/63 - 138s - loss: 1.2467e-06 - mean_squared_error: 1.6117e-06 - val_loss: 1.9061e-07 - val_mean_squared_error: 1.9061e-07 - 138s/epoch - 2s/step
Epoch 5/100

Epoch 00005: mean_squared_error improved from 0.00000 to 0.00000, saving model to /gpfswork/rech/ynx/ulx23va/repo/wf-SEDs/model_WFE_size/wf-outputs/chkp/wfe_study_id009_bis/chkp_callback_poly_wfe_study_id009_128_bis_8_cycle1
63/63 - 138s - loss: 1.1845e-06 - mean_squared_error: 1.5585e-06 - val_loss: 1.5129e-07 - val_mean_squared_error: 1.5129e-07 - 138s/epoch - 2s/step
Epoch 6/100

Epoch 00006: mean_squared_error improved from 0.00000 to 0.00000, saving model to /gpfswork/rech/ynx/ulx23va/repo/wf-SEDs/model_WFE_size/wf-outputs/chkp/wfe_study_id009_bis/chkp_callback_poly_wfe_study_id009_128_bis_8_cycle1
63/63 - 138s - loss: 1.1457e-06 - mean_squared_error: 1.5246e-06 - val_loss: 1.2355e-07 - val_mean_squared_error: 1.2355e-07 - 138s/epoch - 2s/step
Epoch 7/100

Epoch 00007: mean_squared_error improved from 0.00000 to 0.00000, saving model to /gpfswork/rech/ynx/ulx23va/repo/wf-SEDs/model_WFE_size/wf-outputs/chkp/wfe_study_id009_bis/chkp_callback_poly_wfe_study_id009_128_bis_8_cycle1
63/63 - 138s - loss: 1.1192e-06 - mean_squared_error: 1.5026e-06 - val_loss: 1.0413e-07 - val_mean_squared_error: 1.0413e-07 - 138s/epoch - 2s/step
Epoch 8/100

Epoch 00008: mean_squared_error improved from 0.00000 to 0.00000, saving model to /gpfswork/rech/ynx/ulx23va/repo/wf-SEDs/model_WFE_size/wf-outputs/chkp/wfe_study_id009_bis/chkp_callback_poly_wfe_study_id009_128_bis_8_cycle1
63/63 - 138s - loss: 1.0989e-06 - mean_squared_error: 1.4851e-06 - val_loss: 8.7711e-08 - val_mean_squared_error: 8.7711e-08 - 138s/epoch - 2s/step
Epoch 9/100

Epoch 00009: mean_squared_error improved from 0.00000 to 0.00000, saving model to /gpfswork/rech/ynx/ulx23va/repo/wf-SEDs/model_WFE_size/wf-outputs/chkp/wfe_study_id009_bis/chkp_callback_poly_wfe_study_id009_128_bis_8_cycle1
63/63 - 138s - loss: 1.0874e-06 - mean_squared_error: 1.4748e-06 - val_loss: 7.7830e-08 - val_mean_squared_error: 7.7830e-08 - 138s/epoch - 2s/step
Epoch 10/100

Epoch 00010: mean_squared_error improved from 0.00000 to 0.00000, saving model to /gpfswork/rech/ynx/ulx23va/repo/wf-SEDs/model_WFE_size/wf-outputs/chkp/wfe_study_id009_bis/chkp_callback_poly_wfe_study_id009_128_bis_8_cycle1
63/63 - 139s - loss: 1.0721e-06 - mean_squared_error: 1.4622e-06 - val_loss: 6.8020e-08 - val_mean_squared_error: 6.8020e-08 - 139s/epoch - 2s/step
Epoch 11/100

Epoch 00011: mean_squared_error improved from 0.00000 to 0.00000, saving model to /gpfswork/rech/ynx/ulx23va/repo/wf-SEDs/model_WFE_size/wf-outputs/chkp/wfe_study_id009_bis/chkp_callback_poly_wfe_study_id009_128_bis_8_cycle1
63/63 - 138s - loss: 1.0643e-06 - mean_squared_error: 1.4550e-06 - val_loss: 6.0320e-08 - val_mean_squared_error: 6.0320e-08 - 138s/epoch - 2s/step
Epoch 12/100

Epoch 00012: mean_squared_error improved from 0.00000 to 0.00000, saving model to /gpfswork/rech/ynx/ulx23va/repo/wf-SEDs/model_WFE_size/wf-outputs/chkp/wfe_study_id009_bis/chkp_callback_poly_wfe_study_id009_128_bis_8_cycle1
63/63 - 138s - loss: 1.0544e-06 - mean_squared_error: 1.4468e-06 - val_loss: 5.3761e-08 - val_mean_squared_error: 5.3761e-08 - 138s/epoch - 2s/step
Epoch 13/100

Epoch 00013: mean_squared_error improved from 0.00000 to 0.00000, saving model to /gpfswork/rech/ynx/ulx23va/repo/wf-SEDs/model_WFE_size/wf-outputs/chkp/wfe_study_id009_bis/chkp_callback_poly_wfe_study_id009_128_bis_8_cycle1
63/63 - 138s - loss: 1.0485e-06 - mean_squared_error: 1.4416e-06 - val_loss: 4.9961e-08 - val_mean_squared_error: 4.9961e-08 - 138s/epoch - 2s/step
Epoch 14/100

Epoch 00014: mean_squared_error improved from 0.00000 to 0.00000, saving model to /gpfswork/rech/ynx/ulx23va/repo/wf-SEDs/model_WFE_size/wf-outputs/chkp/wfe_study_id009_bis/chkp_callback_poly_wfe_study_id009_128_bis_8_cycle1
63/63 - 138s - loss: 1.0436e-06 - mean_squared_error: 1.4371e-06 - val_loss: 4.7108e-08 - val_mean_squared_error: 4.7108e-08 - 138s/epoch - 2s/step
Epoch 15/100

Epoch 00015: mean_squared_error improved from 0.00000 to 0.00000, saving model to /gpfswork/rech/ynx/ulx23va/repo/wf-SEDs/model_WFE_size/wf-outputs/chkp/wfe_study_id009_bis/chkp_callback_poly_wfe_study_id009_128_bis_8_cycle1
63/63 - 138s - loss: 1.0394e-06 - mean_squared_error: 1.4332e-06 - val_loss: 4.1104e-08 - val_mean_squared_error: 4.1104e-08 - 138s/epoch - 2s/step
Epoch 16/100

Epoch 00016: mean_squared_error improved from 0.00000 to 0.00000, saving model to /gpfswork/rech/ynx/ulx23va/repo/wf-SEDs/model_WFE_size/wf-outputs/chkp/wfe_study_id009_bis/chkp_callback_poly_wfe_study_id009_128_bis_8_cycle1
63/63 - 138s - loss: 1.0356e-06 - mean_squared_error: 1.4302e-06 - val_loss: 3.8143e-08 - val_mean_squared_error: 3.8143e-08 - 138s/epoch - 2s/step
Epoch 17/100

Epoch 00017: mean_squared_error improved from 0.00000 to 0.00000, saving model to /gpfswork/rech/ynx/ulx23va/repo/wf-SEDs/model_WFE_size/wf-outputs/chkp/wfe_study_id009_bis/chkp_callback_poly_wfe_study_id009_128_bis_8_cycle1
63/63 - 137s - loss: 1.0319e-06 - mean_squared_error: 1.4267e-06 - val_loss: 4.0219e-08 - val_mean_squared_error: 4.0219e-08 - 137s/epoch - 2s/step
Epoch 18/100

Epoch 00018: mean_squared_error improved from 0.00000 to 0.00000, saving model to /gpfswork/rech/ynx/ulx23va/repo/wf-SEDs/model_WFE_size/wf-outputs/chkp/wfe_study_id009_bis/chkp_callback_poly_wfe_study_id009_128_bis_8_cycle1
63/63 - 138s - loss: 1.0306e-06 - mean_squared_error: 1.4255e-06 - val_loss: 3.4389e-08 - val_mean_squared_error: 3.4389e-08 - 138s/epoch - 2s/step
Epoch 19/100

Epoch 00019: mean_squared_error improved from 0.00000 to 0.00000, saving model to /gpfswork/rech/ynx/ulx23va/repo/wf-SEDs/model_WFE_size/wf-outputs/chkp/wfe_study_id009_bis/chkp_callback_poly_wfe_study_id009_128_bis_8_cycle1
63/63 - 137s - loss: 1.0283e-06 - mean_squared_error: 1.4232e-06 - val_loss: 3.2187e-08 - val_mean_squared_error: 3.2187e-08 - 137s/epoch - 2s/step
Epoch 20/100

Epoch 00020: mean_squared_error improved from 0.00000 to 0.00000, saving model to /gpfswork/rech/ynx/ulx23va/repo/wf-SEDs/model_WFE_size/wf-outputs/chkp/wfe_study_id009_bis/chkp_callback_poly_wfe_study_id009_128_bis_8_cycle1
63/63 - 136s - loss: 1.0276e-06 - mean_squared_error: 1.4224e-06 - val_loss: 3.2713e-08 - val_mean_squared_error: 3.2713e-08 - 136s/epoch - 2s/step
Epoch 21/100

Epoch 00021: mean_squared_error did not improve from 0.00000
63/63 - 136s - loss: 1.0382e-06 - mean_squared_error: 1.4308e-06 - val_loss: 3.4102e-08 - val_mean_squared_error: 3.4102e-08 - 136s/epoch - 2s/step
Epoch 22/100

Epoch 00022: mean_squared_error improved from 0.00000 to 0.00000, saving model to /gpfswork/rech/ynx/ulx23va/repo/wf-SEDs/model_WFE_size/wf-outputs/chkp/wfe_study_id009_bis/chkp_callback_poly_wfe_study_id009_128_bis_8_cycle1
63/63 - 136s - loss: 1.0247e-06 - mean_squared_error: 1.4197e-06 - val_loss: 3.0798e-08 - val_mean_squared_error: 3.0798e-08 - 136s/epoch - 2s/step
Epoch 23/100

Epoch 00023: mean_squared_error did not improve from 0.00000
63/63 - 136s - loss: 1.0281e-06 - mean_squared_error: 1.4220e-06 - val_loss: 2.7542e-08 - val_mean_squared_error: 2.7542e-08 - 136s/epoch - 2s/step
Epoch 24/100

Epoch 00024: mean_squared_error improved from 0.00000 to 0.00000, saving model to /gpfswork/rech/ynx/ulx23va/repo/wf-SEDs/model_WFE_size/wf-outputs/chkp/wfe_study_id009_bis/chkp_callback_poly_wfe_study_id009_128_bis_8_cycle1
63/63 - 135s - loss: 1.0240e-06 - mean_squared_error: 1.4186e-06 - val_loss: 3.9171e-08 - val_mean_squared_error: 3.9171e-08 - 135s/epoch - 2s/step
Epoch 25/100

Epoch 00025: mean_squared_error improved from 0.00000 to 0.00000, saving model to /gpfswork/rech/ynx/ulx23va/repo/wf-SEDs/model_WFE_size/wf-outputs/chkp/wfe_study_id009_bis/chkp_callback_poly_wfe_study_id009_128_bis_8_cycle1
63/63 - 135s - loss: 1.0220e-06 - mean_squared_error: 1.4170e-06 - val_loss: 9.7212e-08 - val_mean_squared_error: 9.7212e-08 - 135s/epoch - 2s/step
Epoch 26/100

Epoch 00026: mean_squared_error did not improve from 0.00000
63/63 - 135s - loss: 1.0414e-06 - mean_squared_error: 1.4303e-06 - val_loss: 2.2357e-08 - val_mean_squared_error: 2.2357e-08 - 135s/epoch - 2s/step
Epoch 27/100

Epoch 00027: mean_squared_error improved from 0.00000 to 0.00000, saving model to /gpfswork/rech/ynx/ulx23va/repo/wf-SEDs/model_WFE_size/wf-outputs/chkp/wfe_study_id009_bis/chkp_callback_poly_wfe_study_id009_128_bis_8_cycle1
63/63 - 136s - loss: 1.0157e-06 - mean_squared_error: 1.4122e-06 - val_loss: 2.4227e-08 - val_mean_squared_error: 2.4227e-08 - 136s/epoch - 2s/step
Epoch 28/100

Epoch 00028: mean_squared_error improved from 0.00000 to 0.00000, saving model to /gpfswork/rech/ynx/ulx23va/repo/wf-SEDs/model_WFE_size/wf-outputs/chkp/wfe_study_id009_bis/chkp_callback_poly_wfe_study_id009_128_bis_8_cycle1
63/63 - 136s - loss: 1.0147e-06 - mean_squared_error: 1.4116e-06 - val_loss: 1.9650e-08 - val_mean_squared_error: 1.9650e-08 - 136s/epoch - 2s/step
Epoch 29/100

Epoch 00029: mean_squared_error did not improve from 0.00000
63/63 - 135s - loss: 1.0188e-06 - mean_squared_error: 1.4149e-06 - val_loss: 3.1086e-08 - val_mean_squared_error: 3.1086e-08 - 135s/epoch - 2s/step
Epoch 30/100

Epoch 00030: mean_squared_error did not improve from 0.00000
63/63 - 136s - loss: 1.0372e-06 - mean_squared_error: 1.4301e-06 - val_loss: 4.0985e-08 - val_mean_squared_error: 4.0985e-08 - 136s/epoch - 2s/step
Epoch 31/100

Epoch 00031: mean_squared_error did not improve from 0.00000
63/63 - 135s - loss: 1.0995e-06 - mean_squared_error: 1.4762e-06 - val_loss: 4.0598e-08 - val_mean_squared_error: 4.0598e-08 - 135s/epoch - 2s/step
Epoch 32/100

Epoch 00032: mean_squared_error did not improve from 0.00000
63/63 - 136s - loss: 1.0262e-06 - mean_squared_error: 1.4188e-06 - val_loss: 4.2906e-08 - val_mean_squared_error: 4.2906e-08 - 136s/epoch - 2s/step
Epoch 33/100

Epoch 00033: mean_squared_error did not improve from 0.00000
63/63 - 135s - loss: 1.0304e-06 - mean_squared_error: 1.4237e-06 - val_loss: 2.2381e-08 - val_mean_squared_error: 2.2381e-08 - 135s/epoch - 2s/step
Epoch 34/100

Epoch 00034: mean_squared_error improved from 0.00000 to 0.00000, saving model to /gpfswork/rech/ynx/ulx23va/repo/wf-SEDs/model_WFE_size/wf-outputs/chkp/wfe_study_id009_bis/chkp_callback_poly_wfe_study_id009_128_bis_8_cycle1
63/63 - 135s - loss: 1.0138e-06 - mean_squared_error: 1.4104e-06 - val_loss: 2.0299e-08 - val_mean_squared_error: 2.0299e-08 - 135s/epoch - 2s/step
Epoch 35/100

Epoch 00035: mean_squared_error improved from 0.00000 to 0.00000, saving model to /gpfswork/rech/ynx/ulx23va/repo/wf-SEDs/model_WFE_size/wf-outputs/chkp/wfe_study_id009_bis/chkp_callback_poly_wfe_study_id009_128_bis_8_cycle1
63/63 - 135s - loss: 1.0103e-06 - mean_squared_error: 1.4077e-06 - val_loss: 1.7591e-08 - val_mean_squared_error: 1.7591e-08 - 135s/epoch - 2s/step
Epoch 36/100

Epoch 00036: mean_squared_error did not improve from 0.00000
63/63 - 135s - loss: 1.0109e-06 - mean_squared_error: 1.4082e-06 - val_loss: 1.8523e-08 - val_mean_squared_error: 1.8523e-08 - 135s/epoch - 2s/step
Epoch 37/100

Epoch 00037: mean_squared_error did not improve from 0.00000
63/63 - 136s - loss: 1.0124e-06 - mean_squared_error: 1.4092e-06 - val_loss: 2.1274e-08 - val_mean_squared_error: 2.1274e-08 - 136s/epoch - 2s/step
Epoch 38/100

Epoch 00038: mean_squared_error did not improve from 0.00000
63/63 - 136s - loss: 1.0129e-06 - mean_squared_error: 1.4096e-06 - val_loss: 2.4929e-08 - val_mean_squared_error: 2.4929e-08 - 136s/epoch - 2s/step
Epoch 39/100

Epoch 00039: mean_squared_error did not improve from 0.00000
63/63 - 135s - loss: 1.0118e-06 - mean_squared_error: 1.4086e-06 - val_loss: 1.7287e-08 - val_mean_squared_error: 1.7287e-08 - 135s/epoch - 2s/step
Epoch 40/100

Epoch 00040: mean_squared_error improved from 0.00000 to 0.00000, saving model to /gpfswork/rech/ynx/ulx23va/repo/wf-SEDs/model_WFE_size/wf-outputs/chkp/wfe_study_id009_bis/chkp_callback_poly_wfe_study_id009_128_bis_8_cycle1
63/63 - 136s - loss: 1.0088e-06 - mean_squared_error: 1.4062e-06 - val_loss: 1.6058e-08 - val_mean_squared_error: 1.6058e-08 - 136s/epoch - 2s/step
Epoch 41/100

Epoch 00041: mean_squared_error did not improve from 0.00000
63/63 - 134s - loss: 1.0093e-06 - mean_squared_error: 1.4065e-06 - val_loss: 1.9989e-08 - val_mean_squared_error: 1.9989e-08 - 134s/epoch - 2s/step
Epoch 42/100

Epoch 00042: mean_squared_error did not improve from 0.00000
63/63 - 135s - loss: 1.0352e-06 - mean_squared_error: 1.4269e-06 - val_loss: 5.2768e-08 - val_mean_squared_error: 5.2768e-08 - 135s/epoch - 2s/step
Epoch 43/100

Epoch 00043: mean_squared_error did not improve from 0.00000
63/63 - 134s - loss: 1.0235e-06 - mean_squared_error: 1.4177e-06 - val_loss: 1.8154e-08 - val_mean_squared_error: 1.8154e-08 - 134s/epoch - 2s/step
Epoch 44/100

Epoch 00044: mean_squared_error improved from 0.00000 to 0.00000, saving model to /gpfswork/rech/ynx/ulx23va/repo/wf-SEDs/model_WFE_size/wf-outputs/chkp/wfe_study_id009_bis/chkp_callback_poly_wfe_study_id009_128_bis_8_cycle1
63/63 - 134s - loss: 1.0087e-06 - mean_squared_error: 1.4059e-06 - val_loss: 1.5366e-08 - val_mean_squared_error: 1.5366e-08 - 134s/epoch - 2s/step
Epoch 45/100

Epoch 00045: mean_squared_error improved from 0.00000 to 0.00000, saving model to /gpfswork/rech/ynx/ulx23va/repo/wf-SEDs/model_WFE_size/wf-outputs/chkp/wfe_study_id009_bis/chkp_callback_poly_wfe_study_id009_128_bis_8_cycle1
63/63 - 134s - loss: 1.0065e-06 - mean_squared_error: 1.4042e-06 - val_loss: 1.4897e-08 - val_mean_squared_error: 1.4897e-08 - 134s/epoch - 2s/step
Epoch 46/100

Epoch 00046: mean_squared_error improved from 0.00000 to 0.00000, saving model to /gpfswork/rech/ynx/ulx23va/repo/wf-SEDs/model_WFE_size/wf-outputs/chkp/wfe_study_id009_bis/chkp_callback_poly_wfe_study_id009_128_bis_8_cycle1
63/63 - 134s - loss: 1.0058e-06 - mean_squared_error: 1.4036e-06 - val_loss: 1.5601e-08 - val_mean_squared_error: 1.5601e-08 - 134s/epoch - 2s/step
Epoch 47/100

Epoch 00047: mean_squared_error did not improve from 0.00000
63/63 - 134s - loss: 1.0062e-06 - mean_squared_error: 1.4041e-06 - val_loss: 1.5053e-08 - val_mean_squared_error: 1.5053e-08 - 134s/epoch - 2s/step
Epoch 48/100

Epoch 00048: mean_squared_error did not improve from 0.00000
63/63 - 134s - loss: 1.0059e-06 - mean_squared_error: 1.4037e-06 - val_loss: 1.5378e-08 - val_mean_squared_error: 1.5378e-08 - 134s/epoch - 2s/step
Epoch 49/100

Epoch 00049: mean_squared_error did not improve from 0.00000
63/63 - 134s - loss: 1.0074e-06 - mean_squared_error: 1.4043e-06 - val_loss: 1.9256e-08 - val_mean_squared_error: 1.9256e-08 - 134s/epoch - 2s/step
Epoch 50/100

Epoch 00050: mean_squared_error did not improve from 0.00000
63/63 - 134s - loss: 1.0061e-06 - mean_squared_error: 1.4040e-06 - val_loss: 1.3040e-08 - val_mean_squared_error: 1.3040e-08 - 134s/epoch - 2s/step
Epoch 51/100

Epoch 00051: mean_squared_error improved from 0.00000 to 0.00000, saving model to /gpfswork/rech/ynx/ulx23va/repo/wf-SEDs/model_WFE_size/wf-outputs/chkp/wfe_study_id009_bis/chkp_callback_poly_wfe_study_id009_128_bis_8_cycle1
63/63 - 134s - loss: 1.0053e-06 - mean_squared_error: 1.4029e-06 - val_loss: 1.4810e-08 - val_mean_squared_error: 1.4810e-08 - 134s/epoch - 2s/step
Epoch 52/100

Epoch 00052: mean_squared_error improved from 0.00000 to 0.00000, saving model to /gpfswork/rech/ynx/ulx23va/repo/wf-SEDs/model_WFE_size/wf-outputs/chkp/wfe_study_id009_bis/chkp_callback_poly_wfe_study_id009_128_bis_8_cycle1
63/63 - 134s - loss: 1.0044e-06 - mean_squared_error: 1.4024e-06 - val_loss: 1.3277e-08 - val_mean_squared_error: 1.3277e-08 - 134s/epoch - 2s/step
Epoch 53/100

Epoch 00053: mean_squared_error did not improve from 0.00000
63/63 - 134s - loss: 1.0058e-06 - mean_squared_error: 1.4034e-06 - val_loss: 1.4192e-08 - val_mean_squared_error: 1.4192e-08 - 134s/epoch - 2s/step
Epoch 54/100

Epoch 00054: mean_squared_error did not improve from 0.00000
63/63 - 134s - loss: 1.0047e-06 - mean_squared_error: 1.4025e-06 - val_loss: 1.3973e-08 - val_mean_squared_error: 1.3973e-08 - 134s/epoch - 2s/step
Epoch 55/100

Epoch 00055: mean_squared_error did not improve from 0.00000
63/63 - 133s - loss: 1.0052e-06 - mean_squared_error: 1.4029e-06 - val_loss: 1.5358e-08 - val_mean_squared_error: 1.5358e-08 - 133s/epoch - 2s/step
Epoch 56/100

Epoch 00056: mean_squared_error did not improve from 0.00000
63/63 - 134s - loss: 1.0131e-06 - mean_squared_error: 1.4091e-06 - val_loss: 1.8448e-08 - val_mean_squared_error: 1.8448e-08 - 134s/epoch - 2s/step
Epoch 57/100

Epoch 00057: mean_squared_error did not improve from 0.00000
63/63 - 134s - loss: 1.0052e-06 - mean_squared_error: 1.4029e-06 - val_loss: 1.2409e-08 - val_mean_squared_error: 1.2409e-08 - 134s/epoch - 2s/step
Epoch 58/100

Epoch 00058: mean_squared_error did not improve from 0.00000
63/63 - 133s - loss: 1.0074e-06 - mean_squared_error: 1.4042e-06 - val_loss: 1.5203e-08 - val_mean_squared_error: 1.5203e-08 - 133s/epoch - 2s/step
Epoch 59/100

Epoch 00059: mean_squared_error improved from 0.00000 to 0.00000, saving model to /gpfswork/rech/ynx/ulx23va/repo/wf-SEDs/model_WFE_size/wf-outputs/chkp/wfe_study_id009_bis/chkp_callback_poly_wfe_study_id009_128_bis_8_cycle1
63/63 - 134s - loss: 1.0028e-06 - mean_squared_error: 1.4011e-06 - val_loss: 1.3240e-08 - val_mean_squared_error: 1.3240e-08 - 134s/epoch - 2s/step
Epoch 60/100

Epoch 00060: mean_squared_error did not improve from 0.00000
63/63 - 134s - loss: 1.0042e-06 - mean_squared_error: 1.4021e-06 - val_loss: 1.4237e-08 - val_mean_squared_error: 1.4237e-08 - 134s/epoch - 2s/step
Epoch 61/100

Epoch 00061: mean_squared_error did not improve from 0.00000
63/63 - 134s - loss: 1.0035e-06 - mean_squared_error: 1.4015e-06 - val_loss: 1.3449e-08 - val_mean_squared_error: 1.3449e-08 - 134s/epoch - 2s/step
Epoch 62/100

Epoch 00062: mean_squared_error did not improve from 0.00000
63/63 - 134s - loss: 1.0037e-06 - mean_squared_error: 1.4018e-06 - val_loss: 1.2479e-08 - val_mean_squared_error: 1.2479e-08 - 134s/epoch - 2s/step
Epoch 63/100

Epoch 00063: mean_squared_error did not improve from 0.00000
63/63 - 134s - loss: 1.0044e-06 - mean_squared_error: 1.4021e-06 - val_loss: 1.5007e-08 - val_mean_squared_error: 1.5007e-08 - 134s/epoch - 2s/step
Epoch 64/100

Epoch 00064: mean_squared_error did not improve from 0.00000
63/63 - 133s - loss: 1.0031e-06 - mean_squared_error: 1.4011e-06 - val_loss: 1.2021e-08 - val_mean_squared_error: 1.2021e-08 - 133s/epoch - 2s/step
Epoch 65/100

Epoch 00065: mean_squared_error improved from 0.00000 to 0.00000, saving model to /gpfswork/rech/ynx/ulx23va/repo/wf-SEDs/model_WFE_size/wf-outputs/chkp/wfe_study_id009_bis/chkp_callback_poly_wfe_study_id009_128_bis_8_cycle1
63/63 - 133s - loss: 1.0020e-06 - mean_squared_error: 1.4003e-06 - val_loss: 1.2895e-08 - val_mean_squared_error: 1.2895e-08 - 133s/epoch - 2s/step
Epoch 66/100

Epoch 00066: mean_squared_error did not improve from 0.00000
63/63 - 133s - loss: 1.0020e-06 - mean_squared_error: 1.4004e-06 - val_loss: 1.1220e-08 - val_mean_squared_error: 1.1220e-08 - 133s/epoch - 2s/step
Epoch 67/100

Epoch 00067: mean_squared_error improved from 0.00000 to 0.00000, saving model to /gpfswork/rech/ynx/ulx23va/repo/wf-SEDs/model_WFE_size/wf-outputs/chkp/wfe_study_id009_bis/chkp_callback_poly_wfe_study_id009_128_bis_8_cycle1
63/63 - 133s - loss: 1.0012e-06 - mean_squared_error: 1.3996e-06 - val_loss: 1.2336e-08 - val_mean_squared_error: 1.2336e-08 - 133s/epoch - 2s/step
Epoch 68/100

Epoch 00068: mean_squared_error did not improve from 0.00000
63/63 - 133s - loss: 1.0014e-06 - mean_squared_error: 1.3998e-06 - val_loss: 1.2457e-08 - val_mean_squared_error: 1.2457e-08 - 133s/epoch - 2s/step
Epoch 69/100

Epoch 00069: mean_squared_error did not improve from 0.00000
63/63 - 133s - loss: 1.0025e-06 - mean_squared_error: 1.4005e-06 - val_loss: 1.1103e-08 - val_mean_squared_error: 1.1103e-08 - 133s/epoch - 2s/step
Epoch 70/100

Epoch 00070: mean_squared_error did not improve from 0.00000
63/63 - 133s - loss: 1.0015e-06 - mean_squared_error: 1.3998e-06 - val_loss: 1.4447e-08 - val_mean_squared_error: 1.4447e-08 - 133s/epoch - 2s/step
Epoch 71/100

Epoch 00071: mean_squared_error did not improve from 0.00000
63/63 - 133s - loss: 1.0043e-06 - mean_squared_error: 1.4021e-06 - val_loss: 1.1628e-08 - val_mean_squared_error: 1.1628e-08 - 133s/epoch - 2s/step
Epoch 72/100

Epoch 00072: mean_squared_error did not improve from 0.00000
63/63 - 133s - loss: 1.0048e-06 - mean_squared_error: 1.4021e-06 - val_loss: 1.6428e-08 - val_mean_squared_error: 1.6428e-08 - 133s/epoch - 2s/step
Epoch 73/100

Epoch 00073: mean_squared_error did not improve from 0.00000
63/63 - 133s - loss: 1.0044e-06 - mean_squared_error: 1.4023e-06 - val_loss: 1.3641e-08 - val_mean_squared_error: 1.3641e-08 - 133s/epoch - 2s/step
Epoch 74/100

Epoch 00074: mean_squared_error did not improve from 0.00000
63/63 - 133s - loss: 1.0026e-06 - mean_squared_error: 1.4007e-06 - val_loss: 1.4438e-08 - val_mean_squared_error: 1.4438e-08 - 133s/epoch - 2s/step
Epoch 75/100

Epoch 00075: mean_squared_error did not improve from 0.00000
63/63 - 133s - loss: 1.0094e-06 - mean_squared_error: 1.4062e-06 - val_loss: 1.9563e-08 - val_mean_squared_error: 1.9563e-08 - 133s/epoch - 2s/step
Epoch 76/100

Epoch 00076: mean_squared_error did not improve from 0.00000
63/63 - 133s - loss: 1.0039e-06 - mean_squared_error: 1.4018e-06 - val_loss: 1.3648e-08 - val_mean_squared_error: 1.3648e-08 - 133s/epoch - 2s/step
Epoch 77/100

Epoch 00077: mean_squared_error did not improve from 0.00000
63/63 - 133s - loss: 1.0031e-06 - mean_squared_error: 1.4013e-06 - val_loss: 1.0982e-08 - val_mean_squared_error: 1.0982e-08 - 133s/epoch - 2s/step
Epoch 78/100

Epoch 00078: mean_squared_error improved from 0.00000 to 0.00000, saving model to /gpfswork/rech/ynx/ulx23va/repo/wf-SEDs/model_WFE_size/wf-outputs/chkp/wfe_study_id009_bis/chkp_callback_poly_wfe_study_id009_128_bis_8_cycle1
63/63 - 133s - loss: 1.0004e-06 - mean_squared_error: 1.3990e-06 - val_loss: 1.2188e-08 - val_mean_squared_error: 1.2188e-08 - 133s/epoch - 2s/step
Epoch 79/100

Epoch 00079: mean_squared_error improved from 0.00000 to 0.00000, saving model to /gpfswork/rech/ynx/ulx23va/repo/wf-SEDs/model_WFE_size/wf-outputs/chkp/wfe_study_id009_bis/chkp_callback_poly_wfe_study_id009_128_bis_8_cycle1
63/63 - 133s - loss: 1.0001e-06 - mean_squared_error: 1.3987e-06 - val_loss: 1.0673e-08 - val_mean_squared_error: 1.0673e-08 - 133s/epoch - 2s/step
Epoch 80/100

Epoch 00080: mean_squared_error did not improve from 0.00000
63/63 - 133s - loss: 1.0018e-06 - mean_squared_error: 1.3997e-06 - val_loss: 1.5392e-08 - val_mean_squared_error: 1.5392e-08 - 133s/epoch - 2s/step
Epoch 81/100

Epoch 00081: mean_squared_error did not improve from 0.00000
63/63 - 133s - loss: 1.0052e-06 - mean_squared_error: 1.4025e-06 - val_loss: 1.1293e-08 - val_mean_squared_error: 1.1293e-08 - 133s/epoch - 2s/step
Epoch 82/100

Epoch 00082: mean_squared_error improved from 0.00000 to 0.00000, saving model to /gpfswork/rech/ynx/ulx23va/repo/wf-SEDs/model_WFE_size/wf-outputs/chkp/wfe_study_id009_bis/chkp_callback_poly_wfe_study_id009_128_bis_8_cycle1
63/63 - 133s - loss: 9.9961e-07 - mean_squared_error: 1.3983e-06 - val_loss: 1.1262e-08 - val_mean_squared_error: 1.1262e-08 - 133s/epoch - 2s/step
Epoch 83/100

Epoch 00083: mean_squared_error did not improve from 0.00000
63/63 - 133s - loss: 1.0012e-06 - mean_squared_error: 1.3993e-06 - val_loss: 1.1394e-08 - val_mean_squared_error: 1.1394e-08 - 133s/epoch - 2s/step
Epoch 84/100

Epoch 00084: mean_squared_error did not improve from 0.00000
63/63 - 133s - loss: 9.9974e-07 - mean_squared_error: 1.3984e-06 - val_loss: 1.0277e-08 - val_mean_squared_error: 1.0277e-08 - 133s/epoch - 2s/step
Epoch 85/100

Epoch 00085: mean_squared_error improved from 0.00000 to 0.00000, saving model to /gpfswork/rech/ynx/ulx23va/repo/wf-SEDs/model_WFE_size/wf-outputs/chkp/wfe_study_id009_bis/chkp_callback_poly_wfe_study_id009_128_bis_8_cycle1
63/63 - 133s - loss: 9.9955e-07 - mean_squared_error: 1.3980e-06 - val_loss: 1.1409e-08 - val_mean_squared_error: 1.1409e-08 - 133s/epoch - 2s/step
Epoch 86/100

Epoch 00086: mean_squared_error did not improve from 0.00000
63/63 - 133s - loss: 1.0025e-06 - mean_squared_error: 1.4003e-06 - val_loss: 1.1766e-08 - val_mean_squared_error: 1.1766e-08 - 133s/epoch - 2s/step
Epoch 87/100

Epoch 00087: mean_squared_error did not improve from 0.00000
63/63 - 133s - loss: 1.0117e-06 - mean_squared_error: 1.4056e-06 - val_loss: 1.3346e-08 - val_mean_squared_error: 1.3346e-08 - 133s/epoch - 2s/step
Epoch 88/100

Epoch 00088: mean_squared_error did not improve from 0.00000
63/63 - 133s - loss: 1.0007e-06 - mean_squared_error: 1.3990e-06 - val_loss: 1.1622e-08 - val_mean_squared_error: 1.1622e-08 - 133s/epoch - 2s/step
Epoch 89/100

Epoch 00089: mean_squared_error did not improve from 0.00000
63/63 - 134s - loss: 1.0023e-06 - mean_squared_error: 1.4000e-06 - val_loss: 1.7384e-08 - val_mean_squared_error: 1.7384e-08 - 134s/epoch - 2s/step
Epoch 90/100

Epoch 00090: mean_squared_error did not improve from 0.00000
63/63 - 134s - loss: 1.0116e-06 - mean_squared_error: 1.4068e-06 - val_loss: 2.6416e-08 - val_mean_squared_error: 2.6416e-08 - 134s/epoch - 2s/step
Epoch 91/100

Epoch 00091: mean_squared_error did not improve from 0.00000
63/63 - 134s - loss: 1.0382e-06 - mean_squared_error: 1.4236e-06 - val_loss: 1.4426e-08 - val_mean_squared_error: 1.4426e-08 - 134s/epoch - 2s/step
Epoch 92/100

Epoch 00092: mean_squared_error did not improve from 0.00000
63/63 - 135s - loss: 1.0041e-06 - mean_squared_error: 1.4010e-06 - val_loss: 1.1231e-08 - val_mean_squared_error: 1.1231e-08 - 135s/epoch - 2s/step
Epoch 93/100

Epoch 00093: mean_squared_error did not improve from 0.00000
63/63 - 134s - loss: 1.0012e-06 - mean_squared_error: 1.3993e-06 - val_loss: 1.2545e-08 - val_mean_squared_error: 1.2545e-08 - 134s/epoch - 2s/step
Epoch 94/100

Epoch 00094: mean_squared_error did not improve from 0.00000
63/63 - 134s - loss: 1.0014e-06 - mean_squared_error: 1.3992e-06 - val_loss: 1.0806e-08 - val_mean_squared_error: 1.0806e-08 - 134s/epoch - 2s/step
Epoch 95/100

Epoch 00095: mean_squared_error improved from 0.00000 to 0.00000, saving model to /gpfswork/rech/ynx/ulx23va/repo/wf-SEDs/model_WFE_size/wf-outputs/chkp/wfe_study_id009_bis/chkp_callback_poly_wfe_study_id009_128_bis_8_cycle1
63/63 - 134s - loss: 9.9926e-07 - mean_squared_error: 1.3978e-06 - val_loss: 1.0318e-08 - val_mean_squared_error: 1.0318e-08 - 134s/epoch - 2s/step
Epoch 96/100

Epoch 00096: mean_squared_error did not improve from 0.00000
63/63 - 133s - loss: 9.9945e-07 - mean_squared_error: 1.3980e-06 - val_loss: 1.0378e-08 - val_mean_squared_error: 1.0378e-08 - 133s/epoch - 2s/step
Epoch 97/100

Epoch 00097: mean_squared_error did not improve from 0.00000
63/63 - 133s - loss: 1.0001e-06 - mean_squared_error: 1.3986e-06 - val_loss: 1.2604e-08 - val_mean_squared_error: 1.2604e-08 - 133s/epoch - 2s/step
Epoch 98/100

Epoch 00098: mean_squared_error did not improve from 0.00000
63/63 - 133s - loss: 9.9953e-07 - mean_squared_error: 1.3981e-06 - val_loss: 1.0078e-08 - val_mean_squared_error: 1.0078e-08 - 133s/epoch - 2s/step
Epoch 99/100

Epoch 00099: mean_squared_error improved from 0.00000 to 0.00000, saving model to /gpfswork/rech/ynx/ulx23va/repo/wf-SEDs/model_WFE_size/wf-outputs/chkp/wfe_study_id009_bis/chkp_callback_poly_wfe_study_id009_128_bis_8_cycle1
63/63 - 133s - loss: 9.9834e-07 - mean_squared_error: 1.3970e-06 - val_loss: 1.0080e-08 - val_mean_squared_error: 1.0080e-08 - 133s/epoch - 2s/step
Epoch 100/100

Epoch 00100: mean_squared_error improved from 0.00000 to 0.00000, saving model to /gpfswork/rech/ynx/ulx23va/repo/wf-SEDs/model_WFE_size/wf-outputs/chkp/wfe_study_id009_bis/chkp_callback_poly_wfe_study_id009_128_bis_8_cycle1
63/63 - 133s - loss: 9.9809e-07 - mean_squared_error: 1.3970e-06 - val_loss: 9.4814e-09 - val_mean_squared_error: 9.4814e-09 - 133s/epoch - 2s/step
Cycle1 elapsed time: 15540.920655
Starting cycle 2..
Starting parametric update..
Epoch 1/15

Epoch 00001: mean_squared_error improved from inf to 0.00000, saving model to /gpfswork/rech/ynx/ulx23va/repo/wf-SEDs/model_WFE_size/wf-outputs/chkp/wfe_study_id009_bis/chkp_callback_poly_wfe_study_id009_128_bis_8_cycle2
63/63 - 134s - loss: 9.9735e-07 - mean_squared_error: 1.3963e-06 - val_loss: 1.0724e-08 - val_mean_squared_error: 1.0724e-08 - 134s/epoch - 2s/step
Epoch 2/15

Epoch 00002: mean_squared_error did not improve from 0.00000
63/63 - 131s - loss: 1.0013e-06 - mean_squared_error: 1.3995e-06 - val_loss: 1.2144e-08 - val_mean_squared_error: 1.2144e-08 - 131s/epoch - 2s/step
Epoch 3/15

Epoch 00003: mean_squared_error did not improve from 0.00000
63/63 - 132s - loss: 9.9988e-07 - mean_squared_error: 1.3983e-06 - val_loss: 1.4238e-08 - val_mean_squared_error: 1.4238e-08 - 132s/epoch - 2s/step
Epoch 4/15

Epoch 00004: mean_squared_error did not improve from 0.00000
63/63 - 132s - loss: 1.0078e-06 - mean_squared_error: 1.4050e-06 - val_loss: 1.9799e-08 - val_mean_squared_error: 1.9799e-08 - 132s/epoch - 2s/step
Epoch 5/15

Epoch 00005: mean_squared_error did not improve from 0.00000
63/63 - 132s - loss: 1.0030e-06 - mean_squared_error: 1.4008e-06 - val_loss: 1.5310e-08 - val_mean_squared_error: 1.5310e-08 - 132s/epoch - 2s/step
Epoch 6/15

Epoch 00006: mean_squared_error did not improve from 0.00000
63/63 - 132s - loss: 1.0026e-06 - mean_squared_error: 1.4009e-06 - val_loss: 1.6565e-08 - val_mean_squared_error: 1.6565e-08 - 132s/epoch - 2s/step
Epoch 7/15

Epoch 00007: mean_squared_error did not improve from 0.00000
63/63 - 132s - loss: 1.0051e-06 - mean_squared_error: 1.4026e-06 - val_loss: 2.8531e-08 - val_mean_squared_error: 2.8531e-08 - 132s/epoch - 2s/step
Epoch 8/15

Epoch 00008: mean_squared_error did not improve from 0.00000
63/63 - 132s - loss: 1.0086e-06 - mean_squared_error: 1.4054e-06 - val_loss: 1.5209e-08 - val_mean_squared_error: 1.5209e-08 - 132s/epoch - 2s/step
Epoch 9/15

Epoch 00009: mean_squared_error did not improve from 0.00000
63/63 - 132s - loss: 1.0126e-06 - mean_squared_error: 1.4091e-06 - val_loss: 2.3406e-08 - val_mean_squared_error: 2.3406e-08 - 132s/epoch - 2s/step
Epoch 10/15

Epoch 00010: mean_squared_error did not improve from 0.00000
63/63 - 133s - loss: 1.0117e-06 - mean_squared_error: 1.4084e-06 - val_loss: 1.8800e-08 - val_mean_squared_error: 1.8800e-08 - 133s/epoch - 2s/step
Epoch 11/15

Epoch 00011: mean_squared_error did not improve from 0.00000
63/63 - 132s - loss: 1.0069e-06 - mean_squared_error: 1.4048e-06 - val_loss: 1.6192e-08 - val_mean_squared_error: 1.6192e-08 - 132s/epoch - 2s/step
Epoch 12/15

Epoch 00012: mean_squared_error did not improve from 0.00000
63/63 - 131s - loss: 1.0093e-06 - mean_squared_error: 1.4068e-06 - val_loss: 2.8734e-08 - val_mean_squared_error: 2.8734e-08 - 131s/epoch - 2s/step
Epoch 13/15

Epoch 00013: mean_squared_error did not improve from 0.00000
63/63 - 132s - loss: 1.0131e-06 - mean_squared_error: 1.4092e-06 - val_loss: 1.9320e-08 - val_mean_squared_error: 1.9320e-08 - 132s/epoch - 2s/step
Epoch 14/15

Epoch 00014: mean_squared_error did not improve from 0.00000
63/63 - 132s - loss: 1.0405e-06 - mean_squared_error: 1.4323e-06 - val_loss: 4.0686e-08 - val_mean_squared_error: 4.0686e-08 - 132s/epoch - 2s/step
Epoch 15/15

Epoch 00015: mean_squared_error did not improve from 0.00000
63/63 - 132s - loss: 1.2357e-06 - mean_squared_error: 1.5878e-06 - val_loss: 2.0323e-07 - val_mean_squared_error: 2.0323e-07 - 132s/epoch - 2s/step
Starting non-parametric update..
Epoch 1/50

Epoch 00001: mean_squared_error did not improve from 0.00000
63/63 - 139s - loss: 1.0821e-06 - mean_squared_error: 1.4673e-06 - val_loss: 1.8033e-08 - val_mean_squared_error: 1.8033e-08 - 139s/epoch - 2s/step
Epoch 2/50

Epoch 00002: mean_squared_error did not improve from 0.00000
63/63 - 136s - loss: 1.0035e-06 - mean_squared_error: 1.4010e-06 - val_loss: 1.1087e-08 - val_mean_squared_error: 1.1087e-08 - 136s/epoch - 2s/step
Epoch 3/50

Epoch 00003: mean_squared_error did not improve from 0.00000
63/63 - 136s - loss: 9.9878e-07 - mean_squared_error: 1.3974e-06 - val_loss: 9.7225e-09 - val_mean_squared_error: 9.7225e-09 - 136s/epoch - 2s/step
Epoch 4/50

Epoch 00004: mean_squared_error improved from 0.00000 to 0.00000, saving model to /gpfswork/rech/ynx/ulx23va/repo/wf-SEDs/model_WFE_size/wf-outputs/chkp/wfe_study_id009_bis/chkp_callback_poly_wfe_study_id009_128_bis_8_cycle2
63/63 - 135s - loss: 9.9732e-07 - mean_squared_error: 1.3963e-06 - val_loss: 8.9478e-09 - val_mean_squared_error: 8.9478e-09 - 135s/epoch - 2s/step
Epoch 5/50

Epoch 00005: mean_squared_error improved from 0.00000 to 0.00000, saving model to /gpfswork/rech/ynx/ulx23va/repo/wf-SEDs/model_WFE_size/wf-outputs/chkp/wfe_study_id009_bis/chkp_callback_poly_wfe_study_id009_128_bis_8_cycle2
63/63 - 135s - loss: 9.9679e-07 - mean_squared_error: 1.3958e-06 - val_loss: 8.5443e-09 - val_mean_squared_error: 8.5443e-09 - 135s/epoch - 2s/step
Epoch 6/50

Epoch 00006: mean_squared_error improved from 0.00000 to 0.00000, saving model to /gpfswork/rech/ynx/ulx23va/repo/wf-SEDs/model_WFE_size/wf-outputs/chkp/wfe_study_id009_bis/chkp_callback_poly_wfe_study_id009_128_bis_8_cycle2
63/63 - 136s - loss: 9.9634e-07 - mean_squared_error: 1.3954e-06 - val_loss: 8.2916e-09 - val_mean_squared_error: 8.2916e-09 - 136s/epoch - 2s/step
Epoch 7/50

Epoch 00007: mean_squared_error improved from 0.00000 to 0.00000, saving model to /gpfswork/rech/ynx/ulx23va/repo/wf-SEDs/model_WFE_size/wf-outputs/chkp/wfe_study_id009_bis/chkp_callback_poly_wfe_study_id009_128_bis_8_cycle2
63/63 - 136s - loss: 9.9608e-07 - mean_squared_error: 1.3952e-06 - val_loss: 8.2387e-09 - val_mean_squared_error: 8.2387e-09 - 136s/epoch - 2s/step
Epoch 8/50

Epoch 00008: mean_squared_error did not improve from 0.00000
63/63 - 137s - loss: 9.9608e-07 - mean_squared_error: 1.3953e-06 - val_loss: 8.1663e-09 - val_mean_squared_error: 8.1663e-09 - 137s/epoch - 2s/step
Epoch 9/50

Epoch 00009: mean_squared_error improved from 0.00000 to 0.00000, saving model to /gpfswork/rech/ynx/ulx23va/repo/wf-SEDs/model_WFE_size/wf-outputs/chkp/wfe_study_id009_bis/chkp_callback_poly_wfe_study_id009_128_bis_8_cycle2
63/63 - 136s - loss: 9.9595e-07 - mean_squared_error: 1.3952e-06 - val_loss: 8.2146e-09 - val_mean_squared_error: 8.2146e-09 - 136s/epoch - 2s/step
Epoch 10/50

Epoch 00010: mean_squared_error improved from 0.00000 to 0.00000, saving model to /gpfswork/rech/ynx/ulx23va/repo/wf-SEDs/model_WFE_size/wf-outputs/chkp/wfe_study_id009_bis/chkp_callback_poly_wfe_study_id009_128_bis_8_cycle2
63/63 - 136s - loss: 9.9595e-07 - mean_squared_error: 1.3952e-06 - val_loss: 8.2470e-09 - val_mean_squared_error: 8.2470e-09 - 136s/epoch - 2s/step
Epoch 11/50

Epoch 00011: mean_squared_error improved from 0.00000 to 0.00000, saving model to /gpfswork/rech/ynx/ulx23va/repo/wf-SEDs/model_WFE_size/wf-outputs/chkp/wfe_study_id009_bis/chkp_callback_poly_wfe_study_id009_128_bis_8_cycle2
63/63 - 135s - loss: 9.9580e-07 - mean_squared_error: 1.3950e-06 - val_loss: 7.9238e-09 - val_mean_squared_error: 7.9238e-09 - 135s/epoch - 2s/step
Epoch 12/50

Epoch 00012: mean_squared_error improved from 0.00000 to 0.00000, saving model to /gpfswork/rech/ynx/ulx23va/repo/wf-SEDs/model_WFE_size/wf-outputs/chkp/wfe_study_id009_bis/chkp_callback_poly_wfe_study_id009_128_bis_8_cycle2
63/63 - 135s - loss: 9.9560e-07 - mean_squared_error: 1.3949e-06 - val_loss: 8.1973e-09 - val_mean_squared_error: 8.1973e-09 - 135s/epoch - 2s/step
Epoch 13/50

Epoch 00013: mean_squared_error did not improve from 0.00000
63/63 - 135s - loss: 9.9570e-07 - mean_squared_error: 1.3950e-06 - val_loss: 8.0419e-09 - val_mean_squared_error: 8.0419e-09 - 135s/epoch - 2s/step
Epoch 14/50

Epoch 00014: mean_squared_error did not improve from 0.00000
63/63 - 135s - loss: 9.9567e-07 - mean_squared_error: 1.3949e-06 - val_loss: 7.9653e-09 - val_mean_squared_error: 7.9653e-09 - 135s/epoch - 2s/step
Epoch 15/50

Epoch 00015: mean_squared_error improved from 0.00000 to 0.00000, saving model to /gpfswork/rech/ynx/ulx23va/repo/wf-SEDs/model_WFE_size/wf-outputs/chkp/wfe_study_id009_bis/chkp_callback_poly_wfe_study_id009_128_bis_8_cycle2
63/63 - 136s - loss: 9.9551e-07 - mean_squared_error: 1.3948e-06 - val_loss: 7.8859e-09 - val_mean_squared_error: 7.8859e-09 - 136s/epoch - 2s/step
Epoch 16/50

Epoch 00016: mean_squared_error improved from 0.00000 to 0.00000, saving model to /gpfswork/rech/ynx/ulx23va/repo/wf-SEDs/model_WFE_size/wf-outputs/chkp/wfe_study_id009_bis/chkp_callback_poly_wfe_study_id009_128_bis_8_cycle2
63/63 - 137s - loss: 9.9551e-07 - mean_squared_error: 1.3948e-06 - val_loss: 8.2079e-09 - val_mean_squared_error: 8.2079e-09 - 137s/epoch - 2s/step
Epoch 17/50

Epoch 00017: mean_squared_error did not improve from 0.00000
63/63 - 136s - loss: 9.9559e-07 - mean_squared_error: 1.3948e-06 - val_loss: 8.0510e-09 - val_mean_squared_error: 8.0510e-09 - 136s/epoch - 2s/step
Epoch 18/50

Epoch 00018: mean_squared_error improved from 0.00000 to 0.00000, saving model to /gpfswork/rech/ynx/ulx23va/repo/wf-SEDs/model_WFE_size/wf-outputs/chkp/wfe_study_id009_bis/chkp_callback_poly_wfe_study_id009_128_bis_8_cycle2
63/63 - 135s - loss: 9.9542e-07 - mean_squared_error: 1.3948e-06 - val_loss: 7.9271e-09 - val_mean_squared_error: 7.9271e-09 - 135s/epoch - 2s/step
Epoch 19/50

Epoch 00019: mean_squared_error improved from 0.00000 to 0.00000, saving model to /gpfswork/rech/ynx/ulx23va/repo/wf-SEDs/model_WFE_size/wf-outputs/chkp/wfe_study_id009_bis/chkp_callback_poly_wfe_study_id009_128_bis_8_cycle2
63/63 - 135s - loss: 9.9554e-07 - mean_squared_error: 1.3948e-06 - val_loss: 7.8058e-09 - val_mean_squared_error: 7.8058e-09 - 135s/epoch - 2s/step
Epoch 20/50

Epoch 00020: mean_squared_error did not improve from 0.00000
63/63 - 135s - loss: 9.9574e-07 - mean_squared_error: 1.3950e-06 - val_loss: 8.2970e-09 - val_mean_squared_error: 8.2970e-09 - 135s/epoch - 2s/step
Epoch 21/50

Epoch 00021: mean_squared_error did not improve from 0.00000
63/63 - 136s - loss: 9.9554e-07 - mean_squared_error: 1.3948e-06 - val_loss: 8.3790e-09 - val_mean_squared_error: 8.3790e-09 - 136s/epoch - 2s/step
Epoch 22/50

Epoch 00022: mean_squared_error improved from 0.00000 to 0.00000, saving model to /gpfswork/rech/ynx/ulx23va/repo/wf-SEDs/model_WFE_size/wf-outputs/chkp/wfe_study_id009_bis/chkp_callback_poly_wfe_study_id009_128_bis_8_cycle2
63/63 - 136s - loss: 9.9530e-07 - mean_squared_error: 1.3946e-06 - val_loss: 7.6995e-09 - val_mean_squared_error: 7.6995e-09 - 136s/epoch - 2s/step
Epoch 23/50

Epoch 00023: mean_squared_error improved from 0.00000 to 0.00000, saving model to /gpfswork/rech/ynx/ulx23va/repo/wf-SEDs/model_WFE_size/wf-outputs/chkp/wfe_study_id009_bis/chkp_callback_poly_wfe_study_id009_128_bis_8_cycle2
63/63 - 135s - loss: 9.9529e-07 - mean_squared_error: 1.3946e-06 - val_loss: 8.1039e-09 - val_mean_squared_error: 8.1039e-09 - 135s/epoch - 2s/step
Epoch 24/50

Epoch 00024: mean_squared_error did not improve from 0.00000
63/63 - 135s - loss: 9.9537e-07 - mean_squared_error: 1.3946e-06 - val_loss: 7.8022e-09 - val_mean_squared_error: 7.8022e-09 - 135s/epoch - 2s/step
Epoch 25/50

Epoch 00025: mean_squared_error did not improve from 0.00000
63/63 - 136s - loss: 9.9535e-07 - mean_squared_error: 1.3946e-06 - val_loss: 8.4596e-09 - val_mean_squared_error: 8.4596e-09 - 136s/epoch - 2s/step
Epoch 26/50

Epoch 00026: mean_squared_error did not improve from 0.00000
63/63 - 136s - loss: 9.9538e-07 - mean_squared_error: 1.3946e-06 - val_loss: 7.7785e-09 - val_mean_squared_error: 7.7785e-09 - 136s/epoch - 2s/step
Epoch 27/50

Epoch 00027: mean_squared_error improved from 0.00000 to 0.00000, saving model to /gpfswork/rech/ynx/ulx23va/repo/wf-SEDs/model_WFE_size/wf-outputs/chkp/wfe_study_id009_bis/chkp_callback_poly_wfe_study_id009_128_bis_8_cycle2
63/63 - 137s - loss: 9.9524e-07 - mean_squared_error: 1.3945e-06 - val_loss: 8.1726e-09 - val_mean_squared_error: 8.1726e-09 - 137s/epoch - 2s/step
Epoch 28/50

Epoch 00028: mean_squared_error did not improve from 0.00000
63/63 - 137s - loss: 9.9524e-07 - mean_squared_error: 1.3946e-06 - val_loss: 7.9973e-09 - val_mean_squared_error: 7.9973e-09 - 137s/epoch - 2s/step
Epoch 29/50

Epoch 00029: mean_squared_error did not improve from 0.00000
63/63 - 137s - loss: 9.9527e-07 - mean_squared_error: 1.3945e-06 - val_loss: 7.9818e-09 - val_mean_squared_error: 7.9818e-09 - 137s/epoch - 2s/step
Epoch 30/50

Epoch 00030: mean_squared_error did not improve from 0.00000
63/63 - 136s - loss: 9.9531e-07 - mean_squared_error: 1.3946e-06 - val_loss: 8.1254e-09 - val_mean_squared_error: 8.1254e-09 - 136s/epoch - 2s/step
Epoch 31/50

Epoch 00031: mean_squared_error did not improve from 0.00000
63/63 - 136s - loss: 9.9530e-07 - mean_squared_error: 1.3946e-06 - val_loss: 7.8365e-09 - val_mean_squared_error: 7.8365e-09 - 136s/epoch - 2s/step
Epoch 32/50

Epoch 00032: mean_squared_error improved from 0.00000 to 0.00000, saving model to /gpfswork/rech/ynx/ulx23va/repo/wf-SEDs/model_WFE_size/wf-outputs/chkp/wfe_study_id009_bis/chkp_callback_poly_wfe_study_id009_128_bis_8_cycle2
63/63 - 136s - loss: 9.9501e-07 - mean_squared_error: 1.3944e-06 - val_loss: 7.8974e-09 - val_mean_squared_error: 7.8974e-09 - 136s/epoch - 2s/step
Epoch 33/50

Epoch 00033: mean_squared_error did not improve from 0.00000
63/63 - 136s - loss: 9.9507e-07 - mean_squared_error: 1.3944e-06 - val_loss: 7.8428e-09 - val_mean_squared_error: 7.8428e-09 - 136s/epoch - 2s/step
Epoch 34/50

Epoch 00034: mean_squared_error improved from 0.00000 to 0.00000, saving model to /gpfswork/rech/ynx/ulx23va/repo/wf-SEDs/model_WFE_size/wf-outputs/chkp/wfe_study_id009_bis/chkp_callback_poly_wfe_study_id009_128_bis_8_cycle2
63/63 - 136s - loss: 9.9498e-07 - mean_squared_error: 1.3943e-06 - val_loss: 7.8723e-09 - val_mean_squared_error: 7.8723e-09 - 136s/epoch - 2s/step
Epoch 35/50

Epoch 00035: mean_squared_error did not improve from 0.00000
63/63 - 137s - loss: 9.9541e-07 - mean_squared_error: 1.3946e-06 - val_loss: 8.4435e-09 - val_mean_squared_error: 8.4435e-09 - 137s/epoch - 2s/step
Epoch 36/50

Epoch 00036: mean_squared_error did not improve from 0.00000
63/63 - 137s - loss: 9.9526e-07 - mean_squared_error: 1.3946e-06 - val_loss: 8.3650e-09 - val_mean_squared_error: 8.3650e-09 - 137s/epoch - 2s/step
Epoch 37/50

Epoch 00037: mean_squared_error improved from 0.00000 to 0.00000, saving model to /gpfswork/rech/ynx/ulx23va/repo/wf-SEDs/model_WFE_size/wf-outputs/chkp/wfe_study_id009_bis/chkp_callback_poly_wfe_study_id009_128_bis_8_cycle2
63/63 - 136s - loss: 9.9495e-07 - mean_squared_error: 1.3943e-06 - val_loss: 8.0100e-09 - val_mean_squared_error: 8.0100e-09 - 136s/epoch - 2s/step
Epoch 38/50

Epoch 00038: mean_squared_error did not improve from 0.00000
63/63 - 136s - loss: 9.9512e-07 - mean_squared_error: 1.3945e-06 - val_loss: 7.7081e-09 - val_mean_squared_error: 7.7081e-09 - 136s/epoch - 2s/step
Epoch 39/50

Epoch 00039: mean_squared_error improved from 0.00000 to 0.00000, saving model to /gpfswork/rech/ynx/ulx23va/repo/wf-SEDs/model_WFE_size/wf-outputs/chkp/wfe_study_id009_bis/chkp_callback_poly_wfe_study_id009_128_bis_8_cycle2
63/63 - 136s - loss: 9.9495e-07 - mean_squared_error: 1.3943e-06 - val_loss: 8.1931e-09 - val_mean_squared_error: 8.1931e-09 - 136s/epoch - 2s/step
Epoch 40/50

Epoch 00040: mean_squared_error improved from 0.00000 to 0.00000, saving model to /gpfswork/rech/ynx/ulx23va/repo/wf-SEDs/model_WFE_size/wf-outputs/chkp/wfe_study_id009_bis/chkp_callback_poly_wfe_study_id009_128_bis_8_cycle2
63/63 - 136s - loss: 9.9493e-07 - mean_squared_error: 1.3943e-06 - val_loss: 7.9304e-09 - val_mean_squared_error: 7.9304e-09 - 136s/epoch - 2s/step
Epoch 41/50

Epoch 00041: mean_squared_error did not improve from 0.00000
63/63 - 136s - loss: 9.9504e-07 - mean_squared_error: 1.3944e-06 - val_loss: 7.7631e-09 - val_mean_squared_error: 7.7631e-09 - 136s/epoch - 2s/step
Epoch 42/50

Epoch 00042: mean_squared_error did not improve from 0.00000
63/63 - 136s - loss: 9.9486e-07 - mean_squared_error: 1.3943e-06 - val_loss: 7.8690e-09 - val_mean_squared_error: 7.8690e-09 - 136s/epoch - 2s/step
Epoch 43/50

Epoch 00043: mean_squared_error did not improve from 0.00000
63/63 - 135s - loss: 9.9525e-07 - mean_squared_error: 1.3945e-06 - val_loss: 8.1063e-09 - val_mean_squared_error: 8.1063e-09 - 135s/epoch - 2s/step
Epoch 44/50

Epoch 00044: mean_squared_error improved from 0.00000 to 0.00000, saving model to /gpfswork/rech/ynx/ulx23va/repo/wf-SEDs/model_WFE_size/wf-outputs/chkp/wfe_study_id009_bis/chkp_callback_poly_wfe_study_id009_128_bis_8_cycle2
63/63 - 136s - loss: 9.9473e-07 - mean_squared_error: 1.3942e-06 - val_loss: 8.0101e-09 - val_mean_squared_error: 8.0101e-09 - 136s/epoch - 2s/step
Epoch 45/50

Epoch 00045: mean_squared_error improved from 0.00000 to 0.00000, saving model to /gpfswork/rech/ynx/ulx23va/repo/wf-SEDs/model_WFE_size/wf-outputs/chkp/wfe_study_id009_bis/chkp_callback_poly_wfe_study_id009_128_bis_8_cycle2
63/63 - 136s - loss: 9.9470e-07 - mean_squared_error: 1.3941e-06 - val_loss: 7.9737e-09 - val_mean_squared_error: 7.9737e-09 - 136s/epoch - 2s/step
Epoch 46/50

Epoch 00046: mean_squared_error did not improve from 0.00000
63/63 - 137s - loss: 9.9501e-07 - mean_squared_error: 1.3944e-06 - val_loss: 8.2696e-09 - val_mean_squared_error: 8.2696e-09 - 137s/epoch - 2s/step
Epoch 47/50

Epoch 00047: mean_squared_error did not improve from 0.00000
63/63 - 135s - loss: 9.9521e-07 - mean_squared_error: 1.3945e-06 - val_loss: 8.2935e-09 - val_mean_squared_error: 8.2935e-09 - 135s/epoch - 2s/step
Epoch 48/50

Epoch 00048: mean_squared_error did not improve from 0.00000
63/63 - 134s - loss: 9.9493e-07 - mean_squared_error: 1.3943e-06 - val_loss: 7.6745e-09 - val_mean_squared_error: 7.6745e-09 - 134s/epoch - 2s/step
Epoch 49/50

Epoch 00049: mean_squared_error did not improve from 0.00000
63/63 - 135s - loss: 9.9473e-07 - mean_squared_error: 1.3941e-06 - val_loss: 8.1142e-09 - val_mean_squared_error: 8.1142e-09 - 135s/epoch - 2s/step
Epoch 50/50

Epoch 00050: mean_squared_error did not improve from 0.00000
63/63 - 134s - loss: 9.9502e-07 - mean_squared_error: 1.3943e-06 - val_loss: 8.0961e-09 - val_mean_squared_error: 8.0961e-09 - 134s/epoch - 2s/step
Cycle2 elapsed time: 8782.239513

Total elapsed time: 24326.623661

 Good bye..
