Starting the log file.
Found GPU at: /device:GPU:0
tf_version: 2.7.0
Zernike cube:
(15, 256, 256)
Dataset parameters:
{'d_max': 2, 'max_order': 45, 'x_lims': [0, 1000.0], 'y_lims': [0, 1000.0], 'grid_points': [4, 4], 'n_bins': 20, 'max_wfe_rms': 0.1, 'oversampling_rate': 3.0, 'output_Q': 3.0, 'output_dim': 32, 'LP_filter_length': 2, 'pupil_diameter': 4096, 'euclid_obsc': True, 'n_stars': 2000}
Starting cycle 1..
Starting parametric update..
Epoch 1/15

Epoch 00001: mean_squared_error improved from inf to 0.00001, saving model to /gpfswork/rech/ynx/ulx23va/repo/wf-SEDs/model_WFE_size/wf-outputs/chkp/wfe_study_id009_bis/chkp_callback_poly_wfe_study_id009_256_bis_4_cycle1
63/63 - 181s - loss: 8.7083e-06 - mean_squared_error: 7.9894e-06 - val_loss: 1.6515e-06 - val_mean_squared_error: 1.6515e-06 - 181s/epoch - 3s/step
Epoch 2/15

Epoch 00002: mean_squared_error improved from 0.00001 to 0.00000, saving model to /gpfswork/rech/ynx/ulx23va/repo/wf-SEDs/model_WFE_size/wf-outputs/chkp/wfe_study_id009_bis/chkp_callback_poly_wfe_study_id009_256_bis_4_cycle1
63/63 - 175s - loss: 2.5283e-06 - mean_squared_error: 2.6576e-06 - val_loss: 9.5414e-07 - val_mean_squared_error: 9.5414e-07 - 175s/epoch - 3s/step
Epoch 3/15

Epoch 00003: mean_squared_error improved from 0.00000 to 0.00000, saving model to /gpfswork/rech/ynx/ulx23va/repo/wf-SEDs/model_WFE_size/wf-outputs/chkp/wfe_study_id009_bis/chkp_callback_poly_wfe_study_id009_256_bis_4_cycle1
63/63 - 176s - loss: 2.0725e-06 - mean_squared_error: 2.2802e-06 - val_loss: 8.1244e-07 - val_mean_squared_error: 8.1244e-07 - 176s/epoch - 3s/step
Epoch 4/15

Epoch 00004: mean_squared_error improved from 0.00000 to 0.00000, saving model to /gpfswork/rech/ynx/ulx23va/repo/wf-SEDs/model_WFE_size/wf-outputs/chkp/wfe_study_id009_bis/chkp_callback_poly_wfe_study_id009_256_bis_4_cycle1
63/63 - 176s - loss: 1.8823e-06 - mean_squared_error: 2.1220e-06 - val_loss: 6.3591e-07 - val_mean_squared_error: 6.3591e-07 - 176s/epoch - 3s/step
Epoch 5/15

Epoch 00005: mean_squared_error improved from 0.00000 to 0.00000, saving model to /gpfswork/rech/ynx/ulx23va/repo/wf-SEDs/model_WFE_size/wf-outputs/chkp/wfe_study_id009_bis/chkp_callback_poly_wfe_study_id009_256_bis_4_cycle1
63/63 - 176s - loss: 1.7670e-06 - mean_squared_error: 2.0219e-06 - val_loss: 6.0026e-07 - val_mean_squared_error: 6.0026e-07 - 176s/epoch - 3s/step
Epoch 6/15

Epoch 00006: mean_squared_error improved from 0.00000 to 0.00000, saving model to /gpfswork/rech/ynx/ulx23va/repo/wf-SEDs/model_WFE_size/wf-outputs/chkp/wfe_study_id009_bis/chkp_callback_poly_wfe_study_id009_256_bis_4_cycle1
63/63 - 175s - loss: 1.7536e-06 - mean_squared_error: 2.0105e-06 - val_loss: 6.4119e-07 - val_mean_squared_error: 6.4119e-07 - 175s/epoch - 3s/step
Epoch 7/15

Epoch 00007: mean_squared_error did not improve from 0.00000
63/63 - 176s - loss: 1.7897e-06 - mean_squared_error: 2.0393e-06 - val_loss: 6.3681e-07 - val_mean_squared_error: 6.3681e-07 - 176s/epoch - 3s/step
Epoch 8/15

Epoch 00008: mean_squared_error did not improve from 0.00000
63/63 - 176s - loss: 1.7822e-06 - mean_squared_error: 2.0341e-06 - val_loss: 6.4164e-07 - val_mean_squared_error: 6.4164e-07 - 176s/epoch - 3s/step
Epoch 9/15

Epoch 00009: mean_squared_error did not improve from 0.00000
63/63 - 175s - loss: 1.7850e-06 - mean_squared_error: 2.0382e-06 - val_loss: 6.4232e-07 - val_mean_squared_error: 6.4232e-07 - 175s/epoch - 3s/step
Epoch 10/15

Epoch 00010: mean_squared_error did not improve from 0.00000
63/63 - 177s - loss: 1.7900e-06 - mean_squared_error: 2.0426e-06 - val_loss: 6.3084e-07 - val_mean_squared_error: 6.3084e-07 - 177s/epoch - 3s/step
Epoch 11/15

Epoch 00011: mean_squared_error did not improve from 0.00000
63/63 - 177s - loss: 1.8099e-06 - mean_squared_error: 2.0599e-06 - val_loss: 6.4333e-07 - val_mean_squared_error: 6.4333e-07 - 177s/epoch - 3s/step
Epoch 12/15

Epoch 00012: mean_squared_error did not improve from 0.00000
63/63 - 177s - loss: 1.8249e-06 - mean_squared_error: 2.0731e-06 - val_loss: 7.3251e-07 - val_mean_squared_error: 7.3251e-07 - 177s/epoch - 3s/step
Epoch 13/15

Epoch 00013: mean_squared_error did not improve from 0.00000
63/63 - 177s - loss: 1.8389e-06 - mean_squared_error: 2.0825e-06 - val_loss: 6.1901e-07 - val_mean_squared_error: 6.1901e-07 - 177s/epoch - 3s/step
Epoch 14/15

Epoch 00014: mean_squared_error did not improve from 0.00000
63/63 - 177s - loss: 1.8231e-06 - mean_squared_error: 2.0688e-06 - val_loss: 6.1870e-07 - val_mean_squared_error: 6.1870e-07 - 177s/epoch - 3s/step
Epoch 15/15

Epoch 00015: mean_squared_error did not improve from 0.00000
63/63 - 177s - loss: 1.8982e-06 - mean_squared_error: 2.1296e-06 - val_loss: 6.7654e-07 - val_mean_squared_error: 6.7654e-07 - 177s/epoch - 3s/step
Starting non-parametric update..
Epoch 1/100

Epoch 00001: mean_squared_error did not improve from 0.00000
63/63 - 180s - loss: 1.7650e-06 - mean_squared_error: 2.0169e-06 - val_loss: 5.5818e-07 - val_mean_squared_error: 5.5818e-07 - 180s/epoch - 3s/step
Epoch 2/100

Epoch 00002: mean_squared_error improved from 0.00000 to 0.00000, saving model to /gpfswork/rech/ynx/ulx23va/repo/wf-SEDs/model_WFE_size/wf-outputs/chkp/wfe_study_id009_bis/chkp_callback_poly_wfe_study_id009_256_bis_4_cycle1
63/63 - 176s - loss: 1.6322e-06 - mean_squared_error: 1.9197e-06 - val_loss: 4.9043e-07 - val_mean_squared_error: 4.9043e-07 - 176s/epoch - 3s/step
Epoch 3/100

Epoch 00003: mean_squared_error improved from 0.00000 to 0.00000, saving model to /gpfswork/rech/ynx/ulx23va/repo/wf-SEDs/model_WFE_size/wf-outputs/chkp/wfe_study_id009_bis/chkp_callback_poly_wfe_study_id009_256_bis_4_cycle1
63/63 - 176s - loss: 1.5322e-06 - mean_squared_error: 1.8475e-06 - val_loss: 4.2032e-07 - val_mean_squared_error: 4.2032e-07 - 176s/epoch - 3s/step
Epoch 4/100

Epoch 00004: mean_squared_error improved from 0.00000 to 0.00000, saving model to /gpfswork/rech/ynx/ulx23va/repo/wf-SEDs/model_WFE_size/wf-outputs/chkp/wfe_study_id009_bis/chkp_callback_poly_wfe_study_id009_256_bis_4_cycle1
63/63 - 176s - loss: 1.4405e-06 - mean_squared_error: 1.7749e-06 - val_loss: 3.5128e-07 - val_mean_squared_error: 3.5128e-07 - 176s/epoch - 3s/step
Epoch 5/100

Epoch 00005: mean_squared_error improved from 0.00000 to 0.00000, saving model to /gpfswork/rech/ynx/ulx23va/repo/wf-SEDs/model_WFE_size/wf-outputs/chkp/wfe_study_id009_bis/chkp_callback_poly_wfe_study_id009_256_bis_4_cycle1
63/63 - 176s - loss: 1.3604e-06 - mean_squared_error: 1.7097e-06 - val_loss: 2.9133e-07 - val_mean_squared_error: 2.9133e-07 - 176s/epoch - 3s/step
Epoch 6/100

Epoch 00006: mean_squared_error improved from 0.00000 to 0.00000, saving model to /gpfswork/rech/ynx/ulx23va/repo/wf-SEDs/model_WFE_size/wf-outputs/chkp/wfe_study_id009_bis/chkp_callback_poly_wfe_study_id009_256_bis_4_cycle1
63/63 - 175s - loss: 1.2932e-06 - mean_squared_error: 1.6528e-06 - val_loss: 2.3755e-07 - val_mean_squared_error: 2.3755e-07 - 175s/epoch - 3s/step
Epoch 7/100

Epoch 00007: mean_squared_error improved from 0.00000 to 0.00000, saving model to /gpfswork/rech/ynx/ulx23va/repo/wf-SEDs/model_WFE_size/wf-outputs/chkp/wfe_study_id009_bis/chkp_callback_poly_wfe_study_id009_256_bis_4_cycle1
63/63 - 175s - loss: 1.2370e-06 - mean_squared_error: 1.6047e-06 - val_loss: 1.9315e-07 - val_mean_squared_error: 1.9315e-07 - 175s/epoch - 3s/step
Epoch 8/100

Epoch 00008: mean_squared_error improved from 0.00000 to 0.00000, saving model to /gpfswork/rech/ynx/ulx23va/repo/wf-SEDs/model_WFE_size/wf-outputs/chkp/wfe_study_id009_bis/chkp_callback_poly_wfe_study_id009_256_bis_4_cycle1
63/63 - 175s - loss: 1.1943e-06 - mean_squared_error: 1.5671e-06 - val_loss: 1.6158e-07 - val_mean_squared_error: 1.6158e-07 - 175s/epoch - 3s/step
Epoch 9/100

Epoch 00009: mean_squared_error improved from 0.00000 to 0.00000, saving model to /gpfswork/rech/ynx/ulx23va/repo/wf-SEDs/model_WFE_size/wf-outputs/chkp/wfe_study_id009_bis/chkp_callback_poly_wfe_study_id009_256_bis_4_cycle1
63/63 - 176s - loss: 1.1624e-06 - mean_squared_error: 1.5390e-06 - val_loss: 1.3664e-07 - val_mean_squared_error: 1.3664e-07 - 176s/epoch - 3s/step
Epoch 10/100

Epoch 00010: mean_squared_error improved from 0.00000 to 0.00000, saving model to /gpfswork/rech/ynx/ulx23va/repo/wf-SEDs/model_WFE_size/wf-outputs/chkp/wfe_study_id009_bis/chkp_callback_poly_wfe_study_id009_256_bis_4_cycle1
63/63 - 176s - loss: 1.1372e-06 - mean_squared_error: 1.5171e-06 - val_loss: 1.1823e-07 - val_mean_squared_error: 1.1823e-07 - 176s/epoch - 3s/step
Epoch 11/100

Epoch 00011: mean_squared_error improved from 0.00000 to 0.00000, saving model to /gpfswork/rech/ynx/ulx23va/repo/wf-SEDs/model_WFE_size/wf-outputs/chkp/wfe_study_id009_bis/chkp_callback_poly_wfe_study_id009_256_bis_4_cycle1
63/63 - 175s - loss: 1.1173e-06 - mean_squared_error: 1.5000e-06 - val_loss: 1.0171e-07 - val_mean_squared_error: 1.0171e-07 - 175s/epoch - 3s/step
Epoch 12/100

Epoch 00012: mean_squared_error improved from 0.00000 to 0.00000, saving model to /gpfswork/rech/ynx/ulx23va/repo/wf-SEDs/model_WFE_size/wf-outputs/chkp/wfe_study_id009_bis/chkp_callback_poly_wfe_study_id009_256_bis_4_cycle1
63/63 - 175s - loss: 1.1007e-06 - mean_squared_error: 1.4857e-06 - val_loss: 8.7920e-08 - val_mean_squared_error: 8.7920e-08 - 175s/epoch - 3s/step
Epoch 13/100

Epoch 00013: mean_squared_error improved from 0.00000 to 0.00000, saving model to /gpfswork/rech/ynx/ulx23va/repo/wf-SEDs/model_WFE_size/wf-outputs/chkp/wfe_study_id009_bis/chkp_callback_poly_wfe_study_id009_256_bis_4_cycle1
63/63 - 174s - loss: 1.0872e-06 - mean_squared_error: 1.4740e-06 - val_loss: 7.7069e-08 - val_mean_squared_error: 7.7069e-08 - 174s/epoch - 3s/step
Epoch 14/100

Epoch 00014: mean_squared_error improved from 0.00000 to 0.00000, saving model to /gpfswork/rech/ynx/ulx23va/repo/wf-SEDs/model_WFE_size/wf-outputs/chkp/wfe_study_id009_bis/chkp_callback_poly_wfe_study_id009_256_bis_4_cycle1
63/63 - 174s - loss: 1.0757e-06 - mean_squared_error: 1.4640e-06 - val_loss: 7.0552e-08 - val_mean_squared_error: 7.0552e-08 - 174s/epoch - 3s/step
Epoch 15/100

Epoch 00015: mean_squared_error improved from 0.00000 to 0.00000, saving model to /gpfswork/rech/ynx/ulx23va/repo/wf-SEDs/model_WFE_size/wf-outputs/chkp/wfe_study_id009_bis/chkp_callback_poly_wfe_study_id009_256_bis_4_cycle1
63/63 - 173s - loss: 1.0668e-06 - mean_squared_error: 1.4566e-06 - val_loss: 6.1971e-08 - val_mean_squared_error: 6.1971e-08 - 173s/epoch - 3s/step
Epoch 16/100

Epoch 00016: mean_squared_error improved from 0.00000 to 0.00000, saving model to /gpfswork/rech/ynx/ulx23va/repo/wf-SEDs/model_WFE_size/wf-outputs/chkp/wfe_study_id009_bis/chkp_callback_poly_wfe_study_id009_256_bis_4_cycle1
63/63 - 173s - loss: 1.0597e-06 - mean_squared_error: 1.4504e-06 - val_loss: 5.5733e-08 - val_mean_squared_error: 5.5733e-08 - 173s/epoch - 3s/step
Epoch 17/100

Epoch 00017: mean_squared_error improved from 0.00000 to 0.00000, saving model to /gpfswork/rech/ynx/ulx23va/repo/wf-SEDs/model_WFE_size/wf-outputs/chkp/wfe_study_id009_bis/chkp_callback_poly_wfe_study_id009_256_bis_4_cycle1
63/63 - 174s - loss: 1.0521e-06 - mean_squared_error: 1.4439e-06 - val_loss: 5.0270e-08 - val_mean_squared_error: 5.0270e-08 - 174s/epoch - 3s/step
Epoch 18/100

Epoch 00018: mean_squared_error improved from 0.00000 to 0.00000, saving model to /gpfswork/rech/ynx/ulx23va/repo/wf-SEDs/model_WFE_size/wf-outputs/chkp/wfe_study_id009_bis/chkp_callback_poly_wfe_study_id009_256_bis_4_cycle1
63/63 - 173s - loss: 1.0458e-06 - mean_squared_error: 1.4386e-06 - val_loss: 4.7316e-08 - val_mean_squared_error: 4.7316e-08 - 173s/epoch - 3s/step
Epoch 19/100

Epoch 00019: mean_squared_error improved from 0.00000 to 0.00000, saving model to /gpfswork/rech/ynx/ulx23va/repo/wf-SEDs/model_WFE_size/wf-outputs/chkp/wfe_study_id009_bis/chkp_callback_poly_wfe_study_id009_256_bis_4_cycle1
63/63 - 174s - loss: 1.0413e-06 - mean_squared_error: 1.4346e-06 - val_loss: 4.2849e-08 - val_mean_squared_error: 4.2849e-08 - 174s/epoch - 3s/step
Epoch 20/100

Epoch 00020: mean_squared_error improved from 0.00000 to 0.00000, saving model to /gpfswork/rech/ynx/ulx23va/repo/wf-SEDs/model_WFE_size/wf-outputs/chkp/wfe_study_id009_bis/chkp_callback_poly_wfe_study_id009_256_bis_4_cycle1
63/63 - 173s - loss: 1.0371e-06 - mean_squared_error: 1.4309e-06 - val_loss: 3.8879e-08 - val_mean_squared_error: 3.8879e-08 - 173s/epoch - 3s/step
Epoch 21/100

Epoch 00021: mean_squared_error improved from 0.00000 to 0.00000, saving model to /gpfswork/rech/ynx/ulx23va/repo/wf-SEDs/model_WFE_size/wf-outputs/chkp/wfe_study_id009_bis/chkp_callback_poly_wfe_study_id009_256_bis_4_cycle1
63/63 - 172s - loss: 1.0329e-06 - mean_squared_error: 1.4271e-06 - val_loss: 3.6117e-08 - val_mean_squared_error: 3.6117e-08 - 172s/epoch - 3s/step
Epoch 22/100

Epoch 00022: mean_squared_error improved from 0.00000 to 0.00000, saving model to /gpfswork/rech/ynx/ulx23va/repo/wf-SEDs/model_WFE_size/wf-outputs/chkp/wfe_study_id009_bis/chkp_callback_poly_wfe_study_id009_256_bis_4_cycle1
63/63 - 172s - loss: 1.0302e-06 - mean_squared_error: 1.4248e-06 - val_loss: 3.2752e-08 - val_mean_squared_error: 3.2752e-08 - 172s/epoch - 3s/step
Epoch 23/100

Epoch 00023: mean_squared_error improved from 0.00000 to 0.00000, saving model to /gpfswork/rech/ynx/ulx23va/repo/wf-SEDs/model_WFE_size/wf-outputs/chkp/wfe_study_id009_bis/chkp_callback_poly_wfe_study_id009_256_bis_4_cycle1
63/63 - 172s - loss: 1.0270e-06 - mean_squared_error: 1.4221e-06 - val_loss: 3.0626e-08 - val_mean_squared_error: 3.0626e-08 - 172s/epoch - 3s/step
Epoch 24/100

Epoch 00024: mean_squared_error improved from 0.00000 to 0.00000, saving model to /gpfswork/rech/ynx/ulx23va/repo/wf-SEDs/model_WFE_size/wf-outputs/chkp/wfe_study_id009_bis/chkp_callback_poly_wfe_study_id009_256_bis_4_cycle1
63/63 - 172s - loss: 1.0244e-06 - mean_squared_error: 1.4197e-06 - val_loss: 2.8453e-08 - val_mean_squared_error: 2.8453e-08 - 172s/epoch - 3s/step
Epoch 25/100

Epoch 00025: mean_squared_error improved from 0.00000 to 0.00000, saving model to /gpfswork/rech/ynx/ulx23va/repo/wf-SEDs/model_WFE_size/wf-outputs/chkp/wfe_study_id009_bis/chkp_callback_poly_wfe_study_id009_256_bis_4_cycle1
63/63 - 172s - loss: 1.0219e-06 - mean_squared_error: 1.4177e-06 - val_loss: 2.6923e-08 - val_mean_squared_error: 2.6923e-08 - 172s/epoch - 3s/step
Epoch 26/100

Epoch 00026: mean_squared_error improved from 0.00000 to 0.00000, saving model to /gpfswork/rech/ynx/ulx23va/repo/wf-SEDs/model_WFE_size/wf-outputs/chkp/wfe_study_id009_bis/chkp_callback_poly_wfe_study_id009_256_bis_4_cycle1
63/63 - 173s - loss: 1.0201e-06 - mean_squared_error: 1.4160e-06 - val_loss: 2.4686e-08 - val_mean_squared_error: 2.4686e-08 - 173s/epoch - 3s/step
Epoch 27/100

Epoch 00027: mean_squared_error improved from 0.00000 to 0.00000, saving model to /gpfswork/rech/ynx/ulx23va/repo/wf-SEDs/model_WFE_size/wf-outputs/chkp/wfe_study_id009_bis/chkp_callback_poly_wfe_study_id009_256_bis_4_cycle1
63/63 - 172s - loss: 1.0201e-06 - mean_squared_error: 1.4156e-06 - val_loss: 2.5871e-08 - val_mean_squared_error: 2.5871e-08 - 172s/epoch - 3s/step
Epoch 28/100

Epoch 00028: mean_squared_error improved from 0.00000 to 0.00000, saving model to /gpfswork/rech/ynx/ulx23va/repo/wf-SEDs/model_WFE_size/wf-outputs/chkp/wfe_study_id009_bis/chkp_callback_poly_wfe_study_id009_256_bis_4_cycle1
63/63 - 172s - loss: 1.0179e-06 - mean_squared_error: 1.4140e-06 - val_loss: 2.3638e-08 - val_mean_squared_error: 2.3638e-08 - 172s/epoch - 3s/step
Epoch 29/100

Epoch 00029: mean_squared_error improved from 0.00000 to 0.00000, saving model to /gpfswork/rech/ynx/ulx23va/repo/wf-SEDs/model_WFE_size/wf-outputs/chkp/wfe_study_id009_bis/chkp_callback_poly_wfe_study_id009_256_bis_4_cycle1
63/63 - 172s - loss: 1.0154e-06 - mean_squared_error: 1.4118e-06 - val_loss: 2.1416e-08 - val_mean_squared_error: 2.1416e-08 - 172s/epoch - 3s/step
Epoch 30/100

Epoch 00030: mean_squared_error improved from 0.00000 to 0.00000, saving model to /gpfswork/rech/ynx/ulx23va/repo/wf-SEDs/model_WFE_size/wf-outputs/chkp/wfe_study_id009_bis/chkp_callback_poly_wfe_study_id009_256_bis_4_cycle1
63/63 - 172s - loss: 1.0148e-06 - mean_squared_error: 1.4113e-06 - val_loss: 2.7615e-08 - val_mean_squared_error: 2.7615e-08 - 172s/epoch - 3s/step
Epoch 31/100

Epoch 00031: mean_squared_error did not improve from 0.00000
63/63 - 172s - loss: 1.0187e-06 - mean_squared_error: 1.4141e-06 - val_loss: 2.0402e-08 - val_mean_squared_error: 2.0402e-08 - 172s/epoch - 3s/step
Epoch 32/100

Epoch 00032: mean_squared_error improved from 0.00000 to 0.00000, saving model to /gpfswork/rech/ynx/ulx23va/repo/wf-SEDs/model_WFE_size/wf-outputs/chkp/wfe_study_id009_bis/chkp_callback_poly_wfe_study_id009_256_bis_4_cycle1
63/63 - 172s - loss: 1.0126e-06 - mean_squared_error: 1.4092e-06 - val_loss: 1.8387e-08 - val_mean_squared_error: 1.8387e-08 - 172s/epoch - 3s/step
Epoch 33/100

Epoch 00033: mean_squared_error improved from 0.00000 to 0.00000, saving model to /gpfswork/rech/ynx/ulx23va/repo/wf-SEDs/model_WFE_size/wf-outputs/chkp/wfe_study_id009_bis/chkp_callback_poly_wfe_study_id009_256_bis_4_cycle1
63/63 - 172s - loss: 1.0108e-06 - mean_squared_error: 1.4079e-06 - val_loss: 1.7761e-08 - val_mean_squared_error: 1.7761e-08 - 172s/epoch - 3s/step
Epoch 34/100

Epoch 00034: mean_squared_error improved from 0.00000 to 0.00000, saving model to /gpfswork/rech/ynx/ulx23va/repo/wf-SEDs/model_WFE_size/wf-outputs/chkp/wfe_study_id009_bis/chkp_callback_poly_wfe_study_id009_256_bis_4_cycle1
63/63 - 172s - loss: 1.0099e-06 - mean_squared_error: 1.4070e-06 - val_loss: 1.6531e-08 - val_mean_squared_error: 1.6531e-08 - 172s/epoch - 3s/step
Epoch 35/100

Epoch 00035: mean_squared_error improved from 0.00000 to 0.00000, saving model to /gpfswork/rech/ynx/ulx23va/repo/wf-SEDs/model_WFE_size/wf-outputs/chkp/wfe_study_id009_bis/chkp_callback_poly_wfe_study_id009_256_bis_4_cycle1
63/63 - 173s - loss: 1.0090e-06 - mean_squared_error: 1.4062e-06 - val_loss: 1.6203e-08 - val_mean_squared_error: 1.6203e-08 - 173s/epoch - 3s/step
Epoch 36/100

Epoch 00036: mean_squared_error improved from 0.00000 to 0.00000, saving model to /gpfswork/rech/ynx/ulx23va/repo/wf-SEDs/model_WFE_size/wf-outputs/chkp/wfe_study_id009_bis/chkp_callback_poly_wfe_study_id009_256_bis_4_cycle1
63/63 - 172s - loss: 1.0091e-06 - mean_squared_error: 1.4062e-06 - val_loss: 1.6489e-08 - val_mean_squared_error: 1.6489e-08 - 172s/epoch - 3s/step
Epoch 37/100

Epoch 00037: mean_squared_error improved from 0.00000 to 0.00000, saving model to /gpfswork/rech/ynx/ulx23va/repo/wf-SEDs/model_WFE_size/wf-outputs/chkp/wfe_study_id009_bis/chkp_callback_poly_wfe_study_id009_256_bis_4_cycle1
63/63 - 172s - loss: 1.0080e-06 - mean_squared_error: 1.4053e-06 - val_loss: 1.5352e-08 - val_mean_squared_error: 1.5352e-08 - 172s/epoch - 3s/step
Epoch 38/100

Epoch 00038: mean_squared_error improved from 0.00000 to 0.00000, saving model to /gpfswork/rech/ynx/ulx23va/repo/wf-SEDs/model_WFE_size/wf-outputs/chkp/wfe_study_id009_bis/chkp_callback_poly_wfe_study_id009_256_bis_4_cycle1
63/63 - 172s - loss: 1.0078e-06 - mean_squared_error: 1.4051e-06 - val_loss: 1.5060e-08 - val_mean_squared_error: 1.5060e-08 - 172s/epoch - 3s/step
Epoch 39/100

Epoch 00039: mean_squared_error did not improve from 0.00000
63/63 - 172s - loss: 1.0086e-06 - mean_squared_error: 1.4057e-06 - val_loss: 1.5571e-08 - val_mean_squared_error: 1.5571e-08 - 172s/epoch - 3s/step
Epoch 40/100

Epoch 00040: mean_squared_error improved from 0.00000 to 0.00000, saving model to /gpfswork/rech/ynx/ulx23va/repo/wf-SEDs/model_WFE_size/wf-outputs/chkp/wfe_study_id009_bis/chkp_callback_poly_wfe_study_id009_256_bis_4_cycle1
63/63 - 173s - loss: 1.0071e-06 - mean_squared_error: 1.4044e-06 - val_loss: 1.3896e-08 - val_mean_squared_error: 1.3896e-08 - 173s/epoch - 3s/step
Epoch 41/100

Epoch 00041: mean_squared_error improved from 0.00000 to 0.00000, saving model to /gpfswork/rech/ynx/ulx23va/repo/wf-SEDs/model_WFE_size/wf-outputs/chkp/wfe_study_id009_bis/chkp_callback_poly_wfe_study_id009_256_bis_4_cycle1
63/63 - 172s - loss: 1.0062e-06 - mean_squared_error: 1.4039e-06 - val_loss: 1.3210e-08 - val_mean_squared_error: 1.3210e-08 - 172s/epoch - 3s/step
Epoch 42/100

Epoch 00042: mean_squared_error improved from 0.00000 to 0.00000, saving model to /gpfswork/rech/ynx/ulx23va/repo/wf-SEDs/model_WFE_size/wf-outputs/chkp/wfe_study_id009_bis/chkp_callback_poly_wfe_study_id009_256_bis_4_cycle1
63/63 - 172s - loss: 1.0052e-06 - mean_squared_error: 1.4030e-06 - val_loss: 1.2644e-08 - val_mean_squared_error: 1.2644e-08 - 172s/epoch - 3s/step
Epoch 43/100

Epoch 00043: mean_squared_error improved from 0.00000 to 0.00000, saving model to /gpfswork/rech/ynx/ulx23va/repo/wf-SEDs/model_WFE_size/wf-outputs/chkp/wfe_study_id009_bis/chkp_callback_poly_wfe_study_id009_256_bis_4_cycle1
63/63 - 172s - loss: 1.0048e-06 - mean_squared_error: 1.4026e-06 - val_loss: 1.2189e-08 - val_mean_squared_error: 1.2189e-08 - 172s/epoch - 3s/step
Epoch 44/100

Epoch 00044: mean_squared_error improved from 0.00000 to 0.00000, saving model to /gpfswork/rech/ynx/ulx23va/repo/wf-SEDs/model_WFE_size/wf-outputs/chkp/wfe_study_id009_bis/chkp_callback_poly_wfe_study_id009_256_bis_4_cycle1
63/63 - 173s - loss: 1.0050e-06 - mean_squared_error: 1.4026e-06 - val_loss: 1.3790e-08 - val_mean_squared_error: 1.3790e-08 - 173s/epoch - 3s/step
Epoch 45/100

Epoch 00045: mean_squared_error did not improve from 0.00000
63/63 - 172s - loss: 1.0058e-06 - mean_squared_error: 1.4034e-06 - val_loss: 1.3247e-08 - val_mean_squared_error: 1.3247e-08 - 172s/epoch - 3s/step
Epoch 46/100

Epoch 00046: mean_squared_error improved from 0.00000 to 0.00000, saving model to /gpfswork/rech/ynx/ulx23va/repo/wf-SEDs/model_WFE_size/wf-outputs/chkp/wfe_study_id009_bis/chkp_callback_poly_wfe_study_id009_256_bis_4_cycle1
63/63 - 173s - loss: 1.0044e-06 - mean_squared_error: 1.4023e-06 - val_loss: 1.1668e-08 - val_mean_squared_error: 1.1668e-08 - 173s/epoch - 3s/step
Epoch 47/100

Epoch 00047: mean_squared_error improved from 0.00000 to 0.00000, saving model to /gpfswork/rech/ynx/ulx23va/repo/wf-SEDs/model_WFE_size/wf-outputs/chkp/wfe_study_id009_bis/chkp_callback_poly_wfe_study_id009_256_bis_4_cycle1
63/63 - 173s - loss: 1.0041e-06 - mean_squared_error: 1.4018e-06 - val_loss: 1.1358e-08 - val_mean_squared_error: 1.1358e-08 - 173s/epoch - 3s/step
Epoch 48/100

Epoch 00048: mean_squared_error improved from 0.00000 to 0.00000, saving model to /gpfswork/rech/ynx/ulx23va/repo/wf-SEDs/model_WFE_size/wf-outputs/chkp/wfe_study_id009_bis/chkp_callback_poly_wfe_study_id009_256_bis_4_cycle1
63/63 - 173s - loss: 1.0035e-06 - mean_squared_error: 1.4014e-06 - val_loss: 1.2551e-08 - val_mean_squared_error: 1.2551e-08 - 173s/epoch - 3s/step
Epoch 49/100

Epoch 00049: mean_squared_error did not improve from 0.00000
63/63 - 172s - loss: 1.0045e-06 - mean_squared_error: 1.4021e-06 - val_loss: 1.3213e-08 - val_mean_squared_error: 1.3213e-08 - 172s/epoch - 3s/step
Epoch 50/100

Epoch 00050: mean_squared_error did not improve from 0.00000
63/63 - 173s - loss: 1.0183e-06 - mean_squared_error: 1.4117e-06 - val_loss: 1.6640e-08 - val_mean_squared_error: 1.6640e-08 - 173s/epoch - 3s/step
Epoch 51/100

Epoch 00051: mean_squared_error did not improve from 0.00000
63/63 - 173s - loss: 1.0057e-06 - mean_squared_error: 1.4032e-06 - val_loss: 1.2071e-08 - val_mean_squared_error: 1.2071e-08 - 173s/epoch - 3s/step
Epoch 52/100

Epoch 00052: mean_squared_error improved from 0.00000 to 0.00000, saving model to /gpfswork/rech/ynx/ulx23va/repo/wf-SEDs/model_WFE_size/wf-outputs/chkp/wfe_study_id009_bis/chkp_callback_poly_wfe_study_id009_256_bis_4_cycle1
63/63 - 172s - loss: 1.0027e-06 - mean_squared_error: 1.4008e-06 - val_loss: 1.2155e-08 - val_mean_squared_error: 1.2155e-08 - 172s/epoch - 3s/step
Epoch 53/100

Epoch 00053: mean_squared_error did not improve from 0.00000
63/63 - 172s - loss: 1.0056e-06 - mean_squared_error: 1.4028e-06 - val_loss: 1.1618e-08 - val_mean_squared_error: 1.1618e-08 - 172s/epoch - 3s/step
Epoch 54/100

Epoch 00054: mean_squared_error did not improve from 0.00000
63/63 - 172s - loss: 1.0039e-06 - mean_squared_error: 1.4019e-06 - val_loss: 1.0708e-08 - val_mean_squared_error: 1.0708e-08 - 172s/epoch - 3s/step
Epoch 55/100

Epoch 00055: mean_squared_error did not improve from 0.00000
63/63 - 172s - loss: 1.0126e-06 - mean_squared_error: 1.4088e-06 - val_loss: 1.9845e-08 - val_mean_squared_error: 1.9845e-08 - 172s/epoch - 3s/step
Epoch 56/100

Epoch 00056: mean_squared_error did not improve from 0.00000
63/63 - 172s - loss: 1.0088e-06 - mean_squared_error: 1.4054e-06 - val_loss: 1.0973e-08 - val_mean_squared_error: 1.0973e-08 - 172s/epoch - 3s/step
Epoch 57/100

Epoch 00057: mean_squared_error improved from 0.00000 to 0.00000, saving model to /gpfswork/rech/ynx/ulx23va/repo/wf-SEDs/model_WFE_size/wf-outputs/chkp/wfe_study_id009_bis/chkp_callback_poly_wfe_study_id009_256_bis_4_cycle1
63/63 - 172s - loss: 1.0021e-06 - mean_squared_error: 1.4003e-06 - val_loss: 9.5992e-09 - val_mean_squared_error: 9.5992e-09 - 172s/epoch - 3s/step
Epoch 58/100

Epoch 00058: mean_squared_error improved from 0.00000 to 0.00000, saving model to /gpfswork/rech/ynx/ulx23va/repo/wf-SEDs/model_WFE_size/wf-outputs/chkp/wfe_study_id009_bis/chkp_callback_poly_wfe_study_id009_256_bis_4_cycle1
63/63 - 172s - loss: 1.0011e-06 - mean_squared_error: 1.3995e-06 - val_loss: 1.0008e-08 - val_mean_squared_error: 1.0008e-08 - 172s/epoch - 3s/step
Epoch 59/100

Epoch 00059: mean_squared_error did not improve from 0.00000
63/63 - 173s - loss: 1.0011e-06 - mean_squared_error: 1.3995e-06 - val_loss: 9.5794e-09 - val_mean_squared_error: 9.5794e-09 - 173s/epoch - 3s/step
Epoch 60/100

Epoch 00060: mean_squared_error improved from 0.00000 to 0.00000, saving model to /gpfswork/rech/ynx/ulx23va/repo/wf-SEDs/model_WFE_size/wf-outputs/chkp/wfe_study_id009_bis/chkp_callback_poly_wfe_study_id009_256_bis_4_cycle1
63/63 - 172s - loss: 1.0005e-06 - mean_squared_error: 1.3989e-06 - val_loss: 9.1766e-09 - val_mean_squared_error: 9.1766e-09 - 172s/epoch - 3s/step
Epoch 61/100

Epoch 00061: mean_squared_error did not improve from 0.00000
63/63 - 172s - loss: 1.0027e-06 - mean_squared_error: 1.4004e-06 - val_loss: 1.6237e-08 - val_mean_squared_error: 1.6237e-08 - 172s/epoch - 3s/step
Epoch 62/100

Epoch 00062: mean_squared_error did not improve from 0.00000
63/63 - 172s - loss: 1.0047e-06 - mean_squared_error: 1.4022e-06 - val_loss: 3.1722e-08 - val_mean_squared_error: 3.1722e-08 - 172s/epoch - 3s/step
Epoch 63/100

Epoch 00063: mean_squared_error did not improve from 0.00000
63/63 - 173s - loss: 1.0048e-06 - mean_squared_error: 1.4025e-06 - val_loss: 1.0370e-08 - val_mean_squared_error: 1.0370e-08 - 173s/epoch - 3s/step
Epoch 64/100

Epoch 00064: mean_squared_error did not improve from 0.00000
63/63 - 172s - loss: 1.0011e-06 - mean_squared_error: 1.3995e-06 - val_loss: 1.2516e-08 - val_mean_squared_error: 1.2516e-08 - 172s/epoch - 3s/step
Epoch 65/100

Epoch 00065: mean_squared_error did not improve from 0.00000
63/63 - 172s - loss: 1.0020e-06 - mean_squared_error: 1.4000e-06 - val_loss: 1.2131e-08 - val_mean_squared_error: 1.2131e-08 - 172s/epoch - 3s/step
Epoch 66/100

Epoch 00066: mean_squared_error did not improve from 0.00000
63/63 - 172s - loss: 1.0020e-06 - mean_squared_error: 1.3999e-06 - val_loss: 8.7637e-09 - val_mean_squared_error: 8.7637e-09 - 172s/epoch - 3s/step
Epoch 67/100

Epoch 00067: mean_squared_error improved from 0.00000 to 0.00000, saving model to /gpfswork/rech/ynx/ulx23va/repo/wf-SEDs/model_WFE_size/wf-outputs/chkp/wfe_study_id009_bis/chkp_callback_poly_wfe_study_id009_256_bis_4_cycle1
63/63 - 173s - loss: 9.9922e-07 - mean_squared_error: 1.3979e-06 - val_loss: 8.7896e-09 - val_mean_squared_error: 8.7896e-09 - 173s/epoch - 3s/step
Epoch 68/100

Epoch 00068: mean_squared_error did not improve from 0.00000
63/63 - 172s - loss: 9.9963e-07 - mean_squared_error: 1.3982e-06 - val_loss: 8.5698e-09 - val_mean_squared_error: 8.5698e-09 - 172s/epoch - 3s/step
Epoch 69/100

Epoch 00069: mean_squared_error did not improve from 0.00000
63/63 - 172s - loss: 9.9958e-07 - mean_squared_error: 1.3981e-06 - val_loss: 9.0981e-09 - val_mean_squared_error: 9.0981e-09 - 172s/epoch - 3s/step
Epoch 70/100

Epoch 00070: mean_squared_error did not improve from 0.00000
63/63 - 172s - loss: 9.9981e-07 - mean_squared_error: 1.3984e-06 - val_loss: 8.5503e-09 - val_mean_squared_error: 8.5503e-09 - 172s/epoch - 3s/step
Epoch 71/100

Epoch 00071: mean_squared_error did not improve from 0.00000
63/63 - 172s - loss: 9.9969e-07 - mean_squared_error: 1.3983e-06 - val_loss: 9.4333e-09 - val_mean_squared_error: 9.4333e-09 - 172s/epoch - 3s/step
Epoch 72/100

Epoch 00072: mean_squared_error did not improve from 0.00000
63/63 - 172s - loss: 9.9957e-07 - mean_squared_error: 1.3981e-06 - val_loss: 8.1208e-09 - val_mean_squared_error: 8.1208e-09 - 172s/epoch - 3s/step
Epoch 73/100

Epoch 00073: mean_squared_error improved from 0.00000 to 0.00000, saving model to /gpfswork/rech/ynx/ulx23va/repo/wf-SEDs/model_WFE_size/wf-outputs/chkp/wfe_study_id009_bis/chkp_callback_poly_wfe_study_id009_256_bis_4_cycle1
63/63 - 172s - loss: 9.9874e-07 - mean_squared_error: 1.3975e-06 - val_loss: 8.6109e-09 - val_mean_squared_error: 8.6109e-09 - 172s/epoch - 3s/step
Epoch 74/100

Epoch 00074: mean_squared_error did not improve from 0.00000
63/63 - 172s - loss: 9.9903e-07 - mean_squared_error: 1.3975e-06 - val_loss: 8.3827e-09 - val_mean_squared_error: 8.3827e-09 - 172s/epoch - 3s/step
Epoch 75/100

Epoch 00075: mean_squared_error did not improve from 0.00000
63/63 - 172s - loss: 9.9993e-07 - mean_squared_error: 1.3981e-06 - val_loss: 8.5920e-09 - val_mean_squared_error: 8.5920e-09 - 172s/epoch - 3s/step
Epoch 76/100

Epoch 00076: mean_squared_error did not improve from 0.00000
63/63 - 172s - loss: 9.9886e-07 - mean_squared_error: 1.3976e-06 - val_loss: 7.8624e-09 - val_mean_squared_error: 7.8624e-09 - 172s/epoch - 3s/step
Epoch 77/100

Epoch 00077: mean_squared_error did not improve from 0.00000
63/63 - 173s - loss: 1.0006e-06 - mean_squared_error: 1.3991e-06 - val_loss: 7.6091e-09 - val_mean_squared_error: 7.6091e-09 - 173s/epoch - 3s/step
Epoch 78/100

Epoch 00078: mean_squared_error improved from 0.00000 to 0.00000, saving model to /gpfswork/rech/ynx/ulx23va/repo/wf-SEDs/model_WFE_size/wf-outputs/chkp/wfe_study_id009_bis/chkp_callback_poly_wfe_study_id009_256_bis_4_cycle1
63/63 - 172s - loss: 9.9818e-07 - mean_squared_error: 1.3971e-06 - val_loss: 7.9268e-09 - val_mean_squared_error: 7.9268e-09 - 172s/epoch - 3s/step
Epoch 79/100

Epoch 00079: mean_squared_error improved from 0.00000 to 0.00000, saving model to /gpfswork/rech/ynx/ulx23va/repo/wf-SEDs/model_WFE_size/wf-outputs/chkp/wfe_study_id009_bis/chkp_callback_poly_wfe_study_id009_256_bis_4_cycle1
63/63 - 172s - loss: 9.9814e-07 - mean_squared_error: 1.3970e-06 - val_loss: 7.9284e-09 - val_mean_squared_error: 7.9284e-09 - 172s/epoch - 3s/step
Epoch 80/100

Epoch 00080: mean_squared_error did not improve from 0.00000
63/63 - 172s - loss: 9.9988e-07 - mean_squared_error: 1.3983e-06 - val_loss: 1.0480e-08 - val_mean_squared_error: 1.0480e-08 - 172s/epoch - 3s/step
Epoch 81/100

Epoch 00081: mean_squared_error did not improve from 0.00000
63/63 - 172s - loss: 1.0012e-06 - mean_squared_error: 1.3991e-06 - val_loss: 8.8413e-09 - val_mean_squared_error: 8.8413e-09 - 172s/epoch - 3s/step
Epoch 82/100

Epoch 00082: mean_squared_error did not improve from 0.00000
63/63 - 173s - loss: 1.0031e-06 - mean_squared_error: 1.4007e-06 - val_loss: 8.1773e-09 - val_mean_squared_error: 8.1773e-09 - 173s/epoch - 3s/step
Epoch 83/100

Epoch 00083: mean_squared_error did not improve from 0.00000
63/63 - 172s - loss: 9.9826e-07 - mean_squared_error: 1.3971e-06 - val_loss: 9.2913e-09 - val_mean_squared_error: 9.2913e-09 - 172s/epoch - 3s/step
Epoch 84/100

Epoch 00084: mean_squared_error did not improve from 0.00000
63/63 - 172s - loss: 9.9870e-07 - mean_squared_error: 1.3974e-06 - val_loss: 8.3242e-09 - val_mean_squared_error: 8.3242e-09 - 172s/epoch - 3s/step
Epoch 85/100

Epoch 00085: mean_squared_error improved from 0.00000 to 0.00000, saving model to /gpfswork/rech/ynx/ulx23va/repo/wf-SEDs/model_WFE_size/wf-outputs/chkp/wfe_study_id009_bis/chkp_callback_poly_wfe_study_id009_256_bis_4_cycle1
63/63 - 172s - loss: 9.9800e-07 - mean_squared_error: 1.3968e-06 - val_loss: 7.1556e-09 - val_mean_squared_error: 7.1556e-09 - 172s/epoch - 3s/step
Epoch 86/100

Epoch 00086: mean_squared_error improved from 0.00000 to 0.00000, saving model to /gpfswork/rech/ynx/ulx23va/repo/wf-SEDs/model_WFE_size/wf-outputs/chkp/wfe_study_id009_bis/chkp_callback_poly_wfe_study_id009_256_bis_4_cycle1
63/63 - 172s - loss: 9.9728e-07 - mean_squared_error: 1.3962e-06 - val_loss: 6.8742e-09 - val_mean_squared_error: 6.8742e-09 - 172s/epoch - 3s/step
Epoch 87/100

Epoch 00087: mean_squared_error did not improve from 0.00000
63/63 - 172s - loss: 9.9787e-07 - mean_squared_error: 1.3966e-06 - val_loss: 7.7450e-09 - val_mean_squared_error: 7.7450e-09 - 172s/epoch - 3s/step
Epoch 88/100

Epoch 00088: mean_squared_error did not improve from 0.00000
63/63 - 172s - loss: 9.9872e-07 - mean_squared_error: 1.3972e-06 - val_loss: 1.2714e-08 - val_mean_squared_error: 1.2714e-08 - 172s/epoch - 3s/step
Epoch 89/100

Epoch 00089: mean_squared_error did not improve from 0.00000
63/63 - 172s - loss: 1.0160e-06 - mean_squared_error: 1.4110e-06 - val_loss: 1.1784e-08 - val_mean_squared_error: 1.1784e-08 - 172s/epoch - 3s/step
Epoch 90/100

Epoch 00090: mean_squared_error did not improve from 0.00000
63/63 - 172s - loss: 1.0013e-06 - mean_squared_error: 1.3992e-06 - val_loss: 8.5261e-09 - val_mean_squared_error: 8.5261e-09 - 172s/epoch - 3s/step
Epoch 91/100

Epoch 00091: mean_squared_error did not improve from 0.00000
63/63 - 173s - loss: 9.9845e-07 - mean_squared_error: 1.3969e-06 - val_loss: 7.1973e-09 - val_mean_squared_error: 7.1973e-09 - 173s/epoch - 3s/step
Epoch 92/100

Epoch 00092: mean_squared_error improved from 0.00000 to 0.00000, saving model to /gpfswork/rech/ynx/ulx23va/repo/wf-SEDs/model_WFE_size/wf-outputs/chkp/wfe_study_id009_bis/chkp_callback_poly_wfe_study_id009_256_bis_4_cycle1
63/63 - 172s - loss: 9.9692e-07 - mean_squared_error: 1.3960e-06 - val_loss: 7.5978e-09 - val_mean_squared_error: 7.5978e-09 - 172s/epoch - 3s/step
Epoch 93/100

Epoch 00093: mean_squared_error did not improve from 0.00000
63/63 - 172s - loss: 9.9722e-07 - mean_squared_error: 1.3962e-06 - val_loss: 8.0569e-09 - val_mean_squared_error: 8.0569e-09 - 172s/epoch - 3s/step
Epoch 94/100

Epoch 00094: mean_squared_error improved from 0.00000 to 0.00000, saving model to /gpfswork/rech/ynx/ulx23va/repo/wf-SEDs/model_WFE_size/wf-outputs/chkp/wfe_study_id009_bis/chkp_callback_poly_wfe_study_id009_256_bis_4_cycle1
63/63 - 173s - loss: 9.9681e-07 - mean_squared_error: 1.3959e-06 - val_loss: 6.9843e-09 - val_mean_squared_error: 6.9843e-09 - 173s/epoch - 3s/step
Epoch 95/100

Epoch 00095: mean_squared_error did not improve from 0.00000
63/63 - 172s - loss: 9.9889e-07 - mean_squared_error: 1.3973e-06 - val_loss: 9.4574e-09 - val_mean_squared_error: 9.4574e-09 - 172s/epoch - 3s/step
Epoch 96/100

Epoch 00096: mean_squared_error did not improve from 0.00000
63/63 - 172s - loss: 1.0004e-06 - mean_squared_error: 1.3987e-06 - val_loss: 6.9929e-09 - val_mean_squared_error: 6.9929e-09 - 172s/epoch - 3s/step
Epoch 97/100

Epoch 00097: mean_squared_error improved from 0.00000 to 0.00000, saving model to /gpfswork/rech/ynx/ulx23va/repo/wf-SEDs/model_WFE_size/wf-outputs/chkp/wfe_study_id009_bis/chkp_callback_poly_wfe_study_id009_256_bis_4_cycle1
63/63 - 172s - loss: 9.9660e-07 - mean_squared_error: 1.3957e-06 - val_loss: 6.9640e-09 - val_mean_squared_error: 6.9640e-09 - 172s/epoch - 3s/step
Epoch 98/100

Epoch 00098: mean_squared_error improved from 0.00000 to 0.00000, saving model to /gpfswork/rech/ynx/ulx23va/repo/wf-SEDs/model_WFE_size/wf-outputs/chkp/wfe_study_id009_bis/chkp_callback_poly_wfe_study_id009_256_bis_4_cycle1
63/63 - 172s - loss: 9.9614e-07 - mean_squared_error: 1.3954e-06 - val_loss: 7.2850e-09 - val_mean_squared_error: 7.2850e-09 - 172s/epoch - 3s/step
Epoch 99/100

Epoch 00099: mean_squared_error did not improve from 0.00000
63/63 - 172s - loss: 9.9676e-07 - mean_squared_error: 1.3959e-06 - val_loss: 7.3482e-09 - val_mean_squared_error: 7.3482e-09 - 172s/epoch - 3s/step
Epoch 100/100

Epoch 00100: mean_squared_error did not improve from 0.00000
63/63 - 173s - loss: 9.9827e-07 - mean_squared_error: 1.3970e-06 - val_loss: 1.1463e-08 - val_mean_squared_error: 1.1463e-08 - 173s/epoch - 3s/step
Cycle1 elapsed time: 19940.039643
Starting cycle 2..
Starting parametric update..
Epoch 1/15

Epoch 00001: mean_squared_error improved from inf to 0.00000, saving model to /gpfswork/rech/ynx/ulx23va/repo/wf-SEDs/model_WFE_size/wf-outputs/chkp/wfe_study_id009_bis/chkp_callback_poly_wfe_study_id009_256_bis_4_cycle2
63/63 - 176s - loss: 9.9946e-07 - mean_squared_error: 1.3976e-06 - val_loss: 9.9743e-09 - val_mean_squared_error: 9.9743e-09 - 176s/epoch - 3s/step
Epoch 2/15

Epoch 00002: mean_squared_error did not improve from 0.00000
63/63 - 173s - loss: 1.0018e-06 - mean_squared_error: 1.3996e-06 - val_loss: 1.2976e-08 - val_mean_squared_error: 1.2976e-08 - 173s/epoch - 3s/step
Epoch 3/15

Epoch 00003: mean_squared_error did not improve from 0.00000
63/63 - 173s - loss: 9.9925e-07 - mean_squared_error: 1.3978e-06 - val_loss: 8.9970e-09 - val_mean_squared_error: 8.9970e-09 - 173s/epoch - 3s/step
Epoch 4/15

Epoch 00004: mean_squared_error did not improve from 0.00000
63/63 - 173s - loss: 1.0028e-06 - mean_squared_error: 1.4007e-06 - val_loss: 1.4561e-08 - val_mean_squared_error: 1.4561e-08 - 173s/epoch - 3s/step
Epoch 5/15

Epoch 00005: mean_squared_error did not improve from 0.00000
63/63 - 174s - loss: 1.0125e-06 - mean_squared_error: 1.4084e-06 - val_loss: 1.4838e-08 - val_mean_squared_error: 1.4838e-08 - 174s/epoch - 3s/step
Epoch 6/15

Epoch 00006: mean_squared_error did not improve from 0.00000
63/63 - 173s - loss: 1.0051e-06 - mean_squared_error: 1.4026e-06 - val_loss: 2.0238e-08 - val_mean_squared_error: 2.0238e-08 - 173s/epoch - 3s/step
Epoch 7/15

Epoch 00007: mean_squared_error did not improve from 0.00000
63/63 - 173s - loss: 1.0091e-06 - mean_squared_error: 1.4062e-06 - val_loss: 1.0112e-08 - val_mean_squared_error: 1.0112e-08 - 173s/epoch - 3s/step
Epoch 8/15

Epoch 00008: mean_squared_error did not improve from 0.00000
63/63 - 173s - loss: 1.0199e-06 - mean_squared_error: 1.4143e-06 - val_loss: 2.2043e-08 - val_mean_squared_error: 2.2043e-08 - 173s/epoch - 3s/step
Epoch 9/15

Epoch 00009: mean_squared_error did not improve from 0.00000
63/63 - 173s - loss: 1.0096e-06 - mean_squared_error: 1.4062e-06 - val_loss: 1.2770e-08 - val_mean_squared_error: 1.2770e-08 - 173s/epoch - 3s/step
Epoch 10/15

Epoch 00010: mean_squared_error did not improve from 0.00000
63/63 - 174s - loss: 1.0050e-06 - mean_squared_error: 1.4025e-06 - val_loss: 1.4125e-08 - val_mean_squared_error: 1.4125e-08 - 174s/epoch - 3s/step
Epoch 11/15

Epoch 00011: mean_squared_error did not improve from 0.00000
63/63 - 173s - loss: 1.0288e-06 - mean_squared_error: 1.4228e-06 - val_loss: 3.0488e-08 - val_mean_squared_error: 3.0488e-08 - 173s/epoch - 3s/step
Epoch 12/15

Epoch 00012: mean_squared_error did not improve from 0.00000
63/63 - 174s - loss: 1.0128e-06 - mean_squared_error: 1.4090e-06 - val_loss: 1.3731e-08 - val_mean_squared_error: 1.3731e-08 - 174s/epoch - 3s/step
Epoch 13/15

Epoch 00013: mean_squared_error did not improve from 0.00000
63/63 - 173s - loss: 1.0062e-06 - mean_squared_error: 1.4033e-06 - val_loss: 1.4261e-08 - val_mean_squared_error: 1.4261e-08 - 173s/epoch - 3s/step
Epoch 14/15

Epoch 00014: mean_squared_error did not improve from 0.00000
63/63 - 173s - loss: 1.0083e-06 - mean_squared_error: 1.4055e-06 - val_loss: 1.5597e-08 - val_mean_squared_error: 1.5597e-08 - 173s/epoch - 3s/step
Epoch 15/15

Epoch 00015: mean_squared_error did not improve from 0.00000
63/63 - 174s - loss: 1.0268e-06 - mean_squared_error: 1.4187e-06 - val_loss: 3.3089e-08 - val_mean_squared_error: 3.3089e-08 - 174s/epoch - 3s/step
Starting non-parametric update..
Epoch 1/50

Epoch 00001: mean_squared_error did not improve from 0.00000
63/63 - 176s - loss: 1.0025e-06 - mean_squared_error: 1.4009e-06 - val_loss: 6.6841e-09 - val_mean_squared_error: 6.6841e-09 - 176s/epoch - 3s/step
Epoch 2/50

Epoch 00002: mean_squared_error improved from 0.00000 to 0.00000, saving model to /gpfswork/rech/ynx/ulx23va/repo/wf-SEDs/model_WFE_size/wf-outputs/chkp/wfe_study_id009_bis/chkp_callback_poly_wfe_study_id009_256_bis_4_cycle2
63/63 - 175s - loss: 9.9510e-07 - mean_squared_error: 1.3946e-06 - val_loss: 5.9605e-09 - val_mean_squared_error: 5.9605e-09 - 175s/epoch - 3s/step
Epoch 3/50

Epoch 00003: mean_squared_error improved from 0.00000 to 0.00000, saving model to /gpfswork/rech/ynx/ulx23va/repo/wf-SEDs/model_WFE_size/wf-outputs/chkp/wfe_study_id009_bis/chkp_callback_poly_wfe_study_id009_256_bis_4_cycle2
63/63 - 173s - loss: 9.9469e-07 - mean_squared_error: 1.3942e-06 - val_loss: 5.7837e-09 - val_mean_squared_error: 5.7837e-09 - 173s/epoch - 3s/step
Epoch 4/50

Epoch 00004: mean_squared_error improved from 0.00000 to 0.00000, saving model to /gpfswork/rech/ynx/ulx23va/repo/wf-SEDs/model_WFE_size/wf-outputs/chkp/wfe_study_id009_bis/chkp_callback_poly_wfe_study_id009_256_bis_4_cycle2
63/63 - 176s - loss: 9.9455e-07 - mean_squared_error: 1.3941e-06 - val_loss: 5.6278e-09 - val_mean_squared_error: 5.6278e-09 - 176s/epoch - 3s/step
Epoch 5/50

Epoch 00005: mean_squared_error improved from 0.00000 to 0.00000, saving model to /gpfswork/rech/ynx/ulx23va/repo/wf-SEDs/model_WFE_size/wf-outputs/chkp/wfe_study_id009_bis/chkp_callback_poly_wfe_study_id009_256_bis_4_cycle2
63/63 - 174s - loss: 9.9446e-07 - mean_squared_error: 1.3940e-06 - val_loss: 5.6901e-09 - val_mean_squared_error: 5.6901e-09 - 174s/epoch - 3s/step
Epoch 6/50

Epoch 00006: mean_squared_error improved from 0.00000 to 0.00000, saving model to /gpfswork/rech/ynx/ulx23va/repo/wf-SEDs/model_WFE_size/wf-outputs/chkp/wfe_study_id009_bis/chkp_callback_poly_wfe_study_id009_256_bis_4_cycle2
63/63 - 175s - loss: 9.9446e-07 - mean_squared_error: 1.3940e-06 - val_loss: 5.6351e-09 - val_mean_squared_error: 5.6351e-09 - 175s/epoch - 3s/step
Epoch 7/50

Epoch 00007: mean_squared_error did not improve from 0.00000
63/63 - 174s - loss: 9.9448e-07 - mean_squared_error: 1.3940e-06 - val_loss: 5.6097e-09 - val_mean_squared_error: 5.6097e-09 - 174s/epoch - 3s/step
Epoch 8/50

Epoch 00008: mean_squared_error did not improve from 0.00000
63/63 - 174s - loss: 9.9446e-07 - mean_squared_error: 1.3940e-06 - val_loss: 5.5864e-09 - val_mean_squared_error: 5.5864e-09 - 174s/epoch - 3s/step
Epoch 9/50

Epoch 00009: mean_squared_error did not improve from 0.00000
63/63 - 174s - loss: 9.9448e-07 - mean_squared_error: 1.3940e-06 - val_loss: 5.5320e-09 - val_mean_squared_error: 5.5320e-09 - 174s/epoch - 3s/step
Epoch 10/50

Epoch 00010: mean_squared_error improved from 0.00000 to 0.00000, saving model to /gpfswork/rech/ynx/ulx23va/repo/wf-SEDs/model_WFE_size/wf-outputs/chkp/wfe_study_id009_bis/chkp_callback_poly_wfe_study_id009_256_bis_4_cycle2
63/63 - 174s - loss: 9.9444e-07 - mean_squared_error: 1.3940e-06 - val_loss: 5.5720e-09 - val_mean_squared_error: 5.5720e-09 - 174s/epoch - 3s/step
Epoch 11/50

Epoch 00011: mean_squared_error improved from 0.00000 to 0.00000, saving model to /gpfswork/rech/ynx/ulx23va/repo/wf-SEDs/model_WFE_size/wf-outputs/chkp/wfe_study_id009_bis/chkp_callback_poly_wfe_study_id009_256_bis_4_cycle2
63/63 - 175s - loss: 9.9438e-07 - mean_squared_error: 1.3940e-06 - val_loss: 5.5573e-09 - val_mean_squared_error: 5.5573e-09 - 175s/epoch - 3s/step
Epoch 12/50

Epoch 00012: mean_squared_error did not improve from 0.00000
63/63 - 175s - loss: 9.9441e-07 - mean_squared_error: 1.3940e-06 - val_loss: 5.5422e-09 - val_mean_squared_error: 5.5422e-09 - 175s/epoch - 3s/step
Epoch 13/50

Epoch 00013: mean_squared_error did not improve from 0.00000
63/63 - 174s - loss: 9.9446e-07 - mean_squared_error: 1.3940e-06 - val_loss: 5.5760e-09 - val_mean_squared_error: 5.5760e-09 - 174s/epoch - 3s/step
Epoch 14/50

Epoch 00014: mean_squared_error did not improve from 0.00000
63/63 - 174s - loss: 9.9442e-07 - mean_squared_error: 1.3940e-06 - val_loss: 5.7078e-09 - val_mean_squared_error: 5.7078e-09 - 174s/epoch - 3s/step
Epoch 15/50

Epoch 00015: mean_squared_error did not improve from 0.00000
63/63 - 174s - loss: 9.9445e-07 - mean_squared_error: 1.3940e-06 - val_loss: 5.7045e-09 - val_mean_squared_error: 5.7045e-09 - 174s/epoch - 3s/step
Epoch 16/50

Epoch 00016: mean_squared_error did not improve from 0.00000
63/63 - 175s - loss: 9.9440e-07 - mean_squared_error: 1.3940e-06 - val_loss: 5.5506e-09 - val_mean_squared_error: 5.5506e-09 - 175s/epoch - 3s/step
Epoch 17/50

Epoch 00017: mean_squared_error improved from 0.00000 to 0.00000, saving model to /gpfswork/rech/ynx/ulx23va/repo/wf-SEDs/model_WFE_size/wf-outputs/chkp/wfe_study_id009_bis/chkp_callback_poly_wfe_study_id009_256_bis_4_cycle2
63/63 - 174s - loss: 9.9432e-07 - mean_squared_error: 1.3939e-06 - val_loss: 5.5294e-09 - val_mean_squared_error: 5.5294e-09 - 174s/epoch - 3s/step
Epoch 18/50

Epoch 00018: mean_squared_error improved from 0.00000 to 0.00000, saving model to /gpfswork/rech/ynx/ulx23va/repo/wf-SEDs/model_WFE_size/wf-outputs/chkp/wfe_study_id009_bis/chkp_callback_poly_wfe_study_id009_256_bis_4_cycle2
63/63 - 174s - loss: 9.9431e-07 - mean_squared_error: 1.3939e-06 - val_loss: 5.5646e-09 - val_mean_squared_error: 5.5646e-09 - 174s/epoch - 3s/step
Epoch 19/50

Epoch 00019: mean_squared_error did not improve from 0.00000
63/63 - 173s - loss: 9.9437e-07 - mean_squared_error: 1.3939e-06 - val_loss: 5.5112e-09 - val_mean_squared_error: 5.5112e-09 - 173s/epoch - 3s/step
Epoch 20/50

Epoch 00020: mean_squared_error did not improve from 0.00000
63/63 - 173s - loss: 9.9445e-07 - mean_squared_error: 1.3940e-06 - val_loss: 5.4136e-09 - val_mean_squared_error: 5.4136e-09 - 173s/epoch - 3s/step
Epoch 21/50

Epoch 00021: mean_squared_error did not improve from 0.00000
63/63 - 173s - loss: 9.9448e-07 - mean_squared_error: 1.3940e-06 - val_loss: 5.6119e-09 - val_mean_squared_error: 5.6119e-09 - 173s/epoch - 3s/step
Epoch 22/50

Epoch 00022: mean_squared_error did not improve from 0.00000
63/63 - 173s - loss: 9.9437e-07 - mean_squared_error: 1.3939e-06 - val_loss: 5.4704e-09 - val_mean_squared_error: 5.4704e-09 - 173s/epoch - 3s/step
Epoch 23/50

Epoch 00023: mean_squared_error did not improve from 0.00000
63/63 - 172s - loss: 9.9436e-07 - mean_squared_error: 1.3939e-06 - val_loss: 5.5506e-09 - val_mean_squared_error: 5.5506e-09 - 172s/epoch - 3s/step
Epoch 24/50

Epoch 00024: mean_squared_error improved from 0.00000 to 0.00000, saving model to /gpfswork/rech/ynx/ulx23va/repo/wf-SEDs/model_WFE_size/wf-outputs/chkp/wfe_study_id009_bis/chkp_callback_poly_wfe_study_id009_256_bis_4_cycle2
63/63 - 173s - loss: 9.9423e-07 - mean_squared_error: 1.3938e-06 - val_loss: 5.5331e-09 - val_mean_squared_error: 5.5331e-09 - 173s/epoch - 3s/step
Epoch 25/50

Epoch 00025: mean_squared_error did not improve from 0.00000
63/63 - 172s - loss: 9.9440e-07 - mean_squared_error: 1.3939e-06 - val_loss: 5.6315e-09 - val_mean_squared_error: 5.6315e-09 - 172s/epoch - 3s/step
Epoch 26/50

Epoch 00026: mean_squared_error did not improve from 0.00000
63/63 - 173s - loss: 9.9439e-07 - mean_squared_error: 1.3939e-06 - val_loss: 5.5507e-09 - val_mean_squared_error: 5.5507e-09 - 173s/epoch - 3s/step
Epoch 27/50

Epoch 00027: mean_squared_error improved from 0.00000 to 0.00000, saving model to /gpfswork/rech/ynx/ulx23va/repo/wf-SEDs/model_WFE_size/wf-outputs/chkp/wfe_study_id009_bis/chkp_callback_poly_wfe_study_id009_256_bis_4_cycle2
63/63 - 173s - loss: 9.9424e-07 - mean_squared_error: 1.3938e-06 - val_loss: 5.6035e-09 - val_mean_squared_error: 5.6035e-09 - 173s/epoch - 3s/step
Epoch 28/50

Epoch 00028: mean_squared_error improved from 0.00000 to 0.00000, saving model to /gpfswork/rech/ynx/ulx23va/repo/wf-SEDs/model_WFE_size/wf-outputs/chkp/wfe_study_id009_bis/chkp_callback_poly_wfe_study_id009_256_bis_4_cycle2
63/63 - 173s - loss: 9.9422e-07 - mean_squared_error: 1.3938e-06 - val_loss: 5.4124e-09 - val_mean_squared_error: 5.4124e-09 - 173s/epoch - 3s/step
Epoch 29/50

Epoch 00029: mean_squared_error did not improve from 0.00000
63/63 - 173s - loss: 9.9434e-07 - mean_squared_error: 1.3939e-06 - val_loss: 5.6483e-09 - val_mean_squared_error: 5.6483e-09 - 173s/epoch - 3s/step
Epoch 30/50

Epoch 00030: mean_squared_error did not improve from 0.00000
63/63 - 173s - loss: 9.9423e-07 - mean_squared_error: 1.3938e-06 - val_loss: 5.7409e-09 - val_mean_squared_error: 5.7409e-09 - 173s/epoch - 3s/step
Epoch 31/50

Epoch 00031: mean_squared_error did not improve from 0.00000
63/63 - 174s - loss: 9.9436e-07 - mean_squared_error: 1.3939e-06 - val_loss: 5.7504e-09 - val_mean_squared_error: 5.7504e-09 - 174s/epoch - 3s/step
Epoch 32/50

Epoch 00032: mean_squared_error did not improve from 0.00000
63/63 - 173s - loss: 9.9433e-07 - mean_squared_error: 1.3938e-06 - val_loss: 5.6295e-09 - val_mean_squared_error: 5.6295e-09 - 173s/epoch - 3s/step
Epoch 33/50

Epoch 00033: mean_squared_error did not improve from 0.00000
63/63 - 173s - loss: 9.9426e-07 - mean_squared_error: 1.3938e-06 - val_loss: 5.9724e-09 - val_mean_squared_error: 5.9724e-09 - 173s/epoch - 3s/step
Epoch 34/50

Epoch 00034: mean_squared_error did not improve from 0.00000
63/63 - 173s - loss: 9.9434e-07 - mean_squared_error: 1.3939e-06 - val_loss: 5.5056e-09 - val_mean_squared_error: 5.5056e-09 - 173s/epoch - 3s/step
Epoch 35/50

Epoch 00035: mean_squared_error improved from 0.00000 to 0.00000, saving model to /gpfswork/rech/ynx/ulx23va/repo/wf-SEDs/model_WFE_size/wf-outputs/chkp/wfe_study_id009_bis/chkp_callback_poly_wfe_study_id009_256_bis_4_cycle2
63/63 - 173s - loss: 9.9413e-07 - mean_squared_error: 1.3937e-06 - val_loss: 5.8387e-09 - val_mean_squared_error: 5.8387e-09 - 173s/epoch - 3s/step
Epoch 36/50

Epoch 00036: mean_squared_error did not improve from 0.00000
63/63 - 173s - loss: 9.9436e-07 - mean_squared_error: 1.3939e-06 - val_loss: 5.6271e-09 - val_mean_squared_error: 5.6271e-09 - 173s/epoch - 3s/step
Epoch 37/50

Epoch 00037: mean_squared_error did not improve from 0.00000
63/63 - 173s - loss: 9.9442e-07 - mean_squared_error: 1.3939e-06 - val_loss: 5.4878e-09 - val_mean_squared_error: 5.4878e-09 - 173s/epoch - 3s/step
Epoch 38/50

Epoch 00038: mean_squared_error did not improve from 0.00000
63/63 - 173s - loss: 9.9422e-07 - mean_squared_error: 1.3938e-06 - val_loss: 5.5380e-09 - val_mean_squared_error: 5.5380e-09 - 173s/epoch - 3s/step
Epoch 39/50

Epoch 00039: mean_squared_error did not improve from 0.00000
63/63 - 172s - loss: 9.9417e-07 - mean_squared_error: 1.3937e-06 - val_loss: 5.7708e-09 - val_mean_squared_error: 5.7708e-09 - 172s/epoch - 3s/step
Epoch 40/50

Epoch 00040: mean_squared_error improved from 0.00000 to 0.00000, saving model to /gpfswork/rech/ynx/ulx23va/repo/wf-SEDs/model_WFE_size/wf-outputs/chkp/wfe_study_id009_bis/chkp_callback_poly_wfe_study_id009_256_bis_4_cycle2
63/63 - 174s - loss: 9.9414e-07 - mean_squared_error: 1.3936e-06 - val_loss: 5.6869e-09 - val_mean_squared_error: 5.6869e-09 - 174s/epoch - 3s/step
Epoch 41/50

Epoch 00041: mean_squared_error did not improve from 0.00000
63/63 - 172s - loss: 9.9425e-07 - mean_squared_error: 1.3938e-06 - val_loss: 5.3355e-09 - val_mean_squared_error: 5.3355e-09 - 172s/epoch - 3s/step
Epoch 42/50

Epoch 00042: mean_squared_error improved from 0.00000 to 0.00000, saving model to /gpfswork/rech/ynx/ulx23va/repo/wf-SEDs/model_WFE_size/wf-outputs/chkp/wfe_study_id009_bis/chkp_callback_poly_wfe_study_id009_256_bis_4_cycle2
63/63 - 173s - loss: 9.9401e-07 - mean_squared_error: 1.3936e-06 - val_loss: 5.2343e-09 - val_mean_squared_error: 5.2343e-09 - 173s/epoch - 3s/step
Epoch 43/50

Epoch 00043: mean_squared_error did not improve from 0.00000
63/63 - 172s - loss: 9.9408e-07 - mean_squared_error: 1.3937e-06 - val_loss: 5.2597e-09 - val_mean_squared_error: 5.2597e-09 - 172s/epoch - 3s/step
Epoch 44/50

Epoch 00044: mean_squared_error did not improve from 0.00000
63/63 - 173s - loss: 9.9442e-07 - mean_squared_error: 1.3939e-06 - val_loss: 5.2710e-09 - val_mean_squared_error: 5.2710e-09 - 173s/epoch - 3s/step
Epoch 45/50

Epoch 00045: mean_squared_error improved from 0.00000 to 0.00000, saving model to /gpfswork/rech/ynx/ulx23va/repo/wf-SEDs/model_WFE_size/wf-outputs/chkp/wfe_study_id009_bis/chkp_callback_poly_wfe_study_id009_256_bis_4_cycle2
63/63 - 173s - loss: 9.9405e-07 - mean_squared_error: 1.3936e-06 - val_loss: 5.5383e-09 - val_mean_squared_error: 5.5383e-09 - 173s/epoch - 3s/step
Epoch 46/50

Epoch 00046: mean_squared_error improved from 0.00000 to 0.00000, saving model to /gpfswork/rech/ynx/ulx23va/repo/wf-SEDs/model_WFE_size/wf-outputs/chkp/wfe_study_id009_bis/chkp_callback_poly_wfe_study_id009_256_bis_4_cycle2
63/63 - 174s - loss: 9.9385e-07 - mean_squared_error: 1.3935e-06 - val_loss: 5.3264e-09 - val_mean_squared_error: 5.3264e-09 - 174s/epoch - 3s/step
Epoch 47/50

Epoch 00047: mean_squared_error improved from 0.00000 to 0.00000, saving model to /gpfswork/rech/ynx/ulx23va/repo/wf-SEDs/model_WFE_size/wf-outputs/chkp/wfe_study_id009_bis/chkp_callback_poly_wfe_study_id009_256_bis_4_cycle2
63/63 - 174s - loss: 9.9396e-07 - mean_squared_error: 1.3934e-06 - val_loss: 6.1987e-09 - val_mean_squared_error: 6.1987e-09 - 174s/epoch - 3s/step
Epoch 48/50

Epoch 00048: mean_squared_error did not improve from 0.00000
63/63 - 174s - loss: 9.9478e-07 - mean_squared_error: 1.3942e-06 - val_loss: 5.5928e-09 - val_mean_squared_error: 5.5928e-09 - 174s/epoch - 3s/step
Epoch 49/50

Epoch 00049: mean_squared_error did not improve from 0.00000
63/63 - 174s - loss: 9.9387e-07 - mean_squared_error: 1.3935e-06 - val_loss: 5.3355e-09 - val_mean_squared_error: 5.3355e-09 - 174s/epoch - 3s/step
Epoch 50/50

Epoch 00050: mean_squared_error did not improve from 0.00000
63/63 - 174s - loss: 9.9400e-07 - mean_squared_error: 1.3935e-06 - val_loss: 5.2858e-09 - val_mean_squared_error: 5.2858e-09 - 174s/epoch - 3s/step
Cycle2 elapsed time: 11282.621800

Total elapsed time: 31226.741741

 Good bye..
