Starting the log file.
Found GPU at: /device:GPU:0
tf_version: 2.7.0
Dataset parameters:
{'d_max': 2, 'max_order': 45, 'x_lims': [0, 1000.0], 'y_lims': [0, 1000.0], 'grid_points': [4, 4], 'n_bins': 20, 'max_wfe_rms': 0.1, 'oversampling_rate': 3.0, 'output_Q': 3.0, 'output_dim': 32, 'LP_filter_length': 2, 'pupil_diameter': 4096, 'euclid_obsc': True, 'n_stars': 2000}

***
Metric evaluation on the test dataset
***

Absolute RMSE:	 9.7946e-05 	 +/- 2.7421e-05
Relative RMSE:	 1.3188e+00 % 	 +/- 4.3105e-01 %
Absolute RMSE:	 1.5752e-01 	 +/- 2.3639e-02
Relative RMSE:	 2.0121e+02 % 	 +/- 1.1335e+01 %

Pixel star absolute RMSE:	 6.4814e-05 	 +/- 2.3567e-05 
Pixel star relative RMSE:	 4.3042e+00 % 	 +/- 1.6974e+00 %

sigma(e1) RMSE =		 1.4803e-02 	 +/- 1.1135e-02 
sigma(e2) RMSE =		 8.1103e-03 	 +/- 6.9373e-03 
sigma(R2)/<R2> =		 2.9284e-02 	 +/- 2.2790e-02 

Relative sigma(e1) RMSE =	 4.6910e+02 % 	 +/- 4.6520e+02 %
Relative sigma(e2) RMSE =	 7.2128e+02 % 	 +/- 7.2117e+02 %

Total number of stars: 		400
Problematic number of stars: 	0

***
Metric evaluation on the train dataset
***

Absolute RMSE:	 9.5061e-05 	 +/- 2.4653e-05
Relative RMSE:	 1.2840e+00 % 	 +/- 4.3214e-01 %
Absolute RMSE:	 1.5761e-01 	 +/- 2.4120e-02
Relative RMSE:	 2.0188e+02 % 	 +/- 1.2115e+01 %

Pixel star absolute RMSE:	 6.4252e-05 	 +/- 2.4973e-05 
Pixel star relative RMSE:	 4.2701e+00 % 	 +/- 1.8174e+00 %

sigma(e1) RMSE =		 1.5216e-02 	 +/- 1.1627e-02 
sigma(e2) RMSE =		 8.1245e-03 	 +/- 6.8412e-03 
sigma(R2)/<R2> =		 3.6430e-02 	 +/- 2.4300e-02 

Relative sigma(e1) RMSE =	 1.7038e+03 % 	 +/- 1.7037e+03 %
Relative sigma(e2) RMSE =	 1.0418e+03 % 	 +/- 1.0412e+03 %

Total number of stars: 		2000
Problematic number of stars: 	0

Total elapsed time: 2198.712451

 Good bye..
