Starting the log file.
Found GPU at: /device:GPU:0
tf_version: 2.7.0
Zernike cube:
(15, 64, 64)
Dataset parameters:
{'d_max': 2, 'max_order': 45, 'x_lims': [0, 1000.0], 'y_lims': [0, 1000.0], 'grid_points': [4, 4], 'n_bins': 20, 'max_wfe_rms': 0.1, 'oversampling_rate': 3.0, 'output_Q': 3.0, 'output_dim': 32, 'LP_filter_length': 2, 'pupil_diameter': 4096, 'euclid_obsc': True, 'n_stars': 2000}
Starting cycle 1..
Starting parametric update..
Epoch 1/15

Epoch 00001: mean_squared_error improved from inf to 0.00001, saving model to /gpfswork/rech/ynx/ulx23va/repo/wf-SEDs/model_WFE_size/wf-outputs/chkp/wfe_study_id009_bis/chkp_callback_poly_wfe_study_id009_064_bis_7_cycle1
63/63 - 152s - loss: 8.8738e-06 - mean_squared_error: 7.9415e-06 - val_loss: 2.1300e-06 - val_mean_squared_error: 2.1300e-06 - 152s/epoch - 2s/step
Epoch 2/15

Epoch 00002: mean_squared_error improved from 0.00001 to 0.00000, saving model to /gpfswork/rech/ynx/ulx23va/repo/wf-SEDs/model_WFE_size/wf-outputs/chkp/wfe_study_id009_bis/chkp_callback_poly_wfe_study_id009_064_bis_7_cycle1
63/63 - 147s - loss: 2.8432e-06 - mean_squared_error: 2.9850e-06 - val_loss: 1.2313e-06 - val_mean_squared_error: 1.2313e-06 - 147s/epoch - 2s/step
Epoch 3/15

Epoch 00003: mean_squared_error improved from 0.00000 to 0.00000, saving model to /gpfswork/rech/ynx/ulx23va/repo/wf-SEDs/model_WFE_size/wf-outputs/chkp/wfe_study_id009_bis/chkp_callback_poly_wfe_study_id009_064_bis_7_cycle1
63/63 - 147s - loss: 2.3228e-06 - mean_squared_error: 2.5128e-06 - val_loss: 9.0533e-07 - val_mean_squared_error: 9.0533e-07 - 147s/epoch - 2s/step
Epoch 4/15

Epoch 00004: mean_squared_error improved from 0.00000 to 0.00000, saving model to /gpfswork/rech/ynx/ulx23va/repo/wf-SEDs/model_WFE_size/wf-outputs/chkp/wfe_study_id009_bis/chkp_callback_poly_wfe_study_id009_064_bis_7_cycle1
63/63 - 147s - loss: 2.0252e-06 - mean_squared_error: 2.2435e-06 - val_loss: 7.7082e-07 - val_mean_squared_error: 7.7082e-07 - 147s/epoch - 2s/step
Epoch 5/15

Epoch 00005: mean_squared_error improved from 0.00000 to 0.00000, saving model to /gpfswork/rech/ynx/ulx23va/repo/wf-SEDs/model_WFE_size/wf-outputs/chkp/wfe_study_id009_bis/chkp_callback_poly_wfe_study_id009_064_bis_7_cycle1
63/63 - 146s - loss: 1.8887e-06 - mean_squared_error: 2.1237e-06 - val_loss: 6.7187e-07 - val_mean_squared_error: 6.7187e-07 - 146s/epoch - 2s/step
Epoch 6/15

Epoch 00006: mean_squared_error improved from 0.00000 to 0.00000, saving model to /gpfswork/rech/ynx/ulx23va/repo/wf-SEDs/model_WFE_size/wf-outputs/chkp/wfe_study_id009_bis/chkp_callback_poly_wfe_study_id009_064_bis_7_cycle1
63/63 - 147s - loss: 1.8219e-06 - mean_squared_error: 2.0595e-06 - val_loss: 6.2273e-07 - val_mean_squared_error: 6.2273e-07 - 147s/epoch - 2s/step
Epoch 7/15

Epoch 00007: mean_squared_error improved from 0.00000 to 0.00000, saving model to /gpfswork/rech/ynx/ulx23va/repo/wf-SEDs/model_WFE_size/wf-outputs/chkp/wfe_study_id009_bis/chkp_callback_poly_wfe_study_id009_064_bis_7_cycle1
63/63 - 147s - loss: 1.8066e-06 - mean_squared_error: 2.0505e-06 - val_loss: 6.3639e-07 - val_mean_squared_error: 6.3639e-07 - 147s/epoch - 2s/step
Epoch 8/15

Epoch 00008: mean_squared_error did not improve from 0.00000
63/63 - 147s - loss: 1.8196e-06 - mean_squared_error: 2.0545e-06 - val_loss: 7.3258e-07 - val_mean_squared_error: 7.3258e-07 - 147s/epoch - 2s/step
Epoch 9/15

Epoch 00009: mean_squared_error did not improve from 0.00000
63/63 - 147s - loss: 1.8203e-06 - mean_squared_error: 2.0610e-06 - val_loss: 6.8662e-07 - val_mean_squared_error: 6.8662e-07 - 147s/epoch - 2s/step
Epoch 10/15

Epoch 00010: mean_squared_error did not improve from 0.00000
63/63 - 147s - loss: 1.8222e-06 - mean_squared_error: 2.0625e-06 - val_loss: 6.1869e-07 - val_mean_squared_error: 6.1869e-07 - 147s/epoch - 2s/step
Epoch 11/15

Epoch 00011: mean_squared_error did not improve from 0.00000
63/63 - 146s - loss: 1.8196e-06 - mean_squared_error: 2.0632e-06 - val_loss: 6.5930e-07 - val_mean_squared_error: 6.5930e-07 - 146s/epoch - 2s/step
Epoch 12/15

Epoch 00012: mean_squared_error did not improve from 0.00000
63/63 - 146s - loss: 1.8322e-06 - mean_squared_error: 2.0710e-06 - val_loss: 7.2220e-07 - val_mean_squared_error: 7.2220e-07 - 146s/epoch - 2s/step
Epoch 13/15

Epoch 00013: mean_squared_error did not improve from 0.00000
63/63 - 147s - loss: 1.8670e-06 - mean_squared_error: 2.1017e-06 - val_loss: 6.4890e-07 - val_mean_squared_error: 6.4890e-07 - 147s/epoch - 2s/step
Epoch 14/15

Epoch 00014: mean_squared_error did not improve from 0.00000
63/63 - 146s - loss: 1.9644e-06 - mean_squared_error: 2.1835e-06 - val_loss: 7.3479e-07 - val_mean_squared_error: 7.3479e-07 - 146s/epoch - 2s/step
Epoch 15/15

Epoch 00015: mean_squared_error did not improve from 0.00000
63/63 - 146s - loss: 1.9136e-06 - mean_squared_error: 2.1477e-06 - val_loss: 6.4354e-07 - val_mean_squared_error: 6.4354e-07 - 146s/epoch - 2s/step
Starting non-parametric update..
Epoch 1/100

Epoch 00001: mean_squared_error improved from 0.00000 to 0.00000, saving model to /gpfswork/rech/ynx/ulx23va/repo/wf-SEDs/model_WFE_size/wf-outputs/chkp/wfe_study_id009_bis/chkp_callback_poly_wfe_study_id009_064_bis_7_cycle1
63/63 - 141s - loss: 1.6083e-06 - mean_squared_error: 1.8978e-06 - val_loss: 3.5259e-07 - val_mean_squared_error: 3.5259e-07 - 141s/epoch - 2s/step
Epoch 2/100

Epoch 00002: mean_squared_error improved from 0.00000 to 0.00000, saving model to /gpfswork/rech/ynx/ulx23va/repo/wf-SEDs/model_WFE_size/wf-outputs/chkp/wfe_study_id009_bis/chkp_callback_poly_wfe_study_id009_064_bis_7_cycle1
63/63 - 139s - loss: 1.3235e-06 - mean_squared_error: 1.6735e-06 - val_loss: 2.2624e-07 - val_mean_squared_error: 2.2624e-07 - 139s/epoch - 2s/step
Epoch 3/100

Epoch 00003: mean_squared_error improved from 0.00000 to 0.00000, saving model to /gpfswork/rech/ynx/ulx23va/repo/wf-SEDs/model_WFE_size/wf-outputs/chkp/wfe_study_id009_bis/chkp_callback_poly_wfe_study_id009_064_bis_7_cycle1
63/63 - 138s - loss: 1.2167e-06 - mean_squared_error: 1.5835e-06 - val_loss: 1.6455e-07 - val_mean_squared_error: 1.6455e-07 - 138s/epoch - 2s/step
Epoch 4/100

Epoch 00004: mean_squared_error improved from 0.00000 to 0.00000, saving model to /gpfswork/rech/ynx/ulx23va/repo/wf-SEDs/model_WFE_size/wf-outputs/chkp/wfe_study_id009_bis/chkp_callback_poly_wfe_study_id009_064_bis_7_cycle1
63/63 - 137s - loss: 1.1629e-06 - mean_squared_error: 1.5370e-06 - val_loss: 1.2461e-07 - val_mean_squared_error: 1.2461e-07 - 137s/epoch - 2s/step
Epoch 5/100

Epoch 00005: mean_squared_error improved from 0.00000 to 0.00000, saving model to /gpfswork/rech/ynx/ulx23va/repo/wf-SEDs/model_WFE_size/wf-outputs/chkp/wfe_study_id009_bis/chkp_callback_poly_wfe_study_id009_064_bis_7_cycle1
63/63 - 137s - loss: 1.1186e-06 - mean_squared_error: 1.4996e-06 - val_loss: 1.0023e-07 - val_mean_squared_error: 1.0023e-07 - 137s/epoch - 2s/step
Epoch 6/100

Epoch 00006: mean_squared_error improved from 0.00000 to 0.00000, saving model to /gpfswork/rech/ynx/ulx23va/repo/wf-SEDs/model_WFE_size/wf-outputs/chkp/wfe_study_id009_bis/chkp_callback_poly_wfe_study_id009_064_bis_7_cycle1
63/63 - 138s - loss: 1.1120e-06 - mean_squared_error: 1.4908e-06 - val_loss: 8.7527e-08 - val_mean_squared_error: 8.7527e-08 - 138s/epoch - 2s/step
Epoch 7/100

Epoch 00007: mean_squared_error improved from 0.00000 to 0.00000, saving model to /gpfswork/rech/ynx/ulx23va/repo/wf-SEDs/model_WFE_size/wf-outputs/chkp/wfe_study_id009_bis/chkp_callback_poly_wfe_study_id009_064_bis_7_cycle1
63/63 - 138s - loss: 1.0986e-06 - mean_squared_error: 1.4818e-06 - val_loss: 8.0369e-08 - val_mean_squared_error: 8.0369e-08 - 138s/epoch - 2s/step
Epoch 8/100

Epoch 00008: mean_squared_error improved from 0.00000 to 0.00000, saving model to /gpfswork/rech/ynx/ulx23va/repo/wf-SEDs/model_WFE_size/wf-outputs/chkp/wfe_study_id009_bis/chkp_callback_poly_wfe_study_id009_064_bis_7_cycle1
63/63 - 138s - loss: 1.0800e-06 - mean_squared_error: 1.4654e-06 - val_loss: 7.1798e-08 - val_mean_squared_error: 7.1798e-08 - 138s/epoch - 2s/step
Epoch 9/100

Epoch 00009: mean_squared_error did not improve from 0.00000
63/63 - 137s - loss: 1.1011e-06 - mean_squared_error: 1.4781e-06 - val_loss: 1.2575e-07 - val_mean_squared_error: 1.2575e-07 - 137s/epoch - 2s/step
Epoch 10/100

Epoch 00010: mean_squared_error did not improve from 0.00000
63/63 - 137s - loss: 1.1003e-06 - mean_squared_error: 1.4790e-06 - val_loss: 6.4000e-08 - val_mean_squared_error: 6.4000e-08 - 137s/epoch - 2s/step
Epoch 11/100

Epoch 00011: mean_squared_error improved from 0.00000 to 0.00000, saving model to /gpfswork/rech/ynx/ulx23va/repo/wf-SEDs/model_WFE_size/wf-outputs/chkp/wfe_study_id009_bis/chkp_callback_poly_wfe_study_id009_064_bis_7_cycle1
63/63 - 135s - loss: 1.0624e-06 - mean_squared_error: 1.4497e-06 - val_loss: 6.0333e-08 - val_mean_squared_error: 6.0333e-08 - 135s/epoch - 2s/step
Epoch 12/100

Epoch 00012: mean_squared_error did not improve from 0.00000
63/63 - 135s - loss: 1.0692e-06 - mean_squared_error: 1.4546e-06 - val_loss: 5.8813e-08 - val_mean_squared_error: 5.8813e-08 - 135s/epoch - 2s/step
Epoch 13/100

Epoch 00013: mean_squared_error improved from 0.00000 to 0.00000, saving model to /gpfswork/rech/ynx/ulx23va/repo/wf-SEDs/model_WFE_size/wf-outputs/chkp/wfe_study_id009_bis/chkp_callback_poly_wfe_study_id009_064_bis_7_cycle1
63/63 - 138s - loss: 1.0607e-06 - mean_squared_error: 1.4486e-06 - val_loss: 5.5959e-08 - val_mean_squared_error: 5.5959e-08 - 138s/epoch - 2s/step
Epoch 14/100

Epoch 00014: mean_squared_error improved from 0.00000 to 0.00000, saving model to /gpfswork/rech/ynx/ulx23va/repo/wf-SEDs/model_WFE_size/wf-outputs/chkp/wfe_study_id009_bis/chkp_callback_poly_wfe_study_id009_064_bis_7_cycle1
63/63 - 139s - loss: 1.0508e-06 - mean_squared_error: 1.4401e-06 - val_loss: 5.0475e-08 - val_mean_squared_error: 5.0475e-08 - 139s/epoch - 2s/step
Epoch 15/100

Epoch 00015: mean_squared_error improved from 0.00000 to 0.00000, saving model to /gpfswork/rech/ynx/ulx23va/repo/wf-SEDs/model_WFE_size/wf-outputs/chkp/wfe_study_id009_bis/chkp_callback_poly_wfe_study_id009_064_bis_7_cycle1
63/63 - 136s - loss: 1.0479e-06 - mean_squared_error: 1.4373e-06 - val_loss: 6.1978e-08 - val_mean_squared_error: 6.1978e-08 - 136s/epoch - 2s/step
Epoch 16/100

Epoch 00016: mean_squared_error did not improve from 0.00000
63/63 - 135s - loss: 1.0647e-06 - mean_squared_error: 1.4508e-06 - val_loss: 5.0576e-08 - val_mean_squared_error: 5.0576e-08 - 135s/epoch - 2s/step
Epoch 17/100

Epoch 00017: mean_squared_error improved from 0.00000 to 0.00000, saving model to /gpfswork/rech/ynx/ulx23va/repo/wf-SEDs/model_WFE_size/wf-outputs/chkp/wfe_study_id009_bis/chkp_callback_poly_wfe_study_id009_064_bis_7_cycle1
63/63 - 136s - loss: 1.0428e-06 - mean_squared_error: 1.4336e-06 - val_loss: 4.0110e-08 - val_mean_squared_error: 4.0110e-08 - 136s/epoch - 2s/step
Epoch 18/100

Epoch 00018: mean_squared_error improved from 0.00000 to 0.00000, saving model to /gpfswork/rech/ynx/ulx23va/repo/wf-SEDs/model_WFE_size/wf-outputs/chkp/wfe_study_id009_bis/chkp_callback_poly_wfe_study_id009_064_bis_7_cycle1
63/63 - 137s - loss: 1.0418e-06 - mean_squared_error: 1.4323e-06 - val_loss: 4.8414e-08 - val_mean_squared_error: 4.8414e-08 - 137s/epoch - 2s/step
Epoch 19/100

Epoch 00019: mean_squared_error did not improve from 0.00000
63/63 - 136s - loss: 1.0799e-06 - mean_squared_error: 1.4614e-06 - val_loss: 8.3664e-08 - val_mean_squared_error: 8.3664e-08 - 136s/epoch - 2s/step
Epoch 20/100

Epoch 00020: mean_squared_error did not improve from 0.00000
63/63 - 137s - loss: 1.1119e-06 - mean_squared_error: 1.4878e-06 - val_loss: 9.5468e-08 - val_mean_squared_error: 9.5468e-08 - 137s/epoch - 2s/step
Epoch 21/100

Epoch 00021: mean_squared_error did not improve from 0.00000
63/63 - 138s - loss: 1.0632e-06 - mean_squared_error: 1.4481e-06 - val_loss: 4.9838e-08 - val_mean_squared_error: 4.9838e-08 - 138s/epoch - 2s/step
Epoch 22/100

Epoch 00022: mean_squared_error did not improve from 0.00000
63/63 - 140s - loss: 1.0463e-06 - mean_squared_error: 1.4352e-06 - val_loss: 4.8703e-08 - val_mean_squared_error: 4.8703e-08 - 140s/epoch - 2s/step
Epoch 23/100

Epoch 00023: mean_squared_error did not improve from 0.00000
63/63 - 138s - loss: 1.0801e-06 - mean_squared_error: 1.4602e-06 - val_loss: 6.4354e-08 - val_mean_squared_error: 6.4354e-08 - 138s/epoch - 2s/step
Epoch 24/100

Epoch 00024: mean_squared_error did not improve from 0.00000
63/63 - 139s - loss: 1.0508e-06 - mean_squared_error: 1.4383e-06 - val_loss: 4.0585e-08 - val_mean_squared_error: 4.0585e-08 - 139s/epoch - 2s/step
Epoch 25/100

Epoch 00025: mean_squared_error did not improve from 0.00000
63/63 - 138s - loss: 1.0471e-06 - mean_squared_error: 1.4336e-06 - val_loss: 5.0340e-08 - val_mean_squared_error: 5.0340e-08 - 138s/epoch - 2s/step
Epoch 26/100

Epoch 00026: mean_squared_error did not improve from 0.00000
63/63 - 139s - loss: 1.0568e-06 - mean_squared_error: 1.4430e-06 - val_loss: 4.2886e-08 - val_mean_squared_error: 4.2886e-08 - 139s/epoch - 2s/step
Epoch 27/100

Epoch 00027: mean_squared_error did not improve from 0.00000
63/63 - 137s - loss: 1.0529e-06 - mean_squared_error: 1.4391e-06 - val_loss: 5.8767e-08 - val_mean_squared_error: 5.8767e-08 - 137s/epoch - 2s/step
Epoch 28/100

Epoch 00028: mean_squared_error did not improve from 0.00000
63/63 - 137s - loss: 1.0514e-06 - mean_squared_error: 1.4396e-06 - val_loss: 5.4762e-08 - val_mean_squared_error: 5.4762e-08 - 137s/epoch - 2s/step
Epoch 29/100

Epoch 00029: mean_squared_error improved from 0.00000 to 0.00000, saving model to /gpfswork/rech/ynx/ulx23va/repo/wf-SEDs/model_WFE_size/wf-outputs/chkp/wfe_study_id009_bis/chkp_callback_poly_wfe_study_id009_064_bis_7_cycle1
63/63 - 136s - loss: 1.0396e-06 - mean_squared_error: 1.4295e-06 - val_loss: 3.8546e-08 - val_mean_squared_error: 3.8546e-08 - 136s/epoch - 2s/step
Epoch 30/100

Epoch 00030: mean_squared_error did not improve from 0.00000
63/63 - 136s - loss: 1.0454e-06 - mean_squared_error: 1.4346e-06 - val_loss: 4.3850e-08 - val_mean_squared_error: 4.3850e-08 - 136s/epoch - 2s/step
Epoch 31/100

Epoch 00031: mean_squared_error did not improve from 0.00000
63/63 - 136s - loss: 1.0503e-06 - mean_squared_error: 1.4376e-06 - val_loss: 3.6937e-08 - val_mean_squared_error: 3.6937e-08 - 136s/epoch - 2s/step
Epoch 32/100

Epoch 00032: mean_squared_error improved from 0.00000 to 0.00000, saving model to /gpfswork/rech/ynx/ulx23va/repo/wf-SEDs/model_WFE_size/wf-outputs/chkp/wfe_study_id009_bis/chkp_callback_poly_wfe_study_id009_064_bis_7_cycle1
63/63 - 135s - loss: 1.0329e-06 - mean_squared_error: 1.4244e-06 - val_loss: 3.2715e-08 - val_mean_squared_error: 3.2715e-08 - 135s/epoch - 2s/step
Epoch 33/100

Epoch 00033: mean_squared_error improved from 0.00000 to 0.00000, saving model to /gpfswork/rech/ynx/ulx23va/repo/wf-SEDs/model_WFE_size/wf-outputs/chkp/wfe_study_id009_bis/chkp_callback_poly_wfe_study_id009_064_bis_7_cycle1
63/63 - 135s - loss: 1.0284e-06 - mean_squared_error: 1.4210e-06 - val_loss: 3.8491e-08 - val_mean_squared_error: 3.8491e-08 - 135s/epoch - 2s/step
Epoch 34/100

Epoch 00034: mean_squared_error did not improve from 0.00000
63/63 - 136s - loss: 1.0348e-06 - mean_squared_error: 1.4258e-06 - val_loss: 7.4560e-08 - val_mean_squared_error: 7.4560e-08 - 136s/epoch - 2s/step
Epoch 35/100

Epoch 00035: mean_squared_error did not improve from 0.00000
63/63 - 136s - loss: 1.0530e-06 - mean_squared_error: 1.4397e-06 - val_loss: 3.8352e-08 - val_mean_squared_error: 3.8352e-08 - 136s/epoch - 2s/step
Epoch 36/100

Epoch 00036: mean_squared_error did not improve from 0.00000
63/63 - 138s - loss: 1.0491e-06 - mean_squared_error: 1.4377e-06 - val_loss: 4.7844e-08 - val_mean_squared_error: 4.7844e-08 - 138s/epoch - 2s/step
Epoch 37/100

Epoch 00037: mean_squared_error did not improve from 0.00000
63/63 - 137s - loss: 1.0514e-06 - mean_squared_error: 1.4389e-06 - val_loss: 4.0006e-08 - val_mean_squared_error: 4.0006e-08 - 137s/epoch - 2s/step
Epoch 38/100

Epoch 00038: mean_squared_error did not improve from 0.00000
63/63 - 138s - loss: 1.0372e-06 - mean_squared_error: 1.4275e-06 - val_loss: 3.2258e-08 - val_mean_squared_error: 3.2258e-08 - 138s/epoch - 2s/step
Epoch 39/100

Epoch 00039: mean_squared_error did not improve from 0.00000
63/63 - 138s - loss: 1.0318e-06 - mean_squared_error: 1.4231e-06 - val_loss: 3.2371e-08 - val_mean_squared_error: 3.2371e-08 - 138s/epoch - 2s/step
Epoch 40/100

Epoch 00040: mean_squared_error did not improve from 0.00000
63/63 - 138s - loss: 1.0321e-06 - mean_squared_error: 1.4240e-06 - val_loss: 3.9137e-08 - val_mean_squared_error: 3.9137e-08 - 138s/epoch - 2s/step
Epoch 41/100

Epoch 00041: mean_squared_error did not improve from 0.00000
63/63 - 137s - loss: 1.0361e-06 - mean_squared_error: 1.4275e-06 - val_loss: 4.4383e-08 - val_mean_squared_error: 4.4383e-08 - 137s/epoch - 2s/step
Epoch 42/100

Epoch 00042: mean_squared_error did not improve from 0.00000
63/63 - 137s - loss: 1.0357e-06 - mean_squared_error: 1.4261e-06 - val_loss: 3.7519e-08 - val_mean_squared_error: 3.7519e-08 - 137s/epoch - 2s/step
Epoch 43/100

Epoch 00043: mean_squared_error did not improve from 0.00000
63/63 - 137s - loss: 1.0364e-06 - mean_squared_error: 1.4265e-06 - val_loss: 4.2384e-08 - val_mean_squared_error: 4.2384e-08 - 137s/epoch - 2s/step
Epoch 44/100

Epoch 00044: mean_squared_error did not improve from 0.00000
63/63 - 137s - loss: 1.0379e-06 - mean_squared_error: 1.4280e-06 - val_loss: 4.3839e-08 - val_mean_squared_error: 4.3839e-08 - 137s/epoch - 2s/step
Epoch 45/100

Epoch 00045: mean_squared_error did not improve from 0.00000
63/63 - 138s - loss: 1.0461e-06 - mean_squared_error: 1.4350e-06 - val_loss: 5.8109e-08 - val_mean_squared_error: 5.8109e-08 - 138s/epoch - 2s/step
Epoch 46/100

Epoch 00046: mean_squared_error did not improve from 0.00000
63/63 - 137s - loss: 1.0504e-06 - mean_squared_error: 1.4366e-06 - val_loss: 4.6360e-08 - val_mean_squared_error: 4.6360e-08 - 137s/epoch - 2s/step
Epoch 47/100

Epoch 00047: mean_squared_error did not improve from 0.00000
63/63 - 137s - loss: 1.0418e-06 - mean_squared_error: 1.4315e-06 - val_loss: 3.2992e-08 - val_mean_squared_error: 3.2992e-08 - 137s/epoch - 2s/step
Epoch 48/100

Epoch 00048: mean_squared_error did not improve from 0.00000
63/63 - 137s - loss: 1.0462e-06 - mean_squared_error: 1.4351e-06 - val_loss: 3.3387e-08 - val_mean_squared_error: 3.3387e-08 - 137s/epoch - 2s/step
Epoch 49/100

Epoch 00049: mean_squared_error improved from 0.00000 to 0.00000, saving model to /gpfswork/rech/ynx/ulx23va/repo/wf-SEDs/model_WFE_size/wf-outputs/chkp/wfe_study_id009_bis/chkp_callback_poly_wfe_study_id009_064_bis_7_cycle1
63/63 - 137s - loss: 1.0262e-06 - mean_squared_error: 1.4192e-06 - val_loss: 3.4554e-08 - val_mean_squared_error: 3.4554e-08 - 137s/epoch - 2s/step
Epoch 50/100

Epoch 00050: mean_squared_error did not improve from 0.00000
63/63 - 137s - loss: 1.0298e-06 - mean_squared_error: 1.4226e-06 - val_loss: 3.3587e-08 - val_mean_squared_error: 3.3587e-08 - 137s/epoch - 2s/step
Epoch 51/100

Epoch 00051: mean_squared_error did not improve from 0.00000
63/63 - 137s - loss: 1.0300e-06 - mean_squared_error: 1.4216e-06 - val_loss: 3.3290e-08 - val_mean_squared_error: 3.3290e-08 - 137s/epoch - 2s/step
Epoch 52/100

Epoch 00052: mean_squared_error did not improve from 0.00000
63/63 - 137s - loss: 1.0260e-06 - mean_squared_error: 1.4196e-06 - val_loss: 2.8063e-08 - val_mean_squared_error: 2.8063e-08 - 137s/epoch - 2s/step
Epoch 53/100

Epoch 00053: mean_squared_error did not improve from 0.00000
63/63 - 137s - loss: 1.0372e-06 - mean_squared_error: 1.4276e-06 - val_loss: 3.7406e-08 - val_mean_squared_error: 3.7406e-08 - 137s/epoch - 2s/step
Epoch 54/100

Epoch 00054: mean_squared_error did not improve from 0.00000
63/63 - 137s - loss: 1.0567e-06 - mean_squared_error: 1.4426e-06 - val_loss: 4.6575e-08 - val_mean_squared_error: 4.6575e-08 - 137s/epoch - 2s/step
Epoch 55/100

Epoch 00055: mean_squared_error did not improve from 0.00000
63/63 - 137s - loss: 1.0500e-06 - mean_squared_error: 1.4378e-06 - val_loss: 5.8903e-08 - val_mean_squared_error: 5.8903e-08 - 137s/epoch - 2s/step
Epoch 56/100

Epoch 00056: mean_squared_error did not improve from 0.00000
63/63 - 137s - loss: 1.0677e-06 - mean_squared_error: 1.4478e-06 - val_loss: 5.5170e-08 - val_mean_squared_error: 5.5170e-08 - 137s/epoch - 2s/step
Epoch 57/100

Epoch 00057: mean_squared_error did not improve from 0.00000
63/63 - 137s - loss: 1.0560e-06 - mean_squared_error: 1.4399e-06 - val_loss: 3.9861e-08 - val_mean_squared_error: 3.9861e-08 - 137s/epoch - 2s/step
Epoch 58/100

Epoch 00058: mean_squared_error did not improve from 0.00000
63/63 - 137s - loss: 1.0478e-06 - mean_squared_error: 1.4360e-06 - val_loss: 3.7916e-08 - val_mean_squared_error: 3.7916e-08 - 137s/epoch - 2s/step
Epoch 59/100

Epoch 00059: mean_squared_error did not improve from 0.00000
63/63 - 137s - loss: 1.0524e-06 - mean_squared_error: 1.4359e-06 - val_loss: 8.6170e-08 - val_mean_squared_error: 8.6170e-08 - 137s/epoch - 2s/step
Epoch 60/100

Epoch 00060: mean_squared_error did not improve from 0.00000
63/63 - 137s - loss: 1.0752e-06 - mean_squared_error: 1.4530e-06 - val_loss: 3.3097e-08 - val_mean_squared_error: 3.3097e-08 - 137s/epoch - 2s/step
Epoch 61/100

Epoch 00061: mean_squared_error did not improve from 0.00000
63/63 - 137s - loss: 1.0271e-06 - mean_squared_error: 1.4201e-06 - val_loss: 3.9513e-08 - val_mean_squared_error: 3.9513e-08 - 137s/epoch - 2s/step
Epoch 62/100

Epoch 00062: mean_squared_error did not improve from 0.00000
63/63 - 137s - loss: 1.0327e-06 - mean_squared_error: 1.4254e-06 - val_loss: 3.4284e-08 - val_mean_squared_error: 3.4284e-08 - 137s/epoch - 2s/step
Epoch 63/100

Epoch 00063: mean_squared_error did not improve from 0.00000
63/63 - 137s - loss: 1.0286e-06 - mean_squared_error: 1.4213e-06 - val_loss: 2.6309e-08 - val_mean_squared_error: 2.6309e-08 - 137s/epoch - 2s/step
Epoch 64/100

Epoch 00064: mean_squared_error improved from 0.00000 to 0.00000, saving model to /gpfswork/rech/ynx/ulx23va/repo/wf-SEDs/model_WFE_size/wf-outputs/chkp/wfe_study_id009_bis/chkp_callback_poly_wfe_study_id009_064_bis_7_cycle1
63/63 - 137s - loss: 1.0228e-06 - mean_squared_error: 1.4164e-06 - val_loss: 3.0029e-08 - val_mean_squared_error: 3.0029e-08 - 137s/epoch - 2s/step
Epoch 65/100

Epoch 00065: mean_squared_error did not improve from 0.00000
63/63 - 136s - loss: 1.0274e-06 - mean_squared_error: 1.4203e-06 - val_loss: 5.0062e-08 - val_mean_squared_error: 5.0062e-08 - 136s/epoch - 2s/step
Epoch 66/100

Epoch 00066: mean_squared_error did not improve from 0.00000
63/63 - 137s - loss: 1.0240e-06 - mean_squared_error: 1.4185e-06 - val_loss: 2.8063e-08 - val_mean_squared_error: 2.8063e-08 - 137s/epoch - 2s/step
Epoch 67/100

Epoch 00067: mean_squared_error did not improve from 0.00000
63/63 - 137s - loss: 1.0297e-06 - mean_squared_error: 1.4215e-06 - val_loss: 3.8339e-08 - val_mean_squared_error: 3.8339e-08 - 137s/epoch - 2s/step
Epoch 68/100

Epoch 00068: mean_squared_error did not improve from 0.00000
63/63 - 137s - loss: 1.0356e-06 - mean_squared_error: 1.4261e-06 - val_loss: 4.4988e-08 - val_mean_squared_error: 4.4988e-08 - 137s/epoch - 2s/step
Epoch 69/100

Epoch 00069: mean_squared_error did not improve from 0.00000
63/63 - 137s - loss: 1.0326e-06 - mean_squared_error: 1.4245e-06 - val_loss: 5.4236e-08 - val_mean_squared_error: 5.4236e-08 - 137s/epoch - 2s/step
Epoch 70/100

Epoch 00070: mean_squared_error did not improve from 0.00000
63/63 - 137s - loss: 1.0464e-06 - mean_squared_error: 1.4344e-06 - val_loss: 3.3630e-08 - val_mean_squared_error: 3.3630e-08 - 137s/epoch - 2s/step
Epoch 71/100

Epoch 00071: mean_squared_error did not improve from 0.00000
63/63 - 138s - loss: 1.0268e-06 - mean_squared_error: 1.4198e-06 - val_loss: 2.9373e-08 - val_mean_squared_error: 2.9373e-08 - 138s/epoch - 2s/step
Epoch 72/100

Epoch 00072: mean_squared_error did not improve from 0.00000
63/63 - 137s - loss: 1.0948e-06 - mean_squared_error: 1.4656e-06 - val_loss: 1.3948e-07 - val_mean_squared_error: 1.3948e-07 - 137s/epoch - 2s/step
Epoch 73/100

Epoch 00073: mean_squared_error did not improve from 0.00000
63/63 - 137s - loss: 1.0801e-06 - mean_squared_error: 1.4595e-06 - val_loss: 3.9895e-08 - val_mean_squared_error: 3.9895e-08 - 137s/epoch - 2s/step
Epoch 74/100

Epoch 00074: mean_squared_error did not improve from 0.00000
63/63 - 137s - loss: 1.0444e-06 - mean_squared_error: 1.4312e-06 - val_loss: 3.5768e-08 - val_mean_squared_error: 3.5768e-08 - 137s/epoch - 2s/step
Epoch 75/100

Epoch 00075: mean_squared_error did not improve from 0.00000
63/63 - 138s - loss: 1.0277e-06 - mean_squared_error: 1.4201e-06 - val_loss: 3.2398e-08 - val_mean_squared_error: 3.2398e-08 - 138s/epoch - 2s/step
Epoch 76/100

Epoch 00076: mean_squared_error did not improve from 0.00000
63/63 - 138s - loss: 1.0334e-06 - mean_squared_error: 1.4246e-06 - val_loss: 3.5537e-08 - val_mean_squared_error: 3.5537e-08 - 138s/epoch - 2s/step
Epoch 77/100

Epoch 00077: mean_squared_error did not improve from 0.00000
63/63 - 137s - loss: 1.0604e-06 - mean_squared_error: 1.4405e-06 - val_loss: 4.8037e-08 - val_mean_squared_error: 4.8037e-08 - 137s/epoch - 2s/step
Epoch 78/100

Epoch 00078: mean_squared_error did not improve from 0.00000
63/63 - 137s - loss: 1.1281e-06 - mean_squared_error: 1.4890e-06 - val_loss: 5.2867e-08 - val_mean_squared_error: 5.2867e-08 - 137s/epoch - 2s/step
Epoch 79/100

Epoch 00079: mean_squared_error did not improve from 0.00000
63/63 - 137s - loss: 1.0349e-06 - mean_squared_error: 1.4264e-06 - val_loss: 3.1386e-08 - val_mean_squared_error: 3.1386e-08 - 137s/epoch - 2s/step
Epoch 80/100

Epoch 00080: mean_squared_error did not improve from 0.00000
63/63 - 137s - loss: 1.0438e-06 - mean_squared_error: 1.4334e-06 - val_loss: 3.7625e-08 - val_mean_squared_error: 3.7625e-08 - 137s/epoch - 2s/step
Epoch 81/100

Epoch 00081: mean_squared_error did not improve from 0.00000
63/63 - 138s - loss: 1.0297e-06 - mean_squared_error: 1.4211e-06 - val_loss: 3.0620e-08 - val_mean_squared_error: 3.0620e-08 - 138s/epoch - 2s/step
Epoch 82/100

Epoch 00082: mean_squared_error did not improve from 0.00000
63/63 - 138s - loss: 1.0240e-06 - mean_squared_error: 1.4177e-06 - val_loss: 3.4202e-08 - val_mean_squared_error: 3.4202e-08 - 138s/epoch - 2s/step
Epoch 83/100

Epoch 00083: mean_squared_error did not improve from 0.00000
63/63 - 138s - loss: 1.0252e-06 - mean_squared_error: 1.4189e-06 - val_loss: 3.6710e-08 - val_mean_squared_error: 3.6710e-08 - 138s/epoch - 2s/step
Epoch 84/100

Epoch 00084: mean_squared_error did not improve from 0.00000
63/63 - 137s - loss: 1.0565e-06 - mean_squared_error: 1.4400e-06 - val_loss: 4.3253e-08 - val_mean_squared_error: 4.3253e-08 - 137s/epoch - 2s/step
Epoch 85/100

Epoch 00085: mean_squared_error did not improve from 0.00000
63/63 - 137s - loss: 1.0409e-06 - mean_squared_error: 1.4300e-06 - val_loss: 3.3666e-08 - val_mean_squared_error: 3.3666e-08 - 137s/epoch - 2s/step
Epoch 86/100

Epoch 00086: mean_squared_error did not improve from 0.00000
63/63 - 138s - loss: 1.0317e-06 - mean_squared_error: 1.4236e-06 - val_loss: 3.5293e-08 - val_mean_squared_error: 3.5293e-08 - 138s/epoch - 2s/step
Epoch 87/100

Epoch 00087: mean_squared_error did not improve from 0.00000
63/63 - 138s - loss: 1.0294e-06 - mean_squared_error: 1.4215e-06 - val_loss: 2.9248e-08 - val_mean_squared_error: 2.9248e-08 - 138s/epoch - 2s/step
Epoch 88/100

Epoch 00088: mean_squared_error did not improve from 0.00000
63/63 - 138s - loss: 1.0258e-06 - mean_squared_error: 1.4188e-06 - val_loss: 3.0786e-08 - val_mean_squared_error: 3.0786e-08 - 138s/epoch - 2s/step
Epoch 89/100

Epoch 00089: mean_squared_error did not improve from 0.00000
63/63 - 139s - loss: 1.0632e-06 - mean_squared_error: 1.4474e-06 - val_loss: 3.9755e-08 - val_mean_squared_error: 3.9755e-08 - 139s/epoch - 2s/step
Epoch 90/100

Epoch 00090: mean_squared_error did not improve from 0.00000
63/63 - 138s - loss: 1.0343e-06 - mean_squared_error: 1.4247e-06 - val_loss: 2.7380e-08 - val_mean_squared_error: 2.7380e-08 - 138s/epoch - 2s/step
Epoch 91/100

Epoch 00091: mean_squared_error improved from 0.00000 to 0.00000, saving model to /gpfswork/rech/ynx/ulx23va/repo/wf-SEDs/model_WFE_size/wf-outputs/chkp/wfe_study_id009_bis/chkp_callback_poly_wfe_study_id009_064_bis_7_cycle1
63/63 - 138s - loss: 1.0223e-06 - mean_squared_error: 1.4161e-06 - val_loss: 2.5826e-08 - val_mean_squared_error: 2.5826e-08 - 138s/epoch - 2s/step
Epoch 92/100

Epoch 00092: mean_squared_error improved from 0.00000 to 0.00000, saving model to /gpfswork/rech/ynx/ulx23va/repo/wf-SEDs/model_WFE_size/wf-outputs/chkp/wfe_study_id009_bis/chkp_callback_poly_wfe_study_id009_064_bis_7_cycle1
63/63 - 138s - loss: 1.0183e-06 - mean_squared_error: 1.4133e-06 - val_loss: 3.0721e-08 - val_mean_squared_error: 3.0721e-08 - 138s/epoch - 2s/step
Epoch 93/100

Epoch 00093: mean_squared_error improved from 0.00000 to 0.00000, saving model to /gpfswork/rech/ynx/ulx23va/repo/wf-SEDs/model_WFE_size/wf-outputs/chkp/wfe_study_id009_bis/chkp_callback_poly_wfe_study_id009_064_bis_7_cycle1
63/63 - 138s - loss: 1.0178e-06 - mean_squared_error: 1.4131e-06 - val_loss: 2.6888e-08 - val_mean_squared_error: 2.6888e-08 - 138s/epoch - 2s/step
Epoch 94/100

Epoch 00094: mean_squared_error did not improve from 0.00000
63/63 - 138s - loss: 1.0409e-06 - mean_squared_error: 1.4302e-06 - val_loss: 4.2579e-08 - val_mean_squared_error: 4.2579e-08 - 138s/epoch - 2s/step
Epoch 95/100

Epoch 00095: mean_squared_error did not improve from 0.00000
63/63 - 138s - loss: 1.0351e-06 - mean_squared_error: 1.4261e-06 - val_loss: 3.1651e-08 - val_mean_squared_error: 3.1651e-08 - 138s/epoch - 2s/step
Epoch 96/100

Epoch 00096: mean_squared_error did not improve from 0.00000
63/63 - 138s - loss: 1.0192e-06 - mean_squared_error: 1.4134e-06 - val_loss: 2.8547e-08 - val_mean_squared_error: 2.8547e-08 - 138s/epoch - 2s/step
Epoch 97/100

Epoch 00097: mean_squared_error did not improve from 0.00000
63/63 - 138s - loss: 1.0228e-06 - mean_squared_error: 1.4172e-06 - val_loss: 3.8933e-08 - val_mean_squared_error: 3.8933e-08 - 138s/epoch - 2s/step
Epoch 98/100

Epoch 00098: mean_squared_error did not improve from 0.00000
63/63 - 136s - loss: 1.0280e-06 - mean_squared_error: 1.4201e-06 - val_loss: 3.6078e-08 - val_mean_squared_error: 3.6078e-08 - 136s/epoch - 2s/step
Epoch 99/100

Epoch 00099: mean_squared_error did not improve from 0.00000
63/63 - 136s - loss: 1.0359e-06 - mean_squared_error: 1.4246e-06 - val_loss: 3.6459e-08 - val_mean_squared_error: 3.6459e-08 - 136s/epoch - 2s/step
Epoch 100/100

Epoch 00100: mean_squared_error did not improve from 0.00000
63/63 - 136s - loss: 1.0208e-06 - mean_squared_error: 1.4153e-06 - val_loss: 2.6686e-08 - val_mean_squared_error: 2.6686e-08 - 136s/epoch - 2s/step
Cycle1 elapsed time: 15934.347985
Starting cycle 2..
Starting parametric update..
Epoch 1/15

Epoch 00001: mean_squared_error improved from inf to 0.00000, saving model to /gpfswork/rech/ynx/ulx23va/repo/wf-SEDs/model_WFE_size/wf-outputs/chkp/wfe_study_id009_bis/chkp_callback_poly_wfe_study_id009_064_bis_7_cycle2
63/63 - 144s - loss: 1.0153e-06 - mean_squared_error: 1.4110e-06 - val_loss: 2.4074e-08 - val_mean_squared_error: 2.4074e-08 - 144s/epoch - 2s/step
Epoch 2/15

Epoch 00002: mean_squared_error did not improve from 0.00000
63/63 - 142s - loss: 1.0164e-06 - mean_squared_error: 1.4120e-06 - val_loss: 2.7901e-08 - val_mean_squared_error: 2.7901e-08 - 142s/epoch - 2s/step
Epoch 3/15

Epoch 00003: mean_squared_error did not improve from 0.00000
63/63 - 141s - loss: 1.0216e-06 - mean_squared_error: 1.4167e-06 - val_loss: 2.8087e-08 - val_mean_squared_error: 2.8087e-08 - 141s/epoch - 2s/step
Epoch 4/15

Epoch 00004: mean_squared_error did not improve from 0.00000
63/63 - 142s - loss: 1.0222e-06 - mean_squared_error: 1.4167e-06 - val_loss: 2.8742e-08 - val_mean_squared_error: 2.8742e-08 - 142s/epoch - 2s/step
Epoch 5/15

Epoch 00005: mean_squared_error did not improve from 0.00000
63/63 - 142s - loss: 1.0260e-06 - mean_squared_error: 1.4204e-06 - val_loss: 3.6322e-08 - val_mean_squared_error: 3.6322e-08 - 142s/epoch - 2s/step
Epoch 6/15

Epoch 00006: mean_squared_error did not improve from 0.00000
63/63 - 141s - loss: 1.0269e-06 - mean_squared_error: 1.4203e-06 - val_loss: 3.0669e-08 - val_mean_squared_error: 3.0669e-08 - 141s/epoch - 2s/step
Epoch 7/15

Epoch 00007: mean_squared_error did not improve from 0.00000
63/63 - 142s - loss: 1.0241e-06 - mean_squared_error: 1.4183e-06 - val_loss: 3.7637e-08 - val_mean_squared_error: 3.7637e-08 - 142s/epoch - 2s/step
Epoch 8/15

Epoch 00008: mean_squared_error did not improve from 0.00000
63/63 - 143s - loss: 1.0405e-06 - mean_squared_error: 1.4310e-06 - val_loss: 3.7409e-08 - val_mean_squared_error: 3.7409e-08 - 143s/epoch - 2s/step
Epoch 9/15

Epoch 00009: mean_squared_error did not improve from 0.00000
63/63 - 143s - loss: 1.0323e-06 - mean_squared_error: 1.4254e-06 - val_loss: 3.4607e-08 - val_mean_squared_error: 3.4607e-08 - 143s/epoch - 2s/step
Epoch 10/15

Epoch 00010: mean_squared_error did not improve from 0.00000
63/63 - 143s - loss: 1.0258e-06 - mean_squared_error: 1.4203e-06 - val_loss: 3.7406e-08 - val_mean_squared_error: 3.7406e-08 - 143s/epoch - 2s/step
Epoch 11/15

Epoch 00011: mean_squared_error did not improve from 0.00000
63/63 - 143s - loss: 1.0299e-06 - mean_squared_error: 1.4234e-06 - val_loss: 4.6832e-08 - val_mean_squared_error: 4.6832e-08 - 143s/epoch - 2s/step
Epoch 12/15

Epoch 00012: mean_squared_error did not improve from 0.00000
63/63 - 143s - loss: 1.0291e-06 - mean_squared_error: 1.4228e-06 - val_loss: 4.0178e-08 - val_mean_squared_error: 4.0178e-08 - 143s/epoch - 2s/step
Epoch 13/15

Epoch 00013: mean_squared_error did not improve from 0.00000
63/63 - 142s - loss: 1.0298e-06 - mean_squared_error: 1.4234e-06 - val_loss: 3.0402e-08 - val_mean_squared_error: 3.0402e-08 - 142s/epoch - 2s/step
Epoch 14/15

Epoch 00014: mean_squared_error did not improve from 0.00000
63/63 - 142s - loss: 1.0367e-06 - mean_squared_error: 1.4289e-06 - val_loss: 3.5938e-08 - val_mean_squared_error: 3.5938e-08 - 142s/epoch - 2s/step
Epoch 15/15

Epoch 00015: mean_squared_error did not improve from 0.00000
63/63 - 141s - loss: 1.0404e-06 - mean_squared_error: 1.4317e-06 - val_loss: 4.3542e-08 - val_mean_squared_error: 4.3542e-08 - 141s/epoch - 2s/step
Starting non-parametric update..
Epoch 1/50

Epoch 00001: mean_squared_error did not improve from 0.00000
63/63 - 139s - loss: 1.0185e-06 - mean_squared_error: 1.4136e-06 - val_loss: 2.1669e-08 - val_mean_squared_error: 2.1669e-08 - 139s/epoch - 2s/step
Epoch 2/50

Epoch 00002: mean_squared_error improved from 0.00000 to 0.00000, saving model to /gpfswork/rech/ynx/ulx23va/repo/wf-SEDs/model_WFE_size/wf-outputs/chkp/wfe_study_id009_bis/chkp_callback_poly_wfe_study_id009_064_bis_7_cycle2
63/63 - 136s - loss: 1.0101e-06 - mean_squared_error: 1.4068e-06 - val_loss: 2.0436e-08 - val_mean_squared_error: 2.0436e-08 - 136s/epoch - 2s/step
Epoch 3/50

Epoch 00003: mean_squared_error improved from 0.00000 to 0.00000, saving model to /gpfswork/rech/ynx/ulx23va/repo/wf-SEDs/model_WFE_size/wf-outputs/chkp/wfe_study_id009_bis/chkp_callback_poly_wfe_study_id009_064_bis_7_cycle2
63/63 - 136s - loss: 1.0094e-06 - mean_squared_error: 1.4063e-06 - val_loss: 2.0242e-08 - val_mean_squared_error: 2.0242e-08 - 136s/epoch - 2s/step
Epoch 4/50

Epoch 00004: mean_squared_error improved from 0.00000 to 0.00000, saving model to /gpfswork/rech/ynx/ulx23va/repo/wf-SEDs/model_WFE_size/wf-outputs/chkp/wfe_study_id009_bis/chkp_callback_poly_wfe_study_id009_064_bis_7_cycle2
63/63 - 136s - loss: 1.0092e-06 - mean_squared_error: 1.4062e-06 - val_loss: 2.0450e-08 - val_mean_squared_error: 2.0450e-08 - 136s/epoch - 2s/step
Epoch 5/50

Epoch 00005: mean_squared_error improved from 0.00000 to 0.00000, saving model to /gpfswork/rech/ynx/ulx23va/repo/wf-SEDs/model_WFE_size/wf-outputs/chkp/wfe_study_id009_bis/chkp_callback_poly_wfe_study_id009_064_bis_7_cycle2
63/63 - 136s - loss: 1.0092e-06 - mean_squared_error: 1.4062e-06 - val_loss: 2.0732e-08 - val_mean_squared_error: 2.0732e-08 - 136s/epoch - 2s/step
Epoch 6/50

Epoch 00006: mean_squared_error did not improve from 0.00000
63/63 - 138s - loss: 1.0094e-06 - mean_squared_error: 1.4063e-06 - val_loss: 2.0330e-08 - val_mean_squared_error: 2.0330e-08 - 138s/epoch - 2s/step
Epoch 7/50

Epoch 00007: mean_squared_error did not improve from 0.00000
63/63 - 137s - loss: 1.0092e-06 - mean_squared_error: 1.4062e-06 - val_loss: 1.9898e-08 - val_mean_squared_error: 1.9898e-08 - 137s/epoch - 2s/step
Epoch 8/50

Epoch 00008: mean_squared_error improved from 0.00000 to 0.00000, saving model to /gpfswork/rech/ynx/ulx23va/repo/wf-SEDs/model_WFE_size/wf-outputs/chkp/wfe_study_id009_bis/chkp_callback_poly_wfe_study_id009_064_bis_7_cycle2
63/63 - 136s - loss: 1.0092e-06 - mean_squared_error: 1.4062e-06 - val_loss: 2.0266e-08 - val_mean_squared_error: 2.0266e-08 - 136s/epoch - 2s/step
Epoch 9/50

Epoch 00009: mean_squared_error did not improve from 0.00000
63/63 - 137s - loss: 1.0093e-06 - mean_squared_error: 1.4064e-06 - val_loss: 2.0219e-08 - val_mean_squared_error: 2.0219e-08 - 137s/epoch - 2s/step
Epoch 10/50

Epoch 00010: mean_squared_error did not improve from 0.00000
63/63 - 136s - loss: 1.0093e-06 - mean_squared_error: 1.4063e-06 - val_loss: 2.0548e-08 - val_mean_squared_error: 2.0548e-08 - 136s/epoch - 2s/step
Epoch 11/50

Epoch 00011: mean_squared_error improved from 0.00000 to 0.00000, saving model to /gpfswork/rech/ynx/ulx23va/repo/wf-SEDs/model_WFE_size/wf-outputs/chkp/wfe_study_id009_bis/chkp_callback_poly_wfe_study_id009_064_bis_7_cycle2
63/63 - 136s - loss: 1.0091e-06 - mean_squared_error: 1.4061e-06 - val_loss: 2.0389e-08 - val_mean_squared_error: 2.0389e-08 - 136s/epoch - 2s/step
Epoch 12/50

Epoch 00012: mean_squared_error did not improve from 0.00000
63/63 - 136s - loss: 1.0093e-06 - mean_squared_error: 1.4064e-06 - val_loss: 2.0861e-08 - val_mean_squared_error: 2.0861e-08 - 136s/epoch - 2s/step
Epoch 13/50

Epoch 00013: mean_squared_error did not improve from 0.00000
63/63 - 136s - loss: 1.0097e-06 - mean_squared_error: 1.4065e-06 - val_loss: 2.0415e-08 - val_mean_squared_error: 2.0415e-08 - 136s/epoch - 2s/step
Epoch 14/50

Epoch 00014: mean_squared_error did not improve from 0.00000
63/63 - 136s - loss: 1.0097e-06 - mean_squared_error: 1.4066e-06 - val_loss: 2.0559e-08 - val_mean_squared_error: 2.0559e-08 - 136s/epoch - 2s/step
Epoch 15/50

Epoch 00015: mean_squared_error did not improve from 0.00000
63/63 - 136s - loss: 1.0092e-06 - mean_squared_error: 1.4063e-06 - val_loss: 2.0149e-08 - val_mean_squared_error: 2.0149e-08 - 136s/epoch - 2s/step
Epoch 16/50

Epoch 00016: mean_squared_error did not improve from 0.00000
63/63 - 136s - loss: 1.0095e-06 - mean_squared_error: 1.4065e-06 - val_loss: 2.0720e-08 - val_mean_squared_error: 2.0720e-08 - 136s/epoch - 2s/step
Epoch 17/50

Epoch 00017: mean_squared_error did not improve from 0.00000
63/63 - 136s - loss: 1.0095e-06 - mean_squared_error: 1.4065e-06 - val_loss: 2.0230e-08 - val_mean_squared_error: 2.0230e-08 - 136s/epoch - 2s/step
Epoch 18/50

Epoch 00018: mean_squared_error did not improve from 0.00000
63/63 - 137s - loss: 1.0108e-06 - mean_squared_error: 1.4073e-06 - val_loss: 2.4361e-08 - val_mean_squared_error: 2.4361e-08 - 137s/epoch - 2s/step
Epoch 19/50

Epoch 00019: mean_squared_error did not improve from 0.00000
63/63 - 136s - loss: 1.0104e-06 - mean_squared_error: 1.4069e-06 - val_loss: 2.1068e-08 - val_mean_squared_error: 2.1068e-08 - 136s/epoch - 2s/step
Epoch 20/50

Epoch 00020: mean_squared_error did not improve from 0.00000
63/63 - 138s - loss: 1.0108e-06 - mean_squared_error: 1.4073e-06 - val_loss: 2.1332e-08 - val_mean_squared_error: 2.1332e-08 - 138s/epoch - 2s/step
Epoch 21/50

Epoch 00021: mean_squared_error did not improve from 0.00000
63/63 - 137s - loss: 1.0113e-06 - mean_squared_error: 1.4078e-06 - val_loss: 2.1254e-08 - val_mean_squared_error: 2.1254e-08 - 137s/epoch - 2s/step
Epoch 22/50

Epoch 00022: mean_squared_error did not improve from 0.00000
63/63 - 137s - loss: 1.0100e-06 - mean_squared_error: 1.4067e-06 - val_loss: 2.1430e-08 - val_mean_squared_error: 2.1430e-08 - 137s/epoch - 2s/step
Epoch 23/50

Epoch 00023: mean_squared_error did not improve from 0.00000
63/63 - 136s - loss: 1.0103e-06 - mean_squared_error: 1.4070e-06 - val_loss: 2.1989e-08 - val_mean_squared_error: 2.1989e-08 - 136s/epoch - 2s/step
Epoch 24/50

Epoch 00024: mean_squared_error did not improve from 0.00000
63/63 - 136s - loss: 1.0110e-06 - mean_squared_error: 1.4077e-06 - val_loss: 2.2719e-08 - val_mean_squared_error: 2.2719e-08 - 136s/epoch - 2s/step
Epoch 25/50

Epoch 00025: mean_squared_error did not improve from 0.00000
63/63 - 135s - loss: 1.0114e-06 - mean_squared_error: 1.4077e-06 - val_loss: 2.0611e-08 - val_mean_squared_error: 2.0611e-08 - 135s/epoch - 2s/step
Epoch 26/50

Epoch 00026: mean_squared_error did not improve from 0.00000
63/63 - 135s - loss: 1.0116e-06 - mean_squared_error: 1.4079e-06 - val_loss: 2.1458e-08 - val_mean_squared_error: 2.1458e-08 - 135s/epoch - 2s/step
Epoch 27/50

Epoch 00027: mean_squared_error did not improve from 0.00000
63/63 - 135s - loss: 1.0097e-06 - mean_squared_error: 1.4066e-06 - val_loss: 2.0307e-08 - val_mean_squared_error: 2.0307e-08 - 135s/epoch - 2s/step
Epoch 28/50

Epoch 00028: mean_squared_error did not improve from 0.00000
63/63 - 136s - loss: 1.0097e-06 - mean_squared_error: 1.4065e-06 - val_loss: 2.1017e-08 - val_mean_squared_error: 2.1017e-08 - 136s/epoch - 2s/step
Epoch 29/50

Epoch 00029: mean_squared_error did not improve from 0.00000
63/63 - 136s - loss: 1.0105e-06 - mean_squared_error: 1.4073e-06 - val_loss: 2.0574e-08 - val_mean_squared_error: 2.0574e-08 - 136s/epoch - 2s/step
Epoch 30/50

Epoch 00030: mean_squared_error did not improve from 0.00000
63/63 - 136s - loss: 1.0093e-06 - mean_squared_error: 1.4063e-06 - val_loss: 2.0234e-08 - val_mean_squared_error: 2.0234e-08 - 136s/epoch - 2s/step
Epoch 31/50

Epoch 00031: mean_squared_error did not improve from 0.00000
63/63 - 136s - loss: 1.0102e-06 - mean_squared_error: 1.4069e-06 - val_loss: 2.1141e-08 - val_mean_squared_error: 2.1141e-08 - 136s/epoch - 2s/step
Epoch 32/50

Epoch 00032: mean_squared_error did not improve from 0.00000
63/63 - 136s - loss: 1.0097e-06 - mean_squared_error: 1.4066e-06 - val_loss: 2.1883e-08 - val_mean_squared_error: 2.1883e-08 - 136s/epoch - 2s/step
Epoch 33/50

Epoch 00033: mean_squared_error did not improve from 0.00000
63/63 - 137s - loss: 1.0137e-06 - mean_squared_error: 1.4097e-06 - val_loss: 2.0556e-08 - val_mean_squared_error: 2.0556e-08 - 137s/epoch - 2s/step
Epoch 34/50

Epoch 00034: mean_squared_error did not improve from 0.00000
63/63 - 137s - loss: 1.0096e-06 - mean_squared_error: 1.4064e-06 - val_loss: 2.0386e-08 - val_mean_squared_error: 2.0386e-08 - 137s/epoch - 2s/step
Epoch 35/50

Epoch 00035: mean_squared_error did not improve from 0.00000
63/63 - 136s - loss: 1.0095e-06 - mean_squared_error: 1.4065e-06 - val_loss: 2.1744e-08 - val_mean_squared_error: 2.1744e-08 - 136s/epoch - 2s/step
Epoch 36/50

Epoch 00036: mean_squared_error did not improve from 0.00000
63/63 - 138s - loss: 1.0117e-06 - mean_squared_error: 1.4080e-06 - val_loss: 2.2532e-08 - val_mean_squared_error: 2.2532e-08 - 138s/epoch - 2s/step
Epoch 37/50

Epoch 00037: mean_squared_error did not improve from 0.00000
63/63 - 136s - loss: 1.0126e-06 - mean_squared_error: 1.4087e-06 - val_loss: 2.0689e-08 - val_mean_squared_error: 2.0689e-08 - 136s/epoch - 2s/step
Epoch 38/50

Epoch 00038: mean_squared_error did not improve from 0.00000
63/63 - 135s - loss: 1.0114e-06 - mean_squared_error: 1.4079e-06 - val_loss: 2.1425e-08 - val_mean_squared_error: 2.1425e-08 - 135s/epoch - 2s/step
Epoch 39/50

Epoch 00039: mean_squared_error did not improve from 0.00000
63/63 - 136s - loss: 1.0099e-06 - mean_squared_error: 1.4069e-06 - val_loss: 2.0710e-08 - val_mean_squared_error: 2.0710e-08 - 136s/epoch - 2s/step
Epoch 40/50

Epoch 00040: mean_squared_error did not improve from 0.00000
63/63 - 135s - loss: 1.0102e-06 - mean_squared_error: 1.4070e-06 - val_loss: 2.5611e-08 - val_mean_squared_error: 2.5611e-08 - 135s/epoch - 2s/step
Epoch 41/50

Epoch 00041: mean_squared_error did not improve from 0.00000
63/63 - 136s - loss: 1.0098e-06 - mean_squared_error: 1.4066e-06 - val_loss: 2.2537e-08 - val_mean_squared_error: 2.2537e-08 - 136s/epoch - 2s/step
Epoch 42/50

Epoch 00042: mean_squared_error did not improve from 0.00000
63/63 - 136s - loss: 1.0095e-06 - mean_squared_error: 1.4065e-06 - val_loss: 2.2718e-08 - val_mean_squared_error: 2.2718e-08 - 136s/epoch - 2s/step
Epoch 43/50

Epoch 00043: mean_squared_error did not improve from 0.00000
63/63 - 137s - loss: 1.0122e-06 - mean_squared_error: 1.4085e-06 - val_loss: 2.3388e-08 - val_mean_squared_error: 2.3388e-08 - 137s/epoch - 2s/step
Epoch 44/50

Epoch 00044: mean_squared_error did not improve from 0.00000
63/63 - 137s - loss: 1.0095e-06 - mean_squared_error: 1.4066e-06 - val_loss: 2.0967e-08 - val_mean_squared_error: 2.0967e-08 - 137s/epoch - 2s/step
Epoch 45/50

Epoch 00045: mean_squared_error did not improve from 0.00000
63/63 - 137s - loss: 1.0129e-06 - mean_squared_error: 1.4095e-06 - val_loss: 2.3026e-08 - val_mean_squared_error: 2.3026e-08 - 137s/epoch - 2s/step
Epoch 46/50

Epoch 00046: mean_squared_error did not improve from 0.00000
63/63 - 136s - loss: 1.0108e-06 - mean_squared_error: 1.4075e-06 - val_loss: 2.0947e-08 - val_mean_squared_error: 2.0947e-08 - 136s/epoch - 2s/step
Epoch 47/50

Epoch 00047: mean_squared_error did not improve from 0.00000
63/63 - 136s - loss: 1.0114e-06 - mean_squared_error: 1.4079e-06 - val_loss: 2.3056e-08 - val_mean_squared_error: 2.3056e-08 - 136s/epoch - 2s/step
Epoch 48/50

Epoch 00048: mean_squared_error did not improve from 0.00000
63/63 - 136s - loss: 1.0107e-06 - mean_squared_error: 1.4074e-06 - val_loss: 2.1499e-08 - val_mean_squared_error: 2.1499e-08 - 136s/epoch - 2s/step
Epoch 49/50

Epoch 00049: mean_squared_error did not improve from 0.00000
63/63 - 136s - loss: 1.0097e-06 - mean_squared_error: 1.4066e-06 - val_loss: 2.0614e-08 - val_mean_squared_error: 2.0614e-08 - 136s/epoch - 2s/step
Epoch 50/50

Epoch 00050: mean_squared_error improved from 0.00000 to 0.00000, saving model to /gpfswork/rech/ynx/ulx23va/repo/wf-SEDs/model_WFE_size/wf-outputs/chkp/wfe_study_id009_bis/chkp_callback_poly_wfe_study_id009_064_bis_7_cycle2
63/63 - 135s - loss: 1.0087e-06 - mean_squared_error: 1.4059e-06 - val_loss: 2.1393e-08 - val_mean_squared_error: 2.1393e-08 - 135s/epoch - 2s/step
Cycle2 elapsed time: 8952.270419

Total elapsed time: 24890.654001

 Good bye..
