Starting the log file.
Found GPU at: /device:GPU:0
tf_version: 2.7.0
Dataset parameters:
{'d_max': 2, 'max_order': 45, 'x_lims': [0, 1000.0], 'y_lims': [0, 1000.0], 'grid_points': [4, 4], 'n_bins': 20, 'max_wfe_rms': 0.1, 'oversampling_rate': 3.0, 'output_Q': 3.0, 'output_dim': 32, 'LP_filter_length': 2, 'pupil_diameter': 4096, 'euclid_obsc': True, 'n_stars': 2000}

***
Metric evaluation on the test dataset
***

Absolute RMSE:	 2.5095e-04 	 +/- 4.3951e-05
Relative RMSE:	 3.2900e+00 % 	 +/- 5.9422e-01 %
Absolute RMSE:	 1.1885e-01 	 +/- 1.5225e-02
Relative RMSE:	 1.6384e+02 % 	 +/- 1.2668e+01 %

Pixel star absolute RMSE:	 7.7144e-05 	 +/- 1.9461e-05 
Pixel star relative RMSE:	 5.0714e+00 % 	 +/- 1.7015e+00 %

sigma(e1) RMSE =		 1.5454e-02 	 +/- 1.1167e-02 
sigma(e2) RMSE =		 7.2380e-03 	 +/- 6.3695e-03 
sigma(R2)/<R2> =		 6.4818e-02 	 +/- 3.7686e-02 

Relative sigma(e1) RMSE =	 4.5250e+02 % 	 +/- 4.4945e+02 %
Relative sigma(e2) RMSE =	 1.2273e+03 % 	 +/- 1.2265e+03 %

Total number of stars: 		400
Problematic number of stars: 	0

***
Metric evaluation on the train dataset
***

Absolute RMSE:	 2.5205e-04 	 +/- 4.3667e-05
Relative RMSE:	 3.3051e+00 % 	 +/- 6.2253e-01 %
Absolute RMSE:	 1.1820e-01 	 +/- 1.5663e-02
Relative RMSE:	 1.6341e+02 % 	 +/- 1.2840e+01 %

Pixel star absolute RMSE:	 7.7920e-05 	 +/- 2.0874e-05 
Pixel star relative RMSE:	 5.1349e+00 % 	 +/- 1.8937e+00 %

sigma(e1) RMSE =		 1.6042e-02 	 +/- 1.1847e-02 
sigma(e2) RMSE =		 1.0296e-02 	 +/- 9.7519e-03 
sigma(R2)/<R2> =		 1.0806e-01 	 +/- 6.9901e-02 

Relative sigma(e1) RMSE =	 1.2615e+04 % 	 +/- 1.2613e+04 %
Relative sigma(e2) RMSE =	 3.5498e+03 % 	 +/- 3.5487e+03 %

Total number of stars: 		2000
Problematic number of stars: 	0

Total elapsed time: 1914.948298

 Good bye..
