Starting the log file.
Found GPU at: /device:GPU:0
tf_version: 2.7.0
Dataset parameters:
{'d_max': 2, 'max_order': 45, 'x_lims': [0, 1000.0], 'y_lims': [0, 1000.0], 'grid_points': [4, 4], 'n_bins': 20, 'max_wfe_rms': 0.1, 'oversampling_rate': 3.0, 'output_Q': 3.0, 'output_dim': 32, 'LP_filter_length': 2, 'pupil_diameter': 4096, 'euclid_obsc': True, 'n_stars': 2000}

***
Metric evaluation on the test dataset
***

Absolute RMSE:	 9.8271e-05 	 +/- 2.9273e-05
Relative RMSE:	 1.3249e+00 % 	 +/- 4.8427e-01 %
Absolute RMSE:	 1.5634e-01 	 +/- 2.6162e-02
Relative RMSE:	 1.9948e+02 % 	 +/- 1.5053e+01 %

Pixel star absolute RMSE:	 6.2090e-05 	 +/- 3.0671e-05 
Pixel star relative RMSE:	 4.2213e+00 % 	 +/- 2.6665e+00 %

sigma(e1) RMSE =		 1.5578e-02 	 +/- 1.4887e-02 
sigma(e2) RMSE =		 6.4906e-03 	 +/- 5.5922e-03 
sigma(R2)/<R2> =		 3.7752e-02 	 +/- 2.6484e-02 

Relative sigma(e1) RMSE =	 3.6478e+03 % 	 +/- 3.6419e+03 %
Relative sigma(e2) RMSE =	 7.6259e+02 % 	 +/- 7.6200e+02 %

Total number of stars: 		400
Problematic number of stars: 	1

***
Metric evaluation on the train dataset
***

Absolute RMSE:	 9.6926e-05 	 +/- 2.7519e-05
Relative RMSE:	 1.3078e+00 % 	 +/- 4.7487e-01 %
Absolute RMSE:	 1.5586e-01 	 +/- 2.6604e-02
Relative RMSE:	 1.9940e+02 % 	 +/- 1.5190e+01 %

Pixel star absolute RMSE:	 6.4246e-05 	 +/- 3.3080e-05 
Pixel star relative RMSE:	 4.4023e+00 % 	 +/- 3.0757e+00 %

sigma(e1) RMSE =		 2.0667e-02 	 +/- 1.9988e-02 
sigma(e2) RMSE =		 7.1773e-03 	 +/- 6.4030e-03 
sigma(R2)/<R2> =		 7.2145e-02 	 +/- 3.4268e-02 

Relative sigma(e1) RMSE =	 8.7975e+02 % 	 +/- 8.7924e+02 %
Relative sigma(e2) RMSE =	 5.6953e+02 % 	 +/- 5.6882e+02 %

Total number of stars: 		2000
Problematic number of stars: 	0

Total elapsed time: 2191.556314

 Good bye..
