Starting the log file.
Found GPU at: /device:GPU:0
tf_version: 2.7.0
Zernike cube:
(15, 256, 256)
Dataset parameters:
{'d_max': 2, 'max_order': 45, 'x_lims': [0, 1000.0], 'y_lims': [0, 1000.0], 'grid_points': [4, 4], 'n_bins': 20, 'max_wfe_rms': 0.1, 'oversampling_rate': 3.0, 'output_Q': 3.0, 'output_dim': 32, 'LP_filter_length': 2, 'pupil_diameter': 4096, 'euclid_obsc': True, 'n_stars': 2000}
Starting cycle 1..
Starting parametric update..
Epoch 1/15

Epoch 00001: mean_squared_error improved from inf to 0.00001, saving model to /gpfswork/rech/ynx/ulx23va/repo/wf-SEDs/model_WFE_size/wf-outputs/chkp/wfe_study_id009_bis/chkp_callback_poly_wfe_study_id009_256_bis_2_cycle1
63/63 - 180s - loss: 8.1879e-06 - mean_squared_error: 7.3874e-06 - val_loss: 1.5265e-06 - val_mean_squared_error: 1.5265e-06 - 180s/epoch - 3s/step
Epoch 2/15

Epoch 00002: mean_squared_error improved from 0.00001 to 0.00000, saving model to /gpfswork/rech/ynx/ulx23va/repo/wf-SEDs/model_WFE_size/wf-outputs/chkp/wfe_study_id009_bis/chkp_callback_poly_wfe_study_id009_256_bis_2_cycle1
63/63 - 175s - loss: 2.3758e-06 - mean_squared_error: 2.5632e-06 - val_loss: 8.7935e-07 - val_mean_squared_error: 8.7935e-07 - 175s/epoch - 3s/step
Epoch 3/15

Epoch 00003: mean_squared_error improved from 0.00000 to 0.00000, saving model to /gpfswork/rech/ynx/ulx23va/repo/wf-SEDs/model_WFE_size/wf-outputs/chkp/wfe_study_id009_bis/chkp_callback_poly_wfe_study_id009_256_bis_2_cycle1
63/63 - 174s - loss: 1.9941e-06 - mean_squared_error: 2.2305e-06 - val_loss: 7.5454e-07 - val_mean_squared_error: 7.5454e-07 - 174s/epoch - 3s/step
Epoch 4/15

Epoch 00004: mean_squared_error improved from 0.00000 to 0.00000, saving model to /gpfswork/rech/ynx/ulx23va/repo/wf-SEDs/model_WFE_size/wf-outputs/chkp/wfe_study_id009_bis/chkp_callback_poly_wfe_study_id009_256_bis_2_cycle1
63/63 - 174s - loss: 1.8738e-06 - mean_squared_error: 2.1239e-06 - val_loss: 6.9626e-07 - val_mean_squared_error: 6.9626e-07 - 174s/epoch - 3s/step
Epoch 5/15

Epoch 00005: mean_squared_error improved from 0.00000 to 0.00000, saving model to /gpfswork/rech/ynx/ulx23va/repo/wf-SEDs/model_WFE_size/wf-outputs/chkp/wfe_study_id009_bis/chkp_callback_poly_wfe_study_id009_256_bis_2_cycle1
63/63 - 174s - loss: 1.8245e-06 - mean_squared_error: 2.0839e-06 - val_loss: 6.6813e-07 - val_mean_squared_error: 6.6813e-07 - 174s/epoch - 3s/step
Epoch 6/15

Epoch 00006: mean_squared_error improved from 0.00000 to 0.00000, saving model to /gpfswork/rech/ynx/ulx23va/repo/wf-SEDs/model_WFE_size/wf-outputs/chkp/wfe_study_id009_bis/chkp_callback_poly_wfe_study_id009_256_bis_2_cycle1
63/63 - 175s - loss: 1.8095e-06 - mean_squared_error: 2.0687e-06 - val_loss: 6.7594e-07 - val_mean_squared_error: 6.7594e-07 - 175s/epoch - 3s/step
Epoch 7/15

Epoch 00007: mean_squared_error improved from 0.00000 to 0.00000, saving model to /gpfswork/rech/ynx/ulx23va/repo/wf-SEDs/model_WFE_size/wf-outputs/chkp/wfe_study_id009_bis/chkp_callback_poly_wfe_study_id009_256_bis_2_cycle1
63/63 - 174s - loss: 1.7995e-06 - mean_squared_error: 2.0583e-06 - val_loss: 6.5164e-07 - val_mean_squared_error: 6.5164e-07 - 174s/epoch - 3s/step
Epoch 8/15

Epoch 00008: mean_squared_error did not improve from 0.00000
63/63 - 175s - loss: 1.7992e-06 - mean_squared_error: 2.0587e-06 - val_loss: 6.5913e-07 - val_mean_squared_error: 6.5913e-07 - 175s/epoch - 3s/step
Epoch 9/15

Epoch 00009: mean_squared_error did not improve from 0.00000
63/63 - 174s - loss: 1.8181e-06 - mean_squared_error: 2.0734e-06 - val_loss: 6.7154e-07 - val_mean_squared_error: 6.7154e-07 - 174s/epoch - 3s/step
Epoch 10/15

Epoch 00010: mean_squared_error did not improve from 0.00000
63/63 - 175s - loss: 1.8568e-06 - mean_squared_error: 2.1031e-06 - val_loss: 7.7087e-07 - val_mean_squared_error: 7.7087e-07 - 175s/epoch - 3s/step
Epoch 11/15

Epoch 00011: mean_squared_error did not improve from 0.00000
63/63 - 175s - loss: 1.9801e-06 - mean_squared_error: 2.2081e-06 - val_loss: 7.6912e-07 - val_mean_squared_error: 7.6912e-07 - 175s/epoch - 3s/step
Epoch 12/15

Epoch 00012: mean_squared_error did not improve from 0.00000
63/63 - 174s - loss: 1.9062e-06 - mean_squared_error: 2.1431e-06 - val_loss: 7.2539e-07 - val_mean_squared_error: 7.2539e-07 - 174s/epoch - 3s/step
Epoch 13/15

Epoch 00013: mean_squared_error did not improve from 0.00000
63/63 - 175s - loss: 1.8563e-06 - mean_squared_error: 2.1022e-06 - val_loss: 8.7473e-07 - val_mean_squared_error: 8.7473e-07 - 175s/epoch - 3s/step
Epoch 14/15

Epoch 00014: mean_squared_error did not improve from 0.00000
63/63 - 175s - loss: 1.9073e-06 - mean_squared_error: 2.1447e-06 - val_loss: 7.0222e-07 - val_mean_squared_error: 7.0222e-07 - 175s/epoch - 3s/step
Epoch 15/15

Epoch 00015: mean_squared_error did not improve from 0.00000
63/63 - 174s - loss: 1.9155e-06 - mean_squared_error: 2.1517e-06 - val_loss: 7.9946e-07 - val_mean_squared_error: 7.9946e-07 - 174s/epoch - 3s/step
Starting non-parametric update..
Epoch 1/100

Epoch 00001: mean_squared_error did not improve from 0.00000
63/63 - 176s - loss: 1.8560e-06 - mean_squared_error: 2.1278e-06 - val_loss: 6.4164e-07 - val_mean_squared_error: 6.4164e-07 - 176s/epoch - 3s/step
Epoch 2/100

Epoch 00002: mean_squared_error improved from 0.00000 to 0.00000, saving model to /gpfswork/rech/ynx/ulx23va/repo/wf-SEDs/model_WFE_size/wf-outputs/chkp/wfe_study_id009_bis/chkp_callback_poly_wfe_study_id009_256_bis_2_cycle1
63/63 - 174s - loss: 1.6953e-06 - mean_squared_error: 1.9843e-06 - val_loss: 5.3194e-07 - val_mean_squared_error: 5.3194e-07 - 174s/epoch - 3s/step
Epoch 3/100

Epoch 00003: mean_squared_error improved from 0.00000 to 0.00000, saving model to /gpfswork/rech/ynx/ulx23va/repo/wf-SEDs/model_WFE_size/wf-outputs/chkp/wfe_study_id009_bis/chkp_callback_poly_wfe_study_id009_256_bis_2_cycle1
63/63 - 175s - loss: 1.5676e-06 - mean_squared_error: 1.8832e-06 - val_loss: 4.4675e-07 - val_mean_squared_error: 4.4675e-07 - 175s/epoch - 3s/step
Epoch 4/100

Epoch 00004: mean_squared_error improved from 0.00000 to 0.00000, saving model to /gpfswork/rech/ynx/ulx23va/repo/wf-SEDs/model_WFE_size/wf-outputs/chkp/wfe_study_id009_bis/chkp_callback_poly_wfe_study_id009_256_bis_2_cycle1
63/63 - 175s - loss: 1.4635e-06 - mean_squared_error: 1.7981e-06 - val_loss: 3.6822e-07 - val_mean_squared_error: 3.6822e-07 - 175s/epoch - 3s/step
Epoch 5/100

Epoch 00005: mean_squared_error improved from 0.00000 to 0.00000, saving model to /gpfswork/rech/ynx/ulx23va/repo/wf-SEDs/model_WFE_size/wf-outputs/chkp/wfe_study_id009_bis/chkp_callback_poly_wfe_study_id009_256_bis_2_cycle1
63/63 - 174s - loss: 1.3745e-06 - mean_squared_error: 1.7236e-06 - val_loss: 3.0156e-07 - val_mean_squared_error: 3.0156e-07 - 174s/epoch - 3s/step
Epoch 6/100

Epoch 00006: mean_squared_error improved from 0.00000 to 0.00000, saving model to /gpfswork/rech/ynx/ulx23va/repo/wf-SEDs/model_WFE_size/wf-outputs/chkp/wfe_study_id009_bis/chkp_callback_poly_wfe_study_id009_256_bis_2_cycle1
63/63 - 174s - loss: 1.3023e-06 - mean_squared_error: 1.6614e-06 - val_loss: 2.4613e-07 - val_mean_squared_error: 2.4613e-07 - 174s/epoch - 3s/step
Epoch 7/100

Epoch 00007: mean_squared_error improved from 0.00000 to 0.00000, saving model to /gpfswork/rech/ynx/ulx23va/repo/wf-SEDs/model_WFE_size/wf-outputs/chkp/wfe_study_id009_bis/chkp_callback_poly_wfe_study_id009_256_bis_2_cycle1
63/63 - 173s - loss: 1.2477e-06 - mean_squared_error: 1.6132e-06 - val_loss: 2.0646e-07 - val_mean_squared_error: 2.0646e-07 - 173s/epoch - 3s/step
Epoch 8/100

Epoch 00008: mean_squared_error improved from 0.00000 to 0.00000, saving model to /gpfswork/rech/ynx/ulx23va/repo/wf-SEDs/model_WFE_size/wf-outputs/chkp/wfe_study_id009_bis/chkp_callback_poly_wfe_study_id009_256_bis_2_cycle1
63/63 - 173s - loss: 1.2045e-06 - mean_squared_error: 1.5760e-06 - val_loss: 1.7379e-07 - val_mean_squared_error: 1.7379e-07 - 173s/epoch - 3s/step
Epoch 9/100

Epoch 00009: mean_squared_error improved from 0.00000 to 0.00000, saving model to /gpfswork/rech/ynx/ulx23va/repo/wf-SEDs/model_WFE_size/wf-outputs/chkp/wfe_study_id009_bis/chkp_callback_poly_wfe_study_id009_256_bis_2_cycle1
63/63 - 170s - loss: 1.1723e-06 - mean_squared_error: 1.5476e-06 - val_loss: 1.4915e-07 - val_mean_squared_error: 1.4915e-07 - 170s/epoch - 3s/step
Epoch 10/100

Epoch 00010: mean_squared_error improved from 0.00000 to 0.00000, saving model to /gpfswork/rech/ynx/ulx23va/repo/wf-SEDs/model_WFE_size/wf-outputs/chkp/wfe_study_id009_bis/chkp_callback_poly_wfe_study_id009_256_bis_2_cycle1
63/63 - 172s - loss: 1.1459e-06 - mean_squared_error: 1.5250e-06 - val_loss: 1.2708e-07 - val_mean_squared_error: 1.2708e-07 - 172s/epoch - 3s/step
Epoch 11/100

Epoch 00011: mean_squared_error improved from 0.00000 to 0.00000, saving model to /gpfswork/rech/ynx/ulx23va/repo/wf-SEDs/model_WFE_size/wf-outputs/chkp/wfe_study_id009_bis/chkp_callback_poly_wfe_study_id009_256_bis_2_cycle1
63/63 - 172s - loss: 1.1228e-06 - mean_squared_error: 1.5052e-06 - val_loss: 1.0991e-07 - val_mean_squared_error: 1.0991e-07 - 172s/epoch - 3s/step
Epoch 12/100

Epoch 00012: mean_squared_error improved from 0.00000 to 0.00000, saving model to /gpfswork/rech/ynx/ulx23va/repo/wf-SEDs/model_WFE_size/wf-outputs/chkp/wfe_study_id009_bis/chkp_callback_poly_wfe_study_id009_256_bis_2_cycle1
63/63 - 173s - loss: 1.1062e-06 - mean_squared_error: 1.4903e-06 - val_loss: 9.6933e-08 - val_mean_squared_error: 9.6933e-08 - 173s/epoch - 3s/step
Epoch 13/100

Epoch 00013: mean_squared_error improved from 0.00000 to 0.00000, saving model to /gpfswork/rech/ynx/ulx23va/repo/wf-SEDs/model_WFE_size/wf-outputs/chkp/wfe_study_id009_bis/chkp_callback_poly_wfe_study_id009_256_bis_2_cycle1
63/63 - 173s - loss: 1.0905e-06 - mean_squared_error: 1.4775e-06 - val_loss: 8.3593e-08 - val_mean_squared_error: 8.3593e-08 - 173s/epoch - 3s/step
Epoch 14/100

Epoch 00014: mean_squared_error improved from 0.00000 to 0.00000, saving model to /gpfswork/rech/ynx/ulx23va/repo/wf-SEDs/model_WFE_size/wf-outputs/chkp/wfe_study_id009_bis/chkp_callback_poly_wfe_study_id009_256_bis_2_cycle1
63/63 - 172s - loss: 1.0780e-06 - mean_squared_error: 1.4666e-06 - val_loss: 7.3880e-08 - val_mean_squared_error: 7.3880e-08 - 172s/epoch - 3s/step
Epoch 15/100

Epoch 00015: mean_squared_error improved from 0.00000 to 0.00000, saving model to /gpfswork/rech/ynx/ulx23va/repo/wf-SEDs/model_WFE_size/wf-outputs/chkp/wfe_study_id009_bis/chkp_callback_poly_wfe_study_id009_256_bis_2_cycle1
63/63 - 172s - loss: 1.0677e-06 - mean_squared_error: 1.4578e-06 - val_loss: 6.5838e-08 - val_mean_squared_error: 6.5838e-08 - 172s/epoch - 3s/step
Epoch 16/100

Epoch 00016: mean_squared_error improved from 0.00000 to 0.00000, saving model to /gpfswork/rech/ynx/ulx23va/repo/wf-SEDs/model_WFE_size/wf-outputs/chkp/wfe_study_id009_bis/chkp_callback_poly_wfe_study_id009_256_bis_2_cycle1
63/63 - 172s - loss: 1.0593e-06 - mean_squared_error: 1.4506e-06 - val_loss: 5.9771e-08 - val_mean_squared_error: 5.9771e-08 - 172s/epoch - 3s/step
Epoch 17/100

Epoch 00017: mean_squared_error improved from 0.00000 to 0.00000, saving model to /gpfswork/rech/ynx/ulx23va/repo/wf-SEDs/model_WFE_size/wf-outputs/chkp/wfe_study_id009_bis/chkp_callback_poly_wfe_study_id009_256_bis_2_cycle1
63/63 - 172s - loss: 1.0539e-06 - mean_squared_error: 1.4455e-06 - val_loss: 5.9435e-08 - val_mean_squared_error: 5.9435e-08 - 172s/epoch - 3s/step
Epoch 18/100

Epoch 00018: mean_squared_error improved from 0.00000 to 0.00000, saving model to /gpfswork/rech/ynx/ulx23va/repo/wf-SEDs/model_WFE_size/wf-outputs/chkp/wfe_study_id009_bis/chkp_callback_poly_wfe_study_id009_256_bis_2_cycle1
63/63 - 172s - loss: 1.0482e-06 - mean_squared_error: 1.4409e-06 - val_loss: 4.8294e-08 - val_mean_squared_error: 4.8294e-08 - 172s/epoch - 3s/step
Epoch 19/100

Epoch 00019: mean_squared_error improved from 0.00000 to 0.00000, saving model to /gpfswork/rech/ynx/ulx23va/repo/wf-SEDs/model_WFE_size/wf-outputs/chkp/wfe_study_id009_bis/chkp_callback_poly_wfe_study_id009_256_bis_2_cycle1
63/63 - 172s - loss: 1.0414e-06 - mean_squared_error: 1.4352e-06 - val_loss: 4.4480e-08 - val_mean_squared_error: 4.4480e-08 - 172s/epoch - 3s/step
Epoch 20/100

Epoch 00020: mean_squared_error improved from 0.00000 to 0.00000, saving model to /gpfswork/rech/ynx/ulx23va/repo/wf-SEDs/model_WFE_size/wf-outputs/chkp/wfe_study_id009_bis/chkp_callback_poly_wfe_study_id009_256_bis_2_cycle1
63/63 - 172s - loss: 1.0398e-06 - mean_squared_error: 1.4334e-06 - val_loss: 4.4522e-08 - val_mean_squared_error: 4.4522e-08 - 172s/epoch - 3s/step
Epoch 21/100

Epoch 00021: mean_squared_error improved from 0.00000 to 0.00000, saving model to /gpfswork/rech/ynx/ulx23va/repo/wf-SEDs/model_WFE_size/wf-outputs/chkp/wfe_study_id009_bis/chkp_callback_poly_wfe_study_id009_256_bis_2_cycle1
63/63 - 172s - loss: 1.0337e-06 - mean_squared_error: 1.4282e-06 - val_loss: 3.6760e-08 - val_mean_squared_error: 3.6760e-08 - 172s/epoch - 3s/step
Epoch 22/100

Epoch 00022: mean_squared_error improved from 0.00000 to 0.00000, saving model to /gpfswork/rech/ynx/ulx23va/repo/wf-SEDs/model_WFE_size/wf-outputs/chkp/wfe_study_id009_bis/chkp_callback_poly_wfe_study_id009_256_bis_2_cycle1
63/63 - 172s - loss: 1.0296e-06 - mean_squared_error: 1.4250e-06 - val_loss: 3.4499e-08 - val_mean_squared_error: 3.4499e-08 - 172s/epoch - 3s/step
Epoch 23/100

Epoch 00023: mean_squared_error improved from 0.00000 to 0.00000, saving model to /gpfswork/rech/ynx/ulx23va/repo/wf-SEDs/model_WFE_size/wf-outputs/chkp/wfe_study_id009_bis/chkp_callback_poly_wfe_study_id009_256_bis_2_cycle1
63/63 - 173s - loss: 1.0264e-06 - mean_squared_error: 1.4221e-06 - val_loss: 3.2211e-08 - val_mean_squared_error: 3.2211e-08 - 173s/epoch - 3s/step
Epoch 24/100

Epoch 00024: mean_squared_error improved from 0.00000 to 0.00000, saving model to /gpfswork/rech/ynx/ulx23va/repo/wf-SEDs/model_WFE_size/wf-outputs/chkp/wfe_study_id009_bis/chkp_callback_poly_wfe_study_id009_256_bis_2_cycle1
63/63 - 173s - loss: 1.0237e-06 - mean_squared_error: 1.4197e-06 - val_loss: 2.9026e-08 - val_mean_squared_error: 2.9026e-08 - 173s/epoch - 3s/step
Epoch 25/100

Epoch 00025: mean_squared_error improved from 0.00000 to 0.00000, saving model to /gpfswork/rech/ynx/ulx23va/repo/wf-SEDs/model_WFE_size/wf-outputs/chkp/wfe_study_id009_bis/chkp_callback_poly_wfe_study_id009_256_bis_2_cycle1
63/63 - 173s - loss: 1.0214e-06 - mean_squared_error: 1.4176e-06 - val_loss: 2.6675e-08 - val_mean_squared_error: 2.6675e-08 - 173s/epoch - 3s/step
Epoch 26/100

Epoch 00026: mean_squared_error improved from 0.00000 to 0.00000, saving model to /gpfswork/rech/ynx/ulx23va/repo/wf-SEDs/model_WFE_size/wf-outputs/chkp/wfe_study_id009_bis/chkp_callback_poly_wfe_study_id009_256_bis_2_cycle1
63/63 - 172s - loss: 1.0197e-06 - mean_squared_error: 1.4161e-06 - val_loss: 2.5941e-08 - val_mean_squared_error: 2.5941e-08 - 172s/epoch - 3s/step
Epoch 27/100

Epoch 00027: mean_squared_error improved from 0.00000 to 0.00000, saving model to /gpfswork/rech/ynx/ulx23va/repo/wf-SEDs/model_WFE_size/wf-outputs/chkp/wfe_study_id009_bis/chkp_callback_poly_wfe_study_id009_256_bis_2_cycle1
63/63 - 172s - loss: 1.0173e-06 - mean_squared_error: 1.4141e-06 - val_loss: 2.3406e-08 - val_mean_squared_error: 2.3406e-08 - 172s/epoch - 3s/step
Epoch 28/100

Epoch 00028: mean_squared_error improved from 0.00000 to 0.00000, saving model to /gpfswork/rech/ynx/ulx23va/repo/wf-SEDs/model_WFE_size/wf-outputs/chkp/wfe_study_id009_bis/chkp_callback_poly_wfe_study_id009_256_bis_2_cycle1
63/63 - 172s - loss: 1.0154e-06 - mean_squared_error: 1.4124e-06 - val_loss: 2.2434e-08 - val_mean_squared_error: 2.2434e-08 - 172s/epoch - 3s/step
Epoch 29/100

Epoch 00029: mean_squared_error improved from 0.00000 to 0.00000, saving model to /gpfswork/rech/ynx/ulx23va/repo/wf-SEDs/model_WFE_size/wf-outputs/chkp/wfe_study_id009_bis/chkp_callback_poly_wfe_study_id009_256_bis_2_cycle1
63/63 - 172s - loss: 1.0151e-06 - mean_squared_error: 1.4120e-06 - val_loss: 2.1770e-08 - val_mean_squared_error: 2.1770e-08 - 172s/epoch - 3s/step
Epoch 30/100

Epoch 00030: mean_squared_error improved from 0.00000 to 0.00000, saving model to /gpfswork/rech/ynx/ulx23va/repo/wf-SEDs/model_WFE_size/wf-outputs/chkp/wfe_study_id009_bis/chkp_callback_poly_wfe_study_id009_256_bis_2_cycle1
63/63 - 173s - loss: 1.0133e-06 - mean_squared_error: 1.4106e-06 - val_loss: 1.9939e-08 - val_mean_squared_error: 1.9939e-08 - 173s/epoch - 3s/step
Epoch 31/100

Epoch 00031: mean_squared_error improved from 0.00000 to 0.00000, saving model to /gpfswork/rech/ynx/ulx23va/repo/wf-SEDs/model_WFE_size/wf-outputs/chkp/wfe_study_id009_bis/chkp_callback_poly_wfe_study_id009_256_bis_2_cycle1
63/63 - 171s - loss: 1.0124e-06 - mean_squared_error: 1.4097e-06 - val_loss: 1.9879e-08 - val_mean_squared_error: 1.9879e-08 - 171s/epoch - 3s/step
Epoch 32/100

Epoch 00032: mean_squared_error improved from 0.00000 to 0.00000, saving model to /gpfswork/rech/ynx/ulx23va/repo/wf-SEDs/model_WFE_size/wf-outputs/chkp/wfe_study_id009_bis/chkp_callback_poly_wfe_study_id009_256_bis_2_cycle1
63/63 - 171s - loss: 1.0126e-06 - mean_squared_error: 1.4097e-06 - val_loss: 1.9441e-08 - val_mean_squared_error: 1.9441e-08 - 171s/epoch - 3s/step
Epoch 33/100

Epoch 00033: mean_squared_error improved from 0.00000 to 0.00000, saving model to /gpfswork/rech/ynx/ulx23va/repo/wf-SEDs/model_WFE_size/wf-outputs/chkp/wfe_study_id009_bis/chkp_callback_poly_wfe_study_id009_256_bis_2_cycle1
63/63 - 171s - loss: 1.0107e-06 - mean_squared_error: 1.4082e-06 - val_loss: 1.8607e-08 - val_mean_squared_error: 1.8607e-08 - 171s/epoch - 3s/step
Epoch 34/100

Epoch 00034: mean_squared_error improved from 0.00000 to 0.00000, saving model to /gpfswork/rech/ynx/ulx23va/repo/wf-SEDs/model_WFE_size/wf-outputs/chkp/wfe_study_id009_bis/chkp_callback_poly_wfe_study_id009_256_bis_2_cycle1
63/63 - 171s - loss: 1.0096e-06 - mean_squared_error: 1.4070e-06 - val_loss: 1.8019e-08 - val_mean_squared_error: 1.8019e-08 - 171s/epoch - 3s/step
Epoch 35/100

Epoch 00035: mean_squared_error improved from 0.00000 to 0.00000, saving model to /gpfswork/rech/ynx/ulx23va/repo/wf-SEDs/model_WFE_size/wf-outputs/chkp/wfe_study_id009_bis/chkp_callback_poly_wfe_study_id009_256_bis_2_cycle1
63/63 - 171s - loss: 1.0088e-06 - mean_squared_error: 1.4065e-06 - val_loss: 1.7630e-08 - val_mean_squared_error: 1.7630e-08 - 171s/epoch - 3s/step
Epoch 36/100

Epoch 00036: mean_squared_error improved from 0.00000 to 0.00000, saving model to /gpfswork/rech/ynx/ulx23va/repo/wf-SEDs/model_WFE_size/wf-outputs/chkp/wfe_study_id009_bis/chkp_callback_poly_wfe_study_id009_256_bis_2_cycle1
63/63 - 171s - loss: 1.0077e-06 - mean_squared_error: 1.4057e-06 - val_loss: 1.6950e-08 - val_mean_squared_error: 1.6950e-08 - 171s/epoch - 3s/step
Epoch 37/100

Epoch 00037: mean_squared_error improved from 0.00000 to 0.00000, saving model to /gpfswork/rech/ynx/ulx23va/repo/wf-SEDs/model_WFE_size/wf-outputs/chkp/wfe_study_id009_bis/chkp_callback_poly_wfe_study_id009_256_bis_2_cycle1
63/63 - 171s - loss: 1.0074e-06 - mean_squared_error: 1.4054e-06 - val_loss: 1.7066e-08 - val_mean_squared_error: 1.7066e-08 - 171s/epoch - 3s/step
Epoch 38/100

Epoch 00038: mean_squared_error improved from 0.00000 to 0.00000, saving model to /gpfswork/rech/ynx/ulx23va/repo/wf-SEDs/model_WFE_size/wf-outputs/chkp/wfe_study_id009_bis/chkp_callback_poly_wfe_study_id009_256_bis_2_cycle1
63/63 - 171s - loss: 1.0059e-06 - mean_squared_error: 1.4040e-06 - val_loss: 1.4438e-08 - val_mean_squared_error: 1.4438e-08 - 171s/epoch - 3s/step
Epoch 39/100

Epoch 00039: mean_squared_error did not improve from 0.00000
63/63 - 172s - loss: 1.0059e-06 - mean_squared_error: 1.4041e-06 - val_loss: 1.4010e-08 - val_mean_squared_error: 1.4010e-08 - 172s/epoch - 3s/step
Epoch 40/100

Epoch 00040: mean_squared_error improved from 0.00000 to 0.00000, saving model to /gpfswork/rech/ynx/ulx23va/repo/wf-SEDs/model_WFE_size/wf-outputs/chkp/wfe_study_id009_bis/chkp_callback_poly_wfe_study_id009_256_bis_2_cycle1
63/63 - 172s - loss: 1.0059e-06 - mean_squared_error: 1.4039e-06 - val_loss: 1.4023e-08 - val_mean_squared_error: 1.4023e-08 - 172s/epoch - 3s/step
Epoch 41/100

Epoch 00041: mean_squared_error improved from 0.00000 to 0.00000, saving model to /gpfswork/rech/ynx/ulx23va/repo/wf-SEDs/model_WFE_size/wf-outputs/chkp/wfe_study_id009_bis/chkp_callback_poly_wfe_study_id009_256_bis_2_cycle1
63/63 - 171s - loss: 1.0049e-06 - mean_squared_error: 1.4033e-06 - val_loss: 1.3001e-08 - val_mean_squared_error: 1.3001e-08 - 171s/epoch - 3s/step
Epoch 42/100

Epoch 00042: mean_squared_error improved from 0.00000 to 0.00000, saving model to /gpfswork/rech/ynx/ulx23va/repo/wf-SEDs/model_WFE_size/wf-outputs/chkp/wfe_study_id009_bis/chkp_callback_poly_wfe_study_id009_256_bis_2_cycle1
63/63 - 171s - loss: 1.0054e-06 - mean_squared_error: 1.4033e-06 - val_loss: 1.2775e-08 - val_mean_squared_error: 1.2775e-08 - 171s/epoch - 3s/step
Epoch 43/100

Epoch 00043: mean_squared_error improved from 0.00000 to 0.00000, saving model to /gpfswork/rech/ynx/ulx23va/repo/wf-SEDs/model_WFE_size/wf-outputs/chkp/wfe_study_id009_bis/chkp_callback_poly_wfe_study_id009_256_bis_2_cycle1
63/63 - 171s - loss: 1.0049e-06 - mean_squared_error: 1.4029e-06 - val_loss: 1.3726e-08 - val_mean_squared_error: 1.3726e-08 - 171s/epoch - 3s/step
Epoch 44/100

Epoch 00044: mean_squared_error improved from 0.00000 to 0.00000, saving model to /gpfswork/rech/ynx/ulx23va/repo/wf-SEDs/model_WFE_size/wf-outputs/chkp/wfe_study_id009_bis/chkp_callback_poly_wfe_study_id009_256_bis_2_cycle1
63/63 - 171s - loss: 1.0041e-06 - mean_squared_error: 1.4022e-06 - val_loss: 1.4014e-08 - val_mean_squared_error: 1.4014e-08 - 171s/epoch - 3s/step
Epoch 45/100

Epoch 00045: mean_squared_error did not improve from 0.00000
63/63 - 171s - loss: 1.0049e-06 - mean_squared_error: 1.4031e-06 - val_loss: 1.2746e-08 - val_mean_squared_error: 1.2746e-08 - 171s/epoch - 3s/step
Epoch 46/100

Epoch 00046: mean_squared_error improved from 0.00000 to 0.00000, saving model to /gpfswork/rech/ynx/ulx23va/repo/wf-SEDs/model_WFE_size/wf-outputs/chkp/wfe_study_id009_bis/chkp_callback_poly_wfe_study_id009_256_bis_2_cycle1
63/63 - 171s - loss: 1.0042e-06 - mean_squared_error: 1.4021e-06 - val_loss: 1.3143e-08 - val_mean_squared_error: 1.3143e-08 - 171s/epoch - 3s/step
Epoch 47/100

Epoch 00047: mean_squared_error did not improve from 0.00000
63/63 - 171s - loss: 1.0067e-06 - mean_squared_error: 1.4042e-06 - val_loss: 1.2212e-08 - val_mean_squared_error: 1.2212e-08 - 171s/epoch - 3s/step
Epoch 48/100

Epoch 00048: mean_squared_error improved from 0.00000 to 0.00000, saving model to /gpfswork/rech/ynx/ulx23va/repo/wf-SEDs/model_WFE_size/wf-outputs/chkp/wfe_study_id009_bis/chkp_callback_poly_wfe_study_id009_256_bis_2_cycle1
63/63 - 171s - loss: 1.0030e-06 - mean_squared_error: 1.4014e-06 - val_loss: 1.1587e-08 - val_mean_squared_error: 1.1587e-08 - 171s/epoch - 3s/step
Epoch 49/100

Epoch 00049: mean_squared_error did not improve from 0.00000
63/63 - 171s - loss: 1.0049e-06 - mean_squared_error: 1.4024e-06 - val_loss: 2.0637e-08 - val_mean_squared_error: 2.0637e-08 - 171s/epoch - 3s/step
Epoch 50/100

Epoch 00050: mean_squared_error did not improve from 0.00000
63/63 - 172s - loss: 1.0196e-06 - mean_squared_error: 1.4142e-06 - val_loss: 1.4715e-08 - val_mean_squared_error: 1.4715e-08 - 172s/epoch - 3s/step
Epoch 51/100

Epoch 00051: mean_squared_error did not improve from 0.00000
63/63 - 171s - loss: 1.0038e-06 - mean_squared_error: 1.4019e-06 - val_loss: 1.0750e-08 - val_mean_squared_error: 1.0750e-08 - 171s/epoch - 3s/step
Epoch 52/100

Epoch 00052: mean_squared_error improved from 0.00000 to 0.00000, saving model to /gpfswork/rech/ynx/ulx23va/repo/wf-SEDs/model_WFE_size/wf-outputs/chkp/wfe_study_id009_bis/chkp_callback_poly_wfe_study_id009_256_bis_2_cycle1
63/63 - 171s - loss: 1.0013e-06 - mean_squared_error: 1.3999e-06 - val_loss: 1.0049e-08 - val_mean_squared_error: 1.0049e-08 - 171s/epoch - 3s/step
Epoch 53/100

Epoch 00053: mean_squared_error did not improve from 0.00000
63/63 - 171s - loss: 1.0036e-06 - mean_squared_error: 1.4016e-06 - val_loss: 1.0594e-08 - val_mean_squared_error: 1.0594e-08 - 171s/epoch - 3s/step
Epoch 54/100

Epoch 00054: mean_squared_error improved from 0.00000 to 0.00000, saving model to /gpfswork/rech/ynx/ulx23va/repo/wf-SEDs/model_WFE_size/wf-outputs/chkp/wfe_study_id009_bis/chkp_callback_poly_wfe_study_id009_256_bis_2_cycle1
63/63 - 171s - loss: 1.0007e-06 - mean_squared_error: 1.3994e-06 - val_loss: 9.8078e-09 - val_mean_squared_error: 9.8078e-09 - 171s/epoch - 3s/step
Epoch 55/100

Epoch 00055: mean_squared_error did not improve from 0.00000
63/63 - 171s - loss: 1.0021e-06 - mean_squared_error: 1.4004e-06 - val_loss: 1.0273e-08 - val_mean_squared_error: 1.0273e-08 - 171s/epoch - 3s/step
Epoch 56/100

Epoch 00056: mean_squared_error did not improve from 0.00000
63/63 - 171s - loss: 1.0015e-06 - mean_squared_error: 1.4000e-06 - val_loss: 9.7213e-09 - val_mean_squared_error: 9.7213e-09 - 171s/epoch - 3s/step
Epoch 57/100

Epoch 00057: mean_squared_error improved from 0.00000 to 0.00000, saving model to /gpfswork/rech/ynx/ulx23va/repo/wf-SEDs/model_WFE_size/wf-outputs/chkp/wfe_study_id009_bis/chkp_callback_poly_wfe_study_id009_256_bis_2_cycle1
63/63 - 171s - loss: 1.0003e-06 - mean_squared_error: 1.3991e-06 - val_loss: 9.4016e-09 - val_mean_squared_error: 9.4016e-09 - 171s/epoch - 3s/step
Epoch 58/100

Epoch 00058: mean_squared_error improved from 0.00000 to 0.00000, saving model to /gpfswork/rech/ynx/ulx23va/repo/wf-SEDs/model_WFE_size/wf-outputs/chkp/wfe_study_id009_bis/chkp_callback_poly_wfe_study_id009_256_bis_2_cycle1
63/63 - 172s - loss: 9.9994e-07 - mean_squared_error: 1.3988e-06 - val_loss: 8.6692e-09 - val_mean_squared_error: 8.6692e-09 - 172s/epoch - 3s/step
Epoch 59/100

Epoch 00059: mean_squared_error did not improve from 0.00000
63/63 - 171s - loss: 1.0006e-06 - mean_squared_error: 1.3992e-06 - val_loss: 9.9285e-09 - val_mean_squared_error: 9.9285e-09 - 171s/epoch - 3s/step
Epoch 60/100

Epoch 00060: mean_squared_error did not improve from 0.00000
63/63 - 171s - loss: 1.0006e-06 - mean_squared_error: 1.3992e-06 - val_loss: 9.8095e-09 - val_mean_squared_error: 9.8095e-09 - 171s/epoch - 3s/step
Epoch 61/100

Epoch 00061: mean_squared_error improved from 0.00000 to 0.00000, saving model to /gpfswork/rech/ynx/ulx23va/repo/wf-SEDs/model_WFE_size/wf-outputs/chkp/wfe_study_id009_bis/chkp_callback_poly_wfe_study_id009_256_bis_2_cycle1
63/63 - 172s - loss: 9.9905e-07 - mean_squared_error: 1.3980e-06 - val_loss: 8.7861e-09 - val_mean_squared_error: 8.7861e-09 - 172s/epoch - 3s/step
Epoch 62/100

Epoch 00062: mean_squared_error did not improve from 0.00000
63/63 - 171s - loss: 9.9958e-07 - mean_squared_error: 1.3983e-06 - val_loss: 9.0436e-09 - val_mean_squared_error: 9.0436e-09 - 171s/epoch - 3s/step
Epoch 63/100

Epoch 00063: mean_squared_error did not improve from 0.00000
63/63 - 171s - loss: 9.9951e-07 - mean_squared_error: 1.3982e-06 - val_loss: 8.9644e-09 - val_mean_squared_error: 8.9644e-09 - 171s/epoch - 3s/step
Epoch 64/100

Epoch 00064: mean_squared_error did not improve from 0.00000
63/63 - 171s - loss: 1.0027e-06 - mean_squared_error: 1.4007e-06 - val_loss: 1.0760e-08 - val_mean_squared_error: 1.0760e-08 - 171s/epoch - 3s/step
Epoch 65/100

Epoch 00065: mean_squared_error did not improve from 0.00000
63/63 - 171s - loss: 9.9962e-07 - mean_squared_error: 1.3984e-06 - val_loss: 1.0197e-08 - val_mean_squared_error: 1.0197e-08 - 171s/epoch - 3s/step
Epoch 66/100

Epoch 00066: mean_squared_error did not improve from 0.00000
63/63 - 172s - loss: 1.0051e-06 - mean_squared_error: 1.4027e-06 - val_loss: 1.0709e-08 - val_mean_squared_error: 1.0709e-08 - 172s/epoch - 3s/step
Epoch 67/100

Epoch 00067: mean_squared_error did not improve from 0.00000
63/63 - 172s - loss: 1.0072e-06 - mean_squared_error: 1.4038e-06 - val_loss: 1.2011e-08 - val_mean_squared_error: 1.2011e-08 - 172s/epoch - 3s/step
Epoch 68/100

Epoch 00068: mean_squared_error did not improve from 0.00000
63/63 - 171s - loss: 1.0108e-06 - mean_squared_error: 1.4067e-06 - val_loss: 9.6819e-09 - val_mean_squared_error: 9.6819e-09 - 171s/epoch - 3s/step
Epoch 69/100

Epoch 00069: mean_squared_error improved from 0.00000 to 0.00000, saving model to /gpfswork/rech/ynx/ulx23va/repo/wf-SEDs/model_WFE_size/wf-outputs/chkp/wfe_study_id009_bis/chkp_callback_poly_wfe_study_id009_256_bis_2_cycle1
63/63 - 171s - loss: 9.9911e-07 - mean_squared_error: 1.3980e-06 - val_loss: 8.9669e-09 - val_mean_squared_error: 8.9669e-09 - 171s/epoch - 3s/step
Epoch 70/100

Epoch 00070: mean_squared_error did not improve from 0.00000
63/63 - 172s - loss: 1.0002e-06 - mean_squared_error: 1.3987e-06 - val_loss: 9.4590e-09 - val_mean_squared_error: 9.4590e-09 - 172s/epoch - 3s/step
Epoch 71/100

Epoch 00071: mean_squared_error did not improve from 0.00000
63/63 - 172s - loss: 9.9944e-07 - mean_squared_error: 1.3980e-06 - val_loss: 9.2801e-09 - val_mean_squared_error: 9.2801e-09 - 172s/epoch - 3s/step
Epoch 72/100

Epoch 00072: mean_squared_error improved from 0.00000 to 0.00000, saving model to /gpfswork/rech/ynx/ulx23va/repo/wf-SEDs/model_WFE_size/wf-outputs/chkp/wfe_study_id009_bis/chkp_callback_poly_wfe_study_id009_256_bis_2_cycle1
63/63 - 172s - loss: 9.9871e-07 - mean_squared_error: 1.3976e-06 - val_loss: 7.8075e-09 - val_mean_squared_error: 7.8075e-09 - 172s/epoch - 3s/step
Epoch 73/100

Epoch 00073: mean_squared_error improved from 0.00000 to 0.00000, saving model to /gpfswork/rech/ynx/ulx23va/repo/wf-SEDs/model_WFE_size/wf-outputs/chkp/wfe_study_id009_bis/chkp_callback_poly_wfe_study_id009_256_bis_2_cycle1
63/63 - 171s - loss: 9.9779e-07 - mean_squared_error: 1.3968e-06 - val_loss: 8.5065e-09 - val_mean_squared_error: 8.5065e-09 - 171s/epoch - 3s/step
Epoch 74/100

Epoch 00074: mean_squared_error did not improve from 0.00000
63/63 - 172s - loss: 9.9797e-07 - mean_squared_error: 1.3969e-06 - val_loss: 7.9852e-09 - val_mean_squared_error: 7.9852e-09 - 172s/epoch - 3s/step
Epoch 75/100

Epoch 00075: mean_squared_error did not improve from 0.00000
63/63 - 171s - loss: 9.9816e-07 - mean_squared_error: 1.3972e-06 - val_loss: 7.6727e-09 - val_mean_squared_error: 7.6727e-09 - 171s/epoch - 3s/step
Epoch 76/100

Epoch 00076: mean_squared_error did not improve from 0.00000
63/63 - 172s - loss: 9.9900e-07 - mean_squared_error: 1.3978e-06 - val_loss: 7.7810e-09 - val_mean_squared_error: 7.7810e-09 - 172s/epoch - 3s/step
Epoch 77/100

Epoch 00077: mean_squared_error improved from 0.00000 to 0.00000, saving model to /gpfswork/rech/ynx/ulx23va/repo/wf-SEDs/model_WFE_size/wf-outputs/chkp/wfe_study_id009_bis/chkp_callback_poly_wfe_study_id009_256_bis_2_cycle1
63/63 - 172s - loss: 9.9759e-07 - mean_squared_error: 1.3967e-06 - val_loss: 7.7537e-09 - val_mean_squared_error: 7.7537e-09 - 172s/epoch - 3s/step
Epoch 78/100

Epoch 00078: mean_squared_error improved from 0.00000 to 0.00000, saving model to /gpfswork/rech/ynx/ulx23va/repo/wf-SEDs/model_WFE_size/wf-outputs/chkp/wfe_study_id009_bis/chkp_callback_poly_wfe_study_id009_256_bis_2_cycle1
63/63 - 172s - loss: 9.9725e-07 - mean_squared_error: 1.3965e-06 - val_loss: 8.2460e-09 - val_mean_squared_error: 8.2460e-09 - 172s/epoch - 3s/step
Epoch 79/100

Epoch 00079: mean_squared_error did not improve from 0.00000
63/63 - 171s - loss: 9.9746e-07 - mean_squared_error: 1.3966e-06 - val_loss: 8.2583e-09 - val_mean_squared_error: 8.2583e-09 - 171s/epoch - 3s/step
Epoch 80/100

Epoch 00080: mean_squared_error improved from 0.00000 to 0.00000, saving model to /gpfswork/rech/ynx/ulx23va/repo/wf-SEDs/model_WFE_size/wf-outputs/chkp/wfe_study_id009_bis/chkp_callback_poly_wfe_study_id009_256_bis_2_cycle1
63/63 - 171s - loss: 9.9728e-07 - mean_squared_error: 1.3965e-06 - val_loss: 9.1246e-09 - val_mean_squared_error: 9.1246e-09 - 171s/epoch - 3s/step
Epoch 81/100

Epoch 00081: mean_squared_error did not improve from 0.00000
63/63 - 171s - loss: 9.9924e-07 - mean_squared_error: 1.3980e-06 - val_loss: 1.1480e-08 - val_mean_squared_error: 1.1480e-08 - 171s/epoch - 3s/step
Epoch 82/100

Epoch 00082: mean_squared_error did not improve from 0.00000
63/63 - 171s - loss: 9.9984e-07 - mean_squared_error: 1.3981e-06 - val_loss: 1.5049e-08 - val_mean_squared_error: 1.5049e-08 - 171s/epoch - 3s/step
Epoch 83/100

Epoch 00083: mean_squared_error did not improve from 0.00000
63/63 - 171s - loss: 9.9846e-07 - mean_squared_error: 1.3974e-06 - val_loss: 8.1872e-09 - val_mean_squared_error: 8.1872e-09 - 171s/epoch - 3s/step
Epoch 84/100

Epoch 00084: mean_squared_error did not improve from 0.00000
63/63 - 172s - loss: 9.9810e-07 - mean_squared_error: 1.3971e-06 - val_loss: 8.3189e-09 - val_mean_squared_error: 8.3189e-09 - 172s/epoch - 3s/step
Epoch 85/100

Epoch 00085: mean_squared_error improved from 0.00000 to 0.00000, saving model to /gpfswork/rech/ynx/ulx23va/repo/wf-SEDs/model_WFE_size/wf-outputs/chkp/wfe_study_id009_bis/chkp_callback_poly_wfe_study_id009_256_bis_2_cycle1
63/63 - 171s - loss: 9.9727e-07 - mean_squared_error: 1.3963e-06 - val_loss: 7.5986e-09 - val_mean_squared_error: 7.5986e-09 - 171s/epoch - 3s/step
Epoch 86/100

Epoch 00086: mean_squared_error did not improve from 0.00000
63/63 - 171s - loss: 9.9851e-07 - mean_squared_error: 1.3974e-06 - val_loss: 8.4452e-09 - val_mean_squared_error: 8.4452e-09 - 171s/epoch - 3s/step
Epoch 87/100

Epoch 00087: mean_squared_error did not improve from 0.00000
63/63 - 171s - loss: 9.9780e-07 - mean_squared_error: 1.3968e-06 - val_loss: 7.4483e-09 - val_mean_squared_error: 7.4483e-09 - 171s/epoch - 3s/step
Epoch 88/100

Epoch 00088: mean_squared_error did not improve from 0.00000
63/63 - 171s - loss: 1.0028e-06 - mean_squared_error: 1.4002e-06 - val_loss: 1.8898e-08 - val_mean_squared_error: 1.8898e-08 - 171s/epoch - 3s/step
Epoch 89/100

Epoch 00089: mean_squared_error did not improve from 0.00000
63/63 - 171s - loss: 1.0025e-06 - mean_squared_error: 1.4005e-06 - val_loss: 8.2237e-09 - val_mean_squared_error: 8.2237e-09 - 171s/epoch - 3s/step
Epoch 90/100

Epoch 00090: mean_squared_error improved from 0.00000 to 0.00000, saving model to /gpfswork/rech/ynx/ulx23va/repo/wf-SEDs/model_WFE_size/wf-outputs/chkp/wfe_study_id009_bis/chkp_callback_poly_wfe_study_id009_256_bis_2_cycle1
63/63 - 171s - loss: 9.9677e-07 - mean_squared_error: 1.3959e-06 - val_loss: 7.6335e-09 - val_mean_squared_error: 7.6335e-09 - 171s/epoch - 3s/step
Epoch 91/100

Epoch 00091: mean_squared_error did not improve from 0.00000
63/63 - 171s - loss: 9.9684e-07 - mean_squared_error: 1.3960e-06 - val_loss: 8.1051e-09 - val_mean_squared_error: 8.1051e-09 - 171s/epoch - 3s/step
Epoch 92/100

Epoch 00092: mean_squared_error improved from 0.00000 to 0.00000, saving model to /gpfswork/rech/ynx/ulx23va/repo/wf-SEDs/model_WFE_size/wf-outputs/chkp/wfe_study_id009_bis/chkp_callback_poly_wfe_study_id009_256_bis_2_cycle1
63/63 - 171s - loss: 9.9635e-07 - mean_squared_error: 1.3956e-06 - val_loss: 6.5767e-09 - val_mean_squared_error: 6.5767e-09 - 171s/epoch - 3s/step
Epoch 93/100

Epoch 00093: mean_squared_error improved from 0.00000 to 0.00000, saving model to /gpfswork/rech/ynx/ulx23va/repo/wf-SEDs/model_WFE_size/wf-outputs/chkp/wfe_study_id009_bis/chkp_callback_poly_wfe_study_id009_256_bis_2_cycle1
63/63 - 171s - loss: 9.9626e-07 - mean_squared_error: 1.3955e-06 - val_loss: 6.9938e-09 - val_mean_squared_error: 6.9938e-09 - 171s/epoch - 3s/step
Epoch 94/100

Epoch 00094: mean_squared_error improved from 0.00000 to 0.00000, saving model to /gpfswork/rech/ynx/ulx23va/repo/wf-SEDs/model_WFE_size/wf-outputs/chkp/wfe_study_id009_bis/chkp_callback_poly_wfe_study_id009_256_bis_2_cycle1
63/63 - 171s - loss: 9.9600e-07 - mean_squared_error: 1.3953e-06 - val_loss: 6.6880e-09 - val_mean_squared_error: 6.6880e-09 - 171s/epoch - 3s/step
Epoch 95/100

Epoch 00095: mean_squared_error did not improve from 0.00000
63/63 - 171s - loss: 9.9621e-07 - mean_squared_error: 1.3954e-06 - val_loss: 6.8409e-09 - val_mean_squared_error: 6.8409e-09 - 171s/epoch - 3s/step
Epoch 96/100

Epoch 00096: mean_squared_error did not improve from 0.00000
63/63 - 171s - loss: 9.9606e-07 - mean_squared_error: 1.3954e-06 - val_loss: 6.5939e-09 - val_mean_squared_error: 6.5939e-09 - 171s/epoch - 3s/step
Epoch 97/100

Epoch 00097: mean_squared_error did not improve from 0.00000
63/63 - 171s - loss: 9.9744e-07 - mean_squared_error: 1.3965e-06 - val_loss: 7.7834e-09 - val_mean_squared_error: 7.7834e-09 - 171s/epoch - 3s/step
Epoch 98/100

Epoch 00098: mean_squared_error did not improve from 0.00000
63/63 - 171s - loss: 9.9613e-07 - mean_squared_error: 1.3953e-06 - val_loss: 6.8193e-09 - val_mean_squared_error: 6.8193e-09 - 171s/epoch - 3s/step
Epoch 99/100

Epoch 00099: mean_squared_error did not improve from 0.00000
63/63 - 171s - loss: 9.9626e-07 - mean_squared_error: 1.3954e-06 - val_loss: 7.1588e-09 - val_mean_squared_error: 7.1588e-09 - 171s/epoch - 3s/step
Epoch 100/100

Epoch 00100: mean_squared_error did not improve from 0.00000
63/63 - 171s - loss: 9.9628e-07 - mean_squared_error: 1.3955e-06 - val_loss: 7.9129e-09 - val_mean_squared_error: 7.9129e-09 - 171s/epoch - 3s/step
Cycle1 elapsed time: 19800.331002
Starting cycle 2..
Starting parametric update..
Epoch 1/15

Epoch 00001: mean_squared_error improved from inf to 0.00000, saving model to /gpfswork/rech/ynx/ulx23va/repo/wf-SEDs/model_WFE_size/wf-outputs/chkp/wfe_study_id009_bis/chkp_callback_poly_wfe_study_id009_256_bis_2_cycle2
63/63 - 174s - loss: 9.9610e-07 - mean_squared_error: 1.3954e-06 - val_loss: 7.6292e-09 - val_mean_squared_error: 7.6292e-09 - 174s/epoch - 3s/step
Epoch 2/15

Epoch 00002: mean_squared_error did not improve from 0.00000
63/63 - 171s - loss: 9.9753e-07 - mean_squared_error: 1.3967e-06 - val_loss: 8.0832e-09 - val_mean_squared_error: 8.0832e-09 - 171s/epoch - 3s/step
Epoch 3/15

Epoch 00003: mean_squared_error did not improve from 0.00000
63/63 - 171s - loss: 1.0013e-06 - mean_squared_error: 1.3995e-06 - val_loss: 3.0422e-08 - val_mean_squared_error: 3.0422e-08 - 171s/epoch - 3s/step
Epoch 4/15

Epoch 00004: mean_squared_error did not improve from 0.00000
63/63 - 171s - loss: 1.0020e-06 - mean_squared_error: 1.4006e-06 - val_loss: 8.0522e-09 - val_mean_squared_error: 8.0522e-09 - 171s/epoch - 3s/step
Epoch 5/15

Epoch 00005: mean_squared_error did not improve from 0.00000
63/63 - 170s - loss: 9.9930e-07 - mean_squared_error: 1.3982e-06 - val_loss: 1.2690e-08 - val_mean_squared_error: 1.2690e-08 - 170s/epoch - 3s/step
Epoch 6/15

Epoch 00006: mean_squared_error did not improve from 0.00000
63/63 - 171s - loss: 1.0011e-06 - mean_squared_error: 1.3999e-06 - val_loss: 1.4072e-08 - val_mean_squared_error: 1.4072e-08 - 171s/epoch - 3s/step
Epoch 7/15

Epoch 00007: mean_squared_error did not improve from 0.00000
63/63 - 171s - loss: 1.0045e-06 - mean_squared_error: 1.4027e-06 - val_loss: 1.4659e-08 - val_mean_squared_error: 1.4659e-08 - 171s/epoch - 3s/step
Epoch 8/15

Epoch 00008: mean_squared_error did not improve from 0.00000
63/63 - 171s - loss: 1.0088e-06 - mean_squared_error: 1.4061e-06 - val_loss: 1.3604e-08 - val_mean_squared_error: 1.3604e-08 - 171s/epoch - 3s/step
Epoch 9/15

Epoch 00009: mean_squared_error did not improve from 0.00000
63/63 - 171s - loss: 1.0113e-06 - mean_squared_error: 1.4084e-06 - val_loss: 1.9252e-08 - val_mean_squared_error: 1.9252e-08 - 171s/epoch - 3s/step
Epoch 10/15

Epoch 00010: mean_squared_error did not improve from 0.00000
63/63 - 171s - loss: 1.0088e-06 - mean_squared_error: 1.4058e-06 - val_loss: 1.6344e-08 - val_mean_squared_error: 1.6344e-08 - 171s/epoch - 3s/step
Epoch 11/15

Epoch 00011: mean_squared_error did not improve from 0.00000
63/63 - 171s - loss: 1.0104e-06 - mean_squared_error: 1.4068e-06 - val_loss: 4.0755e-08 - val_mean_squared_error: 4.0755e-08 - 171s/epoch - 3s/step
Epoch 12/15

Epoch 00012: mean_squared_error did not improve from 0.00000
63/63 - 170s - loss: 1.0159e-06 - mean_squared_error: 1.4123e-06 - val_loss: 1.8850e-08 - val_mean_squared_error: 1.8850e-08 - 170s/epoch - 3s/step
Epoch 13/15

Epoch 00013: mean_squared_error did not improve from 0.00000
63/63 - 171s - loss: 1.0149e-06 - mean_squared_error: 1.4106e-06 - val_loss: 1.6352e-08 - val_mean_squared_error: 1.6352e-08 - 171s/epoch - 3s/step
Epoch 14/15

Epoch 00014: mean_squared_error did not improve from 0.00000
63/63 - 171s - loss: 1.0051e-06 - mean_squared_error: 1.4030e-06 - val_loss: 8.3994e-09 - val_mean_squared_error: 8.3994e-09 - 171s/epoch - 3s/step
Epoch 15/15

Epoch 00015: mean_squared_error did not improve from 0.00000
63/63 - 171s - loss: 1.0020e-06 - mean_squared_error: 1.4000e-06 - val_loss: 1.5209e-08 - val_mean_squared_error: 1.5209e-08 - 171s/epoch - 3s/step
Starting non-parametric update..
Epoch 1/50

Epoch 00001: mean_squared_error did not improve from 0.00000
63/63 - 173s - loss: 9.9793e-07 - mean_squared_error: 1.3970e-06 - val_loss: 5.8426e-09 - val_mean_squared_error: 5.8426e-09 - 173s/epoch - 3s/step
Epoch 2/50

Epoch 00002: mean_squared_error improved from 0.00000 to 0.00000, saving model to /gpfswork/rech/ynx/ulx23va/repo/wf-SEDs/model_WFE_size/wf-outputs/chkp/wfe_study_id009_bis/chkp_callback_poly_wfe_study_id009_256_bis_2_cycle2
63/63 - 170s - loss: 9.9425e-07 - mean_squared_error: 1.3939e-06 - val_loss: 5.4505e-09 - val_mean_squared_error: 5.4505e-09 - 170s/epoch - 3s/step
Epoch 3/50

Epoch 00003: mean_squared_error improved from 0.00000 to 0.00000, saving model to /gpfswork/rech/ynx/ulx23va/repo/wf-SEDs/model_WFE_size/wf-outputs/chkp/wfe_study_id009_bis/chkp_callback_poly_wfe_study_id009_256_bis_2_cycle2
63/63 - 171s - loss: 9.9402e-07 - mean_squared_error: 1.3937e-06 - val_loss: 5.3669e-09 - val_mean_squared_error: 5.3669e-09 - 171s/epoch - 3s/step
Epoch 4/50

Epoch 00004: mean_squared_error improved from 0.00000 to 0.00000, saving model to /gpfswork/rech/ynx/ulx23va/repo/wf-SEDs/model_WFE_size/wf-outputs/chkp/wfe_study_id009_bis/chkp_callback_poly_wfe_study_id009_256_bis_2_cycle2
63/63 - 172s - loss: 9.9394e-07 - mean_squared_error: 1.3936e-06 - val_loss: 5.3024e-09 - val_mean_squared_error: 5.3024e-09 - 172s/epoch - 3s/step
Epoch 5/50

Epoch 00005: mean_squared_error improved from 0.00000 to 0.00000, saving model to /gpfswork/rech/ynx/ulx23va/repo/wf-SEDs/model_WFE_size/wf-outputs/chkp/wfe_study_id009_bis/chkp_callback_poly_wfe_study_id009_256_bis_2_cycle2
63/63 - 171s - loss: 9.9393e-07 - mean_squared_error: 1.3936e-06 - val_loss: 5.3585e-09 - val_mean_squared_error: 5.3585e-09 - 171s/epoch - 3s/step
Epoch 6/50

Epoch 00006: mean_squared_error did not improve from 0.00000
63/63 - 171s - loss: 9.9393e-07 - mean_squared_error: 1.3936e-06 - val_loss: 5.3447e-09 - val_mean_squared_error: 5.3447e-09 - 171s/epoch - 3s/step
Epoch 7/50

Epoch 00007: mean_squared_error did not improve from 0.00000
63/63 - 171s - loss: 9.9397e-07 - mean_squared_error: 1.3936e-06 - val_loss: 5.3374e-09 - val_mean_squared_error: 5.3374e-09 - 171s/epoch - 3s/step
Epoch 8/50

Epoch 00008: mean_squared_error did not improve from 0.00000
63/63 - 171s - loss: 9.9399e-07 - mean_squared_error: 1.3937e-06 - val_loss: 5.1976e-09 - val_mean_squared_error: 5.1976e-09 - 171s/epoch - 3s/step
Epoch 9/50

Epoch 00009: mean_squared_error did not improve from 0.00000
63/63 - 171s - loss: 9.9395e-07 - mean_squared_error: 1.3936e-06 - val_loss: 5.3759e-09 - val_mean_squared_error: 5.3759e-09 - 171s/epoch - 3s/step
Epoch 10/50

Epoch 00010: mean_squared_error did not improve from 0.00000
63/63 - 171s - loss: 9.9392e-07 - mean_squared_error: 1.3936e-06 - val_loss: 5.3300e-09 - val_mean_squared_error: 5.3300e-09 - 171s/epoch - 3s/step
Epoch 11/50

Epoch 00011: mean_squared_error did not improve from 0.00000
63/63 - 171s - loss: 9.9399e-07 - mean_squared_error: 1.3937e-06 - val_loss: 5.3051e-09 - val_mean_squared_error: 5.3051e-09 - 171s/epoch - 3s/step
Epoch 12/50

Epoch 00012: mean_squared_error did not improve from 0.00000
63/63 - 170s - loss: 9.9401e-07 - mean_squared_error: 1.3937e-06 - val_loss: 5.3660e-09 - val_mean_squared_error: 5.3660e-09 - 170s/epoch - 3s/step
Epoch 13/50

Epoch 00013: mean_squared_error improved from 0.00000 to 0.00000, saving model to /gpfswork/rech/ynx/ulx23va/repo/wf-SEDs/model_WFE_size/wf-outputs/chkp/wfe_study_id009_bis/chkp_callback_poly_wfe_study_id009_256_bis_2_cycle2
63/63 - 171s - loss: 9.9389e-07 - mean_squared_error: 1.3936e-06 - val_loss: 5.3124e-09 - val_mean_squared_error: 5.3124e-09 - 171s/epoch - 3s/step
Epoch 14/50

Epoch 00014: mean_squared_error did not improve from 0.00000
63/63 - 171s - loss: 9.9393e-07 - mean_squared_error: 1.3936e-06 - val_loss: 5.3515e-09 - val_mean_squared_error: 5.3515e-09 - 171s/epoch - 3s/step
Epoch 15/50

Epoch 00015: mean_squared_error did not improve from 0.00000
63/63 - 171s - loss: 9.9406e-07 - mean_squared_error: 1.3937e-06 - val_loss: 5.2774e-09 - val_mean_squared_error: 5.2774e-09 - 171s/epoch - 3s/step
Epoch 16/50

Epoch 00016: mean_squared_error did not improve from 0.00000
63/63 - 171s - loss: 9.9406e-07 - mean_squared_error: 1.3937e-06 - val_loss: 5.4039e-09 - val_mean_squared_error: 5.4039e-09 - 171s/epoch - 3s/step
Epoch 17/50

Epoch 00017: mean_squared_error did not improve from 0.00000
63/63 - 171s - loss: 9.9407e-07 - mean_squared_error: 1.3937e-06 - val_loss: 5.4581e-09 - val_mean_squared_error: 5.4581e-09 - 171s/epoch - 3s/step
Epoch 18/50

Epoch 00018: mean_squared_error did not improve from 0.00000
63/63 - 171s - loss: 9.9396e-07 - mean_squared_error: 1.3936e-06 - val_loss: 5.3282e-09 - val_mean_squared_error: 5.3282e-09 - 171s/epoch - 3s/step
Epoch 19/50

Epoch 00019: mean_squared_error did not improve from 0.00000
63/63 - 171s - loss: 9.9394e-07 - mean_squared_error: 1.3936e-06 - val_loss: 5.3576e-09 - val_mean_squared_error: 5.3576e-09 - 171s/epoch - 3s/step
Epoch 20/50

Epoch 00020: mean_squared_error improved from 0.00000 to 0.00000, saving model to /gpfswork/rech/ynx/ulx23va/repo/wf-SEDs/model_WFE_size/wf-outputs/chkp/wfe_study_id009_bis/chkp_callback_poly_wfe_study_id009_256_bis_2_cycle2
63/63 - 172s - loss: 9.9384e-07 - mean_squared_error: 1.3935e-06 - val_loss: 5.3294e-09 - val_mean_squared_error: 5.3294e-09 - 172s/epoch - 3s/step
Epoch 21/50

Epoch 00021: mean_squared_error did not improve from 0.00000
63/63 - 171s - loss: 9.9401e-07 - mean_squared_error: 1.3937e-06 - val_loss: 5.5092e-09 - val_mean_squared_error: 5.5092e-09 - 171s/epoch - 3s/step
Epoch 22/50

Epoch 00022: mean_squared_error did not improve from 0.00000
63/63 - 171s - loss: 9.9393e-07 - mean_squared_error: 1.3936e-06 - val_loss: 5.6988e-09 - val_mean_squared_error: 5.6988e-09 - 171s/epoch - 3s/step
Epoch 23/50

Epoch 00023: mean_squared_error did not improve from 0.00000
63/63 - 170s - loss: 9.9395e-07 - mean_squared_error: 1.3936e-06 - val_loss: 5.3633e-09 - val_mean_squared_error: 5.3633e-09 - 170s/epoch - 3s/step
Epoch 24/50

Epoch 00024: mean_squared_error did not improve from 0.00000
63/63 - 170s - loss: 9.9393e-07 - mean_squared_error: 1.3935e-06 - val_loss: 5.2402e-09 - val_mean_squared_error: 5.2402e-09 - 170s/epoch - 3s/step
Epoch 25/50

Epoch 00025: mean_squared_error did not improve from 0.00000
63/63 - 170s - loss: 9.9394e-07 - mean_squared_error: 1.3936e-06 - val_loss: 5.2708e-09 - val_mean_squared_error: 5.2708e-09 - 170s/epoch - 3s/step
Epoch 26/50

Epoch 00026: mean_squared_error did not improve from 0.00000
63/63 - 170s - loss: 9.9383e-07 - mean_squared_error: 1.3935e-06 - val_loss: 5.2228e-09 - val_mean_squared_error: 5.2228e-09 - 170s/epoch - 3s/step
Epoch 27/50

Epoch 00027: mean_squared_error did not improve from 0.00000
63/63 - 170s - loss: 9.9393e-07 - mean_squared_error: 1.3936e-06 - val_loss: 5.3025e-09 - val_mean_squared_error: 5.3025e-09 - 170s/epoch - 3s/step
Epoch 28/50

Epoch 00028: mean_squared_error improved from 0.00000 to 0.00000, saving model to /gpfswork/rech/ynx/ulx23va/repo/wf-SEDs/model_WFE_size/wf-outputs/chkp/wfe_study_id009_bis/chkp_callback_poly_wfe_study_id009_256_bis_2_cycle2
63/63 - 170s - loss: 9.9379e-07 - mean_squared_error: 1.3935e-06 - val_loss: 5.4634e-09 - val_mean_squared_error: 5.4634e-09 - 170s/epoch - 3s/step
Epoch 29/50

Epoch 00029: mean_squared_error did not improve from 0.00000
63/63 - 170s - loss: 9.9387e-07 - mean_squared_error: 1.3935e-06 - val_loss: 5.2141e-09 - val_mean_squared_error: 5.2141e-09 - 170s/epoch - 3s/step
Epoch 30/50

Epoch 00030: mean_squared_error did not improve from 0.00000
63/63 - 170s - loss: 9.9384e-07 - mean_squared_error: 1.3935e-06 - val_loss: 5.2276e-09 - val_mean_squared_error: 5.2276e-09 - 170s/epoch - 3s/step
Epoch 31/50

Epoch 00031: mean_squared_error improved from 0.00000 to 0.00000, saving model to /gpfswork/rech/ynx/ulx23va/repo/wf-SEDs/model_WFE_size/wf-outputs/chkp/wfe_study_id009_bis/chkp_callback_poly_wfe_study_id009_256_bis_2_cycle2
63/63 - 170s - loss: 9.9378e-07 - mean_squared_error: 1.3935e-06 - val_loss: 5.1279e-09 - val_mean_squared_error: 5.1279e-09 - 170s/epoch - 3s/step
Epoch 32/50

Epoch 00032: mean_squared_error did not improve from 0.00000
63/63 - 171s - loss: 9.9407e-07 - mean_squared_error: 1.3937e-06 - val_loss: 5.2941e-09 - val_mean_squared_error: 5.2941e-09 - 171s/epoch - 3s/step
Epoch 33/50

Epoch 00033: mean_squared_error improved from 0.00000 to 0.00000, saving model to /gpfswork/rech/ynx/ulx23va/repo/wf-SEDs/model_WFE_size/wf-outputs/chkp/wfe_study_id009_bis/chkp_callback_poly_wfe_study_id009_256_bis_2_cycle2
63/63 - 173s - loss: 9.9376e-07 - mean_squared_error: 1.3934e-06 - val_loss: 5.2240e-09 - val_mean_squared_error: 5.2240e-09 - 173s/epoch - 3s/step
Epoch 34/50

Epoch 00034: mean_squared_error did not improve from 0.00000
63/63 - 169s - loss: 9.9377e-07 - mean_squared_error: 1.3935e-06 - val_loss: 5.3636e-09 - val_mean_squared_error: 5.3636e-09 - 169s/epoch - 3s/step
Epoch 35/50

Epoch 00035: mean_squared_error improved from 0.00000 to 0.00000, saving model to /gpfswork/rech/ynx/ulx23va/repo/wf-SEDs/model_WFE_size/wf-outputs/chkp/wfe_study_id009_bis/chkp_callback_poly_wfe_study_id009_256_bis_2_cycle2
63/63 - 169s - loss: 9.9374e-07 - mean_squared_error: 1.3934e-06 - val_loss: 5.2100e-09 - val_mean_squared_error: 5.2100e-09 - 169s/epoch - 3s/step
Epoch 36/50

Epoch 00036: mean_squared_error improved from 0.00000 to 0.00000, saving model to /gpfswork/rech/ynx/ulx23va/repo/wf-SEDs/model_WFE_size/wf-outputs/chkp/wfe_study_id009_bis/chkp_callback_poly_wfe_study_id009_256_bis_2_cycle2
63/63 - 169s - loss: 9.9369e-07 - mean_squared_error: 1.3934e-06 - val_loss: 5.4190e-09 - val_mean_squared_error: 5.4190e-09 - 169s/epoch - 3s/step
Epoch 37/50

Epoch 00037: mean_squared_error did not improve from 0.00000
63/63 - 169s - loss: 9.9400e-07 - mean_squared_error: 1.3937e-06 - val_loss: 5.7875e-09 - val_mean_squared_error: 5.7875e-09 - 169s/epoch - 3s/step
Epoch 38/50

Epoch 00038: mean_squared_error improved from 0.00000 to 0.00000, saving model to /gpfswork/rech/ynx/ulx23va/repo/wf-SEDs/model_WFE_size/wf-outputs/chkp/wfe_study_id009_bis/chkp_callback_poly_wfe_study_id009_256_bis_2_cycle2
63/63 - 169s - loss: 9.9363e-07 - mean_squared_error: 1.3933e-06 - val_loss: 5.3503e-09 - val_mean_squared_error: 5.3503e-09 - 169s/epoch - 3s/step
Epoch 39/50

Epoch 00039: mean_squared_error did not improve from 0.00000
63/63 - 170s - loss: 9.9386e-07 - mean_squared_error: 1.3935e-06 - val_loss: 5.4585e-09 - val_mean_squared_error: 5.4585e-09 - 170s/epoch - 3s/step
Epoch 40/50

Epoch 00040: mean_squared_error did not improve from 0.00000
63/63 - 169s - loss: 9.9366e-07 - mean_squared_error: 1.3933e-06 - val_loss: 5.5774e-09 - val_mean_squared_error: 5.5774e-09 - 169s/epoch - 3s/step
Epoch 41/50

Epoch 00041: mean_squared_error did not improve from 0.00000
63/63 - 169s - loss: 9.9392e-07 - mean_squared_error: 1.3935e-06 - val_loss: 6.1590e-09 - val_mean_squared_error: 6.1590e-09 - 169s/epoch - 3s/step
Epoch 42/50

Epoch 00042: mean_squared_error did not improve from 0.00000
63/63 - 169s - loss: 9.9401e-07 - mean_squared_error: 1.3936e-06 - val_loss: 5.2513e-09 - val_mean_squared_error: 5.2513e-09 - 169s/epoch - 3s/step
Epoch 43/50

Epoch 00043: mean_squared_error did not improve from 0.00000
63/63 - 169s - loss: 9.9365e-07 - mean_squared_error: 1.3934e-06 - val_loss: 5.2545e-09 - val_mean_squared_error: 5.2545e-09 - 169s/epoch - 3s/step
Epoch 44/50

Epoch 00044: mean_squared_error improved from 0.00000 to 0.00000, saving model to /gpfswork/rech/ynx/ulx23va/repo/wf-SEDs/model_WFE_size/wf-outputs/chkp/wfe_study_id009_bis/chkp_callback_poly_wfe_study_id009_256_bis_2_cycle2
63/63 - 169s - loss: 9.9351e-07 - mean_squared_error: 1.3932e-06 - val_loss: 5.4187e-09 - val_mean_squared_error: 5.4187e-09 - 169s/epoch - 3s/step
Epoch 45/50

Epoch 00045: mean_squared_error did not improve from 0.00000
63/63 - 169s - loss: 9.9363e-07 - mean_squared_error: 1.3933e-06 - val_loss: 5.0082e-09 - val_mean_squared_error: 5.0082e-09 - 169s/epoch - 3s/step
Epoch 46/50

Epoch 00046: mean_squared_error did not improve from 0.00000
63/63 - 169s - loss: 9.9381e-07 - mean_squared_error: 1.3934e-06 - val_loss: 5.4115e-09 - val_mean_squared_error: 5.4115e-09 - 169s/epoch - 3s/step
Epoch 47/50

Epoch 00047: mean_squared_error did not improve from 0.00000
63/63 - 169s - loss: 9.9365e-07 - mean_squared_error: 1.3934e-06 - val_loss: 5.3493e-09 - val_mean_squared_error: 5.3493e-09 - 169s/epoch - 3s/step
Epoch 48/50

Epoch 00048: mean_squared_error did not improve from 0.00000
63/63 - 169s - loss: 9.9369e-07 - mean_squared_error: 1.3933e-06 - val_loss: 5.3115e-09 - val_mean_squared_error: 5.3115e-09 - 169s/epoch - 3s/step
Epoch 49/50

Epoch 00049: mean_squared_error did not improve from 0.00000
63/63 - 169s - loss: 9.9364e-07 - mean_squared_error: 1.3933e-06 - val_loss: 5.5569e-09 - val_mean_squared_error: 5.5569e-09 - 169s/epoch - 3s/step
Epoch 50/50

Epoch 00050: mean_squared_error did not improve from 0.00000
63/63 - 169s - loss: 9.9365e-07 - mean_squared_error: 1.3933e-06 - val_loss: 5.1350e-09 - val_mean_squared_error: 5.1350e-09 - 169s/epoch - 3s/step
Cycle2 elapsed time: 11084.340647

Total elapsed time: 30888.553895

 Good bye..
