Starting the log file.
Found GPU at: /device:GPU:0
tf_version: 2.7.0
Dataset parameters:
{'d_max': 2, 'max_order': 45, 'x_lims': [0, 1000.0], 'y_lims': [0, 1000.0], 'grid_points': [4, 4], 'n_bins': 20, 'max_wfe_rms': 0.1, 'oversampling_rate': 3.0, 'output_Q': 3.0, 'output_dim': 32, 'LP_filter_length': 2, 'pupil_diameter': 4096, 'euclid_obsc': True, 'n_stars': 2000}

***
Metric evaluation on the test dataset
***

Absolute RMSE:	 2.5323e-04 	 +/- 4.0763e-05
Relative RMSE:	 3.3339e+00 % 	 +/- 6.5839e-01 %
Absolute RMSE:	 1.1494e-01 	 +/- 1.7212e-02
Relative RMSE:	 1.5846e+02 % 	 +/- 1.5479e+01 %

Pixel star absolute RMSE:	 8.4317e-05 	 +/- 2.2819e-05 
Pixel star relative RMSE:	 5.5182e+00 % 	 +/- 2.0339e+00 %

sigma(e1) RMSE =		 2.0858e-02 	 +/- 1.7591e-02 
sigma(e2) RMSE =		 9.5140e-03 	 +/- 7.6788e-03 
sigma(R2)/<R2> =		 5.9068e-02 	 +/- 3.4697e-02 

Relative sigma(e1) RMSE =	 3.6696e+02 % 	 +/- 3.5684e+02 %
Relative sigma(e2) RMSE =	 8.4521e+02 % 	 +/- 8.4521e+02 %

Total number of stars: 		400
Problematic number of stars: 	0

***
Metric evaluation on the train dataset
***

Absolute RMSE:	 2.5418e-04 	 +/- 4.2021e-05
Relative RMSE:	 3.3523e+00 % 	 +/- 7.3471e-01 %
Absolute RMSE:	 1.1590e-01 	 +/- 1.9104e-02
Relative RMSE:	 1.6004e+02 % 	 +/- 1.5581e+01 %

Pixel star absolute RMSE:	 8.7050e-05 	 +/- 2.5780e-05 
Pixel star relative RMSE:	 5.7261e+00 % 	 +/- 2.4869e+00 %

sigma(e1) RMSE =		 2.2728e-02 	 +/- 1.9295e-02 
sigma(e2) RMSE =		 1.2360e-02 	 +/- 1.0901e-02 
sigma(R2)/<R2> =		 9.0995e-02 	 +/- 4.1789e-02 

Relative sigma(e1) RMSE =	 6.5871e+03 % 	 +/- 6.5862e+03 %
Relative sigma(e2) RMSE =	 3.8286e+03 % 	 +/- 3.8269e+03 %

Total number of stars: 		2000
Problematic number of stars: 	0

Total elapsed time: 1934.699659

 Good bye..
