Starting the log file.
Found GPU at: /device:GPU:0
tf_version: 2.7.0
Zernike cube:
(15, 256, 256)
Dataset parameters:
{'d_max': 2, 'max_order': 45, 'x_lims': [0, 1000.0], 'y_lims': [0, 1000.0], 'grid_points': [4, 4], 'n_bins': 20, 'max_wfe_rms': 0.1, 'oversampling_rate': 3.0, 'output_Q': 3.0, 'output_dim': 32, 'LP_filter_length': 2, 'pupil_diameter': 4096, 'euclid_obsc': True, 'n_stars': 2000}
Starting cycle 1..
Starting parametric update..
Epoch 1/15

Epoch 00001: mean_squared_error improved from inf to 0.00001, saving model to /gpfswork/rech/ynx/ulx23va/repo/wf-SEDs/model_WFE_size/wf-outputs/chkp/wfe_study_id009_bis/chkp_callback_poly_wfe_study_id009_256_bis_8_cycle1
63/63 - 180s - loss: 6.7873e-06 - mean_squared_error: 6.3127e-06 - val_loss: 1.4859e-06 - val_mean_squared_error: 1.4859e-06 - 180s/epoch - 3s/step
Epoch 2/15

Epoch 00002: mean_squared_error improved from 0.00001 to 0.00000, saving model to /gpfswork/rech/ynx/ulx23va/repo/wf-SEDs/model_WFE_size/wf-outputs/chkp/wfe_study_id009_bis/chkp_callback_poly_wfe_study_id009_256_bis_8_cycle1
63/63 - 175s - loss: 2.4022e-06 - mean_squared_error: 2.5770e-06 - val_loss: 8.9024e-07 - val_mean_squared_error: 8.9024e-07 - 175s/epoch - 3s/step
Epoch 3/15

Epoch 00003: mean_squared_error improved from 0.00000 to 0.00000, saving model to /gpfswork/rech/ynx/ulx23va/repo/wf-SEDs/model_WFE_size/wf-outputs/chkp/wfe_study_id009_bis/chkp_callback_poly_wfe_study_id009_256_bis_8_cycle1
63/63 - 175s - loss: 2.0157e-06 - mean_squared_error: 2.2411e-06 - val_loss: 7.8328e-07 - val_mean_squared_error: 7.8328e-07 - 175s/epoch - 3s/step
Epoch 4/15

Epoch 00004: mean_squared_error improved from 0.00000 to 0.00000, saving model to /gpfswork/rech/ynx/ulx23va/repo/wf-SEDs/model_WFE_size/wf-outputs/chkp/wfe_study_id009_bis/chkp_callback_poly_wfe_study_id009_256_bis_8_cycle1
63/63 - 175s - loss: 1.9390e-06 - mean_squared_error: 2.1648e-06 - val_loss: 7.4563e-07 - val_mean_squared_error: 7.4563e-07 - 175s/epoch - 3s/step
Epoch 5/15

Epoch 00005: mean_squared_error improved from 0.00000 to 0.00000, saving model to /gpfswork/rech/ynx/ulx23va/repo/wf-SEDs/model_WFE_size/wf-outputs/chkp/wfe_study_id009_bis/chkp_callback_poly_wfe_study_id009_256_bis_8_cycle1
63/63 - 175s - loss: 1.9123e-06 - mean_squared_error: 2.1376e-06 - val_loss: 7.4236e-07 - val_mean_squared_error: 7.4236e-07 - 175s/epoch - 3s/step
Epoch 6/15

Epoch 00006: mean_squared_error improved from 0.00000 to 0.00000, saving model to /gpfswork/rech/ynx/ulx23va/repo/wf-SEDs/model_WFE_size/wf-outputs/chkp/wfe_study_id009_bis/chkp_callback_poly_wfe_study_id009_256_bis_8_cycle1
63/63 - 175s - loss: 1.8788e-06 - mean_squared_error: 2.1092e-06 - val_loss: 6.7210e-07 - val_mean_squared_error: 6.7210e-07 - 175s/epoch - 3s/step
Epoch 7/15

Epoch 00007: mean_squared_error improved from 0.00000 to 0.00000, saving model to /gpfswork/rech/ynx/ulx23va/repo/wf-SEDs/model_WFE_size/wf-outputs/chkp/wfe_study_id009_bis/chkp_callback_poly_wfe_study_id009_256_bis_8_cycle1
63/63 - 175s - loss: 1.8350e-06 - mean_squared_error: 2.0806e-06 - val_loss: 6.8444e-07 - val_mean_squared_error: 6.8444e-07 - 175s/epoch - 3s/step
Epoch 8/15

Epoch 00008: mean_squared_error did not improve from 0.00000
63/63 - 175s - loss: 1.8392e-06 - mean_squared_error: 2.0817e-06 - val_loss: 6.5903e-07 - val_mean_squared_error: 6.5903e-07 - 175s/epoch - 3s/step
Epoch 9/15

Epoch 00009: mean_squared_error improved from 0.00000 to 0.00000, saving model to /gpfswork/rech/ynx/ulx23va/repo/wf-SEDs/model_WFE_size/wf-outputs/chkp/wfe_study_id009_bis/chkp_callback_poly_wfe_study_id009_256_bis_8_cycle1
63/63 - 175s - loss: 1.8298e-06 - mean_squared_error: 2.0725e-06 - val_loss: 7.2750e-07 - val_mean_squared_error: 7.2750e-07 - 175s/epoch - 3s/step
Epoch 10/15

Epoch 00010: mean_squared_error did not improve from 0.00000
63/63 - 176s - loss: 1.8636e-06 - mean_squared_error: 2.1034e-06 - val_loss: 6.8804e-07 - val_mean_squared_error: 6.8804e-07 - 176s/epoch - 3s/step
Epoch 11/15

Epoch 00011: mean_squared_error did not improve from 0.00000
63/63 - 176s - loss: 1.9045e-06 - mean_squared_error: 2.1410e-06 - val_loss: 6.7518e-07 - val_mean_squared_error: 6.7518e-07 - 176s/epoch - 3s/step
Epoch 12/15

Epoch 00012: mean_squared_error did not improve from 0.00000
63/63 - 175s - loss: 1.8497e-06 - mean_squared_error: 2.0937e-06 - val_loss: 6.5555e-07 - val_mean_squared_error: 6.5555e-07 - 175s/epoch - 3s/step
Epoch 13/15

Epoch 00013: mean_squared_error did not improve from 0.00000
63/63 - 175s - loss: 1.8493e-06 - mean_squared_error: 2.0905e-06 - val_loss: 6.8091e-07 - val_mean_squared_error: 6.8091e-07 - 175s/epoch - 3s/step
Epoch 14/15

Epoch 00014: mean_squared_error did not improve from 0.00000
63/63 - 176s - loss: 1.9208e-06 - mean_squared_error: 2.1519e-06 - val_loss: 7.1788e-07 - val_mean_squared_error: 7.1788e-07 - 176s/epoch - 3s/step
Epoch 15/15

Epoch 00015: mean_squared_error did not improve from 0.00000
63/63 - 175s - loss: 2.3788e-06 - mean_squared_error: 2.5183e-06 - val_loss: 1.1433e-06 - val_mean_squared_error: 1.1433e-06 - 175s/epoch - 3s/step
Starting non-parametric update..
Epoch 1/100

Epoch 00001: mean_squared_error did not improve from 0.00000
63/63 - 178s - loss: 2.1623e-06 - mean_squared_error: 2.3665e-06 - val_loss: 8.2039e-07 - val_mean_squared_error: 8.2039e-07 - 178s/epoch - 3s/step
Epoch 2/100

Epoch 00002: mean_squared_error did not improve from 0.00000
63/63 - 175s - loss: 1.8333e-06 - mean_squared_error: 2.0997e-06 - val_loss: 6.1380e-07 - val_mean_squared_error: 6.1380e-07 - 175s/epoch - 3s/step
Epoch 3/100

Epoch 00003: mean_squared_error improved from 0.00000 to 0.00000, saving model to /gpfswork/rech/ynx/ulx23va/repo/wf-SEDs/model_WFE_size/wf-outputs/chkp/wfe_study_id009_bis/chkp_callback_poly_wfe_study_id009_256_bis_8_cycle1
63/63 - 176s - loss: 1.6288e-06 - mean_squared_error: 1.9417e-06 - val_loss: 4.8675e-07 - val_mean_squared_error: 4.8675e-07 - 176s/epoch - 3s/step
Epoch 4/100

Epoch 00004: mean_squared_error improved from 0.00000 to 0.00000, saving model to /gpfswork/rech/ynx/ulx23va/repo/wf-SEDs/model_WFE_size/wf-outputs/chkp/wfe_study_id009_bis/chkp_callback_poly_wfe_study_id009_256_bis_8_cycle1
63/63 - 176s - loss: 1.4957e-06 - mean_squared_error: 1.8310e-06 - val_loss: 3.9051e-07 - val_mean_squared_error: 3.9051e-07 - 176s/epoch - 3s/step
Epoch 5/100

Epoch 00005: mean_squared_error improved from 0.00000 to 0.00000, saving model to /gpfswork/rech/ynx/ulx23va/repo/wf-SEDs/model_WFE_size/wf-outputs/chkp/wfe_study_id009_bis/chkp_callback_poly_wfe_study_id009_256_bis_8_cycle1
63/63 - 175s - loss: 1.3853e-06 - mean_squared_error: 1.7377e-06 - val_loss: 3.0505e-07 - val_mean_squared_error: 3.0505e-07 - 175s/epoch - 3s/step
Epoch 6/100

Epoch 00006: mean_squared_error improved from 0.00000 to 0.00000, saving model to /gpfswork/rech/ynx/ulx23va/repo/wf-SEDs/model_WFE_size/wf-outputs/chkp/wfe_study_id009_bis/chkp_callback_poly_wfe_study_id009_256_bis_8_cycle1
63/63 - 175s - loss: 1.2983e-06 - mean_squared_error: 1.6621e-06 - val_loss: 2.4424e-07 - val_mean_squared_error: 2.4424e-07 - 175s/epoch - 3s/step
Epoch 7/100

Epoch 00007: mean_squared_error improved from 0.00000 to 0.00000, saving model to /gpfswork/rech/ynx/ulx23va/repo/wf-SEDs/model_WFE_size/wf-outputs/chkp/wfe_study_id009_bis/chkp_callback_poly_wfe_study_id009_256_bis_8_cycle1
63/63 - 175s - loss: 1.2401e-06 - mean_squared_error: 1.6099e-06 - val_loss: 1.9994e-07 - val_mean_squared_error: 1.9994e-07 - 175s/epoch - 3s/step
Epoch 8/100

Epoch 00008: mean_squared_error improved from 0.00000 to 0.00000, saving model to /gpfswork/rech/ynx/ulx23va/repo/wf-SEDs/model_WFE_size/wf-outputs/chkp/wfe_study_id009_bis/chkp_callback_poly_wfe_study_id009_256_bis_8_cycle1
63/63 - 175s - loss: 1.1987e-06 - mean_squared_error: 1.5729e-06 - val_loss: 1.6772e-07 - val_mean_squared_error: 1.6772e-07 - 175s/epoch - 3s/step
Epoch 9/100

Epoch 00009: mean_squared_error improved from 0.00000 to 0.00000, saving model to /gpfswork/rech/ynx/ulx23va/repo/wf-SEDs/model_WFE_size/wf-outputs/chkp/wfe_study_id009_bis/chkp_callback_poly_wfe_study_id009_256_bis_8_cycle1
63/63 - 175s - loss: 1.1679e-06 - mean_squared_error: 1.5453e-06 - val_loss: 1.4163e-07 - val_mean_squared_error: 1.4163e-07 - 175s/epoch - 3s/step
Epoch 10/100

Epoch 00010: mean_squared_error improved from 0.00000 to 0.00000, saving model to /gpfswork/rech/ynx/ulx23va/repo/wf-SEDs/model_WFE_size/wf-outputs/chkp/wfe_study_id009_bis/chkp_callback_poly_wfe_study_id009_256_bis_8_cycle1
63/63 - 175s - loss: 1.1423e-06 - mean_squared_error: 1.5224e-06 - val_loss: 1.2353e-07 - val_mean_squared_error: 1.2353e-07 - 175s/epoch - 3s/step
Epoch 11/100

Epoch 00011: mean_squared_error improved from 0.00000 to 0.00000, saving model to /gpfswork/rech/ynx/ulx23va/repo/wf-SEDs/model_WFE_size/wf-outputs/chkp/wfe_study_id009_bis/chkp_callback_poly_wfe_study_id009_256_bis_8_cycle1
63/63 - 176s - loss: 1.1223e-06 - mean_squared_error: 1.5051e-06 - val_loss: 1.0704e-07 - val_mean_squared_error: 1.0704e-07 - 176s/epoch - 3s/step
Epoch 12/100

Epoch 00012: mean_squared_error improved from 0.00000 to 0.00000, saving model to /gpfswork/rech/ynx/ulx23va/repo/wf-SEDs/model_WFE_size/wf-outputs/chkp/wfe_study_id009_bis/chkp_callback_poly_wfe_study_id009_256_bis_8_cycle1
63/63 - 175s - loss: 1.1059e-06 - mean_squared_error: 1.4911e-06 - val_loss: 9.4853e-08 - val_mean_squared_error: 9.4853e-08 - 175s/epoch - 3s/step
Epoch 13/100

Epoch 00013: mean_squared_error improved from 0.00000 to 0.00000, saving model to /gpfswork/rech/ynx/ulx23va/repo/wf-SEDs/model_WFE_size/wf-outputs/chkp/wfe_study_id009_bis/chkp_callback_poly_wfe_study_id009_256_bis_8_cycle1
63/63 - 174s - loss: 1.0929e-06 - mean_squared_error: 1.4799e-06 - val_loss: 8.4987e-08 - val_mean_squared_error: 8.4987e-08 - 174s/epoch - 3s/step
Epoch 14/100

Epoch 00014: mean_squared_error improved from 0.00000 to 0.00000, saving model to /gpfswork/rech/ynx/ulx23va/repo/wf-SEDs/model_WFE_size/wf-outputs/chkp/wfe_study_id009_bis/chkp_callback_poly_wfe_study_id009_256_bis_8_cycle1
63/63 - 175s - loss: 1.0832e-06 - mean_squared_error: 1.4714e-06 - val_loss: 7.6542e-08 - val_mean_squared_error: 7.6542e-08 - 175s/epoch - 3s/step
Epoch 15/100

Epoch 00015: mean_squared_error improved from 0.00000 to 0.00000, saving model to /gpfswork/rech/ynx/ulx23va/repo/wf-SEDs/model_WFE_size/wf-outputs/chkp/wfe_study_id009_bis/chkp_callback_poly_wfe_study_id009_256_bis_8_cycle1
63/63 - 173s - loss: 1.0735e-06 - mean_squared_error: 1.4629e-06 - val_loss: 6.8389e-08 - val_mean_squared_error: 6.8389e-08 - 173s/epoch - 3s/step
Epoch 16/100

Epoch 00016: mean_squared_error improved from 0.00000 to 0.00000, saving model to /gpfswork/rech/ynx/ulx23va/repo/wf-SEDs/model_WFE_size/wf-outputs/chkp/wfe_study_id009_bis/chkp_callback_poly_wfe_study_id009_256_bis_8_cycle1
63/63 - 173s - loss: 1.0660e-06 - mean_squared_error: 1.4565e-06 - val_loss: 6.5367e-08 - val_mean_squared_error: 6.5367e-08 - 173s/epoch - 3s/step
Epoch 17/100

Epoch 00017: mean_squared_error improved from 0.00000 to 0.00000, saving model to /gpfswork/rech/ynx/ulx23va/repo/wf-SEDs/model_WFE_size/wf-outputs/chkp/wfe_study_id009_bis/chkp_callback_poly_wfe_study_id009_256_bis_8_cycle1
63/63 - 173s - loss: 1.0604e-06 - mean_squared_error: 1.4518e-06 - val_loss: 5.7538e-08 - val_mean_squared_error: 5.7538e-08 - 173s/epoch - 3s/step
Epoch 18/100

Epoch 00018: mean_squared_error improved from 0.00000 to 0.00000, saving model to /gpfswork/rech/ynx/ulx23va/repo/wf-SEDs/model_WFE_size/wf-outputs/chkp/wfe_study_id009_bis/chkp_callback_poly_wfe_study_id009_256_bis_8_cycle1
63/63 - 173s - loss: 1.0529e-06 - mean_squared_error: 1.4454e-06 - val_loss: 5.3339e-08 - val_mean_squared_error: 5.3339e-08 - 173s/epoch - 3s/step
Epoch 19/100

Epoch 00019: mean_squared_error improved from 0.00000 to 0.00000, saving model to /gpfswork/rech/ynx/ulx23va/repo/wf-SEDs/model_WFE_size/wf-outputs/chkp/wfe_study_id009_bis/chkp_callback_poly_wfe_study_id009_256_bis_8_cycle1
63/63 - 173s - loss: 1.0478e-06 - mean_squared_error: 1.4408e-06 - val_loss: 4.9297e-08 - val_mean_squared_error: 4.9297e-08 - 173s/epoch - 3s/step
Epoch 20/100

Epoch 00020: mean_squared_error improved from 0.00000 to 0.00000, saving model to /gpfswork/rech/ynx/ulx23va/repo/wf-SEDs/model_WFE_size/wf-outputs/chkp/wfe_study_id009_bis/chkp_callback_poly_wfe_study_id009_256_bis_8_cycle1
63/63 - 173s - loss: 1.0433e-06 - mean_squared_error: 1.4368e-06 - val_loss: 4.4660e-08 - val_mean_squared_error: 4.4660e-08 - 173s/epoch - 3s/step
Epoch 21/100

Epoch 00021: mean_squared_error improved from 0.00000 to 0.00000, saving model to /gpfswork/rech/ynx/ulx23va/repo/wf-SEDs/model_WFE_size/wf-outputs/chkp/wfe_study_id009_bis/chkp_callback_poly_wfe_study_id009_256_bis_8_cycle1
63/63 - 174s - loss: 1.0389e-06 - mean_squared_error: 1.4328e-06 - val_loss: 4.1180e-08 - val_mean_squared_error: 4.1180e-08 - 174s/epoch - 3s/step
Epoch 22/100

Epoch 00022: mean_squared_error improved from 0.00000 to 0.00000, saving model to /gpfswork/rech/ynx/ulx23va/repo/wf-SEDs/model_WFE_size/wf-outputs/chkp/wfe_study_id009_bis/chkp_callback_poly_wfe_study_id009_256_bis_8_cycle1
63/63 - 173s - loss: 1.0353e-06 - mean_squared_error: 1.4298e-06 - val_loss: 3.8198e-08 - val_mean_squared_error: 3.8198e-08 - 173s/epoch - 3s/step
Epoch 23/100

Epoch 00023: mean_squared_error improved from 0.00000 to 0.00000, saving model to /gpfswork/rech/ynx/ulx23va/repo/wf-SEDs/model_WFE_size/wf-outputs/chkp/wfe_study_id009_bis/chkp_callback_poly_wfe_study_id009_256_bis_8_cycle1
63/63 - 173s - loss: 1.0345e-06 - mean_squared_error: 1.4285e-06 - val_loss: 3.7881e-08 - val_mean_squared_error: 3.7881e-08 - 173s/epoch - 3s/step
Epoch 24/100

Epoch 00024: mean_squared_error improved from 0.00000 to 0.00000, saving model to /gpfswork/rech/ynx/ulx23va/repo/wf-SEDs/model_WFE_size/wf-outputs/chkp/wfe_study_id009_bis/chkp_callback_poly_wfe_study_id009_256_bis_8_cycle1
63/63 - 172s - loss: 1.0314e-06 - mean_squared_error: 1.4260e-06 - val_loss: 3.2613e-08 - val_mean_squared_error: 3.2613e-08 - 172s/epoch - 3s/step
Epoch 25/100

Epoch 00025: mean_squared_error improved from 0.00000 to 0.00000, saving model to /gpfswork/rech/ynx/ulx23va/repo/wf-SEDs/model_WFE_size/wf-outputs/chkp/wfe_study_id009_bis/chkp_callback_poly_wfe_study_id009_256_bis_8_cycle1
63/63 - 173s - loss: 1.0260e-06 - mean_squared_error: 1.4215e-06 - val_loss: 2.9857e-08 - val_mean_squared_error: 2.9857e-08 - 173s/epoch - 3s/step
Epoch 26/100

Epoch 00026: mean_squared_error improved from 0.00000 to 0.00000, saving model to /gpfswork/rech/ynx/ulx23va/repo/wf-SEDs/model_WFE_size/wf-outputs/chkp/wfe_study_id009_bis/chkp_callback_poly_wfe_study_id009_256_bis_8_cycle1
63/63 - 173s - loss: 1.0242e-06 - mean_squared_error: 1.4199e-06 - val_loss: 2.7346e-08 - val_mean_squared_error: 2.7346e-08 - 173s/epoch - 3s/step
Epoch 27/100

Epoch 00027: mean_squared_error improved from 0.00000 to 0.00000, saving model to /gpfswork/rech/ynx/ulx23va/repo/wf-SEDs/model_WFE_size/wf-outputs/chkp/wfe_study_id009_bis/chkp_callback_poly_wfe_study_id009_256_bis_8_cycle1
63/63 - 173s - loss: 1.0209e-06 - mean_squared_error: 1.4171e-06 - val_loss: 2.6528e-08 - val_mean_squared_error: 2.6528e-08 - 173s/epoch - 3s/step
Epoch 28/100

Epoch 00028: mean_squared_error improved from 0.00000 to 0.00000, saving model to /gpfswork/rech/ynx/ulx23va/repo/wf-SEDs/model_WFE_size/wf-outputs/chkp/wfe_study_id009_bis/chkp_callback_poly_wfe_study_id009_256_bis_8_cycle1
63/63 - 172s - loss: 1.0187e-06 - mean_squared_error: 1.4150e-06 - val_loss: 2.4176e-08 - val_mean_squared_error: 2.4176e-08 - 172s/epoch - 3s/step
Epoch 29/100

Epoch 00029: mean_squared_error improved from 0.00000 to 0.00000, saving model to /gpfswork/rech/ynx/ulx23va/repo/wf-SEDs/model_WFE_size/wf-outputs/chkp/wfe_study_id009_bis/chkp_callback_poly_wfe_study_id009_256_bis_8_cycle1
63/63 - 173s - loss: 1.0169e-06 - mean_squared_error: 1.4134e-06 - val_loss: 2.2547e-08 - val_mean_squared_error: 2.2547e-08 - 173s/epoch - 3s/step
Epoch 30/100

Epoch 00030: mean_squared_error did not improve from 0.00000
63/63 - 173s - loss: 1.0222e-06 - mean_squared_error: 1.4166e-06 - val_loss: 3.0065e-08 - val_mean_squared_error: 3.0065e-08 - 173s/epoch - 3s/step
Epoch 31/100

Epoch 00031: mean_squared_error did not improve from 0.00000
63/63 - 173s - loss: 1.0226e-06 - mean_squared_error: 1.4174e-06 - val_loss: 2.0288e-08 - val_mean_squared_error: 2.0288e-08 - 173s/epoch - 3s/step
Epoch 32/100

Epoch 00032: mean_squared_error improved from 0.00000 to 0.00000, saving model to /gpfswork/rech/ynx/ulx23va/repo/wf-SEDs/model_WFE_size/wf-outputs/chkp/wfe_study_id009_bis/chkp_callback_poly_wfe_study_id009_256_bis_8_cycle1
63/63 - 172s - loss: 1.0130e-06 - mean_squared_error: 1.4100e-06 - val_loss: 1.9114e-08 - val_mean_squared_error: 1.9114e-08 - 172s/epoch - 3s/step
Epoch 33/100

Epoch 00033: mean_squared_error improved from 0.00000 to 0.00000, saving model to /gpfswork/rech/ynx/ulx23va/repo/wf-SEDs/model_WFE_size/wf-outputs/chkp/wfe_study_id009_bis/chkp_callback_poly_wfe_study_id009_256_bis_8_cycle1
63/63 - 172s - loss: 1.0116e-06 - mean_squared_error: 1.4089e-06 - val_loss: 1.9336e-08 - val_mean_squared_error: 1.9336e-08 - 172s/epoch - 3s/step
Epoch 34/100

Epoch 00034: mean_squared_error improved from 0.00000 to 0.00000, saving model to /gpfswork/rech/ynx/ulx23va/repo/wf-SEDs/model_WFE_size/wf-outputs/chkp/wfe_study_id009_bis/chkp_callback_poly_wfe_study_id009_256_bis_8_cycle1
63/63 - 174s - loss: 1.0101e-06 - mean_squared_error: 1.4075e-06 - val_loss: 1.7666e-08 - val_mean_squared_error: 1.7666e-08 - 174s/epoch - 3s/step
Epoch 35/100

Epoch 00035: mean_squared_error improved from 0.00000 to 0.00000, saving model to /gpfswork/rech/ynx/ulx23va/repo/wf-SEDs/model_WFE_size/wf-outputs/chkp/wfe_study_id009_bis/chkp_callback_poly_wfe_study_id009_256_bis_8_cycle1
63/63 - 173s - loss: 1.0100e-06 - mean_squared_error: 1.4073e-06 - val_loss: 1.8679e-08 - val_mean_squared_error: 1.8679e-08 - 173s/epoch - 3s/step
Epoch 36/100

Epoch 00036: mean_squared_error did not improve from 0.00000
63/63 - 173s - loss: 1.0159e-06 - mean_squared_error: 1.4118e-06 - val_loss: 1.9570e-08 - val_mean_squared_error: 1.9570e-08 - 173s/epoch - 3s/step
Epoch 37/100

Epoch 00037: mean_squared_error improved from 0.00000 to 0.00000, saving model to /gpfswork/rech/ynx/ulx23va/repo/wf-SEDs/model_WFE_size/wf-outputs/chkp/wfe_study_id009_bis/chkp_callback_poly_wfe_study_id009_256_bis_8_cycle1
63/63 - 173s - loss: 1.0088e-06 - mean_squared_error: 1.4065e-06 - val_loss: 1.4732e-08 - val_mean_squared_error: 1.4732e-08 - 173s/epoch - 3s/step
Epoch 38/100

Epoch 00038: mean_squared_error improved from 0.00000 to 0.00000, saving model to /gpfswork/rech/ynx/ulx23va/repo/wf-SEDs/model_WFE_size/wf-outputs/chkp/wfe_study_id009_bis/chkp_callback_poly_wfe_study_id009_256_bis_8_cycle1
63/63 - 173s - loss: 1.0072e-06 - mean_squared_error: 1.4051e-06 - val_loss: 1.4242e-08 - val_mean_squared_error: 1.4242e-08 - 173s/epoch - 3s/step
Epoch 39/100

Epoch 00039: mean_squared_error improved from 0.00000 to 0.00000, saving model to /gpfswork/rech/ynx/ulx23va/repo/wf-SEDs/model_WFE_size/wf-outputs/chkp/wfe_study_id009_bis/chkp_callback_poly_wfe_study_id009_256_bis_8_cycle1
63/63 - 173s - loss: 1.0058e-06 - mean_squared_error: 1.4038e-06 - val_loss: 1.3927e-08 - val_mean_squared_error: 1.3927e-08 - 173s/epoch - 3s/step
Epoch 40/100

Epoch 00040: mean_squared_error did not improve from 0.00000
63/63 - 173s - loss: 1.0062e-06 - mean_squared_error: 1.4040e-06 - val_loss: 1.3050e-08 - val_mean_squared_error: 1.3050e-08 - 173s/epoch - 3s/step
Epoch 41/100

Epoch 00041: mean_squared_error improved from 0.00000 to 0.00000, saving model to /gpfswork/rech/ynx/ulx23va/repo/wf-SEDs/model_WFE_size/wf-outputs/chkp/wfe_study_id009_bis/chkp_callback_poly_wfe_study_id009_256_bis_8_cycle1
63/63 - 173s - loss: 1.0046e-06 - mean_squared_error: 1.4027e-06 - val_loss: 1.3136e-08 - val_mean_squared_error: 1.3136e-08 - 173s/epoch - 3s/step
Epoch 42/100

Epoch 00042: mean_squared_error improved from 0.00000 to 0.00000, saving model to /gpfswork/rech/ynx/ulx23va/repo/wf-SEDs/model_WFE_size/wf-outputs/chkp/wfe_study_id009_bis/chkp_callback_poly_wfe_study_id009_256_bis_8_cycle1
63/63 - 173s - loss: 1.0042e-06 - mean_squared_error: 1.4025e-06 - val_loss: 1.2728e-08 - val_mean_squared_error: 1.2728e-08 - 173s/epoch - 3s/step
Epoch 43/100

Epoch 00043: mean_squared_error did not improve from 0.00000
63/63 - 173s - loss: 1.0053e-06 - mean_squared_error: 1.4032e-06 - val_loss: 1.4479e-08 - val_mean_squared_error: 1.4479e-08 - 173s/epoch - 3s/step
Epoch 44/100

Epoch 00044: mean_squared_error did not improve from 0.00000
63/63 - 173s - loss: 1.0052e-06 - mean_squared_error: 1.4031e-06 - val_loss: 1.1726e-08 - val_mean_squared_error: 1.1726e-08 - 173s/epoch - 3s/step
Epoch 45/100

Epoch 00045: mean_squared_error improved from 0.00000 to 0.00000, saving model to /gpfswork/rech/ynx/ulx23va/repo/wf-SEDs/model_WFE_size/wf-outputs/chkp/wfe_study_id009_bis/chkp_callback_poly_wfe_study_id009_256_bis_8_cycle1
63/63 - 172s - loss: 1.0031e-06 - mean_squared_error: 1.4014e-06 - val_loss: 1.0667e-08 - val_mean_squared_error: 1.0667e-08 - 172s/epoch - 3s/step
Epoch 46/100

Epoch 00046: mean_squared_error improved from 0.00000 to 0.00000, saving model to /gpfswork/rech/ynx/ulx23va/repo/wf-SEDs/model_WFE_size/wf-outputs/chkp/wfe_study_id009_bis/chkp_callback_poly_wfe_study_id009_256_bis_8_cycle1
63/63 - 174s - loss: 1.0024e-06 - mean_squared_error: 1.4009e-06 - val_loss: 1.0299e-08 - val_mean_squared_error: 1.0299e-08 - 174s/epoch - 3s/step
Epoch 47/100

Epoch 00047: mean_squared_error improved from 0.00000 to 0.00000, saving model to /gpfswork/rech/ynx/ulx23va/repo/wf-SEDs/model_WFE_size/wf-outputs/chkp/wfe_study_id009_bis/chkp_callback_poly_wfe_study_id009_256_bis_8_cycle1
63/63 - 174s - loss: 1.0014e-06 - mean_squared_error: 1.4001e-06 - val_loss: 9.9225e-09 - val_mean_squared_error: 9.9225e-09 - 174s/epoch - 3s/step
Epoch 48/100

Epoch 00048: mean_squared_error did not improve from 0.00000
63/63 - 174s - loss: 1.0019e-06 - mean_squared_error: 1.4003e-06 - val_loss: 1.1746e-08 - val_mean_squared_error: 1.1746e-08 - 174s/epoch - 3s/step
Epoch 49/100

Epoch 00049: mean_squared_error did not improve from 0.00000
63/63 - 173s - loss: 1.0256e-06 - mean_squared_error: 1.4176e-06 - val_loss: 1.7343e-08 - val_mean_squared_error: 1.7343e-08 - 173s/epoch - 3s/step
Epoch 50/100

Epoch 00050: mean_squared_error did not improve from 0.00000
63/63 - 172s - loss: 1.0064e-06 - mean_squared_error: 1.4040e-06 - val_loss: 1.2054e-08 - val_mean_squared_error: 1.2054e-08 - 172s/epoch - 3s/step
Epoch 51/100

Epoch 00051: mean_squared_error did not improve from 0.00000
63/63 - 172s - loss: 1.0135e-06 - mean_squared_error: 1.4090e-06 - val_loss: 1.8573e-08 - val_mean_squared_error: 1.8573e-08 - 172s/epoch - 3s/step
Epoch 52/100

Epoch 00052: mean_squared_error did not improve from 0.00000
63/63 - 173s - loss: 1.0054e-06 - mean_squared_error: 1.4022e-06 - val_loss: 1.1391e-08 - val_mean_squared_error: 1.1391e-08 - 173s/epoch - 3s/step
Epoch 53/100

Epoch 00053: mean_squared_error improved from 0.00000 to 0.00000, saving model to /gpfswork/rech/ynx/ulx23va/repo/wf-SEDs/model_WFE_size/wf-outputs/chkp/wfe_study_id009_bis/chkp_callback_poly_wfe_study_id009_256_bis_8_cycle1
63/63 - 173s - loss: 1.0001e-06 - mean_squared_error: 1.3988e-06 - val_loss: 9.4151e-09 - val_mean_squared_error: 9.4151e-09 - 173s/epoch - 3s/step
Epoch 54/100

Epoch 00054: mean_squared_error did not improve from 0.00000
63/63 - 173s - loss: 1.0015e-06 - mean_squared_error: 1.3998e-06 - val_loss: 1.1102e-08 - val_mean_squared_error: 1.1102e-08 - 173s/epoch - 3s/step
Epoch 55/100

Epoch 00055: mean_squared_error improved from 0.00000 to 0.00000, saving model to /gpfswork/rech/ynx/ulx23va/repo/wf-SEDs/model_WFE_size/wf-outputs/chkp/wfe_study_id009_bis/chkp_callback_poly_wfe_study_id009_256_bis_8_cycle1
63/63 - 173s - loss: 1.0000e-06 - mean_squared_error: 1.3988e-06 - val_loss: 9.1330e-09 - val_mean_squared_error: 9.1330e-09 - 173s/epoch - 3s/step
Epoch 56/100

Epoch 00056: mean_squared_error improved from 0.00000 to 0.00000, saving model to /gpfswork/rech/ynx/ulx23va/repo/wf-SEDs/model_WFE_size/wf-outputs/chkp/wfe_study_id009_bis/chkp_callback_poly_wfe_study_id009_256_bis_8_cycle1
63/63 - 173s - loss: 9.9946e-07 - mean_squared_error: 1.3982e-06 - val_loss: 9.6998e-09 - val_mean_squared_error: 9.6998e-09 - 173s/epoch - 3s/step
Epoch 57/100

Epoch 00057: mean_squared_error improved from 0.00000 to 0.00000, saving model to /gpfswork/rech/ynx/ulx23va/repo/wf-SEDs/model_WFE_size/wf-outputs/chkp/wfe_study_id009_bis/chkp_callback_poly_wfe_study_id009_256_bis_8_cycle1
63/63 - 173s - loss: 9.9932e-07 - mean_squared_error: 1.3980e-06 - val_loss: 9.1860e-09 - val_mean_squared_error: 9.1860e-09 - 173s/epoch - 3s/step
Epoch 58/100

Epoch 00058: mean_squared_error did not improve from 0.00000
63/63 - 172s - loss: 1.0034e-06 - mean_squared_error: 1.4011e-06 - val_loss: 1.0872e-08 - val_mean_squared_error: 1.0872e-08 - 172s/epoch - 3s/step
Epoch 59/100

Epoch 00059: mean_squared_error did not improve from 0.00000
63/63 - 172s - loss: 1.0010e-06 - mean_squared_error: 1.3993e-06 - val_loss: 1.0938e-08 - val_mean_squared_error: 1.0938e-08 - 172s/epoch - 3s/step
Epoch 60/100

Epoch 00060: mean_squared_error did not improve from 0.00000
63/63 - 173s - loss: 9.9997e-07 - mean_squared_error: 1.3986e-06 - val_loss: 8.4057e-09 - val_mean_squared_error: 8.4057e-09 - 173s/epoch - 3s/step
Epoch 61/100

Epoch 00061: mean_squared_error improved from 0.00000 to 0.00000, saving model to /gpfswork/rech/ynx/ulx23va/repo/wf-SEDs/model_WFE_size/wf-outputs/chkp/wfe_study_id009_bis/chkp_callback_poly_wfe_study_id009_256_bis_8_cycle1
63/63 - 172s - loss: 9.9915e-07 - mean_squared_error: 1.3979e-06 - val_loss: 7.9979e-09 - val_mean_squared_error: 7.9979e-09 - 172s/epoch - 3s/step
Epoch 62/100

Epoch 00062: mean_squared_error did not improve from 0.00000
63/63 - 172s - loss: 1.0018e-06 - mean_squared_error: 1.4001e-06 - val_loss: 9.3170e-09 - val_mean_squared_error: 9.3170e-09 - 172s/epoch - 3s/step
Epoch 63/100

Epoch 00063: mean_squared_error improved from 0.00000 to 0.00000, saving model to /gpfswork/rech/ynx/ulx23va/repo/wf-SEDs/model_WFE_size/wf-outputs/chkp/wfe_study_id009_bis/chkp_callback_poly_wfe_study_id009_256_bis_8_cycle1
63/63 - 174s - loss: 9.9836e-07 - mean_squared_error: 1.3972e-06 - val_loss: 7.1784e-09 - val_mean_squared_error: 7.1784e-09 - 174s/epoch - 3s/step
Epoch 64/100

Epoch 00064: mean_squared_error improved from 0.00000 to 0.00000, saving model to /gpfswork/rech/ynx/ulx23va/repo/wf-SEDs/model_WFE_size/wf-outputs/chkp/wfe_study_id009_bis/chkp_callback_poly_wfe_study_id009_256_bis_8_cycle1
63/63 - 173s - loss: 9.9752e-07 - mean_squared_error: 1.3967e-06 - val_loss: 7.1741e-09 - val_mean_squared_error: 7.1741e-09 - 173s/epoch - 3s/step
Epoch 65/100

Epoch 00065: mean_squared_error improved from 0.00000 to 0.00000, saving model to /gpfswork/rech/ynx/ulx23va/repo/wf-SEDs/model_WFE_size/wf-outputs/chkp/wfe_study_id009_bis/chkp_callback_poly_wfe_study_id009_256_bis_8_cycle1
63/63 - 173s - loss: 9.9716e-07 - mean_squared_error: 1.3963e-06 - val_loss: 7.5249e-09 - val_mean_squared_error: 7.5249e-09 - 173s/epoch - 3s/step
Epoch 66/100

Epoch 00066: mean_squared_error did not improve from 0.00000
63/63 - 172s - loss: 9.9746e-07 - mean_squared_error: 1.3965e-06 - val_loss: 7.3592e-09 - val_mean_squared_error: 7.3592e-09 - 172s/epoch - 3s/step
Epoch 67/100

Epoch 00067: mean_squared_error did not improve from 0.00000
63/63 - 173s - loss: 9.9911e-07 - mean_squared_error: 1.3977e-06 - val_loss: 1.2151e-08 - val_mean_squared_error: 1.2151e-08 - 173s/epoch - 3s/step
Epoch 68/100

Epoch 00068: mean_squared_error did not improve from 0.00000
63/63 - 173s - loss: 9.9777e-07 - mean_squared_error: 1.3968e-06 - val_loss: 6.7658e-09 - val_mean_squared_error: 6.7658e-09 - 173s/epoch - 3s/step
Epoch 69/100

Epoch 00069: mean_squared_error improved from 0.00000 to 0.00000, saving model to /gpfswork/rech/ynx/ulx23va/repo/wf-SEDs/model_WFE_size/wf-outputs/chkp/wfe_study_id009_bis/chkp_callback_poly_wfe_study_id009_256_bis_8_cycle1
63/63 - 173s - loss: 9.9724e-07 - mean_squared_error: 1.3962e-06 - val_loss: 7.0869e-09 - val_mean_squared_error: 7.0869e-09 - 173s/epoch - 3s/step
Epoch 70/100

Epoch 00070: mean_squared_error did not improve from 0.00000
63/63 - 174s - loss: 9.9823e-07 - mean_squared_error: 1.3971e-06 - val_loss: 6.8482e-09 - val_mean_squared_error: 6.8482e-09 - 174s/epoch - 3s/step
Epoch 71/100

Epoch 00071: mean_squared_error improved from 0.00000 to 0.00000, saving model to /gpfswork/rech/ynx/ulx23va/repo/wf-SEDs/model_WFE_size/wf-outputs/chkp/wfe_study_id009_bis/chkp_callback_poly_wfe_study_id009_256_bis_8_cycle1
63/63 - 174s - loss: 9.9679e-07 - mean_squared_error: 1.3959e-06 - val_loss: 7.5451e-09 - val_mean_squared_error: 7.5451e-09 - 174s/epoch - 3s/step
Epoch 72/100

Epoch 00072: mean_squared_error did not improve from 0.00000
63/63 - 173s - loss: 9.9842e-07 - mean_squared_error: 1.3970e-06 - val_loss: 9.2654e-09 - val_mean_squared_error: 9.2654e-09 - 173s/epoch - 3s/step
Epoch 73/100

Epoch 00073: mean_squared_error did not improve from 0.00000
63/63 - 173s - loss: 9.9725e-07 - mean_squared_error: 1.3961e-06 - val_loss: 6.6125e-09 - val_mean_squared_error: 6.6125e-09 - 173s/epoch - 3s/step
Epoch 74/100

Epoch 00074: mean_squared_error did not improve from 0.00000
63/63 - 173s - loss: 9.9705e-07 - mean_squared_error: 1.3961e-06 - val_loss: 7.2276e-09 - val_mean_squared_error: 7.2276e-09 - 173s/epoch - 3s/step
Epoch 75/100

Epoch 00075: mean_squared_error improved from 0.00000 to 0.00000, saving model to /gpfswork/rech/ynx/ulx23va/repo/wf-SEDs/model_WFE_size/wf-outputs/chkp/wfe_study_id009_bis/chkp_callback_poly_wfe_study_id009_256_bis_8_cycle1
63/63 - 174s - loss: 9.9642e-07 - mean_squared_error: 1.3955e-06 - val_loss: 5.8499e-09 - val_mean_squared_error: 5.8499e-09 - 174s/epoch - 3s/step
Epoch 76/100

Epoch 00076: mean_squared_error improved from 0.00000 to 0.00000, saving model to /gpfswork/rech/ynx/ulx23va/repo/wf-SEDs/model_WFE_size/wf-outputs/chkp/wfe_study_id009_bis/chkp_callback_poly_wfe_study_id009_256_bis_8_cycle1
63/63 - 174s - loss: 9.9628e-07 - mean_squared_error: 1.3954e-06 - val_loss: 6.2159e-09 - val_mean_squared_error: 6.2159e-09 - 174s/epoch - 3s/step
Epoch 77/100

Epoch 00077: mean_squared_error improved from 0.00000 to 0.00000, saving model to /gpfswork/rech/ynx/ulx23va/repo/wf-SEDs/model_WFE_size/wf-outputs/chkp/wfe_study_id009_bis/chkp_callback_poly_wfe_study_id009_256_bis_8_cycle1
63/63 - 172s - loss: 9.9585e-07 - mean_squared_error: 1.3950e-06 - val_loss: 7.7078e-09 - val_mean_squared_error: 7.7078e-09 - 172s/epoch - 3s/step
Epoch 78/100

Epoch 00078: mean_squared_error did not improve from 0.00000
63/63 - 173s - loss: 9.9648e-07 - mean_squared_error: 1.3956e-06 - val_loss: 7.3277e-09 - val_mean_squared_error: 7.3277e-09 - 173s/epoch - 3s/step
Epoch 79/100

Epoch 00079: mean_squared_error did not improve from 0.00000
63/63 - 173s - loss: 9.9657e-07 - mean_squared_error: 1.3955e-06 - val_loss: 7.3488e-09 - val_mean_squared_error: 7.3488e-09 - 173s/epoch - 3s/step
Epoch 80/100

Epoch 00080: mean_squared_error did not improve from 0.00000
63/63 - 172s - loss: 9.9709e-07 - mean_squared_error: 1.3961e-06 - val_loss: 7.6868e-09 - val_mean_squared_error: 7.6868e-09 - 172s/epoch - 3s/step
Epoch 81/100

Epoch 00081: mean_squared_error did not improve from 0.00000
63/63 - 171s - loss: 9.9622e-07 - mean_squared_error: 1.3954e-06 - val_loss: 5.5790e-09 - val_mean_squared_error: 5.5790e-09 - 171s/epoch - 3s/step
Epoch 82/100

Epoch 00082: mean_squared_error did not improve from 0.00000
63/63 - 172s - loss: 9.9611e-07 - mean_squared_error: 1.3953e-06 - val_loss: 8.9810e-09 - val_mean_squared_error: 8.9810e-09 - 172s/epoch - 3s/step
Epoch 83/100

Epoch 00083: mean_squared_error did not improve from 0.00000
63/63 - 172s - loss: 9.9666e-07 - mean_squared_error: 1.3956e-06 - val_loss: 5.8356e-09 - val_mean_squared_error: 5.8356e-09 - 172s/epoch - 3s/step
Epoch 84/100

Epoch 00084: mean_squared_error improved from 0.00000 to 0.00000, saving model to /gpfswork/rech/ynx/ulx23va/repo/wf-SEDs/model_WFE_size/wf-outputs/chkp/wfe_study_id009_bis/chkp_callback_poly_wfe_study_id009_256_bis_8_cycle1
63/63 - 173s - loss: 9.9537e-07 - mean_squared_error: 1.3947e-06 - val_loss: 5.4481e-09 - val_mean_squared_error: 5.4481e-09 - 173s/epoch - 3s/step
Epoch 85/100

Epoch 00085: mean_squared_error improved from 0.00000 to 0.00000, saving model to /gpfswork/rech/ynx/ulx23va/repo/wf-SEDs/model_WFE_size/wf-outputs/chkp/wfe_study_id009_bis/chkp_callback_poly_wfe_study_id009_256_bis_8_cycle1
63/63 - 172s - loss: 9.9519e-07 - mean_squared_error: 1.3946e-06 - val_loss: 6.6055e-09 - val_mean_squared_error: 6.6055e-09 - 172s/epoch - 3s/step
Epoch 86/100

Epoch 00086: mean_squared_error did not improve from 0.00000
63/63 - 171s - loss: 9.9586e-07 - mean_squared_error: 1.3950e-06 - val_loss: 6.7197e-09 - val_mean_squared_error: 6.7197e-09 - 171s/epoch - 3s/step
Epoch 87/100

Epoch 00087: mean_squared_error improved from 0.00000 to 0.00000, saving model to /gpfswork/rech/ynx/ulx23va/repo/wf-SEDs/model_WFE_size/wf-outputs/chkp/wfe_study_id009_bis/chkp_callback_poly_wfe_study_id009_256_bis_8_cycle1
63/63 - 172s - loss: 9.9520e-07 - mean_squared_error: 1.3945e-06 - val_loss: 6.6186e-09 - val_mean_squared_error: 6.6186e-09 - 172s/epoch - 3s/step
Epoch 88/100

Epoch 00088: mean_squared_error improved from 0.00000 to 0.00000, saving model to /gpfswork/rech/ynx/ulx23va/repo/wf-SEDs/model_WFE_size/wf-outputs/chkp/wfe_study_id009_bis/chkp_callback_poly_wfe_study_id009_256_bis_8_cycle1
63/63 - 172s - loss: 9.9489e-07 - mean_squared_error: 1.3942e-06 - val_loss: 5.3922e-09 - val_mean_squared_error: 5.3922e-09 - 172s/epoch - 3s/step
Epoch 89/100

Epoch 00089: mean_squared_error did not improve from 0.00000
63/63 - 172s - loss: 9.9520e-07 - mean_squared_error: 1.3944e-06 - val_loss: 6.7558e-09 - val_mean_squared_error: 6.7558e-09 - 172s/epoch - 3s/step
Epoch 90/100

Epoch 00090: mean_squared_error did not improve from 0.00000
63/63 - 172s - loss: 9.9553e-07 - mean_squared_error: 1.3947e-06 - val_loss: 5.5818e-09 - val_mean_squared_error: 5.5818e-09 - 172s/epoch - 3s/step
Epoch 91/100

Epoch 00091: mean_squared_error improved from 0.00000 to 0.00000, saving model to /gpfswork/rech/ynx/ulx23va/repo/wf-SEDs/model_WFE_size/wf-outputs/chkp/wfe_study_id009_bis/chkp_callback_poly_wfe_study_id009_256_bis_8_cycle1
63/63 - 173s - loss: 9.9455e-07 - mean_squared_error: 1.3939e-06 - val_loss: 5.5218e-09 - val_mean_squared_error: 5.5218e-09 - 173s/epoch - 3s/step
Epoch 92/100

Epoch 00092: mean_squared_error improved from 0.00000 to 0.00000, saving model to /gpfswork/rech/ynx/ulx23va/repo/wf-SEDs/model_WFE_size/wf-outputs/chkp/wfe_study_id009_bis/chkp_callback_poly_wfe_study_id009_256_bis_8_cycle1
63/63 - 173s - loss: 9.9437e-07 - mean_squared_error: 1.3938e-06 - val_loss: 4.8349e-09 - val_mean_squared_error: 4.8349e-09 - 173s/epoch - 3s/step
Epoch 93/100

Epoch 00093: mean_squared_error improved from 0.00000 to 0.00000, saving model to /gpfswork/rech/ynx/ulx23va/repo/wf-SEDs/model_WFE_size/wf-outputs/chkp/wfe_study_id009_bis/chkp_callback_poly_wfe_study_id009_256_bis_8_cycle1
63/63 - 172s - loss: 9.9401e-07 - mean_squared_error: 1.3935e-06 - val_loss: 5.1008e-09 - val_mean_squared_error: 5.1008e-09 - 172s/epoch - 3s/step
Epoch 94/100

Epoch 00094: mean_squared_error did not improve from 0.00000
63/63 - 172s - loss: 9.9442e-07 - mean_squared_error: 1.3939e-06 - val_loss: 6.2692e-09 - val_mean_squared_error: 6.2692e-09 - 172s/epoch - 3s/step
Epoch 95/100

Epoch 00095: mean_squared_error did not improve from 0.00000
63/63 - 172s - loss: 9.9628e-07 - mean_squared_error: 1.3952e-06 - val_loss: 9.9376e-09 - val_mean_squared_error: 9.9376e-09 - 172s/epoch - 3s/step
Epoch 96/100

Epoch 00096: mean_squared_error did not improve from 0.00000
63/63 - 172s - loss: 9.9895e-07 - mean_squared_error: 1.3971e-06 - val_loss: 8.0001e-09 - val_mean_squared_error: 8.0001e-09 - 172s/epoch - 3s/step
Epoch 97/100

Epoch 00097: mean_squared_error did not improve from 0.00000
63/63 - 172s - loss: 9.9630e-07 - mean_squared_error: 1.3951e-06 - val_loss: 7.4193e-09 - val_mean_squared_error: 7.4193e-09 - 172s/epoch - 3s/step
Epoch 98/100

Epoch 00098: mean_squared_error did not improve from 0.00000
63/63 - 173s - loss: 9.9628e-07 - mean_squared_error: 1.3952e-06 - val_loss: 4.9094e-09 - val_mean_squared_error: 4.9094e-09 - 173s/epoch - 3s/step
Epoch 99/100

Epoch 00099: mean_squared_error did not improve from 0.00000
63/63 - 172s - loss: 9.9615e-07 - mean_squared_error: 1.3950e-06 - val_loss: 1.1735e-08 - val_mean_squared_error: 1.1735e-08 - 172s/epoch - 3s/step
Epoch 100/100

Epoch 00100: mean_squared_error did not improve from 0.00000
63/63 - 172s - loss: 9.9721e-07 - mean_squared_error: 1.3961e-06 - val_loss: 6.5756e-09 - val_mean_squared_error: 6.5756e-09 - 172s/epoch - 3s/step
Cycle1 elapsed time: 19948.786935
Starting cycle 2..
Starting parametric update..
Epoch 1/15

Epoch 00001: mean_squared_error improved from inf to 0.00000, saving model to /gpfswork/rech/ynx/ulx23va/repo/wf-SEDs/model_WFE_size/wf-outputs/chkp/wfe_study_id009_bis/chkp_callback_poly_wfe_study_id009_256_bis_8_cycle2
63/63 - 175s - loss: 9.9448e-07 - mean_squared_error: 1.3939e-06 - val_loss: 6.9427e-09 - val_mean_squared_error: 6.9427e-09 - 175s/epoch - 3s/step
Epoch 2/15

Epoch 00002: mean_squared_error did not improve from 0.00000
63/63 - 172s - loss: 9.9616e-07 - mean_squared_error: 1.3954e-06 - val_loss: 1.1124e-08 - val_mean_squared_error: 1.1124e-08 - 172s/epoch - 3s/step
Epoch 3/15

Epoch 00003: mean_squared_error did not improve from 0.00000
63/63 - 171s - loss: 9.9991e-07 - mean_squared_error: 1.3985e-06 - val_loss: 8.3275e-09 - val_mean_squared_error: 8.3275e-09 - 171s/epoch - 3s/step
Epoch 4/15

Epoch 00004: mean_squared_error did not improve from 0.00000
63/63 - 172s - loss: 9.9782e-07 - mean_squared_error: 1.3969e-06 - val_loss: 1.3370e-08 - val_mean_squared_error: 1.3370e-08 - 172s/epoch - 3s/step
Epoch 5/15

Epoch 00005: mean_squared_error did not improve from 0.00000
63/63 - 172s - loss: 1.0024e-06 - mean_squared_error: 1.4004e-06 - val_loss: 1.1643e-08 - val_mean_squared_error: 1.1643e-08 - 172s/epoch - 3s/step
Epoch 6/15

Epoch 00006: mean_squared_error did not improve from 0.00000
63/63 - 172s - loss: 1.0067e-06 - mean_squared_error: 1.4039e-06 - val_loss: 1.1303e-08 - val_mean_squared_error: 1.1303e-08 - 172s/epoch - 3s/step
Epoch 7/15

Epoch 00007: mean_squared_error did not improve from 0.00000
63/63 - 172s - loss: 1.0007e-06 - mean_squared_error: 1.3991e-06 - val_loss: 1.3856e-08 - val_mean_squared_error: 1.3856e-08 - 172s/epoch - 3s/step
Epoch 8/15

Epoch 00008: mean_squared_error did not improve from 0.00000
63/63 - 172s - loss: 1.0055e-06 - mean_squared_error: 1.4033e-06 - val_loss: 1.5466e-08 - val_mean_squared_error: 1.5466e-08 - 172s/epoch - 3s/step
Epoch 9/15

Epoch 00009: mean_squared_error did not improve from 0.00000
63/63 - 172s - loss: 1.0021e-06 - mean_squared_error: 1.4002e-06 - val_loss: 9.9824e-09 - val_mean_squared_error: 9.9824e-09 - 172s/epoch - 3s/step
Epoch 10/15

Epoch 00010: mean_squared_error did not improve from 0.00000
63/63 - 172s - loss: 9.9893e-07 - mean_squared_error: 1.3979e-06 - val_loss: 9.8413e-09 - val_mean_squared_error: 9.8413e-09 - 172s/epoch - 3s/step
Epoch 11/15

Epoch 00011: mean_squared_error did not improve from 0.00000
63/63 - 172s - loss: 1.0051e-06 - mean_squared_error: 1.4028e-06 - val_loss: 2.8356e-08 - val_mean_squared_error: 2.8356e-08 - 172s/epoch - 3s/step
Epoch 12/15

Epoch 00012: mean_squared_error did not improve from 0.00000
63/63 - 171s - loss: 1.0267e-06 - mean_squared_error: 1.4208e-06 - val_loss: 3.3144e-08 - val_mean_squared_error: 3.3144e-08 - 171s/epoch - 3s/step
Epoch 13/15

Epoch 00013: mean_squared_error did not improve from 0.00000
63/63 - 172s - loss: 1.0100e-06 - mean_squared_error: 1.4068e-06 - val_loss: 9.4425e-09 - val_mean_squared_error: 9.4425e-09 - 172s/epoch - 3s/step
Epoch 14/15

Epoch 00014: mean_squared_error did not improve from 0.00000
63/63 - 172s - loss: 9.9966e-07 - mean_squared_error: 1.3982e-06 - val_loss: 1.2588e-08 - val_mean_squared_error: 1.2588e-08 - 172s/epoch - 3s/step
Epoch 15/15

Epoch 00015: mean_squared_error did not improve from 0.00000
63/63 - 172s - loss: 1.0256e-06 - mean_squared_error: 1.4197e-06 - val_loss: 5.3514e-08 - val_mean_squared_error: 5.3514e-08 - 172s/epoch - 3s/step
Starting non-parametric update..
Epoch 1/50

Epoch 00001: mean_squared_error did not improve from 0.00000
63/63 - 174s - loss: 1.0079e-06 - mean_squared_error: 1.4050e-06 - val_loss: 5.7493e-09 - val_mean_squared_error: 5.7493e-09 - 174s/epoch - 3s/step
Epoch 2/50

Epoch 00002: mean_squared_error improved from 0.00000 to 0.00000, saving model to /gpfswork/rech/ynx/ulx23va/repo/wf-SEDs/model_WFE_size/wf-outputs/chkp/wfe_study_id009_bis/chkp_callback_poly_wfe_study_id009_256_bis_8_cycle2
63/63 - 172s - loss: 9.9307e-07 - mean_squared_error: 1.3929e-06 - val_loss: 4.4076e-09 - val_mean_squared_error: 4.4076e-09 - 172s/epoch - 3s/step
Epoch 3/50

Epoch 00003: mean_squared_error improved from 0.00000 to 0.00000, saving model to /gpfswork/rech/ynx/ulx23va/repo/wf-SEDs/model_WFE_size/wf-outputs/chkp/wfe_study_id009_bis/chkp_callback_poly_wfe_study_id009_256_bis_8_cycle2
63/63 - 172s - loss: 9.9234e-07 - mean_squared_error: 1.3922e-06 - val_loss: 4.0991e-09 - val_mean_squared_error: 4.0991e-09 - 172s/epoch - 3s/step
Epoch 4/50

Epoch 00004: mean_squared_error improved from 0.00000 to 0.00000, saving model to /gpfswork/rech/ynx/ulx23va/repo/wf-SEDs/model_WFE_size/wf-outputs/chkp/wfe_study_id009_bis/chkp_callback_poly_wfe_study_id009_256_bis_8_cycle2
63/63 - 172s - loss: 9.9218e-07 - mean_squared_error: 1.3921e-06 - val_loss: 3.9802e-09 - val_mean_squared_error: 3.9802e-09 - 172s/epoch - 3s/step
Epoch 5/50

Epoch 00005: mean_squared_error improved from 0.00000 to 0.00000, saving model to /gpfswork/rech/ynx/ulx23va/repo/wf-SEDs/model_WFE_size/wf-outputs/chkp/wfe_study_id009_bis/chkp_callback_poly_wfe_study_id009_256_bis_8_cycle2
63/63 - 172s - loss: 9.9208e-07 - mean_squared_error: 1.3920e-06 - val_loss: 3.9442e-09 - val_mean_squared_error: 3.9442e-09 - 172s/epoch - 3s/step
Epoch 6/50

Epoch 00006: mean_squared_error did not improve from 0.00000
63/63 - 171s - loss: 9.9207e-07 - mean_squared_error: 1.3920e-06 - val_loss: 3.8424e-09 - val_mean_squared_error: 3.8424e-09 - 171s/epoch - 3s/step
Epoch 7/50

Epoch 00007: mean_squared_error improved from 0.00000 to 0.00000, saving model to /gpfswork/rech/ynx/ulx23va/repo/wf-SEDs/model_WFE_size/wf-outputs/chkp/wfe_study_id009_bis/chkp_callback_poly_wfe_study_id009_256_bis_8_cycle2
63/63 - 172s - loss: 9.9203e-07 - mean_squared_error: 1.3919e-06 - val_loss: 3.8415e-09 - val_mean_squared_error: 3.8415e-09 - 172s/epoch - 3s/step
Epoch 8/50

Epoch 00008: mean_squared_error did not improve from 0.00000
63/63 - 172s - loss: 9.9207e-07 - mean_squared_error: 1.3920e-06 - val_loss: 3.8123e-09 - val_mean_squared_error: 3.8123e-09 - 172s/epoch - 3s/step
Epoch 9/50

Epoch 00009: mean_squared_error improved from 0.00000 to 0.00000, saving model to /gpfswork/rech/ynx/ulx23va/repo/wf-SEDs/model_WFE_size/wf-outputs/chkp/wfe_study_id009_bis/chkp_callback_poly_wfe_study_id009_256_bis_8_cycle2
63/63 - 172s - loss: 9.9200e-07 - mean_squared_error: 1.3919e-06 - val_loss: 3.8380e-09 - val_mean_squared_error: 3.8380e-09 - 172s/epoch - 3s/step
Epoch 10/50

Epoch 00010: mean_squared_error did not improve from 0.00000
63/63 - 172s - loss: 9.9201e-07 - mean_squared_error: 1.3919e-06 - val_loss: 3.7971e-09 - val_mean_squared_error: 3.7971e-09 - 172s/epoch - 3s/step
Epoch 11/50

Epoch 00011: mean_squared_error did not improve from 0.00000
63/63 - 172s - loss: 9.9210e-07 - mean_squared_error: 1.3920e-06 - val_loss: 3.7272e-09 - val_mean_squared_error: 3.7272e-09 - 172s/epoch - 3s/step
Epoch 12/50

Epoch 00012: mean_squared_error improved from 0.00000 to 0.00000, saving model to /gpfswork/rech/ynx/ulx23va/repo/wf-SEDs/model_WFE_size/wf-outputs/chkp/wfe_study_id009_bis/chkp_callback_poly_wfe_study_id009_256_bis_8_cycle2
63/63 - 171s - loss: 9.9195e-07 - mean_squared_error: 1.3919e-06 - val_loss: 3.8216e-09 - val_mean_squared_error: 3.8216e-09 - 171s/epoch - 3s/step
Epoch 13/50

Epoch 00013: mean_squared_error did not improve from 0.00000
63/63 - 171s - loss: 9.9204e-07 - mean_squared_error: 1.3919e-06 - val_loss: 3.9598e-09 - val_mean_squared_error: 3.9598e-09 - 171s/epoch - 3s/step
Epoch 14/50

Epoch 00014: mean_squared_error did not improve from 0.00000
63/63 - 172s - loss: 9.9205e-07 - mean_squared_error: 1.3920e-06 - val_loss: 3.7696e-09 - val_mean_squared_error: 3.7696e-09 - 172s/epoch - 3s/step
Epoch 15/50

Epoch 00015: mean_squared_error improved from 0.00000 to 0.00000, saving model to /gpfswork/rech/ynx/ulx23va/repo/wf-SEDs/model_WFE_size/wf-outputs/chkp/wfe_study_id009_bis/chkp_callback_poly_wfe_study_id009_256_bis_8_cycle2
63/63 - 173s - loss: 9.9196e-07 - mean_squared_error: 1.3919e-06 - val_loss: 3.9325e-09 - val_mean_squared_error: 3.9325e-09 - 173s/epoch - 3s/step
Epoch 16/50

Epoch 00016: mean_squared_error improved from 0.00000 to 0.00000, saving model to /gpfswork/rech/ynx/ulx23va/repo/wf-SEDs/model_WFE_size/wf-outputs/chkp/wfe_study_id009_bis/chkp_callback_poly_wfe_study_id009_256_bis_8_cycle2
63/63 - 173s - loss: 9.9193e-07 - mean_squared_error: 1.3918e-06 - val_loss: 3.7782e-09 - val_mean_squared_error: 3.7782e-09 - 173s/epoch - 3s/step
Epoch 17/50

Epoch 00017: mean_squared_error did not improve from 0.00000
63/63 - 172s - loss: 9.9203e-07 - mean_squared_error: 1.3919e-06 - val_loss: 3.8800e-09 - val_mean_squared_error: 3.8800e-09 - 172s/epoch - 3s/step
Epoch 18/50

Epoch 00018: mean_squared_error did not improve from 0.00000
63/63 - 172s - loss: 9.9194e-07 - mean_squared_error: 1.3918e-06 - val_loss: 4.0203e-09 - val_mean_squared_error: 4.0203e-09 - 172s/epoch - 3s/step
Epoch 19/50

Epoch 00019: mean_squared_error did not improve from 0.00000
63/63 - 172s - loss: 9.9199e-07 - mean_squared_error: 1.3919e-06 - val_loss: 3.9187e-09 - val_mean_squared_error: 3.9187e-09 - 172s/epoch - 3s/step
Epoch 20/50

Epoch 00020: mean_squared_error did not improve from 0.00000
63/63 - 173s - loss: 9.9214e-07 - mean_squared_error: 1.3920e-06 - val_loss: 4.1374e-09 - val_mean_squared_error: 4.1374e-09 - 173s/epoch - 3s/step
Epoch 21/50

Epoch 00021: mean_squared_error did not improve from 0.00000
63/63 - 172s - loss: 9.9204e-07 - mean_squared_error: 1.3920e-06 - val_loss: 4.2112e-09 - val_mean_squared_error: 4.2112e-09 - 172s/epoch - 3s/step
Epoch 22/50

Epoch 00022: mean_squared_error did not improve from 0.00000
63/63 - 172s - loss: 9.9201e-07 - mean_squared_error: 1.3919e-06 - val_loss: 3.8961e-09 - val_mean_squared_error: 3.8961e-09 - 172s/epoch - 3s/step
Epoch 23/50

Epoch 00023: mean_squared_error improved from 0.00000 to 0.00000, saving model to /gpfswork/rech/ynx/ulx23va/repo/wf-SEDs/model_WFE_size/wf-outputs/chkp/wfe_study_id009_bis/chkp_callback_poly_wfe_study_id009_256_bis_8_cycle2
63/63 - 171s - loss: 9.9194e-07 - mean_squared_error: 1.3918e-06 - val_loss: 3.7210e-09 - val_mean_squared_error: 3.7210e-09 - 171s/epoch - 3s/step
Epoch 24/50

Epoch 00024: mean_squared_error improved from 0.00000 to 0.00000, saving model to /gpfswork/rech/ynx/ulx23va/repo/wf-SEDs/model_WFE_size/wf-outputs/chkp/wfe_study_id009_bis/chkp_callback_poly_wfe_study_id009_256_bis_8_cycle2
63/63 - 172s - loss: 9.9194e-07 - mean_squared_error: 1.3918e-06 - val_loss: 3.8630e-09 - val_mean_squared_error: 3.8630e-09 - 172s/epoch - 3s/step
Epoch 25/50

Epoch 00025: mean_squared_error did not improve from 0.00000
63/63 - 171s - loss: 9.9193e-07 - mean_squared_error: 1.3918e-06 - val_loss: 3.8569e-09 - val_mean_squared_error: 3.8569e-09 - 171s/epoch - 3s/step
Epoch 26/50

Epoch 00026: mean_squared_error did not improve from 0.00000
63/63 - 171s - loss: 9.9196e-07 - mean_squared_error: 1.3918e-06 - val_loss: 3.6979e-09 - val_mean_squared_error: 3.6979e-09 - 171s/epoch - 3s/step
Epoch 27/50

Epoch 00027: mean_squared_error improved from 0.00000 to 0.00000, saving model to /gpfswork/rech/ynx/ulx23va/repo/wf-SEDs/model_WFE_size/wf-outputs/chkp/wfe_study_id009_bis/chkp_callback_poly_wfe_study_id009_256_bis_8_cycle2
63/63 - 171s - loss: 9.9194e-07 - mean_squared_error: 1.3918e-06 - val_loss: 3.8951e-09 - val_mean_squared_error: 3.8951e-09 - 171s/epoch - 3s/step
Epoch 28/50

Epoch 00028: mean_squared_error did not improve from 0.00000
63/63 - 171s - loss: 9.9210e-07 - mean_squared_error: 1.3920e-06 - val_loss: 3.8156e-09 - val_mean_squared_error: 3.8156e-09 - 171s/epoch - 3s/step
Epoch 29/50

Epoch 00029: mean_squared_error did not improve from 0.00000
63/63 - 171s - loss: 9.9211e-07 - mean_squared_error: 1.3919e-06 - val_loss: 3.8604e-09 - val_mean_squared_error: 3.8604e-09 - 171s/epoch - 3s/step
Epoch 30/50

Epoch 00030: mean_squared_error improved from 0.00000 to 0.00000, saving model to /gpfswork/rech/ynx/ulx23va/repo/wf-SEDs/model_WFE_size/wf-outputs/chkp/wfe_study_id009_bis/chkp_callback_poly_wfe_study_id009_256_bis_8_cycle2
63/63 - 171s - loss: 9.9184e-07 - mean_squared_error: 1.3917e-06 - val_loss: 3.8991e-09 - val_mean_squared_error: 3.8991e-09 - 171s/epoch - 3s/step
Epoch 31/50

Epoch 00031: mean_squared_error improved from 0.00000 to 0.00000, saving model to /gpfswork/rech/ynx/ulx23va/repo/wf-SEDs/model_WFE_size/wf-outputs/chkp/wfe_study_id009_bis/chkp_callback_poly_wfe_study_id009_256_bis_8_cycle2
63/63 - 171s - loss: 9.9183e-07 - mean_squared_error: 1.3917e-06 - val_loss: 4.1306e-09 - val_mean_squared_error: 4.1306e-09 - 171s/epoch - 3s/step
Epoch 32/50

Epoch 00032: mean_squared_error did not improve from 0.00000
63/63 - 171s - loss: 9.9223e-07 - mean_squared_error: 1.3920e-06 - val_loss: 3.8342e-09 - val_mean_squared_error: 3.8342e-09 - 171s/epoch - 3s/step
Epoch 33/50

Epoch 00033: mean_squared_error did not improve from 0.00000
63/63 - 171s - loss: 9.9187e-07 - mean_squared_error: 1.3918e-06 - val_loss: 3.8442e-09 - val_mean_squared_error: 3.8442e-09 - 171s/epoch - 3s/step
Epoch 34/50

Epoch 00034: mean_squared_error did not improve from 0.00000
63/63 - 171s - loss: 9.9190e-07 - mean_squared_error: 1.3918e-06 - val_loss: 3.8615e-09 - val_mean_squared_error: 3.8615e-09 - 171s/epoch - 3s/step
Epoch 35/50

Epoch 00035: mean_squared_error did not improve from 0.00000
63/63 - 171s - loss: 9.9187e-07 - mean_squared_error: 1.3917e-06 - val_loss: 3.8830e-09 - val_mean_squared_error: 3.8830e-09 - 171s/epoch - 3s/step
Epoch 36/50

Epoch 00036: mean_squared_error did not improve from 0.00000
63/63 - 171s - loss: 9.9184e-07 - mean_squared_error: 1.3917e-06 - val_loss: 4.0017e-09 - val_mean_squared_error: 4.0017e-09 - 171s/epoch - 3s/step
Epoch 37/50

Epoch 00037: mean_squared_error did not improve from 0.00000
63/63 - 171s - loss: 9.9186e-07 - mean_squared_error: 1.3917e-06 - val_loss: 3.9584e-09 - val_mean_squared_error: 3.9584e-09 - 171s/epoch - 3s/step
Epoch 38/50

Epoch 00038: mean_squared_error improved from 0.00000 to 0.00000, saving model to /gpfswork/rech/ynx/ulx23va/repo/wf-SEDs/model_WFE_size/wf-outputs/chkp/wfe_study_id009_bis/chkp_callback_poly_wfe_study_id009_256_bis_8_cycle2
63/63 - 170s - loss: 9.9172e-07 - mean_squared_error: 1.3916e-06 - val_loss: 3.9515e-09 - val_mean_squared_error: 3.9515e-09 - 170s/epoch - 3s/step
Epoch 39/50

Epoch 00039: mean_squared_error improved from 0.00000 to 0.00000, saving model to /gpfswork/rech/ynx/ulx23va/repo/wf-SEDs/model_WFE_size/wf-outputs/chkp/wfe_study_id009_bis/chkp_callback_poly_wfe_study_id009_256_bis_8_cycle2
63/63 - 172s - loss: 9.9167e-07 - mean_squared_error: 1.3916e-06 - val_loss: 3.7769e-09 - val_mean_squared_error: 3.7769e-09 - 172s/epoch - 3s/step
Epoch 40/50

Epoch 00040: mean_squared_error did not improve from 0.00000
63/63 - 171s - loss: 9.9169e-07 - mean_squared_error: 1.3916e-06 - val_loss: 3.5909e-09 - val_mean_squared_error: 3.5909e-09 - 171s/epoch - 3s/step
Epoch 41/50

Epoch 00041: mean_squared_error did not improve from 0.00000
63/63 - 171s - loss: 9.9168e-07 - mean_squared_error: 1.3916e-06 - val_loss: 3.9260e-09 - val_mean_squared_error: 3.9260e-09 - 171s/epoch - 3s/step
Epoch 42/50

Epoch 00042: mean_squared_error did not improve from 0.00000
63/63 - 171s - loss: 9.9183e-07 - mean_squared_error: 1.3917e-06 - val_loss: 3.6962e-09 - val_mean_squared_error: 3.6962e-09 - 171s/epoch - 3s/step
Epoch 43/50

Epoch 00043: mean_squared_error did not improve from 0.00000
63/63 - 171s - loss: 9.9172e-07 - mean_squared_error: 1.3916e-06 - val_loss: 3.9669e-09 - val_mean_squared_error: 3.9669e-09 - 171s/epoch - 3s/step
Epoch 44/50

Epoch 00044: mean_squared_error did not improve from 0.00000
63/63 - 172s - loss: 9.9170e-07 - mean_squared_error: 1.3916e-06 - val_loss: 3.6845e-09 - val_mean_squared_error: 3.6845e-09 - 172s/epoch - 3s/step
Epoch 45/50

Epoch 00045: mean_squared_error did not improve from 0.00000
63/63 - 171s - loss: 9.9176e-07 - mean_squared_error: 1.3916e-06 - val_loss: 4.0690e-09 - val_mean_squared_error: 4.0690e-09 - 171s/epoch - 3s/step
Epoch 46/50

Epoch 00046: mean_squared_error did not improve from 0.00000
63/63 - 172s - loss: 9.9174e-07 - mean_squared_error: 1.3916e-06 - val_loss: 4.0082e-09 - val_mean_squared_error: 4.0082e-09 - 172s/epoch - 3s/step
Epoch 47/50

Epoch 00047: mean_squared_error did not improve from 0.00000
63/63 - 172s - loss: 9.9169e-07 - mean_squared_error: 1.3916e-06 - val_loss: 3.6656e-09 - val_mean_squared_error: 3.6656e-09 - 172s/epoch - 3s/step
Epoch 48/50

Epoch 00048: mean_squared_error improved from 0.00000 to 0.00000, saving model to /gpfswork/rech/ynx/ulx23va/repo/wf-SEDs/model_WFE_size/wf-outputs/chkp/wfe_study_id009_bis/chkp_callback_poly_wfe_study_id009_256_bis_8_cycle2
63/63 - 172s - loss: 9.9160e-07 - mean_squared_error: 1.3915e-06 - val_loss: 3.4740e-09 - val_mean_squared_error: 3.4740e-09 - 172s/epoch - 3s/step
Epoch 49/50

Epoch 00049: mean_squared_error improved from 0.00000 to 0.00000, saving model to /gpfswork/rech/ynx/ulx23va/repo/wf-SEDs/model_WFE_size/wf-outputs/chkp/wfe_study_id009_bis/chkp_callback_poly_wfe_study_id009_256_bis_8_cycle2
63/63 - 172s - loss: 9.9147e-07 - mean_squared_error: 1.3914e-06 - val_loss: 4.0277e-09 - val_mean_squared_error: 4.0277e-09 - 172s/epoch - 3s/step
Epoch 50/50

Epoch 00050: mean_squared_error did not improve from 0.00000
63/63 - 172s - loss: 9.9158e-07 - mean_squared_error: 1.3915e-06 - val_loss: 3.6730e-09 - val_mean_squared_error: 3.6730e-09 - 172s/epoch - 3s/step
Cycle2 elapsed time: 11168.747783

Total elapsed time: 31121.425243

 Good bye..
