Starting the log file.
Found GPU at: /device:GPU:0
tf_version: 2.7.0
Dataset parameters:
{'d_max': 2, 'max_order': 45, 'x_lims': [0, 1000.0], 'y_lims': [0, 1000.0], 'grid_points': [4, 4], 'n_bins': 20, 'max_wfe_rms': 0.1, 'oversampling_rate': 3.0, 'output_Q': 3.0, 'output_dim': 32, 'LP_filter_length': 2, 'pupil_diameter': 4096, 'euclid_obsc': True, 'n_stars': 2000}

***
Metric evaluation on the test dataset
***

Absolute RMSE:	 1.3392e-04 	 +/- 2.5686e-05
Relative RMSE:	 1.7726e+00 % 	 +/- 3.7145e-01 %
Absolute RMSE:	 1.1853e-01 	 +/- 1.9658e-02
Relative RMSE:	 1.5586e+02 % 	 +/- 1.5745e+01 %

Pixel star absolute RMSE:	 4.6611e-05 	 +/- 2.1076e-05 
Pixel star relative RMSE:	 3.1240e+00 % 	 +/- 1.8095e+00 %

sigma(e1) RMSE =		 7.8660e-03 	 +/- 7.8569e-03 
sigma(e2) RMSE =		 7.7580e-03 	 +/- 5.8400e-03 
sigma(R2)/<R2> =		 2.5358e-02 	 +/- 1.6459e-02 

Relative sigma(e1) RMSE =	 2.2693e+02 % 	 +/- 2.2660e+02 %
Relative sigma(e2) RMSE =	 2.3499e+02 % 	 +/- 2.3388e+02 %

Total number of stars: 		400
Problematic number of stars: 	0

***
Metric evaluation on the train dataset
***

Absolute RMSE:	 1.3403e-04 	 +/- 2.4981e-05
Relative RMSE:	 1.7760e+00 % 	 +/- 3.8631e-01 %
Absolute RMSE:	 1.1837e-01 	 +/- 2.0209e-02
Relative RMSE:	 1.5620e+02 % 	 +/- 1.7111e+01 %

Pixel star absolute RMSE:	 4.7592e-05 	 +/- 2.2854e-05 
Pixel star relative RMSE:	 3.2127e+00 % 	 +/- 2.1264e+00 %

sigma(e1) RMSE =		 8.3530e-03 	 +/- 8.3529e-03 
sigma(e2) RMSE =		 8.4378e-03 	 +/- 6.5899e-03 
sigma(R2)/<R2> =		 3.3572e-02 	 +/- 1.7066e-02 

Relative sigma(e1) RMSE =	 1.7282e+03 % 	 +/- 1.7278e+03 %
Relative sigma(e2) RMSE =	 3.4400e+03 % 	 +/- 3.4392e+03 %

Total number of stars: 		2000
Problematic number of stars: 	0

Total elapsed time: 2065.492025

 Good bye..
