Starting the log file.
Found GPU at: /device:GPU:0
tf_version: 2.7.3
Dataset parameters:
{'d_max': 2, 'max_order': 45, 'x_lims': [0, 1000.0], 'y_lims': [0, 1000.0], 'grid_points': [4, 4], 'n_bins': 8, 'max_wfe_rms': 0.1, 'oversampling_rate': 3.0, 'output_Q': 3.0, 'output_dim': 32, 'LP_filter_length': 2, 'pupil_diameter': 128, 'euclid_obsc': True, 'n_stars': 6000}

***
Metric evaluation on the test dataset
***

Absolute RMSE:	 1.1558e-04 	 +/- 1.5352e-05
Relative RMSE:	 1.5595e+00 % 	 +/- 3.0174e-01 %
Absolute RMSE:	 1.5206e-01 	 +/- 1.6532e-02
Relative RMSE:	 2.0165e+02 % 	 +/- 1.9858e+01 %

Pixel star absolute RMSE:	 5.8244e-05 	 +/- 1.4566e-05 
Pixel star relative RMSE:	 3.8579e+00 % 	 +/- 1.2738e+00 %

sigma(e1) RMSE =		 1.5839e-02 	 +/- 1.1819e-02 
sigma(e2) RMSE =		 3.4245e-03 	 +/- 3.1833e-03 
sigma(R2)/<R2> =		 3.2704e-01 	 +/- 2.7564e-01 

Relative sigma(e1) RMSE =	 6.4732e+03 % 	 +/- 6.4703e+03 %
Relative sigma(e2) RMSE =	 1.6095e+03 % 	 +/- 1.6089e+03 %

Total number of stars: 		2000
Problematic number of stars: 	0

***
Metric evaluation on the train dataset
***

Absolute RMSE:	 1.1549e-04 	 +/- 1.4498e-05
Relative RMSE:	 1.5555e+00 % 	 +/- 2.9412e-01 %
Absolute RMSE:	 1.5185e-01 	 +/- 1.6376e-02
Relative RMSE:	 2.0236e+02 % 	 +/- 2.0279e+01 %

Pixel star absolute RMSE:	 5.8538e-05 	 +/- 1.4399e-05 
Pixel star relative RMSE:	 3.8641e+00 % 	 +/- 1.2521e+00 %

sigma(e1) RMSE =		 1.5404e-02 	 +/- 1.1154e-02 
sigma(e2) RMSE =		 3.6312e-03 	 +/- 3.4236e-03 
sigma(R2)/<R2> =		 2.1435e-01 	 +/- 1.9639e-01 

Relative sigma(e1) RMSE =	 1.1054e+04 % 	 +/- 1.1050e+04 %
Relative sigma(e2) RMSE =	 4.4162e+02 % 	 +/- 4.4161e+02 %

Total number of stars: 		6000
Problematic number of stars: 	0

Total elapsed time: 5515.999662

 Good bye..
