Starting the log file.
Found GPU at: /device:GPU:0
tf_version: 2.7.3
Dataset parameters:
{'d_max': 2, 'max_order': 45, 'x_lims': [0, 1000.0], 'y_lims': [0, 1000.0], 'grid_points': [4, 4], 'n_bins': 8, 'max_wfe_rms': 0.1, 'oversampling_rate': 3.0, 'output_Q': 3.0, 'output_dim': 32, 'LP_filter_length': 2, 'pupil_diameter': 128, 'euclid_obsc': True, 'n_stars': 3000}

***
Metric evaluation on the test dataset
***

Absolute RMSE:	 1.1276e-04 	 +/- 2.6699e-05
Relative RMSE:	 1.5145e+00 % 	 +/- 4.0358e-01 %
Absolute RMSE:	 1.6014e-01 	 +/- 1.5511e-02
Relative RMSE:	 2.1245e+02 % 	 +/- 1.8307e+01 %

Pixel star absolute RMSE:	 6.9307e-05 	 +/- 1.5135e-05 
Pixel star relative RMSE:	 4.5707e+00 % 	 +/- 1.3018e+00 %

sigma(e1) RMSE =		 1.0137e-02 	 +/- 1.0135e-02 
sigma(e2) RMSE =		 5.6714e-03 	 +/- 5.6713e-03 
sigma(R2)/<R2> =		 3.1597e-01 	 +/- 2.6914e-01 

Relative sigma(e1) RMSE =	 4.8153e+03 % 	 +/- 4.8146e+03 %
Relative sigma(e2) RMSE =	 2.8798e+03 % 	 +/- 2.8791e+03 %

Total number of stars: 		2000
Problematic number of stars: 	0

***
Metric evaluation on the train dataset
***

Absolute RMSE:	 1.1234e-04 	 +/- 2.5519e-05
Relative RMSE:	 1.5089e+00 % 	 +/- 3.9732e-01 %
Absolute RMSE:	 1.6010e-01 	 +/- 1.5647e-02
Relative RMSE:	 2.1294e+02 % 	 +/- 1.8500e+01 %

Pixel star absolute RMSE:	 6.9724e-05 	 +/- 1.5278e-05 
Pixel star relative RMSE:	 4.5929e+00 % 	 +/- 1.3264e+00 %

sigma(e1) RMSE =		 8.7403e-03 	 +/- 8.7366e-03 
sigma(e2) RMSE =		 5.6255e-03 	 +/- 5.6247e-03 
sigma(R2)/<R2> =		 4.1859e-02 	 +/- 2.0253e-02 

Relative sigma(e1) RMSE =	 1.8659e+03 % 	 +/- 1.8655e+03 %
Relative sigma(e2) RMSE =	 7.6598e+02 % 	 +/- 7.6594e+02 %

Total number of stars: 		3000
Problematic number of stars: 	0

Total elapsed time: 3843.007573

 Good bye..
