Starting the log file.
Found GPU at: /device:GPU:0
tf_version: 2.7.0
Dataset parameters:
{'d_max': 2, 'max_order': 45, 'x_lims': [0, 1000.0], 'y_lims': [0, 1000.0], 'grid_points': [4, 4], 'n_bins': 350, 'max_wfe_rms': 0.1, 'oversampling_rate': 3.0, 'output_Q': 3.0, 'output_dim': 32, 'LP_filter_length': 2, 'pupil_diameter': 256, 'euclid_obsc': True, 'n_stars': 2000}

***
Metric evaluation on the test dataset
***

Absolute RMSE:	 7.0608e-05 	 +/- 1.2607e-05
Relative RMSE:	 9.4990e-01 % 	 +/- 2.4360e-01 %
Absolute RMSE:	 8.6172e-02 	 +/- 1.6758e-02
Relative RMSE:	 1.0984e+02 % 	 +/- 1.2614e+01 %

Pixel star absolute RMSE:	 1.8037e-05 	 +/- 3.0298e-06 
Pixel star relative RMSE:	 1.1969e+00 % 	 +/- 3.0296e-01 %

sigma(e1) RMSE =		 2.6392e-03 	 +/- 2.6169e-03 
sigma(e2) RMSE =		 1.5798e-03 	 +/- 1.2331e-03 
sigma(R2)/<R2> =		 1.3578e-02 	 +/- 4.0232e-03 

Relative sigma(e1) RMSE =	 6.1225e+01 % 	 +/- 6.1152e+01 %
Relative sigma(e2) RMSE =	 7.0639e+01 % 	 +/- 7.0634e+01 %

Total number of stars: 		400
Problematic number of stars: 	0

***
Metric evaluation on the train dataset
***

Absolute RMSE:	 7.0186e-05 	 +/- 1.1863e-05
Relative RMSE:	 9.4534e-01 % 	 +/- 2.5131e-01 %
Absolute RMSE:	 8.6209e-02 	 +/- 1.6983e-02
Relative RMSE:	 1.1023e+02 % 	 +/- 1.3189e+01 %

Pixel star absolute RMSE:	 1.7869e-05 	 +/- 2.9757e-06 
Pixel star relative RMSE:	 1.1863e+00 % 	 +/- 3.2826e-01 %

sigma(e1) RMSE =		 6.5310e-03 	 +/- 6.5303e-03 
sigma(e2) RMSE =		 4.5598e-03 	 +/- 4.4125e-03 
sigma(R2)/<R2> =		 4.3346e-02 	 +/- 3.7493e-02 

Relative sigma(e1) RMSE =	 3.5308e+02 % 	 +/- 3.5293e+02 %
Relative sigma(e2) RMSE =	 3.1703e+02 % 	 +/- 3.1684e+02 %

Total number of stars: 		2000
Problematic number of stars: 	1

Total elapsed time: 2527.922349

 Good bye..
