Starting the log file.
Found GPU at: /device:GPU:0
tf_version: 2.7.0
Dataset parameters:
{'d_max': 2, 'max_order': 45, 'x_lims': [0, 1000.0], 'y_lims': [0, 1000.0], 'grid_points': [4, 4], 'n_bins': 350, 'max_wfe_rms': 0.1, 'oversampling_rate': 3.0, 'output_Q': 3.0, 'output_dim': 32, 'LP_filter_length': 2, 'pupil_diameter': 256, 'euclid_obsc': True, 'n_stars': 2000}

***
Metric evaluation on the test dataset
***

Absolute RMSE:	 7.0726e-05 	 +/- 1.2636e-05
Relative RMSE:	 9.5160e-01 % 	 +/- 2.4394e-01 %
Absolute RMSE:	 8.6172e-02 	 +/- 1.6758e-02
Relative RMSE:	 1.0984e+02 % 	 +/- 1.2614e+01 %

Pixel star absolute RMSE:	 1.8010e-05 	 +/- 3.0305e-06 
Pixel star relative RMSE:	 1.1951e+00 % 	 +/- 3.0259e-01 %

sigma(e1) RMSE =		 2.6420e-03 	 +/- 2.6196e-03 
sigma(e2) RMSE =		 1.5806e-03 	 +/- 1.2333e-03 
sigma(R2)/<R2> =		 1.3581e-02 	 +/- 4.0286e-03 

Relative sigma(e1) RMSE =	 6.0316e+01 % 	 +/- 6.0241e+01 %
Relative sigma(e2) RMSE =	 7.2274e+01 % 	 +/- 7.2265e+01 %

Total number of stars: 		400
Problematic number of stars: 	0

***
Metric evaluation on the train dataset
***

Absolute RMSE:	 7.0300e-05 	 +/- 1.1891e-05
Relative RMSE:	 9.4696e-01 % 	 +/- 2.5156e-01 %
Absolute RMSE:	 8.6209e-02 	 +/- 1.6983e-02
Relative RMSE:	 1.1023e+02 % 	 +/- 1.3189e+01 %

Pixel star absolute RMSE:	 1.7841e-05 	 +/- 2.9756e-06 
Pixel star relative RMSE:	 1.1845e+00 % 	 +/- 3.2765e-01 %

sigma(e1) RMSE =		 6.5560e-03 	 +/- 6.5553e-03 
sigma(e2) RMSE =		 4.5685e-03 	 +/- 4.4236e-03 
sigma(R2)/<R2> =		 4.3988e-02 	 +/- 3.7824e-02 

Relative sigma(e1) RMSE =	 2.9127e+02 % 	 +/- 2.9125e+02 %
Relative sigma(e2) RMSE =	 1.8658e+02 % 	 +/- 1.8653e+02 %

Total number of stars: 		2000
Problematic number of stars: 	0

Total elapsed time: 2237.657010

 Good bye..
