Starting the log file.
Found GPU at: /device:GPU:0
tf_version: 2.7.0
Dataset parameters:
{'d_max': 2, 'max_order': 45, 'x_lims': [0, 1000.0], 'y_lims': [0, 1000.0], 'grid_points': [4, 4], 'n_bins': 350, 'max_wfe_rms': 0.1, 'oversampling_rate': 3.0, 'output_Q': 3.0, 'output_dim': 32, 'LP_filter_length': 2, 'pupil_diameter': 256, 'euclid_obsc': True, 'n_stars': 2000}

***
Metric evaluation on the test dataset
***

Absolute RMSE:	 1.3061e-04 	 +/- 2.8814e-05
Relative RMSE:	 1.7662e+00 % 	 +/- 5.1167e-01 %
Absolute RMSE:	 1.3455e-01 	 +/- 1.6431e-02
Relative RMSE:	 1.7278e+02 % 	 +/- 1.3927e+01 %

Pixel star absolute RMSE:	 3.9843e-05 	 +/- 9.7707e-06 
Pixel star relative RMSE:	 2.6516e+00 % 	 +/- 8.7555e-01 %

sigma(e1) RMSE =		 5.9942e-03 	 +/- 5.9931e-03 
sigma(e2) RMSE =		 2.1909e-03 	 +/- 2.0898e-03 
sigma(R2)/<R2> =		 2.3300e-02 	 +/- 1.4324e-02 

Relative sigma(e1) RMSE =	 3.2052e+02 % 	 +/- 3.1974e+02 %
Relative sigma(e2) RMSE =	 1.0481e+02 % 	 +/- 1.0477e+02 %

Total number of stars: 		400
Problematic number of stars: 	1

***
Metric evaluation on the train dataset
***

Absolute RMSE:	 1.3141e-04 	 +/- 2.9958e-05
Relative RMSE:	 1.7860e+00 % 	 +/- 5.7632e-01 %
Absolute RMSE:	 1.3525e-01 	 +/- 1.8781e-02
Relative RMSE:	 1.7389e+02 % 	 +/- 1.4353e+01 %

Pixel star absolute RMSE:	 4.0292e-05 	 +/- 1.0737e-05 
Pixel star relative RMSE:	 2.6936e+00 % 	 +/- 1.0219e+00 %

sigma(e1) RMSE =		 8.4967e-03 	 +/- 8.4858e-03 
sigma(e2) RMSE =		 4.6843e-03 	 +/- 4.6496e-03 
sigma(R2)/<R2> =		 5.8392e-02 	 +/- 2.2470e-02 

Relative sigma(e1) RMSE =	 3.5714e+03 % 	 +/- 3.5703e+03 %
Relative sigma(e2) RMSE =	 5.5373e+02 % 	 +/- 5.5357e+02 %

Total number of stars: 		2000
Problematic number of stars: 	0

Total elapsed time: 1861.853417

 Good bye..
