Starting the log file.
Found GPU at: /device:GPU:0
tf_version: 2.7.0
Zernike cube:
(15, 256, 256)
Dataset parameters:
{'d_max': 2, 'max_order': 45, 'x_lims': [0, 1000.0], 'y_lims': [0, 1000.0], 'grid_points': [4, 4], 'n_bins': 350, 'max_wfe_rms': 0.1, 'oversampling_rate': 3.0, 'output_Q': 3.0, 'output_dim': 32, 'LP_filter_length': 2, 'pupil_diameter': 256, 'euclid_obsc': True, 'n_stars': 2000}
Starting cycle 1..
Starting parametric update..
Epoch 1/15

Epoch 00001: mean_squared_error improved from inf to 0.00001, saving model to /gpfswork/rech/ynx/uds36vp/repos/wf-SEDs/projected_learning/wf-outputs/chkp/8_bins/chkp_callback_poly_2_cycles_256_proj_d2_3_cycle1
63/63 - 66s - loss: 7.9632e-06 - mean_squared_error: 7.4041e-06 - val_loss: 1.7608e-06 - val_mean_squared_error: 1.7608e-06 - 66s/epoch - 1s/step
Epoch 2/15

Epoch 00002: mean_squared_error improved from 0.00001 to 0.00000, saving model to /gpfswork/rech/ynx/uds36vp/repos/wf-SEDs/projected_learning/wf-outputs/chkp/8_bins/chkp_callback_poly_2_cycles_256_proj_d2_3_cycle1
63/63 - 60s - loss: 2.4081e-06 - mean_squared_error: 2.6182e-06 - val_loss: 9.5749e-07 - val_mean_squared_error: 9.5749e-07 - 60s/epoch - 957ms/step
Epoch 3/15

Epoch 00003: mean_squared_error improved from 0.00000 to 0.00000, saving model to /gpfswork/rech/ynx/uds36vp/repos/wf-SEDs/projected_learning/wf-outputs/chkp/8_bins/chkp_callback_poly_2_cycles_256_proj_d2_3_cycle1
63/63 - 60s - loss: 1.9907e-06 - mean_squared_error: 2.2497e-06 - val_loss: 8.2596e-07 - val_mean_squared_error: 8.2596e-07 - 60s/epoch - 957ms/step
Epoch 4/15

Epoch 00004: mean_squared_error improved from 0.00000 to 0.00000, saving model to /gpfswork/rech/ynx/uds36vp/repos/wf-SEDs/projected_learning/wf-outputs/chkp/8_bins/chkp_callback_poly_2_cycles_256_proj_d2_3_cycle1
63/63 - 60s - loss: 1.8743e-06 - mean_squared_error: 2.1471e-06 - val_loss: 7.2191e-07 - val_mean_squared_error: 7.2191e-07 - 60s/epoch - 957ms/step
Epoch 5/15

Epoch 00005: mean_squared_error improved from 0.00000 to 0.00000, saving model to /gpfswork/rech/ynx/uds36vp/repos/wf-SEDs/projected_learning/wf-outputs/chkp/8_bins/chkp_callback_poly_2_cycles_256_proj_d2_3_cycle1
63/63 - 60s - loss: 1.8180e-06 - mean_squared_error: 2.0955e-06 - val_loss: 7.0115e-07 - val_mean_squared_error: 7.0115e-07 - 60s/epoch - 956ms/step
Epoch 6/15

Epoch 00006: mean_squared_error improved from 0.00000 to 0.00000, saving model to /gpfswork/rech/ynx/uds36vp/repos/wf-SEDs/projected_learning/wf-outputs/chkp/8_bins/chkp_callback_poly_2_cycles_256_proj_d2_3_cycle1
63/63 - 60s - loss: 1.7817e-06 - mean_squared_error: 2.0618e-06 - val_loss: 7.0437e-07 - val_mean_squared_error: 7.0437e-07 - 60s/epoch - 956ms/step
Epoch 7/15

Epoch 00007: mean_squared_error improved from 0.00000 to 0.00000, saving model to /gpfswork/rech/ynx/uds36vp/repos/wf-SEDs/projected_learning/wf-outputs/chkp/8_bins/chkp_callback_poly_2_cycles_256_proj_d2_3_cycle1
63/63 - 60s - loss: 1.7787e-06 - mean_squared_error: 2.0557e-06 - val_loss: 6.9883e-07 - val_mean_squared_error: 6.9883e-07 - 60s/epoch - 956ms/step
Epoch 8/15

Epoch 00008: mean_squared_error did not improve from 0.00000
63/63 - 60s - loss: 1.7866e-06 - mean_squared_error: 2.0635e-06 - val_loss: 6.8694e-07 - val_mean_squared_error: 6.8694e-07 - 60s/epoch - 957ms/step
Epoch 9/15

Epoch 00009: mean_squared_error did not improve from 0.00000
63/63 - 60s - loss: 1.7876e-06 - mean_squared_error: 2.0663e-06 - val_loss: 7.3837e-07 - val_mean_squared_error: 7.3837e-07 - 60s/epoch - 958ms/step
Epoch 10/15

Epoch 00010: mean_squared_error did not improve from 0.00000
63/63 - 60s - loss: 1.7996e-06 - mean_squared_error: 2.0810e-06 - val_loss: 7.2980e-07 - val_mean_squared_error: 7.2980e-07 - 60s/epoch - 957ms/step
Epoch 11/15

Epoch 00011: mean_squared_error did not improve from 0.00000
63/63 - 60s - loss: 1.7966e-06 - mean_squared_error: 2.0781e-06 - val_loss: 7.2793e-07 - val_mean_squared_error: 7.2793e-07 - 60s/epoch - 957ms/step
Epoch 12/15

Epoch 00012: mean_squared_error did not improve from 0.00000
63/63 - 60s - loss: 1.9169e-06 - mean_squared_error: 2.1810e-06 - val_loss: 7.2554e-07 - val_mean_squared_error: 7.2554e-07 - 60s/epoch - 957ms/step
Epoch 13/15

Epoch 00013: mean_squared_error did not improve from 0.00000
63/63 - 60s - loss: 1.8102e-06 - mean_squared_error: 2.0916e-06 - val_loss: 8.1119e-07 - val_mean_squared_error: 8.1119e-07 - 60s/epoch - 954ms/step
Epoch 14/15

Epoch 00014: mean_squared_error did not improve from 0.00000
63/63 - 60s - loss: 1.8485e-06 - mean_squared_error: 2.1221e-06 - val_loss: 7.4736e-07 - val_mean_squared_error: 7.4736e-07 - 60s/epoch - 957ms/step
Epoch 15/15

Epoch 00015: mean_squared_error did not improve from 0.00000
63/63 - 60s - loss: 1.8149e-06 - mean_squared_error: 2.0939e-06 - val_loss: 7.1626e-07 - val_mean_squared_error: 7.1626e-07 - 60s/epoch - 957ms/step
Starting non-parametric update..
Epoch 1/100

Epoch 00001: mean_squared_error improved from 0.00000 to 0.00000, saving model to /gpfswork/rech/ynx/uds36vp/repos/wf-SEDs/projected_learning/wf-outputs/chkp/8_bins/chkp_callback_poly_2_cycles_256_proj_d2_3_cycle1
63/63 - 58s - loss: 1.7398e-06 - mean_squared_error: 2.0381e-06 - val_loss: 6.1825e-07 - val_mean_squared_error: 6.1825e-07 - 58s/epoch - 921ms/step
Epoch 2/100

Epoch 00002: mean_squared_error improved from 0.00000 to 0.00000, saving model to /gpfswork/rech/ynx/uds36vp/repos/wf-SEDs/projected_learning/wf-outputs/chkp/8_bins/chkp_callback_poly_2_cycles_256_proj_d2_3_cycle1
63/63 - 55s - loss: 1.5847e-06 - mean_squared_error: 1.9188e-06 - val_loss: 4.9593e-07 - val_mean_squared_error: 4.9593e-07 - 55s/epoch - 875ms/step
Epoch 3/100

Epoch 00003: mean_squared_error improved from 0.00000 to 0.00000, saving model to /gpfswork/rech/ynx/uds36vp/repos/wf-SEDs/projected_learning/wf-outputs/chkp/8_bins/chkp_callback_poly_2_cycles_256_proj_d2_3_cycle1
63/63 - 55s - loss: 1.4477e-06 - mean_squared_error: 1.8072e-06 - val_loss: 4.0509e-07 - val_mean_squared_error: 4.0509e-07 - 55s/epoch - 875ms/step
Epoch 4/100

Epoch 00004: mean_squared_error improved from 0.00000 to 0.00000, saving model to /gpfswork/rech/ynx/uds36vp/repos/wf-SEDs/projected_learning/wf-outputs/chkp/8_bins/chkp_callback_poly_2_cycles_256_proj_d2_3_cycle1
63/63 - 55s - loss: 1.3510e-06 - mean_squared_error: 1.7230e-06 - val_loss: 3.3145e-07 - val_mean_squared_error: 3.3145e-07 - 55s/epoch - 877ms/step
Epoch 5/100

Epoch 00005: mean_squared_error improved from 0.00000 to 0.00000, saving model to /gpfswork/rech/ynx/uds36vp/repos/wf-SEDs/projected_learning/wf-outputs/chkp/8_bins/chkp_callback_poly_2_cycles_256_proj_d2_3_cycle1
63/63 - 55s - loss: 1.2766e-06 - mean_squared_error: 1.6569e-06 - val_loss: 2.7102e-07 - val_mean_squared_error: 2.7102e-07 - 55s/epoch - 875ms/step
Epoch 6/100

Epoch 00006: mean_squared_error improved from 0.00000 to 0.00000, saving model to /gpfswork/rech/ynx/uds36vp/repos/wf-SEDs/projected_learning/wf-outputs/chkp/8_bins/chkp_callback_poly_2_cycles_256_proj_d2_3_cycle1
63/63 - 55s - loss: 1.2190e-06 - mean_squared_error: 1.6050e-06 - val_loss: 2.2413e-07 - val_mean_squared_error: 2.2413e-07 - 55s/epoch - 874ms/step
Epoch 7/100

Epoch 00007: mean_squared_error improved from 0.00000 to 0.00000, saving model to /gpfswork/rech/ynx/uds36vp/repos/wf-SEDs/projected_learning/wf-outputs/chkp/8_bins/chkp_callback_poly_2_cycles_256_proj_d2_3_cycle1
63/63 - 55s - loss: 1.1741e-06 - mean_squared_error: 1.5648e-06 - val_loss: 1.8805e-07 - val_mean_squared_error: 1.8805e-07 - 55s/epoch - 873ms/step
Epoch 8/100

Epoch 00008: mean_squared_error improved from 0.00000 to 0.00000, saving model to /gpfswork/rech/ynx/uds36vp/repos/wf-SEDs/projected_learning/wf-outputs/chkp/8_bins/chkp_callback_poly_2_cycles_256_proj_d2_3_cycle1
63/63 - 55s - loss: 1.1380e-06 - mean_squared_error: 1.5328e-06 - val_loss: 1.5907e-07 - val_mean_squared_error: 1.5907e-07 - 55s/epoch - 877ms/step
Epoch 9/100

Epoch 00009: mean_squared_error improved from 0.00000 to 0.00000, saving model to /gpfswork/rech/ynx/uds36vp/repos/wf-SEDs/projected_learning/wf-outputs/chkp/8_bins/chkp_callback_poly_2_cycles_256_proj_d2_3_cycle1
63/63 - 55s - loss: 1.1087e-06 - mean_squared_error: 1.5072e-06 - val_loss: 1.3547e-07 - val_mean_squared_error: 1.3547e-07 - 55s/epoch - 877ms/step
Epoch 10/100

Epoch 00010: mean_squared_error improved from 0.00000 to 0.00000, saving model to /gpfswork/rech/ynx/uds36vp/repos/wf-SEDs/projected_learning/wf-outputs/chkp/8_bins/chkp_callback_poly_2_cycles_256_proj_d2_3_cycle1
63/63 - 55s - loss: 1.0863e-06 - mean_squared_error: 1.4873e-06 - val_loss: 1.1625e-07 - val_mean_squared_error: 1.1625e-07 - 55s/epoch - 874ms/step
Epoch 11/100

Epoch 00011: mean_squared_error improved from 0.00000 to 0.00000, saving model to /gpfswork/rech/ynx/uds36vp/repos/wf-SEDs/projected_learning/wf-outputs/chkp/8_bins/chkp_callback_poly_2_cycles_256_proj_d2_3_cycle1
63/63 - 55s - loss: 1.0676e-06 - mean_squared_error: 1.4704e-06 - val_loss: 1.0164e-07 - val_mean_squared_error: 1.0164e-07 - 55s/epoch - 875ms/step
Epoch 12/100

Epoch 00012: mean_squared_error improved from 0.00000 to 0.00000, saving model to /gpfswork/rech/ynx/uds36vp/repos/wf-SEDs/projected_learning/wf-outputs/chkp/8_bins/chkp_callback_poly_2_cycles_256_proj_d2_3_cycle1
63/63 - 55s - loss: 1.0525e-06 - mean_squared_error: 1.4567e-06 - val_loss: 9.0238e-08 - val_mean_squared_error: 9.0238e-08 - 55s/epoch - 876ms/step
Epoch 13/100

Epoch 00013: mean_squared_error improved from 0.00000 to 0.00000, saving model to /gpfswork/rech/ynx/uds36vp/repos/wf-SEDs/projected_learning/wf-outputs/chkp/8_bins/chkp_callback_poly_2_cycles_256_proj_d2_3_cycle1
63/63 - 55s - loss: 1.0398e-06 - mean_squared_error: 1.4458e-06 - val_loss: 7.8286e-08 - val_mean_squared_error: 7.8286e-08 - 55s/epoch - 879ms/step
Epoch 14/100

Epoch 00014: mean_squared_error improved from 0.00000 to 0.00000, saving model to /gpfswork/rech/ynx/uds36vp/repos/wf-SEDs/projected_learning/wf-outputs/chkp/8_bins/chkp_callback_poly_2_cycles_256_proj_d2_3_cycle1
63/63 - 55s - loss: 1.0301e-06 - mean_squared_error: 1.4368e-06 - val_loss: 6.9797e-08 - val_mean_squared_error: 6.9797e-08 - 55s/epoch - 876ms/step
Epoch 15/100

Epoch 00015: mean_squared_error improved from 0.00000 to 0.00000, saving model to /gpfswork/rech/ynx/uds36vp/repos/wf-SEDs/projected_learning/wf-outputs/chkp/8_bins/chkp_callback_poly_2_cycles_256_proj_d2_3_cycle1
63/63 - 55s - loss: 1.0205e-06 - mean_squared_error: 1.4288e-06 - val_loss: 6.4102e-08 - val_mean_squared_error: 6.4102e-08 - 55s/epoch - 877ms/step
Epoch 16/100

Epoch 00016: mean_squared_error improved from 0.00000 to 0.00000, saving model to /gpfswork/rech/ynx/uds36vp/repos/wf-SEDs/projected_learning/wf-outputs/chkp/8_bins/chkp_callback_poly_2_cycles_256_proj_d2_3_cycle1
63/63 - 55s - loss: 1.0141e-06 - mean_squared_error: 1.4230e-06 - val_loss: 5.6212e-08 - val_mean_squared_error: 5.6212e-08 - 55s/epoch - 877ms/step
Epoch 17/100

Epoch 00017: mean_squared_error improved from 0.00000 to 0.00000, saving model to /gpfswork/rech/ynx/uds36vp/repos/wf-SEDs/projected_learning/wf-outputs/chkp/8_bins/chkp_callback_poly_2_cycles_256_proj_d2_3_cycle1
63/63 - 55s - loss: 1.0060e-06 - mean_squared_error: 1.4164e-06 - val_loss: 5.0506e-08 - val_mean_squared_error: 5.0506e-08 - 55s/epoch - 877ms/step
Epoch 18/100

Epoch 00018: mean_squared_error improved from 0.00000 to 0.00000, saving model to /gpfswork/rech/ynx/uds36vp/repos/wf-SEDs/projected_learning/wf-outputs/chkp/8_bins/chkp_callback_poly_2_cycles_256_proj_d2_3_cycle1
63/63 - 55s - loss: 1.0004e-06 - mean_squared_error: 1.4114e-06 - val_loss: 4.5333e-08 - val_mean_squared_error: 4.5333e-08 - 55s/epoch - 880ms/step
Epoch 19/100

Epoch 00019: mean_squared_error improved from 0.00000 to 0.00000, saving model to /gpfswork/rech/ynx/uds36vp/repos/wf-SEDs/projected_learning/wf-outputs/chkp/8_bins/chkp_callback_poly_2_cycles_256_proj_d2_3_cycle1
63/63 - 55s - loss: 9.9523e-07 - mean_squared_error: 1.4068e-06 - val_loss: 4.1158e-08 - val_mean_squared_error: 4.1158e-08 - 55s/epoch - 879ms/step
Epoch 20/100

Epoch 00020: mean_squared_error improved from 0.00000 to 0.00000, saving model to /gpfswork/rech/ynx/uds36vp/repos/wf-SEDs/projected_learning/wf-outputs/chkp/8_bins/chkp_callback_poly_2_cycles_256_proj_d2_3_cycle1
63/63 - 55s - loss: 9.9059e-07 - mean_squared_error: 1.4028e-06 - val_loss: 3.7161e-08 - val_mean_squared_error: 3.7161e-08 - 55s/epoch - 878ms/step
Epoch 21/100

Epoch 00021: mean_squared_error improved from 0.00000 to 0.00000, saving model to /gpfswork/rech/ynx/uds36vp/repos/wf-SEDs/projected_learning/wf-outputs/chkp/8_bins/chkp_callback_poly_2_cycles_256_proj_d2_3_cycle1
63/63 - 55s - loss: 9.8700e-07 - mean_squared_error: 1.3995e-06 - val_loss: 3.3070e-08 - val_mean_squared_error: 3.3070e-08 - 55s/epoch - 880ms/step
Epoch 22/100

Epoch 00022: mean_squared_error improved from 0.00000 to 0.00000, saving model to /gpfswork/rech/ynx/uds36vp/repos/wf-SEDs/projected_learning/wf-outputs/chkp/8_bins/chkp_callback_poly_2_cycles_256_proj_d2_3_cycle1
63/63 - 55s - loss: 9.8368e-07 - mean_squared_error: 1.3966e-06 - val_loss: 3.1776e-08 - val_mean_squared_error: 3.1776e-08 - 55s/epoch - 875ms/step
Epoch 23/100

Epoch 00023: mean_squared_error improved from 0.00000 to 0.00000, saving model to /gpfswork/rech/ynx/uds36vp/repos/wf-SEDs/projected_learning/wf-outputs/chkp/8_bins/chkp_callback_poly_2_cycles_256_proj_d2_3_cycle1
63/63 - 55s - loss: 9.8175e-07 - mean_squared_error: 1.3947e-06 - val_loss: 2.7827e-08 - val_mean_squared_error: 2.7827e-08 - 55s/epoch - 876ms/step
Epoch 24/100

Epoch 00024: mean_squared_error improved from 0.00000 to 0.00000, saving model to /gpfswork/rech/ynx/uds36vp/repos/wf-SEDs/projected_learning/wf-outputs/chkp/8_bins/chkp_callback_poly_2_cycles_256_proj_d2_3_cycle1
63/63 - 55s - loss: 9.7840e-07 - mean_squared_error: 1.3918e-06 - val_loss: 2.6631e-08 - val_mean_squared_error: 2.6631e-08 - 55s/epoch - 876ms/step
Epoch 25/100

Epoch 00025: mean_squared_error improved from 0.00000 to 0.00000, saving model to /gpfswork/rech/ynx/uds36vp/repos/wf-SEDs/projected_learning/wf-outputs/chkp/8_bins/chkp_callback_poly_2_cycles_256_proj_d2_3_cycle1
63/63 - 55s - loss: 9.7570e-07 - mean_squared_error: 1.3895e-06 - val_loss: 2.3164e-08 - val_mean_squared_error: 2.3164e-08 - 55s/epoch - 876ms/step
Epoch 26/100

Epoch 00026: mean_squared_error improved from 0.00000 to 0.00000, saving model to /gpfswork/rech/ynx/uds36vp/repos/wf-SEDs/projected_learning/wf-outputs/chkp/8_bins/chkp_callback_poly_2_cycles_256_proj_d2_3_cycle1
63/63 - 55s - loss: 9.7378e-07 - mean_squared_error: 1.3876e-06 - val_loss: 2.1927e-08 - val_mean_squared_error: 2.1927e-08 - 55s/epoch - 876ms/step
Epoch 27/100

Epoch 00027: mean_squared_error improved from 0.00000 to 0.00000, saving model to /gpfswork/rech/ynx/uds36vp/repos/wf-SEDs/projected_learning/wf-outputs/chkp/8_bins/chkp_callback_poly_2_cycles_256_proj_d2_3_cycle1
63/63 - 55s - loss: 9.7202e-07 - mean_squared_error: 1.3861e-06 - val_loss: 2.0112e-08 - val_mean_squared_error: 2.0112e-08 - 55s/epoch - 875ms/step
Epoch 28/100

Epoch 00028: mean_squared_error improved from 0.00000 to 0.00000, saving model to /gpfswork/rech/ynx/uds36vp/repos/wf-SEDs/projected_learning/wf-outputs/chkp/8_bins/chkp_callback_poly_2_cycles_256_proj_d2_3_cycle1
63/63 - 55s - loss: 9.7084e-07 - mean_squared_error: 1.3850e-06 - val_loss: 1.9927e-08 - val_mean_squared_error: 1.9927e-08 - 55s/epoch - 878ms/step
Epoch 29/100

Epoch 00029: mean_squared_error improved from 0.00000 to 0.00000, saving model to /gpfswork/rech/ynx/uds36vp/repos/wf-SEDs/projected_learning/wf-outputs/chkp/8_bins/chkp_callback_poly_2_cycles_256_proj_d2_3_cycle1
63/63 - 55s - loss: 9.6939e-07 - mean_squared_error: 1.3836e-06 - val_loss: 1.8513e-08 - val_mean_squared_error: 1.8513e-08 - 55s/epoch - 877ms/step
Epoch 30/100

Epoch 00030: mean_squared_error improved from 0.00000 to 0.00000, saving model to /gpfswork/rech/ynx/uds36vp/repos/wf-SEDs/projected_learning/wf-outputs/chkp/8_bins/chkp_callback_poly_2_cycles_256_proj_d2_3_cycle1
63/63 - 55s - loss: 9.6897e-07 - mean_squared_error: 1.3832e-06 - val_loss: 1.9649e-08 - val_mean_squared_error: 1.9649e-08 - 55s/epoch - 874ms/step
Epoch 31/100

Epoch 00031: mean_squared_error improved from 0.00000 to 0.00000, saving model to /gpfswork/rech/ynx/uds36vp/repos/wf-SEDs/projected_learning/wf-outputs/chkp/8_bins/chkp_callback_poly_2_cycles_256_proj_d2_3_cycle1
63/63 - 55s - loss: 9.6697e-07 - mean_squared_error: 1.3815e-06 - val_loss: 1.5905e-08 - val_mean_squared_error: 1.5905e-08 - 55s/epoch - 875ms/step
Epoch 32/100

Epoch 00032: mean_squared_error improved from 0.00000 to 0.00000, saving model to /gpfswork/rech/ynx/uds36vp/repos/wf-SEDs/projected_learning/wf-outputs/chkp/8_bins/chkp_callback_poly_2_cycles_256_proj_d2_3_cycle1
63/63 - 55s - loss: 9.6604e-07 - mean_squared_error: 1.3805e-06 - val_loss: 1.4944e-08 - val_mean_squared_error: 1.4944e-08 - 55s/epoch - 875ms/step
Epoch 33/100

Epoch 00033: mean_squared_error improved from 0.00000 to 0.00000, saving model to /gpfswork/rech/ynx/uds36vp/repos/wf-SEDs/projected_learning/wf-outputs/chkp/8_bins/chkp_callback_poly_2_cycles_256_proj_d2_3_cycle1
63/63 - 55s - loss: 9.6566e-07 - mean_squared_error: 1.3802e-06 - val_loss: 1.5138e-08 - val_mean_squared_error: 1.5138e-08 - 55s/epoch - 878ms/step
Epoch 34/100

Epoch 00034: mean_squared_error improved from 0.00000 to 0.00000, saving model to /gpfswork/rech/ynx/uds36vp/repos/wf-SEDs/projected_learning/wf-outputs/chkp/8_bins/chkp_callback_poly_2_cycles_256_proj_d2_3_cycle1
63/63 - 55s - loss: 9.6405e-07 - mean_squared_error: 1.3788e-06 - val_loss: 1.4752e-08 - val_mean_squared_error: 1.4752e-08 - 55s/epoch - 876ms/step
Epoch 35/100

Epoch 00035: mean_squared_error improved from 0.00000 to 0.00000, saving model to /gpfswork/rech/ynx/uds36vp/repos/wf-SEDs/projected_learning/wf-outputs/chkp/8_bins/chkp_callback_poly_2_cycles_256_proj_d2_3_cycle1
63/63 - 55s - loss: 9.6345e-07 - mean_squared_error: 1.3783e-06 - val_loss: 1.3086e-08 - val_mean_squared_error: 1.3086e-08 - 55s/epoch - 875ms/step
Epoch 36/100

Epoch 00036: mean_squared_error improved from 0.00000 to 0.00000, saving model to /gpfswork/rech/ynx/uds36vp/repos/wf-SEDs/projected_learning/wf-outputs/chkp/8_bins/chkp_callback_poly_2_cycles_256_proj_d2_3_cycle1
63/63 - 55s - loss: 9.6269e-07 - mean_squared_error: 1.3777e-06 - val_loss: 1.2792e-08 - val_mean_squared_error: 1.2792e-08 - 55s/epoch - 875ms/step
Epoch 37/100

Epoch 00037: mean_squared_error improved from 0.00000 to 0.00000, saving model to /gpfswork/rech/ynx/uds36vp/repos/wf-SEDs/projected_learning/wf-outputs/chkp/8_bins/chkp_callback_poly_2_cycles_256_proj_d2_3_cycle1
63/63 - 55s - loss: 9.6243e-07 - mean_squared_error: 1.3773e-06 - val_loss: 1.2416e-08 - val_mean_squared_error: 1.2416e-08 - 55s/epoch - 875ms/step
Epoch 38/100

Epoch 00038: mean_squared_error improved from 0.00000 to 0.00000, saving model to /gpfswork/rech/ynx/uds36vp/repos/wf-SEDs/projected_learning/wf-outputs/chkp/8_bins/chkp_callback_poly_2_cycles_256_proj_d2_3_cycle1
63/63 - 55s - loss: 9.6205e-07 - mean_squared_error: 1.3771e-06 - val_loss: 1.2717e-08 - val_mean_squared_error: 1.2717e-08 - 55s/epoch - 875ms/step
Epoch 39/100

Epoch 00039: mean_squared_error improved from 0.00000 to 0.00000, saving model to /gpfswork/rech/ynx/uds36vp/repos/wf-SEDs/projected_learning/wf-outputs/chkp/8_bins/chkp_callback_poly_2_cycles_256_proj_d2_3_cycle1
63/63 - 55s - loss: 9.6178e-07 - mean_squared_error: 1.3767e-06 - val_loss: 1.3862e-08 - val_mean_squared_error: 1.3862e-08 - 55s/epoch - 877ms/step
Epoch 40/100

Epoch 00040: mean_squared_error improved from 0.00000 to 0.00000, saving model to /gpfswork/rech/ynx/uds36vp/repos/wf-SEDs/projected_learning/wf-outputs/chkp/8_bins/chkp_callback_poly_2_cycles_256_proj_d2_3_cycle1
63/63 - 55s - loss: 9.6154e-07 - mean_squared_error: 1.3765e-06 - val_loss: 1.1323e-08 - val_mean_squared_error: 1.1323e-08 - 55s/epoch - 878ms/step
Epoch 41/100

Epoch 00041: mean_squared_error improved from 0.00000 to 0.00000, saving model to /gpfswork/rech/ynx/uds36vp/repos/wf-SEDs/projected_learning/wf-outputs/chkp/8_bins/chkp_callback_poly_2_cycles_256_proj_d2_3_cycle1
63/63 - 55s - loss: 9.6095e-07 - mean_squared_error: 1.3761e-06 - val_loss: 1.0979e-08 - val_mean_squared_error: 1.0979e-08 - 55s/epoch - 877ms/step
Epoch 42/100

Epoch 00042: mean_squared_error improved from 0.00000 to 0.00000, saving model to /gpfswork/rech/ynx/uds36vp/repos/wf-SEDs/projected_learning/wf-outputs/chkp/8_bins/chkp_callback_poly_2_cycles_256_proj_d2_3_cycle1
63/63 - 55s - loss: 9.6031e-07 - mean_squared_error: 1.3753e-06 - val_loss: 1.1108e-08 - val_mean_squared_error: 1.1108e-08 - 55s/epoch - 879ms/step
Epoch 43/100

Epoch 00043: mean_squared_error did not improve from 0.00000
63/63 - 55s - loss: 9.6048e-07 - mean_squared_error: 1.3755e-06 - val_loss: 1.1547e-08 - val_mean_squared_error: 1.1547e-08 - 55s/epoch - 878ms/step
Epoch 44/100

Epoch 00044: mean_squared_error did not improve from 0.00000
63/63 - 55s - loss: 9.6076e-07 - mean_squared_error: 1.3756e-06 - val_loss: 1.0247e-08 - val_mean_squared_error: 1.0247e-08 - 55s/epoch - 877ms/step
Epoch 45/100

Epoch 00045: mean_squared_error improved from 0.00000 to 0.00000, saving model to /gpfswork/rech/ynx/uds36vp/repos/wf-SEDs/projected_learning/wf-outputs/chkp/8_bins/chkp_callback_poly_2_cycles_256_proj_d2_3_cycle1
63/63 - 53s - loss: 9.5949e-07 - mean_squared_error: 1.3746e-06 - val_loss: 1.0111e-08 - val_mean_squared_error: 1.0111e-08 - 53s/epoch - 849ms/step
Epoch 46/100

Epoch 00046: mean_squared_error improved from 0.00000 to 0.00000, saving model to /gpfswork/rech/ynx/uds36vp/repos/wf-SEDs/projected_learning/wf-outputs/chkp/8_bins/chkp_callback_poly_2_cycles_256_proj_d2_3_cycle1
63/63 - 52s - loss: 9.5933e-07 - mean_squared_error: 1.3745e-06 - val_loss: 9.4874e-09 - val_mean_squared_error: 9.4874e-09 - 52s/epoch - 825ms/step
Epoch 47/100

Epoch 00047: mean_squared_error did not improve from 0.00000
63/63 - 53s - loss: 9.6041e-07 - mean_squared_error: 1.3752e-06 - val_loss: 1.0266e-08 - val_mean_squared_error: 1.0266e-08 - 53s/epoch - 835ms/step
Epoch 48/100

Epoch 00048: mean_squared_error did not improve from 0.00000
63/63 - 52s - loss: 9.6317e-07 - mean_squared_error: 1.3775e-06 - val_loss: 1.0505e-08 - val_mean_squared_error: 1.0505e-08 - 52s/epoch - 823ms/step
Epoch 49/100

Epoch 00049: mean_squared_error improved from 0.00000 to 0.00000, saving model to /gpfswork/rech/ynx/uds36vp/repos/wf-SEDs/projected_learning/wf-outputs/chkp/8_bins/chkp_callback_poly_2_cycles_256_proj_d2_3_cycle1
63/63 - 52s - loss: 9.5833e-07 - mean_squared_error: 1.3736e-06 - val_loss: 8.0777e-09 - val_mean_squared_error: 8.0777e-09 - 52s/epoch - 823ms/step
Epoch 50/100

Epoch 00050: mean_squared_error did not improve from 0.00000
63/63 - 52s - loss: 9.5859e-07 - mean_squared_error: 1.3738e-06 - val_loss: 1.0576e-08 - val_mean_squared_error: 1.0576e-08 - 52s/epoch - 823ms/step
Epoch 51/100

Epoch 00051: mean_squared_error did not improve from 0.00000
63/63 - 52s - loss: 9.6339e-07 - mean_squared_error: 1.3774e-06 - val_loss: 9.5481e-09 - val_mean_squared_error: 9.5481e-09 - 52s/epoch - 822ms/step
Epoch 52/100

Epoch 00052: mean_squared_error improved from 0.00000 to 0.00000, saving model to /gpfswork/rech/ynx/uds36vp/repos/wf-SEDs/projected_learning/wf-outputs/chkp/8_bins/chkp_callback_poly_2_cycles_256_proj_d2_3_cycle1
63/63 - 52s - loss: 9.5763e-07 - mean_squared_error: 1.3730e-06 - val_loss: 8.2206e-09 - val_mean_squared_error: 8.2206e-09 - 52s/epoch - 829ms/step
Epoch 53/100

Epoch 00053: mean_squared_error did not improve from 0.00000
63/63 - 52s - loss: 9.5844e-07 - mean_squared_error: 1.3736e-06 - val_loss: 1.0979e-08 - val_mean_squared_error: 1.0979e-08 - 52s/epoch - 825ms/step
Epoch 54/100

Epoch 00054: mean_squared_error did not improve from 0.00000
63/63 - 52s - loss: 9.5862e-07 - mean_squared_error: 1.3736e-06 - val_loss: 8.3199e-09 - val_mean_squared_error: 8.3199e-09 - 52s/epoch - 822ms/step
Epoch 55/100

Epoch 00055: mean_squared_error improved from 0.00000 to 0.00000, saving model to /gpfswork/rech/ynx/uds36vp/repos/wf-SEDs/projected_learning/wf-outputs/chkp/8_bins/chkp_callback_poly_2_cycles_256_proj_d2_3_cycle1
63/63 - 52s - loss: 9.5703e-07 - mean_squared_error: 1.3725e-06 - val_loss: 8.7681e-09 - val_mean_squared_error: 8.7681e-09 - 52s/epoch - 823ms/step
Epoch 56/100

Epoch 00056: mean_squared_error did not improve from 0.00000
63/63 - 52s - loss: 9.5751e-07 - mean_squared_error: 1.3728e-06 - val_loss: 1.2549e-08 - val_mean_squared_error: 1.2549e-08 - 52s/epoch - 822ms/step
Epoch 57/100

Epoch 00057: mean_squared_error did not improve from 0.00000
63/63 - 52s - loss: 9.5704e-07 - mean_squared_error: 1.3726e-06 - val_loss: 7.9411e-09 - val_mean_squared_error: 7.9411e-09 - 52s/epoch - 823ms/step
Epoch 58/100

Epoch 00058: mean_squared_error improved from 0.00000 to 0.00000, saving model to /gpfswork/rech/ynx/uds36vp/repos/wf-SEDs/projected_learning/wf-outputs/chkp/8_bins/chkp_callback_poly_2_cycles_256_proj_d2_3_cycle1
63/63 - 52s - loss: 9.5706e-07 - mean_squared_error: 1.3725e-06 - val_loss: 9.6731e-09 - val_mean_squared_error: 9.6731e-09 - 52s/epoch - 826ms/step
Epoch 59/100

Epoch 00059: mean_squared_error improved from 0.00000 to 0.00000, saving model to /gpfswork/rech/ynx/uds36vp/repos/wf-SEDs/projected_learning/wf-outputs/chkp/8_bins/chkp_callback_poly_2_cycles_256_proj_d2_3_cycle1
63/63 - 52s - loss: 9.5670e-07 - mean_squared_error: 1.3722e-06 - val_loss: 7.0472e-09 - val_mean_squared_error: 7.0472e-09 - 52s/epoch - 823ms/step
Epoch 60/100

Epoch 00060: mean_squared_error improved from 0.00000 to 0.00000, saving model to /gpfswork/rech/ynx/uds36vp/repos/wf-SEDs/projected_learning/wf-outputs/chkp/8_bins/chkp_callback_poly_2_cycles_256_proj_d2_3_cycle1
63/63 - 52s - loss: 9.5633e-07 - mean_squared_error: 1.3718e-06 - val_loss: 8.0738e-09 - val_mean_squared_error: 8.0738e-09 - 52s/epoch - 823ms/step
Epoch 61/100

Epoch 00061: mean_squared_error improved from 0.00000 to 0.00000, saving model to /gpfswork/rech/ynx/uds36vp/repos/wf-SEDs/projected_learning/wf-outputs/chkp/8_bins/chkp_callback_poly_2_cycles_256_proj_d2_3_cycle1
63/63 - 52s - loss: 9.5580e-07 - mean_squared_error: 1.3713e-06 - val_loss: 7.9705e-09 - val_mean_squared_error: 7.9705e-09 - 52s/epoch - 823ms/step
Epoch 62/100

Epoch 00062: mean_squared_error did not improve from 0.00000
63/63 - 52s - loss: 9.5708e-07 - mean_squared_error: 1.3724e-06 - val_loss: 8.4480e-09 - val_mean_squared_error: 8.4480e-09 - 52s/epoch - 824ms/step
Epoch 63/100

Epoch 00063: mean_squared_error did not improve from 0.00000
63/63 - 52s - loss: 9.6150e-07 - mean_squared_error: 1.3749e-06 - val_loss: 8.0204e-09 - val_mean_squared_error: 8.0204e-09 - 52s/epoch - 822ms/step
Epoch 64/100

Epoch 00064: mean_squared_error did not improve from 0.00000
63/63 - 52s - loss: 9.5712e-07 - mean_squared_error: 1.3725e-06 - val_loss: 7.7167e-09 - val_mean_squared_error: 7.7167e-09 - 52s/epoch - 822ms/step
Epoch 65/100

Epoch 00065: mean_squared_error did not improve from 0.00000
63/63 - 52s - loss: 9.5808e-07 - mean_squared_error: 1.3732e-06 - val_loss: 6.6952e-09 - val_mean_squared_error: 6.6952e-09 - 52s/epoch - 821ms/step
Epoch 66/100

Epoch 00066: mean_squared_error improved from 0.00000 to 0.00000, saving model to /gpfswork/rech/ynx/uds36vp/repos/wf-SEDs/projected_learning/wf-outputs/chkp/8_bins/chkp_callback_poly_2_cycles_256_proj_d2_3_cycle1
63/63 - 52s - loss: 9.5518e-07 - mean_squared_error: 1.3710e-06 - val_loss: 6.7749e-09 - val_mean_squared_error: 6.7749e-09 - 52s/epoch - 821ms/step
Epoch 67/100

Epoch 00067: mean_squared_error improved from 0.00000 to 0.00000, saving model to /gpfswork/rech/ynx/uds36vp/repos/wf-SEDs/projected_learning/wf-outputs/chkp/8_bins/chkp_callback_poly_2_cycles_256_proj_d2_3_cycle1
63/63 - 52s - loss: 9.5478e-07 - mean_squared_error: 1.3705e-06 - val_loss: 6.4117e-09 - val_mean_squared_error: 6.4117e-09 - 52s/epoch - 821ms/step
Epoch 68/100

Epoch 00068: mean_squared_error improved from 0.00000 to 0.00000, saving model to /gpfswork/rech/ynx/uds36vp/repos/wf-SEDs/projected_learning/wf-outputs/chkp/8_bins/chkp_callback_poly_2_cycles_256_proj_d2_3_cycle1
63/63 - 52s - loss: 9.5465e-07 - mean_squared_error: 1.3705e-06 - val_loss: 6.7477e-09 - val_mean_squared_error: 6.7477e-09 - 52s/epoch - 824ms/step
Epoch 69/100

Epoch 00069: mean_squared_error improved from 0.00000 to 0.00000, saving model to /gpfswork/rech/ynx/uds36vp/repos/wf-SEDs/projected_learning/wf-outputs/chkp/8_bins/chkp_callback_poly_2_cycles_256_proj_d2_3_cycle1
63/63 - 52s - loss: 9.5450e-07 - mean_squared_error: 1.3704e-06 - val_loss: 6.5945e-09 - val_mean_squared_error: 6.5945e-09 - 52s/epoch - 821ms/step
Epoch 70/100

Epoch 00070: mean_squared_error did not improve from 0.00000
63/63 - 52s - loss: 9.5626e-07 - mean_squared_error: 1.3716e-06 - val_loss: 7.3630e-09 - val_mean_squared_error: 7.3630e-09 - 52s/epoch - 821ms/step
Epoch 71/100

Epoch 00071: mean_squared_error did not improve from 0.00000
63/63 - 52s - loss: 9.5610e-07 - mean_squared_error: 1.3716e-06 - val_loss: 7.8912e-09 - val_mean_squared_error: 7.8912e-09 - 52s/epoch - 821ms/step
Epoch 72/100

Epoch 00072: mean_squared_error did not improve from 0.00000
63/63 - 52s - loss: 9.5541e-07 - mean_squared_error: 1.3710e-06 - val_loss: 6.1569e-09 - val_mean_squared_error: 6.1569e-09 - 52s/epoch - 820ms/step
Epoch 73/100

Epoch 00073: mean_squared_error did not improve from 0.00000
63/63 - 52s - loss: 9.5493e-07 - mean_squared_error: 1.3706e-06 - val_loss: 6.2955e-09 - val_mean_squared_error: 6.2955e-09 - 52s/epoch - 820ms/step
Epoch 74/100

Epoch 00074: mean_squared_error did not improve from 0.00000
63/63 - 52s - loss: 9.5598e-07 - mean_squared_error: 1.3713e-06 - val_loss: 9.2851e-09 - val_mean_squared_error: 9.2851e-09 - 52s/epoch - 820ms/step
Epoch 75/100

Epoch 00075: mean_squared_error did not improve from 0.00000
63/63 - 52s - loss: 9.5513e-07 - mean_squared_error: 1.3709e-06 - val_loss: 6.3433e-09 - val_mean_squared_error: 6.3433e-09 - 52s/epoch - 820ms/step
Epoch 76/100

Epoch 00076: mean_squared_error improved from 0.00000 to 0.00000, saving model to /gpfswork/rech/ynx/uds36vp/repos/wf-SEDs/projected_learning/wf-outputs/chkp/8_bins/chkp_callback_poly_2_cycles_256_proj_d2_3_cycle1
63/63 - 52s - loss: 9.5406e-07 - mean_squared_error: 1.3701e-06 - val_loss: 5.6328e-09 - val_mean_squared_error: 5.6328e-09 - 52s/epoch - 821ms/step
Epoch 77/100

Epoch 00077: mean_squared_error did not improve from 0.00000
63/63 - 52s - loss: 9.5691e-07 - mean_squared_error: 1.3722e-06 - val_loss: 8.4879e-09 - val_mean_squared_error: 8.4879e-09 - 52s/epoch - 820ms/step
Epoch 78/100

Epoch 00078: mean_squared_error did not improve from 0.00000
63/63 - 52s - loss: 9.5522e-07 - mean_squared_error: 1.3708e-06 - val_loss: 6.5423e-09 - val_mean_squared_error: 6.5423e-09 - 52s/epoch - 821ms/step
Epoch 79/100

Epoch 00079: mean_squared_error did not improve from 0.00000
63/63 - 52s - loss: 9.5435e-07 - mean_squared_error: 1.3702e-06 - val_loss: 6.2707e-09 - val_mean_squared_error: 6.2707e-09 - 52s/epoch - 821ms/step
Epoch 80/100

Epoch 00080: mean_squared_error improved from 0.00000 to 0.00000, saving model to /gpfswork/rech/ynx/uds36vp/repos/wf-SEDs/projected_learning/wf-outputs/chkp/8_bins/chkp_callback_poly_2_cycles_256_proj_d2_3_cycle1
63/63 - 52s - loss: 9.5371e-07 - mean_squared_error: 1.3697e-06 - val_loss: 6.0741e-09 - val_mean_squared_error: 6.0741e-09 - 52s/epoch - 821ms/step
Epoch 81/100

Epoch 00081: mean_squared_error did not improve from 0.00000
63/63 - 52s - loss: 9.5422e-07 - mean_squared_error: 1.3701e-06 - val_loss: 5.6660e-09 - val_mean_squared_error: 5.6660e-09 - 52s/epoch - 820ms/step
Epoch 82/100

Epoch 00082: mean_squared_error did not improve from 0.00000
63/63 - 51s - loss: 9.5399e-07 - mean_squared_error: 1.3699e-06 - val_loss: 7.9949e-09 - val_mean_squared_error: 7.9949e-09 - 51s/epoch - 817ms/step
Epoch 83/100

Epoch 00083: mean_squared_error did not improve from 0.00000
63/63 - 51s - loss: 9.5437e-07 - mean_squared_error: 1.3702e-06 - val_loss: 6.3074e-09 - val_mean_squared_error: 6.3074e-09 - 51s/epoch - 816ms/step
Epoch 84/100

Epoch 00084: mean_squared_error did not improve from 0.00000
63/63 - 51s - loss: 9.5371e-07 - mean_squared_error: 1.3697e-06 - val_loss: 5.7066e-09 - val_mean_squared_error: 5.7066e-09 - 51s/epoch - 815ms/step
Epoch 85/100

Epoch 00085: mean_squared_error improved from 0.00000 to 0.00000, saving model to /gpfswork/rech/ynx/uds36vp/repos/wf-SEDs/projected_learning/wf-outputs/chkp/8_bins/chkp_callback_poly_2_cycles_256_proj_d2_3_cycle1
63/63 - 52s - loss: 9.5341e-07 - mean_squared_error: 1.3694e-06 - val_loss: 6.3411e-09 - val_mean_squared_error: 6.3411e-09 - 52s/epoch - 819ms/step
Epoch 86/100

Epoch 00086: mean_squared_error did not improve from 0.00000
63/63 - 51s - loss: 9.5344e-07 - mean_squared_error: 1.3694e-06 - val_loss: 5.5179e-09 - val_mean_squared_error: 5.5179e-09 - 51s/epoch - 815ms/step
Epoch 87/100

Epoch 00087: mean_squared_error improved from 0.00000 to 0.00000, saving model to /gpfswork/rech/ynx/uds36vp/repos/wf-SEDs/projected_learning/wf-outputs/chkp/8_bins/chkp_callback_poly_2_cycles_256_proj_d2_3_cycle1
63/63 - 51s - loss: 9.5316e-07 - mean_squared_error: 1.3692e-06 - val_loss: 5.7001e-09 - val_mean_squared_error: 5.7001e-09 - 51s/epoch - 813ms/step
Epoch 88/100

Epoch 00088: mean_squared_error did not improve from 0.00000
63/63 - 51s - loss: 9.5391e-07 - mean_squared_error: 1.3697e-06 - val_loss: 5.6644e-09 - val_mean_squared_error: 5.6644e-09 - 51s/epoch - 811ms/step
Epoch 89/100

Epoch 00089: mean_squared_error did not improve from 0.00000
63/63 - 51s - loss: 9.5400e-07 - mean_squared_error: 1.3698e-06 - val_loss: 6.9135e-09 - val_mean_squared_error: 6.9135e-09 - 51s/epoch - 812ms/step
Epoch 90/100

Epoch 00090: mean_squared_error did not improve from 0.00000
63/63 - 51s - loss: 9.5361e-07 - mean_squared_error: 1.3695e-06 - val_loss: 5.6867e-09 - val_mean_squared_error: 5.6867e-09 - 51s/epoch - 812ms/step
Epoch 91/100

Epoch 00091: mean_squared_error did not improve from 0.00000
63/63 - 51s - loss: 9.5323e-07 - mean_squared_error: 1.3692e-06 - val_loss: 5.6676e-09 - val_mean_squared_error: 5.6676e-09 - 51s/epoch - 813ms/step
Epoch 92/100

Epoch 00092: mean_squared_error did not improve from 0.00000
63/63 - 51s - loss: 9.5359e-07 - mean_squared_error: 1.3695e-06 - val_loss: 6.3671e-09 - val_mean_squared_error: 6.3671e-09 - 51s/epoch - 811ms/step
Epoch 93/100

Epoch 00093: mean_squared_error improved from 0.00000 to 0.00000, saving model to /gpfswork/rech/ynx/uds36vp/repos/wf-SEDs/projected_learning/wf-outputs/chkp/8_bins/chkp_callback_poly_2_cycles_256_proj_d2_3_cycle1
63/63 - 52s - loss: 9.5311e-07 - mean_squared_error: 1.3691e-06 - val_loss: 5.4002e-09 - val_mean_squared_error: 5.4002e-09 - 52s/epoch - 819ms/step
Epoch 94/100

Epoch 00094: mean_squared_error did not improve from 0.00000
63/63 - 51s - loss: 9.5358e-07 - mean_squared_error: 1.3695e-06 - val_loss: 5.7600e-09 - val_mean_squared_error: 5.7600e-09 - 51s/epoch - 813ms/step
Epoch 95/100

Epoch 00095: mean_squared_error did not improve from 0.00000
63/63 - 51s - loss: 9.5362e-07 - mean_squared_error: 1.3695e-06 - val_loss: 6.7704e-09 - val_mean_squared_error: 6.7704e-09 - 51s/epoch - 810ms/step
Epoch 96/100

Epoch 00096: mean_squared_error did not improve from 0.00000
63/63 - 51s - loss: 9.5451e-07 - mean_squared_error: 1.3702e-06 - val_loss: 6.0922e-09 - val_mean_squared_error: 6.0922e-09 - 51s/epoch - 814ms/step
Epoch 97/100

Epoch 00097: mean_squared_error improved from 0.00000 to 0.00000, saving model to /gpfswork/rech/ynx/uds36vp/repos/wf-SEDs/projected_learning/wf-outputs/chkp/8_bins/chkp_callback_poly_2_cycles_256_proj_d2_3_cycle1
63/63 - 51s - loss: 9.5315e-07 - mean_squared_error: 1.3691e-06 - val_loss: 5.5508e-09 - val_mean_squared_error: 5.5508e-09 - 51s/epoch - 813ms/step
Epoch 98/100

Epoch 00098: mean_squared_error did not improve from 0.00000
63/63 - 51s - loss: 9.5403e-07 - mean_squared_error: 1.3695e-06 - val_loss: 6.9804e-09 - val_mean_squared_error: 6.9804e-09 - 51s/epoch - 812ms/step
Epoch 99/100

Epoch 00099: mean_squared_error did not improve from 0.00000
63/63 - 51s - loss: 9.5341e-07 - mean_squared_error: 1.3694e-06 - val_loss: 5.2051e-09 - val_mean_squared_error: 5.2051e-09 - 51s/epoch - 811ms/step
Epoch 100/100

Epoch 00100: mean_squared_error did not improve from 0.00000
63/63 - 51s - loss: 9.5363e-07 - mean_squared_error: 1.3695e-06 - val_loss: 6.6434e-09 - val_mean_squared_error: 6.6434e-09 - 51s/epoch - 811ms/step
Cycle1 elapsed time: 6240.114537
Project non-param DD features onto param model: done!
Starting cycle 2..
Starting parametric update..
Epoch 1/15

Epoch 00001: mean_squared_error improved from inf to 0.00000, saving model to /gpfswork/rech/ynx/uds36vp/repos/wf-SEDs/projected_learning/wf-outputs/chkp/8_bins/chkp_callback_poly_2_cycles_256_proj_d2_3_cycle2
63/63 - 54s - loss: 9.5335e-07 - mean_squared_error: 1.3694e-06 - val_loss: 6.3936e-09 - val_mean_squared_error: 6.3936e-09 - 54s/epoch - 854ms/step
Epoch 2/15

Epoch 00002: mean_squared_error did not improve from 0.00000
63/63 - 51s - loss: 9.5414e-07 - mean_squared_error: 1.3700e-06 - val_loss: 8.3914e-09 - val_mean_squared_error: 8.3914e-09 - 51s/epoch - 811ms/step
Epoch 3/15

Epoch 00003: mean_squared_error did not improve from 0.00000
63/63 - 51s - loss: 9.5700e-07 - mean_squared_error: 1.3724e-06 - val_loss: 1.1053e-08 - val_mean_squared_error: 1.1053e-08 - 51s/epoch - 811ms/step
Epoch 4/15

Epoch 00004: mean_squared_error did not improve from 0.00000
63/63 - 51s - loss: 9.5757e-07 - mean_squared_error: 1.3730e-06 - val_loss: 7.5094e-09 - val_mean_squared_error: 7.5094e-09 - 51s/epoch - 809ms/step
Epoch 5/15

Epoch 00005: mean_squared_error did not improve from 0.00000
63/63 - 51s - loss: 9.5857e-07 - mean_squared_error: 1.3739e-06 - val_loss: 9.6007e-09 - val_mean_squared_error: 9.6007e-09 - 51s/epoch - 809ms/step
Epoch 6/15

Epoch 00006: mean_squared_error did not improve from 0.00000
63/63 - 51s - loss: 9.6951e-07 - mean_squared_error: 1.3828e-06 - val_loss: 8.4947e-08 - val_mean_squared_error: 8.4947e-08 - 51s/epoch - 812ms/step
Epoch 7/15

Epoch 00007: mean_squared_error did not improve from 0.00000
63/63 - 51s - loss: 9.8545e-07 - mean_squared_error: 1.3951e-06 - val_loss: 1.0742e-08 - val_mean_squared_error: 1.0742e-08 - 51s/epoch - 812ms/step
Epoch 8/15

Epoch 00008: mean_squared_error did not improve from 0.00000
63/63 - 51s - loss: 9.5505e-07 - mean_squared_error: 1.3709e-06 - val_loss: 6.4094e-09 - val_mean_squared_error: 6.4094e-09 - 51s/epoch - 809ms/step
Epoch 9/15

Epoch 00009: mean_squared_error did not improve from 0.00000
63/63 - 51s - loss: 9.5535e-07 - mean_squared_error: 1.3710e-06 - val_loss: 6.9965e-09 - val_mean_squared_error: 6.9965e-09 - 51s/epoch - 808ms/step
Epoch 10/15

Epoch 00010: mean_squared_error did not improve from 0.00000
63/63 - 51s - loss: 9.6033e-07 - mean_squared_error: 1.3754e-06 - val_loss: 1.3345e-08 - val_mean_squared_error: 1.3345e-08 - 51s/epoch - 808ms/step
Epoch 11/15

Epoch 00011: mean_squared_error did not improve from 0.00000
63/63 - 51s - loss: 9.6616e-07 - mean_squared_error: 1.3804e-06 - val_loss: 2.4325e-08 - val_mean_squared_error: 2.4325e-08 - 51s/epoch - 810ms/step
Epoch 12/15

Epoch 00012: mean_squared_error did not improve from 0.00000
63/63 - 51s - loss: 9.7018e-07 - mean_squared_error: 1.3840e-06 - val_loss: 1.2886e-08 - val_mean_squared_error: 1.2886e-08 - 51s/epoch - 811ms/step
Epoch 13/15

Epoch 00013: mean_squared_error did not improve from 0.00000
63/63 - 51s - loss: 9.5930e-07 - mean_squared_error: 1.3746e-06 - val_loss: 1.6839e-08 - val_mean_squared_error: 1.6839e-08 - 51s/epoch - 810ms/step
Epoch 14/15

Epoch 00014: mean_squared_error did not improve from 0.00000
63/63 - 51s - loss: 9.6188e-07 - mean_squared_error: 1.3767e-06 - val_loss: 1.4695e-08 - val_mean_squared_error: 1.4695e-08 - 51s/epoch - 810ms/step
Epoch 15/15

Epoch 00015: mean_squared_error did not improve from 0.00000
63/63 - 51s - loss: 9.6489e-07 - mean_squared_error: 1.3797e-06 - val_loss: 1.6468e-08 - val_mean_squared_error: 1.6468e-08 - 51s/epoch - 808ms/step
Starting non-parametric update..
Epoch 1/50

Epoch 00001: mean_squared_error did not improve from 0.00000
63/63 - 54s - loss: 9.5597e-07 - mean_squared_error: 1.3716e-06 - val_loss: 4.7661e-09 - val_mean_squared_error: 4.7661e-09 - 54s/epoch - 859ms/step
Epoch 2/50

Epoch 00002: mean_squared_error improved from 0.00000 to 0.00000, saving model to /gpfswork/rech/ynx/uds36vp/repos/wf-SEDs/projected_learning/wf-outputs/chkp/8_bins/chkp_callback_poly_2_cycles_256_proj_d2_3_cycle2
63/63 - 52s - loss: 9.5147e-07 - mean_squared_error: 1.3678e-06 - val_loss: 4.4301e-09 - val_mean_squared_error: 4.4301e-09 - 52s/epoch - 818ms/step
Epoch 3/50

Epoch 00003: mean_squared_error improved from 0.00000 to 0.00000, saving model to /gpfswork/rech/ynx/uds36vp/repos/wf-SEDs/projected_learning/wf-outputs/chkp/8_bins/chkp_callback_poly_2_cycles_256_proj_d2_3_cycle2
63/63 - 51s - loss: 9.5124e-07 - mean_squared_error: 1.3676e-06 - val_loss: 4.3378e-09 - val_mean_squared_error: 4.3378e-09 - 51s/epoch - 816ms/step
Epoch 4/50

Epoch 00004: mean_squared_error improved from 0.00000 to 0.00000, saving model to /gpfswork/rech/ynx/uds36vp/repos/wf-SEDs/projected_learning/wf-outputs/chkp/8_bins/chkp_callback_poly_2_cycles_256_proj_d2_3_cycle2
63/63 - 51s - loss: 9.5119e-07 - mean_squared_error: 1.3676e-06 - val_loss: 4.3452e-09 - val_mean_squared_error: 4.3452e-09 - 51s/epoch - 815ms/step
Epoch 5/50

Epoch 00005: mean_squared_error improved from 0.00000 to 0.00000, saving model to /gpfswork/rech/ynx/uds36vp/repos/wf-SEDs/projected_learning/wf-outputs/chkp/8_bins/chkp_callback_poly_2_cycles_256_proj_d2_3_cycle2
63/63 - 51s - loss: 9.5121e-07 - mean_squared_error: 1.3676e-06 - val_loss: 4.2344e-09 - val_mean_squared_error: 4.2344e-09 - 51s/epoch - 814ms/step
Epoch 6/50

Epoch 00006: mean_squared_error improved from 0.00000 to 0.00000, saving model to /gpfswork/rech/ynx/uds36vp/repos/wf-SEDs/projected_learning/wf-outputs/chkp/8_bins/chkp_callback_poly_2_cycles_256_proj_d2_3_cycle2
63/63 - 51s - loss: 9.5116e-07 - mean_squared_error: 1.3675e-06 - val_loss: 4.3409e-09 - val_mean_squared_error: 4.3409e-09 - 51s/epoch - 815ms/step
Epoch 7/50

Epoch 00007: mean_squared_error did not improve from 0.00000
63/63 - 51s - loss: 9.5120e-07 - mean_squared_error: 1.3676e-06 - val_loss: 4.3460e-09 - val_mean_squared_error: 4.3460e-09 - 51s/epoch - 815ms/step
Epoch 8/50

Epoch 00008: mean_squared_error did not improve from 0.00000
63/63 - 52s - loss: 9.5122e-07 - mean_squared_error: 1.3676e-06 - val_loss: 4.3231e-09 - val_mean_squared_error: 4.3231e-09 - 52s/epoch - 819ms/step
Epoch 9/50

Epoch 00009: mean_squared_error did not improve from 0.00000
63/63 - 51s - loss: 9.5125e-07 - mean_squared_error: 1.3676e-06 - val_loss: 4.3112e-09 - val_mean_squared_error: 4.3112e-09 - 51s/epoch - 816ms/step
Epoch 10/50

Epoch 00010: mean_squared_error did not improve from 0.00000
63/63 - 51s - loss: 9.5118e-07 - mean_squared_error: 1.3676e-06 - val_loss: 4.2628e-09 - val_mean_squared_error: 4.2628e-09 - 51s/epoch - 815ms/step
Epoch 11/50

Epoch 00011: mean_squared_error did not improve from 0.00000
63/63 - 51s - loss: 9.5119e-07 - mean_squared_error: 1.3676e-06 - val_loss: 4.2754e-09 - val_mean_squared_error: 4.2754e-09 - 51s/epoch - 814ms/step
Epoch 12/50

Epoch 00012: mean_squared_error did not improve from 0.00000
63/63 - 51s - loss: 9.5128e-07 - mean_squared_error: 1.3676e-06 - val_loss: 4.2422e-09 - val_mean_squared_error: 4.2422e-09 - 51s/epoch - 815ms/step
Epoch 13/50

Epoch 00013: mean_squared_error did not improve from 0.00000
63/63 - 51s - loss: 9.5125e-07 - mean_squared_error: 1.3676e-06 - val_loss: 4.2374e-09 - val_mean_squared_error: 4.2374e-09 - 51s/epoch - 815ms/step
Epoch 14/50

Epoch 00014: mean_squared_error did not improve from 0.00000
63/63 - 52s - loss: 9.5122e-07 - mean_squared_error: 1.3676e-06 - val_loss: 4.3432e-09 - val_mean_squared_error: 4.3432e-09 - 52s/epoch - 818ms/step
Epoch 15/50

Epoch 00015: mean_squared_error did not improve from 0.00000
63/63 - 51s - loss: 9.5127e-07 - mean_squared_error: 1.3676e-06 - val_loss: 4.3765e-09 - val_mean_squared_error: 4.3765e-09 - 51s/epoch - 814ms/step
Epoch 16/50

Epoch 00016: mean_squared_error did not improve from 0.00000
63/63 - 51s - loss: 9.5123e-07 - mean_squared_error: 1.3676e-06 - val_loss: 4.3163e-09 - val_mean_squared_error: 4.3163e-09 - 51s/epoch - 815ms/step
Epoch 17/50

Epoch 00017: mean_squared_error did not improve from 0.00000
63/63 - 51s - loss: 9.5132e-07 - mean_squared_error: 1.3676e-06 - val_loss: 4.3223e-09 - val_mean_squared_error: 4.3223e-09 - 51s/epoch - 815ms/step
Epoch 18/50

Epoch 00018: mean_squared_error did not improve from 0.00000
63/63 - 51s - loss: 9.5125e-07 - mean_squared_error: 1.3676e-06 - val_loss: 4.3205e-09 - val_mean_squared_error: 4.3205e-09 - 51s/epoch - 814ms/step
Epoch 19/50

Epoch 00019: mean_squared_error did not improve from 0.00000
63/63 - 51s - loss: 9.5124e-07 - mean_squared_error: 1.3676e-06 - val_loss: 4.3656e-09 - val_mean_squared_error: 4.3656e-09 - 51s/epoch - 815ms/step
Epoch 20/50

Epoch 00020: mean_squared_error improved from 0.00000 to 0.00000, saving model to /gpfswork/rech/ynx/uds36vp/repos/wf-SEDs/projected_learning/wf-outputs/chkp/8_bins/chkp_callback_poly_2_cycles_256_proj_d2_3_cycle2
63/63 - 51s - loss: 9.5118e-07 - mean_squared_error: 1.3675e-06 - val_loss: 4.2792e-09 - val_mean_squared_error: 4.2792e-09 - 51s/epoch - 815ms/step
Epoch 21/50

Epoch 00021: mean_squared_error did not improve from 0.00000
63/63 - 51s - loss: 9.5120e-07 - mean_squared_error: 1.3676e-06 - val_loss: 4.5154e-09 - val_mean_squared_error: 4.5154e-09 - 51s/epoch - 814ms/step
Epoch 22/50

Epoch 00022: mean_squared_error did not improve from 0.00000
63/63 - 51s - loss: 9.5138e-07 - mean_squared_error: 1.3677e-06 - val_loss: 4.4615e-09 - val_mean_squared_error: 4.4615e-09 - 51s/epoch - 814ms/step
Epoch 23/50

Epoch 00023: mean_squared_error did not improve from 0.00000
63/63 - 51s - loss: 9.5127e-07 - mean_squared_error: 1.3676e-06 - val_loss: 4.3001e-09 - val_mean_squared_error: 4.3001e-09 - 51s/epoch - 814ms/step
Epoch 24/50

Epoch 00024: mean_squared_error did not improve from 0.00000
63/63 - 51s - loss: 9.5140e-07 - mean_squared_error: 1.3677e-06 - val_loss: 4.5171e-09 - val_mean_squared_error: 4.5171e-09 - 51s/epoch - 815ms/step
Epoch 25/50

Epoch 00025: mean_squared_error did not improve from 0.00000
63/63 - 51s - loss: 9.5120e-07 - mean_squared_error: 1.3676e-06 - val_loss: 4.3416e-09 - val_mean_squared_error: 4.3416e-09 - 51s/epoch - 816ms/step
Epoch 26/50

Epoch 00026: mean_squared_error improved from 0.00000 to 0.00000, saving model to /gpfswork/rech/ynx/uds36vp/repos/wf-SEDs/projected_learning/wf-outputs/chkp/8_bins/chkp_callback_poly_2_cycles_256_proj_d2_3_cycle2
63/63 - 51s - loss: 9.5110e-07 - mean_squared_error: 1.3675e-06 - val_loss: 4.4022e-09 - val_mean_squared_error: 4.4022e-09 - 51s/epoch - 817ms/step
Epoch 27/50

Epoch 00027: mean_squared_error did not improve from 0.00000
63/63 - 51s - loss: 9.5123e-07 - mean_squared_error: 1.3675e-06 - val_loss: 4.4093e-09 - val_mean_squared_error: 4.4093e-09 - 51s/epoch - 815ms/step
Epoch 28/50

Epoch 00028: mean_squared_error did not improve from 0.00000
63/63 - 51s - loss: 9.5115e-07 - mean_squared_error: 1.3675e-06 - val_loss: 4.3257e-09 - val_mean_squared_error: 4.3257e-09 - 51s/epoch - 814ms/step
Epoch 29/50

Epoch 00029: mean_squared_error did not improve from 0.00000
63/63 - 51s - loss: 9.5124e-07 - mean_squared_error: 1.3676e-06 - val_loss: 4.4939e-09 - val_mean_squared_error: 4.4939e-09 - 51s/epoch - 815ms/step
Epoch 30/50

Epoch 00030: mean_squared_error did not improve from 0.00000
63/63 - 51s - loss: 9.5127e-07 - mean_squared_error: 1.3676e-06 - val_loss: 4.3814e-09 - val_mean_squared_error: 4.3814e-09 - 51s/epoch - 816ms/step
Epoch 31/50

Epoch 00031: mean_squared_error did not improve from 0.00000
63/63 - 51s - loss: 9.5124e-07 - mean_squared_error: 1.3676e-06 - val_loss: 4.5340e-09 - val_mean_squared_error: 4.5340e-09 - 51s/epoch - 815ms/step
Epoch 32/50

Epoch 00032: mean_squared_error did not improve from 0.00000
63/63 - 51s - loss: 9.5116e-07 - mean_squared_error: 1.3675e-06 - val_loss: 4.7484e-09 - val_mean_squared_error: 4.7484e-09 - 51s/epoch - 815ms/step
Epoch 33/50

Epoch 00033: mean_squared_error did not improve from 0.00000
63/63 - 51s - loss: 9.5127e-07 - mean_squared_error: 1.3676e-06 - val_loss: 4.3757e-09 - val_mean_squared_error: 4.3757e-09 - 51s/epoch - 814ms/step
Epoch 34/50

Epoch 00034: mean_squared_error did not improve from 0.00000
63/63 - 51s - loss: 9.5123e-07 - mean_squared_error: 1.3676e-06 - val_loss: 4.6343e-09 - val_mean_squared_error: 4.6343e-09 - 51s/epoch - 816ms/step
Epoch 35/50

Epoch 00035: mean_squared_error did not improve from 0.00000
63/63 - 51s - loss: 9.5118e-07 - mean_squared_error: 1.3675e-06 - val_loss: 4.4193e-09 - val_mean_squared_error: 4.4193e-09 - 51s/epoch - 814ms/step
Epoch 36/50

Epoch 00036: mean_squared_error did not improve from 0.00000
63/63 - 51s - loss: 9.5133e-07 - mean_squared_error: 1.3677e-06 - val_loss: 4.2472e-09 - val_mean_squared_error: 4.2472e-09 - 51s/epoch - 814ms/step
Epoch 37/50

Epoch 00037: mean_squared_error improved from 0.00000 to 0.00000, saving model to /gpfswork/rech/ynx/uds36vp/repos/wf-SEDs/projected_learning/wf-outputs/chkp/8_bins/chkp_callback_poly_2_cycles_256_proj_d2_3_cycle2
63/63 - 52s - loss: 9.5107e-07 - mean_squared_error: 1.3674e-06 - val_loss: 4.5333e-09 - val_mean_squared_error: 4.5333e-09 - 52s/epoch - 822ms/step
Epoch 38/50

Epoch 00038: mean_squared_error did not improve from 0.00000
63/63 - 51s - loss: 9.5137e-07 - mean_squared_error: 1.3677e-06 - val_loss: 4.4790e-09 - val_mean_squared_error: 4.4790e-09 - 51s/epoch - 814ms/step
Epoch 39/50

Epoch 00039: mean_squared_error did not improve from 0.00000
63/63 - 51s - loss: 9.5122e-07 - mean_squared_error: 1.3675e-06 - val_loss: 4.4502e-09 - val_mean_squared_error: 4.4502e-09 - 51s/epoch - 816ms/step
Epoch 40/50

Epoch 00040: mean_squared_error did not improve from 0.00000
63/63 - 51s - loss: 9.5119e-07 - mean_squared_error: 1.3675e-06 - val_loss: 4.2205e-09 - val_mean_squared_error: 4.2205e-09 - 51s/epoch - 816ms/step
Epoch 41/50

Epoch 00041: mean_squared_error did not improve from 0.00000
63/63 - 52s - loss: 9.5110e-07 - mean_squared_error: 1.3675e-06 - val_loss: 4.1935e-09 - val_mean_squared_error: 4.1935e-09 - 52s/epoch - 818ms/step
Epoch 42/50

Epoch 00042: mean_squared_error improved from 0.00000 to 0.00000, saving model to /gpfswork/rech/ynx/uds36vp/repos/wf-SEDs/projected_learning/wf-outputs/chkp/8_bins/chkp_callback_poly_2_cycles_256_proj_d2_3_cycle2
63/63 - 51s - loss: 9.5093e-07 - mean_squared_error: 1.3673e-06 - val_loss: 4.4070e-09 - val_mean_squared_error: 4.4070e-09 - 51s/epoch - 816ms/step
Epoch 43/50

Epoch 00043: mean_squared_error did not improve from 0.00000
63/63 - 51s - loss: 9.5109e-07 - mean_squared_error: 1.3674e-06 - val_loss: 4.4706e-09 - val_mean_squared_error: 4.4706e-09 - 51s/epoch - 815ms/step
Epoch 44/50

Epoch 00044: mean_squared_error did not improve from 0.00000
63/63 - 51s - loss: 9.5112e-07 - mean_squared_error: 1.3675e-06 - val_loss: 4.2480e-09 - val_mean_squared_error: 4.2480e-09 - 51s/epoch - 815ms/step
Epoch 45/50

Epoch 00045: mean_squared_error did not improve from 0.00000
63/63 - 51s - loss: 9.5118e-07 - mean_squared_error: 1.3675e-06 - val_loss: 4.8925e-09 - val_mean_squared_error: 4.8925e-09 - 51s/epoch - 817ms/step
Epoch 46/50

Epoch 00046: mean_squared_error did not improve from 0.00000
63/63 - 52s - loss: 9.5107e-07 - mean_squared_error: 1.3674e-06 - val_loss: 4.3003e-09 - val_mean_squared_error: 4.3003e-09 - 52s/epoch - 818ms/step
Epoch 47/50

Epoch 00047: mean_squared_error did not improve from 0.00000
63/63 - 51s - loss: 9.5093e-07 - mean_squared_error: 1.3673e-06 - val_loss: 4.3533e-09 - val_mean_squared_error: 4.3533e-09 - 51s/epoch - 814ms/step
Epoch 48/50

Epoch 00048: mean_squared_error did not improve from 0.00000
63/63 - 51s - loss: 9.5105e-07 - mean_squared_error: 1.3674e-06 - val_loss: 4.2096e-09 - val_mean_squared_error: 4.2096e-09 - 51s/epoch - 814ms/step
Epoch 49/50

Epoch 00049: mean_squared_error did not improve from 0.00000
63/63 - 51s - loss: 9.5095e-07 - mean_squared_error: 1.3674e-06 - val_loss: 4.4304e-09 - val_mean_squared_error: 4.4304e-09 - 51s/epoch - 814ms/step
Epoch 50/50

Epoch 00050: mean_squared_error did not improve from 0.00000
63/63 - 51s - loss: 9.5103e-07 - mean_squared_error: 1.3674e-06 - val_loss: 4.3465e-09 - val_mean_squared_error: 4.3465e-09 - 51s/epoch - 814ms/step
Cycle2 elapsed time: 3344.4413843154907

Total elapsed time: 9588.377472

 Good bye..
