Starting the log file.
Found GPU at: /device:GPU:0
tf_version: 2.7.0
Zernike cube:
(15, 256, 256)
Dataset parameters:
{'d_max': 2, 'max_order': 45, 'x_lims': [0, 1000.0], 'y_lims': [0, 1000.0], 'grid_points': [4, 4], 'n_bins': 350, 'max_wfe_rms': 0.1, 'oversampling_rate': 3.0, 'output_Q': 3.0, 'output_dim': 32, 'LP_filter_length': 2, 'pupil_diameter': 256, 'euclid_obsc': True, 'n_stars': 2000}
Starting cycle 1..
Starting parametric update..
Epoch 1/30

Epoch 00001: mean_squared_error improved from inf to 0.00001, saving model to /gpfswork/rech/ynx/uds36vp/repos/wf-SEDs/projected_learning/wf-outputs/chkp/8_bins/chkp_callback_poly_1_cycles_256_no_proj_d2_0_cycle1
63/63 - 62s - loss: 8.8892e-06 - mean_squared_error: 8.2545e-06 - val_loss: 2.0799e-06 - val_mean_squared_error: 2.0799e-06 - 62s/epoch - 982ms/step
Epoch 2/30

Epoch 00002: mean_squared_error improved from 0.00001 to 0.00000, saving model to /gpfswork/rech/ynx/uds36vp/repos/wf-SEDs/projected_learning/wf-outputs/chkp/8_bins/chkp_callback_poly_1_cycles_256_no_proj_d2_0_cycle1
63/63 - 57s - loss: 2.8461e-06 - mean_squared_error: 3.0542e-06 - val_loss: 1.3650e-06 - val_mean_squared_error: 1.3650e-06 - 57s/epoch - 901ms/step
Epoch 3/30

Epoch 00003: mean_squared_error improved from 0.00000 to 0.00000, saving model to /gpfswork/rech/ynx/uds36vp/repos/wf-SEDs/projected_learning/wf-outputs/chkp/8_bins/chkp_callback_poly_1_cycles_256_no_proj_d2_0_cycle1
63/63 - 57s - loss: 2.3722e-06 - mean_squared_error: 2.6226e-06 - val_loss: 1.1875e-06 - val_mean_squared_error: 1.1875e-06 - 57s/epoch - 902ms/step
Epoch 4/30

Epoch 00004: mean_squared_error improved from 0.00000 to 0.00000, saving model to /gpfswork/rech/ynx/uds36vp/repos/wf-SEDs/projected_learning/wf-outputs/chkp/8_bins/chkp_callback_poly_1_cycles_256_no_proj_d2_0_cycle1
63/63 - 57s - loss: 2.1908e-06 - mean_squared_error: 2.4599e-06 - val_loss: 1.0199e-06 - val_mean_squared_error: 1.0199e-06 - 57s/epoch - 902ms/step
Epoch 5/30

Epoch 00005: mean_squared_error improved from 0.00000 to 0.00000, saving model to /gpfswork/rech/ynx/uds36vp/repos/wf-SEDs/projected_learning/wf-outputs/chkp/8_bins/chkp_callback_poly_1_cycles_256_no_proj_d2_0_cycle1
63/63 - 57s - loss: 2.0887e-06 - mean_squared_error: 2.3623e-06 - val_loss: 9.6414e-07 - val_mean_squared_error: 9.6414e-07 - 57s/epoch - 902ms/step
Epoch 6/30

Epoch 00006: mean_squared_error improved from 0.00000 to 0.00000, saving model to /gpfswork/rech/ynx/uds36vp/repos/wf-SEDs/projected_learning/wf-outputs/chkp/8_bins/chkp_callback_poly_1_cycles_256_no_proj_d2_0_cycle1
63/63 - 57s - loss: 2.0188e-06 - mean_squared_error: 2.2982e-06 - val_loss: 8.8467e-07 - val_mean_squared_error: 8.8467e-07 - 57s/epoch - 903ms/step
Epoch 7/30

Epoch 00007: mean_squared_error improved from 0.00000 to 0.00000, saving model to /gpfswork/rech/ynx/uds36vp/repos/wf-SEDs/projected_learning/wf-outputs/chkp/8_bins/chkp_callback_poly_1_cycles_256_no_proj_d2_0_cycle1
63/63 - 57s - loss: 1.9500e-06 - mean_squared_error: 2.2275e-06 - val_loss: 8.1734e-07 - val_mean_squared_error: 8.1734e-07 - 57s/epoch - 906ms/step
Epoch 8/30

Epoch 00008: mean_squared_error improved from 0.00000 to 0.00000, saving model to /gpfswork/rech/ynx/uds36vp/repos/wf-SEDs/projected_learning/wf-outputs/chkp/8_bins/chkp_callback_poly_1_cycles_256_no_proj_d2_0_cycle1
63/63 - 57s - loss: 1.9170e-06 - mean_squared_error: 2.1823e-06 - val_loss: 8.3160e-07 - val_mean_squared_error: 8.3160e-07 - 57s/epoch - 902ms/step
Epoch 9/30

Epoch 00009: mean_squared_error improved from 0.00000 to 0.00000, saving model to /gpfswork/rech/ynx/uds36vp/repos/wf-SEDs/projected_learning/wf-outputs/chkp/8_bins/chkp_callback_poly_1_cycles_256_no_proj_d2_0_cycle1
63/63 - 57s - loss: 1.9069e-06 - mean_squared_error: 2.1691e-06 - val_loss: 8.2576e-07 - val_mean_squared_error: 8.2576e-07 - 57s/epoch - 901ms/step
Epoch 10/30

Epoch 00010: mean_squared_error improved from 0.00000 to 0.00000, saving model to /gpfswork/rech/ynx/uds36vp/repos/wf-SEDs/projected_learning/wf-outputs/chkp/8_bins/chkp_callback_poly_1_cycles_256_no_proj_d2_0_cycle1
63/63 - 57s - loss: 1.8409e-06 - mean_squared_error: 2.1105e-06 - val_loss: 7.5881e-07 - val_mean_squared_error: 7.5881e-07 - 57s/epoch - 902ms/step
Epoch 11/30

Epoch 00011: mean_squared_error improved from 0.00000 to 0.00000, saving model to /gpfswork/rech/ynx/uds36vp/repos/wf-SEDs/projected_learning/wf-outputs/chkp/8_bins/chkp_callback_poly_1_cycles_256_no_proj_d2_0_cycle1
63/63 - 57s - loss: 1.7878e-06 - mean_squared_error: 2.0614e-06 - val_loss: 6.6111e-07 - val_mean_squared_error: 6.6111e-07 - 57s/epoch - 903ms/step
Epoch 12/30

Epoch 00012: mean_squared_error improved from 0.00000 to 0.00000, saving model to /gpfswork/rech/ynx/uds36vp/repos/wf-SEDs/projected_learning/wf-outputs/chkp/8_bins/chkp_callback_poly_1_cycles_256_no_proj_d2_0_cycle1
63/63 - 57s - loss: 1.7820e-06 - mean_squared_error: 2.0574e-06 - val_loss: 6.9362e-07 - val_mean_squared_error: 6.9362e-07 - 57s/epoch - 911ms/step
Epoch 13/30

Epoch 00013: mean_squared_error did not improve from 0.00000
63/63 - 57s - loss: 1.7922e-06 - mean_squared_error: 2.0633e-06 - val_loss: 7.0733e-07 - val_mean_squared_error: 7.0733e-07 - 57s/epoch - 912ms/step
Epoch 14/30

Epoch 00014: mean_squared_error did not improve from 0.00000
63/63 - 57s - loss: 1.8396e-06 - mean_squared_error: 2.1088e-06 - val_loss: 7.5543e-07 - val_mean_squared_error: 7.5543e-07 - 57s/epoch - 911ms/step
Epoch 15/30

Epoch 00015: mean_squared_error did not improve from 0.00000
63/63 - 57s - loss: 1.8162e-06 - mean_squared_error: 2.0870e-06 - val_loss: 7.0917e-07 - val_mean_squared_error: 7.0917e-07 - 57s/epoch - 911ms/step
Epoch 16/30

Epoch 00016: mean_squared_error did not improve from 0.00000
63/63 - 57s - loss: 1.8206e-06 - mean_squared_error: 2.0860e-06 - val_loss: 7.5487e-07 - val_mean_squared_error: 7.5487e-07 - 57s/epoch - 911ms/step
Epoch 17/30

Epoch 00017: mean_squared_error did not improve from 0.00000
63/63 - 57s - loss: 1.9222e-06 - mean_squared_error: 2.1785e-06 - val_loss: 8.4750e-07 - val_mean_squared_error: 8.4750e-07 - 57s/epoch - 909ms/step
Epoch 18/30

Epoch 00018: mean_squared_error did not improve from 0.00000
63/63 - 57s - loss: 1.8973e-06 - mean_squared_error: 2.1474e-06 - val_loss: 8.5963e-07 - val_mean_squared_error: 8.5963e-07 - 57s/epoch - 910ms/step
Epoch 19/30

Epoch 00019: mean_squared_error did not improve from 0.00000
63/63 - 57s - loss: 1.9291e-06 - mean_squared_error: 2.1840e-06 - val_loss: 7.0727e-07 - val_mean_squared_error: 7.0727e-07 - 57s/epoch - 910ms/step
Epoch 20/30

Epoch 00020: mean_squared_error did not improve from 0.00000
63/63 - 57s - loss: 1.8506e-06 - mean_squared_error: 2.1121e-06 - val_loss: 6.9925e-07 - val_mean_squared_error: 6.9925e-07 - 57s/epoch - 910ms/step
Epoch 21/30

Epoch 00021: mean_squared_error did not improve from 0.00000
63/63 - 57s - loss: 1.8588e-06 - mean_squared_error: 2.1242e-06 - val_loss: 7.6628e-07 - val_mean_squared_error: 7.6628e-07 - 57s/epoch - 910ms/step
Epoch 22/30

Epoch 00022: mean_squared_error did not improve from 0.00000
63/63 - 57s - loss: 1.8738e-06 - mean_squared_error: 2.1346e-06 - val_loss: 8.3227e-07 - val_mean_squared_error: 8.3227e-07 - 57s/epoch - 910ms/step
Epoch 23/30

Epoch 00023: mean_squared_error did not improve from 0.00000
63/63 - 57s - loss: 1.8357e-06 - mean_squared_error: 2.1033e-06 - val_loss: 7.7566e-07 - val_mean_squared_error: 7.7566e-07 - 57s/epoch - 910ms/step
Epoch 24/30

Epoch 00024: mean_squared_error did not improve from 0.00000
63/63 - 57s - loss: 1.8925e-06 - mean_squared_error: 2.1477e-06 - val_loss: 7.4557e-07 - val_mean_squared_error: 7.4557e-07 - 57s/epoch - 910ms/step
Epoch 25/30

Epoch 00025: mean_squared_error did not improve from 0.00000
63/63 - 57s - loss: 1.8934e-06 - mean_squared_error: 2.1521e-06 - val_loss: 7.9254e-07 - val_mean_squared_error: 7.9254e-07 - 57s/epoch - 909ms/step
Epoch 26/30

Epoch 00026: mean_squared_error did not improve from 0.00000
63/63 - 57s - loss: 1.9174e-06 - mean_squared_error: 2.1720e-06 - val_loss: 1.1275e-06 - val_mean_squared_error: 1.1275e-06 - 57s/epoch - 910ms/step
Epoch 27/30

Epoch 00027: mean_squared_error did not improve from 0.00000
63/63 - 57s - loss: 2.0606e-06 - mean_squared_error: 2.2972e-06 - val_loss: 8.6216e-07 - val_mean_squared_error: 8.6216e-07 - 57s/epoch - 911ms/step
Epoch 28/30

Epoch 00028: mean_squared_error did not improve from 0.00000
63/63 - 57s - loss: 1.9373e-06 - mean_squared_error: 2.1891e-06 - val_loss: 7.4036e-07 - val_mean_squared_error: 7.4036e-07 - 57s/epoch - 911ms/step
Epoch 29/30

Epoch 00029: mean_squared_error did not improve from 0.00000
63/63 - 57s - loss: 1.9145e-06 - mean_squared_error: 2.1727e-06 - val_loss: 9.3729e-07 - val_mean_squared_error: 9.3729e-07 - 57s/epoch - 910ms/step
Epoch 30/30

Epoch 00030: mean_squared_error did not improve from 0.00000
63/63 - 57s - loss: 2.0210e-06 - mean_squared_error: 2.2563e-06 - val_loss: 8.6727e-07 - val_mean_squared_error: 8.6727e-07 - 57s/epoch - 907ms/step
Starting non-parametric update..
Epoch 1/150

Epoch 00001: mean_squared_error did not improve from 0.00000
63/63 - 55s - loss: 1.8684e-06 - mean_squared_error: 2.1432e-06 - val_loss: 6.5642e-07 - val_mean_squared_error: 6.5642e-07 - 55s/epoch - 872ms/step
Epoch 2/150

Epoch 00002: mean_squared_error improved from 0.00000 to 0.00000, saving model to /gpfswork/rech/ynx/uds36vp/repos/wf-SEDs/projected_learning/wf-outputs/chkp/8_bins/chkp_callback_poly_1_cycles_256_no_proj_d2_0_cycle1
63/63 - 52s - loss: 1.6609e-06 - mean_squared_error: 1.9676e-06 - val_loss: 5.4573e-07 - val_mean_squared_error: 5.4573e-07 - 52s/epoch - 828ms/step
Epoch 3/150

Epoch 00003: mean_squared_error improved from 0.00000 to 0.00000, saving model to /gpfswork/rech/ynx/uds36vp/repos/wf-SEDs/projected_learning/wf-outputs/chkp/8_bins/chkp_callback_poly_1_cycles_256_no_proj_d2_0_cycle1
63/63 - 52s - loss: 1.5335e-06 - mean_squared_error: 1.8675e-06 - val_loss: 4.5707e-07 - val_mean_squared_error: 4.5707e-07 - 52s/epoch - 829ms/step
Epoch 4/150

Epoch 00004: mean_squared_error improved from 0.00000 to 0.00000, saving model to /gpfswork/rech/ynx/uds36vp/repos/wf-SEDs/projected_learning/wf-outputs/chkp/8_bins/chkp_callback_poly_1_cycles_256_no_proj_d2_0_cycle1
63/63 - 52s - loss: 1.4288e-06 - mean_squared_error: 1.7839e-06 - val_loss: 3.8352e-07 - val_mean_squared_error: 3.8352e-07 - 52s/epoch - 826ms/step
Epoch 5/150

Epoch 00005: mean_squared_error improved from 0.00000 to 0.00000, saving model to /gpfswork/rech/ynx/uds36vp/repos/wf-SEDs/projected_learning/wf-outputs/chkp/8_bins/chkp_callback_poly_1_cycles_256_no_proj_d2_0_cycle1
63/63 - 54s - loss: 1.3435e-06 - mean_squared_error: 1.7123e-06 - val_loss: 3.2041e-07 - val_mean_squared_error: 3.2041e-07 - 54s/epoch - 864ms/step
Epoch 6/150

Epoch 00006: mean_squared_error improved from 0.00000 to 0.00000, saving model to /gpfswork/rech/ynx/uds36vp/repos/wf-SEDs/projected_learning/wf-outputs/chkp/8_bins/chkp_callback_poly_1_cycles_256_no_proj_d2_0_cycle1
63/63 - 55s - loss: 1.2781e-06 - mean_squared_error: 1.6572e-06 - val_loss: 2.7239e-07 - val_mean_squared_error: 2.7239e-07 - 55s/epoch - 878ms/step
Epoch 7/150

Epoch 00007: mean_squared_error improved from 0.00000 to 0.00000, saving model to /gpfswork/rech/ynx/uds36vp/repos/wf-SEDs/projected_learning/wf-outputs/chkp/8_bins/chkp_callback_poly_1_cycles_256_no_proj_d2_0_cycle1
63/63 - 55s - loss: 1.2266e-06 - mean_squared_error: 1.6105e-06 - val_loss: 2.3113e-07 - val_mean_squared_error: 2.3113e-07 - 55s/epoch - 869ms/step
Epoch 8/150

Epoch 00008: mean_squared_error improved from 0.00000 to 0.00000, saving model to /gpfswork/rech/ynx/uds36vp/repos/wf-SEDs/projected_learning/wf-outputs/chkp/8_bins/chkp_callback_poly_1_cycles_256_no_proj_d2_0_cycle1
63/63 - 54s - loss: 1.1823e-06 - mean_squared_error: 1.5712e-06 - val_loss: 1.9519e-07 - val_mean_squared_error: 1.9519e-07 - 54s/epoch - 863ms/step
Epoch 9/150

Epoch 00009: mean_squared_error improved from 0.00000 to 0.00000, saving model to /gpfswork/rech/ynx/uds36vp/repos/wf-SEDs/projected_learning/wf-outputs/chkp/8_bins/chkp_callback_poly_1_cycles_256_no_proj_d2_0_cycle1
63/63 - 55s - loss: 1.1439e-06 - mean_squared_error: 1.5375e-06 - val_loss: 1.6365e-07 - val_mean_squared_error: 1.6365e-07 - 55s/epoch - 872ms/step
Epoch 10/150

Epoch 00010: mean_squared_error improved from 0.00000 to 0.00000, saving model to /gpfswork/rech/ynx/uds36vp/repos/wf-SEDs/projected_learning/wf-outputs/chkp/8_bins/chkp_callback_poly_1_cycles_256_no_proj_d2_0_cycle1
63/63 - 55s - loss: 1.1135e-06 - mean_squared_error: 1.5104e-06 - val_loss: 1.3912e-07 - val_mean_squared_error: 1.3912e-07 - 55s/epoch - 876ms/step
Epoch 11/150

Epoch 00011: mean_squared_error improved from 0.00000 to 0.00000, saving model to /gpfswork/rech/ynx/uds36vp/repos/wf-SEDs/projected_learning/wf-outputs/chkp/8_bins/chkp_callback_poly_1_cycles_256_no_proj_d2_0_cycle1
63/63 - 55s - loss: 1.0892e-06 - mean_squared_error: 1.4890e-06 - val_loss: 1.1842e-07 - val_mean_squared_error: 1.1842e-07 - 55s/epoch - 876ms/step
Epoch 12/150

Epoch 00012: mean_squared_error improved from 0.00000 to 0.00000, saving model to /gpfswork/rech/ynx/uds36vp/repos/wf-SEDs/projected_learning/wf-outputs/chkp/8_bins/chkp_callback_poly_1_cycles_256_no_proj_d2_0_cycle1
63/63 - 54s - loss: 1.0713e-06 - mean_squared_error: 1.4730e-06 - val_loss: 1.0354e-07 - val_mean_squared_error: 1.0354e-07 - 54s/epoch - 852ms/step
Epoch 13/150

Epoch 00013: mean_squared_error improved from 0.00000 to 0.00000, saving model to /gpfswork/rech/ynx/uds36vp/repos/wf-SEDs/projected_learning/wf-outputs/chkp/8_bins/chkp_callback_poly_1_cycles_256_no_proj_d2_0_cycle1
63/63 - 56s - loss: 1.0568e-06 - mean_squared_error: 1.4604e-06 - val_loss: 9.1136e-08 - val_mean_squared_error: 9.1136e-08 - 56s/epoch - 881ms/step
Epoch 14/150

Epoch 00014: mean_squared_error improved from 0.00000 to 0.00000, saving model to /gpfswork/rech/ynx/uds36vp/repos/wf-SEDs/projected_learning/wf-outputs/chkp/8_bins/chkp_callback_poly_1_cycles_256_no_proj_d2_0_cycle1
63/63 - 55s - loss: 1.0458e-06 - mean_squared_error: 1.4504e-06 - val_loss: 8.1916e-08 - val_mean_squared_error: 8.1916e-08 - 55s/epoch - 880ms/step
Epoch 15/150

Epoch 00015: mean_squared_error improved from 0.00000 to 0.00000, saving model to /gpfswork/rech/ynx/uds36vp/repos/wf-SEDs/projected_learning/wf-outputs/chkp/8_bins/chkp_callback_poly_1_cycles_256_no_proj_d2_0_cycle1
63/63 - 55s - loss: 1.0355e-06 - mean_squared_error: 1.4415e-06 - val_loss: 7.3693e-08 - val_mean_squared_error: 7.3693e-08 - 55s/epoch - 881ms/step
Epoch 16/150

Epoch 00016: mean_squared_error improved from 0.00000 to 0.00000, saving model to /gpfswork/rech/ynx/uds36vp/repos/wf-SEDs/projected_learning/wf-outputs/chkp/8_bins/chkp_callback_poly_1_cycles_256_no_proj_d2_0_cycle1
63/63 - 55s - loss: 1.0271e-06 - mean_squared_error: 1.4343e-06 - val_loss: 6.7182e-08 - val_mean_squared_error: 6.7182e-08 - 55s/epoch - 881ms/step
Epoch 17/150

Epoch 00017: mean_squared_error improved from 0.00000 to 0.00000, saving model to /gpfswork/rech/ynx/uds36vp/repos/wf-SEDs/projected_learning/wf-outputs/chkp/8_bins/chkp_callback_poly_1_cycles_256_no_proj_d2_0_cycle1
63/63 - 56s - loss: 1.0203e-06 - mean_squared_error: 1.4286e-06 - val_loss: 6.1519e-08 - val_mean_squared_error: 6.1519e-08 - 56s/epoch - 887ms/step
Epoch 18/150

Epoch 00018: mean_squared_error improved from 0.00000 to 0.00000, saving model to /gpfswork/rech/ynx/uds36vp/repos/wf-SEDs/projected_learning/wf-outputs/chkp/8_bins/chkp_callback_poly_1_cycles_256_no_proj_d2_0_cycle1
63/63 - 54s - loss: 1.0144e-06 - mean_squared_error: 1.4231e-06 - val_loss: 5.6453e-08 - val_mean_squared_error: 5.6453e-08 - 54s/epoch - 865ms/step
Epoch 19/150

Epoch 00019: mean_squared_error improved from 0.00000 to 0.00000, saving model to /gpfswork/rech/ynx/uds36vp/repos/wf-SEDs/projected_learning/wf-outputs/chkp/8_bins/chkp_callback_poly_1_cycles_256_no_proj_d2_0_cycle1
63/63 - 54s - loss: 1.0089e-06 - mean_squared_error: 1.4184e-06 - val_loss: 5.1779e-08 - val_mean_squared_error: 5.1779e-08 - 54s/epoch - 855ms/step
Epoch 20/150

Epoch 00020: mean_squared_error improved from 0.00000 to 0.00000, saving model to /gpfswork/rech/ynx/uds36vp/repos/wf-SEDs/projected_learning/wf-outputs/chkp/8_bins/chkp_callback_poly_1_cycles_256_no_proj_d2_0_cycle1
63/63 - 54s - loss: 1.0046e-06 - mean_squared_error: 1.4147e-06 - val_loss: 4.8618e-08 - val_mean_squared_error: 4.8618e-08 - 54s/epoch - 862ms/step
Epoch 21/150

Epoch 00021: mean_squared_error improved from 0.00000 to 0.00000, saving model to /gpfswork/rech/ynx/uds36vp/repos/wf-SEDs/projected_learning/wf-outputs/chkp/8_bins/chkp_callback_poly_1_cycles_256_no_proj_d2_0_cycle1
63/63 - 55s - loss: 1.0005e-06 - mean_squared_error: 1.4111e-06 - val_loss: 4.4643e-08 - val_mean_squared_error: 4.4643e-08 - 55s/epoch - 867ms/step
Epoch 22/150

Epoch 00022: mean_squared_error improved from 0.00000 to 0.00000, saving model to /gpfswork/rech/ynx/uds36vp/repos/wf-SEDs/projected_learning/wf-outputs/chkp/8_bins/chkp_callback_poly_1_cycles_256_no_proj_d2_0_cycle1
63/63 - 54s - loss: 9.9675e-07 - mean_squared_error: 1.4079e-06 - val_loss: 4.1633e-08 - val_mean_squared_error: 4.1633e-08 - 54s/epoch - 863ms/step
Epoch 23/150

Epoch 00023: mean_squared_error improved from 0.00000 to 0.00000, saving model to /gpfswork/rech/ynx/uds36vp/repos/wf-SEDs/projected_learning/wf-outputs/chkp/8_bins/chkp_callback_poly_1_cycles_256_no_proj_d2_0_cycle1
63/63 - 55s - loss: 9.9389e-07 - mean_squared_error: 1.4054e-06 - val_loss: 3.8832e-08 - val_mean_squared_error: 3.8832e-08 - 55s/epoch - 872ms/step
Epoch 24/150

Epoch 00024: mean_squared_error improved from 0.00000 to 0.00000, saving model to /gpfswork/rech/ynx/uds36vp/repos/wf-SEDs/projected_learning/wf-outputs/chkp/8_bins/chkp_callback_poly_1_cycles_256_no_proj_d2_0_cycle1
63/63 - 55s - loss: 9.9064e-07 - mean_squared_error: 1.4025e-06 - val_loss: 3.6509e-08 - val_mean_squared_error: 3.6509e-08 - 55s/epoch - 869ms/step
Epoch 25/150

Epoch 00025: mean_squared_error improved from 0.00000 to 0.00000, saving model to /gpfswork/rech/ynx/uds36vp/repos/wf-SEDs/projected_learning/wf-outputs/chkp/8_bins/chkp_callback_poly_1_cycles_256_no_proj_d2_0_cycle1
63/63 - 56s - loss: 9.8848e-07 - mean_squared_error: 1.4007e-06 - val_loss: 3.4500e-08 - val_mean_squared_error: 3.4500e-08 - 56s/epoch - 884ms/step
Epoch 26/150

Epoch 00026: mean_squared_error improved from 0.00000 to 0.00000, saving model to /gpfswork/rech/ynx/uds36vp/repos/wf-SEDs/projected_learning/wf-outputs/chkp/8_bins/chkp_callback_poly_1_cycles_256_no_proj_d2_0_cycle1
63/63 - 55s - loss: 9.8582e-07 - mean_squared_error: 1.3984e-06 - val_loss: 3.2052e-08 - val_mean_squared_error: 3.2052e-08 - 55s/epoch - 878ms/step
Epoch 27/150

Epoch 00027: mean_squared_error improved from 0.00000 to 0.00000, saving model to /gpfswork/rech/ynx/uds36vp/repos/wf-SEDs/projected_learning/wf-outputs/chkp/8_bins/chkp_callback_poly_1_cycles_256_no_proj_d2_0_cycle1
63/63 - 55s - loss: 9.8421e-07 - mean_squared_error: 1.3970e-06 - val_loss: 3.0204e-08 - val_mean_squared_error: 3.0204e-08 - 55s/epoch - 880ms/step
Epoch 28/150

Epoch 00028: mean_squared_error improved from 0.00000 to 0.00000, saving model to /gpfswork/rech/ynx/uds36vp/repos/wf-SEDs/projected_learning/wf-outputs/chkp/8_bins/chkp_callback_poly_1_cycles_256_no_proj_d2_0_cycle1
63/63 - 54s - loss: 9.8180e-07 - mean_squared_error: 1.3948e-06 - val_loss: 2.8793e-08 - val_mean_squared_error: 2.8793e-08 - 54s/epoch - 857ms/step
Epoch 29/150

Epoch 00029: mean_squared_error improved from 0.00000 to 0.00000, saving model to /gpfswork/rech/ynx/uds36vp/repos/wf-SEDs/projected_learning/wf-outputs/chkp/8_bins/chkp_callback_poly_1_cycles_256_no_proj_d2_0_cycle1
63/63 - 54s - loss: 9.7981e-07 - mean_squared_error: 1.3931e-06 - val_loss: 2.7800e-08 - val_mean_squared_error: 2.7800e-08 - 54s/epoch - 855ms/step
Epoch 30/150

Epoch 00030: mean_squared_error improved from 0.00000 to 0.00000, saving model to /gpfswork/rech/ynx/uds36vp/repos/wf-SEDs/projected_learning/wf-outputs/chkp/8_bins/chkp_callback_poly_1_cycles_256_no_proj_d2_0_cycle1
63/63 - 54s - loss: 9.7770e-07 - mean_squared_error: 1.3913e-06 - val_loss: 2.6005e-08 - val_mean_squared_error: 2.6005e-08 - 54s/epoch - 852ms/step
Epoch 31/150

Epoch 00031: mean_squared_error improved from 0.00000 to 0.00000, saving model to /gpfswork/rech/ynx/uds36vp/repos/wf-SEDs/projected_learning/wf-outputs/chkp/8_bins/chkp_callback_poly_1_cycles_256_no_proj_d2_0_cycle1
63/63 - 54s - loss: 9.7708e-07 - mean_squared_error: 1.3906e-06 - val_loss: 2.6887e-08 - val_mean_squared_error: 2.6887e-08 - 54s/epoch - 858ms/step
Epoch 32/150

Epoch 00032: mean_squared_error improved from 0.00000 to 0.00000, saving model to /gpfswork/rech/ynx/uds36vp/repos/wf-SEDs/projected_learning/wf-outputs/chkp/8_bins/chkp_callback_poly_1_cycles_256_no_proj_d2_0_cycle1
63/63 - 54s - loss: 9.7566e-07 - mean_squared_error: 1.3894e-06 - val_loss: 2.3796e-08 - val_mean_squared_error: 2.3796e-08 - 54s/epoch - 853ms/step
Epoch 33/150

Epoch 00033: mean_squared_error improved from 0.00000 to 0.00000, saving model to /gpfswork/rech/ynx/uds36vp/repos/wf-SEDs/projected_learning/wf-outputs/chkp/8_bins/chkp_callback_poly_1_cycles_256_no_proj_d2_0_cycle1
63/63 - 54s - loss: 9.7410e-07 - mean_squared_error: 1.3881e-06 - val_loss: 2.2768e-08 - val_mean_squared_error: 2.2768e-08 - 54s/epoch - 855ms/step
Epoch 34/150

Epoch 00034: mean_squared_error improved from 0.00000 to 0.00000, saving model to /gpfswork/rech/ynx/uds36vp/repos/wf-SEDs/projected_learning/wf-outputs/chkp/8_bins/chkp_callback_poly_1_cycles_256_no_proj_d2_0_cycle1
63/63 - 55s - loss: 9.7273e-07 - mean_squared_error: 1.3869e-06 - val_loss: 2.1254e-08 - val_mean_squared_error: 2.1254e-08 - 55s/epoch - 874ms/step
Epoch 35/150

Epoch 00035: mean_squared_error improved from 0.00000 to 0.00000, saving model to /gpfswork/rech/ynx/uds36vp/repos/wf-SEDs/projected_learning/wf-outputs/chkp/8_bins/chkp_callback_poly_1_cycles_256_no_proj_d2_0_cycle1
63/63 - 55s - loss: 9.7170e-07 - mean_squared_error: 1.3859e-06 - val_loss: 2.0691e-08 - val_mean_squared_error: 2.0691e-08 - 55s/epoch - 871ms/step
Epoch 36/150

Epoch 00036: mean_squared_error improved from 0.00000 to 0.00000, saving model to /gpfswork/rech/ynx/uds36vp/repos/wf-SEDs/projected_learning/wf-outputs/chkp/8_bins/chkp_callback_poly_1_cycles_256_no_proj_d2_0_cycle1
63/63 - 55s - loss: 9.7067e-07 - mean_squared_error: 1.3850e-06 - val_loss: 1.9820e-08 - val_mean_squared_error: 1.9820e-08 - 55s/epoch - 870ms/step
Epoch 37/150

Epoch 00037: mean_squared_error improved from 0.00000 to 0.00000, saving model to /gpfswork/rech/ynx/uds36vp/repos/wf-SEDs/projected_learning/wf-outputs/chkp/8_bins/chkp_callback_poly_1_cycles_256_no_proj_d2_0_cycle1
63/63 - 55s - loss: 9.6963e-07 - mean_squared_error: 1.3840e-06 - val_loss: 1.8870e-08 - val_mean_squared_error: 1.8870e-08 - 55s/epoch - 867ms/step
Epoch 38/150

Epoch 00038: mean_squared_error improved from 0.00000 to 0.00000, saving model to /gpfswork/rech/ynx/uds36vp/repos/wf-SEDs/projected_learning/wf-outputs/chkp/8_bins/chkp_callback_poly_1_cycles_256_no_proj_d2_0_cycle1
63/63 - 55s - loss: 9.6869e-07 - mean_squared_error: 1.3831e-06 - val_loss: 1.8340e-08 - val_mean_squared_error: 1.8340e-08 - 55s/epoch - 870ms/step
Epoch 39/150

Epoch 00039: mean_squared_error improved from 0.00000 to 0.00000, saving model to /gpfswork/rech/ynx/uds36vp/repos/wf-SEDs/projected_learning/wf-outputs/chkp/8_bins/chkp_callback_poly_1_cycles_256_no_proj_d2_0_cycle1
63/63 - 55s - loss: 9.6810e-07 - mean_squared_error: 1.3826e-06 - val_loss: 1.8094e-08 - val_mean_squared_error: 1.8094e-08 - 55s/epoch - 874ms/step
Epoch 40/150

Epoch 00040: mean_squared_error improved from 0.00000 to 0.00000, saving model to /gpfswork/rech/ynx/uds36vp/repos/wf-SEDs/projected_learning/wf-outputs/chkp/8_bins/chkp_callback_poly_1_cycles_256_no_proj_d2_0_cycle1
63/63 - 55s - loss: 9.6767e-07 - mean_squared_error: 1.3823e-06 - val_loss: 1.6926e-08 - val_mean_squared_error: 1.6926e-08 - 55s/epoch - 875ms/step
Epoch 41/150

Epoch 00041: mean_squared_error improved from 0.00000 to 0.00000, saving model to /gpfswork/rech/ynx/uds36vp/repos/wf-SEDs/projected_learning/wf-outputs/chkp/8_bins/chkp_callback_poly_1_cycles_256_no_proj_d2_0_cycle1
63/63 - 55s - loss: 9.6761e-07 - mean_squared_error: 1.3822e-06 - val_loss: 1.6245e-08 - val_mean_squared_error: 1.6245e-08 - 55s/epoch - 868ms/step
Epoch 42/150

Epoch 00042: mean_squared_error improved from 0.00000 to 0.00000, saving model to /gpfswork/rech/ynx/uds36vp/repos/wf-SEDs/projected_learning/wf-outputs/chkp/8_bins/chkp_callback_poly_1_cycles_256_no_proj_d2_0_cycle1
63/63 - 55s - loss: 9.6604e-07 - mean_squared_error: 1.3808e-06 - val_loss: 1.6189e-08 - val_mean_squared_error: 1.6189e-08 - 55s/epoch - 868ms/step
Epoch 43/150

Epoch 00043: mean_squared_error improved from 0.00000 to 0.00000, saving model to /gpfswork/rech/ynx/uds36vp/repos/wf-SEDs/projected_learning/wf-outputs/chkp/8_bins/chkp_callback_poly_1_cycles_256_no_proj_d2_0_cycle1
63/63 - 53s - loss: 9.6555e-07 - mean_squared_error: 1.3804e-06 - val_loss: 1.5329e-08 - val_mean_squared_error: 1.5329e-08 - 53s/epoch - 846ms/step
Epoch 44/150

Epoch 00044: mean_squared_error improved from 0.00000 to 0.00000, saving model to /gpfswork/rech/ynx/uds36vp/repos/wf-SEDs/projected_learning/wf-outputs/chkp/8_bins/chkp_callback_poly_1_cycles_256_no_proj_d2_0_cycle1
63/63 - 54s - loss: 9.6549e-07 - mean_squared_error: 1.3801e-06 - val_loss: 1.5086e-08 - val_mean_squared_error: 1.5086e-08 - 54s/epoch - 849ms/step
Epoch 45/150

Epoch 00045: mean_squared_error improved from 0.00000 to 0.00000, saving model to /gpfswork/rech/ynx/uds36vp/repos/wf-SEDs/projected_learning/wf-outputs/chkp/8_bins/chkp_callback_poly_1_cycles_256_no_proj_d2_0_cycle1
63/63 - 53s - loss: 9.6460e-07 - mean_squared_error: 1.3795e-06 - val_loss: 1.4420e-08 - val_mean_squared_error: 1.4420e-08 - 53s/epoch - 847ms/step
Epoch 46/150

Epoch 00046: mean_squared_error improved from 0.00000 to 0.00000, saving model to /gpfswork/rech/ynx/uds36vp/repos/wf-SEDs/projected_learning/wf-outputs/chkp/8_bins/chkp_callback_poly_1_cycles_256_no_proj_d2_0_cycle1
63/63 - 54s - loss: 9.6417e-07 - mean_squared_error: 1.3790e-06 - val_loss: 1.4241e-08 - val_mean_squared_error: 1.4241e-08 - 54s/epoch - 853ms/step
Epoch 47/150

Epoch 00047: mean_squared_error did not improve from 0.00000
63/63 - 54s - loss: 9.6432e-07 - mean_squared_error: 1.3790e-06 - val_loss: 1.4662e-08 - val_mean_squared_error: 1.4662e-08 - 54s/epoch - 854ms/step
Epoch 48/150

Epoch 00048: mean_squared_error improved from 0.00000 to 0.00000, saving model to /gpfswork/rech/ynx/uds36vp/repos/wf-SEDs/projected_learning/wf-outputs/chkp/8_bins/chkp_callback_poly_1_cycles_256_no_proj_d2_0_cycle1
63/63 - 54s - loss: 9.6420e-07 - mean_squared_error: 1.3789e-06 - val_loss: 1.5027e-08 - val_mean_squared_error: 1.5027e-08 - 54s/epoch - 858ms/step
Epoch 49/150

Epoch 00049: mean_squared_error did not improve from 0.00000
63/63 - 55s - loss: 9.6711e-07 - mean_squared_error: 1.3808e-06 - val_loss: 1.4805e-08 - val_mean_squared_error: 1.4805e-08 - 55s/epoch - 877ms/step
Epoch 50/150

Epoch 00050: mean_squared_error did not improve from 0.00000
63/63 - 55s - loss: 9.6455e-07 - mean_squared_error: 1.3791e-06 - val_loss: 1.2843e-08 - val_mean_squared_error: 1.2843e-08 - 55s/epoch - 877ms/step
Epoch 51/150

Epoch 00051: mean_squared_error improved from 0.00000 to 0.00000, saving model to /gpfswork/rech/ynx/uds36vp/repos/wf-SEDs/projected_learning/wf-outputs/chkp/8_bins/chkp_callback_poly_1_cycles_256_no_proj_d2_0_cycle1
63/63 - 55s - loss: 9.6215e-07 - mean_squared_error: 1.3771e-06 - val_loss: 1.3127e-08 - val_mean_squared_error: 1.3127e-08 - 55s/epoch - 874ms/step
Epoch 52/150

Epoch 00052: mean_squared_error did not improve from 0.00000
63/63 - 55s - loss: 9.6206e-07 - mean_squared_error: 1.3772e-06 - val_loss: 1.2211e-08 - val_mean_squared_error: 1.2211e-08 - 55s/epoch - 879ms/step
Epoch 53/150

Epoch 00053: mean_squared_error improved from 0.00000 to 0.00000, saving model to /gpfswork/rech/ynx/uds36vp/repos/wf-SEDs/projected_learning/wf-outputs/chkp/8_bins/chkp_callback_poly_1_cycles_256_no_proj_d2_0_cycle1
63/63 - 55s - loss: 9.6174e-07 - mean_squared_error: 1.3768e-06 - val_loss: 1.1939e-08 - val_mean_squared_error: 1.1939e-08 - 55s/epoch - 877ms/step
Epoch 54/150

Epoch 00054: mean_squared_error improved from 0.00000 to 0.00000, saving model to /gpfswork/rech/ynx/uds36vp/repos/wf-SEDs/projected_learning/wf-outputs/chkp/8_bins/chkp_callback_poly_1_cycles_256_no_proj_d2_0_cycle1
63/63 - 54s - loss: 9.6117e-07 - mean_squared_error: 1.3763e-06 - val_loss: 1.3412e-08 - val_mean_squared_error: 1.3412e-08 - 54s/epoch - 856ms/step
Epoch 55/150

Epoch 00055: mean_squared_error did not improve from 0.00000
63/63 - 54s - loss: 9.6297e-07 - mean_squared_error: 1.3776e-06 - val_loss: 1.4923e-08 - val_mean_squared_error: 1.4923e-08 - 54s/epoch - 857ms/step
Epoch 56/150

Epoch 00056: mean_squared_error did not improve from 0.00000
63/63 - 54s - loss: 9.6271e-07 - mean_squared_error: 1.3774e-06 - val_loss: 1.1261e-08 - val_mean_squared_error: 1.1261e-08 - 54s/epoch - 858ms/step
Epoch 57/150

Epoch 00057: mean_squared_error improved from 0.00000 to 0.00000, saving model to /gpfswork/rech/ynx/uds36vp/repos/wf-SEDs/projected_learning/wf-outputs/chkp/8_bins/chkp_callback_poly_1_cycles_256_no_proj_d2_0_cycle1
63/63 - 54s - loss: 9.5979e-07 - mean_squared_error: 1.3752e-06 - val_loss: 1.0565e-08 - val_mean_squared_error: 1.0565e-08 - 54s/epoch - 855ms/step
Epoch 58/150

Epoch 00058: mean_squared_error did not improve from 0.00000
63/63 - 54s - loss: 9.6073e-07 - mean_squared_error: 1.3756e-06 - val_loss: 1.0754e-08 - val_mean_squared_error: 1.0754e-08 - 54s/epoch - 856ms/step
Epoch 59/150

Epoch 00059: mean_squared_error improved from 0.00000 to 0.00000, saving model to /gpfswork/rech/ynx/uds36vp/repos/wf-SEDs/projected_learning/wf-outputs/chkp/8_bins/chkp_callback_poly_1_cycles_256_no_proj_d2_0_cycle1
63/63 - 54s - loss: 9.5988e-07 - mean_squared_error: 1.3751e-06 - val_loss: 1.1449e-08 - val_mean_squared_error: 1.1449e-08 - 54s/epoch - 856ms/step
Epoch 60/150

Epoch 00060: mean_squared_error improved from 0.00000 to 0.00000, saving model to /gpfswork/rech/ynx/uds36vp/repos/wf-SEDs/projected_learning/wf-outputs/chkp/8_bins/chkp_callback_poly_1_cycles_256_no_proj_d2_0_cycle1
63/63 - 54s - loss: 9.5925e-07 - mean_squared_error: 1.3746e-06 - val_loss: 1.0388e-08 - val_mean_squared_error: 1.0388e-08 - 54s/epoch - 853ms/step
Epoch 61/150

Epoch 00061: mean_squared_error improved from 0.00000 to 0.00000, saving model to /gpfswork/rech/ynx/uds36vp/repos/wf-SEDs/projected_learning/wf-outputs/chkp/8_bins/chkp_callback_poly_1_cycles_256_no_proj_d2_0_cycle1
63/63 - 54s - loss: 9.5908e-07 - mean_squared_error: 1.3745e-06 - val_loss: 1.1880e-08 - val_mean_squared_error: 1.1880e-08 - 54s/epoch - 855ms/step
Epoch 62/150

Epoch 00062: mean_squared_error did not improve from 0.00000
63/63 - 54s - loss: 9.5992e-07 - mean_squared_error: 1.3750e-06 - val_loss: 1.1221e-08 - val_mean_squared_error: 1.1221e-08 - 54s/epoch - 851ms/step
Epoch 63/150

Epoch 00063: mean_squared_error improved from 0.00000 to 0.00000, saving model to /gpfswork/rech/ynx/uds36vp/repos/wf-SEDs/projected_learning/wf-outputs/chkp/8_bins/chkp_callback_poly_1_cycles_256_no_proj_d2_0_cycle1
63/63 - 54s - loss: 9.5904e-07 - mean_squared_error: 1.3743e-06 - val_loss: 1.0236e-08 - val_mean_squared_error: 1.0236e-08 - 54s/epoch - 853ms/step
Epoch 64/150

Epoch 00064: mean_squared_error improved from 0.00000 to 0.00000, saving model to /gpfswork/rech/ynx/uds36vp/repos/wf-SEDs/projected_learning/wf-outputs/chkp/8_bins/chkp_callback_poly_1_cycles_256_no_proj_d2_0_cycle1
63/63 - 55s - loss: 9.5893e-07 - mean_squared_error: 1.3742e-06 - val_loss: 1.0413e-08 - val_mean_squared_error: 1.0413e-08 - 55s/epoch - 872ms/step
Epoch 65/150

Epoch 00065: mean_squared_error improved from 0.00000 to 0.00000, saving model to /gpfswork/rech/ynx/uds36vp/repos/wf-SEDs/projected_learning/wf-outputs/chkp/8_bins/chkp_callback_poly_1_cycles_256_no_proj_d2_0_cycle1
63/63 - 56s - loss: 9.5809e-07 - mean_squared_error: 1.3736e-06 - val_loss: 9.2063e-09 - val_mean_squared_error: 9.2063e-09 - 56s/epoch - 885ms/step
Epoch 66/150

Epoch 00066: mean_squared_error improved from 0.00000 to 0.00000, saving model to /gpfswork/rech/ynx/uds36vp/repos/wf-SEDs/projected_learning/wf-outputs/chkp/8_bins/chkp_callback_poly_1_cycles_256_no_proj_d2_0_cycle1
63/63 - 56s - loss: 9.5808e-07 - mean_squared_error: 1.3736e-06 - val_loss: 9.1601e-09 - val_mean_squared_error: 9.1601e-09 - 56s/epoch - 882ms/step
Epoch 67/150

Epoch 00067: mean_squared_error improved from 0.00000 to 0.00000, saving model to /gpfswork/rech/ynx/uds36vp/repos/wf-SEDs/projected_learning/wf-outputs/chkp/8_bins/chkp_callback_poly_1_cycles_256_no_proj_d2_0_cycle1
63/63 - 55s - loss: 9.5813e-07 - mean_squared_error: 1.3736e-06 - val_loss: 9.4102e-09 - val_mean_squared_error: 9.4102e-09 - 55s/epoch - 881ms/step
Epoch 68/150

Epoch 00068: mean_squared_error improved from 0.00000 to 0.00000, saving model to /gpfswork/rech/ynx/uds36vp/repos/wf-SEDs/projected_learning/wf-outputs/chkp/8_bins/chkp_callback_poly_1_cycles_256_no_proj_d2_0_cycle1
63/63 - 56s - loss: 9.5772e-07 - mean_squared_error: 1.3733e-06 - val_loss: 9.1038e-09 - val_mean_squared_error: 9.1038e-09 - 56s/epoch - 885ms/step
Epoch 69/150

Epoch 00069: mean_squared_error did not improve from 0.00000
63/63 - 52s - loss: 9.5817e-07 - mean_squared_error: 1.3735e-06 - val_loss: 1.1011e-08 - val_mean_squared_error: 1.1011e-08 - 52s/epoch - 830ms/step
Epoch 70/150

Epoch 00070: mean_squared_error did not improve from 0.00000
63/63 - 51s - loss: 9.5919e-07 - mean_squared_error: 1.3742e-06 - val_loss: 9.7361e-09 - val_mean_squared_error: 9.7361e-09 - 51s/epoch - 816ms/step
Epoch 71/150

Epoch 00071: mean_squared_error improved from 0.00000 to 0.00000, saving model to /gpfswork/rech/ynx/uds36vp/repos/wf-SEDs/projected_learning/wf-outputs/chkp/8_bins/chkp_callback_poly_1_cycles_256_no_proj_d2_0_cycle1
63/63 - 52s - loss: 9.5765e-07 - mean_squared_error: 1.3732e-06 - val_loss: 8.6396e-09 - val_mean_squared_error: 8.6396e-09 - 52s/epoch - 825ms/step
Epoch 72/150

Epoch 00072: mean_squared_error improved from 0.00000 to 0.00000, saving model to /gpfswork/rech/ynx/uds36vp/repos/wf-SEDs/projected_learning/wf-outputs/chkp/8_bins/chkp_callback_poly_1_cycles_256_no_proj_d2_0_cycle1
63/63 - 52s - loss: 9.5761e-07 - mean_squared_error: 1.3730e-06 - val_loss: 8.4788e-09 - val_mean_squared_error: 8.4788e-09 - 52s/epoch - 832ms/step
Epoch 73/150

Epoch 00073: mean_squared_error improved from 0.00000 to 0.00000, saving model to /gpfswork/rech/ynx/uds36vp/repos/wf-SEDs/projected_learning/wf-outputs/chkp/8_bins/chkp_callback_poly_1_cycles_256_no_proj_d2_0_cycle1
63/63 - 53s - loss: 9.5737e-07 - mean_squared_error: 1.3729e-06 - val_loss: 8.4918e-09 - val_mean_squared_error: 8.4918e-09 - 53s/epoch - 841ms/step
Epoch 74/150

Epoch 00074: mean_squared_error improved from 0.00000 to 0.00000, saving model to /gpfswork/rech/ynx/uds36vp/repos/wf-SEDs/projected_learning/wf-outputs/chkp/8_bins/chkp_callback_poly_1_cycles_256_no_proj_d2_0_cycle1
63/63 - 55s - loss: 9.5686e-07 - mean_squared_error: 1.3725e-06 - val_loss: 8.4827e-09 - val_mean_squared_error: 8.4827e-09 - 55s/epoch - 868ms/step
Epoch 75/150

Epoch 00075: mean_squared_error did not improve from 0.00000
63/63 - 56s - loss: 9.5787e-07 - mean_squared_error: 1.3731e-06 - val_loss: 9.0927e-09 - val_mean_squared_error: 9.0927e-09 - 56s/epoch - 881ms/step
Epoch 76/150

Epoch 00076: mean_squared_error did not improve from 0.00000
63/63 - 56s - loss: 9.5732e-07 - mean_squared_error: 1.3727e-06 - val_loss: 8.2362e-09 - val_mean_squared_error: 8.2362e-09 - 56s/epoch - 886ms/step
Epoch 77/150

Epoch 00077: mean_squared_error did not improve from 0.00000
63/63 - 55s - loss: 9.5788e-07 - mean_squared_error: 1.3730e-06 - val_loss: 9.1746e-09 - val_mean_squared_error: 9.1746e-09 - 55s/epoch - 878ms/step
Epoch 78/150

Epoch 00078: mean_squared_error did not improve from 0.00000
63/63 - 55s - loss: 9.6080e-07 - mean_squared_error: 1.3752e-06 - val_loss: 1.1366e-08 - val_mean_squared_error: 1.1366e-08 - 55s/epoch - 867ms/step
Epoch 79/150

Epoch 00079: mean_squared_error did not improve from 0.00000
63/63 - 54s - loss: 9.5771e-07 - mean_squared_error: 1.3732e-06 - val_loss: 8.1601e-09 - val_mean_squared_error: 8.1601e-09 - 54s/epoch - 860ms/step
Epoch 80/150

Epoch 00080: mean_squared_error improved from 0.00000 to 0.00000, saving model to /gpfswork/rech/ynx/uds36vp/repos/wf-SEDs/projected_learning/wf-outputs/chkp/8_bins/chkp_callback_poly_1_cycles_256_no_proj_d2_0_cycle1
63/63 - 55s - loss: 9.5667e-07 - mean_squared_error: 1.3721e-06 - val_loss: 7.6233e-09 - val_mean_squared_error: 7.6233e-09 - 55s/epoch - 870ms/step
Epoch 81/150

Epoch 00081: mean_squared_error did not improve from 0.00000
63/63 - 55s - loss: 9.5691e-07 - mean_squared_error: 1.3723e-06 - val_loss: 8.1348e-09 - val_mean_squared_error: 8.1348e-09 - 55s/epoch - 871ms/step
Epoch 82/150

Epoch 00082: mean_squared_error did not improve from 0.00000
63/63 - 54s - loss: 9.5818e-07 - mean_squared_error: 1.3732e-06 - val_loss: 9.4988e-09 - val_mean_squared_error: 9.4988e-09 - 54s/epoch - 856ms/step
Epoch 83/150

Epoch 00083: mean_squared_error did not improve from 0.00000
63/63 - 54s - loss: 9.5698e-07 - mean_squared_error: 1.3723e-06 - val_loss: 9.4849e-09 - val_mean_squared_error: 9.4849e-09 - 54s/epoch - 856ms/step
Epoch 84/150

Epoch 00084: mean_squared_error did not improve from 0.00000
63/63 - 53s - loss: 9.5762e-07 - mean_squared_error: 1.3727e-06 - val_loss: 1.5030e-08 - val_mean_squared_error: 1.5030e-08 - 53s/epoch - 845ms/step
Epoch 85/150

Epoch 00085: mean_squared_error did not improve from 0.00000
63/63 - 53s - loss: 9.5956e-07 - mean_squared_error: 1.3740e-06 - val_loss: 7.3240e-09 - val_mean_squared_error: 7.3240e-09 - 53s/epoch - 846ms/step
Epoch 86/150

Epoch 00086: mean_squared_error improved from 0.00000 to 0.00000, saving model to /gpfswork/rech/ynx/uds36vp/repos/wf-SEDs/projected_learning/wf-outputs/chkp/8_bins/chkp_callback_poly_1_cycles_256_no_proj_d2_0_cycle1
63/63 - 53s - loss: 9.5588e-07 - mean_squared_error: 1.3715e-06 - val_loss: 7.5554e-09 - val_mean_squared_error: 7.5554e-09 - 53s/epoch - 849ms/step
Epoch 87/150

Epoch 00087: mean_squared_error improved from 0.00000 to 0.00000, saving model to /gpfswork/rech/ynx/uds36vp/repos/wf-SEDs/projected_learning/wf-outputs/chkp/8_bins/chkp_callback_poly_1_cycles_256_no_proj_d2_0_cycle1
63/63 - 53s - loss: 9.5572e-07 - mean_squared_error: 1.3713e-06 - val_loss: 7.7353e-09 - val_mean_squared_error: 7.7353e-09 - 53s/epoch - 845ms/step
Epoch 88/150

Epoch 00088: mean_squared_error did not improve from 0.00000
63/63 - 53s - loss: 9.5619e-07 - mean_squared_error: 1.3718e-06 - val_loss: 8.3492e-09 - val_mean_squared_error: 8.3492e-09 - 53s/epoch - 846ms/step
Epoch 89/150

Epoch 00089: mean_squared_error did not improve from 0.00000
63/63 - 55s - loss: 9.5614e-07 - mean_squared_error: 1.3717e-06 - val_loss: 8.2202e-09 - val_mean_squared_error: 8.2202e-09 - 55s/epoch - 873ms/step
Epoch 90/150

Epoch 00090: mean_squared_error improved from 0.00000 to 0.00000, saving model to /gpfswork/rech/ynx/uds36vp/repos/wf-SEDs/projected_learning/wf-outputs/chkp/8_bins/chkp_callback_poly_1_cycles_256_no_proj_d2_0_cycle1
63/63 - 55s - loss: 9.5526e-07 - mean_squared_error: 1.3710e-06 - val_loss: 7.4633e-09 - val_mean_squared_error: 7.4633e-09 - 55s/epoch - 874ms/step
Epoch 91/150

Epoch 00091: mean_squared_error did not improve from 0.00000
63/63 - 55s - loss: 9.5611e-07 - mean_squared_error: 1.3716e-06 - val_loss: 9.7697e-09 - val_mean_squared_error: 9.7697e-09 - 55s/epoch - 870ms/step
Epoch 92/150

Epoch 00092: mean_squared_error did not improve from 0.00000
63/63 - 55s - loss: 9.5572e-07 - mean_squared_error: 1.3714e-06 - val_loss: 9.0349e-09 - val_mean_squared_error: 9.0349e-09 - 55s/epoch - 873ms/step
Epoch 93/150

Epoch 00093: mean_squared_error did not improve from 0.00000
63/63 - 55s - loss: 9.5583e-07 - mean_squared_error: 1.3713e-06 - val_loss: 7.3508e-09 - val_mean_squared_error: 7.3508e-09 - 55s/epoch - 879ms/step
Epoch 94/150

Epoch 00094: mean_squared_error improved from 0.00000 to 0.00000, saving model to /gpfswork/rech/ynx/uds36vp/repos/wf-SEDs/projected_learning/wf-outputs/chkp/8_bins/chkp_callback_poly_1_cycles_256_no_proj_d2_0_cycle1
63/63 - 54s - loss: 9.5537e-07 - mean_squared_error: 1.3710e-06 - val_loss: 6.7916e-09 - val_mean_squared_error: 6.7916e-09 - 54s/epoch - 861ms/step
Epoch 95/150

Epoch 00095: mean_squared_error improved from 0.00000 to 0.00000, saving model to /gpfswork/rech/ynx/uds36vp/repos/wf-SEDs/projected_learning/wf-outputs/chkp/8_bins/chkp_callback_poly_1_cycles_256_no_proj_d2_0_cycle1
63/63 - 54s - loss: 9.5468e-07 - mean_squared_error: 1.3705e-06 - val_loss: 6.8272e-09 - val_mean_squared_error: 6.8272e-09 - 54s/epoch - 859ms/step
Epoch 96/150

Epoch 00096: mean_squared_error did not improve from 0.00000
63/63 - 54s - loss: 9.5520e-07 - mean_squared_error: 1.3709e-06 - val_loss: 1.0166e-08 - val_mean_squared_error: 1.0166e-08 - 54s/epoch - 855ms/step
Epoch 97/150

Epoch 00097: mean_squared_error did not improve from 0.00000
63/63 - 54s - loss: 9.5586e-07 - mean_squared_error: 1.3712e-06 - val_loss: 7.4193e-09 - val_mean_squared_error: 7.4193e-09 - 54s/epoch - 854ms/step
Epoch 98/150

Epoch 00098: mean_squared_error did not improve from 0.00000
63/63 - 54s - loss: 9.5485e-07 - mean_squared_error: 1.3706e-06 - val_loss: 7.2946e-09 - val_mean_squared_error: 7.2946e-09 - 54s/epoch - 862ms/step
Epoch 99/150

Epoch 00099: mean_squared_error did not improve from 0.00000
63/63 - 53s - loss: 9.5489e-07 - mean_squared_error: 1.3706e-06 - val_loss: 6.8765e-09 - val_mean_squared_error: 6.8765e-09 - 53s/epoch - 847ms/step
Epoch 100/150

Epoch 00100: mean_squared_error improved from 0.00000 to 0.00000, saving model to /gpfswork/rech/ynx/uds36vp/repos/wf-SEDs/projected_learning/wf-outputs/chkp/8_bins/chkp_callback_poly_1_cycles_256_no_proj_d2_0_cycle1
63/63 - 55s - loss: 9.5456e-07 - mean_squared_error: 1.3704e-06 - val_loss: 6.9875e-09 - val_mean_squared_error: 6.9875e-09 - 55s/epoch - 875ms/step
Epoch 101/150

Epoch 00101: mean_squared_error did not improve from 0.00000
63/63 - 55s - loss: 9.5811e-07 - mean_squared_error: 1.3725e-06 - val_loss: 1.4461e-08 - val_mean_squared_error: 1.4461e-08 - 55s/epoch - 873ms/step
Epoch 102/150

Epoch 00102: mean_squared_error did not improve from 0.00000
63/63 - 55s - loss: 9.6081e-07 - mean_squared_error: 1.3753e-06 - val_loss: 7.1900e-09 - val_mean_squared_error: 7.1900e-09 - 55s/epoch - 873ms/step
Epoch 103/150

Epoch 00103: mean_squared_error did not improve from 0.00000
63/63 - 55s - loss: 9.5458e-07 - mean_squared_error: 1.3704e-06 - val_loss: 6.6027e-09 - val_mean_squared_error: 6.6027e-09 - 55s/epoch - 868ms/step
Epoch 104/150

Epoch 00104: mean_squared_error improved from 0.00000 to 0.00000, saving model to /gpfswork/rech/ynx/uds36vp/repos/wf-SEDs/projected_learning/wf-outputs/chkp/8_bins/chkp_callback_poly_1_cycles_256_no_proj_d2_0_cycle1
63/63 - 54s - loss: 9.5457e-07 - mean_squared_error: 1.3704e-06 - val_loss: 9.1313e-09 - val_mean_squared_error: 9.1313e-09 - 54s/epoch - 865ms/step
Epoch 105/150

Epoch 00105: mean_squared_error did not improve from 0.00000
63/63 - 53s - loss: 9.5512e-07 - mean_squared_error: 1.3708e-06 - val_loss: 8.9502e-09 - val_mean_squared_error: 8.9502e-09 - 53s/epoch - 847ms/step
Epoch 106/150

Epoch 00106: mean_squared_error did not improve from 0.00000
63/63 - 53s - loss: 9.5459e-07 - mean_squared_error: 1.3704e-06 - val_loss: 7.4704e-09 - val_mean_squared_error: 7.4704e-09 - 53s/epoch - 848ms/step
Epoch 107/150

Epoch 00107: mean_squared_error improved from 0.00000 to 0.00000, saving model to /gpfswork/rech/ynx/uds36vp/repos/wf-SEDs/projected_learning/wf-outputs/chkp/8_bins/chkp_callback_poly_1_cycles_256_no_proj_d2_0_cycle1
63/63 - 53s - loss: 9.5440e-07 - mean_squared_error: 1.3702e-06 - val_loss: 7.2407e-09 - val_mean_squared_error: 7.2407e-09 - 53s/epoch - 848ms/step
Epoch 108/150

Epoch 00108: mean_squared_error improved from 0.00000 to 0.00000, saving model to /gpfswork/rech/ynx/uds36vp/repos/wf-SEDs/projected_learning/wf-outputs/chkp/8_bins/chkp_callback_poly_1_cycles_256_no_proj_d2_0_cycle1
63/63 - 54s - loss: 9.5399e-07 - mean_squared_error: 1.3699e-06 - val_loss: 6.6568e-09 - val_mean_squared_error: 6.6568e-09 - 54s/epoch - 853ms/step
Epoch 109/150

Epoch 00109: mean_squared_error did not improve from 0.00000
63/63 - 53s - loss: 9.5461e-07 - mean_squared_error: 1.3702e-06 - val_loss: 7.2067e-09 - val_mean_squared_error: 7.2067e-09 - 53s/epoch - 847ms/step
Epoch 110/150

Epoch 00110: mean_squared_error improved from 0.00000 to 0.00000, saving model to /gpfswork/rech/ynx/uds36vp/repos/wf-SEDs/projected_learning/wf-outputs/chkp/8_bins/chkp_callback_poly_1_cycles_256_no_proj_d2_0_cycle1
63/63 - 53s - loss: 9.5398e-07 - mean_squared_error: 1.3698e-06 - val_loss: 6.3282e-09 - val_mean_squared_error: 6.3282e-09 - 53s/epoch - 838ms/step
Epoch 111/150

Epoch 00111: mean_squared_error improved from 0.00000 to 0.00000, saving model to /gpfswork/rech/ynx/uds36vp/repos/wf-SEDs/projected_learning/wf-outputs/chkp/8_bins/chkp_callback_poly_1_cycles_256_no_proj_d2_0_cycle1
63/63 - 53s - loss: 9.5403e-07 - mean_squared_error: 1.3698e-06 - val_loss: 6.7967e-09 - val_mean_squared_error: 6.7967e-09 - 53s/epoch - 842ms/step
Epoch 112/150

Epoch 00112: mean_squared_error improved from 0.00000 to 0.00000, saving model to /gpfswork/rech/ynx/uds36vp/repos/wf-SEDs/projected_learning/wf-outputs/chkp/8_bins/chkp_callback_poly_1_cycles_256_no_proj_d2_0_cycle1
63/63 - 53s - loss: 9.5365e-07 - mean_squared_error: 1.3695e-06 - val_loss: 6.1150e-09 - val_mean_squared_error: 6.1150e-09 - 53s/epoch - 841ms/step
Epoch 113/150

Epoch 00113: mean_squared_error did not improve from 0.00000
63/63 - 53s - loss: 9.5381e-07 - mean_squared_error: 1.3696e-06 - val_loss: 7.9321e-09 - val_mean_squared_error: 7.9321e-09 - 53s/epoch - 846ms/step
Epoch 114/150

Epoch 00114: mean_squared_error did not improve from 0.00000
63/63 - 54s - loss: 9.5442e-07 - mean_squared_error: 1.3701e-06 - val_loss: 6.0026e-09 - val_mean_squared_error: 6.0026e-09 - 54s/epoch - 855ms/step
Epoch 115/150

Epoch 00115: mean_squared_error improved from 0.00000 to 0.00000, saving model to /gpfswork/rech/ynx/uds36vp/repos/wf-SEDs/projected_learning/wf-outputs/chkp/8_bins/chkp_callback_poly_1_cycles_256_no_proj_d2_0_cycle1
63/63 - 54s - loss: 9.5349e-07 - mean_squared_error: 1.3695e-06 - val_loss: 6.0070e-09 - val_mean_squared_error: 6.0070e-09 - 54s/epoch - 851ms/step
Epoch 116/150

Epoch 00116: mean_squared_error did not improve from 0.00000
63/63 - 55s - loss: 9.5363e-07 - mean_squared_error: 1.3695e-06 - val_loss: 6.2149e-09 - val_mean_squared_error: 6.2149e-09 - 55s/epoch - 872ms/step
Epoch 117/150

Epoch 00117: mean_squared_error did not improve from 0.00000
63/63 - 55s - loss: 9.5501e-07 - mean_squared_error: 1.3704e-06 - val_loss: 7.4155e-09 - val_mean_squared_error: 7.4155e-09 - 55s/epoch - 869ms/step
Epoch 118/150

Epoch 00118: mean_squared_error did not improve from 0.00000
63/63 - 55s - loss: 9.5457e-07 - mean_squared_error: 1.3701e-06 - val_loss: 7.6129e-09 - val_mean_squared_error: 7.6129e-09 - 55s/epoch - 869ms/step
Epoch 119/150

Epoch 00119: mean_squared_error did not improve from 0.00000
63/63 - 55s - loss: 9.5370e-07 - mean_squared_error: 1.3697e-06 - val_loss: 6.0469e-09 - val_mean_squared_error: 6.0469e-09 - 55s/epoch - 871ms/step
Epoch 120/150

Epoch 00120: mean_squared_error improved from 0.00000 to 0.00000, saving model to /gpfswork/rech/ynx/uds36vp/repos/wf-SEDs/projected_learning/wf-outputs/chkp/8_bins/chkp_callback_poly_1_cycles_256_no_proj_d2_0_cycle1
63/63 - 55s - loss: 9.5356e-07 - mean_squared_error: 1.3694e-06 - val_loss: 6.7147e-09 - val_mean_squared_error: 6.7147e-09 - 55s/epoch - 871ms/step
Epoch 121/150

Epoch 00121: mean_squared_error improved from 0.00000 to 0.00000, saving model to /gpfswork/rech/ynx/uds36vp/repos/wf-SEDs/projected_learning/wf-outputs/chkp/8_bins/chkp_callback_poly_1_cycles_256_no_proj_d2_0_cycle1
63/63 - 53s - loss: 9.5341e-07 - mean_squared_error: 1.3694e-06 - val_loss: 6.2174e-09 - val_mean_squared_error: 6.2174e-09 - 53s/epoch - 847ms/step
Epoch 122/150

Epoch 00122: mean_squared_error improved from 0.00000 to 0.00000, saving model to /gpfswork/rech/ynx/uds36vp/repos/wf-SEDs/projected_learning/wf-outputs/chkp/8_bins/chkp_callback_poly_1_cycles_256_no_proj_d2_0_cycle1
63/63 - 54s - loss: 9.5330e-07 - mean_squared_error: 1.3693e-06 - val_loss: 6.7659e-09 - val_mean_squared_error: 6.7659e-09 - 54s/epoch - 851ms/step
Epoch 123/150

Epoch 00123: mean_squared_error did not improve from 0.00000
63/63 - 53s - loss: 9.5422e-07 - mean_squared_error: 1.3699e-06 - val_loss: 6.3761e-09 - val_mean_squared_error: 6.3761e-09 - 53s/epoch - 847ms/step
Epoch 124/150

Epoch 00124: mean_squared_error did not improve from 0.00000
63/63 - 53s - loss: 9.6115e-07 - mean_squared_error: 1.3748e-06 - val_loss: 1.1246e-08 - val_mean_squared_error: 1.1246e-08 - 53s/epoch - 847ms/step
Epoch 125/150

Epoch 00125: mean_squared_error did not improve from 0.00000
63/63 - 53s - loss: 9.5577e-07 - mean_squared_error: 1.3709e-06 - val_loss: 5.8107e-09 - val_mean_squared_error: 5.8107e-09 - 53s/epoch - 845ms/step
Epoch 126/150

Epoch 00126: mean_squared_error improved from 0.00000 to 0.00000, saving model to /gpfswork/rech/ynx/uds36vp/repos/wf-SEDs/projected_learning/wf-outputs/chkp/8_bins/chkp_callback_poly_1_cycles_256_no_proj_d2_0_cycle1
63/63 - 54s - loss: 9.5317e-07 - mean_squared_error: 1.3691e-06 - val_loss: 6.2587e-09 - val_mean_squared_error: 6.2587e-09 - 54s/epoch - 853ms/step
Epoch 127/150

Epoch 00127: mean_squared_error did not improve from 0.00000
63/63 - 54s - loss: 9.5387e-07 - mean_squared_error: 1.3695e-06 - val_loss: 6.3654e-09 - val_mean_squared_error: 6.3654e-09 - 54s/epoch - 853ms/step
Epoch 128/150

Epoch 00128: mean_squared_error improved from 0.00000 to 0.00000, saving model to /gpfswork/rech/ynx/uds36vp/repos/wf-SEDs/projected_learning/wf-outputs/chkp/8_bins/chkp_callback_poly_1_cycles_256_no_proj_d2_0_cycle1
63/63 - 54s - loss: 9.5298e-07 - mean_squared_error: 1.3690e-06 - val_loss: 6.0861e-09 - val_mean_squared_error: 6.0861e-09 - 54s/epoch - 853ms/step
Epoch 129/150

Epoch 00129: mean_squared_error did not improve from 0.00000
63/63 - 54s - loss: 9.5342e-07 - mean_squared_error: 1.3693e-06 - val_loss: 6.8656e-09 - val_mean_squared_error: 6.8656e-09 - 54s/epoch - 849ms/step
Epoch 130/150

Epoch 00130: mean_squared_error did not improve from 0.00000
63/63 - 54s - loss: 9.5389e-07 - mean_squared_error: 1.3696e-06 - val_loss: 6.0113e-09 - val_mean_squared_error: 6.0113e-09 - 54s/epoch - 851ms/step
Epoch 131/150

Epoch 00131: mean_squared_error improved from 0.00000 to 0.00000, saving model to /gpfswork/rech/ynx/uds36vp/repos/wf-SEDs/projected_learning/wf-outputs/chkp/8_bins/chkp_callback_poly_1_cycles_256_no_proj_d2_0_cycle1
63/63 - 53s - loss: 9.5284e-07 - mean_squared_error: 1.3688e-06 - val_loss: 5.8679e-09 - val_mean_squared_error: 5.8679e-09 - 53s/epoch - 849ms/step
Epoch 132/150

Epoch 00132: mean_squared_error did not improve from 0.00000
63/63 - 53s - loss: 9.5314e-07 - mean_squared_error: 1.3692e-06 - val_loss: 6.2656e-09 - val_mean_squared_error: 6.2656e-09 - 53s/epoch - 838ms/step
Epoch 133/150

Epoch 00133: mean_squared_error did not improve from 0.00000
63/63 - 54s - loss: 9.5282e-07 - mean_squared_error: 1.3689e-06 - val_loss: 6.5117e-09 - val_mean_squared_error: 6.5117e-09 - 54s/epoch - 864ms/step
Epoch 134/150

Epoch 00134: mean_squared_error improved from 0.00000 to 0.00000, saving model to /gpfswork/rech/ynx/uds36vp/repos/wf-SEDs/projected_learning/wf-outputs/chkp/8_bins/chkp_callback_poly_1_cycles_256_no_proj_d2_0_cycle1
63/63 - 55s - loss: 9.5272e-07 - mean_squared_error: 1.3687e-06 - val_loss: 6.2091e-09 - val_mean_squared_error: 6.2091e-09 - 55s/epoch - 869ms/step
Epoch 135/150

Epoch 00135: mean_squared_error did not improve from 0.00000
63/63 - 55s - loss: 9.5303e-07 - mean_squared_error: 1.3690e-06 - val_loss: 6.1941e-09 - val_mean_squared_error: 6.1941e-09 - 55s/epoch - 868ms/step
Epoch 136/150

Epoch 00136: mean_squared_error improved from 0.00000 to 0.00000, saving model to /gpfswork/rech/ynx/uds36vp/repos/wf-SEDs/projected_learning/wf-outputs/chkp/8_bins/chkp_callback_poly_1_cycles_256_no_proj_d2_0_cycle1
63/63 - 55s - loss: 9.5256e-07 - mean_squared_error: 1.3686e-06 - val_loss: 5.6787e-09 - val_mean_squared_error: 5.6787e-09 - 55s/epoch - 870ms/step
Epoch 137/150

Epoch 00137: mean_squared_error improved from 0.00000 to 0.00000, saving model to /gpfswork/rech/ynx/uds36vp/repos/wf-SEDs/projected_learning/wf-outputs/chkp/8_bins/chkp_callback_poly_1_cycles_256_no_proj_d2_0_cycle1
63/63 - 55s - loss: 9.5250e-07 - mean_squared_error: 1.3686e-06 - val_loss: 5.8000e-09 - val_mean_squared_error: 5.8000e-09 - 55s/epoch - 872ms/step
Epoch 138/150

Epoch 00138: mean_squared_error did not improve from 0.00000
63/63 - 52s - loss: 9.5268e-07 - mean_squared_error: 1.3687e-06 - val_loss: 6.9739e-09 - val_mean_squared_error: 6.9739e-09 - 52s/epoch - 822ms/step
Epoch 139/150

Epoch 00139: mean_squared_error did not improve from 0.00000
63/63 - 52s - loss: 9.5343e-07 - mean_squared_error: 1.3693e-06 - val_loss: 6.1551e-09 - val_mean_squared_error: 6.1551e-09 - 52s/epoch - 821ms/step
Epoch 140/150

Epoch 00140: mean_squared_error improved from 0.00000 to 0.00000, saving model to /gpfswork/rech/ynx/uds36vp/repos/wf-SEDs/projected_learning/wf-outputs/chkp/8_bins/chkp_callback_poly_1_cycles_256_no_proj_d2_0_cycle1
63/63 - 52s - loss: 9.5215e-07 - mean_squared_error: 1.3683e-06 - val_loss: 5.8883e-09 - val_mean_squared_error: 5.8883e-09 - 52s/epoch - 823ms/step
Epoch 141/150

Epoch 00141: mean_squared_error did not improve from 0.00000
63/63 - 52s - loss: 9.5280e-07 - mean_squared_error: 1.3688e-06 - val_loss: 6.2853e-09 - val_mean_squared_error: 6.2853e-09 - 52s/epoch - 820ms/step
Epoch 142/150

Epoch 00142: mean_squared_error did not improve from 0.00000
63/63 - 52s - loss: 9.5374e-07 - mean_squared_error: 1.3695e-06 - val_loss: 6.9590e-09 - val_mean_squared_error: 6.9590e-09 - 52s/epoch - 820ms/step
Epoch 143/150

Epoch 00143: mean_squared_error did not improve from 0.00000
63/63 - 52s - loss: 9.5301e-07 - mean_squared_error: 1.3690e-06 - val_loss: 6.3784e-09 - val_mean_squared_error: 6.3784e-09 - 52s/epoch - 820ms/step
Epoch 144/150

Epoch 00144: mean_squared_error did not improve from 0.00000
63/63 - 52s - loss: 9.5335e-07 - mean_squared_error: 1.3691e-06 - val_loss: 5.4602e-09 - val_mean_squared_error: 5.4602e-09 - 52s/epoch - 819ms/step
Epoch 145/150

Epoch 00145: mean_squared_error improved from 0.00000 to 0.00000, saving model to /gpfswork/rech/ynx/uds36vp/repos/wf-SEDs/projected_learning/wf-outputs/chkp/8_bins/chkp_callback_poly_1_cycles_256_no_proj_d2_0_cycle1
63/63 - 52s - loss: 9.5194e-07 - mean_squared_error: 1.3681e-06 - val_loss: 5.3906e-09 - val_mean_squared_error: 5.3906e-09 - 52s/epoch - 820ms/step
Epoch 146/150

Epoch 00146: mean_squared_error did not improve from 0.00000
63/63 - 52s - loss: 9.5246e-07 - mean_squared_error: 1.3684e-06 - val_loss: 5.1907e-09 - val_mean_squared_error: 5.1907e-09 - 52s/epoch - 819ms/step
Epoch 147/150

Epoch 00147: mean_squared_error did not improve from 0.00000
63/63 - 52s - loss: 9.5203e-07 - mean_squared_error: 1.3682e-06 - val_loss: 5.8476e-09 - val_mean_squared_error: 5.8476e-09 - 52s/epoch - 819ms/step
Epoch 148/150

Epoch 00148: mean_squared_error did not improve from 0.00000
63/63 - 52s - loss: 9.5225e-07 - mean_squared_error: 1.3683e-06 - val_loss: 5.3490e-09 - val_mean_squared_error: 5.3490e-09 - 52s/epoch - 826ms/step
Epoch 149/150

Epoch 00149: mean_squared_error did not improve from 0.00000
63/63 - 62s - loss: 9.5300e-07 - mean_squared_error: 1.3689e-06 - val_loss: 6.1313e-09 - val_mean_squared_error: 6.1313e-09 - 62s/epoch - 987ms/step
Epoch 150/150

Epoch 00150: mean_squared_error did not improve from 0.00000
63/63 - 62s - loss: 9.5280e-07 - mean_squared_error: 1.3687e-06 - val_loss: 5.6668e-09 - val_mean_squared_error: 5.6668e-09 - 62s/epoch - 985ms/step
Cycle1 elapsed time: 9849.452136

Total elapsed time: 9853.193125

 Good bye..
