Starting the log file.
Found GPU at: /device:GPU:0
tf_version: 2.7.0
Dataset parameters:
{'d_max': 2, 'max_order': 45, 'x_lims': [0, 1000.0], 'y_lims': [0, 1000.0], 'grid_points': [4, 4], 'n_bins': 350, 'max_wfe_rms': 0.1, 'oversampling_rate': 3.0, 'output_Q': 3.0, 'output_dim': 32, 'LP_filter_length': 2, 'pupil_diameter': 256, 'euclid_obsc': True, 'n_stars': 2000}

***
Metric evaluation on the test dataset
***

Absolute RMSE:	 1.1472e-04 	 +/- 2.5633e-05
Relative RMSE:	 1.5477e+00 % 	 +/- 4.4313e-01 %
Absolute RMSE:	 9.1343e-02 	 +/- 1.7795e-02
Relative RMSE:	 1.1643e+02 % 	 +/- 1.3271e+01 %

Pixel star absolute RMSE:	 3.0957e-05 	 +/- 5.7709e-06 
Pixel star relative RMSE:	 2.0494e+00 % 	 +/- 5.1881e-01 %

sigma(e1) RMSE =		 4.5450e-03 	 +/- 4.5345e-03 
sigma(e2) RMSE =		 1.5836e-03 	 +/- 1.5741e-03 
sigma(R2)/<R2> =		 1.6182e-02 	 +/- 7.3422e-03 

Relative sigma(e1) RMSE =	 1.0040e+02 % 	 +/- 1.0016e+02 %
Relative sigma(e2) RMSE =	 7.0489e+02 % 	 +/- 7.0406e+02 %

Total number of stars: 		400
Problematic number of stars: 	1

***
Metric evaluation on the train dataset
***

Absolute RMSE:	 1.1639e-04 	 +/- 2.7452e-05
Relative RMSE:	 1.5781e+00 % 	 +/- 5.1239e-01 %
Absolute RMSE:	 9.1535e-02 	 +/- 1.7809e-02
Relative RMSE:	 1.1711e+02 % 	 +/- 1.4118e+01 %

Pixel star absolute RMSE:	 3.1110e-05 	 +/- 6.0893e-06 
Pixel star relative RMSE:	 2.0658e+00 % 	 +/- 5.9982e-01 %

sigma(e1) RMSE =		 7.8533e-03 	 +/- 7.8430e-03 
sigma(e2) RMSE =		 4.4002e-03 	 +/- 4.3984e-03 
sigma(R2)/<R2> =		 4.8701e-02 	 +/- 1.7344e-02 

Relative sigma(e1) RMSE =	 9.1397e+02 % 	 +/- 9.1325e+02 %
Relative sigma(e2) RMSE =	 1.0841e+03 % 	 +/- 1.0841e+03 %

Total number of stars: 		2000
Problematic number of stars: 	0

Total elapsed time: 1905.786353

 Good bye..
