Starting the log file.
Found GPU at: /device:GPU:0
tf_version: 2.7.0
Zernike cube:
(15, 256, 256)
Dataset parameters:
{'d_max': 2, 'max_order': 45, 'x_lims': [0, 1000.0], 'y_lims': [0, 1000.0], 'grid_points': [4, 4], 'n_bins': 350, 'max_wfe_rms': 0.1, 'oversampling_rate': 3.0, 'output_Q': 3.0, 'output_dim': 32, 'LP_filter_length': 2, 'pupil_diameter': 256, 'euclid_obsc': True, 'n_stars': 2000}
Starting cycle 1..
Starting parametric update..
Epoch 1/15

Epoch 00001: mean_squared_error improved from inf to 0.00001, saving model to /gpfswork/rech/ynx/uds36vp/repos/wf-SEDs/projected_learning/wf-outputs/chkp/8_bins/chkp_callback_poly_2_cycles_256_proj_d2_0_cycle1
63/63 - 62s - loss: 8.3640e-06 - mean_squared_error: 7.6259e-06 - val_loss: 1.9648e-06 - val_mean_squared_error: 1.9648e-06 - 62s/epoch - 980ms/step
Epoch 2/15

Epoch 00002: mean_squared_error improved from 0.00001 to 0.00000, saving model to /gpfswork/rech/ynx/uds36vp/repos/wf-SEDs/projected_learning/wf-outputs/chkp/8_bins/chkp_callback_poly_2_cycles_256_proj_d2_0_cycle1
63/63 - 57s - loss: 2.7479e-06 - mean_squared_error: 2.9027e-06 - val_loss: 1.2460e-06 - val_mean_squared_error: 1.2460e-06 - 57s/epoch - 908ms/step
Epoch 3/15

Epoch 00003: mean_squared_error improved from 0.00000 to 0.00000, saving model to /gpfswork/rech/ynx/uds36vp/repos/wf-SEDs/projected_learning/wf-outputs/chkp/8_bins/chkp_callback_poly_2_cycles_256_proj_d2_0_cycle1
63/63 - 57s - loss: 2.2677e-06 - mean_squared_error: 2.4785e-06 - val_loss: 9.4606e-07 - val_mean_squared_error: 9.4606e-07 - 57s/epoch - 909ms/step
Epoch 4/15

Epoch 00004: mean_squared_error improved from 0.00000 to 0.00000, saving model to /gpfswork/rech/ynx/uds36vp/repos/wf-SEDs/projected_learning/wf-outputs/chkp/8_bins/chkp_callback_poly_2_cycles_256_proj_d2_0_cycle1
63/63 - 57s - loss: 1.9752e-06 - mean_squared_error: 2.2294e-06 - val_loss: 7.5144e-07 - val_mean_squared_error: 7.5144e-07 - 57s/epoch - 911ms/step
Epoch 5/15

Epoch 00005: mean_squared_error improved from 0.00000 to 0.00000, saving model to /gpfswork/rech/ynx/uds36vp/repos/wf-SEDs/projected_learning/wf-outputs/chkp/8_bins/chkp_callback_poly_2_cycles_256_proj_d2_0_cycle1
63/63 - 57s - loss: 1.8378e-06 - mean_squared_error: 2.1030e-06 - val_loss: 7.1413e-07 - val_mean_squared_error: 7.1413e-07 - 57s/epoch - 911ms/step
Epoch 6/15

Epoch 00006: mean_squared_error improved from 0.00000 to 0.00000, saving model to /gpfswork/rech/ynx/uds36vp/repos/wf-SEDs/projected_learning/wf-outputs/chkp/8_bins/chkp_callback_poly_2_cycles_256_proj_d2_0_cycle1
63/63 - 57s - loss: 1.8062e-06 - mean_squared_error: 2.0743e-06 - val_loss: 6.7686e-07 - val_mean_squared_error: 6.7686e-07 - 57s/epoch - 910ms/step
Epoch 7/15

Epoch 00007: mean_squared_error improved from 0.00000 to 0.00000, saving model to /gpfswork/rech/ynx/uds36vp/repos/wf-SEDs/projected_learning/wf-outputs/chkp/8_bins/chkp_callback_poly_2_cycles_256_proj_d2_0_cycle1
63/63 - 58s - loss: 1.8031e-06 - mean_squared_error: 2.0709e-06 - val_loss: 6.8763e-07 - val_mean_squared_error: 6.8763e-07 - 58s/epoch - 914ms/step
Epoch 8/15

Epoch 00008: mean_squared_error did not improve from 0.00000
63/63 - 57s - loss: 1.8231e-06 - mean_squared_error: 2.0941e-06 - val_loss: 7.3730e-07 - val_mean_squared_error: 7.3730e-07 - 57s/epoch - 910ms/step
Epoch 9/15

Epoch 00009: mean_squared_error did not improve from 0.00000
63/63 - 57s - loss: 1.8369e-06 - mean_squared_error: 2.1025e-06 - val_loss: 7.4560e-07 - val_mean_squared_error: 7.4560e-07 - 57s/epoch - 911ms/step
Epoch 10/15

Epoch 00010: mean_squared_error did not improve from 0.00000
63/63 - 57s - loss: 1.8228e-06 - mean_squared_error: 2.0881e-06 - val_loss: 6.8836e-07 - val_mean_squared_error: 6.8836e-07 - 57s/epoch - 911ms/step
Epoch 11/15

Epoch 00011: mean_squared_error did not improve from 0.00000
63/63 - 57s - loss: 1.8213e-06 - mean_squared_error: 2.0883e-06 - val_loss: 7.1240e-07 - val_mean_squared_error: 7.1240e-07 - 57s/epoch - 911ms/step
Epoch 12/15

Epoch 00012: mean_squared_error did not improve from 0.00000
63/63 - 57s - loss: 1.8971e-06 - mean_squared_error: 2.1460e-06 - val_loss: 7.2861e-07 - val_mean_squared_error: 7.2861e-07 - 57s/epoch - 910ms/step
Epoch 13/15

Epoch 00013: mean_squared_error did not improve from 0.00000
63/63 - 57s - loss: 1.8840e-06 - mean_squared_error: 2.1430e-06 - val_loss: 7.5217e-07 - val_mean_squared_error: 7.5217e-07 - 57s/epoch - 910ms/step
Epoch 14/15

Epoch 00014: mean_squared_error did not improve from 0.00000
63/63 - 57s - loss: 1.8082e-06 - mean_squared_error: 2.0795e-06 - val_loss: 7.3582e-07 - val_mean_squared_error: 7.3582e-07 - 57s/epoch - 910ms/step
Epoch 15/15

Epoch 00015: mean_squared_error did not improve from 0.00000
63/63 - 57s - loss: 1.9489e-06 - mean_squared_error: 2.1994e-06 - val_loss: 7.8700e-07 - val_mean_squared_error: 7.8700e-07 - 57s/epoch - 907ms/step
Starting non-parametric update..
Epoch 1/100

Epoch 00001: mean_squared_error did not improve from 0.00000
63/63 - 64s - loss: 1.8081e-06 - mean_squared_error: 2.0898e-06 - val_loss: 6.3900e-07 - val_mean_squared_error: 6.3900e-07 - 64s/epoch - 1s/step
Epoch 2/100

Epoch 00002: mean_squared_error improved from 0.00000 to 0.00000, saving model to /gpfswork/rech/ynx/uds36vp/repos/wf-SEDs/projected_learning/wf-outputs/chkp/8_bins/chkp_callback_poly_2_cycles_256_proj_d2_0_cycle1
63/63 - 62s - loss: 1.6316e-06 - mean_squared_error: 1.9460e-06 - val_loss: 5.0675e-07 - val_mean_squared_error: 5.0675e-07 - 62s/epoch - 986ms/step
Epoch 3/100

Epoch 00003: mean_squared_error improved from 0.00000 to 0.00000, saving model to /gpfswork/rech/ynx/uds36vp/repos/wf-SEDs/projected_learning/wf-outputs/chkp/8_bins/chkp_callback_poly_2_cycles_256_proj_d2_0_cycle1
63/63 - 62s - loss: 1.4795e-06 - mean_squared_error: 1.8248e-06 - val_loss: 4.0451e-07 - val_mean_squared_error: 4.0451e-07 - 62s/epoch - 979ms/step
Epoch 4/100

Epoch 00004: mean_squared_error improved from 0.00000 to 0.00000, saving model to /gpfswork/rech/ynx/uds36vp/repos/wf-SEDs/projected_learning/wf-outputs/chkp/8_bins/chkp_callback_poly_2_cycles_256_proj_d2_0_cycle1
63/63 - 61s - loss: 1.3675e-06 - mean_squared_error: 1.7297e-06 - val_loss: 3.2045e-07 - val_mean_squared_error: 3.2045e-07 - 61s/epoch - 974ms/step
Epoch 5/100

Epoch 00005: mean_squared_error improved from 0.00000 to 0.00000, saving model to /gpfswork/rech/ynx/uds36vp/repos/wf-SEDs/projected_learning/wf-outputs/chkp/8_bins/chkp_callback_poly_2_cycles_256_proj_d2_0_cycle1
63/63 - 61s - loss: 1.2793e-06 - mean_squared_error: 1.6540e-06 - val_loss: 2.5759e-07 - val_mean_squared_error: 2.5759e-07 - 61s/epoch - 970ms/step
Epoch 6/100

Epoch 00006: mean_squared_error improved from 0.00000 to 0.00000, saving model to /gpfswork/rech/ynx/uds36vp/repos/wf-SEDs/projected_learning/wf-outputs/chkp/8_bins/chkp_callback_poly_2_cycles_256_proj_d2_0_cycle1
63/63 - 61s - loss: 1.2161e-06 - mean_squared_error: 1.5976e-06 - val_loss: 2.1427e-07 - val_mean_squared_error: 2.1427e-07 - 61s/epoch - 970ms/step
Epoch 7/100

Epoch 00007: mean_squared_error improved from 0.00000 to 0.00000, saving model to /gpfswork/rech/ynx/uds36vp/repos/wf-SEDs/projected_learning/wf-outputs/chkp/8_bins/chkp_callback_poly_2_cycles_256_proj_d2_0_cycle1
63/63 - 61s - loss: 1.1734e-06 - mean_squared_error: 1.5613e-06 - val_loss: 1.8240e-07 - val_mean_squared_error: 1.8240e-07 - 61s/epoch - 976ms/step
Epoch 8/100

Epoch 00008: mean_squared_error improved from 0.00000 to 0.00000, saving model to /gpfswork/rech/ynx/uds36vp/repos/wf-SEDs/projected_learning/wf-outputs/chkp/8_bins/chkp_callback_poly_2_cycles_256_proj_d2_0_cycle1
63/63 - 61s - loss: 1.1413e-06 - mean_squared_error: 1.5335e-06 - val_loss: 1.5777e-07 - val_mean_squared_error: 1.5777e-07 - 61s/epoch - 962ms/step
Epoch 9/100

Epoch 00009: mean_squared_error improved from 0.00000 to 0.00000, saving model to /gpfswork/rech/ynx/uds36vp/repos/wf-SEDs/projected_learning/wf-outputs/chkp/8_bins/chkp_callback_poly_2_cycles_256_proj_d2_0_cycle1
63/63 - 61s - loss: 1.1159e-06 - mean_squared_error: 1.5115e-06 - val_loss: 1.4126e-07 - val_mean_squared_error: 1.4126e-07 - 61s/epoch - 962ms/step
Epoch 10/100

Epoch 00010: mean_squared_error improved from 0.00000 to 0.00000, saving model to /gpfswork/rech/ynx/uds36vp/repos/wf-SEDs/projected_learning/wf-outputs/chkp/8_bins/chkp_callback_poly_2_cycles_256_proj_d2_0_cycle1
63/63 - 61s - loss: 1.0970e-06 - mean_squared_error: 1.4948e-06 - val_loss: 1.2368e-07 - val_mean_squared_error: 1.2368e-07 - 61s/epoch - 966ms/step
Epoch 11/100

Epoch 00011: mean_squared_error improved from 0.00000 to 0.00000, saving model to /gpfswork/rech/ynx/uds36vp/repos/wf-SEDs/projected_learning/wf-outputs/chkp/8_bins/chkp_callback_poly_2_cycles_256_proj_d2_0_cycle1
63/63 - 61s - loss: 1.0789e-06 - mean_squared_error: 1.4796e-06 - val_loss: 1.1069e-07 - val_mean_squared_error: 1.1069e-07 - 61s/epoch - 965ms/step
Epoch 12/100

Epoch 00012: mean_squared_error improved from 0.00000 to 0.00000, saving model to /gpfswork/rech/ynx/uds36vp/repos/wf-SEDs/projected_learning/wf-outputs/chkp/8_bins/chkp_callback_poly_2_cycles_256_proj_d2_0_cycle1
63/63 - 61s - loss: 1.0678e-06 - mean_squared_error: 1.4695e-06 - val_loss: 9.9636e-08 - val_mean_squared_error: 9.9636e-08 - 61s/epoch - 971ms/step
Epoch 13/100

Epoch 00013: mean_squared_error improved from 0.00000 to 0.00000, saving model to /gpfswork/rech/ynx/uds36vp/repos/wf-SEDs/projected_learning/wf-outputs/chkp/8_bins/chkp_callback_poly_2_cycles_256_proj_d2_0_cycle1
63/63 - 61s - loss: 1.0525e-06 - mean_squared_error: 1.4571e-06 - val_loss: 8.9780e-08 - val_mean_squared_error: 8.9780e-08 - 61s/epoch - 961ms/step
Epoch 14/100

Epoch 00014: mean_squared_error improved from 0.00000 to 0.00000, saving model to /gpfswork/rech/ynx/uds36vp/repos/wf-SEDs/projected_learning/wf-outputs/chkp/8_bins/chkp_callback_poly_2_cycles_256_proj_d2_0_cycle1
63/63 - 61s - loss: 1.0419e-06 - mean_squared_error: 1.4479e-06 - val_loss: 8.1203e-08 - val_mean_squared_error: 8.1203e-08 - 61s/epoch - 971ms/step
Epoch 15/100

Epoch 00015: mean_squared_error improved from 0.00000 to 0.00000, saving model to /gpfswork/rech/ynx/uds36vp/repos/wf-SEDs/projected_learning/wf-outputs/chkp/8_bins/chkp_callback_poly_2_cycles_256_proj_d2_0_cycle1
63/63 - 61s - loss: 1.0334e-06 - mean_squared_error: 1.4408e-06 - val_loss: 7.4433e-08 - val_mean_squared_error: 7.4433e-08 - 61s/epoch - 970ms/step
Epoch 16/100

Epoch 00016: mean_squared_error improved from 0.00000 to 0.00000, saving model to /gpfswork/rech/ynx/uds36vp/repos/wf-SEDs/projected_learning/wf-outputs/chkp/8_bins/chkp_callback_poly_2_cycles_256_proj_d2_0_cycle1
63/63 - 61s - loss: 1.0267e-06 - mean_squared_error: 1.4347e-06 - val_loss: 6.8139e-08 - val_mean_squared_error: 6.8139e-08 - 61s/epoch - 970ms/step
Epoch 17/100

Epoch 00017: mean_squared_error improved from 0.00000 to 0.00000, saving model to /gpfswork/rech/ynx/uds36vp/repos/wf-SEDs/projected_learning/wf-outputs/chkp/8_bins/chkp_callback_poly_2_cycles_256_proj_d2_0_cycle1
63/63 - 61s - loss: 1.0193e-06 - mean_squared_error: 1.4283e-06 - val_loss: 6.1763e-08 - val_mean_squared_error: 6.1763e-08 - 61s/epoch - 969ms/step
Epoch 18/100

Epoch 00018: mean_squared_error improved from 0.00000 to 0.00000, saving model to /gpfswork/rech/ynx/uds36vp/repos/wf-SEDs/projected_learning/wf-outputs/chkp/8_bins/chkp_callback_poly_2_cycles_256_proj_d2_0_cycle1
63/63 - 62s - loss: 1.0134e-06 - mean_squared_error: 1.4231e-06 - val_loss: 5.6752e-08 - val_mean_squared_error: 5.6752e-08 - 62s/epoch - 983ms/step
Epoch 19/100

Epoch 00019: mean_squared_error improved from 0.00000 to 0.00000, saving model to /gpfswork/rech/ynx/uds36vp/repos/wf-SEDs/projected_learning/wf-outputs/chkp/8_bins/chkp_callback_poly_2_cycles_256_proj_d2_0_cycle1
63/63 - 61s - loss: 1.0080e-06 - mean_squared_error: 1.4185e-06 - val_loss: 5.2676e-08 - val_mean_squared_error: 5.2676e-08 - 61s/epoch - 975ms/step
Epoch 20/100

Epoch 00020: mean_squared_error improved from 0.00000 to 0.00000, saving model to /gpfswork/rech/ynx/uds36vp/repos/wf-SEDs/projected_learning/wf-outputs/chkp/8_bins/chkp_callback_poly_2_cycles_256_proj_d2_0_cycle1
63/63 - 61s - loss: 1.0035e-06 - mean_squared_error: 1.4145e-06 - val_loss: 4.9177e-08 - val_mean_squared_error: 4.9177e-08 - 61s/epoch - 974ms/step
Epoch 21/100

Epoch 00021: mean_squared_error improved from 0.00000 to 0.00000, saving model to /gpfswork/rech/ynx/uds36vp/repos/wf-SEDs/projected_learning/wf-outputs/chkp/8_bins/chkp_callback_poly_2_cycles_256_proj_d2_0_cycle1
63/63 - 62s - loss: 9.9972e-07 - mean_squared_error: 1.4110e-06 - val_loss: 4.6776e-08 - val_mean_squared_error: 4.6776e-08 - 62s/epoch - 979ms/step
Epoch 22/100

Epoch 00022: mean_squared_error improved from 0.00000 to 0.00000, saving model to /gpfswork/rech/ynx/uds36vp/repos/wf-SEDs/projected_learning/wf-outputs/chkp/8_bins/chkp_callback_poly_2_cycles_256_proj_d2_0_cycle1
63/63 - 62s - loss: 9.9634e-07 - mean_squared_error: 1.4078e-06 - val_loss: 4.1829e-08 - val_mean_squared_error: 4.1829e-08 - 62s/epoch - 983ms/step
Epoch 23/100

Epoch 00023: mean_squared_error improved from 0.00000 to 0.00000, saving model to /gpfswork/rech/ynx/uds36vp/repos/wf-SEDs/projected_learning/wf-outputs/chkp/8_bins/chkp_callback_poly_2_cycles_256_proj_d2_0_cycle1
63/63 - 62s - loss: 9.9267e-07 - mean_squared_error: 1.4047e-06 - val_loss: 3.8252e-08 - val_mean_squared_error: 3.8252e-08 - 62s/epoch - 979ms/step
Epoch 24/100

Epoch 00024: mean_squared_error improved from 0.00000 to 0.00000, saving model to /gpfswork/rech/ynx/uds36vp/repos/wf-SEDs/projected_learning/wf-outputs/chkp/8_bins/chkp_callback_poly_2_cycles_256_proj_d2_0_cycle1
63/63 - 62s - loss: 9.8827e-07 - mean_squared_error: 1.4009e-06 - val_loss: 3.5360e-08 - val_mean_squared_error: 3.5360e-08 - 62s/epoch - 977ms/step
Epoch 25/100

Epoch 00025: mean_squared_error improved from 0.00000 to 0.00000, saving model to /gpfswork/rech/ynx/uds36vp/repos/wf-SEDs/projected_learning/wf-outputs/chkp/8_bins/chkp_callback_poly_2_cycles_256_proj_d2_0_cycle1
63/63 - 62s - loss: 9.8542e-07 - mean_squared_error: 1.3984e-06 - val_loss: 3.2637e-08 - val_mean_squared_error: 3.2637e-08 - 62s/epoch - 988ms/step
Epoch 26/100

Epoch 00026: mean_squared_error improved from 0.00000 to 0.00000, saving model to /gpfswork/rech/ynx/uds36vp/repos/wf-SEDs/projected_learning/wf-outputs/chkp/8_bins/chkp_callback_poly_2_cycles_256_proj_d2_0_cycle1
63/63 - 61s - loss: 9.8501e-07 - mean_squared_error: 1.3979e-06 - val_loss: 3.1432e-08 - val_mean_squared_error: 3.1432e-08 - 61s/epoch - 976ms/step
Epoch 27/100

Epoch 00027: mean_squared_error improved from 0.00000 to 0.00000, saving model to /gpfswork/rech/ynx/uds36vp/repos/wf-SEDs/projected_learning/wf-outputs/chkp/8_bins/chkp_callback_poly_2_cycles_256_proj_d2_0_cycle1
63/63 - 62s - loss: 9.8194e-07 - mean_squared_error: 1.3950e-06 - val_loss: 2.9420e-08 - val_mean_squared_error: 2.9420e-08 - 62s/epoch - 992ms/step
Epoch 28/100

Epoch 00028: mean_squared_error improved from 0.00000 to 0.00000, saving model to /gpfswork/rech/ynx/uds36vp/repos/wf-SEDs/projected_learning/wf-outputs/chkp/8_bins/chkp_callback_poly_2_cycles_256_proj_d2_0_cycle1
63/63 - 62s - loss: 9.7946e-07 - mean_squared_error: 1.3930e-06 - val_loss: 2.7487e-08 - val_mean_squared_error: 2.7487e-08 - 62s/epoch - 982ms/step
Epoch 29/100

Epoch 00029: mean_squared_error improved from 0.00000 to 0.00000, saving model to /gpfswork/rech/ynx/uds36vp/repos/wf-SEDs/projected_learning/wf-outputs/chkp/8_bins/chkp_callback_poly_2_cycles_256_proj_d2_0_cycle1
63/63 - 62s - loss: 9.7756e-07 - mean_squared_error: 1.3913e-06 - val_loss: 2.6491e-08 - val_mean_squared_error: 2.6491e-08 - 62s/epoch - 979ms/step
Epoch 30/100

Epoch 00030: mean_squared_error did not improve from 0.00000
63/63 - 63s - loss: 9.8463e-07 - mean_squared_error: 1.3953e-06 - val_loss: 2.9733e-08 - val_mean_squared_error: 2.9733e-08 - 63s/epoch - 995ms/step
Epoch 31/100

Epoch 00031: mean_squared_error improved from 0.00000 to 0.00000, saving model to /gpfswork/rech/ynx/uds36vp/repos/wf-SEDs/projected_learning/wf-outputs/chkp/8_bins/chkp_callback_poly_2_cycles_256_proj_d2_0_cycle1
63/63 - 62s - loss: 9.7679e-07 - mean_squared_error: 1.3904e-06 - val_loss: 2.4713e-08 - val_mean_squared_error: 2.4713e-08 - 62s/epoch - 979ms/step
Epoch 32/100

Epoch 00032: mean_squared_error improved from 0.00000 to 0.00000, saving model to /gpfswork/rech/ynx/uds36vp/repos/wf-SEDs/projected_learning/wf-outputs/chkp/8_bins/chkp_callback_poly_2_cycles_256_proj_d2_0_cycle1
63/63 - 61s - loss: 9.7421e-07 - mean_squared_error: 1.3882e-06 - val_loss: 2.4810e-08 - val_mean_squared_error: 2.4810e-08 - 61s/epoch - 973ms/step
Epoch 33/100

Epoch 00033: mean_squared_error improved from 0.00000 to 0.00000, saving model to /gpfswork/rech/ynx/uds36vp/repos/wf-SEDs/projected_learning/wf-outputs/chkp/8_bins/chkp_callback_poly_2_cycles_256_proj_d2_0_cycle1
63/63 - 61s - loss: 9.7444e-07 - mean_squared_error: 1.3881e-06 - val_loss: 2.3989e-08 - val_mean_squared_error: 2.3989e-08 - 61s/epoch - 973ms/step
Epoch 34/100

Epoch 00034: mean_squared_error improved from 0.00000 to 0.00000, saving model to /gpfswork/rech/ynx/uds36vp/repos/wf-SEDs/projected_learning/wf-outputs/chkp/8_bins/chkp_callback_poly_2_cycles_256_proj_d2_0_cycle1
63/63 - 62s - loss: 9.7422e-07 - mean_squared_error: 1.3878e-06 - val_loss: 2.2442e-08 - val_mean_squared_error: 2.2442e-08 - 62s/epoch - 983ms/step
Epoch 35/100

Epoch 00035: mean_squared_error improved from 0.00000 to 0.00000, saving model to /gpfswork/rech/ynx/uds36vp/repos/wf-SEDs/projected_learning/wf-outputs/chkp/8_bins/chkp_callback_poly_2_cycles_256_proj_d2_0_cycle1
63/63 - 61s - loss: 9.7016e-07 - mean_squared_error: 1.3845e-06 - val_loss: 1.8729e-08 - val_mean_squared_error: 1.8729e-08 - 61s/epoch - 972ms/step
Epoch 36/100

Epoch 00036: mean_squared_error improved from 0.00000 to 0.00000, saving model to /gpfswork/rech/ynx/uds36vp/repos/wf-SEDs/projected_learning/wf-outputs/chkp/8_bins/chkp_callback_poly_2_cycles_256_proj_d2_0_cycle1
63/63 - 62s - loss: 9.6911e-07 - mean_squared_error: 1.3836e-06 - val_loss: 1.8500e-08 - val_mean_squared_error: 1.8500e-08 - 62s/epoch - 978ms/step
Epoch 37/100

Epoch 00037: mean_squared_error did not improve from 0.00000
63/63 - 61s - loss: 9.7114e-07 - mean_squared_error: 1.3849e-06 - val_loss: 1.8088e-08 - val_mean_squared_error: 1.8088e-08 - 61s/epoch - 973ms/step
Epoch 38/100

Epoch 00038: mean_squared_error improved from 0.00000 to 0.00000, saving model to /gpfswork/rech/ynx/uds36vp/repos/wf-SEDs/projected_learning/wf-outputs/chkp/8_bins/chkp_callback_poly_2_cycles_256_proj_d2_0_cycle1
63/63 - 62s - loss: 9.6747e-07 - mean_squared_error: 1.3821e-06 - val_loss: 1.6940e-08 - val_mean_squared_error: 1.6940e-08 - 62s/epoch - 980ms/step
Epoch 39/100

Epoch 00039: mean_squared_error did not improve from 0.00000
63/63 - 62s - loss: 9.7728e-07 - mean_squared_error: 1.3898e-06 - val_loss: 3.0876e-08 - val_mean_squared_error: 3.0876e-08 - 62s/epoch - 979ms/step
Epoch 40/100

Epoch 00040: mean_squared_error did not improve from 0.00000
63/63 - 62s - loss: 1.0013e-06 - mean_squared_error: 1.4065e-06 - val_loss: 3.3405e-08 - val_mean_squared_error: 3.3405e-08 - 62s/epoch - 977ms/step
Epoch 41/100

Epoch 00041: mean_squared_error did not improve from 0.00000
63/63 - 61s - loss: 9.7949e-07 - mean_squared_error: 1.3903e-06 - val_loss: 1.8551e-08 - val_mean_squared_error: 1.8551e-08 - 61s/epoch - 967ms/step
Epoch 42/100

Epoch 00042: mean_squared_error improved from 0.00000 to 0.00000, saving model to /gpfswork/rech/ynx/uds36vp/repos/wf-SEDs/projected_learning/wf-outputs/chkp/8_bins/chkp_callback_poly_2_cycles_256_proj_d2_0_cycle1
63/63 - 61s - loss: 9.6717e-07 - mean_squared_error: 1.3814e-06 - val_loss: 1.5033e-08 - val_mean_squared_error: 1.5033e-08 - 61s/epoch - 971ms/step
Epoch 43/100

Epoch 00043: mean_squared_error improved from 0.00000 to 0.00000, saving model to /gpfswork/rech/ynx/uds36vp/repos/wf-SEDs/projected_learning/wf-outputs/chkp/8_bins/chkp_callback_poly_2_cycles_256_proj_d2_0_cycle1
63/63 - 61s - loss: 9.6424e-07 - mean_squared_error: 1.3792e-06 - val_loss: 1.5288e-08 - val_mean_squared_error: 1.5288e-08 - 61s/epoch - 970ms/step
Epoch 44/100

Epoch 00044: mean_squared_error did not improve from 0.00000
63/63 - 61s - loss: 9.6442e-07 - mean_squared_error: 1.3793e-06 - val_loss: 1.3915e-08 - val_mean_squared_error: 1.3915e-08 - 61s/epoch - 972ms/step
Epoch 45/100

Epoch 00045: mean_squared_error improved from 0.00000 to 0.00000, saving model to /gpfswork/rech/ynx/uds36vp/repos/wf-SEDs/projected_learning/wf-outputs/chkp/8_bins/chkp_callback_poly_2_cycles_256_proj_d2_0_cycle1
63/63 - 61s - loss: 9.6302e-07 - mean_squared_error: 1.3781e-06 - val_loss: 1.3002e-08 - val_mean_squared_error: 1.3002e-08 - 61s/epoch - 975ms/step
Epoch 46/100

Epoch 00046: mean_squared_error improved from 0.00000 to 0.00000, saving model to /gpfswork/rech/ynx/uds36vp/repos/wf-SEDs/projected_learning/wf-outputs/chkp/8_bins/chkp_callback_poly_2_cycles_256_proj_d2_0_cycle1
63/63 - 61s - loss: 9.6244e-07 - mean_squared_error: 1.3777e-06 - val_loss: 1.3406e-08 - val_mean_squared_error: 1.3406e-08 - 61s/epoch - 969ms/step
Epoch 47/100

Epoch 00047: mean_squared_error improved from 0.00000 to 0.00000, saving model to /gpfswork/rech/ynx/uds36vp/repos/wf-SEDs/projected_learning/wf-outputs/chkp/8_bins/chkp_callback_poly_2_cycles_256_proj_d2_0_cycle1
63/63 - 62s - loss: 9.6184e-07 - mean_squared_error: 1.3771e-06 - val_loss: 1.2407e-08 - val_mean_squared_error: 1.2407e-08 - 62s/epoch - 980ms/step
Epoch 48/100

Epoch 00048: mean_squared_error improved from 0.00000 to 0.00000, saving model to /gpfswork/rech/ynx/uds36vp/repos/wf-SEDs/projected_learning/wf-outputs/chkp/8_bins/chkp_callback_poly_2_cycles_256_proj_d2_0_cycle1
63/63 - 61s - loss: 9.6163e-07 - mean_squared_error: 1.3770e-06 - val_loss: 1.2750e-08 - val_mean_squared_error: 1.2750e-08 - 61s/epoch - 974ms/step
Epoch 49/100

Epoch 00049: mean_squared_error improved from 0.00000 to 0.00000, saving model to /gpfswork/rech/ynx/uds36vp/repos/wf-SEDs/projected_learning/wf-outputs/chkp/8_bins/chkp_callback_poly_2_cycles_256_proj_d2_0_cycle1
63/63 - 62s - loss: 9.6130e-07 - mean_squared_error: 1.3765e-06 - val_loss: 1.2833e-08 - val_mean_squared_error: 1.2833e-08 - 62s/epoch - 978ms/step
Epoch 50/100

Epoch 00050: mean_squared_error did not improve from 0.00000
63/63 - 61s - loss: 9.6139e-07 - mean_squared_error: 1.3766e-06 - val_loss: 1.1573e-08 - val_mean_squared_error: 1.1573e-08 - 61s/epoch - 968ms/step
Epoch 51/100

Epoch 00051: mean_squared_error improved from 0.00000 to 0.00000, saving model to /gpfswork/rech/ynx/uds36vp/repos/wf-SEDs/projected_learning/wf-outputs/chkp/8_bins/chkp_callback_poly_2_cycles_256_proj_d2_0_cycle1
63/63 - 61s - loss: 9.6055e-07 - mean_squared_error: 1.3759e-06 - val_loss: 1.3696e-08 - val_mean_squared_error: 1.3696e-08 - 61s/epoch - 967ms/step
Epoch 52/100

Epoch 00052: mean_squared_error did not improve from 0.00000
63/63 - 61s - loss: 9.6124e-07 - mean_squared_error: 1.3765e-06 - val_loss: 1.2332e-08 - val_mean_squared_error: 1.2332e-08 - 61s/epoch - 975ms/step
Epoch 53/100

Epoch 00053: mean_squared_error did not improve from 0.00000
63/63 - 61s - loss: 9.6260e-07 - mean_squared_error: 1.3771e-06 - val_loss: 1.7391e-08 - val_mean_squared_error: 1.7391e-08 - 61s/epoch - 968ms/step
Epoch 54/100

Epoch 00054: mean_squared_error did not improve from 0.00000
63/63 - 61s - loss: 9.6419e-07 - mean_squared_error: 1.3784e-06 - val_loss: 1.4179e-08 - val_mean_squared_error: 1.4179e-08 - 61s/epoch - 972ms/step
Epoch 55/100

Epoch 00055: mean_squared_error improved from 0.00000 to 0.00000, saving model to /gpfswork/rech/ynx/uds36vp/repos/wf-SEDs/projected_learning/wf-outputs/chkp/8_bins/chkp_callback_poly_2_cycles_256_proj_d2_0_cycle1
63/63 - 61s - loss: 9.5982e-07 - mean_squared_error: 1.3753e-06 - val_loss: 1.0988e-08 - val_mean_squared_error: 1.0988e-08 - 61s/epoch - 968ms/step
Epoch 56/100

Epoch 00056: mean_squared_error did not improve from 0.00000
63/63 - 62s - loss: 9.6038e-07 - mean_squared_error: 1.3756e-06 - val_loss: 1.2451e-08 - val_mean_squared_error: 1.2451e-08 - 62s/epoch - 981ms/step
Epoch 57/100

Epoch 00057: mean_squared_error did not improve from 0.00000
63/63 - 62s - loss: 9.6056e-07 - mean_squared_error: 1.3758e-06 - val_loss: 9.8989e-09 - val_mean_squared_error: 9.8989e-09 - 62s/epoch - 980ms/step
Epoch 58/100

Epoch 00058: mean_squared_error improved from 0.00000 to 0.00000, saving model to /gpfswork/rech/ynx/uds36vp/repos/wf-SEDs/projected_learning/wf-outputs/chkp/8_bins/chkp_callback_poly_2_cycles_256_proj_d2_0_cycle1
63/63 - 62s - loss: 9.5987e-07 - mean_squared_error: 1.3749e-06 - val_loss: 1.2364e-08 - val_mean_squared_error: 1.2364e-08 - 62s/epoch - 981ms/step
Epoch 59/100

Epoch 00059: mean_squared_error did not improve from 0.00000
63/63 - 62s - loss: 9.6233e-07 - mean_squared_error: 1.3776e-06 - val_loss: 1.0060e-08 - val_mean_squared_error: 1.0060e-08 - 62s/epoch - 982ms/step
Epoch 60/100

Epoch 00060: mean_squared_error improved from 0.00000 to 0.00000, saving model to /gpfswork/rech/ynx/uds36vp/repos/wf-SEDs/projected_learning/wf-outputs/chkp/8_bins/chkp_callback_poly_2_cycles_256_proj_d2_0_cycle1
63/63 - 61s - loss: 9.5803e-07 - mean_squared_error: 1.3736e-06 - val_loss: 1.1050e-08 - val_mean_squared_error: 1.1050e-08 - 61s/epoch - 971ms/step
Epoch 61/100

Epoch 00061: mean_squared_error did not improve from 0.00000
63/63 - 61s - loss: 9.5806e-07 - mean_squared_error: 1.3737e-06 - val_loss: 9.2799e-09 - val_mean_squared_error: 9.2799e-09 - 61s/epoch - 970ms/step
Epoch 62/100

Epoch 00062: mean_squared_error improved from 0.00000 to 0.00000, saving model to /gpfswork/rech/ynx/uds36vp/repos/wf-SEDs/projected_learning/wf-outputs/chkp/8_bins/chkp_callback_poly_2_cycles_256_proj_d2_0_cycle1
63/63 - 61s - loss: 9.5737e-07 - mean_squared_error: 1.3730e-06 - val_loss: 9.0945e-09 - val_mean_squared_error: 9.0945e-09 - 61s/epoch - 971ms/step
Epoch 63/100

Epoch 00063: mean_squared_error did not improve from 0.00000
63/63 - 61s - loss: 9.5822e-07 - mean_squared_error: 1.3736e-06 - val_loss: 9.3149e-09 - val_mean_squared_error: 9.3149e-09 - 61s/epoch - 976ms/step
Epoch 64/100

Epoch 00064: mean_squared_error did not improve from 0.00000
63/63 - 61s - loss: 9.5811e-07 - mean_squared_error: 1.3735e-06 - val_loss: 9.6808e-09 - val_mean_squared_error: 9.6808e-09 - 61s/epoch - 971ms/step
Epoch 65/100

Epoch 00065: mean_squared_error improved from 0.00000 to 0.00000, saving model to /gpfswork/rech/ynx/uds36vp/repos/wf-SEDs/projected_learning/wf-outputs/chkp/8_bins/chkp_callback_poly_2_cycles_256_proj_d2_0_cycle1
63/63 - 62s - loss: 9.5714e-07 - mean_squared_error: 1.3728e-06 - val_loss: 9.1569e-09 - val_mean_squared_error: 9.1569e-09 - 62s/epoch - 980ms/step
Epoch 66/100

Epoch 00066: mean_squared_error did not improve from 0.00000
63/63 - 62s - loss: 9.5962e-07 - mean_squared_error: 1.3746e-06 - val_loss: 1.6048e-08 - val_mean_squared_error: 1.6048e-08 - 62s/epoch - 979ms/step
Epoch 67/100

Epoch 00067: mean_squared_error did not improve from 0.00000
63/63 - 62s - loss: 9.6521e-07 - mean_squared_error: 1.3789e-06 - val_loss: 1.5585e-08 - val_mean_squared_error: 1.5585e-08 - 62s/epoch - 977ms/step
Epoch 68/100

Epoch 00068: mean_squared_error did not improve from 0.00000
63/63 - 61s - loss: 9.6460e-07 - mean_squared_error: 1.3782e-06 - val_loss: 9.6258e-09 - val_mean_squared_error: 9.6258e-09 - 61s/epoch - 967ms/step
Epoch 69/100

Epoch 00069: mean_squared_error did not improve from 0.00000
63/63 - 60s - loss: 9.5846e-07 - mean_squared_error: 1.3737e-06 - val_loss: 1.4063e-08 - val_mean_squared_error: 1.4063e-08 - 60s/epoch - 957ms/step
Epoch 70/100

Epoch 00070: mean_squared_error did not improve from 0.00000
63/63 - 61s - loss: 9.5883e-07 - mean_squared_error: 1.3742e-06 - val_loss: 8.8913e-09 - val_mean_squared_error: 8.8913e-09 - 61s/epoch - 965ms/step
Epoch 71/100

Epoch 00071: mean_squared_error improved from 0.00000 to 0.00000, saving model to /gpfswork/rech/ynx/uds36vp/repos/wf-SEDs/projected_learning/wf-outputs/chkp/8_bins/chkp_callback_poly_2_cycles_256_proj_d2_0_cycle1
63/63 - 61s - loss: 9.5651e-07 - mean_squared_error: 1.3722e-06 - val_loss: 8.4910e-09 - val_mean_squared_error: 8.4910e-09 - 61s/epoch - 976ms/step
Epoch 72/100

Epoch 00072: mean_squared_error improved from 0.00000 to 0.00000, saving model to /gpfswork/rech/ynx/uds36vp/repos/wf-SEDs/projected_learning/wf-outputs/chkp/8_bins/chkp_callback_poly_2_cycles_256_proj_d2_0_cycle1
63/63 - 62s - loss: 9.5635e-07 - mean_squared_error: 1.3720e-06 - val_loss: 9.1199e-09 - val_mean_squared_error: 9.1199e-09 - 62s/epoch - 981ms/step
Epoch 73/100

Epoch 00073: mean_squared_error improved from 0.00000 to 0.00000, saving model to /gpfswork/rech/ynx/uds36vp/repos/wf-SEDs/projected_learning/wf-outputs/chkp/8_bins/chkp_callback_poly_2_cycles_256_proj_d2_0_cycle1
63/63 - 61s - loss: 9.5590e-07 - mean_squared_error: 1.3718e-06 - val_loss: 8.6440e-09 - val_mean_squared_error: 8.6440e-09 - 61s/epoch - 964ms/step
Epoch 74/100

Epoch 00074: mean_squared_error did not improve from 0.00000
63/63 - 62s - loss: 9.5639e-07 - mean_squared_error: 1.3720e-06 - val_loss: 9.2527e-09 - val_mean_squared_error: 9.2527e-09 - 62s/epoch - 978ms/step
Epoch 75/100

Epoch 00075: mean_squared_error did not improve from 0.00000
63/63 - 61s - loss: 9.5783e-07 - mean_squared_error: 1.3732e-06 - val_loss: 9.3945e-09 - val_mean_squared_error: 9.3945e-09 - 61s/epoch - 974ms/step
Epoch 76/100

Epoch 00076: mean_squared_error improved from 0.00000 to 0.00000, saving model to /gpfswork/rech/ynx/uds36vp/repos/wf-SEDs/projected_learning/wf-outputs/chkp/8_bins/chkp_callback_poly_2_cycles_256_proj_d2_0_cycle1
63/63 - 61s - loss: 9.5589e-07 - mean_squared_error: 1.3717e-06 - val_loss: 9.5528e-09 - val_mean_squared_error: 9.5528e-09 - 61s/epoch - 974ms/step
Epoch 77/100

Epoch 00077: mean_squared_error improved from 0.00000 to 0.00000, saving model to /gpfswork/rech/ynx/uds36vp/repos/wf-SEDs/projected_learning/wf-outputs/chkp/8_bins/chkp_callback_poly_2_cycles_256_proj_d2_0_cycle1
63/63 - 62s - loss: 9.5559e-07 - mean_squared_error: 1.3714e-06 - val_loss: 7.8415e-09 - val_mean_squared_error: 7.8415e-09 - 62s/epoch - 977ms/step
Epoch 78/100

Epoch 00078: mean_squared_error did not improve from 0.00000
63/63 - 62s - loss: 9.5586e-07 - mean_squared_error: 1.3717e-06 - val_loss: 7.3316e-09 - val_mean_squared_error: 7.3316e-09 - 62s/epoch - 980ms/step
Epoch 79/100

Epoch 00079: mean_squared_error improved from 0.00000 to 0.00000, saving model to /gpfswork/rech/ynx/uds36vp/repos/wf-SEDs/projected_learning/wf-outputs/chkp/8_bins/chkp_callback_poly_2_cycles_256_proj_d2_0_cycle1
63/63 - 62s - loss: 9.5520e-07 - mean_squared_error: 1.3710e-06 - val_loss: 8.5354e-09 - val_mean_squared_error: 8.5354e-09 - 62s/epoch - 980ms/step
Epoch 80/100

Epoch 00080: mean_squared_error did not improve from 0.00000
63/63 - 61s - loss: 9.5664e-07 - mean_squared_error: 1.3722e-06 - val_loss: 1.0155e-08 - val_mean_squared_error: 1.0155e-08 - 61s/epoch - 965ms/step
Epoch 81/100

Epoch 00081: mean_squared_error did not improve from 0.00000
63/63 - 61s - loss: 9.5545e-07 - mean_squared_error: 1.3714e-06 - val_loss: 6.8809e-09 - val_mean_squared_error: 6.8809e-09 - 61s/epoch - 973ms/step
Epoch 82/100

Epoch 00082: mean_squared_error improved from 0.00000 to 0.00000, saving model to /gpfswork/rech/ynx/uds36vp/repos/wf-SEDs/projected_learning/wf-outputs/chkp/8_bins/chkp_callback_poly_2_cycles_256_proj_d2_0_cycle1
63/63 - 61s - loss: 9.5463e-07 - mean_squared_error: 1.3707e-06 - val_loss: 7.2512e-09 - val_mean_squared_error: 7.2512e-09 - 61s/epoch - 969ms/step
Epoch 83/100

Epoch 00083: mean_squared_error improved from 0.00000 to 0.00000, saving model to /gpfswork/rech/ynx/uds36vp/repos/wf-SEDs/projected_learning/wf-outputs/chkp/8_bins/chkp_callback_poly_2_cycles_256_proj_d2_0_cycle1
63/63 - 62s - loss: 9.5474e-07 - mean_squared_error: 1.3706e-06 - val_loss: 7.0655e-09 - val_mean_squared_error: 7.0655e-09 - 62s/epoch - 976ms/step
Epoch 84/100

Epoch 00084: mean_squared_error improved from 0.00000 to 0.00000, saving model to /gpfswork/rech/ynx/uds36vp/repos/wf-SEDs/projected_learning/wf-outputs/chkp/8_bins/chkp_callback_poly_2_cycles_256_proj_d2_0_cycle1
63/63 - 61s - loss: 9.5418e-07 - mean_squared_error: 1.3702e-06 - val_loss: 7.2905e-09 - val_mean_squared_error: 7.2905e-09 - 61s/epoch - 974ms/step
Epoch 85/100

Epoch 00085: mean_squared_error did not improve from 0.00000
63/63 - 62s - loss: 9.5429e-07 - mean_squared_error: 1.3703e-06 - val_loss: 6.9237e-09 - val_mean_squared_error: 6.9237e-09 - 62s/epoch - 980ms/step
Epoch 86/100

Epoch 00086: mean_squared_error did not improve from 0.00000
63/63 - 62s - loss: 9.5456e-07 - mean_squared_error: 1.3705e-06 - val_loss: 8.1850e-09 - val_mean_squared_error: 8.1850e-09 - 62s/epoch - 983ms/step
Epoch 87/100

Epoch 00087: mean_squared_error did not improve from 0.00000
63/63 - 62s - loss: 9.6052e-07 - mean_squared_error: 1.3751e-06 - val_loss: 9.1982e-09 - val_mean_squared_error: 9.1982e-09 - 62s/epoch - 981ms/step
Epoch 88/100

Epoch 00088: mean_squared_error did not improve from 0.00000
63/63 - 61s - loss: 9.5546e-07 - mean_squared_error: 1.3711e-06 - val_loss: 6.5974e-09 - val_mean_squared_error: 6.5974e-09 - 61s/epoch - 972ms/step
Epoch 89/100

Epoch 00089: mean_squared_error did not improve from 0.00000
63/63 - 61s - loss: 9.5471e-07 - mean_squared_error: 1.3706e-06 - val_loss: 7.1319e-09 - val_mean_squared_error: 7.1319e-09 - 61s/epoch - 975ms/step
Epoch 90/100

Epoch 00090: mean_squared_error improved from 0.00000 to 0.00000, saving model to /gpfswork/rech/ynx/uds36vp/repos/wf-SEDs/projected_learning/wf-outputs/chkp/8_bins/chkp_callback_poly_2_cycles_256_proj_d2_0_cycle1
63/63 - 61s - loss: 9.5413e-07 - mean_squared_error: 1.3701e-06 - val_loss: 6.5686e-09 - val_mean_squared_error: 6.5686e-09 - 61s/epoch - 974ms/step
Epoch 91/100

Epoch 00091: mean_squared_error did not improve from 0.00000
63/63 - 61s - loss: 9.5458e-07 - mean_squared_error: 1.3703e-06 - val_loss: 8.4209e-09 - val_mean_squared_error: 8.4209e-09 - 61s/epoch - 972ms/step
Epoch 92/100

Epoch 00092: mean_squared_error did not improve from 0.00000
63/63 - 60s - loss: 9.5494e-07 - mean_squared_error: 1.3706e-06 - val_loss: 6.8529e-09 - val_mean_squared_error: 6.8529e-09 - 60s/epoch - 956ms/step
Epoch 93/100

Epoch 00093: mean_squared_error did not improve from 0.00000
63/63 - 61s - loss: 9.5491e-07 - mean_squared_error: 1.3706e-06 - val_loss: 7.3183e-09 - val_mean_squared_error: 7.3183e-09 - 61s/epoch - 968ms/step
Epoch 94/100

Epoch 00094: mean_squared_error did not improve from 0.00000
63/63 - 61s - loss: 9.5495e-07 - mean_squared_error: 1.3704e-06 - val_loss: 6.6203e-09 - val_mean_squared_error: 6.6203e-09 - 61s/epoch - 972ms/step
Epoch 95/100

Epoch 00095: mean_squared_error improved from 0.00000 to 0.00000, saving model to /gpfswork/rech/ynx/uds36vp/repos/wf-SEDs/projected_learning/wf-outputs/chkp/8_bins/chkp_callback_poly_2_cycles_256_proj_d2_0_cycle1
63/63 - 61s - loss: 9.5422e-07 - mean_squared_error: 1.3701e-06 - val_loss: 6.8678e-09 - val_mean_squared_error: 6.8678e-09 - 61s/epoch - 972ms/step
Epoch 96/100

Epoch 00096: mean_squared_error did not improve from 0.00000
63/63 - 62s - loss: 9.5457e-07 - mean_squared_error: 1.3703e-06 - val_loss: 6.3525e-09 - val_mean_squared_error: 6.3525e-09 - 62s/epoch - 982ms/step
Epoch 97/100

Epoch 00097: mean_squared_error improved from 0.00000 to 0.00000, saving model to /gpfswork/rech/ynx/uds36vp/repos/wf-SEDs/projected_learning/wf-outputs/chkp/8_bins/chkp_callback_poly_2_cycles_256_proj_d2_0_cycle1
63/63 - 60s - loss: 9.5382e-07 - mean_squared_error: 1.3697e-06 - val_loss: 6.8150e-09 - val_mean_squared_error: 6.8150e-09 - 60s/epoch - 960ms/step
Epoch 98/100

Epoch 00098: mean_squared_error did not improve from 0.00000
63/63 - 61s - loss: 9.5377e-07 - mean_squared_error: 1.3698e-06 - val_loss: 8.4468e-09 - val_mean_squared_error: 8.4468e-09 - 61s/epoch - 971ms/step
Epoch 99/100

Epoch 00099: mean_squared_error did not improve from 0.00000
63/63 - 61s - loss: 9.5449e-07 - mean_squared_error: 1.3704e-06 - val_loss: 8.7788e-09 - val_mean_squared_error: 8.7788e-09 - 61s/epoch - 964ms/step
Epoch 100/100

Epoch 00100: mean_squared_error did not improve from 0.00000
63/63 - 60s - loss: 9.5979e-07 - mean_squared_error: 1.3742e-06 - val_loss: 7.0497e-09 - val_mean_squared_error: 7.0497e-09 - 60s/epoch - 957ms/step
Cycle1 elapsed time: 7008.463349
Project non-param DD features onto param model: done!
Starting cycle 2..
Starting parametric update..
Epoch 1/15

Epoch 00001: mean_squared_error improved from inf to 0.00000, saving model to /gpfswork/rech/ynx/uds36vp/repos/wf-SEDs/projected_learning/wf-outputs/chkp/8_bins/chkp_callback_poly_2_cycles_256_proj_d2_0_cycle2
63/63 - 59s - loss: 9.5377e-07 - mean_squared_error: 1.3697e-06 - val_loss: 7.8527e-09 - val_mean_squared_error: 7.8527e-09 - 59s/epoch - 936ms/step
Epoch 2/15

Epoch 00002: mean_squared_error did not improve from 0.00000
63/63 - 57s - loss: 9.5427e-07 - mean_squared_error: 1.3703e-06 - val_loss: 9.1989e-09 - val_mean_squared_error: 9.1989e-09 - 57s/epoch - 899ms/step
Epoch 3/15

Epoch 00003: mean_squared_error did not improve from 0.00000
63/63 - 57s - loss: 9.5630e-07 - mean_squared_error: 1.3721e-06 - val_loss: 8.1753e-09 - val_mean_squared_error: 8.1753e-09 - 57s/epoch - 899ms/step
Epoch 4/15

Epoch 00004: mean_squared_error did not improve from 0.00000
63/63 - 57s - loss: 9.5768e-07 - mean_squared_error: 1.3732e-06 - val_loss: 1.0261e-08 - val_mean_squared_error: 1.0261e-08 - 57s/epoch - 899ms/step
Epoch 5/15

Epoch 00005: mean_squared_error did not improve from 0.00000
63/63 - 57s - loss: 9.6063e-07 - mean_squared_error: 1.3753e-06 - val_loss: 1.0996e-08 - val_mean_squared_error: 1.0996e-08 - 57s/epoch - 899ms/step
Epoch 6/15

Epoch 00006: mean_squared_error did not improve from 0.00000
63/63 - 57s - loss: 9.6048e-07 - mean_squared_error: 1.3756e-06 - val_loss: 1.4321e-08 - val_mean_squared_error: 1.4321e-08 - 57s/epoch - 899ms/step
Epoch 7/15

Epoch 00007: mean_squared_error did not improve from 0.00000
63/63 - 56s - loss: 9.6430e-07 - mean_squared_error: 1.3788e-06 - val_loss: 1.2463e-08 - val_mean_squared_error: 1.2463e-08 - 56s/epoch - 897ms/step
Epoch 8/15

Epoch 00008: mean_squared_error did not improve from 0.00000
63/63 - 57s - loss: 9.6162e-07 - mean_squared_error: 1.3765e-06 - val_loss: 1.9226e-08 - val_mean_squared_error: 1.9226e-08 - 57s/epoch - 906ms/step
Epoch 9/15

Epoch 00009: mean_squared_error did not improve from 0.00000
63/63 - 57s - loss: 9.6468e-07 - mean_squared_error: 1.3790e-06 - val_loss: 3.5205e-08 - val_mean_squared_error: 3.5205e-08 - 57s/epoch - 907ms/step
Epoch 10/15

Epoch 00010: mean_squared_error did not improve from 0.00000
63/63 - 57s - loss: 1.0135e-06 - mean_squared_error: 1.4196e-06 - val_loss: 1.8308e-08 - val_mean_squared_error: 1.8308e-08 - 57s/epoch - 903ms/step
Epoch 11/15

Epoch 00011: mean_squared_error did not improve from 0.00000
63/63 - 57s - loss: 9.6274e-07 - mean_squared_error: 1.3774e-06 - val_loss: 1.4059e-08 - val_mean_squared_error: 1.4059e-08 - 57s/epoch - 904ms/step
Epoch 12/15

Epoch 00012: mean_squared_error did not improve from 0.00000
63/63 - 57s - loss: 9.5792e-07 - mean_squared_error: 1.3733e-06 - val_loss: 1.9232e-08 - val_mean_squared_error: 1.9232e-08 - 57s/epoch - 905ms/step
Epoch 13/15

Epoch 00013: mean_squared_error did not improve from 0.00000
63/63 - 57s - loss: 1.0013e-06 - mean_squared_error: 1.4108e-06 - val_loss: 3.3584e-08 - val_mean_squared_error: 3.3584e-08 - 57s/epoch - 904ms/step
Epoch 14/15

Epoch 00014: mean_squared_error did not improve from 0.00000
63/63 - 57s - loss: 9.7263e-07 - mean_squared_error: 1.3853e-06 - val_loss: 1.1338e-08 - val_mean_squared_error: 1.1338e-08 - 57s/epoch - 903ms/step
Epoch 15/15

Epoch 00015: mean_squared_error did not improve from 0.00000
63/63 - 57s - loss: 9.5960e-07 - mean_squared_error: 1.3746e-06 - val_loss: 1.2050e-08 - val_mean_squared_error: 1.2050e-08 - 57s/epoch - 904ms/step
Starting non-parametric update..
Epoch 1/50

Epoch 00001: mean_squared_error did not improve from 0.00000
63/63 - 59s - loss: 9.5431e-07 - mean_squared_error: 1.3702e-06 - val_loss: 5.6398e-09 - val_mean_squared_error: 5.6398e-09 - 59s/epoch - 943ms/step
Epoch 2/50

Epoch 00002: mean_squared_error improved from 0.00000 to 0.00000, saving model to /gpfswork/rech/ynx/uds36vp/repos/wf-SEDs/projected_learning/wf-outputs/chkp/8_bins/chkp_callback_poly_2_cycles_256_proj_d2_0_cycle2
63/63 - 57s - loss: 9.5169e-07 - mean_squared_error: 1.3681e-06 - val_loss: 5.3696e-09 - val_mean_squared_error: 5.3696e-09 - 57s/epoch - 912ms/step
Epoch 3/50

Epoch 00003: mean_squared_error improved from 0.00000 to 0.00000, saving model to /gpfswork/rech/ynx/uds36vp/repos/wf-SEDs/projected_learning/wf-outputs/chkp/8_bins/chkp_callback_poly_2_cycles_256_proj_d2_0_cycle2
63/63 - 57s - loss: 9.5157e-07 - mean_squared_error: 1.3680e-06 - val_loss: 5.1960e-09 - val_mean_squared_error: 5.1960e-09 - 57s/epoch - 907ms/step
Epoch 4/50

Epoch 00004: mean_squared_error improved from 0.00000 to 0.00000, saving model to /gpfswork/rech/ynx/uds36vp/repos/wf-SEDs/projected_learning/wf-outputs/chkp/8_bins/chkp_callback_poly_2_cycles_256_proj_d2_0_cycle2
63/63 - 58s - loss: 9.5148e-07 - mean_squared_error: 1.3679e-06 - val_loss: 5.2726e-09 - val_mean_squared_error: 5.2726e-09 - 58s/epoch - 913ms/step
Epoch 5/50

Epoch 00005: mean_squared_error did not improve from 0.00000
63/63 - 57s - loss: 9.5150e-07 - mean_squared_error: 1.3679e-06 - val_loss: 5.3047e-09 - val_mean_squared_error: 5.3047e-09 - 57s/epoch - 911ms/step
Epoch 6/50

Epoch 00006: mean_squared_error did not improve from 0.00000
63/63 - 57s - loss: 9.5155e-07 - mean_squared_error: 1.3680e-06 - val_loss: 5.2682e-09 - val_mean_squared_error: 5.2682e-09 - 57s/epoch - 911ms/step
Epoch 7/50

Epoch 00007: mean_squared_error did not improve from 0.00000
63/63 - 57s - loss: 9.5151e-07 - mean_squared_error: 1.3679e-06 - val_loss: 5.2978e-09 - val_mean_squared_error: 5.2978e-09 - 57s/epoch - 911ms/step
Epoch 8/50

Epoch 00008: mean_squared_error improved from 0.00000 to 0.00000, saving model to /gpfswork/rech/ynx/uds36vp/repos/wf-SEDs/projected_learning/wf-outputs/chkp/8_bins/chkp_callback_poly_2_cycles_256_proj_d2_0_cycle2
63/63 - 57s - loss: 9.5144e-07 - mean_squared_error: 1.3679e-06 - val_loss: 5.2004e-09 - val_mean_squared_error: 5.2004e-09 - 57s/epoch - 912ms/step
Epoch 9/50

Epoch 00009: mean_squared_error did not improve from 0.00000
63/63 - 57s - loss: 9.5158e-07 - mean_squared_error: 1.3680e-06 - val_loss: 5.3236e-09 - val_mean_squared_error: 5.3236e-09 - 57s/epoch - 912ms/step
Epoch 10/50

Epoch 00010: mean_squared_error did not improve from 0.00000
63/63 - 57s - loss: 9.5162e-07 - mean_squared_error: 1.3681e-06 - val_loss: 5.2245e-09 - val_mean_squared_error: 5.2245e-09 - 57s/epoch - 911ms/step
Epoch 11/50

Epoch 00011: mean_squared_error did not improve from 0.00000
63/63 - 57s - loss: 9.5150e-07 - mean_squared_error: 1.3679e-06 - val_loss: 5.2963e-09 - val_mean_squared_error: 5.2963e-09 - 57s/epoch - 912ms/step
Epoch 12/50

Epoch 00012: mean_squared_error did not improve from 0.00000
63/63 - 57s - loss: 9.5154e-07 - mean_squared_error: 1.3680e-06 - val_loss: 5.4312e-09 - val_mean_squared_error: 5.4312e-09 - 57s/epoch - 913ms/step
Epoch 13/50

Epoch 00013: mean_squared_error did not improve from 0.00000
63/63 - 57s - loss: 9.5150e-07 - mean_squared_error: 1.3679e-06 - val_loss: 5.4341e-09 - val_mean_squared_error: 5.4341e-09 - 57s/epoch - 907ms/step
Epoch 14/50

Epoch 00014: mean_squared_error did not improve from 0.00000
63/63 - 57s - loss: 9.5154e-07 - mean_squared_error: 1.3680e-06 - val_loss: 5.2577e-09 - val_mean_squared_error: 5.2577e-09 - 57s/epoch - 910ms/step
Epoch 15/50

Epoch 00015: mean_squared_error improved from 0.00000 to 0.00000, saving model to /gpfswork/rech/ynx/uds36vp/repos/wf-SEDs/projected_learning/wf-outputs/chkp/8_bins/chkp_callback_poly_2_cycles_256_proj_d2_0_cycle2
63/63 - 57s - loss: 9.5147e-07 - mean_squared_error: 1.3679e-06 - val_loss: 5.3260e-09 - val_mean_squared_error: 5.3260e-09 - 57s/epoch - 908ms/step
Epoch 16/50

Epoch 00016: mean_squared_error did not improve from 0.00000
63/63 - 57s - loss: 9.5152e-07 - mean_squared_error: 1.3679e-06 - val_loss: 5.2428e-09 - val_mean_squared_error: 5.2428e-09 - 57s/epoch - 910ms/step
Epoch 17/50

Epoch 00017: mean_squared_error did not improve from 0.00000
63/63 - 57s - loss: 9.5155e-07 - mean_squared_error: 1.3679e-06 - val_loss: 5.2959e-09 - val_mean_squared_error: 5.2959e-09 - 57s/epoch - 908ms/step
Epoch 18/50

Epoch 00018: mean_squared_error did not improve from 0.00000
63/63 - 57s - loss: 9.5145e-07 - mean_squared_error: 1.3679e-06 - val_loss: 5.3871e-09 - val_mean_squared_error: 5.3871e-09 - 57s/epoch - 910ms/step
Epoch 19/50

Epoch 00019: mean_squared_error did not improve from 0.00000
63/63 - 57s - loss: 9.5153e-07 - mean_squared_error: 1.3679e-06 - val_loss: 5.1752e-09 - val_mean_squared_error: 5.1752e-09 - 57s/epoch - 911ms/step
Epoch 20/50

Epoch 00020: mean_squared_error did not improve from 0.00000
63/63 - 57s - loss: 9.5146e-07 - mean_squared_error: 1.3679e-06 - val_loss: 5.2934e-09 - val_mean_squared_error: 5.2934e-09 - 57s/epoch - 907ms/step
Epoch 21/50

Epoch 00021: mean_squared_error did not improve from 0.00000
63/63 - 57s - loss: 9.5156e-07 - mean_squared_error: 1.3679e-06 - val_loss: 5.2957e-09 - val_mean_squared_error: 5.2957e-09 - 57s/epoch - 911ms/step
Epoch 22/50

Epoch 00022: mean_squared_error did not improve from 0.00000
63/63 - 57s - loss: 9.5146e-07 - mean_squared_error: 1.3679e-06 - val_loss: 5.4038e-09 - val_mean_squared_error: 5.4038e-09 - 57s/epoch - 908ms/step
Epoch 23/50

Epoch 00023: mean_squared_error improved from 0.00000 to 0.00000, saving model to /gpfswork/rech/ynx/uds36vp/repos/wf-SEDs/projected_learning/wf-outputs/chkp/8_bins/chkp_callback_poly_2_cycles_256_proj_d2_0_cycle2
63/63 - 58s - loss: 9.5139e-07 - mean_squared_error: 1.3678e-06 - val_loss: 5.5174e-09 - val_mean_squared_error: 5.5174e-09 - 58s/epoch - 913ms/step
Epoch 24/50

Epoch 00024: mean_squared_error did not improve from 0.00000
63/63 - 57s - loss: 9.5161e-07 - mean_squared_error: 1.3680e-06 - val_loss: 5.1786e-09 - val_mean_squared_error: 5.1786e-09 - 57s/epoch - 908ms/step
Epoch 25/50

Epoch 00025: mean_squared_error did not improve from 0.00000
63/63 - 57s - loss: 9.5140e-07 - mean_squared_error: 1.3678e-06 - val_loss: 5.1287e-09 - val_mean_squared_error: 5.1287e-09 - 57s/epoch - 909ms/step
Epoch 26/50

Epoch 00026: mean_squared_error improved from 0.00000 to 0.00000, saving model to /gpfswork/rech/ynx/uds36vp/repos/wf-SEDs/projected_learning/wf-outputs/chkp/8_bins/chkp_callback_poly_2_cycles_256_proj_d2_0_cycle2
63/63 - 57s - loss: 9.5141e-07 - mean_squared_error: 1.3678e-06 - val_loss: 5.1257e-09 - val_mean_squared_error: 5.1257e-09 - 57s/epoch - 910ms/step
Epoch 27/50

Epoch 00027: mean_squared_error did not improve from 0.00000
63/63 - 57s - loss: 9.5142e-07 - mean_squared_error: 1.3678e-06 - val_loss: 5.4189e-09 - val_mean_squared_error: 5.4189e-09 - 57s/epoch - 906ms/step
Epoch 28/50

Epoch 00028: mean_squared_error improved from 0.00000 to 0.00000, saving model to /gpfswork/rech/ynx/uds36vp/repos/wf-SEDs/projected_learning/wf-outputs/chkp/8_bins/chkp_callback_poly_2_cycles_256_proj_d2_0_cycle2
63/63 - 57s - loss: 9.5126e-07 - mean_squared_error: 1.3677e-06 - val_loss: 5.2625e-09 - val_mean_squared_error: 5.2625e-09 - 57s/epoch - 902ms/step
Epoch 29/50

Epoch 00029: mean_squared_error did not improve from 0.00000
63/63 - 57s - loss: 9.5137e-07 - mean_squared_error: 1.3678e-06 - val_loss: 5.1900e-09 - val_mean_squared_error: 5.1900e-09 - 57s/epoch - 899ms/step
Epoch 30/50

Epoch 00030: mean_squared_error did not improve from 0.00000
63/63 - 57s - loss: 9.5130e-07 - mean_squared_error: 1.3677e-06 - val_loss: 5.1948e-09 - val_mean_squared_error: 5.1948e-09 - 57s/epoch - 903ms/step
Epoch 31/50

Epoch 00031: mean_squared_error did not improve from 0.00000
63/63 - 57s - loss: 9.5134e-07 - mean_squared_error: 1.3678e-06 - val_loss: 5.4898e-09 - val_mean_squared_error: 5.4898e-09 - 57s/epoch - 900ms/step
Epoch 32/50

Epoch 00032: mean_squared_error did not improve from 0.00000
63/63 - 56s - loss: 9.5139e-07 - mean_squared_error: 1.3678e-06 - val_loss: 5.1377e-09 - val_mean_squared_error: 5.1377e-09 - 56s/epoch - 892ms/step
Epoch 33/50

Epoch 00033: mean_squared_error improved from 0.00000 to 0.00000, saving model to /gpfswork/rech/ynx/uds36vp/repos/wf-SEDs/projected_learning/wf-outputs/chkp/8_bins/chkp_callback_poly_2_cycles_256_proj_d2_0_cycle2
63/63 - 61s - loss: 9.5118e-07 - mean_squared_error: 1.3676e-06 - val_loss: 5.1864e-09 - val_mean_squared_error: 5.1864e-09 - 61s/epoch - 967ms/step
Epoch 34/50

Epoch 00034: mean_squared_error did not improve from 0.00000
63/63 - 57s - loss: 9.5161e-07 - mean_squared_error: 1.3679e-06 - val_loss: 5.1604e-09 - val_mean_squared_error: 5.1604e-09 - 57s/epoch - 908ms/step
Epoch 35/50

Epoch 00035: mean_squared_error did not improve from 0.00000
63/63 - 57s - loss: 9.5129e-07 - mean_squared_error: 1.3677e-06 - val_loss: 5.0906e-09 - val_mean_squared_error: 5.0906e-09 - 57s/epoch - 910ms/step
Epoch 36/50

Epoch 00036: mean_squared_error improved from 0.00000 to 0.00000, saving model to /gpfswork/rech/ynx/uds36vp/repos/wf-SEDs/projected_learning/wf-outputs/chkp/8_bins/chkp_callback_poly_2_cycles_256_proj_d2_0_cycle2
63/63 - 57s - loss: 9.5114e-07 - mean_squared_error: 1.3676e-06 - val_loss: 5.0464e-09 - val_mean_squared_error: 5.0464e-09 - 57s/epoch - 909ms/step
Epoch 37/50

Epoch 00037: mean_squared_error improved from 0.00000 to 0.00000, saving model to /gpfswork/rech/ynx/uds36vp/repos/wf-SEDs/projected_learning/wf-outputs/chkp/8_bins/chkp_callback_poly_2_cycles_256_proj_d2_0_cycle2
63/63 - 57s - loss: 9.5111e-07 - mean_squared_error: 1.3675e-06 - val_loss: 5.5573e-09 - val_mean_squared_error: 5.5573e-09 - 57s/epoch - 905ms/step
Epoch 38/50

Epoch 00038: mean_squared_error did not improve from 0.00000
63/63 - 57s - loss: 9.5127e-07 - mean_squared_error: 1.3677e-06 - val_loss: 5.3566e-09 - val_mean_squared_error: 5.3566e-09 - 57s/epoch - 908ms/step
Epoch 39/50

Epoch 00039: mean_squared_error did not improve from 0.00000
63/63 - 57s - loss: 9.5127e-07 - mean_squared_error: 1.3677e-06 - val_loss: 5.5057e-09 - val_mean_squared_error: 5.5057e-09 - 57s/epoch - 907ms/step
Epoch 40/50

Epoch 00040: mean_squared_error did not improve from 0.00000
63/63 - 57s - loss: 9.5143e-07 - mean_squared_error: 1.3678e-06 - val_loss: 6.2385e-09 - val_mean_squared_error: 6.2385e-09 - 57s/epoch - 910ms/step
Epoch 41/50

Epoch 00041: mean_squared_error did not improve from 0.00000
63/63 - 57s - loss: 9.5158e-07 - mean_squared_error: 1.3679e-06 - val_loss: 5.2730e-09 - val_mean_squared_error: 5.2730e-09 - 57s/epoch - 906ms/step
Epoch 42/50

Epoch 00042: mean_squared_error did not improve from 0.00000
63/63 - 55s - loss: 9.5118e-07 - mean_squared_error: 1.3676e-06 - val_loss: 5.3316e-09 - val_mean_squared_error: 5.3316e-09 - 55s/epoch - 865ms/step
Epoch 43/50

Epoch 00043: mean_squared_error improved from 0.00000 to 0.00000, saving model to /gpfswork/rech/ynx/uds36vp/repos/wf-SEDs/projected_learning/wf-outputs/chkp/8_bins/chkp_callback_poly_2_cycles_256_proj_d2_0_cycle2
63/63 - 53s - loss: 9.5103e-07 - mean_squared_error: 1.3675e-06 - val_loss: 5.3646e-09 - val_mean_squared_error: 5.3646e-09 - 53s/epoch - 842ms/step
Epoch 44/50

Epoch 00044: mean_squared_error did not improve from 0.00000
63/63 - 53s - loss: 9.5118e-07 - mean_squared_error: 1.3676e-06 - val_loss: 5.0370e-09 - val_mean_squared_error: 5.0370e-09 - 53s/epoch - 838ms/step
Epoch 45/50

Epoch 00045: mean_squared_error did not improve from 0.00000
63/63 - 53s - loss: 9.5109e-07 - mean_squared_error: 1.3675e-06 - val_loss: 4.9454e-09 - val_mean_squared_error: 4.9454e-09 - 53s/epoch - 839ms/step
Epoch 46/50

Epoch 00046: mean_squared_error improved from 0.00000 to 0.00000, saving model to /gpfswork/rech/ynx/uds36vp/repos/wf-SEDs/projected_learning/wf-outputs/chkp/8_bins/chkp_callback_poly_2_cycles_256_proj_d2_0_cycle2
63/63 - 53s - loss: 9.5094e-07 - mean_squared_error: 1.3674e-06 - val_loss: 5.0804e-09 - val_mean_squared_error: 5.0804e-09 - 53s/epoch - 839ms/step
Epoch 47/50

Epoch 00047: mean_squared_error did not improve from 0.00000
63/63 - 53s - loss: 9.5103e-07 - mean_squared_error: 1.3675e-06 - val_loss: 5.0711e-09 - val_mean_squared_error: 5.0711e-09 - 53s/epoch - 838ms/step
Epoch 48/50

Epoch 00048: mean_squared_error did not improve from 0.00000
63/63 - 55s - loss: 9.5116e-07 - mean_squared_error: 1.3676e-06 - val_loss: 5.0350e-09 - val_mean_squared_error: 5.0350e-09 - 55s/epoch - 870ms/step
Epoch 49/50

Epoch 00049: mean_squared_error did not improve from 0.00000
63/63 - 55s - loss: 9.5115e-07 - mean_squared_error: 1.3675e-06 - val_loss: 5.2743e-09 - val_mean_squared_error: 5.2743e-09 - 55s/epoch - 872ms/step
Epoch 50/50

Epoch 00050: mean_squared_error did not improve from 0.00000
63/63 - 53s - loss: 9.5112e-07 - mean_squared_error: 1.3675e-06 - val_loss: 5.0481e-09 - val_mean_squared_error: 5.0481e-09 - 53s/epoch - 840ms/step
Cycle2 elapsed time: 3693.2641174793243

Total elapsed time: 10705.516452

 Good bye..
