Starting the log file.
Found GPU at: /device:GPU:0
tf_version: 2.7.0
Zernike cube:
(15, 256, 256)
Dataset parameters:
{'d_max': 2, 'max_order': 45, 'x_lims': [0, 1000.0], 'y_lims': [0, 1000.0], 'grid_points': [4, 4], 'n_bins': 350, 'max_wfe_rms': 0.1, 'oversampling_rate': 3.0, 'output_Q': 3.0, 'output_dim': 32, 'LP_filter_length': 2, 'pupil_diameter': 256, 'euclid_obsc': True, 'n_stars': 2000}
Starting cycle 1..
Starting parametric update..
Epoch 1/15

Epoch 00001: mean_squared_error improved from inf to 0.00001, saving model to /gpfswork/rech/ynx/uds36vp/repos/wf-SEDs/projected_learning/wf-outputs/chkp/8_bins/chkp_callback_poly_2_cycles_256_no_proj_d2_2_cycle1
63/63 - 57s - loss: 7.9667e-06 - mean_squared_error: 7.3906e-06 - val_loss: 1.6790e-06 - val_mean_squared_error: 1.6790e-06 - 57s/epoch - 908ms/step
Epoch 2/15

Epoch 00002: mean_squared_error improved from 0.00001 to 0.00000, saving model to /gpfswork/rech/ynx/uds36vp/repos/wf-SEDs/projected_learning/wf-outputs/chkp/8_bins/chkp_callback_poly_2_cycles_256_no_proj_d2_2_cycle1
63/63 - 52s - loss: 2.4638e-06 - mean_squared_error: 2.6698e-06 - val_loss: 1.1772e-06 - val_mean_squared_error: 1.1772e-06 - 52s/epoch - 830ms/step
Epoch 3/15

Epoch 00003: mean_squared_error improved from 0.00000 to 0.00000, saving model to /gpfswork/rech/ynx/uds36vp/repos/wf-SEDs/projected_learning/wf-outputs/chkp/8_bins/chkp_callback_poly_2_cycles_256_no_proj_d2_2_cycle1
63/63 - 52s - loss: 2.1407e-06 - mean_squared_error: 2.3987e-06 - val_loss: 9.6128e-07 - val_mean_squared_error: 9.6128e-07 - 52s/epoch - 827ms/step
Epoch 4/15

Epoch 00004: mean_squared_error improved from 0.00000 to 0.00000, saving model to /gpfswork/rech/ynx/uds36vp/repos/wf-SEDs/projected_learning/wf-outputs/chkp/8_bins/chkp_callback_poly_2_cycles_256_no_proj_d2_2_cycle1
63/63 - 52s - loss: 2.0065e-06 - mean_squared_error: 2.2815e-06 - val_loss: 8.8960e-07 - val_mean_squared_error: 8.8960e-07 - 52s/epoch - 830ms/step
Epoch 5/15

Epoch 00005: mean_squared_error improved from 0.00000 to 0.00000, saving model to /gpfswork/rech/ynx/uds36vp/repos/wf-SEDs/projected_learning/wf-outputs/chkp/8_bins/chkp_callback_poly_2_cycles_256_no_proj_d2_2_cycle1
63/63 - 52s - loss: 1.9580e-06 - mean_squared_error: 2.2346e-06 - val_loss: 8.5768e-07 - val_mean_squared_error: 8.5768e-07 - 52s/epoch - 827ms/step
Epoch 6/15

Epoch 00006: mean_squared_error improved from 0.00000 to 0.00000, saving model to /gpfswork/rech/ynx/uds36vp/repos/wf-SEDs/projected_learning/wf-outputs/chkp/8_bins/chkp_callback_poly_2_cycles_256_no_proj_d2_2_cycle1
63/63 - 52s - loss: 1.9351e-06 - mean_squared_error: 2.2157e-06 - val_loss: 8.6833e-07 - val_mean_squared_error: 8.6833e-07 - 52s/epoch - 827ms/step
Epoch 7/15

Epoch 00007: mean_squared_error did not improve from 0.00000
63/63 - 52s - loss: 1.9383e-06 - mean_squared_error: 2.2197e-06 - val_loss: 8.5687e-07 - val_mean_squared_error: 8.5687e-07 - 52s/epoch - 826ms/step
Epoch 8/15

Epoch 00008: mean_squared_error improved from 0.00000 to 0.00000, saving model to /gpfswork/rech/ynx/uds36vp/repos/wf-SEDs/projected_learning/wf-outputs/chkp/8_bins/chkp_callback_poly_2_cycles_256_no_proj_d2_2_cycle1
63/63 - 52s - loss: 1.9229e-06 - mean_squared_error: 2.2089e-06 - val_loss: 8.4519e-07 - val_mean_squared_error: 8.4519e-07 - 52s/epoch - 827ms/step
Epoch 9/15

Epoch 00009: mean_squared_error did not improve from 0.00000
63/63 - 52s - loss: 1.9387e-06 - mean_squared_error: 2.2225e-06 - val_loss: 8.4903e-07 - val_mean_squared_error: 8.4903e-07 - 52s/epoch - 827ms/step
Epoch 10/15

Epoch 00010: mean_squared_error did not improve from 0.00000
63/63 - 52s - loss: 1.9355e-06 - mean_squared_error: 2.2202e-06 - val_loss: 8.6563e-07 - val_mean_squared_error: 8.6563e-07 - 52s/epoch - 827ms/step
Epoch 11/15

Epoch 00011: mean_squared_error did not improve from 0.00000
63/63 - 52s - loss: 1.9486e-06 - mean_squared_error: 2.2351e-06 - val_loss: 8.4691e-07 - val_mean_squared_error: 8.4691e-07 - 52s/epoch - 827ms/step
Epoch 12/15

Epoch 00012: mean_squared_error did not improve from 0.00000
63/63 - 52s - loss: 2.0082e-06 - mean_squared_error: 2.2750e-06 - val_loss: 9.7361e-07 - val_mean_squared_error: 9.7361e-07 - 52s/epoch - 827ms/step
Epoch 13/15

Epoch 00013: mean_squared_error did not improve from 0.00000
63/63 - 52s - loss: 2.0022e-06 - mean_squared_error: 2.2769e-06 - val_loss: 8.9551e-07 - val_mean_squared_error: 8.9551e-07 - 52s/epoch - 829ms/step
Epoch 14/15

Epoch 00014: mean_squared_error did not improve from 0.00000
63/63 - 52s - loss: 1.9545e-06 - mean_squared_error: 2.2374e-06 - val_loss: 8.7229e-07 - val_mean_squared_error: 8.7229e-07 - 52s/epoch - 830ms/step
Epoch 15/15

Epoch 00015: mean_squared_error did not improve from 0.00000
63/63 - 52s - loss: 2.0077e-06 - mean_squared_error: 2.2856e-06 - val_loss: 9.3775e-07 - val_mean_squared_error: 9.3775e-07 - 52s/epoch - 827ms/step
Starting non-parametric update..
Epoch 1/100

Epoch 00001: mean_squared_error did not improve from 0.00000
63/63 - 55s - loss: 1.9299e-06 - mean_squared_error: 2.2235e-06 - val_loss: 7.8495e-07 - val_mean_squared_error: 7.8495e-07 - 55s/epoch - 872ms/step
Epoch 2/100

Epoch 00002: mean_squared_error improved from 0.00000 to 0.00000, saving model to /gpfswork/rech/ynx/uds36vp/repos/wf-SEDs/projected_learning/wf-outputs/chkp/8_bins/chkp_callback_poly_2_cycles_256_no_proj_d2_2_cycle1
63/63 - 52s - loss: 1.7466e-06 - mean_squared_error: 2.0667e-06 - val_loss: 6.1641e-07 - val_mean_squared_error: 6.1641e-07 - 52s/epoch - 827ms/step
Epoch 3/100

Epoch 00003: mean_squared_error improved from 0.00000 to 0.00000, saving model to /gpfswork/rech/ynx/uds36vp/repos/wf-SEDs/projected_learning/wf-outputs/chkp/8_bins/chkp_callback_poly_2_cycles_256_no_proj_d2_2_cycle1
63/63 - 52s - loss: 1.5602e-06 - mean_squared_error: 1.9006e-06 - val_loss: 4.5795e-07 - val_mean_squared_error: 4.5795e-07 - 52s/epoch - 827ms/step
Epoch 4/100

Epoch 00004: mean_squared_error improved from 0.00000 to 0.00000, saving model to /gpfswork/rech/ynx/uds36vp/repos/wf-SEDs/projected_learning/wf-outputs/chkp/8_bins/chkp_callback_poly_2_cycles_256_no_proj_d2_2_cycle1
63/63 - 52s - loss: 1.4075e-06 - mean_squared_error: 1.7642e-06 - val_loss: 3.5006e-07 - val_mean_squared_error: 3.5006e-07 - 52s/epoch - 828ms/step
Epoch 5/100

Epoch 00005: mean_squared_error improved from 0.00000 to 0.00000, saving model to /gpfswork/rech/ynx/uds36vp/repos/wf-SEDs/projected_learning/wf-outputs/chkp/8_bins/chkp_callback_poly_2_cycles_256_no_proj_d2_2_cycle1
63/63 - 52s - loss: 1.3054e-06 - mean_squared_error: 1.6753e-06 - val_loss: 2.7548e-07 - val_mean_squared_error: 2.7548e-07 - 52s/epoch - 828ms/step
Epoch 6/100

Epoch 00006: mean_squared_error improved from 0.00000 to 0.00000, saving model to /gpfswork/rech/ynx/uds36vp/repos/wf-SEDs/projected_learning/wf-outputs/chkp/8_bins/chkp_callback_poly_2_cycles_256_no_proj_d2_2_cycle1
63/63 - 52s - loss: 1.2313e-06 - mean_squared_error: 1.6107e-06 - val_loss: 2.2496e-07 - val_mean_squared_error: 2.2496e-07 - 52s/epoch - 826ms/step
Epoch 7/100

Epoch 00007: mean_squared_error improved from 0.00000 to 0.00000, saving model to /gpfswork/rech/ynx/uds36vp/repos/wf-SEDs/projected_learning/wf-outputs/chkp/8_bins/chkp_callback_poly_2_cycles_256_no_proj_d2_2_cycle1
63/63 - 52s - loss: 1.1837e-06 - mean_squared_error: 1.5692e-06 - val_loss: 1.9309e-07 - val_mean_squared_error: 1.9309e-07 - 52s/epoch - 830ms/step
Epoch 8/100

Epoch 00008: mean_squared_error improved from 0.00000 to 0.00000, saving model to /gpfswork/rech/ynx/uds36vp/repos/wf-SEDs/projected_learning/wf-outputs/chkp/8_bins/chkp_callback_poly_2_cycles_256_no_proj_d2_2_cycle1
63/63 - 52s - loss: 1.1511e-06 - mean_squared_error: 1.5413e-06 - val_loss: 1.6737e-07 - val_mean_squared_error: 1.6737e-07 - 52s/epoch - 826ms/step
Epoch 9/100

Epoch 00009: mean_squared_error improved from 0.00000 to 0.00000, saving model to /gpfswork/rech/ynx/uds36vp/repos/wf-SEDs/projected_learning/wf-outputs/chkp/8_bins/chkp_callback_poly_2_cycles_256_no_proj_d2_2_cycle1
63/63 - 52s - loss: 1.1250e-06 - mean_squared_error: 1.5184e-06 - val_loss: 1.4809e-07 - val_mean_squared_error: 1.4809e-07 - 52s/epoch - 827ms/step
Epoch 10/100

Epoch 00010: mean_squared_error improved from 0.00000 to 0.00000, saving model to /gpfswork/rech/ynx/uds36vp/repos/wf-SEDs/projected_learning/wf-outputs/chkp/8_bins/chkp_callback_poly_2_cycles_256_no_proj_d2_2_cycle1
63/63 - 52s - loss: 1.1035e-06 - mean_squared_error: 1.5003e-06 - val_loss: 1.3198e-07 - val_mean_squared_error: 1.3198e-07 - 52s/epoch - 829ms/step
Epoch 11/100

Epoch 00011: mean_squared_error improved from 0.00000 to 0.00000, saving model to /gpfswork/rech/ynx/uds36vp/repos/wf-SEDs/projected_learning/wf-outputs/chkp/8_bins/chkp_callback_poly_2_cycles_256_no_proj_d2_2_cycle1
63/63 - 52s - loss: 1.0857e-06 - mean_squared_error: 1.4848e-06 - val_loss: 1.1620e-07 - val_mean_squared_error: 1.1620e-07 - 52s/epoch - 827ms/step
Epoch 12/100

Epoch 00012: mean_squared_error improved from 0.00000 to 0.00000, saving model to /gpfswork/rech/ynx/uds36vp/repos/wf-SEDs/projected_learning/wf-outputs/chkp/8_bins/chkp_callback_poly_2_cycles_256_no_proj_d2_2_cycle1
63/63 - 52s - loss: 1.0703e-06 - mean_squared_error: 1.4715e-06 - val_loss: 1.0372e-07 - val_mean_squared_error: 1.0372e-07 - 52s/epoch - 826ms/step
Epoch 13/100

Epoch 00013: mean_squared_error improved from 0.00000 to 0.00000, saving model to /gpfswork/rech/ynx/uds36vp/repos/wf-SEDs/projected_learning/wf-outputs/chkp/8_bins/chkp_callback_poly_2_cycles_256_no_proj_d2_2_cycle1
63/63 - 52s - loss: 1.0581e-06 - mean_squared_error: 1.4610e-06 - val_loss: 9.3036e-08 - val_mean_squared_error: 9.3036e-08 - 52s/epoch - 826ms/step
Epoch 14/100

Epoch 00014: mean_squared_error improved from 0.00000 to 0.00000, saving model to /gpfswork/rech/ynx/uds36vp/repos/wf-SEDs/projected_learning/wf-outputs/chkp/8_bins/chkp_callback_poly_2_cycles_256_no_proj_d2_2_cycle1
63/63 - 53s - loss: 1.0478e-06 - mean_squared_error: 1.4515e-06 - val_loss: 8.3950e-08 - val_mean_squared_error: 8.3950e-08 - 53s/epoch - 837ms/step
Epoch 15/100

Epoch 00015: mean_squared_error improved from 0.00000 to 0.00000, saving model to /gpfswork/rech/ynx/uds36vp/repos/wf-SEDs/projected_learning/wf-outputs/chkp/8_bins/chkp_callback_poly_2_cycles_256_no_proj_d2_2_cycle1
63/63 - 53s - loss: 1.0379e-06 - mean_squared_error: 1.4434e-06 - val_loss: 7.7974e-08 - val_mean_squared_error: 7.7974e-08 - 53s/epoch - 835ms/step
Epoch 16/100

Epoch 00016: mean_squared_error improved from 0.00000 to 0.00000, saving model to /gpfswork/rech/ynx/uds36vp/repos/wf-SEDs/projected_learning/wf-outputs/chkp/8_bins/chkp_callback_poly_2_cycles_256_no_proj_d2_2_cycle1
63/63 - 53s - loss: 1.0302e-06 - mean_squared_error: 1.4367e-06 - val_loss: 6.9842e-08 - val_mean_squared_error: 6.9842e-08 - 53s/epoch - 836ms/step
Epoch 17/100

Epoch 00017: mean_squared_error improved from 0.00000 to 0.00000, saving model to /gpfswork/rech/ynx/uds36vp/repos/wf-SEDs/projected_learning/wf-outputs/chkp/8_bins/chkp_callback_poly_2_cycles_256_no_proj_d2_2_cycle1
63/63 - 53s - loss: 1.0231e-06 - mean_squared_error: 1.4305e-06 - val_loss: 6.4770e-08 - val_mean_squared_error: 6.4770e-08 - 53s/epoch - 834ms/step
Epoch 18/100

Epoch 00018: mean_squared_error improved from 0.00000 to 0.00000, saving model to /gpfswork/rech/ynx/uds36vp/repos/wf-SEDs/projected_learning/wf-outputs/chkp/8_bins/chkp_callback_poly_2_cycles_256_no_proj_d2_2_cycle1
63/63 - 53s - loss: 1.0177e-06 - mean_squared_error: 1.4261e-06 - val_loss: 5.9060e-08 - val_mean_squared_error: 5.9060e-08 - 53s/epoch - 835ms/step
Epoch 19/100

Epoch 00019: mean_squared_error improved from 0.00000 to 0.00000, saving model to /gpfswork/rech/ynx/uds36vp/repos/wf-SEDs/projected_learning/wf-outputs/chkp/8_bins/chkp_callback_poly_2_cycles_256_no_proj_d2_2_cycle1
63/63 - 53s - loss: 1.0120e-06 - mean_squared_error: 1.4211e-06 - val_loss: 5.4692e-08 - val_mean_squared_error: 5.4692e-08 - 53s/epoch - 835ms/step
Epoch 20/100

Epoch 00020: mean_squared_error improved from 0.00000 to 0.00000, saving model to /gpfswork/rech/ynx/uds36vp/repos/wf-SEDs/projected_learning/wf-outputs/chkp/8_bins/chkp_callback_poly_2_cycles_256_no_proj_d2_2_cycle1
63/63 - 53s - loss: 1.0070e-06 - mean_squared_error: 1.4170e-06 - val_loss: 5.1462e-08 - val_mean_squared_error: 5.1462e-08 - 53s/epoch - 835ms/step
Epoch 21/100

Epoch 00021: mean_squared_error improved from 0.00000 to 0.00000, saving model to /gpfswork/rech/ynx/uds36vp/repos/wf-SEDs/projected_learning/wf-outputs/chkp/8_bins/chkp_callback_poly_2_cycles_256_no_proj_d2_2_cycle1
63/63 - 52s - loss: 1.0039e-06 - mean_squared_error: 1.4142e-06 - val_loss: 4.8879e-08 - val_mean_squared_error: 4.8879e-08 - 52s/epoch - 832ms/step
Epoch 22/100

Epoch 00022: mean_squared_error improved from 0.00000 to 0.00000, saving model to /gpfswork/rech/ynx/uds36vp/repos/wf-SEDs/projected_learning/wf-outputs/chkp/8_bins/chkp_callback_poly_2_cycles_256_no_proj_d2_2_cycle1
63/63 - 52s - loss: 1.0006e-06 - mean_squared_error: 1.4113e-06 - val_loss: 4.4352e-08 - val_mean_squared_error: 4.4352e-08 - 52s/epoch - 832ms/step
Epoch 23/100

Epoch 00023: mean_squared_error improved from 0.00000 to 0.00000, saving model to /gpfswork/rech/ynx/uds36vp/repos/wf-SEDs/projected_learning/wf-outputs/chkp/8_bins/chkp_callback_poly_2_cycles_256_no_proj_d2_2_cycle1
63/63 - 52s - loss: 9.9673e-07 - mean_squared_error: 1.4080e-06 - val_loss: 4.2986e-08 - val_mean_squared_error: 4.2986e-08 - 52s/epoch - 833ms/step
Epoch 24/100

Epoch 00024: mean_squared_error improved from 0.00000 to 0.00000, saving model to /gpfswork/rech/ynx/uds36vp/repos/wf-SEDs/projected_learning/wf-outputs/chkp/8_bins/chkp_callback_poly_2_cycles_256_no_proj_d2_2_cycle1
63/63 - 53s - loss: 9.9406e-07 - mean_squared_error: 1.4056e-06 - val_loss: 4.0070e-08 - val_mean_squared_error: 4.0070e-08 - 53s/epoch - 836ms/step
Epoch 25/100

Epoch 00025: mean_squared_error improved from 0.00000 to 0.00000, saving model to /gpfswork/rech/ynx/uds36vp/repos/wf-SEDs/projected_learning/wf-outputs/chkp/8_bins/chkp_callback_poly_2_cycles_256_no_proj_d2_2_cycle1
63/63 - 53s - loss: 9.9237e-07 - mean_squared_error: 1.4040e-06 - val_loss: 3.7920e-08 - val_mean_squared_error: 3.7920e-08 - 53s/epoch - 837ms/step
Epoch 26/100

Epoch 00026: mean_squared_error improved from 0.00000 to 0.00000, saving model to /gpfswork/rech/ynx/uds36vp/repos/wf-SEDs/projected_learning/wf-outputs/chkp/8_bins/chkp_callback_poly_2_cycles_256_no_proj_d2_2_cycle1
63/63 - 52s - loss: 9.8931e-07 - mean_squared_error: 1.4014e-06 - val_loss: 3.6469e-08 - val_mean_squared_error: 3.6469e-08 - 52s/epoch - 833ms/step
Epoch 27/100

Epoch 00027: mean_squared_error improved from 0.00000 to 0.00000, saving model to /gpfswork/rech/ynx/uds36vp/repos/wf-SEDs/projected_learning/wf-outputs/chkp/8_bins/chkp_callback_poly_2_cycles_256_no_proj_d2_2_cycle1
63/63 - 53s - loss: 9.8787e-07 - mean_squared_error: 1.4000e-06 - val_loss: 3.3969e-08 - val_mean_squared_error: 3.3969e-08 - 53s/epoch - 835ms/step
Epoch 28/100

Epoch 00028: mean_squared_error improved from 0.00000 to 0.00000, saving model to /gpfswork/rech/ynx/uds36vp/repos/wf-SEDs/projected_learning/wf-outputs/chkp/8_bins/chkp_callback_poly_2_cycles_256_no_proj_d2_2_cycle1
63/63 - 53s - loss: 9.8598e-07 - mean_squared_error: 1.3983e-06 - val_loss: 3.3178e-08 - val_mean_squared_error: 3.3178e-08 - 53s/epoch - 834ms/step
Epoch 29/100

Epoch 00029: mean_squared_error improved from 0.00000 to 0.00000, saving model to /gpfswork/rech/ynx/uds36vp/repos/wf-SEDs/projected_learning/wf-outputs/chkp/8_bins/chkp_callback_poly_2_cycles_256_no_proj_d2_2_cycle1
63/63 - 52s - loss: 9.8365e-07 - mean_squared_error: 1.3964e-06 - val_loss: 3.1501e-08 - val_mean_squared_error: 3.1501e-08 - 52s/epoch - 829ms/step
Epoch 30/100

Epoch 00030: mean_squared_error did not improve from 0.00000
63/63 - 52s - loss: 9.8492e-07 - mean_squared_error: 1.3969e-06 - val_loss: 3.2726e-08 - val_mean_squared_error: 3.2726e-08 - 52s/epoch - 832ms/step
Epoch 31/100

Epoch 00031: mean_squared_error improved from 0.00000 to 0.00000, saving model to /gpfswork/rech/ynx/uds36vp/repos/wf-SEDs/projected_learning/wf-outputs/chkp/8_bins/chkp_callback_poly_2_cycles_256_no_proj_d2_2_cycle1
63/63 - 52s - loss: 9.8421e-07 - mean_squared_error: 1.3963e-06 - val_loss: 3.0165e-08 - val_mean_squared_error: 3.0165e-08 - 52s/epoch - 832ms/step
Epoch 32/100

Epoch 00032: mean_squared_error improved from 0.00000 to 0.00000, saving model to /gpfswork/rech/ynx/uds36vp/repos/wf-SEDs/projected_learning/wf-outputs/chkp/8_bins/chkp_callback_poly_2_cycles_256_no_proj_d2_2_cycle1
63/63 - 52s - loss: 9.8088e-07 - mean_squared_error: 1.3939e-06 - val_loss: 2.9942e-08 - val_mean_squared_error: 2.9942e-08 - 52s/epoch - 827ms/step
Epoch 33/100

Epoch 00033: mean_squared_error improved from 0.00000 to 0.00000, saving model to /gpfswork/rech/ynx/uds36vp/repos/wf-SEDs/projected_learning/wf-outputs/chkp/8_bins/chkp_callback_poly_2_cycles_256_no_proj_d2_2_cycle1
63/63 - 53s - loss: 9.7823e-07 - mean_squared_error: 1.3916e-06 - val_loss: 2.6758e-08 - val_mean_squared_error: 2.6758e-08 - 53s/epoch - 834ms/step
Epoch 34/100

Epoch 00034: mean_squared_error improved from 0.00000 to 0.00000, saving model to /gpfswork/rech/ynx/uds36vp/repos/wf-SEDs/projected_learning/wf-outputs/chkp/8_bins/chkp_callback_poly_2_cycles_256_no_proj_d2_2_cycle1
63/63 - 52s - loss: 9.7731e-07 - mean_squared_error: 1.3909e-06 - val_loss: 2.5768e-08 - val_mean_squared_error: 2.5768e-08 - 52s/epoch - 830ms/step
Epoch 35/100

Epoch 00035: mean_squared_error did not improve from 0.00000
63/63 - 52s - loss: 9.9074e-07 - mean_squared_error: 1.4007e-06 - val_loss: 3.8192e-08 - val_mean_squared_error: 3.8192e-08 - 52s/epoch - 831ms/step
Epoch 36/100

Epoch 00036: mean_squared_error did not improve from 0.00000
63/63 - 53s - loss: 1.0106e-06 - mean_squared_error: 1.4173e-06 - val_loss: 3.3233e-08 - val_mean_squared_error: 3.3233e-08 - 53s/epoch - 834ms/step
Epoch 37/100

Epoch 00037: mean_squared_error did not improve from 0.00000
63/63 - 53s - loss: 9.8154e-07 - mean_squared_error: 1.3935e-06 - val_loss: 2.8691e-08 - val_mean_squared_error: 2.8691e-08 - 53s/epoch - 837ms/step
Epoch 38/100

Epoch 00038: mean_squared_error improved from 0.00000 to 0.00000, saving model to /gpfswork/rech/ynx/uds36vp/repos/wf-SEDs/projected_learning/wf-outputs/chkp/8_bins/chkp_callback_poly_2_cycles_256_no_proj_d2_2_cycle1
63/63 - 52s - loss: 9.7517e-07 - mean_squared_error: 1.3891e-06 - val_loss: 2.2861e-08 - val_mean_squared_error: 2.2861e-08 - 52s/epoch - 833ms/step
Epoch 39/100

Epoch 00039: mean_squared_error improved from 0.00000 to 0.00000, saving model to /gpfswork/rech/ynx/uds36vp/repos/wf-SEDs/projected_learning/wf-outputs/chkp/8_bins/chkp_callback_poly_2_cycles_256_no_proj_d2_2_cycle1
63/63 - 53s - loss: 9.7446e-07 - mean_squared_error: 1.3882e-06 - val_loss: 2.4125e-08 - val_mean_squared_error: 2.4125e-08 - 53s/epoch - 836ms/step
Epoch 40/100

Epoch 00040: mean_squared_error improved from 0.00000 to 0.00000, saving model to /gpfswork/rech/ynx/uds36vp/repos/wf-SEDs/projected_learning/wf-outputs/chkp/8_bins/chkp_callback_poly_2_cycles_256_no_proj_d2_2_cycle1
63/63 - 53s - loss: 9.7269e-07 - mean_squared_error: 1.3870e-06 - val_loss: 2.1550e-08 - val_mean_squared_error: 2.1550e-08 - 53s/epoch - 838ms/step
Epoch 41/100

Epoch 00041: mean_squared_error improved from 0.00000 to 0.00000, saving model to /gpfswork/rech/ynx/uds36vp/repos/wf-SEDs/projected_learning/wf-outputs/chkp/8_bins/chkp_callback_poly_2_cycles_256_no_proj_d2_2_cycle1
63/63 - 53s - loss: 9.7128e-07 - mean_squared_error: 1.3856e-06 - val_loss: 2.0853e-08 - val_mean_squared_error: 2.0853e-08 - 53s/epoch - 834ms/step
Epoch 42/100

Epoch 00042: mean_squared_error improved from 0.00000 to 0.00000, saving model to /gpfswork/rech/ynx/uds36vp/repos/wf-SEDs/projected_learning/wf-outputs/chkp/8_bins/chkp_callback_poly_2_cycles_256_no_proj_d2_2_cycle1
63/63 - 52s - loss: 9.7047e-07 - mean_squared_error: 1.3849e-06 - val_loss: 2.1254e-08 - val_mean_squared_error: 2.1254e-08 - 52s/epoch - 831ms/step
Epoch 43/100

Epoch 00043: mean_squared_error did not improve from 0.00000
63/63 - 53s - loss: 9.7076e-07 - mean_squared_error: 1.3851e-06 - val_loss: 2.1137e-08 - val_mean_squared_error: 2.1137e-08 - 53s/epoch - 834ms/step
Epoch 44/100

Epoch 00044: mean_squared_error improved from 0.00000 to 0.00000, saving model to /gpfswork/rech/ynx/uds36vp/repos/wf-SEDs/projected_learning/wf-outputs/chkp/8_bins/chkp_callback_poly_2_cycles_256_no_proj_d2_2_cycle1
63/63 - 53s - loss: 9.7052e-07 - mean_squared_error: 1.3847e-06 - val_loss: 2.0071e-08 - val_mean_squared_error: 2.0071e-08 - 53s/epoch - 833ms/step
Epoch 45/100

Epoch 00045: mean_squared_error improved from 0.00000 to 0.00000, saving model to /gpfswork/rech/ynx/uds36vp/repos/wf-SEDs/projected_learning/wf-outputs/chkp/8_bins/chkp_callback_poly_2_cycles_256_no_proj_d2_2_cycle1
63/63 - 52s - loss: 9.6980e-07 - mean_squared_error: 1.3842e-06 - val_loss: 1.9695e-08 - val_mean_squared_error: 1.9695e-08 - 52s/epoch - 832ms/step
Epoch 46/100

Epoch 00046: mean_squared_error improved from 0.00000 to 0.00000, saving model to /gpfswork/rech/ynx/uds36vp/repos/wf-SEDs/projected_learning/wf-outputs/chkp/8_bins/chkp_callback_poly_2_cycles_256_no_proj_d2_2_cycle1
63/63 - 52s - loss: 9.6839e-07 - mean_squared_error: 1.3831e-06 - val_loss: 2.0665e-08 - val_mean_squared_error: 2.0665e-08 - 52s/epoch - 833ms/step
Epoch 47/100

Epoch 00047: mean_squared_error did not improve from 0.00000
63/63 - 52s - loss: 9.7451e-07 - mean_squared_error: 1.3873e-06 - val_loss: 1.9807e-08 - val_mean_squared_error: 1.9807e-08 - 52s/epoch - 827ms/step
Epoch 48/100

Epoch 00048: mean_squared_error did not improve from 0.00000
63/63 - 52s - loss: 9.7017e-07 - mean_squared_error: 1.3844e-06 - val_loss: 1.7657e-08 - val_mean_squared_error: 1.7657e-08 - 52s/epoch - 828ms/step
Epoch 49/100

Epoch 00049: mean_squared_error improved from 0.00000 to 0.00000, saving model to /gpfswork/rech/ynx/uds36vp/repos/wf-SEDs/projected_learning/wf-outputs/chkp/8_bins/chkp_callback_poly_2_cycles_256_no_proj_d2_2_cycle1
63/63 - 52s - loss: 9.6660e-07 - mean_squared_error: 1.3815e-06 - val_loss: 1.8312e-08 - val_mean_squared_error: 1.8312e-08 - 52s/epoch - 833ms/step
Epoch 50/100

Epoch 00050: mean_squared_error improved from 0.00000 to 0.00000, saving model to /gpfswork/rech/ynx/uds36vp/repos/wf-SEDs/projected_learning/wf-outputs/chkp/8_bins/chkp_callback_poly_2_cycles_256_no_proj_d2_2_cycle1
63/63 - 52s - loss: 9.6630e-07 - mean_squared_error: 1.3811e-06 - val_loss: 1.7077e-08 - val_mean_squared_error: 1.7077e-08 - 52s/epoch - 828ms/step
Epoch 51/100

Epoch 00051: mean_squared_error did not improve from 0.00000
63/63 - 52s - loss: 9.6762e-07 - mean_squared_error: 1.3822e-06 - val_loss: 1.9779e-08 - val_mean_squared_error: 1.9779e-08 - 52s/epoch - 828ms/step
Epoch 52/100

Epoch 00052: mean_squared_error did not improve from 0.00000
63/63 - 52s - loss: 9.6689e-07 - mean_squared_error: 1.3816e-06 - val_loss: 1.8308e-08 - val_mean_squared_error: 1.8308e-08 - 52s/epoch - 829ms/step
Epoch 53/100

Epoch 00053: mean_squared_error did not improve from 0.00000
63/63 - 52s - loss: 9.6703e-07 - mean_squared_error: 1.3816e-06 - val_loss: 1.9212e-08 - val_mean_squared_error: 1.9212e-08 - 52s/epoch - 831ms/step
Epoch 54/100

Epoch 00054: mean_squared_error improved from 0.00000 to 0.00000, saving model to /gpfswork/rech/ynx/uds36vp/repos/wf-SEDs/projected_learning/wf-outputs/chkp/8_bins/chkp_callback_poly_2_cycles_256_no_proj_d2_2_cycle1
63/63 - 53s - loss: 9.6641e-07 - mean_squared_error: 1.3811e-06 - val_loss: 1.7181e-08 - val_mean_squared_error: 1.7181e-08 - 53s/epoch - 834ms/step
Epoch 55/100

Epoch 00055: mean_squared_error improved from 0.00000 to 0.00000, saving model to /gpfswork/rech/ynx/uds36vp/repos/wf-SEDs/projected_learning/wf-outputs/chkp/8_bins/chkp_callback_poly_2_cycles_256_no_proj_d2_2_cycle1
63/63 - 52s - loss: 9.6631e-07 - mean_squared_error: 1.3810e-06 - val_loss: 1.6304e-08 - val_mean_squared_error: 1.6304e-08 - 52s/epoch - 830ms/step
Epoch 56/100

Epoch 00056: mean_squared_error improved from 0.00000 to 0.00000, saving model to /gpfswork/rech/ynx/uds36vp/repos/wf-SEDs/projected_learning/wf-outputs/chkp/8_bins/chkp_callback_poly_2_cycles_256_no_proj_d2_2_cycle1
63/63 - 53s - loss: 9.6463e-07 - mean_squared_error: 1.3797e-06 - val_loss: 1.5898e-08 - val_mean_squared_error: 1.5898e-08 - 53s/epoch - 835ms/step
Epoch 57/100

Epoch 00057: mean_squared_error did not improve from 0.00000
63/63 - 52s - loss: 9.6583e-07 - mean_squared_error: 1.3804e-06 - val_loss: 1.6488e-08 - val_mean_squared_error: 1.6488e-08 - 52s/epoch - 831ms/step
Epoch 58/100

Epoch 00058: mean_squared_error improved from 0.00000 to 0.00000, saving model to /gpfswork/rech/ynx/uds36vp/repos/wf-SEDs/projected_learning/wf-outputs/chkp/8_bins/chkp_callback_poly_2_cycles_256_no_proj_d2_2_cycle1
63/63 - 52s - loss: 9.6432e-07 - mean_squared_error: 1.3793e-06 - val_loss: 1.5098e-08 - val_mean_squared_error: 1.5098e-08 - 52s/epoch - 833ms/step
Epoch 59/100

Epoch 00059: mean_squared_error did not improve from 0.00000
63/63 - 53s - loss: 9.6903e-07 - mean_squared_error: 1.3827e-06 - val_loss: 1.7919e-08 - val_mean_squared_error: 1.7919e-08 - 53s/epoch - 836ms/step
Epoch 60/100

Epoch 00060: mean_squared_error did not improve from 0.00000
63/63 - 52s - loss: 9.6607e-07 - mean_squared_error: 1.3806e-06 - val_loss: 1.6474e-08 - val_mean_squared_error: 1.6474e-08 - 52s/epoch - 833ms/step
Epoch 61/100

Epoch 00061: mean_squared_error did not improve from 0.00000
63/63 - 53s - loss: 9.6469e-07 - mean_squared_error: 1.3795e-06 - val_loss: 1.5592e-08 - val_mean_squared_error: 1.5592e-08 - 53s/epoch - 834ms/step
Epoch 62/100

Epoch 00062: mean_squared_error improved from 0.00000 to 0.00000, saving model to /gpfswork/rech/ynx/uds36vp/repos/wf-SEDs/projected_learning/wf-outputs/chkp/8_bins/chkp_callback_poly_2_cycles_256_no_proj_d2_2_cycle1
63/63 - 53s - loss: 9.6329e-07 - mean_squared_error: 1.3784e-06 - val_loss: 1.6055e-08 - val_mean_squared_error: 1.6055e-08 - 53s/epoch - 834ms/step
Epoch 63/100

Epoch 00063: mean_squared_error improved from 0.00000 to 0.00000, saving model to /gpfswork/rech/ynx/uds36vp/repos/wf-SEDs/projected_learning/wf-outputs/chkp/8_bins/chkp_callback_poly_2_cycles_256_no_proj_d2_2_cycle1
63/63 - 53s - loss: 9.6310e-07 - mean_squared_error: 1.3783e-06 - val_loss: 1.5646e-08 - val_mean_squared_error: 1.5646e-08 - 53s/epoch - 833ms/step
Epoch 64/100

Epoch 00064: mean_squared_error did not improve from 0.00000
63/63 - 52s - loss: 9.6427e-07 - mean_squared_error: 1.3792e-06 - val_loss: 1.4283e-08 - val_mean_squared_error: 1.4283e-08 - 52s/epoch - 833ms/step
Epoch 65/100

Epoch 00065: mean_squared_error improved from 0.00000 to 0.00000, saving model to /gpfswork/rech/ynx/uds36vp/repos/wf-SEDs/projected_learning/wf-outputs/chkp/8_bins/chkp_callback_poly_2_cycles_256_no_proj_d2_2_cycle1
63/63 - 52s - loss: 9.6233e-07 - mean_squared_error: 1.3776e-06 - val_loss: 1.4258e-08 - val_mean_squared_error: 1.4258e-08 - 52s/epoch - 831ms/step
Epoch 66/100

Epoch 00066: mean_squared_error did not improve from 0.00000
63/63 - 52s - loss: 9.6302e-07 - mean_squared_error: 1.3780e-06 - val_loss: 1.5423e-08 - val_mean_squared_error: 1.5423e-08 - 52s/epoch - 829ms/step
Epoch 67/100

Epoch 00067: mean_squared_error did not improve from 0.00000
63/63 - 52s - loss: 9.6360e-07 - mean_squared_error: 1.3785e-06 - val_loss: 1.3754e-08 - val_mean_squared_error: 1.3754e-08 - 52s/epoch - 830ms/step
Epoch 68/100

Epoch 00068: mean_squared_error did not improve from 0.00000
63/63 - 52s - loss: 9.6962e-07 - mean_squared_error: 1.3829e-06 - val_loss: 1.4857e-08 - val_mean_squared_error: 1.4857e-08 - 52s/epoch - 830ms/step
Epoch 69/100

Epoch 00069: mean_squared_error did not improve from 0.00000
63/63 - 52s - loss: 9.6348e-07 - mean_squared_error: 1.3782e-06 - val_loss: 1.3855e-08 - val_mean_squared_error: 1.3855e-08 - 52s/epoch - 830ms/step
Epoch 70/100

Epoch 00070: mean_squared_error did not improve from 0.00000
63/63 - 52s - loss: 9.6415e-07 - mean_squared_error: 1.3787e-06 - val_loss: 1.4269e-08 - val_mean_squared_error: 1.4269e-08 - 52s/epoch - 830ms/step
Epoch 71/100

Epoch 00071: mean_squared_error improved from 0.00000 to 0.00000, saving model to /gpfswork/rech/ynx/uds36vp/repos/wf-SEDs/projected_learning/wf-outputs/chkp/8_bins/chkp_callback_poly_2_cycles_256_no_proj_d2_2_cycle1
63/63 - 52s - loss: 9.6245e-07 - mean_squared_error: 1.3773e-06 - val_loss: 1.4261e-08 - val_mean_squared_error: 1.4261e-08 - 52s/epoch - 830ms/step
Epoch 72/100

Epoch 00072: mean_squared_error improved from 0.00000 to 0.00000, saving model to /gpfswork/rech/ynx/uds36vp/repos/wf-SEDs/projected_learning/wf-outputs/chkp/8_bins/chkp_callback_poly_2_cycles_256_no_proj_d2_2_cycle1
63/63 - 52s - loss: 9.6088e-07 - mean_squared_error: 1.3763e-06 - val_loss: 1.3224e-08 - val_mean_squared_error: 1.3224e-08 - 52s/epoch - 831ms/step
Epoch 73/100

Epoch 00073: mean_squared_error improved from 0.00000 to 0.00000, saving model to /gpfswork/rech/ynx/uds36vp/repos/wf-SEDs/projected_learning/wf-outputs/chkp/8_bins/chkp_callback_poly_2_cycles_256_no_proj_d2_2_cycle1
63/63 - 53s - loss: 9.6088e-07 - mean_squared_error: 1.3762e-06 - val_loss: 1.3033e-08 - val_mean_squared_error: 1.3033e-08 - 53s/epoch - 833ms/step
Epoch 74/100

Epoch 00074: mean_squared_error did not improve from 0.00000
63/63 - 52s - loss: 9.6262e-07 - mean_squared_error: 1.3775e-06 - val_loss: 1.3643e-08 - val_mean_squared_error: 1.3643e-08 - 52s/epoch - 832ms/step
Epoch 75/100

Epoch 00075: mean_squared_error improved from 0.00000 to 0.00000, saving model to /gpfswork/rech/ynx/uds36vp/repos/wf-SEDs/projected_learning/wf-outputs/chkp/8_bins/chkp_callback_poly_2_cycles_256_no_proj_d2_2_cycle1
63/63 - 52s - loss: 9.6045e-07 - mean_squared_error: 1.3758e-06 - val_loss: 1.6626e-08 - val_mean_squared_error: 1.6626e-08 - 52s/epoch - 831ms/step
Epoch 76/100

Epoch 00076: mean_squared_error did not improve from 0.00000
63/63 - 53s - loss: 9.6376e-07 - mean_squared_error: 1.3784e-06 - val_loss: 1.4937e-08 - val_mean_squared_error: 1.4937e-08 - 53s/epoch - 834ms/step
Epoch 77/100

Epoch 00077: mean_squared_error did not improve from 0.00000
63/63 - 52s - loss: 9.6203e-07 - mean_squared_error: 1.3771e-06 - val_loss: 1.3489e-08 - val_mean_squared_error: 1.3489e-08 - 52s/epoch - 829ms/step
Epoch 78/100

Epoch 00078: mean_squared_error did not improve from 0.00000
63/63 - 52s - loss: 9.6213e-07 - mean_squared_error: 1.3772e-06 - val_loss: 1.4104e-08 - val_mean_squared_error: 1.4104e-08 - 52s/epoch - 828ms/step
Epoch 79/100

Epoch 00079: mean_squared_error did not improve from 0.00000
63/63 - 52s - loss: 9.6192e-07 - mean_squared_error: 1.3768e-06 - val_loss: 1.3409e-08 - val_mean_squared_error: 1.3409e-08 - 52s/epoch - 829ms/step
Epoch 80/100

Epoch 00080: mean_squared_error did not improve from 0.00000
63/63 - 52s - loss: 9.6083e-07 - mean_squared_error: 1.3762e-06 - val_loss: 1.1862e-08 - val_mean_squared_error: 1.1862e-08 - 52s/epoch - 829ms/step
Epoch 81/100

Epoch 00081: mean_squared_error improved from 0.00000 to 0.00000, saving model to /gpfswork/rech/ynx/uds36vp/repos/wf-SEDs/projected_learning/wf-outputs/chkp/8_bins/chkp_callback_poly_2_cycles_256_no_proj_d2_2_cycle1
63/63 - 52s - loss: 9.6067e-07 - mean_squared_error: 1.3758e-06 - val_loss: 1.3792e-08 - val_mean_squared_error: 1.3792e-08 - 52s/epoch - 829ms/step
Epoch 82/100

Epoch 00082: mean_squared_error did not improve from 0.00000
63/63 - 52s - loss: 9.6147e-07 - mean_squared_error: 1.3767e-06 - val_loss: 1.2871e-08 - val_mean_squared_error: 1.2871e-08 - 52s/epoch - 828ms/step
Epoch 83/100

Epoch 00083: mean_squared_error improved from 0.00000 to 0.00000, saving model to /gpfswork/rech/ynx/uds36vp/repos/wf-SEDs/projected_learning/wf-outputs/chkp/8_bins/chkp_callback_poly_2_cycles_256_no_proj_d2_2_cycle1
63/63 - 52s - loss: 9.6033e-07 - mean_squared_error: 1.3755e-06 - val_loss: 1.4152e-08 - val_mean_squared_error: 1.4152e-08 - 52s/epoch - 829ms/step
Epoch 84/100

Epoch 00084: mean_squared_error improved from 0.00000 to 0.00000, saving model to /gpfswork/rech/ynx/uds36vp/repos/wf-SEDs/projected_learning/wf-outputs/chkp/8_bins/chkp_callback_poly_2_cycles_256_no_proj_d2_2_cycle1
63/63 - 52s - loss: 9.5969e-07 - mean_squared_error: 1.3752e-06 - val_loss: 1.4472e-08 - val_mean_squared_error: 1.4472e-08 - 52s/epoch - 830ms/step
Epoch 85/100

Epoch 00085: mean_squared_error did not improve from 0.00000
63/63 - 52s - loss: 9.6308e-07 - mean_squared_error: 1.3780e-06 - val_loss: 1.5416e-08 - val_mean_squared_error: 1.5416e-08 - 52s/epoch - 828ms/step
Epoch 86/100

Epoch 00086: mean_squared_error did not improve from 0.00000
63/63 - 52s - loss: 9.5992e-07 - mean_squared_error: 1.3753e-06 - val_loss: 1.3218e-08 - val_mean_squared_error: 1.3218e-08 - 52s/epoch - 828ms/step
Epoch 87/100

Epoch 00087: mean_squared_error improved from 0.00000 to 0.00000, saving model to /gpfswork/rech/ynx/uds36vp/repos/wf-SEDs/projected_learning/wf-outputs/chkp/8_bins/chkp_callback_poly_2_cycles_256_no_proj_d2_2_cycle1
63/63 - 53s - loss: 9.5888e-07 - mean_squared_error: 1.3746e-06 - val_loss: 1.2906e-08 - val_mean_squared_error: 1.2906e-08 - 53s/epoch - 836ms/step
Epoch 88/100

Epoch 00088: mean_squared_error improved from 0.00000 to 0.00000, saving model to /gpfswork/rech/ynx/uds36vp/repos/wf-SEDs/projected_learning/wf-outputs/chkp/8_bins/chkp_callback_poly_2_cycles_256_no_proj_d2_2_cycle1
63/63 - 52s - loss: 9.5859e-07 - mean_squared_error: 1.3743e-06 - val_loss: 1.0956e-08 - val_mean_squared_error: 1.0956e-08 - 52s/epoch - 829ms/step
Epoch 89/100

Epoch 00089: mean_squared_error improved from 0.00000 to 0.00000, saving model to /gpfswork/rech/ynx/uds36vp/repos/wf-SEDs/projected_learning/wf-outputs/chkp/8_bins/chkp_callback_poly_2_cycles_256_no_proj_d2_2_cycle1
63/63 - 52s - loss: 9.5778e-07 - mean_squared_error: 1.3736e-06 - val_loss: 1.1280e-08 - val_mean_squared_error: 1.1280e-08 - 52s/epoch - 829ms/step
Epoch 90/100

Epoch 00090: mean_squared_error did not improve from 0.00000
63/63 - 52s - loss: 9.5882e-07 - mean_squared_error: 1.3740e-06 - val_loss: 1.1985e-08 - val_mean_squared_error: 1.1985e-08 - 52s/epoch - 828ms/step
Epoch 91/100

Epoch 00091: mean_squared_error did not improve from 0.00000
63/63 - 52s - loss: 9.6530e-07 - mean_squared_error: 1.3791e-06 - val_loss: 1.6356e-08 - val_mean_squared_error: 1.6356e-08 - 52s/epoch - 828ms/step
Epoch 92/100

Epoch 00092: mean_squared_error did not improve from 0.00000
63/63 - 52s - loss: 9.6124e-07 - mean_squared_error: 1.3759e-06 - val_loss: 1.3609e-08 - val_mean_squared_error: 1.3609e-08 - 52s/epoch - 828ms/step
Epoch 93/100

Epoch 00093: mean_squared_error did not improve from 0.00000
63/63 - 52s - loss: 9.5827e-07 - mean_squared_error: 1.3739e-06 - val_loss: 1.1677e-08 - val_mean_squared_error: 1.1677e-08 - 52s/epoch - 828ms/step
Epoch 94/100

Epoch 00094: mean_squared_error did not improve from 0.00000
63/63 - 52s - loss: 9.5977e-07 - mean_squared_error: 1.3750e-06 - val_loss: 1.3081e-08 - val_mean_squared_error: 1.3081e-08 - 52s/epoch - 828ms/step
Epoch 95/100

Epoch 00095: mean_squared_error did not improve from 0.00000
63/63 - 52s - loss: 9.6107e-07 - mean_squared_error: 1.3760e-06 - val_loss: 1.2382e-08 - val_mean_squared_error: 1.2382e-08 - 52s/epoch - 828ms/step
Epoch 96/100

Epoch 00096: mean_squared_error did not improve from 0.00000
63/63 - 52s - loss: 9.5835e-07 - mean_squared_error: 1.3738e-06 - val_loss: 1.1640e-08 - val_mean_squared_error: 1.1640e-08 - 52s/epoch - 828ms/step
Epoch 97/100

Epoch 00097: mean_squared_error improved from 0.00000 to 0.00000, saving model to /gpfswork/rech/ynx/uds36vp/repos/wf-SEDs/projected_learning/wf-outputs/chkp/8_bins/chkp_callback_poly_2_cycles_256_no_proj_d2_2_cycle1
63/63 - 52s - loss: 9.5754e-07 - mean_squared_error: 1.3733e-06 - val_loss: 1.2022e-08 - val_mean_squared_error: 1.2022e-08 - 52s/epoch - 829ms/step
Epoch 98/100

Epoch 00098: mean_squared_error did not improve from 0.00000
63/63 - 52s - loss: 9.5783e-07 - mean_squared_error: 1.3735e-06 - val_loss: 1.1225e-08 - val_mean_squared_error: 1.1225e-08 - 52s/epoch - 828ms/step
Epoch 99/100

Epoch 00099: mean_squared_error did not improve from 0.00000
63/63 - 52s - loss: 9.5900e-07 - mean_squared_error: 1.3741e-06 - val_loss: 1.4016e-08 - val_mean_squared_error: 1.4016e-08 - 52s/epoch - 830ms/step
Epoch 100/100

Epoch 00100: mean_squared_error did not improve from 0.00000
63/63 - 52s - loss: 9.5847e-07 - mean_squared_error: 1.3738e-06 - val_loss: 1.1901e-08 - val_mean_squared_error: 1.1901e-08 - 52s/epoch - 828ms/step
Cycle1 elapsed time: 6030.614567
Starting cycle 2..
Starting parametric update..
Epoch 1/15

Epoch 00001: mean_squared_error improved from inf to 0.00000, saving model to /gpfswork/rech/ynx/uds36vp/repos/wf-SEDs/projected_learning/wf-outputs/chkp/8_bins/chkp_callback_poly_2_cycles_256_no_proj_d2_2_cycle2
63/63 - 55s - loss: 9.5736e-07 - mean_squared_error: 1.3730e-06 - val_loss: 1.0846e-08 - val_mean_squared_error: 1.0846e-08 - 55s/epoch - 872ms/step
Epoch 2/15

Epoch 00002: mean_squared_error did not improve from 0.00000
63/63 - 52s - loss: 9.5832e-07 - mean_squared_error: 1.3738e-06 - val_loss: 1.3015e-08 - val_mean_squared_error: 1.3015e-08 - 52s/epoch - 829ms/step
Epoch 3/15

Epoch 00003: mean_squared_error did not improve from 0.00000
63/63 - 52s - loss: 9.6281e-07 - mean_squared_error: 1.3778e-06 - val_loss: 1.8264e-08 - val_mean_squared_error: 1.8264e-08 - 52s/epoch - 828ms/step
Epoch 4/15

Epoch 00004: mean_squared_error did not improve from 0.00000
63/63 - 52s - loss: 9.6627e-07 - mean_squared_error: 1.3806e-06 - val_loss: 1.6567e-08 - val_mean_squared_error: 1.6567e-08 - 52s/epoch - 829ms/step
Epoch 5/15

Epoch 00005: mean_squared_error did not improve from 0.00000
63/63 - 52s - loss: 9.6574e-07 - mean_squared_error: 1.3794e-06 - val_loss: 3.7932e-08 - val_mean_squared_error: 3.7932e-08 - 52s/epoch - 832ms/step
Epoch 6/15

Epoch 00006: mean_squared_error did not improve from 0.00000
63/63 - 52s - loss: 9.8727e-07 - mean_squared_error: 1.3979e-06 - val_loss: 5.3904e-08 - val_mean_squared_error: 5.3904e-08 - 52s/epoch - 829ms/step
Epoch 7/15

Epoch 00007: mean_squared_error did not improve from 0.00000
63/63 - 52s - loss: 9.9259e-07 - mean_squared_error: 1.4029e-06 - val_loss: 2.3326e-08 - val_mean_squared_error: 2.3326e-08 - 52s/epoch - 831ms/step
Epoch 8/15

Epoch 00008: mean_squared_error did not improve from 0.00000
63/63 - 52s - loss: 9.6143e-07 - mean_squared_error: 1.3765e-06 - val_loss: 1.2848e-08 - val_mean_squared_error: 1.2848e-08 - 52s/epoch - 832ms/step
Epoch 9/15

Epoch 00009: mean_squared_error did not improve from 0.00000
63/63 - 52s - loss: 9.6105e-07 - mean_squared_error: 1.3761e-06 - val_loss: 1.2559e-08 - val_mean_squared_error: 1.2559e-08 - 52s/epoch - 830ms/step
Epoch 10/15

Epoch 00010: mean_squared_error did not improve from 0.00000
63/63 - 52s - loss: 9.6058e-07 - mean_squared_error: 1.3757e-06 - val_loss: 1.6584e-08 - val_mean_squared_error: 1.6584e-08 - 52s/epoch - 831ms/step
Epoch 11/15

Epoch 00011: mean_squared_error did not improve from 0.00000
63/63 - 52s - loss: 9.6412e-07 - mean_squared_error: 1.3786e-06 - val_loss: 1.6300e-08 - val_mean_squared_error: 1.6300e-08 - 52s/epoch - 826ms/step
Epoch 12/15

Epoch 00012: mean_squared_error did not improve from 0.00000
63/63 - 52s - loss: 9.7821e-07 - mean_squared_error: 1.3896e-06 - val_loss: 4.6026e-08 - val_mean_squared_error: 4.6026e-08 - 52s/epoch - 829ms/step
Epoch 13/15

Epoch 00013: mean_squared_error did not improve from 0.00000
63/63 - 52s - loss: 9.9565e-07 - mean_squared_error: 1.4049e-06 - val_loss: 1.4307e-08 - val_mean_squared_error: 1.4307e-08 - 52s/epoch - 828ms/step
Epoch 14/15

Epoch 00014: mean_squared_error did not improve from 0.00000
63/63 - 52s - loss: 9.6283e-07 - mean_squared_error: 1.3771e-06 - val_loss: 2.2298e-08 - val_mean_squared_error: 2.2298e-08 - 52s/epoch - 829ms/step
Epoch 15/15

Epoch 00015: mean_squared_error did not improve from 0.00000
63/63 - 52s - loss: 9.7494e-07 - mean_squared_error: 1.3879e-06 - val_loss: 2.4628e-08 - val_mean_squared_error: 2.4628e-08 - 52s/epoch - 828ms/step
Starting non-parametric update..
Epoch 1/50

Epoch 00001: mean_squared_error did not improve from 0.00000
63/63 - 55s - loss: 9.5950e-07 - mean_squared_error: 1.3748e-06 - val_loss: 9.4292e-09 - val_mean_squared_error: 9.4292e-09 - 55s/epoch - 880ms/step
Epoch 2/50

Epoch 00002: mean_squared_error improved from 0.00000 to 0.00000, saving model to /gpfswork/rech/ynx/uds36vp/repos/wf-SEDs/projected_learning/wf-outputs/chkp/8_bins/chkp_callback_poly_2_cycles_256_no_proj_d2_2_cycle2
63/63 - 53s - loss: 9.5458e-07 - mean_squared_error: 1.3709e-06 - val_loss: 9.0293e-09 - val_mean_squared_error: 9.0293e-09 - 53s/epoch - 836ms/step
Epoch 3/50

Epoch 00003: mean_squared_error improved from 0.00000 to 0.00000, saving model to /gpfswork/rech/ynx/uds36vp/repos/wf-SEDs/projected_learning/wf-outputs/chkp/8_bins/chkp_callback_poly_2_cycles_256_no_proj_d2_2_cycle2
63/63 - 53s - loss: 9.5427e-07 - mean_squared_error: 1.3706e-06 - val_loss: 8.9526e-09 - val_mean_squared_error: 8.9526e-09 - 53s/epoch - 836ms/step
Epoch 4/50

Epoch 00004: mean_squared_error improved from 0.00000 to 0.00000, saving model to /gpfswork/rech/ynx/uds36vp/repos/wf-SEDs/projected_learning/wf-outputs/chkp/8_bins/chkp_callback_poly_2_cycles_256_no_proj_d2_2_cycle2
63/63 - 53s - loss: 9.5423e-07 - mean_squared_error: 1.3706e-06 - val_loss: 8.8850e-09 - val_mean_squared_error: 8.8850e-09 - 53s/epoch - 836ms/step
Epoch 5/50

Epoch 00005: mean_squared_error improved from 0.00000 to 0.00000, saving model to /gpfswork/rech/ynx/uds36vp/repos/wf-SEDs/projected_learning/wf-outputs/chkp/8_bins/chkp_callback_poly_2_cycles_256_no_proj_d2_2_cycle2
63/63 - 53s - loss: 9.5422e-07 - mean_squared_error: 1.3706e-06 - val_loss: 8.9442e-09 - val_mean_squared_error: 8.9442e-09 - 53s/epoch - 835ms/step
Epoch 6/50

Epoch 00006: mean_squared_error did not improve from 0.00000
63/63 - 53s - loss: 9.5423e-07 - mean_squared_error: 1.3706e-06 - val_loss: 8.8398e-09 - val_mean_squared_error: 8.8398e-09 - 53s/epoch - 835ms/step
Epoch 7/50

Epoch 00007: mean_squared_error improved from 0.00000 to 0.00000, saving model to /gpfswork/rech/ynx/uds36vp/repos/wf-SEDs/projected_learning/wf-outputs/chkp/8_bins/chkp_callback_poly_2_cycles_256_no_proj_d2_2_cycle2
63/63 - 53s - loss: 9.5419e-07 - mean_squared_error: 1.3705e-06 - val_loss: 8.7977e-09 - val_mean_squared_error: 8.7977e-09 - 53s/epoch - 834ms/step
Epoch 8/50

Epoch 00008: mean_squared_error did not improve from 0.00000
63/63 - 52s - loss: 9.5423e-07 - mean_squared_error: 1.3706e-06 - val_loss: 8.8186e-09 - val_mean_squared_error: 8.8186e-09 - 52s/epoch - 833ms/step
Epoch 9/50

Epoch 00009: mean_squared_error improved from 0.00000 to 0.00000, saving model to /gpfswork/rech/ynx/uds36vp/repos/wf-SEDs/projected_learning/wf-outputs/chkp/8_bins/chkp_callback_poly_2_cycles_256_no_proj_d2_2_cycle2
63/63 - 53s - loss: 9.5416e-07 - mean_squared_error: 1.3705e-06 - val_loss: 8.7924e-09 - val_mean_squared_error: 8.7924e-09 - 53s/epoch - 836ms/step
Epoch 10/50

Epoch 00010: mean_squared_error improved from 0.00000 to 0.00000, saving model to /gpfswork/rech/ynx/uds36vp/repos/wf-SEDs/projected_learning/wf-outputs/chkp/8_bins/chkp_callback_poly_2_cycles_256_no_proj_d2_2_cycle2
63/63 - 53s - loss: 9.5417e-07 - mean_squared_error: 1.3705e-06 - val_loss: 8.7868e-09 - val_mean_squared_error: 8.7868e-09 - 53s/epoch - 836ms/step
Epoch 11/50

Epoch 00011: mean_squared_error did not improve from 0.00000
63/63 - 53s - loss: 9.5415e-07 - mean_squared_error: 1.3705e-06 - val_loss: 8.9297e-09 - val_mean_squared_error: 8.9297e-09 - 53s/epoch - 835ms/step
Epoch 12/50

Epoch 00012: mean_squared_error did not improve from 0.00000
63/63 - 52s - loss: 9.5421e-07 - mean_squared_error: 1.3706e-06 - val_loss: 8.7399e-09 - val_mean_squared_error: 8.7399e-09 - 52s/epoch - 832ms/step
Epoch 13/50

Epoch 00013: mean_squared_error did not improve from 0.00000
63/63 - 52s - loss: 9.5413e-07 - mean_squared_error: 1.3705e-06 - val_loss: 9.0191e-09 - val_mean_squared_error: 9.0191e-09 - 52s/epoch - 832ms/step
Epoch 14/50

Epoch 00014: mean_squared_error did not improve from 0.00000
63/63 - 52s - loss: 9.5421e-07 - mean_squared_error: 1.3705e-06 - val_loss: 8.8234e-09 - val_mean_squared_error: 8.8234e-09 - 52s/epoch - 832ms/step
Epoch 15/50

Epoch 00015: mean_squared_error improved from 0.00000 to 0.00000, saving model to /gpfswork/rech/ynx/uds36vp/repos/wf-SEDs/projected_learning/wf-outputs/chkp/8_bins/chkp_callback_poly_2_cycles_256_no_proj_d2_2_cycle2
63/63 - 53s - loss: 9.5416e-07 - mean_squared_error: 1.3705e-06 - val_loss: 8.7768e-09 - val_mean_squared_error: 8.7768e-09 - 53s/epoch - 834ms/step
Epoch 16/50

Epoch 00016: mean_squared_error did not improve from 0.00000
63/63 - 52s - loss: 9.5421e-07 - mean_squared_error: 1.3705e-06 - val_loss: 8.8662e-09 - val_mean_squared_error: 8.8662e-09 - 52s/epoch - 832ms/step
Epoch 17/50

Epoch 00017: mean_squared_error did not improve from 0.00000
63/63 - 52s - loss: 9.5421e-07 - mean_squared_error: 1.3705e-06 - val_loss: 8.9090e-09 - val_mean_squared_error: 8.9090e-09 - 52s/epoch - 831ms/step
Epoch 18/50

Epoch 00018: mean_squared_error did not improve from 0.00000
63/63 - 52s - loss: 9.5418e-07 - mean_squared_error: 1.3705e-06 - val_loss: 9.1026e-09 - val_mean_squared_error: 9.1026e-09 - 52s/epoch - 832ms/step
Epoch 19/50

Epoch 00019: mean_squared_error did not improve from 0.00000
63/63 - 52s - loss: 9.5425e-07 - mean_squared_error: 1.3706e-06 - val_loss: 9.0126e-09 - val_mean_squared_error: 9.0126e-09 - 52s/epoch - 829ms/step
Epoch 20/50

Epoch 00020: mean_squared_error improved from 0.00000 to 0.00000, saving model to /gpfswork/rech/ynx/uds36vp/repos/wf-SEDs/projected_learning/wf-outputs/chkp/8_bins/chkp_callback_poly_2_cycles_256_no_proj_d2_2_cycle2
63/63 - 52s - loss: 9.5412e-07 - mean_squared_error: 1.3705e-06 - val_loss: 8.6878e-09 - val_mean_squared_error: 8.6878e-09 - 52s/epoch - 829ms/step
Epoch 21/50

Epoch 00021: mean_squared_error improved from 0.00000 to 0.00000, saving model to /gpfswork/rech/ynx/uds36vp/repos/wf-SEDs/projected_learning/wf-outputs/chkp/8_bins/chkp_callback_poly_2_cycles_256_no_proj_d2_2_cycle2
63/63 - 52s - loss: 9.5396e-07 - mean_squared_error: 1.3703e-06 - val_loss: 8.8004e-09 - val_mean_squared_error: 8.8004e-09 - 52s/epoch - 829ms/step
Epoch 22/50

Epoch 00022: mean_squared_error did not improve from 0.00000
63/63 - 52s - loss: 9.5401e-07 - mean_squared_error: 1.3704e-06 - val_loss: 8.8155e-09 - val_mean_squared_error: 8.8155e-09 - 52s/epoch - 827ms/step
Epoch 23/50

Epoch 00023: mean_squared_error did not improve from 0.00000
63/63 - 52s - loss: 9.5412e-07 - mean_squared_error: 1.3704e-06 - val_loss: 8.6942e-09 - val_mean_squared_error: 8.6942e-09 - 52s/epoch - 827ms/step
Epoch 24/50

Epoch 00024: mean_squared_error did not improve from 0.00000
63/63 - 52s - loss: 9.5411e-07 - mean_squared_error: 1.3704e-06 - val_loss: 9.0103e-09 - val_mean_squared_error: 9.0103e-09 - 52s/epoch - 827ms/step
Epoch 25/50

Epoch 00025: mean_squared_error improved from 0.00000 to 0.00000, saving model to /gpfswork/rech/ynx/uds36vp/repos/wf-SEDs/projected_learning/wf-outputs/chkp/8_bins/chkp_callback_poly_2_cycles_256_no_proj_d2_2_cycle2
63/63 - 52s - loss: 9.5394e-07 - mean_squared_error: 1.3703e-06 - val_loss: 8.6003e-09 - val_mean_squared_error: 8.6003e-09 - 52s/epoch - 828ms/step
Epoch 26/50

Epoch 00026: mean_squared_error improved from 0.00000 to 0.00000, saving model to /gpfswork/rech/ynx/uds36vp/repos/wf-SEDs/projected_learning/wf-outputs/chkp/8_bins/chkp_callback_poly_2_cycles_256_no_proj_d2_2_cycle2
63/63 - 52s - loss: 9.5394e-07 - mean_squared_error: 1.3703e-06 - val_loss: 8.6133e-09 - val_mean_squared_error: 8.6133e-09 - 52s/epoch - 827ms/step
Epoch 27/50

Epoch 00027: mean_squared_error improved from 0.00000 to 0.00000, saving model to /gpfswork/rech/ynx/uds36vp/repos/wf-SEDs/projected_learning/wf-outputs/chkp/8_bins/chkp_callback_poly_2_cycles_256_no_proj_d2_2_cycle2
63/63 - 52s - loss: 9.5386e-07 - mean_squared_error: 1.3702e-06 - val_loss: 8.6198e-09 - val_mean_squared_error: 8.6198e-09 - 52s/epoch - 830ms/step
Epoch 28/50

Epoch 00028: mean_squared_error did not improve from 0.00000
63/63 - 52s - loss: 9.5395e-07 - mean_squared_error: 1.3702e-06 - val_loss: 8.8099e-09 - val_mean_squared_error: 8.8099e-09 - 52s/epoch - 829ms/step
Epoch 29/50

Epoch 00029: mean_squared_error improved from 0.00000 to 0.00000, saving model to /gpfswork/rech/ynx/uds36vp/repos/wf-SEDs/projected_learning/wf-outputs/chkp/8_bins/chkp_callback_poly_2_cycles_256_no_proj_d2_2_cycle2
63/63 - 52s - loss: 9.5384e-07 - mean_squared_error: 1.3701e-06 - val_loss: 9.0366e-09 - val_mean_squared_error: 9.0366e-09 - 52s/epoch - 829ms/step
Epoch 30/50

Epoch 00030: mean_squared_error did not improve from 0.00000
63/63 - 52s - loss: 9.5392e-07 - mean_squared_error: 1.3703e-06 - val_loss: 8.7931e-09 - val_mean_squared_error: 8.7931e-09 - 52s/epoch - 828ms/step
Epoch 31/50

Epoch 00031: mean_squared_error did not improve from 0.00000
63/63 - 52s - loss: 9.5389e-07 - mean_squared_error: 1.3702e-06 - val_loss: 8.6948e-09 - val_mean_squared_error: 8.6948e-09 - 52s/epoch - 828ms/step
Epoch 32/50

Epoch 00032: mean_squared_error improved from 0.00000 to 0.00000, saving model to /gpfswork/rech/ynx/uds36vp/repos/wf-SEDs/projected_learning/wf-outputs/chkp/8_bins/chkp_callback_poly_2_cycles_256_no_proj_d2_2_cycle2
63/63 - 52s - loss: 9.5363e-07 - mean_squared_error: 1.3700e-06 - val_loss: 8.8105e-09 - val_mean_squared_error: 8.8105e-09 - 52s/epoch - 828ms/step
Epoch 33/50

Epoch 00033: mean_squared_error did not improve from 0.00000
63/63 - 52s - loss: 9.5386e-07 - mean_squared_error: 1.3702e-06 - val_loss: 8.5112e-09 - val_mean_squared_error: 8.5112e-09 - 52s/epoch - 828ms/step
Epoch 34/50

Epoch 00034: mean_squared_error did not improve from 0.00000
63/63 - 52s - loss: 9.5401e-07 - mean_squared_error: 1.3703e-06 - val_loss: 8.6277e-09 - val_mean_squared_error: 8.6277e-09 - 52s/epoch - 830ms/step
Epoch 35/50

Epoch 00035: mean_squared_error improved from 0.00000 to 0.00000, saving model to /gpfswork/rech/ynx/uds36vp/repos/wf-SEDs/projected_learning/wf-outputs/chkp/8_bins/chkp_callback_poly_2_cycles_256_no_proj_d2_2_cycle2
63/63 - 52s - loss: 9.5370e-07 - mean_squared_error: 1.3700e-06 - val_loss: 8.6719e-09 - val_mean_squared_error: 8.6719e-09 - 52s/epoch - 832ms/step
Epoch 36/50

Epoch 00036: mean_squared_error did not improve from 0.00000
63/63 - 52s - loss: 9.5374e-07 - mean_squared_error: 1.3700e-06 - val_loss: 8.7488e-09 - val_mean_squared_error: 8.7488e-09 - 52s/epoch - 828ms/step
Epoch 37/50

Epoch 00037: mean_squared_error improved from 0.00000 to 0.00000, saving model to /gpfswork/rech/ynx/uds36vp/repos/wf-SEDs/projected_learning/wf-outputs/chkp/8_bins/chkp_callback_poly_2_cycles_256_no_proj_d2_2_cycle2
63/63 - 52s - loss: 9.5357e-07 - mean_squared_error: 1.3699e-06 - val_loss: 8.4442e-09 - val_mean_squared_error: 8.4442e-09 - 52s/epoch - 826ms/step
Epoch 38/50

Epoch 00038: mean_squared_error did not improve from 0.00000
63/63 - 52s - loss: 9.5380e-07 - mean_squared_error: 1.3701e-06 - val_loss: 8.6261e-09 - val_mean_squared_error: 8.6261e-09 - 52s/epoch - 827ms/step
Epoch 39/50

Epoch 00039: mean_squared_error did not improve from 0.00000
63/63 - 52s - loss: 9.5362e-07 - mean_squared_error: 1.3699e-06 - val_loss: 8.5805e-09 - val_mean_squared_error: 8.5805e-09 - 52s/epoch - 828ms/step
Epoch 40/50

Epoch 00040: mean_squared_error improved from 0.00000 to 0.00000, saving model to /gpfswork/rech/ynx/uds36vp/repos/wf-SEDs/projected_learning/wf-outputs/chkp/8_bins/chkp_callback_poly_2_cycles_256_no_proj_d2_2_cycle2
63/63 - 52s - loss: 9.5354e-07 - mean_squared_error: 1.3699e-06 - val_loss: 8.7561e-09 - val_mean_squared_error: 8.7561e-09 - 52s/epoch - 828ms/step
Epoch 41/50

Epoch 00041: mean_squared_error did not improve from 0.00000
63/63 - 52s - loss: 9.5358e-07 - mean_squared_error: 1.3699e-06 - val_loss: 8.5513e-09 - val_mean_squared_error: 8.5513e-09 - 52s/epoch - 828ms/step
Epoch 42/50

Epoch 00042: mean_squared_error did not improve from 0.00000
63/63 - 52s - loss: 9.5382e-07 - mean_squared_error: 1.3700e-06 - val_loss: 8.8270e-09 - val_mean_squared_error: 8.8270e-09 - 52s/epoch - 825ms/step
Epoch 43/50

Epoch 00043: mean_squared_error improved from 0.00000 to 0.00000, saving model to /gpfswork/rech/ynx/uds36vp/repos/wf-SEDs/projected_learning/wf-outputs/chkp/8_bins/chkp_callback_poly_2_cycles_256_no_proj_d2_2_cycle2
63/63 - 52s - loss: 9.5349e-07 - mean_squared_error: 1.3698e-06 - val_loss: 8.4532e-09 - val_mean_squared_error: 8.4532e-09 - 52s/epoch - 829ms/step
Epoch 44/50

Epoch 00044: mean_squared_error did not improve from 0.00000
63/63 - 52s - loss: 9.5373e-07 - mean_squared_error: 1.3699e-06 - val_loss: 8.2865e-09 - val_mean_squared_error: 8.2865e-09 - 52s/epoch - 827ms/step
Epoch 45/50

Epoch 00045: mean_squared_error improved from 0.00000 to 0.00000, saving model to /gpfswork/rech/ynx/uds36vp/repos/wf-SEDs/projected_learning/wf-outputs/chkp/8_bins/chkp_callback_poly_2_cycles_256_no_proj_d2_2_cycle2
63/63 - 52s - loss: 9.5323e-07 - mean_squared_error: 1.3696e-06 - val_loss: 8.4685e-09 - val_mean_squared_error: 8.4685e-09 - 52s/epoch - 827ms/step
Epoch 46/50

Epoch 00046: mean_squared_error improved from 0.00000 to 0.00000, saving model to /gpfswork/rech/ynx/uds36vp/repos/wf-SEDs/projected_learning/wf-outputs/chkp/8_bins/chkp_callback_poly_2_cycles_256_no_proj_d2_2_cycle2
63/63 - 52s - loss: 9.5328e-07 - mean_squared_error: 1.3696e-06 - val_loss: 8.3511e-09 - val_mean_squared_error: 8.3511e-09 - 52s/epoch - 828ms/step
Epoch 47/50

Epoch 00047: mean_squared_error did not improve from 0.00000
63/63 - 52s - loss: 9.5340e-07 - mean_squared_error: 1.3697e-06 - val_loss: 8.2377e-09 - val_mean_squared_error: 8.2377e-09 - 52s/epoch - 826ms/step
Epoch 48/50

Epoch 00048: mean_squared_error improved from 0.00000 to 0.00000, saving model to /gpfswork/rech/ynx/uds36vp/repos/wf-SEDs/projected_learning/wf-outputs/chkp/8_bins/chkp_callback_poly_2_cycles_256_no_proj_d2_2_cycle2
63/63 - 52s - loss: 9.5310e-07 - mean_squared_error: 1.3695e-06 - val_loss: 8.3144e-09 - val_mean_squared_error: 8.3144e-09 - 52s/epoch - 827ms/step
Epoch 49/50

Epoch 00049: mean_squared_error improved from 0.00000 to 0.00000, saving model to /gpfswork/rech/ynx/uds36vp/repos/wf-SEDs/projected_learning/wf-outputs/chkp/8_bins/chkp_callback_poly_2_cycles_256_no_proj_d2_2_cycle2
63/63 - 52s - loss: 9.5302e-07 - mean_squared_error: 1.3694e-06 - val_loss: 8.3672e-09 - val_mean_squared_error: 8.3672e-09 - 52s/epoch - 829ms/step
Epoch 50/50

Epoch 00050: mean_squared_error did not improve from 0.00000
63/63 - 52s - loss: 9.5314e-07 - mean_squared_error: 1.3695e-06 - val_loss: 8.1925e-09 - val_mean_squared_error: 8.1925e-09 - 52s/epoch - 830ms/step
Cycle2 elapsed time: 3409.647762775421

Total elapsed time: 9443.647683

 Good bye..
