Starting the log file.
Found GPU at: /device:GPU:0
tf_version: 2.7.0
Zernike cube:
(15, 256, 256)
Dataset parameters:
{'d_max': 2, 'max_order': 45, 'x_lims': [0, 1000.0], 'y_lims': [0, 1000.0], 'grid_points': [4, 4], 'n_bins': 350, 'max_wfe_rms': 0.1, 'oversampling_rate': 3.0, 'output_Q': 3.0, 'output_dim': 32, 'LP_filter_length': 2, 'pupil_diameter': 256, 'euclid_obsc': True, 'n_stars': 2000}
Starting cycle 1..
Starting parametric update..
Epoch 1/30

Epoch 00001: mean_squared_error improved from inf to 0.00001, saving model to /gpfswork/rech/ynx/uds36vp/repos/wf-SEDs/projected_learning/wf-outputs/chkp/8_bins/chkp_callback_poly_1_cycles_256_proj_d2_0_cycle1
63/63 - 59s - loss: 7.2107e-06 - mean_squared_error: 6.7268e-06 - val_loss: 1.7128e-06 - val_mean_squared_error: 1.7128e-06 - 59s/epoch - 941ms/step
Epoch 2/30

Epoch 00002: mean_squared_error improved from 0.00001 to 0.00000, saving model to /gpfswork/rech/ynx/uds36vp/repos/wf-SEDs/projected_learning/wf-outputs/chkp/8_bins/chkp_callback_poly_1_cycles_256_proj_d2_0_cycle1
63/63 - 54s - loss: 2.4330e-06 - mean_squared_error: 2.6414e-06 - val_loss: 9.9284e-07 - val_mean_squared_error: 9.9284e-07 - 54s/epoch - 860ms/step
Epoch 3/30

Epoch 00003: mean_squared_error improved from 0.00000 to 0.00000, saving model to /gpfswork/rech/ynx/uds36vp/repos/wf-SEDs/projected_learning/wf-outputs/chkp/8_bins/chkp_callback_poly_1_cycles_256_proj_d2_0_cycle1
63/63 - 54s - loss: 2.0567e-06 - mean_squared_error: 2.2851e-06 - val_loss: 8.5697e-07 - val_mean_squared_error: 8.5697e-07 - 54s/epoch - 861ms/step
Epoch 4/30

Epoch 00004: mean_squared_error improved from 0.00000 to 0.00000, saving model to /gpfswork/rech/ynx/uds36vp/repos/wf-SEDs/projected_learning/wf-outputs/chkp/8_bins/chkp_callback_poly_1_cycles_256_proj_d2_0_cycle1
63/63 - 54s - loss: 1.9560e-06 - mean_squared_error: 2.1913e-06 - val_loss: 7.6767e-07 - val_mean_squared_error: 7.6767e-07 - 54s/epoch - 860ms/step
Epoch 5/30

Epoch 00005: mean_squared_error improved from 0.00000 to 0.00000, saving model to /gpfswork/rech/ynx/uds36vp/repos/wf-SEDs/projected_learning/wf-outputs/chkp/8_bins/chkp_callback_poly_1_cycles_256_proj_d2_0_cycle1
63/63 - 54s - loss: 1.8263e-06 - mean_squared_error: 2.0802e-06 - val_loss: 6.5598e-07 - val_mean_squared_error: 6.5598e-07 - 54s/epoch - 864ms/step
Epoch 6/30

Epoch 00006: mean_squared_error improved from 0.00000 to 0.00000, saving model to /gpfswork/rech/ynx/uds36vp/repos/wf-SEDs/projected_learning/wf-outputs/chkp/8_bins/chkp_callback_poly_1_cycles_256_proj_d2_0_cycle1
63/63 - 54s - loss: 1.7800e-06 - mean_squared_error: 2.0410e-06 - val_loss: 6.4407e-07 - val_mean_squared_error: 6.4407e-07 - 54s/epoch - 855ms/step
Epoch 7/30

Epoch 00007: mean_squared_error improved from 0.00000 to 0.00000, saving model to /gpfswork/rech/ynx/uds36vp/repos/wf-SEDs/projected_learning/wf-outputs/chkp/8_bins/chkp_callback_poly_1_cycles_256_proj_d2_0_cycle1
63/63 - 54s - loss: 1.7760e-06 - mean_squared_error: 2.0366e-06 - val_loss: 6.5307e-07 - val_mean_squared_error: 6.5307e-07 - 54s/epoch - 853ms/step
Epoch 8/30

Epoch 00008: mean_squared_error did not improve from 0.00000
63/63 - 54s - loss: 1.7823e-06 - mean_squared_error: 2.0451e-06 - val_loss: 7.2987e-07 - val_mean_squared_error: 7.2987e-07 - 54s/epoch - 853ms/step
Epoch 9/30

Epoch 00009: mean_squared_error did not improve from 0.00000
63/63 - 54s - loss: 1.7764e-06 - mean_squared_error: 2.0402e-06 - val_loss: 6.8295e-07 - val_mean_squared_error: 6.8295e-07 - 54s/epoch - 853ms/step
Epoch 10/30

Epoch 00010: mean_squared_error improved from 0.00000 to 0.00000, saving model to /gpfswork/rech/ynx/uds36vp/repos/wf-SEDs/projected_learning/wf-outputs/chkp/8_bins/chkp_callback_poly_1_cycles_256_proj_d2_0_cycle1
63/63 - 54s - loss: 1.7696e-06 - mean_squared_error: 2.0335e-06 - val_loss: 6.3088e-07 - val_mean_squared_error: 6.3088e-07 - 54s/epoch - 857ms/step
Epoch 11/30

Epoch 00011: mean_squared_error did not improve from 0.00000
63/63 - 54s - loss: 1.7758e-06 - mean_squared_error: 2.0365e-06 - val_loss: 6.5917e-07 - val_mean_squared_error: 6.5917e-07 - 54s/epoch - 854ms/step
Epoch 12/30

Epoch 00012: mean_squared_error did not improve from 0.00000
63/63 - 54s - loss: 1.8232e-06 - mean_squared_error: 2.0759e-06 - val_loss: 6.9752e-07 - val_mean_squared_error: 6.9752e-07 - 54s/epoch - 854ms/step
Epoch 13/30

Epoch 00013: mean_squared_error did not improve from 0.00000
63/63 - 54s - loss: 1.8324e-06 - mean_squared_error: 2.0886e-06 - val_loss: 6.8807e-07 - val_mean_squared_error: 6.8807e-07 - 54s/epoch - 855ms/step
Epoch 14/30

Epoch 00014: mean_squared_error did not improve from 0.00000
63/63 - 54s - loss: 1.8267e-06 - mean_squared_error: 2.0821e-06 - val_loss: 8.9543e-07 - val_mean_squared_error: 8.9543e-07 - 54s/epoch - 853ms/step
Epoch 15/30

Epoch 00015: mean_squared_error did not improve from 0.00000
63/63 - 54s - loss: 1.9024e-06 - mean_squared_error: 2.1527e-06 - val_loss: 6.6095e-07 - val_mean_squared_error: 6.6095e-07 - 54s/epoch - 853ms/step
Epoch 16/30

Epoch 00016: mean_squared_error did not improve from 0.00000
63/63 - 54s - loss: 1.8237e-06 - mean_squared_error: 2.0806e-06 - val_loss: 6.6604e-07 - val_mean_squared_error: 6.6604e-07 - 54s/epoch - 850ms/step
Epoch 17/30

Epoch 00017: mean_squared_error did not improve from 0.00000
63/63 - 53s - loss: 1.9008e-06 - mean_squared_error: 2.1504e-06 - val_loss: 6.6875e-07 - val_mean_squared_error: 6.6875e-07 - 53s/epoch - 839ms/step
Epoch 18/30

Epoch 00018: mean_squared_error did not improve from 0.00000
63/63 - 53s - loss: 1.9156e-06 - mean_squared_error: 2.1606e-06 - val_loss: 7.6853e-07 - val_mean_squared_error: 7.6853e-07 - 53s/epoch - 837ms/step
Epoch 19/30

Epoch 00019: mean_squared_error did not improve from 0.00000
63/63 - 53s - loss: 1.9123e-06 - mean_squared_error: 2.1548e-06 - val_loss: 7.3141e-07 - val_mean_squared_error: 7.3141e-07 - 53s/epoch - 838ms/step
Epoch 20/30

Epoch 00020: mean_squared_error did not improve from 0.00000
63/63 - 53s - loss: 1.9608e-06 - mean_squared_error: 2.1998e-06 - val_loss: 6.8461e-07 - val_mean_squared_error: 6.8461e-07 - 53s/epoch - 836ms/step
Epoch 21/30

Epoch 00021: mean_squared_error did not improve from 0.00000
63/63 - 54s - loss: 1.8508e-06 - mean_squared_error: 2.0977e-06 - val_loss: 6.9085e-07 - val_mean_squared_error: 6.9085e-07 - 54s/epoch - 851ms/step
Epoch 22/30

Epoch 00022: mean_squared_error did not improve from 0.00000
63/63 - 54s - loss: 2.0335e-06 - mean_squared_error: 2.2625e-06 - val_loss: 7.7216e-07 - val_mean_squared_error: 7.7216e-07 - 54s/epoch - 854ms/step
Epoch 23/30

Epoch 00023: mean_squared_error did not improve from 0.00000
63/63 - 54s - loss: 1.9170e-06 - mean_squared_error: 2.1661e-06 - val_loss: 7.8523e-07 - val_mean_squared_error: 7.8523e-07 - 54s/epoch - 860ms/step
Epoch 24/30

Epoch 00024: mean_squared_error did not improve from 0.00000
63/63 - 54s - loss: 1.9559e-06 - mean_squared_error: 2.1802e-06 - val_loss: 9.1879e-07 - val_mean_squared_error: 9.1879e-07 - 54s/epoch - 861ms/step
Epoch 25/30

Epoch 00025: mean_squared_error did not improve from 0.00000
63/63 - 54s - loss: 1.9706e-06 - mean_squared_error: 2.2021e-06 - val_loss: 6.6794e-07 - val_mean_squared_error: 6.6794e-07 - 54s/epoch - 861ms/step
Epoch 26/30

Epoch 00026: mean_squared_error did not improve from 0.00000
63/63 - 54s - loss: 1.7864e-06 - mean_squared_error: 2.0453e-06 - val_loss: 7.4733e-07 - val_mean_squared_error: 7.4733e-07 - 54s/epoch - 863ms/step
Epoch 27/30

Epoch 00027: mean_squared_error did not improve from 0.00000
63/63 - 54s - loss: 1.8883e-06 - mean_squared_error: 2.1315e-06 - val_loss: 8.4301e-07 - val_mean_squared_error: 8.4301e-07 - 54s/epoch - 861ms/step
Epoch 28/30

Epoch 00028: mean_squared_error did not improve from 0.00000
63/63 - 54s - loss: 2.0137e-06 - mean_squared_error: 2.2412e-06 - val_loss: 6.6852e-07 - val_mean_squared_error: 6.6852e-07 - 54s/epoch - 862ms/step
Epoch 29/30

Epoch 00029: mean_squared_error did not improve from 0.00000
63/63 - 54s - loss: 1.9243e-06 - mean_squared_error: 2.1639e-06 - val_loss: 7.3289e-07 - val_mean_squared_error: 7.3289e-07 - 54s/epoch - 861ms/step
Epoch 30/30

Epoch 00030: mean_squared_error did not improve from 0.00000
63/63 - 54s - loss: 1.9187e-06 - mean_squared_error: 2.1616e-06 - val_loss: 7.7720e-07 - val_mean_squared_error: 7.7720e-07 - 54s/epoch - 861ms/step
Starting non-parametric update..
Epoch 1/150

Epoch 00001: mean_squared_error did not improve from 0.00000
63/63 - 57s - loss: 1.8334e-06 - mean_squared_error: 2.0880e-06 - val_loss: 6.2586e-07 - val_mean_squared_error: 6.2586e-07 - 57s/epoch - 905ms/step
Epoch 2/150

Epoch 00002: mean_squared_error improved from 0.00000 to 0.00000, saving model to /gpfswork/rech/ynx/uds36vp/repos/wf-SEDs/projected_learning/wf-outputs/chkp/8_bins/chkp_callback_poly_1_cycles_256_proj_d2_0_cycle1
63/63 - 54s - loss: 1.6477e-06 - mean_squared_error: 1.9420e-06 - val_loss: 5.1638e-07 - val_mean_squared_error: 5.1638e-07 - 54s/epoch - 861ms/step
Epoch 3/150

Epoch 00003: mean_squared_error improved from 0.00000 to 0.00000, saving model to /gpfswork/rech/ynx/uds36vp/repos/wf-SEDs/projected_learning/wf-outputs/chkp/8_bins/chkp_callback_poly_1_cycles_256_proj_d2_0_cycle1
63/63 - 54s - loss: 1.5183e-06 - mean_squared_error: 1.8438e-06 - val_loss: 4.3828e-07 - val_mean_squared_error: 4.3828e-07 - 54s/epoch - 862ms/step
Epoch 4/150

Epoch 00004: mean_squared_error improved from 0.00000 to 0.00000, saving model to /gpfswork/rech/ynx/uds36vp/repos/wf-SEDs/projected_learning/wf-outputs/chkp/8_bins/chkp_callback_poly_1_cycles_256_proj_d2_0_cycle1
63/63 - 54s - loss: 1.4213e-06 - mean_squared_error: 1.7702e-06 - val_loss: 3.7565e-07 - val_mean_squared_error: 3.7565e-07 - 54s/epoch - 852ms/step
Epoch 5/150

Epoch 00005: mean_squared_error improved from 0.00000 to 0.00000, saving model to /gpfswork/rech/ynx/uds36vp/repos/wf-SEDs/projected_learning/wf-outputs/chkp/8_bins/chkp_callback_poly_1_cycles_256_proj_d2_0_cycle1
63/63 - 54s - loss: 1.3468e-06 - mean_squared_error: 1.7103e-06 - val_loss: 3.2293e-07 - val_mean_squared_error: 3.2293e-07 - 54s/epoch - 852ms/step
Epoch 6/150

Epoch 00006: mean_squared_error improved from 0.00000 to 0.00000, saving model to /gpfswork/rech/ynx/uds36vp/repos/wf-SEDs/projected_learning/wf-outputs/chkp/8_bins/chkp_callback_poly_1_cycles_256_proj_d2_0_cycle1
63/63 - 54s - loss: 1.2864e-06 - mean_squared_error: 1.6611e-06 - val_loss: 2.7583e-07 - val_mean_squared_error: 2.7583e-07 - 54s/epoch - 855ms/step
Epoch 7/150

Epoch 00007: mean_squared_error improved from 0.00000 to 0.00000, saving model to /gpfswork/rech/ynx/uds36vp/repos/wf-SEDs/projected_learning/wf-outputs/chkp/8_bins/chkp_callback_poly_1_cycles_256_proj_d2_0_cycle1
63/63 - 55s - loss: 1.2383e-06 - mean_squared_error: 1.6200e-06 - val_loss: 2.3833e-07 - val_mean_squared_error: 2.3833e-07 - 55s/epoch - 866ms/step
Epoch 8/150

Epoch 00008: mean_squared_error improved from 0.00000 to 0.00000, saving model to /gpfswork/rech/ynx/uds36vp/repos/wf-SEDs/projected_learning/wf-outputs/chkp/8_bins/chkp_callback_poly_1_cycles_256_proj_d2_0_cycle1
63/63 - 55s - loss: 1.1986e-06 - mean_squared_error: 1.5850e-06 - val_loss: 2.0819e-07 - val_mean_squared_error: 2.0819e-07 - 55s/epoch - 866ms/step
Epoch 9/150

Epoch 00009: mean_squared_error improved from 0.00000 to 0.00000, saving model to /gpfswork/rech/ynx/uds36vp/repos/wf-SEDs/projected_learning/wf-outputs/chkp/8_bins/chkp_callback_poly_1_cycles_256_proj_d2_0_cycle1
63/63 - 54s - loss: 1.1676e-06 - mean_squared_error: 1.5580e-06 - val_loss: 1.8392e-07 - val_mean_squared_error: 1.8392e-07 - 54s/epoch - 865ms/step
Epoch 10/150

Epoch 00010: mean_squared_error improved from 0.00000 to 0.00000, saving model to /gpfswork/rech/ynx/uds36vp/repos/wf-SEDs/projected_learning/wf-outputs/chkp/8_bins/chkp_callback_poly_1_cycles_256_proj_d2_0_cycle1
63/63 - 55s - loss: 1.1416e-06 - mean_squared_error: 1.5353e-06 - val_loss: 1.6202e-07 - val_mean_squared_error: 1.6202e-07 - 55s/epoch - 867ms/step
Epoch 11/150

Epoch 00011: mean_squared_error improved from 0.00000 to 0.00000, saving model to /gpfswork/rech/ynx/uds36vp/repos/wf-SEDs/projected_learning/wf-outputs/chkp/8_bins/chkp_callback_poly_1_cycles_256_proj_d2_0_cycle1
63/63 - 54s - loss: 1.1186e-06 - mean_squared_error: 1.5151e-06 - val_loss: 1.4417e-07 - val_mean_squared_error: 1.4417e-07 - 54s/epoch - 860ms/step
Epoch 12/150

Epoch 00012: mean_squared_error improved from 0.00000 to 0.00000, saving model to /gpfswork/rech/ynx/uds36vp/repos/wf-SEDs/projected_learning/wf-outputs/chkp/8_bins/chkp_callback_poly_1_cycles_256_proj_d2_0_cycle1
63/63 - 54s - loss: 1.0994e-06 - mean_squared_error: 1.4986e-06 - val_loss: 1.2791e-07 - val_mean_squared_error: 1.2791e-07 - 54s/epoch - 861ms/step
Epoch 13/150

Epoch 00013: mean_squared_error improved from 0.00000 to 0.00000, saving model to /gpfswork/rech/ynx/uds36vp/repos/wf-SEDs/projected_learning/wf-outputs/chkp/8_bins/chkp_callback_poly_1_cycles_256_proj_d2_0_cycle1
63/63 - 54s - loss: 1.0833e-06 - mean_squared_error: 1.4847e-06 - val_loss: 1.1529e-07 - val_mean_squared_error: 1.1529e-07 - 54s/epoch - 861ms/step
Epoch 14/150

Epoch 00014: mean_squared_error improved from 0.00000 to 0.00000, saving model to /gpfswork/rech/ynx/uds36vp/repos/wf-SEDs/projected_learning/wf-outputs/chkp/8_bins/chkp_callback_poly_1_cycles_256_proj_d2_0_cycle1
63/63 - 54s - loss: 1.0694e-06 - mean_squared_error: 1.4725e-06 - val_loss: 1.0313e-07 - val_mean_squared_error: 1.0313e-07 - 54s/epoch - 863ms/step
Epoch 15/150

Epoch 00015: mean_squared_error improved from 0.00000 to 0.00000, saving model to /gpfswork/rech/ynx/uds36vp/repos/wf-SEDs/projected_learning/wf-outputs/chkp/8_bins/chkp_callback_poly_1_cycles_256_proj_d2_0_cycle1
63/63 - 54s - loss: 1.0568e-06 - mean_squared_error: 1.4615e-06 - val_loss: 9.4496e-08 - val_mean_squared_error: 9.4496e-08 - 54s/epoch - 863ms/step
Epoch 16/150

Epoch 00016: mean_squared_error improved from 0.00000 to 0.00000, saving model to /gpfswork/rech/ynx/uds36vp/repos/wf-SEDs/projected_learning/wf-outputs/chkp/8_bins/chkp_callback_poly_1_cycles_256_proj_d2_0_cycle1
63/63 - 55s - loss: 1.0473e-06 - mean_squared_error: 1.4532e-06 - val_loss: 8.5953e-08 - val_mean_squared_error: 8.5953e-08 - 55s/epoch - 865ms/step
Epoch 17/150

Epoch 00017: mean_squared_error improved from 0.00000 to 0.00000, saving model to /gpfswork/rech/ynx/uds36vp/repos/wf-SEDs/projected_learning/wf-outputs/chkp/8_bins/chkp_callback_poly_1_cycles_256_proj_d2_0_cycle1
63/63 - 55s - loss: 1.0386e-06 - mean_squared_error: 1.4457e-06 - val_loss: 7.7584e-08 - val_mean_squared_error: 7.7584e-08 - 55s/epoch - 865ms/step
Epoch 18/150

Epoch 00018: mean_squared_error improved from 0.00000 to 0.00000, saving model to /gpfswork/rech/ynx/uds36vp/repos/wf-SEDs/projected_learning/wf-outputs/chkp/8_bins/chkp_callback_poly_1_cycles_256_proj_d2_0_cycle1
63/63 - 55s - loss: 1.0310e-06 - mean_squared_error: 1.4389e-06 - val_loss: 7.1013e-08 - val_mean_squared_error: 7.1013e-08 - 55s/epoch - 866ms/step
Epoch 19/150

Epoch 00019: mean_squared_error improved from 0.00000 to 0.00000, saving model to /gpfswork/rech/ynx/uds36vp/repos/wf-SEDs/projected_learning/wf-outputs/chkp/8_bins/chkp_callback_poly_1_cycles_256_proj_d2_0_cycle1
63/63 - 55s - loss: 1.0234e-06 - mean_squared_error: 1.4323e-06 - val_loss: 6.4734e-08 - val_mean_squared_error: 6.4734e-08 - 55s/epoch - 870ms/step
Epoch 20/150

Epoch 00020: mean_squared_error improved from 0.00000 to 0.00000, saving model to /gpfswork/rech/ynx/uds36vp/repos/wf-SEDs/projected_learning/wf-outputs/chkp/8_bins/chkp_callback_poly_1_cycles_256_proj_d2_0_cycle1
63/63 - 55s - loss: 1.0178e-06 - mean_squared_error: 1.4272e-06 - val_loss: 5.9771e-08 - val_mean_squared_error: 5.9771e-08 - 55s/epoch - 866ms/step
Epoch 21/150

Epoch 00021: mean_squared_error improved from 0.00000 to 0.00000, saving model to /gpfswork/rech/ynx/uds36vp/repos/wf-SEDs/projected_learning/wf-outputs/chkp/8_bins/chkp_callback_poly_1_cycles_256_proj_d2_0_cycle1
63/63 - 55s - loss: 1.0129e-06 - mean_squared_error: 1.4230e-06 - val_loss: 5.4746e-08 - val_mean_squared_error: 5.4746e-08 - 55s/epoch - 868ms/step
Epoch 22/150

Epoch 00022: mean_squared_error improved from 0.00000 to 0.00000, saving model to /gpfswork/rech/ynx/uds36vp/repos/wf-SEDs/projected_learning/wf-outputs/chkp/8_bins/chkp_callback_poly_1_cycles_256_proj_d2_0_cycle1
63/63 - 55s - loss: 1.0078e-06 - mean_squared_error: 1.4185e-06 - val_loss: 5.2042e-08 - val_mean_squared_error: 5.2042e-08 - 55s/epoch - 866ms/step
Epoch 23/150

Epoch 00023: mean_squared_error improved from 0.00000 to 0.00000, saving model to /gpfswork/rech/ynx/uds36vp/repos/wf-SEDs/projected_learning/wf-outputs/chkp/8_bins/chkp_callback_poly_1_cycles_256_proj_d2_0_cycle1
63/63 - 55s - loss: 1.0038e-06 - mean_squared_error: 1.4149e-06 - val_loss: 4.8127e-08 - val_mean_squared_error: 4.8127e-08 - 55s/epoch - 868ms/step
Epoch 24/150

Epoch 00024: mean_squared_error improved from 0.00000 to 0.00000, saving model to /gpfswork/rech/ynx/uds36vp/repos/wf-SEDs/projected_learning/wf-outputs/chkp/8_bins/chkp_callback_poly_1_cycles_256_proj_d2_0_cycle1
63/63 - 55s - loss: 1.0001e-06 - mean_squared_error: 1.4116e-06 - val_loss: 4.5434e-08 - val_mean_squared_error: 4.5434e-08 - 55s/epoch - 866ms/step
Epoch 25/150

Epoch 00025: mean_squared_error improved from 0.00000 to 0.00000, saving model to /gpfswork/rech/ynx/uds36vp/repos/wf-SEDs/projected_learning/wf-outputs/chkp/8_bins/chkp_callback_poly_1_cycles_256_proj_d2_0_cycle1
63/63 - 55s - loss: 9.9626e-07 - mean_squared_error: 1.4083e-06 - val_loss: 4.1895e-08 - val_mean_squared_error: 4.1895e-08 - 55s/epoch - 866ms/step
Epoch 26/150

Epoch 00026: mean_squared_error improved from 0.00000 to 0.00000, saving model to /gpfswork/rech/ynx/uds36vp/repos/wf-SEDs/projected_learning/wf-outputs/chkp/8_bins/chkp_callback_poly_1_cycles_256_proj_d2_0_cycle1
63/63 - 55s - loss: 9.9350e-07 - mean_squared_error: 1.4057e-06 - val_loss: 3.9820e-08 - val_mean_squared_error: 3.9820e-08 - 55s/epoch - 867ms/step
Epoch 27/150

Epoch 00027: mean_squared_error improved from 0.00000 to 0.00000, saving model to /gpfswork/rech/ynx/uds36vp/repos/wf-SEDs/projected_learning/wf-outputs/chkp/8_bins/chkp_callback_poly_1_cycles_256_proj_d2_0_cycle1
63/63 - 54s - loss: 9.9100e-07 - mean_squared_error: 1.4035e-06 - val_loss: 3.7494e-08 - val_mean_squared_error: 3.7494e-08 - 54s/epoch - 862ms/step
Epoch 28/150

Epoch 00028: mean_squared_error improved from 0.00000 to 0.00000, saving model to /gpfswork/rech/ynx/uds36vp/repos/wf-SEDs/projected_learning/wf-outputs/chkp/8_bins/chkp_callback_poly_1_cycles_256_proj_d2_0_cycle1
63/63 - 54s - loss: 9.8808e-07 - mean_squared_error: 1.4010e-06 - val_loss: 3.5543e-08 - val_mean_squared_error: 3.5543e-08 - 54s/epoch - 864ms/step
Epoch 29/150

Epoch 00029: mean_squared_error improved from 0.00000 to 0.00000, saving model to /gpfswork/rech/ynx/uds36vp/repos/wf-SEDs/projected_learning/wf-outputs/chkp/8_bins/chkp_callback_poly_1_cycles_256_proj_d2_0_cycle1
63/63 - 54s - loss: 9.8643e-07 - mean_squared_error: 1.3995e-06 - val_loss: 3.3510e-08 - val_mean_squared_error: 3.3510e-08 - 54s/epoch - 860ms/step
Epoch 30/150

Epoch 00030: mean_squared_error improved from 0.00000 to 0.00000, saving model to /gpfswork/rech/ynx/uds36vp/repos/wf-SEDs/projected_learning/wf-outputs/chkp/8_bins/chkp_callback_poly_1_cycles_256_proj_d2_0_cycle1
63/63 - 54s - loss: 9.8466e-07 - mean_squared_error: 1.3978e-06 - val_loss: 3.1807e-08 - val_mean_squared_error: 3.1807e-08 - 54s/epoch - 863ms/step
Epoch 31/150

Epoch 00031: mean_squared_error improved from 0.00000 to 0.00000, saving model to /gpfswork/rech/ynx/uds36vp/repos/wf-SEDs/projected_learning/wf-outputs/chkp/8_bins/chkp_callback_poly_1_cycles_256_proj_d2_0_cycle1
63/63 - 54s - loss: 9.8229e-07 - mean_squared_error: 1.3958e-06 - val_loss: 3.0112e-08 - val_mean_squared_error: 3.0112e-08 - 54s/epoch - 859ms/step
Epoch 32/150

Epoch 00032: mean_squared_error improved from 0.00000 to 0.00000, saving model to /gpfswork/rech/ynx/uds36vp/repos/wf-SEDs/projected_learning/wf-outputs/chkp/8_bins/chkp_callback_poly_1_cycles_256_proj_d2_0_cycle1
63/63 - 55s - loss: 9.8086e-07 - mean_squared_error: 1.3946e-06 - val_loss: 2.8993e-08 - val_mean_squared_error: 2.8993e-08 - 55s/epoch - 865ms/step
Epoch 33/150

Epoch 00033: mean_squared_error improved from 0.00000 to 0.00000, saving model to /gpfswork/rech/ynx/uds36vp/repos/wf-SEDs/projected_learning/wf-outputs/chkp/8_bins/chkp_callback_poly_1_cycles_256_proj_d2_0_cycle1
63/63 - 54s - loss: 9.7920e-07 - mean_squared_error: 1.3931e-06 - val_loss: 2.7588e-08 - val_mean_squared_error: 2.7588e-08 - 54s/epoch - 860ms/step
Epoch 34/150

Epoch 00034: mean_squared_error improved from 0.00000 to 0.00000, saving model to /gpfswork/rech/ynx/uds36vp/repos/wf-SEDs/projected_learning/wf-outputs/chkp/8_bins/chkp_callback_poly_1_cycles_256_proj_d2_0_cycle1
63/63 - 54s - loss: 9.7850e-07 - mean_squared_error: 1.3923e-06 - val_loss: 2.7119e-08 - val_mean_squared_error: 2.7119e-08 - 54s/epoch - 860ms/step
Epoch 35/150

Epoch 00035: mean_squared_error improved from 0.00000 to 0.00000, saving model to /gpfswork/rech/ynx/uds36vp/repos/wf-SEDs/projected_learning/wf-outputs/chkp/8_bins/chkp_callback_poly_1_cycles_256_proj_d2_0_cycle1
63/63 - 54s - loss: 9.7749e-07 - mean_squared_error: 1.3914e-06 - val_loss: 2.6643e-08 - val_mean_squared_error: 2.6643e-08 - 54s/epoch - 864ms/step
Epoch 36/150

Epoch 00036: mean_squared_error improved from 0.00000 to 0.00000, saving model to /gpfswork/rech/ynx/uds36vp/repos/wf-SEDs/projected_learning/wf-outputs/chkp/8_bins/chkp_callback_poly_1_cycles_256_proj_d2_0_cycle1
63/63 - 54s - loss: 9.7565e-07 - mean_squared_error: 1.3898e-06 - val_loss: 2.4575e-08 - val_mean_squared_error: 2.4575e-08 - 54s/epoch - 859ms/step
Epoch 37/150

Epoch 00037: mean_squared_error improved from 0.00000 to 0.00000, saving model to /gpfswork/rech/ynx/uds36vp/repos/wf-SEDs/projected_learning/wf-outputs/chkp/8_bins/chkp_callback_poly_1_cycles_256_proj_d2_0_cycle1
63/63 - 54s - loss: 9.7431e-07 - mean_squared_error: 1.3886e-06 - val_loss: 2.3959e-08 - val_mean_squared_error: 2.3959e-08 - 54s/epoch - 858ms/step
Epoch 38/150

Epoch 00038: mean_squared_error improved from 0.00000 to 0.00000, saving model to /gpfswork/rech/ynx/uds36vp/repos/wf-SEDs/projected_learning/wf-outputs/chkp/8_bins/chkp_callback_poly_1_cycles_256_proj_d2_0_cycle1
63/63 - 54s - loss: 9.7370e-07 - mean_squared_error: 1.3879e-06 - val_loss: 2.2799e-08 - val_mean_squared_error: 2.2799e-08 - 54s/epoch - 853ms/step
Epoch 39/150

Epoch 00039: mean_squared_error improved from 0.00000 to 0.00000, saving model to /gpfswork/rech/ynx/uds36vp/repos/wf-SEDs/projected_learning/wf-outputs/chkp/8_bins/chkp_callback_poly_1_cycles_256_proj_d2_0_cycle1
63/63 - 53s - loss: 9.7323e-07 - mean_squared_error: 1.3876e-06 - val_loss: 2.1887e-08 - val_mean_squared_error: 2.1887e-08 - 53s/epoch - 835ms/step
Epoch 40/150

Epoch 00040: mean_squared_error improved from 0.00000 to 0.00000, saving model to /gpfswork/rech/ynx/uds36vp/repos/wf-SEDs/projected_learning/wf-outputs/chkp/8_bins/chkp_callback_poly_1_cycles_256_proj_d2_0_cycle1
63/63 - 53s - loss: 9.7198e-07 - mean_squared_error: 1.3863e-06 - val_loss: 2.3102e-08 - val_mean_squared_error: 2.3102e-08 - 53s/epoch - 834ms/step
Epoch 41/150

Epoch 00041: mean_squared_error improved from 0.00000 to 0.00000, saving model to /gpfswork/rech/ynx/uds36vp/repos/wf-SEDs/projected_learning/wf-outputs/chkp/8_bins/chkp_callback_poly_1_cycles_256_proj_d2_0_cycle1
63/63 - 53s - loss: 9.7175e-07 - mean_squared_error: 1.3861e-06 - val_loss: 2.1413e-08 - val_mean_squared_error: 2.1413e-08 - 53s/epoch - 834ms/step
Epoch 42/150

Epoch 00042: mean_squared_error improved from 0.00000 to 0.00000, saving model to /gpfswork/rech/ynx/uds36vp/repos/wf-SEDs/projected_learning/wf-outputs/chkp/8_bins/chkp_callback_poly_1_cycles_256_proj_d2_0_cycle1
63/63 - 53s - loss: 9.7002e-07 - mean_squared_error: 1.3847e-06 - val_loss: 2.0495e-08 - val_mean_squared_error: 2.0495e-08 - 53s/epoch - 838ms/step
Epoch 43/150

Epoch 00043: mean_squared_error improved from 0.00000 to 0.00000, saving model to /gpfswork/rech/ynx/uds36vp/repos/wf-SEDs/projected_learning/wf-outputs/chkp/8_bins/chkp_callback_poly_1_cycles_256_proj_d2_0_cycle1
63/63 - 54s - loss: 9.6969e-07 - mean_squared_error: 1.3844e-06 - val_loss: 1.9943e-08 - val_mean_squared_error: 1.9943e-08 - 54s/epoch - 856ms/step
Epoch 44/150

Epoch 00044: mean_squared_error improved from 0.00000 to 0.00000, saving model to /gpfswork/rech/ynx/uds36vp/repos/wf-SEDs/projected_learning/wf-outputs/chkp/8_bins/chkp_callback_poly_1_cycles_256_proj_d2_0_cycle1
63/63 - 54s - loss: 9.6936e-07 - mean_squared_error: 1.3838e-06 - val_loss: 1.8860e-08 - val_mean_squared_error: 1.8860e-08 - 54s/epoch - 852ms/step
Epoch 45/150

Epoch 00045: mean_squared_error improved from 0.00000 to 0.00000, saving model to /gpfswork/rech/ynx/uds36vp/repos/wf-SEDs/projected_learning/wf-outputs/chkp/8_bins/chkp_callback_poly_1_cycles_256_proj_d2_0_cycle1
63/63 - 54s - loss: 9.6825e-07 - mean_squared_error: 1.3831e-06 - val_loss: 1.8041e-08 - val_mean_squared_error: 1.8041e-08 - 54s/epoch - 851ms/step
Epoch 46/150

Epoch 00046: mean_squared_error improved from 0.00000 to 0.00000, saving model to /gpfswork/rech/ynx/uds36vp/repos/wf-SEDs/projected_learning/wf-outputs/chkp/8_bins/chkp_callback_poly_1_cycles_256_proj_d2_0_cycle1
63/63 - 54s - loss: 9.6723e-07 - mean_squared_error: 1.3821e-06 - val_loss: 1.7555e-08 - val_mean_squared_error: 1.7555e-08 - 54s/epoch - 851ms/step
Epoch 47/150

Epoch 00047: mean_squared_error did not improve from 0.00000
63/63 - 54s - loss: 9.6742e-07 - mean_squared_error: 1.3822e-06 - val_loss: 1.7138e-08 - val_mean_squared_error: 1.7138e-08 - 54s/epoch - 849ms/step
Epoch 48/150

Epoch 00048: mean_squared_error improved from 0.00000 to 0.00000, saving model to /gpfswork/rech/ynx/uds36vp/repos/wf-SEDs/projected_learning/wf-outputs/chkp/8_bins/chkp_callback_poly_1_cycles_256_proj_d2_0_cycle1
63/63 - 54s - loss: 9.6617e-07 - mean_squared_error: 1.3812e-06 - val_loss: 1.7560e-08 - val_mean_squared_error: 1.7560e-08 - 54s/epoch - 855ms/step
Epoch 49/150

Epoch 00049: mean_squared_error did not improve from 0.00000
63/63 - 54s - loss: 9.6649e-07 - mean_squared_error: 1.3813e-06 - val_loss: 1.6873e-08 - val_mean_squared_error: 1.6873e-08 - 54s/epoch - 853ms/step
Epoch 50/150

Epoch 00050: mean_squared_error did not improve from 0.00000
63/63 - 54s - loss: 9.6784e-07 - mean_squared_error: 1.3822e-06 - val_loss: 2.0095e-08 - val_mean_squared_error: 2.0095e-08 - 54s/epoch - 849ms/step
Epoch 51/150

Epoch 00051: mean_squared_error improved from 0.00000 to 0.00000, saving model to /gpfswork/rech/ynx/uds36vp/repos/wf-SEDs/projected_learning/wf-outputs/chkp/8_bins/chkp_callback_poly_1_cycles_256_proj_d2_0_cycle1
63/63 - 54s - loss: 9.6602e-07 - mean_squared_error: 1.3810e-06 - val_loss: 1.5721e-08 - val_mean_squared_error: 1.5721e-08 - 54s/epoch - 858ms/step
Epoch 52/150

Epoch 00052: mean_squared_error did not improve from 0.00000
63/63 - 54s - loss: 9.6775e-07 - mean_squared_error: 1.3821e-06 - val_loss: 1.8458e-08 - val_mean_squared_error: 1.8458e-08 - 54s/epoch - 854ms/step
Epoch 53/150

Epoch 00053: mean_squared_error improved from 0.00000 to 0.00000, saving model to /gpfswork/rech/ynx/uds36vp/repos/wf-SEDs/projected_learning/wf-outputs/chkp/8_bins/chkp_callback_poly_1_cycles_256_proj_d2_0_cycle1
63/63 - 54s - loss: 9.6588e-07 - mean_squared_error: 1.3806e-06 - val_loss: 1.6431e-08 - val_mean_squared_error: 1.6431e-08 - 54s/epoch - 856ms/step
Epoch 54/150

Epoch 00054: mean_squared_error did not improve from 0.00000
63/63 - 54s - loss: 9.6732e-07 - mean_squared_error: 1.3815e-06 - val_loss: 2.0554e-08 - val_mean_squared_error: 2.0554e-08 - 54s/epoch - 854ms/step
Epoch 55/150

Epoch 00055: mean_squared_error did not improve from 0.00000
63/63 - 54s - loss: 9.6738e-07 - mean_squared_error: 1.3816e-06 - val_loss: 1.5444e-08 - val_mean_squared_error: 1.5444e-08 - 54s/epoch - 854ms/step
Epoch 56/150

Epoch 00056: mean_squared_error improved from 0.00000 to 0.00000, saving model to /gpfswork/rech/ynx/uds36vp/repos/wf-SEDs/projected_learning/wf-outputs/chkp/8_bins/chkp_callback_poly_1_cycles_256_proj_d2_0_cycle1
63/63 - 54s - loss: 9.6431e-07 - mean_squared_error: 1.3792e-06 - val_loss: 1.4509e-08 - val_mean_squared_error: 1.4509e-08 - 54s/epoch - 853ms/step
Epoch 57/150

Epoch 00057: mean_squared_error did not improve from 0.00000
63/63 - 53s - loss: 9.6442e-07 - mean_squared_error: 1.3793e-06 - val_loss: 1.5895e-08 - val_mean_squared_error: 1.5895e-08 - 53s/epoch - 849ms/step
Epoch 58/150

Epoch 00058: mean_squared_error improved from 0.00000 to 0.00000, saving model to /gpfswork/rech/ynx/uds36vp/repos/wf-SEDs/projected_learning/wf-outputs/chkp/8_bins/chkp_callback_poly_1_cycles_256_proj_d2_0_cycle1
63/63 - 54s - loss: 9.6424e-07 - mean_squared_error: 1.3791e-06 - val_loss: 1.3941e-08 - val_mean_squared_error: 1.3941e-08 - 54s/epoch - 850ms/step
Epoch 59/150

Epoch 00059: mean_squared_error improved from 0.00000 to 0.00000, saving model to /gpfswork/rech/ynx/uds36vp/repos/wf-SEDs/projected_learning/wf-outputs/chkp/8_bins/chkp_callback_poly_1_cycles_256_proj_d2_0_cycle1
63/63 - 54s - loss: 9.6323e-07 - mean_squared_error: 1.3782e-06 - val_loss: 2.4866e-08 - val_mean_squared_error: 2.4866e-08 - 54s/epoch - 854ms/step
Epoch 60/150

Epoch 00060: mean_squared_error did not improve from 0.00000
63/63 - 54s - loss: 9.7259e-07 - mean_squared_error: 1.3859e-06 - val_loss: 1.5692e-08 - val_mean_squared_error: 1.5692e-08 - 54s/epoch - 856ms/step
Epoch 61/150

Epoch 00061: mean_squared_error did not improve from 0.00000
63/63 - 54s - loss: 9.6416e-07 - mean_squared_error: 1.3790e-06 - val_loss: 1.6061e-08 - val_mean_squared_error: 1.6061e-08 - 54s/epoch - 852ms/step
Epoch 62/150

Epoch 00062: mean_squared_error did not improve from 0.00000
63/63 - 54s - loss: 9.6496e-07 - mean_squared_error: 1.3793e-06 - val_loss: 1.3198e-08 - val_mean_squared_error: 1.3198e-08 - 54s/epoch - 856ms/step
Epoch 63/150

Epoch 00063: mean_squared_error did not improve from 0.00000
63/63 - 54s - loss: 9.6361e-07 - mean_squared_error: 1.3782e-06 - val_loss: 1.4752e-08 - val_mean_squared_error: 1.4752e-08 - 54s/epoch - 852ms/step
Epoch 64/150

Epoch 00064: mean_squared_error improved from 0.00000 to 0.00000, saving model to /gpfswork/rech/ynx/uds36vp/repos/wf-SEDs/projected_learning/wf-outputs/chkp/8_bins/chkp_callback_poly_1_cycles_256_proj_d2_0_cycle1
63/63 - 54s - loss: 9.6171e-07 - mean_squared_error: 1.3770e-06 - val_loss: 1.3305e-08 - val_mean_squared_error: 1.3305e-08 - 54s/epoch - 854ms/step
Epoch 65/150

Epoch 00065: mean_squared_error improved from 0.00000 to 0.00000, saving model to /gpfswork/rech/ynx/uds36vp/repos/wf-SEDs/projected_learning/wf-outputs/chkp/8_bins/chkp_callback_poly_1_cycles_256_proj_d2_0_cycle1
63/63 - 54s - loss: 9.6131e-07 - mean_squared_error: 1.3768e-06 - val_loss: 1.2993e-08 - val_mean_squared_error: 1.2993e-08 - 54s/epoch - 854ms/step
Epoch 66/150

Epoch 00066: mean_squared_error did not improve from 0.00000
63/63 - 54s - loss: 9.6274e-07 - mean_squared_error: 1.3778e-06 - val_loss: 1.4659e-08 - val_mean_squared_error: 1.4659e-08 - 54s/epoch - 853ms/step
Epoch 67/150

Epoch 00067: mean_squared_error did not improve from 0.00000
63/63 - 54s - loss: 9.6383e-07 - mean_squared_error: 1.3785e-06 - val_loss: 1.5943e-08 - val_mean_squared_error: 1.5943e-08 - 54s/epoch - 851ms/step
Epoch 68/150

Epoch 00068: mean_squared_error did not improve from 0.00000
63/63 - 54s - loss: 9.6237e-07 - mean_squared_error: 1.3774e-06 - val_loss: 1.2079e-08 - val_mean_squared_error: 1.2079e-08 - 54s/epoch - 853ms/step
Epoch 69/150

Epoch 00069: mean_squared_error improved from 0.00000 to 0.00000, saving model to /gpfswork/rech/ynx/uds36vp/repos/wf-SEDs/projected_learning/wf-outputs/chkp/8_bins/chkp_callback_poly_1_cycles_256_proj_d2_0_cycle1
63/63 - 54s - loss: 9.5994e-07 - mean_squared_error: 1.3754e-06 - val_loss: 1.2132e-08 - val_mean_squared_error: 1.2132e-08 - 54s/epoch - 852ms/step
Epoch 70/150

Epoch 00070: mean_squared_error did not improve from 0.00000
63/63 - 54s - loss: 9.6026e-07 - mean_squared_error: 1.3757e-06 - val_loss: 1.1993e-08 - val_mean_squared_error: 1.1993e-08 - 54s/epoch - 853ms/step
Epoch 71/150

Epoch 00071: mean_squared_error improved from 0.00000 to 0.00000, saving model to /gpfswork/rech/ynx/uds36vp/repos/wf-SEDs/projected_learning/wf-outputs/chkp/8_bins/chkp_callback_poly_1_cycles_256_proj_d2_0_cycle1
63/63 - 54s - loss: 9.5977e-07 - mean_squared_error: 1.3753e-06 - val_loss: 1.1053e-08 - val_mean_squared_error: 1.1053e-08 - 54s/epoch - 853ms/step
Epoch 72/150

Epoch 00072: mean_squared_error did not improve from 0.00000
63/63 - 54s - loss: 9.6210e-07 - mean_squared_error: 1.3771e-06 - val_loss: 1.5779e-08 - val_mean_squared_error: 1.5779e-08 - 54s/epoch - 851ms/step
Epoch 73/150

Epoch 00073: mean_squared_error did not improve from 0.00000
63/63 - 54s - loss: 9.6375e-07 - mean_squared_error: 1.3780e-06 - val_loss: 1.1421e-08 - val_mean_squared_error: 1.1421e-08 - 54s/epoch - 854ms/step
Epoch 74/150

Epoch 00074: mean_squared_error improved from 0.00000 to 0.00000, saving model to /gpfswork/rech/ynx/uds36vp/repos/wf-SEDs/projected_learning/wf-outputs/chkp/8_bins/chkp_callback_poly_1_cycles_256_proj_d2_0_cycle1
63/63 - 54s - loss: 9.5938e-07 - mean_squared_error: 1.3749e-06 - val_loss: 1.1285e-08 - val_mean_squared_error: 1.1285e-08 - 54s/epoch - 853ms/step
Epoch 75/150

Epoch 00075: mean_squared_error did not improve from 0.00000
63/63 - 54s - loss: 9.6048e-07 - mean_squared_error: 1.3756e-06 - val_loss: 1.3097e-08 - val_mean_squared_error: 1.3097e-08 - 54s/epoch - 852ms/step
Epoch 76/150

Epoch 00076: mean_squared_error did not improve from 0.00000
63/63 - 53s - loss: 9.6152e-07 - mean_squared_error: 1.3767e-06 - val_loss: 1.1641e-08 - val_mean_squared_error: 1.1641e-08 - 53s/epoch - 849ms/step
Epoch 77/150

Epoch 00077: mean_squared_error improved from 0.00000 to 0.00000, saving model to /gpfswork/rech/ynx/uds36vp/repos/wf-SEDs/projected_learning/wf-outputs/chkp/8_bins/chkp_callback_poly_1_cycles_256_proj_d2_0_cycle1
63/63 - 54s - loss: 9.5886e-07 - mean_squared_error: 1.3744e-06 - val_loss: 1.1376e-08 - val_mean_squared_error: 1.1376e-08 - 54s/epoch - 849ms/step
Epoch 78/150

Epoch 00078: mean_squared_error did not improve from 0.00000
63/63 - 54s - loss: 9.6045e-07 - mean_squared_error: 1.3756e-06 - val_loss: 1.0702e-08 - val_mean_squared_error: 1.0702e-08 - 54s/epoch - 855ms/step
Epoch 79/150

Epoch 00079: mean_squared_error did not improve from 0.00000
63/63 - 53s - loss: 9.5919e-07 - mean_squared_error: 1.3746e-06 - val_loss: 1.0617e-08 - val_mean_squared_error: 1.0617e-08 - 53s/epoch - 846ms/step
Epoch 80/150

Epoch 00080: mean_squared_error improved from 0.00000 to 0.00000, saving model to /gpfswork/rech/ynx/uds36vp/repos/wf-SEDs/projected_learning/wf-outputs/chkp/8_bins/chkp_callback_poly_1_cycles_256_proj_d2_0_cycle1
63/63 - 53s - loss: 9.5804e-07 - mean_squared_error: 1.3737e-06 - val_loss: 1.0021e-08 - val_mean_squared_error: 1.0021e-08 - 53s/epoch - 847ms/step
Epoch 81/150

Epoch 00081: mean_squared_error did not improve from 0.00000
63/63 - 54s - loss: 9.5928e-07 - mean_squared_error: 1.3747e-06 - val_loss: 1.6702e-08 - val_mean_squared_error: 1.6702e-08 - 54s/epoch - 852ms/step
Epoch 82/150

Epoch 00082: mean_squared_error did not improve from 0.00000
63/63 - 53s - loss: 9.8887e-07 - mean_squared_error: 1.3963e-06 - val_loss: 2.1695e-08 - val_mean_squared_error: 2.1695e-08 - 53s/epoch - 847ms/step
Epoch 83/150

Epoch 00083: mean_squared_error did not improve from 0.00000
63/63 - 53s - loss: 9.6110e-07 - mean_squared_error: 1.3762e-06 - val_loss: 1.1456e-08 - val_mean_squared_error: 1.1456e-08 - 53s/epoch - 846ms/step
Epoch 84/150

Epoch 00084: mean_squared_error did not improve from 0.00000
63/63 - 54s - loss: 9.5850e-07 - mean_squared_error: 1.3740e-06 - val_loss: 9.6930e-09 - val_mean_squared_error: 9.6930e-09 - 54s/epoch - 850ms/step
Epoch 85/150

Epoch 00085: mean_squared_error improved from 0.00000 to 0.00000, saving model to /gpfswork/rech/ynx/uds36vp/repos/wf-SEDs/projected_learning/wf-outputs/chkp/8_bins/chkp_callback_poly_1_cycles_256_proj_d2_0_cycle1
63/63 - 54s - loss: 9.5762e-07 - mean_squared_error: 1.3734e-06 - val_loss: 1.0769e-08 - val_mean_squared_error: 1.0769e-08 - 54s/epoch - 854ms/step
Epoch 86/150

Epoch 00086: mean_squared_error improved from 0.00000 to 0.00000, saving model to /gpfswork/rech/ynx/uds36vp/repos/wf-SEDs/projected_learning/wf-outputs/chkp/8_bins/chkp_callback_poly_1_cycles_256_proj_d2_0_cycle1
63/63 - 54s - loss: 9.5748e-07 - mean_squared_error: 1.3732e-06 - val_loss: 9.7492e-09 - val_mean_squared_error: 9.7492e-09 - 54s/epoch - 854ms/step
Epoch 87/150

Epoch 00087: mean_squared_error did not improve from 0.00000
63/63 - 53s - loss: 9.5835e-07 - mean_squared_error: 1.3738e-06 - val_loss: 1.5800e-08 - val_mean_squared_error: 1.5800e-08 - 53s/epoch - 847ms/step
Epoch 88/150

Epoch 00088: mean_squared_error did not improve from 0.00000
63/63 - 53s - loss: 9.6444e-07 - mean_squared_error: 1.3782e-06 - val_loss: 1.1906e-08 - val_mean_squared_error: 1.1906e-08 - 53s/epoch - 848ms/step
Epoch 89/150

Epoch 00089: mean_squared_error did not improve from 0.00000
63/63 - 53s - loss: 9.5817e-07 - mean_squared_error: 1.3737e-06 - val_loss: 1.0715e-08 - val_mean_squared_error: 1.0715e-08 - 53s/epoch - 847ms/step
Epoch 90/150

Epoch 00090: mean_squared_error did not improve from 0.00000
63/63 - 53s - loss: 9.5782e-07 - mean_squared_error: 1.3733e-06 - val_loss: 1.0059e-08 - val_mean_squared_error: 1.0059e-08 - 53s/epoch - 842ms/step
Epoch 91/150

Epoch 00091: mean_squared_error did not improve from 0.00000
63/63 - 53s - loss: 9.6659e-07 - mean_squared_error: 1.3788e-06 - val_loss: 1.2478e-08 - val_mean_squared_error: 1.2478e-08 - 53s/epoch - 840ms/step
Epoch 92/150

Epoch 00092: mean_squared_error did not improve from 0.00000
63/63 - 52s - loss: 9.5803e-07 - mean_squared_error: 1.3736e-06 - val_loss: 9.8740e-09 - val_mean_squared_error: 9.8740e-09 - 52s/epoch - 822ms/step
Epoch 93/150

Epoch 00093: mean_squared_error improved from 0.00000 to 0.00000, saving model to /gpfswork/rech/ynx/uds36vp/repos/wf-SEDs/projected_learning/wf-outputs/chkp/8_bins/chkp_callback_poly_1_cycles_256_proj_d2_0_cycle1
63/63 - 52s - loss: 9.5649e-07 - mean_squared_error: 1.3725e-06 - val_loss: 8.9973e-09 - val_mean_squared_error: 8.9973e-09 - 52s/epoch - 826ms/step
Epoch 94/150

Epoch 00094: mean_squared_error improved from 0.00000 to 0.00000, saving model to /gpfswork/rech/ynx/uds36vp/repos/wf-SEDs/projected_learning/wf-outputs/chkp/8_bins/chkp_callback_poly_1_cycles_256_proj_d2_0_cycle1
63/63 - 52s - loss: 9.5636e-07 - mean_squared_error: 1.3724e-06 - val_loss: 8.7852e-09 - val_mean_squared_error: 8.7852e-09 - 52s/epoch - 826ms/step
Epoch 95/150

Epoch 00095: mean_squared_error did not improve from 0.00000
63/63 - 52s - loss: 9.5754e-07 - mean_squared_error: 1.3731e-06 - val_loss: 1.0066e-08 - val_mean_squared_error: 1.0066e-08 - 52s/epoch - 826ms/step
Epoch 96/150

Epoch 00096: mean_squared_error did not improve from 0.00000
63/63 - 53s - loss: 9.5691e-07 - mean_squared_error: 1.3726e-06 - val_loss: 8.8090e-09 - val_mean_squared_error: 8.8090e-09 - 53s/epoch - 836ms/step
Epoch 97/150

Epoch 00097: mean_squared_error improved from 0.00000 to 0.00000, saving model to /gpfswork/rech/ynx/uds36vp/repos/wf-SEDs/projected_learning/wf-outputs/chkp/8_bins/chkp_callback_poly_1_cycles_256_proj_d2_0_cycle1
63/63 - 53s - loss: 9.5602e-07 - mean_squared_error: 1.3719e-06 - val_loss: 9.6557e-09 - val_mean_squared_error: 9.6557e-09 - 53s/epoch - 841ms/step
Epoch 98/150

Epoch 00098: mean_squared_error did not improve from 0.00000
63/63 - 53s - loss: 9.5647e-07 - mean_squared_error: 1.3723e-06 - val_loss: 8.8484e-09 - val_mean_squared_error: 8.8484e-09 - 53s/epoch - 846ms/step
Epoch 99/150

Epoch 00099: mean_squared_error improved from 0.00000 to 0.00000, saving model to /gpfswork/rech/ynx/uds36vp/repos/wf-SEDs/projected_learning/wf-outputs/chkp/8_bins/chkp_callback_poly_1_cycles_256_proj_d2_0_cycle1
63/63 - 53s - loss: 9.5594e-07 - mean_squared_error: 1.3719e-06 - val_loss: 9.5820e-09 - val_mean_squared_error: 9.5820e-09 - 53s/epoch - 848ms/step
Epoch 100/150

Epoch 00100: mean_squared_error did not improve from 0.00000
63/63 - 53s - loss: 9.5627e-07 - mean_squared_error: 1.3720e-06 - val_loss: 9.6706e-09 - val_mean_squared_error: 9.6706e-09 - 53s/epoch - 846ms/step
Epoch 101/150

Epoch 00101: mean_squared_error did not improve from 0.00000
63/63 - 53s - loss: 9.5669e-07 - mean_squared_error: 1.3725e-06 - val_loss: 8.8553e-09 - val_mean_squared_error: 8.8553e-09 - 53s/epoch - 846ms/step
Epoch 102/150

Epoch 00102: mean_squared_error did not improve from 0.00000
63/63 - 53s - loss: 9.5760e-07 - mean_squared_error: 1.3731e-06 - val_loss: 1.0038e-08 - val_mean_squared_error: 1.0038e-08 - 53s/epoch - 847ms/step
Epoch 103/150

Epoch 00103: mean_squared_error did not improve from 0.00000
63/63 - 53s - loss: 9.5739e-07 - mean_squared_error: 1.3729e-06 - val_loss: 9.9029e-09 - val_mean_squared_error: 9.9029e-09 - 53s/epoch - 847ms/step
Epoch 104/150

Epoch 00104: mean_squared_error did not improve from 0.00000
63/63 - 53s - loss: 9.5749e-07 - mean_squared_error: 1.3728e-06 - val_loss: 1.0503e-08 - val_mean_squared_error: 1.0503e-08 - 53s/epoch - 849ms/step
Epoch 105/150

Epoch 00105: mean_squared_error did not improve from 0.00000
63/63 - 53s - loss: 9.5682e-07 - mean_squared_error: 1.3727e-06 - val_loss: 8.3822e-09 - val_mean_squared_error: 8.3822e-09 - 53s/epoch - 845ms/step
Epoch 106/150

Epoch 00106: mean_squared_error improved from 0.00000 to 0.00000, saving model to /gpfswork/rech/ynx/uds36vp/repos/wf-SEDs/projected_learning/wf-outputs/chkp/8_bins/chkp_callback_poly_1_cycles_256_proj_d2_0_cycle1
63/63 - 54s - loss: 9.5518e-07 - mean_squared_error: 1.3712e-06 - val_loss: 8.0522e-09 - val_mean_squared_error: 8.0522e-09 - 54s/epoch - 850ms/step
Epoch 107/150

Epoch 00107: mean_squared_error improved from 0.00000 to 0.00000, saving model to /gpfswork/rech/ynx/uds36vp/repos/wf-SEDs/projected_learning/wf-outputs/chkp/8_bins/chkp_callback_poly_1_cycles_256_proj_d2_0_cycle1
63/63 - 53s - loss: 9.5496e-07 - mean_squared_error: 1.3710e-06 - val_loss: 8.2156e-09 - val_mean_squared_error: 8.2156e-09 - 53s/epoch - 843ms/step
Epoch 108/150

Epoch 00108: mean_squared_error did not improve from 0.00000
63/63 - 53s - loss: 9.5561e-07 - mean_squared_error: 1.3715e-06 - val_loss: 8.2141e-09 - val_mean_squared_error: 8.2141e-09 - 53s/epoch - 847ms/step
Epoch 109/150

Epoch 00109: mean_squared_error did not improve from 0.00000
63/63 - 53s - loss: 9.5541e-07 - mean_squared_error: 1.3713e-06 - val_loss: 8.9217e-09 - val_mean_squared_error: 8.9217e-09 - 53s/epoch - 849ms/step
Epoch 110/150

Epoch 00110: mean_squared_error did not improve from 0.00000
63/63 - 53s - loss: 9.5494e-07 - mean_squared_error: 1.3710e-06 - val_loss: 8.6749e-09 - val_mean_squared_error: 8.6749e-09 - 53s/epoch - 849ms/step
Epoch 111/150

Epoch 00111: mean_squared_error did not improve from 0.00000
63/63 - 53s - loss: 9.5538e-07 - mean_squared_error: 1.3713e-06 - val_loss: 8.0191e-09 - val_mean_squared_error: 8.0191e-09 - 53s/epoch - 848ms/step
Epoch 112/150

Epoch 00112: mean_squared_error did not improve from 0.00000
63/63 - 53s - loss: 9.5532e-07 - mean_squared_error: 1.3713e-06 - val_loss: 7.8106e-09 - val_mean_squared_error: 7.8106e-09 - 53s/epoch - 846ms/step
Epoch 113/150

Epoch 00113: mean_squared_error did not improve from 0.00000
63/63 - 54s - loss: 9.5512e-07 - mean_squared_error: 1.3711e-06 - val_loss: 8.5238e-09 - val_mean_squared_error: 8.5238e-09 - 54s/epoch - 849ms/step
Epoch 114/150

Epoch 00114: mean_squared_error did not improve from 0.00000
63/63 - 53s - loss: 9.5498e-07 - mean_squared_error: 1.3710e-06 - val_loss: 8.4488e-09 - val_mean_squared_error: 8.4488e-09 - 53s/epoch - 844ms/step
Epoch 115/150

Epoch 00115: mean_squared_error did not improve from 0.00000
63/63 - 53s - loss: 9.5524e-07 - mean_squared_error: 1.3711e-06 - val_loss: 8.5653e-09 - val_mean_squared_error: 8.5653e-09 - 53s/epoch - 847ms/step
Epoch 116/150

Epoch 00116: mean_squared_error did not improve from 0.00000
63/63 - 53s - loss: 9.5553e-07 - mean_squared_error: 1.3713e-06 - val_loss: 7.8828e-09 - val_mean_squared_error: 7.8828e-09 - 53s/epoch - 845ms/step
Epoch 117/150

Epoch 00117: mean_squared_error improved from 0.00000 to 0.00000, saving model to /gpfswork/rech/ynx/uds36vp/repos/wf-SEDs/projected_learning/wf-outputs/chkp/8_bins/chkp_callback_poly_1_cycles_256_proj_d2_0_cycle1
63/63 - 53s - loss: 9.5500e-07 - mean_squared_error: 1.3709e-06 - val_loss: 8.6526e-09 - val_mean_squared_error: 8.6526e-09 - 53s/epoch - 849ms/step
Epoch 118/150

Epoch 00118: mean_squared_error did not improve from 0.00000
63/63 - 53s - loss: 9.5628e-07 - mean_squared_error: 1.3718e-06 - val_loss: 8.7996e-09 - val_mean_squared_error: 8.7996e-09 - 53s/epoch - 848ms/step
Epoch 119/150

Epoch 00119: mean_squared_error did not improve from 0.00000
63/63 - 53s - loss: 9.5602e-07 - mean_squared_error: 1.3717e-06 - val_loss: 9.5737e-09 - val_mean_squared_error: 9.5737e-09 - 53s/epoch - 848ms/step
Epoch 120/150

Epoch 00120: mean_squared_error did not improve from 0.00000
63/63 - 54s - loss: 9.5530e-07 - mean_squared_error: 1.3711e-06 - val_loss: 8.5572e-09 - val_mean_squared_error: 8.5572e-09 - 54s/epoch - 850ms/step
Epoch 121/150

Epoch 00121: mean_squared_error improved from 0.00000 to 0.00000, saving model to /gpfswork/rech/ynx/uds36vp/repos/wf-SEDs/projected_learning/wf-outputs/chkp/8_bins/chkp_callback_poly_1_cycles_256_proj_d2_0_cycle1
63/63 - 53s - loss: 9.5501e-07 - mean_squared_error: 1.3709e-06 - val_loss: 7.8785e-09 - val_mean_squared_error: 7.8785e-09 - 53s/epoch - 848ms/step
Epoch 122/150

Epoch 00122: mean_squared_error improved from 0.00000 to 0.00000, saving model to /gpfswork/rech/ynx/uds36vp/repos/wf-SEDs/projected_learning/wf-outputs/chkp/8_bins/chkp_callback_poly_1_cycles_256_proj_d2_0_cycle1
63/63 - 53s - loss: 9.5457e-07 - mean_squared_error: 1.3706e-06 - val_loss: 7.9176e-09 - val_mean_squared_error: 7.9176e-09 - 53s/epoch - 849ms/step
Epoch 123/150

Epoch 00123: mean_squared_error improved from 0.00000 to 0.00000, saving model to /gpfswork/rech/ynx/uds36vp/repos/wf-SEDs/projected_learning/wf-outputs/chkp/8_bins/chkp_callback_poly_1_cycles_256_proj_d2_0_cycle1
63/63 - 53s - loss: 9.5419e-07 - mean_squared_error: 1.3703e-06 - val_loss: 7.7328e-09 - val_mean_squared_error: 7.7328e-09 - 53s/epoch - 849ms/step
Epoch 124/150

Epoch 00124: mean_squared_error did not improve from 0.00000
63/63 - 54s - loss: 9.5455e-07 - mean_squared_error: 1.3705e-06 - val_loss: 7.9828e-09 - val_mean_squared_error: 7.9828e-09 - 54s/epoch - 852ms/step
Epoch 125/150

Epoch 00125: mean_squared_error did not improve from 0.00000
63/63 - 53s - loss: 9.5453e-07 - mean_squared_error: 1.3706e-06 - val_loss: 7.7794e-09 - val_mean_squared_error: 7.7794e-09 - 53s/epoch - 848ms/step
Epoch 126/150

Epoch 00126: mean_squared_error improved from 0.00000 to 0.00000, saving model to /gpfswork/rech/ynx/uds36vp/repos/wf-SEDs/projected_learning/wf-outputs/chkp/8_bins/chkp_callback_poly_1_cycles_256_proj_d2_0_cycle1
63/63 - 54s - loss: 9.5398e-07 - mean_squared_error: 1.3701e-06 - val_loss: 8.1396e-09 - val_mean_squared_error: 8.1396e-09 - 54s/epoch - 851ms/step
Epoch 127/150

Epoch 00127: mean_squared_error did not improve from 0.00000
63/63 - 53s - loss: 9.5423e-07 - mean_squared_error: 1.3703e-06 - val_loss: 7.3575e-09 - val_mean_squared_error: 7.3575e-09 - 53s/epoch - 847ms/step
Epoch 128/150

Epoch 00128: mean_squared_error improved from 0.00000 to 0.00000, saving model to /gpfswork/rech/ynx/uds36vp/repos/wf-SEDs/projected_learning/wf-outputs/chkp/8_bins/chkp_callback_poly_1_cycles_256_proj_d2_0_cycle1
63/63 - 54s - loss: 9.5380e-07 - mean_squared_error: 1.3699e-06 - val_loss: 7.3049e-09 - val_mean_squared_error: 7.3049e-09 - 54s/epoch - 850ms/step
Epoch 129/150

Epoch 00129: mean_squared_error did not improve from 0.00000
63/63 - 53s - loss: 9.5431e-07 - mean_squared_error: 1.3704e-06 - val_loss: 7.9430e-09 - val_mean_squared_error: 7.9430e-09 - 53s/epoch - 846ms/step
Epoch 130/150

Epoch 00130: mean_squared_error did not improve from 0.00000
63/63 - 54s - loss: 9.5431e-07 - mean_squared_error: 1.3703e-06 - val_loss: 8.1519e-09 - val_mean_squared_error: 8.1519e-09 - 54s/epoch - 852ms/step
Epoch 131/150

Epoch 00131: mean_squared_error did not improve from 0.00000
63/63 - 54s - loss: 9.5507e-07 - mean_squared_error: 1.3709e-06 - val_loss: 8.7744e-09 - val_mean_squared_error: 8.7744e-09 - 54s/epoch - 850ms/step
Epoch 132/150

Epoch 00132: mean_squared_error did not improve from 0.00000
63/63 - 54s - loss: 9.5441e-07 - mean_squared_error: 1.3705e-06 - val_loss: 7.3499e-09 - val_mean_squared_error: 7.3499e-09 - 54s/epoch - 850ms/step
Epoch 133/150

Epoch 00133: mean_squared_error improved from 0.00000 to 0.00000, saving model to /gpfswork/rech/ynx/uds36vp/repos/wf-SEDs/projected_learning/wf-outputs/chkp/8_bins/chkp_callback_poly_1_cycles_256_proj_d2_0_cycle1
63/63 - 53s - loss: 9.5351e-07 - mean_squared_error: 1.3696e-06 - val_loss: 7.5162e-09 - val_mean_squared_error: 7.5162e-09 - 53s/epoch - 849ms/step
Epoch 134/150

Epoch 00134: mean_squared_error did not improve from 0.00000
63/63 - 53s - loss: 9.5352e-07 - mean_squared_error: 1.3697e-06 - val_loss: 7.4834e-09 - val_mean_squared_error: 7.4834e-09 - 53s/epoch - 848ms/step
Epoch 135/150

Epoch 00135: mean_squared_error did not improve from 0.00000
63/63 - 54s - loss: 9.5365e-07 - mean_squared_error: 1.3697e-06 - val_loss: 7.6057e-09 - val_mean_squared_error: 7.6057e-09 - 54s/epoch - 850ms/step
Epoch 136/150

Epoch 00136: mean_squared_error did not improve from 0.00000
63/63 - 53s - loss: 9.5394e-07 - mean_squared_error: 1.3699e-06 - val_loss: 7.9699e-09 - val_mean_squared_error: 7.9699e-09 - 53s/epoch - 848ms/step
Epoch 137/150

Epoch 00137: mean_squared_error did not improve from 0.00000
63/63 - 54s - loss: 9.5496e-07 - mean_squared_error: 1.3708e-06 - val_loss: 9.2023e-09 - val_mean_squared_error: 9.2023e-09 - 54s/epoch - 849ms/step
Epoch 138/150

Epoch 00138: mean_squared_error did not improve from 0.00000
63/63 - 53s - loss: 9.5517e-07 - mean_squared_error: 1.3710e-06 - val_loss: 8.1364e-09 - val_mean_squared_error: 8.1364e-09 - 53s/epoch - 849ms/step
Epoch 139/150

Epoch 00139: mean_squared_error did not improve from 0.00000
63/63 - 54s - loss: 9.5468e-07 - mean_squared_error: 1.3705e-06 - val_loss: 7.8026e-09 - val_mean_squared_error: 7.8026e-09 - 54s/epoch - 850ms/step
Epoch 140/150

Epoch 00140: mean_squared_error did not improve from 0.00000
63/63 - 53s - loss: 9.5397e-07 - mean_squared_error: 1.3700e-06 - val_loss: 8.8026e-09 - val_mean_squared_error: 8.8026e-09 - 53s/epoch - 849ms/step
Epoch 141/150

Epoch 00141: mean_squared_error did not improve from 0.00000
63/63 - 54s - loss: 9.6016e-07 - mean_squared_error: 1.3744e-06 - val_loss: 9.2309e-09 - val_mean_squared_error: 9.2309e-09 - 54s/epoch - 851ms/step
Epoch 142/150

Epoch 00142: mean_squared_error did not improve from 0.00000
63/63 - 54s - loss: 9.5448e-07 - mean_squared_error: 1.3705e-06 - val_loss: 7.3197e-09 - val_mean_squared_error: 7.3197e-09 - 54s/epoch - 850ms/step
Epoch 143/150

Epoch 00143: mean_squared_error did not improve from 0.00000
63/63 - 53s - loss: 9.5385e-07 - mean_squared_error: 1.3699e-06 - val_loss: 7.0029e-09 - val_mean_squared_error: 7.0029e-09 - 53s/epoch - 844ms/step
Epoch 144/150

Epoch 00144: mean_squared_error improved from 0.00000 to 0.00000, saving model to /gpfswork/rech/ynx/uds36vp/repos/wf-SEDs/projected_learning/wf-outputs/chkp/8_bins/chkp_callback_poly_1_cycles_256_proj_d2_0_cycle1
63/63 - 51s - loss: 9.5305e-07 - mean_squared_error: 1.3692e-06 - val_loss: 7.4456e-09 - val_mean_squared_error: 7.4456e-09 - 51s/epoch - 812ms/step
Epoch 145/150

Epoch 00145: mean_squared_error did not improve from 0.00000
63/63 - 51s - loss: 9.5335e-07 - mean_squared_error: 1.3695e-06 - val_loss: 7.4272e-09 - val_mean_squared_error: 7.4272e-09 - 51s/epoch - 807ms/step
Epoch 146/150

Epoch 00146: mean_squared_error did not improve from 0.00000
63/63 - 52s - loss: 9.5388e-07 - mean_squared_error: 1.3699e-06 - val_loss: 7.8969e-09 - val_mean_squared_error: 7.8969e-09 - 52s/epoch - 823ms/step
Epoch 147/150

Epoch 00147: mean_squared_error did not improve from 0.00000
63/63 - 52s - loss: 9.5325e-07 - mean_squared_error: 1.3695e-06 - val_loss: 8.0100e-09 - val_mean_squared_error: 8.0100e-09 - 52s/epoch - 823ms/step
Epoch 148/150

Epoch 00148: mean_squared_error did not improve from 0.00000
63/63 - 53s - loss: 9.5308e-07 - mean_squared_error: 1.3693e-06 - val_loss: 7.2056e-09 - val_mean_squared_error: 7.2056e-09 - 53s/epoch - 846ms/step
Epoch 149/150

Epoch 00149: mean_squared_error did not improve from 0.00000
63/63 - 54s - loss: 9.5312e-07 - mean_squared_error: 1.3694e-06 - val_loss: 7.6060e-09 - val_mean_squared_error: 7.6060e-09 - 54s/epoch - 850ms/step
Epoch 150/150

Epoch 00150: mean_squared_error did not improve from 0.00000
63/63 - 54s - loss: 9.5342e-07 - mean_squared_error: 1.3696e-06 - val_loss: 6.8415e-09 - val_mean_squared_error: 6.8415e-09 - 54s/epoch - 850ms/step
Cycle1 elapsed time: 9671.110123

Total elapsed time: 9675.334173

 Good bye..
