Starting the log file.
Found GPU at: /device:GPU:0
tf_version: 2.7.0
Zernike cube:
(15, 256, 256)
Dataset parameters:
{'d_max': 2, 'max_order': 45, 'x_lims': [0, 1000.0], 'y_lims': [0, 1000.0], 'grid_points': [4, 4], 'n_bins': 350, 'max_wfe_rms': 0.1, 'oversampling_rate': 3.0, 'output_Q': 3.0, 'output_dim': 32, 'LP_filter_length': 2, 'pupil_diameter': 256, 'euclid_obsc': True, 'n_stars': 2000}
Starting cycle 1..
Starting parametric update..
Epoch 1/4

Epoch 00001: mean_squared_error improved from inf to 0.00001, saving model to /gpfswork/rech/ynx/uds36vp/repos/wf-SEDs/projected_learning/wf-outputs/chkp/8_bins/chkp_callback_poly_9_cycles_256_proj_d2_4_cycle1
63/63 - 79s - loss: 8.2643e-06 - mean_squared_error: 7.7913e-06 - val_loss: 1.7748e-06 - val_mean_squared_error: 1.7748e-06 - 79s/epoch - 1s/step
Epoch 2/4

Epoch 00002: mean_squared_error improved from 0.00001 to 0.00000, saving model to /gpfswork/rech/ynx/uds36vp/repos/wf-SEDs/projected_learning/wf-outputs/chkp/8_bins/chkp_callback_poly_9_cycles_256_proj_d2_4_cycle1
63/63 - 72s - loss: 2.5272e-06 - mean_squared_error: 2.7098e-06 - val_loss: 1.0417e-06 - val_mean_squared_error: 1.0417e-06 - 72s/epoch - 1s/step
Epoch 3/4

Epoch 00003: mean_squared_error improved from 0.00000 to 0.00000, saving model to /gpfswork/rech/ynx/uds36vp/repos/wf-SEDs/projected_learning/wf-outputs/chkp/8_bins/chkp_callback_poly_9_cycles_256_proj_d2_4_cycle1
63/63 - 72s - loss: 2.0360e-06 - mean_squared_error: 2.2886e-06 - val_loss: 8.1999e-07 - val_mean_squared_error: 8.1999e-07 - 72s/epoch - 1s/step
Epoch 4/4

Epoch 00004: mean_squared_error improved from 0.00000 to 0.00000, saving model to /gpfswork/rech/ynx/uds36vp/repos/wf-SEDs/projected_learning/wf-outputs/chkp/8_bins/chkp_callback_poly_9_cycles_256_proj_d2_4_cycle1
63/63 - 72s - loss: 1.9080e-06 - mean_squared_error: 2.1819e-06 - val_loss: 7.6570e-07 - val_mean_squared_error: 7.6570e-07 - 72s/epoch - 1s/step
Starting non-parametric update..
Epoch 1/13

Epoch 00001: mean_squared_error improved from 0.00000 to 0.00000, saving model to /gpfswork/rech/ynx/uds36vp/repos/wf-SEDs/projected_learning/wf-outputs/chkp/8_bins/chkp_callback_poly_9_cycles_256_proj_d2_4_cycle1
63/63 - 75s - loss: 1.8213e-06 - mean_squared_error: 2.1097e-06 - val_loss: 7.0096e-07 - val_mean_squared_error: 7.0096e-07 - 75s/epoch - 1s/step
Epoch 2/13

Epoch 00002: mean_squared_error improved from 0.00000 to 0.00000, saving model to /gpfswork/rech/ynx/uds36vp/repos/wf-SEDs/projected_learning/wf-outputs/chkp/8_bins/chkp_callback_poly_9_cycles_256_proj_d2_4_cycle1
63/63 - 73s - loss: 1.6990e-06 - mean_squared_error: 2.0143e-06 - val_loss: 5.8487e-07 - val_mean_squared_error: 5.8487e-07 - 73s/epoch - 1s/step
Epoch 3/13

Epoch 00003: mean_squared_error improved from 0.00000 to 0.00000, saving model to /gpfswork/rech/ynx/uds36vp/repos/wf-SEDs/projected_learning/wf-outputs/chkp/8_bins/chkp_callback_poly_9_cycles_256_proj_d2_4_cycle1
63/63 - 73s - loss: 1.5457e-06 - mean_squared_error: 1.8872e-06 - val_loss: 4.5816e-07 - val_mean_squared_error: 4.5816e-07 - 73s/epoch - 1s/step
Epoch 4/13

Epoch 00004: mean_squared_error improved from 0.00000 to 0.00000, saving model to /gpfswork/rech/ynx/uds36vp/repos/wf-SEDs/projected_learning/wf-outputs/chkp/8_bins/chkp_callback_poly_9_cycles_256_proj_d2_4_cycle1
63/63 - 73s - loss: 1.3954e-06 - mean_squared_error: 1.7556e-06 - val_loss: 3.3621e-07 - val_mean_squared_error: 3.3621e-07 - 73s/epoch - 1s/step
Epoch 5/13

Epoch 00005: mean_squared_error improved from 0.00000 to 0.00000, saving model to /gpfswork/rech/ynx/uds36vp/repos/wf-SEDs/projected_learning/wf-outputs/chkp/8_bins/chkp_callback_poly_9_cycles_256_proj_d2_4_cycle1
63/63 - 74s - loss: 1.2805e-06 - mean_squared_error: 1.6522e-06 - val_loss: 2.5777e-07 - val_mean_squared_error: 2.5777e-07 - 74s/epoch - 1s/step
Epoch 6/13

Epoch 00006: mean_squared_error improved from 0.00000 to 0.00000, saving model to /gpfswork/rech/ynx/uds36vp/repos/wf-SEDs/projected_learning/wf-outputs/chkp/8_bins/chkp_callback_poly_9_cycles_256_proj_d2_4_cycle1
63/63 - 74s - loss: 1.2125e-06 - mean_squared_error: 1.5912e-06 - val_loss: 2.1198e-07 - val_mean_squared_error: 2.1198e-07 - 74s/epoch - 1s/step
Epoch 7/13

Epoch 00007: mean_squared_error improved from 0.00000 to 0.00000, saving model to /gpfswork/rech/ynx/uds36vp/repos/wf-SEDs/projected_learning/wf-outputs/chkp/8_bins/chkp_callback_poly_9_cycles_256_proj_d2_4_cycle1
63/63 - 73s - loss: 1.1692e-06 - mean_squared_error: 1.5545e-06 - val_loss: 1.8016e-07 - val_mean_squared_error: 1.8016e-07 - 73s/epoch - 1s/step
Epoch 8/13

Epoch 00008: mean_squared_error improved from 0.00000 to 0.00000, saving model to /gpfswork/rech/ynx/uds36vp/repos/wf-SEDs/projected_learning/wf-outputs/chkp/8_bins/chkp_callback_poly_9_cycles_256_proj_d2_4_cycle1
63/63 - 73s - loss: 1.1366e-06 - mean_squared_error: 1.5271e-06 - val_loss: 1.5621e-07 - val_mean_squared_error: 1.5621e-07 - 73s/epoch - 1s/step
Epoch 9/13

Epoch 00009: mean_squared_error improved from 0.00000 to 0.00000, saving model to /gpfswork/rech/ynx/uds36vp/repos/wf-SEDs/projected_learning/wf-outputs/chkp/8_bins/chkp_callback_poly_9_cycles_256_proj_d2_4_cycle1
63/63 - 74s - loss: 1.1127e-06 - mean_squared_error: 1.5073e-06 - val_loss: 1.3678e-07 - val_mean_squared_error: 1.3678e-07 - 74s/epoch - 1s/step
Epoch 10/13

Epoch 00010: mean_squared_error improved from 0.00000 to 0.00000, saving model to /gpfswork/rech/ynx/uds36vp/repos/wf-SEDs/projected_learning/wf-outputs/chkp/8_bins/chkp_callback_poly_9_cycles_256_proj_d2_4_cycle1
63/63 - 74s - loss: 1.0911e-06 - mean_squared_error: 1.4895e-06 - val_loss: 1.1940e-07 - val_mean_squared_error: 1.1940e-07 - 74s/epoch - 1s/step
Epoch 11/13

Epoch 00011: mean_squared_error improved from 0.00000 to 0.00000, saving model to /gpfswork/rech/ynx/uds36vp/repos/wf-SEDs/projected_learning/wf-outputs/chkp/8_bins/chkp_callback_poly_9_cycles_256_proj_d2_4_cycle1
63/63 - 73s - loss: 1.0726e-06 - mean_squared_error: 1.4737e-06 - val_loss: 1.0535e-07 - val_mean_squared_error: 1.0535e-07 - 73s/epoch - 1s/step
Epoch 12/13

Epoch 00012: mean_squared_error improved from 0.00000 to 0.00000, saving model to /gpfswork/rech/ynx/uds36vp/repos/wf-SEDs/projected_learning/wf-outputs/chkp/8_bins/chkp_callback_poly_9_cycles_256_proj_d2_4_cycle1
63/63 - 74s - loss: 1.0586e-06 - mean_squared_error: 1.4623e-06 - val_loss: 9.4710e-08 - val_mean_squared_error: 9.4710e-08 - 74s/epoch - 1s/step
Epoch 13/13

Epoch 00013: mean_squared_error improved from 0.00000 to 0.00000, saving model to /gpfswork/rech/ynx/uds36vp/repos/wf-SEDs/projected_learning/wf-outputs/chkp/8_bins/chkp_callback_poly_9_cycles_256_proj_d2_4_cycle1
63/63 - 73s - loss: 1.0468e-06 - mean_squared_error: 1.4523e-06 - val_loss: 8.4229e-08 - val_mean_squared_error: 8.4229e-08 - 73s/epoch - 1s/step
Cycle1 elapsed time: 1256.072840
Project non-param DD features onto param model: done!
Starting cycle 2..
Starting parametric update..
Epoch 1/4

Epoch 00001: mean_squared_error improved from inf to 0.00000, saving model to /gpfswork/rech/ynx/uds36vp/repos/wf-SEDs/projected_learning/wf-outputs/chkp/8_bins/chkp_callback_poly_9_cycles_256_proj_d2_4_cycle2
63/63 - 72s - loss: 1.0468e-06 - mean_squared_error: 1.4516e-06 - val_loss: 9.6255e-08 - val_mean_squared_error: 9.6255e-08 - 72s/epoch - 1s/step
Epoch 2/4

Epoch 00002: mean_squared_error did not improve from 0.00000
63/63 - 74s - loss: 1.0749e-06 - mean_squared_error: 1.4733e-06 - val_loss: 1.1158e-07 - val_mean_squared_error: 1.1158e-07 - 74s/epoch - 1s/step
Epoch 3/4

Epoch 00003: mean_squared_error did not improve from 0.00000
63/63 - 73s - loss: 1.0626e-06 - mean_squared_error: 1.4656e-06 - val_loss: 1.0206e-07 - val_mean_squared_error: 1.0206e-07 - 73s/epoch - 1s/step
Epoch 4/4

Epoch 00004: mean_squared_error did not improve from 0.00000
63/63 - 73s - loss: 1.0823e-06 - mean_squared_error: 1.4821e-06 - val_loss: 1.2040e-07 - val_mean_squared_error: 1.2040e-07 - 73s/epoch - 1s/step
Starting non-parametric update..
Epoch 1/13

Epoch 00001: mean_squared_error did not improve from 0.00000
63/63 - 76s - loss: 1.0531e-06 - mean_squared_error: 1.4570e-06 - val_loss: 8.4205e-08 - val_mean_squared_error: 8.4205e-08 - 76s/epoch - 1s/step
Epoch 2/13

Epoch 00002: mean_squared_error improved from 0.00000 to 0.00000, saving model to /gpfswork/rech/ynx/uds36vp/repos/wf-SEDs/projected_learning/wf-outputs/chkp/8_bins/chkp_callback_poly_9_cycles_256_proj_d2_4_cycle2
63/63 - 75s - loss: 1.0379e-06 - mean_squared_error: 1.4447e-06 - val_loss: 7.9905e-08 - val_mean_squared_error: 7.9905e-08 - 75s/epoch - 1s/step
Epoch 3/13

Epoch 00003: mean_squared_error improved from 0.00000 to 0.00000, saving model to /gpfswork/rech/ynx/uds36vp/repos/wf-SEDs/projected_learning/wf-outputs/chkp/8_bins/chkp_callback_poly_9_cycles_256_proj_d2_4_cycle2
63/63 - 75s - loss: 1.0341e-06 - mean_squared_error: 1.4415e-06 - val_loss: 7.6978e-08 - val_mean_squared_error: 7.6978e-08 - 75s/epoch - 1s/step
Epoch 4/13

Epoch 00004: mean_squared_error improved from 0.00000 to 0.00000, saving model to /gpfswork/rech/ynx/uds36vp/repos/wf-SEDs/projected_learning/wf-outputs/chkp/8_bins/chkp_callback_poly_9_cycles_256_proj_d2_4_cycle2
63/63 - 74s - loss: 1.0305e-06 - mean_squared_error: 1.4382e-06 - val_loss: 7.3813e-08 - val_mean_squared_error: 7.3813e-08 - 74s/epoch - 1s/step
Epoch 5/13

Epoch 00005: mean_squared_error improved from 0.00000 to 0.00000, saving model to /gpfswork/rech/ynx/uds36vp/repos/wf-SEDs/projected_learning/wf-outputs/chkp/8_bins/chkp_callback_poly_9_cycles_256_proj_d2_4_cycle2
63/63 - 75s - loss: 1.0268e-06 - mean_squared_error: 1.4351e-06 - val_loss: 7.0140e-08 - val_mean_squared_error: 7.0140e-08 - 75s/epoch - 1s/step
Epoch 6/13

Epoch 00006: mean_squared_error improved from 0.00000 to 0.00000, saving model to /gpfswork/rech/ynx/uds36vp/repos/wf-SEDs/projected_learning/wf-outputs/chkp/8_bins/chkp_callback_poly_9_cycles_256_proj_d2_4_cycle2
63/63 - 74s - loss: 1.0229e-06 - mean_squared_error: 1.4317e-06 - val_loss: 6.6318e-08 - val_mean_squared_error: 6.6318e-08 - 74s/epoch - 1s/step
Epoch 7/13

Epoch 00007: mean_squared_error improved from 0.00000 to 0.00000, saving model to /gpfswork/rech/ynx/uds36vp/repos/wf-SEDs/projected_learning/wf-outputs/chkp/8_bins/chkp_callback_poly_9_cycles_256_proj_d2_4_cycle2
63/63 - 75s - loss: 1.0193e-06 - mean_squared_error: 1.4284e-06 - val_loss: 6.3270e-08 - val_mean_squared_error: 6.3270e-08 - 75s/epoch - 1s/step
Epoch 8/13

Epoch 00008: mean_squared_error improved from 0.00000 to 0.00000, saving model to /gpfswork/rech/ynx/uds36vp/repos/wf-SEDs/projected_learning/wf-outputs/chkp/8_bins/chkp_callback_poly_9_cycles_256_proj_d2_4_cycle2
63/63 - 75s - loss: 1.0152e-06 - mean_squared_error: 1.4251e-06 - val_loss: 5.9596e-08 - val_mean_squared_error: 5.9596e-08 - 75s/epoch - 1s/step
Epoch 9/13

Epoch 00009: mean_squared_error improved from 0.00000 to 0.00000, saving model to /gpfswork/rech/ynx/uds36vp/repos/wf-SEDs/projected_learning/wf-outputs/chkp/8_bins/chkp_callback_poly_9_cycles_256_proj_d2_4_cycle2
63/63 - 75s - loss: 1.0122e-06 - mean_squared_error: 1.4223e-06 - val_loss: 5.6728e-08 - val_mean_squared_error: 5.6728e-08 - 75s/epoch - 1s/step
Epoch 10/13

Epoch 00010: mean_squared_error improved from 0.00000 to 0.00000, saving model to /gpfswork/rech/ynx/uds36vp/repos/wf-SEDs/projected_learning/wf-outputs/chkp/8_bins/chkp_callback_poly_9_cycles_256_proj_d2_4_cycle2
63/63 - 75s - loss: 1.0080e-06 - mean_squared_error: 1.4187e-06 - val_loss: 5.2584e-08 - val_mean_squared_error: 5.2584e-08 - 75s/epoch - 1s/step
Epoch 11/13

Epoch 00011: mean_squared_error improved from 0.00000 to 0.00000, saving model to /gpfswork/rech/ynx/uds36vp/repos/wf-SEDs/projected_learning/wf-outputs/chkp/8_bins/chkp_callback_poly_9_cycles_256_proj_d2_4_cycle2
63/63 - 76s - loss: 1.0042e-06 - mean_squared_error: 1.4154e-06 - val_loss: 5.0079e-08 - val_mean_squared_error: 5.0079e-08 - 76s/epoch - 1s/step
Epoch 12/13

Epoch 00012: mean_squared_error improved from 0.00000 to 0.00000, saving model to /gpfswork/rech/ynx/uds36vp/repos/wf-SEDs/projected_learning/wf-outputs/chkp/8_bins/chkp_callback_poly_9_cycles_256_proj_d2_4_cycle2
63/63 - 75s - loss: 1.0011e-06 - mean_squared_error: 1.4127e-06 - val_loss: 4.7600e-08 - val_mean_squared_error: 4.7600e-08 - 75s/epoch - 1s/step
Epoch 13/13

Epoch 00013: mean_squared_error improved from 0.00000 to 0.00000, saving model to /gpfswork/rech/ynx/uds36vp/repos/wf-SEDs/projected_learning/wf-outputs/chkp/8_bins/chkp_callback_poly_9_cycles_256_proj_d2_4_cycle2
63/63 - 74s - loss: 9.9882e-07 - mean_squared_error: 1.4106e-06 - val_loss: 4.5013e-08 - val_mean_squared_error: 4.5013e-08 - 74s/epoch - 1s/step
Cycle2 elapsed time: 1273.0018210411072
Project non-param DD features onto param model: done!
Starting cycle 3..
Starting parametric update..
Epoch 1/4

Epoch 00001: mean_squared_error improved from inf to 0.00000, saving model to /gpfswork/rech/ynx/uds36vp/repos/wf-SEDs/projected_learning/wf-outputs/chkp/8_bins/chkp_callback_poly_9_cycles_256_proj_d2_4_cycle3
63/63 - 72s - loss: 1.0005e-06 - mean_squared_error: 1.4121e-06 - val_loss: 4.8466e-08 - val_mean_squared_error: 4.8466e-08 - 72s/epoch - 1s/step
Epoch 2/4

Epoch 00002: mean_squared_error did not improve from 0.00000
63/63 - 70s - loss: 1.0041e-06 - mean_squared_error: 1.4147e-06 - val_loss: 4.8088e-08 - val_mean_squared_error: 4.8088e-08 - 70s/epoch - 1s/step
Epoch 3/4

Epoch 00003: mean_squared_error did not improve from 0.00000
63/63 - 70s - loss: 1.0209e-06 - mean_squared_error: 1.4295e-06 - val_loss: 1.1825e-07 - val_mean_squared_error: 1.1825e-07 - 70s/epoch - 1s/step
Epoch 4/4

Epoch 00004: mean_squared_error did not improve from 0.00000
63/63 - 70s - loss: 1.0648e-06 - mean_squared_error: 1.4675e-06 - val_loss: 1.5453e-07 - val_mean_squared_error: 1.5453e-07 - 70s/epoch - 1s/step
Starting non-parametric update..
Epoch 1/13

Epoch 00001: mean_squared_error did not improve from 0.00000
63/63 - 74s - loss: 1.0473e-06 - mean_squared_error: 1.4495e-06 - val_loss: 5.0070e-08 - val_mean_squared_error: 5.0070e-08 - 74s/epoch - 1s/step
Epoch 2/13

Epoch 00002: mean_squared_error improved from 0.00000 to 0.00000, saving model to /gpfswork/rech/ynx/uds36vp/repos/wf-SEDs/projected_learning/wf-outputs/chkp/8_bins/chkp_callback_poly_9_cycles_256_proj_d2_4_cycle3
63/63 - 73s - loss: 9.9981e-07 - mean_squared_error: 1.4113e-06 - val_loss: 4.4771e-08 - val_mean_squared_error: 4.4771e-08 - 73s/epoch - 1s/step
Epoch 3/13

Epoch 00003: mean_squared_error improved from 0.00000 to 0.00000, saving model to /gpfswork/rech/ynx/uds36vp/repos/wf-SEDs/projected_learning/wf-outputs/chkp/8_bins/chkp_callback_poly_9_cycles_256_proj_d2_4_cycle3
63/63 - 74s - loss: 9.9600e-07 - mean_squared_error: 1.4081e-06 - val_loss: 4.2595e-08 - val_mean_squared_error: 4.2595e-08 - 74s/epoch - 1s/step
Epoch 4/13

Epoch 00004: mean_squared_error improved from 0.00000 to 0.00000, saving model to /gpfswork/rech/ynx/uds36vp/repos/wf-SEDs/projected_learning/wf-outputs/chkp/8_bins/chkp_callback_poly_9_cycles_256_proj_d2_4_cycle3
63/63 - 73s - loss: 9.9412e-07 - mean_squared_error: 1.4064e-06 - val_loss: 4.1073e-08 - val_mean_squared_error: 4.1073e-08 - 73s/epoch - 1s/step
Epoch 5/13

Epoch 00005: mean_squared_error improved from 0.00000 to 0.00000, saving model to /gpfswork/rech/ynx/uds36vp/repos/wf-SEDs/projected_learning/wf-outputs/chkp/8_bins/chkp_callback_poly_9_cycles_256_proj_d2_4_cycle3
63/63 - 73s - loss: 9.9244e-07 - mean_squared_error: 1.4049e-06 - val_loss: 3.9900e-08 - val_mean_squared_error: 3.9900e-08 - 73s/epoch - 1s/step
Epoch 6/13

Epoch 00006: mean_squared_error improved from 0.00000 to 0.00000, saving model to /gpfswork/rech/ynx/uds36vp/repos/wf-SEDs/projected_learning/wf-outputs/chkp/8_bins/chkp_callback_poly_9_cycles_256_proj_d2_4_cycle3
63/63 - 74s - loss: 9.9079e-07 - mean_squared_error: 1.4034e-06 - val_loss: 3.8196e-08 - val_mean_squared_error: 3.8196e-08 - 74s/epoch - 1s/step
Epoch 7/13

Epoch 00007: mean_squared_error improved from 0.00000 to 0.00000, saving model to /gpfswork/rech/ynx/uds36vp/repos/wf-SEDs/projected_learning/wf-outputs/chkp/8_bins/chkp_callback_poly_9_cycles_256_proj_d2_4_cycle3
63/63 - 74s - loss: 9.8939e-07 - mean_squared_error: 1.4020e-06 - val_loss: 3.6727e-08 - val_mean_squared_error: 3.6727e-08 - 74s/epoch - 1s/step
Epoch 8/13

Epoch 00008: mean_squared_error improved from 0.00000 to 0.00000, saving model to /gpfswork/rech/ynx/uds36vp/repos/wf-SEDs/projected_learning/wf-outputs/chkp/8_bins/chkp_callback_poly_9_cycles_256_proj_d2_4_cycle3
63/63 - 74s - loss: 9.8798e-07 - mean_squared_error: 1.4008e-06 - val_loss: 3.5923e-08 - val_mean_squared_error: 3.5923e-08 - 74s/epoch - 1s/step
Epoch 9/13

Epoch 00009: mean_squared_error improved from 0.00000 to 0.00000, saving model to /gpfswork/rech/ynx/uds36vp/repos/wf-SEDs/projected_learning/wf-outputs/chkp/8_bins/chkp_callback_poly_9_cycles_256_proj_d2_4_cycle3
63/63 - 76s - loss: 9.8626e-07 - mean_squared_error: 1.3994e-06 - val_loss: 3.4005e-08 - val_mean_squared_error: 3.4005e-08 - 76s/epoch - 1s/step
Epoch 10/13

Epoch 00010: mean_squared_error improved from 0.00000 to 0.00000, saving model to /gpfswork/rech/ynx/uds36vp/repos/wf-SEDs/projected_learning/wf-outputs/chkp/8_bins/chkp_callback_poly_9_cycles_256_proj_d2_4_cycle3
63/63 - 74s - loss: 9.8522e-07 - mean_squared_error: 1.3982e-06 - val_loss: 3.3045e-08 - val_mean_squared_error: 3.3045e-08 - 74s/epoch - 1s/step
Epoch 11/13

Epoch 00011: mean_squared_error improved from 0.00000 to 0.00000, saving model to /gpfswork/rech/ynx/uds36vp/repos/wf-SEDs/projected_learning/wf-outputs/chkp/8_bins/chkp_callback_poly_9_cycles_256_proj_d2_4_cycle3
63/63 - 75s - loss: 9.8378e-07 - mean_squared_error: 1.3971e-06 - val_loss: 3.1715e-08 - val_mean_squared_error: 3.1715e-08 - 75s/epoch - 1s/step
Epoch 12/13

Epoch 00012: mean_squared_error improved from 0.00000 to 0.00000, saving model to /gpfswork/rech/ynx/uds36vp/repos/wf-SEDs/projected_learning/wf-outputs/chkp/8_bins/chkp_callback_poly_9_cycles_256_proj_d2_4_cycle3
63/63 - 75s - loss: 9.8334e-07 - mean_squared_error: 1.3965e-06 - val_loss: 3.1851e-08 - val_mean_squared_error: 3.1851e-08 - 75s/epoch - 1s/step
Epoch 13/13

Epoch 00013: mean_squared_error improved from 0.00000 to 0.00000, saving model to /gpfswork/rech/ynx/uds36vp/repos/wf-SEDs/projected_learning/wf-outputs/chkp/8_bins/chkp_callback_poly_9_cycles_256_proj_d2_4_cycle3
63/63 - 77s - loss: 9.8111e-07 - mean_squared_error: 1.3947e-06 - val_loss: 2.9075e-08 - val_mean_squared_error: 2.9075e-08 - 77s/epoch - 1s/step
Cycle3 elapsed time: 1252.0476520061493
Project non-param DD features onto param model: done!
Starting cycle 4..
Starting parametric update..
Epoch 1/4

Epoch 00001: mean_squared_error improved from inf to 0.00000, saving model to /gpfswork/rech/ynx/uds36vp/repos/wf-SEDs/projected_learning/wf-outputs/chkp/8_bins/chkp_callback_poly_9_cycles_256_proj_d2_4_cycle4
63/63 - 73s - loss: 9.8244e-07 - mean_squared_error: 1.3960e-06 - val_loss: 3.3929e-08 - val_mean_squared_error: 3.3929e-08 - 73s/epoch - 1s/step
Epoch 2/4

Epoch 00002: mean_squared_error did not improve from 0.00000
63/63 - 71s - loss: 9.8706e-07 - mean_squared_error: 1.3997e-06 - val_loss: 4.1942e-08 - val_mean_squared_error: 4.1942e-08 - 71s/epoch - 1s/step
Epoch 3/4

Epoch 00003: mean_squared_error did not improve from 0.00000
63/63 - 72s - loss: 1.0472e-06 - mean_squared_error: 1.4479e-06 - val_loss: 9.4761e-08 - val_mean_squared_error: 9.4761e-08 - 72s/epoch - 1s/step
Epoch 4/4

Epoch 00004: mean_squared_error did not improve from 0.00000
63/63 - 72s - loss: 9.9703e-07 - mean_squared_error: 1.4084e-06 - val_loss: 3.5721e-08 - val_mean_squared_error: 3.5721e-08 - 72s/epoch - 1s/step
Starting non-parametric update..
Epoch 1/13

Epoch 00001: mean_squared_error improved from 0.00000 to 0.00000, saving model to /gpfswork/rech/ynx/uds36vp/repos/wf-SEDs/projected_learning/wf-outputs/chkp/8_bins/chkp_callback_poly_9_cycles_256_proj_d2_4_cycle4
63/63 - 75s - loss: 9.8109e-07 - mean_squared_error: 1.3946e-06 - val_loss: 2.8478e-08 - val_mean_squared_error: 2.8478e-08 - 75s/epoch - 1s/step
Epoch 2/13

Epoch 00002: mean_squared_error improved from 0.00000 to 0.00000, saving model to /gpfswork/rech/ynx/uds36vp/repos/wf-SEDs/projected_learning/wf-outputs/chkp/8_bins/chkp_callback_poly_9_cycles_256_proj_d2_4_cycle4
63/63 - 73s - loss: 9.7877e-07 - mean_squared_error: 1.3927e-06 - val_loss: 2.8026e-08 - val_mean_squared_error: 2.8026e-08 - 73s/epoch - 1s/step
Epoch 3/13

Epoch 00003: mean_squared_error improved from 0.00000 to 0.00000, saving model to /gpfswork/rech/ynx/uds36vp/repos/wf-SEDs/projected_learning/wf-outputs/chkp/8_bins/chkp_callback_poly_9_cycles_256_proj_d2_4_cycle4
63/63 - 74s - loss: 9.7827e-07 - mean_squared_error: 1.3922e-06 - val_loss: 2.7477e-08 - val_mean_squared_error: 2.7477e-08 - 74s/epoch - 1s/step
Epoch 4/13

Epoch 00004: mean_squared_error improved from 0.00000 to 0.00000, saving model to /gpfswork/rech/ynx/uds36vp/repos/wf-SEDs/projected_learning/wf-outputs/chkp/8_bins/chkp_callback_poly_9_cycles_256_proj_d2_4_cycle4
63/63 - 75s - loss: 9.7763e-07 - mean_squared_error: 1.3917e-06 - val_loss: 2.6979e-08 - val_mean_squared_error: 2.6979e-08 - 75s/epoch - 1s/step
Epoch 5/13

Epoch 00005: mean_squared_error improved from 0.00000 to 0.00000, saving model to /gpfswork/rech/ynx/uds36vp/repos/wf-SEDs/projected_learning/wf-outputs/chkp/8_bins/chkp_callback_poly_9_cycles_256_proj_d2_4_cycle4
63/63 - 74s - loss: 9.7727e-07 - mean_squared_error: 1.3913e-06 - val_loss: 2.6694e-08 - val_mean_squared_error: 2.6694e-08 - 74s/epoch - 1s/step
Epoch 6/13

Epoch 00006: mean_squared_error improved from 0.00000 to 0.00000, saving model to /gpfswork/rech/ynx/uds36vp/repos/wf-SEDs/projected_learning/wf-outputs/chkp/8_bins/chkp_callback_poly_9_cycles_256_proj_d2_4_cycle4
63/63 - 73s - loss: 9.7675e-07 - mean_squared_error: 1.3908e-06 - val_loss: 2.5925e-08 - val_mean_squared_error: 2.5925e-08 - 73s/epoch - 1s/step
Epoch 7/13

Epoch 00007: mean_squared_error improved from 0.00000 to 0.00000, saving model to /gpfswork/rech/ynx/uds36vp/repos/wf-SEDs/projected_learning/wf-outputs/chkp/8_bins/chkp_callback_poly_9_cycles_256_proj_d2_4_cycle4
63/63 - 75s - loss: 9.7590e-07 - mean_squared_error: 1.3900e-06 - val_loss: 2.5187e-08 - val_mean_squared_error: 2.5187e-08 - 75s/epoch - 1s/step
Epoch 8/13

Epoch 00008: mean_squared_error improved from 0.00000 to 0.00000, saving model to /gpfswork/rech/ynx/uds36vp/repos/wf-SEDs/projected_learning/wf-outputs/chkp/8_bins/chkp_callback_poly_9_cycles_256_proj_d2_4_cycle4
63/63 - 74s - loss: 9.7535e-07 - mean_squared_error: 1.3895e-06 - val_loss: 2.4421e-08 - val_mean_squared_error: 2.4421e-08 - 74s/epoch - 1s/step
Epoch 9/13

Epoch 00009: mean_squared_error improved from 0.00000 to 0.00000, saving model to /gpfswork/rech/ynx/uds36vp/repos/wf-SEDs/projected_learning/wf-outputs/chkp/8_bins/chkp_callback_poly_9_cycles_256_proj_d2_4_cycle4
63/63 - 74s - loss: 9.7453e-07 - mean_squared_error: 1.3888e-06 - val_loss: 2.3863e-08 - val_mean_squared_error: 2.3863e-08 - 74s/epoch - 1s/step
Epoch 10/13

Epoch 00010: mean_squared_error improved from 0.00000 to 0.00000, saving model to /gpfswork/rech/ynx/uds36vp/repos/wf-SEDs/projected_learning/wf-outputs/chkp/8_bins/chkp_callback_poly_9_cycles_256_proj_d2_4_cycle4
63/63 - 74s - loss: 9.7411e-07 - mean_squared_error: 1.3883e-06 - val_loss: 2.3375e-08 - val_mean_squared_error: 2.3375e-08 - 74s/epoch - 1s/step
Epoch 11/13

Epoch 00011: mean_squared_error improved from 0.00000 to 0.00000, saving model to /gpfswork/rech/ynx/uds36vp/repos/wf-SEDs/projected_learning/wf-outputs/chkp/8_bins/chkp_callback_poly_9_cycles_256_proj_d2_4_cycle4
63/63 - 73s - loss: 9.7326e-07 - mean_squared_error: 1.3876e-06 - val_loss: 2.2638e-08 - val_mean_squared_error: 2.2638e-08 - 73s/epoch - 1s/step
Epoch 12/13

Epoch 00012: mean_squared_error improved from 0.00000 to 0.00000, saving model to /gpfswork/rech/ynx/uds36vp/repos/wf-SEDs/projected_learning/wf-outputs/chkp/8_bins/chkp_callback_poly_9_cycles_256_proj_d2_4_cycle4
63/63 - 73s - loss: 9.7248e-07 - mean_squared_error: 1.3869e-06 - val_loss: 2.1983e-08 - val_mean_squared_error: 2.1983e-08 - 73s/epoch - 1s/step
Epoch 13/13

Epoch 00013: mean_squared_error improved from 0.00000 to 0.00000, saving model to /gpfswork/rech/ynx/uds36vp/repos/wf-SEDs/projected_learning/wf-outputs/chkp/8_bins/chkp_callback_poly_9_cycles_256_proj_d2_4_cycle4
63/63 - 74s - loss: 9.7235e-07 - mean_squared_error: 1.3867e-06 - val_loss: 2.1790e-08 - val_mean_squared_error: 2.1790e-08 - 74s/epoch - 1s/step
Cycle4 elapsed time: 1254.6394696235657
Project non-param DD features onto param model: done!
Starting cycle 5..
Starting parametric update..
Epoch 1/4

Epoch 00001: mean_squared_error improved from inf to 0.00000, saving model to /gpfswork/rech/ynx/uds36vp/repos/wf-SEDs/projected_learning/wf-outputs/chkp/8_bins/chkp_callback_poly_9_cycles_256_proj_d2_4_cycle5
63/63 - 76s - loss: 9.7352e-07 - mean_squared_error: 1.3877e-06 - val_loss: 3.5011e-08 - val_mean_squared_error: 3.5011e-08 - 76s/epoch - 1s/step
Epoch 2/4

Epoch 00002: mean_squared_error did not improve from 0.00000
63/63 - 74s - loss: 9.7953e-07 - mean_squared_error: 1.3928e-06 - val_loss: 2.6403e-08 - val_mean_squared_error: 2.6403e-08 - 74s/epoch - 1s/step
Epoch 3/4

Epoch 00003: mean_squared_error did not improve from 0.00000
63/63 - 76s - loss: 9.8860e-07 - mean_squared_error: 1.4005e-06 - val_loss: 3.0165e-08 - val_mean_squared_error: 3.0165e-08 - 76s/epoch - 1s/step
Epoch 4/4

Epoch 00004: mean_squared_error did not improve from 0.00000
63/63 - 76s - loss: 9.7919e-07 - mean_squared_error: 1.3927e-06 - val_loss: 3.5601e-08 - val_mean_squared_error: 3.5601e-08 - 76s/epoch - 1s/step
Starting non-parametric update..
Epoch 1/13

Epoch 00001: mean_squared_error did not improve from 0.00000
63/63 - 76s - loss: 9.7429e-07 - mean_squared_error: 1.3883e-06 - val_loss: 2.0966e-08 - val_mean_squared_error: 2.0966e-08 - 76s/epoch - 1s/step
Epoch 2/13

Epoch 00002: mean_squared_error improved from 0.00000 to 0.00000, saving model to /gpfswork/rech/ynx/uds36vp/repos/wf-SEDs/projected_learning/wf-outputs/chkp/8_bins/chkp_callback_poly_9_cycles_256_proj_d2_4_cycle5
63/63 - 72s - loss: 9.7023e-07 - mean_squared_error: 1.3850e-06 - val_loss: 2.0530e-08 - val_mean_squared_error: 2.0530e-08 - 72s/epoch - 1s/step
Epoch 3/13

Epoch 00003: mean_squared_error improved from 0.00000 to 0.00000, saving model to /gpfswork/rech/ynx/uds36vp/repos/wf-SEDs/projected_learning/wf-outputs/chkp/8_bins/chkp_callback_poly_9_cycles_256_proj_d2_4_cycle5
63/63 - 72s - loss: 9.7019e-07 - mean_squared_error: 1.3849e-06 - val_loss: 2.0555e-08 - val_mean_squared_error: 2.0555e-08 - 72s/epoch - 1s/step
Epoch 4/13

Epoch 00004: mean_squared_error improved from 0.00000 to 0.00000, saving model to /gpfswork/rech/ynx/uds36vp/repos/wf-SEDs/projected_learning/wf-outputs/chkp/8_bins/chkp_callback_poly_9_cycles_256_proj_d2_4_cycle5
63/63 - 73s - loss: 9.6972e-07 - mean_squared_error: 1.3845e-06 - val_loss: 2.0157e-08 - val_mean_squared_error: 2.0157e-08 - 73s/epoch - 1s/step
Epoch 5/13

Epoch 00005: mean_squared_error improved from 0.00000 to 0.00000, saving model to /gpfswork/rech/ynx/uds36vp/repos/wf-SEDs/projected_learning/wf-outputs/chkp/8_bins/chkp_callback_poly_9_cycles_256_proj_d2_4_cycle5
63/63 - 73s - loss: 9.6954e-07 - mean_squared_error: 1.3844e-06 - val_loss: 1.9825e-08 - val_mean_squared_error: 1.9825e-08 - 73s/epoch - 1s/step
Epoch 6/13

Epoch 00006: mean_squared_error improved from 0.00000 to 0.00000, saving model to /gpfswork/rech/ynx/uds36vp/repos/wf-SEDs/projected_learning/wf-outputs/chkp/8_bins/chkp_callback_poly_9_cycles_256_proj_d2_4_cycle5
63/63 - 73s - loss: 9.6911e-07 - mean_squared_error: 1.3839e-06 - val_loss: 1.9471e-08 - val_mean_squared_error: 1.9471e-08 - 73s/epoch - 1s/step
Epoch 7/13

Epoch 00007: mean_squared_error improved from 0.00000 to 0.00000, saving model to /gpfswork/rech/ynx/uds36vp/repos/wf-SEDs/projected_learning/wf-outputs/chkp/8_bins/chkp_callback_poly_9_cycles_256_proj_d2_4_cycle5
63/63 - 73s - loss: 9.6886e-07 - mean_squared_error: 1.3837e-06 - val_loss: 1.9242e-08 - val_mean_squared_error: 1.9242e-08 - 73s/epoch - 1s/step
Epoch 8/13

Epoch 00008: mean_squared_error improved from 0.00000 to 0.00000, saving model to /gpfswork/rech/ynx/uds36vp/repos/wf-SEDs/projected_learning/wf-outputs/chkp/8_bins/chkp_callback_poly_9_cycles_256_proj_d2_4_cycle5
63/63 - 72s - loss: 9.6834e-07 - mean_squared_error: 1.3832e-06 - val_loss: 1.8804e-08 - val_mean_squared_error: 1.8804e-08 - 72s/epoch - 1s/step
Epoch 9/13

Epoch 00009: mean_squared_error improved from 0.00000 to 0.00000, saving model to /gpfswork/rech/ynx/uds36vp/repos/wf-SEDs/projected_learning/wf-outputs/chkp/8_bins/chkp_callback_poly_9_cycles_256_proj_d2_4_cycle5
63/63 - 73s - loss: 9.6787e-07 - mean_squared_error: 1.3828e-06 - val_loss: 1.8259e-08 - val_mean_squared_error: 1.8259e-08 - 73s/epoch - 1s/step
Epoch 10/13

Epoch 00010: mean_squared_error improved from 0.00000 to 0.00000, saving model to /gpfswork/rech/ynx/uds36vp/repos/wf-SEDs/projected_learning/wf-outputs/chkp/8_bins/chkp_callback_poly_9_cycles_256_proj_d2_4_cycle5
63/63 - 72s - loss: 9.6781e-07 - mean_squared_error: 1.3826e-06 - val_loss: 1.7928e-08 - val_mean_squared_error: 1.7928e-08 - 72s/epoch - 1s/step
Epoch 11/13

Epoch 00011: mean_squared_error improved from 0.00000 to 0.00000, saving model to /gpfswork/rech/ynx/uds36vp/repos/wf-SEDs/projected_learning/wf-outputs/chkp/8_bins/chkp_callback_poly_9_cycles_256_proj_d2_4_cycle5
63/63 - 72s - loss: 9.6776e-07 - mean_squared_error: 1.3825e-06 - val_loss: 1.7875e-08 - val_mean_squared_error: 1.7875e-08 - 72s/epoch - 1s/step
Epoch 12/13

Epoch 00012: mean_squared_error improved from 0.00000 to 0.00000, saving model to /gpfswork/rech/ynx/uds36vp/repos/wf-SEDs/projected_learning/wf-outputs/chkp/8_bins/chkp_callback_poly_9_cycles_256_proj_d2_4_cycle5
63/63 - 72s - loss: 9.6749e-07 - mean_squared_error: 1.3822e-06 - val_loss: 1.7919e-08 - val_mean_squared_error: 1.7919e-08 - 72s/epoch - 1s/step
Epoch 13/13

Epoch 00013: mean_squared_error improved from 0.00000 to 0.00000, saving model to /gpfswork/rech/ynx/uds36vp/repos/wf-SEDs/projected_learning/wf-outputs/chkp/8_bins/chkp_callback_poly_9_cycles_256_proj_d2_4_cycle5
63/63 - 72s - loss: 9.6666e-07 - mean_squared_error: 1.3816e-06 - val_loss: 1.7448e-08 - val_mean_squared_error: 1.7448e-08 - 72s/epoch - 1s/step
Cycle5 elapsed time: 1250.8623397350311
Project non-param DD features onto param model: done!
Starting cycle 6..
Starting parametric update..
Epoch 1/4

Epoch 00001: mean_squared_error improved from inf to 0.00000, saving model to /gpfswork/rech/ynx/uds36vp/repos/wf-SEDs/projected_learning/wf-outputs/chkp/8_bins/chkp_callback_poly_9_cycles_256_proj_d2_4_cycle6
63/63 - 73s - loss: 9.6843e-07 - mean_squared_error: 1.3830e-06 - val_loss: 2.0894e-08 - val_mean_squared_error: 2.0894e-08 - 73s/epoch - 1s/step
Epoch 2/4

Epoch 00002: mean_squared_error did not improve from 0.00000
63/63 - 69s - loss: 9.7023e-07 - mean_squared_error: 1.3845e-06 - val_loss: 2.0531e-08 - val_mean_squared_error: 2.0531e-08 - 69s/epoch - 1s/step
Epoch 3/4

Epoch 00003: mean_squared_error did not improve from 0.00000
63/63 - 72s - loss: 9.7273e-07 - mean_squared_error: 1.3870e-06 - val_loss: 2.4333e-08 - val_mean_squared_error: 2.4333e-08 - 72s/epoch - 1s/step
Epoch 4/4

Epoch 00004: mean_squared_error did not improve from 0.00000
63/63 - 72s - loss: 9.9036e-07 - mean_squared_error: 1.4011e-06 - val_loss: 4.8495e-08 - val_mean_squared_error: 4.8495e-08 - 72s/epoch - 1s/step
Starting non-parametric update..
Epoch 1/13

Epoch 00001: mean_squared_error did not improve from 0.00000
63/63 - 75s - loss: 9.7696e-07 - mean_squared_error: 1.3892e-06 - val_loss: 1.7284e-08 - val_mean_squared_error: 1.7284e-08 - 75s/epoch - 1s/step
Epoch 2/13

Epoch 00002: mean_squared_error improved from 0.00000 to 0.00000, saving model to /gpfswork/rech/ynx/uds36vp/repos/wf-SEDs/projected_learning/wf-outputs/chkp/8_bins/chkp_callback_poly_9_cycles_256_proj_d2_4_cycle6
63/63 - 72s - loss: 9.6568e-07 - mean_squared_error: 1.3810e-06 - val_loss: 1.6615e-08 - val_mean_squared_error: 1.6615e-08 - 72s/epoch - 1s/step
Epoch 3/13

Epoch 00003: mean_squared_error improved from 0.00000 to 0.00000, saving model to /gpfswork/rech/ynx/uds36vp/repos/wf-SEDs/projected_learning/wf-outputs/chkp/8_bins/chkp_callback_poly_9_cycles_256_proj_d2_4_cycle6
63/63 - 73s - loss: 9.6530e-07 - mean_squared_error: 1.3806e-06 - val_loss: 1.6424e-08 - val_mean_squared_error: 1.6424e-08 - 73s/epoch - 1s/step
Epoch 4/13

Epoch 00004: mean_squared_error improved from 0.00000 to 0.00000, saving model to /gpfswork/rech/ynx/uds36vp/repos/wf-SEDs/projected_learning/wf-outputs/chkp/8_bins/chkp_callback_poly_9_cycles_256_proj_d2_4_cycle6
63/63 - 73s - loss: 9.6507e-07 - mean_squared_error: 1.3803e-06 - val_loss: 1.6311e-08 - val_mean_squared_error: 1.6311e-08 - 73s/epoch - 1s/step
Epoch 5/13

Epoch 00005: mean_squared_error improved from 0.00000 to 0.00000, saving model to /gpfswork/rech/ynx/uds36vp/repos/wf-SEDs/projected_learning/wf-outputs/chkp/8_bins/chkp_callback_poly_9_cycles_256_proj_d2_4_cycle6
63/63 - 73s - loss: 9.6504e-07 - mean_squared_error: 1.3802e-06 - val_loss: 1.6132e-08 - val_mean_squared_error: 1.6132e-08 - 73s/epoch - 1s/step
Epoch 6/13

Epoch 00006: mean_squared_error improved from 0.00000 to 0.00000, saving model to /gpfswork/rech/ynx/uds36vp/repos/wf-SEDs/projected_learning/wf-outputs/chkp/8_bins/chkp_callback_poly_9_cycles_256_proj_d2_4_cycle6
63/63 - 73s - loss: 9.6491e-07 - mean_squared_error: 1.3801e-06 - val_loss: 1.6183e-08 - val_mean_squared_error: 1.6183e-08 - 73s/epoch - 1s/step
Epoch 7/13

Epoch 00007: mean_squared_error improved from 0.00000 to 0.00000, saving model to /gpfswork/rech/ynx/uds36vp/repos/wf-SEDs/projected_learning/wf-outputs/chkp/8_bins/chkp_callback_poly_9_cycles_256_proj_d2_4_cycle6
63/63 - 74s - loss: 9.6461e-07 - mean_squared_error: 1.3798e-06 - val_loss: 1.5384e-08 - val_mean_squared_error: 1.5384e-08 - 74s/epoch - 1s/step
Epoch 8/13

Epoch 00008: mean_squared_error did not improve from 0.00000
63/63 - 73s - loss: 9.6471e-07 - mean_squared_error: 1.3799e-06 - val_loss: 1.5549e-08 - val_mean_squared_error: 1.5549e-08 - 73s/epoch - 1s/step
Epoch 9/13

Epoch 00009: mean_squared_error improved from 0.00000 to 0.00000, saving model to /gpfswork/rech/ynx/uds36vp/repos/wf-SEDs/projected_learning/wf-outputs/chkp/8_bins/chkp_callback_poly_9_cycles_256_proj_d2_4_cycle6
63/63 - 74s - loss: 9.6430e-07 - mean_squared_error: 1.3796e-06 - val_loss: 1.5238e-08 - val_mean_squared_error: 1.5238e-08 - 74s/epoch - 1s/step
Epoch 10/13

Epoch 00010: mean_squared_error improved from 0.00000 to 0.00000, saving model to /gpfswork/rech/ynx/uds36vp/repos/wf-SEDs/projected_learning/wf-outputs/chkp/8_bins/chkp_callback_poly_9_cycles_256_proj_d2_4_cycle6
63/63 - 74s - loss: 9.6402e-07 - mean_squared_error: 1.3793e-06 - val_loss: 1.5401e-08 - val_mean_squared_error: 1.5401e-08 - 74s/epoch - 1s/step
Epoch 11/13

Epoch 00011: mean_squared_error did not improve from 0.00000
63/63 - 73s - loss: 9.6516e-07 - mean_squared_error: 1.3801e-06 - val_loss: 1.5338e-08 - val_mean_squared_error: 1.5338e-08 - 73s/epoch - 1s/step
Epoch 12/13

Epoch 00012: mean_squared_error did not improve from 0.00000
63/63 - 72s - loss: 9.6456e-07 - mean_squared_error: 1.3795e-06 - val_loss: 1.4654e-08 - val_mean_squared_error: 1.4654e-08 - 72s/epoch - 1s/step
Epoch 13/13

Epoch 00013: mean_squared_error improved from 0.00000 to 0.00000, saving model to /gpfswork/rech/ynx/uds36vp/repos/wf-SEDs/projected_learning/wf-outputs/chkp/8_bins/chkp_callback_poly_9_cycles_256_proj_d2_4_cycle6
63/63 - 74s - loss: 9.6342e-07 - mean_squared_error: 1.3787e-06 - val_loss: 1.4505e-08 - val_mean_squared_error: 1.4505e-08 - 74s/epoch - 1s/step
Cycle6 elapsed time: 1245.4700226783752
Project non-param DD features onto param model: done!
Starting cycle 7..
Starting parametric update..
Epoch 1/4

Epoch 00001: mean_squared_error improved from inf to 0.00000, saving model to /gpfswork/rech/ynx/uds36vp/repos/wf-SEDs/projected_learning/wf-outputs/chkp/8_bins/chkp_callback_poly_9_cycles_256_proj_d2_4_cycle7
63/63 - 74s - loss: 9.6487e-07 - mean_squared_error: 1.3800e-06 - val_loss: 1.5869e-08 - val_mean_squared_error: 1.5869e-08 - 74s/epoch - 1s/step
Epoch 2/4

Epoch 00002: mean_squared_error did not improve from 0.00000
63/63 - 72s - loss: 9.6830e-07 - mean_squared_error: 1.3829e-06 - val_loss: 2.0341e-08 - val_mean_squared_error: 2.0341e-08 - 72s/epoch - 1s/step
Epoch 3/4

Epoch 00003: mean_squared_error did not improve from 0.00000
63/63 - 69s - loss: 9.7170e-07 - mean_squared_error: 1.3861e-06 - val_loss: 2.0189e-08 - val_mean_squared_error: 2.0189e-08 - 69s/epoch - 1s/step
Epoch 4/4

Epoch 00004: mean_squared_error did not improve from 0.00000
63/63 - 72s - loss: 9.7222e-07 - mean_squared_error: 1.3862e-06 - val_loss: 2.8821e-08 - val_mean_squared_error: 2.8821e-08 - 72s/epoch - 1s/step
Starting non-parametric update..
Epoch 1/13

Epoch 00001: mean_squared_error did not improve from 0.00000
63/63 - 74s - loss: 9.6789e-07 - mean_squared_error: 1.3818e-06 - val_loss: 1.4224e-08 - val_mean_squared_error: 1.4224e-08 - 74s/epoch - 1s/step
Epoch 2/13

Epoch 00002: mean_squared_error improved from 0.00000 to 0.00000, saving model to /gpfswork/rech/ynx/uds36vp/repos/wf-SEDs/projected_learning/wf-outputs/chkp/8_bins/chkp_callback_poly_9_cycles_256_proj_d2_4_cycle7
63/63 - 73s - loss: 9.6225e-07 - mean_squared_error: 1.3778e-06 - val_loss: 1.3963e-08 - val_mean_squared_error: 1.3963e-08 - 73s/epoch - 1s/step
Epoch 3/13

Epoch 00003: mean_squared_error improved from 0.00000 to 0.00000, saving model to /gpfswork/rech/ynx/uds36vp/repos/wf-SEDs/projected_learning/wf-outputs/chkp/8_bins/chkp_callback_poly_9_cycles_256_proj_d2_4_cycle7
63/63 - 70s - loss: 9.6216e-07 - mean_squared_error: 1.3777e-06 - val_loss: 1.3787e-08 - val_mean_squared_error: 1.3787e-08 - 70s/epoch - 1s/step
Epoch 4/13

Epoch 00004: mean_squared_error improved from 0.00000 to 0.00000, saving model to /gpfswork/rech/ynx/uds36vp/repos/wf-SEDs/projected_learning/wf-outputs/chkp/8_bins/chkp_callback_poly_9_cycles_256_proj_d2_4_cycle7
63/63 - 70s - loss: 9.6217e-07 - mean_squared_error: 1.3777e-06 - val_loss: 1.3703e-08 - val_mean_squared_error: 1.3703e-08 - 70s/epoch - 1s/step
Epoch 5/13

Epoch 00005: mean_squared_error improved from 0.00000 to 0.00000, saving model to /gpfswork/rech/ynx/uds36vp/repos/wf-SEDs/projected_learning/wf-outputs/chkp/8_bins/chkp_callback_poly_9_cycles_256_proj_d2_4_cycle7
63/63 - 70s - loss: 9.6201e-07 - mean_squared_error: 1.3776e-06 - val_loss: 1.3575e-08 - val_mean_squared_error: 1.3575e-08 - 70s/epoch - 1s/step
Epoch 6/13

Epoch 00006: mean_squared_error did not improve from 0.00000
63/63 - 70s - loss: 9.6243e-07 - mean_squared_error: 1.3778e-06 - val_loss: 1.3676e-08 - val_mean_squared_error: 1.3676e-08 - 70s/epoch - 1s/step
Epoch 7/13

Epoch 00007: mean_squared_error improved from 0.00000 to 0.00000, saving model to /gpfswork/rech/ynx/uds36vp/repos/wf-SEDs/projected_learning/wf-outputs/chkp/8_bins/chkp_callback_poly_9_cycles_256_proj_d2_4_cycle7
63/63 - 70s - loss: 9.6181e-07 - mean_squared_error: 1.3773e-06 - val_loss: 1.3179e-08 - val_mean_squared_error: 1.3179e-08 - 70s/epoch - 1s/step
Epoch 8/13

Epoch 00008: mean_squared_error did not improve from 0.00000
63/63 - 70s - loss: 9.6181e-07 - mean_squared_error: 1.3773e-06 - val_loss: 1.3334e-08 - val_mean_squared_error: 1.3334e-08 - 70s/epoch - 1s/step
Epoch 9/13

Epoch 00009: mean_squared_error did not improve from 0.00000
63/63 - 70s - loss: 9.6195e-07 - mean_squared_error: 1.3774e-06 - val_loss: 1.2930e-08 - val_mean_squared_error: 1.2930e-08 - 70s/epoch - 1s/step
Epoch 10/13

Epoch 00010: mean_squared_error improved from 0.00000 to 0.00000, saving model to /gpfswork/rech/ynx/uds36vp/repos/wf-SEDs/projected_learning/wf-outputs/chkp/8_bins/chkp_callback_poly_9_cycles_256_proj_d2_4_cycle7
63/63 - 70s - loss: 9.6176e-07 - mean_squared_error: 1.3772e-06 - val_loss: 1.3642e-08 - val_mean_squared_error: 1.3642e-08 - 70s/epoch - 1s/step
Epoch 11/13

Epoch 00011: mean_squared_error improved from 0.00000 to 0.00000, saving model to /gpfswork/rech/ynx/uds36vp/repos/wf-SEDs/projected_learning/wf-outputs/chkp/8_bins/chkp_callback_poly_9_cycles_256_proj_d2_4_cycle7
63/63 - 70s - loss: 9.6149e-07 - mean_squared_error: 1.3770e-06 - val_loss: 1.2761e-08 - val_mean_squared_error: 1.2761e-08 - 70s/epoch - 1s/step
Epoch 12/13

Epoch 00012: mean_squared_error improved from 0.00000 to 0.00000, saving model to /gpfswork/rech/ynx/uds36vp/repos/wf-SEDs/projected_learning/wf-outputs/chkp/8_bins/chkp_callback_poly_9_cycles_256_proj_d2_4_cycle7
63/63 - 70s - loss: 9.6140e-07 - mean_squared_error: 1.3769e-06 - val_loss: 1.2637e-08 - val_mean_squared_error: 1.2637e-08 - 70s/epoch - 1s/step
Epoch 13/13

Epoch 00013: mean_squared_error did not improve from 0.00000
63/63 - 70s - loss: 9.6167e-07 - mean_squared_error: 1.3770e-06 - val_loss: 1.3449e-08 - val_mean_squared_error: 1.3449e-08 - 70s/epoch - 1s/step
Cycle7 elapsed time: 1208.9476199150085
Project non-param DD features onto param model: done!
Starting cycle 8..
Starting parametric update..
Epoch 1/4

Epoch 00001: mean_squared_error improved from inf to 0.00000, saving model to /gpfswork/rech/ynx/uds36vp/repos/wf-SEDs/projected_learning/wf-outputs/chkp/8_bins/chkp_callback_poly_9_cycles_256_proj_d2_4_cycle8
63/63 - 73s - loss: 9.6231e-07 - mean_squared_error: 1.3777e-06 - val_loss: 1.4508e-08 - val_mean_squared_error: 1.4508e-08 - 73s/epoch - 1s/step
Epoch 2/4

Epoch 00002: mean_squared_error did not improve from 0.00000
63/63 - 70s - loss: 9.6446e-07 - mean_squared_error: 1.3797e-06 - val_loss: 1.6965e-08 - val_mean_squared_error: 1.6965e-08 - 70s/epoch - 1s/step
Epoch 3/4

Epoch 00003: mean_squared_error did not improve from 0.00000
63/63 - 70s - loss: 9.6648e-07 - mean_squared_error: 1.3812e-06 - val_loss: 2.0015e-08 - val_mean_squared_error: 2.0015e-08 - 70s/epoch - 1s/step
Epoch 4/4

Epoch 00004: mean_squared_error did not improve from 0.00000
63/63 - 69s - loss: 9.7130e-07 - mean_squared_error: 1.3853e-06 - val_loss: 1.5281e-08 - val_mean_squared_error: 1.5281e-08 - 69s/epoch - 1s/step
Starting non-parametric update..
Epoch 1/13

Epoch 00001: mean_squared_error improved from 0.00000 to 0.00000, saving model to /gpfswork/rech/ynx/uds36vp/repos/wf-SEDs/projected_learning/wf-outputs/chkp/8_bins/chkp_callback_poly_9_cycles_256_proj_d2_4_cycle8
63/63 - 76s - loss: 9.6115e-07 - mean_squared_error: 1.3767e-06 - val_loss: 1.2157e-08 - val_mean_squared_error: 1.2157e-08 - 76s/epoch - 1s/step
Epoch 2/13

Epoch 00002: mean_squared_error improved from 0.00000 to 0.00000, saving model to /gpfswork/rech/ynx/uds36vp/repos/wf-SEDs/projected_learning/wf-outputs/chkp/8_bins/chkp_callback_poly_9_cycles_256_proj_d2_4_cycle8
63/63 - 72s - loss: 9.6009e-07 - mean_squared_error: 1.3758e-06 - val_loss: 1.1941e-08 - val_mean_squared_error: 1.1941e-08 - 72s/epoch - 1s/step
Epoch 3/13

Epoch 00003: mean_squared_error improved from 0.00000 to 0.00000, saving model to /gpfswork/rech/ynx/uds36vp/repos/wf-SEDs/projected_learning/wf-outputs/chkp/8_bins/chkp_callback_poly_9_cycles_256_proj_d2_4_cycle8
63/63 - 72s - loss: 9.6006e-07 - mean_squared_error: 1.3758e-06 - val_loss: 1.2011e-08 - val_mean_squared_error: 1.2011e-08 - 72s/epoch - 1s/step
Epoch 4/13

Epoch 00004: mean_squared_error improved from 0.00000 to 0.00000, saving model to /gpfswork/rech/ynx/uds36vp/repos/wf-SEDs/projected_learning/wf-outputs/chkp/8_bins/chkp_callback_poly_9_cycles_256_proj_d2_4_cycle8
63/63 - 74s - loss: 9.6005e-07 - mean_squared_error: 1.3758e-06 - val_loss: 1.1940e-08 - val_mean_squared_error: 1.1940e-08 - 74s/epoch - 1s/step
Epoch 5/13

Epoch 00005: mean_squared_error did not improve from 0.00000
63/63 - 72s - loss: 9.6018e-07 - mean_squared_error: 1.3759e-06 - val_loss: 1.1989e-08 - val_mean_squared_error: 1.1989e-08 - 72s/epoch - 1s/step
Epoch 6/13

Epoch 00006: mean_squared_error did not improve from 0.00000
63/63 - 73s - loss: 9.6009e-07 - mean_squared_error: 1.3758e-06 - val_loss: 1.1897e-08 - val_mean_squared_error: 1.1897e-08 - 73s/epoch - 1s/step
Epoch 7/13

Epoch 00007: mean_squared_error improved from 0.00000 to 0.00000, saving model to /gpfswork/rech/ynx/uds36vp/repos/wf-SEDs/projected_learning/wf-outputs/chkp/8_bins/chkp_callback_poly_9_cycles_256_proj_d2_4_cycle8
63/63 - 72s - loss: 9.5996e-07 - mean_squared_error: 1.3756e-06 - val_loss: 1.1678e-08 - val_mean_squared_error: 1.1678e-08 - 72s/epoch - 1s/step
Epoch 8/13

Epoch 00008: mean_squared_error improved from 0.00000 to 0.00000, saving model to /gpfswork/rech/ynx/uds36vp/repos/wf-SEDs/projected_learning/wf-outputs/chkp/8_bins/chkp_callback_poly_9_cycles_256_proj_d2_4_cycle8
63/63 - 72s - loss: 9.5980e-07 - mean_squared_error: 1.3756e-06 - val_loss: 1.2056e-08 - val_mean_squared_error: 1.2056e-08 - 72s/epoch - 1s/step
Epoch 9/13

Epoch 00009: mean_squared_error improved from 0.00000 to 0.00000, saving model to /gpfswork/rech/ynx/uds36vp/repos/wf-SEDs/projected_learning/wf-outputs/chkp/8_bins/chkp_callback_poly_9_cycles_256_proj_d2_4_cycle8
63/63 - 72s - loss: 9.5977e-07 - mean_squared_error: 1.3755e-06 - val_loss: 1.1654e-08 - val_mean_squared_error: 1.1654e-08 - 72s/epoch - 1s/step
Epoch 10/13

Epoch 00010: mean_squared_error did not improve from 0.00000
63/63 - 73s - loss: 9.5993e-07 - mean_squared_error: 1.3755e-06 - val_loss: 1.1558e-08 - val_mean_squared_error: 1.1558e-08 - 73s/epoch - 1s/step
Epoch 11/13

Epoch 00011: mean_squared_error improved from 0.00000 to 0.00000, saving model to /gpfswork/rech/ynx/uds36vp/repos/wf-SEDs/projected_learning/wf-outputs/chkp/8_bins/chkp_callback_poly_9_cycles_256_proj_d2_4_cycle8
63/63 - 74s - loss: 9.5959e-07 - mean_squared_error: 1.3754e-06 - val_loss: 1.1450e-08 - val_mean_squared_error: 1.1450e-08 - 74s/epoch - 1s/step
Epoch 12/13

Epoch 00012: mean_squared_error improved from 0.00000 to 0.00000, saving model to /gpfswork/rech/ynx/uds36vp/repos/wf-SEDs/projected_learning/wf-outputs/chkp/8_bins/chkp_callback_poly_9_cycles_256_proj_d2_4_cycle8
63/63 - 72s - loss: 9.5967e-07 - mean_squared_error: 1.3753e-06 - val_loss: 1.1306e-08 - val_mean_squared_error: 1.1306e-08 - 72s/epoch - 1s/step
Epoch 13/13

Epoch 00013: mean_squared_error improved from 0.00000 to 0.00000, saving model to /gpfswork/rech/ynx/uds36vp/repos/wf-SEDs/projected_learning/wf-outputs/chkp/8_bins/chkp_callback_poly_9_cycles_256_proj_d2_4_cycle8
63/63 - 73s - loss: 9.5951e-07 - mean_squared_error: 1.3752e-06 - val_loss: 1.2217e-08 - val_mean_squared_error: 1.2217e-08 - 73s/epoch - 1s/step
Cycle8 elapsed time: 1233.66952419281
Project non-param DD features onto param model: done!
Starting cycle 9..
Starting parametric update..
Epoch 1/10

Epoch 00001: mean_squared_error improved from inf to 0.00000, saving model to /gpfswork/rech/ynx/uds36vp/repos/wf-SEDs/projected_learning/wf-outputs/chkp/8_bins/chkp_callback_poly_9_cycles_256_proj_d2_4_cycle9
63/63 - 76s - loss: 9.6008e-07 - mean_squared_error: 1.3758e-06 - val_loss: 1.1929e-08 - val_mean_squared_error: 1.1929e-08 - 76s/epoch - 1s/step
Epoch 2/10

Epoch 00002: mean_squared_error did not improve from 0.00000
63/63 - 72s - loss: 9.6165e-07 - mean_squared_error: 1.3770e-06 - val_loss: 1.4060e-08 - val_mean_squared_error: 1.4060e-08 - 72s/epoch - 1s/step
Epoch 3/10

Epoch 00003: mean_squared_error did not improve from 0.00000
63/63 - 73s - loss: 9.6393e-07 - mean_squared_error: 1.3791e-06 - val_loss: 1.8311e-08 - val_mean_squared_error: 1.8311e-08 - 73s/epoch - 1s/step
Epoch 4/10

Epoch 00004: mean_squared_error did not improve from 0.00000
63/63 - 72s - loss: 9.6273e-07 - mean_squared_error: 1.3783e-06 - val_loss: 1.6971e-08 - val_mean_squared_error: 1.6971e-08 - 72s/epoch - 1s/step
Epoch 5/10

Epoch 00005: mean_squared_error did not improve from 0.00000
63/63 - 73s - loss: 9.6494e-07 - mean_squared_error: 1.3800e-06 - val_loss: 1.6444e-08 - val_mean_squared_error: 1.6444e-08 - 73s/epoch - 1s/step
Epoch 6/10

Epoch 00006: mean_squared_error did not improve from 0.00000
63/63 - 73s - loss: 9.6642e-07 - mean_squared_error: 1.3809e-06 - val_loss: 2.1645e-08 - val_mean_squared_error: 2.1645e-08 - 73s/epoch - 1s/step
Epoch 7/10

Epoch 00007: mean_squared_error did not improve from 0.00000
63/63 - 73s - loss: 9.6921e-07 - mean_squared_error: 1.3836e-06 - val_loss: 2.5423e-08 - val_mean_squared_error: 2.5423e-08 - 73s/epoch - 1s/step
Epoch 8/10

Epoch 00008: mean_squared_error did not improve from 0.00000
63/63 - 73s - loss: 9.7826e-07 - mean_squared_error: 1.3913e-06 - val_loss: 1.7190e-08 - val_mean_squared_error: 1.7190e-08 - 73s/epoch - 1s/step
Epoch 9/10

Epoch 00009: mean_squared_error did not improve from 0.00000
63/63 - 74s - loss: 9.7048e-07 - mean_squared_error: 1.3845e-06 - val_loss: 3.5153e-08 - val_mean_squared_error: 3.5153e-08 - 74s/epoch - 1s/step
Epoch 10/10

Epoch 00010: mean_squared_error did not improve from 0.00000
63/63 - 73s - loss: 9.7507e-07 - mean_squared_error: 1.3888e-06 - val_loss: 1.7849e-08 - val_mean_squared_error: 1.7849e-08 - 73s/epoch - 1s/step
Starting non-parametric update..
Epoch 1/50

Epoch 00001: mean_squared_error did not improve from 0.00000
63/63 - 76s - loss: 9.6061e-07 - mean_squared_error: 1.3763e-06 - val_loss: 1.0972e-08 - val_mean_squared_error: 1.0972e-08 - 76s/epoch - 1s/step
Epoch 2/50

Epoch 00002: mean_squared_error improved from 0.00000 to 0.00000, saving model to /gpfswork/rech/ynx/uds36vp/repos/wf-SEDs/projected_learning/wf-outputs/chkp/8_bins/chkp_callback_poly_9_cycles_256_proj_d2_4_cycle9
63/63 - 73s - loss: 9.5857e-07 - mean_squared_error: 1.3745e-06 - val_loss: 1.0819e-08 - val_mean_squared_error: 1.0819e-08 - 73s/epoch - 1s/step
Epoch 3/50

Epoch 00003: mean_squared_error improved from 0.00000 to 0.00000, saving model to /gpfswork/rech/ynx/uds36vp/repos/wf-SEDs/projected_learning/wf-outputs/chkp/8_bins/chkp_callback_poly_9_cycles_256_proj_d2_4_cycle9
63/63 - 74s - loss: 9.5853e-07 - mean_squared_error: 1.3745e-06 - val_loss: 1.0786e-08 - val_mean_squared_error: 1.0786e-08 - 74s/epoch - 1s/step
Epoch 4/50

Epoch 00004: mean_squared_error did not improve from 0.00000
63/63 - 74s - loss: 9.5862e-07 - mean_squared_error: 1.3745e-06 - val_loss: 1.1179e-08 - val_mean_squared_error: 1.1179e-08 - 74s/epoch - 1s/step
Epoch 5/50

Epoch 00005: mean_squared_error did not improve from 0.00000
63/63 - 74s - loss: 9.5864e-07 - mean_squared_error: 1.3745e-06 - val_loss: 1.0849e-08 - val_mean_squared_error: 1.0849e-08 - 74s/epoch - 1s/step
Epoch 6/50

Epoch 00006: mean_squared_error did not improve from 0.00000
63/63 - 73s - loss: 9.5871e-07 - mean_squared_error: 1.3745e-06 - val_loss: 1.0743e-08 - val_mean_squared_error: 1.0743e-08 - 73s/epoch - 1s/step
Epoch 7/50

Epoch 00007: mean_squared_error improved from 0.00000 to 0.00000, saving model to /gpfswork/rech/ynx/uds36vp/repos/wf-SEDs/projected_learning/wf-outputs/chkp/8_bins/chkp_callback_poly_9_cycles_256_proj_d2_4_cycle9
63/63 - 73s - loss: 9.5860e-07 - mean_squared_error: 1.3745e-06 - val_loss: 1.0717e-08 - val_mean_squared_error: 1.0717e-08 - 73s/epoch - 1s/step
Epoch 8/50

Epoch 00008: mean_squared_error improved from 0.00000 to 0.00000, saving model to /gpfswork/rech/ynx/uds36vp/repos/wf-SEDs/projected_learning/wf-outputs/chkp/8_bins/chkp_callback_poly_9_cycles_256_proj_d2_4_cycle9
63/63 - 74s - loss: 9.5851e-07 - mean_squared_error: 1.3744e-06 - val_loss: 1.0710e-08 - val_mean_squared_error: 1.0710e-08 - 74s/epoch - 1s/step
Epoch 9/50

Epoch 00009: mean_squared_error improved from 0.00000 to 0.00000, saving model to /gpfswork/rech/ynx/uds36vp/repos/wf-SEDs/projected_learning/wf-outputs/chkp/8_bins/chkp_callback_poly_9_cycles_256_proj_d2_4_cycle9
63/63 - 74s - loss: 9.5838e-07 - mean_squared_error: 1.3742e-06 - val_loss: 1.0552e-08 - val_mean_squared_error: 1.0552e-08 - 74s/epoch - 1s/step
Epoch 10/50

Epoch 00010: mean_squared_error did not improve from 0.00000
63/63 - 73s - loss: 9.5876e-07 - mean_squared_error: 1.3744e-06 - val_loss: 1.0701e-08 - val_mean_squared_error: 1.0701e-08 - 73s/epoch - 1s/step
Epoch 11/50

Epoch 00011: mean_squared_error did not improve from 0.00000
63/63 - 73s - loss: 9.5860e-07 - mean_squared_error: 1.3743e-06 - val_loss: 1.0542e-08 - val_mean_squared_error: 1.0542e-08 - 73s/epoch - 1s/step
Epoch 12/50

Epoch 00012: mean_squared_error did not improve from 0.00000
63/63 - 73s - loss: 9.5859e-07 - mean_squared_error: 1.3743e-06 - val_loss: 1.1417e-08 - val_mean_squared_error: 1.1417e-08 - 73s/epoch - 1s/step
Epoch 13/50

Epoch 00013: mean_squared_error did not improve from 0.00000
63/63 - 74s - loss: 9.6192e-07 - mean_squared_error: 1.3766e-06 - val_loss: 1.0419e-08 - val_mean_squared_error: 1.0419e-08 - 74s/epoch - 1s/step
Epoch 14/50

Epoch 00014: mean_squared_error improved from 0.00000 to 0.00000, saving model to /gpfswork/rech/ynx/uds36vp/repos/wf-SEDs/projected_learning/wf-outputs/chkp/8_bins/chkp_callback_poly_9_cycles_256_proj_d2_4_cycle9
63/63 - 74s - loss: 9.5823e-07 - mean_squared_error: 1.3740e-06 - val_loss: 1.0057e-08 - val_mean_squared_error: 1.0057e-08 - 74s/epoch - 1s/step
Epoch 15/50

Epoch 00015: mean_squared_error improved from 0.00000 to 0.00000, saving model to /gpfswork/rech/ynx/uds36vp/repos/wf-SEDs/projected_learning/wf-outputs/chkp/8_bins/chkp_callback_poly_9_cycles_256_proj_d2_4_cycle9
63/63 - 73s - loss: 9.5806e-07 - mean_squared_error: 1.3739e-06 - val_loss: 1.0041e-08 - val_mean_squared_error: 1.0041e-08 - 73s/epoch - 1s/step
Epoch 16/50

Epoch 00016: mean_squared_error improved from 0.00000 to 0.00000, saving model to /gpfswork/rech/ynx/uds36vp/repos/wf-SEDs/projected_learning/wf-outputs/chkp/8_bins/chkp_callback_poly_9_cycles_256_proj_d2_4_cycle9
63/63 - 75s - loss: 9.5799e-07 - mean_squared_error: 1.3738e-06 - val_loss: 9.9795e-09 - val_mean_squared_error: 9.9795e-09 - 75s/epoch - 1s/step
Epoch 17/50

Epoch 00017: mean_squared_error did not improve from 0.00000
63/63 - 73s - loss: 9.5811e-07 - mean_squared_error: 1.3738e-06 - val_loss: 1.0909e-08 - val_mean_squared_error: 1.0909e-08 - 73s/epoch - 1s/step
Epoch 18/50

Epoch 00018: mean_squared_error improved from 0.00000 to 0.00000, saving model to /gpfswork/rech/ynx/uds36vp/repos/wf-SEDs/projected_learning/wf-outputs/chkp/8_bins/chkp_callback_poly_9_cycles_256_proj_d2_4_cycle9
63/63 - 75s - loss: 9.5815e-07 - mean_squared_error: 1.3738e-06 - val_loss: 9.8755e-09 - val_mean_squared_error: 9.8755e-09 - 75s/epoch - 1s/step
Epoch 19/50

Epoch 00019: mean_squared_error did not improve from 0.00000
63/63 - 73s - loss: 9.5817e-07 - mean_squared_error: 1.3740e-06 - val_loss: 1.0764e-08 - val_mean_squared_error: 1.0764e-08 - 73s/epoch - 1s/step
Epoch 20/50

Epoch 00020: mean_squared_error did not improve from 0.00000
63/63 - 74s - loss: 9.5885e-07 - mean_squared_error: 1.3743e-06 - val_loss: 1.1449e-08 - val_mean_squared_error: 1.1449e-08 - 74s/epoch - 1s/step
Epoch 21/50

Epoch 00021: mean_squared_error did not improve from 0.00000
63/63 - 75s - loss: 9.5873e-07 - mean_squared_error: 1.3741e-06 - val_loss: 1.0800e-08 - val_mean_squared_error: 1.0800e-08 - 75s/epoch - 1s/step
Epoch 22/50

Epoch 00022: mean_squared_error did not improve from 0.00000
63/63 - 73s - loss: 9.5871e-07 - mean_squared_error: 1.3742e-06 - val_loss: 1.1620e-08 - val_mean_squared_error: 1.1620e-08 - 73s/epoch - 1s/step
Epoch 23/50

Epoch 00023: mean_squared_error did not improve from 0.00000
63/63 - 73s - loss: 9.5959e-07 - mean_squared_error: 1.3748e-06 - val_loss: 1.1388e-08 - val_mean_squared_error: 1.1388e-08 - 73s/epoch - 1s/step
Epoch 24/50

Epoch 00024: mean_squared_error did not improve from 0.00000
63/63 - 73s - loss: 9.5860e-07 - mean_squared_error: 1.3740e-06 - val_loss: 9.6937e-09 - val_mean_squared_error: 9.6937e-09 - 73s/epoch - 1s/step
Epoch 25/50

Epoch 00025: mean_squared_error improved from 0.00000 to 0.00000, saving model to /gpfswork/rech/ynx/uds36vp/repos/wf-SEDs/projected_learning/wf-outputs/chkp/8_bins/chkp_callback_poly_9_cycles_256_proj_d2_4_cycle9
63/63 - 73s - loss: 9.5767e-07 - mean_squared_error: 1.3734e-06 - val_loss: 9.5230e-09 - val_mean_squared_error: 9.5230e-09 - 73s/epoch - 1s/step
Epoch 26/50

Epoch 00026: mean_squared_error did not improve from 0.00000
63/63 - 74s - loss: 9.5822e-07 - mean_squared_error: 1.3738e-06 - val_loss: 1.1151e-08 - val_mean_squared_error: 1.1151e-08 - 74s/epoch - 1s/step
Epoch 27/50

Epoch 00027: mean_squared_error did not improve from 0.00000
63/63 - 74s - loss: 9.5849e-07 - mean_squared_error: 1.3740e-06 - val_loss: 9.3837e-09 - val_mean_squared_error: 9.3837e-09 - 74s/epoch - 1s/step
Epoch 28/50

Epoch 00028: mean_squared_error improved from 0.00000 to 0.00000, saving model to /gpfswork/rech/ynx/uds36vp/repos/wf-SEDs/projected_learning/wf-outputs/chkp/8_bins/chkp_callback_poly_9_cycles_256_proj_d2_4_cycle9
63/63 - 73s - loss: 9.5727e-07 - mean_squared_error: 1.3731e-06 - val_loss: 9.4104e-09 - val_mean_squared_error: 9.4104e-09 - 73s/epoch - 1s/step
Epoch 29/50

Epoch 00029: mean_squared_error improved from 0.00000 to 0.00000, saving model to /gpfswork/rech/ynx/uds36vp/repos/wf-SEDs/projected_learning/wf-outputs/chkp/8_bins/chkp_callback_poly_9_cycles_256_proj_d2_4_cycle9
63/63 - 74s - loss: 9.5739e-07 - mean_squared_error: 1.3731e-06 - val_loss: 9.2964e-09 - val_mean_squared_error: 9.2964e-09 - 74s/epoch - 1s/step
Epoch 30/50

Epoch 00030: mean_squared_error improved from 0.00000 to 0.00000, saving model to /gpfswork/rech/ynx/uds36vp/repos/wf-SEDs/projected_learning/wf-outputs/chkp/8_bins/chkp_callback_poly_9_cycles_256_proj_d2_4_cycle9
63/63 - 73s - loss: 9.5688e-07 - mean_squared_error: 1.3727e-06 - val_loss: 9.9216e-09 - val_mean_squared_error: 9.9216e-09 - 73s/epoch - 1s/step
Epoch 31/50

Epoch 00031: mean_squared_error did not improve from 0.00000
63/63 - 74s - loss: 9.5763e-07 - mean_squared_error: 1.3732e-06 - val_loss: 9.2444e-09 - val_mean_squared_error: 9.2444e-09 - 74s/epoch - 1s/step
Epoch 32/50

Epoch 00032: mean_squared_error did not improve from 0.00000
63/63 - 73s - loss: 9.5755e-07 - mean_squared_error: 1.3731e-06 - val_loss: 9.9711e-09 - val_mean_squared_error: 9.9711e-09 - 73s/epoch - 1s/step
Epoch 33/50

Epoch 00033: mean_squared_error did not improve from 0.00000
63/63 - 74s - loss: 9.5847e-07 - mean_squared_error: 1.3738e-06 - val_loss: 9.3256e-09 - val_mean_squared_error: 9.3256e-09 - 74s/epoch - 1s/step
Epoch 34/50

Epoch 00034: mean_squared_error did not improve from 0.00000
63/63 - 74s - loss: 9.5838e-07 - mean_squared_error: 1.3735e-06 - val_loss: 9.9706e-09 - val_mean_squared_error: 9.9706e-09 - 74s/epoch - 1s/step
Epoch 35/50

Epoch 00035: mean_squared_error did not improve from 0.00000
63/63 - 73s - loss: 9.5888e-07 - mean_squared_error: 1.3740e-06 - val_loss: 1.0287e-08 - val_mean_squared_error: 1.0287e-08 - 73s/epoch - 1s/step
Epoch 36/50

Epoch 00036: mean_squared_error did not improve from 0.00000
63/63 - 73s - loss: 9.5805e-07 - mean_squared_error: 1.3735e-06 - val_loss: 1.2993e-08 - val_mean_squared_error: 1.2993e-08 - 73s/epoch - 1s/step
Epoch 37/50

Epoch 00037: mean_squared_error did not improve from 0.00000
63/63 - 74s - loss: 9.5868e-07 - mean_squared_error: 1.3739e-06 - val_loss: 9.7087e-09 - val_mean_squared_error: 9.7087e-09 - 74s/epoch - 1s/step
Epoch 38/50

Epoch 00038: mean_squared_error did not improve from 0.00000
63/63 - 73s - loss: 9.5980e-07 - mean_squared_error: 1.3748e-06 - val_loss: 1.0412e-08 - val_mean_squared_error: 1.0412e-08 - 73s/epoch - 1s/step
Epoch 39/50

Epoch 00039: mean_squared_error did not improve from 0.00000
63/63 - 74s - loss: 9.6105e-07 - mean_squared_error: 1.3754e-06 - val_loss: 1.0252e-08 - val_mean_squared_error: 1.0252e-08 - 74s/epoch - 1s/step
Epoch 40/50

Epoch 00040: mean_squared_error improved from 0.00000 to 0.00000, saving model to /gpfswork/rech/ynx/uds36vp/repos/wf-SEDs/projected_learning/wf-outputs/chkp/8_bins/chkp_callback_poly_9_cycles_256_proj_d2_4_cycle9
63/63 - 74s - loss: 9.5665e-07 - mean_squared_error: 1.3724e-06 - val_loss: 9.1085e-09 - val_mean_squared_error: 9.1085e-09 - 74s/epoch - 1s/step
Epoch 41/50

Epoch 00041: mean_squared_error did not improve from 0.00000
63/63 - 73s - loss: 9.5692e-07 - mean_squared_error: 1.3726e-06 - val_loss: 1.0510e-08 - val_mean_squared_error: 1.0510e-08 - 73s/epoch - 1s/step
Epoch 42/50

Epoch 00042: mean_squared_error improved from 0.00000 to 0.00000, saving model to /gpfswork/rech/ynx/uds36vp/repos/wf-SEDs/projected_learning/wf-outputs/chkp/8_bins/chkp_callback_poly_9_cycles_256_proj_d2_4_cycle9
63/63 - 74s - loss: 9.5655e-07 - mean_squared_error: 1.3724e-06 - val_loss: 8.7067e-09 - val_mean_squared_error: 8.7067e-09 - 74s/epoch - 1s/step
Epoch 43/50

Epoch 00043: mean_squared_error improved from 0.00000 to 0.00000, saving model to /gpfswork/rech/ynx/uds36vp/repos/wf-SEDs/projected_learning/wf-outputs/chkp/8_bins/chkp_callback_poly_9_cycles_256_proj_d2_4_cycle9
63/63 - 74s - loss: 9.5614e-07 - mean_squared_error: 1.3719e-06 - val_loss: 8.6713e-09 - val_mean_squared_error: 8.6713e-09 - 74s/epoch - 1s/step
Epoch 44/50

Epoch 00044: mean_squared_error did not improve from 0.00000
63/63 - 73s - loss: 9.5635e-07 - mean_squared_error: 1.3722e-06 - val_loss: 8.7761e-09 - val_mean_squared_error: 8.7761e-09 - 73s/epoch - 1s/step
Epoch 45/50

Epoch 00045: mean_squared_error did not improve from 0.00000
63/63 - 74s - loss: 9.5796e-07 - mean_squared_error: 1.3734e-06 - val_loss: 1.0206e-08 - val_mean_squared_error: 1.0206e-08 - 74s/epoch - 1s/step
Epoch 46/50

Epoch 00046: mean_squared_error did not improve from 0.00000
63/63 - 73s - loss: 9.5612e-07 - mean_squared_error: 1.3720e-06 - val_loss: 8.9195e-09 - val_mean_squared_error: 8.9195e-09 - 73s/epoch - 1s/step
Epoch 47/50

Epoch 00047: mean_squared_error did not improve from 0.00000
63/63 - 73s - loss: 9.5673e-07 - mean_squared_error: 1.3724e-06 - val_loss: 8.8290e-09 - val_mean_squared_error: 8.8290e-09 - 73s/epoch - 1s/step
Epoch 48/50

Epoch 00048: mean_squared_error did not improve from 0.00000
63/63 - 75s - loss: 9.5748e-07 - mean_squared_error: 1.3728e-06 - val_loss: 1.0048e-08 - val_mean_squared_error: 1.0048e-08 - 75s/epoch - 1s/step
Epoch 49/50

Epoch 00049: mean_squared_error did not improve from 0.00000
63/63 - 75s - loss: 9.5761e-07 - mean_squared_error: 1.3730e-06 - val_loss: 1.0950e-08 - val_mean_squared_error: 1.0950e-08 - 75s/epoch - 1s/step
Epoch 50/50

Epoch 00050: mean_squared_error did not improve from 0.00000
63/63 - 74s - loss: 9.5636e-07 - mean_squared_error: 1.3722e-06 - val_loss: 8.5014e-09 - val_mean_squared_error: 8.5014e-09 - 74s/epoch - 1s/step
Cycle9 elapsed time: 4424.4167737960815

Total elapsed time: 14404.386130

 Good bye..
