Starting the log file.
Found GPU at: /device:GPU:0
tf_version: 2.7.0
Dataset parameters:
{'d_max': 2, 'max_order': 45, 'x_lims': [0, 1000.0], 'y_lims': [0, 1000.0], 'grid_points': [4, 4], 'n_bins': 350, 'max_wfe_rms': 0.1, 'oversampling_rate': 3.0, 'output_Q': 3.0, 'output_dim': 32, 'LP_filter_length': 2, 'pupil_diameter': 256, 'euclid_obsc': True, 'n_stars': 2000}

***
Metric evaluation on the test dataset
***

Absolute RMSE:	 1.2084e-04 	 +/- 2.6950e-05
Relative RMSE:	 1.6306e+00 % 	 +/- 4.5962e-01 %
Absolute RMSE:	 1.0455e-01 	 +/- 1.6843e-02
Relative RMSE:	 1.3346e+02 % 	 +/- 8.8118e+00 %

Pixel star absolute RMSE:	 3.4477e-05 	 +/- 6.8064e-06 
Pixel star relative RMSE:	 2.2884e+00 % 	 +/- 6.2622e-01 %

sigma(e1) RMSE =		 5.6449e-03 	 +/- 5.6295e-03 
sigma(e2) RMSE =		 1.6115e-03 	 +/- 1.6096e-03 
sigma(R2)/<R2> =		 2.1786e-02 	 +/- 1.1043e-02 

Relative sigma(e1) RMSE =	 1.9378e+02 % 	 +/- 1.9311e+02 %
Relative sigma(e2) RMSE =	 5.3179e+02 % 	 +/- 5.3116e+02 %

Total number of stars: 		400
Problematic number of stars: 	1

***
Metric evaluation on the train dataset
***

Absolute RMSE:	 1.2229e-04 	 +/- 2.7856e-05
Relative RMSE:	 1.6574e+00 % 	 +/- 5.1402e-01 %
Absolute RMSE:	 1.0456e-01 	 +/- 1.7067e-02
Relative RMSE:	 1.3385e+02 % 	 +/- 9.3510e+00 %

Pixel star absolute RMSE:	 3.4512e-05 	 +/- 7.0293e-06 
Pixel star relative RMSE:	 2.2957e+00 % 	 +/- 7.0211e-01 %

sigma(e1) RMSE =		 5.4551e-03 	 +/- 5.4500e-03 
sigma(e2) RMSE =		 1.6634e-03 	 +/- 1.6628e-03 
sigma(R2)/<R2> =		 2.8359e-02 	 +/- 1.2781e-02 

Relative sigma(e1) RMSE =	 8.0156e+02 % 	 +/- 8.0091e+02 %
Relative sigma(e2) RMSE =	 8.9881e+02 % 	 +/- 8.9878e+02 %

Total number of stars: 		2000
Problematic number of stars: 	0

Total elapsed time: 1860.367007

 Good bye..
