Starting the log file.
Found GPU at: /device:GPU:0
tf_version: 2.7.0
Zernike cube:
(15, 256, 256)
Dataset parameters:
{'d_max': 2, 'max_order': 45, 'x_lims': [0, 1000.0], 'y_lims': [0, 1000.0], 'grid_points': [4, 4], 'n_bins': 350, 'max_wfe_rms': 0.1, 'oversampling_rate': 3.0, 'output_Q': 3.0, 'output_dim': 32, 'LP_filter_length': 2, 'pupil_diameter': 256, 'euclid_obsc': True, 'n_stars': 2000}
Starting cycle 1..
Starting parametric update..
Epoch 1/10

Epoch 00001: mean_squared_error improved from inf to 0.00001, saving model to /gpfswork/rech/ynx/uds36vp/repos/wf-SEDs/projected_learning/wf-outputs/chkp/8_bins/chkp_callback_poly_5_cycles_llr_256_no_proj_d2_cycle1
63/63 - 85s - loss: 8.9749e-06 - mean_squared_error: 8.4357e-06 - val_loss: 2.0070e-06 - val_mean_squared_error: 2.0070e-06 - 85s/epoch - 1s/step
Epoch 2/10

Epoch 00002: mean_squared_error improved from 0.00001 to 0.00000, saving model to /gpfswork/rech/ynx/uds36vp/repos/wf-SEDs/projected_learning/wf-outputs/chkp/8_bins/chkp_callback_poly_5_cycles_llr_256_no_proj_d2_cycle1
63/63 - 80s - loss: 2.5506e-06 - mean_squared_error: 2.7700e-06 - val_loss: 9.6731e-07 - val_mean_squared_error: 9.6731e-07 - 80s/epoch - 1s/step
Epoch 3/10

Epoch 00003: mean_squared_error improved from 0.00000 to 0.00000, saving model to /gpfswork/rech/ynx/uds36vp/repos/wf-SEDs/projected_learning/wf-outputs/chkp/8_bins/chkp_callback_poly_5_cycles_llr_256_no_proj_d2_cycle1
63/63 - 80s - loss: 2.0171e-06 - mean_squared_error: 2.2759e-06 - val_loss: 8.1191e-07 - val_mean_squared_error: 8.1191e-07 - 80s/epoch - 1s/step
Epoch 4/10

Epoch 00004: mean_squared_error improved from 0.00000 to 0.00000, saving model to /gpfswork/rech/ynx/uds36vp/repos/wf-SEDs/projected_learning/wf-outputs/chkp/8_bins/chkp_callback_poly_5_cycles_llr_256_no_proj_d2_cycle1
63/63 - 79s - loss: 1.8705e-06 - mean_squared_error: 2.1431e-06 - val_loss: 7.0301e-07 - val_mean_squared_error: 7.0301e-07 - 79s/epoch - 1s/step
Epoch 5/10

Epoch 00005: mean_squared_error improved from 0.00000 to 0.00000, saving model to /gpfswork/rech/ynx/uds36vp/repos/wf-SEDs/projected_learning/wf-outputs/chkp/8_bins/chkp_callback_poly_5_cycles_llr_256_no_proj_d2_cycle1
63/63 - 80s - loss: 1.8079e-06 - mean_squared_error: 2.0819e-06 - val_loss: 6.6055e-07 - val_mean_squared_error: 6.6055e-07 - 80s/epoch - 1s/step
Epoch 6/10

Epoch 00006: mean_squared_error did not improve from 0.00000
63/63 - 80s - loss: 1.8254e-06 - mean_squared_error: 2.0877e-06 - val_loss: 6.6625e-07 - val_mean_squared_error: 6.6625e-07 - 80s/epoch - 1s/step
Epoch 7/10

Epoch 00007: mean_squared_error improved from 0.00000 to 0.00000, saving model to /gpfswork/rech/ynx/uds36vp/repos/wf-SEDs/projected_learning/wf-outputs/chkp/8_bins/chkp_callback_poly_5_cycles_llr_256_no_proj_d2_cycle1
63/63 - 80s - loss: 1.8121e-06 - mean_squared_error: 2.0766e-06 - val_loss: 7.2212e-07 - val_mean_squared_error: 7.2212e-07 - 80s/epoch - 1s/step
Epoch 8/10

Epoch 00008: mean_squared_error improved from 0.00000 to 0.00000, saving model to /gpfswork/rech/ynx/uds36vp/repos/wf-SEDs/projected_learning/wf-outputs/chkp/8_bins/chkp_callback_poly_5_cycles_llr_256_no_proj_d2_cycle1
63/63 - 80s - loss: 1.7765e-06 - mean_squared_error: 2.0451e-06 - val_loss: 6.8416e-07 - val_mean_squared_error: 6.8416e-07 - 80s/epoch - 1s/step
Epoch 9/10

Epoch 00009: mean_squared_error did not improve from 0.00000
63/63 - 80s - loss: 1.8229e-06 - mean_squared_error: 2.0875e-06 - val_loss: 7.1437e-07 - val_mean_squared_error: 7.1437e-07 - 80s/epoch - 1s/step
Epoch 10/10

Epoch 00010: mean_squared_error did not improve from 0.00000
63/63 - 79s - loss: 1.8138e-06 - mean_squared_error: 2.0777e-06 - val_loss: 6.9111e-07 - val_mean_squared_error: 6.9111e-07 - 79s/epoch - 1s/step
Starting non-parametric update..
Epoch 1/25

Epoch 00001: mean_squared_error improved from 0.00000 to 0.00000, saving model to /gpfswork/rech/ynx/uds36vp/repos/wf-SEDs/projected_learning/wf-outputs/chkp/8_bins/chkp_callback_poly_5_cycles_llr_256_no_proj_d2_cycle1
63/63 - 78s - loss: 1.7602e-06 - mean_squared_error: 2.0324e-06 - val_loss: 5.9303e-07 - val_mean_squared_error: 5.9303e-07 - 78s/epoch - 1s/step
Epoch 2/25

Epoch 00002: mean_squared_error improved from 0.00000 to 0.00000, saving model to /gpfswork/rech/ynx/uds36vp/repos/wf-SEDs/projected_learning/wf-outputs/chkp/8_bins/chkp_callback_poly_5_cycles_llr_256_no_proj_d2_cycle1
63/63 - 74s - loss: 1.5968e-06 - mean_squared_error: 1.9162e-06 - val_loss: 4.7735e-07 - val_mean_squared_error: 4.7735e-07 - 74s/epoch - 1s/step
Epoch 3/25

Epoch 00003: mean_squared_error improved from 0.00000 to 0.00000, saving model to /gpfswork/rech/ynx/uds36vp/repos/wf-SEDs/projected_learning/wf-outputs/chkp/8_bins/chkp_callback_poly_5_cycles_llr_256_no_proj_d2_cycle1
63/63 - 77s - loss: 1.4579e-06 - mean_squared_error: 1.8021e-06 - val_loss: 3.9477e-07 - val_mean_squared_error: 3.9477e-07 - 77s/epoch - 1s/step
Epoch 4/25

Epoch 00004: mean_squared_error improved from 0.00000 to 0.00000, saving model to /gpfswork/rech/ynx/uds36vp/repos/wf-SEDs/projected_learning/wf-outputs/chkp/8_bins/chkp_callback_poly_5_cycles_llr_256_no_proj_d2_cycle1
63/63 - 74s - loss: 1.3709e-06 - mean_squared_error: 1.7326e-06 - val_loss: 3.3826e-07 - val_mean_squared_error: 3.3826e-07 - 74s/epoch - 1s/step
Epoch 5/25

Epoch 00005: mean_squared_error improved from 0.00000 to 0.00000, saving model to /gpfswork/rech/ynx/uds36vp/repos/wf-SEDs/projected_learning/wf-outputs/chkp/8_bins/chkp_callback_poly_5_cycles_llr_256_no_proj_d2_cycle1
63/63 - 74s - loss: 1.3066e-06 - mean_squared_error: 1.6790e-06 - val_loss: 2.8920e-07 - val_mean_squared_error: 2.8920e-07 - 74s/epoch - 1s/step
Epoch 6/25

Epoch 00006: mean_squared_error improved from 0.00000 to 0.00000, saving model to /gpfswork/rech/ynx/uds36vp/repos/wf-SEDs/projected_learning/wf-outputs/chkp/8_bins/chkp_callback_poly_5_cycles_llr_256_no_proj_d2_cycle1
63/63 - 74s - loss: 1.2559e-06 - mean_squared_error: 1.6345e-06 - val_loss: 2.5126e-07 - val_mean_squared_error: 2.5126e-07 - 74s/epoch - 1s/step
Epoch 7/25

Epoch 00007: mean_squared_error improved from 0.00000 to 0.00000, saving model to /gpfswork/rech/ynx/uds36vp/repos/wf-SEDs/projected_learning/wf-outputs/chkp/8_bins/chkp_callback_poly_5_cycles_llr_256_no_proj_d2_cycle1
63/63 - 73s - loss: 1.2141e-06 - mean_squared_error: 1.5977e-06 - val_loss: 2.1656e-07 - val_mean_squared_error: 2.1656e-07 - 73s/epoch - 1s/step
Epoch 8/25

Epoch 00008: mean_squared_error improved from 0.00000 to 0.00000, saving model to /gpfswork/rech/ynx/uds36vp/repos/wf-SEDs/projected_learning/wf-outputs/chkp/8_bins/chkp_callback_poly_5_cycles_llr_256_no_proj_d2_cycle1
63/63 - 74s - loss: 1.1775e-06 - mean_squared_error: 1.5649e-06 - val_loss: 1.8687e-07 - val_mean_squared_error: 1.8687e-07 - 74s/epoch - 1s/step
Epoch 9/25

Epoch 00009: mean_squared_error improved from 0.00000 to 0.00000, saving model to /gpfswork/rech/ynx/uds36vp/repos/wf-SEDs/projected_learning/wf-outputs/chkp/8_bins/chkp_callback_poly_5_cycles_llr_256_no_proj_d2_cycle1
63/63 - 73s - loss: 1.1473e-06 - mean_squared_error: 1.5384e-06 - val_loss: 1.6044e-07 - val_mean_squared_error: 1.6044e-07 - 73s/epoch - 1s/step
Epoch 10/25

Epoch 00010: mean_squared_error improved from 0.00000 to 0.00000, saving model to /gpfswork/rech/ynx/uds36vp/repos/wf-SEDs/projected_learning/wf-outputs/chkp/8_bins/chkp_callback_poly_5_cycles_llr_256_no_proj_d2_cycle1
63/63 - 74s - loss: 1.1220e-06 - mean_squared_error: 1.5149e-06 - val_loss: 1.3980e-07 - val_mean_squared_error: 1.3980e-07 - 74s/epoch - 1s/step
Epoch 11/25

Epoch 00011: mean_squared_error improved from 0.00000 to 0.00000, saving model to /gpfswork/rech/ynx/uds36vp/repos/wf-SEDs/projected_learning/wf-outputs/chkp/8_bins/chkp_callback_poly_5_cycles_llr_256_no_proj_d2_cycle1
63/63 - 73s - loss: 1.1000e-06 - mean_squared_error: 1.4964e-06 - val_loss: 1.2323e-07 - val_mean_squared_error: 1.2323e-07 - 73s/epoch - 1s/step
Epoch 12/25

Epoch 00012: mean_squared_error improved from 0.00000 to 0.00000, saving model to /gpfswork/rech/ynx/uds36vp/repos/wf-SEDs/projected_learning/wf-outputs/chkp/8_bins/chkp_callback_poly_5_cycles_llr_256_no_proj_d2_cycle1
63/63 - 73s - loss: 1.0835e-06 - mean_squared_error: 1.4816e-06 - val_loss: 1.0775e-07 - val_mean_squared_error: 1.0775e-07 - 73s/epoch - 1s/step
Epoch 13/25

Epoch 00013: mean_squared_error improved from 0.00000 to 0.00000, saving model to /gpfswork/rech/ynx/uds36vp/repos/wf-SEDs/projected_learning/wf-outputs/chkp/8_bins/chkp_callback_poly_5_cycles_llr_256_no_proj_d2_cycle1
63/63 - 74s - loss: 1.0678e-06 - mean_squared_error: 1.4681e-06 - val_loss: 9.8286e-08 - val_mean_squared_error: 9.8286e-08 - 74s/epoch - 1s/step
Epoch 14/25

Epoch 00014: mean_squared_error improved from 0.00000 to 0.00000, saving model to /gpfswork/rech/ynx/uds36vp/repos/wf-SEDs/projected_learning/wf-outputs/chkp/8_bins/chkp_callback_poly_5_cycles_llr_256_no_proj_d2_cycle1
63/63 - 74s - loss: 1.0557e-06 - mean_squared_error: 1.4575e-06 - val_loss: 8.7603e-08 - val_mean_squared_error: 8.7603e-08 - 74s/epoch - 1s/step
Epoch 15/25

Epoch 00015: mean_squared_error improved from 0.00000 to 0.00000, saving model to /gpfswork/rech/ynx/uds36vp/repos/wf-SEDs/projected_learning/wf-outputs/chkp/8_bins/chkp_callback_poly_5_cycles_llr_256_no_proj_d2_cycle1
63/63 - 74s - loss: 1.0448e-06 - mean_squared_error: 1.4483e-06 - val_loss: 7.8907e-08 - val_mean_squared_error: 7.8907e-08 - 74s/epoch - 1s/step
Epoch 16/25

Epoch 00016: mean_squared_error improved from 0.00000 to 0.00000, saving model to /gpfswork/rech/ynx/uds36vp/repos/wf-SEDs/projected_learning/wf-outputs/chkp/8_bins/chkp_callback_poly_5_cycles_llr_256_no_proj_d2_cycle1
63/63 - 74s - loss: 1.0358e-06 - mean_squared_error: 1.4406e-06 - val_loss: 7.1323e-08 - val_mean_squared_error: 7.1323e-08 - 74s/epoch - 1s/step
Epoch 17/25

Epoch 00017: mean_squared_error improved from 0.00000 to 0.00000, saving model to /gpfswork/rech/ynx/uds36vp/repos/wf-SEDs/projected_learning/wf-outputs/chkp/8_bins/chkp_callback_poly_5_cycles_llr_256_no_proj_d2_cycle1
63/63 - 73s - loss: 1.0283e-06 - mean_squared_error: 1.4342e-06 - val_loss: 6.6198e-08 - val_mean_squared_error: 6.6198e-08 - 73s/epoch - 1s/step
Epoch 18/25

Epoch 00018: mean_squared_error improved from 0.00000 to 0.00000, saving model to /gpfswork/rech/ynx/uds36vp/repos/wf-SEDs/projected_learning/wf-outputs/chkp/8_bins/chkp_callback_poly_5_cycles_llr_256_no_proj_d2_cycle1
63/63 - 74s - loss: 1.0218e-06 - mean_squared_error: 1.4288e-06 - val_loss: 5.9861e-08 - val_mean_squared_error: 5.9861e-08 - 74s/epoch - 1s/step
Epoch 19/25

Epoch 00019: mean_squared_error improved from 0.00000 to 0.00000, saving model to /gpfswork/rech/ynx/uds36vp/repos/wf-SEDs/projected_learning/wf-outputs/chkp/8_bins/chkp_callback_poly_5_cycles_llr_256_no_proj_d2_cycle1
63/63 - 75s - loss: 1.0161e-06 - mean_squared_error: 1.4235e-06 - val_loss: 5.5910e-08 - val_mean_squared_error: 5.5910e-08 - 75s/epoch - 1s/step
Epoch 20/25

Epoch 00020: mean_squared_error improved from 0.00000 to 0.00000, saving model to /gpfswork/rech/ynx/uds36vp/repos/wf-SEDs/projected_learning/wf-outputs/chkp/8_bins/chkp_callback_poly_5_cycles_llr_256_no_proj_d2_cycle1
63/63 - 74s - loss: 1.0113e-06 - mean_squared_error: 1.4196e-06 - val_loss: 5.1546e-08 - val_mean_squared_error: 5.1546e-08 - 74s/epoch - 1s/step
Epoch 21/25

Epoch 00021: mean_squared_error improved from 0.00000 to 0.00000, saving model to /gpfswork/rech/ynx/uds36vp/repos/wf-SEDs/projected_learning/wf-outputs/chkp/8_bins/chkp_callback_poly_5_cycles_llr_256_no_proj_d2_cycle1
63/63 - 74s - loss: 1.0079e-06 - mean_squared_error: 1.4167e-06 - val_loss: 4.9886e-08 - val_mean_squared_error: 4.9886e-08 - 74s/epoch - 1s/step
Epoch 22/25

Epoch 00022: mean_squared_error improved from 0.00000 to 0.00000, saving model to /gpfswork/rech/ynx/uds36vp/repos/wf-SEDs/projected_learning/wf-outputs/chkp/8_bins/chkp_callback_poly_5_cycles_llr_256_no_proj_d2_cycle1
63/63 - 74s - loss: 1.0042e-06 - mean_squared_error: 1.4136e-06 - val_loss: 4.6037e-08 - val_mean_squared_error: 4.6037e-08 - 74s/epoch - 1s/step
Epoch 23/25

Epoch 00023: mean_squared_error improved from 0.00000 to 0.00000, saving model to /gpfswork/rech/ynx/uds36vp/repos/wf-SEDs/projected_learning/wf-outputs/chkp/8_bins/chkp_callback_poly_5_cycles_llr_256_no_proj_d2_cycle1
63/63 - 75s - loss: 1.0005e-06 - mean_squared_error: 1.4103e-06 - val_loss: 4.3804e-08 - val_mean_squared_error: 4.3804e-08 - 75s/epoch - 1s/step
Epoch 24/25

Epoch 00024: mean_squared_error improved from 0.00000 to 0.00000, saving model to /gpfswork/rech/ynx/uds36vp/repos/wf-SEDs/projected_learning/wf-outputs/chkp/8_bins/chkp_callback_poly_5_cycles_llr_256_no_proj_d2_cycle1
63/63 - 72s - loss: 9.9737e-07 - mean_squared_error: 1.4078e-06 - val_loss: 4.0207e-08 - val_mean_squared_error: 4.0207e-08 - 72s/epoch - 1s/step
Epoch 25/25

Epoch 00025: mean_squared_error improved from 0.00000 to 0.00000, saving model to /gpfswork/rech/ynx/uds36vp/repos/wf-SEDs/projected_learning/wf-outputs/chkp/8_bins/chkp_callback_poly_5_cycles_llr_256_no_proj_d2_cycle1
63/63 - 72s - loss: 9.9406e-07 - mean_squared_error: 1.4050e-06 - val_loss: 3.8643e-08 - val_mean_squared_error: 3.8643e-08 - 72s/epoch - 1s/step
Cycle1 elapsed time: 2657.375647
Starting cycle 2..
Starting parametric update..
Epoch 1/5

Epoch 00001: mean_squared_error improved from inf to 0.00000, saving model to /gpfswork/rech/ynx/uds36vp/repos/wf-SEDs/projected_learning/wf-outputs/chkp/8_bins/chkp_callback_poly_5_cycles_llr_256_no_proj_d2_cycle2
63/63 - 76s - loss: 9.9636e-07 - mean_squared_error: 1.4073e-06 - val_loss: 4.5083e-08 - val_mean_squared_error: 4.5083e-08 - 76s/epoch - 1s/step
Epoch 2/5

Epoch 00002: mean_squared_error did not improve from 0.00000
63/63 - 75s - loss: 1.0109e-06 - mean_squared_error: 1.4194e-06 - val_loss: 4.5120e-08 - val_mean_squared_error: 4.5120e-08 - 75s/epoch - 1s/step
Epoch 3/5

Epoch 00003: mean_squared_error did not improve from 0.00000
63/63 - 73s - loss: 9.9990e-07 - mean_squared_error: 1.4103e-06 - val_loss: 4.4662e-08 - val_mean_squared_error: 4.4662e-08 - 73s/epoch - 1s/step
Epoch 4/5

Epoch 00004: mean_squared_error did not improve from 0.00000
63/63 - 74s - loss: 1.0118e-06 - mean_squared_error: 1.4203e-06 - val_loss: 5.4270e-08 - val_mean_squared_error: 5.4270e-08 - 74s/epoch - 1s/step
Epoch 5/5

Epoch 00005: mean_squared_error did not improve from 0.00000
63/63 - 73s - loss: 1.0173e-06 - mean_squared_error: 1.4258e-06 - val_loss: 6.9858e-08 - val_mean_squared_error: 6.9858e-08 - 73s/epoch - 1s/step
Starting non-parametric update..
Epoch 1/25

Epoch 00001: mean_squared_error did not improve from 0.00000
63/63 - 77s - loss: 1.0004e-06 - mean_squared_error: 1.4104e-06 - val_loss: 3.7838e-08 - val_mean_squared_error: 3.7838e-08 - 77s/epoch - 1s/step
Epoch 2/25

Epoch 00002: mean_squared_error improved from 0.00000 to 0.00000, saving model to /gpfswork/rech/ynx/uds36vp/repos/wf-SEDs/projected_learning/wf-outputs/chkp/8_bins/chkp_callback_poly_5_cycles_llr_256_no_proj_d2_cycle2
63/63 - 74s - loss: 9.9048e-07 - mean_squared_error: 1.4023e-06 - val_loss: 3.6597e-08 - val_mean_squared_error: 3.6597e-08 - 74s/epoch - 1s/step
Epoch 3/25

Epoch 00003: mean_squared_error improved from 0.00000 to 0.00000, saving model to /gpfswork/rech/ynx/uds36vp/repos/wf-SEDs/projected_learning/wf-outputs/chkp/8_bins/chkp_callback_poly_5_cycles_llr_256_no_proj_d2_cycle2
63/63 - 75s - loss: 9.8949e-07 - mean_squared_error: 1.4014e-06 - val_loss: 3.5988e-08 - val_mean_squared_error: 3.5988e-08 - 75s/epoch - 1s/step
Epoch 4/25

Epoch 00004: mean_squared_error improved from 0.00000 to 0.00000, saving model to /gpfswork/rech/ynx/uds36vp/repos/wf-SEDs/projected_learning/wf-outputs/chkp/8_bins/chkp_callback_poly_5_cycles_llr_256_no_proj_d2_cycle2
63/63 - 75s - loss: 9.8866e-07 - mean_squared_error: 1.4007e-06 - val_loss: 3.5206e-08 - val_mean_squared_error: 3.5206e-08 - 75s/epoch - 1s/step
Epoch 5/25

Epoch 00005: mean_squared_error improved from 0.00000 to 0.00000, saving model to /gpfswork/rech/ynx/uds36vp/repos/wf-SEDs/projected_learning/wf-outputs/chkp/8_bins/chkp_callback_poly_5_cycles_llr_256_no_proj_d2_cycle2
63/63 - 75s - loss: 9.8786e-07 - mean_squared_error: 1.4001e-06 - val_loss: 3.4787e-08 - val_mean_squared_error: 3.4787e-08 - 75s/epoch - 1s/step
Epoch 6/25

Epoch 00006: mean_squared_error improved from 0.00000 to 0.00000, saving model to /gpfswork/rech/ynx/uds36vp/repos/wf-SEDs/projected_learning/wf-outputs/chkp/8_bins/chkp_callback_poly_5_cycles_llr_256_no_proj_d2_cycle2
63/63 - 75s - loss: 9.8718e-07 - mean_squared_error: 1.3994e-06 - val_loss: 3.3649e-08 - val_mean_squared_error: 3.3649e-08 - 75s/epoch - 1s/step
Epoch 7/25

Epoch 00007: mean_squared_error improved from 0.00000 to 0.00000, saving model to /gpfswork/rech/ynx/uds36vp/repos/wf-SEDs/projected_learning/wf-outputs/chkp/8_bins/chkp_callback_poly_5_cycles_llr_256_no_proj_d2_cycle2
63/63 - 74s - loss: 9.8630e-07 - mean_squared_error: 1.3987e-06 - val_loss: 3.2940e-08 - val_mean_squared_error: 3.2940e-08 - 74s/epoch - 1s/step
Epoch 8/25

Epoch 00008: mean_squared_error improved from 0.00000 to 0.00000, saving model to /gpfswork/rech/ynx/uds36vp/repos/wf-SEDs/projected_learning/wf-outputs/chkp/8_bins/chkp_callback_poly_5_cycles_llr_256_no_proj_d2_cycle2
63/63 - 74s - loss: 9.8515e-07 - mean_squared_error: 1.3977e-06 - val_loss: 3.1899e-08 - val_mean_squared_error: 3.1899e-08 - 74s/epoch - 1s/step
Epoch 9/25

Epoch 00009: mean_squared_error improved from 0.00000 to 0.00000, saving model to /gpfswork/rech/ynx/uds36vp/repos/wf-SEDs/projected_learning/wf-outputs/chkp/8_bins/chkp_callback_poly_5_cycles_llr_256_no_proj_d2_cycle2
63/63 - 75s - loss: 9.8386e-07 - mean_squared_error: 1.3966e-06 - val_loss: 3.0759e-08 - val_mean_squared_error: 3.0759e-08 - 75s/epoch - 1s/step
Epoch 10/25

Epoch 00010: mean_squared_error improved from 0.00000 to 0.00000, saving model to /gpfswork/rech/ynx/uds36vp/repos/wf-SEDs/projected_learning/wf-outputs/chkp/8_bins/chkp_callback_poly_5_cycles_llr_256_no_proj_d2_cycle2
63/63 - 76s - loss: 9.8304e-07 - mean_squared_error: 1.3959e-06 - val_loss: 3.0361e-08 - val_mean_squared_error: 3.0361e-08 - 76s/epoch - 1s/step
Epoch 11/25

Epoch 00011: mean_squared_error improved from 0.00000 to 0.00000, saving model to /gpfswork/rech/ynx/uds36vp/repos/wf-SEDs/projected_learning/wf-outputs/chkp/8_bins/chkp_callback_poly_5_cycles_llr_256_no_proj_d2_cycle2
63/63 - 72s - loss: 9.8223e-07 - mean_squared_error: 1.3951e-06 - val_loss: 2.9477e-08 - val_mean_squared_error: 2.9477e-08 - 72s/epoch - 1s/step
Epoch 12/25

Epoch 00012: mean_squared_error improved from 0.00000 to 0.00000, saving model to /gpfswork/rech/ynx/uds36vp/repos/wf-SEDs/projected_learning/wf-outputs/chkp/8_bins/chkp_callback_poly_5_cycles_llr_256_no_proj_d2_cycle2
63/63 - 75s - loss: 9.8114e-07 - mean_squared_error: 1.3943e-06 - val_loss: 2.8998e-08 - val_mean_squared_error: 2.8998e-08 - 75s/epoch - 1s/step
Epoch 13/25

Epoch 00013: mean_squared_error improved from 0.00000 to 0.00000, saving model to /gpfswork/rech/ynx/uds36vp/repos/wf-SEDs/projected_learning/wf-outputs/chkp/8_bins/chkp_callback_poly_5_cycles_llr_256_no_proj_d2_cycle2
63/63 - 74s - loss: 9.8043e-07 - mean_squared_error: 1.3937e-06 - val_loss: 2.7809e-08 - val_mean_squared_error: 2.7809e-08 - 74s/epoch - 1s/step
Epoch 14/25

Epoch 00014: mean_squared_error improved from 0.00000 to 0.00000, saving model to /gpfswork/rech/ynx/uds36vp/repos/wf-SEDs/projected_learning/wf-outputs/chkp/8_bins/chkp_callback_poly_5_cycles_llr_256_no_proj_d2_cycle2
63/63 - 74s - loss: 9.7923e-07 - mean_squared_error: 1.3926e-06 - val_loss: 2.7622e-08 - val_mean_squared_error: 2.7622e-08 - 74s/epoch - 1s/step
Epoch 15/25

Epoch 00015: mean_squared_error improved from 0.00000 to 0.00000, saving model to /gpfswork/rech/ynx/uds36vp/repos/wf-SEDs/projected_learning/wf-outputs/chkp/8_bins/chkp_callback_poly_5_cycles_llr_256_no_proj_d2_cycle2
63/63 - 73s - loss: 9.7877e-07 - mean_squared_error: 1.3922e-06 - val_loss: 2.6394e-08 - val_mean_squared_error: 2.6394e-08 - 73s/epoch - 1s/step
Epoch 16/25

Epoch 00016: mean_squared_error improved from 0.00000 to 0.00000, saving model to /gpfswork/rech/ynx/uds36vp/repos/wf-SEDs/projected_learning/wf-outputs/chkp/8_bins/chkp_callback_poly_5_cycles_llr_256_no_proj_d2_cycle2
63/63 - 74s - loss: 9.7782e-07 - mean_squared_error: 1.3913e-06 - val_loss: 2.6214e-08 - val_mean_squared_error: 2.6214e-08 - 74s/epoch - 1s/step
Epoch 17/25

Epoch 00017: mean_squared_error improved from 0.00000 to 0.00000, saving model to /gpfswork/rech/ynx/uds36vp/repos/wf-SEDs/projected_learning/wf-outputs/chkp/8_bins/chkp_callback_poly_5_cycles_llr_256_no_proj_d2_cycle2
63/63 - 74s - loss: 9.7663e-07 - mean_squared_error: 1.3903e-06 - val_loss: 2.5123e-08 - val_mean_squared_error: 2.5123e-08 - 74s/epoch - 1s/step
Epoch 18/25

Epoch 00018: mean_squared_error improved from 0.00000 to 0.00000, saving model to /gpfswork/rech/ynx/uds36vp/repos/wf-SEDs/projected_learning/wf-outputs/chkp/8_bins/chkp_callback_poly_5_cycles_llr_256_no_proj_d2_cycle2
63/63 - 75s - loss: 9.7638e-07 - mean_squared_error: 1.3901e-06 - val_loss: 2.4853e-08 - val_mean_squared_error: 2.4853e-08 - 75s/epoch - 1s/step
Epoch 19/25

Epoch 00019: mean_squared_error improved from 0.00000 to 0.00000, saving model to /gpfswork/rech/ynx/uds36vp/repos/wf-SEDs/projected_learning/wf-outputs/chkp/8_bins/chkp_callback_poly_5_cycles_llr_256_no_proj_d2_cycle2
63/63 - 74s - loss: 9.7550e-07 - mean_squared_error: 1.3892e-06 - val_loss: 2.3864e-08 - val_mean_squared_error: 2.3864e-08 - 74s/epoch - 1s/step
Epoch 20/25

Epoch 00020: mean_squared_error improved from 0.00000 to 0.00000, saving model to /gpfswork/rech/ynx/uds36vp/repos/wf-SEDs/projected_learning/wf-outputs/chkp/8_bins/chkp_callback_poly_5_cycles_llr_256_no_proj_d2_cycle2
63/63 - 73s - loss: 9.7456e-07 - mean_squared_error: 1.3884e-06 - val_loss: 2.2938e-08 - val_mean_squared_error: 2.2938e-08 - 73s/epoch - 1s/step
Epoch 21/25

Epoch 00021: mean_squared_error did not improve from 0.00000
63/63 - 74s - loss: 9.7589e-07 - mean_squared_error: 1.3893e-06 - val_loss: 2.4602e-08 - val_mean_squared_error: 2.4602e-08 - 74s/epoch - 1s/step
Epoch 22/25

Epoch 00022: mean_squared_error did not improve from 0.00000
63/63 - 75s - loss: 9.7484e-07 - mean_squared_error: 1.3886e-06 - val_loss: 2.2847e-08 - val_mean_squared_error: 2.2847e-08 - 75s/epoch - 1s/step
Epoch 23/25

Epoch 00023: mean_squared_error improved from 0.00000 to 0.00000, saving model to /gpfswork/rech/ynx/uds36vp/repos/wf-SEDs/projected_learning/wf-outputs/chkp/8_bins/chkp_callback_poly_5_cycles_llr_256_no_proj_d2_cycle2
63/63 - 75s - loss: 9.7297e-07 - mean_squared_error: 1.3870e-06 - val_loss: 2.2010e-08 - val_mean_squared_error: 2.2010e-08 - 75s/epoch - 1s/step
Epoch 24/25

Epoch 00024: mean_squared_error did not improve from 0.00000
63/63 - 74s - loss: 9.7649e-07 - mean_squared_error: 1.3892e-06 - val_loss: 2.3042e-08 - val_mean_squared_error: 2.3042e-08 - 74s/epoch - 1s/step
Epoch 25/25

Epoch 00025: mean_squared_error improved from 0.00000 to 0.00000, saving model to /gpfswork/rech/ynx/uds36vp/repos/wf-SEDs/projected_learning/wf-outputs/chkp/8_bins/chkp_callback_poly_5_cycles_llr_256_no_proj_d2_cycle2
63/63 - 74s - loss: 9.7284e-07 - mean_squared_error: 1.3867e-06 - val_loss: 2.0827e-08 - val_mean_squared_error: 2.0827e-08 - 74s/epoch - 1s/step
Cycle2 elapsed time: 2236.136703014374
Starting cycle 3..
Starting parametric update..
Epoch 1/5

Epoch 00001: mean_squared_error improved from inf to 0.00000, saving model to /gpfswork/rech/ynx/uds36vp/repos/wf-SEDs/projected_learning/wf-outputs/chkp/8_bins/chkp_callback_poly_5_cycles_llr_256_no_proj_d2_cycle3
63/63 - 75s - loss: 9.7198e-07 - mean_squared_error: 1.3864e-06 - val_loss: 2.2808e-08 - val_mean_squared_error: 2.2808e-08 - 75s/epoch - 1s/step
Epoch 2/5

Epoch 00002: mean_squared_error did not improve from 0.00000
63/63 - 74s - loss: 9.7885e-07 - mean_squared_error: 1.3923e-06 - val_loss: 2.6503e-08 - val_mean_squared_error: 2.6503e-08 - 74s/epoch - 1s/step
Epoch 3/5

Epoch 00003: mean_squared_error did not improve from 0.00000
63/63 - 73s - loss: 9.8205e-07 - mean_squared_error: 1.3950e-06 - val_loss: 3.0661e-08 - val_mean_squared_error: 3.0661e-08 - 73s/epoch - 1s/step
Epoch 4/5

Epoch 00004: mean_squared_error did not improve from 0.00000
63/63 - 73s - loss: 9.9182e-07 - mean_squared_error: 1.4026e-06 - val_loss: 4.8382e-08 - val_mean_squared_error: 4.8382e-08 - 73s/epoch - 1s/step
Epoch 5/5

Epoch 00005: mean_squared_error did not improve from 0.00000
63/63 - 74s - loss: 1.0050e-06 - mean_squared_error: 1.4142e-06 - val_loss: 3.8049e-08 - val_mean_squared_error: 3.8049e-08 - 74s/epoch - 1s/step
Starting non-parametric update..
Epoch 1/25

Epoch 00001: mean_squared_error did not improve from 0.00000
63/63 - 77s - loss: 9.7486e-07 - mean_squared_error: 1.3888e-06 - val_loss: 2.0050e-08 - val_mean_squared_error: 2.0050e-08 - 77s/epoch - 1s/step
Epoch 2/25

Epoch 00002: mean_squared_error improved from 0.00000 to 0.00000, saving model to /gpfswork/rech/ynx/uds36vp/repos/wf-SEDs/projected_learning/wf-outputs/chkp/8_bins/chkp_callback_poly_5_cycles_llr_256_no_proj_d2_cycle3
63/63 - 73s - loss: 9.6925e-07 - mean_squared_error: 1.3840e-06 - val_loss: 1.9523e-08 - val_mean_squared_error: 1.9523e-08 - 73s/epoch - 1s/step
Epoch 3/25

Epoch 00003: mean_squared_error improved from 0.00000 to 0.00000, saving model to /gpfswork/rech/ynx/uds36vp/repos/wf-SEDs/projected_learning/wf-outputs/chkp/8_bins/chkp_callback_poly_5_cycles_llr_256_no_proj_d2_cycle3
63/63 - 73s - loss: 9.6896e-07 - mean_squared_error: 1.3838e-06 - val_loss: 1.9340e-08 - val_mean_squared_error: 1.9340e-08 - 73s/epoch - 1s/step
Epoch 4/25

Epoch 00004: mean_squared_error improved from 0.00000 to 0.00000, saving model to /gpfswork/rech/ynx/uds36vp/repos/wf-SEDs/projected_learning/wf-outputs/chkp/8_bins/chkp_callback_poly_5_cycles_llr_256_no_proj_d2_cycle3
63/63 - 73s - loss: 9.6869e-07 - mean_squared_error: 1.3835e-06 - val_loss: 1.9153e-08 - val_mean_squared_error: 1.9153e-08 - 73s/epoch - 1s/step
Epoch 5/25

Epoch 00005: mean_squared_error improved from 0.00000 to 0.00000, saving model to /gpfswork/rech/ynx/uds36vp/repos/wf-SEDs/projected_learning/wf-outputs/chkp/8_bins/chkp_callback_poly_5_cycles_llr_256_no_proj_d2_cycle3
63/63 - 74s - loss: 9.6856e-07 - mean_squared_error: 1.3834e-06 - val_loss: 1.9090e-08 - val_mean_squared_error: 1.9090e-08 - 74s/epoch - 1s/step
Epoch 6/25

Epoch 00006: mean_squared_error improved from 0.00000 to 0.00000, saving model to /gpfswork/rech/ynx/uds36vp/repos/wf-SEDs/projected_learning/wf-outputs/chkp/8_bins/chkp_callback_poly_5_cycles_llr_256_no_proj_d2_cycle3
63/63 - 74s - loss: 9.6838e-07 - mean_squared_error: 1.3832e-06 - val_loss: 1.8652e-08 - val_mean_squared_error: 1.8652e-08 - 74s/epoch - 1s/step
Epoch 7/25

Epoch 00007: mean_squared_error improved from 0.00000 to 0.00000, saving model to /gpfswork/rech/ynx/uds36vp/repos/wf-SEDs/projected_learning/wf-outputs/chkp/8_bins/chkp_callback_poly_5_cycles_llr_256_no_proj_d2_cycle3
63/63 - 74s - loss: 9.6827e-07 - mean_squared_error: 1.3831e-06 - val_loss: 1.8572e-08 - val_mean_squared_error: 1.8572e-08 - 74s/epoch - 1s/step
Epoch 8/25

Epoch 00008: mean_squared_error improved from 0.00000 to 0.00000, saving model to /gpfswork/rech/ynx/uds36vp/repos/wf-SEDs/projected_learning/wf-outputs/chkp/8_bins/chkp_callback_poly_5_cycles_llr_256_no_proj_d2_cycle3
63/63 - 74s - loss: 9.6820e-07 - mean_squared_error: 1.3831e-06 - val_loss: 1.8286e-08 - val_mean_squared_error: 1.8286e-08 - 74s/epoch - 1s/step
Epoch 9/25

Epoch 00009: mean_squared_error improved from 0.00000 to 0.00000, saving model to /gpfswork/rech/ynx/uds36vp/repos/wf-SEDs/projected_learning/wf-outputs/chkp/8_bins/chkp_callback_poly_5_cycles_llr_256_no_proj_d2_cycle3
63/63 - 73s - loss: 9.6797e-07 - mean_squared_error: 1.3827e-06 - val_loss: 1.8300e-08 - val_mean_squared_error: 1.8300e-08 - 73s/epoch - 1s/step
Epoch 10/25

Epoch 00010: mean_squared_error improved from 0.00000 to 0.00000, saving model to /gpfswork/rech/ynx/uds36vp/repos/wf-SEDs/projected_learning/wf-outputs/chkp/8_bins/chkp_callback_poly_5_cycles_llr_256_no_proj_d2_cycle3
63/63 - 73s - loss: 9.6751e-07 - mean_squared_error: 1.3824e-06 - val_loss: 1.8140e-08 - val_mean_squared_error: 1.8140e-08 - 73s/epoch - 1s/step
Epoch 11/25

Epoch 00011: mean_squared_error improved from 0.00000 to 0.00000, saving model to /gpfswork/rech/ynx/uds36vp/repos/wf-SEDs/projected_learning/wf-outputs/chkp/8_bins/chkp_callback_poly_5_cycles_llr_256_no_proj_d2_cycle3
63/63 - 74s - loss: 9.6728e-07 - mean_squared_error: 1.3822e-06 - val_loss: 1.7987e-08 - val_mean_squared_error: 1.7987e-08 - 74s/epoch - 1s/step
Epoch 12/25

Epoch 00012: mean_squared_error improved from 0.00000 to 0.00000, saving model to /gpfswork/rech/ynx/uds36vp/repos/wf-SEDs/projected_learning/wf-outputs/chkp/8_bins/chkp_callback_poly_5_cycles_llr_256_no_proj_d2_cycle3
63/63 - 74s - loss: 9.6730e-07 - mean_squared_error: 1.3821e-06 - val_loss: 1.7607e-08 - val_mean_squared_error: 1.7607e-08 - 74s/epoch - 1s/step
Epoch 13/25

Epoch 00013: mean_squared_error improved from 0.00000 to 0.00000, saving model to /gpfswork/rech/ynx/uds36vp/repos/wf-SEDs/projected_learning/wf-outputs/chkp/8_bins/chkp_callback_poly_5_cycles_llr_256_no_proj_d2_cycle3
63/63 - 74s - loss: 9.6686e-07 - mean_squared_error: 1.3818e-06 - val_loss: 1.7620e-08 - val_mean_squared_error: 1.7620e-08 - 74s/epoch - 1s/step
Epoch 14/25

Epoch 00014: mean_squared_error improved from 0.00000 to 0.00000, saving model to /gpfswork/rech/ynx/uds36vp/repos/wf-SEDs/projected_learning/wf-outputs/chkp/8_bins/chkp_callback_poly_5_cycles_llr_256_no_proj_d2_cycle3
63/63 - 73s - loss: 9.6677e-07 - mean_squared_error: 1.3816e-06 - val_loss: 1.7102e-08 - val_mean_squared_error: 1.7102e-08 - 73s/epoch - 1s/step
Epoch 15/25

Epoch 00015: mean_squared_error did not improve from 0.00000
63/63 - 72s - loss: 9.6699e-07 - mean_squared_error: 1.3818e-06 - val_loss: 1.7376e-08 - val_mean_squared_error: 1.7376e-08 - 72s/epoch - 1s/step
Epoch 16/25

Epoch 00016: mean_squared_error improved from 0.00000 to 0.00000, saving model to /gpfswork/rech/ynx/uds36vp/repos/wf-SEDs/projected_learning/wf-outputs/chkp/8_bins/chkp_callback_poly_5_cycles_llr_256_no_proj_d2_cycle3
63/63 - 74s - loss: 9.6648e-07 - mean_squared_error: 1.3814e-06 - val_loss: 1.7809e-08 - val_mean_squared_error: 1.7809e-08 - 74s/epoch - 1s/step
Epoch 17/25

Epoch 00017: mean_squared_error did not improve from 0.00000
63/63 - 74s - loss: 9.6920e-07 - mean_squared_error: 1.3833e-06 - val_loss: 1.8625e-08 - val_mean_squared_error: 1.8625e-08 - 74s/epoch - 1s/step
Epoch 18/25

Epoch 00018: mean_squared_error did not improve from 0.00000
63/63 - 74s - loss: 9.6693e-07 - mean_squared_error: 1.3814e-06 - val_loss: 1.7020e-08 - val_mean_squared_error: 1.7020e-08 - 74s/epoch - 1s/step
Epoch 19/25

Epoch 00019: mean_squared_error improved from 0.00000 to 0.00000, saving model to /gpfswork/rech/ynx/uds36vp/repos/wf-SEDs/projected_learning/wf-outputs/chkp/8_bins/chkp_callback_poly_5_cycles_llr_256_no_proj_d2_cycle3
63/63 - 72s - loss: 9.6564e-07 - mean_squared_error: 1.3806e-06 - val_loss: 1.6748e-08 - val_mean_squared_error: 1.6748e-08 - 72s/epoch - 1s/step
Epoch 20/25

Epoch 00020: mean_squared_error did not improve from 0.00000
63/63 - 71s - loss: 9.6689e-07 - mean_squared_error: 1.3813e-06 - val_loss: 1.6945e-08 - val_mean_squared_error: 1.6945e-08 - 71s/epoch - 1s/step
Epoch 21/25

Epoch 00021: mean_squared_error improved from 0.00000 to 0.00000, saving model to /gpfswork/rech/ynx/uds36vp/repos/wf-SEDs/projected_learning/wf-outputs/chkp/8_bins/chkp_callback_poly_5_cycles_llr_256_no_proj_d2_cycle3
63/63 - 72s - loss: 9.6562e-07 - mean_squared_error: 1.3805e-06 - val_loss: 1.6507e-08 - val_mean_squared_error: 1.6507e-08 - 72s/epoch - 1s/step
Epoch 22/25

Epoch 00022: mean_squared_error did not improve from 0.00000
63/63 - 71s - loss: 9.6584e-07 - mean_squared_error: 1.3807e-06 - val_loss: 1.6431e-08 - val_mean_squared_error: 1.6431e-08 - 71s/epoch - 1s/step
Epoch 23/25

Epoch 00023: mean_squared_error did not improve from 0.00000
63/63 - 71s - loss: 9.6937e-07 - mean_squared_error: 1.3830e-06 - val_loss: 1.8030e-08 - val_mean_squared_error: 1.8030e-08 - 71s/epoch - 1s/step
Epoch 24/25

Epoch 00024: mean_squared_error improved from 0.00000 to 0.00000, saving model to /gpfswork/rech/ynx/uds36vp/repos/wf-SEDs/projected_learning/wf-outputs/chkp/8_bins/chkp_callback_poly_5_cycles_llr_256_no_proj_d2_cycle3
63/63 - 71s - loss: 9.6528e-07 - mean_squared_error: 1.3801e-06 - val_loss: 1.6665e-08 - val_mean_squared_error: 1.6665e-08 - 71s/epoch - 1s/step
Epoch 25/25

Epoch 00025: mean_squared_error did not improve from 0.00000
63/63 - 71s - loss: 9.6532e-07 - mean_squared_error: 1.3802e-06 - val_loss: 1.5725e-08 - val_mean_squared_error: 1.5725e-08 - 71s/epoch - 1s/step
Cycle3 elapsed time: 2201.440684080124
Starting cycle 4..
Starting parametric update..
Epoch 1/5

Epoch 00001: mean_squared_error improved from inf to 0.00000, saving model to /gpfswork/rech/ynx/uds36vp/repos/wf-SEDs/projected_learning/wf-outputs/chkp/8_bins/chkp_callback_poly_5_cycles_llr_256_no_proj_d2_cycle4
63/63 - 72s - loss: 9.6518e-07 - mean_squared_error: 1.3803e-06 - val_loss: 1.7068e-08 - val_mean_squared_error: 1.7068e-08 - 72s/epoch - 1s/step
Epoch 2/5

Epoch 00002: mean_squared_error did not improve from 0.00000
63/63 - 69s - loss: 9.6762e-07 - mean_squared_error: 1.3824e-06 - val_loss: 1.7974e-08 - val_mean_squared_error: 1.7974e-08 - 69s/epoch - 1s/step
Epoch 3/5

Epoch 00003: mean_squared_error did not improve from 0.00000
63/63 - 70s - loss: 9.6800e-07 - mean_squared_error: 1.3826e-06 - val_loss: 1.9387e-08 - val_mean_squared_error: 1.9387e-08 - 70s/epoch - 1s/step
Epoch 4/5

Epoch 00004: mean_squared_error did not improve from 0.00000
63/63 - 69s - loss: 9.7428e-07 - mean_squared_error: 1.3879e-06 - val_loss: 2.5574e-08 - val_mean_squared_error: 2.5574e-08 - 69s/epoch - 1s/step
Epoch 5/5

Epoch 00005: mean_squared_error did not improve from 0.00000
63/63 - 69s - loss: 9.8763e-07 - mean_squared_error: 1.3989e-06 - val_loss: 3.0645e-08 - val_mean_squared_error: 3.0645e-08 - 69s/epoch - 1s/step
Starting non-parametric update..
Epoch 1/25

Epoch 00001: mean_squared_error did not improve from 0.00000
63/63 - 74s - loss: 9.6799e-07 - mean_squared_error: 1.3824e-06 - val_loss: 1.4711e-08 - val_mean_squared_error: 1.4711e-08 - 74s/epoch - 1s/step
Epoch 2/25

Epoch 00002: mean_squared_error improved from 0.00000 to 0.00000, saving model to /gpfswork/rech/ynx/uds36vp/repos/wf-SEDs/projected_learning/wf-outputs/chkp/8_bins/chkp_callback_poly_5_cycles_llr_256_no_proj_d2_cycle4
63/63 - 71s - loss: 9.6244e-07 - mean_squared_error: 1.3780e-06 - val_loss: 1.4294e-08 - val_mean_squared_error: 1.4294e-08 - 71s/epoch - 1s/step
Epoch 3/25

Epoch 00003: mean_squared_error improved from 0.00000 to 0.00000, saving model to /gpfswork/rech/ynx/uds36vp/repos/wf-SEDs/projected_learning/wf-outputs/chkp/8_bins/chkp_callback_poly_5_cycles_llr_256_no_proj_d2_cycle4
63/63 - 71s - loss: 9.6222e-07 - mean_squared_error: 1.3778e-06 - val_loss: 1.4111e-08 - val_mean_squared_error: 1.4111e-08 - 71s/epoch - 1s/step
Epoch 4/25

Epoch 00004: mean_squared_error improved from 0.00000 to 0.00000, saving model to /gpfswork/rech/ynx/uds36vp/repos/wf-SEDs/projected_learning/wf-outputs/chkp/8_bins/chkp_callback_poly_5_cycles_llr_256_no_proj_d2_cycle4
63/63 - 71s - loss: 9.6219e-07 - mean_squared_error: 1.3777e-06 - val_loss: 1.4125e-08 - val_mean_squared_error: 1.4125e-08 - 71s/epoch - 1s/step
Epoch 5/25

Epoch 00005: mean_squared_error improved from 0.00000 to 0.00000, saving model to /gpfswork/rech/ynx/uds36vp/repos/wf-SEDs/projected_learning/wf-outputs/chkp/8_bins/chkp_callback_poly_5_cycles_llr_256_no_proj_d2_cycle4
63/63 - 72s - loss: 9.6212e-07 - mean_squared_error: 1.3776e-06 - val_loss: 1.4010e-08 - val_mean_squared_error: 1.4010e-08 - 72s/epoch - 1s/step
Epoch 6/25

Epoch 00006: mean_squared_error did not improve from 0.00000
63/63 - 72s - loss: 9.6211e-07 - mean_squared_error: 1.3777e-06 - val_loss: 1.3838e-08 - val_mean_squared_error: 1.3838e-08 - 72s/epoch - 1s/step
Epoch 7/25

Epoch 00007: mean_squared_error improved from 0.00000 to 0.00000, saving model to /gpfswork/rech/ynx/uds36vp/repos/wf-SEDs/projected_learning/wf-outputs/chkp/8_bins/chkp_callback_poly_5_cycles_llr_256_no_proj_d2_cycle4
63/63 - 73s - loss: 9.6206e-07 - mean_squared_error: 1.3776e-06 - val_loss: 1.3989e-08 - val_mean_squared_error: 1.3989e-08 - 73s/epoch - 1s/step
Epoch 8/25

Epoch 00008: mean_squared_error improved from 0.00000 to 0.00000, saving model to /gpfswork/rech/ynx/uds36vp/repos/wf-SEDs/projected_learning/wf-outputs/chkp/8_bins/chkp_callback_poly_5_cycles_llr_256_no_proj_d2_cycle4
63/63 - 72s - loss: 9.6203e-07 - mean_squared_error: 1.3775e-06 - val_loss: 1.3945e-08 - val_mean_squared_error: 1.3945e-08 - 72s/epoch - 1s/step
Epoch 9/25

Epoch 00009: mean_squared_error improved from 0.00000 to 0.00000, saving model to /gpfswork/rech/ynx/uds36vp/repos/wf-SEDs/projected_learning/wf-outputs/chkp/8_bins/chkp_callback_poly_5_cycles_llr_256_no_proj_d2_cycle4
63/63 - 73s - loss: 9.6194e-07 - mean_squared_error: 1.3774e-06 - val_loss: 1.3824e-08 - val_mean_squared_error: 1.3824e-08 - 73s/epoch - 1s/step
Epoch 10/25

Epoch 00010: mean_squared_error improved from 0.00000 to 0.00000, saving model to /gpfswork/rech/ynx/uds36vp/repos/wf-SEDs/projected_learning/wf-outputs/chkp/8_bins/chkp_callback_poly_5_cycles_llr_256_no_proj_d2_cycle4
63/63 - 72s - loss: 9.6182e-07 - mean_squared_error: 1.3774e-06 - val_loss: 1.3599e-08 - val_mean_squared_error: 1.3599e-08 - 72s/epoch - 1s/step
Epoch 11/25

Epoch 00011: mean_squared_error improved from 0.00000 to 0.00000, saving model to /gpfswork/rech/ynx/uds36vp/repos/wf-SEDs/projected_learning/wf-outputs/chkp/8_bins/chkp_callback_poly_5_cycles_llr_256_no_proj_d2_cycle4
63/63 - 72s - loss: 9.6187e-07 - mean_squared_error: 1.3773e-06 - val_loss: 1.4038e-08 - val_mean_squared_error: 1.4038e-08 - 72s/epoch - 1s/step
Epoch 12/25

Epoch 00012: mean_squared_error improved from 0.00000 to 0.00000, saving model to /gpfswork/rech/ynx/uds36vp/repos/wf-SEDs/projected_learning/wf-outputs/chkp/8_bins/chkp_callback_poly_5_cycles_llr_256_no_proj_d2_cycle4
63/63 - 73s - loss: 9.6198e-07 - mean_squared_error: 1.3773e-06 - val_loss: 1.3728e-08 - val_mean_squared_error: 1.3728e-08 - 73s/epoch - 1s/step
Epoch 13/25

Epoch 00013: mean_squared_error improved from 0.00000 to 0.00000, saving model to /gpfswork/rech/ynx/uds36vp/repos/wf-SEDs/projected_learning/wf-outputs/chkp/8_bins/chkp_callback_poly_5_cycles_llr_256_no_proj_d2_cycle4
63/63 - 73s - loss: 9.6166e-07 - mean_squared_error: 1.3772e-06 - val_loss: 1.3668e-08 - val_mean_squared_error: 1.3668e-08 - 73s/epoch - 1s/step
Epoch 14/25

Epoch 00014: mean_squared_error did not improve from 0.00000
63/63 - 73s - loss: 9.6255e-07 - mean_squared_error: 1.3778e-06 - val_loss: 1.3311e-08 - val_mean_squared_error: 1.3311e-08 - 73s/epoch - 1s/step
Epoch 15/25

Epoch 00015: mean_squared_error did not improve from 0.00000
63/63 - 73s - loss: 9.6319e-07 - mean_squared_error: 1.3782e-06 - val_loss: 1.4329e-08 - val_mean_squared_error: 1.4329e-08 - 73s/epoch - 1s/step
Epoch 16/25

Epoch 00016: mean_squared_error did not improve from 0.00000
63/63 - 73s - loss: 9.6175e-07 - mean_squared_error: 1.3772e-06 - val_loss: 1.3145e-08 - val_mean_squared_error: 1.3145e-08 - 73s/epoch - 1s/step
Epoch 17/25

Epoch 00017: mean_squared_error improved from 0.00000 to 0.00000, saving model to /gpfswork/rech/ynx/uds36vp/repos/wf-SEDs/projected_learning/wf-outputs/chkp/8_bins/chkp_callback_poly_5_cycles_llr_256_no_proj_d2_cycle4
63/63 - 73s - loss: 9.6164e-07 - mean_squared_error: 1.3770e-06 - val_loss: 1.3314e-08 - val_mean_squared_error: 1.3314e-08 - 73s/epoch - 1s/step
Epoch 18/25

Epoch 00018: mean_squared_error improved from 0.00000 to 0.00000, saving model to /gpfswork/rech/ynx/uds36vp/repos/wf-SEDs/projected_learning/wf-outputs/chkp/8_bins/chkp_callback_poly_5_cycles_llr_256_no_proj_d2_cycle4
63/63 - 73s - loss: 9.6124e-07 - mean_squared_error: 1.3767e-06 - val_loss: 1.3308e-08 - val_mean_squared_error: 1.3308e-08 - 73s/epoch - 1s/step
Epoch 19/25

Epoch 00019: mean_squared_error improved from 0.00000 to 0.00000, saving model to /gpfswork/rech/ynx/uds36vp/repos/wf-SEDs/projected_learning/wf-outputs/chkp/8_bins/chkp_callback_poly_5_cycles_llr_256_no_proj_d2_cycle4
63/63 - 73s - loss: 9.6108e-07 - mean_squared_error: 1.3766e-06 - val_loss: 1.3025e-08 - val_mean_squared_error: 1.3025e-08 - 73s/epoch - 1s/step
Epoch 20/25

Epoch 00020: mean_squared_error did not improve from 0.00000
63/63 - 73s - loss: 9.6206e-07 - mean_squared_error: 1.3773e-06 - val_loss: 1.2906e-08 - val_mean_squared_error: 1.2906e-08 - 73s/epoch - 1s/step
Epoch 21/25

Epoch 00021: mean_squared_error did not improve from 0.00000
63/63 - 73s - loss: 9.6327e-07 - mean_squared_error: 1.3779e-06 - val_loss: 1.5460e-08 - val_mean_squared_error: 1.5460e-08 - 73s/epoch - 1s/step
Epoch 22/25

Epoch 00022: mean_squared_error did not improve from 0.00000
63/63 - 72s - loss: 9.6205e-07 - mean_squared_error: 1.3773e-06 - val_loss: 1.3449e-08 - val_mean_squared_error: 1.3449e-08 - 72s/epoch - 1s/step
Epoch 23/25

Epoch 00023: mean_squared_error improved from 0.00000 to 0.00000, saving model to /gpfswork/rech/ynx/uds36vp/repos/wf-SEDs/projected_learning/wf-outputs/chkp/8_bins/chkp_callback_poly_5_cycles_llr_256_no_proj_d2_cycle4
63/63 - 72s - loss: 9.6074e-07 - mean_squared_error: 1.3763e-06 - val_loss: 1.2834e-08 - val_mean_squared_error: 1.2834e-08 - 72s/epoch - 1s/step
Epoch 24/25

Epoch 00024: mean_squared_error did not improve from 0.00000
63/63 - 73s - loss: 9.6191e-07 - mean_squared_error: 1.3772e-06 - val_loss: 1.3819e-08 - val_mean_squared_error: 1.3819e-08 - 73s/epoch - 1s/step
Epoch 25/25

Epoch 00025: mean_squared_error did not improve from 0.00000
63/63 - 73s - loss: 9.6161e-07 - mean_squared_error: 1.3767e-06 - val_loss: 1.4361e-08 - val_mean_squared_error: 1.4361e-08 - 73s/epoch - 1s/step
Cycle4 elapsed time: 2168.0154893398285
Starting cycle 5..
Starting parametric update..
Epoch 1/15

Epoch 00001: mean_squared_error improved from inf to 0.00000, saving model to /gpfswork/rech/ynx/uds36vp/repos/wf-SEDs/projected_learning/wf-outputs/chkp/8_bins/chkp_callback_poly_5_cycles_llr_256_no_proj_d2_cycle5
63/63 - 75s - loss: 9.6160e-07 - mean_squared_error: 1.3771e-06 - val_loss: 1.4156e-08 - val_mean_squared_error: 1.4156e-08 - 75s/epoch - 1s/step
Epoch 2/15

Epoch 00002: mean_squared_error did not improve from 0.00000
63/63 - 73s - loss: 9.6203e-07 - mean_squared_error: 1.3774e-06 - val_loss: 1.6746e-08 - val_mean_squared_error: 1.6746e-08 - 73s/epoch - 1s/step
Epoch 3/15

Epoch 00003: mean_squared_error did not improve from 0.00000
63/63 - 73s - loss: 9.6343e-07 - mean_squared_error: 1.3786e-06 - val_loss: 2.0201e-08 - val_mean_squared_error: 2.0201e-08 - 73s/epoch - 1s/step
Epoch 4/15

Epoch 00004: mean_squared_error did not improve from 0.00000
63/63 - 74s - loss: 9.6636e-07 - mean_squared_error: 1.3811e-06 - val_loss: 2.0080e-08 - val_mean_squared_error: 2.0080e-08 - 74s/epoch - 1s/step
Epoch 5/15

Epoch 00005: mean_squared_error did not improve from 0.00000
63/63 - 72s - loss: 9.6764e-07 - mean_squared_error: 1.3823e-06 - val_loss: 1.9829e-08 - val_mean_squared_error: 1.9829e-08 - 72s/epoch - 1s/step
Epoch 6/15

Epoch 00006: mean_squared_error did not improve from 0.00000
63/63 - 72s - loss: 9.6650e-07 - mean_squared_error: 1.3815e-06 - val_loss: 1.6226e-08 - val_mean_squared_error: 1.6226e-08 - 72s/epoch - 1s/step
Epoch 7/15

Epoch 00007: mean_squared_error did not improve from 0.00000
63/63 - 72s - loss: 9.6864e-07 - mean_squared_error: 1.3833e-06 - val_loss: 1.8481e-08 - val_mean_squared_error: 1.8481e-08 - 72s/epoch - 1s/step
Epoch 8/15

Epoch 00008: mean_squared_error did not improve from 0.00000
63/63 - 72s - loss: 9.7812e-07 - mean_squared_error: 1.3910e-06 - val_loss: 3.6782e-08 - val_mean_squared_error: 3.6782e-08 - 72s/epoch - 1s/step
Epoch 9/15

Epoch 00009: mean_squared_error did not improve from 0.00000
63/63 - 72s - loss: 9.7317e-07 - mean_squared_error: 1.3873e-06 - val_loss: 1.8448e-08 - val_mean_squared_error: 1.8448e-08 - 72s/epoch - 1s/step
Epoch 10/15

Epoch 00010: mean_squared_error did not improve from 0.00000
63/63 - 72s - loss: 9.6962e-07 - mean_squared_error: 1.3840e-06 - val_loss: 2.9572e-08 - val_mean_squared_error: 2.9572e-08 - 72s/epoch - 1s/step
Epoch 11/15

Epoch 00011: mean_squared_error did not improve from 0.00000
63/63 - 72s - loss: 9.9600e-07 - mean_squared_error: 1.4052e-06 - val_loss: 1.0737e-07 - val_mean_squared_error: 1.0737e-07 - 72s/epoch - 1s/step
Epoch 12/15

Epoch 00012: mean_squared_error did not improve from 0.00000
63/63 - 72s - loss: 1.0172e-06 - mean_squared_error: 1.4227e-06 - val_loss: 2.4903e-08 - val_mean_squared_error: 2.4903e-08 - 72s/epoch - 1s/step
Epoch 13/15

Epoch 00013: mean_squared_error did not improve from 0.00000
63/63 - 72s - loss: 9.6951e-07 - mean_squared_error: 1.3841e-06 - val_loss: 1.8630e-08 - val_mean_squared_error: 1.8630e-08 - 72s/epoch - 1s/step
Epoch 14/15

Epoch 00014: mean_squared_error did not improve from 0.00000
63/63 - 71s - loss: 9.7158e-07 - mean_squared_error: 1.3853e-06 - val_loss: 1.9596e-08 - val_mean_squared_error: 1.9596e-08 - 71s/epoch - 1s/step
Epoch 15/15

Epoch 00015: mean_squared_error did not improve from 0.00000
63/63 - 72s - loss: 9.6646e-07 - mean_squared_error: 1.3813e-06 - val_loss: 1.5417e-08 - val_mean_squared_error: 1.5417e-08 - 72s/epoch - 1s/step
Starting non-parametric update..
Epoch 1/50

Epoch 00001: mean_squared_error improved from 0.00000 to 0.00000, saving model to /gpfswork/rech/ynx/uds36vp/repos/wf-SEDs/projected_learning/wf-outputs/chkp/8_bins/chkp_callback_poly_5_cycles_llr_256_no_proj_d2_cycle5
63/63 - 75s - loss: 9.6003e-07 - mean_squared_error: 1.3758e-06 - val_loss: 1.1902e-08 - val_mean_squared_error: 1.1902e-08 - 75s/epoch - 1s/step
Epoch 2/50

Epoch 00002: mean_squared_error improved from 0.00000 to 0.00000, saving model to /gpfswork/rech/ynx/uds36vp/repos/wf-SEDs/projected_learning/wf-outputs/chkp/8_bins/chkp_callback_poly_5_cycles_llr_256_no_proj_d2_cycle5
63/63 - 72s - loss: 9.5886e-07 - mean_squared_error: 1.3748e-06 - val_loss: 1.1753e-08 - val_mean_squared_error: 1.1753e-08 - 72s/epoch - 1s/step
Epoch 3/50

Epoch 00003: mean_squared_error improved from 0.00000 to 0.00000, saving model to /gpfswork/rech/ynx/uds36vp/repos/wf-SEDs/projected_learning/wf-outputs/chkp/8_bins/chkp_callback_poly_5_cycles_llr_256_no_proj_d2_cycle5
63/63 - 73s - loss: 9.5879e-07 - mean_squared_error: 1.3747e-06 - val_loss: 1.1711e-08 - val_mean_squared_error: 1.1711e-08 - 73s/epoch - 1s/step
Epoch 4/50

Epoch 00004: mean_squared_error did not improve from 0.00000
63/63 - 72s - loss: 9.5886e-07 - mean_squared_error: 1.3748e-06 - val_loss: 1.2124e-08 - val_mean_squared_error: 1.2124e-08 - 72s/epoch - 1s/step
Epoch 5/50

Epoch 00005: mean_squared_error did not improve from 0.00000
63/63 - 71s - loss: 9.5888e-07 - mean_squared_error: 1.3748e-06 - val_loss: 1.1575e-08 - val_mean_squared_error: 1.1575e-08 - 71s/epoch - 1s/step
Epoch 6/50

Epoch 00006: mean_squared_error improved from 0.00000 to 0.00000, saving model to /gpfswork/rech/ynx/uds36vp/repos/wf-SEDs/projected_learning/wf-outputs/chkp/8_bins/chkp_callback_poly_5_cycles_llr_256_no_proj_d2_cycle5
63/63 - 72s - loss: 9.5887e-07 - mean_squared_error: 1.3747e-06 - val_loss: 1.1611e-08 - val_mean_squared_error: 1.1611e-08 - 72s/epoch - 1s/step
Epoch 7/50

Epoch 00007: mean_squared_error did not improve from 0.00000
63/63 - 73s - loss: 9.5882e-07 - mean_squared_error: 1.3748e-06 - val_loss: 1.1625e-08 - val_mean_squared_error: 1.1625e-08 - 73s/epoch - 1s/step
Epoch 8/50

Epoch 00008: mean_squared_error improved from 0.00000 to 0.00000, saving model to /gpfswork/rech/ynx/uds36vp/repos/wf-SEDs/projected_learning/wf-outputs/chkp/8_bins/chkp_callback_poly_5_cycles_llr_256_no_proj_d2_cycle5
63/63 - 74s - loss: 9.5883e-07 - mean_squared_error: 1.3747e-06 - val_loss: 1.1532e-08 - val_mean_squared_error: 1.1532e-08 - 74s/epoch - 1s/step
Epoch 9/50

Epoch 00009: mean_squared_error did not improve from 0.00000
63/63 - 74s - loss: 9.5889e-07 - mean_squared_error: 1.3747e-06 - val_loss: 1.1527e-08 - val_mean_squared_error: 1.1527e-08 - 74s/epoch - 1s/step
Epoch 10/50

Epoch 00010: mean_squared_error did not improve from 0.00000
63/63 - 74s - loss: 9.5903e-07 - mean_squared_error: 1.3748e-06 - val_loss: 1.1612e-08 - val_mean_squared_error: 1.1612e-08 - 74s/epoch - 1s/step
Epoch 11/50

Epoch 00011: mean_squared_error improved from 0.00000 to 0.00000, saving model to /gpfswork/rech/ynx/uds36vp/repos/wf-SEDs/projected_learning/wf-outputs/chkp/8_bins/chkp_callback_poly_5_cycles_llr_256_no_proj_d2_cycle5
63/63 - 73s - loss: 9.5871e-07 - mean_squared_error: 1.3746e-06 - val_loss: 1.1587e-08 - val_mean_squared_error: 1.1587e-08 - 73s/epoch - 1s/step
Epoch 12/50

Epoch 00012: mean_squared_error did not improve from 0.00000
63/63 - 74s - loss: 9.5909e-07 - mean_squared_error: 1.3747e-06 - val_loss: 1.2312e-08 - val_mean_squared_error: 1.2312e-08 - 74s/epoch - 1s/step
Epoch 13/50

Epoch 00013: mean_squared_error did not improve from 0.00000
63/63 - 74s - loss: 9.5908e-07 - mean_squared_error: 1.3749e-06 - val_loss: 1.1349e-08 - val_mean_squared_error: 1.1349e-08 - 74s/epoch - 1s/step
Epoch 14/50

Epoch 00014: mean_squared_error did not improve from 0.00000
63/63 - 74s - loss: 9.5885e-07 - mean_squared_error: 1.3746e-06 - val_loss: 1.1419e-08 - val_mean_squared_error: 1.1419e-08 - 74s/epoch - 1s/step
Epoch 15/50

Epoch 00015: mean_squared_error improved from 0.00000 to 0.00000, saving model to /gpfswork/rech/ynx/uds36vp/repos/wf-SEDs/projected_learning/wf-outputs/chkp/8_bins/chkp_callback_poly_5_cycles_llr_256_no_proj_d2_cycle5
63/63 - 74s - loss: 9.5869e-07 - mean_squared_error: 1.3745e-06 - val_loss: 1.1289e-08 - val_mean_squared_error: 1.1289e-08 - 74s/epoch - 1s/step
Epoch 16/50

Epoch 00016: mean_squared_error did not improve from 0.00000
63/63 - 74s - loss: 9.5894e-07 - mean_squared_error: 1.3746e-06 - val_loss: 1.1603e-08 - val_mean_squared_error: 1.1603e-08 - 74s/epoch - 1s/step
Epoch 17/50

Epoch 00017: mean_squared_error did not improve from 0.00000
63/63 - 75s - loss: 9.5893e-07 - mean_squared_error: 1.3747e-06 - val_loss: 1.1617e-08 - val_mean_squared_error: 1.1617e-08 - 75s/epoch - 1s/step
Epoch 18/50

Epoch 00018: mean_squared_error did not improve from 0.00000
63/63 - 75s - loss: 9.5965e-07 - mean_squared_error: 1.3751e-06 - val_loss: 1.3680e-08 - val_mean_squared_error: 1.3680e-08 - 75s/epoch - 1s/step
Epoch 19/50

Epoch 00019: mean_squared_error did not improve from 0.00000
63/63 - 74s - loss: 9.6029e-07 - mean_squared_error: 1.3755e-06 - val_loss: 1.2028e-08 - val_mean_squared_error: 1.2028e-08 - 74s/epoch - 1s/step
Epoch 20/50

Epoch 00020: mean_squared_error did not improve from 0.00000
63/63 - 73s - loss: 9.5906e-07 - mean_squared_error: 1.3747e-06 - val_loss: 1.1350e-08 - val_mean_squared_error: 1.1350e-08 - 73s/epoch - 1s/step
Epoch 21/50

Epoch 00021: mean_squared_error did not improve from 0.00000
63/63 - 74s - loss: 9.5883e-07 - mean_squared_error: 1.3746e-06 - val_loss: 1.1084e-08 - val_mean_squared_error: 1.1084e-08 - 74s/epoch - 1s/step
Epoch 22/50

Epoch 00022: mean_squared_error improved from 0.00000 to 0.00000, saving model to /gpfswork/rech/ynx/uds36vp/repos/wf-SEDs/projected_learning/wf-outputs/chkp/8_bins/chkp_callback_poly_5_cycles_llr_256_no_proj_d2_cycle5
63/63 - 74s - loss: 9.5864e-07 - mean_squared_error: 1.3744e-06 - val_loss: 1.1669e-08 - val_mean_squared_error: 1.1669e-08 - 74s/epoch - 1s/step
Epoch 23/50

Epoch 00023: mean_squared_error did not improve from 0.00000
63/63 - 74s - loss: 9.5883e-07 - mean_squared_error: 1.3745e-06 - val_loss: 1.1694e-08 - val_mean_squared_error: 1.1694e-08 - 74s/epoch - 1s/step
Epoch 24/50

Epoch 00024: mean_squared_error did not improve from 0.00000
63/63 - 73s - loss: 9.6015e-07 - mean_squared_error: 1.3755e-06 - val_loss: 1.2790e-08 - val_mean_squared_error: 1.2790e-08 - 73s/epoch - 1s/step
Epoch 25/50

Epoch 00025: mean_squared_error did not improve from 0.00000
63/63 - 75s - loss: 9.5982e-07 - mean_squared_error: 1.3752e-06 - val_loss: 1.2776e-08 - val_mean_squared_error: 1.2776e-08 - 75s/epoch - 1s/step
Epoch 26/50

Epoch 00026: mean_squared_error did not improve from 0.00000
63/63 - 74s - loss: 9.6027e-07 - mean_squared_error: 1.3754e-06 - val_loss: 1.1377e-08 - val_mean_squared_error: 1.1377e-08 - 74s/epoch - 1s/step
Epoch 27/50

Epoch 00027: mean_squared_error improved from 0.00000 to 0.00000, saving model to /gpfswork/rech/ynx/uds36vp/repos/wf-SEDs/projected_learning/wf-outputs/chkp/8_bins/chkp_callback_poly_5_cycles_llr_256_no_proj_d2_cycle5
63/63 - 74s - loss: 9.5863e-07 - mean_squared_error: 1.3743e-06 - val_loss: 1.2370e-08 - val_mean_squared_error: 1.2370e-08 - 74s/epoch - 1s/step
Epoch 28/50

Epoch 00028: mean_squared_error did not improve from 0.00000
63/63 - 74s - loss: 9.5879e-07 - mean_squared_error: 1.3744e-06 - val_loss: 1.1287e-08 - val_mean_squared_error: 1.1287e-08 - 74s/epoch - 1s/step
Epoch 29/50

Epoch 00029: mean_squared_error did not improve from 0.00000
63/63 - 74s - loss: 9.6013e-07 - mean_squared_error: 1.3751e-06 - val_loss: 1.2815e-08 - val_mean_squared_error: 1.2815e-08 - 74s/epoch - 1s/step
Epoch 30/50

Epoch 00030: mean_squared_error did not improve from 0.00000
63/63 - 74s - loss: 9.6171e-07 - mean_squared_error: 1.3762e-06 - val_loss: 1.2109e-08 - val_mean_squared_error: 1.2109e-08 - 74s/epoch - 1s/step
Epoch 31/50

Epoch 00031: mean_squared_error improved from 0.00000 to 0.00000, saving model to /gpfswork/rech/ynx/uds36vp/repos/wf-SEDs/projected_learning/wf-outputs/chkp/8_bins/chkp_callback_poly_5_cycles_llr_256_no_proj_d2_cycle5
63/63 - 76s - loss: 9.5852e-07 - mean_squared_error: 1.3743e-06 - val_loss: 1.1447e-08 - val_mean_squared_error: 1.1447e-08 - 76s/epoch - 1s/step
Epoch 32/50

Epoch 00032: mean_squared_error improved from 0.00000 to 0.00000, saving model to /gpfswork/rech/ynx/uds36vp/repos/wf-SEDs/projected_learning/wf-outputs/chkp/8_bins/chkp_callback_poly_5_cycles_llr_256_no_proj_d2_cycle5
63/63 - 73s - loss: 9.5872e-07 - mean_squared_error: 1.3742e-06 - val_loss: 1.1508e-08 - val_mean_squared_error: 1.1508e-08 - 73s/epoch - 1s/step
Epoch 33/50

Epoch 00033: mean_squared_error improved from 0.00000 to 0.00000, saving model to /gpfswork/rech/ynx/uds36vp/repos/wf-SEDs/projected_learning/wf-outputs/chkp/8_bins/chkp_callback_poly_5_cycles_llr_256_no_proj_d2_cycle5
63/63 - 74s - loss: 9.5826e-07 - mean_squared_error: 1.3740e-06 - val_loss: 1.1235e-08 - val_mean_squared_error: 1.1235e-08 - 74s/epoch - 1s/step
Epoch 34/50

Epoch 00034: mean_squared_error did not improve from 0.00000
63/63 - 73s - loss: 9.5866e-07 - mean_squared_error: 1.3742e-06 - val_loss: 1.1279e-08 - val_mean_squared_error: 1.1279e-08 - 73s/epoch - 1s/step
Epoch 35/50

Epoch 00035: mean_squared_error did not improve from 0.00000
63/63 - 74s - loss: 9.5964e-07 - mean_squared_error: 1.3749e-06 - val_loss: 1.1884e-08 - val_mean_squared_error: 1.1884e-08 - 74s/epoch - 1s/step
Epoch 36/50

Epoch 00036: mean_squared_error did not improve from 0.00000
63/63 - 74s - loss: 9.5874e-07 - mean_squared_error: 1.3744e-06 - val_loss: 1.2328e-08 - val_mean_squared_error: 1.2328e-08 - 74s/epoch - 1s/step
Epoch 37/50

Epoch 00037: mean_squared_error did not improve from 0.00000
63/63 - 74s - loss: 9.5905e-07 - mean_squared_error: 1.3747e-06 - val_loss: 1.1705e-08 - val_mean_squared_error: 1.1705e-08 - 74s/epoch - 1s/step
Epoch 38/50

Epoch 00038: mean_squared_error improved from 0.00000 to 0.00000, saving model to /gpfswork/rech/ynx/uds36vp/repos/wf-SEDs/projected_learning/wf-outputs/chkp/8_bins/chkp_callback_poly_5_cycles_llr_256_no_proj_d2_cycle5
63/63 - 74s - loss: 9.5842e-07 - mean_squared_error: 1.3739e-06 - val_loss: 1.1071e-08 - val_mean_squared_error: 1.1071e-08 - 74s/epoch - 1s/step
Epoch 39/50

Epoch 00039: mean_squared_error did not improve from 0.00000
63/63 - 74s - loss: 9.5996e-07 - mean_squared_error: 1.3751e-06 - val_loss: 1.3969e-08 - val_mean_squared_error: 1.3969e-08 - 74s/epoch - 1s/step
Epoch 40/50

Epoch 00040: mean_squared_error did not improve from 0.00000
63/63 - 73s - loss: 9.5913e-07 - mean_squared_error: 1.3745e-06 - val_loss: 1.2437e-08 - val_mean_squared_error: 1.2437e-08 - 73s/epoch - 1s/step
Epoch 41/50

Epoch 00041: mean_squared_error did not improve from 0.00000
63/63 - 74s - loss: 9.5869e-07 - mean_squared_error: 1.3741e-06 - val_loss: 1.0667e-08 - val_mean_squared_error: 1.0667e-08 - 74s/epoch - 1s/step
Epoch 42/50

Epoch 00042: mean_squared_error improved from 0.00000 to 0.00000, saving model to /gpfswork/rech/ynx/uds36vp/repos/wf-SEDs/projected_learning/wf-outputs/chkp/8_bins/chkp_callback_poly_5_cycles_llr_256_no_proj_d2_cycle5
63/63 - 74s - loss: 9.5732e-07 - mean_squared_error: 1.3732e-06 - val_loss: 1.0341e-08 - val_mean_squared_error: 1.0341e-08 - 74s/epoch - 1s/step
Epoch 43/50

Epoch 00043: mean_squared_error did not improve from 0.00000
63/63 - 74s - loss: 9.5752e-07 - mean_squared_error: 1.3733e-06 - val_loss: 1.0976e-08 - val_mean_squared_error: 1.0976e-08 - 74s/epoch - 1s/step
Epoch 44/50

Epoch 00044: mean_squared_error did not improve from 0.00000
63/63 - 74s - loss: 9.5802e-07 - mean_squared_error: 1.3738e-06 - val_loss: 1.2088e-08 - val_mean_squared_error: 1.2088e-08 - 74s/epoch - 1s/step
Epoch 45/50

Epoch 00045: mean_squared_error did not improve from 0.00000
63/63 - 74s - loss: 9.6379e-07 - mean_squared_error: 1.3782e-06 - val_loss: 1.9638e-08 - val_mean_squared_error: 1.9638e-08 - 74s/epoch - 1s/step
Epoch 46/50

Epoch 00046: mean_squared_error did not improve from 0.00000
63/63 - 74s - loss: 9.8061e-07 - mean_squared_error: 1.3913e-06 - val_loss: 3.1748e-08 - val_mean_squared_error: 3.1748e-08 - 74s/epoch - 1s/step
Epoch 47/50

Epoch 00047: mean_squared_error did not improve from 0.00000
63/63 - 73s - loss: 9.6661e-07 - mean_squared_error: 1.3807e-06 - val_loss: 1.1599e-08 - val_mean_squared_error: 1.1599e-08 - 73s/epoch - 1s/step
Epoch 48/50

Epoch 00048: mean_squared_error did not improve from 0.00000
63/63 - 74s - loss: 9.5789e-07 - mean_squared_error: 1.3736e-06 - val_loss: 1.0863e-08 - val_mean_squared_error: 1.0863e-08 - 74s/epoch - 1s/step
Epoch 49/50

Epoch 00049: mean_squared_error did not improve from 0.00000
63/63 - 74s - loss: 9.5756e-07 - mean_squared_error: 1.3733e-06 - val_loss: 1.0325e-08 - val_mean_squared_error: 1.0325e-08 - 74s/epoch - 1s/step
Epoch 50/50

Epoch 00050: mean_squared_error did not improve from 0.00000
63/63 - 75s - loss: 9.5764e-07 - mean_squared_error: 1.3733e-06 - val_loss: 1.0896e-08 - val_mean_squared_error: 1.0896e-08 - 75s/epoch - 1s/step
Cycle5 elapsed time: 4782.884830951691

Total elapsed time: 14049.699810

 Good bye..
