Starting the log file.
Found GPU at: /device:GPU:0
tf_version: 2.7.0
Dataset parameters:
{'d_max': 2, 'max_order': 45, 'x_lims': [0, 1000.0], 'y_lims': [0, 1000.0], 'grid_points': [4, 4], 'n_bins': 350, 'max_wfe_rms': 0.1, 'oversampling_rate': 3.0, 'output_Q': 3.0, 'output_dim': 32, 'LP_filter_length': 2, 'pupil_diameter': 256, 'euclid_obsc': True, 'n_stars': 2000}

***
Metric evaluation on the test dataset
***

Absolute RMSE:	 1.5068e-04 	 +/- 2.8476e-05
Relative RMSE:	 2.0392e+00 % 	 +/- 5.4601e-01 %
Absolute RMSE:	 1.6455e-01 	 +/- 2.8707e-02
Relative RMSE:	 2.0963e+02 % 	 +/- 1.5073e+01 %

Pixel star absolute RMSE:	 7.0286e-05 	 +/- 1.7610e-05 
Pixel star relative RMSE:	 4.7024e+00 % 	 +/- 1.5789e+00 %

sigma(e1) RMSE =		 1.2049e-02 	 +/- 1.1517e-02 
sigma(e2) RMSE =		 5.6366e-03 	 +/- 5.6031e-03 
sigma(R2)/<R2> =		 2.6542e-02 	 +/- 2.5639e-02 

Relative sigma(e1) RMSE =	 3.7894e+02 % 	 +/- 3.7731e+02 %
Relative sigma(e2) RMSE =	 5.2372e+02 % 	 +/- 5.2280e+02 %

Total number of stars: 		400
Problematic number of stars: 	1

***
Metric evaluation on the train dataset
***

Absolute RMSE:	 1.4885e-04 	 +/- 2.7891e-05
Relative RMSE:	 2.0199e+00 % 	 +/- 5.7579e-01 %
Absolute RMSE:	 1.6472e-01 	 +/- 2.9423e-02
Relative RMSE:	 2.1038e+02 % 	 +/- 1.5440e+01 %

Pixel star absolute RMSE:	 6.9465e-05 	 +/- 1.7744e-05 
Pixel star relative RMSE:	 4.6450e+00 % 	 +/- 1.6178e+00 %

sigma(e1) RMSE =		 1.2683e-02 	 +/- 1.2369e-02 
sigma(e2) RMSE =		 8.8783e-03 	 +/- 8.8719e-03 
sigma(R2)/<R2> =		 7.1356e-02 	 +/- 3.1114e-02 

Relative sigma(e1) RMSE =	 2.9418e+03 % 	 +/- 2.9405e+03 %
Relative sigma(e2) RMSE =	 6.4300e+03 % 	 +/- 6.4284e+03 %

Total number of stars: 		2000
Problematic number of stars: 	0

Total elapsed time: 1869.634804

 Good bye..
