Starting the log file.
Found GPU at: /device:GPU:0
tf_version: 2.7.0
Zernike cube:
(15, 256, 256)
Dataset parameters:
{'d_max': 2, 'max_order': 45, 'x_lims': [0, 1000.0], 'y_lims': [0, 1000.0], 'grid_points': [4, 4], 'n_bins': 350, 'max_wfe_rms': 0.1, 'oversampling_rate': 3.0, 'output_Q': 3.0, 'output_dim': 32, 'LP_filter_length': 2, 'pupil_diameter': 256, 'euclid_obsc': True, 'n_stars': 2000}
Starting cycle 1..
Starting parametric update..
Epoch 1/15

Epoch 00001: mean_squared_error improved from inf to 0.00001, saving model to /gpfswork/rech/ynx/uds36vp/repos/wf-SEDs/projected_learning/wf-outputs/chkp/8_bins/chkp_callback_poly_2_cycles_256_no_proj_d2_3_cycle1
63/63 - 57s - loss: 8.5654e-06 - mean_squared_error: 7.8255e-06 - val_loss: 1.7814e-06 - val_mean_squared_error: 1.7814e-06 - 57s/epoch - 902ms/step
Epoch 2/15

Epoch 00002: mean_squared_error improved from 0.00001 to 0.00000, saving model to /gpfswork/rech/ynx/uds36vp/repos/wf-SEDs/projected_learning/wf-outputs/chkp/8_bins/chkp_callback_poly_2_cycles_256_no_proj_d2_3_cycle1
63/63 - 52s - loss: 2.5781e-06 - mean_squared_error: 2.7389e-06 - val_loss: 1.0515e-06 - val_mean_squared_error: 1.0515e-06 - 52s/epoch - 828ms/step
Epoch 3/15

Epoch 00003: mean_squared_error improved from 0.00000 to 0.00000, saving model to /gpfswork/rech/ynx/uds36vp/repos/wf-SEDs/projected_learning/wf-outputs/chkp/8_bins/chkp_callback_poly_2_cycles_256_no_proj_d2_3_cycle1
63/63 - 52s - loss: 2.0641e-06 - mean_squared_error: 2.3067e-06 - val_loss: 7.9943e-07 - val_mean_squared_error: 7.9943e-07 - 52s/epoch - 830ms/step
Epoch 4/15

Epoch 00004: mean_squared_error improved from 0.00000 to 0.00000, saving model to /gpfswork/rech/ynx/uds36vp/repos/wf-SEDs/projected_learning/wf-outputs/chkp/8_bins/chkp_callback_poly_2_cycles_256_no_proj_d2_3_cycle1
63/63 - 52s - loss: 1.8741e-06 - mean_squared_error: 2.1255e-06 - val_loss: 6.7435e-07 - val_mean_squared_error: 6.7435e-07 - 52s/epoch - 825ms/step
Epoch 5/15

Epoch 00005: mean_squared_error improved from 0.00000 to 0.00000, saving model to /gpfswork/rech/ynx/uds36vp/repos/wf-SEDs/projected_learning/wf-outputs/chkp/8_bins/chkp_callback_poly_2_cycles_256_no_proj_d2_3_cycle1
63/63 - 52s - loss: 1.8030e-06 - mean_squared_error: 2.0616e-06 - val_loss: 6.7278e-07 - val_mean_squared_error: 6.7278e-07 - 52s/epoch - 827ms/step
Epoch 6/15

Epoch 00006: mean_squared_error improved from 0.00000 to 0.00000, saving model to /gpfswork/rech/ynx/uds36vp/repos/wf-SEDs/projected_learning/wf-outputs/chkp/8_bins/chkp_callback_poly_2_cycles_256_no_proj_d2_3_cycle1
63/63 - 52s - loss: 1.7934e-06 - mean_squared_error: 2.0566e-06 - val_loss: 6.7834e-07 - val_mean_squared_error: 6.7834e-07 - 52s/epoch - 825ms/step
Epoch 7/15

Epoch 00007: mean_squared_error improved from 0.00000 to 0.00000, saving model to /gpfswork/rech/ynx/uds36vp/repos/wf-SEDs/projected_learning/wf-outputs/chkp/8_bins/chkp_callback_poly_2_cycles_256_no_proj_d2_3_cycle1
63/63 - 52s - loss: 1.7896e-06 - mean_squared_error: 2.0534e-06 - val_loss: 6.6347e-07 - val_mean_squared_error: 6.6347e-07 - 52s/epoch - 825ms/step
Epoch 8/15

Epoch 00008: mean_squared_error improved from 0.00000 to 0.00000, saving model to /gpfswork/rech/ynx/uds36vp/repos/wf-SEDs/projected_learning/wf-outputs/chkp/8_bins/chkp_callback_poly_2_cycles_256_no_proj_d2_3_cycle1
63/63 - 52s - loss: 1.7828e-06 - mean_squared_error: 2.0446e-06 - val_loss: 6.9133e-07 - val_mean_squared_error: 6.9133e-07 - 52s/epoch - 825ms/step
Epoch 9/15

Epoch 00009: mean_squared_error did not improve from 0.00000
63/63 - 52s - loss: 1.8156e-06 - mean_squared_error: 2.0737e-06 - val_loss: 6.7273e-07 - val_mean_squared_error: 6.7273e-07 - 52s/epoch - 825ms/step
Epoch 10/15

Epoch 00010: mean_squared_error did not improve from 0.00000
63/63 - 52s - loss: 1.7961e-06 - mean_squared_error: 2.0569e-06 - val_loss: 7.5868e-07 - val_mean_squared_error: 7.5868e-07 - 52s/epoch - 832ms/step
Epoch 11/15

Epoch 00011: mean_squared_error did not improve from 0.00000
63/63 - 52s - loss: 1.8062e-06 - mean_squared_error: 2.0602e-06 - val_loss: 7.1556e-07 - val_mean_squared_error: 7.1556e-07 - 52s/epoch - 826ms/step
Epoch 12/15

Epoch 00012: mean_squared_error did not improve from 0.00000
63/63 - 52s - loss: 1.7814e-06 - mean_squared_error: 2.0485e-06 - val_loss: 6.3756e-07 - val_mean_squared_error: 6.3756e-07 - 52s/epoch - 826ms/step
Epoch 13/15

Epoch 00013: mean_squared_error improved from 0.00000 to 0.00000, saving model to /gpfswork/rech/ynx/uds36vp/repos/wf-SEDs/projected_learning/wf-outputs/chkp/8_bins/chkp_callback_poly_2_cycles_256_no_proj_d2_3_cycle1
63/63 - 52s - loss: 1.7569e-06 - mean_squared_error: 2.0254e-06 - val_loss: 6.4263e-07 - val_mean_squared_error: 6.4263e-07 - 52s/epoch - 826ms/step
Epoch 14/15

Epoch 00014: mean_squared_error did not improve from 0.00000
63/63 - 52s - loss: 1.7884e-06 - mean_squared_error: 2.0469e-06 - val_loss: 6.5763e-07 - val_mean_squared_error: 6.5763e-07 - 52s/epoch - 822ms/step
Epoch 15/15

Epoch 00015: mean_squared_error did not improve from 0.00000
63/63 - 52s - loss: 1.7600e-06 - mean_squared_error: 2.0271e-06 - val_loss: 6.3895e-07 - val_mean_squared_error: 6.3895e-07 - 52s/epoch - 824ms/step
Starting non-parametric update..
Epoch 1/100

Epoch 00001: mean_squared_error improved from 0.00000 to 0.00000, saving model to /gpfswork/rech/ynx/uds36vp/repos/wf-SEDs/projected_learning/wf-outputs/chkp/8_bins/chkp_callback_poly_2_cycles_256_no_proj_d2_3_cycle1
63/63 - 55s - loss: 1.7017e-06 - mean_squared_error: 1.9715e-06 - val_loss: 5.6662e-07 - val_mean_squared_error: 5.6662e-07 - 55s/epoch - 867ms/step
Epoch 2/100

Epoch 00002: mean_squared_error improved from 0.00000 to 0.00000, saving model to /gpfswork/rech/ynx/uds36vp/repos/wf-SEDs/projected_learning/wf-outputs/chkp/8_bins/chkp_callback_poly_2_cycles_256_no_proj_d2_3_cycle1
63/63 - 52s - loss: 1.5833e-06 - mean_squared_error: 1.8906e-06 - val_loss: 4.8397e-07 - val_mean_squared_error: 4.8397e-07 - 52s/epoch - 820ms/step
Epoch 3/100

Epoch 00003: mean_squared_error improved from 0.00000 to 0.00000, saving model to /gpfswork/rech/ynx/uds36vp/repos/wf-SEDs/projected_learning/wf-outputs/chkp/8_bins/chkp_callback_poly_2_cycles_256_no_proj_d2_3_cycle1
63/63 - 52s - loss: 1.4595e-06 - mean_squared_error: 1.7985e-06 - val_loss: 3.8975e-07 - val_mean_squared_error: 3.8975e-07 - 52s/epoch - 820ms/step
Epoch 4/100

Epoch 00004: mean_squared_error improved from 0.00000 to 0.00000, saving model to /gpfswork/rech/ynx/uds36vp/repos/wf-SEDs/projected_learning/wf-outputs/chkp/8_bins/chkp_callback_poly_2_cycles_256_no_proj_d2_3_cycle1
63/63 - 52s - loss: 1.3518e-06 - mean_squared_error: 1.7134e-06 - val_loss: 3.2041e-07 - val_mean_squared_error: 3.2041e-07 - 52s/epoch - 821ms/step
Epoch 5/100

Epoch 00005: mean_squared_error improved from 0.00000 to 0.00000, saving model to /gpfswork/rech/ynx/uds36vp/repos/wf-SEDs/projected_learning/wf-outputs/chkp/8_bins/chkp_callback_poly_2_cycles_256_no_proj_d2_3_cycle1
63/63 - 52s - loss: 1.2821e-06 - mean_squared_error: 1.6570e-06 - val_loss: 2.7349e-07 - val_mean_squared_error: 2.7349e-07 - 52s/epoch - 822ms/step
Epoch 6/100

Epoch 00006: mean_squared_error improved from 0.00000 to 0.00000, saving model to /gpfswork/rech/ynx/uds36vp/repos/wf-SEDs/projected_learning/wf-outputs/chkp/8_bins/chkp_callback_poly_2_cycles_256_no_proj_d2_3_cycle1
63/63 - 52s - loss: 1.2328e-06 - mean_squared_error: 1.6156e-06 - val_loss: 2.3487e-07 - val_mean_squared_error: 2.3487e-07 - 52s/epoch - 823ms/step
Epoch 7/100

Epoch 00007: mean_squared_error improved from 0.00000 to 0.00000, saving model to /gpfswork/rech/ynx/uds36vp/repos/wf-SEDs/projected_learning/wf-outputs/chkp/8_bins/chkp_callback_poly_2_cycles_256_no_proj_d2_3_cycle1
63/63 - 52s - loss: 1.1940e-06 - mean_squared_error: 1.5820e-06 - val_loss: 2.0427e-07 - val_mean_squared_error: 2.0427e-07 - 52s/epoch - 826ms/step
Epoch 8/100

Epoch 00008: mean_squared_error improved from 0.00000 to 0.00000, saving model to /gpfswork/rech/ynx/uds36vp/repos/wf-SEDs/projected_learning/wf-outputs/chkp/8_bins/chkp_callback_poly_2_cycles_256_no_proj_d2_3_cycle1
63/63 - 52s - loss: 1.1635e-06 - mean_squared_error: 1.5547e-06 - val_loss: 1.7747e-07 - val_mean_squared_error: 1.7747e-07 - 52s/epoch - 823ms/step
Epoch 9/100

Epoch 00009: mean_squared_error improved from 0.00000 to 0.00000, saving model to /gpfswork/rech/ynx/uds36vp/repos/wf-SEDs/projected_learning/wf-outputs/chkp/8_bins/chkp_callback_poly_2_cycles_256_no_proj_d2_3_cycle1
63/63 - 52s - loss: 1.1377e-06 - mean_squared_error: 1.5317e-06 - val_loss: 1.5611e-07 - val_mean_squared_error: 1.5611e-07 - 52s/epoch - 824ms/step
Epoch 10/100

Epoch 00010: mean_squared_error improved from 0.00000 to 0.00000, saving model to /gpfswork/rech/ynx/uds36vp/repos/wf-SEDs/projected_learning/wf-outputs/chkp/8_bins/chkp_callback_poly_2_cycles_256_no_proj_d2_3_cycle1
63/63 - 52s - loss: 1.1173e-06 - mean_squared_error: 1.5134e-06 - val_loss: 1.3794e-07 - val_mean_squared_error: 1.3794e-07 - 52s/epoch - 822ms/step
Epoch 11/100

Epoch 00011: mean_squared_error improved from 0.00000 to 0.00000, saving model to /gpfswork/rech/ynx/uds36vp/repos/wf-SEDs/projected_learning/wf-outputs/chkp/8_bins/chkp_callback_poly_2_cycles_256_no_proj_d2_3_cycle1
63/63 - 52s - loss: 1.0977e-06 - mean_squared_error: 1.4964e-06 - val_loss: 1.2333e-07 - val_mean_squared_error: 1.2333e-07 - 52s/epoch - 823ms/step
Epoch 12/100

Epoch 00012: mean_squared_error improved from 0.00000 to 0.00000, saving model to /gpfswork/rech/ynx/uds36vp/repos/wf-SEDs/projected_learning/wf-outputs/chkp/8_bins/chkp_callback_poly_2_cycles_256_no_proj_d2_3_cycle1
63/63 - 52s - loss: 1.0799e-06 - mean_squared_error: 1.4812e-06 - val_loss: 1.0857e-07 - val_mean_squared_error: 1.0857e-07 - 52s/epoch - 821ms/step
Epoch 13/100

Epoch 00013: mean_squared_error improved from 0.00000 to 0.00000, saving model to /gpfswork/rech/ynx/uds36vp/repos/wf-SEDs/projected_learning/wf-outputs/chkp/8_bins/chkp_callback_poly_2_cycles_256_no_proj_d2_3_cycle1
63/63 - 52s - loss: 1.0662e-06 - mean_squared_error: 1.4689e-06 - val_loss: 9.8200e-08 - val_mean_squared_error: 9.8200e-08 - 52s/epoch - 822ms/step
Epoch 14/100

Epoch 00014: mean_squared_error improved from 0.00000 to 0.00000, saving model to /gpfswork/rech/ynx/uds36vp/repos/wf-SEDs/projected_learning/wf-outputs/chkp/8_bins/chkp_callback_poly_2_cycles_256_no_proj_d2_3_cycle1
63/63 - 52s - loss: 1.0534e-06 - mean_squared_error: 1.4578e-06 - val_loss: 8.7573e-08 - val_mean_squared_error: 8.7573e-08 - 52s/epoch - 821ms/step
Epoch 15/100

Epoch 00015: mean_squared_error improved from 0.00000 to 0.00000, saving model to /gpfswork/rech/ynx/uds36vp/repos/wf-SEDs/projected_learning/wf-outputs/chkp/8_bins/chkp_callback_poly_2_cycles_256_no_proj_d2_3_cycle1
63/63 - 52s - loss: 1.0423e-06 - mean_squared_error: 1.4482e-06 - val_loss: 7.9439e-08 - val_mean_squared_error: 7.9439e-08 - 52s/epoch - 821ms/step
Epoch 16/100

Epoch 00016: mean_squared_error improved from 0.00000 to 0.00000, saving model to /gpfswork/rech/ynx/uds36vp/repos/wf-SEDs/projected_learning/wf-outputs/chkp/8_bins/chkp_callback_poly_2_cycles_256_no_proj_d2_3_cycle1
63/63 - 52s - loss: 1.0327e-06 - mean_squared_error: 1.4399e-06 - val_loss: 7.0842e-08 - val_mean_squared_error: 7.0842e-08 - 52s/epoch - 825ms/step
Epoch 17/100

Epoch 00017: mean_squared_error improved from 0.00000 to 0.00000, saving model to /gpfswork/rech/ynx/uds36vp/repos/wf-SEDs/projected_learning/wf-outputs/chkp/8_bins/chkp_callback_poly_2_cycles_256_no_proj_d2_3_cycle1
63/63 - 52s - loss: 1.0240e-06 - mean_squared_error: 1.4327e-06 - val_loss: 6.5055e-08 - val_mean_squared_error: 6.5055e-08 - 52s/epoch - 833ms/step
Epoch 18/100

Epoch 00018: mean_squared_error improved from 0.00000 to 0.00000, saving model to /gpfswork/rech/ynx/uds36vp/repos/wf-SEDs/projected_learning/wf-outputs/chkp/8_bins/chkp_callback_poly_2_cycles_256_no_proj_d2_3_cycle1
63/63 - 52s - loss: 1.0176e-06 - mean_squared_error: 1.4267e-06 - val_loss: 6.0625e-08 - val_mean_squared_error: 6.0625e-08 - 52s/epoch - 820ms/step
Epoch 19/100

Epoch 00019: mean_squared_error improved from 0.00000 to 0.00000, saving model to /gpfswork/rech/ynx/uds36vp/repos/wf-SEDs/projected_learning/wf-outputs/chkp/8_bins/chkp_callback_poly_2_cycles_256_no_proj_d2_3_cycle1
63/63 - 52s - loss: 1.0122e-06 - mean_squared_error: 1.4222e-06 - val_loss: 5.5470e-08 - val_mean_squared_error: 5.5470e-08 - 52s/epoch - 820ms/step
Epoch 20/100

Epoch 00020: mean_squared_error improved from 0.00000 to 0.00000, saving model to /gpfswork/rech/ynx/uds36vp/repos/wf-SEDs/projected_learning/wf-outputs/chkp/8_bins/chkp_callback_poly_2_cycles_256_no_proj_d2_3_cycle1
63/63 - 52s - loss: 1.0074e-06 - mean_squared_error: 1.4179e-06 - val_loss: 5.0914e-08 - val_mean_squared_error: 5.0914e-08 - 52s/epoch - 820ms/step
Epoch 21/100

Epoch 00021: mean_squared_error improved from 0.00000 to 0.00000, saving model to /gpfswork/rech/ynx/uds36vp/repos/wf-SEDs/projected_learning/wf-outputs/chkp/8_bins/chkp_callback_poly_2_cycles_256_no_proj_d2_3_cycle1
63/63 - 52s - loss: 1.0030e-06 - mean_squared_error: 1.4141e-06 - val_loss: 4.6908e-08 - val_mean_squared_error: 4.6908e-08 - 52s/epoch - 820ms/step
Epoch 22/100

Epoch 00022: mean_squared_error improved from 0.00000 to 0.00000, saving model to /gpfswork/rech/ynx/uds36vp/repos/wf-SEDs/projected_learning/wf-outputs/chkp/8_bins/chkp_callback_poly_2_cycles_256_no_proj_d2_3_cycle1
63/63 - 52s - loss: 9.9928e-07 - mean_squared_error: 1.4106e-06 - val_loss: 4.4115e-08 - val_mean_squared_error: 4.4115e-08 - 52s/epoch - 824ms/step
Epoch 23/100

Epoch 00023: mean_squared_error improved from 0.00000 to 0.00000, saving model to /gpfswork/rech/ynx/uds36vp/repos/wf-SEDs/projected_learning/wf-outputs/chkp/8_bins/chkp_callback_poly_2_cycles_256_no_proj_d2_3_cycle1
63/63 - 52s - loss: 9.9564e-07 - mean_squared_error: 1.4077e-06 - val_loss: 4.1665e-08 - val_mean_squared_error: 4.1665e-08 - 52s/epoch - 821ms/step
Epoch 24/100

Epoch 00024: mean_squared_error improved from 0.00000 to 0.00000, saving model to /gpfswork/rech/ynx/uds36vp/repos/wf-SEDs/projected_learning/wf-outputs/chkp/8_bins/chkp_callback_poly_2_cycles_256_no_proj_d2_3_cycle1
63/63 - 52s - loss: 9.9383e-07 - mean_squared_error: 1.4058e-06 - val_loss: 3.9286e-08 - val_mean_squared_error: 3.9286e-08 - 52s/epoch - 822ms/step
Epoch 25/100

Epoch 00025: mean_squared_error improved from 0.00000 to 0.00000, saving model to /gpfswork/rech/ynx/uds36vp/repos/wf-SEDs/projected_learning/wf-outputs/chkp/8_bins/chkp_callback_poly_2_cycles_256_no_proj_d2_3_cycle1
63/63 - 52s - loss: 9.9010e-07 - mean_squared_error: 1.4027e-06 - val_loss: 3.6867e-08 - val_mean_squared_error: 3.6867e-08 - 52s/epoch - 820ms/step
Epoch 26/100

Epoch 00026: mean_squared_error did not improve from 0.00000
63/63 - 52s - loss: 9.9415e-07 - mean_squared_error: 1.4043e-06 - val_loss: 3.6572e-08 - val_mean_squared_error: 3.6572e-08 - 52s/epoch - 819ms/step
Epoch 27/100

Epoch 00027: mean_squared_error improved from 0.00000 to 0.00000, saving model to /gpfswork/rech/ynx/uds36vp/repos/wf-SEDs/projected_learning/wf-outputs/chkp/8_bins/chkp_callback_poly_2_cycles_256_no_proj_d2_3_cycle1
63/63 - 52s - loss: 9.8495e-07 - mean_squared_error: 1.3983e-06 - val_loss: 3.2430e-08 - val_mean_squared_error: 3.2430e-08 - 52s/epoch - 820ms/step
Epoch 28/100

Epoch 00028: mean_squared_error improved from 0.00000 to 0.00000, saving model to /gpfswork/rech/ynx/uds36vp/repos/wf-SEDs/projected_learning/wf-outputs/chkp/8_bins/chkp_callback_poly_2_cycles_256_no_proj_d2_3_cycle1
63/63 - 52s - loss: 9.8330e-07 - mean_squared_error: 1.3966e-06 - val_loss: 3.0857e-08 - val_mean_squared_error: 3.0857e-08 - 52s/epoch - 821ms/step
Epoch 29/100

Epoch 00029: mean_squared_error improved from 0.00000 to 0.00000, saving model to /gpfswork/rech/ynx/uds36vp/repos/wf-SEDs/projected_learning/wf-outputs/chkp/8_bins/chkp_callback_poly_2_cycles_256_no_proj_d2_3_cycle1
63/63 - 52s - loss: 9.8118e-07 - mean_squared_error: 1.3947e-06 - val_loss: 2.9303e-08 - val_mean_squared_error: 2.9303e-08 - 52s/epoch - 820ms/step
Epoch 30/100

Epoch 00030: mean_squared_error did not improve from 0.00000
63/63 - 52s - loss: 9.8184e-07 - mean_squared_error: 1.3950e-06 - val_loss: 3.6127e-08 - val_mean_squared_error: 3.6127e-08 - 52s/epoch - 819ms/step
Epoch 31/100

Epoch 00031: mean_squared_error did not improve from 0.00000
63/63 - 52s - loss: 9.9906e-07 - mean_squared_error: 1.4080e-06 - val_loss: 2.9623e-08 - val_mean_squared_error: 2.9623e-08 - 52s/epoch - 820ms/step
Epoch 32/100

Epoch 00032: mean_squared_error improved from 0.00000 to 0.00000, saving model to /gpfswork/rech/ynx/uds36vp/repos/wf-SEDs/projected_learning/wf-outputs/chkp/8_bins/chkp_callback_poly_2_cycles_256_no_proj_d2_3_cycle1
63/63 - 52s - loss: 9.7926e-07 - mean_squared_error: 1.3929e-06 - val_loss: 2.6586e-08 - val_mean_squared_error: 2.6586e-08 - 52s/epoch - 821ms/step
Epoch 33/100

Epoch 00033: mean_squared_error improved from 0.00000 to 0.00000, saving model to /gpfswork/rech/ynx/uds36vp/repos/wf-SEDs/projected_learning/wf-outputs/chkp/8_bins/chkp_callback_poly_2_cycles_256_no_proj_d2_3_cycle1
63/63 - 52s - loss: 9.7697e-07 - mean_squared_error: 1.3911e-06 - val_loss: 2.6752e-08 - val_mean_squared_error: 2.6752e-08 - 52s/epoch - 819ms/step
Epoch 34/100

Epoch 00034: mean_squared_error improved from 0.00000 to 0.00000, saving model to /gpfswork/rech/ynx/uds36vp/repos/wf-SEDs/projected_learning/wf-outputs/chkp/8_bins/chkp_callback_poly_2_cycles_256_no_proj_d2_3_cycle1
63/63 - 52s - loss: 9.7555e-07 - mean_squared_error: 1.3897e-06 - val_loss: 2.5775e-08 - val_mean_squared_error: 2.5775e-08 - 52s/epoch - 821ms/step
Epoch 35/100

Epoch 00035: mean_squared_error improved from 0.00000 to 0.00000, saving model to /gpfswork/rech/ynx/uds36vp/repos/wf-SEDs/projected_learning/wf-outputs/chkp/8_bins/chkp_callback_poly_2_cycles_256_no_proj_d2_3_cycle1
63/63 - 52s - loss: 9.7598e-07 - mean_squared_error: 1.3896e-06 - val_loss: 2.3656e-08 - val_mean_squared_error: 2.3656e-08 - 52s/epoch - 821ms/step
Epoch 36/100

Epoch 00036: mean_squared_error improved from 0.00000 to 0.00000, saving model to /gpfswork/rech/ynx/uds36vp/repos/wf-SEDs/projected_learning/wf-outputs/chkp/8_bins/chkp_callback_poly_2_cycles_256_no_proj_d2_3_cycle1
63/63 - 52s - loss: 9.7258e-07 - mean_squared_error: 1.3871e-06 - val_loss: 2.2632e-08 - val_mean_squared_error: 2.2632e-08 - 52s/epoch - 820ms/step
Epoch 37/100

Epoch 00037: mean_squared_error did not improve from 0.00000
63/63 - 52s - loss: 9.7415e-07 - mean_squared_error: 1.3880e-06 - val_loss: 2.2061e-08 - val_mean_squared_error: 2.2061e-08 - 52s/epoch - 820ms/step
Epoch 38/100

Epoch 00038: mean_squared_error improved from 0.00000 to 0.00000, saving model to /gpfswork/rech/ynx/uds36vp/repos/wf-SEDs/projected_learning/wf-outputs/chkp/8_bins/chkp_callback_poly_2_cycles_256_no_proj_d2_3_cycle1
63/63 - 52s - loss: 9.7185e-07 - mean_squared_error: 1.3864e-06 - val_loss: 2.1398e-08 - val_mean_squared_error: 2.1398e-08 - 52s/epoch - 820ms/step
Epoch 39/100

Epoch 00039: mean_squared_error improved from 0.00000 to 0.00000, saving model to /gpfswork/rech/ynx/uds36vp/repos/wf-SEDs/projected_learning/wf-outputs/chkp/8_bins/chkp_callback_poly_2_cycles_256_no_proj_d2_3_cycle1
63/63 - 52s - loss: 9.7033e-07 - mean_squared_error: 1.3852e-06 - val_loss: 2.0428e-08 - val_mean_squared_error: 2.0428e-08 - 52s/epoch - 823ms/step
Epoch 40/100

Epoch 00040: mean_squared_error improved from 0.00000 to 0.00000, saving model to /gpfswork/rech/ynx/uds36vp/repos/wf-SEDs/projected_learning/wf-outputs/chkp/8_bins/chkp_callback_poly_2_cycles_256_no_proj_d2_3_cycle1
63/63 - 52s - loss: 9.6974e-07 - mean_squared_error: 1.3845e-06 - val_loss: 1.9780e-08 - val_mean_squared_error: 1.9780e-08 - 52s/epoch - 828ms/step
Epoch 41/100

Epoch 00041: mean_squared_error improved from 0.00000 to 0.00000, saving model to /gpfswork/rech/ynx/uds36vp/repos/wf-SEDs/projected_learning/wf-outputs/chkp/8_bins/chkp_callback_poly_2_cycles_256_no_proj_d2_3_cycle1
63/63 - 52s - loss: 9.6923e-07 - mean_squared_error: 1.3840e-06 - val_loss: 2.0796e-08 - val_mean_squared_error: 2.0796e-08 - 52s/epoch - 822ms/step
Epoch 42/100

Epoch 00042: mean_squared_error improved from 0.00000 to 0.00000, saving model to /gpfswork/rech/ynx/uds36vp/repos/wf-SEDs/projected_learning/wf-outputs/chkp/8_bins/chkp_callback_poly_2_cycles_256_no_proj_d2_3_cycle1
63/63 - 52s - loss: 9.6906e-07 - mean_squared_error: 1.3836e-06 - val_loss: 1.9236e-08 - val_mean_squared_error: 1.9236e-08 - 52s/epoch - 820ms/step
Epoch 43/100

Epoch 00043: mean_squared_error improved from 0.00000 to 0.00000, saving model to /gpfswork/rech/ynx/uds36vp/repos/wf-SEDs/projected_learning/wf-outputs/chkp/8_bins/chkp_callback_poly_2_cycles_256_no_proj_d2_3_cycle1
63/63 - 52s - loss: 9.6752e-07 - mean_squared_error: 1.3824e-06 - val_loss: 1.7777e-08 - val_mean_squared_error: 1.7777e-08 - 52s/epoch - 820ms/step
Epoch 44/100

Epoch 00044: mean_squared_error did not improve from 0.00000
63/63 - 52s - loss: 9.6828e-07 - mean_squared_error: 1.3830e-06 - val_loss: 1.8260e-08 - val_mean_squared_error: 1.8260e-08 - 52s/epoch - 819ms/step
Epoch 45/100

Epoch 00045: mean_squared_error did not improve from 0.00000
63/63 - 52s - loss: 9.7365e-07 - mean_squared_error: 1.3870e-06 - val_loss: 3.3356e-08 - val_mean_squared_error: 3.3356e-08 - 52s/epoch - 819ms/step
Epoch 46/100

Epoch 00046: mean_squared_error did not improve from 0.00000
63/63 - 52s - loss: 1.0047e-06 - mean_squared_error: 1.4098e-06 - val_loss: 2.4876e-08 - val_mean_squared_error: 2.4876e-08 - 52s/epoch - 819ms/step
Epoch 47/100

Epoch 00047: mean_squared_error did not improve from 0.00000
63/63 - 52s - loss: 9.7227e-07 - mean_squared_error: 1.3858e-06 - val_loss: 1.8504e-08 - val_mean_squared_error: 1.8504e-08 - 52s/epoch - 819ms/step
Epoch 48/100

Epoch 00048: mean_squared_error did not improve from 0.00000
63/63 - 52s - loss: 9.6947e-07 - mean_squared_error: 1.3841e-06 - val_loss: 1.8597e-08 - val_mean_squared_error: 1.8597e-08 - 52s/epoch - 819ms/step
Epoch 49/100

Epoch 00049: mean_squared_error improved from 0.00000 to 0.00000, saving model to /gpfswork/rech/ynx/uds36vp/repos/wf-SEDs/projected_learning/wf-outputs/chkp/8_bins/chkp_callback_poly_2_cycles_256_no_proj_d2_3_cycle1
63/63 - 52s - loss: 9.6712e-07 - mean_squared_error: 1.3817e-06 - val_loss: 2.0966e-08 - val_mean_squared_error: 2.0966e-08 - 52s/epoch - 820ms/step
Epoch 50/100

Epoch 00050: mean_squared_error did not improve from 0.00000
63/63 - 52s - loss: 9.7115e-07 - mean_squared_error: 1.3847e-06 - val_loss: 2.0779e-08 - val_mean_squared_error: 2.0779e-08 - 52s/epoch - 820ms/step
Epoch 51/100

Epoch 00051: mean_squared_error improved from 0.00000 to 0.00000, saving model to /gpfswork/rech/ynx/uds36vp/repos/wf-SEDs/projected_learning/wf-outputs/chkp/8_bins/chkp_callback_poly_2_cycles_256_no_proj_d2_3_cycle1
63/63 - 52s - loss: 9.6473e-07 - mean_squared_error: 1.3801e-06 - val_loss: 1.5304e-08 - val_mean_squared_error: 1.5304e-08 - 52s/epoch - 820ms/step
Epoch 52/100

Epoch 00052: mean_squared_error improved from 0.00000 to 0.00000, saving model to /gpfswork/rech/ynx/uds36vp/repos/wf-SEDs/projected_learning/wf-outputs/chkp/8_bins/chkp_callback_poly_2_cycles_256_no_proj_d2_3_cycle1
63/63 - 52s - loss: 9.6467e-07 - mean_squared_error: 1.3798e-06 - val_loss: 1.6184e-08 - val_mean_squared_error: 1.6184e-08 - 52s/epoch - 820ms/step
Epoch 53/100

Epoch 00053: mean_squared_error improved from 0.00000 to 0.00000, saving model to /gpfswork/rech/ynx/uds36vp/repos/wf-SEDs/projected_learning/wf-outputs/chkp/8_bins/chkp_callback_poly_2_cycles_256_no_proj_d2_3_cycle1
63/63 - 52s - loss: 9.6420e-07 - mean_squared_error: 1.3794e-06 - val_loss: 1.7240e-08 - val_mean_squared_error: 1.7240e-08 - 52s/epoch - 820ms/step
Epoch 54/100

Epoch 00054: mean_squared_error did not improve from 0.00000
63/63 - 52s - loss: 9.6506e-07 - mean_squared_error: 1.3800e-06 - val_loss: 1.5104e-08 - val_mean_squared_error: 1.5104e-08 - 52s/epoch - 820ms/step
Epoch 55/100

Epoch 00055: mean_squared_error improved from 0.00000 to 0.00000, saving model to /gpfswork/rech/ynx/uds36vp/repos/wf-SEDs/projected_learning/wf-outputs/chkp/8_bins/chkp_callback_poly_2_cycles_256_no_proj_d2_3_cycle1
63/63 - 52s - loss: 9.6320e-07 - mean_squared_error: 1.3786e-06 - val_loss: 1.4144e-08 - val_mean_squared_error: 1.4144e-08 - 52s/epoch - 820ms/step
Epoch 56/100

Epoch 00056: mean_squared_error improved from 0.00000 to 0.00000, saving model to /gpfswork/rech/ynx/uds36vp/repos/wf-SEDs/projected_learning/wf-outputs/chkp/8_bins/chkp_callback_poly_2_cycles_256_no_proj_d2_3_cycle1
63/63 - 52s - loss: 9.6300e-07 - mean_squared_error: 1.3784e-06 - val_loss: 1.3994e-08 - val_mean_squared_error: 1.3994e-08 - 52s/epoch - 820ms/step
Epoch 57/100

Epoch 00057: mean_squared_error did not improve from 0.00000
63/63 - 52s - loss: 9.6328e-07 - mean_squared_error: 1.3786e-06 - val_loss: 1.4506e-08 - val_mean_squared_error: 1.4506e-08 - 52s/epoch - 820ms/step
Epoch 58/100

Epoch 00058: mean_squared_error did not improve from 0.00000
63/63 - 52s - loss: 9.6314e-07 - mean_squared_error: 1.3786e-06 - val_loss: 1.4120e-08 - val_mean_squared_error: 1.4120e-08 - 52s/epoch - 820ms/step
Epoch 59/100

Epoch 00059: mean_squared_error improved from 0.00000 to 0.00000, saving model to /gpfswork/rech/ynx/uds36vp/repos/wf-SEDs/projected_learning/wf-outputs/chkp/8_bins/chkp_callback_poly_2_cycles_256_no_proj_d2_3_cycle1
63/63 - 52s - loss: 9.6252e-07 - mean_squared_error: 1.3779e-06 - val_loss: 1.4170e-08 - val_mean_squared_error: 1.4170e-08 - 52s/epoch - 821ms/step
Epoch 60/100

Epoch 00060: mean_squared_error did not improve from 0.00000
63/63 - 52s - loss: 9.6299e-07 - mean_squared_error: 1.3783e-06 - val_loss: 1.3589e-08 - val_mean_squared_error: 1.3589e-08 - 52s/epoch - 821ms/step
Epoch 61/100

Epoch 00061: mean_squared_error improved from 0.00000 to 0.00000, saving model to /gpfswork/rech/ynx/uds36vp/repos/wf-SEDs/projected_learning/wf-outputs/chkp/8_bins/chkp_callback_poly_2_cycles_256_no_proj_d2_3_cycle1
63/63 - 52s - loss: 9.6111e-07 - mean_squared_error: 1.3768e-06 - val_loss: 1.3357e-08 - val_mean_squared_error: 1.3357e-08 - 52s/epoch - 823ms/step
Epoch 62/100

Epoch 00062: mean_squared_error did not improve from 0.00000
63/63 - 52s - loss: 9.6432e-07 - mean_squared_error: 1.3792e-06 - val_loss: 2.0216e-08 - val_mean_squared_error: 2.0216e-08 - 52s/epoch - 820ms/step
Epoch 63/100

Epoch 00063: mean_squared_error did not improve from 0.00000
63/63 - 52s - loss: 9.6719e-07 - mean_squared_error: 1.3812e-06 - val_loss: 1.6037e-08 - val_mean_squared_error: 1.6037e-08 - 52s/epoch - 828ms/step
Epoch 64/100

Epoch 00064: mean_squared_error did not improve from 0.00000
63/63 - 52s - loss: 9.6257e-07 - mean_squared_error: 1.3779e-06 - val_loss: 1.4089e-08 - val_mean_squared_error: 1.4089e-08 - 52s/epoch - 824ms/step
Epoch 65/100

Epoch 00065: mean_squared_error did not improve from 0.00000
63/63 - 52s - loss: 9.6352e-07 - mean_squared_error: 1.3783e-06 - val_loss: 1.4684e-08 - val_mean_squared_error: 1.4684e-08 - 52s/epoch - 820ms/step
Epoch 66/100

Epoch 00066: mean_squared_error did not improve from 0.00000
63/63 - 52s - loss: 9.6123e-07 - mean_squared_error: 1.3768e-06 - val_loss: 1.3350e-08 - val_mean_squared_error: 1.3350e-08 - 52s/epoch - 819ms/step
Epoch 67/100

Epoch 00067: mean_squared_error improved from 0.00000 to 0.00000, saving model to /gpfswork/rech/ynx/uds36vp/repos/wf-SEDs/projected_learning/wf-outputs/chkp/8_bins/chkp_callback_poly_2_cycles_256_no_proj_d2_3_cycle1
63/63 - 52s - loss: 9.6087e-07 - mean_squared_error: 1.3765e-06 - val_loss: 1.3751e-08 - val_mean_squared_error: 1.3751e-08 - 52s/epoch - 820ms/step
Epoch 68/100

Epoch 00068: mean_squared_error did not improve from 0.00000
63/63 - 52s - loss: 9.6111e-07 - mean_squared_error: 1.3766e-06 - val_loss: 1.3047e-08 - val_mean_squared_error: 1.3047e-08 - 52s/epoch - 819ms/step
Epoch 69/100

Epoch 00069: mean_squared_error improved from 0.00000 to 0.00000, saving model to /gpfswork/rech/ynx/uds36vp/repos/wf-SEDs/projected_learning/wf-outputs/chkp/8_bins/chkp_callback_poly_2_cycles_256_no_proj_d2_3_cycle1
63/63 - 52s - loss: 9.6060e-07 - mean_squared_error: 1.3761e-06 - val_loss: 1.2325e-08 - val_mean_squared_error: 1.2325e-08 - 52s/epoch - 820ms/step
Epoch 70/100

Epoch 00070: mean_squared_error improved from 0.00000 to 0.00000, saving model to /gpfswork/rech/ynx/uds36vp/repos/wf-SEDs/projected_learning/wf-outputs/chkp/8_bins/chkp_callback_poly_2_cycles_256_no_proj_d2_3_cycle1
63/63 - 52s - loss: 9.5990e-07 - mean_squared_error: 1.3757e-06 - val_loss: 1.2264e-08 - val_mean_squared_error: 1.2264e-08 - 52s/epoch - 824ms/step
Epoch 71/100

Epoch 00071: mean_squared_error improved from 0.00000 to 0.00000, saving model to /gpfswork/rech/ynx/uds36vp/repos/wf-SEDs/projected_learning/wf-outputs/chkp/8_bins/chkp_callback_poly_2_cycles_256_no_proj_d2_3_cycle1
63/63 - 52s - loss: 9.5953e-07 - mean_squared_error: 1.3751e-06 - val_loss: 1.2609e-08 - val_mean_squared_error: 1.2609e-08 - 52s/epoch - 821ms/step
Epoch 72/100

Epoch 00072: mean_squared_error did not improve from 0.00000
63/63 - 52s - loss: 9.5986e-07 - mean_squared_error: 1.3756e-06 - val_loss: 1.3344e-08 - val_mean_squared_error: 1.3344e-08 - 52s/epoch - 821ms/step
Epoch 73/100

Epoch 00073: mean_squared_error did not improve from 0.00000
63/63 - 52s - loss: 9.6095e-07 - mean_squared_error: 1.3762e-06 - val_loss: 1.3572e-08 - val_mean_squared_error: 1.3572e-08 - 52s/epoch - 829ms/step
Epoch 74/100

Epoch 00074: mean_squared_error did not improve from 0.00000
63/63 - 52s - loss: 9.5970e-07 - mean_squared_error: 1.3753e-06 - val_loss: 1.1790e-08 - val_mean_squared_error: 1.1790e-08 - 52s/epoch - 823ms/step
Epoch 75/100

Epoch 00075: mean_squared_error did not improve from 0.00000
63/63 - 52s - loss: 9.5983e-07 - mean_squared_error: 1.3755e-06 - val_loss: 1.3149e-08 - val_mean_squared_error: 1.3149e-08 - 52s/epoch - 822ms/step
Epoch 76/100

Epoch 00076: mean_squared_error improved from 0.00000 to 0.00000, saving model to /gpfswork/rech/ynx/uds36vp/repos/wf-SEDs/projected_learning/wf-outputs/chkp/8_bins/chkp_callback_poly_2_cycles_256_no_proj_d2_3_cycle1
63/63 - 52s - loss: 9.5964e-07 - mean_squared_error: 1.3751e-06 - val_loss: 1.0994e-08 - val_mean_squared_error: 1.0994e-08 - 52s/epoch - 824ms/step
Epoch 77/100

Epoch 00077: mean_squared_error improved from 0.00000 to 0.00000, saving model to /gpfswork/rech/ynx/uds36vp/repos/wf-SEDs/projected_learning/wf-outputs/chkp/8_bins/chkp_callback_poly_2_cycles_256_no_proj_d2_3_cycle1
63/63 - 52s - loss: 9.5846e-07 - mean_squared_error: 1.3744e-06 - val_loss: 1.1067e-08 - val_mean_squared_error: 1.1067e-08 - 52s/epoch - 820ms/step
Epoch 78/100

Epoch 00078: mean_squared_error improved from 0.00000 to 0.00000, saving model to /gpfswork/rech/ynx/uds36vp/repos/wf-SEDs/projected_learning/wf-outputs/chkp/8_bins/chkp_callback_poly_2_cycles_256_no_proj_d2_3_cycle1
63/63 - 52s - loss: 9.5843e-07 - mean_squared_error: 1.3743e-06 - val_loss: 1.2679e-08 - val_mean_squared_error: 1.2679e-08 - 52s/epoch - 820ms/step
Epoch 79/100

Epoch 00079: mean_squared_error did not improve from 0.00000
63/63 - 52s - loss: 9.5923e-07 - mean_squared_error: 1.3748e-06 - val_loss: 1.1745e-08 - val_mean_squared_error: 1.1745e-08 - 52s/epoch - 820ms/step
Epoch 80/100

Epoch 00080: mean_squared_error did not improve from 0.00000
63/63 - 52s - loss: 9.5933e-07 - mean_squared_error: 1.3750e-06 - val_loss: 1.1481e-08 - val_mean_squared_error: 1.1481e-08 - 52s/epoch - 820ms/step
Epoch 81/100

Epoch 00081: mean_squared_error did not improve from 0.00000
63/63 - 52s - loss: 9.5919e-07 - mean_squared_error: 1.3748e-06 - val_loss: 1.5184e-08 - val_mean_squared_error: 1.5184e-08 - 52s/epoch - 820ms/step
Epoch 82/100

Epoch 00082: mean_squared_error did not improve from 0.00000
63/63 - 52s - loss: 9.6078e-07 - mean_squared_error: 1.3761e-06 - val_loss: 1.1991e-08 - val_mean_squared_error: 1.1991e-08 - 52s/epoch - 820ms/step
Epoch 83/100

Epoch 00083: mean_squared_error did not improve from 0.00000
63/63 - 52s - loss: 9.5966e-07 - mean_squared_error: 1.3753e-06 - val_loss: 1.1328e-08 - val_mean_squared_error: 1.1328e-08 - 52s/epoch - 819ms/step
Epoch 84/100

Epoch 00084: mean_squared_error did not improve from 0.00000
63/63 - 52s - loss: 9.5911e-07 - mean_squared_error: 1.3748e-06 - val_loss: 1.2541e-08 - val_mean_squared_error: 1.2541e-08 - 52s/epoch - 819ms/step
Epoch 85/100

Epoch 00085: mean_squared_error did not improve from 0.00000
63/63 - 52s - loss: 9.5935e-07 - mean_squared_error: 1.3748e-06 - val_loss: 1.0713e-08 - val_mean_squared_error: 1.0713e-08 - 52s/epoch - 820ms/step
Epoch 86/100

Epoch 00086: mean_squared_error improved from 0.00000 to 0.00000, saving model to /gpfswork/rech/ynx/uds36vp/repos/wf-SEDs/projected_learning/wf-outputs/chkp/8_bins/chkp_callback_poly_2_cycles_256_no_proj_d2_3_cycle1
63/63 - 52s - loss: 9.5806e-07 - mean_squared_error: 1.3739e-06 - val_loss: 1.0809e-08 - val_mean_squared_error: 1.0809e-08 - 52s/epoch - 820ms/step
Epoch 87/100

Epoch 00087: mean_squared_error improved from 0.00000 to 0.00000, saving model to /gpfswork/rech/ynx/uds36vp/repos/wf-SEDs/projected_learning/wf-outputs/chkp/8_bins/chkp_callback_poly_2_cycles_256_no_proj_d2_3_cycle1
63/63 - 52s - loss: 9.5725e-07 - mean_squared_error: 1.3733e-06 - val_loss: 1.0321e-08 - val_mean_squared_error: 1.0321e-08 - 52s/epoch - 820ms/step
Epoch 88/100

Epoch 00088: mean_squared_error improved from 0.00000 to 0.00000, saving model to /gpfswork/rech/ynx/uds36vp/repos/wf-SEDs/projected_learning/wf-outputs/chkp/8_bins/chkp_callback_poly_2_cycles_256_no_proj_d2_3_cycle1
63/63 - 52s - loss: 9.5690e-07 - mean_squared_error: 1.3730e-06 - val_loss: 1.0128e-08 - val_mean_squared_error: 1.0128e-08 - 52s/epoch - 820ms/step
Epoch 89/100

Epoch 00089: mean_squared_error did not improve from 0.00000
63/63 - 52s - loss: 9.5955e-07 - mean_squared_error: 1.3747e-06 - val_loss: 1.2496e-08 - val_mean_squared_error: 1.2496e-08 - 52s/epoch - 820ms/step
Epoch 90/100

Epoch 00090: mean_squared_error did not improve from 0.00000
63/63 - 52s - loss: 9.6143e-07 - mean_squared_error: 1.3762e-06 - val_loss: 2.2090e-08 - val_mean_squared_error: 2.2090e-08 - 52s/epoch - 820ms/step
Epoch 91/100

Epoch 00091: mean_squared_error did not improve from 0.00000
63/63 - 52s - loss: 9.6646e-07 - mean_squared_error: 1.3803e-06 - val_loss: 1.3157e-08 - val_mean_squared_error: 1.3157e-08 - 52s/epoch - 819ms/step
Epoch 92/100

Epoch 00092: mean_squared_error did not improve from 0.00000
63/63 - 52s - loss: 9.5998e-07 - mean_squared_error: 1.3752e-06 - val_loss: 1.1881e-08 - val_mean_squared_error: 1.1881e-08 - 52s/epoch - 820ms/step
Epoch 93/100

Epoch 00093: mean_squared_error did not improve from 0.00000
63/63 - 52s - loss: 9.5751e-07 - mean_squared_error: 1.3733e-06 - val_loss: 1.0448e-08 - val_mean_squared_error: 1.0448e-08 - 52s/epoch - 818ms/step
Epoch 94/100

Epoch 00094: mean_squared_error did not improve from 0.00000
63/63 - 52s - loss: 9.5859e-07 - mean_squared_error: 1.3741e-06 - val_loss: 9.4300e-09 - val_mean_squared_error: 9.4300e-09 - 52s/epoch - 820ms/step
Epoch 95/100

Epoch 00095: mean_squared_error improved from 0.00000 to 0.00000, saving model to /gpfswork/rech/ynx/uds36vp/repos/wf-SEDs/projected_learning/wf-outputs/chkp/8_bins/chkp_callback_poly_2_cycles_256_no_proj_d2_3_cycle1
63/63 - 52s - loss: 9.5591e-07 - mean_squared_error: 1.3721e-06 - val_loss: 1.0060e-08 - val_mean_squared_error: 1.0060e-08 - 52s/epoch - 822ms/step
Epoch 96/100

Epoch 00096: mean_squared_error did not improve from 0.00000
63/63 - 52s - loss: 9.6043e-07 - mean_squared_error: 1.3754e-06 - val_loss: 1.1120e-08 - val_mean_squared_error: 1.1120e-08 - 52s/epoch - 819ms/step
Epoch 97/100

Epoch 00097: mean_squared_error did not improve from 0.00000
63/63 - 52s - loss: 9.5825e-07 - mean_squared_error: 1.3738e-06 - val_loss: 1.0869e-08 - val_mean_squared_error: 1.0869e-08 - 52s/epoch - 820ms/step
Epoch 98/100

Epoch 00098: mean_squared_error did not improve from 0.00000
63/63 - 52s - loss: 9.5744e-07 - mean_squared_error: 1.3733e-06 - val_loss: 1.0160e-08 - val_mean_squared_error: 1.0160e-08 - 52s/epoch - 820ms/step
Epoch 99/100

Epoch 00099: mean_squared_error did not improve from 0.00000
63/63 - 52s - loss: 9.5648e-07 - mean_squared_error: 1.3725e-06 - val_loss: 1.0019e-08 - val_mean_squared_error: 1.0019e-08 - 52s/epoch - 820ms/step
Epoch 100/100

Epoch 00100: mean_squared_error did not improve from 0.00000
63/63 - 52s - loss: 9.5700e-07 - mean_squared_error: 1.3728e-06 - val_loss: 9.8536e-09 - val_mean_squared_error: 9.8536e-09 - 52s/epoch - 820ms/step
Cycle1 elapsed time: 5966.458797
Starting cycle 2..
Starting parametric update..
Epoch 1/15

Epoch 00001: mean_squared_error improved from inf to 0.00000, saving model to /gpfswork/rech/ynx/uds36vp/repos/wf-SEDs/projected_learning/wf-outputs/chkp/8_bins/chkp_callback_poly_2_cycles_256_no_proj_d2_3_cycle2
63/63 - 54s - loss: 9.5737e-07 - mean_squared_error: 1.3731e-06 - val_loss: 1.0504e-08 - val_mean_squared_error: 1.0504e-08 - 54s/epoch - 859ms/step
Epoch 2/15

Epoch 00002: mean_squared_error did not improve from 0.00000
63/63 - 51s - loss: 9.5878e-07 - mean_squared_error: 1.3743e-06 - val_loss: 1.2189e-08 - val_mean_squared_error: 1.2189e-08 - 51s/epoch - 814ms/step
Epoch 3/15

Epoch 00003: mean_squared_error did not improve from 0.00000
63/63 - 51s - loss: 9.6097e-07 - mean_squared_error: 1.3760e-06 - val_loss: 1.5290e-08 - val_mean_squared_error: 1.5290e-08 - 51s/epoch - 816ms/step
Epoch 4/15

Epoch 00004: mean_squared_error did not improve from 0.00000
63/63 - 52s - loss: 9.6139e-07 - mean_squared_error: 1.3763e-06 - val_loss: 1.3880e-08 - val_mean_squared_error: 1.3880e-08 - 52s/epoch - 821ms/step
Epoch 5/15

Epoch 00005: mean_squared_error did not improve from 0.00000
63/63 - 51s - loss: 9.6630e-07 - mean_squared_error: 1.3810e-06 - val_loss: 1.9054e-08 - val_mean_squared_error: 1.9054e-08 - 51s/epoch - 817ms/step
Epoch 6/15

Epoch 00006: mean_squared_error did not improve from 0.00000
63/63 - 51s - loss: 9.6915e-07 - mean_squared_error: 1.3832e-06 - val_loss: 1.5383e-08 - val_mean_squared_error: 1.5383e-08 - 51s/epoch - 813ms/step
Epoch 7/15

Epoch 00007: mean_squared_error did not improve from 0.00000
63/63 - 51s - loss: 9.7212e-07 - mean_squared_error: 1.3853e-06 - val_loss: 1.9344e-08 - val_mean_squared_error: 1.9344e-08 - 51s/epoch - 814ms/step
Epoch 8/15

Epoch 00008: mean_squared_error did not improve from 0.00000
63/63 - 51s - loss: 9.6061e-07 - mean_squared_error: 1.3760e-06 - val_loss: 1.1454e-08 - val_mean_squared_error: 1.1454e-08 - 51s/epoch - 814ms/step
Epoch 9/15

Epoch 00009: mean_squared_error did not improve from 0.00000
63/63 - 51s - loss: 9.6605e-07 - mean_squared_error: 1.3806e-06 - val_loss: 2.0088e-08 - val_mean_squared_error: 2.0088e-08 - 51s/epoch - 814ms/step
Epoch 10/15

Epoch 00010: mean_squared_error did not improve from 0.00000
63/63 - 51s - loss: 9.6366e-07 - mean_squared_error: 1.3784e-06 - val_loss: 1.8110e-08 - val_mean_squared_error: 1.8110e-08 - 51s/epoch - 814ms/step
Epoch 11/15

Epoch 00011: mean_squared_error did not improve from 0.00000
63/63 - 51s - loss: 9.7266e-07 - mean_squared_error: 1.3860e-06 - val_loss: 1.8400e-08 - val_mean_squared_error: 1.8400e-08 - 51s/epoch - 814ms/step
Epoch 12/15

Epoch 00012: mean_squared_error did not improve from 0.00000
63/63 - 51s - loss: 9.9393e-07 - mean_squared_error: 1.4031e-06 - val_loss: 3.5838e-08 - val_mean_squared_error: 3.5838e-08 - 51s/epoch - 814ms/step
Epoch 13/15

Epoch 00013: mean_squared_error did not improve from 0.00000
63/63 - 51s - loss: 1.0248e-06 - mean_squared_error: 1.4291e-06 - val_loss: 8.8395e-08 - val_mean_squared_error: 8.8395e-08 - 51s/epoch - 815ms/step
Epoch 14/15

Epoch 00014: mean_squared_error did not improve from 0.00000
63/63 - 51s - loss: 9.8418e-07 - mean_squared_error: 1.3970e-06 - val_loss: 1.7078e-08 - val_mean_squared_error: 1.7078e-08 - 51s/epoch - 814ms/step
Epoch 15/15

Epoch 00015: mean_squared_error did not improve from 0.00000
63/63 - 51s - loss: 9.6175e-07 - mean_squared_error: 1.3770e-06 - val_loss: 1.6613e-08 - val_mean_squared_error: 1.6613e-08 - 51s/epoch - 813ms/step
Starting non-parametric update..
Epoch 1/50

Epoch 00001: mean_squared_error did not improve from 0.00000
63/63 - 54s - loss: 9.5757e-07 - mean_squared_error: 1.3735e-06 - val_loss: 8.6670e-09 - val_mean_squared_error: 8.6670e-09 - 54s/epoch - 859ms/step
Epoch 2/50

Epoch 00002: mean_squared_error improved from 0.00000 to 0.00000, saving model to /gpfswork/rech/ynx/uds36vp/repos/wf-SEDs/projected_learning/wf-outputs/chkp/8_bins/chkp_callback_poly_2_cycles_256_no_proj_d2_3_cycle2
63/63 - 51s - loss: 9.5423e-07 - mean_squared_error: 1.3707e-06 - val_loss: 8.3688e-09 - val_mean_squared_error: 8.3688e-09 - 51s/epoch - 816ms/step
Epoch 3/50

Epoch 00003: mean_squared_error improved from 0.00000 to 0.00000, saving model to /gpfswork/rech/ynx/uds36vp/repos/wf-SEDs/projected_learning/wf-outputs/chkp/8_bins/chkp_callback_poly_2_cycles_256_no_proj_d2_3_cycle2
63/63 - 51s - loss: 9.5393e-07 - mean_squared_error: 1.3705e-06 - val_loss: 8.2686e-09 - val_mean_squared_error: 8.2686e-09 - 51s/epoch - 813ms/step
Epoch 4/50

Epoch 00004: mean_squared_error improved from 0.00000 to 0.00000, saving model to /gpfswork/rech/ynx/uds36vp/repos/wf-SEDs/projected_learning/wf-outputs/chkp/8_bins/chkp_callback_poly_2_cycles_256_no_proj_d2_3_cycle2
63/63 - 51s - loss: 9.5385e-07 - mean_squared_error: 1.3704e-06 - val_loss: 8.2308e-09 - val_mean_squared_error: 8.2308e-09 - 51s/epoch - 817ms/step
Epoch 5/50

Epoch 00005: mean_squared_error improved from 0.00000 to 0.00000, saving model to /gpfswork/rech/ynx/uds36vp/repos/wf-SEDs/projected_learning/wf-outputs/chkp/8_bins/chkp_callback_poly_2_cycles_256_no_proj_d2_3_cycle2
63/63 - 51s - loss: 9.5382e-07 - mean_squared_error: 1.3704e-06 - val_loss: 8.1873e-09 - val_mean_squared_error: 8.1873e-09 - 51s/epoch - 815ms/step
Epoch 6/50

Epoch 00006: mean_squared_error improved from 0.00000 to 0.00000, saving model to /gpfswork/rech/ynx/uds36vp/repos/wf-SEDs/projected_learning/wf-outputs/chkp/8_bins/chkp_callback_poly_2_cycles_256_no_proj_d2_3_cycle2
63/63 - 51s - loss: 9.5379e-07 - mean_squared_error: 1.3704e-06 - val_loss: 8.2740e-09 - val_mean_squared_error: 8.2740e-09 - 51s/epoch - 810ms/step
Epoch 7/50

Epoch 00007: mean_squared_error improved from 0.00000 to 0.00000, saving model to /gpfswork/rech/ynx/uds36vp/repos/wf-SEDs/projected_learning/wf-outputs/chkp/8_bins/chkp_callback_poly_2_cycles_256_no_proj_d2_3_cycle2
63/63 - 51s - loss: 9.5382e-07 - mean_squared_error: 1.3704e-06 - val_loss: 8.2230e-09 - val_mean_squared_error: 8.2230e-09 - 51s/epoch - 809ms/step
Epoch 8/50

Epoch 00008: mean_squared_error did not improve from 0.00000
63/63 - 51s - loss: 9.5391e-07 - mean_squared_error: 1.3704e-06 - val_loss: 8.1933e-09 - val_mean_squared_error: 8.1933e-09 - 51s/epoch - 807ms/step
Epoch 9/50

Epoch 00009: mean_squared_error improved from 0.00000 to 0.00000, saving model to /gpfswork/rech/ynx/uds36vp/repos/wf-SEDs/projected_learning/wf-outputs/chkp/8_bins/chkp_callback_poly_2_cycles_256_no_proj_d2_3_cycle2
63/63 - 51s - loss: 9.5380e-07 - mean_squared_error: 1.3703e-06 - val_loss: 8.0671e-09 - val_mean_squared_error: 8.0671e-09 - 51s/epoch - 807ms/step
Epoch 10/50

Epoch 00010: mean_squared_error did not improve from 0.00000
63/63 - 51s - loss: 9.5383e-07 - mean_squared_error: 1.3704e-06 - val_loss: 8.3201e-09 - val_mean_squared_error: 8.3201e-09 - 51s/epoch - 806ms/step
Epoch 11/50

Epoch 00011: mean_squared_error did not improve from 0.00000
63/63 - 51s - loss: 9.5385e-07 - mean_squared_error: 1.3704e-06 - val_loss: 8.1789e-09 - val_mean_squared_error: 8.1789e-09 - 51s/epoch - 806ms/step
Epoch 12/50

Epoch 00012: mean_squared_error did not improve from 0.00000
63/63 - 51s - loss: 9.5388e-07 - mean_squared_error: 1.3704e-06 - val_loss: 8.3668e-09 - val_mean_squared_error: 8.3668e-09 - 51s/epoch - 807ms/step
Epoch 13/50

Epoch 00013: mean_squared_error did not improve from 0.00000
63/63 - 51s - loss: 9.5385e-07 - mean_squared_error: 1.3704e-06 - val_loss: 8.2766e-09 - val_mean_squared_error: 8.2766e-09 - 51s/epoch - 805ms/step
Epoch 14/50

Epoch 00014: mean_squared_error improved from 0.00000 to 0.00000, saving model to /gpfswork/rech/ynx/uds36vp/repos/wf-SEDs/projected_learning/wf-outputs/chkp/8_bins/chkp_callback_poly_2_cycles_256_no_proj_d2_3_cycle2
63/63 - 51s - loss: 9.5381e-07 - mean_squared_error: 1.3703e-06 - val_loss: 8.1314e-09 - val_mean_squared_error: 8.1314e-09 - 51s/epoch - 807ms/step
Epoch 15/50

Epoch 00015: mean_squared_error improved from 0.00000 to 0.00000, saving model to /gpfswork/rech/ynx/uds36vp/repos/wf-SEDs/projected_learning/wf-outputs/chkp/8_bins/chkp_callback_poly_2_cycles_256_no_proj_d2_3_cycle2
63/63 - 51s - loss: 9.5378e-07 - mean_squared_error: 1.3703e-06 - val_loss: 8.1335e-09 - val_mean_squared_error: 8.1335e-09 - 51s/epoch - 807ms/step
Epoch 16/50

Epoch 00016: mean_squared_error improved from 0.00000 to 0.00000, saving model to /gpfswork/rech/ynx/uds36vp/repos/wf-SEDs/projected_learning/wf-outputs/chkp/8_bins/chkp_callback_poly_2_cycles_256_no_proj_d2_3_cycle2
63/63 - 51s - loss: 9.5370e-07 - mean_squared_error: 1.3702e-06 - val_loss: 8.3457e-09 - val_mean_squared_error: 8.3457e-09 - 51s/epoch - 810ms/step
Epoch 17/50

Epoch 00017: mean_squared_error did not improve from 0.00000
63/63 - 51s - loss: 9.5381e-07 - mean_squared_error: 1.3703e-06 - val_loss: 8.0432e-09 - val_mean_squared_error: 8.0432e-09 - 51s/epoch - 808ms/step
Epoch 18/50

Epoch 00018: mean_squared_error improved from 0.00000 to 0.00000, saving model to /gpfswork/rech/ynx/uds36vp/repos/wf-SEDs/projected_learning/wf-outputs/chkp/8_bins/chkp_callback_poly_2_cycles_256_no_proj_d2_3_cycle2
63/63 - 51s - loss: 9.5366e-07 - mean_squared_error: 1.3702e-06 - val_loss: 8.2318e-09 - val_mean_squared_error: 8.2318e-09 - 51s/epoch - 810ms/step
Epoch 19/50

Epoch 00019: mean_squared_error did not improve from 0.00000
63/63 - 50s - loss: 9.5376e-07 - mean_squared_error: 1.3703e-06 - val_loss: 8.1474e-09 - val_mean_squared_error: 8.1474e-09 - 50s/epoch - 802ms/step
Epoch 20/50

Epoch 00020: mean_squared_error did not improve from 0.00000
63/63 - 51s - loss: 9.5384e-07 - mean_squared_error: 1.3703e-06 - val_loss: 8.0882e-09 - val_mean_squared_error: 8.0882e-09 - 51s/epoch - 802ms/step
Epoch 21/50

Epoch 00021: mean_squared_error did not improve from 0.00000
63/63 - 51s - loss: 9.5369e-07 - mean_squared_error: 1.3702e-06 - val_loss: 8.0843e-09 - val_mean_squared_error: 8.0843e-09 - 51s/epoch - 802ms/step
Epoch 22/50

Epoch 00022: mean_squared_error did not improve from 0.00000
63/63 - 51s - loss: 9.5378e-07 - mean_squared_error: 1.3702e-06 - val_loss: 8.4438e-09 - val_mean_squared_error: 8.4438e-09 - 51s/epoch - 802ms/step
Epoch 23/50

Epoch 00023: mean_squared_error did not improve from 0.00000
63/63 - 51s - loss: 9.5370e-07 - mean_squared_error: 1.3702e-06 - val_loss: 8.0617e-09 - val_mean_squared_error: 8.0617e-09 - 51s/epoch - 802ms/step
Epoch 24/50

Epoch 00024: mean_squared_error improved from 0.00000 to 0.00000, saving model to /gpfswork/rech/ynx/uds36vp/repos/wf-SEDs/projected_learning/wf-outputs/chkp/8_bins/chkp_callback_poly_2_cycles_256_no_proj_d2_3_cycle2
63/63 - 51s - loss: 9.5365e-07 - mean_squared_error: 1.3701e-06 - val_loss: 8.0321e-09 - val_mean_squared_error: 8.0321e-09 - 51s/epoch - 803ms/step
Epoch 25/50

Epoch 00025: mean_squared_error did not improve from 0.00000
63/63 - 51s - loss: 9.5362e-07 - mean_squared_error: 1.3701e-06 - val_loss: 8.2023e-09 - val_mean_squared_error: 8.2023e-09 - 51s/epoch - 802ms/step
Epoch 26/50

Epoch 00026: mean_squared_error did not improve from 0.00000
63/63 - 50s - loss: 9.5393e-07 - mean_squared_error: 1.3704e-06 - val_loss: 8.2332e-09 - val_mean_squared_error: 8.2332e-09 - 50s/epoch - 801ms/step
Epoch 27/50

Epoch 00027: mean_squared_error did not improve from 0.00000
63/63 - 51s - loss: 9.5400e-07 - mean_squared_error: 1.3704e-06 - val_loss: 8.3190e-09 - val_mean_squared_error: 8.3190e-09 - 51s/epoch - 802ms/step
Epoch 28/50

Epoch 00028: mean_squared_error improved from 0.00000 to 0.00000, saving model to /gpfswork/rech/ynx/uds36vp/repos/wf-SEDs/projected_learning/wf-outputs/chkp/8_bins/chkp_callback_poly_2_cycles_256_no_proj_d2_3_cycle2
63/63 - 51s - loss: 9.5358e-07 - mean_squared_error: 1.3701e-06 - val_loss: 8.0410e-09 - val_mean_squared_error: 8.0410e-09 - 51s/epoch - 802ms/step
Epoch 29/50

Epoch 00029: mean_squared_error improved from 0.00000 to 0.00000, saving model to /gpfswork/rech/ynx/uds36vp/repos/wf-SEDs/projected_learning/wf-outputs/chkp/8_bins/chkp_callback_poly_2_cycles_256_no_proj_d2_3_cycle2
63/63 - 51s - loss: 9.5361e-07 - mean_squared_error: 1.3700e-06 - val_loss: 8.4077e-09 - val_mean_squared_error: 8.4077e-09 - 51s/epoch - 802ms/step
Epoch 30/50

Epoch 00030: mean_squared_error did not improve from 0.00000
63/63 - 51s - loss: 9.5372e-07 - mean_squared_error: 1.3702e-06 - val_loss: 7.9660e-09 - val_mean_squared_error: 7.9660e-09 - 51s/epoch - 802ms/step
Epoch 31/50

Epoch 00031: mean_squared_error improved from 0.00000 to 0.00000, saving model to /gpfswork/rech/ynx/uds36vp/repos/wf-SEDs/projected_learning/wf-outputs/chkp/8_bins/chkp_callback_poly_2_cycles_256_no_proj_d2_3_cycle2
63/63 - 51s - loss: 9.5341e-07 - mean_squared_error: 1.3699e-06 - val_loss: 7.9098e-09 - val_mean_squared_error: 7.9098e-09 - 51s/epoch - 803ms/step
Epoch 32/50

Epoch 00032: mean_squared_error did not improve from 0.00000
63/63 - 50s - loss: 9.5354e-07 - mean_squared_error: 1.3700e-06 - val_loss: 8.2865e-09 - val_mean_squared_error: 8.2865e-09 - 50s/epoch - 802ms/step
Epoch 33/50

Epoch 00033: mean_squared_error did not improve from 0.00000
63/63 - 50s - loss: 9.5349e-07 - mean_squared_error: 1.3700e-06 - val_loss: 7.7781e-09 - val_mean_squared_error: 7.7781e-09 - 50s/epoch - 801ms/step
Epoch 34/50

Epoch 00034: mean_squared_error improved from 0.00000 to 0.00000, saving model to /gpfswork/rech/ynx/uds36vp/repos/wf-SEDs/projected_learning/wf-outputs/chkp/8_bins/chkp_callback_poly_2_cycles_256_no_proj_d2_3_cycle2
63/63 - 51s - loss: 9.5350e-07 - mean_squared_error: 1.3699e-06 - val_loss: 7.8775e-09 - val_mean_squared_error: 7.8775e-09 - 51s/epoch - 807ms/step
Epoch 35/50

Epoch 00035: mean_squared_error did not improve from 0.00000
63/63 - 51s - loss: 9.5347e-07 - mean_squared_error: 1.3699e-06 - val_loss: 8.6683e-09 - val_mean_squared_error: 8.6683e-09 - 51s/epoch - 809ms/step
Epoch 36/50

Epoch 00036: mean_squared_error did not improve from 0.00000
63/63 - 51s - loss: 9.5346e-07 - mean_squared_error: 1.3699e-06 - val_loss: 8.3012e-09 - val_mean_squared_error: 8.3012e-09 - 51s/epoch - 807ms/step
Epoch 37/50

Epoch 00037: mean_squared_error improved from 0.00000 to 0.00000, saving model to /gpfswork/rech/ynx/uds36vp/repos/wf-SEDs/projected_learning/wf-outputs/chkp/8_bins/chkp_callback_poly_2_cycles_256_no_proj_d2_3_cycle2
63/63 - 52s - loss: 9.5334e-07 - mean_squared_error: 1.3699e-06 - val_loss: 8.3292e-09 - val_mean_squared_error: 8.3292e-09 - 52s/epoch - 823ms/step
Epoch 38/50

Epoch 00038: mean_squared_error did not improve from 0.00000
63/63 - 51s - loss: 9.5346e-07 - mean_squared_error: 1.3699e-06 - val_loss: 8.1344e-09 - val_mean_squared_error: 8.1344e-09 - 51s/epoch - 804ms/step
Epoch 39/50

Epoch 00039: mean_squared_error did not improve from 0.00000
63/63 - 51s - loss: 9.5333e-07 - mean_squared_error: 1.3699e-06 - val_loss: 7.7509e-09 - val_mean_squared_error: 7.7509e-09 - 51s/epoch - 805ms/step
Epoch 40/50

Epoch 00040: mean_squared_error did not improve from 0.00000
63/63 - 51s - loss: 9.5355e-07 - mean_squared_error: 1.3699e-06 - val_loss: 7.9115e-09 - val_mean_squared_error: 7.9115e-09 - 51s/epoch - 805ms/step
Epoch 41/50

Epoch 00041: mean_squared_error improved from 0.00000 to 0.00000, saving model to /gpfswork/rech/ynx/uds36vp/repos/wf-SEDs/projected_learning/wf-outputs/chkp/8_bins/chkp_callback_poly_2_cycles_256_no_proj_d2_3_cycle2
63/63 - 51s - loss: 9.5327e-07 - mean_squared_error: 1.3698e-06 - val_loss: 7.8573e-09 - val_mean_squared_error: 7.8573e-09 - 51s/epoch - 804ms/step
Epoch 42/50

Epoch 00042: mean_squared_error did not improve from 0.00000
63/63 - 51s - loss: 9.5332e-07 - mean_squared_error: 1.3698e-06 - val_loss: 8.1943e-09 - val_mean_squared_error: 8.1943e-09 - 51s/epoch - 805ms/step
Epoch 43/50

Epoch 00043: mean_squared_error improved from 0.00000 to 0.00000, saving model to /gpfswork/rech/ynx/uds36vp/repos/wf-SEDs/projected_learning/wf-outputs/chkp/8_bins/chkp_callback_poly_2_cycles_256_no_proj_d2_3_cycle2
63/63 - 51s - loss: 9.5330e-07 - mean_squared_error: 1.3697e-06 - val_loss: 8.2865e-09 - val_mean_squared_error: 8.2865e-09 - 51s/epoch - 804ms/step
Epoch 44/50

Epoch 00044: mean_squared_error improved from 0.00000 to 0.00000, saving model to /gpfswork/rech/ynx/uds36vp/repos/wf-SEDs/projected_learning/wf-outputs/chkp/8_bins/chkp_callback_poly_2_cycles_256_no_proj_d2_3_cycle2
63/63 - 51s - loss: 9.5317e-07 - mean_squared_error: 1.3697e-06 - val_loss: 8.4050e-09 - val_mean_squared_error: 8.4050e-09 - 51s/epoch - 809ms/step
Epoch 45/50

Epoch 00045: mean_squared_error improved from 0.00000 to 0.00000, saving model to /gpfswork/rech/ynx/uds36vp/repos/wf-SEDs/projected_learning/wf-outputs/chkp/8_bins/chkp_callback_poly_2_cycles_256_no_proj_d2_3_cycle2
63/63 - 51s - loss: 9.5296e-07 - mean_squared_error: 1.3695e-06 - val_loss: 7.7730e-09 - val_mean_squared_error: 7.7730e-09 - 51s/epoch - 809ms/step
Epoch 46/50

Epoch 00046: mean_squared_error did not improve from 0.00000
63/63 - 51s - loss: 9.5311e-07 - mean_squared_error: 1.3696e-06 - val_loss: 7.7399e-09 - val_mean_squared_error: 7.7399e-09 - 51s/epoch - 804ms/step
Epoch 47/50

Epoch 00047: mean_squared_error did not improve from 0.00000
63/63 - 51s - loss: 9.5320e-07 - mean_squared_error: 1.3696e-06 - val_loss: 8.0302e-09 - val_mean_squared_error: 8.0302e-09 - 51s/epoch - 805ms/step
Epoch 48/50

Epoch 00048: mean_squared_error did not improve from 0.00000
63/63 - 51s - loss: 9.5301e-07 - mean_squared_error: 1.3695e-06 - val_loss: 7.6353e-09 - val_mean_squared_error: 7.6353e-09 - 51s/epoch - 805ms/step
Epoch 49/50

Epoch 00049: mean_squared_error did not improve from 0.00000
63/63 - 51s - loss: 9.5312e-07 - mean_squared_error: 1.3696e-06 - val_loss: 7.9279e-09 - val_mean_squared_error: 7.9279e-09 - 51s/epoch - 804ms/step
Epoch 50/50

Epoch 00050: mean_squared_error improved from 0.00000 to 0.00000, saving model to /gpfswork/rech/ynx/uds36vp/repos/wf-SEDs/projected_learning/wf-outputs/chkp/8_bins/chkp_callback_poly_2_cycles_256_no_proj_d2_3_cycle2
63/63 - 51s - loss: 9.5296e-07 - mean_squared_error: 1.3695e-06 - val_loss: 7.7062e-09 - val_mean_squared_error: 7.7062e-09 - 51s/epoch - 806ms/step
Cycle2 elapsed time: 3321.0098736286163

Total elapsed time: 9291.088703

 Good bye..
