Starting the log file.
Found GPU at: /device:GPU:0
tf_version: 2.7.0
Zernike cube:
(15, 256, 256)
Dataset parameters:
{'d_max': 2, 'max_order': 45, 'x_lims': [0, 1000.0], 'y_lims': [0, 1000.0], 'grid_points': [4, 4], 'n_bins': 350, 'max_wfe_rms': 0.1, 'oversampling_rate': 3.0, 'output_Q': 3.0, 'output_dim': 32, 'LP_filter_length': 2, 'pupil_diameter': 256, 'euclid_obsc': True, 'n_stars': 2000}
Starting cycle 1..
Starting parametric update..
Epoch 1/15

Epoch 00001: mean_squared_error improved from inf to 0.00001, saving model to /gpfswork/rech/ynx/uds36vp/repos/wf-SEDs/projected_learning/wf-outputs/chkp/8_bins/chkp_callback_poly_2_cycles_256_proj_d2_4_cycle1
63/63 - 63s - loss: 7.6710e-06 - mean_squared_error: 7.2267e-06 - val_loss: 1.7907e-06 - val_mean_squared_error: 1.7907e-06 - 63s/epoch - 992ms/step
Epoch 2/15

Epoch 00002: mean_squared_error improved from 0.00001 to 0.00000, saving model to /gpfswork/rech/ynx/uds36vp/repos/wf-SEDs/projected_learning/wf-outputs/chkp/8_bins/chkp_callback_poly_2_cycles_256_proj_d2_4_cycle1
63/63 - 58s - loss: 2.6269e-06 - mean_squared_error: 2.8547e-06 - val_loss: 1.2031e-06 - val_mean_squared_error: 1.2031e-06 - 58s/epoch - 926ms/step
Epoch 3/15

Epoch 00003: mean_squared_error improved from 0.00000 to 0.00000, saving model to /gpfswork/rech/ynx/uds36vp/repos/wf-SEDs/projected_learning/wf-outputs/chkp/8_bins/chkp_callback_poly_2_cycles_256_proj_d2_4_cycle1
63/63 - 58s - loss: 2.2977e-06 - mean_squared_error: 2.5501e-06 - val_loss: 1.0839e-06 - val_mean_squared_error: 1.0839e-06 - 58s/epoch - 919ms/step
Epoch 4/15

Epoch 00004: mean_squared_error improved from 0.00000 to 0.00000, saving model to /gpfswork/rech/ynx/uds36vp/repos/wf-SEDs/projected_learning/wf-outputs/chkp/8_bins/chkp_callback_poly_2_cycles_256_proj_d2_4_cycle1
63/63 - 58s - loss: 2.1836e-06 - mean_squared_error: 2.4384e-06 - val_loss: 9.4477e-07 - val_mean_squared_error: 9.4477e-07 - 58s/epoch - 921ms/step
Epoch 5/15

Epoch 00005: mean_squared_error improved from 0.00000 to 0.00000, saving model to /gpfswork/rech/ynx/uds36vp/repos/wf-SEDs/projected_learning/wf-outputs/chkp/8_bins/chkp_callback_poly_2_cycles_256_proj_d2_4_cycle1
63/63 - 58s - loss: 2.0375e-06 - mean_squared_error: 2.2951e-06 - val_loss: 8.8466e-07 - val_mean_squared_error: 8.8466e-07 - 58s/epoch - 925ms/step
Epoch 6/15

Epoch 00006: mean_squared_error improved from 0.00000 to 0.00000, saving model to /gpfswork/rech/ynx/uds36vp/repos/wf-SEDs/projected_learning/wf-outputs/chkp/8_bins/chkp_callback_poly_2_cycles_256_proj_d2_4_cycle1
63/63 - 58s - loss: 1.9508e-06 - mean_squared_error: 2.2091e-06 - val_loss: 7.8647e-07 - val_mean_squared_error: 7.8647e-07 - 58s/epoch - 915ms/step
Epoch 7/15

Epoch 00007: mean_squared_error improved from 0.00000 to 0.00000, saving model to /gpfswork/rech/ynx/uds36vp/repos/wf-SEDs/projected_learning/wf-outputs/chkp/8_bins/chkp_callback_poly_2_cycles_256_proj_d2_4_cycle1
63/63 - 58s - loss: 1.8978e-06 - mean_squared_error: 2.1602e-06 - val_loss: 7.7463e-07 - val_mean_squared_error: 7.7463e-07 - 58s/epoch - 922ms/step
Epoch 8/15

Epoch 00008: mean_squared_error improved from 0.00000 to 0.00000, saving model to /gpfswork/rech/ynx/uds36vp/repos/wf-SEDs/projected_learning/wf-outputs/chkp/8_bins/chkp_callback_poly_2_cycles_256_proj_d2_4_cycle1
63/63 - 58s - loss: 1.8613e-06 - mean_squared_error: 2.1268e-06 - val_loss: 7.6445e-07 - val_mean_squared_error: 7.6445e-07 - 58s/epoch - 919ms/step
Epoch 9/15

Epoch 00009: mean_squared_error improved from 0.00000 to 0.00000, saving model to /gpfswork/rech/ynx/uds36vp/repos/wf-SEDs/projected_learning/wf-outputs/chkp/8_bins/chkp_callback_poly_2_cycles_256_proj_d2_4_cycle1
63/63 - 58s - loss: 1.8144e-06 - mean_squared_error: 2.0865e-06 - val_loss: 7.4752e-07 - val_mean_squared_error: 7.4752e-07 - 58s/epoch - 923ms/step
Epoch 10/15

Epoch 00010: mean_squared_error improved from 0.00000 to 0.00000, saving model to /gpfswork/rech/ynx/uds36vp/repos/wf-SEDs/projected_learning/wf-outputs/chkp/8_bins/chkp_callback_poly_2_cycles_256_proj_d2_4_cycle1
63/63 - 60s - loss: 1.7999e-06 - mean_squared_error: 2.0736e-06 - val_loss: 6.9489e-07 - val_mean_squared_error: 6.9489e-07 - 60s/epoch - 951ms/step
Epoch 11/15

Epoch 00011: mean_squared_error did not improve from 0.00000
63/63 - 57s - loss: 1.8133e-06 - mean_squared_error: 2.0828e-06 - val_loss: 7.5966e-07 - val_mean_squared_error: 7.5966e-07 - 57s/epoch - 908ms/step
Epoch 12/15

Epoch 00012: mean_squared_error did not improve from 0.00000
63/63 - 58s - loss: 1.8778e-06 - mean_squared_error: 2.1340e-06 - val_loss: 7.1802e-07 - val_mean_squared_error: 7.1802e-07 - 58s/epoch - 914ms/step
Epoch 13/15

Epoch 00013: mean_squared_error did not improve from 0.00000
63/63 - 60s - loss: 1.8527e-06 - mean_squared_error: 2.1152e-06 - val_loss: 7.0215e-07 - val_mean_squared_error: 7.0215e-07 - 60s/epoch - 955ms/step
Epoch 14/15

Epoch 00014: mean_squared_error did not improve from 0.00000
63/63 - 57s - loss: 1.8561e-06 - mean_squared_error: 2.1224e-06 - val_loss: 7.2069e-07 - val_mean_squared_error: 7.2069e-07 - 57s/epoch - 900ms/step
Epoch 15/15

Epoch 00015: mean_squared_error did not improve from 0.00000
63/63 - 57s - loss: 1.8334e-06 - mean_squared_error: 2.1058e-06 - val_loss: 7.5047e-07 - val_mean_squared_error: 7.5047e-07 - 57s/epoch - 912ms/step
Starting non-parametric update..
Epoch 1/100

Epoch 00001: mean_squared_error improved from 0.00000 to 0.00000, saving model to /gpfswork/rech/ynx/uds36vp/repos/wf-SEDs/projected_learning/wf-outputs/chkp/8_bins/chkp_callback_poly_2_cycles_256_proj_d2_4_cycle1
63/63 - 58s - loss: 1.7954e-06 - mean_squared_error: 2.0661e-06 - val_loss: 6.2543e-07 - val_mean_squared_error: 6.2543e-07 - 58s/epoch - 923ms/step
Epoch 2/100

Epoch 00002: mean_squared_error improved from 0.00000 to 0.00000, saving model to /gpfswork/rech/ynx/uds36vp/repos/wf-SEDs/projected_learning/wf-outputs/chkp/8_bins/chkp_callback_poly_2_cycles_256_proj_d2_4_cycle1
63/63 - 53s - loss: 1.6337e-06 - mean_squared_error: 1.9460e-06 - val_loss: 5.2816e-07 - val_mean_squared_error: 5.2816e-07 - 53s/epoch - 848ms/step
Epoch 3/100

Epoch 00003: mean_squared_error improved from 0.00000 to 0.00000, saving model to /gpfswork/rech/ynx/uds36vp/repos/wf-SEDs/projected_learning/wf-outputs/chkp/8_bins/chkp_callback_poly_2_cycles_256_proj_d2_4_cycle1
63/63 - 52s - loss: 1.5151e-06 - mean_squared_error: 1.8507e-06 - val_loss: 4.4378e-07 - val_mean_squared_error: 4.4378e-07 - 52s/epoch - 825ms/step
Epoch 4/100

Epoch 00004: mean_squared_error improved from 0.00000 to 0.00000, saving model to /gpfswork/rech/ynx/uds36vp/repos/wf-SEDs/projected_learning/wf-outputs/chkp/8_bins/chkp_callback_poly_2_cycles_256_proj_d2_4_cycle1
63/63 - 52s - loss: 1.4154e-06 - mean_squared_error: 1.7666e-06 - val_loss: 3.6762e-07 - val_mean_squared_error: 3.6762e-07 - 52s/epoch - 823ms/step
Epoch 5/100

Epoch 00005: mean_squared_error improved from 0.00000 to 0.00000, saving model to /gpfswork/rech/ynx/uds36vp/repos/wf-SEDs/projected_learning/wf-outputs/chkp/8_bins/chkp_callback_poly_2_cycles_256_proj_d2_4_cycle1
63/63 - 52s - loss: 1.3367e-06 - mean_squared_error: 1.6998e-06 - val_loss: 3.1268e-07 - val_mean_squared_error: 3.1268e-07 - 52s/epoch - 821ms/step
Epoch 6/100

Epoch 00006: mean_squared_error improved from 0.00000 to 0.00000, saving model to /gpfswork/rech/ynx/uds36vp/repos/wf-SEDs/projected_learning/wf-outputs/chkp/8_bins/chkp_callback_poly_2_cycles_256_proj_d2_4_cycle1
63/63 - 52s - loss: 1.2800e-06 - mean_squared_error: 1.6517e-06 - val_loss: 2.7157e-07 - val_mean_squared_error: 2.7157e-07 - 52s/epoch - 821ms/step
Epoch 7/100

Epoch 00007: mean_squared_error improved from 0.00000 to 0.00000, saving model to /gpfswork/rech/ynx/uds36vp/repos/wf-SEDs/projected_learning/wf-outputs/chkp/8_bins/chkp_callback_poly_2_cycles_256_proj_d2_4_cycle1
63/63 - 52s - loss: 1.2375e-06 - mean_squared_error: 1.6158e-06 - val_loss: 2.3894e-07 - val_mean_squared_error: 2.3894e-07 - 52s/epoch - 821ms/step
Epoch 8/100

Epoch 00008: mean_squared_error improved from 0.00000 to 0.00000, saving model to /gpfswork/rech/ynx/uds36vp/repos/wf-SEDs/projected_learning/wf-outputs/chkp/8_bins/chkp_callback_poly_2_cycles_256_proj_d2_4_cycle1
63/63 - 52s - loss: 1.2027e-06 - mean_squared_error: 1.5864e-06 - val_loss: 2.1135e-07 - val_mean_squared_error: 2.1135e-07 - 52s/epoch - 820ms/step
Epoch 9/100

Epoch 00009: mean_squared_error improved from 0.00000 to 0.00000, saving model to /gpfswork/rech/ynx/uds36vp/repos/wf-SEDs/projected_learning/wf-outputs/chkp/8_bins/chkp_callback_poly_2_cycles_256_proj_d2_4_cycle1
63/63 - 52s - loss: 1.1743e-06 - mean_squared_error: 1.5613e-06 - val_loss: 1.8730e-07 - val_mean_squared_error: 1.8730e-07 - 52s/epoch - 819ms/step
Epoch 10/100

Epoch 00010: mean_squared_error improved from 0.00000 to 0.00000, saving model to /gpfswork/rech/ynx/uds36vp/repos/wf-SEDs/projected_learning/wf-outputs/chkp/8_bins/chkp_callback_poly_2_cycles_256_proj_d2_4_cycle1
63/63 - 52s - loss: 1.1487e-06 - mean_squared_error: 1.5389e-06 - val_loss: 1.6630e-07 - val_mean_squared_error: 1.6630e-07 - 52s/epoch - 820ms/step
Epoch 11/100

Epoch 00011: mean_squared_error improved from 0.00000 to 0.00000, saving model to /gpfswork/rech/ynx/uds36vp/repos/wf-SEDs/projected_learning/wf-outputs/chkp/8_bins/chkp_callback_poly_2_cycles_256_proj_d2_4_cycle1
63/63 - 52s - loss: 1.1248e-06 - mean_squared_error: 1.5185e-06 - val_loss: 1.4597e-07 - val_mean_squared_error: 1.4597e-07 - 52s/epoch - 830ms/step
Epoch 12/100

Epoch 00012: mean_squared_error improved from 0.00000 to 0.00000, saving model to /gpfswork/rech/ynx/uds36vp/repos/wf-SEDs/projected_learning/wf-outputs/chkp/8_bins/chkp_callback_poly_2_cycles_256_proj_d2_4_cycle1
63/63 - 52s - loss: 1.1043e-06 - mean_squared_error: 1.5005e-06 - val_loss: 1.3037e-07 - val_mean_squared_error: 1.3037e-07 - 52s/epoch - 828ms/step
Epoch 13/100

Epoch 00013: mean_squared_error improved from 0.00000 to 0.00000, saving model to /gpfswork/rech/ynx/uds36vp/repos/wf-SEDs/projected_learning/wf-outputs/chkp/8_bins/chkp_callback_poly_2_cycles_256_proj_d2_4_cycle1
63/63 - 52s - loss: 1.0864e-06 - mean_squared_error: 1.4851e-06 - val_loss: 1.1543e-07 - val_mean_squared_error: 1.1543e-07 - 52s/epoch - 823ms/step
Epoch 14/100

Epoch 00014: mean_squared_error improved from 0.00000 to 0.00000, saving model to /gpfswork/rech/ynx/uds36vp/repos/wf-SEDs/projected_learning/wf-outputs/chkp/8_bins/chkp_callback_poly_2_cycles_256_proj_d2_4_cycle1
63/63 - 52s - loss: 1.0731e-06 - mean_squared_error: 1.4734e-06 - val_loss: 1.0362e-07 - val_mean_squared_error: 1.0362e-07 - 52s/epoch - 828ms/step
Epoch 15/100

Epoch 00015: mean_squared_error improved from 0.00000 to 0.00000, saving model to /gpfswork/rech/ynx/uds36vp/repos/wf-SEDs/projected_learning/wf-outputs/chkp/8_bins/chkp_callback_poly_2_cycles_256_proj_d2_4_cycle1
63/63 - 52s - loss: 1.0628e-06 - mean_squared_error: 1.4645e-06 - val_loss: 9.5847e-08 - val_mean_squared_error: 9.5847e-08 - 52s/epoch - 822ms/step
Epoch 16/100

Epoch 00016: mean_squared_error improved from 0.00000 to 0.00000, saving model to /gpfswork/rech/ynx/uds36vp/repos/wf-SEDs/projected_learning/wf-outputs/chkp/8_bins/chkp_callback_poly_2_cycles_256_proj_d2_4_cycle1
63/63 - 52s - loss: 1.0531e-06 - mean_squared_error: 1.4558e-06 - val_loss: 8.8179e-08 - val_mean_squared_error: 8.8179e-08 - 52s/epoch - 825ms/step
Epoch 17/100

Epoch 00017: mean_squared_error improved from 0.00000 to 0.00000, saving model to /gpfswork/rech/ynx/uds36vp/repos/wf-SEDs/projected_learning/wf-outputs/chkp/8_bins/chkp_callback_poly_2_cycles_256_proj_d2_4_cycle1
63/63 - 52s - loss: 1.0447e-06 - mean_squared_error: 1.4488e-06 - val_loss: 8.1371e-08 - val_mean_squared_error: 8.1371e-08 - 52s/epoch - 822ms/step
Epoch 18/100

Epoch 00018: mean_squared_error improved from 0.00000 to 0.00000, saving model to /gpfswork/rech/ynx/uds36vp/repos/wf-SEDs/projected_learning/wf-outputs/chkp/8_bins/chkp_callback_poly_2_cycles_256_proj_d2_4_cycle1
63/63 - 52s - loss: 1.0381e-06 - mean_squared_error: 1.4429e-06 - val_loss: 7.3610e-08 - val_mean_squared_error: 7.3610e-08 - 52s/epoch - 823ms/step
Epoch 19/100

Epoch 00019: mean_squared_error improved from 0.00000 to 0.00000, saving model to /gpfswork/rech/ynx/uds36vp/repos/wf-SEDs/projected_learning/wf-outputs/chkp/8_bins/chkp_callback_poly_2_cycles_256_proj_d2_4_cycle1
63/63 - 52s - loss: 1.0325e-06 - mean_squared_error: 1.4382e-06 - val_loss: 6.8853e-08 - val_mean_squared_error: 6.8853e-08 - 52s/epoch - 821ms/step
Epoch 20/100

Epoch 00020: mean_squared_error improved from 0.00000 to 0.00000, saving model to /gpfswork/rech/ynx/uds36vp/repos/wf-SEDs/projected_learning/wf-outputs/chkp/8_bins/chkp_callback_poly_2_cycles_256_proj_d2_4_cycle1
63/63 - 52s - loss: 1.0248e-06 - mean_squared_error: 1.4317e-06 - val_loss: 6.3090e-08 - val_mean_squared_error: 6.3090e-08 - 52s/epoch - 818ms/step
Epoch 21/100

Epoch 00021: mean_squared_error improved from 0.00000 to 0.00000, saving model to /gpfswork/rech/ynx/uds36vp/repos/wf-SEDs/projected_learning/wf-outputs/chkp/8_bins/chkp_callback_poly_2_cycles_256_proj_d2_4_cycle1
63/63 - 51s - loss: 1.0209e-06 - mean_squared_error: 1.4283e-06 - val_loss: 5.9736e-08 - val_mean_squared_error: 5.9736e-08 - 51s/epoch - 817ms/step
Epoch 22/100

Epoch 00022: mean_squared_error improved from 0.00000 to 0.00000, saving model to /gpfswork/rech/ynx/uds36vp/repos/wf-SEDs/projected_learning/wf-outputs/chkp/8_bins/chkp_callback_poly_2_cycles_256_proj_d2_4_cycle1
63/63 - 52s - loss: 1.0141e-06 - mean_squared_error: 1.4226e-06 - val_loss: 5.5223e-08 - val_mean_squared_error: 5.5223e-08 - 52s/epoch - 823ms/step
Epoch 23/100

Epoch 00023: mean_squared_error improved from 0.00000 to 0.00000, saving model to /gpfswork/rech/ynx/uds36vp/repos/wf-SEDs/projected_learning/wf-outputs/chkp/8_bins/chkp_callback_poly_2_cycles_256_proj_d2_4_cycle1
63/63 - 51s - loss: 1.0094e-06 - mean_squared_error: 1.4187e-06 - val_loss: 5.1279e-08 - val_mean_squared_error: 5.1279e-08 - 51s/epoch - 815ms/step
Epoch 24/100

Epoch 00024: mean_squared_error improved from 0.00000 to 0.00000, saving model to /gpfswork/rech/ynx/uds36vp/repos/wf-SEDs/projected_learning/wf-outputs/chkp/8_bins/chkp_callback_poly_2_cycles_256_proj_d2_4_cycle1
63/63 - 51s - loss: 1.0059e-06 - mean_squared_error: 1.4155e-06 - val_loss: 4.9029e-08 - val_mean_squared_error: 4.9029e-08 - 51s/epoch - 815ms/step
Epoch 25/100

Epoch 00025: mean_squared_error improved from 0.00000 to 0.00000, saving model to /gpfswork/rech/ynx/uds36vp/repos/wf-SEDs/projected_learning/wf-outputs/chkp/8_bins/chkp_callback_poly_2_cycles_256_proj_d2_4_cycle1
63/63 - 51s - loss: 1.0031e-06 - mean_squared_error: 1.4132e-06 - val_loss: 4.7014e-08 - val_mean_squared_error: 4.7014e-08 - 51s/epoch - 813ms/step
Epoch 26/100

Epoch 00026: mean_squared_error improved from 0.00000 to 0.00000, saving model to /gpfswork/rech/ynx/uds36vp/repos/wf-SEDs/projected_learning/wf-outputs/chkp/8_bins/chkp_callback_poly_2_cycles_256_proj_d2_4_cycle1
63/63 - 51s - loss: 1.0022e-06 - mean_squared_error: 1.4120e-06 - val_loss: 4.5215e-08 - val_mean_squared_error: 4.5215e-08 - 51s/epoch - 815ms/step
Epoch 27/100

Epoch 00027: mean_squared_error improved from 0.00000 to 0.00000, saving model to /gpfswork/rech/ynx/uds36vp/repos/wf-SEDs/projected_learning/wf-outputs/chkp/8_bins/chkp_callback_poly_2_cycles_256_proj_d2_4_cycle1
63/63 - 51s - loss: 9.9919e-07 - mean_squared_error: 1.4097e-06 - val_loss: 4.2759e-08 - val_mean_squared_error: 4.2759e-08 - 51s/epoch - 813ms/step
Epoch 28/100

Epoch 00028: mean_squared_error improved from 0.00000 to 0.00000, saving model to /gpfswork/rech/ynx/uds36vp/repos/wf-SEDs/projected_learning/wf-outputs/chkp/8_bins/chkp_callback_poly_2_cycles_256_proj_d2_4_cycle1
63/63 - 51s - loss: 9.9613e-07 - mean_squared_error: 1.4072e-06 - val_loss: 4.0879e-08 - val_mean_squared_error: 4.0879e-08 - 51s/epoch - 813ms/step
Epoch 29/100

Epoch 00029: mean_squared_error improved from 0.00000 to 0.00000, saving model to /gpfswork/rech/ynx/uds36vp/repos/wf-SEDs/projected_learning/wf-outputs/chkp/8_bins/chkp_callback_poly_2_cycles_256_proj_d2_4_cycle1
63/63 - 51s - loss: 9.9334e-07 - mean_squared_error: 1.4046e-06 - val_loss: 3.9194e-08 - val_mean_squared_error: 3.9194e-08 - 51s/epoch - 815ms/step
Epoch 30/100

Epoch 00030: mean_squared_error did not improve from 0.00000
63/63 - 51s - loss: 9.9456e-07 - mean_squared_error: 1.4054e-06 - val_loss: 3.7663e-08 - val_mean_squared_error: 3.7663e-08 - 51s/epoch - 812ms/step
Epoch 31/100

Epoch 00031: mean_squared_error improved from 0.00000 to 0.00000, saving model to /gpfswork/rech/ynx/uds36vp/repos/wf-SEDs/projected_learning/wf-outputs/chkp/8_bins/chkp_callback_poly_2_cycles_256_proj_d2_4_cycle1
63/63 - 52s - loss: 9.9039e-07 - mean_squared_error: 1.4020e-06 - val_loss: 3.5415e-08 - val_mean_squared_error: 3.5415e-08 - 52s/epoch - 817ms/step
Epoch 32/100

Epoch 00032: mean_squared_error improved from 0.00000 to 0.00000, saving model to /gpfswork/rech/ynx/uds36vp/repos/wf-SEDs/projected_learning/wf-outputs/chkp/8_bins/chkp_callback_poly_2_cycles_256_proj_d2_4_cycle1
63/63 - 51s - loss: 9.8743e-07 - mean_squared_error: 1.3995e-06 - val_loss: 3.6919e-08 - val_mean_squared_error: 3.6919e-08 - 51s/epoch - 814ms/step
Epoch 33/100

Epoch 00033: mean_squared_error did not improve from 0.00000
63/63 - 51s - loss: 9.9299e-07 - mean_squared_error: 1.4036e-06 - val_loss: 3.8732e-08 - val_mean_squared_error: 3.8732e-08 - 51s/epoch - 811ms/step
Epoch 34/100

Epoch 00034: mean_squared_error did not improve from 0.00000
63/63 - 51s - loss: 9.9659e-07 - mean_squared_error: 1.4057e-06 - val_loss: 3.4227e-08 - val_mean_squared_error: 3.4227e-08 - 51s/epoch - 813ms/step
Epoch 35/100

Epoch 00035: mean_squared_error improved from 0.00000 to 0.00000, saving model to /gpfswork/rech/ynx/uds36vp/repos/wf-SEDs/projected_learning/wf-outputs/chkp/8_bins/chkp_callback_poly_2_cycles_256_proj_d2_4_cycle1
63/63 - 51s - loss: 9.8636e-07 - mean_squared_error: 1.3982e-06 - val_loss: 3.1188e-08 - val_mean_squared_error: 3.1188e-08 - 51s/epoch - 815ms/step
Epoch 36/100

Epoch 00036: mean_squared_error did not improve from 0.00000
63/63 - 51s - loss: 9.9868e-07 - mean_squared_error: 1.4069e-06 - val_loss: 3.4312e-08 - val_mean_squared_error: 3.4312e-08 - 51s/epoch - 811ms/step
Epoch 37/100

Epoch 00037: mean_squared_error improved from 0.00000 to 0.00000, saving model to /gpfswork/rech/ynx/uds36vp/repos/wf-SEDs/projected_learning/wf-outputs/chkp/8_bins/chkp_callback_poly_2_cycles_256_proj_d2_4_cycle1
63/63 - 51s - loss: 9.8400e-07 - mean_squared_error: 1.3961e-06 - val_loss: 3.1084e-08 - val_mean_squared_error: 3.1084e-08 - 51s/epoch - 815ms/step
Epoch 38/100

Epoch 00038: mean_squared_error did not improve from 0.00000
63/63 - 51s - loss: 9.8972e-07 - mean_squared_error: 1.4002e-06 - val_loss: 3.2807e-08 - val_mean_squared_error: 3.2807e-08 - 51s/epoch - 814ms/step
Epoch 39/100

Epoch 00039: mean_squared_error did not improve from 0.00000
63/63 - 51s - loss: 9.8573e-07 - mean_squared_error: 1.3968e-06 - val_loss: 2.9306e-08 - val_mean_squared_error: 2.9306e-08 - 51s/epoch - 814ms/step
Epoch 40/100

Epoch 00040: mean_squared_error improved from 0.00000 to 0.00000, saving model to /gpfswork/rech/ynx/uds36vp/repos/wf-SEDs/projected_learning/wf-outputs/chkp/8_bins/chkp_callback_poly_2_cycles_256_proj_d2_4_cycle1
63/63 - 51s - loss: 9.8150e-07 - mean_squared_error: 1.3940e-06 - val_loss: 3.1290e-08 - val_mean_squared_error: 3.1290e-08 - 51s/epoch - 813ms/step
Epoch 41/100

Epoch 00041: mean_squared_error improved from 0.00000 to 0.00000, saving model to /gpfswork/rech/ynx/uds36vp/repos/wf-SEDs/projected_learning/wf-outputs/chkp/8_bins/chkp_callback_poly_2_cycles_256_proj_d2_4_cycle1
63/63 - 51s - loss: 9.7978e-07 - mean_squared_error: 1.3927e-06 - val_loss: 2.6369e-08 - val_mean_squared_error: 2.6369e-08 - 51s/epoch - 812ms/step
Epoch 42/100

Epoch 00042: mean_squared_error improved from 0.00000 to 0.00000, saving model to /gpfswork/rech/ynx/uds36vp/repos/wf-SEDs/projected_learning/wf-outputs/chkp/8_bins/chkp_callback_poly_2_cycles_256_proj_d2_4_cycle1
63/63 - 51s - loss: 9.7780e-07 - mean_squared_error: 1.3908e-06 - val_loss: 2.6508e-08 - val_mean_squared_error: 2.6508e-08 - 51s/epoch - 812ms/step
Epoch 43/100

Epoch 00043: mean_squared_error improved from 0.00000 to 0.00000, saving model to /gpfswork/rech/ynx/uds36vp/repos/wf-SEDs/projected_learning/wf-outputs/chkp/8_bins/chkp_callback_poly_2_cycles_256_proj_d2_4_cycle1
63/63 - 51s - loss: 9.7624e-07 - mean_squared_error: 1.3897e-06 - val_loss: 2.5152e-08 - val_mean_squared_error: 2.5152e-08 - 51s/epoch - 813ms/step
Epoch 44/100

Epoch 00044: mean_squared_error did not improve from 0.00000
63/63 - 51s - loss: 9.7644e-07 - mean_squared_error: 1.3898e-06 - val_loss: 2.7115e-08 - val_mean_squared_error: 2.7115e-08 - 51s/epoch - 812ms/step
Epoch 45/100

Epoch 00045: mean_squared_error did not improve from 0.00000
63/63 - 51s - loss: 9.7786e-07 - mean_squared_error: 1.3906e-06 - val_loss: 2.6447e-08 - val_mean_squared_error: 2.6447e-08 - 51s/epoch - 811ms/step
Epoch 46/100

Epoch 00046: mean_squared_error improved from 0.00000 to 0.00000, saving model to /gpfswork/rech/ynx/uds36vp/repos/wf-SEDs/projected_learning/wf-outputs/chkp/8_bins/chkp_callback_poly_2_cycles_256_proj_d2_4_cycle1
63/63 - 51s - loss: 9.7595e-07 - mean_squared_error: 1.3893e-06 - val_loss: 2.7115e-08 - val_mean_squared_error: 2.7115e-08 - 51s/epoch - 813ms/step
Epoch 47/100

Epoch 00047: mean_squared_error improved from 0.00000 to 0.00000, saving model to /gpfswork/rech/ynx/uds36vp/repos/wf-SEDs/projected_learning/wf-outputs/chkp/8_bins/chkp_callback_poly_2_cycles_256_proj_d2_4_cycle1
63/63 - 51s - loss: 9.7424e-07 - mean_squared_error: 1.3879e-06 - val_loss: 2.5549e-08 - val_mean_squared_error: 2.5549e-08 - 51s/epoch - 812ms/step
Epoch 48/100

Epoch 00048: mean_squared_error did not improve from 0.00000
63/63 - 51s - loss: 9.8547e-07 - mean_squared_error: 1.3964e-06 - val_loss: 3.4754e-08 - val_mean_squared_error: 3.4754e-08 - 51s/epoch - 811ms/step
Epoch 49/100

Epoch 00049: mean_squared_error did not improve from 0.00000
63/63 - 51s - loss: 9.7904e-07 - mean_squared_error: 1.3915e-06 - val_loss: 2.4589e-08 - val_mean_squared_error: 2.4589e-08 - 51s/epoch - 811ms/step
Epoch 50/100

Epoch 00050: mean_squared_error did not improve from 0.00000
63/63 - 51s - loss: 9.7902e-07 - mean_squared_error: 1.3910e-06 - val_loss: 3.1407e-08 - val_mean_squared_error: 3.1407e-08 - 51s/epoch - 813ms/step
Epoch 51/100

Epoch 00051: mean_squared_error did not improve from 0.00000
63/63 - 51s - loss: 9.7838e-07 - mean_squared_error: 1.3905e-06 - val_loss: 2.3972e-08 - val_mean_squared_error: 2.3972e-08 - 51s/epoch - 813ms/step
Epoch 52/100

Epoch 00052: mean_squared_error improved from 0.00000 to 0.00000, saving model to /gpfswork/rech/ynx/uds36vp/repos/wf-SEDs/projected_learning/wf-outputs/chkp/8_bins/chkp_callback_poly_2_cycles_256_proj_d2_4_cycle1
63/63 - 51s - loss: 9.7427e-07 - mean_squared_error: 1.3876e-06 - val_loss: 2.2217e-08 - val_mean_squared_error: 2.2217e-08 - 51s/epoch - 814ms/step
Epoch 53/100

Epoch 00053: mean_squared_error improved from 0.00000 to 0.00000, saving model to /gpfswork/rech/ynx/uds36vp/repos/wf-SEDs/projected_learning/wf-outputs/chkp/8_bins/chkp_callback_poly_2_cycles_256_proj_d2_4_cycle1
63/63 - 51s - loss: 9.7128e-07 - mean_squared_error: 1.3854e-06 - val_loss: 2.1779e-08 - val_mean_squared_error: 2.1779e-08 - 51s/epoch - 814ms/step
Epoch 54/100

Epoch 00054: mean_squared_error improved from 0.00000 to 0.00000, saving model to /gpfswork/rech/ynx/uds36vp/repos/wf-SEDs/projected_learning/wf-outputs/chkp/8_bins/chkp_callback_poly_2_cycles_256_proj_d2_4_cycle1
63/63 - 51s - loss: 9.7103e-07 - mean_squared_error: 1.3850e-06 - val_loss: 2.0870e-08 - val_mean_squared_error: 2.0870e-08 - 51s/epoch - 814ms/step
Epoch 55/100

Epoch 00055: mean_squared_error did not improve from 0.00000
63/63 - 51s - loss: 9.7234e-07 - mean_squared_error: 1.3859e-06 - val_loss: 2.1919e-08 - val_mean_squared_error: 2.1919e-08 - 51s/epoch - 813ms/step
Epoch 56/100

Epoch 00056: mean_squared_error did not improve from 0.00000
63/63 - 51s - loss: 9.7395e-07 - mean_squared_error: 1.3868e-06 - val_loss: 3.2708e-08 - val_mean_squared_error: 3.2708e-08 - 51s/epoch - 811ms/step
Epoch 57/100

Epoch 00057: mean_squared_error did not improve from 0.00000
63/63 - 51s - loss: 9.7435e-07 - mean_squared_error: 1.3876e-06 - val_loss: 2.2879e-08 - val_mean_squared_error: 2.2879e-08 - 51s/epoch - 814ms/step
Epoch 58/100

Epoch 00058: mean_squared_error improved from 0.00000 to 0.00000, saving model to /gpfswork/rech/ynx/uds36vp/repos/wf-SEDs/projected_learning/wf-outputs/chkp/8_bins/chkp_callback_poly_2_cycles_256_proj_d2_4_cycle1
63/63 - 51s - loss: 9.7092e-07 - mean_squared_error: 1.3846e-06 - val_loss: 2.0000e-08 - val_mean_squared_error: 2.0000e-08 - 51s/epoch - 813ms/step
Epoch 59/100

Epoch 00059: mean_squared_error improved from 0.00000 to 0.00000, saving model to /gpfswork/rech/ynx/uds36vp/repos/wf-SEDs/projected_learning/wf-outputs/chkp/8_bins/chkp_callback_poly_2_cycles_256_proj_d2_4_cycle1
63/63 - 52s - loss: 9.6945e-07 - mean_squared_error: 1.3837e-06 - val_loss: 1.9880e-08 - val_mean_squared_error: 1.9880e-08 - 52s/epoch - 823ms/step
Epoch 60/100

Epoch 00060: mean_squared_error improved from 0.00000 to 0.00000, saving model to /gpfswork/rech/ynx/uds36vp/repos/wf-SEDs/projected_learning/wf-outputs/chkp/8_bins/chkp_callback_poly_2_cycles_256_proj_d2_4_cycle1
63/63 - 51s - loss: 9.6916e-07 - mean_squared_error: 1.3833e-06 - val_loss: 1.8695e-08 - val_mean_squared_error: 1.8695e-08 - 51s/epoch - 813ms/step
Epoch 61/100

Epoch 00061: mean_squared_error did not improve from 0.00000
63/63 - 51s - loss: 9.6998e-07 - mean_squared_error: 1.3838e-06 - val_loss: 2.1603e-08 - val_mean_squared_error: 2.1603e-08 - 51s/epoch - 813ms/step
Epoch 62/100

Epoch 00062: mean_squared_error did not improve from 0.00000
63/63 - 51s - loss: 9.7015e-07 - mean_squared_error: 1.3837e-06 - val_loss: 2.1337e-08 - val_mean_squared_error: 2.1337e-08 - 51s/epoch - 812ms/step
Epoch 63/100

Epoch 00063: mean_squared_error did not improve from 0.00000
63/63 - 51s - loss: 9.7079e-07 - mean_squared_error: 1.3844e-06 - val_loss: 1.9437e-08 - val_mean_squared_error: 1.9437e-08 - 51s/epoch - 812ms/step
Epoch 64/100

Epoch 00064: mean_squared_error improved from 0.00000 to 0.00000, saving model to /gpfswork/rech/ynx/uds36vp/repos/wf-SEDs/projected_learning/wf-outputs/chkp/8_bins/chkp_callback_poly_2_cycles_256_proj_d2_4_cycle1
63/63 - 52s - loss: 9.6897e-07 - mean_squared_error: 1.3830e-06 - val_loss: 2.0546e-08 - val_mean_squared_error: 2.0546e-08 - 52s/epoch - 822ms/step
Epoch 65/100

Epoch 00065: mean_squared_error did not improve from 0.00000
63/63 - 52s - loss: 9.6916e-07 - mean_squared_error: 1.3830e-06 - val_loss: 1.9317e-08 - val_mean_squared_error: 1.9317e-08 - 52s/epoch - 819ms/step
Epoch 66/100

Epoch 00066: mean_squared_error improved from 0.00000 to 0.00000, saving model to /gpfswork/rech/ynx/uds36vp/repos/wf-SEDs/projected_learning/wf-outputs/chkp/8_bins/chkp_callback_poly_2_cycles_256_proj_d2_4_cycle1
63/63 - 51s - loss: 9.6890e-07 - mean_squared_error: 1.3830e-06 - val_loss: 1.8707e-08 - val_mean_squared_error: 1.8707e-08 - 51s/epoch - 814ms/step
Epoch 67/100

Epoch 00067: mean_squared_error improved from 0.00000 to 0.00000, saving model to /gpfswork/rech/ynx/uds36vp/repos/wf-SEDs/projected_learning/wf-outputs/chkp/8_bins/chkp_callback_poly_2_cycles_256_proj_d2_4_cycle1
63/63 - 56s - loss: 9.6772e-07 - mean_squared_error: 1.3818e-06 - val_loss: 2.1784e-08 - val_mean_squared_error: 2.1784e-08 - 56s/epoch - 892ms/step
Epoch 68/100

Epoch 00068: mean_squared_error did not improve from 0.00000
63/63 - 51s - loss: 9.7112e-07 - mean_squared_error: 1.3848e-06 - val_loss: 2.0374e-08 - val_mean_squared_error: 2.0374e-08 - 51s/epoch - 811ms/step
Epoch 69/100

Epoch 00069: mean_squared_error did not improve from 0.00000
63/63 - 51s - loss: 9.6981e-07 - mean_squared_error: 1.3831e-06 - val_loss: 2.4008e-08 - val_mean_squared_error: 2.4008e-08 - 51s/epoch - 812ms/step
Epoch 70/100

Epoch 00070: mean_squared_error did not improve from 0.00000
63/63 - 51s - loss: 9.7552e-07 - mean_squared_error: 1.3882e-06 - val_loss: 2.3132e-08 - val_mean_squared_error: 2.3132e-08 - 51s/epoch - 815ms/step
Epoch 71/100

Epoch 00071: mean_squared_error did not improve from 0.00000
63/63 - 51s - loss: 9.7607e-07 - mean_squared_error: 1.3885e-06 - val_loss: 2.2733e-08 - val_mean_squared_error: 2.2733e-08 - 51s/epoch - 811ms/step
Epoch 72/100

Epoch 00072: mean_squared_error improved from 0.00000 to 0.00000, saving model to /gpfswork/rech/ynx/uds36vp/repos/wf-SEDs/projected_learning/wf-outputs/chkp/8_bins/chkp_callback_poly_2_cycles_256_proj_d2_4_cycle1
63/63 - 51s - loss: 9.6672e-07 - mean_squared_error: 1.3810e-06 - val_loss: 1.6874e-08 - val_mean_squared_error: 1.6874e-08 - 51s/epoch - 814ms/step
Epoch 73/100

Epoch 00073: mean_squared_error improved from 0.00000 to 0.00000, saving model to /gpfswork/rech/ynx/uds36vp/repos/wf-SEDs/projected_learning/wf-outputs/chkp/8_bins/chkp_callback_poly_2_cycles_256_proj_d2_4_cycle1
63/63 - 51s - loss: 9.6530e-07 - mean_squared_error: 1.3798e-06 - val_loss: 1.7409e-08 - val_mean_squared_error: 1.7409e-08 - 51s/epoch - 813ms/step
Epoch 74/100

Epoch 00074: mean_squared_error did not improve from 0.00000
63/63 - 51s - loss: 9.6661e-07 - mean_squared_error: 1.3808e-06 - val_loss: 1.6974e-08 - val_mean_squared_error: 1.6974e-08 - 51s/epoch - 814ms/step
Epoch 75/100

Epoch 00075: mean_squared_error did not improve from 0.00000
63/63 - 51s - loss: 9.6532e-07 - mean_squared_error: 1.3799e-06 - val_loss: 1.8461e-08 - val_mean_squared_error: 1.8461e-08 - 51s/epoch - 817ms/step
Epoch 76/100

Epoch 00076: mean_squared_error did not improve from 0.00000
63/63 - 52s - loss: 9.6526e-07 - mean_squared_error: 1.3800e-06 - val_loss: 1.5570e-08 - val_mean_squared_error: 1.5570e-08 - 52s/epoch - 819ms/step
Epoch 77/100

Epoch 00077: mean_squared_error improved from 0.00000 to 0.00000, saving model to /gpfswork/rech/ynx/uds36vp/repos/wf-SEDs/projected_learning/wf-outputs/chkp/8_bins/chkp_callback_poly_2_cycles_256_proj_d2_4_cycle1
63/63 - 51s - loss: 9.6399e-07 - mean_squared_error: 1.3789e-06 - val_loss: 1.5532e-08 - val_mean_squared_error: 1.5532e-08 - 51s/epoch - 815ms/step
Epoch 78/100

Epoch 00078: mean_squared_error improved from 0.00000 to 0.00000, saving model to /gpfswork/rech/ynx/uds36vp/repos/wf-SEDs/projected_learning/wf-outputs/chkp/8_bins/chkp_callback_poly_2_cycles_256_proj_d2_4_cycle1
63/63 - 51s - loss: 9.6358e-07 - mean_squared_error: 1.3786e-06 - val_loss: 1.7236e-08 - val_mean_squared_error: 1.7236e-08 - 51s/epoch - 816ms/step
Epoch 79/100

Epoch 00079: mean_squared_error did not improve from 0.00000
63/63 - 51s - loss: 9.6386e-07 - mean_squared_error: 1.3788e-06 - val_loss: 1.6544e-08 - val_mean_squared_error: 1.6544e-08 - 51s/epoch - 811ms/step
Epoch 80/100

Epoch 00080: mean_squared_error did not improve from 0.00000
63/63 - 52s - loss: 9.6525e-07 - mean_squared_error: 1.3798e-06 - val_loss: 1.6584e-08 - val_mean_squared_error: 1.6584e-08 - 52s/epoch - 819ms/step
Epoch 81/100

Epoch 00081: mean_squared_error did not improve from 0.00000
63/63 - 51s - loss: 9.6444e-07 - mean_squared_error: 1.3793e-06 - val_loss: 1.9250e-08 - val_mean_squared_error: 1.9250e-08 - 51s/epoch - 813ms/step
Epoch 82/100

Epoch 00082: mean_squared_error did not improve from 0.00000
63/63 - 51s - loss: 9.6437e-07 - mean_squared_error: 1.3789e-06 - val_loss: 1.7666e-08 - val_mean_squared_error: 1.7666e-08 - 51s/epoch - 814ms/step
Epoch 83/100

Epoch 00083: mean_squared_error did not improve from 0.00000
63/63 - 51s - loss: 9.6746e-07 - mean_squared_error: 1.3814e-06 - val_loss: 1.7419e-08 - val_mean_squared_error: 1.7419e-08 - 51s/epoch - 812ms/step
Epoch 84/100

Epoch 00084: mean_squared_error did not improve from 0.00000
63/63 - 51s - loss: 9.6378e-07 - mean_squared_error: 1.3786e-06 - val_loss: 1.6240e-08 - val_mean_squared_error: 1.6240e-08 - 51s/epoch - 812ms/step
Epoch 85/100

Epoch 00085: mean_squared_error did not improve from 0.00000
63/63 - 51s - loss: 9.6495e-07 - mean_squared_error: 1.3792e-06 - val_loss: 1.4833e-08 - val_mean_squared_error: 1.4833e-08 - 51s/epoch - 814ms/step
Epoch 86/100

Epoch 00086: mean_squared_error improved from 0.00000 to 0.00000, saving model to /gpfswork/rech/ynx/uds36vp/repos/wf-SEDs/projected_learning/wf-outputs/chkp/8_bins/chkp_callback_poly_2_cycles_256_proj_d2_4_cycle1
63/63 - 51s - loss: 9.6345e-07 - mean_squared_error: 1.3781e-06 - val_loss: 1.6641e-08 - val_mean_squared_error: 1.6641e-08 - 51s/epoch - 814ms/step
Epoch 87/100

Epoch 00087: mean_squared_error did not improve from 0.00000
63/63 - 51s - loss: 9.6641e-07 - mean_squared_error: 1.3805e-06 - val_loss: 1.8067e-08 - val_mean_squared_error: 1.8067e-08 - 51s/epoch - 814ms/step
Epoch 88/100

Epoch 00088: mean_squared_error did not improve from 0.00000
63/63 - 51s - loss: 9.6369e-07 - mean_squared_error: 1.3784e-06 - val_loss: 1.6151e-08 - val_mean_squared_error: 1.6151e-08 - 51s/epoch - 813ms/step
Epoch 89/100

Epoch 00089: mean_squared_error did not improve from 0.00000
63/63 - 51s - loss: 9.6407e-07 - mean_squared_error: 1.3787e-06 - val_loss: 1.5554e-08 - val_mean_squared_error: 1.5554e-08 - 51s/epoch - 812ms/step
Epoch 90/100

Epoch 00090: mean_squared_error improved from 0.00000 to 0.00000, saving model to /gpfswork/rech/ynx/uds36vp/repos/wf-SEDs/projected_learning/wf-outputs/chkp/8_bins/chkp_callback_poly_2_cycles_256_proj_d2_4_cycle1
63/63 - 51s - loss: 9.6336e-07 - mean_squared_error: 1.3781e-06 - val_loss: 1.6451e-08 - val_mean_squared_error: 1.6451e-08 - 51s/epoch - 814ms/step
Epoch 91/100

Epoch 00091: mean_squared_error improved from 0.00000 to 0.00000, saving model to /gpfswork/rech/ynx/uds36vp/repos/wf-SEDs/projected_learning/wf-outputs/chkp/8_bins/chkp_callback_poly_2_cycles_256_proj_d2_4_cycle1
63/63 - 51s - loss: 9.6239e-07 - mean_squared_error: 1.3775e-06 - val_loss: 1.3456e-08 - val_mean_squared_error: 1.3456e-08 - 51s/epoch - 816ms/step
Epoch 92/100

Epoch 00092: mean_squared_error did not improve from 0.00000
63/63 - 51s - loss: 9.6360e-07 - mean_squared_error: 1.3785e-06 - val_loss: 2.5140e-08 - val_mean_squared_error: 2.5140e-08 - 51s/epoch - 817ms/step
Epoch 93/100

Epoch 00093: mean_squared_error did not improve from 0.00000
63/63 - 51s - loss: 9.6754e-07 - mean_squared_error: 1.3811e-06 - val_loss: 2.3186e-08 - val_mean_squared_error: 2.3186e-08 - 51s/epoch - 812ms/step
Epoch 94/100

Epoch 00094: mean_squared_error did not improve from 0.00000
63/63 - 51s - loss: 9.6489e-07 - mean_squared_error: 1.3793e-06 - val_loss: 1.5242e-08 - val_mean_squared_error: 1.5242e-08 - 51s/epoch - 814ms/step
Epoch 95/100

Epoch 00095: mean_squared_error did not improve from 0.00000
63/63 - 51s - loss: 9.6528e-07 - mean_squared_error: 1.3794e-06 - val_loss: 1.7187e-08 - val_mean_squared_error: 1.7187e-08 - 51s/epoch - 813ms/step
Epoch 96/100

Epoch 00096: mean_squared_error did not improve from 0.00000
63/63 - 51s - loss: 9.7204e-07 - mean_squared_error: 1.3840e-06 - val_loss: 2.3993e-08 - val_mean_squared_error: 2.3993e-08 - 51s/epoch - 815ms/step
Epoch 97/100

Epoch 00097: mean_squared_error did not improve from 0.00000
63/63 - 51s - loss: 9.7030e-07 - mean_squared_error: 1.3833e-06 - val_loss: 1.6986e-08 - val_mean_squared_error: 1.6986e-08 - 51s/epoch - 813ms/step
Epoch 98/100

Epoch 00098: mean_squared_error did not improve from 0.00000
63/63 - 51s - loss: 9.6310e-07 - mean_squared_error: 1.3778e-06 - val_loss: 1.5197e-08 - val_mean_squared_error: 1.5197e-08 - 51s/epoch - 813ms/step
Epoch 99/100

Epoch 00099: mean_squared_error did not improve from 0.00000
63/63 - 51s - loss: 9.6398e-07 - mean_squared_error: 1.3786e-06 - val_loss: 1.4934e-08 - val_mean_squared_error: 1.4934e-08 - 51s/epoch - 811ms/step
Epoch 100/100

Epoch 00100: mean_squared_error improved from 0.00000 to 0.00000, saving model to /gpfswork/rech/ynx/uds36vp/repos/wf-SEDs/projected_learning/wf-outputs/chkp/8_bins/chkp_callback_poly_2_cycles_256_proj_d2_4_cycle1
63/63 - 51s - loss: 9.6218e-07 - mean_squared_error: 1.3772e-06 - val_loss: 1.6154e-08 - val_mean_squared_error: 1.6154e-08 - 51s/epoch - 812ms/step
Cycle1 elapsed time: 6032.867180
Project non-param DD features onto param model: done!
Starting cycle 2..
Starting parametric update..
Epoch 1/15

Epoch 00001: mean_squared_error improved from inf to 0.00000, saving model to /gpfswork/rech/ynx/uds36vp/repos/wf-SEDs/projected_learning/wf-outputs/chkp/8_bins/chkp_callback_poly_2_cycles_256_proj_d2_4_cycle2
63/63 - 54s - loss: 9.6154e-07 - mean_squared_error: 1.3766e-06 - val_loss: 1.6157e-08 - val_mean_squared_error: 1.6157e-08 - 54s/epoch - 860ms/step
Epoch 2/15

Epoch 00002: mean_squared_error did not improve from 0.00000
63/63 - 51s - loss: 9.6209e-07 - mean_squared_error: 1.3773e-06 - val_loss: 1.6261e-08 - val_mean_squared_error: 1.6261e-08 - 51s/epoch - 816ms/step
Epoch 3/15

Epoch 00003: mean_squared_error did not improve from 0.00000
63/63 - 51s - loss: 9.6607e-07 - mean_squared_error: 1.3804e-06 - val_loss: 1.7523e-08 - val_mean_squared_error: 1.7523e-08 - 51s/epoch - 817ms/step
Epoch 4/15

Epoch 00004: mean_squared_error did not improve from 0.00000
63/63 - 51s - loss: 9.6667e-07 - mean_squared_error: 1.3812e-06 - val_loss: 2.1005e-08 - val_mean_squared_error: 2.1005e-08 - 51s/epoch - 815ms/step
Epoch 5/15

Epoch 00005: mean_squared_error did not improve from 0.00000
63/63 - 51s - loss: 9.6718e-07 - mean_squared_error: 1.3813e-06 - val_loss: 1.8919e-08 - val_mean_squared_error: 1.8919e-08 - 51s/epoch - 816ms/step
Epoch 6/15

Epoch 00006: mean_squared_error did not improve from 0.00000
63/63 - 52s - loss: 9.6933e-07 - mean_squared_error: 1.3833e-06 - val_loss: 3.1166e-08 - val_mean_squared_error: 3.1166e-08 - 52s/epoch - 819ms/step
Epoch 7/15

Epoch 00007: mean_squared_error did not improve from 0.00000
63/63 - 51s - loss: 9.8165e-07 - mean_squared_error: 1.3935e-06 - val_loss: 2.7290e-08 - val_mean_squared_error: 2.7290e-08 - 51s/epoch - 817ms/step
Epoch 8/15

Epoch 00008: mean_squared_error did not improve from 0.00000
63/63 - 51s - loss: 9.7408e-07 - mean_squared_error: 1.3877e-06 - val_loss: 2.0189e-08 - val_mean_squared_error: 2.0189e-08 - 51s/epoch - 817ms/step
Epoch 9/15

Epoch 00009: mean_squared_error did not improve from 0.00000
63/63 - 51s - loss: 9.7872e-07 - mean_squared_error: 1.3911e-06 - val_loss: 3.8183e-08 - val_mean_squared_error: 3.8183e-08 - 51s/epoch - 817ms/step
Epoch 10/15

Epoch 00010: mean_squared_error did not improve from 0.00000
63/63 - 51s - loss: 9.8915e-07 - mean_squared_error: 1.3994e-06 - val_loss: 1.6770e-08 - val_mean_squared_error: 1.6770e-08 - 51s/epoch - 815ms/step
Epoch 11/15

Epoch 00011: mean_squared_error did not improve from 0.00000
63/63 - 51s - loss: 9.6681e-07 - mean_squared_error: 1.3815e-06 - val_loss: 2.0113e-08 - val_mean_squared_error: 2.0113e-08 - 51s/epoch - 817ms/step
Epoch 12/15

Epoch 00012: mean_squared_error did not improve from 0.00000
63/63 - 52s - loss: 9.6980e-07 - mean_squared_error: 1.3837e-06 - val_loss: 1.7264e-08 - val_mean_squared_error: 1.7264e-08 - 52s/epoch - 821ms/step
Epoch 13/15

Epoch 00013: mean_squared_error did not improve from 0.00000
63/63 - 51s - loss: 9.7528e-07 - mean_squared_error: 1.3886e-06 - val_loss: 1.6305e-08 - val_mean_squared_error: 1.6305e-08 - 51s/epoch - 817ms/step
Epoch 14/15

Epoch 00014: mean_squared_error did not improve from 0.00000
63/63 - 51s - loss: 9.6886e-07 - mean_squared_error: 1.3827e-06 - val_loss: 2.8243e-08 - val_mean_squared_error: 2.8243e-08 - 51s/epoch - 816ms/step
Epoch 15/15

Epoch 00015: mean_squared_error did not improve from 0.00000
63/63 - 52s - loss: 9.7170e-07 - mean_squared_error: 1.3852e-06 - val_loss: 2.6274e-08 - val_mean_squared_error: 2.6274e-08 - 52s/epoch - 817ms/step
Starting non-parametric update..
Epoch 1/50

Epoch 00001: mean_squared_error did not improve from 0.00000
63/63 - 54s - loss: 9.6227e-07 - mean_squared_error: 1.3775e-06 - val_loss: 1.2414e-08 - val_mean_squared_error: 1.2414e-08 - 54s/epoch - 860ms/step
Epoch 2/50

Epoch 00002: mean_squared_error improved from 0.00000 to 0.00000, saving model to /gpfswork/rech/ynx/uds36vp/repos/wf-SEDs/projected_learning/wf-outputs/chkp/8_bins/chkp_callback_poly_2_cycles_256_proj_d2_4_cycle2
63/63 - 52s - loss: 9.5771e-07 - mean_squared_error: 1.3736e-06 - val_loss: 1.1871e-08 - val_mean_squared_error: 1.1871e-08 - 52s/epoch - 825ms/step
Epoch 3/50

Epoch 00003: mean_squared_error improved from 0.00000 to 0.00000, saving model to /gpfswork/rech/ynx/uds36vp/repos/wf-SEDs/projected_learning/wf-outputs/chkp/8_bins/chkp_callback_poly_2_cycles_256_proj_d2_4_cycle2
63/63 - 51s - loss: 9.5734e-07 - mean_squared_error: 1.3734e-06 - val_loss: 1.1757e-08 - val_mean_squared_error: 1.1757e-08 - 51s/epoch - 816ms/step
Epoch 4/50

Epoch 00004: mean_squared_error improved from 0.00000 to 0.00000, saving model to /gpfswork/rech/ynx/uds36vp/repos/wf-SEDs/projected_learning/wf-outputs/chkp/8_bins/chkp_callback_poly_2_cycles_256_proj_d2_4_cycle2
63/63 - 52s - loss: 9.5720e-07 - mean_squared_error: 1.3732e-06 - val_loss: 1.1779e-08 - val_mean_squared_error: 1.1779e-08 - 52s/epoch - 818ms/step
Epoch 5/50

Epoch 00005: mean_squared_error did not improve from 0.00000
63/63 - 51s - loss: 9.5721e-07 - mean_squared_error: 1.3733e-06 - val_loss: 1.1724e-08 - val_mean_squared_error: 1.1724e-08 - 51s/epoch - 816ms/step
Epoch 6/50

Epoch 00006: mean_squared_error did not improve from 0.00000
63/63 - 51s - loss: 9.5719e-07 - mean_squared_error: 1.3733e-06 - val_loss: 1.1655e-08 - val_mean_squared_error: 1.1655e-08 - 51s/epoch - 815ms/step
Epoch 7/50

Epoch 00007: mean_squared_error improved from 0.00000 to 0.00000, saving model to /gpfswork/rech/ynx/uds36vp/repos/wf-SEDs/projected_learning/wf-outputs/chkp/8_bins/chkp_callback_poly_2_cycles_256_proj_d2_4_cycle2
63/63 - 52s - loss: 9.5712e-07 - mean_squared_error: 1.3732e-06 - val_loss: 1.1591e-08 - val_mean_squared_error: 1.1591e-08 - 52s/epoch - 826ms/step
Epoch 8/50

Epoch 00008: mean_squared_error improved from 0.00000 to 0.00000, saving model to /gpfswork/rech/ynx/uds36vp/repos/wf-SEDs/projected_learning/wf-outputs/chkp/8_bins/chkp_callback_poly_2_cycles_256_proj_d2_4_cycle2
63/63 - 51s - loss: 9.5711e-07 - mean_squared_error: 1.3731e-06 - val_loss: 1.1575e-08 - val_mean_squared_error: 1.1575e-08 - 51s/epoch - 815ms/step
Epoch 9/50

Epoch 00009: mean_squared_error improved from 0.00000 to 0.00000, saving model to /gpfswork/rech/ynx/uds36vp/repos/wf-SEDs/projected_learning/wf-outputs/chkp/8_bins/chkp_callback_poly_2_cycles_256_proj_d2_4_cycle2
63/63 - 51s - loss: 9.5706e-07 - mean_squared_error: 1.3731e-06 - val_loss: 1.1520e-08 - val_mean_squared_error: 1.1520e-08 - 51s/epoch - 817ms/step
Epoch 10/50

Epoch 00010: mean_squared_error did not improve from 0.00000
63/63 - 51s - loss: 9.5710e-07 - mean_squared_error: 1.3731e-06 - val_loss: 1.1479e-08 - val_mean_squared_error: 1.1479e-08 - 51s/epoch - 815ms/step
Epoch 11/50

Epoch 00011: mean_squared_error improved from 0.00000 to 0.00000, saving model to /gpfswork/rech/ynx/uds36vp/repos/wf-SEDs/projected_learning/wf-outputs/chkp/8_bins/chkp_callback_poly_2_cycles_256_proj_d2_4_cycle2
63/63 - 51s - loss: 9.5707e-07 - mean_squared_error: 1.3731e-06 - val_loss: 1.1420e-08 - val_mean_squared_error: 1.1420e-08 - 51s/epoch - 815ms/step
Epoch 12/50

Epoch 00012: mean_squared_error improved from 0.00000 to 0.00000, saving model to /gpfswork/rech/ynx/uds36vp/repos/wf-SEDs/projected_learning/wf-outputs/chkp/8_bins/chkp_callback_poly_2_cycles_256_proj_d2_4_cycle2
63/63 - 52s - loss: 9.5696e-07 - mean_squared_error: 1.3730e-06 - val_loss: 1.1698e-08 - val_mean_squared_error: 1.1698e-08 - 52s/epoch - 819ms/step
Epoch 13/50

Epoch 00013: mean_squared_error improved from 0.00000 to 0.00000, saving model to /gpfswork/rech/ynx/uds36vp/repos/wf-SEDs/projected_learning/wf-outputs/chkp/8_bins/chkp_callback_poly_2_cycles_256_proj_d2_4_cycle2
63/63 - 51s - loss: 9.5697e-07 - mean_squared_error: 1.3730e-06 - val_loss: 1.1648e-08 - val_mean_squared_error: 1.1648e-08 - 51s/epoch - 815ms/step
Epoch 14/50

Epoch 00014: mean_squared_error improved from 0.00000 to 0.00000, saving model to /gpfswork/rech/ynx/uds36vp/repos/wf-SEDs/projected_learning/wf-outputs/chkp/8_bins/chkp_callback_poly_2_cycles_256_proj_d2_4_cycle2
63/63 - 51s - loss: 9.5694e-07 - mean_squared_error: 1.3730e-06 - val_loss: 1.1498e-08 - val_mean_squared_error: 1.1498e-08 - 51s/epoch - 816ms/step
Epoch 15/50

Epoch 00015: mean_squared_error did not improve from 0.00000
63/63 - 51s - loss: 9.5694e-07 - mean_squared_error: 1.3730e-06 - val_loss: 1.1496e-08 - val_mean_squared_error: 1.1496e-08 - 51s/epoch - 816ms/step
Epoch 16/50

Epoch 00016: mean_squared_error improved from 0.00000 to 0.00000, saving model to /gpfswork/rech/ynx/uds36vp/repos/wf-SEDs/projected_learning/wf-outputs/chkp/8_bins/chkp_callback_poly_2_cycles_256_proj_d2_4_cycle2
63/63 - 51s - loss: 9.5682e-07 - mean_squared_error: 1.3729e-06 - val_loss: 1.1550e-08 - val_mean_squared_error: 1.1550e-08 - 51s/epoch - 816ms/step
Epoch 17/50

Epoch 00017: mean_squared_error improved from 0.00000 to 0.00000, saving model to /gpfswork/rech/ynx/uds36vp/repos/wf-SEDs/projected_learning/wf-outputs/chkp/8_bins/chkp_callback_poly_2_cycles_256_proj_d2_4_cycle2
63/63 - 51s - loss: 9.5680e-07 - mean_squared_error: 1.3729e-06 - val_loss: 1.1204e-08 - val_mean_squared_error: 1.1204e-08 - 51s/epoch - 815ms/step
Epoch 18/50

Epoch 00018: mean_squared_error did not improve from 0.00000
63/63 - 51s - loss: 9.5678e-07 - mean_squared_error: 1.3729e-06 - val_loss: 1.1418e-08 - val_mean_squared_error: 1.1418e-08 - 51s/epoch - 816ms/step
Epoch 19/50

Epoch 00019: mean_squared_error improved from 0.00000 to 0.00000, saving model to /gpfswork/rech/ynx/uds36vp/repos/wf-SEDs/projected_learning/wf-outputs/chkp/8_bins/chkp_callback_poly_2_cycles_256_proj_d2_4_cycle2
63/63 - 51s - loss: 9.5678e-07 - mean_squared_error: 1.3728e-06 - val_loss: 1.1317e-08 - val_mean_squared_error: 1.1317e-08 - 51s/epoch - 815ms/step
Epoch 20/50

Epoch 00020: mean_squared_error improved from 0.00000 to 0.00000, saving model to /gpfswork/rech/ynx/uds36vp/repos/wf-SEDs/projected_learning/wf-outputs/chkp/8_bins/chkp_callback_poly_2_cycles_256_proj_d2_4_cycle2
63/63 - 51s - loss: 9.5667e-07 - mean_squared_error: 1.3728e-06 - val_loss: 1.1292e-08 - val_mean_squared_error: 1.1292e-08 - 51s/epoch - 816ms/step
Epoch 21/50

Epoch 00021: mean_squared_error did not improve from 0.00000
63/63 - 51s - loss: 9.5685e-07 - mean_squared_error: 1.3729e-06 - val_loss: 1.1870e-08 - val_mean_squared_error: 1.1870e-08 - 51s/epoch - 815ms/step
Epoch 22/50

Epoch 00022: mean_squared_error did not improve from 0.00000
63/63 - 51s - loss: 9.5674e-07 - mean_squared_error: 1.3728e-06 - val_loss: 1.1644e-08 - val_mean_squared_error: 1.1644e-08 - 51s/epoch - 815ms/step
Epoch 23/50

Epoch 00023: mean_squared_error did not improve from 0.00000
63/63 - 51s - loss: 9.5673e-07 - mean_squared_error: 1.3728e-06 - val_loss: 1.1200e-08 - val_mean_squared_error: 1.1200e-08 - 51s/epoch - 817ms/step
Epoch 24/50

Epoch 00024: mean_squared_error improved from 0.00000 to 0.00000, saving model to /gpfswork/rech/ynx/uds36vp/repos/wf-SEDs/projected_learning/wf-outputs/chkp/8_bins/chkp_callback_poly_2_cycles_256_proj_d2_4_cycle2
63/63 - 51s - loss: 9.5649e-07 - mean_squared_error: 1.3726e-06 - val_loss: 1.1272e-08 - val_mean_squared_error: 1.1272e-08 - 51s/epoch - 816ms/step
Epoch 25/50

Epoch 00025: mean_squared_error improved from 0.00000 to 0.00000, saving model to /gpfswork/rech/ynx/uds36vp/repos/wf-SEDs/projected_learning/wf-outputs/chkp/8_bins/chkp_callback_poly_2_cycles_256_proj_d2_4_cycle2
63/63 - 51s - loss: 9.5647e-07 - mean_squared_error: 1.3726e-06 - val_loss: 1.1246e-08 - val_mean_squared_error: 1.1246e-08 - 51s/epoch - 816ms/step
Epoch 26/50

Epoch 00026: mean_squared_error improved from 0.00000 to 0.00000, saving model to /gpfswork/rech/ynx/uds36vp/repos/wf-SEDs/projected_learning/wf-outputs/chkp/8_bins/chkp_callback_poly_2_cycles_256_proj_d2_4_cycle2
63/63 - 51s - loss: 9.5647e-07 - mean_squared_error: 1.3725e-06 - val_loss: 1.1374e-08 - val_mean_squared_error: 1.1374e-08 - 51s/epoch - 816ms/step
Epoch 27/50

Epoch 00027: mean_squared_error did not improve from 0.00000
63/63 - 51s - loss: 9.5655e-07 - mean_squared_error: 1.3725e-06 - val_loss: 1.1600e-08 - val_mean_squared_error: 1.1600e-08 - 51s/epoch - 815ms/step
Epoch 28/50

Epoch 00028: mean_squared_error did not improve from 0.00000
63/63 - 51s - loss: 9.5658e-07 - mean_squared_error: 1.3725e-06 - val_loss: 1.1711e-08 - val_mean_squared_error: 1.1711e-08 - 51s/epoch - 816ms/step
Epoch 29/50

Epoch 00029: mean_squared_error did not improve from 0.00000
63/63 - 51s - loss: 9.5646e-07 - mean_squared_error: 1.3725e-06 - val_loss: 1.1358e-08 - val_mean_squared_error: 1.1358e-08 - 51s/epoch - 815ms/step
Epoch 30/50

Epoch 00030: mean_squared_error did not improve from 0.00000
63/63 - 51s - loss: 9.5651e-07 - mean_squared_error: 1.3725e-06 - val_loss: 1.1564e-08 - val_mean_squared_error: 1.1564e-08 - 51s/epoch - 816ms/step
Epoch 31/50

Epoch 00031: mean_squared_error improved from 0.00000 to 0.00000, saving model to /gpfswork/rech/ynx/uds36vp/repos/wf-SEDs/projected_learning/wf-outputs/chkp/8_bins/chkp_callback_poly_2_cycles_256_proj_d2_4_cycle2
63/63 - 51s - loss: 9.5640e-07 - mean_squared_error: 1.3725e-06 - val_loss: 1.0957e-08 - val_mean_squared_error: 1.0957e-08 - 51s/epoch - 815ms/step
Epoch 32/50

Epoch 00032: mean_squared_error improved from 0.00000 to 0.00000, saving model to /gpfswork/rech/ynx/uds36vp/repos/wf-SEDs/projected_learning/wf-outputs/chkp/8_bins/chkp_callback_poly_2_cycles_256_proj_d2_4_cycle2
63/63 - 51s - loss: 9.5628e-07 - mean_squared_error: 1.3724e-06 - val_loss: 1.1411e-08 - val_mean_squared_error: 1.1411e-08 - 51s/epoch - 816ms/step
Epoch 33/50

Epoch 00033: mean_squared_error improved from 0.00000 to 0.00000, saving model to /gpfswork/rech/ynx/uds36vp/repos/wf-SEDs/projected_learning/wf-outputs/chkp/8_bins/chkp_callback_poly_2_cycles_256_proj_d2_4_cycle2
63/63 - 52s - loss: 9.5625e-07 - mean_squared_error: 1.3723e-06 - val_loss: 1.1119e-08 - val_mean_squared_error: 1.1119e-08 - 52s/epoch - 817ms/step
Epoch 34/50

Epoch 00034: mean_squared_error improved from 0.00000 to 0.00000, saving model to /gpfswork/rech/ynx/uds36vp/repos/wf-SEDs/projected_learning/wf-outputs/chkp/8_bins/chkp_callback_poly_2_cycles_256_proj_d2_4_cycle2
63/63 - 52s - loss: 9.5618e-07 - mean_squared_error: 1.3722e-06 - val_loss: 1.1064e-08 - val_mean_squared_error: 1.1064e-08 - 52s/epoch - 821ms/step
Epoch 35/50

Epoch 00035: mean_squared_error did not improve from 0.00000
63/63 - 51s - loss: 9.5622e-07 - mean_squared_error: 1.3723e-06 - val_loss: 1.1091e-08 - val_mean_squared_error: 1.1091e-08 - 51s/epoch - 817ms/step
Epoch 36/50

Epoch 00036: mean_squared_error did not improve from 0.00000
63/63 - 51s - loss: 9.5616e-07 - mean_squared_error: 1.3723e-06 - val_loss: 1.0811e-08 - val_mean_squared_error: 1.0811e-08 - 51s/epoch - 815ms/step
Epoch 37/50

Epoch 00037: mean_squared_error improved from 0.00000 to 0.00000, saving model to /gpfswork/rech/ynx/uds36vp/repos/wf-SEDs/projected_learning/wf-outputs/chkp/8_bins/chkp_callback_poly_2_cycles_256_proj_d2_4_cycle2
63/63 - 52s - loss: 9.5608e-07 - mean_squared_error: 1.3721e-06 - val_loss: 1.0924e-08 - val_mean_squared_error: 1.0924e-08 - 52s/epoch - 819ms/step
Epoch 38/50

Epoch 00038: mean_squared_error did not improve from 0.00000
63/63 - 51s - loss: 9.5611e-07 - mean_squared_error: 1.3723e-06 - val_loss: 1.0726e-08 - val_mean_squared_error: 1.0726e-08 - 51s/epoch - 817ms/step
Epoch 39/50

Epoch 00039: mean_squared_error did not improve from 0.00000
63/63 - 51s - loss: 9.5609e-07 - mean_squared_error: 1.3722e-06 - val_loss: 1.1120e-08 - val_mean_squared_error: 1.1120e-08 - 51s/epoch - 815ms/step
Epoch 40/50

Epoch 00040: mean_squared_error improved from 0.00000 to 0.00000, saving model to /gpfswork/rech/ynx/uds36vp/repos/wf-SEDs/projected_learning/wf-outputs/chkp/8_bins/chkp_callback_poly_2_cycles_256_proj_d2_4_cycle2
63/63 - 51s - loss: 9.5590e-07 - mean_squared_error: 1.3720e-06 - val_loss: 1.0770e-08 - val_mean_squared_error: 1.0770e-08 - 51s/epoch - 816ms/step
Epoch 41/50

Epoch 00041: mean_squared_error did not improve from 0.00000
63/63 - 51s - loss: 9.5617e-07 - mean_squared_error: 1.3722e-06 - val_loss: 1.0834e-08 - val_mean_squared_error: 1.0834e-08 - 51s/epoch - 814ms/step
Epoch 42/50

Epoch 00042: mean_squared_error did not improve from 0.00000
63/63 - 51s - loss: 9.5600e-07 - mean_squared_error: 1.3721e-06 - val_loss: 1.1148e-08 - val_mean_squared_error: 1.1148e-08 - 51s/epoch - 815ms/step
Epoch 43/50

Epoch 00043: mean_squared_error improved from 0.00000 to 0.00000, saving model to /gpfswork/rech/ynx/uds36vp/repos/wf-SEDs/projected_learning/wf-outputs/chkp/8_bins/chkp_callback_poly_2_cycles_256_proj_d2_4_cycle2
63/63 - 51s - loss: 9.5576e-07 - mean_squared_error: 1.3719e-06 - val_loss: 1.0625e-08 - val_mean_squared_error: 1.0625e-08 - 51s/epoch - 817ms/step
Epoch 44/50

Epoch 00044: mean_squared_error did not improve from 0.00000
63/63 - 51s - loss: 9.5582e-07 - mean_squared_error: 1.3719e-06 - val_loss: 1.0958e-08 - val_mean_squared_error: 1.0958e-08 - 51s/epoch - 816ms/step
Epoch 45/50

Epoch 00045: mean_squared_error did not improve from 0.00000
63/63 - 51s - loss: 9.5605e-07 - mean_squared_error: 1.3721e-06 - val_loss: 1.0902e-08 - val_mean_squared_error: 1.0902e-08 - 51s/epoch - 816ms/step
Epoch 46/50

Epoch 00046: mean_squared_error did not improve from 0.00000
63/63 - 51s - loss: 9.5616e-07 - mean_squared_error: 1.3722e-06 - val_loss: 1.0680e-08 - val_mean_squared_error: 1.0680e-08 - 51s/epoch - 816ms/step
Epoch 47/50

Epoch 00047: mean_squared_error improved from 0.00000 to 0.00000, saving model to /gpfswork/rech/ynx/uds36vp/repos/wf-SEDs/projected_learning/wf-outputs/chkp/8_bins/chkp_callback_poly_2_cycles_256_proj_d2_4_cycle2
63/63 - 51s - loss: 9.5572e-07 - mean_squared_error: 1.3719e-06 - val_loss: 1.0874e-08 - val_mean_squared_error: 1.0874e-08 - 51s/epoch - 816ms/step
Epoch 48/50

Epoch 00048: mean_squared_error improved from 0.00000 to 0.00000, saving model to /gpfswork/rech/ynx/uds36vp/repos/wf-SEDs/projected_learning/wf-outputs/chkp/8_bins/chkp_callback_poly_2_cycles_256_proj_d2_4_cycle2
63/63 - 51s - loss: 9.5552e-07 - mean_squared_error: 1.3717e-06 - val_loss: 1.0689e-08 - val_mean_squared_error: 1.0689e-08 - 51s/epoch - 817ms/step
Epoch 49/50

Epoch 00049: mean_squared_error did not improve from 0.00000
63/63 - 51s - loss: 9.5575e-07 - mean_squared_error: 1.3718e-06 - val_loss: 1.1162e-08 - val_mean_squared_error: 1.1162e-08 - 51s/epoch - 817ms/step
Epoch 50/50

Epoch 00050: mean_squared_error did not improve from 0.00000
63/63 - 52s - loss: 9.5567e-07 - mean_squared_error: 1.3718e-06 - val_loss: 1.1057e-08 - val_mean_squared_error: 1.1057e-08 - 52s/epoch - 818ms/step
Cycle2 elapsed time: 3355.214982509613

Total elapsed time: 9392.005342

 Good bye..
