Starting the log file.
Found GPU at: /device:GPU:0
tf_version: 2.7.0
Zernike cube:
(15, 256, 256)
Dataset parameters:
{'d_max': 2, 'max_order': 45, 'x_lims': [0, 1000.0], 'y_lims': [0, 1000.0], 'grid_points': [4, 4], 'n_bins': 350, 'max_wfe_rms': 0.1, 'oversampling_rate': 3.0, 'output_Q': 3.0, 'output_dim': 32, 'LP_filter_length': 2, 'pupil_diameter': 256, 'euclid_obsc': True, 'n_stars': 2000}
Starting cycle 1..
Starting parametric update..
Epoch 1/30

Epoch 00001: mean_squared_error improved from inf to 0.00001, saving model to /gpfswork/rech/ynx/uds36vp/repos/wf-SEDs/projected_learning/wf-outputs/chkp/8_bins/chkp_callback_poly_1_cycles_256_no_proj_d2_2_cycle1
63/63 - 64s - loss: 7.9326e-06 - mean_squared_error: 7.5400e-06 - val_loss: 1.9227e-06 - val_mean_squared_error: 1.9227e-06 - 64s/epoch - 1s/step
Epoch 2/30

Epoch 00002: mean_squared_error improved from 0.00001 to 0.00000, saving model to /gpfswork/rech/ynx/uds36vp/repos/wf-SEDs/projected_learning/wf-outputs/chkp/8_bins/chkp_callback_poly_1_cycles_256_no_proj_d2_2_cycle1
63/63 - 59s - loss: 2.5944e-06 - mean_squared_error: 2.7967e-06 - val_loss: 1.1474e-06 - val_mean_squared_error: 1.1474e-06 - 59s/epoch - 940ms/step
Epoch 3/30

Epoch 00003: mean_squared_error improved from 0.00000 to 0.00000, saving model to /gpfswork/rech/ynx/uds36vp/repos/wf-SEDs/projected_learning/wf-outputs/chkp/8_bins/chkp_callback_poly_1_cycles_256_no_proj_d2_2_cycle1
63/63 - 59s - loss: 2.1890e-06 - mean_squared_error: 2.4243e-06 - val_loss: 8.9307e-07 - val_mean_squared_error: 8.9307e-07 - 59s/epoch - 941ms/step
Epoch 4/30

Epoch 00004: mean_squared_error improved from 0.00000 to 0.00000, saving model to /gpfswork/rech/ynx/uds36vp/repos/wf-SEDs/projected_learning/wf-outputs/chkp/8_bins/chkp_callback_poly_1_cycles_256_no_proj_d2_2_cycle1
63/63 - 59s - loss: 1.9219e-06 - mean_squared_error: 2.1939e-06 - val_loss: 7.2593e-07 - val_mean_squared_error: 7.2593e-07 - 59s/epoch - 938ms/step
Epoch 5/30

Epoch 00005: mean_squared_error improved from 0.00000 to 0.00000, saving model to /gpfswork/rech/ynx/uds36vp/repos/wf-SEDs/projected_learning/wf-outputs/chkp/8_bins/chkp_callback_poly_1_cycles_256_no_proj_d2_2_cycle1
63/63 - 59s - loss: 1.8041e-06 - mean_squared_error: 2.0868e-06 - val_loss: 6.7661e-07 - val_mean_squared_error: 6.7661e-07 - 59s/epoch - 940ms/step
Epoch 6/30

Epoch 00006: mean_squared_error improved from 0.00000 to 0.00000, saving model to /gpfswork/rech/ynx/uds36vp/repos/wf-SEDs/projected_learning/wf-outputs/chkp/8_bins/chkp_callback_poly_1_cycles_256_no_proj_d2_2_cycle1
63/63 - 59s - loss: 1.7830e-06 - mean_squared_error: 2.0658e-06 - val_loss: 6.7085e-07 - val_mean_squared_error: 6.7085e-07 - 59s/epoch - 936ms/step
Epoch 7/30

Epoch 00007: mean_squared_error improved from 0.00000 to 0.00000, saving model to /gpfswork/rech/ynx/uds36vp/repos/wf-SEDs/projected_learning/wf-outputs/chkp/8_bins/chkp_callback_poly_1_cycles_256_no_proj_d2_2_cycle1
63/63 - 59s - loss: 1.7783e-06 - mean_squared_error: 2.0599e-06 - val_loss: 6.6247e-07 - val_mean_squared_error: 6.6247e-07 - 59s/epoch - 935ms/step
Epoch 8/30

Epoch 00008: mean_squared_error did not improve from 0.00000
63/63 - 59s - loss: 1.7897e-06 - mean_squared_error: 2.0712e-06 - val_loss: 6.7994e-07 - val_mean_squared_error: 6.7994e-07 - 59s/epoch - 939ms/step
Epoch 9/30

Epoch 00009: mean_squared_error did not improve from 0.00000
63/63 - 59s - loss: 1.7934e-06 - mean_squared_error: 2.0710e-06 - val_loss: 6.7278e-07 - val_mean_squared_error: 6.7278e-07 - 59s/epoch - 942ms/step
Epoch 10/30

Epoch 00010: mean_squared_error did not improve from 0.00000
63/63 - 59s - loss: 1.8087e-06 - mean_squared_error: 2.0883e-06 - val_loss: 6.9323e-07 - val_mean_squared_error: 6.9323e-07 - 59s/epoch - 935ms/step
Epoch 11/30

Epoch 00011: mean_squared_error did not improve from 0.00000
63/63 - 59s - loss: 1.8348e-06 - mean_squared_error: 2.1075e-06 - val_loss: 7.2134e-07 - val_mean_squared_error: 7.2134e-07 - 59s/epoch - 932ms/step
Epoch 12/30

Epoch 00012: mean_squared_error did not improve from 0.00000
63/63 - 58s - loss: 1.8401e-06 - mean_squared_error: 2.1138e-06 - val_loss: 6.9144e-07 - val_mean_squared_error: 6.9144e-07 - 58s/epoch - 928ms/step
Epoch 13/30

Epoch 00013: mean_squared_error did not improve from 0.00000
63/63 - 58s - loss: 1.8250e-06 - mean_squared_error: 2.1011e-06 - val_loss: 7.3208e-07 - val_mean_squared_error: 7.3208e-07 - 58s/epoch - 920ms/step
Epoch 14/30

Epoch 00014: mean_squared_error did not improve from 0.00000
63/63 - 58s - loss: 1.8243e-06 - mean_squared_error: 2.0984e-06 - val_loss: 7.3413e-07 - val_mean_squared_error: 7.3413e-07 - 58s/epoch - 924ms/step
Epoch 15/30

Epoch 00015: mean_squared_error did not improve from 0.00000
63/63 - 58s - loss: 1.8759e-06 - mean_squared_error: 2.1404e-06 - val_loss: 7.5526e-07 - val_mean_squared_error: 7.5526e-07 - 58s/epoch - 922ms/step
Epoch 16/30

Epoch 00016: mean_squared_error did not improve from 0.00000
63/63 - 58s - loss: 1.8775e-06 - mean_squared_error: 2.1430e-06 - val_loss: 6.9793e-07 - val_mean_squared_error: 6.9793e-07 - 58s/epoch - 918ms/step
Epoch 17/30

Epoch 00017: mean_squared_error did not improve from 0.00000
63/63 - 58s - loss: 1.8603e-06 - mean_squared_error: 2.1252e-06 - val_loss: 7.8099e-07 - val_mean_squared_error: 7.8099e-07 - 58s/epoch - 916ms/step
Epoch 18/30

Epoch 00018: mean_squared_error did not improve from 0.00000
63/63 - 58s - loss: 1.9343e-06 - mean_squared_error: 2.1900e-06 - val_loss: 1.0693e-06 - val_mean_squared_error: 1.0693e-06 - 58s/epoch - 919ms/step
Epoch 19/30

Epoch 00019: mean_squared_error did not improve from 0.00000
63/63 - 58s - loss: 1.9297e-06 - mean_squared_error: 2.1888e-06 - val_loss: 9.0691e-07 - val_mean_squared_error: 9.0691e-07 - 58s/epoch - 919ms/step
Epoch 20/30

Epoch 00020: mean_squared_error did not improve from 0.00000
63/63 - 58s - loss: 1.9132e-06 - mean_squared_error: 2.1778e-06 - val_loss: 7.8678e-07 - val_mean_squared_error: 7.8678e-07 - 58s/epoch - 924ms/step
Epoch 21/30

Epoch 00021: mean_squared_error did not improve from 0.00000
63/63 - 58s - loss: 1.9125e-06 - mean_squared_error: 2.1718e-06 - val_loss: 8.1887e-07 - val_mean_squared_error: 8.1887e-07 - 58s/epoch - 920ms/step
Epoch 22/30

Epoch 00022: mean_squared_error did not improve from 0.00000
63/63 - 58s - loss: 1.9759e-06 - mean_squared_error: 2.2190e-06 - val_loss: 7.9114e-07 - val_mean_squared_error: 7.9114e-07 - 58s/epoch - 918ms/step
Epoch 23/30

Epoch 00023: mean_squared_error did not improve from 0.00000
63/63 - 58s - loss: 1.8733e-06 - mean_squared_error: 2.1398e-06 - val_loss: 8.1413e-07 - val_mean_squared_error: 8.1413e-07 - 58s/epoch - 924ms/step
Epoch 24/30

Epoch 00024: mean_squared_error did not improve from 0.00000
63/63 - 58s - loss: 1.9143e-06 - mean_squared_error: 2.1798e-06 - val_loss: 7.7983e-07 - val_mean_squared_error: 7.7983e-07 - 58s/epoch - 916ms/step
Epoch 25/30

Epoch 00025: mean_squared_error did not improve from 0.00000
63/63 - 58s - loss: 2.1455e-06 - mean_squared_error: 2.3725e-06 - val_loss: 8.6211e-07 - val_mean_squared_error: 8.6211e-07 - 58s/epoch - 921ms/step
Epoch 26/30

Epoch 00026: mean_squared_error did not improve from 0.00000
63/63 - 58s - loss: 1.9643e-06 - mean_squared_error: 2.2184e-06 - val_loss: 1.0132e-06 - val_mean_squared_error: 1.0132e-06 - 58s/epoch - 920ms/step
Epoch 27/30

Epoch 00027: mean_squared_error did not improve from 0.00000
63/63 - 58s - loss: 1.9446e-06 - mean_squared_error: 2.2122e-06 - val_loss: 7.8980e-07 - val_mean_squared_error: 7.8980e-07 - 58s/epoch - 924ms/step
Epoch 28/30

Epoch 00028: mean_squared_error did not improve from 0.00000
63/63 - 58s - loss: 1.9124e-06 - mean_squared_error: 2.1737e-06 - val_loss: 9.5663e-07 - val_mean_squared_error: 9.5663e-07 - 58s/epoch - 921ms/step
Epoch 29/30

Epoch 00029: mean_squared_error did not improve from 0.00000
63/63 - 58s - loss: 1.9650e-06 - mean_squared_error: 2.2214e-06 - val_loss: 8.2179e-07 - val_mean_squared_error: 8.2179e-07 - 58s/epoch - 915ms/step
Epoch 30/30

Epoch 00030: mean_squared_error did not improve from 0.00000
63/63 - 57s - loss: 2.0022e-06 - mean_squared_error: 2.2464e-06 - val_loss: 7.6709e-07 - val_mean_squared_error: 7.6709e-07 - 57s/epoch - 908ms/step
Starting non-parametric update..
Epoch 1/150

Epoch 00001: mean_squared_error did not improve from 0.00000
63/63 - 60s - loss: 1.8235e-06 - mean_squared_error: 2.1089e-06 - val_loss: 6.6053e-07 - val_mean_squared_error: 6.6053e-07 - 60s/epoch - 949ms/step
Epoch 2/150

Epoch 00002: mean_squared_error improved from 0.00000 to 0.00000, saving model to /gpfswork/rech/ynx/uds36vp/repos/wf-SEDs/projected_learning/wf-outputs/chkp/8_bins/chkp_callback_poly_1_cycles_256_no_proj_d2_2_cycle1
63/63 - 57s - loss: 1.7002e-06 - mean_squared_error: 2.0073e-06 - val_loss: 5.8738e-07 - val_mean_squared_error: 5.8738e-07 - 57s/epoch - 902ms/step
Epoch 3/150

Epoch 00003: mean_squared_error improved from 0.00000 to 0.00000, saving model to /gpfswork/rech/ynx/uds36vp/repos/wf-SEDs/projected_learning/wf-outputs/chkp/8_bins/chkp_callback_poly_1_cycles_256_no_proj_d2_2_cycle1
63/63 - 56s - loss: 1.5908e-06 - mean_squared_error: 1.9231e-06 - val_loss: 5.0453e-07 - val_mean_squared_error: 5.0453e-07 - 56s/epoch - 890ms/step
Epoch 4/150

Epoch 00004: mean_squared_error improved from 0.00000 to 0.00000, saving model to /gpfswork/rech/ynx/uds36vp/repos/wf-SEDs/projected_learning/wf-outputs/chkp/8_bins/chkp_callback_poly_1_cycles_256_no_proj_d2_2_cycle1
63/63 - 56s - loss: 1.4767e-06 - mean_squared_error: 1.8285e-06 - val_loss: 4.1594e-07 - val_mean_squared_error: 4.1594e-07 - 56s/epoch - 896ms/step
Epoch 5/150

Epoch 00005: mean_squared_error improved from 0.00000 to 0.00000, saving model to /gpfswork/rech/ynx/uds36vp/repos/wf-SEDs/projected_learning/wf-outputs/chkp/8_bins/chkp_callback_poly_1_cycles_256_no_proj_d2_2_cycle1
63/63 - 57s - loss: 1.3784e-06 - mean_squared_error: 1.7424e-06 - val_loss: 3.4394e-07 - val_mean_squared_error: 3.4394e-07 - 57s/epoch - 898ms/step
Epoch 6/150

Epoch 00006: mean_squared_error improved from 0.00000 to 0.00000, saving model to /gpfswork/rech/ynx/uds36vp/repos/wf-SEDs/projected_learning/wf-outputs/chkp/8_bins/chkp_callback_poly_1_cycles_256_no_proj_d2_2_cycle1
63/63 - 57s - loss: 1.3085e-06 - mean_squared_error: 1.6800e-06 - val_loss: 2.9708e-07 - val_mean_squared_error: 2.9708e-07 - 57s/epoch - 900ms/step
Epoch 7/150

Epoch 00007: mean_squared_error improved from 0.00000 to 0.00000, saving model to /gpfswork/rech/ynx/uds36vp/repos/wf-SEDs/projected_learning/wf-outputs/chkp/8_bins/chkp_callback_poly_1_cycles_256_no_proj_d2_2_cycle1
63/63 - 57s - loss: 1.2595e-06 - mean_squared_error: 1.6366e-06 - val_loss: 2.5996e-07 - val_mean_squared_error: 2.5996e-07 - 57s/epoch - 899ms/step
Epoch 8/150

Epoch 00008: mean_squared_error improved from 0.00000 to 0.00000, saving model to /gpfswork/rech/ynx/uds36vp/repos/wf-SEDs/projected_learning/wf-outputs/chkp/8_bins/chkp_callback_poly_1_cycles_256_no_proj_d2_2_cycle1
63/63 - 57s - loss: 1.2202e-06 - mean_squared_error: 1.6023e-06 - val_loss: 2.3000e-07 - val_mean_squared_error: 2.3000e-07 - 57s/epoch - 905ms/step
Epoch 9/150

Epoch 00009: mean_squared_error improved from 0.00000 to 0.00000, saving model to /gpfswork/rech/ynx/uds36vp/repos/wf-SEDs/projected_learning/wf-outputs/chkp/8_bins/chkp_callback_poly_1_cycles_256_no_proj_d2_2_cycle1
63/63 - 57s - loss: 1.1893e-06 - mean_squared_error: 1.5752e-06 - val_loss: 2.0491e-07 - val_mean_squared_error: 2.0491e-07 - 57s/epoch - 904ms/step
Epoch 10/150

Epoch 00010: mean_squared_error improved from 0.00000 to 0.00000, saving model to /gpfswork/rech/ynx/uds36vp/repos/wf-SEDs/projected_learning/wf-outputs/chkp/8_bins/chkp_callback_poly_1_cycles_256_no_proj_d2_2_cycle1
63/63 - 57s - loss: 1.1636e-06 - mean_squared_error: 1.5533e-06 - val_loss: 1.8464e-07 - val_mean_squared_error: 1.8464e-07 - 57s/epoch - 897ms/step
Epoch 11/150

Epoch 00011: mean_squared_error improved from 0.00000 to 0.00000, saving model to /gpfswork/rech/ynx/uds36vp/repos/wf-SEDs/projected_learning/wf-outputs/chkp/8_bins/chkp_callback_poly_1_cycles_256_no_proj_d2_2_cycle1
63/63 - 57s - loss: 1.1423e-06 - mean_squared_error: 1.5348e-06 - val_loss: 1.6592e-07 - val_mean_squared_error: 1.6592e-07 - 57s/epoch - 904ms/step
Epoch 12/150

Epoch 00012: mean_squared_error improved from 0.00000 to 0.00000, saving model to /gpfswork/rech/ynx/uds36vp/repos/wf-SEDs/projected_learning/wf-outputs/chkp/8_bins/chkp_callback_poly_1_cycles_256_no_proj_d2_2_cycle1
63/63 - 57s - loss: 1.1245e-06 - mean_squared_error: 1.5193e-06 - val_loss: 1.5130e-07 - val_mean_squared_error: 1.5130e-07 - 57s/epoch - 903ms/step
Epoch 13/150

Epoch 00013: mean_squared_error improved from 0.00000 to 0.00000, saving model to /gpfswork/rech/ynx/uds36vp/repos/wf-SEDs/projected_learning/wf-outputs/chkp/8_bins/chkp_callback_poly_1_cycles_256_no_proj_d2_2_cycle1
63/63 - 57s - loss: 1.1086e-06 - mean_squared_error: 1.5059e-06 - val_loss: 1.3669e-07 - val_mean_squared_error: 1.3669e-07 - 57s/epoch - 906ms/step
Epoch 14/150

Epoch 00014: mean_squared_error improved from 0.00000 to 0.00000, saving model to /gpfswork/rech/ynx/uds36vp/repos/wf-SEDs/projected_learning/wf-outputs/chkp/8_bins/chkp_callback_poly_1_cycles_256_no_proj_d2_2_cycle1
63/63 - 57s - loss: 1.0937e-06 - mean_squared_error: 1.4932e-06 - val_loss: 1.2412e-07 - val_mean_squared_error: 1.2412e-07 - 57s/epoch - 902ms/step
Epoch 15/150

Epoch 00015: mean_squared_error improved from 0.00000 to 0.00000, saving model to /gpfswork/rech/ynx/uds36vp/repos/wf-SEDs/projected_learning/wf-outputs/chkp/8_bins/chkp_callback_poly_1_cycles_256_no_proj_d2_2_cycle1
63/63 - 57s - loss: 1.0817e-06 - mean_squared_error: 1.4820e-06 - val_loss: 1.1372e-07 - val_mean_squared_error: 1.1372e-07 - 57s/epoch - 903ms/step
Epoch 16/150

Epoch 00016: mean_squared_error improved from 0.00000 to 0.00000, saving model to /gpfswork/rech/ynx/uds36vp/repos/wf-SEDs/projected_learning/wf-outputs/chkp/8_bins/chkp_callback_poly_1_cycles_256_no_proj_d2_2_cycle1
63/63 - 57s - loss: 1.0704e-06 - mean_squared_error: 1.4724e-06 - val_loss: 1.0376e-07 - val_mean_squared_error: 1.0376e-07 - 57s/epoch - 901ms/step
Epoch 17/150

Epoch 00017: mean_squared_error improved from 0.00000 to 0.00000, saving model to /gpfswork/rech/ynx/uds36vp/repos/wf-SEDs/projected_learning/wf-outputs/chkp/8_bins/chkp_callback_poly_1_cycles_256_no_proj_d2_2_cycle1
63/63 - 57s - loss: 1.0606e-06 - mean_squared_error: 1.4640e-06 - val_loss: 9.5459e-08 - val_mean_squared_error: 9.5459e-08 - 57s/epoch - 902ms/step
Epoch 18/150

Epoch 00018: mean_squared_error improved from 0.00000 to 0.00000, saving model to /gpfswork/rech/ynx/uds36vp/repos/wf-SEDs/projected_learning/wf-outputs/chkp/8_bins/chkp_callback_poly_1_cycles_256_no_proj_d2_2_cycle1
63/63 - 57s - loss: 1.0519e-06 - mean_squared_error: 1.4559e-06 - val_loss: 8.7498e-08 - val_mean_squared_error: 8.7498e-08 - 57s/epoch - 900ms/step
Epoch 19/150

Epoch 00019: mean_squared_error improved from 0.00000 to 0.00000, saving model to /gpfswork/rech/ynx/uds36vp/repos/wf-SEDs/projected_learning/wf-outputs/chkp/8_bins/chkp_callback_poly_1_cycles_256_no_proj_d2_2_cycle1
63/63 - 57s - loss: 1.0445e-06 - mean_squared_error: 1.4494e-06 - val_loss: 8.2785e-08 - val_mean_squared_error: 8.2785e-08 - 57s/epoch - 899ms/step
Epoch 20/150

Epoch 00020: mean_squared_error improved from 0.00000 to 0.00000, saving model to /gpfswork/rech/ynx/uds36vp/repos/wf-SEDs/projected_learning/wf-outputs/chkp/8_bins/chkp_callback_poly_1_cycles_256_no_proj_d2_2_cycle1
63/63 - 57s - loss: 1.0375e-06 - mean_squared_error: 1.4433e-06 - val_loss: 7.5556e-08 - val_mean_squared_error: 7.5556e-08 - 57s/epoch - 899ms/step
Epoch 21/150

Epoch 00021: mean_squared_error improved from 0.00000 to 0.00000, saving model to /gpfswork/rech/ynx/uds36vp/repos/wf-SEDs/projected_learning/wf-outputs/chkp/8_bins/chkp_callback_poly_1_cycles_256_no_proj_d2_2_cycle1
63/63 - 57s - loss: 1.0318e-06 - mean_squared_error: 1.4379e-06 - val_loss: 6.9809e-08 - val_mean_squared_error: 6.9809e-08 - 57s/epoch - 903ms/step
Epoch 22/150

Epoch 00022: mean_squared_error improved from 0.00000 to 0.00000, saving model to /gpfswork/rech/ynx/uds36vp/repos/wf-SEDs/projected_learning/wf-outputs/chkp/8_bins/chkp_callback_poly_1_cycles_256_no_proj_d2_2_cycle1
63/63 - 57s - loss: 1.0253e-06 - mean_squared_error: 1.4326e-06 - val_loss: 6.5384e-08 - val_mean_squared_error: 6.5384e-08 - 57s/epoch - 904ms/step
Epoch 23/150

Epoch 00023: mean_squared_error improved from 0.00000 to 0.00000, saving model to /gpfswork/rech/ynx/uds36vp/repos/wf-SEDs/projected_learning/wf-outputs/chkp/8_bins/chkp_callback_poly_1_cycles_256_no_proj_d2_2_cycle1
63/63 - 57s - loss: 1.0204e-06 - mean_squared_error: 1.4282e-06 - val_loss: 6.0357e-08 - val_mean_squared_error: 6.0357e-08 - 57s/epoch - 900ms/step
Epoch 24/150

Epoch 00024: mean_squared_error improved from 0.00000 to 0.00000, saving model to /gpfswork/rech/ynx/uds36vp/repos/wf-SEDs/projected_learning/wf-outputs/chkp/8_bins/chkp_callback_poly_1_cycles_256_no_proj_d2_2_cycle1
63/63 - 57s - loss: 1.0167e-06 - mean_squared_error: 1.4247e-06 - val_loss: 5.5972e-08 - val_mean_squared_error: 5.5972e-08 - 57s/epoch - 902ms/step
Epoch 25/150

Epoch 00025: mean_squared_error improved from 0.00000 to 0.00000, saving model to /gpfswork/rech/ynx/uds36vp/repos/wf-SEDs/projected_learning/wf-outputs/chkp/8_bins/chkp_callback_poly_1_cycles_256_no_proj_d2_2_cycle1
63/63 - 57s - loss: 1.0115e-06 - mean_squared_error: 1.4204e-06 - val_loss: 5.3781e-08 - val_mean_squared_error: 5.3781e-08 - 57s/epoch - 907ms/step
Epoch 26/150

Epoch 00026: mean_squared_error improved from 0.00000 to 0.00000, saving model to /gpfswork/rech/ynx/uds36vp/repos/wf-SEDs/projected_learning/wf-outputs/chkp/8_bins/chkp_callback_poly_1_cycles_256_no_proj_d2_2_cycle1
63/63 - 57s - loss: 1.0079e-06 - mean_squared_error: 1.4173e-06 - val_loss: 5.0145e-08 - val_mean_squared_error: 5.0145e-08 - 57s/epoch - 901ms/step
Epoch 27/150

Epoch 00027: mean_squared_error improved from 0.00000 to 0.00000, saving model to /gpfswork/rech/ynx/uds36vp/repos/wf-SEDs/projected_learning/wf-outputs/chkp/8_bins/chkp_callback_poly_1_cycles_256_no_proj_d2_2_cycle1
63/63 - 56s - loss: 1.0038e-06 - mean_squared_error: 1.4140e-06 - val_loss: 4.7462e-08 - val_mean_squared_error: 4.7462e-08 - 56s/epoch - 895ms/step
Epoch 28/150

Epoch 00028: mean_squared_error improved from 0.00000 to 0.00000, saving model to /gpfswork/rech/ynx/uds36vp/repos/wf-SEDs/projected_learning/wf-outputs/chkp/8_bins/chkp_callback_poly_1_cycles_256_no_proj_d2_2_cycle1
63/63 - 56s - loss: 1.0022e-06 - mean_squared_error: 1.4121e-06 - val_loss: 4.4903e-08 - val_mean_squared_error: 4.4903e-08 - 56s/epoch - 895ms/step
Epoch 29/150

Epoch 00029: mean_squared_error improved from 0.00000 to 0.00000, saving model to /gpfswork/rech/ynx/uds36vp/repos/wf-SEDs/projected_learning/wf-outputs/chkp/8_bins/chkp_callback_poly_1_cycles_256_no_proj_d2_2_cycle1
63/63 - 56s - loss: 9.9813e-07 - mean_squared_error: 1.4092e-06 - val_loss: 4.2441e-08 - val_mean_squared_error: 4.2441e-08 - 56s/epoch - 894ms/step
Epoch 30/150

Epoch 00030: mean_squared_error improved from 0.00000 to 0.00000, saving model to /gpfswork/rech/ynx/uds36vp/repos/wf-SEDs/projected_learning/wf-outputs/chkp/8_bins/chkp_callback_poly_1_cycles_256_no_proj_d2_2_cycle1
63/63 - 56s - loss: 9.9578e-07 - mean_squared_error: 1.4067e-06 - val_loss: 4.0349e-08 - val_mean_squared_error: 4.0349e-08 - 56s/epoch - 892ms/step
Epoch 31/150

Epoch 00031: mean_squared_error improved from 0.00000 to 0.00000, saving model to /gpfswork/rech/ynx/uds36vp/repos/wf-SEDs/projected_learning/wf-outputs/chkp/8_bins/chkp_callback_poly_1_cycles_256_no_proj_d2_2_cycle1
63/63 - 56s - loss: 9.9352e-07 - mean_squared_error: 1.4048e-06 - val_loss: 3.8338e-08 - val_mean_squared_error: 3.8338e-08 - 56s/epoch - 894ms/step
Epoch 32/150

Epoch 00032: mean_squared_error improved from 0.00000 to 0.00000, saving model to /gpfswork/rech/ynx/uds36vp/repos/wf-SEDs/projected_learning/wf-outputs/chkp/8_bins/chkp_callback_poly_1_cycles_256_no_proj_d2_2_cycle1
63/63 - 56s - loss: 9.9170e-07 - mean_squared_error: 1.4033e-06 - val_loss: 3.6626e-08 - val_mean_squared_error: 3.6626e-08 - 56s/epoch - 893ms/step
Epoch 33/150

Epoch 00033: mean_squared_error improved from 0.00000 to 0.00000, saving model to /gpfswork/rech/ynx/uds36vp/repos/wf-SEDs/projected_learning/wf-outputs/chkp/8_bins/chkp_callback_poly_1_cycles_256_no_proj_d2_2_cycle1
63/63 - 57s - loss: 9.8922e-07 - mean_squared_error: 1.4013e-06 - val_loss: 3.5243e-08 - val_mean_squared_error: 3.5243e-08 - 57s/epoch - 902ms/step
Epoch 34/150

Epoch 00034: mean_squared_error improved from 0.00000 to 0.00000, saving model to /gpfswork/rech/ynx/uds36vp/repos/wf-SEDs/projected_learning/wf-outputs/chkp/8_bins/chkp_callback_poly_1_cycles_256_no_proj_d2_2_cycle1
63/63 - 57s - loss: 9.8918e-07 - mean_squared_error: 1.4010e-06 - val_loss: 3.5174e-08 - val_mean_squared_error: 3.5174e-08 - 57s/epoch - 898ms/step
Epoch 35/150

Epoch 00035: mean_squared_error improved from 0.00000 to 0.00000, saving model to /gpfswork/rech/ynx/uds36vp/repos/wf-SEDs/projected_learning/wf-outputs/chkp/8_bins/chkp_callback_poly_1_cycles_256_no_proj_d2_2_cycle1
63/63 - 56s - loss: 9.8764e-07 - mean_squared_error: 1.3995e-06 - val_loss: 3.3362e-08 - val_mean_squared_error: 3.3362e-08 - 56s/epoch - 891ms/step
Epoch 36/150

Epoch 00036: mean_squared_error improved from 0.00000 to 0.00000, saving model to /gpfswork/rech/ynx/uds36vp/repos/wf-SEDs/projected_learning/wf-outputs/chkp/8_bins/chkp_callback_poly_1_cycles_256_no_proj_d2_2_cycle1
63/63 - 57s - loss: 9.8539e-07 - mean_squared_error: 1.3977e-06 - val_loss: 3.1489e-08 - val_mean_squared_error: 3.1489e-08 - 57s/epoch - 898ms/step
Epoch 37/150

Epoch 00037: mean_squared_error improved from 0.00000 to 0.00000, saving model to /gpfswork/rech/ynx/uds36vp/repos/wf-SEDs/projected_learning/wf-outputs/chkp/8_bins/chkp_callback_poly_1_cycles_256_no_proj_d2_2_cycle1
63/63 - 57s - loss: 9.8379e-07 - mean_squared_error: 1.3962e-06 - val_loss: 3.1034e-08 - val_mean_squared_error: 3.1034e-08 - 57s/epoch - 905ms/step
Epoch 38/150

Epoch 00038: mean_squared_error did not improve from 0.00000
63/63 - 57s - loss: 9.8733e-07 - mean_squared_error: 1.3985e-06 - val_loss: 3.2262e-08 - val_mean_squared_error: 3.2262e-08 - 57s/epoch - 902ms/step
Epoch 39/150

Epoch 00039: mean_squared_error did not improve from 0.00000
63/63 - 56s - loss: 1.0320e-06 - mean_squared_error: 1.4306e-06 - val_loss: 3.5153e-08 - val_mean_squared_error: 3.5153e-08 - 56s/epoch - 893ms/step
Epoch 40/150

Epoch 00040: mean_squared_error did not improve from 0.00000
63/63 - 56s - loss: 9.8809e-07 - mean_squared_error: 1.3990e-06 - val_loss: 3.1295e-08 - val_mean_squared_error: 3.1295e-08 - 56s/epoch - 896ms/step
Epoch 41/150

Epoch 00041: mean_squared_error improved from 0.00000 to 0.00000, saving model to /gpfswork/rech/ynx/uds36vp/repos/wf-SEDs/projected_learning/wf-outputs/chkp/8_bins/chkp_callback_poly_1_cycles_256_no_proj_d2_2_cycle1
63/63 - 57s - loss: 9.8120e-07 - mean_squared_error: 1.3942e-06 - val_loss: 2.7706e-08 - val_mean_squared_error: 2.7706e-08 - 57s/epoch - 900ms/step
Epoch 42/150

Epoch 00042: mean_squared_error improved from 0.00000 to 0.00000, saving model to /gpfswork/rech/ynx/uds36vp/repos/wf-SEDs/projected_learning/wf-outputs/chkp/8_bins/chkp_callback_poly_1_cycles_256_no_proj_d2_2_cycle1
63/63 - 56s - loss: 9.7940e-07 - mean_squared_error: 1.3925e-06 - val_loss: 2.7025e-08 - val_mean_squared_error: 2.7025e-08 - 56s/epoch - 896ms/step
Epoch 43/150

Epoch 00043: mean_squared_error improved from 0.00000 to 0.00000, saving model to /gpfswork/rech/ynx/uds36vp/repos/wf-SEDs/projected_learning/wf-outputs/chkp/8_bins/chkp_callback_poly_1_cycles_256_no_proj_d2_2_cycle1
63/63 - 57s - loss: 9.7939e-07 - mean_squared_error: 1.3923e-06 - val_loss: 2.6927e-08 - val_mean_squared_error: 2.6927e-08 - 57s/epoch - 901ms/step
Epoch 44/150

Epoch 00044: mean_squared_error improved from 0.00000 to 0.00000, saving model to /gpfswork/rech/ynx/uds36vp/repos/wf-SEDs/projected_learning/wf-outputs/chkp/8_bins/chkp_callback_poly_1_cycles_256_no_proj_d2_2_cycle1
63/63 - 57s - loss: 9.7729e-07 - mean_squared_error: 1.3906e-06 - val_loss: 2.5018e-08 - val_mean_squared_error: 2.5018e-08 - 57s/epoch - 899ms/step
Epoch 45/150

Epoch 00045: mean_squared_error improved from 0.00000 to 0.00000, saving model to /gpfswork/rech/ynx/uds36vp/repos/wf-SEDs/projected_learning/wf-outputs/chkp/8_bins/chkp_callback_poly_1_cycles_256_no_proj_d2_2_cycle1
63/63 - 56s - loss: 9.7640e-07 - mean_squared_error: 1.3900e-06 - val_loss: 2.4406e-08 - val_mean_squared_error: 2.4406e-08 - 56s/epoch - 896ms/step
Epoch 46/150

Epoch 00046: mean_squared_error improved from 0.00000 to 0.00000, saving model to /gpfswork/rech/ynx/uds36vp/repos/wf-SEDs/projected_learning/wf-outputs/chkp/8_bins/chkp_callback_poly_1_cycles_256_no_proj_d2_2_cycle1
63/63 - 57s - loss: 9.7543e-07 - mean_squared_error: 1.3890e-06 - val_loss: 2.4752e-08 - val_mean_squared_error: 2.4752e-08 - 57s/epoch - 903ms/step
Epoch 47/150

Epoch 00047: mean_squared_error did not improve from 0.00000
63/63 - 57s - loss: 9.7623e-07 - mean_squared_error: 1.3893e-06 - val_loss: 2.6134e-08 - val_mean_squared_error: 2.6134e-08 - 57s/epoch - 906ms/step
Epoch 48/150

Epoch 00048: mean_squared_error did not improve from 0.00000
63/63 - 57s - loss: 9.7615e-07 - mean_squared_error: 1.3893e-06 - val_loss: 2.3076e-08 - val_mean_squared_error: 2.3076e-08 - 57s/epoch - 906ms/step
Epoch 49/150

Epoch 00049: mean_squared_error improved from 0.00000 to 0.00000, saving model to /gpfswork/rech/ynx/uds36vp/repos/wf-SEDs/projected_learning/wf-outputs/chkp/8_bins/chkp_callback_poly_1_cycles_256_no_proj_d2_2_cycle1
63/63 - 57s - loss: 9.7364e-07 - mean_squared_error: 1.3874e-06 - val_loss: 2.2440e-08 - val_mean_squared_error: 2.2440e-08 - 57s/epoch - 902ms/step
Epoch 50/150

Epoch 00050: mean_squared_error improved from 0.00000 to 0.00000, saving model to /gpfswork/rech/ynx/uds36vp/repos/wf-SEDs/projected_learning/wf-outputs/chkp/8_bins/chkp_callback_poly_1_cycles_256_no_proj_d2_2_cycle1
63/63 - 57s - loss: 9.7321e-07 - mean_squared_error: 1.3870e-06 - val_loss: 2.3104e-08 - val_mean_squared_error: 2.3104e-08 - 57s/epoch - 900ms/step
Epoch 51/150

Epoch 00051: mean_squared_error did not improve from 0.00000
63/63 - 57s - loss: 9.7358e-07 - mean_squared_error: 1.3872e-06 - val_loss: 2.2833e-08 - val_mean_squared_error: 2.2833e-08 - 57s/epoch - 908ms/step
Epoch 52/150

Epoch 00052: mean_squared_error improved from 0.00000 to 0.00000, saving model to /gpfswork/rech/ynx/uds36vp/repos/wf-SEDs/projected_learning/wf-outputs/chkp/8_bins/chkp_callback_poly_1_cycles_256_no_proj_d2_2_cycle1
63/63 - 57s - loss: 9.7175e-07 - mean_squared_error: 1.3858e-06 - val_loss: 2.1044e-08 - val_mean_squared_error: 2.1044e-08 - 57s/epoch - 900ms/step
Epoch 53/150

Epoch 00053: mean_squared_error did not improve from 0.00000
63/63 - 57s - loss: 9.7319e-07 - mean_squared_error: 1.3867e-06 - val_loss: 2.2436e-08 - val_mean_squared_error: 2.2436e-08 - 57s/epoch - 897ms/step
Epoch 54/150

Epoch 00054: mean_squared_error did not improve from 0.00000
63/63 - 57s - loss: 9.7216e-07 - mean_squared_error: 1.3859e-06 - val_loss: 2.0607e-08 - val_mean_squared_error: 2.0607e-08 - 57s/epoch - 902ms/step
Epoch 55/150

Epoch 00055: mean_squared_error did not improve from 0.00000
63/63 - 57s - loss: 9.7381e-07 - mean_squared_error: 1.3871e-06 - val_loss: 2.0559e-08 - val_mean_squared_error: 2.0559e-08 - 57s/epoch - 898ms/step
Epoch 56/150

Epoch 00056: mean_squared_error improved from 0.00000 to 0.00000, saving model to /gpfswork/rech/ynx/uds36vp/repos/wf-SEDs/projected_learning/wf-outputs/chkp/8_bins/chkp_callback_poly_1_cycles_256_no_proj_d2_2_cycle1
63/63 - 56s - loss: 9.7000e-07 - mean_squared_error: 1.3843e-06 - val_loss: 2.0390e-08 - val_mean_squared_error: 2.0390e-08 - 56s/epoch - 887ms/step
Epoch 57/150

Epoch 00057: mean_squared_error improved from 0.00000 to 0.00000, saving model to /gpfswork/rech/ynx/uds36vp/repos/wf-SEDs/projected_learning/wf-outputs/chkp/8_bins/chkp_callback_poly_1_cycles_256_no_proj_d2_2_cycle1
63/63 - 57s - loss: 9.6952e-07 - mean_squared_error: 1.3838e-06 - val_loss: 2.1043e-08 - val_mean_squared_error: 2.1043e-08 - 57s/epoch - 906ms/step
Epoch 58/150

Epoch 00058: mean_squared_error did not improve from 0.00000
63/63 - 57s - loss: 9.7644e-07 - mean_squared_error: 1.3888e-06 - val_loss: 2.4946e-08 - val_mean_squared_error: 2.4946e-08 - 57s/epoch - 902ms/step
Epoch 59/150

Epoch 00059: mean_squared_error did not improve from 0.00000
63/63 - 57s - loss: 9.7216e-07 - mean_squared_error: 1.3858e-06 - val_loss: 2.2914e-08 - val_mean_squared_error: 2.2914e-08 - 57s/epoch - 905ms/step
Epoch 60/150

Epoch 00060: mean_squared_error improved from 0.00000 to 0.00000, saving model to /gpfswork/rech/ynx/uds36vp/repos/wf-SEDs/projected_learning/wf-outputs/chkp/8_bins/chkp_callback_poly_1_cycles_256_no_proj_d2_2_cycle1
63/63 - 57s - loss: 9.6937e-07 - mean_squared_error: 1.3836e-06 - val_loss: 1.9288e-08 - val_mean_squared_error: 1.9288e-08 - 57s/epoch - 904ms/step
Epoch 61/150

Epoch 00061: mean_squared_error improved from 0.00000 to 0.00000, saving model to /gpfswork/rech/ynx/uds36vp/repos/wf-SEDs/projected_learning/wf-outputs/chkp/8_bins/chkp_callback_poly_1_cycles_256_no_proj_d2_2_cycle1
63/63 - 57s - loss: 9.6782e-07 - mean_squared_error: 1.3823e-06 - val_loss: 2.1396e-08 - val_mean_squared_error: 2.1396e-08 - 57s/epoch - 906ms/step
Epoch 62/150

Epoch 00062: mean_squared_error did not improve from 0.00000
63/63 - 57s - loss: 9.7031e-07 - mean_squared_error: 1.3843e-06 - val_loss: 1.8910e-08 - val_mean_squared_error: 1.8910e-08 - 57s/epoch - 900ms/step
Epoch 63/150

Epoch 00063: mean_squared_error improved from 0.00000 to 0.00000, saving model to /gpfswork/rech/ynx/uds36vp/repos/wf-SEDs/projected_learning/wf-outputs/chkp/8_bins/chkp_callback_poly_1_cycles_256_no_proj_d2_2_cycle1
63/63 - 57s - loss: 9.6774e-07 - mean_squared_error: 1.3821e-06 - val_loss: 1.8260e-08 - val_mean_squared_error: 1.8260e-08 - 57s/epoch - 900ms/step
Epoch 64/150

Epoch 00064: mean_squared_error improved from 0.00000 to 0.00000, saving model to /gpfswork/rech/ynx/uds36vp/repos/wf-SEDs/projected_learning/wf-outputs/chkp/8_bins/chkp_callback_poly_1_cycles_256_no_proj_d2_2_cycle1
63/63 - 57s - loss: 9.6730e-07 - mean_squared_error: 1.3818e-06 - val_loss: 1.7655e-08 - val_mean_squared_error: 1.7655e-08 - 57s/epoch - 899ms/step
Epoch 65/150

Epoch 00065: mean_squared_error improved from 0.00000 to 0.00000, saving model to /gpfswork/rech/ynx/uds36vp/repos/wf-SEDs/projected_learning/wf-outputs/chkp/8_bins/chkp_callback_poly_1_cycles_256_no_proj_d2_2_cycle1
63/63 - 57s - loss: 9.6657e-07 - mean_squared_error: 1.3812e-06 - val_loss: 1.7105e-08 - val_mean_squared_error: 1.7105e-08 - 57s/epoch - 899ms/step
Epoch 66/150

Epoch 00066: mean_squared_error did not improve from 0.00000
63/63 - 56s - loss: 9.6680e-07 - mean_squared_error: 1.3814e-06 - val_loss: 1.7513e-08 - val_mean_squared_error: 1.7513e-08 - 56s/epoch - 891ms/step
Epoch 67/150

Epoch 00067: mean_squared_error did not improve from 0.00000
63/63 - 57s - loss: 9.6750e-07 - mean_squared_error: 1.3816e-06 - val_loss: 1.6316e-08 - val_mean_squared_error: 1.6316e-08 - 57s/epoch - 898ms/step
Epoch 68/150

Epoch 00068: mean_squared_error improved from 0.00000 to 0.00000, saving model to /gpfswork/rech/ynx/uds36vp/repos/wf-SEDs/projected_learning/wf-outputs/chkp/8_bins/chkp_callback_poly_1_cycles_256_no_proj_d2_2_cycle1
63/63 - 57s - loss: 9.6552e-07 - mean_squared_error: 1.3803e-06 - val_loss: 1.5960e-08 - val_mean_squared_error: 1.5960e-08 - 57s/epoch - 906ms/step
Epoch 69/150

Epoch 00069: mean_squared_error improved from 0.00000 to 0.00000, saving model to /gpfswork/rech/ynx/uds36vp/repos/wf-SEDs/projected_learning/wf-outputs/chkp/8_bins/chkp_callback_poly_1_cycles_256_no_proj_d2_2_cycle1
63/63 - 57s - loss: 9.6529e-07 - mean_squared_error: 1.3801e-06 - val_loss: 1.6397e-08 - val_mean_squared_error: 1.6397e-08 - 57s/epoch - 902ms/step
Epoch 70/150

Epoch 00070: mean_squared_error improved from 0.00000 to 0.00000, saving model to /gpfswork/rech/ynx/uds36vp/repos/wf-SEDs/projected_learning/wf-outputs/chkp/8_bins/chkp_callback_poly_1_cycles_256_no_proj_d2_2_cycle1
63/63 - 57s - loss: 9.6496e-07 - mean_squared_error: 1.3799e-06 - val_loss: 1.6848e-08 - val_mean_squared_error: 1.6848e-08 - 57s/epoch - 898ms/step
Epoch 71/150

Epoch 00071: mean_squared_error did not improve from 0.00000
63/63 - 56s - loss: 9.6490e-07 - mean_squared_error: 1.3799e-06 - val_loss: 1.6229e-08 - val_mean_squared_error: 1.6229e-08 - 56s/epoch - 885ms/step
Epoch 72/150

Epoch 00072: mean_squared_error improved from 0.00000 to 0.00000, saving model to /gpfswork/rech/ynx/uds36vp/repos/wf-SEDs/projected_learning/wf-outputs/chkp/8_bins/chkp_callback_poly_1_cycles_256_no_proj_d2_2_cycle1
63/63 - 56s - loss: 9.6474e-07 - mean_squared_error: 1.3796e-06 - val_loss: 1.5148e-08 - val_mean_squared_error: 1.5148e-08 - 56s/epoch - 884ms/step
Epoch 73/150

Epoch 00073: mean_squared_error did not improve from 0.00000
63/63 - 57s - loss: 9.6499e-07 - mean_squared_error: 1.3798e-06 - val_loss: 1.5731e-08 - val_mean_squared_error: 1.5731e-08 - 57s/epoch - 897ms/step
Epoch 74/150

Epoch 00074: mean_squared_error improved from 0.00000 to 0.00000, saving model to /gpfswork/rech/ynx/uds36vp/repos/wf-SEDs/projected_learning/wf-outputs/chkp/8_bins/chkp_callback_poly_1_cycles_256_no_proj_d2_2_cycle1
63/63 - 56s - loss: 9.6336e-07 - mean_squared_error: 1.3785e-06 - val_loss: 1.5604e-08 - val_mean_squared_error: 1.5604e-08 - 56s/epoch - 892ms/step
Epoch 75/150

Epoch 00075: mean_squared_error did not improve from 0.00000
63/63 - 56s - loss: 9.6386e-07 - mean_squared_error: 1.3787e-06 - val_loss: 1.6600e-08 - val_mean_squared_error: 1.6600e-08 - 56s/epoch - 894ms/step
Epoch 76/150

Epoch 00076: mean_squared_error did not improve from 0.00000
63/63 - 57s - loss: 9.6462e-07 - mean_squared_error: 1.3793e-06 - val_loss: 1.5400e-08 - val_mean_squared_error: 1.5400e-08 - 57s/epoch - 898ms/step
Epoch 77/150

Epoch 00077: mean_squared_error did not improve from 0.00000
63/63 - 56s - loss: 9.6357e-07 - mean_squared_error: 1.3786e-06 - val_loss: 1.6420e-08 - val_mean_squared_error: 1.6420e-08 - 56s/epoch - 891ms/step
Epoch 78/150

Epoch 00078: mean_squared_error did not improve from 0.00000
63/63 - 57s - loss: 9.6416e-07 - mean_squared_error: 1.3791e-06 - val_loss: 1.4619e-08 - val_mean_squared_error: 1.4619e-08 - 57s/epoch - 901ms/step
Epoch 79/150

Epoch 00079: mean_squared_error did not improve from 0.00000
63/63 - 57s - loss: 9.6373e-07 - mean_squared_error: 1.3787e-06 - val_loss: 1.8620e-08 - val_mean_squared_error: 1.8620e-08 - 57s/epoch - 905ms/step
Epoch 80/150

Epoch 00080: mean_squared_error did not improve from 0.00000
63/63 - 57s - loss: 9.7519e-07 - mean_squared_error: 1.3867e-06 - val_loss: 1.8651e-08 - val_mean_squared_error: 1.8651e-08 - 57s/epoch - 901ms/step
Epoch 81/150

Epoch 00081: mean_squared_error did not improve from 0.00000
63/63 - 57s - loss: 9.6464e-07 - mean_squared_error: 1.3790e-06 - val_loss: 1.6114e-08 - val_mean_squared_error: 1.6114e-08 - 57s/epoch - 902ms/step
Epoch 82/150

Epoch 00082: mean_squared_error did not improve from 0.00000
63/63 - 56s - loss: 9.6389e-07 - mean_squared_error: 1.3786e-06 - val_loss: 1.4835e-08 - val_mean_squared_error: 1.4835e-08 - 56s/epoch - 897ms/step
Epoch 83/150

Epoch 00083: mean_squared_error did not improve from 0.00000
63/63 - 57s - loss: 9.6431e-07 - mean_squared_error: 1.3791e-06 - val_loss: 1.5818e-08 - val_mean_squared_error: 1.5818e-08 - 57s/epoch - 900ms/step
Epoch 84/150

Epoch 00084: mean_squared_error improved from 0.00000 to 0.00000, saving model to /gpfswork/rech/ynx/uds36vp/repos/wf-SEDs/projected_learning/wf-outputs/chkp/8_bins/chkp_callback_poly_1_cycles_256_no_proj_d2_2_cycle1
63/63 - 56s - loss: 9.6326e-07 - mean_squared_error: 1.3782e-06 - val_loss: 1.4281e-08 - val_mean_squared_error: 1.4281e-08 - 56s/epoch - 893ms/step
Epoch 85/150

Epoch 00085: mean_squared_error improved from 0.00000 to 0.00000, saving model to /gpfswork/rech/ynx/uds36vp/repos/wf-SEDs/projected_learning/wf-outputs/chkp/8_bins/chkp_callback_poly_1_cycles_256_no_proj_d2_2_cycle1
63/63 - 56s - loss: 9.6207e-07 - mean_squared_error: 1.3772e-06 - val_loss: 1.3356e-08 - val_mean_squared_error: 1.3356e-08 - 56s/epoch - 895ms/step
Epoch 86/150

Epoch 00086: mean_squared_error improved from 0.00000 to 0.00000, saving model to /gpfswork/rech/ynx/uds36vp/repos/wf-SEDs/projected_learning/wf-outputs/chkp/8_bins/chkp_callback_poly_1_cycles_256_no_proj_d2_2_cycle1
63/63 - 56s - loss: 9.6100e-07 - mean_squared_error: 1.3763e-06 - val_loss: 1.3203e-08 - val_mean_squared_error: 1.3203e-08 - 56s/epoch - 889ms/step
Epoch 87/150

Epoch 00087: mean_squared_error did not improve from 0.00000
63/63 - 56s - loss: 9.6122e-07 - mean_squared_error: 1.3766e-06 - val_loss: 1.5078e-08 - val_mean_squared_error: 1.5078e-08 - 56s/epoch - 893ms/step
Epoch 88/150

Epoch 00088: mean_squared_error did not improve from 0.00000
63/63 - 57s - loss: 9.7043e-07 - mean_squared_error: 1.3833e-06 - val_loss: 1.4795e-08 - val_mean_squared_error: 1.4795e-08 - 57s/epoch - 900ms/step
Epoch 89/150

Epoch 00089: mean_squared_error did not improve from 0.00000
63/63 - 56s - loss: 9.6166e-07 - mean_squared_error: 1.3768e-06 - val_loss: 1.3311e-08 - val_mean_squared_error: 1.3311e-08 - 56s/epoch - 895ms/step
Epoch 90/150

Epoch 00090: mean_squared_error did not improve from 0.00000
63/63 - 56s - loss: 9.6345e-07 - mean_squared_error: 1.3779e-06 - val_loss: 1.7174e-08 - val_mean_squared_error: 1.7174e-08 - 56s/epoch - 897ms/step
Epoch 91/150

Epoch 00091: mean_squared_error did not improve from 0.00000
63/63 - 57s - loss: 9.6206e-07 - mean_squared_error: 1.3773e-06 - val_loss: 1.2770e-08 - val_mean_squared_error: 1.2770e-08 - 57s/epoch - 903ms/step
Epoch 92/150

Epoch 00092: mean_squared_error did not improve from 0.00000
63/63 - 57s - loss: 9.6198e-07 - mean_squared_error: 1.3769e-06 - val_loss: 1.2964e-08 - val_mean_squared_error: 1.2964e-08 - 57s/epoch - 904ms/step
Epoch 93/150

Epoch 00093: mean_squared_error did not improve from 0.00000
63/63 - 57s - loss: 9.6170e-07 - mean_squared_error: 1.3768e-06 - val_loss: 1.4975e-08 - val_mean_squared_error: 1.4975e-08 - 57s/epoch - 903ms/step
Epoch 94/150

Epoch 00094: mean_squared_error did not improve from 0.00000
63/63 - 57s - loss: 9.6194e-07 - mean_squared_error: 1.3770e-06 - val_loss: 1.5482e-08 - val_mean_squared_error: 1.5482e-08 - 57s/epoch - 902ms/step
Epoch 95/150

Epoch 00095: mean_squared_error improved from 0.00000 to 0.00000, saving model to /gpfswork/rech/ynx/uds36vp/repos/wf-SEDs/projected_learning/wf-outputs/chkp/8_bins/chkp_callback_poly_1_cycles_256_no_proj_d2_2_cycle1
63/63 - 57s - loss: 9.6061e-07 - mean_squared_error: 1.3760e-06 - val_loss: 1.3943e-08 - val_mean_squared_error: 1.3943e-08 - 57s/epoch - 904ms/step
Epoch 96/150

Epoch 00096: mean_squared_error did not improve from 0.00000
63/63 - 57s - loss: 9.6183e-07 - mean_squared_error: 1.3764e-06 - val_loss: 1.2662e-08 - val_mean_squared_error: 1.2662e-08 - 57s/epoch - 902ms/step
Epoch 97/150

Epoch 00097: mean_squared_error improved from 0.00000 to 0.00000, saving model to /gpfswork/rech/ynx/uds36vp/repos/wf-SEDs/projected_learning/wf-outputs/chkp/8_bins/chkp_callback_poly_1_cycles_256_no_proj_d2_2_cycle1
63/63 - 57s - loss: 9.5973e-07 - mean_squared_error: 1.3752e-06 - val_loss: 1.3506e-08 - val_mean_squared_error: 1.3506e-08 - 57s/epoch - 903ms/step
Epoch 98/150

Epoch 00098: mean_squared_error did not improve from 0.00000
63/63 - 57s - loss: 9.6039e-07 - mean_squared_error: 1.3758e-06 - val_loss: 1.3560e-08 - val_mean_squared_error: 1.3560e-08 - 57s/epoch - 898ms/step
Epoch 99/150

Epoch 00099: mean_squared_error did not improve from 0.00000
63/63 - 57s - loss: 9.6069e-07 - mean_squared_error: 1.3759e-06 - val_loss: 1.2660e-08 - val_mean_squared_error: 1.2660e-08 - 57s/epoch - 902ms/step
Epoch 100/150

Epoch 00100: mean_squared_error improved from 0.00000 to 0.00000, saving model to /gpfswork/rech/ynx/uds36vp/repos/wf-SEDs/projected_learning/wf-outputs/chkp/8_bins/chkp_callback_poly_1_cycles_256_no_proj_d2_2_cycle1
63/63 - 57s - loss: 9.5949e-07 - mean_squared_error: 1.3750e-06 - val_loss: 1.2696e-08 - val_mean_squared_error: 1.2696e-08 - 57s/epoch - 905ms/step
Epoch 101/150

Epoch 00101: mean_squared_error did not improve from 0.00000
63/63 - 57s - loss: 9.5964e-07 - mean_squared_error: 1.3751e-06 - val_loss: 1.4717e-08 - val_mean_squared_error: 1.4717e-08 - 57s/epoch - 907ms/step
Epoch 102/150

Epoch 00102: mean_squared_error did not improve from 0.00000
63/63 - 57s - loss: 9.6070e-07 - mean_squared_error: 1.3758e-06 - val_loss: 1.2152e-08 - val_mean_squared_error: 1.2152e-08 - 57s/epoch - 910ms/step
Epoch 103/150

Epoch 00103: mean_squared_error did not improve from 0.00000
63/63 - 57s - loss: 9.5980e-07 - mean_squared_error: 1.3750e-06 - val_loss: 1.2483e-08 - val_mean_squared_error: 1.2483e-08 - 57s/epoch - 908ms/step
Epoch 104/150

Epoch 00104: mean_squared_error improved from 0.00000 to 0.00000, saving model to /gpfswork/rech/ynx/uds36vp/repos/wf-SEDs/projected_learning/wf-outputs/chkp/8_bins/chkp_callback_poly_1_cycles_256_no_proj_d2_2_cycle1
63/63 - 57s - loss: 9.5906e-07 - mean_squared_error: 1.3746e-06 - val_loss: 1.2440e-08 - val_mean_squared_error: 1.2440e-08 - 57s/epoch - 906ms/step
Epoch 105/150

Epoch 00105: mean_squared_error improved from 0.00000 to 0.00000, saving model to /gpfswork/rech/ynx/uds36vp/repos/wf-SEDs/projected_learning/wf-outputs/chkp/8_bins/chkp_callback_poly_1_cycles_256_no_proj_d2_2_cycle1
63/63 - 57s - loss: 9.5833e-07 - mean_squared_error: 1.3741e-06 - val_loss: 1.1924e-08 - val_mean_squared_error: 1.1924e-08 - 57s/epoch - 906ms/step
Epoch 106/150

Epoch 00106: mean_squared_error improved from 0.00000 to 0.00000, saving model to /gpfswork/rech/ynx/uds36vp/repos/wf-SEDs/projected_learning/wf-outputs/chkp/8_bins/chkp_callback_poly_1_cycles_256_no_proj_d2_2_cycle1
63/63 - 57s - loss: 9.5831e-07 - mean_squared_error: 1.3740e-06 - val_loss: 1.1958e-08 - val_mean_squared_error: 1.1958e-08 - 57s/epoch - 905ms/step
Epoch 107/150

Epoch 00107: mean_squared_error did not improve from 0.00000
63/63 - 56s - loss: 9.5848e-07 - mean_squared_error: 1.3741e-06 - val_loss: 1.1222e-08 - val_mean_squared_error: 1.1222e-08 - 56s/epoch - 893ms/step
Epoch 108/150

Epoch 00108: mean_squared_error improved from 0.00000 to 0.00000, saving model to /gpfswork/rech/ynx/uds36vp/repos/wf-SEDs/projected_learning/wf-outputs/chkp/8_bins/chkp_callback_poly_1_cycles_256_no_proj_d2_2_cycle1
63/63 - 56s - loss: 9.5825e-07 - mean_squared_error: 1.3739e-06 - val_loss: 1.1345e-08 - val_mean_squared_error: 1.1345e-08 - 56s/epoch - 896ms/step
Epoch 109/150

Epoch 00109: mean_squared_error improved from 0.00000 to 0.00000, saving model to /gpfswork/rech/ynx/uds36vp/repos/wf-SEDs/projected_learning/wf-outputs/chkp/8_bins/chkp_callback_poly_1_cycles_256_no_proj_d2_2_cycle1
63/63 - 56s - loss: 9.5817e-07 - mean_squared_error: 1.3738e-06 - val_loss: 1.1880e-08 - val_mean_squared_error: 1.1880e-08 - 56s/epoch - 896ms/step
Epoch 110/150

Epoch 00110: mean_squared_error improved from 0.00000 to 0.00000, saving model to /gpfswork/rech/ynx/uds36vp/repos/wf-SEDs/projected_learning/wf-outputs/chkp/8_bins/chkp_callback_poly_1_cycles_256_no_proj_d2_2_cycle1
63/63 - 56s - loss: 9.5806e-07 - mean_squared_error: 1.3737e-06 - val_loss: 1.3779e-08 - val_mean_squared_error: 1.3779e-08 - 56s/epoch - 895ms/step
Epoch 111/150

Epoch 00111: mean_squared_error did not improve from 0.00000
63/63 - 56s - loss: 9.5896e-07 - mean_squared_error: 1.3744e-06 - val_loss: 1.1509e-08 - val_mean_squared_error: 1.1509e-08 - 56s/epoch - 893ms/step
Epoch 112/150

Epoch 00112: mean_squared_error did not improve from 0.00000
63/63 - 57s - loss: 9.5853e-07 - mean_squared_error: 1.3741e-06 - val_loss: 1.2349e-08 - val_mean_squared_error: 1.2349e-08 - 57s/epoch - 900ms/step
Epoch 113/150

Epoch 00113: mean_squared_error did not improve from 0.00000
63/63 - 57s - loss: 9.5833e-07 - mean_squared_error: 1.3740e-06 - val_loss: 1.1203e-08 - val_mean_squared_error: 1.1203e-08 - 57s/epoch - 898ms/step
Epoch 114/150

Epoch 00114: mean_squared_error improved from 0.00000 to 0.00000, saving model to /gpfswork/rech/ynx/uds36vp/repos/wf-SEDs/projected_learning/wf-outputs/chkp/8_bins/chkp_callback_poly_1_cycles_256_no_proj_d2_2_cycle1
63/63 - 57s - loss: 9.5778e-07 - mean_squared_error: 1.3734e-06 - val_loss: 1.3188e-08 - val_mean_squared_error: 1.3188e-08 - 57s/epoch - 907ms/step
Epoch 115/150

Epoch 00115: mean_squared_error did not improve from 0.00000
63/63 - 57s - loss: 9.6140e-07 - mean_squared_error: 1.3758e-06 - val_loss: 1.2048e-08 - val_mean_squared_error: 1.2048e-08 - 57s/epoch - 905ms/step
Epoch 116/150

Epoch 00116: mean_squared_error did not improve from 0.00000
63/63 - 57s - loss: 9.5848e-07 - mean_squared_error: 1.3742e-06 - val_loss: 1.1019e-08 - val_mean_squared_error: 1.1019e-08 - 57s/epoch - 907ms/step
Epoch 117/150

Epoch 00117: mean_squared_error did not improve from 0.00000
63/63 - 56s - loss: 9.5764e-07 - mean_squared_error: 1.3735e-06 - val_loss: 1.1221e-08 - val_mean_squared_error: 1.1221e-08 - 56s/epoch - 894ms/step
Epoch 118/150

Epoch 00118: mean_squared_error did not improve from 0.00000
63/63 - 57s - loss: 9.5886e-07 - mean_squared_error: 1.3740e-06 - val_loss: 1.1725e-08 - val_mean_squared_error: 1.1725e-08 - 57s/epoch - 903ms/step
Epoch 119/150

Epoch 00119: mean_squared_error improved from 0.00000 to 0.00000, saving model to /gpfswork/rech/ynx/uds36vp/repos/wf-SEDs/projected_learning/wf-outputs/chkp/8_bins/chkp_callback_poly_1_cycles_256_no_proj_d2_2_cycle1
63/63 - 57s - loss: 9.5717e-07 - mean_squared_error: 1.3730e-06 - val_loss: 1.1514e-08 - val_mean_squared_error: 1.1514e-08 - 57s/epoch - 901ms/step
Epoch 120/150

Epoch 00120: mean_squared_error improved from 0.00000 to 0.00000, saving model to /gpfswork/rech/ynx/uds36vp/repos/wf-SEDs/projected_learning/wf-outputs/chkp/8_bins/chkp_callback_poly_1_cycles_256_no_proj_d2_2_cycle1
63/63 - 57s - loss: 9.5701e-07 - mean_squared_error: 1.3729e-06 - val_loss: 1.0551e-08 - val_mean_squared_error: 1.0551e-08 - 57s/epoch - 900ms/step
Epoch 121/150

Epoch 00121: mean_squared_error improved from 0.00000 to 0.00000, saving model to /gpfswork/rech/ynx/uds36vp/repos/wf-SEDs/projected_learning/wf-outputs/chkp/8_bins/chkp_callback_poly_1_cycles_256_no_proj_d2_2_cycle1
63/63 - 57s - loss: 9.5693e-07 - mean_squared_error: 1.3728e-06 - val_loss: 1.2212e-08 - val_mean_squared_error: 1.2212e-08 - 57s/epoch - 900ms/step
Epoch 122/150

Epoch 00122: mean_squared_error did not improve from 0.00000
63/63 - 57s - loss: 9.5790e-07 - mean_squared_error: 1.3735e-06 - val_loss: 1.0362e-08 - val_mean_squared_error: 1.0362e-08 - 57s/epoch - 897ms/step
Epoch 123/150

Epoch 00123: mean_squared_error improved from 0.00000 to 0.00000, saving model to /gpfswork/rech/ynx/uds36vp/repos/wf-SEDs/projected_learning/wf-outputs/chkp/8_bins/chkp_callback_poly_1_cycles_256_no_proj_d2_2_cycle1
63/63 - 56s - loss: 9.5692e-07 - mean_squared_error: 1.3727e-06 - val_loss: 1.0590e-08 - val_mean_squared_error: 1.0590e-08 - 56s/epoch - 897ms/step
Epoch 124/150

Epoch 00124: mean_squared_error did not improve from 0.00000
63/63 - 57s - loss: 9.6001e-07 - mean_squared_error: 1.3749e-06 - val_loss: 1.2379e-08 - val_mean_squared_error: 1.2379e-08 - 57s/epoch - 900ms/step
Epoch 125/150

Epoch 00125: mean_squared_error did not improve from 0.00000
63/63 - 58s - loss: 9.5820e-07 - mean_squared_error: 1.3735e-06 - val_loss: 1.0638e-08 - val_mean_squared_error: 1.0638e-08 - 58s/epoch - 917ms/step
Epoch 126/150

Epoch 00126: mean_squared_error did not improve from 0.00000
63/63 - 60s - loss: 9.5715e-07 - mean_squared_error: 1.3728e-06 - val_loss: 1.0236e-08 - val_mean_squared_error: 1.0236e-08 - 60s/epoch - 949ms/step
Epoch 127/150

Epoch 00127: mean_squared_error improved from 0.00000 to 0.00000, saving model to /gpfswork/rech/ynx/uds36vp/repos/wf-SEDs/projected_learning/wf-outputs/chkp/8_bins/chkp_callback_poly_1_cycles_256_no_proj_d2_2_cycle1
63/63 - 60s - loss: 9.5654e-07 - mean_squared_error: 1.3724e-06 - val_loss: 1.1937e-08 - val_mean_squared_error: 1.1937e-08 - 60s/epoch - 956ms/step
Epoch 128/150

Epoch 00128: mean_squared_error improved from 0.00000 to 0.00000, saving model to /gpfswork/rech/ynx/uds36vp/repos/wf-SEDs/projected_learning/wf-outputs/chkp/8_bins/chkp_callback_poly_1_cycles_256_no_proj_d2_2_cycle1
63/63 - 60s - loss: 9.5628e-07 - mean_squared_error: 1.3723e-06 - val_loss: 1.0554e-08 - val_mean_squared_error: 1.0554e-08 - 60s/epoch - 957ms/step
Epoch 129/150

Epoch 00129: mean_squared_error did not improve from 0.00000
63/63 - 60s - loss: 9.5890e-07 - mean_squared_error: 1.3738e-06 - val_loss: 1.0170e-08 - val_mean_squared_error: 1.0170e-08 - 60s/epoch - 951ms/step
Epoch 130/150

Epoch 00130: mean_squared_error did not improve from 0.00000
63/63 - 60s - loss: 9.6145e-07 - mean_squared_error: 1.3758e-06 - val_loss: 1.2338e-08 - val_mean_squared_error: 1.2338e-08 - 60s/epoch - 947ms/step
Epoch 131/150

Epoch 00131: mean_squared_error did not improve from 0.00000
63/63 - 57s - loss: 9.5707e-07 - mean_squared_error: 1.3729e-06 - val_loss: 1.0373e-08 - val_mean_squared_error: 1.0373e-08 - 57s/epoch - 901ms/step
Epoch 132/150

Epoch 00132: mean_squared_error improved from 0.00000 to 0.00000, saving model to /gpfswork/rech/ynx/uds36vp/repos/wf-SEDs/projected_learning/wf-outputs/chkp/8_bins/chkp_callback_poly_1_cycles_256_no_proj_d2_2_cycle1
63/63 - 57s - loss: 9.5633e-07 - mean_squared_error: 1.3723e-06 - val_loss: 9.7783e-09 - val_mean_squared_error: 9.7783e-09 - 57s/epoch - 900ms/step
Epoch 133/150

Epoch 00133: mean_squared_error improved from 0.00000 to 0.00000, saving model to /gpfswork/rech/ynx/uds36vp/repos/wf-SEDs/projected_learning/wf-outputs/chkp/8_bins/chkp_callback_poly_1_cycles_256_no_proj_d2_2_cycle1
63/63 - 57s - loss: 9.5567e-07 - mean_squared_error: 1.3716e-06 - val_loss: 9.7619e-09 - val_mean_squared_error: 9.7619e-09 - 57s/epoch - 904ms/step
Epoch 134/150

Epoch 00134: mean_squared_error did not improve from 0.00000
63/63 - 57s - loss: 9.5590e-07 - mean_squared_error: 1.3718e-06 - val_loss: 1.0680e-08 - val_mean_squared_error: 1.0680e-08 - 57s/epoch - 903ms/step
Epoch 135/150

Epoch 00135: mean_squared_error did not improve from 0.00000
63/63 - 57s - loss: 9.5731e-07 - mean_squared_error: 1.3729e-06 - val_loss: 1.0905e-08 - val_mean_squared_error: 1.0905e-08 - 57s/epoch - 901ms/step
Epoch 136/150

Epoch 00136: mean_squared_error did not improve from 0.00000
63/63 - 57s - loss: 9.5609e-07 - mean_squared_error: 1.3719e-06 - val_loss: 1.0202e-08 - val_mean_squared_error: 1.0202e-08 - 57s/epoch - 898ms/step
Epoch 137/150

Epoch 00137: mean_squared_error did not improve from 0.00000
63/63 - 56s - loss: 9.5568e-07 - mean_squared_error: 1.3716e-06 - val_loss: 9.7038e-09 - val_mean_squared_error: 9.7038e-09 - 56s/epoch - 891ms/step
Epoch 138/150

Epoch 00138: mean_squared_error did not improve from 0.00000
63/63 - 56s - loss: 9.5588e-07 - mean_squared_error: 1.3718e-06 - val_loss: 9.8245e-09 - val_mean_squared_error: 9.8245e-09 - 56s/epoch - 893ms/step
Epoch 139/150

Epoch 00139: mean_squared_error did not improve from 0.00000
63/63 - 57s - loss: 9.5598e-07 - mean_squared_error: 1.3717e-06 - val_loss: 9.8032e-09 - val_mean_squared_error: 9.8032e-09 - 57s/epoch - 898ms/step
Epoch 140/150

Epoch 00140: mean_squared_error did not improve from 0.00000
63/63 - 56s - loss: 9.5716e-07 - mean_squared_error: 1.3726e-06 - val_loss: 1.2093e-08 - val_mean_squared_error: 1.2093e-08 - 56s/epoch - 897ms/step
Epoch 141/150

Epoch 00141: mean_squared_error did not improve from 0.00000
63/63 - 61s - loss: 9.5585e-07 - mean_squared_error: 1.3717e-06 - val_loss: 9.9611e-09 - val_mean_squared_error: 9.9611e-09 - 61s/epoch - 966ms/step
Epoch 142/150

Epoch 00142: mean_squared_error did not improve from 0.00000
63/63 - 62s - loss: 9.5726e-07 - mean_squared_error: 1.3726e-06 - val_loss: 1.2594e-08 - val_mean_squared_error: 1.2594e-08 - 62s/epoch - 985ms/step
Epoch 143/150

Epoch 00143: mean_squared_error did not improve from 0.00000
63/63 - 63s - loss: 9.5920e-07 - mean_squared_error: 1.3740e-06 - val_loss: 1.0942e-08 - val_mean_squared_error: 1.0942e-08 - 63s/epoch - 993ms/step
Epoch 144/150

Epoch 00144: mean_squared_error did not improve from 0.00000
63/63 - 62s - loss: 9.5708e-07 - mean_squared_error: 1.3724e-06 - val_loss: 1.1794e-08 - val_mean_squared_error: 1.1794e-08 - 62s/epoch - 981ms/step
Epoch 145/150

Epoch 00145: mean_squared_error did not improve from 0.00000
63/63 - 62s - loss: 9.5897e-07 - mean_squared_error: 1.3739e-06 - val_loss: 1.1187e-08 - val_mean_squared_error: 1.1187e-08 - 62s/epoch - 985ms/step
Epoch 146/150

Epoch 00146: mean_squared_error improved from 0.00000 to 0.00000, saving model to /gpfswork/rech/ynx/uds36vp/repos/wf-SEDs/projected_learning/wf-outputs/chkp/8_bins/chkp_callback_poly_1_cycles_256_no_proj_d2_2_cycle1
63/63 - 62s - loss: 9.5545e-07 - mean_squared_error: 1.3714e-06 - val_loss: 9.7877e-09 - val_mean_squared_error: 9.7877e-09 - 62s/epoch - 981ms/step
Epoch 147/150

Epoch 00147: mean_squared_error improved from 0.00000 to 0.00000, saving model to /gpfswork/rech/ynx/uds36vp/repos/wf-SEDs/projected_learning/wf-outputs/chkp/8_bins/chkp_callback_poly_1_cycles_256_no_proj_d2_2_cycle1
63/63 - 62s - loss: 9.5557e-07 - mean_squared_error: 1.3713e-06 - val_loss: 9.8631e-09 - val_mean_squared_error: 9.8631e-09 - 62s/epoch - 982ms/step
Epoch 148/150

Epoch 00148: mean_squared_error did not improve from 0.00000
63/63 - 61s - loss: 9.5566e-07 - mean_squared_error: 1.3715e-06 - val_loss: 9.9780e-09 - val_mean_squared_error: 9.9780e-09 - 61s/epoch - 976ms/step
Epoch 149/150

Epoch 00149: mean_squared_error improved from 0.00000 to 0.00000, saving model to /gpfswork/rech/ynx/uds36vp/repos/wf-SEDs/projected_learning/wf-outputs/chkp/8_bins/chkp_callback_poly_1_cycles_256_no_proj_d2_2_cycle1
63/63 - 62s - loss: 9.5466e-07 - mean_squared_error: 1.3708e-06 - val_loss: 9.4310e-09 - val_mean_squared_error: 9.4310e-09 - 62s/epoch - 982ms/step
Epoch 150/150

Epoch 00150: mean_squared_error did not improve from 0.00000
63/63 - 62s - loss: 9.5507e-07 - mean_squared_error: 1.3711e-06 - val_loss: 9.7658e-09 - val_mean_squared_error: 9.7658e-09 - 62s/epoch - 978ms/step
Cycle1 elapsed time: 10333.766339

Total elapsed time: 10337.476130

 Good bye..
