Starting the log file.
Found GPU at: /device:GPU:0
tf_version: 2.7.0
Zernike cube:
(15, 256, 256)
Dataset parameters:
{'d_max': 2, 'max_order': 45, 'x_lims': [0, 1000.0], 'y_lims': [0, 1000.0], 'grid_points': [4, 4], 'n_bins': 350, 'max_wfe_rms': 0.1, 'oversampling_rate': 3.0, 'output_Q': 3.0, 'output_dim': 32, 'LP_filter_length': 2, 'pupil_diameter': 256, 'euclid_obsc': True, 'n_stars': 2000}
Starting cycle 1..
Starting parametric update..
Epoch 1/15

Epoch 00001: mean_squared_error improved from inf to 0.00001, saving model to /gpfswork/rech/ynx/uds36vp/repos/wf-SEDs/projected_learning/wf-outputs/chkp/16_bins/chkp_callback_poly_project_mc_16_bins_cycle1
63/63 - 141s - loss: 7.5493e-06 - mean_squared_error: 7.0053e-06 - val_loss: 1.5673e-06 - val_mean_squared_error: 1.5673e-06 - 141s/epoch - 2s/step
Epoch 2/15

Epoch 00002: mean_squared_error improved from 0.00001 to 0.00000, saving model to /gpfswork/rech/ynx/uds36vp/repos/wf-SEDs/projected_learning/wf-outputs/chkp/16_bins/chkp_callback_poly_project_mc_16_bins_cycle1
63/63 - 135s - loss: 2.3584e-06 - mean_squared_error: 2.5687e-06 - val_loss: 9.0418e-07 - val_mean_squared_error: 9.0418e-07 - 135s/epoch - 2s/step
Epoch 3/15

Epoch 00003: mean_squared_error improved from 0.00000 to 0.00000, saving model to /gpfswork/rech/ynx/uds36vp/repos/wf-SEDs/projected_learning/wf-outputs/chkp/16_bins/chkp_callback_poly_project_mc_16_bins_cycle1
63/63 - 135s - loss: 1.9214e-06 - mean_squared_error: 2.1819e-06 - val_loss: 7.4990e-07 - val_mean_squared_error: 7.4990e-07 - 135s/epoch - 2s/step
Epoch 4/15

Epoch 00004: mean_squared_error improved from 0.00000 to 0.00000, saving model to /gpfswork/rech/ynx/uds36vp/repos/wf-SEDs/projected_learning/wf-outputs/chkp/16_bins/chkp_callback_poly_project_mc_16_bins_cycle1
63/63 - 135s - loss: 1.8298e-06 - mean_squared_error: 2.0947e-06 - val_loss: 7.0449e-07 - val_mean_squared_error: 7.0449e-07 - 135s/epoch - 2s/step
Epoch 5/15

Epoch 00005: mean_squared_error improved from 0.00000 to 0.00000, saving model to /gpfswork/rech/ynx/uds36vp/repos/wf-SEDs/projected_learning/wf-outputs/chkp/16_bins/chkp_callback_poly_project_mc_16_bins_cycle1
63/63 - 135s - loss: 1.7837e-06 - mean_squared_error: 2.0541e-06 - val_loss: 6.5133e-07 - val_mean_squared_error: 6.5133e-07 - 135s/epoch - 2s/step
Epoch 6/15

Epoch 00006: mean_squared_error improved from 0.00000 to 0.00000, saving model to /gpfswork/rech/ynx/uds36vp/repos/wf-SEDs/projected_learning/wf-outputs/chkp/16_bins/chkp_callback_poly_project_mc_16_bins_cycle1
63/63 - 135s - loss: 1.7735e-06 - mean_squared_error: 2.0392e-06 - val_loss: 6.8534e-07 - val_mean_squared_error: 6.8534e-07 - 135s/epoch - 2s/step
Epoch 7/15

Epoch 00007: mean_squared_error improved from 0.00000 to 0.00000, saving model to /gpfswork/rech/ynx/uds36vp/repos/wf-SEDs/projected_learning/wf-outputs/chkp/16_bins/chkp_callback_poly_project_mc_16_bins_cycle1
63/63 - 135s - loss: 1.7614e-06 - mean_squared_error: 2.0344e-06 - val_loss: 6.2624e-07 - val_mean_squared_error: 6.2624e-07 - 135s/epoch - 2s/step
Epoch 8/15

Epoch 00008: mean_squared_error improved from 0.00000 to 0.00000, saving model to /gpfswork/rech/ynx/uds36vp/repos/wf-SEDs/projected_learning/wf-outputs/chkp/16_bins/chkp_callback_poly_project_mc_16_bins_cycle1
63/63 - 135s - loss: 1.7276e-06 - mean_squared_error: 2.0054e-06 - val_loss: 6.1130e-07 - val_mean_squared_error: 6.1130e-07 - 135s/epoch - 2s/step
Epoch 9/15

Epoch 00009: mean_squared_error improved from 0.00000 to 0.00000, saving model to /gpfswork/rech/ynx/uds36vp/repos/wf-SEDs/projected_learning/wf-outputs/chkp/16_bins/chkp_callback_poly_project_mc_16_bins_cycle1
63/63 - 135s - loss: 1.7208e-06 - mean_squared_error: 2.0007e-06 - val_loss: 6.4318e-07 - val_mean_squared_error: 6.4318e-07 - 135s/epoch - 2s/step
Epoch 10/15

Epoch 00010: mean_squared_error did not improve from 0.00000
63/63 - 135s - loss: 1.8048e-06 - mean_squared_error: 2.0667e-06 - val_loss: 7.5444e-07 - val_mean_squared_error: 7.5444e-07 - 135s/epoch - 2s/step
Epoch 11/15

Epoch 00011: mean_squared_error did not improve from 0.00000
63/63 - 139s - loss: 1.7802e-06 - mean_squared_error: 2.0541e-06 - val_loss: 6.4122e-07 - val_mean_squared_error: 6.4122e-07 - 139s/epoch - 2s/step
Epoch 12/15

Epoch 00012: mean_squared_error did not improve from 0.00000
63/63 - 139s - loss: 1.7406e-06 - mean_squared_error: 2.0171e-06 - val_loss: 7.0882e-07 - val_mean_squared_error: 7.0882e-07 - 139s/epoch - 2s/step
Epoch 13/15

Epoch 00013: mean_squared_error did not improve from 0.00000
63/63 - 135s - loss: 1.7735e-06 - mean_squared_error: 2.0493e-06 - val_loss: 6.3734e-07 - val_mean_squared_error: 6.3734e-07 - 135s/epoch - 2s/step
Epoch 14/15

Epoch 00014: mean_squared_error did not improve from 0.00000
63/63 - 135s - loss: 1.7458e-06 - mean_squared_error: 2.0231e-06 - val_loss: 7.8555e-07 - val_mean_squared_error: 7.8555e-07 - 135s/epoch - 2s/step
Epoch 15/15

Epoch 00015: mean_squared_error did not improve from 0.00000
63/63 - 135s - loss: 1.7870e-06 - mean_squared_error: 2.0609e-06 - val_loss: 7.1614e-07 - val_mean_squared_error: 7.1614e-07 - 135s/epoch - 2s/step
Starting non-parametric update..
Epoch 1/50

Epoch 00001: mean_squared_error did not improve from 0.00000
63/63 - 138s - loss: 1.7533e-06 - mean_squared_error: 2.0348e-06 - val_loss: 5.9101e-07 - val_mean_squared_error: 5.9101e-07 - 138s/epoch - 2s/step
Epoch 2/50

Epoch 00002: mean_squared_error improved from 0.00000 to 0.00000, saving model to /gpfswork/rech/ynx/uds36vp/repos/wf-SEDs/projected_learning/wf-outputs/chkp/16_bins/chkp_callback_poly_project_mc_16_bins_cycle1
63/63 - 135s - loss: 1.6047e-06 - mean_squared_error: 1.9150e-06 - val_loss: 4.9536e-07 - val_mean_squared_error: 4.9536e-07 - 135s/epoch - 2s/step
Epoch 3/50

Epoch 00003: mean_squared_error improved from 0.00000 to 0.00000, saving model to /gpfswork/rech/ynx/uds36vp/repos/wf-SEDs/projected_learning/wf-outputs/chkp/16_bins/chkp_callback_poly_project_mc_16_bins_cycle1
63/63 - 135s - loss: 1.4891e-06 - mean_squared_error: 1.8259e-06 - val_loss: 4.1440e-07 - val_mean_squared_error: 4.1440e-07 - 135s/epoch - 2s/step
Epoch 4/50

Epoch 00004: mean_squared_error improved from 0.00000 to 0.00000, saving model to /gpfswork/rech/ynx/uds36vp/repos/wf-SEDs/projected_learning/wf-outputs/chkp/16_bins/chkp_callback_poly_project_mc_16_bins_cycle1
63/63 - 135s - loss: 1.3891e-06 - mean_squared_error: 1.7464e-06 - val_loss: 3.4104e-07 - val_mean_squared_error: 3.4104e-07 - 135s/epoch - 2s/step
Epoch 5/50

Epoch 00005: mean_squared_error improved from 0.00000 to 0.00000, saving model to /gpfswork/rech/ynx/uds36vp/repos/wf-SEDs/projected_learning/wf-outputs/chkp/16_bins/chkp_callback_poly_project_mc_16_bins_cycle1
63/63 - 135s - loss: 1.3114e-06 - mean_squared_error: 1.6797e-06 - val_loss: 2.8302e-07 - val_mean_squared_error: 2.8302e-07 - 135s/epoch - 2s/step
Epoch 6/50

Epoch 00006: mean_squared_error improved from 0.00000 to 0.00000, saving model to /gpfswork/rech/ynx/uds36vp/repos/wf-SEDs/projected_learning/wf-outputs/chkp/16_bins/chkp_callback_poly_project_mc_16_bins_cycle1
63/63 - 135s - loss: 1.2529e-06 - mean_squared_error: 1.6281e-06 - val_loss: 2.3790e-07 - val_mean_squared_error: 2.3790e-07 - 135s/epoch - 2s/step
Epoch 7/50

Epoch 00007: mean_squared_error improved from 0.00000 to 0.00000, saving model to /gpfswork/rech/ynx/uds36vp/repos/wf-SEDs/projected_learning/wf-outputs/chkp/16_bins/chkp_callback_poly_project_mc_16_bins_cycle1
63/63 - 135s - loss: 1.2081e-06 - mean_squared_error: 1.5886e-06 - val_loss: 2.0306e-07 - val_mean_squared_error: 2.0306e-07 - 135s/epoch - 2s/step
Epoch 8/50

Epoch 00008: mean_squared_error improved from 0.00000 to 0.00000, saving model to /gpfswork/rech/ynx/uds36vp/repos/wf-SEDs/projected_learning/wf-outputs/chkp/16_bins/chkp_callback_poly_project_mc_16_bins_cycle1
63/63 - 135s - loss: 1.1714e-06 - mean_squared_error: 1.5575e-06 - val_loss: 1.7536e-07 - val_mean_squared_error: 1.7536e-07 - 135s/epoch - 2s/step
Epoch 9/50

Epoch 00009: mean_squared_error improved from 0.00000 to 0.00000, saving model to /gpfswork/rech/ynx/uds36vp/repos/wf-SEDs/projected_learning/wf-outputs/chkp/16_bins/chkp_callback_poly_project_mc_16_bins_cycle1
63/63 - 135s - loss: 1.1413e-06 - mean_squared_error: 1.5320e-06 - val_loss: 1.5286e-07 - val_mean_squared_error: 1.5286e-07 - 135s/epoch - 2s/step
Epoch 10/50

Epoch 00010: mean_squared_error improved from 0.00000 to 0.00000, saving model to /gpfswork/rech/ynx/uds36vp/repos/wf-SEDs/projected_learning/wf-outputs/chkp/16_bins/chkp_callback_poly_project_mc_16_bins_cycle1
63/63 - 135s - loss: 1.1147e-06 - mean_squared_error: 1.5102e-06 - val_loss: 1.3310e-07 - val_mean_squared_error: 1.3310e-07 - 135s/epoch - 2s/step
Epoch 11/50

Epoch 00011: mean_squared_error improved from 0.00000 to 0.00000, saving model to /gpfswork/rech/ynx/uds36vp/repos/wf-SEDs/projected_learning/wf-outputs/chkp/16_bins/chkp_callback_poly_project_mc_16_bins_cycle1
63/63 - 135s - loss: 1.0930e-06 - mean_squared_error: 1.4913e-06 - val_loss: 1.1637e-07 - val_mean_squared_error: 1.1637e-07 - 135s/epoch - 2s/step
Epoch 12/50

Epoch 00012: mean_squared_error improved from 0.00000 to 0.00000, saving model to /gpfswork/rech/ynx/uds36vp/repos/wf-SEDs/projected_learning/wf-outputs/chkp/16_bins/chkp_callback_poly_project_mc_16_bins_cycle1
63/63 - 135s - loss: 1.0760e-06 - mean_squared_error: 1.4769e-06 - val_loss: 1.0414e-07 - val_mean_squared_error: 1.0414e-07 - 135s/epoch - 2s/step
Epoch 13/50

Epoch 00013: mean_squared_error improved from 0.00000 to 0.00000, saving model to /gpfswork/rech/ynx/uds36vp/repos/wf-SEDs/projected_learning/wf-outputs/chkp/16_bins/chkp_callback_poly_project_mc_16_bins_cycle1
63/63 - 135s - loss: 1.0611e-06 - mean_squared_error: 1.4637e-06 - val_loss: 9.1472e-08 - val_mean_squared_error: 9.1472e-08 - 135s/epoch - 2s/step
Epoch 14/50

Epoch 00014: mean_squared_error improved from 0.00000 to 0.00000, saving model to /gpfswork/rech/ynx/uds36vp/repos/wf-SEDs/projected_learning/wf-outputs/chkp/16_bins/chkp_callback_poly_project_mc_16_bins_cycle1
63/63 - 135s - loss: 1.0498e-06 - mean_squared_error: 1.4536e-06 - val_loss: 8.2400e-08 - val_mean_squared_error: 8.2400e-08 - 135s/epoch - 2s/step
Epoch 15/50

Epoch 00015: mean_squared_error improved from 0.00000 to 0.00000, saving model to /gpfswork/rech/ynx/uds36vp/repos/wf-SEDs/projected_learning/wf-outputs/chkp/16_bins/chkp_callback_poly_project_mc_16_bins_cycle1
63/63 - 135s - loss: 1.0400e-06 - mean_squared_error: 1.4451e-06 - val_loss: 7.4708e-08 - val_mean_squared_error: 7.4708e-08 - 135s/epoch - 2s/step
Epoch 16/50

Epoch 00016: mean_squared_error improved from 0.00000 to 0.00000, saving model to /gpfswork/rech/ynx/uds36vp/repos/wf-SEDs/projected_learning/wf-outputs/chkp/16_bins/chkp_callback_poly_project_mc_16_bins_cycle1
63/63 - 135s - loss: 1.0308e-06 - mean_squared_error: 1.4371e-06 - val_loss: 6.7553e-08 - val_mean_squared_error: 6.7553e-08 - 135s/epoch - 2s/step
Epoch 17/50

Epoch 00017: mean_squared_error improved from 0.00000 to 0.00000, saving model to /gpfswork/rech/ynx/uds36vp/repos/wf-SEDs/projected_learning/wf-outputs/chkp/16_bins/chkp_callback_poly_project_mc_16_bins_cycle1
63/63 - 135s - loss: 1.0230e-06 - mean_squared_error: 1.4304e-06 - val_loss: 6.2430e-08 - val_mean_squared_error: 6.2430e-08 - 135s/epoch - 2s/step
Epoch 18/50

Epoch 00018: mean_squared_error improved from 0.00000 to 0.00000, saving model to /gpfswork/rech/ynx/uds36vp/repos/wf-SEDs/projected_learning/wf-outputs/chkp/16_bins/chkp_callback_poly_project_mc_16_bins_cycle1
63/63 - 135s - loss: 1.0171e-06 - mean_squared_error: 1.4253e-06 - val_loss: 5.5711e-08 - val_mean_squared_error: 5.5711e-08 - 135s/epoch - 2s/step
Epoch 19/50

Epoch 00019: mean_squared_error improved from 0.00000 to 0.00000, saving model to /gpfswork/rech/ynx/uds36vp/repos/wf-SEDs/projected_learning/wf-outputs/chkp/16_bins/chkp_callback_poly_project_mc_16_bins_cycle1
63/63 - 135s - loss: 1.0111e-06 - mean_squared_error: 1.4201e-06 - val_loss: 5.2005e-08 - val_mean_squared_error: 5.2005e-08 - 135s/epoch - 2s/step
Epoch 20/50

Epoch 00020: mean_squared_error improved from 0.00000 to 0.00000, saving model to /gpfswork/rech/ynx/uds36vp/repos/wf-SEDs/projected_learning/wf-outputs/chkp/16_bins/chkp_callback_poly_project_mc_16_bins_cycle1
63/63 - 138s - loss: 1.0059e-06 - mean_squared_error: 1.4155e-06 - val_loss: 4.6685e-08 - val_mean_squared_error: 4.6685e-08 - 138s/epoch - 2s/step
Epoch 21/50

Epoch 00021: mean_squared_error improved from 0.00000 to 0.00000, saving model to /gpfswork/rech/ynx/uds36vp/repos/wf-SEDs/projected_learning/wf-outputs/chkp/16_bins/chkp_callback_poly_project_mc_16_bins_cycle1
63/63 - 139s - loss: 1.0018e-06 - mean_squared_error: 1.4120e-06 - val_loss: 4.4287e-08 - val_mean_squared_error: 4.4287e-08 - 139s/epoch - 2s/step
Epoch 22/50

Epoch 00022: mean_squared_error improved from 0.00000 to 0.00000, saving model to /gpfswork/rech/ynx/uds36vp/repos/wf-SEDs/projected_learning/wf-outputs/chkp/16_bins/chkp_callback_poly_project_mc_16_bins_cycle1
63/63 - 138s - loss: 9.9891e-07 - mean_squared_error: 1.4094e-06 - val_loss: 4.1938e-08 - val_mean_squared_error: 4.1938e-08 - 138s/epoch - 2s/step
Epoch 23/50

Epoch 00023: mean_squared_error improved from 0.00000 to 0.00000, saving model to /gpfswork/rech/ynx/uds36vp/repos/wf-SEDs/projected_learning/wf-outputs/chkp/16_bins/chkp_callback_poly_project_mc_16_bins_cycle1
63/63 - 135s - loss: 9.9562e-07 - mean_squared_error: 1.4063e-06 - val_loss: 3.9264e-08 - val_mean_squared_error: 3.9264e-08 - 135s/epoch - 2s/step
Epoch 24/50

Epoch 00024: mean_squared_error improved from 0.00000 to 0.00000, saving model to /gpfswork/rech/ynx/uds36vp/repos/wf-SEDs/projected_learning/wf-outputs/chkp/16_bins/chkp_callback_poly_project_mc_16_bins_cycle1
63/63 - 135s - loss: 9.9147e-07 - mean_squared_error: 1.4030e-06 - val_loss: 3.5636e-08 - val_mean_squared_error: 3.5636e-08 - 135s/epoch - 2s/step
Epoch 25/50

Epoch 00025: mean_squared_error improved from 0.00000 to 0.00000, saving model to /gpfswork/rech/ynx/uds36vp/repos/wf-SEDs/projected_learning/wf-outputs/chkp/16_bins/chkp_callback_poly_project_mc_16_bins_cycle1
63/63 - 135s - loss: 9.8917e-07 - mean_squared_error: 1.4009e-06 - val_loss: 3.3873e-08 - val_mean_squared_error: 3.3873e-08 - 135s/epoch - 2s/step
Epoch 26/50

Epoch 00026: mean_squared_error improved from 0.00000 to 0.00000, saving model to /gpfswork/rech/ynx/uds36vp/repos/wf-SEDs/projected_learning/wf-outputs/chkp/16_bins/chkp_callback_poly_project_mc_16_bins_cycle1
63/63 - 135s - loss: 9.8735e-07 - mean_squared_error: 1.3993e-06 - val_loss: 3.2530e-08 - val_mean_squared_error: 3.2530e-08 - 135s/epoch - 2s/step
Epoch 27/50

Epoch 00027: mean_squared_error improved from 0.00000 to 0.00000, saving model to /gpfswork/rech/ynx/uds36vp/repos/wf-SEDs/projected_learning/wf-outputs/chkp/16_bins/chkp_callback_poly_project_mc_16_bins_cycle1
63/63 - 135s - loss: 9.8575e-07 - mean_squared_error: 1.3981e-06 - val_loss: 3.0494e-08 - val_mean_squared_error: 3.0494e-08 - 135s/epoch - 2s/step
Epoch 28/50

Epoch 00028: mean_squared_error improved from 0.00000 to 0.00000, saving model to /gpfswork/rech/ynx/uds36vp/repos/wf-SEDs/projected_learning/wf-outputs/chkp/16_bins/chkp_callback_poly_project_mc_16_bins_cycle1
63/63 - 135s - loss: 9.8347e-07 - mean_squared_error: 1.3960e-06 - val_loss: 2.9266e-08 - val_mean_squared_error: 2.9266e-08 - 135s/epoch - 2s/step
Epoch 29/50

Epoch 00029: mean_squared_error improved from 0.00000 to 0.00000, saving model to /gpfswork/rech/ynx/uds36vp/repos/wf-SEDs/projected_learning/wf-outputs/chkp/16_bins/chkp_callback_poly_project_mc_16_bins_cycle1
63/63 - 135s - loss: 9.8170e-07 - mean_squared_error: 1.3945e-06 - val_loss: 2.8033e-08 - val_mean_squared_error: 2.8033e-08 - 135s/epoch - 2s/step
Epoch 30/50

Epoch 00030: mean_squared_error improved from 0.00000 to 0.00000, saving model to /gpfswork/rech/ynx/uds36vp/repos/wf-SEDs/projected_learning/wf-outputs/chkp/16_bins/chkp_callback_poly_project_mc_16_bins_cycle1
63/63 - 135s - loss: 9.8066e-07 - mean_squared_error: 1.3935e-06 - val_loss: 3.2002e-08 - val_mean_squared_error: 3.2002e-08 - 135s/epoch - 2s/step
Epoch 31/50

Epoch 00031: mean_squared_error improved from 0.00000 to 0.00000, saving model to /gpfswork/rech/ynx/uds36vp/repos/wf-SEDs/projected_learning/wf-outputs/chkp/16_bins/chkp_callback_poly_project_mc_16_bins_cycle1
63/63 - 135s - loss: 9.8067e-07 - mean_squared_error: 1.3934e-06 - val_loss: 2.4733e-08 - val_mean_squared_error: 2.4733e-08 - 135s/epoch - 2s/step
Epoch 32/50

Epoch 00032: mean_squared_error improved from 0.00000 to 0.00000, saving model to /gpfswork/rech/ynx/uds36vp/repos/wf-SEDs/projected_learning/wf-outputs/chkp/16_bins/chkp_callback_poly_project_mc_16_bins_cycle1
63/63 - 135s - loss: 9.7898e-07 - mean_squared_error: 1.3919e-06 - val_loss: 2.6002e-08 - val_mean_squared_error: 2.6002e-08 - 135s/epoch - 2s/step
Epoch 33/50

Epoch 00033: mean_squared_error did not improve from 0.00000
63/63 - 135s - loss: 9.8183e-07 - mean_squared_error: 1.3937e-06 - val_loss: 2.6776e-08 - val_mean_squared_error: 2.6776e-08 - 135s/epoch - 2s/step
Epoch 34/50

Epoch 00034: mean_squared_error did not improve from 0.00000
63/63 - 135s - loss: 9.8038e-07 - mean_squared_error: 1.3923e-06 - val_loss: 2.3921e-08 - val_mean_squared_error: 2.3921e-08 - 135s/epoch - 2s/step
Epoch 35/50

Epoch 00035: mean_squared_error improved from 0.00000 to 0.00000, saving model to /gpfswork/rech/ynx/uds36vp/repos/wf-SEDs/projected_learning/wf-outputs/chkp/16_bins/chkp_callback_poly_project_mc_16_bins_cycle1
63/63 - 135s - loss: 9.7527e-07 - mean_squared_error: 1.3888e-06 - val_loss: 2.2204e-08 - val_mean_squared_error: 2.2204e-08 - 135s/epoch - 2s/step
Epoch 36/50

Epoch 00036: mean_squared_error improved from 0.00000 to 0.00000, saving model to /gpfswork/rech/ynx/uds36vp/repos/wf-SEDs/projected_learning/wf-outputs/chkp/16_bins/chkp_callback_poly_project_mc_16_bins_cycle1
63/63 - 135s - loss: 9.7362e-07 - mean_squared_error: 1.3873e-06 - val_loss: 2.0615e-08 - val_mean_squared_error: 2.0615e-08 - 135s/epoch - 2s/step
Epoch 37/50

Epoch 00037: mean_squared_error improved from 0.00000 to 0.00000, saving model to /gpfswork/rech/ynx/uds36vp/repos/wf-SEDs/projected_learning/wf-outputs/chkp/16_bins/chkp_callback_poly_project_mc_16_bins_cycle1
63/63 - 135s - loss: 9.7299e-07 - mean_squared_error: 1.3867e-06 - val_loss: 2.2414e-08 - val_mean_squared_error: 2.2414e-08 - 135s/epoch - 2s/step
Epoch 38/50

Epoch 00038: mean_squared_error did not improve from 0.00000
63/63 - 135s - loss: 9.7332e-07 - mean_squared_error: 1.3868e-06 - val_loss: 1.9898e-08 - val_mean_squared_error: 1.9898e-08 - 135s/epoch - 2s/step
Epoch 39/50

Epoch 00039: mean_squared_error improved from 0.00000 to 0.00000, saving model to /gpfswork/rech/ynx/uds36vp/repos/wf-SEDs/projected_learning/wf-outputs/chkp/16_bins/chkp_callback_poly_project_mc_16_bins_cycle1
63/63 - 135s - loss: 9.7138e-07 - mean_squared_error: 1.3852e-06 - val_loss: 1.9127e-08 - val_mean_squared_error: 1.9127e-08 - 135s/epoch - 2s/step
Epoch 40/50

Epoch 00040: mean_squared_error improved from 0.00000 to 0.00000, saving model to /gpfswork/rech/ynx/uds36vp/repos/wf-SEDs/projected_learning/wf-outputs/chkp/16_bins/chkp_callback_poly_project_mc_16_bins_cycle1
63/63 - 135s - loss: 9.7043e-07 - mean_squared_error: 1.3845e-06 - val_loss: 1.9067e-08 - val_mean_squared_error: 1.9067e-08 - 135s/epoch - 2s/step
Epoch 41/50

Epoch 00041: mean_squared_error improved from 0.00000 to 0.00000, saving model to /gpfswork/rech/ynx/uds36vp/repos/wf-SEDs/projected_learning/wf-outputs/chkp/16_bins/chkp_callback_poly_project_mc_16_bins_cycle1
63/63 - 135s - loss: 9.7023e-07 - mean_squared_error: 1.3843e-06 - val_loss: 1.9637e-08 - val_mean_squared_error: 1.9637e-08 - 135s/epoch - 2s/step
Epoch 42/50

Epoch 00042: mean_squared_error did not improve from 0.00000
63/63 - 135s - loss: 9.7212e-07 - mean_squared_error: 1.3856e-06 - val_loss: 1.8183e-08 - val_mean_squared_error: 1.8183e-08 - 135s/epoch - 2s/step
Epoch 43/50

Epoch 00043: mean_squared_error improved from 0.00000 to 0.00000, saving model to /gpfswork/rech/ynx/uds36vp/repos/wf-SEDs/projected_learning/wf-outputs/chkp/16_bins/chkp_callback_poly_project_mc_16_bins_cycle1
63/63 - 135s - loss: 9.6939e-07 - mean_squared_error: 1.3835e-06 - val_loss: 1.7261e-08 - val_mean_squared_error: 1.7261e-08 - 135s/epoch - 2s/step
Epoch 44/50

Epoch 00044: mean_squared_error improved from 0.00000 to 0.00000, saving model to /gpfswork/rech/ynx/uds36vp/repos/wf-SEDs/projected_learning/wf-outputs/chkp/16_bins/chkp_callback_poly_project_mc_16_bins_cycle1
63/63 - 135s - loss: 9.6825e-07 - mean_squared_error: 1.3826e-06 - val_loss: 2.7035e-08 - val_mean_squared_error: 2.7035e-08 - 135s/epoch - 2s/step
Epoch 45/50

Epoch 00045: mean_squared_error did not improve from 0.00000
63/63 - 135s - loss: 9.8527e-07 - mean_squared_error: 1.3964e-06 - val_loss: 1.9717e-08 - val_mean_squared_error: 1.9717e-08 - 135s/epoch - 2s/step
Epoch 46/50

Epoch 00046: mean_squared_error improved from 0.00000 to 0.00000, saving model to /gpfswork/rech/ynx/uds36vp/repos/wf-SEDs/projected_learning/wf-outputs/chkp/16_bins/chkp_callback_poly_project_mc_16_bins_cycle1
63/63 - 135s - loss: 9.6733e-07 - mean_squared_error: 1.3817e-06 - val_loss: 1.6114e-08 - val_mean_squared_error: 1.6114e-08 - 135s/epoch - 2s/step
Epoch 47/50

Epoch 00047: mean_squared_error did not improve from 0.00000
63/63 - 136s - loss: 9.6840e-07 - mean_squared_error: 1.3826e-06 - val_loss: 1.6375e-08 - val_mean_squared_error: 1.6375e-08 - 136s/epoch - 2s/step
Epoch 48/50

Epoch 00048: mean_squared_error improved from 0.00000 to 0.00000, saving model to /gpfswork/rech/ynx/uds36vp/repos/wf-SEDs/projected_learning/wf-outputs/chkp/16_bins/chkp_callback_poly_project_mc_16_bins_cycle1
63/63 - 139s - loss: 9.6765e-07 - mean_squared_error: 1.3817e-06 - val_loss: 1.7726e-08 - val_mean_squared_error: 1.7726e-08 - 139s/epoch - 2s/step
Epoch 49/50

Epoch 00049: mean_squared_error did not improve from 0.00000
63/63 - 139s - loss: 9.6883e-07 - mean_squared_error: 1.3830e-06 - val_loss: 1.5327e-08 - val_mean_squared_error: 1.5327e-08 - 139s/epoch - 2s/step
Epoch 50/50

Epoch 00050: mean_squared_error improved from 0.00000 to 0.00000, saving model to /gpfswork/rech/ynx/uds36vp/repos/wf-SEDs/projected_learning/wf-outputs/chkp/16_bins/chkp_callback_poly_project_mc_16_bins_cycle1
63/63 - 135s - loss: 9.6528e-07 - mean_squared_error: 1.3800e-06 - val_loss: 1.4781e-08 - val_mean_squared_error: 1.4781e-08 - 135s/epoch - 2s/step
Cycle1 elapsed time: 8814.616782
Project non-param DD features onto param model: done!
Starting cycle 2..
Starting parametric update..
Epoch 1/10

Epoch 00001: mean_squared_error improved from inf to 0.00000, saving model to /gpfswork/rech/ynx/uds36vp/repos/wf-SEDs/projected_learning/wf-outputs/chkp/16_bins/chkp_callback_poly_project_mc_16_bins_cycle2
63/63 - 137s - loss: 9.6997e-07 - mean_squared_error: 1.3842e-06 - val_loss: 2.5229e-08 - val_mean_squared_error: 2.5229e-08 - 137s/epoch - 2s/step
Epoch 2/10

Epoch 00002: mean_squared_error did not improve from 0.00000
63/63 - 135s - loss: 9.7199e-07 - mean_squared_error: 1.3860e-06 - val_loss: 3.2853e-08 - val_mean_squared_error: 3.2853e-08 - 135s/epoch - 2s/step
Epoch 3/10

Epoch 00003: mean_squared_error did not improve from 0.00000
63/63 - 135s - loss: 9.9571e-07 - mean_squared_error: 1.4060e-06 - val_loss: 2.5573e-08 - val_mean_squared_error: 2.5573e-08 - 135s/epoch - 2s/step
Epoch 4/10

Epoch 00004: mean_squared_error did not improve from 0.00000
63/63 - 135s - loss: 1.0539e-06 - mean_squared_error: 1.4525e-06 - val_loss: 1.1386e-07 - val_mean_squared_error: 1.1386e-07 - 135s/epoch - 2s/step
Epoch 5/10

Epoch 00005: mean_squared_error did not improve from 0.00000
63/63 - 135s - loss: 1.0228e-06 - mean_squared_error: 1.4298e-06 - val_loss: 4.2735e-08 - val_mean_squared_error: 4.2735e-08 - 135s/epoch - 2s/step
Epoch 6/10

Epoch 00006: mean_squared_error did not improve from 0.00000
63/63 - 135s - loss: 9.8590e-07 - mean_squared_error: 1.3972e-06 - val_loss: 6.9331e-08 - val_mean_squared_error: 6.9331e-08 - 135s/epoch - 2s/step
Epoch 7/10

Epoch 00007: mean_squared_error did not improve from 0.00000
63/63 - 135s - loss: 1.0252e-06 - mean_squared_error: 1.4316e-06 - val_loss: 4.9770e-08 - val_mean_squared_error: 4.9770e-08 - 135s/epoch - 2s/step
Epoch 8/10

Epoch 00008: mean_squared_error did not improve from 0.00000
63/63 - 135s - loss: 1.1751e-06 - mean_squared_error: 1.5533e-06 - val_loss: 7.0662e-08 - val_mean_squared_error: 7.0662e-08 - 135s/epoch - 2s/step
Epoch 9/10

Epoch 00009: mean_squared_error did not improve from 0.00000
63/63 - 135s - loss: 1.0602e-06 - mean_squared_error: 1.4605e-06 - val_loss: 3.7484e-08 - val_mean_squared_error: 3.7484e-08 - 135s/epoch - 2s/step
Epoch 10/10

Epoch 00010: mean_squared_error did not improve from 0.00000
63/63 - 135s - loss: 9.8797e-07 - mean_squared_error: 1.3994e-06 - val_loss: 3.0502e-08 - val_mean_squared_error: 3.0502e-08 - 135s/epoch - 2s/step
Starting non-parametric update..
Epoch 1/50

Epoch 00001: mean_squared_error improved from 0.00000 to 0.00000, saving model to /gpfswork/rech/ynx/uds36vp/repos/wf-SEDs/projected_learning/wf-outputs/chkp/16_bins/chkp_callback_poly_project_mc_16_bins_cycle2
63/63 - 138s - loss: 9.7028e-07 - mean_squared_error: 1.3835e-06 - val_loss: 1.3767e-08 - val_mean_squared_error: 1.3767e-08 - 138s/epoch - 2s/step
Epoch 2/50

Epoch 00002: mean_squared_error improved from 0.00000 to 0.00000, saving model to /gpfswork/rech/ynx/uds36vp/repos/wf-SEDs/projected_learning/wf-outputs/chkp/16_bins/chkp_callback_poly_project_mc_16_bins_cycle2
63/63 - 135s - loss: 9.6275e-07 - mean_squared_error: 1.3782e-06 - val_loss: 1.3585e-08 - val_mean_squared_error: 1.3585e-08 - 135s/epoch - 2s/step
Epoch 3/50

Epoch 00003: mean_squared_error improved from 0.00000 to 0.00000, saving model to /gpfswork/rech/ynx/uds36vp/repos/wf-SEDs/projected_learning/wf-outputs/chkp/16_bins/chkp_callback_poly_project_mc_16_bins_cycle2
63/63 - 135s - loss: 9.6252e-07 - mean_squared_error: 1.3780e-06 - val_loss: 1.3445e-08 - val_mean_squared_error: 1.3445e-08 - 135s/epoch - 2s/step
Epoch 4/50

Epoch 00004: mean_squared_error improved from 0.00000 to 0.00000, saving model to /gpfswork/rech/ynx/uds36vp/repos/wf-SEDs/projected_learning/wf-outputs/chkp/16_bins/chkp_callback_poly_project_mc_16_bins_cycle2
63/63 - 135s - loss: 9.6246e-07 - mean_squared_error: 1.3779e-06 - val_loss: 1.3280e-08 - val_mean_squared_error: 1.3280e-08 - 135s/epoch - 2s/step
Epoch 5/50

Epoch 00005: mean_squared_error improved from 0.00000 to 0.00000, saving model to /gpfswork/rech/ynx/uds36vp/repos/wf-SEDs/projected_learning/wf-outputs/chkp/16_bins/chkp_callback_poly_project_mc_16_bins_cycle2
63/63 - 135s - loss: 9.6240e-07 - mean_squared_error: 1.3778e-06 - val_loss: 1.3463e-08 - val_mean_squared_error: 1.3463e-08 - 135s/epoch - 2s/step
Epoch 6/50

Epoch 00006: mean_squared_error improved from 0.00000 to 0.00000, saving model to /gpfswork/rech/ynx/uds36vp/repos/wf-SEDs/projected_learning/wf-outputs/chkp/16_bins/chkp_callback_poly_project_mc_16_bins_cycle2
63/63 - 135s - loss: 9.6236e-07 - mean_squared_error: 1.3778e-06 - val_loss: 1.2876e-08 - val_mean_squared_error: 1.2876e-08 - 135s/epoch - 2s/step
Epoch 7/50

Epoch 00007: mean_squared_error improved from 0.00000 to 0.00000, saving model to /gpfswork/rech/ynx/uds36vp/repos/wf-SEDs/projected_learning/wf-outputs/chkp/16_bins/chkp_callback_poly_project_mc_16_bins_cycle2
63/63 - 135s - loss: 9.6226e-07 - mean_squared_error: 1.3777e-06 - val_loss: 1.2883e-08 - val_mean_squared_error: 1.2883e-08 - 135s/epoch - 2s/step
Epoch 8/50

Epoch 00008: mean_squared_error improved from 0.00000 to 0.00000, saving model to /gpfswork/rech/ynx/uds36vp/repos/wf-SEDs/projected_learning/wf-outputs/chkp/16_bins/chkp_callback_poly_project_mc_16_bins_cycle2
63/63 - 135s - loss: 9.6207e-07 - mean_squared_error: 1.3775e-06 - val_loss: 1.3211e-08 - val_mean_squared_error: 1.3211e-08 - 135s/epoch - 2s/step
Epoch 9/50

Epoch 00009: mean_squared_error improved from 0.00000 to 0.00000, saving model to /gpfswork/rech/ynx/uds36vp/repos/wf-SEDs/projected_learning/wf-outputs/chkp/16_bins/chkp_callback_poly_project_mc_16_bins_cycle2
63/63 - 135s - loss: 9.6212e-07 - mean_squared_error: 1.3775e-06 - val_loss: 1.3134e-08 - val_mean_squared_error: 1.3134e-08 - 135s/epoch - 2s/step
Epoch 10/50

Epoch 00010: mean_squared_error improved from 0.00000 to 0.00000, saving model to /gpfswork/rech/ynx/uds36vp/repos/wf-SEDs/projected_learning/wf-outputs/chkp/16_bins/chkp_callback_poly_project_mc_16_bins_cycle2
63/63 - 135s - loss: 9.6190e-07 - mean_squared_error: 1.3773e-06 - val_loss: 1.2720e-08 - val_mean_squared_error: 1.2720e-08 - 135s/epoch - 2s/step
Epoch 11/50

Epoch 00011: mean_squared_error did not improve from 0.00000
63/63 - 135s - loss: 9.6300e-07 - mean_squared_error: 1.3781e-06 - val_loss: 1.3147e-08 - val_mean_squared_error: 1.3147e-08 - 135s/epoch - 2s/step
Epoch 12/50

Epoch 00012: mean_squared_error improved from 0.00000 to 0.00000, saving model to /gpfswork/rech/ynx/uds36vp/repos/wf-SEDs/projected_learning/wf-outputs/chkp/16_bins/chkp_callback_poly_project_mc_16_bins_cycle2
63/63 - 135s - loss: 9.6176e-07 - mean_squared_error: 1.3772e-06 - val_loss: 1.2320e-08 - val_mean_squared_error: 1.2320e-08 - 135s/epoch - 2s/step
Epoch 13/50

Epoch 00013: mean_squared_error improved from 0.00000 to 0.00000, saving model to /gpfswork/rech/ynx/uds36vp/repos/wf-SEDs/projected_learning/wf-outputs/chkp/16_bins/chkp_callback_poly_project_mc_16_bins_cycle2
63/63 - 135s - loss: 9.6130e-07 - mean_squared_error: 1.3768e-06 - val_loss: 1.2336e-08 - val_mean_squared_error: 1.2336e-08 - 135s/epoch - 2s/step
Epoch 14/50

Epoch 00014: mean_squared_error improved from 0.00000 to 0.00000, saving model to /gpfswork/rech/ynx/uds36vp/repos/wf-SEDs/projected_learning/wf-outputs/chkp/16_bins/chkp_callback_poly_project_mc_16_bins_cycle2
63/63 - 136s - loss: 9.6142e-07 - mean_squared_error: 1.3768e-06 - val_loss: 1.2928e-08 - val_mean_squared_error: 1.2928e-08 - 136s/epoch - 2s/step
Epoch 15/50

Epoch 00015: mean_squared_error improved from 0.00000 to 0.00000, saving model to /gpfswork/rech/ynx/uds36vp/repos/wf-SEDs/projected_learning/wf-outputs/chkp/16_bins/chkp_callback_poly_project_mc_16_bins_cycle2
63/63 - 139s - loss: 9.6126e-07 - mean_squared_error: 1.3767e-06 - val_loss: 1.1923e-08 - val_mean_squared_error: 1.1923e-08 - 139s/epoch - 2s/step
Epoch 16/50

Epoch 00016: mean_squared_error improved from 0.00000 to 0.00000, saving model to /gpfswork/rech/ynx/uds36vp/repos/wf-SEDs/projected_learning/wf-outputs/chkp/16_bins/chkp_callback_poly_project_mc_16_bins_cycle2
63/63 - 138s - loss: 9.6111e-07 - mean_squared_error: 1.3765e-06 - val_loss: 1.3792e-08 - val_mean_squared_error: 1.3792e-08 - 138s/epoch - 2s/step
Epoch 17/50

Epoch 00017: mean_squared_error did not improve from 0.00000
63/63 - 135s - loss: 9.6199e-07 - mean_squared_error: 1.3772e-06 - val_loss: 1.2267e-08 - val_mean_squared_error: 1.2267e-08 - 135s/epoch - 2s/step
Epoch 18/50

Epoch 00018: mean_squared_error did not improve from 0.00000
63/63 - 135s - loss: 9.6116e-07 - mean_squared_error: 1.3765e-06 - val_loss: 1.1934e-08 - val_mean_squared_error: 1.1934e-08 - 135s/epoch - 2s/step
Epoch 19/50

Epoch 00019: mean_squared_error did not improve from 0.00000
63/63 - 135s - loss: 9.6125e-07 - mean_squared_error: 1.3767e-06 - val_loss: 1.2439e-08 - val_mean_squared_error: 1.2439e-08 - 135s/epoch - 2s/step
Epoch 20/50

Epoch 00020: mean_squared_error did not improve from 0.00000
63/63 - 135s - loss: 9.6184e-07 - mean_squared_error: 1.3769e-06 - val_loss: 1.2707e-08 - val_mean_squared_error: 1.2707e-08 - 135s/epoch - 2s/step
Epoch 21/50

Epoch 00021: mean_squared_error improved from 0.00000 to 0.00000, saving model to /gpfswork/rech/ynx/uds36vp/repos/wf-SEDs/projected_learning/wf-outputs/chkp/16_bins/chkp_callback_poly_project_mc_16_bins_cycle2
63/63 - 135s - loss: 9.6094e-07 - mean_squared_error: 1.3763e-06 - val_loss: 1.1944e-08 - val_mean_squared_error: 1.1944e-08 - 135s/epoch - 2s/step
Epoch 22/50

Epoch 00022: mean_squared_error did not improve from 0.00000
63/63 - 135s - loss: 9.6149e-07 - mean_squared_error: 1.3767e-06 - val_loss: 1.2480e-08 - val_mean_squared_error: 1.2480e-08 - 135s/epoch - 2s/step
Epoch 23/50

Epoch 00023: mean_squared_error did not improve from 0.00000
63/63 - 135s - loss: 9.6246e-07 - mean_squared_error: 1.3773e-06 - val_loss: 1.1910e-08 - val_mean_squared_error: 1.1910e-08 - 135s/epoch - 2s/step
Epoch 24/50

Epoch 00024: mean_squared_error improved from 0.00000 to 0.00000, saving model to /gpfswork/rech/ynx/uds36vp/repos/wf-SEDs/projected_learning/wf-outputs/chkp/16_bins/chkp_callback_poly_project_mc_16_bins_cycle2
63/63 - 135s - loss: 9.6090e-07 - mean_squared_error: 1.3762e-06 - val_loss: 1.1170e-08 - val_mean_squared_error: 1.1170e-08 - 135s/epoch - 2s/step
Epoch 25/50

Epoch 00025: mean_squared_error improved from 0.00000 to 0.00000, saving model to /gpfswork/rech/ynx/uds36vp/repos/wf-SEDs/projected_learning/wf-outputs/chkp/16_bins/chkp_callback_poly_project_mc_16_bins_cycle2
63/63 - 135s - loss: 9.6005e-07 - mean_squared_error: 1.3756e-06 - val_loss: 1.0819e-08 - val_mean_squared_error: 1.0819e-08 - 135s/epoch - 2s/step
Epoch 26/50

Epoch 00026: mean_squared_error did not improve from 0.00000
63/63 - 135s - loss: 9.6127e-07 - mean_squared_error: 1.3762e-06 - val_loss: 1.1410e-08 - val_mean_squared_error: 1.1410e-08 - 135s/epoch - 2s/step
Epoch 27/50

Epoch 00027: mean_squared_error did not improve from 0.00000
63/63 - 135s - loss: 9.6235e-07 - mean_squared_error: 1.3774e-06 - val_loss: 1.0887e-08 - val_mean_squared_error: 1.0887e-08 - 135s/epoch - 2s/step
Epoch 28/50

Epoch 00028: mean_squared_error did not improve from 0.00000
63/63 - 135s - loss: 9.6538e-07 - mean_squared_error: 1.3788e-06 - val_loss: 1.6160e-08 - val_mean_squared_error: 1.6160e-08 - 135s/epoch - 2s/step
Epoch 29/50

Epoch 00029: mean_squared_error did not improve from 0.00000
63/63 - 135s - loss: 9.6719e-07 - mean_squared_error: 1.3806e-06 - val_loss: 1.1726e-08 - val_mean_squared_error: 1.1726e-08 - 135s/epoch - 2s/step
Epoch 30/50

Epoch 00030: mean_squared_error improved from 0.00000 to 0.00000, saving model to /gpfswork/rech/ynx/uds36vp/repos/wf-SEDs/projected_learning/wf-outputs/chkp/16_bins/chkp_callback_poly_project_mc_16_bins_cycle2
63/63 - 137s - loss: 9.6019e-07 - mean_squared_error: 1.3755e-06 - val_loss: 1.1005e-08 - val_mean_squared_error: 1.1005e-08 - 137s/epoch - 2s/step
Epoch 31/50

Epoch 00031: mean_squared_error improved from 0.00000 to 0.00000, saving model to /gpfswork/rech/ynx/uds36vp/repos/wf-SEDs/projected_learning/wf-outputs/chkp/16_bins/chkp_callback_poly_project_mc_16_bins_cycle2
63/63 - 139s - loss: 9.5957e-07 - mean_squared_error: 1.3752e-06 - val_loss: 1.0592e-08 - val_mean_squared_error: 1.0592e-08 - 139s/epoch - 2s/step
Epoch 32/50

Epoch 00032: mean_squared_error improved from 0.00000 to 0.00000, saving model to /gpfswork/rech/ynx/uds36vp/repos/wf-SEDs/projected_learning/wf-outputs/chkp/16_bins/chkp_callback_poly_project_mc_16_bins_cycle2
63/63 - 137s - loss: 9.5966e-07 - mean_squared_error: 1.3750e-06 - val_loss: 1.0389e-08 - val_mean_squared_error: 1.0389e-08 - 137s/epoch - 2s/step
Epoch 33/50

Epoch 00033: mean_squared_error improved from 0.00000 to 0.00000, saving model to /gpfswork/rech/ynx/uds36vp/repos/wf-SEDs/projected_learning/wf-outputs/chkp/16_bins/chkp_callback_poly_project_mc_16_bins_cycle2
63/63 - 135s - loss: 9.5954e-07 - mean_squared_error: 1.3749e-06 - val_loss: 1.0137e-08 - val_mean_squared_error: 1.0137e-08 - 135s/epoch - 2s/step
Epoch 34/50

Epoch 00034: mean_squared_error improved from 0.00000 to 0.00000, saving model to /gpfswork/rech/ynx/uds36vp/repos/wf-SEDs/projected_learning/wf-outputs/chkp/16_bins/chkp_callback_poly_project_mc_16_bins_cycle2
63/63 - 135s - loss: 9.5894e-07 - mean_squared_error: 1.3745e-06 - val_loss: 9.9795e-09 - val_mean_squared_error: 9.9795e-09 - 135s/epoch - 2s/step
Epoch 35/50

Epoch 00035: mean_squared_error did not improve from 0.00000
63/63 - 135s - loss: 9.5981e-07 - mean_squared_error: 1.3751e-06 - val_loss: 1.2799e-08 - val_mean_squared_error: 1.2799e-08 - 135s/epoch - 2s/step
Epoch 36/50

Epoch 00036: mean_squared_error did not improve from 0.00000
63/63 - 135s - loss: 9.7043e-07 - mean_squared_error: 1.3832e-06 - val_loss: 5.4796e-08 - val_mean_squared_error: 5.4796e-08 - 135s/epoch - 2s/step
Epoch 37/50

Epoch 00037: mean_squared_error did not improve from 0.00000
63/63 - 135s - loss: 9.9097e-07 - mean_squared_error: 1.3972e-06 - val_loss: 1.2595e-08 - val_mean_squared_error: 1.2595e-08 - 135s/epoch - 2s/step
Epoch 38/50

Epoch 00038: mean_squared_error did not improve from 0.00000
63/63 - 135s - loss: 9.6415e-07 - mean_squared_error: 1.3784e-06 - val_loss: 1.2538e-08 - val_mean_squared_error: 1.2538e-08 - 135s/epoch - 2s/step
Epoch 39/50

Epoch 00039: mean_squared_error did not improve from 0.00000
63/63 - 135s - loss: 9.6024e-07 - mean_squared_error: 1.3755e-06 - val_loss: 1.0604e-08 - val_mean_squared_error: 1.0604e-08 - 135s/epoch - 2s/step
Epoch 40/50

Epoch 00040: mean_squared_error did not improve from 0.00000
63/63 - 135s - loss: 9.6065e-07 - mean_squared_error: 1.3757e-06 - val_loss: 1.0715e-08 - val_mean_squared_error: 1.0715e-08 - 135s/epoch - 2s/step
Epoch 41/50

Epoch 00041: mean_squared_error improved from 0.00000 to 0.00000, saving model to /gpfswork/rech/ynx/uds36vp/repos/wf-SEDs/projected_learning/wf-outputs/chkp/16_bins/chkp_callback_poly_project_mc_16_bins_cycle2
63/63 - 135s - loss: 9.5886e-07 - mean_squared_error: 1.3745e-06 - val_loss: 1.0136e-08 - val_mean_squared_error: 1.0136e-08 - 135s/epoch - 2s/step
Epoch 42/50

Epoch 00042: mean_squared_error improved from 0.00000 to 0.00000, saving model to /gpfswork/rech/ynx/uds36vp/repos/wf-SEDs/projected_learning/wf-outputs/chkp/16_bins/chkp_callback_poly_project_mc_16_bins_cycle2
63/63 - 135s - loss: 9.5851e-07 - mean_squared_error: 1.3741e-06 - val_loss: 1.0367e-08 - val_mean_squared_error: 1.0367e-08 - 135s/epoch - 2s/step
Epoch 43/50

Epoch 00043: mean_squared_error did not improve from 0.00000
63/63 - 135s - loss: 9.5904e-07 - mean_squared_error: 1.3745e-06 - val_loss: 1.0066e-08 - val_mean_squared_error: 1.0066e-08 - 135s/epoch - 2s/step
Epoch 44/50

Epoch 00044: mean_squared_error improved from 0.00000 to 0.00000, saving model to /gpfswork/rech/ynx/uds36vp/repos/wf-SEDs/projected_learning/wf-outputs/chkp/16_bins/chkp_callback_poly_project_mc_16_bins_cycle2
63/63 - 135s - loss: 9.5861e-07 - mean_squared_error: 1.3741e-06 - val_loss: 1.0348e-08 - val_mean_squared_error: 1.0348e-08 - 135s/epoch - 2s/step
Epoch 45/50

Epoch 00045: mean_squared_error did not improve from 0.00000
63/63 - 135s - loss: 9.6108e-07 - mean_squared_error: 1.3763e-06 - val_loss: 1.0534e-08 - val_mean_squared_error: 1.0534e-08 - 135s/epoch - 2s/step
Epoch 46/50

Epoch 00046: mean_squared_error did not improve from 0.00000
63/63 - 135s - loss: 9.5879e-07 - mean_squared_error: 1.3743e-06 - val_loss: 8.9961e-09 - val_mean_squared_error: 8.9961e-09 - 135s/epoch - 2s/step
Epoch 47/50

Epoch 00047: mean_squared_error improved from 0.00000 to 0.00000, saving model to /gpfswork/rech/ynx/uds36vp/repos/wf-SEDs/projected_learning/wf-outputs/chkp/16_bins/chkp_callback_poly_project_mc_16_bins_cycle2
63/63 - 135s - loss: 9.5858e-07 - mean_squared_error: 1.3740e-06 - val_loss: 1.0442e-08 - val_mean_squared_error: 1.0442e-08 - 135s/epoch - 2s/step
Epoch 48/50

Epoch 00048: mean_squared_error did not improve from 0.00000
63/63 - 135s - loss: 9.5921e-07 - mean_squared_error: 1.3744e-06 - val_loss: 1.1310e-08 - val_mean_squared_error: 1.1310e-08 - 135s/epoch - 2s/step
Epoch 49/50

Epoch 00049: mean_squared_error did not improve from 0.00000
63/63 - 135s - loss: 9.6206e-07 - mean_squared_error: 1.3767e-06 - val_loss: 1.0753e-08 - val_mean_squared_error: 1.0753e-08 - 135s/epoch - 2s/step
Epoch 50/50

Epoch 00050: mean_squared_error improved from 0.00000 to 0.00000, saving model to /gpfswork/rech/ynx/uds36vp/repos/wf-SEDs/projected_learning/wf-outputs/chkp/16_bins/chkp_callback_poly_project_mc_16_bins_cycle2
63/63 - 135s - loss: 9.5831e-07 - mean_squared_error: 1.3739e-06 - val_loss: 1.1302e-08 - val_mean_squared_error: 1.1302e-08 - 135s/epoch - 2s/step
Cycle2 elapsed time: 8117.1105864048
Project non-param DD features onto param model: done!
Starting cycle 3..
Starting parametric update..
Epoch 1/10

Epoch 00001: mean_squared_error improved from inf to 0.00000, saving model to /gpfswork/rech/ynx/uds36vp/repos/wf-SEDs/projected_learning/wf-outputs/chkp/16_bins/chkp_callback_poly_project_mc_16_bins_cycle3
63/63 - 138s - loss: 9.5848e-07 - mean_squared_error: 1.3740e-06 - val_loss: 1.0857e-08 - val_mean_squared_error: 1.0857e-08 - 138s/epoch - 2s/step
Epoch 2/10

Epoch 00002: mean_squared_error did not improve from 0.00000
63/63 - 135s - loss: 9.5915e-07 - mean_squared_error: 1.3745e-06 - val_loss: 1.2072e-08 - val_mean_squared_error: 1.2072e-08 - 135s/epoch - 2s/step
Epoch 3/10

Epoch 00003: mean_squared_error did not improve from 0.00000
63/63 - 135s - loss: 9.6345e-07 - mean_squared_error: 1.3783e-06 - val_loss: 1.3698e-08 - val_mean_squared_error: 1.3698e-08 - 135s/epoch - 2s/step
Epoch 4/10

Epoch 00004: mean_squared_error did not improve from 0.00000
63/63 - 135s - loss: 9.6300e-07 - mean_squared_error: 1.3779e-06 - val_loss: 1.7535e-08 - val_mean_squared_error: 1.7535e-08 - 135s/epoch - 2s/step
Epoch 5/10

Epoch 00005: mean_squared_error did not improve from 0.00000
63/63 - 135s - loss: 9.6323e-07 - mean_squared_error: 1.3781e-06 - val_loss: 1.2907e-08 - val_mean_squared_error: 1.2907e-08 - 135s/epoch - 2s/step
Epoch 6/10

Epoch 00006: mean_squared_error did not improve from 0.00000
63/63 - 135s - loss: 9.6384e-07 - mean_squared_error: 1.3788e-06 - val_loss: 1.6237e-08 - val_mean_squared_error: 1.6237e-08 - 135s/epoch - 2s/step
Epoch 7/10

Epoch 00007: mean_squared_error did not improve from 0.00000
63/63 - 135s - loss: 9.6615e-07 - mean_squared_error: 1.3806e-06 - val_loss: 1.5619e-08 - val_mean_squared_error: 1.5619e-08 - 135s/epoch - 2s/step
Epoch 8/10

Epoch 00008: mean_squared_error did not improve from 0.00000
63/63 - 135s - loss: 9.7993e-07 - mean_squared_error: 1.3922e-06 - val_loss: 2.3043e-08 - val_mean_squared_error: 2.3043e-08 - 135s/epoch - 2s/step
Epoch 9/10

Epoch 00009: mean_squared_error did not improve from 0.00000
63/63 - 135s - loss: 1.0003e-06 - mean_squared_error: 1.4078e-06 - val_loss: 2.0119e-08 - val_mean_squared_error: 2.0119e-08 - 135s/epoch - 2s/step
Epoch 10/10

Epoch 00010: mean_squared_error did not improve from 0.00000
63/63 - 135s - loss: 9.6566e-07 - mean_squared_error: 1.3802e-06 - val_loss: 1.5589e-08 - val_mean_squared_error: 1.5589e-08 - 135s/epoch - 2s/step
Starting non-parametric update..
Epoch 1/30

Epoch 00001: mean_squared_error improved from 0.00000 to 0.00000, saving model to /gpfswork/rech/ynx/uds36vp/repos/wf-SEDs/projected_learning/wf-outputs/chkp/16_bins/chkp_callback_poly_project_mc_16_bins_cycle3
63/63 - 137s - loss: 9.5805e-07 - mean_squared_error: 1.3737e-06 - val_loss: 8.3125e-09 - val_mean_squared_error: 8.3125e-09 - 137s/epoch - 2s/step
Epoch 2/30

Epoch 00002: mean_squared_error improved from 0.00000 to 0.00000, saving model to /gpfswork/rech/ynx/uds36vp/repos/wf-SEDs/projected_learning/wf-outputs/chkp/16_bins/chkp_callback_poly_project_mc_16_bins_cycle3
63/63 - 134s - loss: 9.5548e-07 - mean_squared_error: 1.3717e-06 - val_loss: 7.9912e-09 - val_mean_squared_error: 7.9912e-09 - 134s/epoch - 2s/step
Epoch 3/30

Epoch 00003: mean_squared_error improved from 0.00000 to 0.00000, saving model to /gpfswork/rech/ynx/uds36vp/repos/wf-SEDs/projected_learning/wf-outputs/chkp/16_bins/chkp_callback_poly_project_mc_16_bins_cycle3
63/63 - 134s - loss: 9.5526e-07 - mean_squared_error: 1.3715e-06 - val_loss: 7.9682e-09 - val_mean_squared_error: 7.9682e-09 - 134s/epoch - 2s/step
Epoch 4/30

Epoch 00004: mean_squared_error improved from 0.00000 to 0.00000, saving model to /gpfswork/rech/ynx/uds36vp/repos/wf-SEDs/projected_learning/wf-outputs/chkp/16_bins/chkp_callback_poly_project_mc_16_bins_cycle3
63/63 - 134s - loss: 9.5521e-07 - mean_squared_error: 1.3714e-06 - val_loss: 7.9437e-09 - val_mean_squared_error: 7.9437e-09 - 134s/epoch - 2s/step
Epoch 5/30

Epoch 00005: mean_squared_error improved from 0.00000 to 0.00000, saving model to /gpfswork/rech/ynx/uds36vp/repos/wf-SEDs/projected_learning/wf-outputs/chkp/16_bins/chkp_callback_poly_project_mc_16_bins_cycle3
63/63 - 134s - loss: 9.5521e-07 - mean_squared_error: 1.3714e-06 - val_loss: 7.8773e-09 - val_mean_squared_error: 7.8773e-09 - 134s/epoch - 2s/step
Epoch 6/30

Epoch 00006: mean_squared_error did not improve from 0.00000
63/63 - 134s - loss: 9.5522e-07 - mean_squared_error: 1.3714e-06 - val_loss: 7.8984e-09 - val_mean_squared_error: 7.8984e-09 - 134s/epoch - 2s/step
Epoch 7/30

Epoch 00007: mean_squared_error improved from 0.00000 to 0.00000, saving model to /gpfswork/rech/ynx/uds36vp/repos/wf-SEDs/projected_learning/wf-outputs/chkp/16_bins/chkp_callback_poly_project_mc_16_bins_cycle3
63/63 - 134s - loss: 9.5518e-07 - mean_squared_error: 1.3714e-06 - val_loss: 7.8702e-09 - val_mean_squared_error: 7.8702e-09 - 134s/epoch - 2s/step
Epoch 8/30

Epoch 00008: mean_squared_error did not improve from 0.00000
63/63 - 134s - loss: 9.5519e-07 - mean_squared_error: 1.3714e-06 - val_loss: 7.7834e-09 - val_mean_squared_error: 7.7834e-09 - 134s/epoch - 2s/step
Epoch 9/30

Epoch 00009: mean_squared_error improved from 0.00000 to 0.00000, saving model to /gpfswork/rech/ynx/uds36vp/repos/wf-SEDs/projected_learning/wf-outputs/chkp/16_bins/chkp_callback_poly_project_mc_16_bins_cycle3
63/63 - 134s - loss: 9.5511e-07 - mean_squared_error: 1.3714e-06 - val_loss: 7.8069e-09 - val_mean_squared_error: 7.8069e-09 - 134s/epoch - 2s/step
Epoch 10/30

Epoch 00010: mean_squared_error improved from 0.00000 to 0.00000, saving model to /gpfswork/rech/ynx/uds36vp/repos/wf-SEDs/projected_learning/wf-outputs/chkp/16_bins/chkp_callback_poly_project_mc_16_bins_cycle3
63/63 - 138s - loss: 9.5513e-07 - mean_squared_error: 1.3713e-06 - val_loss: 7.8203e-09 - val_mean_squared_error: 7.8203e-09 - 138s/epoch - 2s/step
Epoch 11/30

Epoch 00011: mean_squared_error did not improve from 0.00000
63/63 - 138s - loss: 9.5513e-07 - mean_squared_error: 1.3713e-06 - val_loss: 7.9208e-09 - val_mean_squared_error: 7.9208e-09 - 138s/epoch - 2s/step
Epoch 12/30

Epoch 00012: mean_squared_error did not improve from 0.00000
63/63 - 134s - loss: 9.5517e-07 - mean_squared_error: 1.3714e-06 - val_loss: 7.8178e-09 - val_mean_squared_error: 7.8178e-09 - 134s/epoch - 2s/step
Epoch 13/30

Epoch 00013: mean_squared_error did not improve from 0.00000
63/63 - 134s - loss: 9.5515e-07 - mean_squared_error: 1.3714e-06 - val_loss: 7.6808e-09 - val_mean_squared_error: 7.6808e-09 - 134s/epoch - 2s/step
Epoch 14/30

Epoch 00014: mean_squared_error improved from 0.00000 to 0.00000, saving model to /gpfswork/rech/ynx/uds36vp/repos/wf-SEDs/projected_learning/wf-outputs/chkp/16_bins/chkp_callback_poly_project_mc_16_bins_cycle3
63/63 - 134s - loss: 9.5514e-07 - mean_squared_error: 1.3713e-06 - val_loss: 7.6785e-09 - val_mean_squared_error: 7.6785e-09 - 134s/epoch - 2s/step
Epoch 15/30

Epoch 00015: mean_squared_error improved from 0.00000 to 0.00000, saving model to /gpfswork/rech/ynx/uds36vp/repos/wf-SEDs/projected_learning/wf-outputs/chkp/16_bins/chkp_callback_poly_project_mc_16_bins_cycle3
63/63 - 134s - loss: 9.5502e-07 - mean_squared_error: 1.3712e-06 - val_loss: 7.7248e-09 - val_mean_squared_error: 7.7248e-09 - 134s/epoch - 2s/step
Epoch 16/30

Epoch 00016: mean_squared_error improved from 0.00000 to 0.00000, saving model to /gpfswork/rech/ynx/uds36vp/repos/wf-SEDs/projected_learning/wf-outputs/chkp/16_bins/chkp_callback_poly_project_mc_16_bins_cycle3
63/63 - 133s - loss: 9.5494e-07 - mean_squared_error: 1.3711e-06 - val_loss: 7.7263e-09 - val_mean_squared_error: 7.7263e-09 - 133s/epoch - 2s/step
Epoch 17/30

Epoch 00017: mean_squared_error did not improve from 0.00000
63/63 - 133s - loss: 9.5494e-07 - mean_squared_error: 1.3712e-06 - val_loss: 7.5924e-09 - val_mean_squared_error: 7.5924e-09 - 133s/epoch - 2s/step
Epoch 18/30

Epoch 00018: mean_squared_error improved from 0.00000 to 0.00000, saving model to /gpfswork/rech/ynx/uds36vp/repos/wf-SEDs/projected_learning/wf-outputs/chkp/16_bins/chkp_callback_poly_project_mc_16_bins_cycle3
63/63 - 133s - loss: 9.5492e-07 - mean_squared_error: 1.3711e-06 - val_loss: 7.8604e-09 - val_mean_squared_error: 7.8604e-09 - 133s/epoch - 2s/step
Epoch 19/30

Epoch 00019: mean_squared_error did not improve from 0.00000
63/63 - 133s - loss: 9.5494e-07 - mean_squared_error: 1.3712e-06 - val_loss: 7.6313e-09 - val_mean_squared_error: 7.6313e-09 - 133s/epoch - 2s/step
Epoch 20/30

Epoch 00020: mean_squared_error did not improve from 0.00000
63/63 - 132s - loss: 9.5493e-07 - mean_squared_error: 1.3712e-06 - val_loss: 7.7299e-09 - val_mean_squared_error: 7.7299e-09 - 132s/epoch - 2s/step
Epoch 21/30

Epoch 00021: mean_squared_error improved from 0.00000 to 0.00000, saving model to /gpfswork/rech/ynx/uds36vp/repos/wf-SEDs/projected_learning/wf-outputs/chkp/16_bins/chkp_callback_poly_project_mc_16_bins_cycle3
63/63 - 133s - loss: 9.5485e-07 - mean_squared_error: 1.3711e-06 - val_loss: 7.5254e-09 - val_mean_squared_error: 7.5254e-09 - 133s/epoch - 2s/step
Epoch 22/30

Epoch 00022: mean_squared_error improved from 0.00000 to 0.00000, saving model to /gpfswork/rech/ynx/uds36vp/repos/wf-SEDs/projected_learning/wf-outputs/chkp/16_bins/chkp_callback_poly_project_mc_16_bins_cycle3
63/63 - 133s - loss: 9.5482e-07 - mean_squared_error: 1.3710e-06 - val_loss: 7.7360e-09 - val_mean_squared_error: 7.7360e-09 - 133s/epoch - 2s/step
Epoch 23/30

Epoch 00023: mean_squared_error improved from 0.00000 to 0.00000, saving model to /gpfswork/rech/ynx/uds36vp/repos/wf-SEDs/projected_learning/wf-outputs/chkp/16_bins/chkp_callback_poly_project_mc_16_bins_cycle3
63/63 - 132s - loss: 9.5482e-07 - mean_squared_error: 1.3710e-06 - val_loss: 7.5296e-09 - val_mean_squared_error: 7.5296e-09 - 132s/epoch - 2s/step
Epoch 24/30

Epoch 00024: mean_squared_error improved from 0.00000 to 0.00000, saving model to /gpfswork/rech/ynx/uds36vp/repos/wf-SEDs/projected_learning/wf-outputs/chkp/16_bins/chkp_callback_poly_project_mc_16_bins_cycle3
63/63 - 133s - loss: 9.5471e-07 - mean_squared_error: 1.3709e-06 - val_loss: 7.5840e-09 - val_mean_squared_error: 7.5840e-09 - 133s/epoch - 2s/step
Epoch 25/30

Epoch 00025: mean_squared_error did not improve from 0.00000
63/63 - 133s - loss: 9.5474e-07 - mean_squared_error: 1.3710e-06 - val_loss: 8.0419e-09 - val_mean_squared_error: 8.0419e-09 - 133s/epoch - 2s/step
Epoch 26/30

Epoch 00026: mean_squared_error did not improve from 0.00000
63/63 - 133s - loss: 9.5472e-07 - mean_squared_error: 1.3709e-06 - val_loss: 7.4171e-09 - val_mean_squared_error: 7.4171e-09 - 133s/epoch - 2s/step
Epoch 27/30

Epoch 00027: mean_squared_error improved from 0.00000 to 0.00000, saving model to /gpfswork/rech/ynx/uds36vp/repos/wf-SEDs/projected_learning/wf-outputs/chkp/16_bins/chkp_callback_poly_project_mc_16_bins_cycle3
63/63 - 135s - loss: 9.5461e-07 - mean_squared_error: 1.3708e-06 - val_loss: 7.5500e-09 - val_mean_squared_error: 7.5500e-09 - 135s/epoch - 2s/step
Epoch 28/30

Epoch 00028: mean_squared_error did not improve from 0.00000
63/63 - 137s - loss: 9.5467e-07 - mean_squared_error: 1.3708e-06 - val_loss: 7.6472e-09 - val_mean_squared_error: 7.6472e-09 - 137s/epoch - 2s/step
Epoch 29/30

Epoch 00029: mean_squared_error did not improve from 0.00000
63/63 - 135s - loss: 9.5488e-07 - mean_squared_error: 1.3710e-06 - val_loss: 7.5870e-09 - val_mean_squared_error: 7.5870e-09 - 135s/epoch - 2s/step
Epoch 30/30

Epoch 00030: mean_squared_error did not improve from 0.00000
63/63 - 132s - loss: 9.5468e-07 - mean_squared_error: 1.3708e-06 - val_loss: 7.3296e-09 - val_mean_squared_error: 7.3296e-09 - 132s/epoch - 2s/step
Cycle3 elapsed time: 5377.065910577774
Project non-param DD features onto param model: done!
Starting cycle 4..
Starting parametric update..
Epoch 1/10

Epoch 00001: mean_squared_error improved from inf to 0.00000, saving model to /gpfswork/rech/ynx/uds36vp/repos/wf-SEDs/projected_learning/wf-outputs/chkp/16_bins/chkp_callback_poly_project_mc_16_bins_cycle4
63/63 - 138s - loss: 9.5493e-07 - mean_squared_error: 1.3712e-06 - val_loss: 8.4642e-09 - val_mean_squared_error: 8.4642e-09 - 138s/epoch - 2s/step
Epoch 2/10

Epoch 00002: mean_squared_error did not improve from 0.00000
63/63 - 136s - loss: 9.5775e-07 - mean_squared_error: 1.3735e-06 - val_loss: 1.1886e-08 - val_mean_squared_error: 1.1886e-08 - 136s/epoch - 2s/step
Epoch 3/10

Epoch 00003: mean_squared_error did not improve from 0.00000
63/63 - 136s - loss: 9.5939e-07 - mean_squared_error: 1.3750e-06 - val_loss: 1.1617e-08 - val_mean_squared_error: 1.1617e-08 - 136s/epoch - 2s/step
Epoch 4/10

Epoch 00004: mean_squared_error did not improve from 0.00000
63/63 - 136s - loss: 9.6462e-07 - mean_squared_error: 1.3796e-06 - val_loss: 1.2785e-08 - val_mean_squared_error: 1.2785e-08 - 136s/epoch - 2s/step
Epoch 5/10

Epoch 00005: mean_squared_error did not improve from 0.00000
63/63 - 136s - loss: 9.6021e-07 - mean_squared_error: 1.3757e-06 - val_loss: 1.5783e-08 - val_mean_squared_error: 1.5783e-08 - 136s/epoch - 2s/step
Epoch 6/10

Epoch 00006: mean_squared_error did not improve from 0.00000
63/63 - 135s - loss: 9.6543e-07 - mean_squared_error: 1.3801e-06 - val_loss: 1.8829e-08 - val_mean_squared_error: 1.8829e-08 - 135s/epoch - 2s/step
Epoch 7/10

Epoch 00007: mean_squared_error did not improve from 0.00000
63/63 - 136s - loss: 9.6287e-07 - mean_squared_error: 1.3776e-06 - val_loss: 1.3445e-08 - val_mean_squared_error: 1.3445e-08 - 136s/epoch - 2s/step
Epoch 8/10

Epoch 00008: mean_squared_error did not improve from 0.00000
63/63 - 136s - loss: 9.5867e-07 - mean_squared_error: 1.3743e-06 - val_loss: 1.4461e-08 - val_mean_squared_error: 1.4461e-08 - 136s/epoch - 2s/step
Epoch 9/10

Epoch 00009: mean_squared_error did not improve from 0.00000
63/63 - 136s - loss: 9.7365e-07 - mean_squared_error: 1.3869e-06 - val_loss: 1.6532e-08 - val_mean_squared_error: 1.6532e-08 - 136s/epoch - 2s/step
Epoch 10/10

Epoch 00010: mean_squared_error did not improve from 0.00000
63/63 - 136s - loss: 9.7135e-07 - mean_squared_error: 1.3849e-06 - val_loss: 1.8088e-08 - val_mean_squared_error: 1.8088e-08 - 136s/epoch - 2s/step
Starting non-parametric update..
Epoch 1/20

Epoch 00001: mean_squared_error did not improve from 0.00000
63/63 - 136s - loss: 9.5793e-07 - mean_squared_error: 1.3735e-06 - val_loss: 7.5027e-09 - val_mean_squared_error: 7.5027e-09 - 136s/epoch - 2s/step
Epoch 2/20

Epoch 00002: mean_squared_error improved from 0.00000 to 0.00000, saving model to /gpfswork/rech/ynx/uds36vp/repos/wf-SEDs/projected_learning/wf-outputs/chkp/16_bins/chkp_callback_poly_project_mc_16_bins_cycle4
63/63 - 133s - loss: 9.5408e-07 - mean_squared_error: 1.3704e-06 - val_loss: 7.1556e-09 - val_mean_squared_error: 7.1556e-09 - 133s/epoch - 2s/step
Epoch 3/20

Epoch 00003: mean_squared_error improved from 0.00000 to 0.00000, saving model to /gpfswork/rech/ynx/uds36vp/repos/wf-SEDs/projected_learning/wf-outputs/chkp/16_bins/chkp_callback_poly_project_mc_16_bins_cycle4
63/63 - 133s - loss: 9.5393e-07 - mean_squared_error: 1.3703e-06 - val_loss: 7.1503e-09 - val_mean_squared_error: 7.1503e-09 - 133s/epoch - 2s/step
Epoch 4/20

Epoch 00004: mean_squared_error improved from 0.00000 to 0.00000, saving model to /gpfswork/rech/ynx/uds36vp/repos/wf-SEDs/projected_learning/wf-outputs/chkp/16_bins/chkp_callback_poly_project_mc_16_bins_cycle4
63/63 - 133s - loss: 9.5389e-07 - mean_squared_error: 1.3703e-06 - val_loss: 7.0535e-09 - val_mean_squared_error: 7.0535e-09 - 133s/epoch - 2s/step
Epoch 5/20

Epoch 00005: mean_squared_error did not improve from 0.00000
63/63 - 133s - loss: 9.5391e-07 - mean_squared_error: 1.3703e-06 - val_loss: 7.1077e-09 - val_mean_squared_error: 7.1077e-09 - 133s/epoch - 2s/step
Epoch 6/20

Epoch 00006: mean_squared_error improved from 0.00000 to 0.00000, saving model to /gpfswork/rech/ynx/uds36vp/repos/wf-SEDs/projected_learning/wf-outputs/chkp/16_bins/chkp_callback_poly_project_mc_16_bins_cycle4
63/63 - 133s - loss: 9.5389e-07 - mean_squared_error: 1.3703e-06 - val_loss: 7.2561e-09 - val_mean_squared_error: 7.2561e-09 - 133s/epoch - 2s/step
Epoch 7/20

Epoch 00007: mean_squared_error did not improve from 0.00000
63/63 - 133s - loss: 9.5392e-07 - mean_squared_error: 1.3703e-06 - val_loss: 7.0844e-09 - val_mean_squared_error: 7.0844e-09 - 133s/epoch - 2s/step
Epoch 8/20

Epoch 00008: mean_squared_error improved from 0.00000 to 0.00000, saving model to /gpfswork/rech/ynx/uds36vp/repos/wf-SEDs/projected_learning/wf-outputs/chkp/16_bins/chkp_callback_poly_project_mc_16_bins_cycle4
63/63 - 133s - loss: 9.5388e-07 - mean_squared_error: 1.3702e-06 - val_loss: 7.0655e-09 - val_mean_squared_error: 7.0655e-09 - 133s/epoch - 2s/step
Epoch 9/20

Epoch 00009: mean_squared_error improved from 0.00000 to 0.00000, saving model to /gpfswork/rech/ynx/uds36vp/repos/wf-SEDs/projected_learning/wf-outputs/chkp/16_bins/chkp_callback_poly_project_mc_16_bins_cycle4
63/63 - 133s - loss: 9.5390e-07 - mean_squared_error: 1.3702e-06 - val_loss: 7.0493e-09 - val_mean_squared_error: 7.0493e-09 - 133s/epoch - 2s/step
Epoch 10/20

Epoch 00010: mean_squared_error did not improve from 0.00000
63/63 - 133s - loss: 9.5398e-07 - mean_squared_error: 1.3703e-06 - val_loss: 6.9342e-09 - val_mean_squared_error: 6.9342e-09 - 133s/epoch - 2s/step
Epoch 11/20

Epoch 00011: mean_squared_error did not improve from 0.00000
63/63 - 133s - loss: 9.5408e-07 - mean_squared_error: 1.3704e-06 - val_loss: 7.1294e-09 - val_mean_squared_error: 7.1294e-09 - 133s/epoch - 2s/step
Epoch 12/20

Epoch 00012: mean_squared_error did not improve from 0.00000
63/63 - 133s - loss: 9.5401e-07 - mean_squared_error: 1.3704e-06 - val_loss: 7.2381e-09 - val_mean_squared_error: 7.2381e-09 - 133s/epoch - 2s/step
Epoch 13/20

Epoch 00013: mean_squared_error did not improve from 0.00000
63/63 - 133s - loss: 9.5392e-07 - mean_squared_error: 1.3702e-06 - val_loss: 6.9598e-09 - val_mean_squared_error: 6.9598e-09 - 133s/epoch - 2s/step
Epoch 14/20

Epoch 00014: mean_squared_error improved from 0.00000 to 0.00000, saving model to /gpfswork/rech/ynx/uds36vp/repos/wf-SEDs/projected_learning/wf-outputs/chkp/16_bins/chkp_callback_poly_project_mc_16_bins_cycle4
63/63 - 133s - loss: 9.5383e-07 - mean_squared_error: 1.3702e-06 - val_loss: 7.1295e-09 - val_mean_squared_error: 7.1295e-09 - 133s/epoch - 2s/step
Epoch 15/20

Epoch 00015: mean_squared_error improved from 0.00000 to 0.00000, saving model to /gpfswork/rech/ynx/uds36vp/repos/wf-SEDs/projected_learning/wf-outputs/chkp/16_bins/chkp_callback_poly_project_mc_16_bins_cycle4
63/63 - 134s - loss: 9.5387e-07 - mean_squared_error: 1.3702e-06 - val_loss: 6.9514e-09 - val_mean_squared_error: 6.9514e-09 - 134s/epoch - 2s/step
Epoch 16/20

Epoch 00016: mean_squared_error did not improve from 0.00000
63/63 - 134s - loss: 9.5398e-07 - mean_squared_error: 1.3702e-06 - val_loss: 7.0193e-09 - val_mean_squared_error: 7.0193e-09 - 134s/epoch - 2s/step
Epoch 17/20

Epoch 00017: mean_squared_error improved from 0.00000 to 0.00000, saving model to /gpfswork/rech/ynx/uds36vp/repos/wf-SEDs/projected_learning/wf-outputs/chkp/16_bins/chkp_callback_poly_project_mc_16_bins_cycle4
63/63 - 135s - loss: 9.5387e-07 - mean_squared_error: 1.3702e-06 - val_loss: 7.0872e-09 - val_mean_squared_error: 7.0872e-09 - 135s/epoch - 2s/step
Epoch 18/20

Epoch 00018: mean_squared_error improved from 0.00000 to 0.00000, saving model to /gpfswork/rech/ynx/uds36vp/repos/wf-SEDs/projected_learning/wf-outputs/chkp/16_bins/chkp_callback_poly_project_mc_16_bins_cycle4
63/63 - 138s - loss: 9.5384e-07 - mean_squared_error: 1.3702e-06 - val_loss: 6.8887e-09 - val_mean_squared_error: 6.8887e-09 - 138s/epoch - 2s/step
Epoch 19/20

Epoch 00019: mean_squared_error improved from 0.00000 to 0.00000, saving model to /gpfswork/rech/ynx/uds36vp/repos/wf-SEDs/projected_learning/wf-outputs/chkp/16_bins/chkp_callback_poly_project_mc_16_bins_cycle4
63/63 - 137s - loss: 9.5376e-07 - mean_squared_error: 1.3701e-06 - val_loss: 7.0666e-09 - val_mean_squared_error: 7.0666e-09 - 137s/epoch - 2s/step
Epoch 20/20

Epoch 00020: mean_squared_error did not improve from 0.00000
63/63 - 133s - loss: 9.5392e-07 - mean_squared_error: 1.3702e-06 - val_loss: 7.0848e-09 - val_mean_squared_error: 7.0848e-09 - 133s/epoch - 2s/step
Cycle4 elapsed time: 4045.5953307151794
Project non-param DD features onto param model: done!

Total elapsed time: 26359.046339

 Good bye..
