Starting the log file.
Found GPU at: /device:GPU:0
tf_version: 2.7.0
Dataset parameters:
{'d_max': 2, 'max_order': 45, 'x_lims': [0, 1000.0], 'y_lims': [0, 1000.0], 'grid_points': [4, 4], 'n_bins': 350, 'max_wfe_rms': 0.1, 'oversampling_rate': 3.0, 'output_Q': 3.0, 'output_dim': 32, 'LP_filter_length': 2, 'pupil_diameter': 256, 'euclid_obsc': True, 'n_stars': 2000}

***
Metric evaluation on the test dataset
***

Absolute RMSE:	 1.3266e-04 	 +/- 2.5751e-05
Relative RMSE:	 1.7873e+00 % 	 +/- 4.5226e-01 %
Absolute RMSE:	 1.5891e-01 	 +/- 2.2518e-02
Relative RMSE:	 2.0316e+02 % 	 +/- 1.2348e+01 %

Pixel star absolute RMSE:	 4.2725e-05 	 +/- 8.9118e-06 
Pixel star relative RMSE:	 2.8303e+00 % 	 +/- 7.7595e-01 %

sigma(e1) RMSE =		 6.3548e-03 	 +/- 6.3531e-03 
sigma(e2) RMSE =		 3.7573e-03 	 +/- 3.7129e-03 
sigma(R2)/<R2> =		 1.4592e-02 	 +/- 1.4053e-02 

Relative sigma(e1) RMSE =	 2.2863e+02 % 	 +/- 2.2853e+02 %
Relative sigma(e2) RMSE =	 6.2315e+02 % 	 +/- 6.2232e+02 %

Total number of stars: 		400
Problematic number of stars: 	1

***
Metric evaluation on the train dataset
***

Absolute RMSE:	 1.3330e-04 	 +/- 2.7138e-05
Relative RMSE:	 1.8038e+00 % 	 +/- 5.1746e-01 %
Absolute RMSE:	 1.5858e-01 	 +/- 2.3074e-02
Relative RMSE:	 2.0320e+02 % 	 +/- 1.2063e+01 %

Pixel star absolute RMSE:	 4.3221e-05 	 +/- 9.5419e-06 
Pixel star relative RMSE:	 2.8755e+00 % 	 +/- 9.2461e-01 %

sigma(e1) RMSE =		 6.2744e-03 	 +/- 6.2677e-03 
sigma(e2) RMSE =		 3.7577e-03 	 +/- 3.7117e-03 
sigma(R2)/<R2> =		 2.5444e-02 	 +/- 1.6090e-02 

Relative sigma(e1) RMSE =	 2.5610e+03 % 	 +/- 2.5598e+03 %
Relative sigma(e2) RMSE =	 3.4229e+03 % 	 +/- 3.4229e+03 %

Total number of stars: 		2000
Problematic number of stars: 	1

Total elapsed time: 1914.692802

 Good bye..
