Starting the log file.
Found GPU at: /device:GPU:0
tf_version: 2.7.0
Zernike cube:
(15, 256, 256)
Dataset parameters:
{'d_max': 2, 'max_order': 45, 'x_lims': [0, 1000.0], 'y_lims': [0, 1000.0], 'grid_points': [4, 4], 'n_bins': 350, 'max_wfe_rms': 0.1, 'oversampling_rate': 3.0, 'output_Q': 3.0, 'output_dim': 32, 'LP_filter_length': 2, 'pupil_diameter': 256, 'euclid_obsc': True, 'n_stars': 2000}
Starting cycle 1..
Starting parametric update..
Epoch 1/10

Epoch 00001: mean_squared_error improved from inf to 0.00001, saving model to /gpfswork/rech/ynx/uds36vp/repos/wf-SEDs/projected_learning/wf-outputs/chkp/8_bins/chkp_callback_poly_5_cycles_256_no_proj_d2_4_cycle1
63/63 - 61s - loss: 7.3322e-06 - mean_squared_error: 6.7822e-06 - val_loss: 1.4889e-06 - val_mean_squared_error: 1.4889e-06 - 61s/epoch - 961ms/step
Epoch 2/10

Epoch 00002: mean_squared_error improved from 0.00001 to 0.00000, saving model to /gpfswork/rech/ynx/uds36vp/repos/wf-SEDs/projected_learning/wf-outputs/chkp/8_bins/chkp_callback_poly_5_cycles_256_no_proj_d2_4_cycle1
63/63 - 56s - loss: 2.4247e-06 - mean_squared_error: 2.6198e-06 - val_loss: 1.0388e-06 - val_mean_squared_error: 1.0388e-06 - 56s/epoch - 887ms/step
Epoch 3/10

Epoch 00003: mean_squared_error improved from 0.00000 to 0.00000, saving model to /gpfswork/rech/ynx/uds36vp/repos/wf-SEDs/projected_learning/wf-outputs/chkp/8_bins/chkp_callback_poly_5_cycles_256_no_proj_d2_4_cycle1
63/63 - 56s - loss: 2.1208e-06 - mean_squared_error: 2.3593e-06 - val_loss: 9.1727e-07 - val_mean_squared_error: 9.1727e-07 - 56s/epoch - 889ms/step
Epoch 4/10

Epoch 00004: mean_squared_error improved from 0.00000 to 0.00000, saving model to /gpfswork/rech/ynx/uds36vp/repos/wf-SEDs/projected_learning/wf-outputs/chkp/8_bins/chkp_callback_poly_5_cycles_256_no_proj_d2_4_cycle1
63/63 - 56s - loss: 2.0090e-06 - mean_squared_error: 2.2614e-06 - val_loss: 8.3499e-07 - val_mean_squared_error: 8.3499e-07 - 56s/epoch - 888ms/step
Epoch 5/10

Epoch 00005: mean_squared_error improved from 0.00000 to 0.00000, saving model to /gpfswork/rech/ynx/uds36vp/repos/wf-SEDs/projected_learning/wf-outputs/chkp/8_bins/chkp_callback_poly_5_cycles_256_no_proj_d2_4_cycle1
63/63 - 56s - loss: 1.9167e-06 - mean_squared_error: 2.1728e-06 - val_loss: 8.1551e-07 - val_mean_squared_error: 8.1551e-07 - 56s/epoch - 887ms/step
Epoch 6/10

Epoch 00006: mean_squared_error improved from 0.00000 to 0.00000, saving model to /gpfswork/rech/ynx/uds36vp/repos/wf-SEDs/projected_learning/wf-outputs/chkp/8_bins/chkp_callback_poly_5_cycles_256_no_proj_d2_4_cycle1
63/63 - 56s - loss: 1.8646e-06 - mean_squared_error: 2.1276e-06 - val_loss: 7.3155e-07 - val_mean_squared_error: 7.3155e-07 - 56s/epoch - 887ms/step
Epoch 7/10

Epoch 00007: mean_squared_error improved from 0.00000 to 0.00000, saving model to /gpfswork/rech/ynx/uds36vp/repos/wf-SEDs/projected_learning/wf-outputs/chkp/8_bins/chkp_callback_poly_5_cycles_256_no_proj_d2_4_cycle1
63/63 - 56s - loss: 1.8150e-06 - mean_squared_error: 2.0859e-06 - val_loss: 7.1427e-07 - val_mean_squared_error: 7.1427e-07 - 56s/epoch - 888ms/step
Epoch 8/10

Epoch 00008: mean_squared_error did not improve from 0.00000
63/63 - 56s - loss: 1.8313e-06 - mean_squared_error: 2.0982e-06 - val_loss: 7.2669e-07 - val_mean_squared_error: 7.2669e-07 - 56s/epoch - 888ms/step
Epoch 9/10

Epoch 00009: mean_squared_error improved from 0.00000 to 0.00000, saving model to /gpfswork/rech/ynx/uds36vp/repos/wf-SEDs/projected_learning/wf-outputs/chkp/8_bins/chkp_callback_poly_5_cycles_256_no_proj_d2_4_cycle1
63/63 - 56s - loss: 1.8189e-06 - mean_squared_error: 2.0838e-06 - val_loss: 7.4072e-07 - val_mean_squared_error: 7.4072e-07 - 56s/epoch - 890ms/step
Epoch 10/10

Epoch 00010: mean_squared_error improved from 0.00000 to 0.00000, saving model to /gpfswork/rech/ynx/uds36vp/repos/wf-SEDs/projected_learning/wf-outputs/chkp/8_bins/chkp_callback_poly_5_cycles_256_no_proj_d2_4_cycle1
63/63 - 56s - loss: 1.8116e-06 - mean_squared_error: 2.0665e-06 - val_loss: 7.0348e-07 - val_mean_squared_error: 7.0348e-07 - 56s/epoch - 887ms/step
Starting non-parametric update..
Epoch 1/25

Epoch 00001: mean_squared_error improved from 0.00000 to 0.00000, saving model to /gpfswork/rech/ynx/uds36vp/repos/wf-SEDs/projected_learning/wf-outputs/chkp/8_bins/chkp_callback_poly_5_cycles_256_no_proj_d2_4_cycle1
63/63 - 58s - loss: 1.7543e-06 - mean_squared_error: 2.0221e-06 - val_loss: 5.9210e-07 - val_mean_squared_error: 5.9210e-07 - 58s/epoch - 928ms/step
Epoch 2/25

Epoch 00002: mean_squared_error improved from 0.00000 to 0.00000, saving model to /gpfswork/rech/ynx/uds36vp/repos/wf-SEDs/projected_learning/wf-outputs/chkp/8_bins/chkp_callback_poly_5_cycles_256_no_proj_d2_4_cycle1
63/63 - 56s - loss: 1.6300e-06 - mean_squared_error: 1.9279e-06 - val_loss: 5.2158e-07 - val_mean_squared_error: 5.2158e-07 - 56s/epoch - 884ms/step
Epoch 3/25

Epoch 00003: mean_squared_error improved from 0.00000 to 0.00000, saving model to /gpfswork/rech/ynx/uds36vp/repos/wf-SEDs/projected_learning/wf-outputs/chkp/8_bins/chkp_callback_poly_5_cycles_256_no_proj_d2_4_cycle1
63/63 - 55s - loss: 1.5267e-06 - mean_squared_error: 1.8509e-06 - val_loss: 4.4295e-07 - val_mean_squared_error: 4.4295e-07 - 55s/epoch - 880ms/step
Epoch 4/25

Epoch 00004: mean_squared_error improved from 0.00000 to 0.00000, saving model to /gpfswork/rech/ynx/uds36vp/repos/wf-SEDs/projected_learning/wf-outputs/chkp/8_bins/chkp_callback_poly_5_cycles_256_no_proj_d2_4_cycle1
63/63 - 56s - loss: 1.4198e-06 - mean_squared_error: 1.7669e-06 - val_loss: 3.6732e-07 - val_mean_squared_error: 3.6732e-07 - 56s/epoch - 882ms/step
Epoch 5/25

Epoch 00005: mean_squared_error improved from 0.00000 to 0.00000, saving model to /gpfswork/rech/ynx/uds36vp/repos/wf-SEDs/projected_learning/wf-outputs/chkp/8_bins/chkp_callback_poly_5_cycles_256_no_proj_d2_4_cycle1
63/63 - 56s - loss: 1.3370e-06 - mean_squared_error: 1.6989e-06 - val_loss: 3.0765e-07 - val_mean_squared_error: 3.0765e-07 - 56s/epoch - 881ms/step
Epoch 6/25

Epoch 00006: mean_squared_error improved from 0.00000 to 0.00000, saving model to /gpfswork/rech/ynx/uds36vp/repos/wf-SEDs/projected_learning/wf-outputs/chkp/8_bins/chkp_callback_poly_5_cycles_256_no_proj_d2_4_cycle1
63/63 - 56s - loss: 1.2698e-06 - mean_squared_error: 1.6413e-06 - val_loss: 2.5644e-07 - val_mean_squared_error: 2.5644e-07 - 56s/epoch - 883ms/step
Epoch 7/25

Epoch 00007: mean_squared_error improved from 0.00000 to 0.00000, saving model to /gpfswork/rech/ynx/uds36vp/repos/wf-SEDs/projected_learning/wf-outputs/chkp/8_bins/chkp_callback_poly_5_cycles_256_no_proj_d2_4_cycle1
63/63 - 56s - loss: 1.2156e-06 - mean_squared_error: 1.5955e-06 - val_loss: 2.1873e-07 - val_mean_squared_error: 2.1873e-07 - 56s/epoch - 882ms/step
Epoch 8/25

Epoch 00008: mean_squared_error improved from 0.00000 to 0.00000, saving model to /gpfswork/rech/ynx/uds36vp/repos/wf-SEDs/projected_learning/wf-outputs/chkp/8_bins/chkp_callback_poly_5_cycles_256_no_proj_d2_4_cycle1
63/63 - 55s - loss: 1.1743e-06 - mean_squared_error: 1.5608e-06 - val_loss: 1.8505e-07 - val_mean_squared_error: 1.8505e-07 - 55s/epoch - 881ms/step
Epoch 9/25

Epoch 00009: mean_squared_error improved from 0.00000 to 0.00000, saving model to /gpfswork/rech/ynx/uds36vp/repos/wf-SEDs/projected_learning/wf-outputs/chkp/8_bins/chkp_callback_poly_5_cycles_256_no_proj_d2_4_cycle1
63/63 - 56s - loss: 1.1427e-06 - mean_squared_error: 1.5332e-06 - val_loss: 1.6116e-07 - val_mean_squared_error: 1.6116e-07 - 56s/epoch - 883ms/step
Epoch 10/25

Epoch 00010: mean_squared_error improved from 0.00000 to 0.00000, saving model to /gpfswork/rech/ynx/uds36vp/repos/wf-SEDs/projected_learning/wf-outputs/chkp/8_bins/chkp_callback_poly_5_cycles_256_no_proj_d2_4_cycle1
63/63 - 56s - loss: 1.1190e-06 - mean_squared_error: 1.5132e-06 - val_loss: 1.4271e-07 - val_mean_squared_error: 1.4271e-07 - 56s/epoch - 883ms/step
Epoch 11/25

Epoch 00011: mean_squared_error improved from 0.00000 to 0.00000, saving model to /gpfswork/rech/ynx/uds36vp/repos/wf-SEDs/projected_learning/wf-outputs/chkp/8_bins/chkp_callback_poly_5_cycles_256_no_proj_d2_4_cycle1
63/63 - 56s - loss: 1.0989e-06 - mean_squared_error: 1.4955e-06 - val_loss: 1.2750e-07 - val_mean_squared_error: 1.2750e-07 - 56s/epoch - 881ms/step
Epoch 12/25

Epoch 00012: mean_squared_error improved from 0.00000 to 0.00000, saving model to /gpfswork/rech/ynx/uds36vp/repos/wf-SEDs/projected_learning/wf-outputs/chkp/8_bins/chkp_callback_poly_5_cycles_256_no_proj_d2_4_cycle1
63/63 - 55s - loss: 1.0828e-06 - mean_squared_error: 1.4819e-06 - val_loss: 1.1538e-07 - val_mean_squared_error: 1.1538e-07 - 55s/epoch - 880ms/step
Epoch 13/25

Epoch 00013: mean_squared_error improved from 0.00000 to 0.00000, saving model to /gpfswork/rech/ynx/uds36vp/repos/wf-SEDs/projected_learning/wf-outputs/chkp/8_bins/chkp_callback_poly_5_cycles_256_no_proj_d2_4_cycle1
63/63 - 55s - loss: 1.0696e-06 - mean_squared_error: 1.4701e-06 - val_loss: 1.0121e-07 - val_mean_squared_error: 1.0121e-07 - 55s/epoch - 881ms/step
Epoch 14/25

Epoch 00014: mean_squared_error improved from 0.00000 to 0.00000, saving model to /gpfswork/rech/ynx/uds36vp/repos/wf-SEDs/projected_learning/wf-outputs/chkp/8_bins/chkp_callback_poly_5_cycles_256_no_proj_d2_4_cycle1
63/63 - 56s - loss: 1.0564e-06 - mean_squared_error: 1.4593e-06 - val_loss: 9.1672e-08 - val_mean_squared_error: 9.1672e-08 - 56s/epoch - 882ms/step
Epoch 15/25

Epoch 00015: mean_squared_error improved from 0.00000 to 0.00000, saving model to /gpfswork/rech/ynx/uds36vp/repos/wf-SEDs/projected_learning/wf-outputs/chkp/8_bins/chkp_callback_poly_5_cycles_256_no_proj_d2_4_cycle1
63/63 - 56s - loss: 1.0464e-06 - mean_squared_error: 1.4504e-06 - val_loss: 8.4130e-08 - val_mean_squared_error: 8.4130e-08 - 56s/epoch - 882ms/step
Epoch 16/25

Epoch 00016: mean_squared_error improved from 0.00000 to 0.00000, saving model to /gpfswork/rech/ynx/uds36vp/repos/wf-SEDs/projected_learning/wf-outputs/chkp/8_bins/chkp_callback_poly_5_cycles_256_no_proj_d2_4_cycle1
63/63 - 56s - loss: 1.0389e-06 - mean_squared_error: 1.4439e-06 - val_loss: 7.6994e-08 - val_mean_squared_error: 7.6994e-08 - 56s/epoch - 881ms/step
Epoch 17/25

Epoch 00017: mean_squared_error improved from 0.00000 to 0.00000, saving model to /gpfswork/rech/ynx/uds36vp/repos/wf-SEDs/projected_learning/wf-outputs/chkp/8_bins/chkp_callback_poly_5_cycles_256_no_proj_d2_4_cycle1
63/63 - 56s - loss: 1.0311e-06 - mean_squared_error: 1.4374e-06 - val_loss: 7.0257e-08 - val_mean_squared_error: 7.0257e-08 - 56s/epoch - 884ms/step
Epoch 18/25

Epoch 00018: mean_squared_error improved from 0.00000 to 0.00000, saving model to /gpfswork/rech/ynx/uds36vp/repos/wf-SEDs/projected_learning/wf-outputs/chkp/8_bins/chkp_callback_poly_5_cycles_256_no_proj_d2_4_cycle1
63/63 - 56s - loss: 1.0257e-06 - mean_squared_error: 1.4325e-06 - val_loss: 6.5824e-08 - val_mean_squared_error: 6.5824e-08 - 56s/epoch - 884ms/step
Epoch 19/25

Epoch 00019: mean_squared_error improved from 0.00000 to 0.00000, saving model to /gpfswork/rech/ynx/uds36vp/repos/wf-SEDs/projected_learning/wf-outputs/chkp/8_bins/chkp_callback_poly_5_cycles_256_no_proj_d2_4_cycle1
63/63 - 56s - loss: 1.0194e-06 - mean_squared_error: 1.4277e-06 - val_loss: 6.1390e-08 - val_mean_squared_error: 6.1390e-08 - 56s/epoch - 882ms/step
Epoch 20/25

Epoch 00020: mean_squared_error improved from 0.00000 to 0.00000, saving model to /gpfswork/rech/ynx/uds36vp/repos/wf-SEDs/projected_learning/wf-outputs/chkp/8_bins/chkp_callback_poly_5_cycles_256_no_proj_d2_4_cycle1
63/63 - 56s - loss: 1.0150e-06 - mean_squared_error: 1.4236e-06 - val_loss: 5.8353e-08 - val_mean_squared_error: 5.8353e-08 - 56s/epoch - 883ms/step
Epoch 21/25

Epoch 00021: mean_squared_error improved from 0.00000 to 0.00000, saving model to /gpfswork/rech/ynx/uds36vp/repos/wf-SEDs/projected_learning/wf-outputs/chkp/8_bins/chkp_callback_poly_5_cycles_256_no_proj_d2_4_cycle1
63/63 - 56s - loss: 1.0133e-06 - mean_squared_error: 1.4217e-06 - val_loss: 5.7411e-08 - val_mean_squared_error: 5.7411e-08 - 56s/epoch - 882ms/step
Epoch 22/25

Epoch 00022: mean_squared_error improved from 0.00000 to 0.00000, saving model to /gpfswork/rech/ynx/uds36vp/repos/wf-SEDs/projected_learning/wf-outputs/chkp/8_bins/chkp_callback_poly_5_cycles_256_no_proj_d2_4_cycle1
63/63 - 56s - loss: 1.0086e-06 - mean_squared_error: 1.4180e-06 - val_loss: 5.3325e-08 - val_mean_squared_error: 5.3325e-08 - 56s/epoch - 881ms/step
Epoch 23/25

Epoch 00023: mean_squared_error improved from 0.00000 to 0.00000, saving model to /gpfswork/rech/ynx/uds36vp/repos/wf-SEDs/projected_learning/wf-outputs/chkp/8_bins/chkp_callback_poly_5_cycles_256_no_proj_d2_4_cycle1
63/63 - 56s - loss: 1.0061e-06 - mean_squared_error: 1.4159e-06 - val_loss: 5.1102e-08 - val_mean_squared_error: 5.1102e-08 - 56s/epoch - 885ms/step
Epoch 24/25

Epoch 00024: mean_squared_error improved from 0.00000 to 0.00000, saving model to /gpfswork/rech/ynx/uds36vp/repos/wf-SEDs/projected_learning/wf-outputs/chkp/8_bins/chkp_callback_poly_5_cycles_256_no_proj_d2_4_cycle1
63/63 - 56s - loss: 1.0018e-06 - mean_squared_error: 1.4122e-06 - val_loss: 4.6844e-08 - val_mean_squared_error: 4.6844e-08 - 56s/epoch - 882ms/step
Epoch 25/25

Epoch 00025: mean_squared_error improved from 0.00000 to 0.00000, saving model to /gpfswork/rech/ynx/uds36vp/repos/wf-SEDs/projected_learning/wf-outputs/chkp/8_bins/chkp_callback_poly_5_cycles_256_no_proj_d2_4_cycle1
63/63 - 56s - loss: 9.9818e-07 - mean_squared_error: 1.4092e-06 - val_loss: 4.3803e-08 - val_mean_squared_error: 4.3803e-08 - 56s/epoch - 883ms/step
Cycle1 elapsed time: 1961.962414
Starting cycle 2..
Starting parametric update..
Epoch 1/5

Epoch 00001: mean_squared_error improved from inf to 0.00000, saving model to /gpfswork/rech/ynx/uds36vp/repos/wf-SEDs/projected_learning/wf-outputs/chkp/8_bins/chkp_callback_poly_5_cycles_256_no_proj_d2_4_cycle2
63/63 - 62s - loss: 9.9780e-07 - mean_squared_error: 1.4092e-06 - val_loss: 4.5223e-08 - val_mean_squared_error: 4.5223e-08 - 62s/epoch - 991ms/step
Epoch 2/5

Epoch 00002: mean_squared_error did not improve from 0.00000
63/63 - 60s - loss: 1.0041e-06 - mean_squared_error: 1.4145e-06 - val_loss: 6.7911e-08 - val_mean_squared_error: 6.7911e-08 - 60s/epoch - 950ms/step
Epoch 3/5

Epoch 00003: mean_squared_error did not improve from 0.00000
63/63 - 60s - loss: 1.0091e-06 - mean_squared_error: 1.4192e-06 - val_loss: 5.5297e-08 - val_mean_squared_error: 5.5297e-08 - 60s/epoch - 947ms/step
Epoch 4/5

Epoch 00004: mean_squared_error did not improve from 0.00000
63/63 - 60s - loss: 1.0493e-06 - mean_squared_error: 1.4505e-06 - val_loss: 1.2782e-07 - val_mean_squared_error: 1.2782e-07 - 60s/epoch - 950ms/step
Epoch 5/5

Epoch 00005: mean_squared_error did not improve from 0.00000
63/63 - 59s - loss: 1.0442e-06 - mean_squared_error: 1.4474e-06 - val_loss: 5.4736e-08 - val_mean_squared_error: 5.4736e-08 - 59s/epoch - 938ms/step
Starting non-parametric update..
Epoch 1/25

Epoch 00001: mean_squared_error improved from 0.00000 to 0.00000, saving model to /gpfswork/rech/ynx/uds36vp/repos/wf-SEDs/projected_learning/wf-outputs/chkp/8_bins/chkp_callback_poly_5_cycles_256_no_proj_d2_4_cycle2
63/63 - 58s - loss: 9.9748e-07 - mean_squared_error: 1.4089e-06 - val_loss: 4.2239e-08 - val_mean_squared_error: 4.2239e-08 - 58s/epoch - 925ms/step
Epoch 2/25

Epoch 00002: mean_squared_error improved from 0.00000 to 0.00000, saving model to /gpfswork/rech/ynx/uds36vp/repos/wf-SEDs/projected_learning/wf-outputs/chkp/8_bins/chkp_callback_poly_5_cycles_256_no_proj_d2_4_cycle2
63/63 - 56s - loss: 9.9351e-07 - mean_squared_error: 1.4055e-06 - val_loss: 4.1501e-08 - val_mean_squared_error: 4.1501e-08 - 56s/epoch - 886ms/step
Epoch 3/25

Epoch 00003: mean_squared_error improved from 0.00000 to 0.00000, saving model to /gpfswork/rech/ynx/uds36vp/repos/wf-SEDs/projected_learning/wf-outputs/chkp/8_bins/chkp_callback_poly_5_cycles_256_no_proj_d2_4_cycle2
63/63 - 56s - loss: 9.9257e-07 - mean_squared_error: 1.4048e-06 - val_loss: 4.0748e-08 - val_mean_squared_error: 4.0748e-08 - 56s/epoch - 881ms/step
Epoch 4/25

Epoch 00004: mean_squared_error improved from 0.00000 to 0.00000, saving model to /gpfswork/rech/ynx/uds36vp/repos/wf-SEDs/projected_learning/wf-outputs/chkp/8_bins/chkp_callback_poly_5_cycles_256_no_proj_d2_4_cycle2
63/63 - 56s - loss: 9.9162e-07 - mean_squared_error: 1.4039e-06 - val_loss: 4.0004e-08 - val_mean_squared_error: 4.0004e-08 - 56s/epoch - 887ms/step
Epoch 5/25

Epoch 00005: mean_squared_error improved from 0.00000 to 0.00000, saving model to /gpfswork/rech/ynx/uds36vp/repos/wf-SEDs/projected_learning/wf-outputs/chkp/8_bins/chkp_callback_poly_5_cycles_256_no_proj_d2_4_cycle2
63/63 - 55s - loss: 9.9105e-07 - mean_squared_error: 1.4035e-06 - val_loss: 3.8965e-08 - val_mean_squared_error: 3.8965e-08 - 55s/epoch - 881ms/step
Epoch 6/25

Epoch 00006: mean_squared_error improved from 0.00000 to 0.00000, saving model to /gpfswork/rech/ynx/uds36vp/repos/wf-SEDs/projected_learning/wf-outputs/chkp/8_bins/chkp_callback_poly_5_cycles_256_no_proj_d2_4_cycle2
63/63 - 56s - loss: 9.8990e-07 - mean_squared_error: 1.4024e-06 - val_loss: 3.8431e-08 - val_mean_squared_error: 3.8431e-08 - 56s/epoch - 888ms/step
Epoch 7/25

Epoch 00007: mean_squared_error improved from 0.00000 to 0.00000, saving model to /gpfswork/rech/ynx/uds36vp/repos/wf-SEDs/projected_learning/wf-outputs/chkp/8_bins/chkp_callback_poly_5_cycles_256_no_proj_d2_4_cycle2
63/63 - 56s - loss: 9.8876e-07 - mean_squared_error: 1.4015e-06 - val_loss: 3.7008e-08 - val_mean_squared_error: 3.7008e-08 - 56s/epoch - 887ms/step
Epoch 8/25

Epoch 00008: mean_squared_error improved from 0.00000 to 0.00000, saving model to /gpfswork/rech/ynx/uds36vp/repos/wf-SEDs/projected_learning/wf-outputs/chkp/8_bins/chkp_callback_poly_5_cycles_256_no_proj_d2_4_cycle2
63/63 - 56s - loss: 9.8761e-07 - mean_squared_error: 1.4003e-06 - val_loss: 3.6220e-08 - val_mean_squared_error: 3.6220e-08 - 56s/epoch - 888ms/step
Epoch 9/25

Epoch 00009: mean_squared_error improved from 0.00000 to 0.00000, saving model to /gpfswork/rech/ynx/uds36vp/repos/wf-SEDs/projected_learning/wf-outputs/chkp/8_bins/chkp_callback_poly_5_cycles_256_no_proj_d2_4_cycle2
63/63 - 56s - loss: 9.8670e-07 - mean_squared_error: 1.3996e-06 - val_loss: 3.5027e-08 - val_mean_squared_error: 3.5027e-08 - 56s/epoch - 887ms/step
Epoch 10/25

Epoch 00010: mean_squared_error improved from 0.00000 to 0.00000, saving model to /gpfswork/rech/ynx/uds36vp/repos/wf-SEDs/projected_learning/wf-outputs/chkp/8_bins/chkp_callback_poly_5_cycles_256_no_proj_d2_4_cycle2
63/63 - 56s - loss: 9.8558e-07 - mean_squared_error: 1.3985e-06 - val_loss: 3.3967e-08 - val_mean_squared_error: 3.3967e-08 - 56s/epoch - 888ms/step
Epoch 11/25

Epoch 00011: mean_squared_error improved from 0.00000 to 0.00000, saving model to /gpfswork/rech/ynx/uds36vp/repos/wf-SEDs/projected_learning/wf-outputs/chkp/8_bins/chkp_callback_poly_5_cycles_256_no_proj_d2_4_cycle2
63/63 - 56s - loss: 9.8441e-07 - mean_squared_error: 1.3975e-06 - val_loss: 3.2968e-08 - val_mean_squared_error: 3.2968e-08 - 56s/epoch - 889ms/step
Epoch 12/25

Epoch 00012: mean_squared_error improved from 0.00000 to 0.00000, saving model to /gpfswork/rech/ynx/uds36vp/repos/wf-SEDs/projected_learning/wf-outputs/chkp/8_bins/chkp_callback_poly_5_cycles_256_no_proj_d2_4_cycle2
63/63 - 56s - loss: 9.8308e-07 - mean_squared_error: 1.3963e-06 - val_loss: 3.1886e-08 - val_mean_squared_error: 3.1886e-08 - 56s/epoch - 888ms/step
Epoch 13/25

Epoch 00013: mean_squared_error improved from 0.00000 to 0.00000, saving model to /gpfswork/rech/ynx/uds36vp/repos/wf-SEDs/projected_learning/wf-outputs/chkp/8_bins/chkp_callback_poly_5_cycles_256_no_proj_d2_4_cycle2
63/63 - 56s - loss: 9.8218e-07 - mean_squared_error: 1.3955e-06 - val_loss: 3.1212e-08 - val_mean_squared_error: 3.1212e-08 - 56s/epoch - 889ms/step
Epoch 14/25

Epoch 00014: mean_squared_error did not improve from 0.00000
63/63 - 56s - loss: 9.8594e-07 - mean_squared_error: 1.3981e-06 - val_loss: 3.1994e-08 - val_mean_squared_error: 3.1994e-08 - 56s/epoch - 896ms/step
Epoch 15/25

Epoch 00015: mean_squared_error did not improve from 0.00000
63/63 - 56s - loss: 9.8716e-07 - mean_squared_error: 1.3988e-06 - val_loss: 3.1500e-08 - val_mean_squared_error: 3.1500e-08 - 56s/epoch - 893ms/step
Epoch 16/25

Epoch 00016: mean_squared_error improved from 0.00000 to 0.00000, saving model to /gpfswork/rech/ynx/uds36vp/repos/wf-SEDs/projected_learning/wf-outputs/chkp/8_bins/chkp_callback_poly_5_cycles_256_no_proj_d2_4_cycle2
63/63 - 56s - loss: 9.8019e-07 - mean_squared_error: 1.3936e-06 - val_loss: 2.8854e-08 - val_mean_squared_error: 2.8854e-08 - 56s/epoch - 891ms/step
Epoch 17/25

Epoch 00017: mean_squared_error improved from 0.00000 to 0.00000, saving model to /gpfswork/rech/ynx/uds36vp/repos/wf-SEDs/projected_learning/wf-outputs/chkp/8_bins/chkp_callback_poly_5_cycles_256_no_proj_d2_4_cycle2
63/63 - 56s - loss: 9.7846e-07 - mean_squared_error: 1.3922e-06 - val_loss: 2.8276e-08 - val_mean_squared_error: 2.8276e-08 - 56s/epoch - 892ms/step
Epoch 18/25

Epoch 00018: mean_squared_error did not improve from 0.00000
63/63 - 56s - loss: 9.7969e-07 - mean_squared_error: 1.3929e-06 - val_loss: 2.8228e-08 - val_mean_squared_error: 2.8228e-08 - 56s/epoch - 889ms/step
Epoch 19/25

Epoch 00019: mean_squared_error did not improve from 0.00000
63/63 - 56s - loss: 9.7872e-07 - mean_squared_error: 1.3922e-06 - val_loss: 2.8275e-08 - val_mean_squared_error: 2.8275e-08 - 56s/epoch - 890ms/step
Epoch 20/25

Epoch 00020: mean_squared_error did not improve from 0.00000
63/63 - 56s - loss: 9.8154e-07 - mean_squared_error: 1.3940e-06 - val_loss: 3.8294e-08 - val_mean_squared_error: 3.8294e-08 - 56s/epoch - 889ms/step
Epoch 21/25

Epoch 00021: mean_squared_error did not improve from 0.00000
63/63 - 56s - loss: 9.9053e-07 - mean_squared_error: 1.3997e-06 - val_loss: 2.6586e-08 - val_mean_squared_error: 2.6586e-08 - 56s/epoch - 888ms/step
Epoch 22/25

Epoch 00022: mean_squared_error improved from 0.00000 to 0.00000, saving model to /gpfswork/rech/ynx/uds36vp/repos/wf-SEDs/projected_learning/wf-outputs/chkp/8_bins/chkp_callback_poly_5_cycles_256_no_proj_d2_4_cycle2
63/63 - 56s - loss: 9.7652e-07 - mean_squared_error: 1.3900e-06 - val_loss: 2.5109e-08 - val_mean_squared_error: 2.5109e-08 - 56s/epoch - 890ms/step
Epoch 23/25

Epoch 00023: mean_squared_error improved from 0.00000 to 0.00000, saving model to /gpfswork/rech/ynx/uds36vp/repos/wf-SEDs/projected_learning/wf-outputs/chkp/8_bins/chkp_callback_poly_5_cycles_256_no_proj_d2_4_cycle2
63/63 - 56s - loss: 9.7457e-07 - mean_squared_error: 1.3886e-06 - val_loss: 2.4143e-08 - val_mean_squared_error: 2.4143e-08 - 56s/epoch - 889ms/step
Epoch 24/25

Epoch 00024: mean_squared_error did not improve from 0.00000
63/63 - 56s - loss: 9.7542e-07 - mean_squared_error: 1.3889e-06 - val_loss: 2.4834e-08 - val_mean_squared_error: 2.4834e-08 - 56s/epoch - 889ms/step
Epoch 25/25

Epoch 00025: mean_squared_error did not improve from 0.00000
63/63 - 56s - loss: 9.9780e-07 - mean_squared_error: 1.4035e-06 - val_loss: 3.1479e-08 - val_mean_squared_error: 3.1479e-08 - 56s/epoch - 891ms/step
Cycle2 elapsed time: 1708.1795806884766
Starting cycle 3..
Starting parametric update..
Epoch 1/5

Epoch 00001: mean_squared_error improved from inf to 0.00000, saving model to /gpfswork/rech/ynx/uds36vp/repos/wf-SEDs/projected_learning/wf-outputs/chkp/8_bins/chkp_callback_poly_5_cycles_256_no_proj_d2_4_cycle3
63/63 - 59s - loss: 9.8398e-07 - mean_squared_error: 1.3950e-06 - val_loss: 3.2199e-08 - val_mean_squared_error: 3.2199e-08 - 59s/epoch - 939ms/step
Epoch 2/5

Epoch 00002: mean_squared_error did not improve from 0.00000
63/63 - 56s - loss: 9.8525e-07 - mean_squared_error: 1.3967e-06 - val_loss: 3.7045e-08 - val_mean_squared_error: 3.7045e-08 - 56s/epoch - 891ms/step
Epoch 3/5

Epoch 00003: mean_squared_error did not improve from 0.00000
63/63 - 56s - loss: 9.9421e-07 - mean_squared_error: 1.4033e-06 - val_loss: 3.2511e-08 - val_mean_squared_error: 3.2511e-08 - 56s/epoch - 891ms/step
Epoch 4/5

Epoch 00004: mean_squared_error did not improve from 0.00000
63/63 - 56s - loss: 1.0003e-06 - mean_squared_error: 1.4080e-06 - val_loss: 5.1281e-08 - val_mean_squared_error: 5.1281e-08 - 56s/epoch - 892ms/step
Epoch 5/5

Epoch 00005: mean_squared_error did not improve from 0.00000
63/63 - 56s - loss: 1.0108e-06 - mean_squared_error: 1.4177e-06 - val_loss: 4.0115e-08 - val_mean_squared_error: 4.0115e-08 - 56s/epoch - 891ms/step
Starting non-parametric update..
Epoch 1/25

Epoch 00001: mean_squared_error improved from 0.00000 to 0.00000, saving model to /gpfswork/rech/ynx/uds36vp/repos/wf-SEDs/projected_learning/wf-outputs/chkp/8_bins/chkp_callback_poly_5_cycles_256_no_proj_d2_4_cycle3
63/63 - 59s - loss: 9.8010e-07 - mean_squared_error: 1.3925e-06 - val_loss: 2.4242e-08 - val_mean_squared_error: 2.4242e-08 - 59s/epoch - 932ms/step
Epoch 2/25

Epoch 00002: mean_squared_error improved from 0.00000 to 0.00000, saving model to /gpfswork/rech/ynx/uds36vp/repos/wf-SEDs/projected_learning/wf-outputs/chkp/8_bins/chkp_callback_poly_5_cycles_256_no_proj_d2_4_cycle3
63/63 - 56s - loss: 9.7275e-07 - mean_squared_error: 1.3870e-06 - val_loss: 2.2727e-08 - val_mean_squared_error: 2.2727e-08 - 56s/epoch - 889ms/step
Epoch 3/25

Epoch 00003: mean_squared_error improved from 0.00000 to 0.00000, saving model to /gpfswork/rech/ynx/uds36vp/repos/wf-SEDs/projected_learning/wf-outputs/chkp/8_bins/chkp_callback_poly_5_cycles_256_no_proj_d2_4_cycle3
63/63 - 55s - loss: 9.7129e-07 - mean_squared_error: 1.3859e-06 - val_loss: 2.2318e-08 - val_mean_squared_error: 2.2318e-08 - 55s/epoch - 877ms/step
Epoch 4/25

Epoch 00004: mean_squared_error improved from 0.00000 to 0.00000, saving model to /gpfswork/rech/ynx/uds36vp/repos/wf-SEDs/projected_learning/wf-outputs/chkp/8_bins/chkp_callback_poly_5_cycles_256_no_proj_d2_4_cycle3
63/63 - 56s - loss: 9.7073e-07 - mean_squared_error: 1.3855e-06 - val_loss: 2.1899e-08 - val_mean_squared_error: 2.1899e-08 - 56s/epoch - 890ms/step
Epoch 5/25

Epoch 00005: mean_squared_error improved from 0.00000 to 0.00000, saving model to /gpfswork/rech/ynx/uds36vp/repos/wf-SEDs/projected_learning/wf-outputs/chkp/8_bins/chkp_callback_poly_5_cycles_256_no_proj_d2_4_cycle3
63/63 - 56s - loss: 9.7043e-07 - mean_squared_error: 1.3852e-06 - val_loss: 2.1336e-08 - val_mean_squared_error: 2.1336e-08 - 56s/epoch - 889ms/step
Epoch 6/25

Epoch 00006: mean_squared_error improved from 0.00000 to 0.00000, saving model to /gpfswork/rech/ynx/uds36vp/repos/wf-SEDs/projected_learning/wf-outputs/chkp/8_bins/chkp_callback_poly_5_cycles_256_no_proj_d2_4_cycle3
63/63 - 56s - loss: 9.7002e-07 - mean_squared_error: 1.3848e-06 - val_loss: 2.1655e-08 - val_mean_squared_error: 2.1655e-08 - 56s/epoch - 888ms/step
Epoch 7/25

Epoch 00007: mean_squared_error improved from 0.00000 to 0.00000, saving model to /gpfswork/rech/ynx/uds36vp/repos/wf-SEDs/projected_learning/wf-outputs/chkp/8_bins/chkp_callback_poly_5_cycles_256_no_proj_d2_4_cycle3
63/63 - 56s - loss: 9.6969e-07 - mean_squared_error: 1.3846e-06 - val_loss: 2.1107e-08 - val_mean_squared_error: 2.1107e-08 - 56s/epoch - 891ms/step
Epoch 8/25

Epoch 00008: mean_squared_error improved from 0.00000 to 0.00000, saving model to /gpfswork/rech/ynx/uds36vp/repos/wf-SEDs/projected_learning/wf-outputs/chkp/8_bins/chkp_callback_poly_5_cycles_256_no_proj_d2_4_cycle3
63/63 - 56s - loss: 9.6949e-07 - mean_squared_error: 1.3844e-06 - val_loss: 2.1255e-08 - val_mean_squared_error: 2.1255e-08 - 56s/epoch - 887ms/step
Epoch 9/25

Epoch 00009: mean_squared_error improved from 0.00000 to 0.00000, saving model to /gpfswork/rech/ynx/uds36vp/repos/wf-SEDs/projected_learning/wf-outputs/chkp/8_bins/chkp_callback_poly_5_cycles_256_no_proj_d2_4_cycle3
63/63 - 56s - loss: 9.6908e-07 - mean_squared_error: 1.3840e-06 - val_loss: 2.0396e-08 - val_mean_squared_error: 2.0396e-08 - 56s/epoch - 883ms/step
Epoch 10/25

Epoch 00010: mean_squared_error improved from 0.00000 to 0.00000, saving model to /gpfswork/rech/ynx/uds36vp/repos/wf-SEDs/projected_learning/wf-outputs/chkp/8_bins/chkp_callback_poly_5_cycles_256_no_proj_d2_4_cycle3
63/63 - 56s - loss: 9.6884e-07 - mean_squared_error: 1.3838e-06 - val_loss: 1.9877e-08 - val_mean_squared_error: 1.9877e-08 - 56s/epoch - 888ms/step
Epoch 11/25

Epoch 00011: mean_squared_error improved from 0.00000 to 0.00000, saving model to /gpfswork/rech/ynx/uds36vp/repos/wf-SEDs/projected_learning/wf-outputs/chkp/8_bins/chkp_callback_poly_5_cycles_256_no_proj_d2_4_cycle3
63/63 - 56s - loss: 9.6850e-07 - mean_squared_error: 1.3834e-06 - val_loss: 1.9576e-08 - val_mean_squared_error: 1.9576e-08 - 56s/epoch - 886ms/step
Epoch 12/25

Epoch 00012: mean_squared_error improved from 0.00000 to 0.00000, saving model to /gpfswork/rech/ynx/uds36vp/repos/wf-SEDs/projected_learning/wf-outputs/chkp/8_bins/chkp_callback_poly_5_cycles_256_no_proj_d2_4_cycle3
63/63 - 56s - loss: 9.6814e-07 - mean_squared_error: 1.3831e-06 - val_loss: 1.9946e-08 - val_mean_squared_error: 1.9946e-08 - 56s/epoch - 886ms/step
Epoch 13/25

Epoch 00013: mean_squared_error improved from 0.00000 to 0.00000, saving model to /gpfswork/rech/ynx/uds36vp/repos/wf-SEDs/projected_learning/wf-outputs/chkp/8_bins/chkp_callback_poly_5_cycles_256_no_proj_d2_4_cycle3
63/63 - 56s - loss: 9.6812e-07 - mean_squared_error: 1.3830e-06 - val_loss: 1.9372e-08 - val_mean_squared_error: 1.9372e-08 - 56s/epoch - 886ms/step
Epoch 14/25

Epoch 00014: mean_squared_error improved from 0.00000 to 0.00000, saving model to /gpfswork/rech/ynx/uds36vp/repos/wf-SEDs/projected_learning/wf-outputs/chkp/8_bins/chkp_callback_poly_5_cycles_256_no_proj_d2_4_cycle3
63/63 - 56s - loss: 9.6763e-07 - mean_squared_error: 1.3825e-06 - val_loss: 1.9024e-08 - val_mean_squared_error: 1.9024e-08 - 56s/epoch - 887ms/step
Epoch 15/25

Epoch 00015: mean_squared_error improved from 0.00000 to 0.00000, saving model to /gpfswork/rech/ynx/uds36vp/repos/wf-SEDs/projected_learning/wf-outputs/chkp/8_bins/chkp_callback_poly_5_cycles_256_no_proj_d2_4_cycle3
63/63 - 56s - loss: 9.6734e-07 - mean_squared_error: 1.3823e-06 - val_loss: 2.0505e-08 - val_mean_squared_error: 2.0505e-08 - 56s/epoch - 888ms/step
Epoch 16/25

Epoch 00016: mean_squared_error did not improve from 0.00000
63/63 - 56s - loss: 9.6804e-07 - mean_squared_error: 1.3827e-06 - val_loss: 1.8761e-08 - val_mean_squared_error: 1.8761e-08 - 56s/epoch - 888ms/step
Epoch 17/25

Epoch 00017: mean_squared_error improved from 0.00000 to 0.00000, saving model to /gpfswork/rech/ynx/uds36vp/repos/wf-SEDs/projected_learning/wf-outputs/chkp/8_bins/chkp_callback_poly_5_cycles_256_no_proj_d2_4_cycle3
63/63 - 56s - loss: 9.6721e-07 - mean_squared_error: 1.3820e-06 - val_loss: 1.8245e-08 - val_mean_squared_error: 1.8245e-08 - 56s/epoch - 886ms/step
Epoch 18/25

Epoch 00018: mean_squared_error did not improve from 0.00000
63/63 - 56s - loss: 9.7059e-07 - mean_squared_error: 1.3844e-06 - val_loss: 1.9639e-08 - val_mean_squared_error: 1.9639e-08 - 56s/epoch - 888ms/step
Epoch 19/25

Epoch 00019: mean_squared_error did not improve from 0.00000
63/63 - 56s - loss: 9.6841e-07 - mean_squared_error: 1.3829e-06 - val_loss: 2.0113e-08 - val_mean_squared_error: 2.0113e-08 - 56s/epoch - 887ms/step
Epoch 20/25

Epoch 00020: mean_squared_error did not improve from 0.00000
63/63 - 56s - loss: 9.6720e-07 - mean_squared_error: 1.3821e-06 - val_loss: 1.8582e-08 - val_mean_squared_error: 1.8582e-08 - 56s/epoch - 886ms/step
Epoch 21/25

Epoch 00021: mean_squared_error improved from 0.00000 to 0.00000, saving model to /gpfswork/rech/ynx/uds36vp/repos/wf-SEDs/projected_learning/wf-outputs/chkp/8_bins/chkp_callback_poly_5_cycles_256_no_proj_d2_4_cycle3
63/63 - 56s - loss: 9.6746e-07 - mean_squared_error: 1.3820e-06 - val_loss: 2.1052e-08 - val_mean_squared_error: 2.1052e-08 - 56s/epoch - 888ms/step
Epoch 22/25

Epoch 00022: mean_squared_error did not improve from 0.00000
63/63 - 56s - loss: 9.6951e-07 - mean_squared_error: 1.3836e-06 - val_loss: 1.9174e-08 - val_mean_squared_error: 1.9174e-08 - 56s/epoch - 886ms/step
Epoch 23/25

Epoch 00023: mean_squared_error did not improve from 0.00000
63/63 - 56s - loss: 9.6841e-07 - mean_squared_error: 1.3827e-06 - val_loss: 1.7274e-08 - val_mean_squared_error: 1.7274e-08 - 56s/epoch - 886ms/step
Epoch 24/25

Epoch 00024: mean_squared_error did not improve from 0.00000
63/63 - 56s - loss: 9.6803e-07 - mean_squared_error: 1.3826e-06 - val_loss: 1.8005e-08 - val_mean_squared_error: 1.8005e-08 - 56s/epoch - 887ms/step
Epoch 25/25

Epoch 00025: mean_squared_error improved from 0.00000 to 0.00000, saving model to /gpfswork/rech/ynx/uds36vp/repos/wf-SEDs/projected_learning/wf-outputs/chkp/8_bins/chkp_callback_poly_5_cycles_256_no_proj_d2_4_cycle3
63/63 - 56s - loss: 9.6583e-07 - mean_squared_error: 1.3808e-06 - val_loss: 2.3518e-08 - val_mean_squared_error: 2.3518e-08 - 56s/epoch - 888ms/step
Cycle3 elapsed time: 1688.8052513599396
Starting cycle 4..
Starting parametric update..
Epoch 1/5

Epoch 00001: mean_squared_error improved from inf to 0.00000, saving model to /gpfswork/rech/ynx/uds36vp/repos/wf-SEDs/projected_learning/wf-outputs/chkp/8_bins/chkp_callback_poly_5_cycles_256_no_proj_d2_4_cycle4
63/63 - 64s - loss: 9.6681e-07 - mean_squared_error: 1.3819e-06 - val_loss: 1.8011e-08 - val_mean_squared_error: 1.8011e-08 - 64s/epoch - 1s/step
Epoch 2/5

Epoch 00002: mean_squared_error did not improve from 0.00000
63/63 - 61s - loss: 9.6918e-07 - mean_squared_error: 1.3838e-06 - val_loss: 2.0833e-08 - val_mean_squared_error: 2.0833e-08 - 61s/epoch - 965ms/step
Epoch 3/5

Epoch 00003: mean_squared_error did not improve from 0.00000
63/63 - 61s - loss: 9.7283e-07 - mean_squared_error: 1.3871e-06 - val_loss: 2.1539e-08 - val_mean_squared_error: 2.1539e-08 - 61s/epoch - 966ms/step
Epoch 4/5

Epoch 00004: mean_squared_error did not improve from 0.00000
63/63 - 61s - loss: 9.7562e-07 - mean_squared_error: 1.3887e-06 - val_loss: 9.3879e-08 - val_mean_squared_error: 9.3879e-08 - 61s/epoch - 967ms/step
Epoch 5/5

Epoch 00005: mean_squared_error did not improve from 0.00000
63/63 - 61s - loss: 1.0130e-06 - mean_squared_error: 1.4186e-06 - val_loss: 3.6499e-08 - val_mean_squared_error: 3.6499e-08 - 61s/epoch - 965ms/step
Starting non-parametric update..
Epoch 1/25

Epoch 00001: mean_squared_error did not improve from 0.00000
63/63 - 59s - loss: 9.6818e-07 - mean_squared_error: 1.3832e-06 - val_loss: 1.5956e-08 - val_mean_squared_error: 1.5956e-08 - 59s/epoch - 938ms/step
Epoch 2/25

Epoch 00002: mean_squared_error improved from 0.00000 to 0.00000, saving model to /gpfswork/rech/ynx/uds36vp/repos/wf-SEDs/projected_learning/wf-outputs/chkp/8_bins/chkp_callback_poly_5_cycles_256_no_proj_d2_4_cycle4
63/63 - 56s - loss: 9.6306e-07 - mean_squared_error: 1.3787e-06 - val_loss: 1.5506e-08 - val_mean_squared_error: 1.5506e-08 - 56s/epoch - 891ms/step
Epoch 3/25

Epoch 00003: mean_squared_error improved from 0.00000 to 0.00000, saving model to /gpfswork/rech/ynx/uds36vp/repos/wf-SEDs/projected_learning/wf-outputs/chkp/8_bins/chkp_callback_poly_5_cycles_256_no_proj_d2_4_cycle4
63/63 - 56s - loss: 9.6296e-07 - mean_squared_error: 1.3786e-06 - val_loss: 1.5377e-08 - val_mean_squared_error: 1.5377e-08 - 56s/epoch - 892ms/step
Epoch 4/25

Epoch 00004: mean_squared_error improved from 0.00000 to 0.00000, saving model to /gpfswork/rech/ynx/uds36vp/repos/wf-SEDs/projected_learning/wf-outputs/chkp/8_bins/chkp_callback_poly_5_cycles_256_no_proj_d2_4_cycle4
63/63 - 56s - loss: 9.6288e-07 - mean_squared_error: 1.3785e-06 - val_loss: 1.5342e-08 - val_mean_squared_error: 1.5342e-08 - 56s/epoch - 891ms/step
Epoch 5/25

Epoch 00005: mean_squared_error improved from 0.00000 to 0.00000, saving model to /gpfswork/rech/ynx/uds36vp/repos/wf-SEDs/projected_learning/wf-outputs/chkp/8_bins/chkp_callback_poly_5_cycles_256_no_proj_d2_4_cycle4
63/63 - 56s - loss: 9.6270e-07 - mean_squared_error: 1.3783e-06 - val_loss: 1.5264e-08 - val_mean_squared_error: 1.5264e-08 - 56s/epoch - 893ms/step
Epoch 6/25

Epoch 00006: mean_squared_error did not improve from 0.00000
63/63 - 56s - loss: 9.6280e-07 - mean_squared_error: 1.3784e-06 - val_loss: 1.5413e-08 - val_mean_squared_error: 1.5413e-08 - 56s/epoch - 881ms/step
Epoch 7/25

Epoch 00007: mean_squared_error improved from 0.00000 to 0.00000, saving model to /gpfswork/rech/ynx/uds36vp/repos/wf-SEDs/projected_learning/wf-outputs/chkp/8_bins/chkp_callback_poly_5_cycles_256_no_proj_d2_4_cycle4
63/63 - 56s - loss: 9.6258e-07 - mean_squared_error: 1.3782e-06 - val_loss: 1.4973e-08 - val_mean_squared_error: 1.4973e-08 - 56s/epoch - 888ms/step
Epoch 8/25

Epoch 00008: mean_squared_error improved from 0.00000 to 0.00000, saving model to /gpfswork/rech/ynx/uds36vp/repos/wf-SEDs/projected_learning/wf-outputs/chkp/8_bins/chkp_callback_poly_5_cycles_256_no_proj_d2_4_cycle4
63/63 - 56s - loss: 9.6259e-07 - mean_squared_error: 1.3782e-06 - val_loss: 1.5012e-08 - val_mean_squared_error: 1.5012e-08 - 56s/epoch - 890ms/step
Epoch 9/25

Epoch 00009: mean_squared_error improved from 0.00000 to 0.00000, saving model to /gpfswork/rech/ynx/uds36vp/repos/wf-SEDs/projected_learning/wf-outputs/chkp/8_bins/chkp_callback_poly_5_cycles_256_no_proj_d2_4_cycle4
63/63 - 56s - loss: 9.6256e-07 - mean_squared_error: 1.3781e-06 - val_loss: 1.4933e-08 - val_mean_squared_error: 1.4933e-08 - 56s/epoch - 891ms/step
Epoch 10/25

Epoch 00010: mean_squared_error improved from 0.00000 to 0.00000, saving model to /gpfswork/rech/ynx/uds36vp/repos/wf-SEDs/projected_learning/wf-outputs/chkp/8_bins/chkp_callback_poly_5_cycles_256_no_proj_d2_4_cycle4
63/63 - 56s - loss: 9.6245e-07 - mean_squared_error: 1.3780e-06 - val_loss: 1.5034e-08 - val_mean_squared_error: 1.5034e-08 - 56s/epoch - 887ms/step
Epoch 11/25

Epoch 00011: mean_squared_error did not improve from 0.00000
63/63 - 56s - loss: 9.6365e-07 - mean_squared_error: 1.3789e-06 - val_loss: 1.4768e-08 - val_mean_squared_error: 1.4768e-08 - 56s/epoch - 883ms/step
Epoch 12/25

Epoch 00012: mean_squared_error improved from 0.00000 to 0.00000, saving model to /gpfswork/rech/ynx/uds36vp/repos/wf-SEDs/projected_learning/wf-outputs/chkp/8_bins/chkp_callback_poly_5_cycles_256_no_proj_d2_4_cycle4
63/63 - 55s - loss: 9.6225e-07 - mean_squared_error: 1.3779e-06 - val_loss: 1.4661e-08 - val_mean_squared_error: 1.4661e-08 - 55s/epoch - 881ms/step
Epoch 13/25

Epoch 00013: mean_squared_error improved from 0.00000 to 0.00000, saving model to /gpfswork/rech/ynx/uds36vp/repos/wf-SEDs/projected_learning/wf-outputs/chkp/8_bins/chkp_callback_poly_5_cycles_256_no_proj_d2_4_cycle4
63/63 - 56s - loss: 9.6230e-07 - mean_squared_error: 1.3778e-06 - val_loss: 1.4676e-08 - val_mean_squared_error: 1.4676e-08 - 56s/epoch - 883ms/step
Epoch 14/25

Epoch 00014: mean_squared_error improved from 0.00000 to 0.00000, saving model to /gpfswork/rech/ynx/uds36vp/repos/wf-SEDs/projected_learning/wf-outputs/chkp/8_bins/chkp_callback_poly_5_cycles_256_no_proj_d2_4_cycle4
63/63 - 56s - loss: 9.6186e-07 - mean_squared_error: 1.3775e-06 - val_loss: 1.4444e-08 - val_mean_squared_error: 1.4444e-08 - 56s/epoch - 883ms/step
Epoch 15/25

Epoch 00015: mean_squared_error improved from 0.00000 to 0.00000, saving model to /gpfswork/rech/ynx/uds36vp/repos/wf-SEDs/projected_learning/wf-outputs/chkp/8_bins/chkp_callback_poly_5_cycles_256_no_proj_d2_4_cycle4
63/63 - 56s - loss: 9.6182e-07 - mean_squared_error: 1.3774e-06 - val_loss: 1.4811e-08 - val_mean_squared_error: 1.4811e-08 - 56s/epoch - 894ms/step
Epoch 16/25

Epoch 00016: mean_squared_error did not improve from 0.00000
63/63 - 57s - loss: 9.6190e-07 - mean_squared_error: 1.3775e-06 - val_loss: 1.4221e-08 - val_mean_squared_error: 1.4221e-08 - 57s/epoch - 898ms/step
Epoch 17/25

Epoch 00017: mean_squared_error improved from 0.00000 to 0.00000, saving model to /gpfswork/rech/ynx/uds36vp/repos/wf-SEDs/projected_learning/wf-outputs/chkp/8_bins/chkp_callback_poly_5_cycles_256_no_proj_d2_4_cycle4
63/63 - 56s - loss: 9.6181e-07 - mean_squared_error: 1.3773e-06 - val_loss: 1.3932e-08 - val_mean_squared_error: 1.3932e-08 - 56s/epoch - 894ms/step
Epoch 18/25

Epoch 00018: mean_squared_error did not improve from 0.00000
63/63 - 56s - loss: 9.6220e-07 - mean_squared_error: 1.3775e-06 - val_loss: 1.4817e-08 - val_mean_squared_error: 1.4817e-08 - 56s/epoch - 893ms/step
Epoch 19/25

Epoch 00019: mean_squared_error did not improve from 0.00000
63/63 - 56s - loss: 9.6225e-07 - mean_squared_error: 1.3776e-06 - val_loss: 1.4307e-08 - val_mean_squared_error: 1.4307e-08 - 56s/epoch - 893ms/step
Epoch 20/25

Epoch 00020: mean_squared_error improved from 0.00000 to 0.00000, saving model to /gpfswork/rech/ynx/uds36vp/repos/wf-SEDs/projected_learning/wf-outputs/chkp/8_bins/chkp_callback_poly_5_cycles_256_no_proj_d2_4_cycle4
63/63 - 56s - loss: 9.6178e-07 - mean_squared_error: 1.3773e-06 - val_loss: 1.7156e-08 - val_mean_squared_error: 1.7156e-08 - 56s/epoch - 894ms/step
Epoch 21/25

Epoch 00021: mean_squared_error did not improve from 0.00000
63/63 - 56s - loss: 9.6221e-07 - mean_squared_error: 1.3775e-06 - val_loss: 1.4087e-08 - val_mean_squared_error: 1.4087e-08 - 56s/epoch - 892ms/step
Epoch 22/25

Epoch 00022: mean_squared_error did not improve from 0.00000
63/63 - 56s - loss: 9.6212e-07 - mean_squared_error: 1.3775e-06 - val_loss: 1.4538e-08 - val_mean_squared_error: 1.4538e-08 - 56s/epoch - 891ms/step
Epoch 23/25

Epoch 00023: mean_squared_error did not improve from 0.00000
63/63 - 56s - loss: 9.6316e-07 - mean_squared_error: 1.3784e-06 - val_loss: 1.7546e-08 - val_mean_squared_error: 1.7546e-08 - 56s/epoch - 891ms/step
Epoch 24/25

Epoch 00024: mean_squared_error did not improve from 0.00000
63/63 - 56s - loss: 9.6227e-07 - mean_squared_error: 1.3776e-06 - val_loss: 1.3352e-08 - val_mean_squared_error: 1.3352e-08 - 56s/epoch - 890ms/step
Epoch 25/25

Epoch 00025: mean_squared_error improved from 0.00000 to 0.00000, saving model to /gpfswork/rech/ynx/uds36vp/repos/wf-SEDs/projected_learning/wf-outputs/chkp/8_bins/chkp_callback_poly_5_cycles_256_no_proj_d2_4_cycle4
63/63 - 56s - loss: 9.6142e-07 - mean_squared_error: 1.3768e-06 - val_loss: 1.6345e-08 - val_mean_squared_error: 1.6345e-08 - 56s/epoch - 891ms/step
Cycle4 elapsed time: 1716.8754131793976
Starting cycle 5..
Starting parametric update..
Epoch 1/15

Epoch 00001: mean_squared_error improved from inf to 0.00000, saving model to /gpfswork/rech/ynx/uds36vp/repos/wf-SEDs/projected_learning/wf-outputs/chkp/8_bins/chkp_callback_poly_5_cycles_256_no_proj_d2_4_cycle5
63/63 - 59s - loss: 9.6211e-07 - mean_squared_error: 1.3774e-06 - val_loss: 1.4334e-08 - val_mean_squared_error: 1.4334e-08 - 59s/epoch - 937ms/step
Epoch 2/15

Epoch 00002: mean_squared_error did not improve from 0.00000
63/63 - 56s - loss: 9.6292e-07 - mean_squared_error: 1.3783e-06 - val_loss: 1.8337e-08 - val_mean_squared_error: 1.8337e-08 - 56s/epoch - 893ms/step
Epoch 3/15

Epoch 00003: mean_squared_error did not improve from 0.00000
63/63 - 56s - loss: 9.6695e-07 - mean_squared_error: 1.3817e-06 - val_loss: 1.7800e-08 - val_mean_squared_error: 1.7800e-08 - 56s/epoch - 890ms/step
Epoch 4/15

Epoch 00004: mean_squared_error did not improve from 0.00000
63/63 - 56s - loss: 9.6455e-07 - mean_squared_error: 1.3795e-06 - val_loss: 1.6613e-08 - val_mean_squared_error: 1.6613e-08 - 56s/epoch - 893ms/step
Epoch 5/15

Epoch 00005: mean_squared_error did not improve from 0.00000
63/63 - 56s - loss: 9.7315e-07 - mean_squared_error: 1.3873e-06 - val_loss: 2.2022e-08 - val_mean_squared_error: 2.2022e-08 - 56s/epoch - 891ms/step
Epoch 6/15

Epoch 00006: mean_squared_error did not improve from 0.00000
63/63 - 56s - loss: 9.7238e-07 - mean_squared_error: 1.3856e-06 - val_loss: 4.5425e-08 - val_mean_squared_error: 4.5425e-08 - 56s/epoch - 891ms/step
Epoch 7/15

Epoch 00007: mean_squared_error did not improve from 0.00000
63/63 - 56s - loss: 9.8832e-07 - mean_squared_error: 1.3991e-06 - val_loss: 3.1502e-08 - val_mean_squared_error: 3.1502e-08 - 56s/epoch - 891ms/step
Epoch 8/15

Epoch 00008: mean_squared_error did not improve from 0.00000
63/63 - 56s - loss: 9.7103e-07 - mean_squared_error: 1.3854e-06 - val_loss: 1.6717e-08 - val_mean_squared_error: 1.6717e-08 - 56s/epoch - 892ms/step
Epoch 9/15

Epoch 00009: mean_squared_error did not improve from 0.00000
63/63 - 56s - loss: 9.6654e-07 - mean_squared_error: 1.3813e-06 - val_loss: 2.4259e-08 - val_mean_squared_error: 2.4259e-08 - 56s/epoch - 893ms/step
Epoch 10/15

Epoch 00010: mean_squared_error did not improve from 0.00000
63/63 - 56s - loss: 9.7490e-07 - mean_squared_error: 1.3882e-06 - val_loss: 2.2685e-08 - val_mean_squared_error: 2.2685e-08 - 56s/epoch - 893ms/step
Epoch 11/15

Epoch 00011: mean_squared_error did not improve from 0.00000
63/63 - 56s - loss: 9.7041e-07 - mean_squared_error: 1.3847e-06 - val_loss: 2.4252e-08 - val_mean_squared_error: 2.4252e-08 - 56s/epoch - 889ms/step
Epoch 12/15

Epoch 00012: mean_squared_error did not improve from 0.00000
63/63 - 56s - loss: 9.7285e-07 - mean_squared_error: 1.3866e-06 - val_loss: 2.3795e-08 - val_mean_squared_error: 2.3795e-08 - 56s/epoch - 886ms/step
Epoch 13/15

Epoch 00013: mean_squared_error did not improve from 0.00000
63/63 - 56s - loss: 9.8302e-07 - mean_squared_error: 1.3944e-06 - val_loss: 6.7163e-08 - val_mean_squared_error: 6.7163e-08 - 56s/epoch - 885ms/step
Epoch 14/15

Epoch 00014: mean_squared_error did not improve from 0.00000
63/63 - 56s - loss: 1.0121e-06 - mean_squared_error: 1.4190e-06 - val_loss: 2.4311e-08 - val_mean_squared_error: 2.4311e-08 - 56s/epoch - 885ms/step
Epoch 15/15

Epoch 00015: mean_squared_error did not improve from 0.00000
63/63 - 56s - loss: 9.7288e-07 - mean_squared_error: 1.3867e-06 - val_loss: 2.6237e-08 - val_mean_squared_error: 2.6237e-08 - 56s/epoch - 882ms/step
Starting non-parametric update..
Epoch 1/50

Epoch 00001: mean_squared_error did not improve from 0.00000
63/63 - 58s - loss: 9.6322e-07 - mean_squared_error: 1.3787e-06 - val_loss: 1.2978e-08 - val_mean_squared_error: 1.2978e-08 - 58s/epoch - 917ms/step
Epoch 2/50

Epoch 00002: mean_squared_error improved from 0.00000 to 0.00000, saving model to /gpfswork/rech/ynx/uds36vp/repos/wf-SEDs/projected_learning/wf-outputs/chkp/8_bins/chkp_callback_poly_5_cycles_256_no_proj_d2_4_cycle5
63/63 - 56s - loss: 9.5930e-07 - mean_squared_error: 1.3753e-06 - val_loss: 1.2610e-08 - val_mean_squared_error: 1.2610e-08 - 56s/epoch - 890ms/step
Epoch 3/50

Epoch 00003: mean_squared_error improved from 0.00000 to 0.00000, saving model to /gpfswork/rech/ynx/uds36vp/repos/wf-SEDs/projected_learning/wf-outputs/chkp/8_bins/chkp_callback_poly_5_cycles_256_no_proj_d2_4_cycle5
63/63 - 56s - loss: 9.5920e-07 - mean_squared_error: 1.3752e-06 - val_loss: 1.2504e-08 - val_mean_squared_error: 1.2504e-08 - 56s/epoch - 888ms/step
Epoch 4/50

Epoch 00004: mean_squared_error improved from 0.00000 to 0.00000, saving model to /gpfswork/rech/ynx/uds36vp/repos/wf-SEDs/projected_learning/wf-outputs/chkp/8_bins/chkp_callback_poly_5_cycles_256_no_proj_d2_4_cycle5
63/63 - 56s - loss: 9.5923e-07 - mean_squared_error: 1.3752e-06 - val_loss: 1.2454e-08 - val_mean_squared_error: 1.2454e-08 - 56s/epoch - 886ms/step
Epoch 5/50

Epoch 00005: mean_squared_error improved from 0.00000 to 0.00000, saving model to /gpfswork/rech/ynx/uds36vp/repos/wf-SEDs/projected_learning/wf-outputs/chkp/8_bins/chkp_callback_poly_5_cycles_256_no_proj_d2_4_cycle5
63/63 - 56s - loss: 9.5914e-07 - mean_squared_error: 1.3752e-06 - val_loss: 1.2491e-08 - val_mean_squared_error: 1.2491e-08 - 56s/epoch - 890ms/step
Epoch 6/50

Epoch 00006: mean_squared_error improved from 0.00000 to 0.00000, saving model to /gpfswork/rech/ynx/uds36vp/repos/wf-SEDs/projected_learning/wf-outputs/chkp/8_bins/chkp_callback_poly_5_cycles_256_no_proj_d2_4_cycle5
63/63 - 56s - loss: 9.5916e-07 - mean_squared_error: 1.3752e-06 - val_loss: 1.2511e-08 - val_mean_squared_error: 1.2511e-08 - 56s/epoch - 888ms/step
Epoch 7/50

Epoch 00007: mean_squared_error improved from 0.00000 to 0.00000, saving model to /gpfswork/rech/ynx/uds36vp/repos/wf-SEDs/projected_learning/wf-outputs/chkp/8_bins/chkp_callback_poly_5_cycles_256_no_proj_d2_4_cycle5
63/63 - 56s - loss: 9.5908e-07 - mean_squared_error: 1.3751e-06 - val_loss: 1.2366e-08 - val_mean_squared_error: 1.2366e-08 - 56s/epoch - 887ms/step
Epoch 8/50

Epoch 00008: mean_squared_error improved from 0.00000 to 0.00000, saving model to /gpfswork/rech/ynx/uds36vp/repos/wf-SEDs/projected_learning/wf-outputs/chkp/8_bins/chkp_callback_poly_5_cycles_256_no_proj_d2_4_cycle5
63/63 - 56s - loss: 9.5912e-07 - mean_squared_error: 1.3751e-06 - val_loss: 1.2360e-08 - val_mean_squared_error: 1.2360e-08 - 56s/epoch - 888ms/step
Epoch 9/50

Epoch 00009: mean_squared_error improved from 0.00000 to 0.00000, saving model to /gpfswork/rech/ynx/uds36vp/repos/wf-SEDs/projected_learning/wf-outputs/chkp/8_bins/chkp_callback_poly_5_cycles_256_no_proj_d2_4_cycle5
63/63 - 56s - loss: 9.5905e-07 - mean_squared_error: 1.3750e-06 - val_loss: 1.2505e-08 - val_mean_squared_error: 1.2505e-08 - 56s/epoch - 886ms/step
Epoch 10/50

Epoch 00010: mean_squared_error improved from 0.00000 to 0.00000, saving model to /gpfswork/rech/ynx/uds36vp/repos/wf-SEDs/projected_learning/wf-outputs/chkp/8_bins/chkp_callback_poly_5_cycles_256_no_proj_d2_4_cycle5
63/63 - 56s - loss: 9.5916e-07 - mean_squared_error: 1.3750e-06 - val_loss: 1.2171e-08 - val_mean_squared_error: 1.2171e-08 - 56s/epoch - 887ms/step
Epoch 11/50

Epoch 00011: mean_squared_error improved from 0.00000 to 0.00000, saving model to /gpfswork/rech/ynx/uds36vp/repos/wf-SEDs/projected_learning/wf-outputs/chkp/8_bins/chkp_callback_poly_5_cycles_256_no_proj_d2_4_cycle5
63/63 - 56s - loss: 9.5885e-07 - mean_squared_error: 1.3749e-06 - val_loss: 1.2123e-08 - val_mean_squared_error: 1.2123e-08 - 56s/epoch - 885ms/step
Epoch 12/50

Epoch 00012: mean_squared_error improved from 0.00000 to 0.00000, saving model to /gpfswork/rech/ynx/uds36vp/repos/wf-SEDs/projected_learning/wf-outputs/chkp/8_bins/chkp_callback_poly_5_cycles_256_no_proj_d2_4_cycle5
63/63 - 56s - loss: 9.5896e-07 - mean_squared_error: 1.3749e-06 - val_loss: 1.2350e-08 - val_mean_squared_error: 1.2350e-08 - 56s/epoch - 885ms/step
Epoch 13/50

Epoch 00013: mean_squared_error did not improve from 0.00000
63/63 - 56s - loss: 9.5951e-07 - mean_squared_error: 1.3753e-06 - val_loss: 1.2322e-08 - val_mean_squared_error: 1.2322e-08 - 56s/epoch - 884ms/step
Epoch 14/50

Epoch 00014: mean_squared_error did not improve from 0.00000
63/63 - 56s - loss: 9.5906e-07 - mean_squared_error: 1.3749e-06 - val_loss: 1.2126e-08 - val_mean_squared_error: 1.2126e-08 - 56s/epoch - 886ms/step
Epoch 15/50

Epoch 00015: mean_squared_error did not improve from 0.00000
63/63 - 56s - loss: 9.5908e-07 - mean_squared_error: 1.3749e-06 - val_loss: 1.2145e-08 - val_mean_squared_error: 1.2145e-08 - 56s/epoch - 883ms/step
Epoch 16/50

Epoch 00016: mean_squared_error improved from 0.00000 to 0.00000, saving model to /gpfswork/rech/ynx/uds36vp/repos/wf-SEDs/projected_learning/wf-outputs/chkp/8_bins/chkp_callback_poly_5_cycles_256_no_proj_d2_4_cycle5
63/63 - 56s - loss: 9.5891e-07 - mean_squared_error: 1.3748e-06 - val_loss: 1.2068e-08 - val_mean_squared_error: 1.2068e-08 - 56s/epoch - 884ms/step
Epoch 17/50

Epoch 00017: mean_squared_error improved from 0.00000 to 0.00000, saving model to /gpfswork/rech/ynx/uds36vp/repos/wf-SEDs/projected_learning/wf-outputs/chkp/8_bins/chkp_callback_poly_5_cycles_256_no_proj_d2_4_cycle5
63/63 - 56s - loss: 9.5899e-07 - mean_squared_error: 1.3748e-06 - val_loss: 1.1952e-08 - val_mean_squared_error: 1.1952e-08 - 56s/epoch - 887ms/step
Epoch 18/50

Epoch 00018: mean_squared_error did not improve from 0.00000
63/63 - 56s - loss: 9.5924e-07 - mean_squared_error: 1.3750e-06 - val_loss: 1.2433e-08 - val_mean_squared_error: 1.2433e-08 - 56s/epoch - 882ms/step
Epoch 19/50

Epoch 00019: mean_squared_error did not improve from 0.00000
63/63 - 56s - loss: 9.5934e-07 - mean_squared_error: 1.3750e-06 - val_loss: 1.2049e-08 - val_mean_squared_error: 1.2049e-08 - 56s/epoch - 885ms/step
Epoch 20/50

Epoch 00020: mean_squared_error improved from 0.00000 to 0.00000, saving model to /gpfswork/rech/ynx/uds36vp/repos/wf-SEDs/projected_learning/wf-outputs/chkp/8_bins/chkp_callback_poly_5_cycles_256_no_proj_d2_4_cycle5
63/63 - 56s - loss: 9.5875e-07 - mean_squared_error: 1.3745e-06 - val_loss: 1.2392e-08 - val_mean_squared_error: 1.2392e-08 - 56s/epoch - 881ms/step
Epoch 21/50

Epoch 00021: mean_squared_error did not improve from 0.00000
63/63 - 56s - loss: 9.5963e-07 - mean_squared_error: 1.3752e-06 - val_loss: 1.2579e-08 - val_mean_squared_error: 1.2579e-08 - 56s/epoch - 885ms/step
Epoch 22/50

Epoch 00022: mean_squared_error did not improve from 0.00000
63/63 - 56s - loss: 9.5922e-07 - mean_squared_error: 1.3749e-06 - val_loss: 1.1912e-08 - val_mean_squared_error: 1.1912e-08 - 56s/epoch - 884ms/step
Epoch 23/50

Epoch 00023: mean_squared_error did not improve from 0.00000
63/63 - 56s - loss: 9.5877e-07 - mean_squared_error: 1.3746e-06 - val_loss: 1.2513e-08 - val_mean_squared_error: 1.2513e-08 - 56s/epoch - 885ms/step
Epoch 24/50

Epoch 00024: mean_squared_error did not improve from 0.00000
63/63 - 56s - loss: 9.5928e-07 - mean_squared_error: 1.3748e-06 - val_loss: 1.1885e-08 - val_mean_squared_error: 1.1885e-08 - 56s/epoch - 884ms/step
Epoch 25/50

Epoch 00025: mean_squared_error did not improve from 0.00000
63/63 - 56s - loss: 9.5872e-07 - mean_squared_error: 1.3746e-06 - val_loss: 1.1865e-08 - val_mean_squared_error: 1.1865e-08 - 56s/epoch - 882ms/step
Epoch 26/50

Epoch 00026: mean_squared_error improved from 0.00000 to 0.00000, saving model to /gpfswork/rech/ynx/uds36vp/repos/wf-SEDs/projected_learning/wf-outputs/chkp/8_bins/chkp_callback_poly_5_cycles_256_no_proj_d2_4_cycle5
63/63 - 56s - loss: 9.5877e-07 - mean_squared_error: 1.3745e-06 - val_loss: 1.1322e-08 - val_mean_squared_error: 1.1322e-08 - 56s/epoch - 885ms/step
Epoch 27/50

Epoch 00027: mean_squared_error did not improve from 0.00000
63/63 - 56s - loss: 9.5975e-07 - mean_squared_error: 1.3751e-06 - val_loss: 1.2846e-08 - val_mean_squared_error: 1.2846e-08 - 56s/epoch - 882ms/step
Epoch 28/50

Epoch 00028: mean_squared_error did not improve from 0.00000
63/63 - 56s - loss: 9.6001e-07 - mean_squared_error: 1.3754e-06 - val_loss: 1.1519e-08 - val_mean_squared_error: 1.1519e-08 - 56s/epoch - 882ms/step
Epoch 29/50

Epoch 00029: mean_squared_error improved from 0.00000 to 0.00000, saving model to /gpfswork/rech/ynx/uds36vp/repos/wf-SEDs/projected_learning/wf-outputs/chkp/8_bins/chkp_callback_poly_5_cycles_256_no_proj_d2_4_cycle5
63/63 - 56s - loss: 9.5883e-07 - mean_squared_error: 1.3744e-06 - val_loss: 1.1333e-08 - val_mean_squared_error: 1.1333e-08 - 56s/epoch - 883ms/step
Epoch 30/50

Epoch 00030: mean_squared_error did not improve from 0.00000
63/63 - 56s - loss: 9.5945e-07 - mean_squared_error: 1.3750e-06 - val_loss: 1.2183e-08 - val_mean_squared_error: 1.2183e-08 - 56s/epoch - 882ms/step
Epoch 31/50

Epoch 00031: mean_squared_error did not improve from 0.00000
63/63 - 56s - loss: 9.5977e-07 - mean_squared_error: 1.3751e-06 - val_loss: 1.2077e-08 - val_mean_squared_error: 1.2077e-08 - 56s/epoch - 882ms/step
Epoch 32/50

Epoch 00032: mean_squared_error did not improve from 0.00000
63/63 - 56s - loss: 9.5871e-07 - mean_squared_error: 1.3744e-06 - val_loss: 1.3451e-08 - val_mean_squared_error: 1.3451e-08 - 56s/epoch - 883ms/step
Epoch 33/50

Epoch 00033: mean_squared_error did not improve from 0.00000
63/63 - 56s - loss: 9.5910e-07 - mean_squared_error: 1.3747e-06 - val_loss: 1.1162e-08 - val_mean_squared_error: 1.1162e-08 - 56s/epoch - 882ms/step
Epoch 34/50

Epoch 00034: mean_squared_error did not improve from 0.00000
63/63 - 56s - loss: 9.5907e-07 - mean_squared_error: 1.3747e-06 - val_loss: 1.1857e-08 - val_mean_squared_error: 1.1857e-08 - 56s/epoch - 884ms/step
Epoch 35/50

Epoch 00035: mean_squared_error improved from 0.00000 to 0.00000, saving model to /gpfswork/rech/ynx/uds36vp/repos/wf-SEDs/projected_learning/wf-outputs/chkp/8_bins/chkp_callback_poly_5_cycles_256_no_proj_d2_4_cycle5
63/63 - 56s - loss: 9.5817e-07 - mean_squared_error: 1.3739e-06 - val_loss: 1.0713e-08 - val_mean_squared_error: 1.0713e-08 - 56s/epoch - 883ms/step
Epoch 36/50

Epoch 00036: mean_squared_error improved from 0.00000 to 0.00000, saving model to /gpfswork/rech/ynx/uds36vp/repos/wf-SEDs/projected_learning/wf-outputs/chkp/8_bins/chkp_callback_poly_5_cycles_256_no_proj_d2_4_cycle5
63/63 - 56s - loss: 9.5725e-07 - mean_squared_error: 1.3733e-06 - val_loss: 1.0850e-08 - val_mean_squared_error: 1.0850e-08 - 56s/epoch - 883ms/step
Epoch 37/50

Epoch 00037: mean_squared_error did not improve from 0.00000
63/63 - 56s - loss: 9.5869e-07 - mean_squared_error: 1.3744e-06 - val_loss: 1.1607e-08 - val_mean_squared_error: 1.1607e-08 - 56s/epoch - 883ms/step
Epoch 38/50

Epoch 00038: mean_squared_error did not improve from 0.00000
63/63 - 56s - loss: 9.5881e-07 - mean_squared_error: 1.3744e-06 - val_loss: 1.1822e-08 - val_mean_squared_error: 1.1822e-08 - 56s/epoch - 885ms/step
Epoch 39/50

Epoch 00039: mean_squared_error did not improve from 0.00000
63/63 - 56s - loss: 9.5940e-07 - mean_squared_error: 1.3747e-06 - val_loss: 1.5206e-08 - val_mean_squared_error: 1.5206e-08 - 56s/epoch - 884ms/step
Epoch 40/50

Epoch 00040: mean_squared_error did not improve from 0.00000
63/63 - 56s - loss: 1.0019e-06 - mean_squared_error: 1.4039e-06 - val_loss: 6.0510e-08 - val_mean_squared_error: 6.0510e-08 - 56s/epoch - 883ms/step
Epoch 41/50

Epoch 00041: mean_squared_error did not improve from 0.00000
63/63 - 56s - loss: 9.7125e-07 - mean_squared_error: 1.3848e-06 - val_loss: 1.3568e-08 - val_mean_squared_error: 1.3568e-08 - 56s/epoch - 883ms/step
Epoch 42/50

Epoch 00042: mean_squared_error did not improve from 0.00000
63/63 - 56s - loss: 9.5902e-07 - mean_squared_error: 1.3745e-06 - val_loss: 1.1936e-08 - val_mean_squared_error: 1.1936e-08 - 56s/epoch - 883ms/step
Epoch 43/50

Epoch 00043: mean_squared_error did not improve from 0.00000
63/63 - 56s - loss: 9.5828e-07 - mean_squared_error: 1.3739e-06 - val_loss: 1.3377e-08 - val_mean_squared_error: 1.3377e-08 - 56s/epoch - 882ms/step
Epoch 44/50

Epoch 00044: mean_squared_error did not improve from 0.00000
63/63 - 56s - loss: 9.5834e-07 - mean_squared_error: 1.3740e-06 - val_loss: 1.0854e-08 - val_mean_squared_error: 1.0854e-08 - 56s/epoch - 883ms/step
Epoch 45/50

Epoch 00045: mean_squared_error did not improve from 0.00000
63/63 - 56s - loss: 9.5766e-07 - mean_squared_error: 1.3734e-06 - val_loss: 1.1885e-08 - val_mean_squared_error: 1.1885e-08 - 56s/epoch - 884ms/step
Epoch 46/50

Epoch 00046: mean_squared_error improved from 0.00000 to 0.00000, saving model to /gpfswork/rech/ynx/uds36vp/repos/wf-SEDs/projected_learning/wf-outputs/chkp/8_bins/chkp_callback_poly_5_cycles_256_no_proj_d2_4_cycle5
63/63 - 56s - loss: 9.5731e-07 - mean_squared_error: 1.3733e-06 - val_loss: 1.0513e-08 - val_mean_squared_error: 1.0513e-08 - 56s/epoch - 885ms/step
Epoch 47/50

Epoch 00047: mean_squared_error improved from 0.00000 to 0.00000, saving model to /gpfswork/rech/ynx/uds36vp/repos/wf-SEDs/projected_learning/wf-outputs/chkp/8_bins/chkp_callback_poly_5_cycles_256_no_proj_d2_4_cycle5
63/63 - 56s - loss: 9.5692e-07 - mean_squared_error: 1.3730e-06 - val_loss: 1.1006e-08 - val_mean_squared_error: 1.1006e-08 - 56s/epoch - 885ms/step
Epoch 48/50

Epoch 00048: mean_squared_error improved from 0.00000 to 0.00000, saving model to /gpfswork/rech/ynx/uds36vp/repos/wf-SEDs/projected_learning/wf-outputs/chkp/8_bins/chkp_callback_poly_5_cycles_256_no_proj_d2_4_cycle5
63/63 - 56s - loss: 9.5690e-07 - mean_squared_error: 1.3729e-06 - val_loss: 1.1673e-08 - val_mean_squared_error: 1.1673e-08 - 56s/epoch - 884ms/step
Epoch 49/50

Epoch 00049: mean_squared_error did not improve from 0.00000
63/63 - 56s - loss: 9.5781e-07 - mean_squared_error: 1.3736e-06 - val_loss: 1.0902e-08 - val_mean_squared_error: 1.0902e-08 - 56s/epoch - 883ms/step
Epoch 50/50

Epoch 00050: mean_squared_error did not improve from 0.00000
63/63 - 56s - loss: 9.5701e-07 - mean_squared_error: 1.3729e-06 - val_loss: 1.1691e-08 - val_mean_squared_error: 1.1691e-08 - 56s/epoch - 881ms/step
Cycle5 elapsed time: 3636.892011165619

Total elapsed time: 10715.839236

 Good bye..
