Starting the log file.
Found GPU at: /device:GPU:0
tf_version: 2.7.0
Dataset parameters:
{'d_max': 2, 'max_order': 45, 'x_lims': [0, 1000.0], 'y_lims': [0, 1000.0], 'grid_points': [4, 4], 'n_bins': 350, 'max_wfe_rms': 0.1, 'oversampling_rate': 3.0, 'output_Q': 3.0, 'output_dim': 32, 'LP_filter_length': 2, 'pupil_diameter': 256, 'euclid_obsc': True, 'n_stars': 2000}

***
Metric evaluation on the test dataset
***

Absolute RMSE:	 1.5730e-04 	 +/- 2.5942e-05
Relative RMSE:	 2.1225e+00 % 	 +/- 4.9965e-01 %
Absolute RMSE:	 1.5029e-01 	 +/- 3.0580e-02
Relative RMSE:	 1.9107e+02 % 	 +/- 1.9813e+01 %

Pixel star absolute RMSE:	 7.6590e-05 	 +/- 2.2493e-05 
Pixel star relative RMSE:	 5.1338e+00 % 	 +/- 1.9989e+00 %

sigma(e1) RMSE =		 1.5480e-02 	 +/- 1.5028e-02 
sigma(e2) RMSE =		 5.7514e-03 	 +/- 5.7311e-03 
sigma(R2)/<R2> =		 3.0401e-02 	 +/- 2.1767e-02 

Relative sigma(e1) RMSE =	 6.9572e+02 % 	 +/- 6.9427e+02 %
Relative sigma(e2) RMSE =	 6.6868e+02 % 	 +/- 6.6819e+02 %

Total number of stars: 		400
Problematic number of stars: 	1

***
Metric evaluation on the train dataset
***

Absolute RMSE:	 1.5649e-04 	 +/- 2.5906e-05
Relative RMSE:	 2.1179e+00 % 	 +/- 5.4586e-01 %
Absolute RMSE:	 1.5066e-01 	 +/- 3.1727e-02
Relative RMSE:	 1.9202e+02 % 	 +/- 2.1032e+01 %

Pixel star absolute RMSE:	 7.6298e-05 	 +/- 2.2296e-05 
Pixel star relative RMSE:	 5.1363e+00 % 	 +/- 2.2246e+00 %

sigma(e1) RMSE =		 1.6251e-02 	 +/- 1.5984e-02 
sigma(e2) RMSE =		 1.1339e-02 	 +/- 1.1339e-02 
sigma(R2)/<R2> =		 8.3105e-02 	 +/- 4.4346e-02 

Relative sigma(e1) RMSE =	 4.9241e+03 % 	 +/- 4.9206e+03 %
Relative sigma(e2) RMSE =	 1.0142e+03 % 	 +/- 1.0138e+03 %

Total number of stars: 		2000
Problematic number of stars: 	2

Total elapsed time: 1858.494806

 Good bye..
