Starting the log file.
Found GPU at: /device:GPU:0
tf_version: 2.7.0
Zernike cube:
(15, 256, 256)
Dataset parameters:
{'d_max': 2, 'max_order': 45, 'x_lims': [0, 1000.0], 'y_lims': [0, 1000.0], 'grid_points': [4, 4], 'n_bins': 350, 'max_wfe_rms': 0.1, 'oversampling_rate': 3.0, 'output_Q': 3.0, 'output_dim': 32, 'LP_filter_length': 2, 'pupil_diameter': 256, 'euclid_obsc': True, 'n_stars': 2000}
Starting cycle 1..
Starting parametric update..
Epoch 1/30

Epoch 00001: mean_squared_error improved from inf to 0.00001, saving model to /gpfswork/rech/ynx/uds36vp/repos/wf-SEDs/projected_learning/wf-outputs/chkp/8_bins/chkp_callback_poly_1_cycles_256_proj_d2_3_cycle1
63/63 - 69s - loss: 7.3104e-06 - mean_squared_error: 6.7262e-06 - val_loss: 1.7588e-06 - val_mean_squared_error: 1.7588e-06 - 69s/epoch - 1s/step
Epoch 2/30

Epoch 00002: mean_squared_error improved from 0.00001 to 0.00000, saving model to /gpfswork/rech/ynx/uds36vp/repos/wf-SEDs/projected_learning/wf-outputs/chkp/8_bins/chkp_callback_poly_1_cycles_256_proj_d2_3_cycle1
63/63 - 64s - loss: 2.6925e-06 - mean_squared_error: 2.8811e-06 - val_loss: 1.2294e-06 - val_mean_squared_error: 1.2294e-06 - 64s/epoch - 1s/step
Epoch 3/30

Epoch 00003: mean_squared_error improved from 0.00000 to 0.00000, saving model to /gpfswork/rech/ynx/uds36vp/repos/wf-SEDs/projected_learning/wf-outputs/chkp/8_bins/chkp_callback_poly_1_cycles_256_proj_d2_3_cycle1
63/63 - 64s - loss: 2.1980e-06 - mean_squared_error: 2.4348e-06 - val_loss: 9.1493e-07 - val_mean_squared_error: 9.1493e-07 - 64s/epoch - 1s/step
Epoch 4/30

Epoch 00004: mean_squared_error improved from 0.00000 to 0.00000, saving model to /gpfswork/rech/ynx/uds36vp/repos/wf-SEDs/projected_learning/wf-outputs/chkp/8_bins/chkp_callback_poly_1_cycles_256_proj_d2_3_cycle1
63/63 - 64s - loss: 1.9385e-06 - mean_squared_error: 2.2032e-06 - val_loss: 7.9631e-07 - val_mean_squared_error: 7.9631e-07 - 64s/epoch - 1s/step
Epoch 5/30

Epoch 00005: mean_squared_error improved from 0.00000 to 0.00000, saving model to /gpfswork/rech/ynx/uds36vp/repos/wf-SEDs/projected_learning/wf-outputs/chkp/8_bins/chkp_callback_poly_1_cycles_256_proj_d2_3_cycle1
63/63 - 64s - loss: 1.8781e-06 - mean_squared_error: 2.1428e-06 - val_loss: 7.6274e-07 - val_mean_squared_error: 7.6274e-07 - 64s/epoch - 1s/step
Epoch 6/30

Epoch 00006: mean_squared_error improved from 0.00000 to 0.00000, saving model to /gpfswork/rech/ynx/uds36vp/repos/wf-SEDs/projected_learning/wf-outputs/chkp/8_bins/chkp_callback_poly_1_cycles_256_proj_d2_3_cycle1
63/63 - 64s - loss: 1.8475e-06 - mean_squared_error: 2.1175e-06 - val_loss: 7.8360e-07 - val_mean_squared_error: 7.8360e-07 - 64s/epoch - 1s/step
Epoch 7/30

Epoch 00007: mean_squared_error improved from 0.00000 to 0.00000, saving model to /gpfswork/rech/ynx/uds36vp/repos/wf-SEDs/projected_learning/wf-outputs/chkp/8_bins/chkp_callback_poly_1_cycles_256_proj_d2_3_cycle1
63/63 - 64s - loss: 1.8435e-06 - mean_squared_error: 2.1168e-06 - val_loss: 7.6874e-07 - val_mean_squared_error: 7.6874e-07 - 64s/epoch - 1s/step
Epoch 8/30

Epoch 00008: mean_squared_error improved from 0.00000 to 0.00000, saving model to /gpfswork/rech/ynx/uds36vp/repos/wf-SEDs/projected_learning/wf-outputs/chkp/8_bins/chkp_callback_poly_1_cycles_256_proj_d2_3_cycle1
63/63 - 64s - loss: 1.8330e-06 - mean_squared_error: 2.1049e-06 - val_loss: 7.4377e-07 - val_mean_squared_error: 7.4377e-07 - 64s/epoch - 1s/step
Epoch 9/30

Epoch 00009: mean_squared_error did not improve from 0.00000
63/63 - 64s - loss: 1.8436e-06 - mean_squared_error: 2.1159e-06 - val_loss: 7.2459e-07 - val_mean_squared_error: 7.2459e-07 - 64s/epoch - 1s/step
Epoch 10/30

Epoch 00010: mean_squared_error did not improve from 0.00000
63/63 - 64s - loss: 1.8625e-06 - mean_squared_error: 2.1262e-06 - val_loss: 7.8957e-07 - val_mean_squared_error: 7.8957e-07 - 64s/epoch - 1s/step
Epoch 11/30

Epoch 00011: mean_squared_error did not improve from 0.00000
63/63 - 64s - loss: 1.8356e-06 - mean_squared_error: 2.1124e-06 - val_loss: 7.5125e-07 - val_mean_squared_error: 7.5125e-07 - 64s/epoch - 1s/step
Epoch 12/30

Epoch 00012: mean_squared_error did not improve from 0.00000
63/63 - 64s - loss: 1.8442e-06 - mean_squared_error: 2.1119e-06 - val_loss: 7.3303e-07 - val_mean_squared_error: 7.3303e-07 - 64s/epoch - 1s/step
Epoch 13/30

Epoch 00013: mean_squared_error did not improve from 0.00000
63/63 - 64s - loss: 1.8659e-06 - mean_squared_error: 2.1329e-06 - val_loss: 7.9253e-07 - val_mean_squared_error: 7.9253e-07 - 64s/epoch - 1s/step
Epoch 14/30

Epoch 00014: mean_squared_error did not improve from 0.00000
63/63 - 64s - loss: 1.9567e-06 - mean_squared_error: 2.2124e-06 - val_loss: 8.1127e-07 - val_mean_squared_error: 8.1127e-07 - 64s/epoch - 1s/step
Epoch 15/30

Epoch 00015: mean_squared_error did not improve from 0.00000
63/63 - 64s - loss: 1.9822e-06 - mean_squared_error: 2.2324e-06 - val_loss: 8.6882e-07 - val_mean_squared_error: 8.6882e-07 - 64s/epoch - 1s/step
Epoch 16/30

Epoch 00016: mean_squared_error did not improve from 0.00000
63/63 - 64s - loss: 1.9368e-06 - mean_squared_error: 2.1909e-06 - val_loss: 8.9349e-07 - val_mean_squared_error: 8.9349e-07 - 64s/epoch - 1s/step
Epoch 17/30

Epoch 00017: mean_squared_error did not improve from 0.00000
63/63 - 64s - loss: 1.9603e-06 - mean_squared_error: 2.2136e-06 - val_loss: 9.7495e-07 - val_mean_squared_error: 9.7495e-07 - 64s/epoch - 1s/step
Epoch 18/30

Epoch 00018: mean_squared_error did not improve from 0.00000
63/63 - 64s - loss: 1.9352e-06 - mean_squared_error: 2.1950e-06 - val_loss: 7.7577e-07 - val_mean_squared_error: 7.7577e-07 - 64s/epoch - 1s/step
Epoch 19/30

Epoch 00019: mean_squared_error did not improve from 0.00000
63/63 - 64s - loss: 2.0185e-06 - mean_squared_error: 2.2652e-06 - val_loss: 8.4204e-07 - val_mean_squared_error: 8.4204e-07 - 64s/epoch - 1s/step
Epoch 20/30

Epoch 00020: mean_squared_error did not improve from 0.00000
63/63 - 64s - loss: 1.9196e-06 - mean_squared_error: 2.1830e-06 - val_loss: 1.0511e-06 - val_mean_squared_error: 1.0511e-06 - 64s/epoch - 1s/step
Epoch 21/30

Epoch 00021: mean_squared_error did not improve from 0.00000
63/63 - 64s - loss: 1.9566e-06 - mean_squared_error: 2.2083e-06 - val_loss: 8.2449e-07 - val_mean_squared_error: 8.2449e-07 - 64s/epoch - 1s/step
Epoch 22/30

Epoch 00022: mean_squared_error did not improve from 0.00000
63/63 - 64s - loss: 1.9396e-06 - mean_squared_error: 2.2043e-06 - val_loss: 1.0444e-06 - val_mean_squared_error: 1.0444e-06 - 64s/epoch - 1s/step
Epoch 23/30

Epoch 00023: mean_squared_error did not improve from 0.00000
63/63 - 64s - loss: 1.9700e-06 - mean_squared_error: 2.2204e-06 - val_loss: 8.5285e-07 - val_mean_squared_error: 8.5285e-07 - 64s/epoch - 1s/step
Epoch 24/30

Epoch 00024: mean_squared_error did not improve from 0.00000
63/63 - 64s - loss: 2.0287e-06 - mean_squared_error: 2.2753e-06 - val_loss: 8.9541e-07 - val_mean_squared_error: 8.9541e-07 - 64s/epoch - 1s/step
Epoch 25/30

Epoch 00025: mean_squared_error did not improve from 0.00000
63/63 - 64s - loss: 2.0268e-06 - mean_squared_error: 2.2712e-06 - val_loss: 7.9722e-07 - val_mean_squared_error: 7.9722e-07 - 64s/epoch - 1s/step
Epoch 26/30

Epoch 00026: mean_squared_error did not improve from 0.00000
63/63 - 64s - loss: 1.9428e-06 - mean_squared_error: 2.1922e-06 - val_loss: 7.8549e-07 - val_mean_squared_error: 7.8549e-07 - 64s/epoch - 1s/step
Epoch 27/30

Epoch 00027: mean_squared_error did not improve from 0.00000
63/63 - 64s - loss: 1.9941e-06 - mean_squared_error: 2.2387e-06 - val_loss: 8.9849e-07 - val_mean_squared_error: 8.9849e-07 - 64s/epoch - 1s/step
Epoch 28/30

Epoch 00028: mean_squared_error did not improve from 0.00000
63/63 - 65s - loss: 2.0383e-06 - mean_squared_error: 2.2858e-06 - val_loss: 8.3918e-07 - val_mean_squared_error: 8.3918e-07 - 65s/epoch - 1s/step
Epoch 29/30

Epoch 00029: mean_squared_error did not improve from 0.00000
63/63 - 64s - loss: 1.9712e-06 - mean_squared_error: 2.2197e-06 - val_loss: 8.7270e-07 - val_mean_squared_error: 8.7270e-07 - 64s/epoch - 1s/step
Epoch 30/30

Epoch 00030: mean_squared_error did not improve from 0.00000
63/63 - 64s - loss: 2.1852e-06 - mean_squared_error: 2.4107e-06 - val_loss: 1.0510e-06 - val_mean_squared_error: 1.0510e-06 - 64s/epoch - 1s/step
Starting non-parametric update..
Epoch 1/150

Epoch 00001: mean_squared_error did not improve from 0.00000
63/63 - 67s - loss: 2.0872e-06 - mean_squared_error: 2.3146e-06 - val_loss: 8.3151e-07 - val_mean_squared_error: 8.3151e-07 - 67s/epoch - 1s/step
Epoch 2/150

Epoch 00002: mean_squared_error improved from 0.00000 to 0.00000, saving model to /gpfswork/rech/ynx/uds36vp/repos/wf-SEDs/projected_learning/wf-outputs/chkp/8_bins/chkp_callback_poly_1_cycles_256_proj_d2_3_cycle1
63/63 - 64s - loss: 1.8071e-06 - mean_squared_error: 2.0959e-06 - val_loss: 6.6335e-07 - val_mean_squared_error: 6.6335e-07 - 64s/epoch - 1s/step
Epoch 3/150

Epoch 00003: mean_squared_error improved from 0.00000 to 0.00000, saving model to /gpfswork/rech/ynx/uds36vp/repos/wf-SEDs/projected_learning/wf-outputs/chkp/8_bins/chkp_callback_poly_1_cycles_256_proj_d2_3_cycle1
63/63 - 64s - loss: 1.6336e-06 - mean_squared_error: 1.9624e-06 - val_loss: 5.4963e-07 - val_mean_squared_error: 5.4963e-07 - 64s/epoch - 1s/step
Epoch 4/150

Epoch 00004: mean_squared_error improved from 0.00000 to 0.00000, saving model to /gpfswork/rech/ynx/uds36vp/repos/wf-SEDs/projected_learning/wf-outputs/chkp/8_bins/chkp_callback_poly_1_cycles_256_proj_d2_3_cycle1
63/63 - 65s - loss: 1.5035e-06 - mean_squared_error: 1.8583e-06 - val_loss: 4.4896e-07 - val_mean_squared_error: 4.4896e-07 - 65s/epoch - 1s/step
Epoch 5/150

Epoch 00005: mean_squared_error improved from 0.00000 to 0.00000, saving model to /gpfswork/rech/ynx/uds36vp/repos/wf-SEDs/projected_learning/wf-outputs/chkp/8_bins/chkp_callback_poly_1_cycles_256_proj_d2_3_cycle1
63/63 - 65s - loss: 1.3958e-06 - mean_squared_error: 1.7633e-06 - val_loss: 3.6762e-07 - val_mean_squared_error: 3.6762e-07 - 65s/epoch - 1s/step
Epoch 6/150

Epoch 00006: mean_squared_error improved from 0.00000 to 0.00000, saving model to /gpfswork/rech/ynx/uds36vp/repos/wf-SEDs/projected_learning/wf-outputs/chkp/8_bins/chkp_callback_poly_1_cycles_256_proj_d2_3_cycle1
63/63 - 65s - loss: 1.3169e-06 - mean_squared_error: 1.6928e-06 - val_loss: 3.0662e-07 - val_mean_squared_error: 3.0662e-07 - 65s/epoch - 1s/step
Epoch 7/150

Epoch 00007: mean_squared_error improved from 0.00000 to 0.00000, saving model to /gpfswork/rech/ynx/uds36vp/repos/wf-SEDs/projected_learning/wf-outputs/chkp/8_bins/chkp_callback_poly_1_cycles_256_proj_d2_3_cycle1
63/63 - 65s - loss: 1.2589e-06 - mean_squared_error: 1.6397e-06 - val_loss: 2.5974e-07 - val_mean_squared_error: 2.5974e-07 - 65s/epoch - 1s/step
Epoch 8/150

Epoch 00008: mean_squared_error improved from 0.00000 to 0.00000, saving model to /gpfswork/rech/ynx/uds36vp/repos/wf-SEDs/projected_learning/wf-outputs/chkp/8_bins/chkp_callback_poly_1_cycles_256_proj_d2_3_cycle1
63/63 - 65s - loss: 1.2156e-06 - mean_squared_error: 1.5993e-06 - val_loss: 2.2554e-07 - val_mean_squared_error: 2.2554e-07 - 65s/epoch - 1s/step
Epoch 9/150

Epoch 00009: mean_squared_error improved from 0.00000 to 0.00000, saving model to /gpfswork/rech/ynx/uds36vp/repos/wf-SEDs/projected_learning/wf-outputs/chkp/8_bins/chkp_callback_poly_1_cycles_256_proj_d2_3_cycle1
63/63 - 65s - loss: 1.1812e-06 - mean_squared_error: 1.5682e-06 - val_loss: 1.9715e-07 - val_mean_squared_error: 1.9715e-07 - 65s/epoch - 1s/step
Epoch 10/150

Epoch 00010: mean_squared_error improved from 0.00000 to 0.00000, saving model to /gpfswork/rech/ynx/uds36vp/repos/wf-SEDs/projected_learning/wf-outputs/chkp/8_bins/chkp_callback_poly_1_cycles_256_proj_d2_3_cycle1
63/63 - 65s - loss: 1.1532e-06 - mean_squared_error: 1.5430e-06 - val_loss: 1.7271e-07 - val_mean_squared_error: 1.7271e-07 - 65s/epoch - 1s/step
Epoch 11/150

Epoch 00011: mean_squared_error improved from 0.00000 to 0.00000, saving model to /gpfswork/rech/ynx/uds36vp/repos/wf-SEDs/projected_learning/wf-outputs/chkp/8_bins/chkp_callback_poly_1_cycles_256_proj_d2_3_cycle1
63/63 - 66s - loss: 1.1299e-06 - mean_squared_error: 1.5227e-06 - val_loss: 1.5334e-07 - val_mean_squared_error: 1.5334e-07 - 66s/epoch - 1s/step
Epoch 12/150

Epoch 00012: mean_squared_error improved from 0.00000 to 0.00000, saving model to /gpfswork/rech/ynx/uds36vp/repos/wf-SEDs/projected_learning/wf-outputs/chkp/8_bins/chkp_callback_poly_1_cycles_256_proj_d2_3_cycle1
63/63 - 66s - loss: 1.1098e-06 - mean_squared_error: 1.5051e-06 - val_loss: 1.3754e-07 - val_mean_squared_error: 1.3754e-07 - 66s/epoch - 1s/step
Epoch 13/150

Epoch 00013: mean_squared_error improved from 0.00000 to 0.00000, saving model to /gpfswork/rech/ynx/uds36vp/repos/wf-SEDs/projected_learning/wf-outputs/chkp/8_bins/chkp_callback_poly_1_cycles_256_proj_d2_3_cycle1
63/63 - 65s - loss: 1.0939e-06 - mean_squared_error: 1.4915e-06 - val_loss: 1.2534e-07 - val_mean_squared_error: 1.2534e-07 - 65s/epoch - 1s/step
Epoch 14/150

Epoch 00014: mean_squared_error improved from 0.00000 to 0.00000, saving model to /gpfswork/rech/ynx/uds36vp/repos/wf-SEDs/projected_learning/wf-outputs/chkp/8_bins/chkp_callback_poly_1_cycles_256_proj_d2_3_cycle1
63/63 - 66s - loss: 1.0793e-06 - mean_squared_error: 1.4792e-06 - val_loss: 1.1309e-07 - val_mean_squared_error: 1.1309e-07 - 66s/epoch - 1s/step
Epoch 15/150

Epoch 00015: mean_squared_error improved from 0.00000 to 0.00000, saving model to /gpfswork/rech/ynx/uds36vp/repos/wf-SEDs/projected_learning/wf-outputs/chkp/8_bins/chkp_callback_poly_1_cycles_256_proj_d2_3_cycle1
63/63 - 66s - loss: 1.0666e-06 - mean_squared_error: 1.4682e-06 - val_loss: 1.0297e-07 - val_mean_squared_error: 1.0297e-07 - 66s/epoch - 1s/step
Epoch 16/150

Epoch 00016: mean_squared_error improved from 0.00000 to 0.00000, saving model to /gpfswork/rech/ynx/uds36vp/repos/wf-SEDs/projected_learning/wf-outputs/chkp/8_bins/chkp_callback_poly_1_cycles_256_proj_d2_3_cycle1
63/63 - 65s - loss: 1.0559e-06 - mean_squared_error: 1.4594e-06 - val_loss: 9.3700e-08 - val_mean_squared_error: 9.3700e-08 - 65s/epoch - 1s/step
Epoch 17/150

Epoch 00017: mean_squared_error improved from 0.00000 to 0.00000, saving model to /gpfswork/rech/ynx/uds36vp/repos/wf-SEDs/projected_learning/wf-outputs/chkp/8_bins/chkp_callback_poly_1_cycles_256_proj_d2_3_cycle1
63/63 - 65s - loss: 1.0466e-06 - mean_squared_error: 1.4516e-06 - val_loss: 8.5363e-08 - val_mean_squared_error: 8.5363e-08 - 65s/epoch - 1s/step
Epoch 18/150

Epoch 00018: mean_squared_error improved from 0.00000 to 0.00000, saving model to /gpfswork/rech/ynx/uds36vp/repos/wf-SEDs/projected_learning/wf-outputs/chkp/8_bins/chkp_callback_poly_1_cycles_256_proj_d2_3_cycle1
63/63 - 66s - loss: 1.0377e-06 - mean_squared_error: 1.4443e-06 - val_loss: 7.9353e-08 - val_mean_squared_error: 7.9353e-08 - 66s/epoch - 1s/step
Epoch 19/150

Epoch 00019: mean_squared_error improved from 0.00000 to 0.00000, saving model to /gpfswork/rech/ynx/uds36vp/repos/wf-SEDs/projected_learning/wf-outputs/chkp/8_bins/chkp_callback_poly_1_cycles_256_proj_d2_3_cycle1
63/63 - 66s - loss: 1.0305e-06 - mean_squared_error: 1.4379e-06 - val_loss: 7.2595e-08 - val_mean_squared_error: 7.2595e-08 - 66s/epoch - 1s/step
Epoch 20/150

Epoch 00020: mean_squared_error improved from 0.00000 to 0.00000, saving model to /gpfswork/rech/ynx/uds36vp/repos/wf-SEDs/projected_learning/wf-outputs/chkp/8_bins/chkp_callback_poly_1_cycles_256_proj_d2_3_cycle1
63/63 - 66s - loss: 1.0240e-06 - mean_squared_error: 1.4322e-06 - val_loss: 6.7681e-08 - val_mean_squared_error: 6.7681e-08 - 66s/epoch - 1s/step
Epoch 21/150

Epoch 00021: mean_squared_error improved from 0.00000 to 0.00000, saving model to /gpfswork/rech/ynx/uds36vp/repos/wf-SEDs/projected_learning/wf-outputs/chkp/8_bins/chkp_callback_poly_1_cycles_256_proj_d2_3_cycle1
63/63 - 65s - loss: 1.0187e-06 - mean_squared_error: 1.4280e-06 - val_loss: 6.2064e-08 - val_mean_squared_error: 6.2064e-08 - 65s/epoch - 1s/step
Epoch 22/150

Epoch 00022: mean_squared_error improved from 0.00000 to 0.00000, saving model to /gpfswork/rech/ynx/uds36vp/repos/wf-SEDs/projected_learning/wf-outputs/chkp/8_bins/chkp_callback_poly_1_cycles_256_proj_d2_3_cycle1
63/63 - 65s - loss: 1.0134e-06 - mean_squared_error: 1.4231e-06 - val_loss: 5.9478e-08 - val_mean_squared_error: 5.9478e-08 - 65s/epoch - 1s/step
Epoch 23/150

Epoch 00023: mean_squared_error improved from 0.00000 to 0.00000, saving model to /gpfswork/rech/ynx/uds36vp/repos/wf-SEDs/projected_learning/wf-outputs/chkp/8_bins/chkp_callback_poly_1_cycles_256_proj_d2_3_cycle1
63/63 - 65s - loss: 1.0098e-06 - mean_squared_error: 1.4199e-06 - val_loss: 5.4683e-08 - val_mean_squared_error: 5.4683e-08 - 65s/epoch - 1s/step
Epoch 24/150

Epoch 00024: mean_squared_error improved from 0.00000 to 0.00000, saving model to /gpfswork/rech/ynx/uds36vp/repos/wf-SEDs/projected_learning/wf-outputs/chkp/8_bins/chkp_callback_poly_1_cycles_256_proj_d2_3_cycle1
63/63 - 65s - loss: 1.0042e-06 - mean_squared_error: 1.4153e-06 - val_loss: 4.9903e-08 - val_mean_squared_error: 4.9903e-08 - 65s/epoch - 1s/step
Epoch 25/150

Epoch 00025: mean_squared_error improved from 0.00000 to 0.00000, saving model to /gpfswork/rech/ynx/uds36vp/repos/wf-SEDs/projected_learning/wf-outputs/chkp/8_bins/chkp_callback_poly_1_cycles_256_proj_d2_3_cycle1
63/63 - 65s - loss: 1.0011e-06 - mean_squared_error: 1.4122e-06 - val_loss: 4.7884e-08 - val_mean_squared_error: 4.7884e-08 - 65s/epoch - 1s/step
Epoch 26/150

Epoch 00026: mean_squared_error improved from 0.00000 to 0.00000, saving model to /gpfswork/rech/ynx/uds36vp/repos/wf-SEDs/projected_learning/wf-outputs/chkp/8_bins/chkp_callback_poly_1_cycles_256_proj_d2_3_cycle1
63/63 - 65s - loss: 9.9667e-07 - mean_squared_error: 1.4086e-06 - val_loss: 4.3782e-08 - val_mean_squared_error: 4.3782e-08 - 65s/epoch - 1s/step
Epoch 27/150

Epoch 00027: mean_squared_error improved from 0.00000 to 0.00000, saving model to /gpfswork/rech/ynx/uds36vp/repos/wf-SEDs/projected_learning/wf-outputs/chkp/8_bins/chkp_callback_poly_1_cycles_256_proj_d2_3_cycle1
63/63 - 65s - loss: 9.9416e-07 - mean_squared_error: 1.4061e-06 - val_loss: 4.3445e-08 - val_mean_squared_error: 4.3445e-08 - 65s/epoch - 1s/step
Epoch 28/150

Epoch 00028: mean_squared_error improved from 0.00000 to 0.00000, saving model to /gpfswork/rech/ynx/uds36vp/repos/wf-SEDs/projected_learning/wf-outputs/chkp/8_bins/chkp_callback_poly_1_cycles_256_proj_d2_3_cycle1
63/63 - 65s - loss: 9.9103e-07 - mean_squared_error: 1.4037e-06 - val_loss: 3.8527e-08 - val_mean_squared_error: 3.8527e-08 - 65s/epoch - 1s/step
Epoch 29/150

Epoch 00029: mean_squared_error improved from 0.00000 to 0.00000, saving model to /gpfswork/rech/ynx/uds36vp/repos/wf-SEDs/projected_learning/wf-outputs/chkp/8_bins/chkp_callback_poly_1_cycles_256_proj_d2_3_cycle1
63/63 - 66s - loss: 9.8832e-07 - mean_squared_error: 1.4011e-06 - val_loss: 3.6976e-08 - val_mean_squared_error: 3.6976e-08 - 66s/epoch - 1s/step
Epoch 30/150

Epoch 00030: mean_squared_error improved from 0.00000 to 0.00000, saving model to /gpfswork/rech/ynx/uds36vp/repos/wf-SEDs/projected_learning/wf-outputs/chkp/8_bins/chkp_callback_poly_1_cycles_256_proj_d2_3_cycle1
63/63 - 66s - loss: 9.8626e-07 - mean_squared_error: 1.3993e-06 - val_loss: 3.4537e-08 - val_mean_squared_error: 3.4537e-08 - 66s/epoch - 1s/step
Epoch 31/150

Epoch 00031: mean_squared_error improved from 0.00000 to 0.00000, saving model to /gpfswork/rech/ynx/uds36vp/repos/wf-SEDs/projected_learning/wf-outputs/chkp/8_bins/chkp_callback_poly_1_cycles_256_proj_d2_3_cycle1
63/63 - 65s - loss: 9.8444e-07 - mean_squared_error: 1.3977e-06 - val_loss: 3.3353e-08 - val_mean_squared_error: 3.3353e-08 - 65s/epoch - 1s/step
Epoch 32/150

Epoch 00032: mean_squared_error did not improve from 0.00000
63/63 - 65s - loss: 9.9219e-07 - mean_squared_error: 1.4029e-06 - val_loss: 3.4504e-08 - val_mean_squared_error: 3.4504e-08 - 65s/epoch - 1s/step
Epoch 33/150

Epoch 00033: mean_squared_error improved from 0.00000 to 0.00000, saving model to /gpfswork/rech/ynx/uds36vp/repos/wf-SEDs/projected_learning/wf-outputs/chkp/8_bins/chkp_callback_poly_1_cycles_256_proj_d2_3_cycle1
63/63 - 65s - loss: 9.8226e-07 - mean_squared_error: 1.3957e-06 - val_loss: 3.0496e-08 - val_mean_squared_error: 3.0496e-08 - 65s/epoch - 1s/step
Epoch 34/150

Epoch 00034: mean_squared_error improved from 0.00000 to 0.00000, saving model to /gpfswork/rech/ynx/uds36vp/repos/wf-SEDs/projected_learning/wf-outputs/chkp/8_bins/chkp_callback_poly_1_cycles_256_proj_d2_3_cycle1
63/63 - 65s - loss: 9.7918e-07 - mean_squared_error: 1.3928e-06 - val_loss: 2.8318e-08 - val_mean_squared_error: 2.8318e-08 - 65s/epoch - 1s/step
Epoch 35/150

Epoch 00035: mean_squared_error improved from 0.00000 to 0.00000, saving model to /gpfswork/rech/ynx/uds36vp/repos/wf-SEDs/projected_learning/wf-outputs/chkp/8_bins/chkp_callback_poly_1_cycles_256_proj_d2_3_cycle1
63/63 - 65s - loss: 9.7801e-07 - mean_squared_error: 1.3917e-06 - val_loss: 2.7412e-08 - val_mean_squared_error: 2.7412e-08 - 65s/epoch - 1s/step
Epoch 36/150

Epoch 00036: mean_squared_error improved from 0.00000 to 0.00000, saving model to /gpfswork/rech/ynx/uds36vp/repos/wf-SEDs/projected_learning/wf-outputs/chkp/8_bins/chkp_callback_poly_1_cycles_256_proj_d2_3_cycle1
63/63 - 65s - loss: 9.7616e-07 - mean_squared_error: 1.3901e-06 - val_loss: 2.5444e-08 - val_mean_squared_error: 2.5444e-08 - 65s/epoch - 1s/step
Epoch 37/150

Epoch 00037: mean_squared_error improved from 0.00000 to 0.00000, saving model to /gpfswork/rech/ynx/uds36vp/repos/wf-SEDs/projected_learning/wf-outputs/chkp/8_bins/chkp_callback_poly_1_cycles_256_proj_d2_3_cycle1
63/63 - 65s - loss: 9.7509e-07 - mean_squared_error: 1.3890e-06 - val_loss: 2.5387e-08 - val_mean_squared_error: 2.5387e-08 - 65s/epoch - 1s/step
Epoch 38/150

Epoch 00038: mean_squared_error improved from 0.00000 to 0.00000, saving model to /gpfswork/rech/ynx/uds36vp/repos/wf-SEDs/projected_learning/wf-outputs/chkp/8_bins/chkp_callback_poly_1_cycles_256_proj_d2_3_cycle1
63/63 - 65s - loss: 9.7564e-07 - mean_squared_error: 1.3890e-06 - val_loss: 2.3454e-08 - val_mean_squared_error: 2.3454e-08 - 65s/epoch - 1s/step
Epoch 39/150

Epoch 00039: mean_squared_error improved from 0.00000 to 0.00000, saving model to /gpfswork/rech/ynx/uds36vp/repos/wf-SEDs/projected_learning/wf-outputs/chkp/8_bins/chkp_callback_poly_1_cycles_256_proj_d2_3_cycle1
63/63 - 65s - loss: 9.7273e-07 - mean_squared_error: 1.3870e-06 - val_loss: 2.3699e-08 - val_mean_squared_error: 2.3699e-08 - 65s/epoch - 1s/step
Epoch 40/150

Epoch 00040: mean_squared_error improved from 0.00000 to 0.00000, saving model to /gpfswork/rech/ynx/uds36vp/repos/wf-SEDs/projected_learning/wf-outputs/chkp/8_bins/chkp_callback_poly_1_cycles_256_proj_d2_3_cycle1
63/63 - 65s - loss: 9.7132e-07 - mean_squared_error: 1.3858e-06 - val_loss: 2.1085e-08 - val_mean_squared_error: 2.1085e-08 - 65s/epoch - 1s/step
Epoch 41/150

Epoch 00041: mean_squared_error did not improve from 0.00000
63/63 - 65s - loss: 9.7998e-07 - mean_squared_error: 1.3923e-06 - val_loss: 2.3426e-08 - val_mean_squared_error: 2.3426e-08 - 65s/epoch - 1s/step
Epoch 42/150

Epoch 00042: mean_squared_error did not improve from 0.00000
63/63 - 65s - loss: 9.7167e-07 - mean_squared_error: 1.3858e-06 - val_loss: 2.0440e-08 - val_mean_squared_error: 2.0440e-08 - 65s/epoch - 1s/step
Epoch 43/150

Epoch 00043: mean_squared_error did not improve from 0.00000
63/63 - 65s - loss: 9.9488e-07 - mean_squared_error: 1.4033e-06 - val_loss: 2.2004e-08 - val_mean_squared_error: 2.2004e-08 - 65s/epoch - 1s/step
Epoch 44/150

Epoch 00044: mean_squared_error improved from 0.00000 to 0.00000, saving model to /gpfswork/rech/ynx/uds36vp/repos/wf-SEDs/projected_learning/wf-outputs/chkp/8_bins/chkp_callback_poly_1_cycles_256_proj_d2_3_cycle1
63/63 - 64s - loss: 9.6984e-07 - mean_squared_error: 1.3841e-06 - val_loss: 1.9157e-08 - val_mean_squared_error: 1.9157e-08 - 64s/epoch - 1s/step
Epoch 45/150

Epoch 00045: mean_squared_error improved from 0.00000 to 0.00000, saving model to /gpfswork/rech/ynx/uds36vp/repos/wf-SEDs/projected_learning/wf-outputs/chkp/8_bins/chkp_callback_poly_1_cycles_256_proj_d2_3_cycle1
63/63 - 64s - loss: 9.6797e-07 - mean_squared_error: 1.3826e-06 - val_loss: 1.8716e-08 - val_mean_squared_error: 1.8716e-08 - 64s/epoch - 1s/step
Epoch 46/150

Epoch 00046: mean_squared_error improved from 0.00000 to 0.00000, saving model to /gpfswork/rech/ynx/uds36vp/repos/wf-SEDs/projected_learning/wf-outputs/chkp/8_bins/chkp_callback_poly_1_cycles_256_proj_d2_3_cycle1
63/63 - 65s - loss: 9.6723e-07 - mean_squared_error: 1.3821e-06 - val_loss: 1.8614e-08 - val_mean_squared_error: 1.8614e-08 - 65s/epoch - 1s/step
Epoch 47/150

Epoch 00047: mean_squared_error improved from 0.00000 to 0.00000, saving model to /gpfswork/rech/ynx/uds36vp/repos/wf-SEDs/projected_learning/wf-outputs/chkp/8_bins/chkp_callback_poly_1_cycles_256_proj_d2_3_cycle1
63/63 - 65s - loss: 9.6654e-07 - mean_squared_error: 1.3814e-06 - val_loss: 1.7703e-08 - val_mean_squared_error: 1.7703e-08 - 65s/epoch - 1s/step
Epoch 48/150

Epoch 00048: mean_squared_error did not improve from 0.00000
63/63 - 65s - loss: 9.7189e-07 - mean_squared_error: 1.3849e-06 - val_loss: 2.9069e-08 - val_mean_squared_error: 2.9069e-08 - 65s/epoch - 1s/step
Epoch 49/150

Epoch 00049: mean_squared_error did not improve from 0.00000
63/63 - 65s - loss: 9.6899e-07 - mean_squared_error: 1.3831e-06 - val_loss: 1.6355e-08 - val_mean_squared_error: 1.6355e-08 - 65s/epoch - 1s/step
Epoch 50/150

Epoch 00050: mean_squared_error improved from 0.00000 to 0.00000, saving model to /gpfswork/rech/ynx/uds36vp/repos/wf-SEDs/projected_learning/wf-outputs/chkp/8_bins/chkp_callback_poly_1_cycles_256_proj_d2_3_cycle1
63/63 - 65s - loss: 9.6538e-07 - mean_squared_error: 1.3803e-06 - val_loss: 1.7484e-08 - val_mean_squared_error: 1.7484e-08 - 65s/epoch - 1s/step
Epoch 51/150

Epoch 00051: mean_squared_error improved from 0.00000 to 0.00000, saving model to /gpfswork/rech/ynx/uds36vp/repos/wf-SEDs/projected_learning/wf-outputs/chkp/8_bins/chkp_callback_poly_1_cycles_256_proj_d2_3_cycle1
63/63 - 65s - loss: 9.6563e-07 - mean_squared_error: 1.3802e-06 - val_loss: 1.6601e-08 - val_mean_squared_error: 1.6601e-08 - 65s/epoch - 1s/step
Epoch 52/150

Epoch 00052: mean_squared_error improved from 0.00000 to 0.00000, saving model to /gpfswork/rech/ynx/uds36vp/repos/wf-SEDs/projected_learning/wf-outputs/chkp/8_bins/chkp_callback_poly_1_cycles_256_proj_d2_3_cycle1
63/63 - 65s - loss: 9.6520e-07 - mean_squared_error: 1.3798e-06 - val_loss: 1.4712e-08 - val_mean_squared_error: 1.4712e-08 - 65s/epoch - 1s/step
Epoch 53/150

Epoch 00053: mean_squared_error improved from 0.00000 to 0.00000, saving model to /gpfswork/rech/ynx/uds36vp/repos/wf-SEDs/projected_learning/wf-outputs/chkp/8_bins/chkp_callback_poly_1_cycles_256_proj_d2_3_cycle1
63/63 - 65s - loss: 9.6379e-07 - mean_squared_error: 1.3787e-06 - val_loss: 1.5527e-08 - val_mean_squared_error: 1.5527e-08 - 65s/epoch - 1s/step
Epoch 54/150

Epoch 00054: mean_squared_error improved from 0.00000 to 0.00000, saving model to /gpfswork/rech/ynx/uds36vp/repos/wf-SEDs/projected_learning/wf-outputs/chkp/8_bins/chkp_callback_poly_1_cycles_256_proj_d2_3_cycle1
63/63 - 64s - loss: 9.6326e-07 - mean_squared_error: 1.3784e-06 - val_loss: 1.4266e-08 - val_mean_squared_error: 1.4266e-08 - 64s/epoch - 1s/step
Epoch 55/150

Epoch 00055: mean_squared_error improved from 0.00000 to 0.00000, saving model to /gpfswork/rech/ynx/uds36vp/repos/wf-SEDs/projected_learning/wf-outputs/chkp/8_bins/chkp_callback_poly_1_cycles_256_proj_d2_3_cycle1
63/63 - 65s - loss: 9.6286e-07 - mean_squared_error: 1.3780e-06 - val_loss: 1.4884e-08 - val_mean_squared_error: 1.4884e-08 - 65s/epoch - 1s/step
Epoch 56/150

Epoch 00056: mean_squared_error did not improve from 0.00000
63/63 - 65s - loss: 9.6416e-07 - mean_squared_error: 1.3788e-06 - val_loss: 1.4502e-08 - val_mean_squared_error: 1.4502e-08 - 65s/epoch - 1s/step
Epoch 57/150

Epoch 00057: mean_squared_error did not improve from 0.00000
63/63 - 65s - loss: 9.6327e-07 - mean_squared_error: 1.3780e-06 - val_loss: 1.4519e-08 - val_mean_squared_error: 1.4519e-08 - 65s/epoch - 1s/step
Epoch 58/150

Epoch 00058: mean_squared_error improved from 0.00000 to 0.00000, saving model to /gpfswork/rech/ynx/uds36vp/repos/wf-SEDs/projected_learning/wf-outputs/chkp/8_bins/chkp_callback_poly_1_cycles_256_proj_d2_3_cycle1
63/63 - 65s - loss: 9.6249e-07 - mean_squared_error: 1.3775e-06 - val_loss: 1.2714e-08 - val_mean_squared_error: 1.2714e-08 - 65s/epoch - 1s/step
Epoch 59/150

Epoch 00059: mean_squared_error improved from 0.00000 to 0.00000, saving model to /gpfswork/rech/ynx/uds36vp/repos/wf-SEDs/projected_learning/wf-outputs/chkp/8_bins/chkp_callback_poly_1_cycles_256_proj_d2_3_cycle1
63/63 - 64s - loss: 9.6205e-07 - mean_squared_error: 1.3771e-06 - val_loss: 2.1452e-08 - val_mean_squared_error: 2.1452e-08 - 64s/epoch - 1s/step
Epoch 60/150

Epoch 00060: mean_squared_error did not improve from 0.00000
63/63 - 64s - loss: 9.6658e-07 - mean_squared_error: 1.3806e-06 - val_loss: 1.3920e-08 - val_mean_squared_error: 1.3920e-08 - 64s/epoch - 1s/step
Epoch 61/150

Epoch 00061: mean_squared_error improved from 0.00000 to 0.00000, saving model to /gpfswork/rech/ynx/uds36vp/repos/wf-SEDs/projected_learning/wf-outputs/chkp/8_bins/chkp_callback_poly_1_cycles_256_proj_d2_3_cycle1
63/63 - 64s - loss: 9.6169e-07 - mean_squared_error: 1.3767e-06 - val_loss: 1.6187e-08 - val_mean_squared_error: 1.6187e-08 - 64s/epoch - 1s/step
Epoch 62/150

Epoch 00062: mean_squared_error did not improve from 0.00000
63/63 - 65s - loss: 9.6451e-07 - mean_squared_error: 1.3789e-06 - val_loss: 1.3036e-08 - val_mean_squared_error: 1.3036e-08 - 65s/epoch - 1s/step
Epoch 63/150

Epoch 00063: mean_squared_error improved from 0.00000 to 0.00000, saving model to /gpfswork/rech/ynx/uds36vp/repos/wf-SEDs/projected_learning/wf-outputs/chkp/8_bins/chkp_callback_poly_1_cycles_256_proj_d2_3_cycle1
63/63 - 65s - loss: 9.6147e-07 - mean_squared_error: 1.3766e-06 - val_loss: 1.2062e-08 - val_mean_squared_error: 1.2062e-08 - 65s/epoch - 1s/step
Epoch 64/150

Epoch 00064: mean_squared_error improved from 0.00000 to 0.00000, saving model to /gpfswork/rech/ynx/uds36vp/repos/wf-SEDs/projected_learning/wf-outputs/chkp/8_bins/chkp_callback_poly_1_cycles_256_proj_d2_3_cycle1
63/63 - 64s - loss: 9.6118e-07 - mean_squared_error: 1.3762e-06 - val_loss: 1.3569e-08 - val_mean_squared_error: 1.3569e-08 - 64s/epoch - 1s/step
Epoch 65/150

Epoch 00065: mean_squared_error improved from 0.00000 to 0.00000, saving model to /gpfswork/rech/ynx/uds36vp/repos/wf-SEDs/projected_learning/wf-outputs/chkp/8_bins/chkp_callback_poly_1_cycles_256_proj_d2_3_cycle1
63/63 - 64s - loss: 9.6109e-07 - mean_squared_error: 1.3762e-06 - val_loss: 1.2384e-08 - val_mean_squared_error: 1.2384e-08 - 64s/epoch - 1s/step
Epoch 66/150

Epoch 00066: mean_squared_error improved from 0.00000 to 0.00000, saving model to /gpfswork/rech/ynx/uds36vp/repos/wf-SEDs/projected_learning/wf-outputs/chkp/8_bins/chkp_callback_poly_1_cycles_256_proj_d2_3_cycle1
63/63 - 65s - loss: 9.6082e-07 - mean_squared_error: 1.3760e-06 - val_loss: 1.1792e-08 - val_mean_squared_error: 1.1792e-08 - 65s/epoch - 1s/step
Epoch 67/150

Epoch 00067: mean_squared_error improved from 0.00000 to 0.00000, saving model to /gpfswork/rech/ynx/uds36vp/repos/wf-SEDs/projected_learning/wf-outputs/chkp/8_bins/chkp_callback_poly_1_cycles_256_proj_d2_3_cycle1
63/63 - 65s - loss: 9.5982e-07 - mean_squared_error: 1.3752e-06 - val_loss: 1.2496e-08 - val_mean_squared_error: 1.2496e-08 - 65s/epoch - 1s/step
Epoch 68/150

Epoch 00068: mean_squared_error did not improve from 0.00000
63/63 - 65s - loss: 9.5998e-07 - mean_squared_error: 1.3752e-06 - val_loss: 1.1510e-08 - val_mean_squared_error: 1.1510e-08 - 65s/epoch - 1s/step
Epoch 69/150

Epoch 00069: mean_squared_error improved from 0.00000 to 0.00000, saving model to /gpfswork/rech/ynx/uds36vp/repos/wf-SEDs/projected_learning/wf-outputs/chkp/8_bins/chkp_callback_poly_1_cycles_256_proj_d2_3_cycle1
63/63 - 65s - loss: 9.5923e-07 - mean_squared_error: 1.3747e-06 - val_loss: 1.0710e-08 - val_mean_squared_error: 1.0710e-08 - 65s/epoch - 1s/step
Epoch 70/150

Epoch 00070: mean_squared_error did not improve from 0.00000
63/63 - 65s - loss: 9.5937e-07 - mean_squared_error: 1.3748e-06 - val_loss: 1.1463e-08 - val_mean_squared_error: 1.1463e-08 - 65s/epoch - 1s/step
Epoch 71/150

Epoch 00071: mean_squared_error did not improve from 0.00000
63/63 - 65s - loss: 9.6174e-07 - mean_squared_error: 1.3766e-06 - val_loss: 1.2549e-08 - val_mean_squared_error: 1.2549e-08 - 65s/epoch - 1s/step
Epoch 72/150

Epoch 00072: mean_squared_error did not improve from 0.00000
63/63 - 64s - loss: 9.6038e-07 - mean_squared_error: 1.3756e-06 - val_loss: 1.2151e-08 - val_mean_squared_error: 1.2151e-08 - 64s/epoch - 1s/step
Epoch 73/150

Epoch 00073: mean_squared_error did not improve from 0.00000
63/63 - 64s - loss: 9.6027e-07 - mean_squared_error: 1.3756e-06 - val_loss: 1.2559e-08 - val_mean_squared_error: 1.2559e-08 - 64s/epoch - 1s/step
Epoch 74/150

Epoch 00074: mean_squared_error did not improve from 0.00000
63/63 - 64s - loss: 9.6035e-07 - mean_squared_error: 1.3755e-06 - val_loss: 1.0915e-08 - val_mean_squared_error: 1.0915e-08 - 64s/epoch - 1s/step
Epoch 75/150

Epoch 00075: mean_squared_error improved from 0.00000 to 0.00000, saving model to /gpfswork/rech/ynx/uds36vp/repos/wf-SEDs/projected_learning/wf-outputs/chkp/8_bins/chkp_callback_poly_1_cycles_256_proj_d2_3_cycle1
63/63 - 64s - loss: 9.5844e-07 - mean_squared_error: 1.3741e-06 - val_loss: 1.1174e-08 - val_mean_squared_error: 1.1174e-08 - 64s/epoch - 1s/step
Epoch 76/150

Epoch 00076: mean_squared_error did not improve from 0.00000
63/63 - 64s - loss: 9.5906e-07 - mean_squared_error: 1.3743e-06 - val_loss: 1.0431e-08 - val_mean_squared_error: 1.0431e-08 - 64s/epoch - 1s/step
Epoch 77/150

Epoch 00077: mean_squared_error did not improve from 0.00000
63/63 - 64s - loss: 9.6055e-07 - mean_squared_error: 1.3754e-06 - val_loss: 1.3077e-08 - val_mean_squared_error: 1.3077e-08 - 64s/epoch - 1s/step
Epoch 78/150

Epoch 00078: mean_squared_error did not improve from 0.00000
63/63 - 64s - loss: 9.7806e-07 - mean_squared_error: 1.3879e-06 - val_loss: 1.4568e-08 - val_mean_squared_error: 1.4568e-08 - 64s/epoch - 1s/step
Epoch 79/150

Epoch 00079: mean_squared_error did not improve from 0.00000
63/63 - 64s - loss: 9.6373e-07 - mean_squared_error: 1.3779e-06 - val_loss: 1.2145e-08 - val_mean_squared_error: 1.2145e-08 - 64s/epoch - 1s/step
Epoch 80/150

Epoch 00080: mean_squared_error did not improve from 0.00000
63/63 - 65s - loss: 9.6449e-07 - mean_squared_error: 1.3789e-06 - val_loss: 1.2150e-08 - val_mean_squared_error: 1.2150e-08 - 65s/epoch - 1s/step
Epoch 81/150

Epoch 00081: mean_squared_error improved from 0.00000 to 0.00000, saving model to /gpfswork/rech/ynx/uds36vp/repos/wf-SEDs/projected_learning/wf-outputs/chkp/8_bins/chkp_callback_poly_1_cycles_256_proj_d2_3_cycle1
63/63 - 64s - loss: 9.5821e-07 - mean_squared_error: 1.3738e-06 - val_loss: 1.0132e-08 - val_mean_squared_error: 1.0132e-08 - 64s/epoch - 1s/step
Epoch 82/150

Epoch 00082: mean_squared_error improved from 0.00000 to 0.00000, saving model to /gpfswork/rech/ynx/uds36vp/repos/wf-SEDs/projected_learning/wf-outputs/chkp/8_bins/chkp_callback_poly_1_cycles_256_proj_d2_3_cycle1
63/63 - 64s - loss: 9.5717e-07 - mean_squared_error: 1.3729e-06 - val_loss: 9.4193e-09 - val_mean_squared_error: 9.4193e-09 - 64s/epoch - 1s/step
Epoch 83/150

Epoch 00083: mean_squared_error did not improve from 0.00000
63/63 - 64s - loss: 9.5722e-07 - mean_squared_error: 1.3730e-06 - val_loss: 9.6553e-09 - val_mean_squared_error: 9.6553e-09 - 64s/epoch - 1s/step
Epoch 84/150

Epoch 00084: mean_squared_error did not improve from 0.00000
63/63 - 64s - loss: 9.5765e-07 - mean_squared_error: 1.3734e-06 - val_loss: 9.2784e-09 - val_mean_squared_error: 9.2784e-09 - 64s/epoch - 1s/step
Epoch 85/150

Epoch 00085: mean_squared_error improved from 0.00000 to 0.00000, saving model to /gpfswork/rech/ynx/uds36vp/repos/wf-SEDs/projected_learning/wf-outputs/chkp/8_bins/chkp_callback_poly_1_cycles_256_proj_d2_3_cycle1
63/63 - 64s - loss: 9.5701e-07 - mean_squared_error: 1.3727e-06 - val_loss: 1.0258e-08 - val_mean_squared_error: 1.0258e-08 - 64s/epoch - 1s/step
Epoch 86/150

Epoch 00086: mean_squared_error improved from 0.00000 to 0.00000, saving model to /gpfswork/rech/ynx/uds36vp/repos/wf-SEDs/projected_learning/wf-outputs/chkp/8_bins/chkp_callback_poly_1_cycles_256_proj_d2_3_cycle1
63/63 - 64s - loss: 9.5695e-07 - mean_squared_error: 1.3727e-06 - val_loss: 1.1424e-08 - val_mean_squared_error: 1.1424e-08 - 64s/epoch - 1s/step
Epoch 87/150

Epoch 00087: mean_squared_error did not improve from 0.00000
63/63 - 64s - loss: 9.5710e-07 - mean_squared_error: 1.3727e-06 - val_loss: 9.1298e-09 - val_mean_squared_error: 9.1298e-09 - 64s/epoch - 1s/step
Epoch 88/150

Epoch 00088: mean_squared_error improved from 0.00000 to 0.00000, saving model to /gpfswork/rech/ynx/uds36vp/repos/wf-SEDs/projected_learning/wf-outputs/chkp/8_bins/chkp_callback_poly_1_cycles_256_proj_d2_3_cycle1
63/63 - 64s - loss: 9.5696e-07 - mean_squared_error: 1.3726e-06 - val_loss: 9.8361e-09 - val_mean_squared_error: 9.8361e-09 - 64s/epoch - 1s/step
Epoch 89/150

Epoch 00089: mean_squared_error improved from 0.00000 to 0.00000, saving model to /gpfswork/rech/ynx/uds36vp/repos/wf-SEDs/projected_learning/wf-outputs/chkp/8_bins/chkp_callback_poly_1_cycles_256_proj_d2_3_cycle1
63/63 - 64s - loss: 9.5673e-07 - mean_squared_error: 1.3724e-06 - val_loss: 9.6872e-09 - val_mean_squared_error: 9.6872e-09 - 64s/epoch - 1s/step
Epoch 90/150

Epoch 00090: mean_squared_error did not improve from 0.00000
63/63 - 64s - loss: 9.5805e-07 - mean_squared_error: 1.3734e-06 - val_loss: 1.0836e-08 - val_mean_squared_error: 1.0836e-08 - 64s/epoch - 1s/step
Epoch 91/150

Epoch 00091: mean_squared_error improved from 0.00000 to 0.00000, saving model to /gpfswork/rech/ynx/uds36vp/repos/wf-SEDs/projected_learning/wf-outputs/chkp/8_bins/chkp_callback_poly_1_cycles_256_proj_d2_3_cycle1
63/63 - 64s - loss: 9.5663e-07 - mean_squared_error: 1.3724e-06 - val_loss: 9.4809e-09 - val_mean_squared_error: 9.4809e-09 - 64s/epoch - 1s/step
Epoch 92/150

Epoch 00092: mean_squared_error improved from 0.00000 to 0.00000, saving model to /gpfswork/rech/ynx/uds36vp/repos/wf-SEDs/projected_learning/wf-outputs/chkp/8_bins/chkp_callback_poly_1_cycles_256_proj_d2_3_cycle1
63/63 - 64s - loss: 9.5624e-07 - mean_squared_error: 1.3721e-06 - val_loss: 8.4565e-09 - val_mean_squared_error: 8.4565e-09 - 64s/epoch - 1s/step
Epoch 93/150

Epoch 00093: mean_squared_error improved from 0.00000 to 0.00000, saving model to /gpfswork/rech/ynx/uds36vp/repos/wf-SEDs/projected_learning/wf-outputs/chkp/8_bins/chkp_callback_poly_1_cycles_256_proj_d2_3_cycle1
63/63 - 64s - loss: 9.5566e-07 - mean_squared_error: 1.3716e-06 - val_loss: 8.9062e-09 - val_mean_squared_error: 8.9062e-09 - 64s/epoch - 1s/step
Epoch 94/150

Epoch 00094: mean_squared_error did not improve from 0.00000
63/63 - 64s - loss: 9.5629e-07 - mean_squared_error: 1.3720e-06 - val_loss: 1.0402e-08 - val_mean_squared_error: 1.0402e-08 - 64s/epoch - 1s/step
Epoch 95/150

Epoch 00095: mean_squared_error did not improve from 0.00000
63/63 - 64s - loss: 9.6032e-07 - mean_squared_error: 1.3748e-06 - val_loss: 1.0031e-08 - val_mean_squared_error: 1.0031e-08 - 64s/epoch - 1s/step
Epoch 96/150

Epoch 00096: mean_squared_error did not improve from 0.00000
63/63 - 64s - loss: 9.5791e-07 - mean_squared_error: 1.3733e-06 - val_loss: 1.1545e-08 - val_mean_squared_error: 1.1545e-08 - 64s/epoch - 1s/step
Epoch 97/150

Epoch 00097: mean_squared_error did not improve from 0.00000
63/63 - 64s - loss: 9.5638e-07 - mean_squared_error: 1.3720e-06 - val_loss: 9.6764e-09 - val_mean_squared_error: 9.6764e-09 - 64s/epoch - 1s/step
Epoch 98/150

Epoch 00098: mean_squared_error did not improve from 0.00000
63/63 - 64s - loss: 9.5619e-07 - mean_squared_error: 1.3719e-06 - val_loss: 9.1675e-09 - val_mean_squared_error: 9.1675e-09 - 64s/epoch - 1s/step
Epoch 99/150

Epoch 00099: mean_squared_error did not improve from 0.00000
63/63 - 64s - loss: 9.5620e-07 - mean_squared_error: 1.3719e-06 - val_loss: 8.4020e-09 - val_mean_squared_error: 8.4020e-09 - 64s/epoch - 1s/step
Epoch 100/150

Epoch 00100: mean_squared_error did not improve from 0.00000
63/63 - 64s - loss: 9.5732e-07 - mean_squared_error: 1.3727e-06 - val_loss: 9.5420e-09 - val_mean_squared_error: 9.5420e-09 - 64s/epoch - 1s/step
Epoch 101/150

Epoch 00101: mean_squared_error did not improve from 0.00000
63/63 - 64s - loss: 9.5677e-07 - mean_squared_error: 1.3723e-06 - val_loss: 8.5202e-09 - val_mean_squared_error: 8.5202e-09 - 64s/epoch - 1s/step
Epoch 102/150

Epoch 00102: mean_squared_error did not improve from 0.00000
63/63 - 64s - loss: 9.5589e-07 - mean_squared_error: 1.3717e-06 - val_loss: 8.3691e-09 - val_mean_squared_error: 8.3691e-09 - 64s/epoch - 1s/step
Epoch 103/150

Epoch 00103: mean_squared_error improved from 0.00000 to 0.00000, saving model to /gpfswork/rech/ynx/uds36vp/repos/wf-SEDs/projected_learning/wf-outputs/chkp/8_bins/chkp_callback_poly_1_cycles_256_proj_d2_3_cycle1
63/63 - 65s - loss: 9.5535e-07 - mean_squared_error: 1.3712e-06 - val_loss: 8.6370e-09 - val_mean_squared_error: 8.6370e-09 - 65s/epoch - 1s/step
Epoch 104/150

Epoch 00104: mean_squared_error did not improve from 0.00000
63/63 - 65s - loss: 9.5610e-07 - mean_squared_error: 1.3717e-06 - val_loss: 9.1922e-09 - val_mean_squared_error: 9.1922e-09 - 65s/epoch - 1s/step
Epoch 105/150

Epoch 00105: mean_squared_error did not improve from 0.00000
63/63 - 64s - loss: 9.5550e-07 - mean_squared_error: 1.3713e-06 - val_loss: 9.0436e-09 - val_mean_squared_error: 9.0436e-09 - 64s/epoch - 1s/step
Epoch 106/150

Epoch 00106: mean_squared_error did not improve from 0.00000
63/63 - 64s - loss: 9.5551e-07 - mean_squared_error: 1.3713e-06 - val_loss: 8.0387e-09 - val_mean_squared_error: 8.0387e-09 - 64s/epoch - 1s/step
Epoch 107/150

Epoch 00107: mean_squared_error improved from 0.00000 to 0.00000, saving model to /gpfswork/rech/ynx/uds36vp/repos/wf-SEDs/projected_learning/wf-outputs/chkp/8_bins/chkp_callback_poly_1_cycles_256_proj_d2_3_cycle1
63/63 - 64s - loss: 9.5502e-07 - mean_squared_error: 1.3709e-06 - val_loss: 9.0657e-09 - val_mean_squared_error: 9.0657e-09 - 64s/epoch - 1s/step
Epoch 108/150

Epoch 00108: mean_squared_error improved from 0.00000 to 0.00000, saving model to /gpfswork/rech/ynx/uds36vp/repos/wf-SEDs/projected_learning/wf-outputs/chkp/8_bins/chkp_callback_poly_1_cycles_256_proj_d2_3_cycle1
63/63 - 64s - loss: 9.5468e-07 - mean_squared_error: 1.3706e-06 - val_loss: 8.3745e-09 - val_mean_squared_error: 8.3745e-09 - 64s/epoch - 1s/step
Epoch 109/150

Epoch 00109: mean_squared_error improved from 0.00000 to 0.00000, saving model to /gpfswork/rech/ynx/uds36vp/repos/wf-SEDs/projected_learning/wf-outputs/chkp/8_bins/chkp_callback_poly_1_cycles_256_proj_d2_3_cycle1
63/63 - 64s - loss: 9.5455e-07 - mean_squared_error: 1.3705e-06 - val_loss: 8.2035e-09 - val_mean_squared_error: 8.2035e-09 - 64s/epoch - 1s/step
Epoch 110/150

Epoch 00110: mean_squared_error improved from 0.00000 to 0.00000, saving model to /gpfswork/rech/ynx/uds36vp/repos/wf-SEDs/projected_learning/wf-outputs/chkp/8_bins/chkp_callback_poly_1_cycles_256_proj_d2_3_cycle1
63/63 - 64s - loss: 9.5428e-07 - mean_squared_error: 1.3703e-06 - val_loss: 7.8084e-09 - val_mean_squared_error: 7.8084e-09 - 64s/epoch - 1s/step
Epoch 111/150

Epoch 00111: mean_squared_error did not improve from 0.00000
63/63 - 64s - loss: 9.5528e-07 - mean_squared_error: 1.3710e-06 - val_loss: 9.7096e-09 - val_mean_squared_error: 9.7096e-09 - 64s/epoch - 1s/step
Epoch 112/150

Epoch 00112: mean_squared_error did not improve from 0.00000
63/63 - 64s - loss: 9.5589e-07 - mean_squared_error: 1.3717e-06 - val_loss: 7.7331e-09 - val_mean_squared_error: 7.7331e-09 - 64s/epoch - 1s/step
Epoch 113/150

Epoch 00113: mean_squared_error improved from 0.00000 to 0.00000, saving model to /gpfswork/rech/ynx/uds36vp/repos/wf-SEDs/projected_learning/wf-outputs/chkp/8_bins/chkp_callback_poly_1_cycles_256_proj_d2_3_cycle1
63/63 - 65s - loss: 9.5398e-07 - mean_squared_error: 1.3701e-06 - val_loss: 7.6604e-09 - val_mean_squared_error: 7.6604e-09 - 65s/epoch - 1s/step
Epoch 114/150

Epoch 00114: mean_squared_error did not improve from 0.00000
63/63 - 64s - loss: 9.5424e-07 - mean_squared_error: 1.3702e-06 - val_loss: 8.1820e-09 - val_mean_squared_error: 8.1820e-09 - 64s/epoch - 1s/step
Epoch 115/150

Epoch 00115: mean_squared_error did not improve from 0.00000
63/63 - 64s - loss: 9.5459e-07 - mean_squared_error: 1.3705e-06 - val_loss: 7.9736e-09 - val_mean_squared_error: 7.9736e-09 - 64s/epoch - 1s/step
Epoch 116/150

Epoch 00116: mean_squared_error improved from 0.00000 to 0.00000, saving model to /gpfswork/rech/ynx/uds36vp/repos/wf-SEDs/projected_learning/wf-outputs/chkp/8_bins/chkp_callback_poly_1_cycles_256_proj_d2_3_cycle1
63/63 - 64s - loss: 9.5403e-07 - mean_squared_error: 1.3700e-06 - val_loss: 7.1889e-09 - val_mean_squared_error: 7.1889e-09 - 64s/epoch - 1s/step
Epoch 117/150

Epoch 00117: mean_squared_error did not improve from 0.00000
63/63 - 64s - loss: 9.5433e-07 - mean_squared_error: 1.3703e-06 - val_loss: 8.1884e-09 - val_mean_squared_error: 8.1884e-09 - 64s/epoch - 1s/step
Epoch 118/150

Epoch 00118: mean_squared_error did not improve from 0.00000
63/63 - 64s - loss: 9.5449e-07 - mean_squared_error: 1.3705e-06 - val_loss: 9.0565e-09 - val_mean_squared_error: 9.0565e-09 - 64s/epoch - 1s/step
Epoch 119/150

Epoch 00119: mean_squared_error did not improve from 0.00000
63/63 - 64s - loss: 9.5414e-07 - mean_squared_error: 1.3701e-06 - val_loss: 7.8390e-09 - val_mean_squared_error: 7.8390e-09 - 64s/epoch - 1s/step
Epoch 120/150

Epoch 00120: mean_squared_error did not improve from 0.00000
63/63 - 64s - loss: 9.5405e-07 - mean_squared_error: 1.3701e-06 - val_loss: 8.1299e-09 - val_mean_squared_error: 8.1299e-09 - 64s/epoch - 1s/step
Epoch 121/150

Epoch 00121: mean_squared_error improved from 0.00000 to 0.00000, saving model to /gpfswork/rech/ynx/uds36vp/repos/wf-SEDs/projected_learning/wf-outputs/chkp/8_bins/chkp_callback_poly_1_cycles_256_proj_d2_3_cycle1
63/63 - 64s - loss: 9.5388e-07 - mean_squared_error: 1.3699e-06 - val_loss: 8.2945e-09 - val_mean_squared_error: 8.2945e-09 - 64s/epoch - 1s/step
Epoch 122/150

Epoch 00122: mean_squared_error improved from 0.00000 to 0.00000, saving model to /gpfswork/rech/ynx/uds36vp/repos/wf-SEDs/projected_learning/wf-outputs/chkp/8_bins/chkp_callback_poly_1_cycles_256_proj_d2_3_cycle1
63/63 - 64s - loss: 9.5373e-07 - mean_squared_error: 1.3698e-06 - val_loss: 7.5379e-09 - val_mean_squared_error: 7.5379e-09 - 64s/epoch - 1s/step
Epoch 123/150

Epoch 00123: mean_squared_error improved from 0.00000 to 0.00000, saving model to /gpfswork/rech/ynx/uds36vp/repos/wf-SEDs/projected_learning/wf-outputs/chkp/8_bins/chkp_callback_poly_1_cycles_256_proj_d2_3_cycle1
63/63 - 64s - loss: 9.5355e-07 - mean_squared_error: 1.3697e-06 - val_loss: 8.0072e-09 - val_mean_squared_error: 8.0072e-09 - 64s/epoch - 1s/step
Epoch 124/150

Epoch 00124: mean_squared_error did not improve from 0.00000
63/63 - 64s - loss: 9.5374e-07 - mean_squared_error: 1.3699e-06 - val_loss: 7.7584e-09 - val_mean_squared_error: 7.7584e-09 - 64s/epoch - 1s/step
Epoch 125/150

Epoch 00125: mean_squared_error did not improve from 0.00000
63/63 - 64s - loss: 9.5472e-07 - mean_squared_error: 1.3705e-06 - val_loss: 1.0460e-08 - val_mean_squared_error: 1.0460e-08 - 64s/epoch - 1s/step
Epoch 126/150

Epoch 00126: mean_squared_error did not improve from 0.00000
63/63 - 64s - loss: 9.5847e-07 - mean_squared_error: 1.3734e-06 - val_loss: 1.1125e-08 - val_mean_squared_error: 1.1125e-08 - 64s/epoch - 1s/step
Epoch 127/150

Epoch 00127: mean_squared_error did not improve from 0.00000
63/63 - 64s - loss: 9.5569e-07 - mean_squared_error: 1.3712e-06 - val_loss: 7.8658e-09 - val_mean_squared_error: 7.8658e-09 - 64s/epoch - 1s/step
Epoch 128/150

Epoch 00128: mean_squared_error improved from 0.00000 to 0.00000, saving model to /gpfswork/rech/ynx/uds36vp/repos/wf-SEDs/projected_learning/wf-outputs/chkp/8_bins/chkp_callback_poly_1_cycles_256_proj_d2_3_cycle1
63/63 - 64s - loss: 9.5351e-07 - mean_squared_error: 1.3696e-06 - val_loss: 7.2816e-09 - val_mean_squared_error: 7.2816e-09 - 64s/epoch - 1s/step
Epoch 129/150

Epoch 00129: mean_squared_error did not improve from 0.00000
63/63 - 64s - loss: 9.5369e-07 - mean_squared_error: 1.3697e-06 - val_loss: 7.7227e-09 - val_mean_squared_error: 7.7227e-09 - 64s/epoch - 1s/step
Epoch 130/150

Epoch 00130: mean_squared_error improved from 0.00000 to 0.00000, saving model to /gpfswork/rech/ynx/uds36vp/repos/wf-SEDs/projected_learning/wf-outputs/chkp/8_bins/chkp_callback_poly_1_cycles_256_proj_d2_3_cycle1
63/63 - 64s - loss: 9.5334e-07 - mean_squared_error: 1.3695e-06 - val_loss: 7.3534e-09 - val_mean_squared_error: 7.3534e-09 - 64s/epoch - 1s/step
Epoch 131/150

Epoch 00131: mean_squared_error improved from 0.00000 to 0.00000, saving model to /gpfswork/rech/ynx/uds36vp/repos/wf-SEDs/projected_learning/wf-outputs/chkp/8_bins/chkp_callback_poly_1_cycles_256_proj_d2_3_cycle1
63/63 - 64s - loss: 9.5314e-07 - mean_squared_error: 1.3692e-06 - val_loss: 8.2385e-09 - val_mean_squared_error: 8.2385e-09 - 64s/epoch - 1s/step
Epoch 132/150

Epoch 00132: mean_squared_error did not improve from 0.00000
63/63 - 64s - loss: 9.5390e-07 - mean_squared_error: 1.3698e-06 - val_loss: 6.9213e-09 - val_mean_squared_error: 6.9213e-09 - 64s/epoch - 1s/step
Epoch 133/150

Epoch 00133: mean_squared_error did not improve from 0.00000
63/63 - 64s - loss: 9.5312e-07 - mean_squared_error: 1.3693e-06 - val_loss: 7.0647e-09 - val_mean_squared_error: 7.0647e-09 - 64s/epoch - 1s/step
Epoch 134/150

Epoch 00134: mean_squared_error did not improve from 0.00000
63/63 - 65s - loss: 9.5389e-07 - mean_squared_error: 1.3699e-06 - val_loss: 7.7402e-09 - val_mean_squared_error: 7.7402e-09 - 65s/epoch - 1s/step
Epoch 135/150

Epoch 00135: mean_squared_error improved from 0.00000 to 0.00000, saving model to /gpfswork/rech/ynx/uds36vp/repos/wf-SEDs/projected_learning/wf-outputs/chkp/8_bins/chkp_callback_poly_1_cycles_256_proj_d2_3_cycle1
63/63 - 65s - loss: 9.5301e-07 - mean_squared_error: 1.3692e-06 - val_loss: 6.8989e-09 - val_mean_squared_error: 6.8989e-09 - 65s/epoch - 1s/step
Epoch 136/150

Epoch 00136: mean_squared_error did not improve from 0.00000
63/63 - 64s - loss: 9.5299e-07 - mean_squared_error: 1.3692e-06 - val_loss: 7.5227e-09 - val_mean_squared_error: 7.5227e-09 - 64s/epoch - 1s/step
Epoch 137/150

Epoch 00137: mean_squared_error did not improve from 0.00000
63/63 - 65s - loss: 9.5360e-07 - mean_squared_error: 1.3696e-06 - val_loss: 6.6395e-09 - val_mean_squared_error: 6.6395e-09 - 65s/epoch - 1s/step
Epoch 138/150

Epoch 00138: mean_squared_error did not improve from 0.00000
63/63 - 64s - loss: 9.5331e-07 - mean_squared_error: 1.3694e-06 - val_loss: 8.1583e-09 - val_mean_squared_error: 8.1583e-09 - 64s/epoch - 1s/step
Epoch 139/150

Epoch 00139: mean_squared_error did not improve from 0.00000
63/63 - 64s - loss: 9.5439e-07 - mean_squared_error: 1.3701e-06 - val_loss: 8.3693e-09 - val_mean_squared_error: 8.3693e-09 - 64s/epoch - 1s/step
Epoch 140/150

Epoch 00140: mean_squared_error did not improve from 0.00000
63/63 - 68s - loss: 9.5427e-07 - mean_squared_error: 1.3699e-06 - val_loss: 7.6493e-09 - val_mean_squared_error: 7.6493e-09 - 68s/epoch - 1s/step
Epoch 141/150

Epoch 00141: mean_squared_error improved from 0.00000 to 0.00000, saving model to /gpfswork/rech/ynx/uds36vp/repos/wf-SEDs/projected_learning/wf-outputs/chkp/8_bins/chkp_callback_poly_1_cycles_256_proj_d2_3_cycle1
63/63 - 65s - loss: 9.5290e-07 - mean_squared_error: 1.3691e-06 - val_loss: 6.9896e-09 - val_mean_squared_error: 6.9896e-09 - 65s/epoch - 1s/step
Epoch 142/150

Epoch 00142: mean_squared_error did not improve from 0.00000
63/63 - 64s - loss: 9.5349e-07 - mean_squared_error: 1.3694e-06 - val_loss: 7.2105e-09 - val_mean_squared_error: 7.2105e-09 - 64s/epoch - 1s/step
Epoch 143/150

Epoch 00143: mean_squared_error did not improve from 0.00000
63/63 - 64s - loss: 9.5297e-07 - mean_squared_error: 1.3692e-06 - val_loss: 7.4184e-09 - val_mean_squared_error: 7.4184e-09 - 64s/epoch - 1s/step
Epoch 144/150

Epoch 00144: mean_squared_error did not improve from 0.00000
63/63 - 65s - loss: 1.0496e-06 - mean_squared_error: 1.4335e-06 - val_loss: 1.8072e-07 - val_mean_squared_error: 1.8072e-07 - 65s/epoch - 1s/step
Epoch 145/150

Epoch 00145: mean_squared_error did not improve from 0.00000
63/63 - 61s - loss: 9.9562e-07 - mean_squared_error: 1.4023e-06 - val_loss: 1.2685e-08 - val_mean_squared_error: 1.2685e-08 - 61s/epoch - 967ms/step
Epoch 146/150

Epoch 00146: mean_squared_error did not improve from 0.00000
63/63 - 59s - loss: 9.5694e-07 - mean_squared_error: 1.3721e-06 - val_loss: 8.9097e-09 - val_mean_squared_error: 8.9097e-09 - 59s/epoch - 929ms/step
Epoch 147/150

Epoch 00147: mean_squared_error did not improve from 0.00000
63/63 - 59s - loss: 9.5504e-07 - mean_squared_error: 1.3706e-06 - val_loss: 7.9006e-09 - val_mean_squared_error: 7.9006e-09 - 59s/epoch - 932ms/step
Epoch 148/150

Epoch 00148: mean_squared_error did not improve from 0.00000
63/63 - 56s - loss: 9.5403e-07 - mean_squared_error: 1.3699e-06 - val_loss: 7.8082e-09 - val_mean_squared_error: 7.8082e-09 - 56s/epoch - 884ms/step
Epoch 149/150

Epoch 00149: mean_squared_error did not improve from 0.00000
63/63 - 54s - loss: 9.5392e-07 - mean_squared_error: 1.3699e-06 - val_loss: 8.0035e-09 - val_mean_squared_error: 8.0035e-09 - 54s/epoch - 862ms/step
Epoch 150/150

Epoch 00150: mean_squared_error did not improve from 0.00000
63/63 - 54s - loss: 9.5395e-07 - mean_squared_error: 1.3698e-06 - val_loss: 6.9337e-09 - val_mean_squared_error: 6.9337e-09 - 54s/epoch - 865ms/step
Cycle1 elapsed time: 11597.028850

Total elapsed time: 11600.724704

 Good bye..
