Starting the log file.
Found GPU at: /device:GPU:0
tf_version: 2.7.0
Dataset parameters:
{'d_max': 2, 'max_order': 45, 'x_lims': [0, 1000.0], 'y_lims': [0, 1000.0], 'grid_points': [4, 4], 'n_bins': 350, 'max_wfe_rms': 0.1, 'oversampling_rate': 3.0, 'output_Q': 3.0, 'output_dim': 32, 'LP_filter_length': 2, 'pupil_diameter': 256, 'euclid_obsc': True, 'n_stars': 2000}

***
Metric evaluation on the test dataset
***

Absolute RMSE:	 1.3056e-04 	 +/- 2.4265e-05
Relative RMSE:	 1.7576e+00 % 	 +/- 4.3072e-01 %
Absolute RMSE:	 1.6320e-01 	 +/- 2.5394e-02
Relative RMSE:	 2.0841e+02 % 	 +/- 1.5206e+01 %

Pixel star absolute RMSE:	 4.2822e-05 	 +/- 7.9860e-06 
Pixel star relative RMSE:	 2.8286e+00 % 	 +/- 6.4403e-01 %

sigma(e1) RMSE =		 7.0318e-03 	 +/- 6.7037e-03 
sigma(e2) RMSE =		 4.0639e-03 	 +/- 3.6844e-03 
sigma(R2)/<R2> =		 1.4146e-02 	 +/- 1.3578e-02 

Relative sigma(e1) RMSE =	 2.4544e+02 % 	 +/- 2.4503e+02 %
Relative sigma(e2) RMSE =	 1.2638e+03 % 	 +/- 1.2623e+03 %

Total number of stars: 		400
Problematic number of stars: 	1

***
Metric evaluation on the train dataset
***

Absolute RMSE:	 1.3102e-04 	 +/- 2.5870e-05
Relative RMSE:	 1.7715e+00 % 	 +/- 5.0039e-01 %
Absolute RMSE:	 1.6267e-01 	 +/- 2.5837e-02
Relative RMSE:	 2.0821e+02 % 	 +/- 1.4619e+01 %

Pixel star absolute RMSE:	 4.2863e-05 	 +/- 8.1576e-06 
Pixel star relative RMSE:	 2.8374e+00 % 	 +/- 7.2522e-01 %

sigma(e1) RMSE =		 9.6846e-03 	 +/- 9.5217e-03 
sigma(e2) RMSE =		 5.8271e-03 	 +/- 5.5825e-03 
sigma(R2)/<R2> =		 5.1295e-02 	 +/- 2.1298e-02 

Relative sigma(e1) RMSE =	 9.9402e+02 % 	 +/- 9.9401e+02 %
Relative sigma(e2) RMSE =	 4.9608e+03 % 	 +/- 4.9606e+03 %

Total number of stars: 		2000
Problematic number of stars: 	0

Total elapsed time: 1866.059803

 Good bye..
