Starting the log file.
Found GPU at: /device:GPU:0
tf_version: 2.7.0
Dataset parameters:
{'d_max': 2, 'max_order': 45, 'x_lims': [0, 1000.0], 'y_lims': [0, 1000.0], 'grid_points': [4, 4], 'n_bins': 350, 'max_wfe_rms': 0.1, 'oversampling_rate': 3.0, 'output_Q': 3.0, 'output_dim': 32, 'LP_filter_length': 2, 'pupil_diameter': 256, 'euclid_obsc': True, 'n_stars': 2000}

***
Metric evaluation on the test dataset
***

Absolute RMSE:	 1.3398e-04 	 +/- 2.6651e-05
Relative RMSE:	 1.8109e+00 % 	 +/- 4.9965e-01 %
Absolute RMSE:	 1.3669e-01 	 +/- 1.7498e-02
Relative RMSE:	 1.7539e+02 % 	 +/- 1.4513e+01 %

Pixel star absolute RMSE:	 4.7386e-05 	 +/- 1.3337e-05 
Pixel star relative RMSE:	 3.1561e+00 % 	 +/- 1.1348e+00 %

sigma(e1) RMSE =		 7.6848e-03 	 +/- 7.1286e-03 
sigma(e2) RMSE =		 2.1804e-03 	 +/- 2.0969e-03 
sigma(R2)/<R2> =		 2.5179e-02 	 +/- 1.5360e-02 

Relative sigma(e1) RMSE =	 3.0211e+02 % 	 +/- 3.0053e+02 %
Relative sigma(e2) RMSE =	 4.1649e+02 % 	 +/- 4.1601e+02 %

Total number of stars: 		400
Problematic number of stars: 	1

***
Metric evaluation on the train dataset
***

Absolute RMSE:	 1.3474e-04 	 +/- 2.8121e-05
Relative RMSE:	 1.8282e+00 % 	 +/- 5.6439e-01 %
Absolute RMSE:	 1.3685e-01 	 +/- 1.8359e-02
Relative RMSE:	 1.7604e+02 % 	 +/- 1.5534e+01 %

Pixel star absolute RMSE:	 4.7632e-05 	 +/- 1.4369e-05 
Pixel star relative RMSE:	 3.1878e+00 % 	 +/- 1.3136e+00 %

sigma(e1) RMSE =		 7.3082e-03 	 +/- 6.6795e-03 
sigma(e2) RMSE =		 2.4586e-03 	 +/- 2.3691e-03 
sigma(R2)/<R2> =		 3.0850e-02 	 +/- 1.8095e-02 

Relative sigma(e1) RMSE =	 2.2971e+03 % 	 +/- 2.2950e+03 %
Relative sigma(e2) RMSE =	 1.7322e+03 % 	 +/- 1.7318e+03 %

Total number of stars: 		2000
Problematic number of stars: 	0

Total elapsed time: 1909.305100

 Good bye..
