Starting the log file.
Found GPU at: /device:GPU:0
tf_version: 2.7.0
Zernike cube:
(15, 256, 256)
Dataset parameters:
{'d_max': 2, 'max_order': 45, 'x_lims': [0, 1000.0], 'y_lims': [0, 1000.0], 'grid_points': [4, 4], 'n_bins': 350, 'max_wfe_rms': 0.1, 'oversampling_rate': 3.0, 'output_Q': 3.0, 'output_dim': 32, 'LP_filter_length': 2, 'pupil_diameter': 256, 'euclid_obsc': True, 'n_stars': 2000}
Starting cycle 1..
Starting parametric update..
Epoch 1/10

Epoch 00001: mean_squared_error improved from inf to 0.00001, saving model to /gpfswork/rech/ynx/uds36vp/repos/wf-SEDs/projected_learning/wf-outputs/chkp/8_bins/chkp_callback_poly_5_cycles_256_no_proj_d2_1_cycle1
63/63 - 64s - loss: 8.5242e-06 - mean_squared_error: 7.9034e-06 - val_loss: 2.2309e-06 - val_mean_squared_error: 2.2309e-06 - 64s/epoch - 1s/step
Epoch 2/10

Epoch 00002: mean_squared_error improved from 0.00001 to 0.00000, saving model to /gpfswork/rech/ynx/uds36vp/repos/wf-SEDs/projected_learning/wf-outputs/chkp/8_bins/chkp_callback_poly_5_cycles_256_no_proj_d2_1_cycle1
63/63 - 58s - loss: 2.8132e-06 - mean_squared_error: 3.0209e-06 - val_loss: 1.2865e-06 - val_mean_squared_error: 1.2865e-06 - 58s/epoch - 922ms/step
Epoch 3/10

Epoch 00003: mean_squared_error improved from 0.00000 to 0.00000, saving model to /gpfswork/rech/ynx/uds36vp/repos/wf-SEDs/projected_learning/wf-outputs/chkp/8_bins/chkp_callback_poly_5_cycles_256_no_proj_d2_1_cycle1
63/63 - 58s - loss: 2.2667e-06 - mean_squared_error: 2.5197e-06 - val_loss: 1.0418e-06 - val_mean_squared_error: 1.0418e-06 - 58s/epoch - 921ms/step
Epoch 4/10

Epoch 00004: mean_squared_error improved from 0.00000 to 0.00000, saving model to /gpfswork/rech/ynx/uds36vp/repos/wf-SEDs/projected_learning/wf-outputs/chkp/8_bins/chkp_callback_poly_5_cycles_256_no_proj_d2_1_cycle1
63/63 - 58s - loss: 2.0574e-06 - mean_squared_error: 2.3103e-06 - val_loss: 8.7488e-07 - val_mean_squared_error: 8.7488e-07 - 58s/epoch - 923ms/step
Epoch 5/10

Epoch 00005: mean_squared_error improved from 0.00000 to 0.00000, saving model to /gpfswork/rech/ynx/uds36vp/repos/wf-SEDs/projected_learning/wf-outputs/chkp/8_bins/chkp_callback_poly_5_cycles_256_no_proj_d2_1_cycle1
63/63 - 58s - loss: 1.9188e-06 - mean_squared_error: 2.1847e-06 - val_loss: 8.1057e-07 - val_mean_squared_error: 8.1057e-07 - 58s/epoch - 924ms/step
Epoch 6/10

Epoch 00006: mean_squared_error improved from 0.00000 to 0.00000, saving model to /gpfswork/rech/ynx/uds36vp/repos/wf-SEDs/projected_learning/wf-outputs/chkp/8_bins/chkp_callback_poly_5_cycles_256_no_proj_d2_1_cycle1
63/63 - 58s - loss: 1.8766e-06 - mean_squared_error: 2.1458e-06 - val_loss: 7.9164e-07 - val_mean_squared_error: 7.9164e-07 - 58s/epoch - 926ms/step
Epoch 7/10

Epoch 00007: mean_squared_error improved from 0.00000 to 0.00000, saving model to /gpfswork/rech/ynx/uds36vp/repos/wf-SEDs/projected_learning/wf-outputs/chkp/8_bins/chkp_callback_poly_5_cycles_256_no_proj_d2_1_cycle1
63/63 - 59s - loss: 1.8665e-06 - mean_squared_error: 2.1317e-06 - val_loss: 8.0139e-07 - val_mean_squared_error: 8.0139e-07 - 59s/epoch - 932ms/step
Epoch 8/10

Epoch 00008: mean_squared_error did not improve from 0.00000
63/63 - 59s - loss: 1.9529e-06 - mean_squared_error: 2.2077e-06 - val_loss: 8.7318e-07 - val_mean_squared_error: 8.7318e-07 - 59s/epoch - 933ms/step
Epoch 9/10

Epoch 00009: mean_squared_error did not improve from 0.00000
63/63 - 59s - loss: 1.8747e-06 - mean_squared_error: 2.1366e-06 - val_loss: 8.2432e-07 - val_mean_squared_error: 8.2432e-07 - 59s/epoch - 933ms/step
Epoch 10/10

Epoch 00010: mean_squared_error did not improve from 0.00000
63/63 - 59s - loss: 1.8850e-06 - mean_squared_error: 2.1472e-06 - val_loss: 7.5725e-07 - val_mean_squared_error: 7.5725e-07 - 59s/epoch - 929ms/step
Starting non-parametric update..
Epoch 1/25

Epoch 00001: mean_squared_error improved from 0.00000 to 0.00000, saving model to /gpfswork/rech/ynx/uds36vp/repos/wf-SEDs/projected_learning/wf-outputs/chkp/8_bins/chkp_callback_poly_5_cycles_256_no_proj_d2_1_cycle1
63/63 - 61s - loss: 1.8028e-06 - mean_squared_error: 2.0786e-06 - val_loss: 6.7064e-07 - val_mean_squared_error: 6.7064e-07 - 61s/epoch - 965ms/step
Epoch 2/25

Epoch 00002: mean_squared_error improved from 0.00000 to 0.00000, saving model to /gpfswork/rech/ynx/uds36vp/repos/wf-SEDs/projected_learning/wf-outputs/chkp/8_bins/chkp_callback_poly_5_cycles_256_no_proj_d2_1_cycle1
63/63 - 58s - loss: 1.6923e-06 - mean_squared_error: 1.9902e-06 - val_loss: 5.8441e-07 - val_mean_squared_error: 5.8441e-07 - 58s/epoch - 919ms/step
Epoch 3/25

Epoch 00003: mean_squared_error improved from 0.00000 to 0.00000, saving model to /gpfswork/rech/ynx/uds36vp/repos/wf-SEDs/projected_learning/wf-outputs/chkp/8_bins/chkp_callback_poly_5_cycles_256_no_proj_d2_1_cycle1
63/63 - 57s - loss: 1.5617e-06 - mean_squared_error: 1.8889e-06 - val_loss: 4.7101e-07 - val_mean_squared_error: 4.7101e-07 - 57s/epoch - 911ms/step
Epoch 4/25

Epoch 00004: mean_squared_error improved from 0.00000 to 0.00000, saving model to /gpfswork/rech/ynx/uds36vp/repos/wf-SEDs/projected_learning/wf-outputs/chkp/8_bins/chkp_callback_poly_5_cycles_256_no_proj_d2_1_cycle1
63/63 - 57s - loss: 1.4349e-06 - mean_squared_error: 1.7815e-06 - val_loss: 3.7793e-07 - val_mean_squared_error: 3.7793e-07 - 57s/epoch - 905ms/step
Epoch 5/25

Epoch 00005: mean_squared_error improved from 0.00000 to 0.00000, saving model to /gpfswork/rech/ynx/uds36vp/repos/wf-SEDs/projected_learning/wf-outputs/chkp/8_bins/chkp_callback_poly_5_cycles_256_no_proj_d2_1_cycle1
63/63 - 58s - loss: 1.3426e-06 - mean_squared_error: 1.7042e-06 - val_loss: 3.1425e-07 - val_mean_squared_error: 3.1425e-07 - 58s/epoch - 913ms/step
Epoch 6/25

Epoch 00006: mean_squared_error improved from 0.00000 to 0.00000, saving model to /gpfswork/rech/ynx/uds36vp/repos/wf-SEDs/projected_learning/wf-outputs/chkp/8_bins/chkp_callback_poly_5_cycles_256_no_proj_d2_1_cycle1
63/63 - 57s - loss: 1.2761e-06 - mean_squared_error: 1.6477e-06 - val_loss: 2.6118e-07 - val_mean_squared_error: 2.6118e-07 - 57s/epoch - 911ms/step
Epoch 7/25

Epoch 00007: mean_squared_error improved from 0.00000 to 0.00000, saving model to /gpfswork/rech/ynx/uds36vp/repos/wf-SEDs/projected_learning/wf-outputs/chkp/8_bins/chkp_callback_poly_5_cycles_256_no_proj_d2_1_cycle1
63/63 - 57s - loss: 1.2224e-06 - mean_squared_error: 1.6003e-06 - val_loss: 2.2020e-07 - val_mean_squared_error: 2.2020e-07 - 57s/epoch - 910ms/step
Epoch 8/25

Epoch 00008: mean_squared_error improved from 0.00000 to 0.00000, saving model to /gpfswork/rech/ynx/uds36vp/repos/wf-SEDs/projected_learning/wf-outputs/chkp/8_bins/chkp_callback_poly_5_cycles_256_no_proj_d2_1_cycle1
63/63 - 58s - loss: 1.1808e-06 - mean_squared_error: 1.5640e-06 - val_loss: 1.8958e-07 - val_mean_squared_error: 1.8958e-07 - 58s/epoch - 913ms/step
Epoch 9/25

Epoch 00009: mean_squared_error improved from 0.00000 to 0.00000, saving model to /gpfswork/rech/ynx/uds36vp/repos/wf-SEDs/projected_learning/wf-outputs/chkp/8_bins/chkp_callback_poly_5_cycles_256_no_proj_d2_1_cycle1
63/63 - 57s - loss: 1.1488e-06 - mean_squared_error: 1.5361e-06 - val_loss: 1.6425e-07 - val_mean_squared_error: 1.6425e-07 - 57s/epoch - 912ms/step
Epoch 10/25

Epoch 00010: mean_squared_error improved from 0.00000 to 0.00000, saving model to /gpfswork/rech/ynx/uds36vp/repos/wf-SEDs/projected_learning/wf-outputs/chkp/8_bins/chkp_callback_poly_5_cycles_256_no_proj_d2_1_cycle1
63/63 - 57s - loss: 1.1245e-06 - mean_squared_error: 1.5151e-06 - val_loss: 1.4742e-07 - val_mean_squared_error: 1.4742e-07 - 57s/epoch - 908ms/step
Epoch 11/25

Epoch 00011: mean_squared_error improved from 0.00000 to 0.00000, saving model to /gpfswork/rech/ynx/uds36vp/repos/wf-SEDs/projected_learning/wf-outputs/chkp/8_bins/chkp_callback_poly_5_cycles_256_no_proj_d2_1_cycle1
63/63 - 57s - loss: 1.1046e-06 - mean_squared_error: 1.4983e-06 - val_loss: 1.3169e-07 - val_mean_squared_error: 1.3169e-07 - 57s/epoch - 905ms/step
Epoch 12/25

Epoch 00012: mean_squared_error improved from 0.00000 to 0.00000, saving model to /gpfswork/rech/ynx/uds36vp/repos/wf-SEDs/projected_learning/wf-outputs/chkp/8_bins/chkp_callback_poly_5_cycles_256_no_proj_d2_1_cycle1
63/63 - 57s - loss: 1.0875e-06 - mean_squared_error: 1.4843e-06 - val_loss: 1.1736e-07 - val_mean_squared_error: 1.1736e-07 - 57s/epoch - 905ms/step
Epoch 13/25

Epoch 00013: mean_squared_error improved from 0.00000 to 0.00000, saving model to /gpfswork/rech/ynx/uds36vp/repos/wf-SEDs/projected_learning/wf-outputs/chkp/8_bins/chkp_callback_poly_5_cycles_256_no_proj_d2_1_cycle1
63/63 - 57s - loss: 1.0730e-06 - mean_squared_error: 1.4721e-06 - val_loss: 1.0581e-07 - val_mean_squared_error: 1.0581e-07 - 57s/epoch - 905ms/step
Epoch 14/25

Epoch 00014: mean_squared_error improved from 0.00000 to 0.00000, saving model to /gpfswork/rech/ynx/uds36vp/repos/wf-SEDs/projected_learning/wf-outputs/chkp/8_bins/chkp_callback_poly_5_cycles_256_no_proj_d2_1_cycle1
63/63 - 57s - loss: 1.0613e-06 - mean_squared_error: 1.4625e-06 - val_loss: 9.6692e-08 - val_mean_squared_error: 9.6692e-08 - 57s/epoch - 908ms/step
Epoch 15/25

Epoch 00015: mean_squared_error improved from 0.00000 to 0.00000, saving model to /gpfswork/rech/ynx/uds36vp/repos/wf-SEDs/projected_learning/wf-outputs/chkp/8_bins/chkp_callback_poly_5_cycles_256_no_proj_d2_1_cycle1
63/63 - 57s - loss: 1.0508e-06 - mean_squared_error: 1.4539e-06 - val_loss: 8.8481e-08 - val_mean_squared_error: 8.8481e-08 - 57s/epoch - 911ms/step
Epoch 16/25

Epoch 00016: mean_squared_error improved from 0.00000 to 0.00000, saving model to /gpfswork/rech/ynx/uds36vp/repos/wf-SEDs/projected_learning/wf-outputs/chkp/8_bins/chkp_callback_poly_5_cycles_256_no_proj_d2_1_cycle1
63/63 - 58s - loss: 1.0426e-06 - mean_squared_error: 1.4469e-06 - val_loss: 8.2813e-08 - val_mean_squared_error: 8.2813e-08 - 58s/epoch - 914ms/step
Epoch 17/25

Epoch 00017: mean_squared_error improved from 0.00000 to 0.00000, saving model to /gpfswork/rech/ynx/uds36vp/repos/wf-SEDs/projected_learning/wf-outputs/chkp/8_bins/chkp_callback_poly_5_cycles_256_no_proj_d2_1_cycle1
63/63 - 58s - loss: 1.0374e-06 - mean_squared_error: 1.4425e-06 - val_loss: 7.5588e-08 - val_mean_squared_error: 7.5588e-08 - 58s/epoch - 916ms/step
Epoch 18/25

Epoch 00018: mean_squared_error improved from 0.00000 to 0.00000, saving model to /gpfswork/rech/ynx/uds36vp/repos/wf-SEDs/projected_learning/wf-outputs/chkp/8_bins/chkp_callback_poly_5_cycles_256_no_proj_d2_1_cycle1
63/63 - 58s - loss: 1.0294e-06 - mean_squared_error: 1.4357e-06 - val_loss: 7.0655e-08 - val_mean_squared_error: 7.0655e-08 - 58s/epoch - 914ms/step
Epoch 19/25

Epoch 00019: mean_squared_error improved from 0.00000 to 0.00000, saving model to /gpfswork/rech/ynx/uds36vp/repos/wf-SEDs/projected_learning/wf-outputs/chkp/8_bins/chkp_callback_poly_5_cycles_256_no_proj_d2_1_cycle1
63/63 - 57s - loss: 1.0237e-06 - mean_squared_error: 1.4310e-06 - val_loss: 6.6049e-08 - val_mean_squared_error: 6.6049e-08 - 57s/epoch - 907ms/step
Epoch 20/25

Epoch 00020: mean_squared_error improved from 0.00000 to 0.00000, saving model to /gpfswork/rech/ynx/uds36vp/repos/wf-SEDs/projected_learning/wf-outputs/chkp/8_bins/chkp_callback_poly_5_cycles_256_no_proj_d2_1_cycle1
63/63 - 57s - loss: 1.0187e-06 - mean_squared_error: 1.4266e-06 - val_loss: 6.2044e-08 - val_mean_squared_error: 6.2044e-08 - 57s/epoch - 906ms/step
Epoch 21/25

Epoch 00021: mean_squared_error improved from 0.00000 to 0.00000, saving model to /gpfswork/rech/ynx/uds36vp/repos/wf-SEDs/projected_learning/wf-outputs/chkp/8_bins/chkp_callback_poly_5_cycles_256_no_proj_d2_1_cycle1
63/63 - 57s - loss: 1.0141e-06 - mean_squared_error: 1.4227e-06 - val_loss: 5.7213e-08 - val_mean_squared_error: 5.7213e-08 - 57s/epoch - 905ms/step
Epoch 22/25

Epoch 00022: mean_squared_error did not improve from 0.00000
63/63 - 57s - loss: 1.0160e-06 - mean_squared_error: 1.4233e-06 - val_loss: 6.5788e-08 - val_mean_squared_error: 6.5788e-08 - 57s/epoch - 912ms/step
Epoch 23/25

Epoch 00023: mean_squared_error did not improve from 0.00000
63/63 - 57s - loss: 1.0204e-06 - mean_squared_error: 1.4261e-06 - val_loss: 6.2263e-08 - val_mean_squared_error: 6.2263e-08 - 57s/epoch - 910ms/step
Epoch 24/25

Epoch 00024: mean_squared_error improved from 0.00000 to 0.00000, saving model to /gpfswork/rech/ynx/uds36vp/repos/wf-SEDs/projected_learning/wf-outputs/chkp/8_bins/chkp_callback_poly_5_cycles_256_no_proj_d2_1_cycle1
63/63 - 57s - loss: 1.0100e-06 - mean_squared_error: 1.4182e-06 - val_loss: 5.0383e-08 - val_mean_squared_error: 5.0383e-08 - 57s/epoch - 906ms/step
Epoch 25/25

Epoch 00025: mean_squared_error improved from 0.00000 to 0.00000, saving model to /gpfswork/rech/ynx/uds36vp/repos/wf-SEDs/projected_learning/wf-outputs/chkp/8_bins/chkp_callback_poly_5_cycles_256_no_proj_d2_1_cycle1
63/63 - 57s - loss: 1.0040e-06 - mean_squared_error: 1.4137e-06 - val_loss: 4.7380e-08 - val_mean_squared_error: 4.7380e-08 - 57s/epoch - 902ms/step
Cycle1 elapsed time: 2030.750573
Starting cycle 2..
Starting parametric update..
Epoch 1/5

Epoch 00001: mean_squared_error improved from inf to 0.00000, saving model to /gpfswork/rech/ynx/uds36vp/repos/wf-SEDs/projected_learning/wf-outputs/chkp/8_bins/chkp_callback_poly_5_cycles_256_no_proj_d2_1_cycle2
63/63 - 64s - loss: 1.0020e-06 - mean_squared_error: 1.4125e-06 - val_loss: 5.1132e-08 - val_mean_squared_error: 5.1132e-08 - 64s/epoch - 1s/step
Epoch 2/5

Epoch 00002: mean_squared_error did not improve from 0.00000
63/63 - 61s - loss: 1.0128e-06 - mean_squared_error: 1.4217e-06 - val_loss: 6.7107e-08 - val_mean_squared_error: 6.7107e-08 - 61s/epoch - 972ms/step
Epoch 3/5

Epoch 00003: mean_squared_error did not improve from 0.00000
63/63 - 61s - loss: 1.0219e-06 - mean_squared_error: 1.4299e-06 - val_loss: 8.0421e-08 - val_mean_squared_error: 8.0421e-08 - 61s/epoch - 975ms/step
Epoch 4/5

Epoch 00004: mean_squared_error did not improve from 0.00000
63/63 - 61s - loss: 1.0331e-06 - mean_squared_error: 1.4377e-06 - val_loss: 6.0793e-08 - val_mean_squared_error: 6.0793e-08 - 61s/epoch - 973ms/step
Epoch 5/5

Epoch 00005: mean_squared_error did not improve from 0.00000
63/63 - 62s - loss: 1.0133e-06 - mean_squared_error: 1.4219e-06 - val_loss: 5.2427e-08 - val_mean_squared_error: 5.2427e-08 - 62s/epoch - 984ms/step
Starting non-parametric update..
Epoch 1/25

Epoch 00001: mean_squared_error improved from 0.00000 to 0.00000, saving model to /gpfswork/rech/ynx/uds36vp/repos/wf-SEDs/projected_learning/wf-outputs/chkp/8_bins/chkp_callback_poly_5_cycles_256_no_proj_d2_1_cycle2
63/63 - 61s - loss: 9.9863e-07 - mean_squared_error: 1.4098e-06 - val_loss: 4.4187e-08 - val_mean_squared_error: 4.4187e-08 - 61s/epoch - 967ms/step
Epoch 2/25

Epoch 00002: mean_squared_error improved from 0.00000 to 0.00000, saving model to /gpfswork/rech/ynx/uds36vp/repos/wf-SEDs/projected_learning/wf-outputs/chkp/8_bins/chkp_callback_poly_5_cycles_256_no_proj_d2_1_cycle2
63/63 - 58s - loss: 9.9526e-07 - mean_squared_error: 1.4069e-06 - val_loss: 4.3305e-08 - val_mean_squared_error: 4.3305e-08 - 58s/epoch - 926ms/step
Epoch 3/25

Epoch 00003: mean_squared_error improved from 0.00000 to 0.00000, saving model to /gpfswork/rech/ynx/uds36vp/repos/wf-SEDs/projected_learning/wf-outputs/chkp/8_bins/chkp_callback_poly_5_cycles_256_no_proj_d2_1_cycle2
63/63 - 58s - loss: 9.9456e-07 - mean_squared_error: 1.4062e-06 - val_loss: 4.2480e-08 - val_mean_squared_error: 4.2480e-08 - 58s/epoch - 926ms/step
Epoch 4/25

Epoch 00004: mean_squared_error improved from 0.00000 to 0.00000, saving model to /gpfswork/rech/ynx/uds36vp/repos/wf-SEDs/projected_learning/wf-outputs/chkp/8_bins/chkp_callback_poly_5_cycles_256_no_proj_d2_1_cycle2
63/63 - 58s - loss: 9.9359e-07 - mean_squared_error: 1.4053e-06 - val_loss: 4.1594e-08 - val_mean_squared_error: 4.1594e-08 - 58s/epoch - 922ms/step
Epoch 5/25

Epoch 00005: mean_squared_error improved from 0.00000 to 0.00000, saving model to /gpfswork/rech/ynx/uds36vp/repos/wf-SEDs/projected_learning/wf-outputs/chkp/8_bins/chkp_callback_poly_5_cycles_256_no_proj_d2_1_cycle2
63/63 - 58s - loss: 9.9262e-07 - mean_squared_error: 1.4045e-06 - val_loss: 4.0652e-08 - val_mean_squared_error: 4.0652e-08 - 58s/epoch - 924ms/step
Epoch 6/25

Epoch 00006: mean_squared_error improved from 0.00000 to 0.00000, saving model to /gpfswork/rech/ynx/uds36vp/repos/wf-SEDs/projected_learning/wf-outputs/chkp/8_bins/chkp_callback_poly_5_cycles_256_no_proj_d2_1_cycle2
63/63 - 58s - loss: 9.9180e-07 - mean_squared_error: 1.4037e-06 - val_loss: 3.9644e-08 - val_mean_squared_error: 3.9644e-08 - 58s/epoch - 917ms/step
Epoch 7/25

Epoch 00007: mean_squared_error improved from 0.00000 to 0.00000, saving model to /gpfswork/rech/ynx/uds36vp/repos/wf-SEDs/projected_learning/wf-outputs/chkp/8_bins/chkp_callback_poly_5_cycles_256_no_proj_d2_1_cycle2
63/63 - 58s - loss: 9.9053e-07 - mean_squared_error: 1.4026e-06 - val_loss: 3.8500e-08 - val_mean_squared_error: 3.8500e-08 - 58s/epoch - 914ms/step
Epoch 8/25

Epoch 00008: mean_squared_error improved from 0.00000 to 0.00000, saving model to /gpfswork/rech/ynx/uds36vp/repos/wf-SEDs/projected_learning/wf-outputs/chkp/8_bins/chkp_callback_poly_5_cycles_256_no_proj_d2_1_cycle2
63/63 - 58s - loss: 9.8959e-07 - mean_squared_error: 1.4018e-06 - val_loss: 3.7720e-08 - val_mean_squared_error: 3.7720e-08 - 58s/epoch - 916ms/step
Epoch 9/25

Epoch 00009: mean_squared_error improved from 0.00000 to 0.00000, saving model to /gpfswork/rech/ynx/uds36vp/repos/wf-SEDs/projected_learning/wf-outputs/chkp/8_bins/chkp_callback_poly_5_cycles_256_no_proj_d2_1_cycle2
63/63 - 58s - loss: 9.8873e-07 - mean_squared_error: 1.4010e-06 - val_loss: 3.7457e-08 - val_mean_squared_error: 3.7457e-08 - 58s/epoch - 923ms/step
Epoch 10/25

Epoch 00010: mean_squared_error improved from 0.00000 to 0.00000, saving model to /gpfswork/rech/ynx/uds36vp/repos/wf-SEDs/projected_learning/wf-outputs/chkp/8_bins/chkp_callback_poly_5_cycles_256_no_proj_d2_1_cycle2
63/63 - 58s - loss: 9.8826e-07 - mean_squared_error: 1.4005e-06 - val_loss: 3.7338e-08 - val_mean_squared_error: 3.7338e-08 - 58s/epoch - 926ms/step
Epoch 11/25

Epoch 00011: mean_squared_error improved from 0.00000 to 0.00000, saving model to /gpfswork/rech/ynx/uds36vp/repos/wf-SEDs/projected_learning/wf-outputs/chkp/8_bins/chkp_callback_poly_5_cycles_256_no_proj_d2_1_cycle2
63/63 - 58s - loss: 9.8663e-07 - mean_squared_error: 1.3991e-06 - val_loss: 3.5552e-08 - val_mean_squared_error: 3.5552e-08 - 58s/epoch - 924ms/step
Epoch 12/25

Epoch 00012: mean_squared_error improved from 0.00000 to 0.00000, saving model to /gpfswork/rech/ynx/uds36vp/repos/wf-SEDs/projected_learning/wf-outputs/chkp/8_bins/chkp_callback_poly_5_cycles_256_no_proj_d2_1_cycle2
63/63 - 58s - loss: 9.8576e-07 - mean_squared_error: 1.3984e-06 - val_loss: 3.5153e-08 - val_mean_squared_error: 3.5153e-08 - 58s/epoch - 928ms/step
Epoch 13/25

Epoch 00013: mean_squared_error improved from 0.00000 to 0.00000, saving model to /gpfswork/rech/ynx/uds36vp/repos/wf-SEDs/projected_learning/wf-outputs/chkp/8_bins/chkp_callback_poly_5_cycles_256_no_proj_d2_1_cycle2
63/63 - 58s - loss: 9.8508e-07 - mean_squared_error: 1.3976e-06 - val_loss: 3.3797e-08 - val_mean_squared_error: 3.3797e-08 - 58s/epoch - 920ms/step
Epoch 14/25

Epoch 00014: mean_squared_error improved from 0.00000 to 0.00000, saving model to /gpfswork/rech/ynx/uds36vp/repos/wf-SEDs/projected_learning/wf-outputs/chkp/8_bins/chkp_callback_poly_5_cycles_256_no_proj_d2_1_cycle2
63/63 - 58s - loss: 9.8319e-07 - mean_squared_error: 1.3962e-06 - val_loss: 3.2220e-08 - val_mean_squared_error: 3.2220e-08 - 58s/epoch - 917ms/step
Epoch 15/25

Epoch 00015: mean_squared_error did not improve from 0.00000
63/63 - 58s - loss: 9.8386e-07 - mean_squared_error: 1.3964e-06 - val_loss: 3.3919e-08 - val_mean_squared_error: 3.3919e-08 - 58s/epoch - 916ms/step
Epoch 16/25

Epoch 00016: mean_squared_error improved from 0.00000 to 0.00000, saving model to /gpfswork/rech/ynx/uds36vp/repos/wf-SEDs/projected_learning/wf-outputs/chkp/8_bins/chkp_callback_poly_5_cycles_256_no_proj_d2_1_cycle2
63/63 - 58s - loss: 9.8247e-07 - mean_squared_error: 1.3951e-06 - val_loss: 3.1134e-08 - val_mean_squared_error: 3.1134e-08 - 58s/epoch - 918ms/step
Epoch 17/25

Epoch 00017: mean_squared_error improved from 0.00000 to 0.00000, saving model to /gpfswork/rech/ynx/uds36vp/repos/wf-SEDs/projected_learning/wf-outputs/chkp/8_bins/chkp_callback_poly_5_cycles_256_no_proj_d2_1_cycle2
63/63 - 58s - loss: 9.8146e-07 - mean_squared_error: 1.3945e-06 - val_loss: 3.0566e-08 - val_mean_squared_error: 3.0566e-08 - 58s/epoch - 919ms/step
Epoch 18/25

Epoch 00018: mean_squared_error did not improve from 0.00000
63/63 - 58s - loss: 9.8249e-07 - mean_squared_error: 1.3951e-06 - val_loss: 3.3520e-08 - val_mean_squared_error: 3.3520e-08 - 58s/epoch - 916ms/step
Epoch 19/25

Epoch 00019: mean_squared_error did not improve from 0.00000
63/63 - 58s - loss: 9.8306e-07 - mean_squared_error: 1.3951e-06 - val_loss: 3.0039e-08 - val_mean_squared_error: 3.0039e-08 - 58s/epoch - 914ms/step
Epoch 20/25

Epoch 00020: mean_squared_error improved from 0.00000 to 0.00000, saving model to /gpfswork/rech/ynx/uds36vp/repos/wf-SEDs/projected_learning/wf-outputs/chkp/8_bins/chkp_callback_poly_5_cycles_256_no_proj_d2_1_cycle2
63/63 - 58s - loss: 9.8018e-07 - mean_squared_error: 1.3931e-06 - val_loss: 2.9155e-08 - val_mean_squared_error: 2.9155e-08 - 58s/epoch - 915ms/step
Epoch 21/25

Epoch 00021: mean_squared_error improved from 0.00000 to 0.00000, saving model to /gpfswork/rech/ynx/uds36vp/repos/wf-SEDs/projected_learning/wf-outputs/chkp/8_bins/chkp_callback_poly_5_cycles_256_no_proj_d2_1_cycle2
63/63 - 58s - loss: 9.7885e-07 - mean_squared_error: 1.3920e-06 - val_loss: 2.7692e-08 - val_mean_squared_error: 2.7692e-08 - 58s/epoch - 914ms/step
Epoch 22/25

Epoch 00022: mean_squared_error did not improve from 0.00000
63/63 - 57s - loss: 9.7905e-07 - mean_squared_error: 1.3921e-06 - val_loss: 2.8701e-08 - val_mean_squared_error: 2.8701e-08 - 57s/epoch - 906ms/step
Epoch 23/25

Epoch 00023: mean_squared_error improved from 0.00000 to 0.00000, saving model to /gpfswork/rech/ynx/uds36vp/repos/wf-SEDs/projected_learning/wf-outputs/chkp/8_bins/chkp_callback_poly_5_cycles_256_no_proj_d2_1_cycle2
63/63 - 57s - loss: 9.7832e-07 - mean_squared_error: 1.3916e-06 - val_loss: 2.8038e-08 - val_mean_squared_error: 2.8038e-08 - 57s/epoch - 911ms/step
Epoch 24/25

Epoch 00024: mean_squared_error improved from 0.00000 to 0.00000, saving model to /gpfswork/rech/ynx/uds36vp/repos/wf-SEDs/projected_learning/wf-outputs/chkp/8_bins/chkp_callback_poly_5_cycles_256_no_proj_d2_1_cycle2
63/63 - 58s - loss: 9.7861e-07 - mean_squared_error: 1.3915e-06 - val_loss: 2.7338e-08 - val_mean_squared_error: 2.7338e-08 - 58s/epoch - 920ms/step
Epoch 25/25

Epoch 00025: mean_squared_error improved from 0.00000 to 0.00000, saving model to /gpfswork/rech/ynx/uds36vp/repos/wf-SEDs/projected_learning/wf-outputs/chkp/8_bins/chkp_callback_poly_5_cycles_256_no_proj_d2_1_cycle2
63/63 - 58s - loss: 9.7575e-07 - mean_squared_error: 1.3893e-06 - val_loss: 2.5190e-08 - val_mean_squared_error: 2.5190e-08 - 58s/epoch - 921ms/step
Cycle2 elapsed time: 1766.0139083862305
Starting cycle 3..
Starting parametric update..
Epoch 1/5

Epoch 00001: mean_squared_error improved from inf to 0.00000, saving model to /gpfswork/rech/ynx/uds36vp/repos/wf-SEDs/projected_learning/wf-outputs/chkp/8_bins/chkp_callback_poly_5_cycles_256_no_proj_d2_1_cycle3
63/63 - 67s - loss: 9.7609e-07 - mean_squared_error: 1.3898e-06 - val_loss: 2.7311e-08 - val_mean_squared_error: 2.7311e-08 - 67s/epoch - 1s/step
Epoch 2/5

Epoch 00002: mean_squared_error did not improve from 0.00000
63/63 - 63s - loss: 9.8006e-07 - mean_squared_error: 1.3930e-06 - val_loss: 3.2344e-08 - val_mean_squared_error: 3.2344e-08 - 63s/epoch - 1s/step
Epoch 3/5

Epoch 00003: mean_squared_error did not improve from 0.00000
63/63 - 63s - loss: 9.8384e-07 - mean_squared_error: 1.3964e-06 - val_loss: 3.9460e-08 - val_mean_squared_error: 3.9460e-08 - 63s/epoch - 1s/step
Epoch 4/5

Epoch 00004: mean_squared_error did not improve from 0.00000
63/63 - 63s - loss: 9.9406e-07 - mean_squared_error: 1.4048e-06 - val_loss: 4.0359e-08 - val_mean_squared_error: 4.0359e-08 - 63s/epoch - 997ms/step
Epoch 5/5

Epoch 00005: mean_squared_error did not improve from 0.00000
63/63 - 63s - loss: 1.0198e-06 - mean_squared_error: 1.4259e-06 - val_loss: 4.8462e-08 - val_mean_squared_error: 4.8462e-08 - 63s/epoch - 996ms/step
Starting non-parametric update..
Epoch 1/25

Epoch 00001: mean_squared_error did not improve from 0.00000
63/63 - 60s - loss: 9.8006e-07 - mean_squared_error: 1.3930e-06 - val_loss: 2.4460e-08 - val_mean_squared_error: 2.4460e-08 - 60s/epoch - 960ms/step
Epoch 2/25

Epoch 00002: mean_squared_error improved from 0.00000 to 0.00000, saving model to /gpfswork/rech/ynx/uds36vp/repos/wf-SEDs/projected_learning/wf-outputs/chkp/8_bins/chkp_callback_poly_5_cycles_256_no_proj_d2_1_cycle3
63/63 - 58s - loss: 9.7245e-07 - mean_squared_error: 1.3867e-06 - val_loss: 2.3865e-08 - val_mean_squared_error: 2.3865e-08 - 58s/epoch - 917ms/step
Epoch 3/25

Epoch 00003: mean_squared_error improved from 0.00000 to 0.00000, saving model to /gpfswork/rech/ynx/uds36vp/repos/wf-SEDs/projected_learning/wf-outputs/chkp/8_bins/chkp_callback_poly_5_cycles_256_no_proj_d2_1_cycle3
63/63 - 58s - loss: 9.7212e-07 - mean_squared_error: 1.3865e-06 - val_loss: 2.3537e-08 - val_mean_squared_error: 2.3537e-08 - 58s/epoch - 924ms/step
Epoch 4/25

Epoch 00004: mean_squared_error improved from 0.00000 to 0.00000, saving model to /gpfswork/rech/ynx/uds36vp/repos/wf-SEDs/projected_learning/wf-outputs/chkp/8_bins/chkp_callback_poly_5_cycles_256_no_proj_d2_1_cycle3
63/63 - 58s - loss: 9.7184e-07 - mean_squared_error: 1.3862e-06 - val_loss: 2.3040e-08 - val_mean_squared_error: 2.3040e-08 - 58s/epoch - 924ms/step
Epoch 5/25

Epoch 00005: mean_squared_error did not improve from 0.00000
63/63 - 58s - loss: 9.7191e-07 - mean_squared_error: 1.3862e-06 - val_loss: 2.2753e-08 - val_mean_squared_error: 2.2753e-08 - 58s/epoch - 920ms/step
Epoch 6/25

Epoch 00006: mean_squared_error improved from 0.00000 to 0.00000, saving model to /gpfswork/rech/ynx/uds36vp/repos/wf-SEDs/projected_learning/wf-outputs/chkp/8_bins/chkp_callback_poly_5_cycles_256_no_proj_d2_1_cycle3
63/63 - 58s - loss: 9.7130e-07 - mean_squared_error: 1.3857e-06 - val_loss: 2.3196e-08 - val_mean_squared_error: 2.3196e-08 - 58s/epoch - 918ms/step
Epoch 7/25

Epoch 00007: mean_squared_error did not improve from 0.00000
63/63 - 58s - loss: 9.7143e-07 - mean_squared_error: 1.3859e-06 - val_loss: 2.2779e-08 - val_mean_squared_error: 2.2779e-08 - 58s/epoch - 918ms/step
Epoch 8/25

Epoch 00008: mean_squared_error improved from 0.00000 to 0.00000, saving model to /gpfswork/rech/ynx/uds36vp/repos/wf-SEDs/projected_learning/wf-outputs/chkp/8_bins/chkp_callback_poly_5_cycles_256_no_proj_d2_1_cycle3
63/63 - 58s - loss: 9.7119e-07 - mean_squared_error: 1.3855e-06 - val_loss: 2.2482e-08 - val_mean_squared_error: 2.2482e-08 - 58s/epoch - 919ms/step
Epoch 9/25

Epoch 00009: mean_squared_error improved from 0.00000 to 0.00000, saving model to /gpfswork/rech/ynx/uds36vp/repos/wf-SEDs/projected_learning/wf-outputs/chkp/8_bins/chkp_callback_poly_5_cycles_256_no_proj_d2_1_cycle3
63/63 - 59s - loss: 9.7065e-07 - mean_squared_error: 1.3851e-06 - val_loss: 2.2273e-08 - val_mean_squared_error: 2.2273e-08 - 59s/epoch - 933ms/step
Epoch 10/25

Epoch 00010: mean_squared_error did not improve from 0.00000
63/63 - 58s - loss: 9.7072e-07 - mean_squared_error: 1.3851e-06 - val_loss: 2.1912e-08 - val_mean_squared_error: 2.1912e-08 - 58s/epoch - 926ms/step
Epoch 11/25

Epoch 00011: mean_squared_error improved from 0.00000 to 0.00000, saving model to /gpfswork/rech/ynx/uds36vp/repos/wf-SEDs/projected_learning/wf-outputs/chkp/8_bins/chkp_callback_poly_5_cycles_256_no_proj_d2_1_cycle3
63/63 - 58s - loss: 9.7024e-07 - mean_squared_error: 1.3847e-06 - val_loss: 2.1645e-08 - val_mean_squared_error: 2.1645e-08 - 58s/epoch - 928ms/step
Epoch 12/25

Epoch 00012: mean_squared_error improved from 0.00000 to 0.00000, saving model to /gpfswork/rech/ynx/uds36vp/repos/wf-SEDs/projected_learning/wf-outputs/chkp/8_bins/chkp_callback_poly_5_cycles_256_no_proj_d2_1_cycle3
63/63 - 59s - loss: 9.6971e-07 - mean_squared_error: 1.3842e-06 - val_loss: 2.1219e-08 - val_mean_squared_error: 2.1219e-08 - 59s/epoch - 932ms/step
Epoch 13/25

Epoch 00013: mean_squared_error improved from 0.00000 to 0.00000, saving model to /gpfswork/rech/ynx/uds36vp/repos/wf-SEDs/projected_learning/wf-outputs/chkp/8_bins/chkp_callback_poly_5_cycles_256_no_proj_d2_1_cycle3
63/63 - 58s - loss: 9.6962e-07 - mean_squared_error: 1.3841e-06 - val_loss: 2.0847e-08 - val_mean_squared_error: 2.0847e-08 - 58s/epoch - 924ms/step
Epoch 14/25

Epoch 00014: mean_squared_error improved from 0.00000 to 0.00000, saving model to /gpfswork/rech/ynx/uds36vp/repos/wf-SEDs/projected_learning/wf-outputs/chkp/8_bins/chkp_callback_poly_5_cycles_256_no_proj_d2_1_cycle3
63/63 - 58s - loss: 9.6954e-07 - mean_squared_error: 1.3840e-06 - val_loss: 2.0401e-08 - val_mean_squared_error: 2.0401e-08 - 58s/epoch - 919ms/step
Epoch 15/25

Epoch 00015: mean_squared_error did not improve from 0.00000
63/63 - 58s - loss: 9.7152e-07 - mean_squared_error: 1.3855e-06 - val_loss: 2.0531e-08 - val_mean_squared_error: 2.0531e-08 - 58s/epoch - 918ms/step
Epoch 16/25

Epoch 00016: mean_squared_error did not improve from 0.00000
63/63 - 58s - loss: 9.7008e-07 - mean_squared_error: 1.3843e-06 - val_loss: 2.1149e-08 - val_mean_squared_error: 2.1149e-08 - 58s/epoch - 917ms/step
Epoch 17/25

Epoch 00017: mean_squared_error did not improve from 0.00000
63/63 - 58s - loss: 9.6975e-07 - mean_squared_error: 1.3840e-06 - val_loss: 1.9857e-08 - val_mean_squared_error: 1.9857e-08 - 58s/epoch - 916ms/step
Epoch 18/25

Epoch 00018: mean_squared_error improved from 0.00000 to 0.00000, saving model to /gpfswork/rech/ynx/uds36vp/repos/wf-SEDs/projected_learning/wf-outputs/chkp/8_bins/chkp_callback_poly_5_cycles_256_no_proj_d2_1_cycle3
63/63 - 58s - loss: 9.6843e-07 - mean_squared_error: 1.3830e-06 - val_loss: 2.0177e-08 - val_mean_squared_error: 2.0177e-08 - 58s/epoch - 919ms/step
Epoch 19/25

Epoch 00019: mean_squared_error did not improve from 0.00000
63/63 - 58s - loss: 9.6858e-07 - mean_squared_error: 1.3830e-06 - val_loss: 2.0703e-08 - val_mean_squared_error: 2.0703e-08 - 58s/epoch - 920ms/step
Epoch 20/25

Epoch 00020: mean_squared_error did not improve from 0.00000
63/63 - 58s - loss: 9.7215e-07 - mean_squared_error: 1.3856e-06 - val_loss: 2.6137e-08 - val_mean_squared_error: 2.6137e-08 - 58s/epoch - 918ms/step
Epoch 21/25

Epoch 00021: mean_squared_error did not improve from 0.00000
63/63 - 58s - loss: 9.7415e-07 - mean_squared_error: 1.3867e-06 - val_loss: 2.0901e-08 - val_mean_squared_error: 2.0901e-08 - 58s/epoch - 922ms/step
Epoch 22/25

Epoch 00022: mean_squared_error did not improve from 0.00000
63/63 - 58s - loss: 9.6940e-07 - mean_squared_error: 1.3837e-06 - val_loss: 1.9296e-08 - val_mean_squared_error: 1.9296e-08 - 58s/epoch - 924ms/step
Epoch 23/25

Epoch 00023: mean_squared_error improved from 0.00000 to 0.00000, saving model to /gpfswork/rech/ynx/uds36vp/repos/wf-SEDs/projected_learning/wf-outputs/chkp/8_bins/chkp_callback_poly_5_cycles_256_no_proj_d2_1_cycle3
63/63 - 58s - loss: 9.6750e-07 - mean_squared_error: 1.3822e-06 - val_loss: 1.9303e-08 - val_mean_squared_error: 1.9303e-08 - 58s/epoch - 927ms/step
Epoch 24/25

Epoch 00024: mean_squared_error did not improve from 0.00000
63/63 - 58s - loss: 9.6831e-07 - mean_squared_error: 1.3827e-06 - val_loss: 1.9201e-08 - val_mean_squared_error: 1.9201e-08 - 58s/epoch - 926ms/step
Epoch 25/25

Epoch 00025: mean_squared_error improved from 0.00000 to 0.00000, saving model to /gpfswork/rech/ynx/uds36vp/repos/wf-SEDs/projected_learning/wf-outputs/chkp/8_bins/chkp_callback_poly_5_cycles_256_no_proj_d2_1_cycle3
63/63 - 59s - loss: 9.6649e-07 - mean_squared_error: 1.3813e-06 - val_loss: 1.7842e-08 - val_mean_squared_error: 1.7842e-08 - 59s/epoch - 931ms/step
Cycle3 elapsed time: 1779.706036567688
Starting cycle 4..
Starting parametric update..
Epoch 1/5

Epoch 00001: mean_squared_error improved from inf to 0.00000, saving model to /gpfswork/rech/ynx/uds36vp/repos/wf-SEDs/projected_learning/wf-outputs/chkp/8_bins/chkp_callback_poly_5_cycles_256_no_proj_d2_1_cycle4
63/63 - 62s - loss: 9.6671e-07 - mean_squared_error: 1.3816e-06 - val_loss: 1.9319e-08 - val_mean_squared_error: 1.9319e-08 - 62s/epoch - 988ms/step
Epoch 2/5

Epoch 00002: mean_squared_error did not improve from 0.00000
63/63 - 58s - loss: 9.7048e-07 - mean_squared_error: 1.3849e-06 - val_loss: 2.9179e-08 - val_mean_squared_error: 2.9179e-08 - 58s/epoch - 923ms/step
Epoch 3/5

Epoch 00003: mean_squared_error did not improve from 0.00000
63/63 - 58s - loss: 9.7345e-07 - mean_squared_error: 1.3871e-06 - val_loss: 2.6436e-08 - val_mean_squared_error: 2.6436e-08 - 58s/epoch - 925ms/step
Epoch 4/5

Epoch 00004: mean_squared_error did not improve from 0.00000
63/63 - 58s - loss: 9.8062e-07 - mean_squared_error: 1.3933e-06 - val_loss: 2.4661e-08 - val_mean_squared_error: 2.4661e-08 - 58s/epoch - 923ms/step
Epoch 5/5

Epoch 00005: mean_squared_error did not improve from 0.00000
63/63 - 58s - loss: 9.7317e-07 - mean_squared_error: 1.3870e-06 - val_loss: 2.1977e-08 - val_mean_squared_error: 2.1977e-08 - 58s/epoch - 919ms/step
Starting non-parametric update..
Epoch 1/25

Epoch 00001: mean_squared_error improved from 0.00000 to 0.00000, saving model to /gpfswork/rech/ynx/uds36vp/repos/wf-SEDs/projected_learning/wf-outputs/chkp/8_bins/chkp_callback_poly_5_cycles_256_no_proj_d2_1_cycle4
63/63 - 61s - loss: 9.6550e-07 - mean_squared_error: 1.3806e-06 - val_loss: 1.6964e-08 - val_mean_squared_error: 1.6964e-08 - 61s/epoch - 963ms/step
Epoch 2/25

Epoch 00002: mean_squared_error improved from 0.00000 to 0.00000, saving model to /gpfswork/rech/ynx/uds36vp/repos/wf-SEDs/projected_learning/wf-outputs/chkp/8_bins/chkp_callback_poly_5_cycles_256_no_proj_d2_1_cycle4
63/63 - 58s - loss: 9.6411e-07 - mean_squared_error: 1.3795e-06 - val_loss: 1.6801e-08 - val_mean_squared_error: 1.6801e-08 - 58s/epoch - 924ms/step
Epoch 3/25

Epoch 00003: mean_squared_error improved from 0.00000 to 0.00000, saving model to /gpfswork/rech/ynx/uds36vp/repos/wf-SEDs/projected_learning/wf-outputs/chkp/8_bins/chkp_callback_poly_5_cycles_256_no_proj_d2_1_cycle4
63/63 - 58s - loss: 9.6402e-07 - mean_squared_error: 1.3793e-06 - val_loss: 1.6712e-08 - val_mean_squared_error: 1.6712e-08 - 58s/epoch - 919ms/step
Epoch 4/25

Epoch 00004: mean_squared_error did not improve from 0.00000
63/63 - 58s - loss: 9.6411e-07 - mean_squared_error: 1.3794e-06 - val_loss: 1.6560e-08 - val_mean_squared_error: 1.6560e-08 - 58s/epoch - 921ms/step
Epoch 5/25

Epoch 00005: mean_squared_error improved from 0.00000 to 0.00000, saving model to /gpfswork/rech/ynx/uds36vp/repos/wf-SEDs/projected_learning/wf-outputs/chkp/8_bins/chkp_callback_poly_5_cycles_256_no_proj_d2_1_cycle4
63/63 - 58s - loss: 9.6410e-07 - mean_squared_error: 1.3793e-06 - val_loss: 1.6652e-08 - val_mean_squared_error: 1.6652e-08 - 58s/epoch - 923ms/step
Epoch 6/25

Epoch 00006: mean_squared_error improved from 0.00000 to 0.00000, saving model to /gpfswork/rech/ynx/uds36vp/repos/wf-SEDs/projected_learning/wf-outputs/chkp/8_bins/chkp_callback_poly_5_cycles_256_no_proj_d2_1_cycle4
63/63 - 59s - loss: 9.6402e-07 - mean_squared_error: 1.3793e-06 - val_loss: 1.6447e-08 - val_mean_squared_error: 1.6447e-08 - 59s/epoch - 931ms/step
Epoch 7/25

Epoch 00007: mean_squared_error improved from 0.00000 to 0.00000, saving model to /gpfswork/rech/ynx/uds36vp/repos/wf-SEDs/projected_learning/wf-outputs/chkp/8_bins/chkp_callback_poly_5_cycles_256_no_proj_d2_1_cycle4
63/63 - 58s - loss: 9.6388e-07 - mean_squared_error: 1.3792e-06 - val_loss: 1.6368e-08 - val_mean_squared_error: 1.6368e-08 - 58s/epoch - 926ms/step
Epoch 8/25

Epoch 00008: mean_squared_error improved from 0.00000 to 0.00000, saving model to /gpfswork/rech/ynx/uds36vp/repos/wf-SEDs/projected_learning/wf-outputs/chkp/8_bins/chkp_callback_poly_5_cycles_256_no_proj_d2_1_cycle4
63/63 - 58s - loss: 9.6381e-07 - mean_squared_error: 1.3791e-06 - val_loss: 1.6656e-08 - val_mean_squared_error: 1.6656e-08 - 58s/epoch - 920ms/step
Epoch 9/25

Epoch 00009: mean_squared_error did not improve from 0.00000
63/63 - 58s - loss: 9.6392e-07 - mean_squared_error: 1.3791e-06 - val_loss: 1.6356e-08 - val_mean_squared_error: 1.6356e-08 - 58s/epoch - 914ms/step
Epoch 10/25

Epoch 00010: mean_squared_error did not improve from 0.00000
63/63 - 58s - loss: 9.6413e-07 - mean_squared_error: 1.3793e-06 - val_loss: 1.6295e-08 - val_mean_squared_error: 1.6295e-08 - 58s/epoch - 915ms/step
Epoch 11/25

Epoch 00011: mean_squared_error improved from 0.00000 to 0.00000, saving model to /gpfswork/rech/ynx/uds36vp/repos/wf-SEDs/projected_learning/wf-outputs/chkp/8_bins/chkp_callback_poly_5_cycles_256_no_proj_d2_1_cycle4
63/63 - 58s - loss: 9.6390e-07 - mean_squared_error: 1.3790e-06 - val_loss: 1.6411e-08 - val_mean_squared_error: 1.6411e-08 - 58s/epoch - 916ms/step
Epoch 12/25

Epoch 00012: mean_squared_error did not improve from 0.00000
63/63 - 58s - loss: 9.6450e-07 - mean_squared_error: 1.3794e-06 - val_loss: 1.6199e-08 - val_mean_squared_error: 1.6199e-08 - 58s/epoch - 914ms/step
Epoch 13/25

Epoch 00013: mean_squared_error improved from 0.00000 to 0.00000, saving model to /gpfswork/rech/ynx/uds36vp/repos/wf-SEDs/projected_learning/wf-outputs/chkp/8_bins/chkp_callback_poly_5_cycles_256_no_proj_d2_1_cycle4
63/63 - 58s - loss: 9.6349e-07 - mean_squared_error: 1.3786e-06 - val_loss: 1.6190e-08 - val_mean_squared_error: 1.6190e-08 - 58s/epoch - 915ms/step
Epoch 14/25

Epoch 00014: mean_squared_error did not improve from 0.00000
63/63 - 58s - loss: 9.6351e-07 - mean_squared_error: 1.3787e-06 - val_loss: 1.6034e-08 - val_mean_squared_error: 1.6034e-08 - 58s/epoch - 915ms/step
Epoch 15/25

Epoch 00015: mean_squared_error improved from 0.00000 to 0.00000, saving model to /gpfswork/rech/ynx/uds36vp/repos/wf-SEDs/projected_learning/wf-outputs/chkp/8_bins/chkp_callback_poly_5_cycles_256_no_proj_d2_1_cycle4
63/63 - 58s - loss: 9.6328e-07 - mean_squared_error: 1.3785e-06 - val_loss: 1.6455e-08 - val_mean_squared_error: 1.6455e-08 - 58s/epoch - 916ms/step
Epoch 16/25

Epoch 00016: mean_squared_error did not improve from 0.00000
63/63 - 58s - loss: 9.6401e-07 - mean_squared_error: 1.3790e-06 - val_loss: 1.6092e-08 - val_mean_squared_error: 1.6092e-08 - 58s/epoch - 916ms/step
Epoch 17/25

Epoch 00017: mean_squared_error did not improve from 0.00000
63/63 - 58s - loss: 9.6345e-07 - mean_squared_error: 1.3786e-06 - val_loss: 1.6143e-08 - val_mean_squared_error: 1.6143e-08 - 58s/epoch - 915ms/step
Epoch 18/25

Epoch 00018: mean_squared_error did not improve from 0.00000
63/63 - 58s - loss: 9.6417e-07 - mean_squared_error: 1.3790e-06 - val_loss: 1.6055e-08 - val_mean_squared_error: 1.6055e-08 - 58s/epoch - 915ms/step
Epoch 19/25

Epoch 00019: mean_squared_error improved from 0.00000 to 0.00000, saving model to /gpfswork/rech/ynx/uds36vp/repos/wf-SEDs/projected_learning/wf-outputs/chkp/8_bins/chkp_callback_poly_5_cycles_256_no_proj_d2_1_cycle4
63/63 - 58s - loss: 9.6338e-07 - mean_squared_error: 1.3784e-06 - val_loss: 1.5559e-08 - val_mean_squared_error: 1.5559e-08 - 58s/epoch - 919ms/step
Epoch 20/25

Epoch 00020: mean_squared_error improved from 0.00000 to 0.00000, saving model to /gpfswork/rech/ynx/uds36vp/repos/wf-SEDs/projected_learning/wf-outputs/chkp/8_bins/chkp_callback_poly_5_cycles_256_no_proj_d2_1_cycle4
63/63 - 58s - loss: 9.6323e-07 - mean_squared_error: 1.3783e-06 - val_loss: 1.5625e-08 - val_mean_squared_error: 1.5625e-08 - 58s/epoch - 923ms/step
Epoch 21/25

Epoch 00021: mean_squared_error improved from 0.00000 to 0.00000, saving model to /gpfswork/rech/ynx/uds36vp/repos/wf-SEDs/projected_learning/wf-outputs/chkp/8_bins/chkp_callback_poly_5_cycles_256_no_proj_d2_1_cycle4
63/63 - 58s - loss: 9.6270e-07 - mean_squared_error: 1.3781e-06 - val_loss: 1.5436e-08 - val_mean_squared_error: 1.5436e-08 - 58s/epoch - 928ms/step
Epoch 22/25

Epoch 00022: mean_squared_error did not improve from 0.00000
63/63 - 58s - loss: 9.6499e-07 - mean_squared_error: 1.3793e-06 - val_loss: 1.5419e-08 - val_mean_squared_error: 1.5419e-08 - 58s/epoch - 925ms/step
Epoch 23/25

Epoch 00023: mean_squared_error did not improve from 0.00000
63/63 - 58s - loss: 9.6402e-07 - mean_squared_error: 1.3788e-06 - val_loss: 1.6986e-08 - val_mean_squared_error: 1.6986e-08 - 58s/epoch - 925ms/step
Epoch 24/25

Epoch 00024: mean_squared_error did not improve from 0.00000
63/63 - 58s - loss: 9.6568e-07 - mean_squared_error: 1.3799e-06 - val_loss: 1.9776e-08 - val_mean_squared_error: 1.9776e-08 - 58s/epoch - 914ms/step
Epoch 25/25

Epoch 00025: mean_squared_error did not improve from 0.00000
63/63 - 58s - loss: 9.6459e-07 - mean_squared_error: 1.3792e-06 - val_loss: 1.5452e-08 - val_mean_squared_error: 1.5452e-08 - 58s/epoch - 914ms/step
Cycle4 elapsed time: 1750.8961236476898
Starting cycle 5..
Starting parametric update..
Epoch 1/15

Epoch 00001: mean_squared_error improved from inf to 0.00000, saving model to /gpfswork/rech/ynx/uds36vp/repos/wf-SEDs/projected_learning/wf-outputs/chkp/8_bins/chkp_callback_poly_5_cycles_256_no_proj_d2_1_cycle5
63/63 - 65s - loss: 9.6186e-07 - mean_squared_error: 1.3774e-06 - val_loss: 1.6688e-08 - val_mean_squared_error: 1.6688e-08 - 65s/epoch - 1s/step
Epoch 2/15

Epoch 00002: mean_squared_error did not improve from 0.00000
63/63 - 62s - loss: 9.6428e-07 - mean_squared_error: 1.3794e-06 - val_loss: 1.9643e-08 - val_mean_squared_error: 1.9643e-08 - 62s/epoch - 984ms/step
Epoch 3/15

Epoch 00003: mean_squared_error did not improve from 0.00000
63/63 - 62s - loss: 9.6436e-07 - mean_squared_error: 1.3793e-06 - val_loss: 1.6334e-08 - val_mean_squared_error: 1.6334e-08 - 62s/epoch - 987ms/step
Epoch 4/15

Epoch 00004: mean_squared_error did not improve from 0.00000
63/63 - 62s - loss: 9.6638e-07 - mean_squared_error: 1.3810e-06 - val_loss: 1.9202e-08 - val_mean_squared_error: 1.9202e-08 - 62s/epoch - 988ms/step
Epoch 5/15

Epoch 00005: mean_squared_error did not improve from 0.00000
63/63 - 62s - loss: 9.6649e-07 - mean_squared_error: 1.3811e-06 - val_loss: 1.9370e-08 - val_mean_squared_error: 1.9370e-08 - 62s/epoch - 991ms/step
Epoch 6/15

Epoch 00006: mean_squared_error did not improve from 0.00000
63/63 - 62s - loss: 9.7088e-07 - mean_squared_error: 1.3848e-06 - val_loss: 1.9555e-08 - val_mean_squared_error: 1.9555e-08 - 62s/epoch - 990ms/step
Epoch 7/15

Epoch 00007: mean_squared_error did not improve from 0.00000
63/63 - 62s - loss: 9.6988e-07 - mean_squared_error: 1.3841e-06 - val_loss: 1.9813e-08 - val_mean_squared_error: 1.9813e-08 - 62s/epoch - 985ms/step
Epoch 8/15

Epoch 00008: mean_squared_error did not improve from 0.00000
63/63 - 62s - loss: 9.7485e-07 - mean_squared_error: 1.3884e-06 - val_loss: 2.5727e-08 - val_mean_squared_error: 2.5727e-08 - 62s/epoch - 984ms/step
Epoch 9/15

Epoch 00009: mean_squared_error did not improve from 0.00000
63/63 - 62s - loss: 1.0032e-06 - mean_squared_error: 1.4117e-06 - val_loss: 4.9083e-08 - val_mean_squared_error: 4.9083e-08 - 62s/epoch - 990ms/step
Epoch 10/15

Epoch 00010: mean_squared_error did not improve from 0.00000
63/63 - 62s - loss: 9.8053e-07 - mean_squared_error: 1.3933e-06 - val_loss: 2.2925e-08 - val_mean_squared_error: 2.2925e-08 - 62s/epoch - 986ms/step
Epoch 11/15

Epoch 00011: mean_squared_error did not improve from 0.00000
63/63 - 62s - loss: 9.8351e-07 - mean_squared_error: 1.3946e-06 - val_loss: 3.4779e-08 - val_mean_squared_error: 3.4779e-08 - 62s/epoch - 985ms/step
Epoch 12/15

Epoch 00012: mean_squared_error did not improve from 0.00000
63/63 - 62s - loss: 9.7341e-07 - mean_squared_error: 1.3871e-06 - val_loss: 1.9056e-08 - val_mean_squared_error: 1.9056e-08 - 62s/epoch - 983ms/step
Epoch 13/15

Epoch 00013: mean_squared_error did not improve from 0.00000
63/63 - 62s - loss: 9.6998e-07 - mean_squared_error: 1.3839e-06 - val_loss: 2.3920e-08 - val_mean_squared_error: 2.3920e-08 - 62s/epoch - 980ms/step
Epoch 14/15

Epoch 00014: mean_squared_error did not improve from 0.00000
63/63 - 62s - loss: 9.7180e-07 - mean_squared_error: 1.3857e-06 - val_loss: 2.5839e-08 - val_mean_squared_error: 2.5839e-08 - 62s/epoch - 980ms/step
Epoch 15/15

Epoch 00015: mean_squared_error did not improve from 0.00000
63/63 - 62s - loss: 9.8256e-07 - mean_squared_error: 1.3947e-06 - val_loss: 4.8426e-08 - val_mean_squared_error: 4.8426e-08 - 62s/epoch - 979ms/step
Starting non-parametric update..
Epoch 1/50

Epoch 00001: mean_squared_error did not improve from 0.00000
63/63 - 64s - loss: 9.6832e-07 - mean_squared_error: 1.3836e-06 - val_loss: 1.4466e-08 - val_mean_squared_error: 1.4466e-08 - 64s/epoch - 1s/step
Epoch 2/50

Epoch 00002: mean_squared_error improved from 0.00000 to 0.00000, saving model to /gpfswork/rech/ynx/uds36vp/repos/wf-SEDs/projected_learning/wf-outputs/chkp/8_bins/chkp_callback_poly_5_cycles_256_no_proj_d2_1_cycle5
63/63 - 62s - loss: 9.6055e-07 - mean_squared_error: 1.3763e-06 - val_loss: 1.3830e-08 - val_mean_squared_error: 1.3830e-08 - 62s/epoch - 977ms/step
Epoch 3/50

Epoch 00003: mean_squared_error improved from 0.00000 to 0.00000, saving model to /gpfswork/rech/ynx/uds36vp/repos/wf-SEDs/projected_learning/wf-outputs/chkp/8_bins/chkp_callback_poly_5_cycles_256_no_proj_d2_1_cycle5
63/63 - 62s - loss: 9.6016e-07 - mean_squared_error: 1.3759e-06 - val_loss: 1.3786e-08 - val_mean_squared_error: 1.3786e-08 - 62s/epoch - 984ms/step
Epoch 4/50

Epoch 00004: mean_squared_error improved from 0.00000 to 0.00000, saving model to /gpfswork/rech/ynx/uds36vp/repos/wf-SEDs/projected_learning/wf-outputs/chkp/8_bins/chkp_callback_poly_5_cycles_256_no_proj_d2_1_cycle5
63/63 - 62s - loss: 9.6019e-07 - mean_squared_error: 1.3759e-06 - val_loss: 1.3585e-08 - val_mean_squared_error: 1.3585e-08 - 62s/epoch - 985ms/step
Epoch 5/50

Epoch 00005: mean_squared_error improved from 0.00000 to 0.00000, saving model to /gpfswork/rech/ynx/uds36vp/repos/wf-SEDs/projected_learning/wf-outputs/chkp/8_bins/chkp_callback_poly_5_cycles_256_no_proj_d2_1_cycle5
63/63 - 62s - loss: 9.6013e-07 - mean_squared_error: 1.3759e-06 - val_loss: 1.3675e-08 - val_mean_squared_error: 1.3675e-08 - 62s/epoch - 981ms/step
Epoch 6/50

Epoch 00006: mean_squared_error did not improve from 0.00000
63/63 - 62s - loss: 9.6027e-07 - mean_squared_error: 1.3759e-06 - val_loss: 1.3968e-08 - val_mean_squared_error: 1.3968e-08 - 62s/epoch - 989ms/step
Epoch 7/50

Epoch 00007: mean_squared_error did not improve from 0.00000
63/63 - 62s - loss: 9.6040e-07 - mean_squared_error: 1.3760e-06 - val_loss: 1.3612e-08 - val_mean_squared_error: 1.3612e-08 - 62s/epoch - 986ms/step
Epoch 8/50

Epoch 00008: mean_squared_error did not improve from 0.00000
63/63 - 62s - loss: 9.6022e-07 - mean_squared_error: 1.3759e-06 - val_loss: 1.3561e-08 - val_mean_squared_error: 1.3561e-08 - 62s/epoch - 983ms/step
Epoch 9/50

Epoch 00009: mean_squared_error did not improve from 0.00000
63/63 - 61s - loss: 9.6028e-07 - mean_squared_error: 1.3759e-06 - val_loss: 1.3785e-08 - val_mean_squared_error: 1.3785e-08 - 61s/epoch - 976ms/step
Epoch 10/50

Epoch 00010: mean_squared_error improved from 0.00000 to 0.00000, saving model to /gpfswork/rech/ynx/uds36vp/repos/wf-SEDs/projected_learning/wf-outputs/chkp/8_bins/chkp_callback_poly_5_cycles_256_no_proj_d2_1_cycle5
63/63 - 61s - loss: 9.6029e-07 - mean_squared_error: 1.3759e-06 - val_loss: 1.3454e-08 - val_mean_squared_error: 1.3454e-08 - 61s/epoch - 976ms/step
Epoch 11/50

Epoch 00011: mean_squared_error improved from 0.00000 to 0.00000, saving model to /gpfswork/rech/ynx/uds36vp/repos/wf-SEDs/projected_learning/wf-outputs/chkp/8_bins/chkp_callback_poly_5_cycles_256_no_proj_d2_1_cycle5
63/63 - 62s - loss: 9.6021e-07 - mean_squared_error: 1.3758e-06 - val_loss: 1.3706e-08 - val_mean_squared_error: 1.3706e-08 - 62s/epoch - 976ms/step
Epoch 12/50

Epoch 00012: mean_squared_error improved from 0.00000 to 0.00000, saving model to /gpfswork/rech/ynx/uds36vp/repos/wf-SEDs/projected_learning/wf-outputs/chkp/8_bins/chkp_callback_poly_5_cycles_256_no_proj_d2_1_cycle5
63/63 - 61s - loss: 9.6010e-07 - mean_squared_error: 1.3757e-06 - val_loss: 1.3653e-08 - val_mean_squared_error: 1.3653e-08 - 61s/epoch - 976ms/step
Epoch 13/50

Epoch 00013: mean_squared_error did not improve from 0.00000
63/63 - 61s - loss: 9.6014e-07 - mean_squared_error: 1.3758e-06 - val_loss: 1.3486e-08 - val_mean_squared_error: 1.3486e-08 - 61s/epoch - 972ms/step
Epoch 14/50

Epoch 00014: mean_squared_error did not improve from 0.00000
63/63 - 61s - loss: 9.6028e-07 - mean_squared_error: 1.3758e-06 - val_loss: 1.3837e-08 - val_mean_squared_error: 1.3837e-08 - 61s/epoch - 973ms/step
Epoch 15/50

Epoch 00015: mean_squared_error did not improve from 0.00000
63/63 - 61s - loss: 9.6033e-07 - mean_squared_error: 1.3759e-06 - val_loss: 1.3950e-08 - val_mean_squared_error: 1.3950e-08 - 61s/epoch - 972ms/step
Epoch 16/50

Epoch 00016: mean_squared_error improved from 0.00000 to 0.00000, saving model to /gpfswork/rech/ynx/uds36vp/repos/wf-SEDs/projected_learning/wf-outputs/chkp/8_bins/chkp_callback_poly_5_cycles_256_no_proj_d2_1_cycle5
63/63 - 61s - loss: 9.5997e-07 - mean_squared_error: 1.3756e-06 - val_loss: 1.3247e-08 - val_mean_squared_error: 1.3247e-08 - 61s/epoch - 974ms/step
Epoch 17/50

Epoch 00017: mean_squared_error improved from 0.00000 to 0.00000, saving model to /gpfswork/rech/ynx/uds36vp/repos/wf-SEDs/projected_learning/wf-outputs/chkp/8_bins/chkp_callback_poly_5_cycles_256_no_proj_d2_1_cycle5
63/63 - 61s - loss: 9.5982e-07 - mean_squared_error: 1.3755e-06 - val_loss: 1.3241e-08 - val_mean_squared_error: 1.3241e-08 - 61s/epoch - 969ms/step
Epoch 18/50

Epoch 00018: mean_squared_error did not improve from 0.00000
63/63 - 61s - loss: 9.6009e-07 - mean_squared_error: 1.3757e-06 - val_loss: 1.3772e-08 - val_mean_squared_error: 1.3772e-08 - 61s/epoch - 976ms/step
Epoch 19/50

Epoch 00019: mean_squared_error did not improve from 0.00000
63/63 - 62s - loss: 9.6033e-07 - mean_squared_error: 1.3758e-06 - val_loss: 1.4022e-08 - val_mean_squared_error: 1.4022e-08 - 62s/epoch - 981ms/step
Epoch 20/50

Epoch 00020: mean_squared_error did not improve from 0.00000
63/63 - 62s - loss: 9.6110e-07 - mean_squared_error: 1.3765e-06 - val_loss: 1.3579e-08 - val_mean_squared_error: 1.3579e-08 - 62s/epoch - 984ms/step
Epoch 21/50

Epoch 00021: mean_squared_error did not improve from 0.00000
63/63 - 62s - loss: 9.6006e-07 - mean_squared_error: 1.3756e-06 - val_loss: 1.3032e-08 - val_mean_squared_error: 1.3032e-08 - 62s/epoch - 985ms/step
Epoch 22/50

Epoch 00022: mean_squared_error did not improve from 0.00000
63/63 - 62s - loss: 9.6014e-07 - mean_squared_error: 1.3756e-06 - val_loss: 1.3553e-08 - val_mean_squared_error: 1.3553e-08 - 62s/epoch - 981ms/step
Epoch 23/50

Epoch 00023: mean_squared_error improved from 0.00000 to 0.00000, saving model to /gpfswork/rech/ynx/uds36vp/repos/wf-SEDs/projected_learning/wf-outputs/chkp/8_bins/chkp_callback_poly_5_cycles_256_no_proj_d2_1_cycle5
63/63 - 62s - loss: 9.6006e-07 - mean_squared_error: 1.3754e-06 - val_loss: 1.5376e-08 - val_mean_squared_error: 1.5376e-08 - 62s/epoch - 980ms/step
Epoch 24/50

Epoch 00024: mean_squared_error did not improve from 0.00000
63/63 - 62s - loss: 9.6323e-07 - mean_squared_error: 1.3775e-06 - val_loss: 1.5883e-08 - val_mean_squared_error: 1.5883e-08 - 62s/epoch - 977ms/step
Epoch 25/50

Epoch 00025: mean_squared_error did not improve from 0.00000
63/63 - 62s - loss: 9.6165e-07 - mean_squared_error: 1.3766e-06 - val_loss: 1.4125e-08 - val_mean_squared_error: 1.4125e-08 - 62s/epoch - 978ms/step
Epoch 26/50

Epoch 00026: mean_squared_error did not improve from 0.00000
63/63 - 62s - loss: 9.6015e-07 - mean_squared_error: 1.3756e-06 - val_loss: 1.3384e-08 - val_mean_squared_error: 1.3384e-08 - 62s/epoch - 980ms/step
Epoch 27/50

Epoch 00027: mean_squared_error improved from 0.00000 to 0.00000, saving model to /gpfswork/rech/ynx/uds36vp/repos/wf-SEDs/projected_learning/wf-outputs/chkp/8_bins/chkp_callback_poly_5_cycles_256_no_proj_d2_1_cycle5
63/63 - 62s - loss: 9.5990e-07 - mean_squared_error: 1.3753e-06 - val_loss: 1.2533e-08 - val_mean_squared_error: 1.2533e-08 - 62s/epoch - 981ms/step
Epoch 28/50

Epoch 00028: mean_squared_error improved from 0.00000 to 0.00000, saving model to /gpfswork/rech/ynx/uds36vp/repos/wf-SEDs/projected_learning/wf-outputs/chkp/8_bins/chkp_callback_poly_5_cycles_256_no_proj_d2_1_cycle5
63/63 - 62s - loss: 9.5936e-07 - mean_squared_error: 1.3750e-06 - val_loss: 1.2862e-08 - val_mean_squared_error: 1.2862e-08 - 62s/epoch - 985ms/step
Epoch 29/50

Epoch 00029: mean_squared_error did not improve from 0.00000
63/63 - 61s - loss: 9.6033e-07 - mean_squared_error: 1.3754e-06 - val_loss: 1.4997e-08 - val_mean_squared_error: 1.4997e-08 - 61s/epoch - 976ms/step
Epoch 30/50

Epoch 00030: mean_squared_error did not improve from 0.00000
63/63 - 61s - loss: 9.5999e-07 - mean_squared_error: 1.3754e-06 - val_loss: 1.2657e-08 - val_mean_squared_error: 1.2657e-08 - 61s/epoch - 976ms/step
Epoch 31/50

Epoch 00031: mean_squared_error did not improve from 0.00000
63/63 - 61s - loss: 9.6243e-07 - mean_squared_error: 1.3769e-06 - val_loss: 1.4963e-08 - val_mean_squared_error: 1.4963e-08 - 61s/epoch - 973ms/step
Epoch 32/50

Epoch 00032: mean_squared_error did not improve from 0.00000
63/63 - 61s - loss: 9.6372e-07 - mean_squared_error: 1.3780e-06 - val_loss: 1.8714e-08 - val_mean_squared_error: 1.8714e-08 - 61s/epoch - 973ms/step
Epoch 33/50

Epoch 00033: mean_squared_error did not improve from 0.00000
63/63 - 62s - loss: 9.6244e-07 - mean_squared_error: 1.3774e-06 - val_loss: 1.3271e-08 - val_mean_squared_error: 1.3271e-08 - 62s/epoch - 979ms/step
Epoch 34/50

Epoch 00034: mean_squared_error did not improve from 0.00000
63/63 - 62s - loss: 9.6026e-07 - mean_squared_error: 1.3755e-06 - val_loss: 1.3057e-08 - val_mean_squared_error: 1.3057e-08 - 62s/epoch - 981ms/step
Epoch 35/50

Epoch 00035: mean_squared_error did not improve from 0.00000
63/63 - 62s - loss: 9.6084e-07 - mean_squared_error: 1.3761e-06 - val_loss: 1.2791e-08 - val_mean_squared_error: 1.2791e-08 - 62s/epoch - 984ms/step
Epoch 36/50

Epoch 00036: mean_squared_error improved from 0.00000 to 0.00000, saving model to /gpfswork/rech/ynx/uds36vp/repos/wf-SEDs/projected_learning/wf-outputs/chkp/8_bins/chkp_callback_poly_5_cycles_256_no_proj_d2_1_cycle5
63/63 - 61s - loss: 9.5856e-07 - mean_squared_error: 1.3743e-06 - val_loss: 1.2472e-08 - val_mean_squared_error: 1.2472e-08 - 61s/epoch - 976ms/step
Epoch 37/50

Epoch 00037: mean_squared_error did not improve from 0.00000
63/63 - 62s - loss: 9.5904e-07 - mean_squared_error: 1.3747e-06 - val_loss: 1.3978e-08 - val_mean_squared_error: 1.3978e-08 - 62s/epoch - 977ms/step
Epoch 38/50

Epoch 00038: mean_squared_error did not improve from 0.00000
63/63 - 62s - loss: 9.6182e-07 - mean_squared_error: 1.3769e-06 - val_loss: 1.3995e-08 - val_mean_squared_error: 1.3995e-08 - 62s/epoch - 977ms/step
Epoch 39/50

Epoch 00039: mean_squared_error did not improve from 0.00000
63/63 - 61s - loss: 9.6315e-07 - mean_squared_error: 1.3777e-06 - val_loss: 1.4854e-08 - val_mean_squared_error: 1.4854e-08 - 61s/epoch - 975ms/step
Epoch 40/50

Epoch 00040: mean_squared_error did not improve from 0.00000
63/63 - 61s - loss: 9.6087e-07 - mean_squared_error: 1.3758e-06 - val_loss: 1.3011e-08 - val_mean_squared_error: 1.3011e-08 - 61s/epoch - 975ms/step
Epoch 41/50

Epoch 00041: mean_squared_error did not improve from 0.00000
63/63 - 61s - loss: 9.5941e-07 - mean_squared_error: 1.3749e-06 - val_loss: 1.2552e-08 - val_mean_squared_error: 1.2552e-08 - 61s/epoch - 975ms/step
Epoch 42/50

Epoch 00042: mean_squared_error did not improve from 0.00000
63/63 - 61s - loss: 9.5906e-07 - mean_squared_error: 1.3746e-06 - val_loss: 1.2514e-08 - val_mean_squared_error: 1.2514e-08 - 61s/epoch - 976ms/step
Epoch 43/50

Epoch 00043: mean_squared_error did not improve from 0.00000
63/63 - 62s - loss: 9.5927e-07 - mean_squared_error: 1.3748e-06 - val_loss: 1.4564e-08 - val_mean_squared_error: 1.4564e-08 - 62s/epoch - 978ms/step
Epoch 44/50

Epoch 00044: mean_squared_error did not improve from 0.00000
63/63 - 61s - loss: 9.5971e-07 - mean_squared_error: 1.3749e-06 - val_loss: 1.2849e-08 - val_mean_squared_error: 1.2849e-08 - 61s/epoch - 975ms/step
Epoch 45/50

Epoch 00045: mean_squared_error did not improve from 0.00000
63/63 - 61s - loss: 9.5915e-07 - mean_squared_error: 1.3746e-06 - val_loss: 1.3657e-08 - val_mean_squared_error: 1.3657e-08 - 61s/epoch - 972ms/step
Epoch 46/50

Epoch 00046: mean_squared_error did not improve from 0.00000
63/63 - 62s - loss: 9.5950e-07 - mean_squared_error: 1.3748e-06 - val_loss: 1.2773e-08 - val_mean_squared_error: 1.2773e-08 - 62s/epoch - 978ms/step
Epoch 47/50

Epoch 00047: mean_squared_error did not improve from 0.00000
63/63 - 62s - loss: 9.5925e-07 - mean_squared_error: 1.3746e-06 - val_loss: 1.2733e-08 - val_mean_squared_error: 1.2733e-08 - 62s/epoch - 982ms/step
Epoch 48/50

Epoch 00048: mean_squared_error did not improve from 0.00000
63/63 - 62s - loss: 9.5950e-07 - mean_squared_error: 1.3749e-06 - val_loss: 1.3508e-08 - val_mean_squared_error: 1.3508e-08 - 62s/epoch - 982ms/step
Epoch 49/50

Epoch 00049: mean_squared_error did not improve from 0.00000
63/63 - 62s - loss: 9.6638e-07 - mean_squared_error: 1.3788e-06 - val_loss: 2.6758e-08 - val_mean_squared_error: 2.6758e-08 - 62s/epoch - 983ms/step
Epoch 50/50

Epoch 00050: mean_squared_error did not improve from 0.00000
63/63 - 62s - loss: 9.6819e-07 - mean_squared_error: 1.3812e-06 - val_loss: 1.4238e-08 - val_mean_squared_error: 1.4238e-08 - 62s/epoch - 982ms/step
Cycle5 elapsed time: 4023.537084579468

Total elapsed time: 11354.343597

 Good bye..
