Starting the log file.
Found GPU at: /device:GPU:0
tf_version: 2.7.0
Zernike cube:
(15, 256, 256)
Dataset parameters:
{'d_max': 2, 'max_order': 45, 'x_lims': [0, 1000.0], 'y_lims': [0, 1000.0], 'grid_points': [4, 4], 'n_bins': 350, 'max_wfe_rms': 0.1, 'oversampling_rate': 3.0, 'output_Q': 3.0, 'output_dim': 32, 'LP_filter_length': 2, 'pupil_diameter': 256, 'euclid_obsc': True, 'n_stars': 2000}
Starting cycle 1..
Starting parametric update..
Epoch 1/10

Epoch 00001: mean_squared_error improved from inf to 0.00001, saving model to /gpfswork/rech/ynx/uds36vp/repos/wf-SEDs/projected_learning/wf-outputs/chkp/8_bins/chkp_callback_poly_5_cycles_256_proj_d2_cycle1
63/63 - 86s - loss: 6.9275e-06 - mean_squared_error: 6.4012e-06 - val_loss: 1.7318e-06 - val_mean_squared_error: 1.7318e-06 - 86s/epoch - 1s/step
Epoch 2/10

Epoch 00002: mean_squared_error improved from 0.00001 to 0.00000, saving model to /gpfswork/rech/ynx/uds36vp/repos/wf-SEDs/projected_learning/wf-outputs/chkp/8_bins/chkp_callback_poly_5_cycles_256_proj_d2_cycle1
63/63 - 82s - loss: 2.4800e-06 - mean_squared_error: 2.6903e-06 - val_loss: 1.0356e-06 - val_mean_squared_error: 1.0356e-06 - 82s/epoch - 1s/step
Epoch 3/10

Epoch 00003: mean_squared_error improved from 0.00000 to 0.00000, saving model to /gpfswork/rech/ynx/uds36vp/repos/wf-SEDs/projected_learning/wf-outputs/chkp/8_bins/chkp_callback_poly_5_cycles_256_proj_d2_cycle1
63/63 - 82s - loss: 2.0959e-06 - mean_squared_error: 2.3484e-06 - val_loss: 8.3689e-07 - val_mean_squared_error: 8.3689e-07 - 82s/epoch - 1s/step
Epoch 4/10

Epoch 00004: mean_squared_error improved from 0.00000 to 0.00000, saving model to /gpfswork/rech/ynx/uds36vp/repos/wf-SEDs/projected_learning/wf-outputs/chkp/8_bins/chkp_callback_poly_5_cycles_256_proj_d2_cycle1
63/63 - 82s - loss: 1.8963e-06 - mean_squared_error: 2.1585e-06 - val_loss: 7.2070e-07 - val_mean_squared_error: 7.2070e-07 - 82s/epoch - 1s/step
Epoch 5/10

Epoch 00005: mean_squared_error improved from 0.00000 to 0.00000, saving model to /gpfswork/rech/ynx/uds36vp/repos/wf-SEDs/projected_learning/wf-outputs/chkp/8_bins/chkp_callback_poly_5_cycles_256_proj_d2_cycle1
63/63 - 82s - loss: 1.8275e-06 - mean_squared_error: 2.0917e-06 - val_loss: 6.7584e-07 - val_mean_squared_error: 6.7584e-07 - 82s/epoch - 1s/step
Epoch 6/10

Epoch 00006: mean_squared_error improved from 0.00000 to 0.00000, saving model to /gpfswork/rech/ynx/uds36vp/repos/wf-SEDs/projected_learning/wf-outputs/chkp/8_bins/chkp_callback_poly_5_cycles_256_proj_d2_cycle1
63/63 - 82s - loss: 1.8119e-06 - mean_squared_error: 2.0839e-06 - val_loss: 6.8969e-07 - val_mean_squared_error: 6.8969e-07 - 82s/epoch - 1s/step
Epoch 7/10

Epoch 00007: mean_squared_error improved from 0.00000 to 0.00000, saving model to /gpfswork/rech/ynx/uds36vp/repos/wf-SEDs/projected_learning/wf-outputs/chkp/8_bins/chkp_callback_poly_5_cycles_256_proj_d2_cycle1
63/63 - 82s - loss: 1.7816e-06 - mean_squared_error: 2.0691e-06 - val_loss: 6.7270e-07 - val_mean_squared_error: 6.7270e-07 - 82s/epoch - 1s/step
Epoch 8/10

Epoch 00008: mean_squared_error did not improve from 0.00000
63/63 - 82s - loss: 1.8017e-06 - mean_squared_error: 2.0863e-06 - val_loss: 7.5310e-07 - val_mean_squared_error: 7.5310e-07 - 82s/epoch - 1s/step
Epoch 9/10

Epoch 00009: mean_squared_error did not improve from 0.00000
63/63 - 81s - loss: 1.8614e-06 - mean_squared_error: 2.1358e-06 - val_loss: 7.4373e-07 - val_mean_squared_error: 7.4373e-07 - 81s/epoch - 1s/step
Epoch 10/10

Epoch 00010: mean_squared_error did not improve from 0.00000
63/63 - 81s - loss: 1.8515e-06 - mean_squared_error: 2.1363e-06 - val_loss: 7.6393e-07 - val_mean_squared_error: 7.6393e-07 - 81s/epoch - 1s/step
Starting non-parametric update..
Epoch 1/25

Epoch 00001: mean_squared_error did not improve from 0.00000
63/63 - 77s - loss: 1.7871e-06 - mean_squared_error: 2.0780e-06 - val_loss: 6.4550e-07 - val_mean_squared_error: 6.4550e-07 - 77s/epoch - 1s/step
Epoch 2/25

Epoch 00002: mean_squared_error improved from 0.00000 to 0.00000, saving model to /gpfswork/rech/ynx/uds36vp/repos/wf-SEDs/projected_learning/wf-outputs/chkp/8_bins/chkp_callback_poly_5_cycles_256_proj_d2_cycle1
63/63 - 73s - loss: 1.6484e-06 - mean_squared_error: 1.9680e-06 - val_loss: 5.5514e-07 - val_mean_squared_error: 5.5514e-07 - 73s/epoch - 1s/step
Epoch 3/25

Epoch 00003: mean_squared_error improved from 0.00000 to 0.00000, saving model to /gpfswork/rech/ynx/uds36vp/repos/wf-SEDs/projected_learning/wf-outputs/chkp/8_bins/chkp_callback_poly_5_cycles_256_proj_d2_cycle1
63/63 - 74s - loss: 1.5317e-06 - mean_squared_error: 1.8745e-06 - val_loss: 4.6126e-07 - val_mean_squared_error: 4.6126e-07 - 74s/epoch - 1s/step
Epoch 4/25

Epoch 00004: mean_squared_error improved from 0.00000 to 0.00000, saving model to /gpfswork/rech/ynx/uds36vp/repos/wf-SEDs/projected_learning/wf-outputs/chkp/8_bins/chkp_callback_poly_5_cycles_256_proj_d2_cycle1
63/63 - 75s - loss: 1.4179e-06 - mean_squared_error: 1.7781e-06 - val_loss: 3.6965e-07 - val_mean_squared_error: 3.6965e-07 - 75s/epoch - 1s/step
Epoch 5/25

Epoch 00005: mean_squared_error improved from 0.00000 to 0.00000, saving model to /gpfswork/rech/ynx/uds36vp/repos/wf-SEDs/projected_learning/wf-outputs/chkp/8_bins/chkp_callback_poly_5_cycles_256_proj_d2_cycle1
63/63 - 74s - loss: 1.3210e-06 - mean_squared_error: 1.6930e-06 - val_loss: 2.9869e-07 - val_mean_squared_error: 2.9869e-07 - 74s/epoch - 1s/step
Epoch 6/25

Epoch 00006: mean_squared_error improved from 0.00000 to 0.00000, saving model to /gpfswork/rech/ynx/uds36vp/repos/wf-SEDs/projected_learning/wf-outputs/chkp/8_bins/chkp_callback_poly_5_cycles_256_proj_d2_cycle1
63/63 - 74s - loss: 1.2474e-06 - mean_squared_error: 1.6284e-06 - val_loss: 2.4061e-07 - val_mean_squared_error: 2.4061e-07 - 74s/epoch - 1s/step
Epoch 7/25

Epoch 00007: mean_squared_error improved from 0.00000 to 0.00000, saving model to /gpfswork/rech/ynx/uds36vp/repos/wf-SEDs/projected_learning/wf-outputs/chkp/8_bins/chkp_callback_poly_5_cycles_256_proj_d2_cycle1
63/63 - 74s - loss: 1.1947e-06 - mean_squared_error: 1.5814e-06 - val_loss: 2.0201e-07 - val_mean_squared_error: 2.0201e-07 - 74s/epoch - 1s/step
Epoch 8/25

Epoch 00008: mean_squared_error improved from 0.00000 to 0.00000, saving model to /gpfswork/rech/ynx/uds36vp/repos/wf-SEDs/projected_learning/wf-outputs/chkp/8_bins/chkp_callback_poly_5_cycles_256_proj_d2_cycle1
63/63 - 74s - loss: 1.1572e-06 - mean_squared_error: 1.5487e-06 - val_loss: 1.7225e-07 - val_mean_squared_error: 1.7225e-07 - 74s/epoch - 1s/step
Epoch 9/25

Epoch 00009: mean_squared_error improved from 0.00000 to 0.00000, saving model to /gpfswork/rech/ynx/uds36vp/repos/wf-SEDs/projected_learning/wf-outputs/chkp/8_bins/chkp_callback_poly_5_cycles_256_proj_d2_cycle1
63/63 - 74s - loss: 1.1290e-06 - mean_squared_error: 1.5234e-06 - val_loss: 1.5027e-07 - val_mean_squared_error: 1.5027e-07 - 74s/epoch - 1s/step
Epoch 10/25

Epoch 00010: mean_squared_error improved from 0.00000 to 0.00000, saving model to /gpfswork/rech/ynx/uds36vp/repos/wf-SEDs/projected_learning/wf-outputs/chkp/8_bins/chkp_callback_poly_5_cycles_256_proj_d2_cycle1
63/63 - 74s - loss: 1.1063e-06 - mean_squared_error: 1.5033e-06 - val_loss: 1.3306e-07 - val_mean_squared_error: 1.3306e-07 - 74s/epoch - 1s/step
Epoch 11/25

Epoch 00011: mean_squared_error improved from 0.00000 to 0.00000, saving model to /gpfswork/rech/ynx/uds36vp/repos/wf-SEDs/projected_learning/wf-outputs/chkp/8_bins/chkp_callback_poly_5_cycles_256_proj_d2_cycle1
63/63 - 74s - loss: 1.0877e-06 - mean_squared_error: 1.4872e-06 - val_loss: 1.1762e-07 - val_mean_squared_error: 1.1762e-07 - 74s/epoch - 1s/step
Epoch 12/25

Epoch 00012: mean_squared_error improved from 0.00000 to 0.00000, saving model to /gpfswork/rech/ynx/uds36vp/repos/wf-SEDs/projected_learning/wf-outputs/chkp/8_bins/chkp_callback_poly_5_cycles_256_proj_d2_cycle1
63/63 - 75s - loss: 1.0713e-06 - mean_squared_error: 1.4726e-06 - val_loss: 1.0277e-07 - val_mean_squared_error: 1.0277e-07 - 75s/epoch - 1s/step
Epoch 13/25

Epoch 00013: mean_squared_error improved from 0.00000 to 0.00000, saving model to /gpfswork/rech/ynx/uds36vp/repos/wf-SEDs/projected_learning/wf-outputs/chkp/8_bins/chkp_callback_poly_5_cycles_256_proj_d2_cycle1
63/63 - 73s - loss: 1.0571e-06 - mean_squared_error: 1.4599e-06 - val_loss: 9.1858e-08 - val_mean_squared_error: 9.1858e-08 - 73s/epoch - 1s/step
Epoch 14/25

Epoch 00014: mean_squared_error improved from 0.00000 to 0.00000, saving model to /gpfswork/rech/ynx/uds36vp/repos/wf-SEDs/projected_learning/wf-outputs/chkp/8_bins/chkp_callback_poly_5_cycles_256_proj_d2_cycle1
63/63 - 74s - loss: 1.0458e-06 - mean_squared_error: 1.4503e-06 - val_loss: 8.1789e-08 - val_mean_squared_error: 8.1789e-08 - 74s/epoch - 1s/step
Epoch 15/25

Epoch 00015: mean_squared_error improved from 0.00000 to 0.00000, saving model to /gpfswork/rech/ynx/uds36vp/repos/wf-SEDs/projected_learning/wf-outputs/chkp/8_bins/chkp_callback_poly_5_cycles_256_proj_d2_cycle1
63/63 - 73s - loss: 1.0355e-06 - mean_squared_error: 1.4413e-06 - val_loss: 7.4258e-08 - val_mean_squared_error: 7.4258e-08 - 73s/epoch - 1s/step
Epoch 16/25

Epoch 00016: mean_squared_error improved from 0.00000 to 0.00000, saving model to /gpfswork/rech/ynx/uds36vp/repos/wf-SEDs/projected_learning/wf-outputs/chkp/8_bins/chkp_callback_poly_5_cycles_256_proj_d2_cycle1
63/63 - 74s - loss: 1.0272e-06 - mean_squared_error: 1.4343e-06 - val_loss: 6.6268e-08 - val_mean_squared_error: 6.6268e-08 - 74s/epoch - 1s/step
Epoch 17/25

Epoch 00017: mean_squared_error improved from 0.00000 to 0.00000, saving model to /gpfswork/rech/ynx/uds36vp/repos/wf-SEDs/projected_learning/wf-outputs/chkp/8_bins/chkp_callback_poly_5_cycles_256_proj_d2_cycle1
63/63 - 73s - loss: 1.0189e-06 - mean_squared_error: 1.4270e-06 - val_loss: 5.9885e-08 - val_mean_squared_error: 5.9885e-08 - 73s/epoch - 1s/step
Epoch 18/25

Epoch 00018: mean_squared_error improved from 0.00000 to 0.00000, saving model to /gpfswork/rech/ynx/uds36vp/repos/wf-SEDs/projected_learning/wf-outputs/chkp/8_bins/chkp_callback_poly_5_cycles_256_proj_d2_cycle1
63/63 - 74s - loss: 1.0121e-06 - mean_squared_error: 1.4213e-06 - val_loss: 5.3476e-08 - val_mean_squared_error: 5.3476e-08 - 74s/epoch - 1s/step
Epoch 19/25

Epoch 00019: mean_squared_error improved from 0.00000 to 0.00000, saving model to /gpfswork/rech/ynx/uds36vp/repos/wf-SEDs/projected_learning/wf-outputs/chkp/8_bins/chkp_callback_poly_5_cycles_256_proj_d2_cycle1
63/63 - 74s - loss: 1.0061e-06 - mean_squared_error: 1.4160e-06 - val_loss: 4.9259e-08 - val_mean_squared_error: 4.9259e-08 - 74s/epoch - 1s/step
Epoch 20/25

Epoch 00020: mean_squared_error improved from 0.00000 to 0.00000, saving model to /gpfswork/rech/ynx/uds36vp/repos/wf-SEDs/projected_learning/wf-outputs/chkp/8_bins/chkp_callback_poly_5_cycles_256_proj_d2_cycle1
63/63 - 73s - loss: 1.0015e-06 - mean_squared_error: 1.4119e-06 - val_loss: 4.5250e-08 - val_mean_squared_error: 4.5250e-08 - 73s/epoch - 1s/step
Epoch 21/25

Epoch 00021: mean_squared_error improved from 0.00000 to 0.00000, saving model to /gpfswork/rech/ynx/uds36vp/repos/wf-SEDs/projected_learning/wf-outputs/chkp/8_bins/chkp_callback_poly_5_cycles_256_proj_d2_cycle1
63/63 - 74s - loss: 9.9712e-07 - mean_squared_error: 1.4083e-06 - val_loss: 4.1515e-08 - val_mean_squared_error: 4.1515e-08 - 74s/epoch - 1s/step
Epoch 22/25

Epoch 00022: mean_squared_error improved from 0.00000 to 0.00000, saving model to /gpfswork/rech/ynx/uds36vp/repos/wf-SEDs/projected_learning/wf-outputs/chkp/8_bins/chkp_callback_poly_5_cycles_256_proj_d2_cycle1
63/63 - 74s - loss: 9.9414e-07 - mean_squared_error: 1.4056e-06 - val_loss: 3.9461e-08 - val_mean_squared_error: 3.9461e-08 - 74s/epoch - 1s/step
Epoch 23/25

Epoch 00023: mean_squared_error improved from 0.00000 to 0.00000, saving model to /gpfswork/rech/ynx/uds36vp/repos/wf-SEDs/projected_learning/wf-outputs/chkp/8_bins/chkp_callback_poly_5_cycles_256_proj_d2_cycle1
63/63 - 74s - loss: 9.9090e-07 - mean_squared_error: 1.4028e-06 - val_loss: 3.7870e-08 - val_mean_squared_error: 3.7870e-08 - 74s/epoch - 1s/step
Epoch 24/25

Epoch 00024: mean_squared_error improved from 0.00000 to 0.00000, saving model to /gpfswork/rech/ynx/uds36vp/repos/wf-SEDs/projected_learning/wf-outputs/chkp/8_bins/chkp_callback_poly_5_cycles_256_proj_d2_cycle1
63/63 - 74s - loss: 9.8960e-07 - mean_squared_error: 1.4013e-06 - val_loss: 3.4879e-08 - val_mean_squared_error: 3.4879e-08 - 74s/epoch - 1s/step
Epoch 25/25

Epoch 00025: mean_squared_error improved from 0.00000 to 0.00000, saving model to /gpfswork/rech/ynx/uds36vp/repos/wf-SEDs/projected_learning/wf-outputs/chkp/8_bins/chkp_callback_poly_5_cycles_256_proj_d2_cycle1
63/63 - 71s - loss: 9.8544e-07 - mean_squared_error: 1.3980e-06 - val_loss: 3.3800e-08 - val_mean_squared_error: 3.3800e-08 - 71s/epoch - 1s/step
Cycle1 elapsed time: 2674.177171
Project non-param DD features onto param model: done!
Starting cycle 2..
Starting parametric update..
Epoch 1/5

Epoch 00001: mean_squared_error improved from inf to 0.00000, saving model to /gpfswork/rech/ynx/uds36vp/repos/wf-SEDs/projected_learning/wf-outputs/chkp/8_bins/chkp_callback_poly_5_cycles_256_proj_d2_cycle2
63/63 - 82s - loss: 9.8951e-07 - mean_squared_error: 1.4014e-06 - val_loss: 3.6859e-08 - val_mean_squared_error: 3.6859e-08 - 82s/epoch - 1s/step
Epoch 2/5

Epoch 00002: mean_squared_error did not improve from 0.00000
63/63 - 79s - loss: 9.9218e-07 - mean_squared_error: 1.4040e-06 - val_loss: 4.3523e-08 - val_mean_squared_error: 4.3523e-08 - 79s/epoch - 1s/step
Epoch 3/5

Epoch 00003: mean_squared_error did not improve from 0.00000
63/63 - 79s - loss: 1.0028e-06 - mean_squared_error: 1.4124e-06 - val_loss: 4.5307e-08 - val_mean_squared_error: 4.5307e-08 - 79s/epoch - 1s/step
Epoch 4/5

Epoch 00004: mean_squared_error did not improve from 0.00000
63/63 - 78s - loss: 9.9489e-07 - mean_squared_error: 1.4064e-06 - val_loss: 3.6147e-08 - val_mean_squared_error: 3.6147e-08 - 78s/epoch - 1s/step
Epoch 5/5

Epoch 00005: mean_squared_error did not improve from 0.00000
63/63 - 77s - loss: 9.9636e-07 - mean_squared_error: 1.4076e-06 - val_loss: 5.7492e-08 - val_mean_squared_error: 5.7492e-08 - 77s/epoch - 1s/step
Starting non-parametric update..
Epoch 1/25

Epoch 00001: mean_squared_error did not improve from 0.00000
63/63 - 79s - loss: 9.8984e-07 - mean_squared_error: 1.4022e-06 - val_loss: 3.1536e-08 - val_mean_squared_error: 3.1536e-08 - 79s/epoch - 1s/step
Epoch 2/25

Epoch 00002: mean_squared_error improved from 0.00000 to 0.00000, saving model to /gpfswork/rech/ynx/uds36vp/repos/wf-SEDs/projected_learning/wf-outputs/chkp/8_bins/chkp_callback_poly_5_cycles_256_proj_d2_cycle2
63/63 - 77s - loss: 9.8233e-07 - mean_squared_error: 1.3956e-06 - val_loss: 3.0535e-08 - val_mean_squared_error: 3.0535e-08 - 77s/epoch - 1s/step
Epoch 3/25

Epoch 00003: mean_squared_error improved from 0.00000 to 0.00000, saving model to /gpfswork/rech/ynx/uds36vp/repos/wf-SEDs/projected_learning/wf-outputs/chkp/8_bins/chkp_callback_poly_5_cycles_256_proj_d2_cycle2
63/63 - 77s - loss: 9.8162e-07 - mean_squared_error: 1.3950e-06 - val_loss: 3.0061e-08 - val_mean_squared_error: 3.0061e-08 - 77s/epoch - 1s/step
Epoch 4/25

Epoch 00004: mean_squared_error improved from 0.00000 to 0.00000, saving model to /gpfswork/rech/ynx/uds36vp/repos/wf-SEDs/projected_learning/wf-outputs/chkp/8_bins/chkp_callback_poly_5_cycles_256_proj_d2_cycle2
63/63 - 77s - loss: 9.8071e-07 - mean_squared_error: 1.3941e-06 - val_loss: 2.9574e-08 - val_mean_squared_error: 2.9574e-08 - 77s/epoch - 1s/step
Epoch 5/25

Epoch 00005: mean_squared_error improved from 0.00000 to 0.00000, saving model to /gpfswork/rech/ynx/uds36vp/repos/wf-SEDs/projected_learning/wf-outputs/chkp/8_bins/chkp_callback_poly_5_cycles_256_proj_d2_cycle2
63/63 - 77s - loss: 9.8047e-07 - mean_squared_error: 1.3938e-06 - val_loss: 2.9037e-08 - val_mean_squared_error: 2.9037e-08 - 77s/epoch - 1s/step
Epoch 6/25

Epoch 00006: mean_squared_error improved from 0.00000 to 0.00000, saving model to /gpfswork/rech/ynx/uds36vp/repos/wf-SEDs/projected_learning/wf-outputs/chkp/8_bins/chkp_callback_poly_5_cycles_256_proj_d2_cycle2
63/63 - 76s - loss: 9.7970e-07 - mean_squared_error: 1.3931e-06 - val_loss: 2.8623e-08 - val_mean_squared_error: 2.8623e-08 - 76s/epoch - 1s/step
Epoch 7/25

Epoch 00007: mean_squared_error improved from 0.00000 to 0.00000, saving model to /gpfswork/rech/ynx/uds36vp/repos/wf-SEDs/projected_learning/wf-outputs/chkp/8_bins/chkp_callback_poly_5_cycles_256_proj_d2_cycle2
63/63 - 77s - loss: 9.7862e-07 - mean_squared_error: 1.3922e-06 - val_loss: 2.7363e-08 - val_mean_squared_error: 2.7363e-08 - 77s/epoch - 1s/step
Epoch 8/25

Epoch 00008: mean_squared_error improved from 0.00000 to 0.00000, saving model to /gpfswork/rech/ynx/uds36vp/repos/wf-SEDs/projected_learning/wf-outputs/chkp/8_bins/chkp_callback_poly_5_cycles_256_proj_d2_cycle2
63/63 - 77s - loss: 9.7794e-07 - mean_squared_error: 1.3916e-06 - val_loss: 2.7004e-08 - val_mean_squared_error: 2.7004e-08 - 77s/epoch - 1s/step
Epoch 9/25

Epoch 00009: mean_squared_error improved from 0.00000 to 0.00000, saving model to /gpfswork/rech/ynx/uds36vp/repos/wf-SEDs/projected_learning/wf-outputs/chkp/8_bins/chkp_callback_poly_5_cycles_256_proj_d2_cycle2
63/63 - 77s - loss: 9.7720e-07 - mean_squared_error: 1.3909e-06 - val_loss: 2.6172e-08 - val_mean_squared_error: 2.6172e-08 - 77s/epoch - 1s/step
Epoch 10/25

Epoch 00010: mean_squared_error improved from 0.00000 to 0.00000, saving model to /gpfswork/rech/ynx/uds36vp/repos/wf-SEDs/projected_learning/wf-outputs/chkp/8_bins/chkp_callback_poly_5_cycles_256_proj_d2_cycle2
63/63 - 77s - loss: 9.7644e-07 - mean_squared_error: 1.3903e-06 - val_loss: 2.5041e-08 - val_mean_squared_error: 2.5041e-08 - 77s/epoch - 1s/step
Epoch 11/25

Epoch 00011: mean_squared_error improved from 0.00000 to 0.00000, saving model to /gpfswork/rech/ynx/uds36vp/repos/wf-SEDs/projected_learning/wf-outputs/chkp/8_bins/chkp_callback_poly_5_cycles_256_proj_d2_cycle2
63/63 - 76s - loss: 9.7534e-07 - mean_squared_error: 1.3893e-06 - val_loss: 2.5347e-08 - val_mean_squared_error: 2.5347e-08 - 76s/epoch - 1s/step
Epoch 12/25

Epoch 00012: mean_squared_error improved from 0.00000 to 0.00000, saving model to /gpfswork/rech/ynx/uds36vp/repos/wf-SEDs/projected_learning/wf-outputs/chkp/8_bins/chkp_callback_poly_5_cycles_256_proj_d2_cycle2
63/63 - 77s - loss: 9.7486e-07 - mean_squared_error: 1.3890e-06 - val_loss: 2.4340e-08 - val_mean_squared_error: 2.4340e-08 - 77s/epoch - 1s/step
Epoch 13/25

Epoch 00013: mean_squared_error did not improve from 0.00000
63/63 - 77s - loss: 9.8097e-07 - mean_squared_error: 1.3930e-06 - val_loss: 2.6154e-08 - val_mean_squared_error: 2.6154e-08 - 77s/epoch - 1s/step
Epoch 14/25

Epoch 00014: mean_squared_error did not improve from 0.00000
63/63 - 77s - loss: 9.7719e-07 - mean_squared_error: 1.3902e-06 - val_loss: 2.4172e-08 - val_mean_squared_error: 2.4172e-08 - 77s/epoch - 1s/step
Epoch 15/25

Epoch 00015: mean_squared_error improved from 0.00000 to 0.00000, saving model to /gpfswork/rech/ynx/uds36vp/repos/wf-SEDs/projected_learning/wf-outputs/chkp/8_bins/chkp_callback_poly_5_cycles_256_proj_d2_cycle2
63/63 - 76s - loss: 9.7482e-07 - mean_squared_error: 1.3885e-06 - val_loss: 2.3196e-08 - val_mean_squared_error: 2.3196e-08 - 76s/epoch - 1s/step
Epoch 16/25

Epoch 00016: mean_squared_error improved from 0.00000 to 0.00000, saving model to /gpfswork/rech/ynx/uds36vp/repos/wf-SEDs/projected_learning/wf-outputs/chkp/8_bins/chkp_callback_poly_5_cycles_256_proj_d2_cycle2
63/63 - 77s - loss: 9.7241e-07 - mean_squared_error: 1.3867e-06 - val_loss: 2.2465e-08 - val_mean_squared_error: 2.2465e-08 - 77s/epoch - 1s/step
Epoch 17/25

Epoch 00017: mean_squared_error improved from 0.00000 to 0.00000, saving model to /gpfswork/rech/ynx/uds36vp/repos/wf-SEDs/projected_learning/wf-outputs/chkp/8_bins/chkp_callback_poly_5_cycles_256_proj_d2_cycle2
63/63 - 77s - loss: 9.7222e-07 - mean_squared_error: 1.3865e-06 - val_loss: 2.3164e-08 - val_mean_squared_error: 2.3164e-08 - 77s/epoch - 1s/step
Epoch 18/25

Epoch 00018: mean_squared_error improved from 0.00000 to 0.00000, saving model to /gpfswork/rech/ynx/uds36vp/repos/wf-SEDs/projected_learning/wf-outputs/chkp/8_bins/chkp_callback_poly_5_cycles_256_proj_d2_cycle2
63/63 - 77s - loss: 9.7205e-07 - mean_squared_error: 1.3862e-06 - val_loss: 2.1071e-08 - val_mean_squared_error: 2.1071e-08 - 77s/epoch - 1s/step
Epoch 19/25

Epoch 00019: mean_squared_error improved from 0.00000 to 0.00000, saving model to /gpfswork/rech/ynx/uds36vp/repos/wf-SEDs/projected_learning/wf-outputs/chkp/8_bins/chkp_callback_poly_5_cycles_256_proj_d2_cycle2
63/63 - 77s - loss: 9.7102e-07 - mean_squared_error: 1.3852e-06 - val_loss: 2.2337e-08 - val_mean_squared_error: 2.2337e-08 - 77s/epoch - 1s/step
Epoch 20/25

Epoch 00020: mean_squared_error did not improve from 0.00000
63/63 - 77s - loss: 9.7110e-07 - mean_squared_error: 1.3854e-06 - val_loss: 2.0314e-08 - val_mean_squared_error: 2.0314e-08 - 77s/epoch - 1s/step
Epoch 21/25

Epoch 00021: mean_squared_error improved from 0.00000 to 0.00000, saving model to /gpfswork/rech/ynx/uds36vp/repos/wf-SEDs/projected_learning/wf-outputs/chkp/8_bins/chkp_callback_poly_5_cycles_256_proj_d2_cycle2
63/63 - 77s - loss: 9.7091e-07 - mean_squared_error: 1.3852e-06 - val_loss: 2.0839e-08 - val_mean_squared_error: 2.0839e-08 - 77s/epoch - 1s/step
Epoch 22/25

Epoch 00022: mean_squared_error improved from 0.00000 to 0.00000, saving model to /gpfswork/rech/ynx/uds36vp/repos/wf-SEDs/projected_learning/wf-outputs/chkp/8_bins/chkp_callback_poly_5_cycles_256_proj_d2_cycle2
63/63 - 77s - loss: 9.6997e-07 - mean_squared_error: 1.3842e-06 - val_loss: 2.0194e-08 - val_mean_squared_error: 2.0194e-08 - 77s/epoch - 1s/step
Epoch 23/25

Epoch 00023: mean_squared_error did not improve from 0.00000
63/63 - 76s - loss: 9.7111e-07 - mean_squared_error: 1.3849e-06 - val_loss: 2.2365e-08 - val_mean_squared_error: 2.2365e-08 - 76s/epoch - 1s/step
Epoch 24/25

Epoch 00024: mean_squared_error did not improve from 0.00000
63/63 - 75s - loss: 9.7186e-07 - mean_squared_error: 1.3853e-06 - val_loss: 1.8878e-08 - val_mean_squared_error: 1.8878e-08 - 75s/epoch - 1s/step
Epoch 25/25

Epoch 00025: mean_squared_error improved from 0.00000 to 0.00000, saving model to /gpfswork/rech/ynx/uds36vp/repos/wf-SEDs/projected_learning/wf-outputs/chkp/8_bins/chkp_callback_poly_5_cycles_256_proj_d2_cycle2
63/63 - 75s - loss: 9.6810e-07 - mean_squared_error: 1.3826e-06 - val_loss: 1.8743e-08 - val_mean_squared_error: 1.8743e-08 - 75s/epoch - 1s/step
Cycle2 elapsed time: 2318.1117668151855
Project non-param DD features onto param model: done!
Starting cycle 3..
Starting parametric update..
Epoch 1/5

Epoch 00001: mean_squared_error improved from inf to 0.00000, saving model to /gpfswork/rech/ynx/uds36vp/repos/wf-SEDs/projected_learning/wf-outputs/chkp/8_bins/chkp_callback_poly_5_cycles_256_proj_d2_cycle3
63/63 - 76s - loss: 9.7048e-07 - mean_squared_error: 1.3849e-06 - val_loss: 2.5209e-08 - val_mean_squared_error: 2.5209e-08 - 76s/epoch - 1s/step
Epoch 2/5

Epoch 00002: mean_squared_error did not improve from 0.00000
63/63 - 74s - loss: 9.7683e-07 - mean_squared_error: 1.3906e-06 - val_loss: 4.0530e-08 - val_mean_squared_error: 4.0530e-08 - 74s/epoch - 1s/step
Epoch 3/5

Epoch 00003: mean_squared_error did not improve from 0.00000
63/63 - 73s - loss: 9.7894e-07 - mean_squared_error: 1.3925e-06 - val_loss: 2.4131e-08 - val_mean_squared_error: 2.4131e-08 - 73s/epoch - 1s/step
Epoch 4/5

Epoch 00004: mean_squared_error did not improve from 0.00000
63/63 - 73s - loss: 9.8234e-07 - mean_squared_error: 1.3955e-06 - val_loss: 3.7111e-08 - val_mean_squared_error: 3.7111e-08 - 73s/epoch - 1s/step
Epoch 5/5

Epoch 00005: mean_squared_error did not improve from 0.00000
63/63 - 73s - loss: 1.0183e-06 - mean_squared_error: 1.4250e-06 - val_loss: 5.3580e-08 - val_mean_squared_error: 5.3580e-08 - 73s/epoch - 1s/step
Starting non-parametric update..
Epoch 1/25

Epoch 00001: mean_squared_error did not improve from 0.00000
63/63 - 76s - loss: 9.7859e-07 - mean_squared_error: 1.3911e-06 - val_loss: 1.7995e-08 - val_mean_squared_error: 1.7995e-08 - 76s/epoch - 1s/step
Epoch 2/25

Epoch 00002: mean_squared_error improved from 0.00000 to 0.00000, saving model to /gpfswork/rech/ynx/uds36vp/repos/wf-SEDs/projected_learning/wf-outputs/chkp/8_bins/chkp_callback_poly_5_cycles_256_proj_d2_cycle3
63/63 - 74s - loss: 9.6569e-07 - mean_squared_error: 1.3809e-06 - val_loss: 1.7000e-08 - val_mean_squared_error: 1.7000e-08 - 74s/epoch - 1s/step
Epoch 3/25

Epoch 00003: mean_squared_error improved from 0.00000 to 0.00000, saving model to /gpfswork/rech/ynx/uds36vp/repos/wf-SEDs/projected_learning/wf-outputs/chkp/8_bins/chkp_callback_poly_5_cycles_256_proj_d2_cycle3
63/63 - 74s - loss: 9.6525e-07 - mean_squared_error: 1.3805e-06 - val_loss: 1.6600e-08 - val_mean_squared_error: 1.6600e-08 - 74s/epoch - 1s/step
Epoch 4/25

Epoch 00004: mean_squared_error improved from 0.00000 to 0.00000, saving model to /gpfswork/rech/ynx/uds36vp/repos/wf-SEDs/projected_learning/wf-outputs/chkp/8_bins/chkp_callback_poly_5_cycles_256_proj_d2_cycle3
63/63 - 74s - loss: 9.6511e-07 - mean_squared_error: 1.3803e-06 - val_loss: 1.6541e-08 - val_mean_squared_error: 1.6541e-08 - 74s/epoch - 1s/step
Epoch 5/25

Epoch 00005: mean_squared_error improved from 0.00000 to 0.00000, saving model to /gpfswork/rech/ynx/uds36vp/repos/wf-SEDs/projected_learning/wf-outputs/chkp/8_bins/chkp_callback_poly_5_cycles_256_proj_d2_cycle3
63/63 - 74s - loss: 9.6483e-07 - mean_squared_error: 1.3800e-06 - val_loss: 1.6220e-08 - val_mean_squared_error: 1.6220e-08 - 74s/epoch - 1s/step
Epoch 6/25

Epoch 00006: mean_squared_error improved from 0.00000 to 0.00000, saving model to /gpfswork/rech/ynx/uds36vp/repos/wf-SEDs/projected_learning/wf-outputs/chkp/8_bins/chkp_callback_poly_5_cycles_256_proj_d2_cycle3
63/63 - 74s - loss: 9.6453e-07 - mean_squared_error: 1.3798e-06 - val_loss: 1.5803e-08 - val_mean_squared_error: 1.5803e-08 - 74s/epoch - 1s/step
Epoch 7/25

Epoch 00007: mean_squared_error did not improve from 0.00000
63/63 - 74s - loss: 9.6468e-07 - mean_squared_error: 1.3798e-06 - val_loss: 1.6107e-08 - val_mean_squared_error: 1.6107e-08 - 74s/epoch - 1s/step
Epoch 8/25

Epoch 00008: mean_squared_error improved from 0.00000 to 0.00000, saving model to /gpfswork/rech/ynx/uds36vp/repos/wf-SEDs/projected_learning/wf-outputs/chkp/8_bins/chkp_callback_poly_5_cycles_256_proj_d2_cycle3
63/63 - 73s - loss: 9.6437e-07 - mean_squared_error: 1.3796e-06 - val_loss: 1.6054e-08 - val_mean_squared_error: 1.6054e-08 - 73s/epoch - 1s/step
Epoch 9/25

Epoch 00009: mean_squared_error did not improve from 0.00000
63/63 - 73s - loss: 9.6467e-07 - mean_squared_error: 1.3798e-06 - val_loss: 1.5638e-08 - val_mean_squared_error: 1.5638e-08 - 73s/epoch - 1s/step
Epoch 10/25

Epoch 00010: mean_squared_error improved from 0.00000 to 0.00000, saving model to /gpfswork/rech/ynx/uds36vp/repos/wf-SEDs/projected_learning/wf-outputs/chkp/8_bins/chkp_callback_poly_5_cycles_256_proj_d2_cycle3
63/63 - 73s - loss: 9.6405e-07 - mean_squared_error: 1.3792e-06 - val_loss: 1.5233e-08 - val_mean_squared_error: 1.5233e-08 - 73s/epoch - 1s/step
Epoch 11/25

Epoch 00011: mean_squared_error improved from 0.00000 to 0.00000, saving model to /gpfswork/rech/ynx/uds36vp/repos/wf-SEDs/projected_learning/wf-outputs/chkp/8_bins/chkp_callback_poly_5_cycles_256_proj_d2_cycle3
63/63 - 73s - loss: 9.6376e-07 - mean_squared_error: 1.3789e-06 - val_loss: 1.5133e-08 - val_mean_squared_error: 1.5133e-08 - 73s/epoch - 1s/step
Epoch 12/25

Epoch 00012: mean_squared_error did not improve from 0.00000
63/63 - 73s - loss: 9.6389e-07 - mean_squared_error: 1.3790e-06 - val_loss: 1.4780e-08 - val_mean_squared_error: 1.4780e-08 - 73s/epoch - 1s/step
Epoch 13/25

Epoch 00013: mean_squared_error did not improve from 0.00000
63/63 - 73s - loss: 9.6509e-07 - mean_squared_error: 1.3796e-06 - val_loss: 1.5378e-08 - val_mean_squared_error: 1.5378e-08 - 73s/epoch - 1s/step
Epoch 14/25

Epoch 00014: mean_squared_error did not improve from 0.00000
63/63 - 74s - loss: 9.6401e-07 - mean_squared_error: 1.3790e-06 - val_loss: 1.5864e-08 - val_mean_squared_error: 1.5864e-08 - 74s/epoch - 1s/step
Epoch 15/25

Epoch 00015: mean_squared_error did not improve from 0.00000
63/63 - 73s - loss: 9.6437e-07 - mean_squared_error: 1.3793e-06 - val_loss: 1.5761e-08 - val_mean_squared_error: 1.5761e-08 - 73s/epoch - 1s/step
Epoch 16/25

Epoch 00016: mean_squared_error improved from 0.00000 to 0.00000, saving model to /gpfswork/rech/ynx/uds36vp/repos/wf-SEDs/projected_learning/wf-outputs/chkp/8_bins/chkp_callback_poly_5_cycles_256_proj_d2_cycle3
63/63 - 74s - loss: 9.6320e-07 - mean_squared_error: 1.3784e-06 - val_loss: 1.4269e-08 - val_mean_squared_error: 1.4269e-08 - 74s/epoch - 1s/step
Epoch 17/25

Epoch 00017: mean_squared_error improved from 0.00000 to 0.00000, saving model to /gpfswork/rech/ynx/uds36vp/repos/wf-SEDs/projected_learning/wf-outputs/chkp/8_bins/chkp_callback_poly_5_cycles_256_proj_d2_cycle3
63/63 - 73s - loss: 9.6282e-07 - mean_squared_error: 1.3780e-06 - val_loss: 1.4896e-08 - val_mean_squared_error: 1.4896e-08 - 73s/epoch - 1s/step
Epoch 18/25

Epoch 00018: mean_squared_error did not improve from 0.00000
63/63 - 73s - loss: 9.6320e-07 - mean_squared_error: 1.3783e-06 - val_loss: 1.6424e-08 - val_mean_squared_error: 1.6424e-08 - 73s/epoch - 1s/step
Epoch 19/25

Epoch 00019: mean_squared_error did not improve from 0.00000
63/63 - 74s - loss: 9.6393e-07 - mean_squared_error: 1.3787e-06 - val_loss: 1.4153e-08 - val_mean_squared_error: 1.4153e-08 - 74s/epoch - 1s/step
Epoch 20/25

Epoch 00020: mean_squared_error did not improve from 0.00000
63/63 - 73s - loss: 9.6621e-07 - mean_squared_error: 1.3805e-06 - val_loss: 1.3695e-08 - val_mean_squared_error: 1.3695e-08 - 73s/epoch - 1s/step
Epoch 21/25

Epoch 00021: mean_squared_error did not improve from 0.00000
63/63 - 73s - loss: 9.6327e-07 - mean_squared_error: 1.3781e-06 - val_loss: 1.5610e-08 - val_mean_squared_error: 1.5610e-08 - 73s/epoch - 1s/step
Epoch 22/25

Epoch 00022: mean_squared_error did not improve from 0.00000
63/63 - 73s - loss: 9.6544e-07 - mean_squared_error: 1.3798e-06 - val_loss: 1.4786e-08 - val_mean_squared_error: 1.4786e-08 - 73s/epoch - 1s/step
Epoch 23/25

Epoch 00023: mean_squared_error improved from 0.00000 to 0.00000, saving model to /gpfswork/rech/ynx/uds36vp/repos/wf-SEDs/projected_learning/wf-outputs/chkp/8_bins/chkp_callback_poly_5_cycles_256_proj_d2_cycle3
63/63 - 73s - loss: 9.6258e-07 - mean_squared_error: 1.3777e-06 - val_loss: 1.4851e-08 - val_mean_squared_error: 1.4851e-08 - 73s/epoch - 1s/step
Epoch 24/25

Epoch 00024: mean_squared_error did not improve from 0.00000
63/63 - 72s - loss: 9.7313e-07 - mean_squared_error: 1.3856e-06 - val_loss: 2.8636e-08 - val_mean_squared_error: 2.8636e-08 - 72s/epoch - 1s/step
Epoch 25/25

Epoch 00025: mean_squared_error did not improve from 0.00000
63/63 - 74s - loss: 9.8307e-07 - mean_squared_error: 1.3937e-06 - val_loss: 1.9520e-08 - val_mean_squared_error: 1.9520e-08 - 74s/epoch - 1s/step
Cycle3 elapsed time: 2209.956916809082
Project non-param DD features onto param model: done!
Starting cycle 4..
Starting parametric update..
Epoch 1/5

Epoch 00001: mean_squared_error improved from inf to 0.00000, saving model to /gpfswork/rech/ynx/uds36vp/repos/wf-SEDs/projected_learning/wf-outputs/chkp/8_bins/chkp_callback_poly_5_cycles_256_proj_d2_cycle4
63/63 - 84s - loss: 9.6417e-07 - mean_squared_error: 1.3790e-06 - val_loss: 1.5378e-08 - val_mean_squared_error: 1.5378e-08 - 84s/epoch - 1s/step
Epoch 2/5

Epoch 00002: mean_squared_error did not improve from 0.00000
63/63 - 82s - loss: 9.6502e-07 - mean_squared_error: 1.3796e-06 - val_loss: 1.7124e-08 - val_mean_squared_error: 1.7124e-08 - 82s/epoch - 1s/step
Epoch 3/5

Epoch 00003: mean_squared_error did not improve from 0.00000
63/63 - 82s - loss: 9.6721e-07 - mean_squared_error: 1.3815e-06 - val_loss: 1.8427e-08 - val_mean_squared_error: 1.8427e-08 - 82s/epoch - 1s/step
Epoch 4/5

Epoch 00004: mean_squared_error did not improve from 0.00000
63/63 - 82s - loss: 9.6815e-07 - mean_squared_error: 1.3823e-06 - val_loss: 2.6970e-08 - val_mean_squared_error: 2.6970e-08 - 82s/epoch - 1s/step
Epoch 5/5

Epoch 00005: mean_squared_error did not improve from 0.00000
63/63 - 82s - loss: 9.7946e-07 - mean_squared_error: 1.3925e-06 - val_loss: 2.1873e-08 - val_mean_squared_error: 2.1873e-08 - 82s/epoch - 1s/step
Starting non-parametric update..
Epoch 1/25

Epoch 00001: mean_squared_error improved from 0.00000 to 0.00000, saving model to /gpfswork/rech/ynx/uds36vp/repos/wf-SEDs/projected_learning/wf-outputs/chkp/8_bins/chkp_callback_poly_5_cycles_256_proj_d2_cycle4
63/63 - 77s - loss: 9.6267e-07 - mean_squared_error: 1.3779e-06 - val_loss: 1.2687e-08 - val_mean_squared_error: 1.2687e-08 - 77s/epoch - 1s/step
Epoch 2/25

Epoch 00002: mean_squared_error improved from 0.00000 to 0.00000, saving model to /gpfswork/rech/ynx/uds36vp/repos/wf-SEDs/projected_learning/wf-outputs/chkp/8_bins/chkp_callback_poly_5_cycles_256_proj_d2_cycle4
63/63 - 76s - loss: 9.5991e-07 - mean_squared_error: 1.3756e-06 - val_loss: 1.2243e-08 - val_mean_squared_error: 1.2243e-08 - 76s/epoch - 1s/step
Epoch 3/25

Epoch 00003: mean_squared_error improved from 0.00000 to 0.00000, saving model to /gpfswork/rech/ynx/uds36vp/repos/wf-SEDs/projected_learning/wf-outputs/chkp/8_bins/chkp_callback_poly_5_cycles_256_proj_d2_cycle4
63/63 - 74s - loss: 9.5958e-07 - mean_squared_error: 1.3753e-06 - val_loss: 1.2006e-08 - val_mean_squared_error: 1.2006e-08 - 74s/epoch - 1s/step
Epoch 4/25

Epoch 00004: mean_squared_error improved from 0.00000 to 0.00000, saving model to /gpfswork/rech/ynx/uds36vp/repos/wf-SEDs/projected_learning/wf-outputs/chkp/8_bins/chkp_callback_poly_5_cycles_256_proj_d2_cycle4
63/63 - 74s - loss: 9.5944e-07 - mean_squared_error: 1.3752e-06 - val_loss: 1.2043e-08 - val_mean_squared_error: 1.2043e-08 - 74s/epoch - 1s/step
Epoch 5/25

Epoch 00005: mean_squared_error improved from 0.00000 to 0.00000, saving model to /gpfswork/rech/ynx/uds36vp/repos/wf-SEDs/projected_learning/wf-outputs/chkp/8_bins/chkp_callback_poly_5_cycles_256_proj_d2_cycle4
63/63 - 74s - loss: 9.5944e-07 - mean_squared_error: 1.3752e-06 - val_loss: 1.2234e-08 - val_mean_squared_error: 1.2234e-08 - 74s/epoch - 1s/step
Epoch 6/25

Epoch 00006: mean_squared_error did not improve from 0.00000
63/63 - 74s - loss: 9.5949e-07 - mean_squared_error: 1.3752e-06 - val_loss: 1.2036e-08 - val_mean_squared_error: 1.2036e-08 - 74s/epoch - 1s/step
Epoch 7/25

Epoch 00007: mean_squared_error improved from 0.00000 to 0.00000, saving model to /gpfswork/rech/ynx/uds36vp/repos/wf-SEDs/projected_learning/wf-outputs/chkp/8_bins/chkp_callback_poly_5_cycles_256_proj_d2_cycle4
63/63 - 73s - loss: 9.5940e-07 - mean_squared_error: 1.3751e-06 - val_loss: 1.2334e-08 - val_mean_squared_error: 1.2334e-08 - 73s/epoch - 1s/step
Epoch 8/25

Epoch 00008: mean_squared_error did not improve from 0.00000
63/63 - 74s - loss: 9.5946e-07 - mean_squared_error: 1.3751e-06 - val_loss: 1.1793e-08 - val_mean_squared_error: 1.1793e-08 - 74s/epoch - 1s/step
Epoch 9/25

Epoch 00009: mean_squared_error improved from 0.00000 to 0.00000, saving model to /gpfswork/rech/ynx/uds36vp/repos/wf-SEDs/projected_learning/wf-outputs/chkp/8_bins/chkp_callback_poly_5_cycles_256_proj_d2_cycle4
63/63 - 76s - loss: 9.5909e-07 - mean_squared_error: 1.3748e-06 - val_loss: 1.1811e-08 - val_mean_squared_error: 1.1811e-08 - 76s/epoch - 1s/step
Epoch 10/25

Epoch 00010: mean_squared_error did not improve from 0.00000
63/63 - 74s - loss: 9.5959e-07 - mean_squared_error: 1.3752e-06 - val_loss: 1.2251e-08 - val_mean_squared_error: 1.2251e-08 - 74s/epoch - 1s/step
Epoch 11/25

Epoch 00011: mean_squared_error did not improve from 0.00000
63/63 - 74s - loss: 9.5930e-07 - mean_squared_error: 1.3749e-06 - val_loss: 1.2470e-08 - val_mean_squared_error: 1.2470e-08 - 74s/epoch - 1s/step
Epoch 12/25

Epoch 00012: mean_squared_error did not improve from 0.00000
63/63 - 74s - loss: 9.5941e-07 - mean_squared_error: 1.3751e-06 - val_loss: 1.1472e-08 - val_mean_squared_error: 1.1472e-08 - 74s/epoch - 1s/step
Epoch 13/25

Epoch 00013: mean_squared_error improved from 0.00000 to 0.00000, saving model to /gpfswork/rech/ynx/uds36vp/repos/wf-SEDs/projected_learning/wf-outputs/chkp/8_bins/chkp_callback_poly_5_cycles_256_proj_d2_cycle4
63/63 - 74s - loss: 9.5919e-07 - mean_squared_error: 1.3748e-06 - val_loss: 1.1449e-08 - val_mean_squared_error: 1.1449e-08 - 74s/epoch - 1s/step
Epoch 14/25

Epoch 00014: mean_squared_error did not improve from 0.00000
63/63 - 74s - loss: 9.5938e-07 - mean_squared_error: 1.3749e-06 - val_loss: 1.1832e-08 - val_mean_squared_error: 1.1832e-08 - 74s/epoch - 1s/step
Epoch 15/25

Epoch 00015: mean_squared_error did not improve from 0.00000
63/63 - 74s - loss: 9.5939e-07 - mean_squared_error: 1.3750e-06 - val_loss: 1.1760e-08 - val_mean_squared_error: 1.1760e-08 - 74s/epoch - 1s/step
Epoch 16/25

Epoch 00016: mean_squared_error improved from 0.00000 to 0.00000, saving model to /gpfswork/rech/ynx/uds36vp/repos/wf-SEDs/projected_learning/wf-outputs/chkp/8_bins/chkp_callback_poly_5_cycles_256_proj_d2_cycle4
63/63 - 74s - loss: 9.5897e-07 - mean_squared_error: 1.3746e-06 - val_loss: 1.1059e-08 - val_mean_squared_error: 1.1059e-08 - 74s/epoch - 1s/step
Epoch 17/25

Epoch 00017: mean_squared_error improved from 0.00000 to 0.00000, saving model to /gpfswork/rech/ynx/uds36vp/repos/wf-SEDs/projected_learning/wf-outputs/chkp/8_bins/chkp_callback_poly_5_cycles_256_proj_d2_cycle4
63/63 - 75s - loss: 9.5874e-07 - mean_squared_error: 1.3744e-06 - val_loss: 1.1603e-08 - val_mean_squared_error: 1.1603e-08 - 75s/epoch - 1s/step
Epoch 18/25

Epoch 00018: mean_squared_error did not improve from 0.00000
63/63 - 75s - loss: 9.5942e-07 - mean_squared_error: 1.3748e-06 - val_loss: 1.3458e-08 - val_mean_squared_error: 1.3458e-08 - 75s/epoch - 1s/step
Epoch 19/25

Epoch 00019: mean_squared_error did not improve from 0.00000
63/63 - 74s - loss: 9.5950e-07 - mean_squared_error: 1.3748e-06 - val_loss: 1.1529e-08 - val_mean_squared_error: 1.1529e-08 - 74s/epoch - 1s/step
Epoch 20/25

Epoch 00020: mean_squared_error improved from 0.00000 to 0.00000, saving model to /gpfswork/rech/ynx/uds36vp/repos/wf-SEDs/projected_learning/wf-outputs/chkp/8_bins/chkp_callback_poly_5_cycles_256_proj_d2_cycle4
63/63 - 74s - loss: 9.5832e-07 - mean_squared_error: 1.3740e-06 - val_loss: 1.1396e-08 - val_mean_squared_error: 1.1396e-08 - 74s/epoch - 1s/step
Epoch 21/25

Epoch 00021: mean_squared_error did not improve from 0.00000
63/63 - 74s - loss: 9.5915e-07 - mean_squared_error: 1.3745e-06 - val_loss: 1.1374e-08 - val_mean_squared_error: 1.1374e-08 - 74s/epoch - 1s/step
Epoch 22/25

Epoch 00022: mean_squared_error did not improve from 0.00000
63/63 - 74s - loss: 9.6622e-07 - mean_squared_error: 1.3795e-06 - val_loss: 1.7010e-08 - val_mean_squared_error: 1.7010e-08 - 74s/epoch - 1s/step
Epoch 23/25

Epoch 00023: mean_squared_error did not improve from 0.00000
63/63 - 73s - loss: 9.6852e-07 - mean_squared_error: 1.3813e-06 - val_loss: 1.3542e-08 - val_mean_squared_error: 1.3542e-08 - 73s/epoch - 1s/step
Epoch 24/25

Epoch 00024: mean_squared_error did not improve from 0.00000
63/63 - 71s - loss: 9.5976e-07 - mean_squared_error: 1.3750e-06 - val_loss: 1.1781e-08 - val_mean_squared_error: 1.1781e-08 - 71s/epoch - 1s/step
Epoch 25/25

Epoch 00025: mean_squared_error did not improve from 0.00000
63/63 - 70s - loss: 9.5910e-07 - mean_squared_error: 1.3745e-06 - val_loss: 1.1966e-08 - val_mean_squared_error: 1.1966e-08 - 70s/epoch - 1s/step
Cycle4 elapsed time: 2263.9865164756775
Project non-param DD features onto param model: done!
Starting cycle 5..
Starting parametric update..
Epoch 1/15

Epoch 00001: mean_squared_error improved from inf to 0.00000, saving model to /gpfswork/rech/ynx/uds36vp/repos/wf-SEDs/projected_learning/wf-outputs/chkp/8_bins/chkp_callback_poly_5_cycles_256_proj_d2_cycle5
63/63 - 74s - loss: 9.6091e-07 - mean_squared_error: 1.3755e-06 - val_loss: 1.2882e-08 - val_mean_squared_error: 1.2882e-08 - 74s/epoch - 1s/step
Epoch 2/15

Epoch 00002: mean_squared_error did not improve from 0.00000
63/63 - 72s - loss: 9.6177e-07 - mean_squared_error: 1.3766e-06 - val_loss: 1.3845e-08 - val_mean_squared_error: 1.3845e-08 - 72s/epoch - 1s/step
Epoch 3/15

Epoch 00003: mean_squared_error did not improve from 0.00000
63/63 - 72s - loss: 9.6343e-07 - mean_squared_error: 1.3779e-06 - val_loss: 3.1989e-08 - val_mean_squared_error: 3.1989e-08 - 72s/epoch - 1s/step
Epoch 4/15

Epoch 00004: mean_squared_error did not improve from 0.00000
63/63 - 71s - loss: 9.8110e-07 - mean_squared_error: 1.3925e-06 - val_loss: 1.9656e-08 - val_mean_squared_error: 1.9656e-08 - 71s/epoch - 1s/step
Epoch 5/15

Epoch 00005: mean_squared_error did not improve from 0.00000
63/63 - 71s - loss: 9.6758e-07 - mean_squared_error: 1.3816e-06 - val_loss: 1.7803e-08 - val_mean_squared_error: 1.7803e-08 - 71s/epoch - 1s/step
Epoch 6/15

Epoch 00006: mean_squared_error did not improve from 0.00000
63/63 - 71s - loss: 9.6508e-07 - mean_squared_error: 1.3795e-06 - val_loss: 1.6448e-08 - val_mean_squared_error: 1.6448e-08 - 71s/epoch - 1s/step
Epoch 7/15

Epoch 00007: mean_squared_error did not improve from 0.00000
63/63 - 72s - loss: 9.6726e-07 - mean_squared_error: 1.3809e-06 - val_loss: 1.4832e-08 - val_mean_squared_error: 1.4832e-08 - 72s/epoch - 1s/step
Epoch 8/15

Epoch 00008: mean_squared_error did not improve from 0.00000
63/63 - 72s - loss: 9.6442e-07 - mean_squared_error: 1.3787e-06 - val_loss: 1.7926e-08 - val_mean_squared_error: 1.7926e-08 - 72s/epoch - 1s/step
Epoch 9/15

Epoch 00009: mean_squared_error did not improve from 0.00000
63/63 - 72s - loss: 9.6541e-07 - mean_squared_error: 1.3799e-06 - val_loss: 2.2173e-08 - val_mean_squared_error: 2.2173e-08 - 72s/epoch - 1s/step
Epoch 10/15

Epoch 00010: mean_squared_error did not improve from 0.00000
63/63 - 71s - loss: 9.7574e-07 - mean_squared_error: 1.3882e-06 - val_loss: 2.7213e-08 - val_mean_squared_error: 2.7213e-08 - 71s/epoch - 1s/step
Epoch 11/15

Epoch 00011: mean_squared_error did not improve from 0.00000
63/63 - 71s - loss: 9.7218e-07 - mean_squared_error: 1.3850e-06 - val_loss: 2.2466e-08 - val_mean_squared_error: 2.2466e-08 - 71s/epoch - 1s/step
Epoch 12/15

Epoch 00012: mean_squared_error did not improve from 0.00000
63/63 - 71s - loss: 9.8231e-07 - mean_squared_error: 1.3945e-06 - val_loss: 8.8680e-08 - val_mean_squared_error: 8.8680e-08 - 71s/epoch - 1s/step
Epoch 13/15

Epoch 00013: mean_squared_error did not improve from 0.00000
63/63 - 72s - loss: 9.8685e-07 - mean_squared_error: 1.3979e-06 - val_loss: 2.2087e-08 - val_mean_squared_error: 2.2087e-08 - 72s/epoch - 1s/step
Epoch 14/15

Epoch 00014: mean_squared_error did not improve from 0.00000
63/63 - 72s - loss: 9.6767e-07 - mean_squared_error: 1.3814e-06 - val_loss: 1.6701e-08 - val_mean_squared_error: 1.6701e-08 - 72s/epoch - 1s/step
Epoch 15/15

Epoch 00015: mean_squared_error did not improve from 0.00000
63/63 - 70s - loss: 9.8951e-07 - mean_squared_error: 1.3995e-06 - val_loss: 6.3295e-08 - val_mean_squared_error: 6.3295e-08 - 70s/epoch - 1s/step
Starting non-parametric update..
Epoch 1/50

Epoch 00001: mean_squared_error did not improve from 0.00000
63/63 - 75s - loss: 9.7260e-07 - mean_squared_error: 1.3842e-06 - val_loss: 1.0598e-08 - val_mean_squared_error: 1.0598e-08 - 75s/epoch - 1s/step
Epoch 2/50

Epoch 00002: mean_squared_error improved from 0.00000 to 0.00000, saving model to /gpfswork/rech/ynx/uds36vp/repos/wf-SEDs/projected_learning/wf-outputs/chkp/8_bins/chkp_callback_poly_5_cycles_256_proj_d2_cycle5
63/63 - 73s - loss: 9.5661e-07 - mean_squared_error: 1.3726e-06 - val_loss: 9.7277e-09 - val_mean_squared_error: 9.7277e-09 - 73s/epoch - 1s/step
Epoch 3/50

Epoch 00003: mean_squared_error improved from 0.00000 to 0.00000, saving model to /gpfswork/rech/ynx/uds36vp/repos/wf-SEDs/projected_learning/wf-outputs/chkp/8_bins/chkp_callback_poly_5_cycles_256_proj_d2_cycle5
63/63 - 72s - loss: 9.5616e-07 - mean_squared_error: 1.3723e-06 - val_loss: 9.5461e-09 - val_mean_squared_error: 9.5461e-09 - 72s/epoch - 1s/step
Epoch 4/50

Epoch 00004: mean_squared_error improved from 0.00000 to 0.00000, saving model to /gpfswork/rech/ynx/uds36vp/repos/wf-SEDs/projected_learning/wf-outputs/chkp/8_bins/chkp_callback_poly_5_cycles_256_proj_d2_cycle5
63/63 - 74s - loss: 9.5605e-07 - mean_squared_error: 1.3722e-06 - val_loss: 9.4977e-09 - val_mean_squared_error: 9.4977e-09 - 74s/epoch - 1s/step
Epoch 5/50

Epoch 00005: mean_squared_error improved from 0.00000 to 0.00000, saving model to /gpfswork/rech/ynx/uds36vp/repos/wf-SEDs/projected_learning/wf-outputs/chkp/8_bins/chkp_callback_poly_5_cycles_256_proj_d2_cycle5
63/63 - 74s - loss: 9.5604e-07 - mean_squared_error: 1.3721e-06 - val_loss: 9.4271e-09 - val_mean_squared_error: 9.4271e-09 - 74s/epoch - 1s/step
Epoch 6/50

Epoch 00006: mean_squared_error improved from 0.00000 to 0.00000, saving model to /gpfswork/rech/ynx/uds36vp/repos/wf-SEDs/projected_learning/wf-outputs/chkp/8_bins/chkp_callback_poly_5_cycles_256_proj_d2_cycle5
63/63 - 74s - loss: 9.5595e-07 - mean_squared_error: 1.3721e-06 - val_loss: 9.4559e-09 - val_mean_squared_error: 9.4559e-09 - 74s/epoch - 1s/step
Epoch 7/50

Epoch 00007: mean_squared_error improved from 0.00000 to 0.00000, saving model to /gpfswork/rech/ynx/uds36vp/repos/wf-SEDs/projected_learning/wf-outputs/chkp/8_bins/chkp_callback_poly_5_cycles_256_proj_d2_cycle5
63/63 - 73s - loss: 9.5604e-07 - mean_squared_error: 1.3721e-06 - val_loss: 9.4793e-09 - val_mean_squared_error: 9.4793e-09 - 73s/epoch - 1s/step
Epoch 8/50

Epoch 00008: mean_squared_error did not improve from 0.00000
63/63 - 72s - loss: 9.5604e-07 - mean_squared_error: 1.3721e-06 - val_loss: 9.4010e-09 - val_mean_squared_error: 9.4010e-09 - 72s/epoch - 1s/step
Epoch 9/50

Epoch 00009: mean_squared_error improved from 0.00000 to 0.00000, saving model to /gpfswork/rech/ynx/uds36vp/repos/wf-SEDs/projected_learning/wf-outputs/chkp/8_bins/chkp_callback_poly_5_cycles_256_proj_d2_cycle5
63/63 - 72s - loss: 9.5594e-07 - mean_squared_error: 1.3720e-06 - val_loss: 9.4084e-09 - val_mean_squared_error: 9.4084e-09 - 72s/epoch - 1s/step
Epoch 10/50

Epoch 00010: mean_squared_error improved from 0.00000 to 0.00000, saving model to /gpfswork/rech/ynx/uds36vp/repos/wf-SEDs/projected_learning/wf-outputs/chkp/8_bins/chkp_callback_poly_5_cycles_256_proj_d2_cycle5
63/63 - 74s - loss: 9.5582e-07 - mean_squared_error: 1.3719e-06 - val_loss: 9.2990e-09 - val_mean_squared_error: 9.2990e-09 - 74s/epoch - 1s/step
Epoch 11/50

Epoch 00011: mean_squared_error did not improve from 0.00000
63/63 - 74s - loss: 9.5585e-07 - mean_squared_error: 1.3720e-06 - val_loss: 9.3501e-09 - val_mean_squared_error: 9.3501e-09 - 74s/epoch - 1s/step
Epoch 12/50

Epoch 00012: mean_squared_error did not improve from 0.00000
63/63 - 73s - loss: 9.5593e-07 - mean_squared_error: 1.3720e-06 - val_loss: 9.2076e-09 - val_mean_squared_error: 9.2076e-09 - 73s/epoch - 1s/step
Epoch 13/50

Epoch 00013: mean_squared_error improved from 0.00000 to 0.00000, saving model to /gpfswork/rech/ynx/uds36vp/repos/wf-SEDs/projected_learning/wf-outputs/chkp/8_bins/chkp_callback_poly_5_cycles_256_proj_d2_cycle5
63/63 - 74s - loss: 9.5585e-07 - mean_squared_error: 1.3719e-06 - val_loss: 9.4039e-09 - val_mean_squared_error: 9.4039e-09 - 74s/epoch - 1s/step
Epoch 14/50

Epoch 00014: mean_squared_error improved from 0.00000 to 0.00000, saving model to /gpfswork/rech/ynx/uds36vp/repos/wf-SEDs/projected_learning/wf-outputs/chkp/8_bins/chkp_callback_poly_5_cycles_256_proj_d2_cycle5
63/63 - 74s - loss: 9.5571e-07 - mean_squared_error: 1.3719e-06 - val_loss: 9.1738e-09 - val_mean_squared_error: 9.1738e-09 - 74s/epoch - 1s/step
Epoch 15/50

Epoch 00015: mean_squared_error improved from 0.00000 to 0.00000, saving model to /gpfswork/rech/ynx/uds36vp/repos/wf-SEDs/projected_learning/wf-outputs/chkp/8_bins/chkp_callback_poly_5_cycles_256_proj_d2_cycle5
63/63 - 74s - loss: 9.5574e-07 - mean_squared_error: 1.3718e-06 - val_loss: 9.1775e-09 - val_mean_squared_error: 9.1775e-09 - 74s/epoch - 1s/step
Epoch 16/50

Epoch 00016: mean_squared_error improved from 0.00000 to 0.00000, saving model to /gpfswork/rech/ynx/uds36vp/repos/wf-SEDs/projected_learning/wf-outputs/chkp/8_bins/chkp_callback_poly_5_cycles_256_proj_d2_cycle5
63/63 - 74s - loss: 9.5563e-07 - mean_squared_error: 1.3717e-06 - val_loss: 9.0048e-09 - val_mean_squared_error: 9.0048e-09 - 74s/epoch - 1s/step
Epoch 17/50

Epoch 00017: mean_squared_error did not improve from 0.00000
63/63 - 74s - loss: 9.5594e-07 - mean_squared_error: 1.3720e-06 - val_loss: 9.6677e-09 - val_mean_squared_error: 9.6677e-09 - 74s/epoch - 1s/step
Epoch 18/50

Epoch 00018: mean_squared_error did not improve from 0.00000
63/63 - 74s - loss: 9.5606e-07 - mean_squared_error: 1.3720e-06 - val_loss: 9.2674e-09 - val_mean_squared_error: 9.2674e-09 - 74s/epoch - 1s/step
Epoch 19/50

Epoch 00019: mean_squared_error did not improve from 0.00000
63/63 - 74s - loss: 9.5567e-07 - mean_squared_error: 1.3717e-06 - val_loss: 9.5057e-09 - val_mean_squared_error: 9.5057e-09 - 74s/epoch - 1s/step
Epoch 20/50

Epoch 00020: mean_squared_error did not improve from 0.00000
63/63 - 73s - loss: 9.5614e-07 - mean_squared_error: 1.3721e-06 - val_loss: 9.0287e-09 - val_mean_squared_error: 9.0287e-09 - 73s/epoch - 1s/step
Epoch 21/50

Epoch 00021: mean_squared_error improved from 0.00000 to 0.00000, saving model to /gpfswork/rech/ynx/uds36vp/repos/wf-SEDs/projected_learning/wf-outputs/chkp/8_bins/chkp_callback_poly_5_cycles_256_proj_d2_cycle5
63/63 - 72s - loss: 9.5550e-07 - mean_squared_error: 1.3716e-06 - val_loss: 9.0808e-09 - val_mean_squared_error: 9.0808e-09 - 72s/epoch - 1s/step
Epoch 22/50

Epoch 00022: mean_squared_error improved from 0.00000 to 0.00000, saving model to /gpfswork/rech/ynx/uds36vp/repos/wf-SEDs/projected_learning/wf-outputs/chkp/8_bins/chkp_callback_poly_5_cycles_256_proj_d2_cycle5
63/63 - 72s - loss: 9.5535e-07 - mean_squared_error: 1.3714e-06 - val_loss: 9.3195e-09 - val_mean_squared_error: 9.3195e-09 - 72s/epoch - 1s/step
Epoch 23/50

Epoch 00023: mean_squared_error did not improve from 0.00000
63/63 - 72s - loss: 9.5563e-07 - mean_squared_error: 1.3717e-06 - val_loss: 9.2579e-09 - val_mean_squared_error: 9.2579e-09 - 72s/epoch - 1s/step
Epoch 24/50

Epoch 00024: mean_squared_error did not improve from 0.00000
63/63 - 72s - loss: 9.5559e-07 - mean_squared_error: 1.3717e-06 - val_loss: 8.9804e-09 - val_mean_squared_error: 8.9804e-09 - 72s/epoch - 1s/step
Epoch 25/50

Epoch 00025: mean_squared_error did not improve from 0.00000
63/63 - 72s - loss: 9.5539e-07 - mean_squared_error: 1.3715e-06 - val_loss: 8.8166e-09 - val_mean_squared_error: 8.8166e-09 - 72s/epoch - 1s/step
Epoch 26/50

Epoch 00026: mean_squared_error did not improve from 0.00000
63/63 - 72s - loss: 9.5546e-07 - mean_squared_error: 1.3716e-06 - val_loss: 9.0668e-09 - val_mean_squared_error: 9.0668e-09 - 72s/epoch - 1s/step
Epoch 27/50

Epoch 00027: mean_squared_error did not improve from 0.00000
63/63 - 72s - loss: 9.5549e-07 - mean_squared_error: 1.3715e-06 - val_loss: 8.8514e-09 - val_mean_squared_error: 8.8514e-09 - 72s/epoch - 1s/step
Epoch 28/50

Epoch 00028: mean_squared_error did not improve from 0.00000
63/63 - 72s - loss: 9.5547e-07 - mean_squared_error: 1.3715e-06 - val_loss: 9.0562e-09 - val_mean_squared_error: 9.0562e-09 - 72s/epoch - 1s/step
Epoch 29/50

Epoch 00029: mean_squared_error improved from 0.00000 to 0.00000, saving model to /gpfswork/rech/ynx/uds36vp/repos/wf-SEDs/projected_learning/wf-outputs/chkp/8_bins/chkp_callback_poly_5_cycles_256_proj_d2_cycle5
63/63 - 72s - loss: 9.5524e-07 - mean_squared_error: 1.3713e-06 - val_loss: 8.9671e-09 - val_mean_squared_error: 8.9671e-09 - 72s/epoch - 1s/step
Epoch 30/50

Epoch 00030: mean_squared_error improved from 0.00000 to 0.00000, saving model to /gpfswork/rech/ynx/uds36vp/repos/wf-SEDs/projected_learning/wf-outputs/chkp/8_bins/chkp_callback_poly_5_cycles_256_proj_d2_cycle5
63/63 - 74s - loss: 9.5513e-07 - mean_squared_error: 1.3712e-06 - val_loss: 8.8527e-09 - val_mean_squared_error: 8.8527e-09 - 74s/epoch - 1s/step
Epoch 31/50

Epoch 00031: mean_squared_error did not improve from 0.00000
63/63 - 72s - loss: 9.5577e-07 - mean_squared_error: 1.3718e-06 - val_loss: 9.2800e-09 - val_mean_squared_error: 9.2800e-09 - 72s/epoch - 1s/step
Epoch 32/50

Epoch 00032: mean_squared_error did not improve from 0.00000
63/63 - 72s - loss: 9.5523e-07 - mean_squared_error: 1.3713e-06 - val_loss: 9.4887e-09 - val_mean_squared_error: 9.4887e-09 - 72s/epoch - 1s/step
Epoch 33/50

Epoch 00033: mean_squared_error did not improve from 0.00000
63/63 - 72s - loss: 9.5572e-07 - mean_squared_error: 1.3717e-06 - val_loss: 9.0468e-09 - val_mean_squared_error: 9.0468e-09 - 72s/epoch - 1s/step
Epoch 34/50

Epoch 00034: mean_squared_error improved from 0.00000 to 0.00000, saving model to /gpfswork/rech/ynx/uds36vp/repos/wf-SEDs/projected_learning/wf-outputs/chkp/8_bins/chkp_callback_poly_5_cycles_256_proj_d2_cycle5
63/63 - 72s - loss: 9.5502e-07 - mean_squared_error: 1.3712e-06 - val_loss: 8.5395e-09 - val_mean_squared_error: 8.5395e-09 - 72s/epoch - 1s/step
Epoch 35/50

Epoch 00035: mean_squared_error did not improve from 0.00000
63/63 - 72s - loss: 9.5522e-07 - mean_squared_error: 1.3713e-06 - val_loss: 9.4586e-09 - val_mean_squared_error: 9.4586e-09 - 72s/epoch - 1s/step
Epoch 36/50

Epoch 00036: mean_squared_error did not improve from 0.00000
63/63 - 72s - loss: 9.5518e-07 - mean_squared_error: 1.3712e-06 - val_loss: 9.3040e-09 - val_mean_squared_error: 9.3040e-09 - 72s/epoch - 1s/step
Epoch 37/50

Epoch 00037: mean_squared_error did not improve from 0.00000
63/63 - 73s - loss: 9.5534e-07 - mean_squared_error: 1.3713e-06 - val_loss: 8.6585e-09 - val_mean_squared_error: 8.6585e-09 - 73s/epoch - 1s/step
Epoch 38/50

Epoch 00038: mean_squared_error improved from 0.00000 to 0.00000, saving model to /gpfswork/rech/ynx/uds36vp/repos/wf-SEDs/projected_learning/wf-outputs/chkp/8_bins/chkp_callback_poly_5_cycles_256_proj_d2_cycle5
63/63 - 70s - loss: 9.5510e-07 - mean_squared_error: 1.3711e-06 - val_loss: 8.7883e-09 - val_mean_squared_error: 8.7883e-09 - 70s/epoch - 1s/step
Epoch 39/50

Epoch 00039: mean_squared_error improved from 0.00000 to 0.00000, saving model to /gpfswork/rech/ynx/uds36vp/repos/wf-SEDs/projected_learning/wf-outputs/chkp/8_bins/chkp_callback_poly_5_cycles_256_proj_d2_cycle5
63/63 - 65s - loss: 9.5475e-07 - mean_squared_error: 1.3709e-06 - val_loss: 8.5813e-09 - val_mean_squared_error: 8.5813e-09 - 65s/epoch - 1s/step
Epoch 40/50

Epoch 00040: mean_squared_error did not improve from 0.00000
63/63 - 63s - loss: 9.5517e-07 - mean_squared_error: 1.3712e-06 - val_loss: 9.2339e-09 - val_mean_squared_error: 9.2339e-09 - 63s/epoch - 1s/step
Epoch 41/50

Epoch 00041: mean_squared_error did not improve from 0.00000
63/63 - 65s - loss: 9.5524e-07 - mean_squared_error: 1.3712e-06 - val_loss: 8.5624e-09 - val_mean_squared_error: 8.5624e-09 - 65s/epoch - 1s/step
Epoch 42/50

Epoch 00042: mean_squared_error did not improve from 0.00000
63/63 - 64s - loss: 9.5491e-07 - mean_squared_error: 1.3710e-06 - val_loss: 8.7099e-09 - val_mean_squared_error: 8.7099e-09 - 64s/epoch - 1s/step
Epoch 43/50

Epoch 00043: mean_squared_error did not improve from 0.00000
63/63 - 64s - loss: 9.5492e-07 - mean_squared_error: 1.3710e-06 - val_loss: 9.3192e-09 - val_mean_squared_error: 9.3192e-09 - 64s/epoch - 1s/step
Epoch 44/50

Epoch 00044: mean_squared_error improved from 0.00000 to 0.00000, saving model to /gpfswork/rech/ynx/uds36vp/repos/wf-SEDs/projected_learning/wf-outputs/chkp/8_bins/chkp_callback_poly_5_cycles_256_proj_d2_cycle5
63/63 - 65s - loss: 9.5460e-07 - mean_squared_error: 1.3707e-06 - val_loss: 8.3296e-09 - val_mean_squared_error: 8.3296e-09 - 65s/epoch - 1s/step
Epoch 45/50

Epoch 00045: mean_squared_error did not improve from 0.00000
63/63 - 64s - loss: 9.5482e-07 - mean_squared_error: 1.3709e-06 - val_loss: 9.0203e-09 - val_mean_squared_error: 9.0203e-09 - 64s/epoch - 1s/step
Epoch 46/50

Epoch 00046: mean_squared_error did not improve from 0.00000
63/63 - 64s - loss: 9.5507e-07 - mean_squared_error: 1.3710e-06 - val_loss: 8.9222e-09 - val_mean_squared_error: 8.9222e-09 - 64s/epoch - 1s/step
Epoch 47/50

Epoch 00047: mean_squared_error did not improve from 0.00000
63/63 - 64s - loss: 9.5492e-07 - mean_squared_error: 1.3709e-06 - val_loss: 8.2358e-09 - val_mean_squared_error: 8.2358e-09 - 64s/epoch - 1s/step
Epoch 48/50

Epoch 00048: mean_squared_error improved from 0.00000 to 0.00000, saving model to /gpfswork/rech/ynx/uds36vp/repos/wf-SEDs/projected_learning/wf-outputs/chkp/8_bins/chkp_callback_poly_5_cycles_256_proj_d2_cycle5
63/63 - 65s - loss: 9.5438e-07 - mean_squared_error: 1.3706e-06 - val_loss: 8.4437e-09 - val_mean_squared_error: 8.4437e-09 - 65s/epoch - 1s/step
Epoch 49/50

Epoch 00049: mean_squared_error improved from 0.00000 to 0.00000, saving model to /gpfswork/rech/ynx/uds36vp/repos/wf-SEDs/projected_learning/wf-outputs/chkp/8_bins/chkp_callback_poly_5_cycles_256_proj_d2_cycle5
63/63 - 64s - loss: 9.5426e-07 - mean_squared_error: 1.3704e-06 - val_loss: 8.4795e-09 - val_mean_squared_error: 8.4795e-09 - 64s/epoch - 1s/step
Epoch 50/50

Epoch 00050: mean_squared_error improved from 0.00000 to 0.00000, saving model to /gpfswork/rech/ynx/uds36vp/repos/wf-SEDs/projected_learning/wf-outputs/chkp/8_bins/chkp_callback_poly_5_cycles_256_proj_d2_cycle5
63/63 - 57s - loss: 9.5418e-07 - mean_squared_error: 1.3704e-06 - val_loss: 8.0775e-09 - val_mean_squared_error: 8.0775e-09 - 57s/epoch - 903ms/step
Cycle5 elapsed time: 4611.14288520813

Total elapsed time: 14081.147346

 Good bye..
