Starting the log file.
Found GPU at: /device:GPU:0
tf_version: 2.7.0
Zernike cube:
(15, 256, 256)
Dataset parameters:
{'d_max': 2, 'max_order': 45, 'x_lims': [0, 1000.0], 'y_lims': [0, 1000.0], 'grid_points': [4, 4], 'n_bins': 350, 'max_wfe_rms': 0.1, 'oversampling_rate': 3.0, 'output_Q': 3.0, 'output_dim': 32, 'LP_filter_length': 2, 'pupil_diameter': 256, 'euclid_obsc': True, 'n_stars': 2000}
Starting cycle 1..
Starting parametric update..
Epoch 1/4

Epoch 00001: mean_squared_error improved from inf to 0.00001, saving model to /gpfswork/rech/ynx/uds36vp/repos/wf-SEDs/projected_learning/wf-outputs/chkp/8_bins/chkp_callback_poly_9_cycles_256_no_proj_d2_1_cycle1
63/63 - 64s - loss: 7.5093e-06 - mean_squared_error: 6.9932e-06 - val_loss: 1.8217e-06 - val_mean_squared_error: 1.8217e-06 - 64s/epoch - 1s/step
Epoch 2/4

Epoch 00002: mean_squared_error improved from 0.00001 to 0.00000, saving model to /gpfswork/rech/ynx/uds36vp/repos/wf-SEDs/projected_learning/wf-outputs/chkp/8_bins/chkp_callback_poly_9_cycles_256_no_proj_d2_1_cycle1
63/63 - 58s - loss: 2.5970e-06 - mean_squared_error: 2.7972e-06 - val_loss: 1.1201e-06 - val_mean_squared_error: 1.1201e-06 - 58s/epoch - 926ms/step
Epoch 3/4

Epoch 00003: mean_squared_error improved from 0.00000 to 0.00000, saving model to /gpfswork/rech/ynx/uds36vp/repos/wf-SEDs/projected_learning/wf-outputs/chkp/8_bins/chkp_callback_poly_9_cycles_256_no_proj_d2_1_cycle1
63/63 - 58s - loss: 2.2098e-06 - mean_squared_error: 2.4420e-06 - val_loss: 9.8536e-07 - val_mean_squared_error: 9.8536e-07 - 58s/epoch - 915ms/step
Epoch 4/4

Epoch 00004: mean_squared_error improved from 0.00000 to 0.00000, saving model to /gpfswork/rech/ynx/uds36vp/repos/wf-SEDs/projected_learning/wf-outputs/chkp/8_bins/chkp_callback_poly_9_cycles_256_no_proj_d2_1_cycle1
63/63 - 58s - loss: 2.1291e-06 - mean_squared_error: 2.3600e-06 - val_loss: 9.2364e-07 - val_mean_squared_error: 9.2364e-07 - 58s/epoch - 921ms/step
Starting non-parametric update..
Epoch 1/13

Epoch 00001: mean_squared_error improved from 0.00000 to 0.00000, saving model to /gpfswork/rech/ynx/uds36vp/repos/wf-SEDs/projected_learning/wf-outputs/chkp/8_bins/chkp_callback_poly_9_cycles_256_no_proj_d2_1_cycle1
63/63 - 63s - loss: 2.0032e-06 - mean_squared_error: 2.2727e-06 - val_loss: 8.1421e-07 - val_mean_squared_error: 8.1421e-07 - 63s/epoch - 1s/step
Epoch 2/13

Epoch 00002: mean_squared_error improved from 0.00000 to 0.00000, saving model to /gpfswork/rech/ynx/uds36vp/repos/wf-SEDs/projected_learning/wf-outputs/chkp/8_bins/chkp_callback_poly_9_cycles_256_no_proj_d2_1_cycle1
63/63 - 60s - loss: 1.8304e-06 - mean_squared_error: 2.1335e-06 - val_loss: 6.6986e-07 - val_mean_squared_error: 6.6986e-07 - 60s/epoch - 944ms/step
Epoch 3/13

Epoch 00003: mean_squared_error improved from 0.00000 to 0.00000, saving model to /gpfswork/rech/ynx/uds36vp/repos/wf-SEDs/projected_learning/wf-outputs/chkp/8_bins/chkp_callback_poly_9_cycles_256_no_proj_d2_1_cycle1
63/63 - 58s - loss: 1.6331e-06 - mean_squared_error: 1.9737e-06 - val_loss: 5.1895e-07 - val_mean_squared_error: 5.1895e-07 - 58s/epoch - 922ms/step
Epoch 4/13

Epoch 00004: mean_squared_error improved from 0.00000 to 0.00000, saving model to /gpfswork/rech/ynx/uds36vp/repos/wf-SEDs/projected_learning/wf-outputs/chkp/8_bins/chkp_callback_poly_9_cycles_256_no_proj_d2_1_cycle1
63/63 - 58s - loss: 1.4707e-06 - mean_squared_error: 1.8333e-06 - val_loss: 4.0823e-07 - val_mean_squared_error: 4.0823e-07 - 58s/epoch - 919ms/step
Epoch 5/13

Epoch 00005: mean_squared_error improved from 0.00000 to 0.00000, saving model to /gpfswork/rech/ynx/uds36vp/repos/wf-SEDs/projected_learning/wf-outputs/chkp/8_bins/chkp_callback_poly_9_cycles_256_no_proj_d2_1_cycle1
63/63 - 59s - loss: 1.3599e-06 - mean_squared_error: 1.7325e-06 - val_loss: 3.3046e-07 - val_mean_squared_error: 3.3046e-07 - 59s/epoch - 939ms/step
Epoch 6/13

Epoch 00006: mean_squared_error improved from 0.00000 to 0.00000, saving model to /gpfswork/rech/ynx/uds36vp/repos/wf-SEDs/projected_learning/wf-outputs/chkp/8_bins/chkp_callback_poly_9_cycles_256_no_proj_d2_1_cycle1
63/63 - 60s - loss: 1.2838e-06 - mean_squared_error: 1.6633e-06 - val_loss: 2.7372e-07 - val_mean_squared_error: 2.7372e-07 - 60s/epoch - 946ms/step
Epoch 7/13

Epoch 00007: mean_squared_error improved from 0.00000 to 0.00000, saving model to /gpfswork/rech/ynx/uds36vp/repos/wf-SEDs/projected_learning/wf-outputs/chkp/8_bins/chkp_callback_poly_9_cycles_256_no_proj_d2_1_cycle1
63/63 - 58s - loss: 1.2290e-06 - mean_squared_error: 1.6128e-06 - val_loss: 2.2797e-07 - val_mean_squared_error: 2.2797e-07 - 58s/epoch - 928ms/step
Epoch 8/13

Epoch 00008: mean_squared_error improved from 0.00000 to 0.00000, saving model to /gpfswork/rech/ynx/uds36vp/repos/wf-SEDs/projected_learning/wf-outputs/chkp/8_bins/chkp_callback_poly_9_cycles_256_no_proj_d2_1_cycle1
63/63 - 59s - loss: 1.1828e-06 - mean_squared_error: 1.5709e-06 - val_loss: 1.9276e-07 - val_mean_squared_error: 1.9276e-07 - 59s/epoch - 929ms/step
Epoch 9/13

Epoch 00009: mean_squared_error improved from 0.00000 to 0.00000, saving model to /gpfswork/rech/ynx/uds36vp/repos/wf-SEDs/projected_learning/wf-outputs/chkp/8_bins/chkp_callback_poly_9_cycles_256_no_proj_d2_1_cycle1
63/63 - 59s - loss: 1.1489e-06 - mean_squared_error: 1.5409e-06 - val_loss: 1.6461e-07 - val_mean_squared_error: 1.6461e-07 - 59s/epoch - 941ms/step
Epoch 10/13

Epoch 00010: mean_squared_error improved from 0.00000 to 0.00000, saving model to /gpfswork/rech/ynx/uds36vp/repos/wf-SEDs/projected_learning/wf-outputs/chkp/8_bins/chkp_callback_poly_9_cycles_256_no_proj_d2_1_cycle1
63/63 - 59s - loss: 1.1208e-06 - mean_squared_error: 1.5152e-06 - val_loss: 1.4294e-07 - val_mean_squared_error: 1.4294e-07 - 59s/epoch - 938ms/step
Epoch 11/13

Epoch 00011: mean_squared_error improved from 0.00000 to 0.00000, saving model to /gpfswork/rech/ynx/uds36vp/repos/wf-SEDs/projected_learning/wf-outputs/chkp/8_bins/chkp_callback_poly_9_cycles_256_no_proj_d2_1_cycle1
63/63 - 59s - loss: 1.0984e-06 - mean_squared_error: 1.4954e-06 - val_loss: 1.2435e-07 - val_mean_squared_error: 1.2435e-07 - 59s/epoch - 935ms/step
Epoch 12/13

Epoch 00012: mean_squared_error improved from 0.00000 to 0.00000, saving model to /gpfswork/rech/ynx/uds36vp/repos/wf-SEDs/projected_learning/wf-outputs/chkp/8_bins/chkp_callback_poly_9_cycles_256_no_proj_d2_1_cycle1
63/63 - 59s - loss: 1.0788e-06 - mean_squared_error: 1.4787e-06 - val_loss: 1.0799e-07 - val_mean_squared_error: 1.0799e-07 - 59s/epoch - 931ms/step
Epoch 13/13

Epoch 00013: mean_squared_error improved from 0.00000 to 0.00000, saving model to /gpfswork/rech/ynx/uds36vp/repos/wf-SEDs/projected_learning/wf-outputs/chkp/8_bins/chkp_callback_poly_9_cycles_256_no_proj_d2_1_cycle1
63/63 - 59s - loss: 1.0628e-06 - mean_squared_error: 1.4654e-06 - val_loss: 9.5440e-08 - val_mean_squared_error: 9.5440e-08 - 59s/epoch - 940ms/step
Cycle1 elapsed time: 1012.632711
Starting cycle 2..
Starting parametric update..
Epoch 1/4

Epoch 00001: mean_squared_error improved from inf to 0.00000, saving model to /gpfswork/rech/ynx/uds36vp/repos/wf-SEDs/projected_learning/wf-outputs/chkp/8_bins/chkp_callback_poly_9_cycles_256_no_proj_d2_1_cycle2
63/63 - 61s - loss: 1.0596e-06 - mean_squared_error: 1.4619e-06 - val_loss: 1.0221e-07 - val_mean_squared_error: 1.0221e-07 - 61s/epoch - 970ms/step
Epoch 2/4

Epoch 00002: mean_squared_error did not improve from 0.00000
63/63 - 58s - loss: 1.0680e-06 - mean_squared_error: 1.4695e-06 - val_loss: 1.1208e-07 - val_mean_squared_error: 1.1208e-07 - 58s/epoch - 923ms/step
Epoch 3/4

Epoch 00003: mean_squared_error did not improve from 0.00000
63/63 - 58s - loss: 1.0810e-06 - mean_squared_error: 1.4803e-06 - val_loss: 1.3488e-07 - val_mean_squared_error: 1.3488e-07 - 58s/epoch - 920ms/step
Epoch 4/4

Epoch 00004: mean_squared_error did not improve from 0.00000
63/63 - 59s - loss: 1.0860e-06 - mean_squared_error: 1.4847e-06 - val_loss: 1.2517e-07 - val_mean_squared_error: 1.2517e-07 - 59s/epoch - 931ms/step
Starting non-parametric update..
Epoch 1/13

Epoch 00001: mean_squared_error did not improve from 0.00000
63/63 - 61s - loss: 1.0624e-06 - mean_squared_error: 1.4635e-06 - val_loss: 9.1398e-08 - val_mean_squared_error: 9.1398e-08 - 61s/epoch - 969ms/step
Epoch 2/13

Epoch 00002: mean_squared_error improved from 0.00000 to 0.00000, saving model to /gpfswork/rech/ynx/uds36vp/repos/wf-SEDs/projected_learning/wf-outputs/chkp/8_bins/chkp_callback_poly_9_cycles_256_no_proj_d2_1_cycle2
63/63 - 58s - loss: 1.0484e-06 - mean_squared_error: 1.4525e-06 - val_loss: 8.6640e-08 - val_mean_squared_error: 8.6640e-08 - 58s/epoch - 926ms/step
Epoch 3/13

Epoch 00003: mean_squared_error improved from 0.00000 to 0.00000, saving model to /gpfswork/rech/ynx/uds36vp/repos/wf-SEDs/projected_learning/wf-outputs/chkp/8_bins/chkp_callback_poly_9_cycles_256_no_proj_d2_1_cycle2
63/63 - 58s - loss: 1.0428e-06 - mean_squared_error: 1.4478e-06 - val_loss: 8.2338e-08 - val_mean_squared_error: 8.2338e-08 - 58s/epoch - 926ms/step
Epoch 4/13

Epoch 00004: mean_squared_error improved from 0.00000 to 0.00000, saving model to /gpfswork/rech/ynx/uds36vp/repos/wf-SEDs/projected_learning/wf-outputs/chkp/8_bins/chkp_callback_poly_9_cycles_256_no_proj_d2_1_cycle2
63/63 - 59s - loss: 1.0374e-06 - mean_squared_error: 1.4432e-06 - val_loss: 7.7798e-08 - val_mean_squared_error: 7.7798e-08 - 59s/epoch - 934ms/step
Epoch 5/13

Epoch 00005: mean_squared_error improved from 0.00000 to 0.00000, saving model to /gpfswork/rech/ynx/uds36vp/repos/wf-SEDs/projected_learning/wf-outputs/chkp/8_bins/chkp_callback_poly_9_cycles_256_no_proj_d2_1_cycle2
63/63 - 58s - loss: 1.0319e-06 - mean_squared_error: 1.4385e-06 - val_loss: 7.2928e-08 - val_mean_squared_error: 7.2928e-08 - 58s/epoch - 923ms/step
Epoch 6/13

Epoch 00006: mean_squared_error improved from 0.00000 to 0.00000, saving model to /gpfswork/rech/ynx/uds36vp/repos/wf-SEDs/projected_learning/wf-outputs/chkp/8_bins/chkp_callback_poly_9_cycles_256_no_proj_d2_1_cycle2
63/63 - 58s - loss: 1.0261e-06 - mean_squared_error: 1.4337e-06 - val_loss: 6.7293e-08 - val_mean_squared_error: 6.7293e-08 - 58s/epoch - 921ms/step
Epoch 7/13

Epoch 00007: mean_squared_error improved from 0.00000 to 0.00000, saving model to /gpfswork/rech/ynx/uds36vp/repos/wf-SEDs/projected_learning/wf-outputs/chkp/8_bins/chkp_callback_poly_9_cycles_256_no_proj_d2_1_cycle2
63/63 - 59s - loss: 1.0203e-06 - mean_squared_error: 1.4286e-06 - val_loss: 6.2849e-08 - val_mean_squared_error: 6.2849e-08 - 59s/epoch - 931ms/step
Epoch 8/13

Epoch 00008: mean_squared_error improved from 0.00000 to 0.00000, saving model to /gpfswork/rech/ynx/uds36vp/repos/wf-SEDs/projected_learning/wf-outputs/chkp/8_bins/chkp_callback_poly_9_cycles_256_no_proj_d2_1_cycle2
63/63 - 59s - loss: 1.0156e-06 - mean_squared_error: 1.4245e-06 - val_loss: 5.8219e-08 - val_mean_squared_error: 5.8219e-08 - 59s/epoch - 933ms/step
Epoch 9/13

Epoch 00009: mean_squared_error improved from 0.00000 to 0.00000, saving model to /gpfswork/rech/ynx/uds36vp/repos/wf-SEDs/projected_learning/wf-outputs/chkp/8_bins/chkp_callback_poly_9_cycles_256_no_proj_d2_1_cycle2
63/63 - 58s - loss: 1.0110e-06 - mean_squared_error: 1.4205e-06 - val_loss: 5.4311e-08 - val_mean_squared_error: 5.4311e-08 - 58s/epoch - 923ms/step
Epoch 10/13

Epoch 00010: mean_squared_error improved from 0.00000 to 0.00000, saving model to /gpfswork/rech/ynx/uds36vp/repos/wf-SEDs/projected_learning/wf-outputs/chkp/8_bins/chkp_callback_poly_9_cycles_256_no_proj_d2_1_cycle2
63/63 - 58s - loss: 1.0067e-06 - mean_squared_error: 1.4167e-06 - val_loss: 5.1284e-08 - val_mean_squared_error: 5.1284e-08 - 58s/epoch - 915ms/step
Epoch 11/13

Epoch 00011: mean_squared_error improved from 0.00000 to 0.00000, saving model to /gpfswork/rech/ynx/uds36vp/repos/wf-SEDs/projected_learning/wf-outputs/chkp/8_bins/chkp_callback_poly_9_cycles_256_no_proj_d2_1_cycle2
63/63 - 58s - loss: 1.0028e-06 - mean_squared_error: 1.4132e-06 - val_loss: 4.8024e-08 - val_mean_squared_error: 4.8024e-08 - 58s/epoch - 923ms/step
Epoch 12/13

Epoch 00012: mean_squared_error improved from 0.00000 to 0.00000, saving model to /gpfswork/rech/ynx/uds36vp/repos/wf-SEDs/projected_learning/wf-outputs/chkp/8_bins/chkp_callback_poly_9_cycles_256_no_proj_d2_1_cycle2
63/63 - 59s - loss: 9.9959e-07 - mean_squared_error: 1.4102e-06 - val_loss: 4.5508e-08 - val_mean_squared_error: 4.5508e-08 - 59s/epoch - 937ms/step
Epoch 13/13

Epoch 00013: mean_squared_error improved from 0.00000 to 0.00000, saving model to /gpfswork/rech/ynx/uds36vp/repos/wf-SEDs/projected_learning/wf-outputs/chkp/8_bins/chkp_callback_poly_9_cycles_256_no_proj_d2_1_cycle2
63/63 - 58s - loss: 9.9624e-07 - mean_squared_error: 1.4074e-06 - val_loss: 4.0764e-08 - val_mean_squared_error: 4.0764e-08 - 58s/epoch - 917ms/step
Cycle2 elapsed time: 1002.2769570350647
Starting cycle 3..
Starting parametric update..
Epoch 1/4

Epoch 00001: mean_squared_error improved from inf to 0.00000, saving model to /gpfswork/rech/ynx/uds36vp/repos/wf-SEDs/projected_learning/wf-outputs/chkp/8_bins/chkp_callback_poly_9_cycles_256_no_proj_d2_1_cycle3
63/63 - 60s - loss: 9.9673e-07 - mean_squared_error: 1.4081e-06 - val_loss: 4.4319e-08 - val_mean_squared_error: 4.4319e-08 - 60s/epoch - 954ms/step
Epoch 2/4

Epoch 00002: mean_squared_error did not improve from 0.00000
63/63 - 57s - loss: 1.0040e-06 - mean_squared_error: 1.4142e-06 - val_loss: 5.4440e-08 - val_mean_squared_error: 5.4440e-08 - 57s/epoch - 909ms/step
Epoch 3/4

Epoch 00003: mean_squared_error did not improve from 0.00000
63/63 - 58s - loss: 1.0104e-06 - mean_squared_error: 1.4192e-06 - val_loss: 6.4961e-08 - val_mean_squared_error: 6.4961e-08 - 58s/epoch - 928ms/step
Epoch 4/4

Epoch 00004: mean_squared_error did not improve from 0.00000
63/63 - 58s - loss: 1.0163e-06 - mean_squared_error: 1.4247e-06 - val_loss: 6.2247e-08 - val_mean_squared_error: 6.2247e-08 - 58s/epoch - 916ms/step
Starting non-parametric update..
Epoch 1/13

Epoch 00001: mean_squared_error did not improve from 0.00000
63/63 - 61s - loss: 9.9833e-07 - mean_squared_error: 1.4095e-06 - val_loss: 4.0617e-08 - val_mean_squared_error: 4.0617e-08 - 61s/epoch - 963ms/step
Epoch 2/13

Epoch 00002: mean_squared_error improved from 0.00000 to 0.00000, saving model to /gpfswork/rech/ynx/uds36vp/repos/wf-SEDs/projected_learning/wf-outputs/chkp/8_bins/chkp_callback_poly_9_cycles_256_no_proj_d2_1_cycle3
63/63 - 58s - loss: 9.9224e-07 - mean_squared_error: 1.4041e-06 - val_loss: 3.9221e-08 - val_mean_squared_error: 3.9221e-08 - 58s/epoch - 925ms/step
Epoch 3/13

Epoch 00003: mean_squared_error improved from 0.00000 to 0.00000, saving model to /gpfswork/rech/ynx/uds36vp/repos/wf-SEDs/projected_learning/wf-outputs/chkp/8_bins/chkp_callback_poly_9_cycles_256_no_proj_d2_1_cycle3
63/63 - 59s - loss: 9.9089e-07 - mean_squared_error: 1.4028e-06 - val_loss: 3.8152e-08 - val_mean_squared_error: 3.8152e-08 - 59s/epoch - 936ms/step
Epoch 4/13

Epoch 00004: mean_squared_error improved from 0.00000 to 0.00000, saving model to /gpfswork/rech/ynx/uds36vp/repos/wf-SEDs/projected_learning/wf-outputs/chkp/8_bins/chkp_callback_poly_9_cycles_256_no_proj_d2_1_cycle3
63/63 - 58s - loss: 9.8970e-07 - mean_squared_error: 1.4018e-06 - val_loss: 3.6914e-08 - val_mean_squared_error: 3.6914e-08 - 58s/epoch - 928ms/step
Epoch 5/13

Epoch 00005: mean_squared_error improved from 0.00000 to 0.00000, saving model to /gpfswork/rech/ynx/uds36vp/repos/wf-SEDs/projected_learning/wf-outputs/chkp/8_bins/chkp_callback_poly_9_cycles_256_no_proj_d2_1_cycle3
63/63 - 59s - loss: 9.8854e-07 - mean_squared_error: 1.4007e-06 - val_loss: 3.6060e-08 - val_mean_squared_error: 3.6060e-08 - 59s/epoch - 930ms/step
Epoch 6/13

Epoch 00006: mean_squared_error improved from 0.00000 to 0.00000, saving model to /gpfswork/rech/ynx/uds36vp/repos/wf-SEDs/projected_learning/wf-outputs/chkp/8_bins/chkp_callback_poly_9_cycles_256_no_proj_d2_1_cycle3
63/63 - 58s - loss: 9.8750e-07 - mean_squared_error: 1.3996e-06 - val_loss: 3.4809e-08 - val_mean_squared_error: 3.4809e-08 - 58s/epoch - 928ms/step
Epoch 7/13

Epoch 00007: mean_squared_error improved from 0.00000 to 0.00000, saving model to /gpfswork/rech/ynx/uds36vp/repos/wf-SEDs/projected_learning/wf-outputs/chkp/8_bins/chkp_callback_poly_9_cycles_256_no_proj_d2_1_cycle3
63/63 - 59s - loss: 9.8583e-07 - mean_squared_error: 1.3983e-06 - val_loss: 3.3222e-08 - val_mean_squared_error: 3.3222e-08 - 59s/epoch - 932ms/step
Epoch 8/13

Epoch 00008: mean_squared_error improved from 0.00000 to 0.00000, saving model to /gpfswork/rech/ynx/uds36vp/repos/wf-SEDs/projected_learning/wf-outputs/chkp/8_bins/chkp_callback_poly_9_cycles_256_no_proj_d2_1_cycle3
63/63 - 58s - loss: 9.8422e-07 - mean_squared_error: 1.3968e-06 - val_loss: 3.2023e-08 - val_mean_squared_error: 3.2023e-08 - 58s/epoch - 922ms/step
Epoch 9/13

Epoch 00009: mean_squared_error improved from 0.00000 to 0.00000, saving model to /gpfswork/rech/ynx/uds36vp/repos/wf-SEDs/projected_learning/wf-outputs/chkp/8_bins/chkp_callback_poly_9_cycles_256_no_proj_d2_1_cycle3
63/63 - 58s - loss: 9.8313e-07 - mean_squared_error: 1.3957e-06 - val_loss: 3.0763e-08 - val_mean_squared_error: 3.0763e-08 - 58s/epoch - 928ms/step
Epoch 10/13

Epoch 00010: mean_squared_error improved from 0.00000 to 0.00000, saving model to /gpfswork/rech/ynx/uds36vp/repos/wf-SEDs/projected_learning/wf-outputs/chkp/8_bins/chkp_callback_poly_9_cycles_256_no_proj_d2_1_cycle3
63/63 - 58s - loss: 9.8202e-07 - mean_squared_error: 1.3948e-06 - val_loss: 3.0371e-08 - val_mean_squared_error: 3.0371e-08 - 58s/epoch - 927ms/step
Epoch 11/13

Epoch 00011: mean_squared_error improved from 0.00000 to 0.00000, saving model to /gpfswork/rech/ynx/uds36vp/repos/wf-SEDs/projected_learning/wf-outputs/chkp/8_bins/chkp_callback_poly_9_cycles_256_no_proj_d2_1_cycle3
63/63 - 59s - loss: 9.8107e-07 - mean_squared_error: 1.3938e-06 - val_loss: 2.8299e-08 - val_mean_squared_error: 2.8299e-08 - 59s/epoch - 932ms/step
Epoch 12/13

Epoch 00012: mean_squared_error improved from 0.00000 to 0.00000, saving model to /gpfswork/rech/ynx/uds36vp/repos/wf-SEDs/projected_learning/wf-outputs/chkp/8_bins/chkp_callback_poly_9_cycles_256_no_proj_d2_1_cycle3
63/63 - 58s - loss: 9.7905e-07 - mean_squared_error: 1.3922e-06 - val_loss: 2.7551e-08 - val_mean_squared_error: 2.7551e-08 - 58s/epoch - 919ms/step
Epoch 13/13

Epoch 00013: mean_squared_error improved from 0.00000 to 0.00000, saving model to /gpfswork/rech/ynx/uds36vp/repos/wf-SEDs/projected_learning/wf-outputs/chkp/8_bins/chkp_callback_poly_9_cycles_256_no_proj_d2_1_cycle3
63/63 - 58s - loss: 9.7816e-07 - mean_squared_error: 1.3914e-06 - val_loss: 2.6768e-08 - val_mean_squared_error: 2.6768e-08 - 58s/epoch - 927ms/step
Cycle3 elapsed time: 1001.1017544269562
Starting cycle 4..
Starting parametric update..
Epoch 1/4

Epoch 00001: mean_squared_error improved from inf to 0.00000, saving model to /gpfswork/rech/ynx/uds36vp/repos/wf-SEDs/projected_learning/wf-outputs/chkp/8_bins/chkp_callback_poly_9_cycles_256_no_proj_d2_1_cycle4
63/63 - 61s - loss: 9.7952e-07 - mean_squared_error: 1.3926e-06 - val_loss: 3.2846e-08 - val_mean_squared_error: 3.2846e-08 - 61s/epoch - 972ms/step
Epoch 2/4

Epoch 00002: mean_squared_error did not improve from 0.00000
63/63 - 59s - loss: 9.8469e-07 - mean_squared_error: 1.3969e-06 - val_loss: 3.7716e-08 - val_mean_squared_error: 3.7716e-08 - 59s/epoch - 935ms/step
Epoch 3/4

Epoch 00003: mean_squared_error did not improve from 0.00000
63/63 - 58s - loss: 9.9025e-07 - mean_squared_error: 1.4018e-06 - val_loss: 3.3615e-08 - val_mean_squared_error: 3.3615e-08 - 58s/epoch - 918ms/step
Epoch 4/4

Epoch 00004: mean_squared_error did not improve from 0.00000
63/63 - 55s - loss: 1.0071e-06 - mean_squared_error: 1.4161e-06 - val_loss: 4.8993e-08 - val_mean_squared_error: 4.8993e-08 - 55s/epoch - 874ms/step
Starting non-parametric update..
Epoch 1/13

Epoch 00001: mean_squared_error did not improve from 0.00000
63/63 - 58s - loss: 9.8243e-07 - mean_squared_error: 1.3956e-06 - val_loss: 2.5930e-08 - val_mean_squared_error: 2.5930e-08 - 58s/epoch - 921ms/step
Epoch 2/13

Epoch 00002: mean_squared_error improved from 0.00000 to 0.00000, saving model to /gpfswork/rech/ynx/uds36vp/repos/wf-SEDs/projected_learning/wf-outputs/chkp/8_bins/chkp_callback_poly_9_cycles_256_no_proj_d2_1_cycle4
63/63 - 56s - loss: 9.7614e-07 - mean_squared_error: 1.3899e-06 - val_loss: 2.5147e-08 - val_mean_squared_error: 2.5147e-08 - 56s/epoch - 885ms/step
Epoch 3/13

Epoch 00003: mean_squared_error improved from 0.00000 to 0.00000, saving model to /gpfswork/rech/ynx/uds36vp/repos/wf-SEDs/projected_learning/wf-outputs/chkp/8_bins/chkp_callback_poly_9_cycles_256_no_proj_d2_1_cycle4
63/63 - 54s - loss: 9.7560e-07 - mean_squared_error: 1.3893e-06 - val_loss: 2.5083e-08 - val_mean_squared_error: 2.5083e-08 - 54s/epoch - 865ms/step
Epoch 4/13

Epoch 00004: mean_squared_error improved from 0.00000 to 0.00000, saving model to /gpfswork/rech/ynx/uds36vp/repos/wf-SEDs/projected_learning/wf-outputs/chkp/8_bins/chkp_callback_poly_9_cycles_256_no_proj_d2_1_cycle4
63/63 - 55s - loss: 9.7503e-07 - mean_squared_error: 1.3888e-06 - val_loss: 2.4381e-08 - val_mean_squared_error: 2.4381e-08 - 55s/epoch - 871ms/step
Epoch 5/13

Epoch 00005: mean_squared_error improved from 0.00000 to 0.00000, saving model to /gpfswork/rech/ynx/uds36vp/repos/wf-SEDs/projected_learning/wf-outputs/chkp/8_bins/chkp_callback_poly_9_cycles_256_no_proj_d2_1_cycle4
63/63 - 56s - loss: 9.7454e-07 - mean_squared_error: 1.3884e-06 - val_loss: 2.3604e-08 - val_mean_squared_error: 2.3604e-08 - 56s/epoch - 889ms/step
Epoch 6/13

Epoch 00006: mean_squared_error improved from 0.00000 to 0.00000, saving model to /gpfswork/rech/ynx/uds36vp/repos/wf-SEDs/projected_learning/wf-outputs/chkp/8_bins/chkp_callback_poly_9_cycles_256_no_proj_d2_1_cycle4
63/63 - 54s - loss: 9.7403e-07 - mean_squared_error: 1.3879e-06 - val_loss: 2.3477e-08 - val_mean_squared_error: 2.3477e-08 - 54s/epoch - 860ms/step
Epoch 7/13

Epoch 00007: mean_squared_error improved from 0.00000 to 0.00000, saving model to /gpfswork/rech/ynx/uds36vp/repos/wf-SEDs/projected_learning/wf-outputs/chkp/8_bins/chkp_callback_poly_9_cycles_256_no_proj_d2_1_cycle4
63/63 - 54s - loss: 9.7354e-07 - mean_squared_error: 1.3874e-06 - val_loss: 2.2858e-08 - val_mean_squared_error: 2.2858e-08 - 54s/epoch - 860ms/step
Epoch 8/13

Epoch 00008: mean_squared_error improved from 0.00000 to 0.00000, saving model to /gpfswork/rech/ynx/uds36vp/repos/wf-SEDs/projected_learning/wf-outputs/chkp/8_bins/chkp_callback_poly_9_cycles_256_no_proj_d2_1_cycle4
63/63 - 55s - loss: 9.7274e-07 - mean_squared_error: 1.3868e-06 - val_loss: 2.2375e-08 - val_mean_squared_error: 2.2375e-08 - 55s/epoch - 878ms/step
Epoch 9/13

Epoch 00009: mean_squared_error improved from 0.00000 to 0.00000, saving model to /gpfswork/rech/ynx/uds36vp/repos/wf-SEDs/projected_learning/wf-outputs/chkp/8_bins/chkp_callback_poly_9_cycles_256_no_proj_d2_1_cycle4
63/63 - 55s - loss: 9.7229e-07 - mean_squared_error: 1.3863e-06 - val_loss: 2.1234e-08 - val_mean_squared_error: 2.1234e-08 - 55s/epoch - 866ms/step
Epoch 10/13

Epoch 00010: mean_squared_error improved from 0.00000 to 0.00000, saving model to /gpfswork/rech/ynx/uds36vp/repos/wf-SEDs/projected_learning/wf-outputs/chkp/8_bins/chkp_callback_poly_9_cycles_256_no_proj_d2_1_cycle4
63/63 - 55s - loss: 9.7185e-07 - mean_squared_error: 1.3858e-06 - val_loss: 2.1376e-08 - val_mean_squared_error: 2.1376e-08 - 55s/epoch - 870ms/step
Epoch 11/13

Epoch 00011: mean_squared_error improved from 0.00000 to 0.00000, saving model to /gpfswork/rech/ynx/uds36vp/repos/wf-SEDs/projected_learning/wf-outputs/chkp/8_bins/chkp_callback_poly_9_cycles_256_no_proj_d2_1_cycle4
63/63 - 55s - loss: 9.7179e-07 - mean_squared_error: 1.3857e-06 - val_loss: 2.0284e-08 - val_mean_squared_error: 2.0284e-08 - 55s/epoch - 871ms/step
Epoch 12/13

Epoch 00012: mean_squared_error improved from 0.00000 to 0.00000, saving model to /gpfswork/rech/ynx/uds36vp/repos/wf-SEDs/projected_learning/wf-outputs/chkp/8_bins/chkp_callback_poly_9_cycles_256_no_proj_d2_1_cycle4
63/63 - 55s - loss: 9.7092e-07 - mean_squared_error: 1.3849e-06 - val_loss: 1.9917e-08 - val_mean_squared_error: 1.9917e-08 - 55s/epoch - 874ms/step
Epoch 13/13

Epoch 00013: mean_squared_error improved from 0.00000 to 0.00000, saving model to /gpfswork/rech/ynx/uds36vp/repos/wf-SEDs/projected_learning/wf-outputs/chkp/8_bins/chkp_callback_poly_9_cycles_256_no_proj_d2_1_cycle4
63/63 - 54s - loss: 9.7031e-07 - mean_squared_error: 1.3845e-06 - val_loss: 1.9611e-08 - val_mean_squared_error: 1.9611e-08 - 54s/epoch - 862ms/step
Cycle4 elapsed time: 954.8221116065979
Starting cycle 5..
Starting parametric update..
Epoch 1/4

Epoch 00001: mean_squared_error improved from inf to 0.00000, saving model to /gpfswork/rech/ynx/uds36vp/repos/wf-SEDs/projected_learning/wf-outputs/chkp/8_bins/chkp_callback_poly_9_cycles_256_no_proj_d2_1_cycle5
63/63 - 57s - loss: 9.7116e-07 - mean_squared_error: 1.3854e-06 - val_loss: 2.7757e-08 - val_mean_squared_error: 2.7757e-08 - 57s/epoch - 900ms/step
Epoch 2/4

Epoch 00002: mean_squared_error did not improve from 0.00000
63/63 - 56s - loss: 9.8609e-07 - mean_squared_error: 1.3978e-06 - val_loss: 2.4503e-08 - val_mean_squared_error: 2.4503e-08 - 56s/epoch - 882ms/step
Epoch 3/4

Epoch 00003: mean_squared_error did not improve from 0.00000
63/63 - 54s - loss: 9.7389e-07 - mean_squared_error: 1.3877e-06 - val_loss: 3.0095e-08 - val_mean_squared_error: 3.0095e-08 - 54s/epoch - 860ms/step
Epoch 4/4

Epoch 00004: mean_squared_error did not improve from 0.00000
63/63 - 54s - loss: 9.8223e-07 - mean_squared_error: 1.3947e-06 - val_loss: 4.1735e-08 - val_mean_squared_error: 4.1735e-08 - 54s/epoch - 858ms/step
Starting non-parametric update..
Epoch 1/13

Epoch 00001: mean_squared_error did not improve from 0.00000
63/63 - 58s - loss: 9.7599e-07 - mean_squared_error: 1.3890e-06 - val_loss: 1.9356e-08 - val_mean_squared_error: 1.9356e-08 - 58s/epoch - 917ms/step
Epoch 2/13

Epoch 00002: mean_squared_error improved from 0.00000 to 0.00000, saving model to /gpfswork/rech/ynx/uds36vp/repos/wf-SEDs/projected_learning/wf-outputs/chkp/8_bins/chkp_callback_poly_9_cycles_256_no_proj_d2_1_cycle5
63/63 - 55s - loss: 9.6854e-07 - mean_squared_error: 1.3831e-06 - val_loss: 1.8726e-08 - val_mean_squared_error: 1.8726e-08 - 55s/epoch - 872ms/step
Epoch 3/13

Epoch 00003: mean_squared_error improved from 0.00000 to 0.00000, saving model to /gpfswork/rech/ynx/uds36vp/repos/wf-SEDs/projected_learning/wf-outputs/chkp/8_bins/chkp_callback_poly_9_cycles_256_no_proj_d2_1_cycle5
63/63 - 55s - loss: 9.6821e-07 - mean_squared_error: 1.3828e-06 - val_loss: 1.8216e-08 - val_mean_squared_error: 1.8216e-08 - 55s/epoch - 866ms/step
Epoch 4/13

Epoch 00004: mean_squared_error improved from 0.00000 to 0.00000, saving model to /gpfswork/rech/ynx/uds36vp/repos/wf-SEDs/projected_learning/wf-outputs/chkp/8_bins/chkp_callback_poly_9_cycles_256_no_proj_d2_1_cycle5
63/63 - 55s - loss: 9.6800e-07 - mean_squared_error: 1.3826e-06 - val_loss: 1.8031e-08 - val_mean_squared_error: 1.8031e-08 - 55s/epoch - 871ms/step
Epoch 5/13

Epoch 00005: mean_squared_error improved from 0.00000 to 0.00000, saving model to /gpfswork/rech/ynx/uds36vp/repos/wf-SEDs/projected_learning/wf-outputs/chkp/8_bins/chkp_callback_poly_9_cycles_256_no_proj_d2_1_cycle5
63/63 - 56s - loss: 9.6770e-07 - mean_squared_error: 1.3823e-06 - val_loss: 1.7918e-08 - val_mean_squared_error: 1.7918e-08 - 56s/epoch - 882ms/step
Epoch 6/13

Epoch 00006: mean_squared_error improved from 0.00000 to 0.00000, saving model to /gpfswork/rech/ynx/uds36vp/repos/wf-SEDs/projected_learning/wf-outputs/chkp/8_bins/chkp_callback_poly_9_cycles_256_no_proj_d2_1_cycle5
63/63 - 54s - loss: 9.6745e-07 - mean_squared_error: 1.3821e-06 - val_loss: 1.7958e-08 - val_mean_squared_error: 1.7958e-08 - 54s/epoch - 862ms/step
Epoch 7/13

Epoch 00007: mean_squared_error improved from 0.00000 to 0.00000, saving model to /gpfswork/rech/ynx/uds36vp/repos/wf-SEDs/projected_learning/wf-outputs/chkp/8_bins/chkp_callback_poly_9_cycles_256_no_proj_d2_1_cycle5
63/63 - 54s - loss: 9.6720e-07 - mean_squared_error: 1.3819e-06 - val_loss: 1.7461e-08 - val_mean_squared_error: 1.7461e-08 - 54s/epoch - 864ms/step
Epoch 8/13

Epoch 00008: mean_squared_error improved from 0.00000 to 0.00000, saving model to /gpfswork/rech/ynx/uds36vp/repos/wf-SEDs/projected_learning/wf-outputs/chkp/8_bins/chkp_callback_poly_9_cycles_256_no_proj_d2_1_cycle5
63/63 - 56s - loss: 9.6691e-07 - mean_squared_error: 1.3816e-06 - val_loss: 1.6900e-08 - val_mean_squared_error: 1.6900e-08 - 56s/epoch - 882ms/step
Epoch 9/13

Epoch 00009: mean_squared_error improved from 0.00000 to 0.00000, saving model to /gpfswork/rech/ynx/uds36vp/repos/wf-SEDs/projected_learning/wf-outputs/chkp/8_bins/chkp_callback_poly_9_cycles_256_no_proj_d2_1_cycle5
63/63 - 54s - loss: 9.6636e-07 - mean_squared_error: 1.3811e-06 - val_loss: 1.6971e-08 - val_mean_squared_error: 1.6971e-08 - 54s/epoch - 863ms/step
Epoch 10/13

Epoch 00010: mean_squared_error did not improve from 0.00000
63/63 - 54s - loss: 9.6631e-07 - mean_squared_error: 1.3811e-06 - val_loss: 1.6830e-08 - val_mean_squared_error: 1.6830e-08 - 54s/epoch - 856ms/step
Epoch 11/13

Epoch 00011: mean_squared_error improved from 0.00000 to 0.00000, saving model to /gpfswork/rech/ynx/uds36vp/repos/wf-SEDs/projected_learning/wf-outputs/chkp/8_bins/chkp_callback_poly_9_cycles_256_no_proj_d2_1_cycle5
63/63 - 55s - loss: 9.6596e-07 - mean_squared_error: 1.3807e-06 - val_loss: 1.6012e-08 - val_mean_squared_error: 1.6012e-08 - 55s/epoch - 870ms/step
Epoch 12/13

Epoch 00012: mean_squared_error improved from 0.00000 to 0.00000, saving model to /gpfswork/rech/ynx/uds36vp/repos/wf-SEDs/projected_learning/wf-outputs/chkp/8_bins/chkp_callback_poly_9_cycles_256_no_proj_d2_1_cycle5
63/63 - 54s - loss: 9.6573e-07 - mean_squared_error: 1.3805e-06 - val_loss: 1.5643e-08 - val_mean_squared_error: 1.5643e-08 - 54s/epoch - 863ms/step
Epoch 13/13

Epoch 00013: mean_squared_error improved from 0.00000 to 0.00000, saving model to /gpfswork/rech/ynx/uds36vp/repos/wf-SEDs/projected_learning/wf-outputs/chkp/8_bins/chkp_callback_poly_9_cycles_256_no_proj_d2_1_cycle5
63/63 - 55s - loss: 9.6572e-07 - mean_squared_error: 1.3805e-06 - val_loss: 1.5635e-08 - val_mean_squared_error: 1.5635e-08 - 55s/epoch - 866ms/step
Cycle5 elapsed time: 939.9289546012878
Starting cycle 6..
Starting parametric update..
Epoch 1/4

Epoch 00001: mean_squared_error improved from inf to 0.00000, saving model to /gpfswork/rech/ynx/uds36vp/repos/wf-SEDs/projected_learning/wf-outputs/chkp/8_bins/chkp_callback_poly_9_cycles_256_no_proj_d2_1_cycle6
63/63 - 57s - loss: 9.6720e-07 - mean_squared_error: 1.3817e-06 - val_loss: 2.0895e-08 - val_mean_squared_error: 2.0895e-08 - 57s/epoch - 902ms/step
Epoch 2/4

Epoch 00002: mean_squared_error did not improve from 0.00000
63/63 - 55s - loss: 9.7016e-07 - mean_squared_error: 1.3842e-06 - val_loss: 1.8745e-08 - val_mean_squared_error: 1.8745e-08 - 55s/epoch - 869ms/step
Epoch 3/4

Epoch 00003: mean_squared_error did not improve from 0.00000
63/63 - 54s - loss: 9.7331e-07 - mean_squared_error: 1.3867e-06 - val_loss: 2.4662e-08 - val_mean_squared_error: 2.4662e-08 - 54s/epoch - 850ms/step
Epoch 4/4

Epoch 00004: mean_squared_error did not improve from 0.00000
63/63 - 54s - loss: 9.9256e-07 - mean_squared_error: 1.4033e-06 - val_loss: 3.9233e-08 - val_mean_squared_error: 3.9233e-08 - 54s/epoch - 856ms/step
Starting non-parametric update..
Epoch 1/13

Epoch 00001: mean_squared_error did not improve from 0.00000
63/63 - 58s - loss: 9.7131e-07 - mean_squared_error: 1.3853e-06 - val_loss: 1.5732e-08 - val_mean_squared_error: 1.5732e-08 - 58s/epoch - 929ms/step
Epoch 2/13

Epoch 00002: mean_squared_error improved from 0.00000 to 0.00000, saving model to /gpfswork/rech/ynx/uds36vp/repos/wf-SEDs/projected_learning/wf-outputs/chkp/8_bins/chkp_callback_poly_9_cycles_256_no_proj_d2_1_cycle6
63/63 - 55s - loss: 9.6429e-07 - mean_squared_error: 1.3794e-06 - val_loss: 1.4994e-08 - val_mean_squared_error: 1.4994e-08 - 55s/epoch - 866ms/step
Epoch 3/13

Epoch 00003: mean_squared_error improved from 0.00000 to 0.00000, saving model to /gpfswork/rech/ynx/uds36vp/repos/wf-SEDs/projected_learning/wf-outputs/chkp/8_bins/chkp_callback_poly_9_cycles_256_no_proj_d2_1_cycle6
63/63 - 54s - loss: 9.6395e-07 - mean_squared_error: 1.3790e-06 - val_loss: 1.5019e-08 - val_mean_squared_error: 1.5019e-08 - 54s/epoch - 858ms/step
Epoch 4/13

Epoch 00004: mean_squared_error improved from 0.00000 to 0.00000, saving model to /gpfswork/rech/ynx/uds36vp/repos/wf-SEDs/projected_learning/wf-outputs/chkp/8_bins/chkp_callback_poly_9_cycles_256_no_proj_d2_1_cycle6
63/63 - 55s - loss: 9.6396e-07 - mean_squared_error: 1.3790e-06 - val_loss: 1.4732e-08 - val_mean_squared_error: 1.4732e-08 - 55s/epoch - 870ms/step
Epoch 5/13

Epoch 00005: mean_squared_error improved from 0.00000 to 0.00000, saving model to /gpfswork/rech/ynx/uds36vp/repos/wf-SEDs/projected_learning/wf-outputs/chkp/8_bins/chkp_callback_poly_9_cycles_256_no_proj_d2_1_cycle6
63/63 - 55s - loss: 9.6361e-07 - mean_squared_error: 1.3787e-06 - val_loss: 1.4548e-08 - val_mean_squared_error: 1.4548e-08 - 55s/epoch - 870ms/step
Epoch 6/13

Epoch 00006: mean_squared_error improved from 0.00000 to 0.00000, saving model to /gpfswork/rech/ynx/uds36vp/repos/wf-SEDs/projected_learning/wf-outputs/chkp/8_bins/chkp_callback_poly_9_cycles_256_no_proj_d2_1_cycle6
63/63 - 54s - loss: 9.6344e-07 - mean_squared_error: 1.3786e-06 - val_loss: 1.4111e-08 - val_mean_squared_error: 1.4111e-08 - 54s/epoch - 864ms/step
Epoch 7/13

Epoch 00007: mean_squared_error improved from 0.00000 to 0.00000, saving model to /gpfswork/rech/ynx/uds36vp/repos/wf-SEDs/projected_learning/wf-outputs/chkp/8_bins/chkp_callback_poly_9_cycles_256_no_proj_d2_1_cycle6
63/63 - 55s - loss: 9.6332e-07 - mean_squared_error: 1.3784e-06 - val_loss: 1.4426e-08 - val_mean_squared_error: 1.4426e-08 - 55s/epoch - 865ms/step
Epoch 8/13

Epoch 00008: mean_squared_error improved from 0.00000 to 0.00000, saving model to /gpfswork/rech/ynx/uds36vp/repos/wf-SEDs/projected_learning/wf-outputs/chkp/8_bins/chkp_callback_poly_9_cycles_256_no_proj_d2_1_cycle6
63/63 - 55s - loss: 9.6334e-07 - mean_squared_error: 1.3784e-06 - val_loss: 1.4081e-08 - val_mean_squared_error: 1.4081e-08 - 55s/epoch - 873ms/step
Epoch 9/13

Epoch 00009: mean_squared_error improved from 0.00000 to 0.00000, saving model to /gpfswork/rech/ynx/uds36vp/repos/wf-SEDs/projected_learning/wf-outputs/chkp/8_bins/chkp_callback_poly_9_cycles_256_no_proj_d2_1_cycle6
63/63 - 54s - loss: 9.6307e-07 - mean_squared_error: 1.3782e-06 - val_loss: 1.3973e-08 - val_mean_squared_error: 1.3973e-08 - 54s/epoch - 859ms/step
Epoch 10/13

Epoch 00010: mean_squared_error did not improve from 0.00000
63/63 - 54s - loss: 9.6328e-07 - mean_squared_error: 1.3782e-06 - val_loss: 1.3958e-08 - val_mean_squared_error: 1.3958e-08 - 54s/epoch - 861ms/step
Epoch 11/13

Epoch 00011: mean_squared_error improved from 0.00000 to 0.00000, saving model to /gpfswork/rech/ynx/uds36vp/repos/wf-SEDs/projected_learning/wf-outputs/chkp/8_bins/chkp_callback_poly_9_cycles_256_no_proj_d2_1_cycle6
63/63 - 56s - loss: 9.6276e-07 - mean_squared_error: 1.3779e-06 - val_loss: 1.4036e-08 - val_mean_squared_error: 1.4036e-08 - 56s/epoch - 884ms/step
Epoch 12/13

Epoch 00012: mean_squared_error improved from 0.00000 to 0.00000, saving model to /gpfswork/rech/ynx/uds36vp/repos/wf-SEDs/projected_learning/wf-outputs/chkp/8_bins/chkp_callback_poly_9_cycles_256_no_proj_d2_1_cycle6
63/63 - 54s - loss: 9.6241e-07 - mean_squared_error: 1.3776e-06 - val_loss: 1.3674e-08 - val_mean_squared_error: 1.3674e-08 - 54s/epoch - 858ms/step
Epoch 13/13

Epoch 00013: mean_squared_error did not improve from 0.00000
63/63 - 54s - loss: 9.6292e-07 - mean_squared_error: 1.3780e-06 - val_loss: 1.2793e-08 - val_mean_squared_error: 1.2793e-08 - 54s/epoch - 859ms/step
Cycle6 elapsed time: 937.3356366157532
Starting cycle 7..
Starting parametric update..
Epoch 1/4

Epoch 00001: mean_squared_error improved from inf to 0.00000, saving model to /gpfswork/rech/ynx/uds36vp/repos/wf-SEDs/projected_learning/wf-outputs/chkp/8_bins/chkp_callback_poly_9_cycles_256_no_proj_d2_1_cycle7
63/63 - 62s - loss: 9.6272e-07 - mean_squared_error: 1.3779e-06 - val_loss: 2.3666e-08 - val_mean_squared_error: 2.3666e-08 - 62s/epoch - 985ms/step
Epoch 2/4

Epoch 00002: mean_squared_error did not improve from 0.00000
63/63 - 60s - loss: 9.7441e-07 - mean_squared_error: 1.3875e-06 - val_loss: 2.0810e-08 - val_mean_squared_error: 2.0810e-08 - 60s/epoch - 949ms/step
Epoch 3/4

Epoch 00003: mean_squared_error did not improve from 0.00000
63/63 - 59s - loss: 9.6706e-07 - mean_squared_error: 1.3817e-06 - val_loss: 1.6957e-08 - val_mean_squared_error: 1.6957e-08 - 59s/epoch - 939ms/step
Epoch 4/4

Epoch 00004: mean_squared_error did not improve from 0.00000
63/63 - 59s - loss: 9.6528e-07 - mean_squared_error: 1.3801e-06 - val_loss: 1.9189e-08 - val_mean_squared_error: 1.9189e-08 - 59s/epoch - 935ms/step
Starting non-parametric update..
Epoch 1/13

Epoch 00001: mean_squared_error improved from 0.00000 to 0.00000, saving model to /gpfswork/rech/ynx/uds36vp/repos/wf-SEDs/projected_learning/wf-outputs/chkp/8_bins/chkp_callback_poly_9_cycles_256_no_proj_d2_1_cycle7
63/63 - 58s - loss: 9.6261e-07 - mean_squared_error: 1.3778e-06 - val_loss: 1.2693e-08 - val_mean_squared_error: 1.2693e-08 - 58s/epoch - 914ms/step
Epoch 2/13

Epoch 00002: mean_squared_error improved from 0.00000 to 0.00000, saving model to /gpfswork/rech/ynx/uds36vp/repos/wf-SEDs/projected_learning/wf-outputs/chkp/8_bins/chkp_callback_poly_9_cycles_256_no_proj_d2_1_cycle7
63/63 - 55s - loss: 9.6098e-07 - mean_squared_error: 1.3764e-06 - val_loss: 1.2662e-08 - val_mean_squared_error: 1.2662e-08 - 55s/epoch - 875ms/step
Epoch 3/13

Epoch 00003: mean_squared_error did not improve from 0.00000
63/63 - 54s - loss: 9.6101e-07 - mean_squared_error: 1.3764e-06 - val_loss: 1.2396e-08 - val_mean_squared_error: 1.2396e-08 - 54s/epoch - 862ms/step
Epoch 4/13

Epoch 00004: mean_squared_error improved from 0.00000 to 0.00000, saving model to /gpfswork/rech/ynx/uds36vp/repos/wf-SEDs/projected_learning/wf-outputs/chkp/8_bins/chkp_callback_poly_9_cycles_256_no_proj_d2_1_cycle7
63/63 - 55s - loss: 9.6093e-07 - mean_squared_error: 1.3764e-06 - val_loss: 1.2244e-08 - val_mean_squared_error: 1.2244e-08 - 55s/epoch - 867ms/step
Epoch 5/13

Epoch 00005: mean_squared_error improved from 0.00000 to 0.00000, saving model to /gpfswork/rech/ynx/uds36vp/repos/wf-SEDs/projected_learning/wf-outputs/chkp/8_bins/chkp_callback_poly_9_cycles_256_no_proj_d2_1_cycle7
63/63 - 55s - loss: 9.6077e-07 - mean_squared_error: 1.3762e-06 - val_loss: 1.2145e-08 - val_mean_squared_error: 1.2145e-08 - 55s/epoch - 878ms/step
Epoch 6/13

Epoch 00006: mean_squared_error improved from 0.00000 to 0.00000, saving model to /gpfswork/rech/ynx/uds36vp/repos/wf-SEDs/projected_learning/wf-outputs/chkp/8_bins/chkp_callback_poly_9_cycles_256_no_proj_d2_1_cycle7
63/63 - 55s - loss: 9.6073e-07 - mean_squared_error: 1.3761e-06 - val_loss: 1.2418e-08 - val_mean_squared_error: 1.2418e-08 - 55s/epoch - 865ms/step
Epoch 7/13

Epoch 00007: mean_squared_error did not improve from 0.00000
63/63 - 54s - loss: 9.6089e-07 - mean_squared_error: 1.3763e-06 - val_loss: 1.2446e-08 - val_mean_squared_error: 1.2446e-08 - 54s/epoch - 860ms/step
Epoch 8/13

Epoch 00008: mean_squared_error improved from 0.00000 to 0.00000, saving model to /gpfswork/rech/ynx/uds36vp/repos/wf-SEDs/projected_learning/wf-outputs/chkp/8_bins/chkp_callback_poly_9_cycles_256_no_proj_d2_1_cycle7
63/63 - 55s - loss: 9.6056e-07 - mean_squared_error: 1.3760e-06 - val_loss: 1.1928e-08 - val_mean_squared_error: 1.1928e-08 - 55s/epoch - 879ms/step
Epoch 9/13

Epoch 00009: mean_squared_error did not improve from 0.00000
63/63 - 55s - loss: 9.6067e-07 - mean_squared_error: 1.3761e-06 - val_loss: 1.2037e-08 - val_mean_squared_error: 1.2037e-08 - 55s/epoch - 868ms/step
Epoch 10/13

Epoch 00010: mean_squared_error improved from 0.00000 to 0.00000, saving model to /gpfswork/rech/ynx/uds36vp/repos/wf-SEDs/projected_learning/wf-outputs/chkp/8_bins/chkp_callback_poly_9_cycles_256_no_proj_d2_1_cycle7
63/63 - 54s - loss: 9.6045e-07 - mean_squared_error: 1.3759e-06 - val_loss: 1.1803e-08 - val_mean_squared_error: 1.1803e-08 - 54s/epoch - 856ms/step
Epoch 11/13

Epoch 00011: mean_squared_error improved from 0.00000 to 0.00000, saving model to /gpfswork/rech/ynx/uds36vp/repos/wf-SEDs/projected_learning/wf-outputs/chkp/8_bins/chkp_callback_poly_9_cycles_256_no_proj_d2_1_cycle7
63/63 - 55s - loss: 9.6043e-07 - mean_squared_error: 1.3758e-06 - val_loss: 1.1841e-08 - val_mean_squared_error: 1.1841e-08 - 55s/epoch - 871ms/step
Epoch 12/13

Epoch 00012: mean_squared_error did not improve from 0.00000
63/63 - 55s - loss: 9.6078e-07 - mean_squared_error: 1.3761e-06 - val_loss: 1.1623e-08 - val_mean_squared_error: 1.1623e-08 - 55s/epoch - 872ms/step
Epoch 13/13

Epoch 00013: mean_squared_error improved from 0.00000 to 0.00000, saving model to /gpfswork/rech/ynx/uds36vp/repos/wf-SEDs/projected_learning/wf-outputs/chkp/8_bins/chkp_callback_poly_9_cycles_256_no_proj_d2_1_cycle7
63/63 - 54s - loss: 9.6021e-07 - mean_squared_error: 1.3756e-06 - val_loss: 1.1631e-08 - val_mean_squared_error: 1.1631e-08 - 54s/epoch - 859ms/step
Cycle7 elapsed time: 958.7853779792786
Starting cycle 8..
Starting parametric update..
Epoch 1/4

Epoch 00001: mean_squared_error improved from inf to 0.00000, saving model to /gpfswork/rech/ynx/uds36vp/repos/wf-SEDs/projected_learning/wf-outputs/chkp/8_bins/chkp_callback_poly_9_cycles_256_no_proj_d2_1_cycle8
63/63 - 58s - loss: 9.6055e-07 - mean_squared_error: 1.3759e-06 - val_loss: 1.2521e-08 - val_mean_squared_error: 1.2521e-08 - 58s/epoch - 926ms/step
Epoch 2/4

Epoch 00002: mean_squared_error did not improve from 0.00000
63/63 - 57s - loss: 9.6414e-07 - mean_squared_error: 1.3791e-06 - val_loss: 1.4939e-08 - val_mean_squared_error: 1.4939e-08 - 57s/epoch - 898ms/step
Epoch 3/4

Epoch 00003: mean_squared_error did not improve from 0.00000
63/63 - 56s - loss: 9.6260e-07 - mean_squared_error: 1.3777e-06 - val_loss: 1.7335e-08 - val_mean_squared_error: 1.7335e-08 - 56s/epoch - 891ms/step
Epoch 4/4

Epoch 00004: mean_squared_error did not improve from 0.00000
63/63 - 56s - loss: 9.6660e-07 - mean_squared_error: 1.3813e-06 - val_loss: 2.1296e-08 - val_mean_squared_error: 2.1296e-08 - 56s/epoch - 886ms/step
Starting non-parametric update..
Epoch 1/13

Epoch 00001: mean_squared_error did not improve from 0.00000
63/63 - 57s - loss: 9.6195e-07 - mean_squared_error: 1.3771e-06 - val_loss: 1.1093e-08 - val_mean_squared_error: 1.1093e-08 - 57s/epoch - 907ms/step
Epoch 2/13

Epoch 00002: mean_squared_error improved from 0.00000 to 0.00000, saving model to /gpfswork/rech/ynx/uds36vp/repos/wf-SEDs/projected_learning/wf-outputs/chkp/8_bins/chkp_callback_poly_9_cycles_256_no_proj_d2_1_cycle8
63/63 - 55s - loss: 9.5907e-07 - mean_squared_error: 1.3748e-06 - val_loss: 1.1225e-08 - val_mean_squared_error: 1.1225e-08 - 55s/epoch - 868ms/step
Epoch 3/13

Epoch 00003: mean_squared_error improved from 0.00000 to 0.00000, saving model to /gpfswork/rech/ynx/uds36vp/repos/wf-SEDs/projected_learning/wf-outputs/chkp/8_bins/chkp_callback_poly_9_cycles_256_no_proj_d2_1_cycle8
63/63 - 54s - loss: 9.5902e-07 - mean_squared_error: 1.3747e-06 - val_loss: 1.0747e-08 - val_mean_squared_error: 1.0747e-08 - 54s/epoch - 856ms/step
Epoch 4/13

Epoch 00004: mean_squared_error improved from 0.00000 to 0.00000, saving model to /gpfswork/rech/ynx/uds36vp/repos/wf-SEDs/projected_learning/wf-outputs/chkp/8_bins/chkp_callback_poly_9_cycles_256_no_proj_d2_1_cycle8
63/63 - 54s - loss: 9.5902e-07 - mean_squared_error: 1.3747e-06 - val_loss: 1.0940e-08 - val_mean_squared_error: 1.0940e-08 - 54s/epoch - 851ms/step
Epoch 5/13

Epoch 00005: mean_squared_error improved from 0.00000 to 0.00000, saving model to /gpfswork/rech/ynx/uds36vp/repos/wf-SEDs/projected_learning/wf-outputs/chkp/8_bins/chkp_callback_poly_9_cycles_256_no_proj_d2_1_cycle8
63/63 - 55s - loss: 9.5899e-07 - mean_squared_error: 1.3746e-06 - val_loss: 1.1055e-08 - val_mean_squared_error: 1.1055e-08 - 55s/epoch - 871ms/step
Epoch 6/13

Epoch 00006: mean_squared_error did not improve from 0.00000
63/63 - 54s - loss: 9.5909e-07 - mean_squared_error: 1.3747e-06 - val_loss: 1.0773e-08 - val_mean_squared_error: 1.0773e-08 - 54s/epoch - 857ms/step
Epoch 7/13

Epoch 00007: mean_squared_error did not improve from 0.00000
63/63 - 54s - loss: 9.5919e-07 - mean_squared_error: 1.3748e-06 - val_loss: 1.0923e-08 - val_mean_squared_error: 1.0923e-08 - 54s/epoch - 852ms/step
Epoch 8/13

Epoch 00008: mean_squared_error improved from 0.00000 to 0.00000, saving model to /gpfswork/rech/ynx/uds36vp/repos/wf-SEDs/projected_learning/wf-outputs/chkp/8_bins/chkp_callback_poly_9_cycles_256_no_proj_d2_1_cycle8
63/63 - 55s - loss: 9.5890e-07 - mean_squared_error: 1.3745e-06 - val_loss: 1.0644e-08 - val_mean_squared_error: 1.0644e-08 - 55s/epoch - 876ms/step
Epoch 9/13

Epoch 00009: mean_squared_error improved from 0.00000 to 0.00000, saving model to /gpfswork/rech/ynx/uds36vp/repos/wf-SEDs/projected_learning/wf-outputs/chkp/8_bins/chkp_callback_poly_9_cycles_256_no_proj_d2_1_cycle8
63/63 - 54s - loss: 9.5885e-07 - mean_squared_error: 1.3745e-06 - val_loss: 1.0591e-08 - val_mean_squared_error: 1.0591e-08 - 54s/epoch - 858ms/step
Epoch 10/13

Epoch 00010: mean_squared_error improved from 0.00000 to 0.00000, saving model to /gpfswork/rech/ynx/uds36vp/repos/wf-SEDs/projected_learning/wf-outputs/chkp/8_bins/chkp_callback_poly_9_cycles_256_no_proj_d2_1_cycle8
63/63 - 54s - loss: 9.5878e-07 - mean_squared_error: 1.3744e-06 - val_loss: 1.0471e-08 - val_mean_squared_error: 1.0471e-08 - 54s/epoch - 854ms/step
Epoch 11/13

Epoch 00011: mean_squared_error did not improve from 0.00000
63/63 - 55s - loss: 9.5941e-07 - mean_squared_error: 1.3748e-06 - val_loss: 1.0720e-08 - val_mean_squared_error: 1.0720e-08 - 55s/epoch - 869ms/step
Epoch 12/13

Epoch 00012: mean_squared_error did not improve from 0.00000
63/63 - 54s - loss: 9.5894e-07 - mean_squared_error: 1.3745e-06 - val_loss: 1.0959e-08 - val_mean_squared_error: 1.0959e-08 - 54s/epoch - 862ms/step
Epoch 13/13

Epoch 00013: mean_squared_error improved from 0.00000 to 0.00000, saving model to /gpfswork/rech/ynx/uds36vp/repos/wf-SEDs/projected_learning/wf-outputs/chkp/8_bins/chkp_callback_poly_9_cycles_256_no_proj_d2_1_cycle8
63/63 - 54s - loss: 9.5886e-07 - mean_squared_error: 1.3744e-06 - val_loss: 1.0755e-08 - val_mean_squared_error: 1.0755e-08 - 54s/epoch - 854ms/step
Cycle8 elapsed time: 939.9645049571991
Starting cycle 9..
Starting parametric update..
Epoch 1/10

Epoch 00001: mean_squared_error improved from inf to 0.00000, saving model to /gpfswork/rech/ynx/uds36vp/repos/wf-SEDs/projected_learning/wf-outputs/chkp/8_bins/chkp_callback_poly_9_cycles_256_no_proj_d2_1_cycle9
63/63 - 58s - loss: 9.5923e-07 - mean_squared_error: 1.3749e-06 - val_loss: 1.2228e-08 - val_mean_squared_error: 1.2228e-08 - 58s/epoch - 920ms/step
Epoch 2/10

Epoch 00002: mean_squared_error did not improve from 0.00000
63/63 - 56s - loss: 9.6108e-07 - mean_squared_error: 1.3763e-06 - val_loss: 1.3372e-08 - val_mean_squared_error: 1.3372e-08 - 56s/epoch - 889ms/step
Epoch 3/10

Epoch 00003: mean_squared_error did not improve from 0.00000
63/63 - 55s - loss: 9.6210e-07 - mean_squared_error: 1.3774e-06 - val_loss: 1.3435e-08 - val_mean_squared_error: 1.3435e-08 - 55s/epoch - 873ms/step
Epoch 4/10

Epoch 00004: mean_squared_error did not improve from 0.00000
63/63 - 55s - loss: 9.6220e-07 - mean_squared_error: 1.3774e-06 - val_loss: 1.7157e-08 - val_mean_squared_error: 1.7157e-08 - 55s/epoch - 868ms/step
Epoch 5/10

Epoch 00005: mean_squared_error did not improve from 0.00000
63/63 - 56s - loss: 9.6581e-07 - mean_squared_error: 1.3800e-06 - val_loss: 1.8307e-08 - val_mean_squared_error: 1.8307e-08 - 56s/epoch - 882ms/step
Epoch 6/10

Epoch 00006: mean_squared_error did not improve from 0.00000
63/63 - 55s - loss: 9.7497e-07 - mean_squared_error: 1.3881e-06 - val_loss: 3.2242e-08 - val_mean_squared_error: 3.2242e-08 - 55s/epoch - 874ms/step
Epoch 7/10

Epoch 00007: mean_squared_error did not improve from 0.00000
63/63 - 54s - loss: 9.7863e-07 - mean_squared_error: 1.3912e-06 - val_loss: 3.0522e-08 - val_mean_squared_error: 3.0522e-08 - 54s/epoch - 865ms/step
Epoch 8/10

Epoch 00008: mean_squared_error did not improve from 0.00000
63/63 - 55s - loss: 9.7281e-07 - mean_squared_error: 1.3858e-06 - val_loss: 2.1457e-08 - val_mean_squared_error: 2.1457e-08 - 55s/epoch - 876ms/step
Epoch 9/10

Epoch 00009: mean_squared_error did not improve from 0.00000
63/63 - 55s - loss: 9.7389e-07 - mean_squared_error: 1.3867e-06 - val_loss: 2.3629e-08 - val_mean_squared_error: 2.3629e-08 - 55s/epoch - 879ms/step
Epoch 10/10

Epoch 00010: mean_squared_error did not improve from 0.00000
63/63 - 55s - loss: 9.6745e-07 - mean_squared_error: 1.3822e-06 - val_loss: 1.2215e-08 - val_mean_squared_error: 1.2215e-08 - 55s/epoch - 871ms/step
Starting non-parametric update..
Epoch 1/50

Epoch 00001: mean_squared_error improved from 0.00000 to 0.00000, saving model to /gpfswork/rech/ynx/uds36vp/repos/wf-SEDs/projected_learning/wf-outputs/chkp/8_bins/chkp_callback_poly_9_cycles_256_no_proj_d2_1_cycle9
63/63 - 57s - loss: 9.5850e-07 - mean_squared_error: 1.3742e-06 - val_loss: 9.8758e-09 - val_mean_squared_error: 9.8758e-09 - 57s/epoch - 901ms/step
Epoch 2/50

Epoch 00002: mean_squared_error improved from 0.00000 to 0.00000, saving model to /gpfswork/rech/ynx/uds36vp/repos/wf-SEDs/projected_learning/wf-outputs/chkp/8_bins/chkp_callback_poly_9_cycles_256_no_proj_d2_1_cycle9
63/63 - 55s - loss: 9.5749e-07 - mean_squared_error: 1.3734e-06 - val_loss: 9.7453e-09 - val_mean_squared_error: 9.7453e-09 - 55s/epoch - 878ms/step
Epoch 3/50

Epoch 00003: mean_squared_error improved from 0.00000 to 0.00000, saving model to /gpfswork/rech/ynx/uds36vp/repos/wf-SEDs/projected_learning/wf-outputs/chkp/8_bins/chkp_callback_poly_9_cycles_256_no_proj_d2_1_cycle9
63/63 - 54s - loss: 9.5750e-07 - mean_squared_error: 1.3734e-06 - val_loss: 9.7980e-09 - val_mean_squared_error: 9.7980e-09 - 54s/epoch - 854ms/step
Epoch 4/50

Epoch 00004: mean_squared_error did not improve from 0.00000
63/63 - 54s - loss: 9.5755e-07 - mean_squared_error: 1.3734e-06 - val_loss: 9.7127e-09 - val_mean_squared_error: 9.7127e-09 - 54s/epoch - 857ms/step
Epoch 5/50

Epoch 00005: mean_squared_error improved from 0.00000 to 0.00000, saving model to /gpfswork/rech/ynx/uds36vp/repos/wf-SEDs/projected_learning/wf-outputs/chkp/8_bins/chkp_callback_poly_9_cycles_256_no_proj_d2_1_cycle9
63/63 - 55s - loss: 9.5751e-07 - mean_squared_error: 1.3734e-06 - val_loss: 9.5806e-09 - val_mean_squared_error: 9.5806e-09 - 55s/epoch - 865ms/step
Epoch 6/50

Epoch 00006: mean_squared_error improved from 0.00000 to 0.00000, saving model to /gpfswork/rech/ynx/uds36vp/repos/wf-SEDs/projected_learning/wf-outputs/chkp/8_bins/chkp_callback_poly_9_cycles_256_no_proj_d2_1_cycle9
63/63 - 54s - loss: 9.5751e-07 - mean_squared_error: 1.3733e-06 - val_loss: 9.5803e-09 - val_mean_squared_error: 9.5803e-09 - 54s/epoch - 861ms/step
Epoch 7/50

Epoch 00007: mean_squared_error did not improve from 0.00000
63/63 - 54s - loss: 9.5764e-07 - mean_squared_error: 1.3734e-06 - val_loss: 9.9712e-09 - val_mean_squared_error: 9.9712e-09 - 54s/epoch - 851ms/step
Epoch 8/50

Epoch 00008: mean_squared_error did not improve from 0.00000
63/63 - 54s - loss: 9.5764e-07 - mean_squared_error: 1.3734e-06 - val_loss: 9.6385e-09 - val_mean_squared_error: 9.6385e-09 - 54s/epoch - 865ms/step
Epoch 9/50

Epoch 00009: mean_squared_error improved from 0.00000 to 0.00000, saving model to /gpfswork/rech/ynx/uds36vp/repos/wf-SEDs/projected_learning/wf-outputs/chkp/8_bins/chkp_callback_poly_9_cycles_256_no_proj_d2_1_cycle9
63/63 - 54s - loss: 9.5747e-07 - mean_squared_error: 1.3733e-06 - val_loss: 9.7835e-09 - val_mean_squared_error: 9.7835e-09 - 54s/epoch - 864ms/step
Epoch 10/50

Epoch 00010: mean_squared_error improved from 0.00000 to 0.00000, saving model to /gpfswork/rech/ynx/uds36vp/repos/wf-SEDs/projected_learning/wf-outputs/chkp/8_bins/chkp_callback_poly_9_cycles_256_no_proj_d2_1_cycle9
63/63 - 54s - loss: 9.5737e-07 - mean_squared_error: 1.3732e-06 - val_loss: 9.4672e-09 - val_mean_squared_error: 9.4672e-09 - 54s/epoch - 853ms/step
Epoch 11/50

Epoch 00011: mean_squared_error improved from 0.00000 to 0.00000, saving model to /gpfswork/rech/ynx/uds36vp/repos/wf-SEDs/projected_learning/wf-outputs/chkp/8_bins/chkp_callback_poly_9_cycles_256_no_proj_d2_1_cycle9
63/63 - 55s - loss: 9.5736e-07 - mean_squared_error: 1.3732e-06 - val_loss: 9.7311e-09 - val_mean_squared_error: 9.7311e-09 - 55s/epoch - 866ms/step
Epoch 12/50

Epoch 00012: mean_squared_error did not improve from 0.00000
63/63 - 54s - loss: 9.5763e-07 - mean_squared_error: 1.3734e-06 - val_loss: 9.8642e-09 - val_mean_squared_error: 9.8642e-09 - 54s/epoch - 865ms/step
Epoch 13/50

Epoch 00013: mean_squared_error did not improve from 0.00000
63/63 - 54s - loss: 9.5759e-07 - mean_squared_error: 1.3733e-06 - val_loss: 9.2262e-09 - val_mean_squared_error: 9.2262e-09 - 54s/epoch - 851ms/step
Epoch 14/50

Epoch 00014: mean_squared_error improved from 0.00000 to 0.00000, saving model to /gpfswork/rech/ynx/uds36vp/repos/wf-SEDs/projected_learning/wf-outputs/chkp/8_bins/chkp_callback_poly_9_cycles_256_no_proj_d2_1_cycle9
63/63 - 54s - loss: 9.5738e-07 - mean_squared_error: 1.3731e-06 - val_loss: 9.4771e-09 - val_mean_squared_error: 9.4771e-09 - 54s/epoch - 864ms/step
Epoch 15/50

Epoch 00015: mean_squared_error improved from 0.00000 to 0.00000, saving model to /gpfswork/rech/ynx/uds36vp/repos/wf-SEDs/projected_learning/wf-outputs/chkp/8_bins/chkp_callback_poly_9_cycles_256_no_proj_d2_1_cycle9
63/63 - 55s - loss: 9.5721e-07 - mean_squared_error: 1.3729e-06 - val_loss: 9.2664e-09 - val_mean_squared_error: 9.2664e-09 - 55s/epoch - 872ms/step
Epoch 16/50

Epoch 00016: mean_squared_error improved from 0.00000 to 0.00000, saving model to /gpfswork/rech/ynx/uds36vp/repos/wf-SEDs/projected_learning/wf-outputs/chkp/8_bins/chkp_callback_poly_9_cycles_256_no_proj_d2_1_cycle9
63/63 - 53s - loss: 9.5710e-07 - mean_squared_error: 1.3729e-06 - val_loss: 9.3669e-09 - val_mean_squared_error: 9.3669e-09 - 53s/epoch - 849ms/step
Epoch 17/50

Epoch 00017: mean_squared_error improved from 0.00000 to 0.00000, saving model to /gpfswork/rech/ynx/uds36vp/repos/wf-SEDs/projected_learning/wf-outputs/chkp/8_bins/chkp_callback_poly_9_cycles_256_no_proj_d2_1_cycle9
63/63 - 53s - loss: 9.5711e-07 - mean_squared_error: 1.3729e-06 - val_loss: 9.7683e-09 - val_mean_squared_error: 9.7683e-09 - 53s/epoch - 849ms/step
Epoch 18/50

Epoch 00018: mean_squared_error did not improve from 0.00000
63/63 - 55s - loss: 9.5790e-07 - mean_squared_error: 1.3734e-06 - val_loss: 1.0017e-08 - val_mean_squared_error: 1.0017e-08 - 55s/epoch - 865ms/step
Epoch 19/50

Epoch 00019: mean_squared_error did not improve from 0.00000
63/63 - 54s - loss: 9.5789e-07 - mean_squared_error: 1.3735e-06 - val_loss: 1.1349e-08 - val_mean_squared_error: 1.1349e-08 - 54s/epoch - 860ms/step
Epoch 20/50

Epoch 00020: mean_squared_error did not improve from 0.00000
63/63 - 54s - loss: 9.5766e-07 - mean_squared_error: 1.3732e-06 - val_loss: 9.2665e-09 - val_mean_squared_error: 9.2665e-09 - 54s/epoch - 851ms/step
Epoch 21/50

Epoch 00021: mean_squared_error did not improve from 0.00000
63/63 - 55s - loss: 9.5733e-07 - mean_squared_error: 1.3730e-06 - val_loss: 9.5922e-09 - val_mean_squared_error: 9.5922e-09 - 55s/epoch - 869ms/step
Epoch 22/50

Epoch 00022: mean_squared_error did not improve from 0.00000
63/63 - 54s - loss: 9.5763e-07 - mean_squared_error: 1.3731e-06 - val_loss: 1.0135e-08 - val_mean_squared_error: 1.0135e-08 - 54s/epoch - 857ms/step
Epoch 23/50

Epoch 00023: mean_squared_error improved from 0.00000 to 0.00000, saving model to /gpfswork/rech/ynx/uds36vp/repos/wf-SEDs/projected_learning/wf-outputs/chkp/8_bins/chkp_callback_poly_9_cycles_256_no_proj_d2_1_cycle9
63/63 - 54s - loss: 9.5723e-07 - mean_squared_error: 1.3729e-06 - val_loss: 9.2405e-09 - val_mean_squared_error: 9.2405e-09 - 54s/epoch - 851ms/step
Epoch 24/50

Epoch 00024: mean_squared_error did not improve from 0.00000
63/63 - 55s - loss: 9.5801e-07 - mean_squared_error: 1.3734e-06 - val_loss: 9.5435e-09 - val_mean_squared_error: 9.5435e-09 - 55s/epoch - 867ms/step
Epoch 25/50

Epoch 00025: mean_squared_error did not improve from 0.00000
63/63 - 55s - loss: 9.5780e-07 - mean_squared_error: 1.3734e-06 - val_loss: 1.0379e-08 - val_mean_squared_error: 1.0379e-08 - 55s/epoch - 866ms/step
Epoch 26/50

Epoch 00026: mean_squared_error did not improve from 0.00000
63/63 - 54s - loss: 9.5760e-07 - mean_squared_error: 1.3731e-06 - val_loss: 9.0287e-09 - val_mean_squared_error: 9.0287e-09 - 54s/epoch - 853ms/step
Epoch 27/50

Epoch 00027: mean_squared_error did not improve from 0.00000
63/63 - 54s - loss: 9.5739e-07 - mean_squared_error: 1.3729e-06 - val_loss: 1.2497e-08 - val_mean_squared_error: 1.2497e-08 - 54s/epoch - 860ms/step
Epoch 28/50

Epoch 00028: mean_squared_error did not improve from 0.00000
63/63 - 54s - loss: 9.5812e-07 - mean_squared_error: 1.3736e-06 - val_loss: 9.2016e-09 - val_mean_squared_error: 9.2016e-09 - 54s/epoch - 863ms/step
Epoch 29/50

Epoch 00029: mean_squared_error improved from 0.00000 to 0.00000, saving model to /gpfswork/rech/ynx/uds36vp/repos/wf-SEDs/projected_learning/wf-outputs/chkp/8_bins/chkp_callback_poly_9_cycles_256_no_proj_d2_1_cycle9
63/63 - 54s - loss: 9.5689e-07 - mean_squared_error: 1.3726e-06 - val_loss: 1.2754e-08 - val_mean_squared_error: 1.2754e-08 - 54s/epoch - 858ms/step
Epoch 30/50

Epoch 00030: mean_squared_error did not improve from 0.00000
63/63 - 54s - loss: 9.5833e-07 - mean_squared_error: 1.3738e-06 - val_loss: 8.4704e-09 - val_mean_squared_error: 8.4704e-09 - 54s/epoch - 861ms/step
Epoch 31/50

Epoch 00031: mean_squared_error improved from 0.00000 to 0.00000, saving model to /gpfswork/rech/ynx/uds36vp/repos/wf-SEDs/projected_learning/wf-outputs/chkp/8_bins/chkp_callback_poly_9_cycles_256_no_proj_d2_1_cycle9
63/63 - 55s - loss: 9.5617e-07 - mean_squared_error: 1.3721e-06 - val_loss: 8.3054e-09 - val_mean_squared_error: 8.3054e-09 - 55s/epoch - 870ms/step
Epoch 32/50

Epoch 00032: mean_squared_error did not improve from 0.00000
63/63 - 54s - loss: 9.5777e-07 - mean_squared_error: 1.3731e-06 - val_loss: 8.8356e-09 - val_mean_squared_error: 8.8356e-09 - 54s/epoch - 851ms/step
Epoch 33/50

Epoch 00033: mean_squared_error improved from 0.00000 to 0.00000, saving model to /gpfswork/rech/ynx/uds36vp/repos/wf-SEDs/projected_learning/wf-outputs/chkp/8_bins/chkp_callback_poly_9_cycles_256_no_proj_d2_1_cycle9
63/63 - 54s - loss: 9.5626e-07 - mean_squared_error: 1.3720e-06 - val_loss: 8.9055e-09 - val_mean_squared_error: 8.9055e-09 - 54s/epoch - 852ms/step
Epoch 34/50

Epoch 00034: mean_squared_error did not improve from 0.00000
63/63 - 55s - loss: 9.5903e-07 - mean_squared_error: 1.3740e-06 - val_loss: 1.1101e-08 - val_mean_squared_error: 1.1101e-08 - 55s/epoch - 872ms/step
Epoch 35/50

Epoch 00035: mean_squared_error did not improve from 0.00000
63/63 - 54s - loss: 9.5860e-07 - mean_squared_error: 1.3735e-06 - val_loss: 9.8786e-09 - val_mean_squared_error: 9.8786e-09 - 54s/epoch - 855ms/step
Epoch 36/50

Epoch 00036: mean_squared_error did not improve from 0.00000
63/63 - 53s - loss: 9.5831e-07 - mean_squared_error: 1.3736e-06 - val_loss: 9.1199e-09 - val_mean_squared_error: 9.1199e-09 - 53s/epoch - 849ms/step
Epoch 37/50

Epoch 00037: mean_squared_error improved from 0.00000 to 0.00000, saving model to /gpfswork/rech/ynx/uds36vp/repos/wf-SEDs/projected_learning/wf-outputs/chkp/8_bins/chkp_callback_poly_9_cycles_256_no_proj_d2_1_cycle9
63/63 - 54s - loss: 9.5638e-07 - mean_squared_error: 1.3720e-06 - val_loss: 9.1221e-09 - val_mean_squared_error: 9.1221e-09 - 54s/epoch - 860ms/step
Epoch 38/50

Epoch 00038: mean_squared_error did not improve from 0.00000
63/63 - 54s - loss: 9.5705e-07 - mean_squared_error: 1.3725e-06 - val_loss: 9.1919e-09 - val_mean_squared_error: 9.1919e-09 - 54s/epoch - 852ms/step
Epoch 39/50

Epoch 00039: mean_squared_error did not improve from 0.00000
63/63 - 54s - loss: 9.5736e-07 - mean_squared_error: 1.3730e-06 - val_loss: 1.0488e-08 - val_mean_squared_error: 1.0488e-08 - 54s/epoch - 852ms/step
Epoch 40/50

Epoch 00040: mean_squared_error did not improve from 0.00000
63/63 - 54s - loss: 9.5661e-07 - mean_squared_error: 1.3722e-06 - val_loss: 8.7417e-09 - val_mean_squared_error: 8.7417e-09 - 54s/epoch - 863ms/step
Epoch 41/50

Epoch 00041: mean_squared_error improved from 0.00000 to 0.00000, saving model to /gpfswork/rech/ynx/uds36vp/repos/wf-SEDs/projected_learning/wf-outputs/chkp/8_bins/chkp_callback_poly_9_cycles_256_no_proj_d2_1_cycle9
63/63 - 54s - loss: 9.5584e-07 - mean_squared_error: 1.3716e-06 - val_loss: 1.0109e-08 - val_mean_squared_error: 1.0109e-08 - 54s/epoch - 860ms/step
Epoch 42/50

Epoch 00042: mean_squared_error did not improve from 0.00000
63/63 - 54s - loss: 9.5751e-07 - mean_squared_error: 1.3728e-06 - val_loss: 8.1165e-09 - val_mean_squared_error: 8.1165e-09 - 54s/epoch - 852ms/step
Epoch 43/50

Epoch 00043: mean_squared_error improved from 0.00000 to 0.00000, saving model to /gpfswork/rech/ynx/uds36vp/repos/wf-SEDs/projected_learning/wf-outputs/chkp/8_bins/chkp_callback_poly_9_cycles_256_no_proj_d2_1_cycle9
63/63 - 55s - loss: 9.5556e-07 - mean_squared_error: 1.3714e-06 - val_loss: 8.5203e-09 - val_mean_squared_error: 8.5203e-09 - 55s/epoch - 865ms/step
Epoch 44/50

Epoch 00044: mean_squared_error did not improve from 0.00000
63/63 - 54s - loss: 9.6107e-07 - mean_squared_error: 1.3754e-06 - val_loss: 1.1867e-08 - val_mean_squared_error: 1.1867e-08 - 54s/epoch - 860ms/step
Epoch 45/50

Epoch 00045: mean_squared_error did not improve from 0.00000
63/63 - 54s - loss: 9.5692e-07 - mean_squared_error: 1.3726e-06 - val_loss: 7.8820e-09 - val_mean_squared_error: 7.8820e-09 - 54s/epoch - 862ms/step
Epoch 46/50

Epoch 00046: mean_squared_error improved from 0.00000 to 0.00000, saving model to /gpfswork/rech/ynx/uds36vp/repos/wf-SEDs/projected_learning/wf-outputs/chkp/8_bins/chkp_callback_poly_9_cycles_256_no_proj_d2_1_cycle9
63/63 - 54s - loss: 9.5527e-07 - mean_squared_error: 1.3712e-06 - val_loss: 7.8804e-09 - val_mean_squared_error: 7.8804e-09 - 54s/epoch - 854ms/step
Epoch 47/50

Epoch 00047: mean_squared_error did not improve from 0.00000
63/63 - 54s - loss: 9.5612e-07 - mean_squared_error: 1.3718e-06 - val_loss: 7.9027e-09 - val_mean_squared_error: 7.9027e-09 - 54s/epoch - 862ms/step
Epoch 48/50

Epoch 00048: mean_squared_error improved from 0.00000 to 0.00000, saving model to /gpfswork/rech/ynx/uds36vp/repos/wf-SEDs/projected_learning/wf-outputs/chkp/8_bins/chkp_callback_poly_9_cycles_256_no_proj_d2_1_cycle9
63/63 - 54s - loss: 9.5522e-07 - mean_squared_error: 1.3711e-06 - val_loss: 7.4840e-09 - val_mean_squared_error: 7.4840e-09 - 54s/epoch - 850ms/step
Epoch 49/50

Epoch 00049: mean_squared_error did not improve from 0.00000
63/63 - 54s - loss: 9.5623e-07 - mean_squared_error: 1.3720e-06 - val_loss: 8.9868e-09 - val_mean_squared_error: 8.9868e-09 - 54s/epoch - 850ms/step
Epoch 50/50

Epoch 00050: mean_squared_error did not improve from 0.00000
63/63 - 55s - loss: 9.5722e-07 - mean_squared_error: 1.3726e-06 - val_loss: 9.0213e-09 - val_mean_squared_error: 9.0213e-09 - 55s/epoch - 870ms/step
Cycle9 elapsed time: 3268.9465062618256

Total elapsed time: 11019.625066

 Good bye..
