Starting the log file.
Found GPU at: /device:GPU:0
tf_version: 2.7.0
Zernike cube:
(15, 256, 256)
Dataset parameters:
{'d_max': 2, 'max_order': 45, 'x_lims': [0, 1000.0], 'y_lims': [0, 1000.0], 'grid_points': [4, 4], 'n_bins': 350, 'max_wfe_rms': 0.1, 'oversampling_rate': 3.0, 'output_Q': 3.0, 'output_dim': 32, 'LP_filter_length': 2, 'pupil_diameter': 256, 'euclid_obsc': True, 'n_stars': 2000}
Starting cycle 1..
Starting parametric update..
Epoch 1/15

Epoch 00001: mean_squared_error improved from inf to 0.00001, saving model to /gpfswork/rech/ynx/uds36vp/repos/wf-SEDs/projected_learning/wf-outputs/chkp/8_bins/chkp_callback_poly_2_cycles_256_check_proj_d2_cycle1
63/63 - 65s - loss: 7.8340e-06 - mean_squared_error: 7.3628e-06 - val_loss: 1.6913e-06 - val_mean_squared_error: 1.6913e-06 - 65s/epoch - 1s/step
Epoch 2/15

Epoch 00002: mean_squared_error improved from 0.00001 to 0.00000, saving model to /gpfswork/rech/ynx/uds36vp/repos/wf-SEDs/projected_learning/wf-outputs/chkp/8_bins/chkp_callback_poly_2_cycles_256_check_proj_d2_cycle1
63/63 - 59s - loss: 2.3548e-06 - mean_squared_error: 2.5951e-06 - val_loss: 9.8666e-07 - val_mean_squared_error: 9.8666e-07 - 59s/epoch - 941ms/step
Epoch 3/15

Epoch 00003: mean_squared_error improved from 0.00000 to 0.00000, saving model to /gpfswork/rech/ynx/uds36vp/repos/wf-SEDs/projected_learning/wf-outputs/chkp/8_bins/chkp_callback_poly_2_cycles_256_check_proj_d2_cycle1
63/63 - 60s - loss: 1.9915e-06 - mean_squared_error: 2.2612e-06 - val_loss: 7.8729e-07 - val_mean_squared_error: 7.8729e-07 - 60s/epoch - 950ms/step
Epoch 4/15

Epoch 00004: mean_squared_error improved from 0.00000 to 0.00000, saving model to /gpfswork/rech/ynx/uds36vp/repos/wf-SEDs/projected_learning/wf-outputs/chkp/8_bins/chkp_callback_poly_2_cycles_256_check_proj_d2_cycle1
63/63 - 60s - loss: 1.8552e-06 - mean_squared_error: 2.1389e-06 - val_loss: 7.1780e-07 - val_mean_squared_error: 7.1780e-07 - 60s/epoch - 948ms/step
Epoch 5/15

Epoch 00005: mean_squared_error improved from 0.00000 to 0.00000, saving model to /gpfswork/rech/ynx/uds36vp/repos/wf-SEDs/projected_learning/wf-outputs/chkp/8_bins/chkp_callback_poly_2_cycles_256_check_proj_d2_cycle1
63/63 - 60s - loss: 1.7799e-06 - mean_squared_error: 2.0639e-06 - val_loss: 6.6398e-07 - val_mean_squared_error: 6.6398e-07 - 60s/epoch - 947ms/step
Epoch 6/15

Epoch 00006: mean_squared_error improved from 0.00000 to 0.00000, saving model to /gpfswork/rech/ynx/uds36vp/repos/wf-SEDs/projected_learning/wf-outputs/chkp/8_bins/chkp_callback_poly_2_cycles_256_check_proj_d2_cycle1
63/63 - 59s - loss: 1.7426e-06 - mean_squared_error: 2.0300e-06 - val_loss: 6.4393e-07 - val_mean_squared_error: 6.4393e-07 - 59s/epoch - 944ms/step
Epoch 7/15

Epoch 00007: mean_squared_error did not improve from 0.00000
63/63 - 60s - loss: 1.7522e-06 - mean_squared_error: 2.0381e-06 - val_loss: 6.3252e-07 - val_mean_squared_error: 6.3252e-07 - 60s/epoch - 945ms/step
Epoch 8/15

Epoch 00008: mean_squared_error improved from 0.00000 to 0.00000, saving model to /gpfswork/rech/ynx/uds36vp/repos/wf-SEDs/projected_learning/wf-outputs/chkp/8_bins/chkp_callback_poly_2_cycles_256_check_proj_d2_cycle1
63/63 - 62s - loss: 1.7411e-06 - mean_squared_error: 2.0239e-06 - val_loss: 6.5106e-07 - val_mean_squared_error: 6.5106e-07 - 62s/epoch - 986ms/step
Epoch 9/15

Epoch 00009: mean_squared_error did not improve from 0.00000
63/63 - 60s - loss: 1.7781e-06 - mean_squared_error: 2.0535e-06 - val_loss: 6.4962e-07 - val_mean_squared_error: 6.4962e-07 - 60s/epoch - 949ms/step
Epoch 10/15

Epoch 00010: mean_squared_error did not improve from 0.00000
63/63 - 61s - loss: 1.7980e-06 - mean_squared_error: 2.0679e-06 - val_loss: 7.8868e-07 - val_mean_squared_error: 7.8868e-07 - 61s/epoch - 972ms/step
Epoch 11/15

Epoch 00011: mean_squared_error did not improve from 0.00000
63/63 - 64s - loss: 1.8768e-06 - mean_squared_error: 2.1411e-06 - val_loss: 7.6745e-07 - val_mean_squared_error: 7.6745e-07 - 64s/epoch - 1s/step
Epoch 12/15

Epoch 00012: mean_squared_error did not improve from 0.00000
63/63 - 64s - loss: 1.7795e-06 - mean_squared_error: 2.0583e-06 - val_loss: 7.0167e-07 - val_mean_squared_error: 7.0167e-07 - 64s/epoch - 1s/step
Epoch 13/15

Epoch 00013: mean_squared_error did not improve from 0.00000
63/63 - 65s - loss: 1.7537e-06 - mean_squared_error: 2.0356e-06 - val_loss: 6.6982e-07 - val_mean_squared_error: 6.6982e-07 - 65s/epoch - 1s/step
Epoch 14/15

Epoch 00014: mean_squared_error did not improve from 0.00000
63/63 - 65s - loss: 1.7819e-06 - mean_squared_error: 2.0570e-06 - val_loss: 7.4195e-07 - val_mean_squared_error: 7.4195e-07 - 65s/epoch - 1s/step
Epoch 15/15

Epoch 00015: mean_squared_error did not improve from 0.00000
63/63 - 65s - loss: 1.8280e-06 - mean_squared_error: 2.0993e-06 - val_loss: 7.2397e-07 - val_mean_squared_error: 7.2397e-07 - 65s/epoch - 1s/step
Starting non-parametric update..
Epoch 1/100

Epoch 00001: mean_squared_error did not improve from 0.00000
63/63 - 62s - loss: 1.7736e-06 - mean_squared_error: 2.0447e-06 - val_loss: 5.8950e-07 - val_mean_squared_error: 5.8950e-07 - 62s/epoch - 987ms/step
Epoch 2/100

Epoch 00002: mean_squared_error improved from 0.00000 to 0.00000, saving model to /gpfswork/rech/ynx/uds36vp/repos/wf-SEDs/projected_learning/wf-outputs/chkp/8_bins/chkp_callback_poly_2_cycles_256_check_proj_d2_cycle1
63/63 - 59s - loss: 1.5927e-06 - mean_squared_error: 1.9111e-06 - val_loss: 5.0021e-07 - val_mean_squared_error: 5.0021e-07 - 59s/epoch - 940ms/step
Epoch 3/100

Epoch 00003: mean_squared_error improved from 0.00000 to 0.00000, saving model to /gpfswork/rech/ynx/uds36vp/repos/wf-SEDs/projected_learning/wf-outputs/chkp/8_bins/chkp_callback_poly_2_cycles_256_check_proj_d2_cycle1
63/63 - 59s - loss: 1.4817e-06 - mean_squared_error: 1.8277e-06 - val_loss: 4.2522e-07 - val_mean_squared_error: 4.2522e-07 - 59s/epoch - 943ms/step
Epoch 4/100

Epoch 00004: mean_squared_error improved from 0.00000 to 0.00000, saving model to /gpfswork/rech/ynx/uds36vp/repos/wf-SEDs/projected_learning/wf-outputs/chkp/8_bins/chkp_callback_poly_2_cycles_256_check_proj_d2_cycle1
63/63 - 59s - loss: 1.3892e-06 - mean_squared_error: 1.7516e-06 - val_loss: 3.5480e-07 - val_mean_squared_error: 3.5480e-07 - 59s/epoch - 942ms/step
Epoch 5/100

Epoch 00005: mean_squared_error improved from 0.00000 to 0.00000, saving model to /gpfswork/rech/ynx/uds36vp/repos/wf-SEDs/projected_learning/wf-outputs/chkp/8_bins/chkp_callback_poly_2_cycles_256_check_proj_d2_cycle1
63/63 - 56s - loss: 1.3113e-06 - mean_squared_error: 1.6848e-06 - val_loss: 2.9477e-07 - val_mean_squared_error: 2.9477e-07 - 56s/epoch - 893ms/step
Epoch 6/100

Epoch 00006: mean_squared_error improved from 0.00000 to 0.00000, saving model to /gpfswork/rech/ynx/uds36vp/repos/wf-SEDs/projected_learning/wf-outputs/chkp/8_bins/chkp_callback_poly_2_cycles_256_check_proj_d2_cycle1
63/63 - 55s - loss: 1.2475e-06 - mean_squared_error: 1.6287e-06 - val_loss: 2.4360e-07 - val_mean_squared_error: 2.4360e-07 - 55s/epoch - 869ms/step
Epoch 7/100

Epoch 00007: mean_squared_error improved from 0.00000 to 0.00000, saving model to /gpfswork/rech/ynx/uds36vp/repos/wf-SEDs/projected_learning/wf-outputs/chkp/8_bins/chkp_callback_poly_2_cycles_256_check_proj_d2_cycle1
63/63 - 55s - loss: 1.1932e-06 - mean_squared_error: 1.5811e-06 - val_loss: 1.9920e-07 - val_mean_squared_error: 1.9920e-07 - 55s/epoch - 868ms/step
Epoch 8/100

Epoch 00008: mean_squared_error improved from 0.00000 to 0.00000, saving model to /gpfswork/rech/ynx/uds36vp/repos/wf-SEDs/projected_learning/wf-outputs/chkp/8_bins/chkp_callback_poly_2_cycles_256_check_proj_d2_cycle1
63/63 - 55s - loss: 1.1519e-06 - mean_squared_error: 1.5438e-06 - val_loss: 1.6551e-07 - val_mean_squared_error: 1.6551e-07 - 55s/epoch - 868ms/step
Epoch 9/100

Epoch 00009: mean_squared_error improved from 0.00000 to 0.00000, saving model to /gpfswork/rech/ynx/uds36vp/repos/wf-SEDs/projected_learning/wf-outputs/chkp/8_bins/chkp_callback_poly_2_cycles_256_check_proj_d2_cycle1
63/63 - 55s - loss: 1.1210e-06 - mean_squared_error: 1.5154e-06 - val_loss: 1.3987e-07 - val_mean_squared_error: 1.3987e-07 - 55s/epoch - 868ms/step
Epoch 10/100

Epoch 00010: mean_squared_error improved from 0.00000 to 0.00000, saving model to /gpfswork/rech/ynx/uds36vp/repos/wf-SEDs/projected_learning/wf-outputs/chkp/8_bins/chkp_callback_poly_2_cycles_256_check_proj_d2_cycle1
63/63 - 55s - loss: 1.0951e-06 - mean_squared_error: 1.4927e-06 - val_loss: 1.2090e-07 - val_mean_squared_error: 1.2090e-07 - 55s/epoch - 868ms/step
Epoch 11/100

Epoch 00011: mean_squared_error improved from 0.00000 to 0.00000, saving model to /gpfswork/rech/ynx/uds36vp/repos/wf-SEDs/projected_learning/wf-outputs/chkp/8_bins/chkp_callback_poly_2_cycles_256_check_proj_d2_cycle1
63/63 - 55s - loss: 1.0730e-06 - mean_squared_error: 1.4734e-06 - val_loss: 1.0145e-07 - val_mean_squared_error: 1.0145e-07 - 55s/epoch - 868ms/step
Epoch 12/100

Epoch 00012: mean_squared_error improved from 0.00000 to 0.00000, saving model to /gpfswork/rech/ynx/uds36vp/repos/wf-SEDs/projected_learning/wf-outputs/chkp/8_bins/chkp_callback_poly_2_cycles_256_check_proj_d2_cycle1
63/63 - 55s - loss: 1.0560e-06 - mean_squared_error: 1.4587e-06 - val_loss: 8.7262e-08 - val_mean_squared_error: 8.7262e-08 - 55s/epoch - 870ms/step
Epoch 13/100

Epoch 00013: mean_squared_error improved from 0.00000 to 0.00000, saving model to /gpfswork/rech/ynx/uds36vp/repos/wf-SEDs/projected_learning/wf-outputs/chkp/8_bins/chkp_callback_poly_2_cycles_256_check_proj_d2_cycle1
63/63 - 55s - loss: 1.0414e-06 - mean_squared_error: 1.4463e-06 - val_loss: 7.6400e-08 - val_mean_squared_error: 7.6400e-08 - 55s/epoch - 869ms/step
Epoch 14/100

Epoch 00014: mean_squared_error improved from 0.00000 to 0.00000, saving model to /gpfswork/rech/ynx/uds36vp/repos/wf-SEDs/projected_learning/wf-outputs/chkp/8_bins/chkp_callback_poly_2_cycles_256_check_proj_d2_cycle1
63/63 - 55s - loss: 1.0297e-06 - mean_squared_error: 1.4362e-06 - val_loss: 6.6862e-08 - val_mean_squared_error: 6.6862e-08 - 55s/epoch - 868ms/step
Epoch 15/100

Epoch 00015: mean_squared_error improved from 0.00000 to 0.00000, saving model to /gpfswork/rech/ynx/uds36vp/repos/wf-SEDs/projected_learning/wf-outputs/chkp/8_bins/chkp_callback_poly_2_cycles_256_check_proj_d2_cycle1
63/63 - 55s - loss: 1.0199e-06 - mean_squared_error: 1.4279e-06 - val_loss: 6.0333e-08 - val_mean_squared_error: 6.0333e-08 - 55s/epoch - 869ms/step
Epoch 16/100

Epoch 00016: mean_squared_error improved from 0.00000 to 0.00000, saving model to /gpfswork/rech/ynx/uds36vp/repos/wf-SEDs/projected_learning/wf-outputs/chkp/8_bins/chkp_callback_poly_2_cycles_256_check_proj_d2_cycle1
63/63 - 55s - loss: 1.0118e-06 - mean_squared_error: 1.4211e-06 - val_loss: 5.3832e-08 - val_mean_squared_error: 5.3832e-08 - 55s/epoch - 868ms/step
Epoch 17/100

Epoch 00017: mean_squared_error improved from 0.00000 to 0.00000, saving model to /gpfswork/rech/ynx/uds36vp/repos/wf-SEDs/projected_learning/wf-outputs/chkp/8_bins/chkp_callback_poly_2_cycles_256_check_proj_d2_cycle1
63/63 - 55s - loss: 1.0047e-06 - mean_squared_error: 1.4153e-06 - val_loss: 4.7927e-08 - val_mean_squared_error: 4.7927e-08 - 55s/epoch - 869ms/step
Epoch 18/100

Epoch 00018: mean_squared_error improved from 0.00000 to 0.00000, saving model to /gpfswork/rech/ynx/uds36vp/repos/wf-SEDs/projected_learning/wf-outputs/chkp/8_bins/chkp_callback_poly_2_cycles_256_check_proj_d2_cycle1
63/63 - 55s - loss: 9.9938e-07 - mean_squared_error: 1.4104e-06 - val_loss: 4.3487e-08 - val_mean_squared_error: 4.3487e-08 - 55s/epoch - 871ms/step
Epoch 19/100

Epoch 00019: mean_squared_error improved from 0.00000 to 0.00000, saving model to /gpfswork/rech/ynx/uds36vp/repos/wf-SEDs/projected_learning/wf-outputs/chkp/8_bins/chkp_callback_poly_2_cycles_256_check_proj_d2_cycle1
63/63 - 55s - loss: 9.9429e-07 - mean_squared_error: 1.4061e-06 - val_loss: 3.9882e-08 - val_mean_squared_error: 3.9882e-08 - 55s/epoch - 870ms/step
Epoch 20/100

Epoch 00020: mean_squared_error improved from 0.00000 to 0.00000, saving model to /gpfswork/rech/ynx/uds36vp/repos/wf-SEDs/projected_learning/wf-outputs/chkp/8_bins/chkp_callback_poly_2_cycles_256_check_proj_d2_cycle1
63/63 - 56s - loss: 9.9067e-07 - mean_squared_error: 1.4028e-06 - val_loss: 3.7114e-08 - val_mean_squared_error: 3.7114e-08 - 56s/epoch - 892ms/step
Epoch 21/100

Epoch 00021: mean_squared_error improved from 0.00000 to 0.00000, saving model to /gpfswork/rech/ynx/uds36vp/repos/wf-SEDs/projected_learning/wf-outputs/chkp/8_bins/chkp_callback_poly_2_cycles_256_check_proj_d2_cycle1
63/63 - 56s - loss: 9.8690e-07 - mean_squared_error: 1.3996e-06 - val_loss: 3.3477e-08 - val_mean_squared_error: 3.3477e-08 - 56s/epoch - 895ms/step
Epoch 22/100

Epoch 00022: mean_squared_error improved from 0.00000 to 0.00000, saving model to /gpfswork/rech/ynx/uds36vp/repos/wf-SEDs/projected_learning/wf-outputs/chkp/8_bins/chkp_callback_poly_2_cycles_256_check_proj_d2_cycle1
63/63 - 59s - loss: 9.8535e-07 - mean_squared_error: 1.3980e-06 - val_loss: 3.2268e-08 - val_mean_squared_error: 3.2268e-08 - 59s/epoch - 936ms/step
Epoch 23/100

Epoch 00023: mean_squared_error improved from 0.00000 to 0.00000, saving model to /gpfswork/rech/ynx/uds36vp/repos/wf-SEDs/projected_learning/wf-outputs/chkp/8_bins/chkp_callback_poly_2_cycles_256_check_proj_d2_cycle1
63/63 - 59s - loss: 9.8134e-07 - mean_squared_error: 1.3946e-06 - val_loss: 2.8306e-08 - val_mean_squared_error: 2.8306e-08 - 59s/epoch - 938ms/step
Epoch 24/100

Epoch 00024: mean_squared_error improved from 0.00000 to 0.00000, saving model to /gpfswork/rech/ynx/uds36vp/repos/wf-SEDs/projected_learning/wf-outputs/chkp/8_bins/chkp_callback_poly_2_cycles_256_check_proj_d2_cycle1
63/63 - 59s - loss: 9.7910e-07 - mean_squared_error: 1.3925e-06 - val_loss: 2.6578e-08 - val_mean_squared_error: 2.6578e-08 - 59s/epoch - 932ms/step
Epoch 25/100

Epoch 00025: mean_squared_error improved from 0.00000 to 0.00000, saving model to /gpfswork/rech/ynx/uds36vp/repos/wf-SEDs/projected_learning/wf-outputs/chkp/8_bins/chkp_callback_poly_2_cycles_256_check_proj_d2_cycle1
63/63 - 59s - loss: 9.7722e-07 - mean_squared_error: 1.3909e-06 - val_loss: 2.5264e-08 - val_mean_squared_error: 2.5264e-08 - 59s/epoch - 936ms/step
Epoch 26/100

Epoch 00026: mean_squared_error improved from 0.00000 to 0.00000, saving model to /gpfswork/rech/ynx/uds36vp/repos/wf-SEDs/projected_learning/wf-outputs/chkp/8_bins/chkp_callback_poly_2_cycles_256_check_proj_d2_cycle1
63/63 - 59s - loss: 9.7682e-07 - mean_squared_error: 1.3903e-06 - val_loss: 2.8677e-08 - val_mean_squared_error: 2.8677e-08 - 59s/epoch - 936ms/step
Epoch 27/100

Epoch 00027: mean_squared_error improved from 0.00000 to 0.00000, saving model to /gpfswork/rech/ynx/uds36vp/repos/wf-SEDs/projected_learning/wf-outputs/chkp/8_bins/chkp_callback_poly_2_cycles_256_check_proj_d2_cycle1
63/63 - 59s - loss: 9.7519e-07 - mean_squared_error: 1.3892e-06 - val_loss: 2.2445e-08 - val_mean_squared_error: 2.2445e-08 - 59s/epoch - 932ms/step
Epoch 28/100

Epoch 00028: mean_squared_error improved from 0.00000 to 0.00000, saving model to /gpfswork/rech/ynx/uds36vp/repos/wf-SEDs/projected_learning/wf-outputs/chkp/8_bins/chkp_callback_poly_2_cycles_256_check_proj_d2_cycle1
63/63 - 59s - loss: 9.7283e-07 - mean_squared_error: 1.3869e-06 - val_loss: 2.1251e-08 - val_mean_squared_error: 2.1251e-08 - 59s/epoch - 939ms/step
Epoch 29/100

Epoch 00029: mean_squared_error did not improve from 0.00000
63/63 - 59s - loss: 9.7301e-07 - mean_squared_error: 1.3869e-06 - val_loss: 2.1307e-08 - val_mean_squared_error: 2.1307e-08 - 59s/epoch - 936ms/step
Epoch 30/100

Epoch 00030: mean_squared_error improved from 0.00000 to 0.00000, saving model to /gpfswork/rech/ynx/uds36vp/repos/wf-SEDs/projected_learning/wf-outputs/chkp/8_bins/chkp_callback_poly_2_cycles_256_check_proj_d2_cycle1
63/63 - 59s - loss: 9.7099e-07 - mean_squared_error: 1.3852e-06 - val_loss: 1.9669e-08 - val_mean_squared_error: 1.9669e-08 - 59s/epoch - 935ms/step
Epoch 31/100

Epoch 00031: mean_squared_error improved from 0.00000 to 0.00000, saving model to /gpfswork/rech/ynx/uds36vp/repos/wf-SEDs/projected_learning/wf-outputs/chkp/8_bins/chkp_callback_poly_2_cycles_256_check_proj_d2_cycle1
63/63 - 56s - loss: 9.7015e-07 - mean_squared_error: 1.3845e-06 - val_loss: 2.1020e-08 - val_mean_squared_error: 2.1020e-08 - 56s/epoch - 889ms/step
Epoch 32/100

Epoch 00032: mean_squared_error improved from 0.00000 to 0.00000, saving model to /gpfswork/rech/ynx/uds36vp/repos/wf-SEDs/projected_learning/wf-outputs/chkp/8_bins/chkp_callback_poly_2_cycles_256_check_proj_d2_cycle1
63/63 - 55s - loss: 9.7049e-07 - mean_squared_error: 1.3845e-06 - val_loss: 1.9680e-08 - val_mean_squared_error: 1.9680e-08 - 55s/epoch - 867ms/step
Epoch 33/100

Epoch 00033: mean_squared_error improved from 0.00000 to 0.00000, saving model to /gpfswork/rech/ynx/uds36vp/repos/wf-SEDs/projected_learning/wf-outputs/chkp/8_bins/chkp_callback_poly_2_cycles_256_check_proj_d2_cycle1
63/63 - 55s - loss: 9.6908e-07 - mean_squared_error: 1.3835e-06 - val_loss: 1.7531e-08 - val_mean_squared_error: 1.7531e-08 - 55s/epoch - 870ms/step
Epoch 34/100

Epoch 00034: mean_squared_error improved from 0.00000 to 0.00000, saving model to /gpfswork/rech/ynx/uds36vp/repos/wf-SEDs/projected_learning/wf-outputs/chkp/8_bins/chkp_callback_poly_2_cycles_256_check_proj_d2_cycle1
63/63 - 55s - loss: 9.6633e-07 - mean_squared_error: 1.3812e-06 - val_loss: 1.7134e-08 - val_mean_squared_error: 1.7134e-08 - 55s/epoch - 870ms/step
Epoch 35/100

Epoch 00035: mean_squared_error improved from 0.00000 to 0.00000, saving model to /gpfswork/rech/ynx/uds36vp/repos/wf-SEDs/projected_learning/wf-outputs/chkp/8_bins/chkp_callback_poly_2_cycles_256_check_proj_d2_cycle1
63/63 - 55s - loss: 9.6627e-07 - mean_squared_error: 1.3810e-06 - val_loss: 1.5711e-08 - val_mean_squared_error: 1.5711e-08 - 55s/epoch - 867ms/step
Epoch 36/100

Epoch 00036: mean_squared_error did not improve from 0.00000
63/63 - 55s - loss: 9.6639e-07 - mean_squared_error: 1.3811e-06 - val_loss: 1.5158e-08 - val_mean_squared_error: 1.5158e-08 - 55s/epoch - 868ms/step
Epoch 37/100

Epoch 00037: mean_squared_error improved from 0.00000 to 0.00000, saving model to /gpfswork/rech/ynx/uds36vp/repos/wf-SEDs/projected_learning/wf-outputs/chkp/8_bins/chkp_callback_poly_2_cycles_256_check_proj_d2_cycle1
63/63 - 55s - loss: 9.6448e-07 - mean_squared_error: 1.3794e-06 - val_loss: 1.4220e-08 - val_mean_squared_error: 1.4220e-08 - 55s/epoch - 868ms/step
Epoch 38/100

Epoch 00038: mean_squared_error improved from 0.00000 to 0.00000, saving model to /gpfswork/rech/ynx/uds36vp/repos/wf-SEDs/projected_learning/wf-outputs/chkp/8_bins/chkp_callback_poly_2_cycles_256_check_proj_d2_cycle1
63/63 - 55s - loss: 9.6410e-07 - mean_squared_error: 1.3790e-06 - val_loss: 1.5116e-08 - val_mean_squared_error: 1.5116e-08 - 55s/epoch - 870ms/step
Epoch 39/100

Epoch 00039: mean_squared_error did not improve from 0.00000
63/63 - 55s - loss: 9.6426e-07 - mean_squared_error: 1.3792e-06 - val_loss: 1.5505e-08 - val_mean_squared_error: 1.5505e-08 - 55s/epoch - 868ms/step
Epoch 40/100

Epoch 00040: mean_squared_error improved from 0.00000 to 0.00000, saving model to /gpfswork/rech/ynx/uds36vp/repos/wf-SEDs/projected_learning/wf-outputs/chkp/8_bins/chkp_callback_poly_2_cycles_256_check_proj_d2_cycle1
63/63 - 55s - loss: 9.6357e-07 - mean_squared_error: 1.3786e-06 - val_loss: 1.3566e-08 - val_mean_squared_error: 1.3566e-08 - 55s/epoch - 867ms/step
Epoch 41/100

Epoch 00041: mean_squared_error did not improve from 0.00000
63/63 - 55s - loss: 9.6573e-07 - mean_squared_error: 1.3801e-06 - val_loss: 2.0342e-08 - val_mean_squared_error: 2.0342e-08 - 55s/epoch - 868ms/step
Epoch 42/100

Epoch 00042: mean_squared_error did not improve from 0.00000
63/63 - 55s - loss: 9.6589e-07 - mean_squared_error: 1.3803e-06 - val_loss: 1.3482e-08 - val_mean_squared_error: 1.3482e-08 - 55s/epoch - 868ms/step
Epoch 43/100

Epoch 00043: mean_squared_error improved from 0.00000 to 0.00000, saving model to /gpfswork/rech/ynx/uds36vp/repos/wf-SEDs/projected_learning/wf-outputs/chkp/8_bins/chkp_callback_poly_2_cycles_256_check_proj_d2_cycle1
63/63 - 55s - loss: 9.6197e-07 - mean_squared_error: 1.3771e-06 - val_loss: 1.2301e-08 - val_mean_squared_error: 1.2301e-08 - 55s/epoch - 869ms/step
Epoch 44/100

Epoch 00044: mean_squared_error improved from 0.00000 to 0.00000, saving model to /gpfswork/rech/ynx/uds36vp/repos/wf-SEDs/projected_learning/wf-outputs/chkp/8_bins/chkp_callback_poly_2_cycles_256_check_proj_d2_cycle1
63/63 - 55s - loss: 9.6162e-07 - mean_squared_error: 1.3768e-06 - val_loss: 1.3087e-08 - val_mean_squared_error: 1.3087e-08 - 55s/epoch - 868ms/step
Epoch 45/100

Epoch 00045: mean_squared_error did not improve from 0.00000
63/63 - 55s - loss: 9.6190e-07 - mean_squared_error: 1.3770e-06 - val_loss: 1.3026e-08 - val_mean_squared_error: 1.3026e-08 - 55s/epoch - 867ms/step
Epoch 46/100

Epoch 00046: mean_squared_error improved from 0.00000 to 0.00000, saving model to /gpfswork/rech/ynx/uds36vp/repos/wf-SEDs/projected_learning/wf-outputs/chkp/8_bins/chkp_callback_poly_2_cycles_256_check_proj_d2_cycle1
63/63 - 56s - loss: 9.6162e-07 - mean_squared_error: 1.3768e-06 - val_loss: 1.2907e-08 - val_mean_squared_error: 1.2907e-08 - 56s/epoch - 890ms/step
Epoch 47/100

Epoch 00047: mean_squared_error improved from 0.00000 to 0.00000, saving model to /gpfswork/rech/ynx/uds36vp/repos/wf-SEDs/projected_learning/wf-outputs/chkp/8_bins/chkp_callback_poly_2_cycles_256_check_proj_d2_cycle1
63/63 - 56s - loss: 9.6073e-07 - mean_squared_error: 1.3760e-06 - val_loss: 1.1894e-08 - val_mean_squared_error: 1.1894e-08 - 56s/epoch - 896ms/step
Epoch 48/100

Epoch 00048: mean_squared_error did not improve from 0.00000
63/63 - 58s - loss: 9.6095e-07 - mean_squared_error: 1.3761e-06 - val_loss: 1.1751e-08 - val_mean_squared_error: 1.1751e-08 - 58s/epoch - 927ms/step
Epoch 49/100

Epoch 00049: mean_squared_error improved from 0.00000 to 0.00000, saving model to /gpfswork/rech/ynx/uds36vp/repos/wf-SEDs/projected_learning/wf-outputs/chkp/8_bins/chkp_callback_poly_2_cycles_256_check_proj_d2_cycle1
63/63 - 59s - loss: 9.5982e-07 - mean_squared_error: 1.3753e-06 - val_loss: 1.1218e-08 - val_mean_squared_error: 1.1218e-08 - 59s/epoch - 933ms/step
Epoch 50/100

Epoch 00050: mean_squared_error did not improve from 0.00000
63/63 - 59s - loss: 9.6095e-07 - mean_squared_error: 1.3760e-06 - val_loss: 1.1975e-08 - val_mean_squared_error: 1.1975e-08 - 59s/epoch - 930ms/step
Epoch 51/100

Epoch 00051: mean_squared_error did not improve from 0.00000
63/63 - 59s - loss: 9.6347e-07 - mean_squared_error: 1.3780e-06 - val_loss: 1.3196e-08 - val_mean_squared_error: 1.3196e-08 - 59s/epoch - 938ms/step
Epoch 52/100

Epoch 00052: mean_squared_error did not improve from 0.00000
63/63 - 59s - loss: 9.6025e-07 - mean_squared_error: 1.3755e-06 - val_loss: 1.1191e-08 - val_mean_squared_error: 1.1191e-08 - 59s/epoch - 941ms/step
Epoch 53/100

Epoch 00053: mean_squared_error improved from 0.00000 to 0.00000, saving model to /gpfswork/rech/ynx/uds36vp/repos/wf-SEDs/projected_learning/wf-outputs/chkp/8_bins/chkp_callback_poly_2_cycles_256_check_proj_d2_cycle1
63/63 - 59s - loss: 9.5977e-07 - mean_squared_error: 1.3750e-06 - val_loss: 1.2309e-08 - val_mean_squared_error: 1.2309e-08 - 59s/epoch - 940ms/step
Epoch 54/100

Epoch 00054: mean_squared_error did not improve from 0.00000
63/63 - 59s - loss: 9.6133e-07 - mean_squared_error: 1.3762e-06 - val_loss: 1.1076e-08 - val_mean_squared_error: 1.1076e-08 - 59s/epoch - 936ms/step
Epoch 55/100

Epoch 00055: mean_squared_error improved from 0.00000 to 0.00000, saving model to /gpfswork/rech/ynx/uds36vp/repos/wf-SEDs/projected_learning/wf-outputs/chkp/8_bins/chkp_callback_poly_2_cycles_256_check_proj_d2_cycle1
63/63 - 59s - loss: 9.5928e-07 - mean_squared_error: 1.3747e-06 - val_loss: 1.0193e-08 - val_mean_squared_error: 1.0193e-08 - 59s/epoch - 935ms/step
Epoch 56/100

Epoch 00056: mean_squared_error did not improve from 0.00000
63/63 - 59s - loss: 9.5944e-07 - mean_squared_error: 1.3748e-06 - val_loss: 1.0944e-08 - val_mean_squared_error: 1.0944e-08 - 59s/epoch - 931ms/step
Epoch 57/100

Epoch 00057: mean_squared_error improved from 0.00000 to 0.00000, saving model to /gpfswork/rech/ynx/uds36vp/repos/wf-SEDs/projected_learning/wf-outputs/chkp/8_bins/chkp_callback_poly_2_cycles_256_check_proj_d2_cycle1
63/63 - 56s - loss: 9.5920e-07 - mean_squared_error: 1.3746e-06 - val_loss: 9.8068e-09 - val_mean_squared_error: 9.8068e-09 - 56s/epoch - 887ms/step
Epoch 58/100

Epoch 00058: mean_squared_error improved from 0.00000 to 0.00000, saving model to /gpfswork/rech/ynx/uds36vp/repos/wf-SEDs/projected_learning/wf-outputs/chkp/8_bins/chkp_callback_poly_2_cycles_256_check_proj_d2_cycle1
63/63 - 55s - loss: 9.5847e-07 - mean_squared_error: 1.3740e-06 - val_loss: 9.8272e-09 - val_mean_squared_error: 9.8272e-09 - 55s/epoch - 867ms/step
Epoch 59/100

Epoch 00059: mean_squared_error improved from 0.00000 to 0.00000, saving model to /gpfswork/rech/ynx/uds36vp/repos/wf-SEDs/projected_learning/wf-outputs/chkp/8_bins/chkp_callback_poly_2_cycles_256_check_proj_d2_cycle1
63/63 - 55s - loss: 9.5809e-07 - mean_squared_error: 1.3736e-06 - val_loss: 1.0981e-08 - val_mean_squared_error: 1.0981e-08 - 55s/epoch - 868ms/step
Epoch 60/100

Epoch 00060: mean_squared_error did not improve from 0.00000
63/63 - 55s - loss: 9.6009e-07 - mean_squared_error: 1.3752e-06 - val_loss: 1.3271e-08 - val_mean_squared_error: 1.3271e-08 - 55s/epoch - 869ms/step
Epoch 61/100

Epoch 00061: mean_squared_error did not improve from 0.00000
63/63 - 55s - loss: 9.6176e-07 - mean_squared_error: 1.3764e-06 - val_loss: 1.1734e-08 - val_mean_squared_error: 1.1734e-08 - 55s/epoch - 869ms/step
Epoch 62/100

Epoch 00062: mean_squared_error did not improve from 0.00000
63/63 - 55s - loss: 9.5900e-07 - mean_squared_error: 1.3743e-06 - val_loss: 9.2063e-09 - val_mean_squared_error: 9.2063e-09 - 55s/epoch - 866ms/step
Epoch 63/100

Epoch 00063: mean_squared_error did not improve from 0.00000
63/63 - 54s - loss: 9.5991e-07 - mean_squared_error: 1.3750e-06 - val_loss: 1.3375e-08 - val_mean_squared_error: 1.3375e-08 - 54s/epoch - 864ms/step
Epoch 64/100

Epoch 00064: mean_squared_error did not improve from 0.00000
63/63 - 55s - loss: 9.7046e-07 - mean_squared_error: 1.3831e-06 - val_loss: 1.1097e-08 - val_mean_squared_error: 1.1097e-08 - 55s/epoch - 866ms/step
Epoch 65/100

Epoch 00065: mean_squared_error did not improve from 0.00000
63/63 - 54s - loss: 9.5863e-07 - mean_squared_error: 1.3741e-06 - val_loss: 9.3332e-09 - val_mean_squared_error: 9.3332e-09 - 54s/epoch - 863ms/step
Epoch 66/100

Epoch 00066: mean_squared_error improved from 0.00000 to 0.00000, saving model to /gpfswork/rech/ynx/uds36vp/repos/wf-SEDs/projected_learning/wf-outputs/chkp/8_bins/chkp_callback_poly_2_cycles_256_check_proj_d2_cycle1
63/63 - 55s - loss: 9.5757e-07 - mean_squared_error: 1.3732e-06 - val_loss: 9.0559e-09 - val_mean_squared_error: 9.0559e-09 - 55s/epoch - 866ms/step
Epoch 67/100

Epoch 00067: mean_squared_error improved from 0.00000 to 0.00000, saving model to /gpfswork/rech/ynx/uds36vp/repos/wf-SEDs/projected_learning/wf-outputs/chkp/8_bins/chkp_callback_poly_2_cycles_256_check_proj_d2_cycle1
63/63 - 55s - loss: 9.5720e-07 - mean_squared_error: 1.3729e-06 - val_loss: 9.1650e-09 - val_mean_squared_error: 9.1650e-09 - 55s/epoch - 865ms/step
Epoch 68/100

Epoch 00068: mean_squared_error did not improve from 0.00000
63/63 - 54s - loss: 9.5756e-07 - mean_squared_error: 1.3732e-06 - val_loss: 8.4432e-09 - val_mean_squared_error: 8.4432e-09 - 54s/epoch - 865ms/step
Epoch 69/100

Epoch 00069: mean_squared_error did not improve from 0.00000
63/63 - 54s - loss: 9.5754e-07 - mean_squared_error: 1.3731e-06 - val_loss: 9.0525e-09 - val_mean_squared_error: 9.0525e-09 - 54s/epoch - 865ms/step
Epoch 70/100

Epoch 00070: mean_squared_error improved from 0.00000 to 0.00000, saving model to /gpfswork/rech/ynx/uds36vp/repos/wf-SEDs/projected_learning/wf-outputs/chkp/8_bins/chkp_callback_poly_2_cycles_256_check_proj_d2_cycle1
63/63 - 55s - loss: 9.5674e-07 - mean_squared_error: 1.3725e-06 - val_loss: 9.3796e-09 - val_mean_squared_error: 9.3796e-09 - 55s/epoch - 865ms/step
Epoch 71/100

Epoch 00071: mean_squared_error did not improve from 0.00000
63/63 - 55s - loss: 9.5801e-07 - mean_squared_error: 1.3735e-06 - val_loss: 9.4405e-09 - val_mean_squared_error: 9.4405e-09 - 55s/epoch - 866ms/step
Epoch 72/100

Epoch 00072: mean_squared_error did not improve from 0.00000
63/63 - 56s - loss: 9.5823e-07 - mean_squared_error: 1.3736e-06 - val_loss: 8.8458e-09 - val_mean_squared_error: 8.8458e-09 - 56s/epoch - 887ms/step
Epoch 73/100

Epoch 00073: mean_squared_error did not improve from 0.00000
63/63 - 56s - loss: 9.5699e-07 - mean_squared_error: 1.3726e-06 - val_loss: 8.6966e-09 - val_mean_squared_error: 8.6966e-09 - 56s/epoch - 895ms/step
Epoch 74/100

Epoch 00074: mean_squared_error did not improve from 0.00000
63/63 - 59s - loss: 9.5808e-07 - mean_squared_error: 1.3734e-06 - val_loss: 8.3688e-09 - val_mean_squared_error: 8.3688e-09 - 59s/epoch - 930ms/step
Epoch 75/100

Epoch 00075: mean_squared_error improved from 0.00000 to 0.00000, saving model to /gpfswork/rech/ynx/uds36vp/repos/wf-SEDs/projected_learning/wf-outputs/chkp/8_bins/chkp_callback_poly_2_cycles_256_check_proj_d2_cycle1
63/63 - 59s - loss: 9.5659e-07 - mean_squared_error: 1.3722e-06 - val_loss: 1.0684e-08 - val_mean_squared_error: 1.0684e-08 - 59s/epoch - 932ms/step
Epoch 76/100

Epoch 00076: mean_squared_error did not improve from 0.00000
63/63 - 59s - loss: 9.5800e-07 - mean_squared_error: 1.3735e-06 - val_loss: 1.1138e-08 - val_mean_squared_error: 1.1138e-08 - 59s/epoch - 932ms/step
Epoch 77/100

Epoch 00077: mean_squared_error did not improve from 0.00000
63/63 - 59s - loss: 9.5990e-07 - mean_squared_error: 1.3751e-06 - val_loss: 2.1946e-08 - val_mean_squared_error: 2.1946e-08 - 59s/epoch - 935ms/step
Epoch 78/100

Epoch 00078: mean_squared_error did not improve from 0.00000
63/63 - 58s - loss: 9.7565e-07 - mean_squared_error: 1.3869e-06 - val_loss: 1.1117e-08 - val_mean_squared_error: 1.1117e-08 - 58s/epoch - 924ms/step
Epoch 79/100

Epoch 00079: mean_squared_error did not improve from 0.00000
63/63 - 59s - loss: 9.5768e-07 - mean_squared_error: 1.3735e-06 - val_loss: 7.6488e-09 - val_mean_squared_error: 7.6488e-09 - 59s/epoch - 940ms/step
Epoch 80/100

Epoch 00080: mean_squared_error improved from 0.00000 to 0.00000, saving model to /gpfswork/rech/ynx/uds36vp/repos/wf-SEDs/projected_learning/wf-outputs/chkp/8_bins/chkp_callback_poly_2_cycles_256_check_proj_d2_cycle1
63/63 - 59s - loss: 9.5595e-07 - mean_squared_error: 1.3717e-06 - val_loss: 8.4048e-09 - val_mean_squared_error: 8.4048e-09 - 59s/epoch - 929ms/step
Epoch 81/100

Epoch 00081: mean_squared_error improved from 0.00000 to 0.00000, saving model to /gpfswork/rech/ynx/uds36vp/repos/wf-SEDs/projected_learning/wf-outputs/chkp/8_bins/chkp_callback_poly_2_cycles_256_check_proj_d2_cycle1
63/63 - 59s - loss: 9.5549e-07 - mean_squared_error: 1.3714e-06 - val_loss: 8.2583e-09 - val_mean_squared_error: 8.2583e-09 - 59s/epoch - 929ms/step
Epoch 82/100

Epoch 00082: mean_squared_error did not improve from 0.00000
63/63 - 58s - loss: 9.5636e-07 - mean_squared_error: 1.3721e-06 - val_loss: 1.0654e-08 - val_mean_squared_error: 1.0654e-08 - 58s/epoch - 926ms/step
Epoch 83/100

Epoch 00083: mean_squared_error did not improve from 0.00000
63/63 - 55s - loss: 9.5726e-07 - mean_squared_error: 1.3727e-06 - val_loss: 8.1897e-09 - val_mean_squared_error: 8.1897e-09 - 55s/epoch - 877ms/step
Epoch 84/100

Epoch 00084: mean_squared_error did not improve from 0.00000
63/63 - 54s - loss: 9.5603e-07 - mean_squared_error: 1.3718e-06 - val_loss: 7.8354e-09 - val_mean_squared_error: 7.8354e-09 - 54s/epoch - 856ms/step
Epoch 85/100

Epoch 00085: mean_squared_error did not improve from 0.00000
63/63 - 54s - loss: 9.5589e-07 - mean_squared_error: 1.3716e-06 - val_loss: 8.2507e-09 - val_mean_squared_error: 8.2507e-09 - 54s/epoch - 856ms/step
Epoch 86/100

Epoch 00086: mean_squared_error improved from 0.00000 to 0.00000, saving model to /gpfswork/rech/ynx/uds36vp/repos/wf-SEDs/projected_learning/wf-outputs/chkp/8_bins/chkp_callback_poly_2_cycles_256_check_proj_d2_cycle1
63/63 - 54s - loss: 9.5504e-07 - mean_squared_error: 1.3711e-06 - val_loss: 7.7010e-09 - val_mean_squared_error: 7.7010e-09 - 54s/epoch - 857ms/step
Epoch 87/100

Epoch 00087: mean_squared_error did not improve from 0.00000
63/63 - 54s - loss: 9.5641e-07 - mean_squared_error: 1.3721e-06 - val_loss: 8.5522e-09 - val_mean_squared_error: 8.5522e-09 - 54s/epoch - 852ms/step
Epoch 88/100

Epoch 00088: mean_squared_error did not improve from 0.00000
63/63 - 54s - loss: 9.5542e-07 - mean_squared_error: 1.3712e-06 - val_loss: 7.6509e-09 - val_mean_squared_error: 7.6509e-09 - 54s/epoch - 856ms/step
Epoch 89/100

Epoch 00089: mean_squared_error did not improve from 0.00000
63/63 - 54s - loss: 9.5670e-07 - mean_squared_error: 1.3724e-06 - val_loss: 1.0145e-08 - val_mean_squared_error: 1.0145e-08 - 54s/epoch - 853ms/step
Epoch 90/100

Epoch 00090: mean_squared_error did not improve from 0.00000
63/63 - 54s - loss: 9.5609e-07 - mean_squared_error: 1.3719e-06 - val_loss: 8.2212e-09 - val_mean_squared_error: 8.2212e-09 - 54s/epoch - 854ms/step
Epoch 91/100

Epoch 00091: mean_squared_error did not improve from 0.00000
63/63 - 54s - loss: 9.5592e-07 - mean_squared_error: 1.3717e-06 - val_loss: 7.6850e-09 - val_mean_squared_error: 7.6850e-09 - 54s/epoch - 853ms/step
Epoch 92/100

Epoch 00092: mean_squared_error did not improve from 0.00000
63/63 - 54s - loss: 9.5546e-07 - mean_squared_error: 1.3712e-06 - val_loss: 7.4898e-09 - val_mean_squared_error: 7.4898e-09 - 54s/epoch - 852ms/step
Epoch 93/100

Epoch 00093: mean_squared_error did not improve from 0.00000
63/63 - 54s - loss: 9.5598e-07 - mean_squared_error: 1.3716e-06 - val_loss: 9.2070e-09 - val_mean_squared_error: 9.2070e-09 - 54s/epoch - 853ms/step
Epoch 94/100

Epoch 00094: mean_squared_error did not improve from 0.00000
63/63 - 54s - loss: 9.5557e-07 - mean_squared_error: 1.3713e-06 - val_loss: 9.1472e-09 - val_mean_squared_error: 9.1472e-09 - 54s/epoch - 853ms/step
Epoch 95/100

Epoch 00095: mean_squared_error did not improve from 0.00000
63/63 - 54s - loss: 9.6040e-07 - mean_squared_error: 1.3751e-06 - val_loss: 7.9258e-09 - val_mean_squared_error: 7.9258e-09 - 54s/epoch - 853ms/step
Epoch 96/100

Epoch 00096: mean_squared_error improved from 0.00000 to 0.00000, saving model to /gpfswork/rech/ynx/uds36vp/repos/wf-SEDs/projected_learning/wf-outputs/chkp/8_bins/chkp_callback_poly_2_cycles_256_check_proj_d2_cycle1
63/63 - 54s - loss: 9.5477e-07 - mean_squared_error: 1.3707e-06 - val_loss: 7.6811e-09 - val_mean_squared_error: 7.6811e-09 - 54s/epoch - 855ms/step
Epoch 97/100

Epoch 00097: mean_squared_error improved from 0.00000 to 0.00000, saving model to /gpfswork/rech/ynx/uds36vp/repos/wf-SEDs/projected_learning/wf-outputs/chkp/8_bins/chkp_callback_poly_2_cycles_256_check_proj_d2_cycle1
63/63 - 54s - loss: 9.5454e-07 - mean_squared_error: 1.3705e-06 - val_loss: 6.9804e-09 - val_mean_squared_error: 6.9804e-09 - 54s/epoch - 855ms/step
Epoch 98/100

Epoch 00098: mean_squared_error did not improve from 0.00000
63/63 - 55s - loss: 9.5563e-07 - mean_squared_error: 1.3714e-06 - val_loss: 7.1003e-09 - val_mean_squared_error: 7.1003e-09 - 55s/epoch - 867ms/step
Epoch 99/100

Epoch 00099: mean_squared_error did not improve from 0.00000
63/63 - 55s - loss: 9.5442e-07 - mean_squared_error: 1.3705e-06 - val_loss: 7.5524e-09 - val_mean_squared_error: 7.5524e-09 - 55s/epoch - 873ms/step
Epoch 100/100

Epoch 00100: mean_squared_error did not improve from 0.00000
63/63 - 58s - loss: 9.5496e-07 - mean_squared_error: 1.3710e-06 - val_loss: 8.1760e-09 - val_mean_squared_error: 8.1760e-09 - 58s/epoch - 918ms/step
Cycle1 elapsed time: 6539.483623
Project non-param DD features onto param model: done!
Starting cycle 2..
Starting parametric update..
Epoch 1/15

Epoch 00001: mean_squared_error improved from inf to 0.00000, saving model to /gpfswork/rech/ynx/uds36vp/repos/wf-SEDs/projected_learning/wf-outputs/chkp/8_bins/chkp_callback_poly_2_cycles_256_check_proj_d2_cycle2
63/63 - 65s - loss: 9.5431e-07 - mean_squared_error: 1.3704e-06 - val_loss: 7.7637e-09 - val_mean_squared_error: 7.7637e-09 - 65s/epoch - 1s/step
Epoch 2/15

Epoch 00002: mean_squared_error did not improve from 0.00000
63/63 - 62s - loss: 9.5501e-07 - mean_squared_error: 1.3711e-06 - val_loss: 8.2589e-09 - val_mean_squared_error: 8.2589e-09 - 62s/epoch - 986ms/step
Epoch 3/15

Epoch 00003: mean_squared_error did not improve from 0.00000
63/63 - 63s - loss: 9.5534e-07 - mean_squared_error: 1.3713e-06 - val_loss: 9.9695e-09 - val_mean_squared_error: 9.9695e-09 - 63s/epoch - 992ms/step
Epoch 4/15

Epoch 00004: mean_squared_error did not improve from 0.00000
63/63 - 63s - loss: 9.6764e-07 - mean_squared_error: 1.3816e-06 - val_loss: 1.5368e-08 - val_mean_squared_error: 1.5368e-08 - 63s/epoch - 1s/step
Epoch 5/15

Epoch 00005: mean_squared_error did not improve from 0.00000
63/63 - 62s - loss: 9.6266e-07 - mean_squared_error: 1.3778e-06 - val_loss: 1.0006e-08 - val_mean_squared_error: 1.0006e-08 - 62s/epoch - 991ms/step
Epoch 6/15

Epoch 00006: mean_squared_error did not improve from 0.00000
63/63 - 63s - loss: 9.6020e-07 - mean_squared_error: 1.3753e-06 - val_loss: 2.5809e-08 - val_mean_squared_error: 2.5809e-08 - 63s/epoch - 999ms/step
Epoch 7/15

Epoch 00007: mean_squared_error did not improve from 0.00000
63/63 - 63s - loss: 9.7668e-07 - mean_squared_error: 1.3892e-06 - val_loss: 1.6626e-08 - val_mean_squared_error: 1.6626e-08 - 63s/epoch - 994ms/step
Epoch 8/15

Epoch 00008: mean_squared_error did not improve from 0.00000
63/63 - 63s - loss: 9.6010e-07 - mean_squared_error: 1.3754e-06 - val_loss: 1.3730e-08 - val_mean_squared_error: 1.3730e-08 - 63s/epoch - 999ms/step
Epoch 9/15

Epoch 00009: mean_squared_error did not improve from 0.00000
63/63 - 58s - loss: 9.6148e-07 - mean_squared_error: 1.3765e-06 - val_loss: 1.5409e-08 - val_mean_squared_error: 1.5409e-08 - 58s/epoch - 915ms/step
Epoch 10/15

Epoch 00010: mean_squared_error did not improve from 0.00000
63/63 - 57s - loss: 9.7729e-07 - mean_squared_error: 1.3859e-06 - val_loss: 4.8486e-08 - val_mean_squared_error: 4.8486e-08 - 57s/epoch - 911ms/step
Epoch 11/15

Epoch 00011: mean_squared_error did not improve from 0.00000
63/63 - 57s - loss: 9.8806e-07 - mean_squared_error: 1.3982e-06 - val_loss: 1.3390e-08 - val_mean_squared_error: 1.3390e-08 - 57s/epoch - 910ms/step
Epoch 12/15

Epoch 00012: mean_squared_error did not improve from 0.00000
63/63 - 58s - loss: 9.6097e-07 - mean_squared_error: 1.3765e-06 - val_loss: 1.3033e-08 - val_mean_squared_error: 1.3033e-08 - 58s/epoch - 918ms/step
Epoch 13/15

Epoch 00013: mean_squared_error did not improve from 0.00000
63/63 - 57s - loss: 9.5930e-07 - mean_squared_error: 1.3747e-06 - val_loss: 1.0995e-08 - val_mean_squared_error: 1.0995e-08 - 57s/epoch - 912ms/step
Epoch 14/15

Epoch 00014: mean_squared_error did not improve from 0.00000
63/63 - 57s - loss: 9.6195e-07 - mean_squared_error: 1.3772e-06 - val_loss: 1.3885e-08 - val_mean_squared_error: 1.3885e-08 - 57s/epoch - 910ms/step
Epoch 15/15

Epoch 00015: mean_squared_error did not improve from 0.00000
63/63 - 58s - loss: 9.6558e-07 - mean_squared_error: 1.3801e-06 - val_loss: 1.3980e-08 - val_mean_squared_error: 1.3980e-08 - 58s/epoch - 916ms/step
Starting non-parametric update..
Epoch 1/50

Epoch 00001: mean_squared_error did not improve from 0.00000
63/63 - 57s - loss: 9.5526e-07 - mean_squared_error: 1.3713e-06 - val_loss: 6.3753e-09 - val_mean_squared_error: 6.3753e-09 - 57s/epoch - 903ms/step
Epoch 2/50

Epoch 00002: mean_squared_error improved from 0.00000 to 0.00000, saving model to /gpfswork/rech/ynx/uds36vp/repos/wf-SEDs/projected_learning/wf-outputs/chkp/8_bins/chkp_callback_poly_2_cycles_256_check_proj_d2_cycle2
63/63 - 54s - loss: 9.5257e-07 - mean_squared_error: 1.3690e-06 - val_loss: 6.1764e-09 - val_mean_squared_error: 6.1764e-09 - 54s/epoch - 859ms/step
Epoch 3/50

Epoch 00003: mean_squared_error improved from 0.00000 to 0.00000, saving model to /gpfswork/rech/ynx/uds36vp/repos/wf-SEDs/projected_learning/wf-outputs/chkp/8_bins/chkp_callback_poly_2_cycles_256_check_proj_d2_cycle2
63/63 - 54s - loss: 9.5239e-07 - mean_squared_error: 1.3688e-06 - val_loss: 6.0590e-09 - val_mean_squared_error: 6.0590e-09 - 54s/epoch - 861ms/step
Epoch 4/50

Epoch 00004: mean_squared_error improved from 0.00000 to 0.00000, saving model to /gpfswork/rech/ynx/uds36vp/repos/wf-SEDs/projected_learning/wf-outputs/chkp/8_bins/chkp_callback_poly_2_cycles_256_check_proj_d2_cycle2
63/63 - 54s - loss: 9.5237e-07 - mean_squared_error: 1.3688e-06 - val_loss: 6.0307e-09 - val_mean_squared_error: 6.0307e-09 - 54s/epoch - 860ms/step
Epoch 5/50

Epoch 00005: mean_squared_error improved from 0.00000 to 0.00000, saving model to /gpfswork/rech/ynx/uds36vp/repos/wf-SEDs/projected_learning/wf-outputs/chkp/8_bins/chkp_callback_poly_2_cycles_256_check_proj_d2_cycle2
63/63 - 54s - loss: 9.5231e-07 - mean_squared_error: 1.3688e-06 - val_loss: 6.0436e-09 - val_mean_squared_error: 6.0436e-09 - 54s/epoch - 854ms/step
Epoch 6/50

Epoch 00006: mean_squared_error did not improve from 0.00000
63/63 - 54s - loss: 9.5240e-07 - mean_squared_error: 1.3688e-06 - val_loss: 6.1700e-09 - val_mean_squared_error: 6.1700e-09 - 54s/epoch - 854ms/step
Epoch 7/50

Epoch 00007: mean_squared_error did not improve from 0.00000
63/63 - 54s - loss: 9.5239e-07 - mean_squared_error: 1.3688e-06 - val_loss: 6.0803e-09 - val_mean_squared_error: 6.0803e-09 - 54s/epoch - 854ms/step
Epoch 8/50

Epoch 00008: mean_squared_error did not improve from 0.00000
63/63 - 55s - loss: 9.5241e-07 - mean_squared_error: 1.3688e-06 - val_loss: 6.0195e-09 - val_mean_squared_error: 6.0195e-09 - 55s/epoch - 866ms/step
Epoch 9/50

Epoch 00009: mean_squared_error did not improve from 0.00000
63/63 - 55s - loss: 9.5239e-07 - mean_squared_error: 1.3688e-06 - val_loss: 6.1060e-09 - val_mean_squared_error: 6.1060e-09 - 55s/epoch - 866ms/step
Epoch 10/50

Epoch 00010: mean_squared_error did not improve from 0.00000
63/63 - 57s - loss: 9.5248e-07 - mean_squared_error: 1.3689e-06 - val_loss: 6.0349e-09 - val_mean_squared_error: 6.0349e-09 - 57s/epoch - 911ms/step
Epoch 11/50

Epoch 00011: mean_squared_error did not improve from 0.00000
63/63 - 58s - loss: 9.5240e-07 - mean_squared_error: 1.3688e-06 - val_loss: 6.0604e-09 - val_mean_squared_error: 6.0604e-09 - 58s/epoch - 918ms/step
Epoch 12/50

Epoch 00012: mean_squared_error did not improve from 0.00000
63/63 - 58s - loss: 9.5247e-07 - mean_squared_error: 1.3689e-06 - val_loss: 6.0931e-09 - val_mean_squared_error: 6.0931e-09 - 58s/epoch - 919ms/step
Epoch 13/50

Epoch 00013: mean_squared_error did not improve from 0.00000
63/63 - 58s - loss: 9.5238e-07 - mean_squared_error: 1.3688e-06 - val_loss: 5.9961e-09 - val_mean_squared_error: 5.9961e-09 - 58s/epoch - 917ms/step
Epoch 14/50

Epoch 00014: mean_squared_error did not improve from 0.00000
63/63 - 58s - loss: 9.5238e-07 - mean_squared_error: 1.3688e-06 - val_loss: 6.0566e-09 - val_mean_squared_error: 6.0566e-09 - 58s/epoch - 923ms/step
Epoch 15/50

Epoch 00015: mean_squared_error did not improve from 0.00000
63/63 - 58s - loss: 9.5233e-07 - mean_squared_error: 1.3688e-06 - val_loss: 6.0285e-09 - val_mean_squared_error: 6.0285e-09 - 58s/epoch - 923ms/step
Epoch 16/50

Epoch 00016: mean_squared_error did not improve from 0.00000
63/63 - 58s - loss: 9.5239e-07 - mean_squared_error: 1.3688e-06 - val_loss: 6.2571e-09 - val_mean_squared_error: 6.2571e-09 - 58s/epoch - 917ms/step
Epoch 17/50

Epoch 00017: mean_squared_error did not improve from 0.00000
63/63 - 58s - loss: 9.5236e-07 - mean_squared_error: 1.3688e-06 - val_loss: 6.0478e-09 - val_mean_squared_error: 6.0478e-09 - 58s/epoch - 916ms/step
Epoch 18/50

Epoch 00018: mean_squared_error did not improve from 0.00000
63/63 - 58s - loss: 9.5243e-07 - mean_squared_error: 1.3689e-06 - val_loss: 6.0439e-09 - val_mean_squared_error: 6.0439e-09 - 58s/epoch - 918ms/step
Epoch 19/50

Epoch 00019: mean_squared_error did not improve from 0.00000
63/63 - 58s - loss: 9.5239e-07 - mean_squared_error: 1.3688e-06 - val_loss: 6.1392e-09 - val_mean_squared_error: 6.1392e-09 - 58s/epoch - 918ms/step
Epoch 20/50

Epoch 00020: mean_squared_error did not improve from 0.00000
63/63 - 54s - loss: 9.5235e-07 - mean_squared_error: 1.3688e-06 - val_loss: 6.0362e-09 - val_mean_squared_error: 6.0362e-09 - 54s/epoch - 853ms/step
Epoch 21/50

Epoch 00021: mean_squared_error did not improve from 0.00000
63/63 - 54s - loss: 9.5240e-07 - mean_squared_error: 1.3688e-06 - val_loss: 6.1530e-09 - val_mean_squared_error: 6.1530e-09 - 54s/epoch - 853ms/step
Epoch 22/50

Epoch 00022: mean_squared_error improved from 0.00000 to 0.00000, saving model to /gpfswork/rech/ynx/uds36vp/repos/wf-SEDs/projected_learning/wf-outputs/chkp/8_bins/chkp_callback_poly_2_cycles_256_check_proj_d2_cycle2
63/63 - 54s - loss: 9.5229e-07 - mean_squared_error: 1.3687e-06 - val_loss: 5.9982e-09 - val_mean_squared_error: 5.9982e-09 - 54s/epoch - 852ms/step
Epoch 23/50

Epoch 00023: mean_squared_error did not improve from 0.00000
63/63 - 54s - loss: 9.5263e-07 - mean_squared_error: 1.3690e-06 - val_loss: 6.3466e-09 - val_mean_squared_error: 6.3466e-09 - 54s/epoch - 853ms/step
Epoch 24/50

Epoch 00024: mean_squared_error did not improve from 0.00000
63/63 - 54s - loss: 9.5239e-07 - mean_squared_error: 1.3688e-06 - val_loss: 6.3470e-09 - val_mean_squared_error: 6.3470e-09 - 54s/epoch - 852ms/step
Epoch 25/50

Epoch 00025: mean_squared_error did not improve from 0.00000
63/63 - 54s - loss: 9.5230e-07 - mean_squared_error: 1.3687e-06 - val_loss: 6.0035e-09 - val_mean_squared_error: 6.0035e-09 - 54s/epoch - 852ms/step
Epoch 26/50

Epoch 00026: mean_squared_error did not improve from 0.00000
63/63 - 54s - loss: 9.5239e-07 - mean_squared_error: 1.3687e-06 - val_loss: 5.9887e-09 - val_mean_squared_error: 5.9887e-09 - 54s/epoch - 853ms/step
Epoch 27/50

Epoch 00027: mean_squared_error did not improve from 0.00000
63/63 - 54s - loss: 9.5237e-07 - mean_squared_error: 1.3688e-06 - val_loss: 6.1952e-09 - val_mean_squared_error: 6.1952e-09 - 54s/epoch - 855ms/step
Epoch 28/50

Epoch 00028: mean_squared_error did not improve from 0.00000
63/63 - 54s - loss: 9.5234e-07 - mean_squared_error: 1.3687e-06 - val_loss: 6.1121e-09 - val_mean_squared_error: 6.1121e-09 - 54s/epoch - 853ms/step
Epoch 29/50

Epoch 00029: mean_squared_error did not improve from 0.00000
63/63 - 54s - loss: 9.5242e-07 - mean_squared_error: 1.3688e-06 - val_loss: 6.0175e-09 - val_mean_squared_error: 6.0175e-09 - 54s/epoch - 852ms/step
Epoch 30/50

Epoch 00030: mean_squared_error did not improve from 0.00000
63/63 - 54s - loss: 9.5236e-07 - mean_squared_error: 1.3688e-06 - val_loss: 6.0356e-09 - val_mean_squared_error: 6.0356e-09 - 54s/epoch - 852ms/step
Epoch 31/50

Epoch 00031: mean_squared_error improved from 0.00000 to 0.00000, saving model to /gpfswork/rech/ynx/uds36vp/repos/wf-SEDs/projected_learning/wf-outputs/chkp/8_bins/chkp_callback_poly_2_cycles_256_check_proj_d2_cycle2
63/63 - 54s - loss: 9.5224e-07 - mean_squared_error: 1.3686e-06 - val_loss: 6.0471e-09 - val_mean_squared_error: 6.0471e-09 - 54s/epoch - 854ms/step
Epoch 32/50

Epoch 00032: mean_squared_error did not improve from 0.00000
63/63 - 54s - loss: 9.5227e-07 - mean_squared_error: 1.3687e-06 - val_loss: 6.0540e-09 - val_mean_squared_error: 6.0540e-09 - 54s/epoch - 853ms/step
Epoch 33/50

Epoch 00033: mean_squared_error improved from 0.00000 to 0.00000, saving model to /gpfswork/rech/ynx/uds36vp/repos/wf-SEDs/projected_learning/wf-outputs/chkp/8_bins/chkp_callback_poly_2_cycles_256_check_proj_d2_cycle2
63/63 - 54s - loss: 9.5220e-07 - mean_squared_error: 1.3686e-06 - val_loss: 5.9507e-09 - val_mean_squared_error: 5.9507e-09 - 54s/epoch - 853ms/step
Epoch 34/50

Epoch 00034: mean_squared_error did not improve from 0.00000
63/63 - 54s - loss: 9.5226e-07 - mean_squared_error: 1.3686e-06 - val_loss: 6.2150e-09 - val_mean_squared_error: 6.2150e-09 - 54s/epoch - 853ms/step
Epoch 35/50

Epoch 00035: mean_squared_error did not improve from 0.00000
63/63 - 55s - loss: 9.5309e-07 - mean_squared_error: 1.3693e-06 - val_loss: 6.1914e-09 - val_mean_squared_error: 6.1914e-09 - 55s/epoch - 874ms/step
Epoch 36/50

Epoch 00036: mean_squared_error did not improve from 0.00000
63/63 - 55s - loss: 9.5240e-07 - mean_squared_error: 1.3687e-06 - val_loss: 5.9272e-09 - val_mean_squared_error: 5.9272e-09 - 55s/epoch - 877ms/step
Epoch 37/50

Epoch 00037: mean_squared_error did not improve from 0.00000
63/63 - 58s - loss: 9.5221e-07 - mean_squared_error: 1.3686e-06 - val_loss: 5.9318e-09 - val_mean_squared_error: 5.9318e-09 - 58s/epoch - 914ms/step
Epoch 38/50

Epoch 00038: mean_squared_error did not improve from 0.00000
63/63 - 58s - loss: 9.5245e-07 - mean_squared_error: 1.3688e-06 - val_loss: 5.9324e-09 - val_mean_squared_error: 5.9324e-09 - 58s/epoch - 925ms/step
Epoch 39/50

Epoch 00039: mean_squared_error improved from 0.00000 to 0.00000, saving model to /gpfswork/rech/ynx/uds36vp/repos/wf-SEDs/projected_learning/wf-outputs/chkp/8_bins/chkp_callback_poly_2_cycles_256_check_proj_d2_cycle2
63/63 - 58s - loss: 9.5201e-07 - mean_squared_error: 1.3684e-06 - val_loss: 6.0845e-09 - val_mean_squared_error: 6.0845e-09 - 58s/epoch - 920ms/step
Epoch 40/50

Epoch 00040: mean_squared_error did not improve from 0.00000
63/63 - 58s - loss: 9.5239e-07 - mean_squared_error: 1.3687e-06 - val_loss: 6.2140e-09 - val_mean_squared_error: 6.2140e-09 - 58s/epoch - 917ms/step
Epoch 41/50

Epoch 00041: mean_squared_error did not improve from 0.00000
63/63 - 58s - loss: 9.5250e-07 - mean_squared_error: 1.3688e-06 - val_loss: 5.8193e-09 - val_mean_squared_error: 5.8193e-09 - 58s/epoch - 924ms/step
Epoch 42/50

Epoch 00042: mean_squared_error did not improve from 0.00000
63/63 - 58s - loss: 9.5213e-07 - mean_squared_error: 1.3685e-06 - val_loss: 5.8175e-09 - val_mean_squared_error: 5.8175e-09 - 58s/epoch - 921ms/step
Epoch 43/50

Epoch 00043: mean_squared_error improved from 0.00000 to 0.00000, saving model to /gpfswork/rech/ynx/uds36vp/repos/wf-SEDs/projected_learning/wf-outputs/chkp/8_bins/chkp_callback_poly_2_cycles_256_check_proj_d2_cycle2
63/63 - 58s - loss: 9.5201e-07 - mean_squared_error: 1.3684e-06 - val_loss: 5.9135e-09 - val_mean_squared_error: 5.9135e-09 - 58s/epoch - 919ms/step
Epoch 44/50

Epoch 00044: mean_squared_error did not improve from 0.00000
63/63 - 58s - loss: 9.5245e-07 - mean_squared_error: 1.3687e-06 - val_loss: 5.9021e-09 - val_mean_squared_error: 5.9021e-09 - 58s/epoch - 922ms/step
Epoch 45/50

Epoch 00045: mean_squared_error improved from 0.00000 to 0.00000, saving model to /gpfswork/rech/ynx/uds36vp/repos/wf-SEDs/projected_learning/wf-outputs/chkp/8_bins/chkp_callback_poly_2_cycles_256_check_proj_d2_cycle2
63/63 - 58s - loss: 9.5202e-07 - mean_squared_error: 1.3684e-06 - val_loss: 6.0449e-09 - val_mean_squared_error: 6.0449e-09 - 58s/epoch - 921ms/step
Epoch 46/50

Epoch 00046: mean_squared_error did not improve from 0.00000
63/63 - 56s - loss: 9.5204e-07 - mean_squared_error: 1.3684e-06 - val_loss: 5.8534e-09 - val_mean_squared_error: 5.8534e-09 - 56s/epoch - 888ms/step
Epoch 47/50

Epoch 00047: mean_squared_error improved from 0.00000 to 0.00000, saving model to /gpfswork/rech/ynx/uds36vp/repos/wf-SEDs/projected_learning/wf-outputs/chkp/8_bins/chkp_callback_poly_2_cycles_256_check_proj_d2_cycle2
63/63 - 54s - loss: 9.5192e-07 - mean_squared_error: 1.3684e-06 - val_loss: 6.0936e-09 - val_mean_squared_error: 6.0936e-09 - 54s/epoch - 855ms/step
Epoch 48/50

Epoch 00048: mean_squared_error did not improve from 0.00000
63/63 - 54s - loss: 9.5203e-07 - mean_squared_error: 1.3685e-06 - val_loss: 5.7717e-09 - val_mean_squared_error: 5.7717e-09 - 54s/epoch - 853ms/step
Epoch 49/50

Epoch 00049: mean_squared_error did not improve from 0.00000
63/63 - 54s - loss: 9.5209e-07 - mean_squared_error: 1.3685e-06 - val_loss: 6.0434e-09 - val_mean_squared_error: 6.0434e-09 - 54s/epoch - 852ms/step
Epoch 50/50

Epoch 00050: mean_squared_error did not improve from 0.00000
63/63 - 54s - loss: 9.5193e-07 - mean_squared_error: 1.3684e-06 - val_loss: 5.6610e-09 - val_mean_squared_error: 5.6610e-09 - 54s/epoch - 853ms/step
Cycle2 elapsed time: 3689.725246191025

Total elapsed time: 10233.804947

 Good bye..
