Starting the log file.
Found GPU at: /device:GPU:0
tf_version: 2.7.0
Dataset parameters:
{'d_max': 2, 'max_order': 45, 'x_lims': [0, 1000.0], 'y_lims': [0, 1000.0], 'grid_points': [4, 4], 'n_bins': 350, 'max_wfe_rms': 0.1, 'oversampling_rate': 3.0, 'output_Q': 3.0, 'output_dim': 32, 'LP_filter_length': 2, 'pupil_diameter': 256, 'euclid_obsc': True, 'n_stars': 2000}

***
Metric evaluation on the test dataset
***

Absolute RMSE:	 1.4329e-04 	 +/- 2.7038e-05
Relative RMSE:	 1.9360e+00 % 	 +/- 4.9783e-01 %
Absolute RMSE:	 1.4340e-01 	 +/- 2.6903e-02
Relative RMSE:	 1.8280e+02 % 	 +/- 1.8954e+01 %

Pixel star absolute RMSE:	 5.8392e-05 	 +/- 2.5150e-05 
Pixel star relative RMSE:	 3.8956e+00 % 	 +/- 1.8229e+00 %

sigma(e1) RMSE =		 1.3411e-02 	 +/- 1.2278e-02 
sigma(e2) RMSE =		 3.6266e-03 	 +/- 3.5463e-03 
sigma(R2)/<R2> =		 3.1923e-02 	 +/- 2.6556e-02 

Relative sigma(e1) RMSE =	 4.0604e+02 % 	 +/- 4.0604e+02 %
Relative sigma(e2) RMSE =	 4.2358e+02 % 	 +/- 4.2235e+02 %

Total number of stars: 		400
Problematic number of stars: 	1

***
Metric evaluation on the train dataset
***

Absolute RMSE:	 1.4316e-04 	 +/- 2.8234e-05
Relative RMSE:	 1.9415e+00 % 	 +/- 5.5638e-01 %
Absolute RMSE:	 1.4262e-01 	 +/- 2.6511e-02
Relative RMSE:	 1.8242e+02 % 	 +/- 1.8880e+01 %

Pixel star absolute RMSE:	 5.7468e-05 	 +/- 2.4549e-05 
Pixel star relative RMSE:	 3.8372e+00 % 	 +/- 1.8142e+00 %

sigma(e1) RMSE =		 1.3878e-02 	 +/- 1.3038e-02 
sigma(e2) RMSE =		 8.0357e-03 	 +/- 7.9492e-03 
sigma(R2)/<R2> =		 7.5212e-02 	 +/- 3.2607e-02 

Relative sigma(e1) RMSE =	 1.7096e+03 % 	 +/- 1.7083e+03 %
Relative sigma(e2) RMSE =	 3.7920e+03 % 	 +/- 3.7908e+03 %

Total number of stars: 		2000
Problematic number of stars: 	0

Total elapsed time: 1917.418241

 Good bye..
