Starting the log file.
Found GPU at: /device:GPU:0
tf_version: 2.7.0
Zernike cube:
(15, 256, 256)
Dataset parameters:
{'d_max': 2, 'max_order': 45, 'x_lims': [0, 1000.0], 'y_lims': [0, 1000.0], 'grid_points': [4, 4], 'n_bins': 350, 'max_wfe_rms': 0.1, 'oversampling_rate': 3.0, 'output_Q': 3.0, 'output_dim': 32, 'LP_filter_length': 2, 'pupil_diameter': 256, 'euclid_obsc': True, 'n_stars': 2000}
Starting cycle 1..
Starting parametric update..
Epoch 1/4

Epoch 00001: mean_squared_error improved from inf to 0.00001, saving model to /gpfswork/rech/ynx/uds36vp/repos/wf-SEDs/projected_learning/wf-outputs/chkp/8_bins/chkp_callback_poly_9_cycles_256_no_proj_d2_4_cycle1
63/63 - 77s - loss: 7.4352e-06 - mean_squared_error: 6.7354e-06 - val_loss: 1.7244e-06 - val_mean_squared_error: 1.7244e-06 - 77s/epoch - 1s/step
Epoch 2/4

Epoch 00002: mean_squared_error improved from 0.00001 to 0.00000, saving model to /gpfswork/rech/ynx/uds36vp/repos/wf-SEDs/projected_learning/wf-outputs/chkp/8_bins/chkp_callback_poly_9_cycles_256_no_proj_d2_4_cycle1
63/63 - 73s - loss: 2.5229e-06 - mean_squared_error: 2.7338e-06 - val_loss: 1.0621e-06 - val_mean_squared_error: 1.0621e-06 - 73s/epoch - 1s/step
Epoch 3/4

Epoch 00003: mean_squared_error improved from 0.00000 to 0.00000, saving model to /gpfswork/rech/ynx/uds36vp/repos/wf-SEDs/projected_learning/wf-outputs/chkp/8_bins/chkp_callback_poly_9_cycles_256_no_proj_d2_4_cycle1
63/63 - 73s - loss: 2.1330e-06 - mean_squared_error: 2.3851e-06 - val_loss: 8.1580e-07 - val_mean_squared_error: 8.1580e-07 - 73s/epoch - 1s/step
Epoch 4/4

Epoch 00004: mean_squared_error improved from 0.00000 to 0.00000, saving model to /gpfswork/rech/ynx/uds36vp/repos/wf-SEDs/projected_learning/wf-outputs/chkp/8_bins/chkp_callback_poly_9_cycles_256_no_proj_d2_4_cycle1
63/63 - 74s - loss: 1.9118e-06 - mean_squared_error: 2.1782e-06 - val_loss: 7.8798e-07 - val_mean_squared_error: 7.8798e-07 - 74s/epoch - 1s/step
Starting non-parametric update..
Epoch 1/13

Epoch 00001: mean_squared_error improved from 0.00000 to 0.00000, saving model to /gpfswork/rech/ynx/uds36vp/repos/wf-SEDs/projected_learning/wf-outputs/chkp/8_bins/chkp_callback_poly_9_cycles_256_no_proj_d2_4_cycle1
63/63 - 75s - loss: 1.8437e-06 - mean_squared_error: 2.1262e-06 - val_loss: 6.9222e-07 - val_mean_squared_error: 6.9222e-07 - 75s/epoch - 1s/step
Epoch 2/13

Epoch 00002: mean_squared_error improved from 0.00000 to 0.00000, saving model to /gpfswork/rech/ynx/uds36vp/repos/wf-SEDs/projected_learning/wf-outputs/chkp/8_bins/chkp_callback_poly_9_cycles_256_no_proj_d2_4_cycle1
63/63 - 73s - loss: 1.7172e-06 - mean_squared_error: 2.0275e-06 - val_loss: 5.9936e-07 - val_mean_squared_error: 5.9936e-07 - 73s/epoch - 1s/step
Epoch 3/13

Epoch 00003: mean_squared_error improved from 0.00000 to 0.00000, saving model to /gpfswork/rech/ynx/uds36vp/repos/wf-SEDs/projected_learning/wf-outputs/chkp/8_bins/chkp_callback_poly_9_cycles_256_no_proj_d2_4_cycle1
63/63 - 73s - loss: 1.5901e-06 - mean_squared_error: 1.9295e-06 - val_loss: 5.0753e-07 - val_mean_squared_error: 5.0753e-07 - 73s/epoch - 1s/step
Epoch 4/13

Epoch 00004: mean_squared_error improved from 0.00000 to 0.00000, saving model to /gpfswork/rech/ynx/uds36vp/repos/wf-SEDs/projected_learning/wf-outputs/chkp/8_bins/chkp_callback_poly_9_cycles_256_no_proj_d2_4_cycle1
63/63 - 73s - loss: 1.4806e-06 - mean_squared_error: 1.8364e-06 - val_loss: 4.2552e-07 - val_mean_squared_error: 4.2552e-07 - 73s/epoch - 1s/step
Epoch 5/13

Epoch 00005: mean_squared_error improved from 0.00000 to 0.00000, saving model to /gpfswork/rech/ynx/uds36vp/repos/wf-SEDs/projected_learning/wf-outputs/chkp/8_bins/chkp_callback_poly_9_cycles_256_no_proj_d2_4_cycle1
63/63 - 73s - loss: 1.3872e-06 - mean_squared_error: 1.7559e-06 - val_loss: 3.5349e-07 - val_mean_squared_error: 3.5349e-07 - 73s/epoch - 1s/step
Epoch 6/13

Epoch 00006: mean_squared_error improved from 0.00000 to 0.00000, saving model to /gpfswork/rech/ynx/uds36vp/repos/wf-SEDs/projected_learning/wf-outputs/chkp/8_bins/chkp_callback_poly_9_cycles_256_no_proj_d2_4_cycle1
63/63 - 74s - loss: 1.3044e-06 - mean_squared_error: 1.6790e-06 - val_loss: 2.7643e-07 - val_mean_squared_error: 2.7643e-07 - 74s/epoch - 1s/step
Epoch 7/13

Epoch 00007: mean_squared_error improved from 0.00000 to 0.00000, saving model to /gpfswork/rech/ynx/uds36vp/repos/wf-SEDs/projected_learning/wf-outputs/chkp/8_bins/chkp_callback_poly_9_cycles_256_no_proj_d2_4_cycle1
63/63 - 73s - loss: 1.2305e-06 - mean_squared_error: 1.6114e-06 - val_loss: 2.2017e-07 - val_mean_squared_error: 2.2017e-07 - 73s/epoch - 1s/step
Epoch 8/13

Epoch 00008: mean_squared_error improved from 0.00000 to 0.00000, saving model to /gpfswork/rech/ynx/uds36vp/repos/wf-SEDs/projected_learning/wf-outputs/chkp/8_bins/chkp_callback_poly_9_cycles_256_no_proj_d2_4_cycle1
63/63 - 73s - loss: 1.1779e-06 - mean_squared_error: 1.5636e-06 - val_loss: 1.7967e-07 - val_mean_squared_error: 1.7967e-07 - 73s/epoch - 1s/step
Epoch 9/13

Epoch 00009: mean_squared_error improved from 0.00000 to 0.00000, saving model to /gpfswork/rech/ynx/uds36vp/repos/wf-SEDs/projected_learning/wf-outputs/chkp/8_bins/chkp_callback_poly_9_cycles_256_no_proj_d2_4_cycle1
63/63 - 73s - loss: 1.1378e-06 - mean_squared_error: 1.5282e-06 - val_loss: 1.5023e-07 - val_mean_squared_error: 1.5023e-07 - 73s/epoch - 1s/step
Epoch 10/13

Epoch 00010: mean_squared_error improved from 0.00000 to 0.00000, saving model to /gpfswork/rech/ynx/uds36vp/repos/wf-SEDs/projected_learning/wf-outputs/chkp/8_bins/chkp_callback_poly_9_cycles_256_no_proj_d2_4_cycle1
63/63 - 73s - loss: 1.1065e-06 - mean_squared_error: 1.5015e-06 - val_loss: 1.2804e-07 - val_mean_squared_error: 1.2804e-07 - 73s/epoch - 1s/step
Epoch 11/13

Epoch 00011: mean_squared_error improved from 0.00000 to 0.00000, saving model to /gpfswork/rech/ynx/uds36vp/repos/wf-SEDs/projected_learning/wf-outputs/chkp/8_bins/chkp_callback_poly_9_cycles_256_no_proj_d2_4_cycle1
63/63 - 74s - loss: 1.0805e-06 - mean_squared_error: 1.4795e-06 - val_loss: 1.0708e-07 - val_mean_squared_error: 1.0708e-07 - 74s/epoch - 1s/step
Epoch 12/13

Epoch 00012: mean_squared_error improved from 0.00000 to 0.00000, saving model to /gpfswork/rech/ynx/uds36vp/repos/wf-SEDs/projected_learning/wf-outputs/chkp/8_bins/chkp_callback_poly_9_cycles_256_no_proj_d2_4_cycle1
63/63 - 74s - loss: 1.0612e-06 - mean_squared_error: 1.4630e-06 - val_loss: 9.1377e-08 - val_mean_squared_error: 9.1377e-08 - 74s/epoch - 1s/step
Epoch 13/13

Epoch 00013: mean_squared_error improved from 0.00000 to 0.00000, saving model to /gpfswork/rech/ynx/uds36vp/repos/wf-SEDs/projected_learning/wf-outputs/chkp/8_bins/chkp_callback_poly_9_cycles_256_no_proj_d2_4_cycle1
63/63 - 73s - loss: 1.0446e-06 - mean_squared_error: 1.4487e-06 - val_loss: 8.0409e-08 - val_mean_squared_error: 8.0409e-08 - 73s/epoch - 1s/step
Cycle1 elapsed time: 1256.724580
Starting cycle 2..
Starting parametric update..
Epoch 1/4

Epoch 00001: mean_squared_error improved from inf to 0.00000, saving model to /gpfswork/rech/ynx/uds36vp/repos/wf-SEDs/projected_learning/wf-outputs/chkp/8_bins/chkp_callback_poly_9_cycles_256_no_proj_d2_4_cycle2
63/63 - 74s - loss: 1.0430e-06 - mean_squared_error: 1.4471e-06 - val_loss: 9.3808e-08 - val_mean_squared_error: 9.3808e-08 - 74s/epoch - 1s/step
Epoch 2/4

Epoch 00002: mean_squared_error did not improve from 0.00000
63/63 - 74s - loss: 1.0549e-06 - mean_squared_error: 1.4573e-06 - val_loss: 1.1496e-07 - val_mean_squared_error: 1.1496e-07 - 74s/epoch - 1s/step
Epoch 3/4

Epoch 00003: mean_squared_error did not improve from 0.00000
63/63 - 74s - loss: 1.0620e-06 - mean_squared_error: 1.4620e-06 - val_loss: 9.6047e-08 - val_mean_squared_error: 9.6047e-08 - 74s/epoch - 1s/step
Epoch 4/4

Epoch 00004: mean_squared_error did not improve from 0.00000
63/63 - 74s - loss: 1.0614e-06 - mean_squared_error: 1.4622e-06 - val_loss: 1.0373e-07 - val_mean_squared_error: 1.0373e-07 - 74s/epoch - 1s/step
Starting non-parametric update..
Epoch 1/13

Epoch 00001: mean_squared_error did not improve from 0.00000
63/63 - 74s - loss: 1.0432e-06 - mean_squared_error: 1.4479e-06 - val_loss: 7.7200e-08 - val_mean_squared_error: 7.7200e-08 - 74s/epoch - 1s/step
Epoch 2/13

Epoch 00002: mean_squared_error improved from 0.00000 to 0.00000, saving model to /gpfswork/rech/ynx/uds36vp/repos/wf-SEDs/projected_learning/wf-outputs/chkp/8_bins/chkp_callback_poly_9_cycles_256_no_proj_d2_4_cycle2
63/63 - 73s - loss: 1.0325e-06 - mean_squared_error: 1.4382e-06 - val_loss: 7.3270e-08 - val_mean_squared_error: 7.3270e-08 - 73s/epoch - 1s/step
Epoch 3/13

Epoch 00003: mean_squared_error improved from 0.00000 to 0.00000, saving model to /gpfswork/rech/ynx/uds36vp/repos/wf-SEDs/projected_learning/wf-outputs/chkp/8_bins/chkp_callback_poly_9_cycles_256_no_proj_d2_4_cycle2
63/63 - 75s - loss: 1.0278e-06 - mean_squared_error: 1.4343e-06 - val_loss: 6.8448e-08 - val_mean_squared_error: 6.8448e-08 - 75s/epoch - 1s/step
Epoch 4/13

Epoch 00004: mean_squared_error improved from 0.00000 to 0.00000, saving model to /gpfswork/rech/ynx/uds36vp/repos/wf-SEDs/projected_learning/wf-outputs/chkp/8_bins/chkp_callback_poly_9_cycles_256_no_proj_d2_4_cycle2
63/63 - 75s - loss: 1.0233e-06 - mean_squared_error: 1.4304e-06 - val_loss: 6.4657e-08 - val_mean_squared_error: 6.4657e-08 - 75s/epoch - 1s/step
Epoch 5/13

Epoch 00005: mean_squared_error improved from 0.00000 to 0.00000, saving model to /gpfswork/rech/ynx/uds36vp/repos/wf-SEDs/projected_learning/wf-outputs/chkp/8_bins/chkp_callback_poly_9_cycles_256_no_proj_d2_4_cycle2
63/63 - 75s - loss: 1.0189e-06 - mean_squared_error: 1.4265e-06 - val_loss: 6.1066e-08 - val_mean_squared_error: 6.1066e-08 - 75s/epoch - 1s/step
Epoch 6/13

Epoch 00006: mean_squared_error improved from 0.00000 to 0.00000, saving model to /gpfswork/rech/ynx/uds36vp/repos/wf-SEDs/projected_learning/wf-outputs/chkp/8_bins/chkp_callback_poly_9_cycles_256_no_proj_d2_4_cycle2
63/63 - 74s - loss: 1.0146e-06 - mean_squared_error: 1.4228e-06 - val_loss: 5.6454e-08 - val_mean_squared_error: 5.6454e-08 - 74s/epoch - 1s/step
Epoch 7/13

Epoch 00007: mean_squared_error improved from 0.00000 to 0.00000, saving model to /gpfswork/rech/ynx/uds36vp/repos/wf-SEDs/projected_learning/wf-outputs/chkp/8_bins/chkp_callback_poly_9_cycles_256_no_proj_d2_4_cycle2
63/63 - 73s - loss: 1.0103e-06 - mean_squared_error: 1.4192e-06 - val_loss: 5.3133e-08 - val_mean_squared_error: 5.3133e-08 - 73s/epoch - 1s/step
Epoch 8/13

Epoch 00008: mean_squared_error improved from 0.00000 to 0.00000, saving model to /gpfswork/rech/ynx/uds36vp/repos/wf-SEDs/projected_learning/wf-outputs/chkp/8_bins/chkp_callback_poly_9_cycles_256_no_proj_d2_4_cycle2
63/63 - 73s - loss: 1.0060e-06 - mean_squared_error: 1.4155e-06 - val_loss: 5.0092e-08 - val_mean_squared_error: 5.0092e-08 - 73s/epoch - 1s/step
Epoch 9/13

Epoch 00009: mean_squared_error improved from 0.00000 to 0.00000, saving model to /gpfswork/rech/ynx/uds36vp/repos/wf-SEDs/projected_learning/wf-outputs/chkp/8_bins/chkp_callback_poly_9_cycles_256_no_proj_d2_4_cycle2
63/63 - 73s - loss: 1.0023e-06 - mean_squared_error: 1.4124e-06 - val_loss: 4.5843e-08 - val_mean_squared_error: 4.5843e-08 - 73s/epoch - 1s/step
Epoch 10/13

Epoch 00010: mean_squared_error improved from 0.00000 to 0.00000, saving model to /gpfswork/rech/ynx/uds36vp/repos/wf-SEDs/projected_learning/wf-outputs/chkp/8_bins/chkp_callback_poly_9_cycles_256_no_proj_d2_4_cycle2
63/63 - 73s - loss: 9.9803e-07 - mean_squared_error: 1.4088e-06 - val_loss: 4.2365e-08 - val_mean_squared_error: 4.2365e-08 - 73s/epoch - 1s/step
Epoch 11/13

Epoch 00011: mean_squared_error improved from 0.00000 to 0.00000, saving model to /gpfswork/rech/ynx/uds36vp/repos/wf-SEDs/projected_learning/wf-outputs/chkp/8_bins/chkp_callback_poly_9_cycles_256_no_proj_d2_4_cycle2
63/63 - 74s - loss: 9.9443e-07 - mean_squared_error: 1.4057e-06 - val_loss: 3.9004e-08 - val_mean_squared_error: 3.9004e-08 - 74s/epoch - 1s/step
Epoch 12/13

Epoch 00012: mean_squared_error improved from 0.00000 to 0.00000, saving model to /gpfswork/rech/ynx/uds36vp/repos/wf-SEDs/projected_learning/wf-outputs/chkp/8_bins/chkp_callback_poly_9_cycles_256_no_proj_d2_4_cycle2
63/63 - 73s - loss: 9.9082e-07 - mean_squared_error: 1.4027e-06 - val_loss: 3.7126e-08 - val_mean_squared_error: 3.7126e-08 - 73s/epoch - 1s/step
Epoch 13/13

Epoch 00013: mean_squared_error improved from 0.00000 to 0.00000, saving model to /gpfswork/rech/ynx/uds36vp/repos/wf-SEDs/projected_learning/wf-outputs/chkp/8_bins/chkp_callback_poly_9_cycles_256_no_proj_d2_4_cycle2
63/63 - 73s - loss: 9.8787e-07 - mean_squared_error: 1.4001e-06 - val_loss: 3.3159e-08 - val_mean_squared_error: 3.3159e-08 - 73s/epoch - 1s/step
Cycle2 elapsed time: 1258.648354768753
Starting cycle 3..
Starting parametric update..
Epoch 1/4

Epoch 00001: mean_squared_error improved from inf to 0.00000, saving model to /gpfswork/rech/ynx/uds36vp/repos/wf-SEDs/projected_learning/wf-outputs/chkp/8_bins/chkp_callback_poly_9_cycles_256_no_proj_d2_4_cycle3
63/63 - 75s - loss: 9.9501e-07 - mean_squared_error: 1.4056e-06 - val_loss: 4.4082e-08 - val_mean_squared_error: 4.4082e-08 - 75s/epoch - 1s/step
Epoch 2/4

Epoch 00002: mean_squared_error did not improve from 0.00000
63/63 - 73s - loss: 9.9433e-07 - mean_squared_error: 1.4057e-06 - val_loss: 3.9625e-08 - val_mean_squared_error: 3.9625e-08 - 73s/epoch - 1s/step
Epoch 3/4

Epoch 00003: mean_squared_error did not improve from 0.00000
63/63 - 74s - loss: 9.9729e-07 - mean_squared_error: 1.4086e-06 - val_loss: 4.8830e-08 - val_mean_squared_error: 4.8830e-08 - 74s/epoch - 1s/step
Epoch 4/4

Epoch 00004: mean_squared_error did not improve from 0.00000
63/63 - 73s - loss: 1.0022e-06 - mean_squared_error: 1.4122e-06 - val_loss: 7.5077e-08 - val_mean_squared_error: 7.5077e-08 - 73s/epoch - 1s/step
Starting non-parametric update..
Epoch 1/13

Epoch 00001: mean_squared_error did not improve from 0.00000
63/63 - 74s - loss: 9.9540e-07 - mean_squared_error: 1.4062e-06 - val_loss: 3.2915e-08 - val_mean_squared_error: 3.2915e-08 - 74s/epoch - 1s/step
Epoch 2/13

Epoch 00002: mean_squared_error improved from 0.00000 to 0.00000, saving model to /gpfswork/rech/ynx/uds36vp/repos/wf-SEDs/projected_learning/wf-outputs/chkp/8_bins/chkp_callback_poly_9_cycles_256_no_proj_d2_4_cycle3
63/63 - 70s - loss: 9.8388e-07 - mean_squared_error: 1.3968e-06 - val_loss: 3.1431e-08 - val_mean_squared_error: 3.1431e-08 - 70s/epoch - 1s/step
Epoch 3/13

Epoch 00003: mean_squared_error improved from 0.00000 to 0.00000, saving model to /gpfswork/rech/ynx/uds36vp/repos/wf-SEDs/projected_learning/wf-outputs/chkp/8_bins/chkp_callback_poly_9_cycles_256_no_proj_d2_4_cycle3
63/63 - 70s - loss: 9.8256e-07 - mean_squared_error: 1.3956e-06 - val_loss: 3.0291e-08 - val_mean_squared_error: 3.0291e-08 - 70s/epoch - 1s/step
Epoch 4/13

Epoch 00004: mean_squared_error improved from 0.00000 to 0.00000, saving model to /gpfswork/rech/ynx/uds36vp/repos/wf-SEDs/projected_learning/wf-outputs/chkp/8_bins/chkp_callback_poly_9_cycles_256_no_proj_d2_4_cycle3
63/63 - 71s - loss: 9.8141e-07 - mean_squared_error: 1.3945e-06 - val_loss: 2.9154e-08 - val_mean_squared_error: 2.9154e-08 - 71s/epoch - 1s/step
Epoch 5/13

Epoch 00005: mean_squared_error improved from 0.00000 to 0.00000, saving model to /gpfswork/rech/ynx/uds36vp/repos/wf-SEDs/projected_learning/wf-outputs/chkp/8_bins/chkp_callback_poly_9_cycles_256_no_proj_d2_4_cycle3
63/63 - 71s - loss: 9.8006e-07 - mean_squared_error: 1.3934e-06 - val_loss: 2.7558e-08 - val_mean_squared_error: 2.7558e-08 - 71s/epoch - 1s/step
Epoch 6/13

Epoch 00006: mean_squared_error improved from 0.00000 to 0.00000, saving model to /gpfswork/rech/ynx/uds36vp/repos/wf-SEDs/projected_learning/wf-outputs/chkp/8_bins/chkp_callback_poly_9_cycles_256_no_proj_d2_4_cycle3
63/63 - 71s - loss: 9.7852e-07 - mean_squared_error: 1.3921e-06 - val_loss: 2.6804e-08 - val_mean_squared_error: 2.6804e-08 - 71s/epoch - 1s/step
Epoch 7/13

Epoch 00007: mean_squared_error improved from 0.00000 to 0.00000, saving model to /gpfswork/rech/ynx/uds36vp/repos/wf-SEDs/projected_learning/wf-outputs/chkp/8_bins/chkp_callback_poly_9_cycles_256_no_proj_d2_4_cycle3
63/63 - 71s - loss: 9.7773e-07 - mean_squared_error: 1.3913e-06 - val_loss: 2.6205e-08 - val_mean_squared_error: 2.6205e-08 - 71s/epoch - 1s/step
Epoch 8/13

Epoch 00008: mean_squared_error improved from 0.00000 to 0.00000, saving model to /gpfswork/rech/ynx/uds36vp/repos/wf-SEDs/projected_learning/wf-outputs/chkp/8_bins/chkp_callback_poly_9_cycles_256_no_proj_d2_4_cycle3
63/63 - 70s - loss: 9.7588e-07 - mean_squared_error: 1.3897e-06 - val_loss: 2.3883e-08 - val_mean_squared_error: 2.3883e-08 - 70s/epoch - 1s/step
Epoch 9/13

Epoch 00009: mean_squared_error improved from 0.00000 to 0.00000, saving model to /gpfswork/rech/ynx/uds36vp/repos/wf-SEDs/projected_learning/wf-outputs/chkp/8_bins/chkp_callback_poly_9_cycles_256_no_proj_d2_4_cycle3
63/63 - 71s - loss: 9.7447e-07 - mean_squared_error: 1.3885e-06 - val_loss: 2.3087e-08 - val_mean_squared_error: 2.3087e-08 - 71s/epoch - 1s/step
Epoch 10/13

Epoch 00010: mean_squared_error improved from 0.00000 to 0.00000, saving model to /gpfswork/rech/ynx/uds36vp/repos/wf-SEDs/projected_learning/wf-outputs/chkp/8_bins/chkp_callback_poly_9_cycles_256_no_proj_d2_4_cycle3
63/63 - 71s - loss: 9.7345e-07 - mean_squared_error: 1.3875e-06 - val_loss: 2.2372e-08 - val_mean_squared_error: 2.2372e-08 - 71s/epoch - 1s/step
Epoch 11/13

Epoch 00011: mean_squared_error improved from 0.00000 to 0.00000, saving model to /gpfswork/rech/ynx/uds36vp/repos/wf-SEDs/projected_learning/wf-outputs/chkp/8_bins/chkp_callback_poly_9_cycles_256_no_proj_d2_4_cycle3
63/63 - 71s - loss: 9.7214e-07 - mean_squared_error: 1.3864e-06 - val_loss: 2.1093e-08 - val_mean_squared_error: 2.1093e-08 - 71s/epoch - 1s/step
Epoch 12/13

Epoch 00012: mean_squared_error improved from 0.00000 to 0.00000, saving model to /gpfswork/rech/ynx/uds36vp/repos/wf-SEDs/projected_learning/wf-outputs/chkp/8_bins/chkp_callback_poly_9_cycles_256_no_proj_d2_4_cycle3
63/63 - 71s - loss: 9.7147e-07 - mean_squared_error: 1.3857e-06 - val_loss: 1.9958e-08 - val_mean_squared_error: 1.9958e-08 - 71s/epoch - 1s/step
Epoch 13/13

Epoch 00013: mean_squared_error improved from 0.00000 to 0.00000, saving model to /gpfswork/rech/ynx/uds36vp/repos/wf-SEDs/projected_learning/wf-outputs/chkp/8_bins/chkp_callback_poly_9_cycles_256_no_proj_d2_4_cycle3
63/63 - 71s - loss: 9.7168e-07 - mean_squared_error: 1.3854e-06 - val_loss: 2.2053e-08 - val_mean_squared_error: 2.2053e-08 - 71s/epoch - 1s/step
Cycle3 elapsed time: 1222.5325095653534
Starting cycle 4..
Starting parametric update..
Epoch 1/4

Epoch 00001: mean_squared_error improved from inf to 0.00000, saving model to /gpfswork/rech/ynx/uds36vp/repos/wf-SEDs/projected_learning/wf-outputs/chkp/8_bins/chkp_callback_poly_9_cycles_256_no_proj_d2_4_cycle4
63/63 - 74s - loss: 9.7267e-07 - mean_squared_error: 1.3868e-06 - val_loss: 2.1718e-08 - val_mean_squared_error: 2.1718e-08 - 74s/epoch - 1s/step
Epoch 2/4

Epoch 00002: mean_squared_error did not improve from 0.00000
63/63 - 69s - loss: 9.8521e-07 - mean_squared_error: 1.3969e-06 - val_loss: 2.6634e-08 - val_mean_squared_error: 2.6634e-08 - 69s/epoch - 1s/step
Epoch 3/4

Epoch 00003: mean_squared_error did not improve from 0.00000
63/63 - 71s - loss: 9.8063e-07 - mean_squared_error: 1.3936e-06 - val_loss: 3.7449e-08 - val_mean_squared_error: 3.7449e-08 - 71s/epoch - 1s/step
Epoch 4/4

Epoch 00004: mean_squared_error did not improve from 0.00000
63/63 - 71s - loss: 9.8398e-07 - mean_squared_error: 1.3969e-06 - val_loss: 4.2211e-08 - val_mean_squared_error: 4.2211e-08 - 71s/epoch - 1s/step
Starting non-parametric update..
Epoch 1/13

Epoch 00001: mean_squared_error did not improve from 0.00000
63/63 - 76s - loss: 9.7719e-07 - mean_squared_error: 1.3899e-06 - val_loss: 1.9618e-08 - val_mean_squared_error: 1.9618e-08 - 76s/epoch - 1s/step
Epoch 2/13

Epoch 00002: mean_squared_error improved from 0.00000 to 0.00000, saving model to /gpfswork/rech/ynx/uds36vp/repos/wf-SEDs/projected_learning/wf-outputs/chkp/8_bins/chkp_callback_poly_9_cycles_256_no_proj_d2_4_cycle4
63/63 - 72s - loss: 9.6879e-07 - mean_squared_error: 1.3836e-06 - val_loss: 1.8673e-08 - val_mean_squared_error: 1.8673e-08 - 72s/epoch - 1s/step
Epoch 3/13

Epoch 00003: mean_squared_error improved from 0.00000 to 0.00000, saving model to /gpfswork/rech/ynx/uds36vp/repos/wf-SEDs/projected_learning/wf-outputs/chkp/8_bins/chkp_callback_poly_9_cycles_256_no_proj_d2_4_cycle4
63/63 - 74s - loss: 9.6819e-07 - mean_squared_error: 1.3830e-06 - val_loss: 1.8070e-08 - val_mean_squared_error: 1.8070e-08 - 74s/epoch - 1s/step
Epoch 4/13

Epoch 00004: mean_squared_error improved from 0.00000 to 0.00000, saving model to /gpfswork/rech/ynx/uds36vp/repos/wf-SEDs/projected_learning/wf-outputs/chkp/8_bins/chkp_callback_poly_9_cycles_256_no_proj_d2_4_cycle4
63/63 - 72s - loss: 9.6767e-07 - mean_squared_error: 1.3826e-06 - val_loss: 1.8127e-08 - val_mean_squared_error: 1.8127e-08 - 72s/epoch - 1s/step
Epoch 5/13

Epoch 00005: mean_squared_error improved from 0.00000 to 0.00000, saving model to /gpfswork/rech/ynx/uds36vp/repos/wf-SEDs/projected_learning/wf-outputs/chkp/8_bins/chkp_callback_poly_9_cycles_256_no_proj_d2_4_cycle4
63/63 - 73s - loss: 9.6741e-07 - mean_squared_error: 1.3823e-06 - val_loss: 1.7845e-08 - val_mean_squared_error: 1.7845e-08 - 73s/epoch - 1s/step
Epoch 6/13

Epoch 00006: mean_squared_error improved from 0.00000 to 0.00000, saving model to /gpfswork/rech/ynx/uds36vp/repos/wf-SEDs/projected_learning/wf-outputs/chkp/8_bins/chkp_callback_poly_9_cycles_256_no_proj_d2_4_cycle4
63/63 - 74s - loss: 9.6713e-07 - mean_squared_error: 1.3819e-06 - val_loss: 1.7044e-08 - val_mean_squared_error: 1.7044e-08 - 74s/epoch - 1s/step
Epoch 7/13

Epoch 00007: mean_squared_error improved from 0.00000 to 0.00000, saving model to /gpfswork/rech/ynx/uds36vp/repos/wf-SEDs/projected_learning/wf-outputs/chkp/8_bins/chkp_callback_poly_9_cycles_256_no_proj_d2_4_cycle4
63/63 - 75s - loss: 9.6667e-07 - mean_squared_error: 1.3817e-06 - val_loss: 1.7108e-08 - val_mean_squared_error: 1.7108e-08 - 75s/epoch - 1s/step
Epoch 8/13

Epoch 00008: mean_squared_error improved from 0.00000 to 0.00000, saving model to /gpfswork/rech/ynx/uds36vp/repos/wf-SEDs/projected_learning/wf-outputs/chkp/8_bins/chkp_callback_poly_9_cycles_256_no_proj_d2_4_cycle4
63/63 - 75s - loss: 9.6614e-07 - mean_squared_error: 1.3812e-06 - val_loss: 1.6267e-08 - val_mean_squared_error: 1.6267e-08 - 75s/epoch - 1s/step
Epoch 9/13

Epoch 00009: mean_squared_error improved from 0.00000 to 0.00000, saving model to /gpfswork/rech/ynx/uds36vp/repos/wf-SEDs/projected_learning/wf-outputs/chkp/8_bins/chkp_callback_poly_9_cycles_256_no_proj_d2_4_cycle4
63/63 - 74s - loss: 9.6577e-07 - mean_squared_error: 1.3808e-06 - val_loss: 1.6174e-08 - val_mean_squared_error: 1.6174e-08 - 74s/epoch - 1s/step
Epoch 10/13

Epoch 00010: mean_squared_error improved from 0.00000 to 0.00000, saving model to /gpfswork/rech/ynx/uds36vp/repos/wf-SEDs/projected_learning/wf-outputs/chkp/8_bins/chkp_callback_poly_9_cycles_256_no_proj_d2_4_cycle4
63/63 - 73s - loss: 9.6540e-07 - mean_squared_error: 1.3806e-06 - val_loss: 1.5550e-08 - val_mean_squared_error: 1.5550e-08 - 73s/epoch - 1s/step
Epoch 11/13

Epoch 00011: mean_squared_error improved from 0.00000 to 0.00000, saving model to /gpfswork/rech/ynx/uds36vp/repos/wf-SEDs/projected_learning/wf-outputs/chkp/8_bins/chkp_callback_poly_9_cycles_256_no_proj_d2_4_cycle4
63/63 - 73s - loss: 9.6498e-07 - mean_squared_error: 1.3802e-06 - val_loss: 1.5079e-08 - val_mean_squared_error: 1.5079e-08 - 73s/epoch - 1s/step
Epoch 12/13

Epoch 00012: mean_squared_error improved from 0.00000 to 0.00000, saving model to /gpfswork/rech/ynx/uds36vp/repos/wf-SEDs/projected_learning/wf-outputs/chkp/8_bins/chkp_callback_poly_9_cycles_256_no_proj_d2_4_cycle4
63/63 - 74s - loss: 9.6481e-07 - mean_squared_error: 1.3799e-06 - val_loss: 1.5443e-08 - val_mean_squared_error: 1.5443e-08 - 74s/epoch - 1s/step
Epoch 13/13

Epoch 00013: mean_squared_error improved from 0.00000 to 0.00000, saving model to /gpfswork/rech/ynx/uds36vp/repos/wf-SEDs/projected_learning/wf-outputs/chkp/8_bins/chkp_callback_poly_9_cycles_256_no_proj_d2_4_cycle4
63/63 - 74s - loss: 9.6477e-07 - mean_squared_error: 1.3799e-06 - val_loss: 1.5997e-08 - val_mean_squared_error: 1.5997e-08 - 74s/epoch - 1s/step
Cycle4 elapsed time: 1248.5944986343384
Starting cycle 5..
Starting parametric update..
Epoch 1/4

Epoch 00001: mean_squared_error improved from inf to 0.00000, saving model to /gpfswork/rech/ynx/uds36vp/repos/wf-SEDs/projected_learning/wf-outputs/chkp/8_bins/chkp_callback_poly_9_cycles_256_no_proj_d2_4_cycle5
63/63 - 75s - loss: 9.6696e-07 - mean_squared_error: 1.3816e-06 - val_loss: 1.7121e-08 - val_mean_squared_error: 1.7121e-08 - 75s/epoch - 1s/step
Epoch 2/4

Epoch 00002: mean_squared_error did not improve from 0.00000
63/63 - 72s - loss: 9.6924e-07 - mean_squared_error: 1.3838e-06 - val_loss: 1.9489e-08 - val_mean_squared_error: 1.9489e-08 - 72s/epoch - 1s/step
Epoch 3/4

Epoch 00003: mean_squared_error did not improve from 0.00000
63/63 - 73s - loss: 9.7901e-07 - mean_squared_error: 1.3918e-06 - val_loss: 3.5531e-08 - val_mean_squared_error: 3.5531e-08 - 73s/epoch - 1s/step
Epoch 4/4

Epoch 00004: mean_squared_error did not improve from 0.00000
63/63 - 73s - loss: 9.7805e-07 - mean_squared_error: 1.3916e-06 - val_loss: 4.6784e-08 - val_mean_squared_error: 4.6784e-08 - 73s/epoch - 1s/step
Starting non-parametric update..
Epoch 1/13

Epoch 00001: mean_squared_error did not improve from 0.00000
63/63 - 78s - loss: 9.7242e-07 - mean_squared_error: 1.3867e-06 - val_loss: 1.4429e-08 - val_mean_squared_error: 1.4429e-08 - 78s/epoch - 1s/step
Epoch 2/13

Epoch 00002: mean_squared_error improved from 0.00000 to 0.00000, saving model to /gpfswork/rech/ynx/uds36vp/repos/wf-SEDs/projected_learning/wf-outputs/chkp/8_bins/chkp_callback_poly_9_cycles_256_no_proj_d2_4_cycle5
63/63 - 74s - loss: 9.6299e-07 - mean_squared_error: 1.3785e-06 - val_loss: 1.3851e-08 - val_mean_squared_error: 1.3851e-08 - 74s/epoch - 1s/step
Epoch 3/13

Epoch 00003: mean_squared_error improved from 0.00000 to 0.00000, saving model to /gpfswork/rech/ynx/uds36vp/repos/wf-SEDs/projected_learning/wf-outputs/chkp/8_bins/chkp_callback_poly_9_cycles_256_no_proj_d2_4_cycle5
63/63 - 73s - loss: 9.6273e-07 - mean_squared_error: 1.3782e-06 - val_loss: 1.3648e-08 - val_mean_squared_error: 1.3648e-08 - 73s/epoch - 1s/step
Epoch 4/13

Epoch 00004: mean_squared_error improved from 0.00000 to 0.00000, saving model to /gpfswork/rech/ynx/uds36vp/repos/wf-SEDs/projected_learning/wf-outputs/chkp/8_bins/chkp_callback_poly_9_cycles_256_no_proj_d2_4_cycle5
63/63 - 73s - loss: 9.6259e-07 - mean_squared_error: 1.3781e-06 - val_loss: 1.3599e-08 - val_mean_squared_error: 1.3599e-08 - 73s/epoch - 1s/step
Epoch 5/13

Epoch 00005: mean_squared_error improved from 0.00000 to 0.00000, saving model to /gpfswork/rech/ynx/uds36vp/repos/wf-SEDs/projected_learning/wf-outputs/chkp/8_bins/chkp_callback_poly_9_cycles_256_no_proj_d2_4_cycle5
63/63 - 75s - loss: 9.6255e-07 - mean_squared_error: 1.3781e-06 - val_loss: 1.3930e-08 - val_mean_squared_error: 1.3930e-08 - 75s/epoch - 1s/step
Epoch 6/13

Epoch 00006: mean_squared_error did not improve from 0.00000
63/63 - 76s - loss: 9.6300e-07 - mean_squared_error: 1.3783e-06 - val_loss: 1.3392e-08 - val_mean_squared_error: 1.3392e-08 - 76s/epoch - 1s/step
Epoch 7/13

Epoch 00007: mean_squared_error did not improve from 0.00000
63/63 - 75s - loss: 9.6354e-07 - mean_squared_error: 1.3786e-06 - val_loss: 1.3878e-08 - val_mean_squared_error: 1.3878e-08 - 75s/epoch - 1s/step
Epoch 8/13

Epoch 00008: mean_squared_error improved from 0.00000 to 0.00000, saving model to /gpfswork/rech/ynx/uds36vp/repos/wf-SEDs/projected_learning/wf-outputs/chkp/8_bins/chkp_callback_poly_9_cycles_256_no_proj_d2_4_cycle5
63/63 - 75s - loss: 9.6253e-07 - mean_squared_error: 1.3779e-06 - val_loss: 1.3523e-08 - val_mean_squared_error: 1.3523e-08 - 75s/epoch - 1s/step
Epoch 9/13

Epoch 00009: mean_squared_error improved from 0.00000 to 0.00000, saving model to /gpfswork/rech/ynx/uds36vp/repos/wf-SEDs/projected_learning/wf-outputs/chkp/8_bins/chkp_callback_poly_9_cycles_256_no_proj_d2_4_cycle5
63/63 - 75s - loss: 9.6208e-07 - mean_squared_error: 1.3776e-06 - val_loss: 1.2822e-08 - val_mean_squared_error: 1.2822e-08 - 75s/epoch - 1s/step
Epoch 10/13

Epoch 00010: mean_squared_error improved from 0.00000 to 0.00000, saving model to /gpfswork/rech/ynx/uds36vp/repos/wf-SEDs/projected_learning/wf-outputs/chkp/8_bins/chkp_callback_poly_9_cycles_256_no_proj_d2_4_cycle5
63/63 - 75s - loss: 9.6157e-07 - mean_squared_error: 1.3771e-06 - val_loss: 1.3033e-08 - val_mean_squared_error: 1.3033e-08 - 75s/epoch - 1s/step
Epoch 11/13

Epoch 00011: mean_squared_error did not improve from 0.00000
63/63 - 74s - loss: 9.6219e-07 - mean_squared_error: 1.3775e-06 - val_loss: 1.3224e-08 - val_mean_squared_error: 1.3224e-08 - 74s/epoch - 1s/step
Epoch 12/13

Epoch 00012: mean_squared_error improved from 0.00000 to 0.00000, saving model to /gpfswork/rech/ynx/uds36vp/repos/wf-SEDs/projected_learning/wf-outputs/chkp/8_bins/chkp_callback_poly_9_cycles_256_no_proj_d2_4_cycle5
63/63 - 74s - loss: 9.6144e-07 - mean_squared_error: 1.3770e-06 - val_loss: 1.2242e-08 - val_mean_squared_error: 1.2242e-08 - 74s/epoch - 1s/step
Epoch 13/13

Epoch 00013: mean_squared_error improved from 0.00000 to 0.00000, saving model to /gpfswork/rech/ynx/uds36vp/repos/wf-SEDs/projected_learning/wf-outputs/chkp/8_bins/chkp_callback_poly_9_cycles_256_no_proj_d2_4_cycle5
63/63 - 74s - loss: 9.6152e-07 - mean_squared_error: 1.3769e-06 - val_loss: 1.2143e-08 - val_mean_squared_error: 1.2143e-08 - 74s/epoch - 1s/step
Cycle5 elapsed time: 1269.2101769447327
Starting cycle 6..
Starting parametric update..
Epoch 1/4

Epoch 00001: mean_squared_error improved from inf to 0.00000, saving model to /gpfswork/rech/ynx/uds36vp/repos/wf-SEDs/projected_learning/wf-outputs/chkp/8_bins/chkp_callback_poly_9_cycles_256_no_proj_d2_4_cycle6
63/63 - 78s - loss: 9.6265e-07 - mean_squared_error: 1.3782e-06 - val_loss: 1.7006e-08 - val_mean_squared_error: 1.7006e-08 - 78s/epoch - 1s/step
Epoch 2/4

Epoch 00002: mean_squared_error did not improve from 0.00000
63/63 - 74s - loss: 9.6698e-07 - mean_squared_error: 1.3823e-06 - val_loss: 3.4198e-08 - val_mean_squared_error: 3.4198e-08 - 74s/epoch - 1s/step
Epoch 3/4

Epoch 00003: mean_squared_error did not improve from 0.00000
63/63 - 73s - loss: 9.9062e-07 - mean_squared_error: 1.3982e-06 - val_loss: 1.4430e-08 - val_mean_squared_error: 1.4430e-08 - 73s/epoch - 1s/step
Epoch 4/4

Epoch 00004: mean_squared_error did not improve from 0.00000
63/63 - 72s - loss: 9.6338e-07 - mean_squared_error: 1.3789e-06 - val_loss: 1.6261e-08 - val_mean_squared_error: 1.6261e-08 - 72s/epoch - 1s/step
Starting non-parametric update..
Epoch 1/13

Epoch 00001: mean_squared_error improved from 0.00000 to 0.00000, saving model to /gpfswork/rech/ynx/uds36vp/repos/wf-SEDs/projected_learning/wf-outputs/chkp/8_bins/chkp_callback_poly_9_cycles_256_no_proj_d2_4_cycle6
63/63 - 77s - loss: 9.6122e-07 - mean_squared_error: 1.3769e-06 - val_loss: 1.1630e-08 - val_mean_squared_error: 1.1630e-08 - 77s/epoch - 1s/step
Epoch 2/13

Epoch 00002: mean_squared_error improved from 0.00000 to 0.00000, saving model to /gpfswork/rech/ynx/uds36vp/repos/wf-SEDs/projected_learning/wf-outputs/chkp/8_bins/chkp_callback_poly_9_cycles_256_no_proj_d2_4_cycle6
63/63 - 74s - loss: 9.5982e-07 - mean_squared_error: 1.3757e-06 - val_loss: 1.1420e-08 - val_mean_squared_error: 1.1420e-08 - 74s/epoch - 1s/step
Epoch 3/13

Epoch 00003: mean_squared_error improved from 0.00000 to 0.00000, saving model to /gpfswork/rech/ynx/uds36vp/repos/wf-SEDs/projected_learning/wf-outputs/chkp/8_bins/chkp_callback_poly_9_cycles_256_no_proj_d2_4_cycle6
63/63 - 73s - loss: 9.5988e-07 - mean_squared_error: 1.3757e-06 - val_loss: 1.1246e-08 - val_mean_squared_error: 1.1246e-08 - 73s/epoch - 1s/step
Epoch 4/13

Epoch 00004: mean_squared_error improved from 0.00000 to 0.00000, saving model to /gpfswork/rech/ynx/uds36vp/repos/wf-SEDs/projected_learning/wf-outputs/chkp/8_bins/chkp_callback_poly_9_cycles_256_no_proj_d2_4_cycle6
63/63 - 75s - loss: 9.5978e-07 - mean_squared_error: 1.3756e-06 - val_loss: 1.1246e-08 - val_mean_squared_error: 1.1246e-08 - 75s/epoch - 1s/step
Epoch 5/13

Epoch 00005: mean_squared_error improved from 0.00000 to 0.00000, saving model to /gpfswork/rech/ynx/uds36vp/repos/wf-SEDs/projected_learning/wf-outputs/chkp/8_bins/chkp_callback_poly_9_cycles_256_no_proj_d2_4_cycle6
63/63 - 74s - loss: 9.5965e-07 - mean_squared_error: 1.3755e-06 - val_loss: 1.1131e-08 - val_mean_squared_error: 1.1131e-08 - 74s/epoch - 1s/step
Epoch 6/13

Epoch 00006: mean_squared_error improved from 0.00000 to 0.00000, saving model to /gpfswork/rech/ynx/uds36vp/repos/wf-SEDs/projected_learning/wf-outputs/chkp/8_bins/chkp_callback_poly_9_cycles_256_no_proj_d2_4_cycle6
63/63 - 74s - loss: 9.5964e-07 - mean_squared_error: 1.3755e-06 - val_loss: 1.1077e-08 - val_mean_squared_error: 1.1077e-08 - 74s/epoch - 1s/step
Epoch 7/13

Epoch 00007: mean_squared_error improved from 0.00000 to 0.00000, saving model to /gpfswork/rech/ynx/uds36vp/repos/wf-SEDs/projected_learning/wf-outputs/chkp/8_bins/chkp_callback_poly_9_cycles_256_no_proj_d2_4_cycle6
63/63 - 75s - loss: 9.5958e-07 - mean_squared_error: 1.3754e-06 - val_loss: 1.1079e-08 - val_mean_squared_error: 1.1079e-08 - 75s/epoch - 1s/step
Epoch 8/13

Epoch 00008: mean_squared_error improved from 0.00000 to 0.00000, saving model to /gpfswork/rech/ynx/uds36vp/repos/wf-SEDs/projected_learning/wf-outputs/chkp/8_bins/chkp_callback_poly_9_cycles_256_no_proj_d2_4_cycle6
63/63 - 74s - loss: 9.5966e-07 - mean_squared_error: 1.3754e-06 - val_loss: 1.1361e-08 - val_mean_squared_error: 1.1361e-08 - 74s/epoch - 1s/step
Epoch 9/13

Epoch 00009: mean_squared_error did not improve from 0.00000
63/63 - 75s - loss: 9.5984e-07 - mean_squared_error: 1.3755e-06 - val_loss: 1.0841e-08 - val_mean_squared_error: 1.0841e-08 - 75s/epoch - 1s/step
Epoch 10/13

Epoch 00010: mean_squared_error did not improve from 0.00000
63/63 - 75s - loss: 9.5979e-07 - mean_squared_error: 1.3755e-06 - val_loss: 1.1240e-08 - val_mean_squared_error: 1.1240e-08 - 75s/epoch - 1s/step
Epoch 11/13

Epoch 00011: mean_squared_error did not improve from 0.00000
63/63 - 74s - loss: 9.5975e-07 - mean_squared_error: 1.3754e-06 - val_loss: 1.0794e-08 - val_mean_squared_error: 1.0794e-08 - 74s/epoch - 1s/step
Epoch 12/13

Epoch 00012: mean_squared_error improved from 0.00000 to 0.00000, saving model to /gpfswork/rech/ynx/uds36vp/repos/wf-SEDs/projected_learning/wf-outputs/chkp/8_bins/chkp_callback_poly_9_cycles_256_no_proj_d2_4_cycle6
63/63 - 75s - loss: 9.5927e-07 - mean_squared_error: 1.3750e-06 - val_loss: 1.0573e-08 - val_mean_squared_error: 1.0573e-08 - 75s/epoch - 1s/step
Epoch 13/13

Epoch 00013: mean_squared_error improved from 0.00000 to 0.00000, saving model to /gpfswork/rech/ynx/uds36vp/repos/wf-SEDs/projected_learning/wf-outputs/chkp/8_bins/chkp_callback_poly_9_cycles_256_no_proj_d2_4_cycle6
63/63 - 74s - loss: 9.5920e-07 - mean_squared_error: 1.3749e-06 - val_loss: 1.0521e-08 - val_mean_squared_error: 1.0521e-08 - 74s/epoch - 1s/step
Cycle6 elapsed time: 1271.595065832138
Starting cycle 7..
Starting parametric update..
Epoch 1/4

Epoch 00001: mean_squared_error improved from inf to 0.00000, saving model to /gpfswork/rech/ynx/uds36vp/repos/wf-SEDs/projected_learning/wf-outputs/chkp/8_bins/chkp_callback_poly_9_cycles_256_no_proj_d2_4_cycle7
63/63 - 81s - loss: 9.5974e-07 - mean_squared_error: 1.3755e-06 - val_loss: 1.2559e-08 - val_mean_squared_error: 1.2559e-08 - 81s/epoch - 1s/step
Epoch 2/4

Epoch 00002: mean_squared_error did not improve from 0.00000
63/63 - 77s - loss: 9.6366e-07 - mean_squared_error: 1.3790e-06 - val_loss: 2.0154e-08 - val_mean_squared_error: 2.0154e-08 - 77s/epoch - 1s/step
Epoch 3/4

Epoch 00003: mean_squared_error did not improve from 0.00000
63/63 - 76s - loss: 9.7058e-07 - mean_squared_error: 1.3840e-06 - val_loss: 1.7442e-08 - val_mean_squared_error: 1.7442e-08 - 76s/epoch - 1s/step
Epoch 4/4

Epoch 00004: mean_squared_error did not improve from 0.00000
63/63 - 75s - loss: 9.7038e-07 - mean_squared_error: 1.3844e-06 - val_loss: 1.9702e-08 - val_mean_squared_error: 1.9702e-08 - 75s/epoch - 1s/step
Starting non-parametric update..
Epoch 1/13

Epoch 00001: mean_squared_error did not improve from 0.00000
63/63 - 83s - loss: 9.6114e-07 - mean_squared_error: 1.3770e-06 - val_loss: 1.0201e-08 - val_mean_squared_error: 1.0201e-08 - 83s/epoch - 1s/step
Epoch 2/13

Epoch 00002: mean_squared_error improved from 0.00000 to 0.00000, saving model to /gpfswork/rech/ynx/uds36vp/repos/wf-SEDs/projected_learning/wf-outputs/chkp/8_bins/chkp_callback_poly_9_cycles_256_no_proj_d2_4_cycle7
63/63 - 79s - loss: 9.5812e-07 - mean_squared_error: 1.3742e-06 - val_loss: 1.0090e-08 - val_mean_squared_error: 1.0090e-08 - 79s/epoch - 1s/step
Epoch 3/13

Epoch 00003: mean_squared_error improved from 0.00000 to 0.00000, saving model to /gpfswork/rech/ynx/uds36vp/repos/wf-SEDs/projected_learning/wf-outputs/chkp/8_bins/chkp_callback_poly_9_cycles_256_no_proj_d2_4_cycle7
63/63 - 80s - loss: 9.5803e-07 - mean_squared_error: 1.3741e-06 - val_loss: 9.9509e-09 - val_mean_squared_error: 9.9509e-09 - 80s/epoch - 1s/step
Epoch 4/13

Epoch 00004: mean_squared_error improved from 0.00000 to 0.00000, saving model to /gpfswork/rech/ynx/uds36vp/repos/wf-SEDs/projected_learning/wf-outputs/chkp/8_bins/chkp_callback_poly_9_cycles_256_no_proj_d2_4_cycle7
63/63 - 79s - loss: 9.5803e-07 - mean_squared_error: 1.3740e-06 - val_loss: 1.0312e-08 - val_mean_squared_error: 1.0312e-08 - 79s/epoch - 1s/step
Epoch 5/13

Epoch 00005: mean_squared_error did not improve from 0.00000
63/63 - 79s - loss: 9.5820e-07 - mean_squared_error: 1.3741e-06 - val_loss: 1.0073e-08 - val_mean_squared_error: 1.0073e-08 - 79s/epoch - 1s/step
Epoch 6/13

Epoch 00006: mean_squared_error improved from 0.00000 to 0.00000, saving model to /gpfswork/rech/ynx/uds36vp/repos/wf-SEDs/projected_learning/wf-outputs/chkp/8_bins/chkp_callback_poly_9_cycles_256_no_proj_d2_4_cycle7
63/63 - 79s - loss: 9.5801e-07 - mean_squared_error: 1.3740e-06 - val_loss: 9.8878e-09 - val_mean_squared_error: 9.8878e-09 - 79s/epoch - 1s/step
Epoch 7/13

Epoch 00007: mean_squared_error did not improve from 0.00000
63/63 - 79s - loss: 9.5796e-07 - mean_squared_error: 1.3740e-06 - val_loss: 9.9539e-09 - val_mean_squared_error: 9.9539e-09 - 79s/epoch - 1s/step
Epoch 8/13

Epoch 00008: mean_squared_error did not improve from 0.00000
63/63 - 80s - loss: 9.5818e-07 - mean_squared_error: 1.3741e-06 - val_loss: 1.0000e-08 - val_mean_squared_error: 1.0000e-08 - 80s/epoch - 1s/step
Epoch 9/13

Epoch 00009: mean_squared_error did not improve from 0.00000
63/63 - 79s - loss: 9.5826e-07 - mean_squared_error: 1.3742e-06 - val_loss: 9.6636e-09 - val_mean_squared_error: 9.6636e-09 - 79s/epoch - 1s/step
Epoch 10/13

Epoch 00010: mean_squared_error improved from 0.00000 to 0.00000, saving model to /gpfswork/rech/ynx/uds36vp/repos/wf-SEDs/projected_learning/wf-outputs/chkp/8_bins/chkp_callback_poly_9_cycles_256_no_proj_d2_4_cycle7
63/63 - 79s - loss: 9.5790e-07 - mean_squared_error: 1.3738e-06 - val_loss: 9.5700e-09 - val_mean_squared_error: 9.5700e-09 - 79s/epoch - 1s/step
Epoch 11/13

Epoch 00011: mean_squared_error improved from 0.00000 to 0.00000, saving model to /gpfswork/rech/ynx/uds36vp/repos/wf-SEDs/projected_learning/wf-outputs/chkp/8_bins/chkp_callback_poly_9_cycles_256_no_proj_d2_4_cycle7
63/63 - 79s - loss: 9.5781e-07 - mean_squared_error: 1.3738e-06 - val_loss: 9.7226e-09 - val_mean_squared_error: 9.7226e-09 - 79s/epoch - 1s/step
Epoch 12/13

Epoch 00012: mean_squared_error did not improve from 0.00000
63/63 - 80s - loss: 9.5913e-07 - mean_squared_error: 1.3747e-06 - val_loss: 1.0201e-08 - val_mean_squared_error: 1.0201e-08 - 80s/epoch - 1s/step
Epoch 13/13

Epoch 00013: mean_squared_error improved from 0.00000 to 0.00000, saving model to /gpfswork/rech/ynx/uds36vp/repos/wf-SEDs/projected_learning/wf-outputs/chkp/8_bins/chkp_callback_poly_9_cycles_256_no_proj_d2_4_cycle7
63/63 - 80s - loss: 9.5756e-07 - mean_squared_error: 1.3735e-06 - val_loss: 9.6262e-09 - val_mean_squared_error: 9.6262e-09 - 80s/epoch - 1s/step
Cycle7 elapsed time: 1349.2860538959503
Starting cycle 8..
Starting parametric update..
Epoch 1/4

Epoch 00001: mean_squared_error improved from inf to 0.00000, saving model to /gpfswork/rech/ynx/uds36vp/repos/wf-SEDs/projected_learning/wf-outputs/chkp/8_bins/chkp_callback_poly_9_cycles_256_no_proj_d2_4_cycle8
63/63 - 74s - loss: 9.5831e-07 - mean_squared_error: 1.3743e-06 - val_loss: 1.2266e-08 - val_mean_squared_error: 1.2266e-08 - 74s/epoch - 1s/step
Epoch 2/4

Epoch 00002: mean_squared_error did not improve from 0.00000
63/63 - 71s - loss: 9.6250e-07 - mean_squared_error: 1.3779e-06 - val_loss: 1.4441e-08 - val_mean_squared_error: 1.4441e-08 - 71s/epoch - 1s/step
Epoch 3/4

Epoch 00003: mean_squared_error did not improve from 0.00000
63/63 - 72s - loss: 9.6165e-07 - mean_squared_error: 1.3770e-06 - val_loss: 1.6708e-08 - val_mean_squared_error: 1.6708e-08 - 72s/epoch - 1s/step
Epoch 4/4

Epoch 00004: mean_squared_error did not improve from 0.00000
63/63 - 73s - loss: 9.6532e-07 - mean_squared_error: 1.3802e-06 - val_loss: 4.7627e-08 - val_mean_squared_error: 4.7627e-08 - 73s/epoch - 1s/step
Starting non-parametric update..
Epoch 1/13

Epoch 00001: mean_squared_error did not improve from 0.00000
63/63 - 79s - loss: 9.6891e-07 - mean_squared_error: 1.3830e-06 - val_loss: 1.0402e-08 - val_mean_squared_error: 1.0402e-08 - 79s/epoch - 1s/step
Epoch 2/13

Epoch 00002: mean_squared_error improved from 0.00000 to 0.00000, saving model to /gpfswork/rech/ynx/uds36vp/repos/wf-SEDs/projected_learning/wf-outputs/chkp/8_bins/chkp_callback_poly_9_cycles_256_no_proj_d2_4_cycle8
63/63 - 77s - loss: 9.5753e-07 - mean_squared_error: 1.3736e-06 - val_loss: 9.3767e-09 - val_mean_squared_error: 9.3767e-09 - 77s/epoch - 1s/step
Epoch 3/13

Epoch 00003: mean_squared_error improved from 0.00000 to 0.00000, saving model to /gpfswork/rech/ynx/uds36vp/repos/wf-SEDs/projected_learning/wf-outputs/chkp/8_bins/chkp_callback_poly_9_cycles_256_no_proj_d2_4_cycle8
63/63 - 77s - loss: 9.5705e-07 - mean_squared_error: 1.3732e-06 - val_loss: 9.1972e-09 - val_mean_squared_error: 9.1972e-09 - 77s/epoch - 1s/step
Epoch 4/13

Epoch 00004: mean_squared_error improved from 0.00000 to 0.00000, saving model to /gpfswork/rech/ynx/uds36vp/repos/wf-SEDs/projected_learning/wf-outputs/chkp/8_bins/chkp_callback_poly_9_cycles_256_no_proj_d2_4_cycle8
63/63 - 78s - loss: 9.5698e-07 - mean_squared_error: 1.3731e-06 - val_loss: 9.1637e-09 - val_mean_squared_error: 9.1637e-09 - 78s/epoch - 1s/step
Epoch 5/13

Epoch 00005: mean_squared_error did not improve from 0.00000
63/63 - 78s - loss: 9.5705e-07 - mean_squared_error: 1.3731e-06 - val_loss: 9.2440e-09 - val_mean_squared_error: 9.2440e-09 - 78s/epoch - 1s/step
Epoch 6/13

Epoch 00006: mean_squared_error improved from 0.00000 to 0.00000, saving model to /gpfswork/rech/ynx/uds36vp/repos/wf-SEDs/projected_learning/wf-outputs/chkp/8_bins/chkp_callback_poly_9_cycles_256_no_proj_d2_4_cycle8
63/63 - 77s - loss: 9.5694e-07 - mean_squared_error: 1.3730e-06 - val_loss: 8.9823e-09 - val_mean_squared_error: 8.9823e-09 - 77s/epoch - 1s/step
Epoch 7/13

Epoch 00007: mean_squared_error improved from 0.00000 to 0.00000, saving model to /gpfswork/rech/ynx/uds36vp/repos/wf-SEDs/projected_learning/wf-outputs/chkp/8_bins/chkp_callback_poly_9_cycles_256_no_proj_d2_4_cycle8
63/63 - 77s - loss: 9.5691e-07 - mean_squared_error: 1.3730e-06 - val_loss: 9.0481e-09 - val_mean_squared_error: 9.0481e-09 - 77s/epoch - 1s/step
Epoch 8/13

Epoch 00008: mean_squared_error did not improve from 0.00000
63/63 - 77s - loss: 9.5709e-07 - mean_squared_error: 1.3731e-06 - val_loss: 9.0587e-09 - val_mean_squared_error: 9.0587e-09 - 77s/epoch - 1s/step
Epoch 9/13

Epoch 00009: mean_squared_error improved from 0.00000 to 0.00000, saving model to /gpfswork/rech/ynx/uds36vp/repos/wf-SEDs/projected_learning/wf-outputs/chkp/8_bins/chkp_callback_poly_9_cycles_256_no_proj_d2_4_cycle8
63/63 - 77s - loss: 9.5683e-07 - mean_squared_error: 1.3729e-06 - val_loss: 9.0245e-09 - val_mean_squared_error: 9.0245e-09 - 77s/epoch - 1s/step
Epoch 10/13

Epoch 00010: mean_squared_error did not improve from 0.00000
63/63 - 77s - loss: 9.5692e-07 - mean_squared_error: 1.3729e-06 - val_loss: 9.1910e-09 - val_mean_squared_error: 9.1910e-09 - 77s/epoch - 1s/step
Epoch 11/13

Epoch 00011: mean_squared_error improved from 0.00000 to 0.00000, saving model to /gpfswork/rech/ynx/uds36vp/repos/wf-SEDs/projected_learning/wf-outputs/chkp/8_bins/chkp_callback_poly_9_cycles_256_no_proj_d2_4_cycle8
63/63 - 78s - loss: 9.5669e-07 - mean_squared_error: 1.3728e-06 - val_loss: 8.8598e-09 - val_mean_squared_error: 8.8598e-09 - 78s/epoch - 1s/step
Epoch 12/13

Epoch 00012: mean_squared_error did not improve from 0.00000
63/63 - 77s - loss: 9.5708e-07 - mean_squared_error: 1.3731e-06 - val_loss: 8.8569e-09 - val_mean_squared_error: 8.8569e-09 - 77s/epoch - 1s/step
Epoch 13/13

Epoch 00013: mean_squared_error did not improve from 0.00000
63/63 - 78s - loss: 9.5700e-07 - mean_squared_error: 1.3730e-06 - val_loss: 9.5294e-09 - val_mean_squared_error: 9.5294e-09 - 78s/epoch - 1s/step
Cycle8 elapsed time: 1302.8290932178497
Starting cycle 9..
Starting parametric update..
Epoch 1/10

Epoch 00001: mean_squared_error improved from inf to 0.00000, saving model to /gpfswork/rech/ynx/uds36vp/repos/wf-SEDs/projected_learning/wf-outputs/chkp/8_bins/chkp_callback_poly_9_cycles_256_no_proj_d2_4_cycle9
63/63 - 77s - loss: 9.5731e-07 - mean_squared_error: 1.3733e-06 - val_loss: 9.8788e-09 - val_mean_squared_error: 9.8788e-09 - 77s/epoch - 1s/step
Epoch 2/10

Epoch 00002: mean_squared_error did not improve from 0.00000
63/63 - 73s - loss: 9.5886e-07 - mean_squared_error: 1.3746e-06 - val_loss: 1.3666e-08 - val_mean_squared_error: 1.3666e-08 - 73s/epoch - 1s/step
Epoch 3/10

Epoch 00003: mean_squared_error did not improve from 0.00000
63/63 - 74s - loss: 9.6511e-07 - mean_squared_error: 1.3798e-06 - val_loss: 1.2125e-08 - val_mean_squared_error: 1.2125e-08 - 74s/epoch - 1s/step
Epoch 4/10

Epoch 00004: mean_squared_error did not improve from 0.00000
63/63 - 74s - loss: 9.6017e-07 - mean_squared_error: 1.3756e-06 - val_loss: 1.3888e-08 - val_mean_squared_error: 1.3888e-08 - 74s/epoch - 1s/step
Epoch 5/10

Epoch 00005: mean_squared_error did not improve from 0.00000
63/63 - 74s - loss: 9.6557e-07 - mean_squared_error: 1.3804e-06 - val_loss: 3.6106e-08 - val_mean_squared_error: 3.6106e-08 - 74s/epoch - 1s/step
Epoch 6/10

Epoch 00006: mean_squared_error did not improve from 0.00000
63/63 - 73s - loss: 9.6846e-07 - mean_squared_error: 1.3826e-06 - val_loss: 1.6818e-08 - val_mean_squared_error: 1.6818e-08 - 73s/epoch - 1s/step
Epoch 7/10

Epoch 00007: mean_squared_error did not improve from 0.00000
63/63 - 73s - loss: 9.8971e-07 - mean_squared_error: 1.3991e-06 - val_loss: 1.4072e-08 - val_mean_squared_error: 1.4072e-08 - 73s/epoch - 1s/step
Epoch 8/10

Epoch 00008: mean_squared_error did not improve from 0.00000
63/63 - 73s - loss: 9.6014e-07 - mean_squared_error: 1.3757e-06 - val_loss: 1.5753e-08 - val_mean_squared_error: 1.5753e-08 - 73s/epoch - 1s/step
Epoch 9/10

Epoch 00009: mean_squared_error did not improve from 0.00000
63/63 - 74s - loss: 9.6421e-07 - mean_squared_error: 1.3792e-06 - val_loss: 1.3703e-08 - val_mean_squared_error: 1.3703e-08 - 74s/epoch - 1s/step
Epoch 10/10

Epoch 00010: mean_squared_error did not improve from 0.00000
63/63 - 74s - loss: 9.6422e-07 - mean_squared_error: 1.3795e-06 - val_loss: 3.7989e-08 - val_mean_squared_error: 3.7989e-08 - 74s/epoch - 1s/step
Starting non-parametric update..
Epoch 1/50

Epoch 00001: mean_squared_error did not improve from 0.00000
63/63 - 75s - loss: 9.6350e-07 - mean_squared_error: 1.3788e-06 - val_loss: 9.0312e-09 - val_mean_squared_error: 9.0312e-09 - 75s/epoch - 1s/step
Epoch 2/50

Epoch 00002: mean_squared_error improved from 0.00000 to 0.00000, saving model to /gpfswork/rech/ynx/uds36vp/repos/wf-SEDs/projected_learning/wf-outputs/chkp/8_bins/chkp_callback_poly_9_cycles_256_no_proj_d2_4_cycle9
63/63 - 74s - loss: 9.5623e-07 - mean_squared_error: 1.3724e-06 - val_loss: 8.6194e-09 - val_mean_squared_error: 8.6194e-09 - 74s/epoch - 1s/step
Epoch 3/50

Epoch 00003: mean_squared_error improved from 0.00000 to 0.00000, saving model to /gpfswork/rech/ynx/uds36vp/repos/wf-SEDs/projected_learning/wf-outputs/chkp/8_bins/chkp_callback_poly_9_cycles_256_no_proj_d2_4_cycle9
63/63 - 72s - loss: 9.5606e-07 - mean_squared_error: 1.3722e-06 - val_loss: 8.5671e-09 - val_mean_squared_error: 8.5671e-09 - 72s/epoch - 1s/step
Epoch 4/50

Epoch 00004: mean_squared_error did not improve from 0.00000
63/63 - 73s - loss: 9.5608e-07 - mean_squared_error: 1.3723e-06 - val_loss: 8.6316e-09 - val_mean_squared_error: 8.6316e-09 - 73s/epoch - 1s/step
Epoch 5/50

Epoch 00005: mean_squared_error improved from 0.00000 to 0.00000, saving model to /gpfswork/rech/ynx/uds36vp/repos/wf-SEDs/projected_learning/wf-outputs/chkp/8_bins/chkp_callback_poly_9_cycles_256_no_proj_d2_4_cycle9
63/63 - 74s - loss: 9.5593e-07 - mean_squared_error: 1.3721e-06 - val_loss: 8.4548e-09 - val_mean_squared_error: 8.4548e-09 - 74s/epoch - 1s/step
Epoch 6/50

Epoch 00006: mean_squared_error did not improve from 0.00000
63/63 - 72s - loss: 9.5597e-07 - mean_squared_error: 1.3722e-06 - val_loss: 8.2634e-09 - val_mean_squared_error: 8.2634e-09 - 72s/epoch - 1s/step
Epoch 7/50

Epoch 00007: mean_squared_error improved from 0.00000 to 0.00000, saving model to /gpfswork/rech/ynx/uds36vp/repos/wf-SEDs/projected_learning/wf-outputs/chkp/8_bins/chkp_callback_poly_9_cycles_256_no_proj_d2_4_cycle9
63/63 - 74s - loss: 9.5592e-07 - mean_squared_error: 1.3721e-06 - val_loss: 8.4696e-09 - val_mean_squared_error: 8.4696e-09 - 74s/epoch - 1s/step
Epoch 8/50

Epoch 00008: mean_squared_error did not improve from 0.00000
63/63 - 73s - loss: 9.5608e-07 - mean_squared_error: 1.3722e-06 - val_loss: 8.7736e-09 - val_mean_squared_error: 8.7736e-09 - 73s/epoch - 1s/step
Epoch 9/50

Epoch 00009: mean_squared_error did not improve from 0.00000
63/63 - 73s - loss: 9.5610e-07 - mean_squared_error: 1.3722e-06 - val_loss: 8.5403e-09 - val_mean_squared_error: 8.5403e-09 - 73s/epoch - 1s/step
Epoch 10/50

Epoch 00010: mean_squared_error did not improve from 0.00000
63/63 - 73s - loss: 9.5604e-07 - mean_squared_error: 1.3721e-06 - val_loss: 8.3605e-09 - val_mean_squared_error: 8.3605e-09 - 73s/epoch - 1s/step
Epoch 11/50

Epoch 00011: mean_squared_error did not improve from 0.00000
63/63 - 73s - loss: 9.5607e-07 - mean_squared_error: 1.3722e-06 - val_loss: 8.1189e-09 - val_mean_squared_error: 8.1189e-09 - 73s/epoch - 1s/step
Epoch 12/50

Epoch 00012: mean_squared_error did not improve from 0.00000
63/63 - 72s - loss: 9.5616e-07 - mean_squared_error: 1.3722e-06 - val_loss: 8.9998e-09 - val_mean_squared_error: 8.9998e-09 - 72s/epoch - 1s/step
Epoch 13/50

Epoch 00013: mean_squared_error did not improve from 0.00000
63/63 - 72s - loss: 9.5623e-07 - mean_squared_error: 1.3722e-06 - val_loss: 8.7897e-09 - val_mean_squared_error: 8.7897e-09 - 72s/epoch - 1s/step
Epoch 14/50

Epoch 00014: mean_squared_error did not improve from 0.00000
63/63 - 74s - loss: 9.5625e-07 - mean_squared_error: 1.3723e-06 - val_loss: 8.5474e-09 - val_mean_squared_error: 8.5474e-09 - 74s/epoch - 1s/step
Epoch 15/50

Epoch 00015: mean_squared_error did not improve from 0.00000
63/63 - 73s - loss: 9.5624e-07 - mean_squared_error: 1.3722e-06 - val_loss: 8.3185e-09 - val_mean_squared_error: 8.3185e-09 - 73s/epoch - 1s/step
Epoch 16/50

Epoch 00016: mean_squared_error improved from 0.00000 to 0.00000, saving model to /gpfswork/rech/ynx/uds36vp/repos/wf-SEDs/projected_learning/wf-outputs/chkp/8_bins/chkp_callback_poly_9_cycles_256_no_proj_d2_4_cycle9
63/63 - 74s - loss: 9.5593e-07 - mean_squared_error: 1.3720e-06 - val_loss: 8.5960e-09 - val_mean_squared_error: 8.5960e-09 - 74s/epoch - 1s/step
Epoch 17/50

Epoch 00017: mean_squared_error improved from 0.00000 to 0.00000, saving model to /gpfswork/rech/ynx/uds36vp/repos/wf-SEDs/projected_learning/wf-outputs/chkp/8_bins/chkp_callback_poly_9_cycles_256_no_proj_d2_4_cycle9
63/63 - 73s - loss: 9.5595e-07 - mean_squared_error: 1.3719e-06 - val_loss: 8.0836e-09 - val_mean_squared_error: 8.0836e-09 - 73s/epoch - 1s/step
Epoch 18/50

Epoch 00018: mean_squared_error did not improve from 0.00000
63/63 - 73s - loss: 9.5828e-07 - mean_squared_error: 1.3736e-06 - val_loss: 9.4037e-09 - val_mean_squared_error: 9.4037e-09 - 73s/epoch - 1s/step
Epoch 19/50

Epoch 00019: mean_squared_error did not improve from 0.00000
63/63 - 73s - loss: 9.5653e-07 - mean_squared_error: 1.3724e-06 - val_loss: 7.8839e-09 - val_mean_squared_error: 7.8839e-09 - 73s/epoch - 1s/step
Epoch 20/50

Epoch 00020: mean_squared_error improved from 0.00000 to 0.00000, saving model to /gpfswork/rech/ynx/uds36vp/repos/wf-SEDs/projected_learning/wf-outputs/chkp/8_bins/chkp_callback_poly_9_cycles_256_no_proj_d2_4_cycle9
63/63 - 74s - loss: 9.5569e-07 - mean_squared_error: 1.3718e-06 - val_loss: 7.7643e-09 - val_mean_squared_error: 7.7643e-09 - 74s/epoch - 1s/step
Epoch 21/50

Epoch 00021: mean_squared_error improved from 0.00000 to 0.00000, saving model to /gpfswork/rech/ynx/uds36vp/repos/wf-SEDs/projected_learning/wf-outputs/chkp/8_bins/chkp_callback_poly_9_cycles_256_no_proj_d2_4_cycle9
63/63 - 74s - loss: 9.5567e-07 - mean_squared_error: 1.3717e-06 - val_loss: 8.3014e-09 - val_mean_squared_error: 8.3014e-09 - 74s/epoch - 1s/step
Epoch 22/50

Epoch 00022: mean_squared_error did not improve from 0.00000
63/63 - 73s - loss: 9.5594e-07 - mean_squared_error: 1.3720e-06 - val_loss: 8.2178e-09 - val_mean_squared_error: 8.2178e-09 - 73s/epoch - 1s/step
Epoch 23/50

Epoch 00023: mean_squared_error improved from 0.00000 to 0.00000, saving model to /gpfswork/rech/ynx/uds36vp/repos/wf-SEDs/projected_learning/wf-outputs/chkp/8_bins/chkp_callback_poly_9_cycles_256_no_proj_d2_4_cycle9
63/63 - 74s - loss: 9.5545e-07 - mean_squared_error: 1.3715e-06 - val_loss: 8.0413e-09 - val_mean_squared_error: 8.0413e-09 - 74s/epoch - 1s/step
Epoch 24/50

Epoch 00024: mean_squared_error did not improve from 0.00000
63/63 - 74s - loss: 9.5574e-07 - mean_squared_error: 1.3718e-06 - val_loss: 8.2586e-09 - val_mean_squared_error: 8.2586e-09 - 74s/epoch - 1s/step
Epoch 25/50

Epoch 00025: mean_squared_error improved from 0.00000 to 0.00000, saving model to /gpfswork/rech/ynx/uds36vp/repos/wf-SEDs/projected_learning/wf-outputs/chkp/8_bins/chkp_callback_poly_9_cycles_256_no_proj_d2_4_cycle9
63/63 - 73s - loss: 9.5535e-07 - mean_squared_error: 1.3715e-06 - val_loss: 8.1183e-09 - val_mean_squared_error: 8.1183e-09 - 73s/epoch - 1s/step
Epoch 26/50

Epoch 00026: mean_squared_error did not improve from 0.00000
63/63 - 72s - loss: 9.5546e-07 - mean_squared_error: 1.3715e-06 - val_loss: 7.9611e-09 - val_mean_squared_error: 7.9611e-09 - 72s/epoch - 1s/step
Epoch 27/50

Epoch 00027: mean_squared_error did not improve from 0.00000
63/63 - 72s - loss: 9.5548e-07 - mean_squared_error: 1.3715e-06 - val_loss: 8.9957e-09 - val_mean_squared_error: 8.9957e-09 - 72s/epoch - 1s/step
Epoch 28/50

Epoch 00028: mean_squared_error did not improve from 0.00000
63/63 - 72s - loss: 9.5581e-07 - mean_squared_error: 1.3718e-06 - val_loss: 7.7729e-09 - val_mean_squared_error: 7.7729e-09 - 72s/epoch - 1s/step
Epoch 29/50

Epoch 00029: mean_squared_error did not improve from 0.00000
63/63 - 73s - loss: 9.5563e-07 - mean_squared_error: 1.3716e-06 - val_loss: 8.4308e-09 - val_mean_squared_error: 8.4308e-09 - 73s/epoch - 1s/step
Epoch 30/50

Epoch 00030: mean_squared_error did not improve from 0.00000
63/63 - 74s - loss: 9.5625e-07 - mean_squared_error: 1.3720e-06 - val_loss: 8.1189e-09 - val_mean_squared_error: 8.1189e-09 - 74s/epoch - 1s/step
Epoch 31/50

Epoch 00031: mean_squared_error did not improve from 0.00000
63/63 - 74s - loss: 9.5567e-07 - mean_squared_error: 1.3716e-06 - val_loss: 8.6173e-09 - val_mean_squared_error: 8.6173e-09 - 74s/epoch - 1s/step
Epoch 32/50

Epoch 00032: mean_squared_error did not improve from 0.00000
63/63 - 72s - loss: 9.5669e-07 - mean_squared_error: 1.3722e-06 - val_loss: 9.4322e-09 - val_mean_squared_error: 9.4322e-09 - 72s/epoch - 1s/step
Epoch 33/50

Epoch 00033: mean_squared_error did not improve from 0.00000
63/63 - 72s - loss: 9.5666e-07 - mean_squared_error: 1.3724e-06 - val_loss: 7.8834e-09 - val_mean_squared_error: 7.8834e-09 - 72s/epoch - 1s/step
Epoch 34/50

Epoch 00034: mean_squared_error did not improve from 0.00000
63/63 - 73s - loss: 9.5777e-07 - mean_squared_error: 1.3732e-06 - val_loss: 7.7718e-09 - val_mean_squared_error: 7.7718e-09 - 73s/epoch - 1s/step
Epoch 35/50

Epoch 00035: mean_squared_error did not improve from 0.00000
63/63 - 73s - loss: 9.5615e-07 - mean_squared_error: 1.3720e-06 - val_loss: 8.2972e-09 - val_mean_squared_error: 8.2972e-09 - 73s/epoch - 1s/step
Epoch 36/50

Epoch 00036: mean_squared_error did not improve from 0.00000
63/63 - 74s - loss: 9.5611e-07 - mean_squared_error: 1.3719e-06 - val_loss: 8.6748e-09 - val_mean_squared_error: 8.6748e-09 - 74s/epoch - 1s/step
Epoch 37/50

Epoch 00037: mean_squared_error did not improve from 0.00000
63/63 - 74s - loss: 9.5679e-07 - mean_squared_error: 1.3725e-06 - val_loss: 9.7178e-09 - val_mean_squared_error: 9.7178e-09 - 74s/epoch - 1s/step
Epoch 38/50

Epoch 00038: mean_squared_error did not improve from 0.00000
63/63 - 72s - loss: 9.5628e-07 - mean_squared_error: 1.3721e-06 - val_loss: 7.4387e-09 - val_mean_squared_error: 7.4387e-09 - 72s/epoch - 1s/step
Epoch 39/50

Epoch 00039: mean_squared_error improved from 0.00000 to 0.00000, saving model to /gpfswork/rech/ynx/uds36vp/repos/wf-SEDs/projected_learning/wf-outputs/chkp/8_bins/chkp_callback_poly_9_cycles_256_no_proj_d2_4_cycle9
63/63 - 73s - loss: 9.5490e-07 - mean_squared_error: 1.3710e-06 - val_loss: 7.2234e-09 - val_mean_squared_error: 7.2234e-09 - 73s/epoch - 1s/step
Epoch 40/50

Epoch 00040: mean_squared_error did not improve from 0.00000
63/63 - 72s - loss: 9.5509e-07 - mean_squared_error: 1.3710e-06 - val_loss: 8.0977e-09 - val_mean_squared_error: 8.0977e-09 - 72s/epoch - 1s/step
Epoch 41/50

Epoch 00041: mean_squared_error improved from 0.00000 to 0.00000, saving model to /gpfswork/rech/ynx/uds36vp/repos/wf-SEDs/projected_learning/wf-outputs/chkp/8_bins/chkp_callback_poly_9_cycles_256_no_proj_d2_4_cycle9
63/63 - 74s - loss: 9.5496e-07 - mean_squared_error: 1.3710e-06 - val_loss: 7.0352e-09 - val_mean_squared_error: 7.0352e-09 - 74s/epoch - 1s/step
Epoch 42/50

Epoch 00042: mean_squared_error improved from 0.00000 to 0.00000, saving model to /gpfswork/rech/ynx/uds36vp/repos/wf-SEDs/projected_learning/wf-outputs/chkp/8_bins/chkp_callback_poly_9_cycles_256_no_proj_d2_4_cycle9
63/63 - 74s - loss: 9.5467e-07 - mean_squared_error: 1.3707e-06 - val_loss: 7.8571e-09 - val_mean_squared_error: 7.8571e-09 - 74s/epoch - 1s/step
Epoch 43/50

Epoch 00043: mean_squared_error did not improve from 0.00000
63/63 - 74s - loss: 9.6367e-07 - mean_squared_error: 1.3772e-06 - val_loss: 1.4630e-08 - val_mean_squared_error: 1.4630e-08 - 74s/epoch - 1s/step
Epoch 44/50

Epoch 00044: mean_squared_error did not improve from 0.00000
63/63 - 73s - loss: 9.5652e-07 - mean_squared_error: 1.3723e-06 - val_loss: 8.1753e-09 - val_mean_squared_error: 8.1753e-09 - 73s/epoch - 1s/step
Epoch 45/50

Epoch 00045: mean_squared_error did not improve from 0.00000
63/63 - 72s - loss: 9.5526e-07 - mean_squared_error: 1.3713e-06 - val_loss: 7.4034e-09 - val_mean_squared_error: 7.4034e-09 - 72s/epoch - 1s/step
Epoch 46/50

Epoch 00046: mean_squared_error did not improve from 0.00000
63/63 - 73s - loss: 9.5520e-07 - mean_squared_error: 1.3711e-06 - val_loss: 8.2538e-09 - val_mean_squared_error: 8.2538e-09 - 73s/epoch - 1s/step
Epoch 47/50

Epoch 00047: mean_squared_error did not improve from 0.00000
63/63 - 72s - loss: 9.5677e-07 - mean_squared_error: 1.3723e-06 - val_loss: 8.4446e-09 - val_mean_squared_error: 8.4446e-09 - 72s/epoch - 1s/step
Epoch 48/50

Epoch 00048: mean_squared_error did not improve from 0.00000
63/63 - 73s - loss: 9.5798e-07 - mean_squared_error: 1.3731e-06 - val_loss: 7.5589e-09 - val_mean_squared_error: 7.5589e-09 - 73s/epoch - 1s/step
Epoch 49/50

Epoch 00049: mean_squared_error did not improve from 0.00000
63/63 - 73s - loss: 9.5516e-07 - mean_squared_error: 1.3711e-06 - val_loss: 9.8546e-09 - val_mean_squared_error: 9.8546e-09 - 73s/epoch - 1s/step
Epoch 50/50

Epoch 00050: mean_squared_error did not improve from 0.00000
63/63 - 72s - loss: 9.6217e-07 - mean_squared_error: 1.3763e-06 - val_loss: 4.8455e-08 - val_mean_squared_error: 4.8455e-08 - 72s/epoch - 1s/step
Cycle9 elapsed time: 4397.185850858688

Total elapsed time: 14580.186394

 Good bye..
