Starting the log file.
Found GPU at: /device:GPU:0
tf_version: 2.7.0
Dataset parameters:
{'d_max': 2, 'max_order': 45, 'x_lims': [0, 1000.0], 'y_lims': [0, 1000.0], 'grid_points': [4, 4], 'n_bins': 350, 'max_wfe_rms': 0.1, 'oversampling_rate': 3.0, 'output_Q': 3.0, 'output_dim': 32, 'LP_filter_length': 2, 'pupil_diameter': 256, 'euclid_obsc': True, 'n_stars': 2000}

***
Metric evaluation on the test dataset
***

Absolute RMSE:	 1.5871e-04 	 +/- 3.0235e-05
Relative RMSE:	 2.1460e+00 % 	 +/- 5.8007e-01 %
Absolute RMSE:	 1.4661e-01 	 +/- 2.5698e-02
Relative RMSE:	 1.8674e+02 % 	 +/- 1.2686e+01 %

Pixel star absolute RMSE:	 7.8629e-05 	 +/- 2.8681e-05 
Pixel star relative RMSE:	 5.2467e+00 % 	 +/- 2.2118e+00 %

sigma(e1) RMSE =		 1.6725e-02 	 +/- 1.4185e-02 
sigma(e2) RMSE =		 8.0329e-03 	 +/- 6.7648e-03 
sigma(R2)/<R2> =		 3.6689e-02 	 +/- 2.9741e-02 

Relative sigma(e1) RMSE =	 2.9761e+02 % 	 +/- 2.9700e+02 %
Relative sigma(e2) RMSE =	 1.7281e+03 % 	 +/- 1.7250e+03 %

Total number of stars: 		400
Problematic number of stars: 	1

***
Metric evaluation on the train dataset
***

Absolute RMSE:	 1.5784e-04 	 +/- 3.2426e-05
Relative RMSE:	 2.1451e+00 % 	 +/- 6.8142e-01 %
Absolute RMSE:	 1.4689e-01 	 +/- 2.6335e-02
Relative RMSE:	 1.8761e+02 % 	 +/- 1.3488e+01 %

Pixel star absolute RMSE:	 7.8409e-05 	 +/- 2.8408e-05 
Pixel star relative RMSE:	 5.2479e+00 % 	 +/- 2.2730e+00 %

sigma(e1) RMSE =		 1.6820e-02 	 +/- 1.4193e-02 
sigma(e2) RMSE =		 8.6375e-03 	 +/- 7.6738e-03 
sigma(R2)/<R2> =		 6.5706e-02 	 +/- 3.3039e-02 

Relative sigma(e1) RMSE =	 3.4260e+03 % 	 +/- 3.4241e+03 %
Relative sigma(e2) RMSE =	 1.6809e+04 % 	 +/- 1.6805e+04 %

Total number of stars: 		2000
Problematic number of stars: 	1

Total elapsed time: 1950.229788

 Good bye..
