Starting the log file.
Found GPU at: /device:GPU:0
tf_version: 2.7.0
Dataset parameters:
{'d_max': 2, 'max_order': 45, 'x_lims': [0, 1000.0], 'y_lims': [0, 1000.0], 'grid_points': [4, 4], 'n_bins': 8, 'max_wfe_rms': 0.1, 'oversampling_rate': 3.0, 'output_Q': 3.0, 'output_dim': 32, 'LP_filter_length': 2, 'pupil_diameter': 128, 'euclid_obsc': True, 'n_stars': 6000}

***
Metric evaluation on the test dataset
***

Absolute RMSE:	 2.3599e-04 	 +/- 3.8322e-05
Relative RMSE:	 3.1906e+00 % 	 +/- 8.9661e-01 %
Absolute RMSE:	 1.6326e-01 	 +/- 2.0626e-02
Relative RMSE:	 2.1570e+02 % 	 +/- 1.6859e+01 %

Pixel star absolute RMSE:	 9.5710e-05 	 +/- 2.1791e-05 
Pixel star relative RMSE:	 6.3022e+00 % 	 +/- 1.8348e+00 %

sigma(e1) RMSE =		 2.5072e-02 	 +/- 1.9597e-02 
sigma(e2) RMSE =		 8.2255e-03 	 +/- 7.5961e-03 
sigma(R2)/<R2> =		 3.9500e-01 	 +/- 3.5718e-01 

Relative sigma(e1) RMSE =	 2.8271e+04 % 	 +/- 2.8253e+04 %
Relative sigma(e2) RMSE =	 2.8545e+03 % 	 +/- 2.8539e+03 %

Total number of stars: 		2000
Problematic number of stars: 	1

***
Metric evaluation on the train dataset
***

Absolute RMSE:	 2.3632e-04 	 +/- 3.7848e-05
Relative RMSE:	 3.1893e+00 % 	 +/- 8.8780e-01 %
Absolute RMSE:	 1.6260e-01 	 +/- 2.0635e-02
Relative RMSE:	 2.1581e+02 % 	 +/- 1.6628e+01 %

Pixel star absolute RMSE:	 9.6157e-05 	 +/- 2.1602e-05 
Pixel star relative RMSE:	 6.3120e+00 % 	 +/- 1.8210e+00 %

sigma(e1) RMSE =		 2.4748e-02 	 +/- 1.8948e-02 
sigma(e2) RMSE =		 8.2526e-03 	 +/- 7.7465e-03 
sigma(R2)/<R2> =		 3.9214e-01 	 +/- 3.7752e-01 

Relative sigma(e1) RMSE =	 1.3711e+04 % 	 +/- 1.3711e+04 %
Relative sigma(e2) RMSE =	 3.7322e+04 % 	 +/- 3.7319e+04 %

Total number of stars: 		6000
Problematic number of stars: 	0

Total elapsed time: 6168.239757

 Good bye..
