Starting the log file.
Found GPU at: /device:GPU:0
tf_version: 2.7.0
Dataset parameters:
{'d_max': 2, 'max_order': 45, 'x_lims': [0, 1000.0], 'y_lims': [0, 1000.0], 'grid_points': [4, 4], 'n_bins': 8, 'max_wfe_rms': 0.1, 'oversampling_rate': 3.0, 'output_Q': 3.0, 'output_dim': 32, 'LP_filter_length': 2, 'pupil_diameter': 128, 'euclid_obsc': True, 'n_stars': 2000}

***
Metric evaluation on the test dataset
***

Absolute RMSE:	 2.3865e-04 	 +/- 3.9045e-05
Relative RMSE:	 3.2259e+00 % 	 +/- 9.2934e-01 %
Absolute RMSE:	 1.5010e-01 	 +/- 2.4136e-02
Relative RMSE:	 1.9840e+02 % 	 +/- 2.7006e+01 %

Pixel star absolute RMSE:	 7.8706e-05 	 +/- 1.9594e-05 
Pixel star relative RMSE:	 5.2066e+00 % 	 +/- 1.8583e+00 %

sigma(e1) RMSE =		 1.3633e-02 	 +/- 1.2181e-02 
sigma(e2) RMSE =		 1.0545e-02 	 +/- 6.3941e-03 
sigma(R2)/<R2> =		 4.7605e-01 	 +/- 4.3244e-01 

Relative sigma(e1) RMSE =	 6.0831e+03 % 	 +/- 6.0810e+03 %
Relative sigma(e2) RMSE =	 3.2363e+03 % 	 +/- 3.2359e+03 %

Total number of stars: 		2000
Problematic number of stars: 	0

***
Metric evaluation on the train dataset
***

Absolute RMSE:	 2.3795e-04 	 +/- 3.7975e-05
Relative RMSE:	 3.2168e+00 % 	 +/- 9.2547e-01 %
Absolute RMSE:	 1.4917e-01 	 +/- 2.4216e-02
Relative RMSE:	 1.9733e+02 % 	 +/- 2.6483e+01 %

Pixel star absolute RMSE:	 7.8403e-05 	 +/- 2.0280e-05 
Pixel star relative RMSE:	 5.1953e+00 % 	 +/- 1.9463e+00 %

sigma(e1) RMSE =		 1.3325e-02 	 +/- 1.1888e-02 
sigma(e2) RMSE =		 1.0575e-02 	 +/- 6.6337e-03 
sigma(R2)/<R2> =		 4.4868e-01 	 +/- 4.2676e-01 

Relative sigma(e1) RMSE =	 1.5031e+03 % 	 +/- 1.5018e+03 %
Relative sigma(e2) RMSE =	 7.9825e+04 % 	 +/- 7.9806e+04 %

Total number of stars: 		2000
Problematic number of stars: 	0

Total elapsed time: 3102.885950

 Good bye..
