Starting the log file.
Found GPU at: /device:GPU:0
tf_version: 2.7.0
Dataset parameters:
{'d_max': 2, 'max_order': 45, 'x_lims': [0, 1000.0], 'y_lims': [0, 1000.0], 'grid_points': [4, 4], 'n_bins': 20, 'max_wfe_rms': 0.1, 'oversampling_rate': 3.0, 'output_Q': 3.0, 'output_dim': 32, 'LP_filter_length': 2, 'pupil_diameter': 4096, 'euclid_obsc': True, 'n_stars': 2000}

***
Metric evaluation on the test dataset
***

Absolute RMSE:	 2.4149e-04 	 +/- 3.4813e-05
Relative RMSE:	 3.1827e+00 % 	 +/- 5.1437e-01 %
Absolute RMSE:	 1.1007e-01 	 +/- 1.2659e-02
Relative RMSE:	 1.5296e+02 % 	 +/- 1.6184e+01 %

Pixel star absolute RMSE:	 6.1167e-05 	 +/- 1.6613e-05 
Pixel star relative RMSE:	 4.0683e+00 % 	 +/- 1.5544e+00 %

sigma(e1) RMSE =		 1.1563e-02 	 +/- 1.1449e-02 
sigma(e2) RMSE =		 1.0498e-02 	 +/- 1.0334e-02 
sigma(R2)/<R2> =		 2.6927e-02 	 +/- 2.2723e-02 

Relative sigma(e1) RMSE =	 6.7168e+02 % 	 +/- 6.7104e+02 %
Relative sigma(e2) RMSE =	 7.6103e+01 % 	 +/- 7.6018e+01 %

Total number of stars: 		400
Problematic number of stars: 	0

***
Metric evaluation on the train dataset
***

Absolute RMSE:	 2.4022e-04 	 +/- 3.5675e-05
Relative RMSE:	 3.1856e+00 % 	 +/- 5.5555e-01 %
Absolute RMSE:	 1.0967e-01 	 +/- 1.2787e-02
Relative RMSE:	 1.5240e+02 % 	 +/- 1.6610e+01 %

Pixel star absolute RMSE:	 6.0468e-05 	 +/- 1.6147e-05 
Pixel star relative RMSE:	 4.0514e+00 % 	 +/- 1.5918e+00 %

sigma(e1) RMSE =		 1.1714e-02 	 +/- 1.1538e-02 
sigma(e2) RMSE =		 1.1461e-02 	 +/- 1.1280e-02 
sigma(R2)/<R2> =		 6.0258e-02 	 +/- 2.4856e-02 

Relative sigma(e1) RMSE =	 2.2823e+03 % 	 +/- 2.2818e+03 %
Relative sigma(e2) RMSE =	 1.2518e+02 % 	 +/- 1.2496e+02 %

Total number of stars: 		2000
Problematic number of stars: 	0

Total elapsed time: 1936.251587

 Good bye..
