Starting the log file.
Found GPU at: /device:GPU:0
tf_version: 2.7.0
Dataset parameters:
{'d_max': 2, 'max_order': 45, 'x_lims': [0, 1000.0], 'y_lims': [0, 1000.0], 'grid_points': [4, 4], 'n_bins': 20, 'max_wfe_rms': 0.1, 'oversampling_rate': 3.0, 'output_Q': 3.0, 'output_dim': 32, 'LP_filter_length': 2, 'pupil_diameter': 4096, 'euclid_obsc': True, 'n_stars': 2000}

***
Metric evaluation on the test dataset
***

Absolute RMSE:	 1.4001e-04 	 +/- 3.0659e-05
Relative RMSE:	 1.8649e+00 % 	 +/- 4.5962e-01 %
Absolute RMSE:	 1.4740e-01 	 +/- 1.6341e-02
Relative RMSE:	 1.9382e+02 % 	 +/- 9.7804e+00 %

Pixel star absolute RMSE:	 7.2274e-05 	 +/- 2.0152e-05 
Pixel star relative RMSE:	 4.8767e+00 % 	 +/- 1.8498e+00 %

sigma(e1) RMSE =		 1.5218e-02 	 +/- 9.7961e-03 
sigma(e2) RMSE =		 8.7040e-03 	 +/- 8.2016e-03 
sigma(R2)/<R2> =		 3.0823e-02 	 +/- 1.9662e-02 

Relative sigma(e1) RMSE =	 3.5840e+02 % 	 +/- 3.5572e+02 %
Relative sigma(e2) RMSE =	 3.1796e+02 % 	 +/- 3.1794e+02 %

Total number of stars: 		400
Problematic number of stars: 	0

***
Metric evaluation on the train dataset
***

Absolute RMSE:	 1.4020e-04 	 +/- 2.9105e-05
Relative RMSE:	 1.8788e+00 % 	 +/- 4.6434e-01 %
Absolute RMSE:	 1.4770e-01 	 +/- 1.8914e-02
Relative RMSE:	 1.9384e+02 % 	 +/- 9.4316e+00 %

Pixel star absolute RMSE:	 7.1077e-05 	 +/- 2.0382e-05 
Pixel star relative RMSE:	 4.8488e+00 % 	 +/- 2.0258e+00 %

sigma(e1) RMSE =		 1.5348e-02 	 +/- 1.0012e-02 
sigma(e2) RMSE =		 8.9984e-03 	 +/- 8.5634e-03 
sigma(R2)/<R2> =		 3.8165e-02 	 +/- 2.0885e-02 

Relative sigma(e1) RMSE =	 1.5799e+03 % 	 +/- 1.5784e+03 %
Relative sigma(e2) RMSE =	 1.4029e+03 % 	 +/- 1.4025e+03 %

Total number of stars: 		2000
Problematic number of stars: 	1

Total elapsed time: 2062.028859

 Good bye..
