Starting the log file.
Found GPU at: /device:GPU:0
tf_version: 2.7.0
Zernike cube:
(15, 256, 256)
Dataset parameters:
{'d_max': 2, 'max_order': 45, 'x_lims': [0, 1000.0], 'y_lims': [0, 1000.0], 'grid_points': [4, 4], 'n_bins': 20, 'max_wfe_rms': 0.1, 'oversampling_rate': 3.0, 'output_Q': 3.0, 'output_dim': 32, 'LP_filter_length': 2, 'pupil_diameter': 4096, 'euclid_obsc': True, 'n_stars': 2000}
Starting cycle 1..
Starting parametric update..
Epoch 1/15

Epoch 00001: mean_squared_error improved from inf to 0.00001, saving model to /gpfswork/rech/ynx/ulx23va/repo/wf-SEDs/model_WFE_size/wf-outputs/chkp/wfe_study_resx3_bis/chkp_callback_poly_wfe_study_resx3_256_bis_11_cycle1
63/63 - 219s - loss: 7.7451e-06 - mean_squared_error: 7.1709e-06 - val_loss: 1.8017e-06 - val_mean_squared_error: 1.8017e-06 - 219s/epoch - 3s/step
Epoch 2/15

Epoch 00002: mean_squared_error improved from 0.00001 to 0.00000, saving model to /gpfswork/rech/ynx/ulx23va/repo/wf-SEDs/model_WFE_size/wf-outputs/chkp/wfe_study_resx3_bis/chkp_callback_poly_wfe_study_resx3_256_bis_11_cycle1
63/63 - 209s - loss: 2.5798e-06 - mean_squared_error: 2.7710e-06 - val_loss: 1.2146e-06 - val_mean_squared_error: 1.2146e-06 - 209s/epoch - 3s/step
Epoch 3/15

Epoch 00003: mean_squared_error improved from 0.00000 to 0.00000, saving model to /gpfswork/rech/ynx/ulx23va/repo/wf-SEDs/model_WFE_size/wf-outputs/chkp/wfe_study_resx3_bis/chkp_callback_poly_wfe_study_resx3_256_bis_11_cycle1
63/63 - 213s - loss: 2.1319e-06 - mean_squared_error: 2.3630e-06 - val_loss: 8.9370e-07 - val_mean_squared_error: 8.9370e-07 - 213s/epoch - 3s/step
Epoch 4/15

Epoch 00004: mean_squared_error improved from 0.00000 to 0.00000, saving model to /gpfswork/rech/ynx/ulx23va/repo/wf-SEDs/model_WFE_size/wf-outputs/chkp/wfe_study_resx3_bis/chkp_callback_poly_wfe_study_resx3_256_bis_11_cycle1
63/63 - 214s - loss: 1.8715e-06 - mean_squared_error: 2.1357e-06 - val_loss: 8.0061e-07 - val_mean_squared_error: 8.0061e-07 - 214s/epoch - 3s/step
Epoch 5/15

Epoch 00005: mean_squared_error improved from 0.00000 to 0.00000, saving model to /gpfswork/rech/ynx/ulx23va/repo/wf-SEDs/model_WFE_size/wf-outputs/chkp/wfe_study_resx3_bis/chkp_callback_poly_wfe_study_resx3_256_bis_11_cycle1
63/63 - 214s - loss: 1.8338e-06 - mean_squared_error: 2.0971e-06 - val_loss: 8.1050e-07 - val_mean_squared_error: 8.1050e-07 - 214s/epoch - 3s/step
Epoch 6/15

Epoch 00006: mean_squared_error did not improve from 0.00000
63/63 - 212s - loss: 1.8356e-06 - mean_squared_error: 2.1027e-06 - val_loss: 8.4447e-07 - val_mean_squared_error: 8.4447e-07 - 212s/epoch - 3s/step
Epoch 7/15

Epoch 00007: mean_squared_error did not improve from 0.00000
63/63 - 212s - loss: 1.8855e-06 - mean_squared_error: 2.1502e-06 - val_loss: 8.3330e-07 - val_mean_squared_error: 8.3330e-07 - 212s/epoch - 3s/step
Epoch 8/15

Epoch 00008: mean_squared_error did not improve from 0.00000
63/63 - 212s - loss: 1.8573e-06 - mean_squared_error: 2.1238e-06 - val_loss: 8.0686e-07 - val_mean_squared_error: 8.0686e-07 - 212s/epoch - 3s/step
Epoch 9/15

Epoch 00009: mean_squared_error did not improve from 0.00000
63/63 - 215s - loss: 1.8595e-06 - mean_squared_error: 2.1234e-06 - val_loss: 8.4561e-07 - val_mean_squared_error: 8.4561e-07 - 215s/epoch - 3s/step
Epoch 10/15

Epoch 00010: mean_squared_error did not improve from 0.00000
63/63 - 214s - loss: 1.8640e-06 - mean_squared_error: 2.1294e-06 - val_loss: 8.0164e-07 - val_mean_squared_error: 8.0164e-07 - 214s/epoch - 3s/step
Epoch 11/15

Epoch 00011: mean_squared_error did not improve from 0.00000
63/63 - 214s - loss: 1.9218e-06 - mean_squared_error: 2.1798e-06 - val_loss: 8.6453e-07 - val_mean_squared_error: 8.6453e-07 - 214s/epoch - 3s/step
Epoch 12/15

Epoch 00012: mean_squared_error did not improve from 0.00000
63/63 - 211s - loss: 1.9294e-06 - mean_squared_error: 2.1788e-06 - val_loss: 8.7049e-07 - val_mean_squared_error: 8.7049e-07 - 211s/epoch - 3s/step
Epoch 13/15

Epoch 00013: mean_squared_error did not improve from 0.00000
63/63 - 214s - loss: 1.9646e-06 - mean_squared_error: 2.2027e-06 - val_loss: 8.4296e-07 - val_mean_squared_error: 8.4296e-07 - 214s/epoch - 3s/step
Epoch 14/15

Epoch 00014: mean_squared_error did not improve from 0.00000
63/63 - 206s - loss: 1.8998e-06 - mean_squared_error: 2.1398e-06 - val_loss: 8.2003e-07 - val_mean_squared_error: 8.2003e-07 - 206s/epoch - 3s/step
Epoch 15/15

Epoch 00015: mean_squared_error did not improve from 0.00000
63/63 - 213s - loss: 1.8677e-06 - mean_squared_error: 2.1108e-06 - val_loss: 7.2825e-07 - val_mean_squared_error: 7.2825e-07 - 213s/epoch - 3s/step
Starting non-parametric update..
Epoch 1/100

Epoch 00001: mean_squared_error improved from 0.00000 to 0.00000, saving model to /gpfswork/rech/ynx/ulx23va/repo/wf-SEDs/model_WFE_size/wf-outputs/chkp/wfe_study_resx3_bis/chkp_callback_poly_wfe_study_resx3_256_bis_11_cycle1
63/63 - 214s - loss: 1.7391e-06 - mean_squared_error: 1.9960e-06 - val_loss: 6.3708e-07 - val_mean_squared_error: 6.3708e-07 - 214s/epoch - 3s/step
Epoch 2/100

Epoch 00002: mean_squared_error improved from 0.00000 to 0.00000, saving model to /gpfswork/rech/ynx/ulx23va/repo/wf-SEDs/model_WFE_size/wf-outputs/chkp/wfe_study_resx3_bis/chkp_callback_poly_wfe_study_resx3_256_bis_11_cycle1
63/63 - 212s - loss: 1.6235e-06 - mean_squared_error: 1.8911e-06 - val_loss: 5.3173e-07 - val_mean_squared_error: 5.3173e-07 - 212s/epoch - 3s/step
Epoch 3/100

Epoch 00003: mean_squared_error improved from 0.00000 to 0.00000, saving model to /gpfswork/rech/ynx/ulx23va/repo/wf-SEDs/model_WFE_size/wf-outputs/chkp/wfe_study_resx3_bis/chkp_callback_poly_wfe_study_resx3_256_bis_11_cycle1
63/63 - 212s - loss: 1.4786e-06 - mean_squared_error: 1.7725e-06 - val_loss: 4.0850e-07 - val_mean_squared_error: 4.0850e-07 - 212s/epoch - 3s/step
Epoch 4/100

Epoch 00004: mean_squared_error improved from 0.00000 to 0.00000, saving model to /gpfswork/rech/ynx/ulx23va/repo/wf-SEDs/model_WFE_size/wf-outputs/chkp/wfe_study_resx3_bis/chkp_callback_poly_wfe_study_resx3_256_bis_11_cycle1
63/63 - 212s - loss: 1.3537e-06 - mean_squared_error: 1.6712e-06 - val_loss: 3.3117e-07 - val_mean_squared_error: 3.3117e-07 - 212s/epoch - 3s/step
Epoch 5/100

Epoch 00005: mean_squared_error improved from 0.00000 to 0.00000, saving model to /gpfswork/rech/ynx/ulx23va/repo/wf-SEDs/model_WFE_size/wf-outputs/chkp/wfe_study_resx3_bis/chkp_callback_poly_wfe_study_resx3_256_bis_11_cycle1
63/63 - 213s - loss: 1.2739e-06 - mean_squared_error: 1.6033e-06 - val_loss: 2.6772e-07 - val_mean_squared_error: 2.6772e-07 - 213s/epoch - 3s/step
Epoch 6/100

Epoch 00006: mean_squared_error improved from 0.00000 to 0.00000, saving model to /gpfswork/rech/ynx/ulx23va/repo/wf-SEDs/model_WFE_size/wf-outputs/chkp/wfe_study_resx3_bis/chkp_callback_poly_wfe_study_resx3_256_bis_11_cycle1
63/63 - 212s - loss: 1.2155e-06 - mean_squared_error: 1.5512e-06 - val_loss: 2.2146e-07 - val_mean_squared_error: 2.2146e-07 - 212s/epoch - 3s/step
Epoch 7/100

Epoch 00007: mean_squared_error improved from 0.00000 to 0.00000, saving model to /gpfswork/rech/ynx/ulx23va/repo/wf-SEDs/model_WFE_size/wf-outputs/chkp/wfe_study_resx3_bis/chkp_callback_poly_wfe_study_resx3_256_bis_11_cycle1
63/63 - 212s - loss: 1.1702e-06 - mean_squared_error: 1.5110e-06 - val_loss: 1.8241e-07 - val_mean_squared_error: 1.8241e-07 - 212s/epoch - 3s/step
Epoch 8/100

Epoch 00008: mean_squared_error improved from 0.00000 to 0.00000, saving model to /gpfswork/rech/ynx/ulx23va/repo/wf-SEDs/model_WFE_size/wf-outputs/chkp/wfe_study_resx3_bis/chkp_callback_poly_wfe_study_resx3_256_bis_11_cycle1
63/63 - 211s - loss: 1.1342e-06 - mean_squared_error: 1.4788e-06 - val_loss: 1.5747e-07 - val_mean_squared_error: 1.5747e-07 - 211s/epoch - 3s/step
Epoch 9/100

Epoch 00009: mean_squared_error improved from 0.00000 to 0.00000, saving model to /gpfswork/rech/ynx/ulx23va/repo/wf-SEDs/model_WFE_size/wf-outputs/chkp/wfe_study_resx3_bis/chkp_callback_poly_wfe_study_resx3_256_bis_11_cycle1
63/63 - 206s - loss: 1.1083e-06 - mean_squared_error: 1.4563e-06 - val_loss: 1.3759e-07 - val_mean_squared_error: 1.3759e-07 - 206s/epoch - 3s/step
Epoch 10/100

Epoch 00010: mean_squared_error improved from 0.00000 to 0.00000, saving model to /gpfswork/rech/ynx/ulx23va/repo/wf-SEDs/model_WFE_size/wf-outputs/chkp/wfe_study_resx3_bis/chkp_callback_poly_wfe_study_resx3_256_bis_11_cycle1
63/63 - 213s - loss: 1.0893e-06 - mean_squared_error: 1.4396e-06 - val_loss: 1.2265e-07 - val_mean_squared_error: 1.2265e-07 - 213s/epoch - 3s/step
Epoch 11/100

Epoch 00011: mean_squared_error improved from 0.00000 to 0.00000, saving model to /gpfswork/rech/ynx/ulx23va/repo/wf-SEDs/model_WFE_size/wf-outputs/chkp/wfe_study_resx3_bis/chkp_callback_poly_wfe_study_resx3_256_bis_11_cycle1
63/63 - 212s - loss: 1.0739e-06 - mean_squared_error: 1.4260e-06 - val_loss: 1.1048e-07 - val_mean_squared_error: 1.1048e-07 - 212s/epoch - 3s/step
Epoch 12/100

Epoch 00012: mean_squared_error improved from 0.00000 to 0.00000, saving model to /gpfswork/rech/ynx/ulx23va/repo/wf-SEDs/model_WFE_size/wf-outputs/chkp/wfe_study_resx3_bis/chkp_callback_poly_wfe_study_resx3_256_bis_11_cycle1
63/63 - 211s - loss: 1.0612e-06 - mean_squared_error: 1.4148e-06 - val_loss: 1.0050e-07 - val_mean_squared_error: 1.0050e-07 - 211s/epoch - 3s/step
Epoch 13/100

Epoch 00013: mean_squared_error improved from 0.00000 to 0.00000, saving model to /gpfswork/rech/ynx/ulx23va/repo/wf-SEDs/model_WFE_size/wf-outputs/chkp/wfe_study_resx3_bis/chkp_callback_poly_wfe_study_resx3_256_bis_11_cycle1
63/63 - 211s - loss: 1.0514e-06 - mean_squared_error: 1.4061e-06 - val_loss: 9.1830e-08 - val_mean_squared_error: 9.1830e-08 - 211s/epoch - 3s/step
Epoch 14/100

Epoch 00014: mean_squared_error improved from 0.00000 to 0.00000, saving model to /gpfswork/rech/ynx/ulx23va/repo/wf-SEDs/model_WFE_size/wf-outputs/chkp/wfe_study_resx3_bis/chkp_callback_poly_wfe_study_resx3_256_bis_11_cycle1
63/63 - 211s - loss: 1.0431e-06 - mean_squared_error: 1.3988e-06 - val_loss: 8.4010e-08 - val_mean_squared_error: 8.4010e-08 - 211s/epoch - 3s/step
Epoch 15/100

Epoch 00015: mean_squared_error improved from 0.00000 to 0.00000, saving model to /gpfswork/rech/ynx/ulx23va/repo/wf-SEDs/model_WFE_size/wf-outputs/chkp/wfe_study_resx3_bis/chkp_callback_poly_wfe_study_resx3_256_bis_11_cycle1
63/63 - 211s - loss: 1.0354e-06 - mean_squared_error: 1.3917e-06 - val_loss: 7.8820e-08 - val_mean_squared_error: 7.8820e-08 - 211s/epoch - 3s/step
Epoch 16/100

Epoch 00016: mean_squared_error improved from 0.00000 to 0.00000, saving model to /gpfswork/rech/ynx/ulx23va/repo/wf-SEDs/model_WFE_size/wf-outputs/chkp/wfe_study_resx3_bis/chkp_callback_poly_wfe_study_resx3_256_bis_11_cycle1
63/63 - 212s - loss: 1.0294e-06 - mean_squared_error: 1.3865e-06 - val_loss: 7.1956e-08 - val_mean_squared_error: 7.1956e-08 - 212s/epoch - 3s/step
Epoch 17/100

Epoch 00017: mean_squared_error improved from 0.00000 to 0.00000, saving model to /gpfswork/rech/ynx/ulx23va/repo/wf-SEDs/model_WFE_size/wf-outputs/chkp/wfe_study_resx3_bis/chkp_callback_poly_wfe_study_resx3_256_bis_11_cycle1
63/63 - 213s - loss: 1.0228e-06 - mean_squared_error: 1.3803e-06 - val_loss: 6.6354e-08 - val_mean_squared_error: 6.6354e-08 - 213s/epoch - 3s/step
Epoch 18/100

Epoch 00018: mean_squared_error improved from 0.00000 to 0.00000, saving model to /gpfswork/rech/ynx/ulx23va/repo/wf-SEDs/model_WFE_size/wf-outputs/chkp/wfe_study_resx3_bis/chkp_callback_poly_wfe_study_resx3_256_bis_11_cycle1
63/63 - 212s - loss: 1.0170e-06 - mean_squared_error: 1.3751e-06 - val_loss: 6.1777e-08 - val_mean_squared_error: 6.1777e-08 - 212s/epoch - 3s/step
Epoch 19/100

Epoch 00019: mean_squared_error improved from 0.00000 to 0.00000, saving model to /gpfswork/rech/ynx/ulx23va/repo/wf-SEDs/model_WFE_size/wf-outputs/chkp/wfe_study_resx3_bis/chkp_callback_poly_wfe_study_resx3_256_bis_11_cycle1
63/63 - 209s - loss: 1.0135e-06 - mean_squared_error: 1.3717e-06 - val_loss: 5.6961e-08 - val_mean_squared_error: 5.6961e-08 - 209s/epoch - 3s/step
Epoch 20/100

Epoch 00020: mean_squared_error improved from 0.00000 to 0.00000, saving model to /gpfswork/rech/ynx/ulx23va/repo/wf-SEDs/model_WFE_size/wf-outputs/chkp/wfe_study_resx3_bis/chkp_callback_poly_wfe_study_resx3_256_bis_11_cycle1
63/63 - 210s - loss: 1.0077e-06 - mean_squared_error: 1.3665e-06 - val_loss: 5.3938e-08 - val_mean_squared_error: 5.3938e-08 - 210s/epoch - 3s/step
Epoch 21/100

Epoch 00021: mean_squared_error improved from 0.00000 to 0.00000, saving model to /gpfswork/rech/ynx/ulx23va/repo/wf-SEDs/model_WFE_size/wf-outputs/chkp/wfe_study_resx3_bis/chkp_callback_poly_wfe_study_resx3_256_bis_11_cycle1
63/63 - 213s - loss: 1.0051e-06 - mean_squared_error: 1.3641e-06 - val_loss: 5.0650e-08 - val_mean_squared_error: 5.0650e-08 - 213s/epoch - 3s/step
Epoch 22/100

Epoch 00022: mean_squared_error improved from 0.00000 to 0.00000, saving model to /gpfswork/rech/ynx/ulx23va/repo/wf-SEDs/model_WFE_size/wf-outputs/chkp/wfe_study_resx3_bis/chkp_callback_poly_wfe_study_resx3_256_bis_11_cycle1
63/63 - 214s - loss: 1.0020e-06 - mean_squared_error: 1.3612e-06 - val_loss: 4.8205e-08 - val_mean_squared_error: 4.8205e-08 - 214s/epoch - 3s/step
Epoch 23/100

Epoch 00023: mean_squared_error improved from 0.00000 to 0.00000, saving model to /gpfswork/rech/ynx/ulx23va/repo/wf-SEDs/model_WFE_size/wf-outputs/chkp/wfe_study_resx3_bis/chkp_callback_poly_wfe_study_resx3_256_bis_11_cycle1
63/63 - 213s - loss: 9.9795e-07 - mean_squared_error: 1.3575e-06 - val_loss: 4.4078e-08 - val_mean_squared_error: 4.4078e-08 - 213s/epoch - 3s/step
Epoch 24/100

Epoch 00024: mean_squared_error improved from 0.00000 to 0.00000, saving model to /gpfswork/rech/ynx/ulx23va/repo/wf-SEDs/model_WFE_size/wf-outputs/chkp/wfe_study_resx3_bis/chkp_callback_poly_wfe_study_resx3_256_bis_11_cycle1
63/63 - 212s - loss: 9.9625e-07 - mean_squared_error: 1.3560e-06 - val_loss: 4.1553e-08 - val_mean_squared_error: 4.1553e-08 - 212s/epoch - 3s/step
Epoch 25/100

Epoch 00025: mean_squared_error improved from 0.00000 to 0.00000, saving model to /gpfswork/rech/ynx/ulx23va/repo/wf-SEDs/model_WFE_size/wf-outputs/chkp/wfe_study_resx3_bis/chkp_callback_poly_wfe_study_resx3_256_bis_11_cycle1
63/63 - 206s - loss: 9.9279e-07 - mean_squared_error: 1.3527e-06 - val_loss: 3.9215e-08 - val_mean_squared_error: 3.9215e-08 - 206s/epoch - 3s/step
Epoch 26/100

Epoch 00026: mean_squared_error improved from 0.00000 to 0.00000, saving model to /gpfswork/rech/ynx/ulx23va/repo/wf-SEDs/model_WFE_size/wf-outputs/chkp/wfe_study_resx3_bis/chkp_callback_poly_wfe_study_resx3_256_bis_11_cycle1
63/63 - 213s - loss: 9.8956e-07 - mean_squared_error: 1.3498e-06 - val_loss: 3.6081e-08 - val_mean_squared_error: 3.6081e-08 - 213s/epoch - 3s/step
Epoch 27/100

Epoch 00027: mean_squared_error improved from 0.00000 to 0.00000, saving model to /gpfswork/rech/ynx/ulx23va/repo/wf-SEDs/model_WFE_size/wf-outputs/chkp/wfe_study_resx3_bis/chkp_callback_poly_wfe_study_resx3_256_bis_11_cycle1
63/63 - 212s - loss: 9.8749e-07 - mean_squared_error: 1.3478e-06 - val_loss: 3.5644e-08 - val_mean_squared_error: 3.5644e-08 - 212s/epoch - 3s/step
Epoch 28/100

Epoch 00028: mean_squared_error improved from 0.00000 to 0.00000, saving model to /gpfswork/rech/ynx/ulx23va/repo/wf-SEDs/model_WFE_size/wf-outputs/chkp/wfe_study_resx3_bis/chkp_callback_poly_wfe_study_resx3_256_bis_11_cycle1
63/63 - 212s - loss: 9.8583e-07 - mean_squared_error: 1.3463e-06 - val_loss: 3.3045e-08 - val_mean_squared_error: 3.3045e-08 - 212s/epoch - 3s/step
Epoch 29/100

Epoch 00029: mean_squared_error did not improve from 0.00000
63/63 - 213s - loss: 9.9101e-07 - mean_squared_error: 1.3499e-06 - val_loss: 3.6470e-08 - val_mean_squared_error: 3.6470e-08 - 213s/epoch - 3s/step
Epoch 30/100

Epoch 00030: mean_squared_error improved from 0.00000 to 0.00000, saving model to /gpfswork/rech/ynx/ulx23va/repo/wf-SEDs/model_WFE_size/wf-outputs/chkp/wfe_study_resx3_bis/chkp_callback_poly_wfe_study_resx3_256_bis_11_cycle1
63/63 - 212s - loss: 9.8554e-07 - mean_squared_error: 1.3456e-06 - val_loss: 2.9544e-08 - val_mean_squared_error: 2.9544e-08 - 212s/epoch - 3s/step
Epoch 31/100

Epoch 00031: mean_squared_error improved from 0.00000 to 0.00000, saving model to /gpfswork/rech/ynx/ulx23va/repo/wf-SEDs/model_WFE_size/wf-outputs/chkp/wfe_study_resx3_bis/chkp_callback_poly_wfe_study_resx3_256_bis_11_cycle1
63/63 - 209s - loss: 9.8094e-07 - mean_squared_error: 1.3417e-06 - val_loss: 2.8753e-08 - val_mean_squared_error: 2.8753e-08 - 209s/epoch - 3s/step
Epoch 32/100

Epoch 00032: mean_squared_error did not improve from 0.00000
63/63 - 208s - loss: 9.8258e-07 - mean_squared_error: 1.3430e-06 - val_loss: 3.3126e-08 - val_mean_squared_error: 3.3126e-08 - 208s/epoch - 3s/step
Epoch 33/100

Epoch 00033: mean_squared_error did not improve from 0.00000
63/63 - 211s - loss: 9.8205e-07 - mean_squared_error: 1.3422e-06 - val_loss: 3.0538e-08 - val_mean_squared_error: 3.0538e-08 - 211s/epoch - 3s/step
Epoch 34/100

Epoch 00034: mean_squared_error improved from 0.00000 to 0.00000, saving model to /gpfswork/rech/ynx/ulx23va/repo/wf-SEDs/model_WFE_size/wf-outputs/chkp/wfe_study_resx3_bis/chkp_callback_poly_wfe_study_resx3_256_bis_11_cycle1
63/63 - 212s - loss: 9.8023e-07 - mean_squared_error: 1.3408e-06 - val_loss: 2.5189e-08 - val_mean_squared_error: 2.5189e-08 - 212s/epoch - 3s/step
Epoch 35/100

Epoch 00035: mean_squared_error improved from 0.00000 to 0.00000, saving model to /gpfswork/rech/ynx/ulx23va/repo/wf-SEDs/model_WFE_size/wf-outputs/chkp/wfe_study_resx3_bis/chkp_callback_poly_wfe_study_resx3_256_bis_11_cycle1
63/63 - 211s - loss: 9.7586e-07 - mean_squared_error: 1.3369e-06 - val_loss: 2.5166e-08 - val_mean_squared_error: 2.5166e-08 - 211s/epoch - 3s/step
Epoch 36/100

Epoch 00036: mean_squared_error did not improve from 0.00000
63/63 - 211s - loss: 9.7838e-07 - mean_squared_error: 1.3385e-06 - val_loss: 3.0087e-08 - val_mean_squared_error: 3.0087e-08 - 211s/epoch - 3s/step
Epoch 37/100

Epoch 00037: mean_squared_error did not improve from 0.00000
63/63 - 212s - loss: 9.7693e-07 - mean_squared_error: 1.3377e-06 - val_loss: 2.3102e-08 - val_mean_squared_error: 2.3102e-08 - 212s/epoch - 3s/step
Epoch 38/100

Epoch 00038: mean_squared_error improved from 0.00000 to 0.00000, saving model to /gpfswork/rech/ynx/ulx23va/repo/wf-SEDs/model_WFE_size/wf-outputs/chkp/wfe_study_resx3_bis/chkp_callback_poly_wfe_study_resx3_256_bis_11_cycle1
63/63 - 211s - loss: 9.7433e-07 - mean_squared_error: 1.3355e-06 - val_loss: 2.6627e-08 - val_mean_squared_error: 2.6627e-08 - 211s/epoch - 3s/step
Epoch 39/100

Epoch 00039: mean_squared_error did not improve from 0.00000
63/63 - 211s - loss: 9.7457e-07 - mean_squared_error: 1.3356e-06 - val_loss: 2.0948e-08 - val_mean_squared_error: 2.0948e-08 - 211s/epoch - 3s/step
Epoch 40/100

Epoch 00040: mean_squared_error improved from 0.00000 to 0.00000, saving model to /gpfswork/rech/ynx/ulx23va/repo/wf-SEDs/model_WFE_size/wf-outputs/chkp/wfe_study_resx3_bis/chkp_callback_poly_wfe_study_resx3_256_bis_11_cycle1
63/63 - 210s - loss: 9.7282e-07 - mean_squared_error: 1.3339e-06 - val_loss: 1.9984e-08 - val_mean_squared_error: 1.9984e-08 - 210s/epoch - 3s/step
Epoch 41/100

Epoch 00041: mean_squared_error improved from 0.00000 to 0.00000, saving model to /gpfswork/rech/ynx/ulx23va/repo/wf-SEDs/model_WFE_size/wf-outputs/chkp/wfe_study_resx3_bis/chkp_callback_poly_wfe_study_resx3_256_bis_11_cycle1
63/63 - 209s - loss: 9.7122e-07 - mean_squared_error: 1.3325e-06 - val_loss: 1.9887e-08 - val_mean_squared_error: 1.9887e-08 - 209s/epoch - 3s/step
Epoch 42/100

Epoch 00042: mean_squared_error improved from 0.00000 to 0.00000, saving model to /gpfswork/rech/ynx/ulx23va/repo/wf-SEDs/model_WFE_size/wf-outputs/chkp/wfe_study_resx3_bis/chkp_callback_poly_wfe_study_resx3_256_bis_11_cycle1
63/63 - 210s - loss: 9.7010e-07 - mean_squared_error: 1.3314e-06 - val_loss: 1.9927e-08 - val_mean_squared_error: 1.9927e-08 - 210s/epoch - 3s/step
Epoch 43/100

Epoch 00043: mean_squared_error did not improve from 0.00000
63/63 - 210s - loss: 9.7144e-07 - mean_squared_error: 1.3323e-06 - val_loss: 1.8754e-08 - val_mean_squared_error: 1.8754e-08 - 210s/epoch - 3s/step
Epoch 44/100

Epoch 00044: mean_squared_error did not improve from 0.00000
63/63 - 209s - loss: 9.7045e-07 - mean_squared_error: 1.3317e-06 - val_loss: 2.0222e-08 - val_mean_squared_error: 2.0222e-08 - 209s/epoch - 3s/step
Epoch 45/100

Epoch 00045: mean_squared_error improved from 0.00000 to 0.00000, saving model to /gpfswork/rech/ynx/ulx23va/repo/wf-SEDs/model_WFE_size/wf-outputs/chkp/wfe_study_resx3_bis/chkp_callback_poly_wfe_study_resx3_256_bis_11_cycle1
63/63 - 210s - loss: 9.6977e-07 - mean_squared_error: 1.3309e-06 - val_loss: 2.0019e-08 - val_mean_squared_error: 2.0019e-08 - 210s/epoch - 3s/step
Epoch 46/100

Epoch 00046: mean_squared_error improved from 0.00000 to 0.00000, saving model to /gpfswork/rech/ynx/ulx23va/repo/wf-SEDs/model_WFE_size/wf-outputs/chkp/wfe_study_resx3_bis/chkp_callback_poly_wfe_study_resx3_256_bis_11_cycle1
63/63 - 210s - loss: 9.6932e-07 - mean_squared_error: 1.3307e-06 - val_loss: 1.6967e-08 - val_mean_squared_error: 1.6967e-08 - 210s/epoch - 3s/step
Epoch 47/100

Epoch 00047: mean_squared_error improved from 0.00000 to 0.00000, saving model to /gpfswork/rech/ynx/ulx23va/repo/wf-SEDs/model_WFE_size/wf-outputs/chkp/wfe_study_resx3_bis/chkp_callback_poly_wfe_study_resx3_256_bis_11_cycle1
63/63 - 209s - loss: 9.6830e-07 - mean_squared_error: 1.3297e-06 - val_loss: 1.8083e-08 - val_mean_squared_error: 1.8083e-08 - 209s/epoch - 3s/step
Epoch 48/100

Epoch 00048: mean_squared_error improved from 0.00000 to 0.00000, saving model to /gpfswork/rech/ynx/ulx23va/repo/wf-SEDs/model_WFE_size/wf-outputs/chkp/wfe_study_resx3_bis/chkp_callback_poly_wfe_study_resx3_256_bis_11_cycle1
63/63 - 208s - loss: 9.6835e-07 - mean_squared_error: 1.3297e-06 - val_loss: 1.7266e-08 - val_mean_squared_error: 1.7266e-08 - 208s/epoch - 3s/step
Epoch 49/100

Epoch 00049: mean_squared_error improved from 0.00000 to 0.00000, saving model to /gpfswork/rech/ynx/ulx23va/repo/wf-SEDs/model_WFE_size/wf-outputs/chkp/wfe_study_resx3_bis/chkp_callback_poly_wfe_study_resx3_256_bis_11_cycle1
63/63 - 212s - loss: 9.6792e-07 - mean_squared_error: 1.3293e-06 - val_loss: 1.5774e-08 - val_mean_squared_error: 1.5774e-08 - 212s/epoch - 3s/step
Epoch 50/100

Epoch 00050: mean_squared_error improved from 0.00000 to 0.00000, saving model to /gpfswork/rech/ynx/ulx23va/repo/wf-SEDs/model_WFE_size/wf-outputs/chkp/wfe_study_resx3_bis/chkp_callback_poly_wfe_study_resx3_256_bis_11_cycle1
63/63 - 210s - loss: 9.6655e-07 - mean_squared_error: 1.3281e-06 - val_loss: 1.7734e-08 - val_mean_squared_error: 1.7734e-08 - 210s/epoch - 3s/step
Epoch 51/100

Epoch 00051: mean_squared_error did not improve from 0.00000
63/63 - 208s - loss: 9.6987e-07 - mean_squared_error: 1.3308e-06 - val_loss: 1.6293e-08 - val_mean_squared_error: 1.6293e-08 - 208s/epoch - 3s/step
Epoch 52/100

Epoch 00052: mean_squared_error did not improve from 0.00000
63/63 - 208s - loss: 9.6689e-07 - mean_squared_error: 1.3283e-06 - val_loss: 1.7774e-08 - val_mean_squared_error: 1.7774e-08 - 208s/epoch - 3s/step
Epoch 53/100

Epoch 00053: mean_squared_error did not improve from 0.00000
63/63 - 211s - loss: 9.6859e-07 - mean_squared_error: 1.3294e-06 - val_loss: 2.0993e-08 - val_mean_squared_error: 2.0993e-08 - 211s/epoch - 3s/step
Epoch 54/100

Epoch 00054: mean_squared_error did not improve from 0.00000
63/63 - 204s - loss: 9.6927e-07 - mean_squared_error: 1.3300e-06 - val_loss: 1.7922e-08 - val_mean_squared_error: 1.7922e-08 - 204s/epoch - 3s/step
Epoch 55/100

Epoch 00055: mean_squared_error did not improve from 0.00000
63/63 - 204s - loss: 9.6872e-07 - mean_squared_error: 1.3300e-06 - val_loss: 1.6016e-08 - val_mean_squared_error: 1.6016e-08 - 204s/epoch - 3s/step
Epoch 56/100

Epoch 00056: mean_squared_error did not improve from 0.00000
63/63 - 204s - loss: 9.6842e-07 - mean_squared_error: 1.3292e-06 - val_loss: 1.7704e-08 - val_mean_squared_error: 1.7704e-08 - 204s/epoch - 3s/step
Epoch 57/100

Epoch 00057: mean_squared_error did not improve from 0.00000
63/63 - 203s - loss: 9.6843e-07 - mean_squared_error: 1.3292e-06 - val_loss: 1.4648e-08 - val_mean_squared_error: 1.4648e-08 - 203s/epoch - 3s/step
Epoch 58/100

Epoch 00058: mean_squared_error did not improve from 0.00000
63/63 - 205s - loss: 9.6852e-07 - mean_squared_error: 1.3297e-06 - val_loss: 1.5014e-08 - val_mean_squared_error: 1.5014e-08 - 205s/epoch - 3s/step
Epoch 59/100

Epoch 00059: mean_squared_error improved from 0.00000 to 0.00000, saving model to /gpfswork/rech/ynx/ulx23va/repo/wf-SEDs/model_WFE_size/wf-outputs/chkp/wfe_study_resx3_bis/chkp_callback_poly_wfe_study_resx3_256_bis_11_cycle1
63/63 - 207s - loss: 9.6445e-07 - mean_squared_error: 1.3260e-06 - val_loss: 1.4254e-08 - val_mean_squared_error: 1.4254e-08 - 207s/epoch - 3s/step
Epoch 60/100

Epoch 00060: mean_squared_error improved from 0.00000 to 0.00000, saving model to /gpfswork/rech/ynx/ulx23va/repo/wf-SEDs/model_WFE_size/wf-outputs/chkp/wfe_study_resx3_bis/chkp_callback_poly_wfe_study_resx3_256_bis_11_cycle1
63/63 - 205s - loss: 9.6356e-07 - mean_squared_error: 1.3253e-06 - val_loss: 1.2577e-08 - val_mean_squared_error: 1.2577e-08 - 205s/epoch - 3s/step
Epoch 61/100

Epoch 00061: mean_squared_error did not improve from 0.00000
63/63 - 203s - loss: 9.6395e-07 - mean_squared_error: 1.3254e-06 - val_loss: 1.4509e-08 - val_mean_squared_error: 1.4509e-08 - 203s/epoch - 3s/step
Epoch 62/100

Epoch 00062: mean_squared_error improved from 0.00000 to 0.00000, saving model to /gpfswork/rech/ynx/ulx23va/repo/wf-SEDs/model_WFE_size/wf-outputs/chkp/wfe_study_resx3_bis/chkp_callback_poly_wfe_study_resx3_256_bis_11_cycle1
63/63 - 204s - loss: 9.6338e-07 - mean_squared_error: 1.3252e-06 - val_loss: 1.2665e-08 - val_mean_squared_error: 1.2665e-08 - 204s/epoch - 3s/step
Epoch 63/100

Epoch 00063: mean_squared_error improved from 0.00000 to 0.00000, saving model to /gpfswork/rech/ynx/ulx23va/repo/wf-SEDs/model_WFE_size/wf-outputs/chkp/wfe_study_resx3_bis/chkp_callback_poly_wfe_study_resx3_256_bis_11_cycle1
63/63 - 203s - loss: 9.6206e-07 - mean_squared_error: 1.3240e-06 - val_loss: 1.3098e-08 - val_mean_squared_error: 1.3098e-08 - 203s/epoch - 3s/step
Epoch 64/100

Epoch 00064: mean_squared_error did not improve from 0.00000
63/63 - 203s - loss: 9.6219e-07 - mean_squared_error: 1.3241e-06 - val_loss: 1.2316e-08 - val_mean_squared_error: 1.2316e-08 - 203s/epoch - 3s/step
Epoch 65/100

Epoch 00065: mean_squared_error improved from 0.00000 to 0.00000, saving model to /gpfswork/rech/ynx/ulx23va/repo/wf-SEDs/model_WFE_size/wf-outputs/chkp/wfe_study_resx3_bis/chkp_callback_poly_wfe_study_resx3_256_bis_11_cycle1
63/63 - 205s - loss: 9.6158e-07 - mean_squared_error: 1.3236e-06 - val_loss: 1.2297e-08 - val_mean_squared_error: 1.2297e-08 - 205s/epoch - 3s/step
Epoch 66/100

Epoch 00066: mean_squared_error improved from 0.00000 to 0.00000, saving model to /gpfswork/rech/ynx/ulx23va/repo/wf-SEDs/model_WFE_size/wf-outputs/chkp/wfe_study_resx3_bis/chkp_callback_poly_wfe_study_resx3_256_bis_11_cycle1
63/63 - 207s - loss: 9.6151e-07 - mean_squared_error: 1.3235e-06 - val_loss: 1.1432e-08 - val_mean_squared_error: 1.1432e-08 - 207s/epoch - 3s/step
Epoch 67/100

Epoch 00067: mean_squared_error improved from 0.00000 to 0.00000, saving model to /gpfswork/rech/ynx/ulx23va/repo/wf-SEDs/model_WFE_size/wf-outputs/chkp/wfe_study_resx3_bis/chkp_callback_poly_wfe_study_resx3_256_bis_11_cycle1
63/63 - 205s - loss: 9.6151e-07 - mean_squared_error: 1.3233e-06 - val_loss: 1.2827e-08 - val_mean_squared_error: 1.2827e-08 - 205s/epoch - 3s/step
Epoch 68/100

Epoch 00068: mean_squared_error did not improve from 0.00000
63/63 - 207s - loss: 9.6184e-07 - mean_squared_error: 1.3236e-06 - val_loss: 1.1740e-08 - val_mean_squared_error: 1.1740e-08 - 207s/epoch - 3s/step
Epoch 69/100

Epoch 00069: mean_squared_error did not improve from 0.00000
63/63 - 205s - loss: 9.6338e-07 - mean_squared_error: 1.3248e-06 - val_loss: 1.3649e-08 - val_mean_squared_error: 1.3649e-08 - 205s/epoch - 3s/step
Epoch 70/100

Epoch 00070: mean_squared_error did not improve from 0.00000
63/63 - 207s - loss: 9.6260e-07 - mean_squared_error: 1.3240e-06 - val_loss: 1.2020e-08 - val_mean_squared_error: 1.2020e-08 - 207s/epoch - 3s/step
Epoch 71/100

Epoch 00071: mean_squared_error improved from 0.00000 to 0.00000, saving model to /gpfswork/rech/ynx/ulx23va/repo/wf-SEDs/model_WFE_size/wf-outputs/chkp/wfe_study_resx3_bis/chkp_callback_poly_wfe_study_resx3_256_bis_11_cycle1
63/63 - 205s - loss: 9.6046e-07 - mean_squared_error: 1.3225e-06 - val_loss: 1.1620e-08 - val_mean_squared_error: 1.1620e-08 - 205s/epoch - 3s/step
Epoch 72/100

Epoch 00072: mean_squared_error did not improve from 0.00000
63/63 - 207s - loss: 9.6484e-07 - mean_squared_error: 1.3257e-06 - val_loss: 1.9129e-08 - val_mean_squared_error: 1.9129e-08 - 207s/epoch - 3s/step
Epoch 73/100

Epoch 00073: mean_squared_error did not improve from 0.00000
63/63 - 205s - loss: 9.6966e-07 - mean_squared_error: 1.3293e-06 - val_loss: 1.1758e-08 - val_mean_squared_error: 1.1758e-08 - 205s/epoch - 3s/step
Epoch 74/100

Epoch 00074: mean_squared_error did not improve from 0.00000
63/63 - 203s - loss: 9.6238e-07 - mean_squared_error: 1.3241e-06 - val_loss: 1.0521e-08 - val_mean_squared_error: 1.0521e-08 - 203s/epoch - 3s/step
Epoch 75/100

Epoch 00075: mean_squared_error did not improve from 0.00000
63/63 - 208s - loss: 9.6090e-07 - mean_squared_error: 1.3227e-06 - val_loss: 1.0426e-08 - val_mean_squared_error: 1.0426e-08 - 208s/epoch - 3s/step
Epoch 76/100

Epoch 00076: mean_squared_error improved from 0.00000 to 0.00000, saving model to /gpfswork/rech/ynx/ulx23va/repo/wf-SEDs/model_WFE_size/wf-outputs/chkp/wfe_study_resx3_bis/chkp_callback_poly_wfe_study_resx3_256_bis_11_cycle1
63/63 - 204s - loss: 9.6044e-07 - mean_squared_error: 1.3224e-06 - val_loss: 1.2500e-08 - val_mean_squared_error: 1.2500e-08 - 204s/epoch - 3s/step
Epoch 77/100

Epoch 00077: mean_squared_error improved from 0.00000 to 0.00000, saving model to /gpfswork/rech/ynx/ulx23va/repo/wf-SEDs/model_WFE_size/wf-outputs/chkp/wfe_study_resx3_bis/chkp_callback_poly_wfe_study_resx3_256_bis_11_cycle1
63/63 - 204s - loss: 9.6039e-07 - mean_squared_error: 1.3223e-06 - val_loss: 1.0550e-08 - val_mean_squared_error: 1.0550e-08 - 204s/epoch - 3s/step
Epoch 78/100

Epoch 00078: mean_squared_error improved from 0.00000 to 0.00000, saving model to /gpfswork/rech/ynx/ulx23va/repo/wf-SEDs/model_WFE_size/wf-outputs/chkp/wfe_study_resx3_bis/chkp_callback_poly_wfe_study_resx3_256_bis_11_cycle1
63/63 - 203s - loss: 9.6028e-07 - mean_squared_error: 1.3222e-06 - val_loss: 9.8031e-09 - val_mean_squared_error: 9.8031e-09 - 203s/epoch - 3s/step
Epoch 79/100

Epoch 00079: mean_squared_error improved from 0.00000 to 0.00000, saving model to /gpfswork/rech/ynx/ulx23va/repo/wf-SEDs/model_WFE_size/wf-outputs/chkp/wfe_study_resx3_bis/chkp_callback_poly_wfe_study_resx3_256_bis_11_cycle1
63/63 - 209s - loss: 9.5974e-07 - mean_squared_error: 1.3217e-06 - val_loss: 1.0653e-08 - val_mean_squared_error: 1.0653e-08 - 209s/epoch - 3s/step
Epoch 80/100

Epoch 00080: mean_squared_error did not improve from 0.00000
63/63 - 204s - loss: 9.6043e-07 - mean_squared_error: 1.3222e-06 - val_loss: 1.0860e-08 - val_mean_squared_error: 1.0860e-08 - 204s/epoch - 3s/step
Epoch 81/100

Epoch 00081: mean_squared_error did not improve from 0.00000
63/63 - 203s - loss: 9.5982e-07 - mean_squared_error: 1.3218e-06 - val_loss: 1.3112e-08 - val_mean_squared_error: 1.3112e-08 - 203s/epoch - 3s/step
Epoch 82/100

Epoch 00082: mean_squared_error did not improve from 0.00000
63/63 - 210s - loss: 9.6374e-07 - mean_squared_error: 1.3250e-06 - val_loss: 1.5544e-08 - val_mean_squared_error: 1.5544e-08 - 210s/epoch - 3s/step
Epoch 83/100

Epoch 00083: mean_squared_error did not improve from 0.00000
63/63 - 203s - loss: 9.6070e-07 - mean_squared_error: 1.3224e-06 - val_loss: 1.1260e-08 - val_mean_squared_error: 1.1260e-08 - 203s/epoch - 3s/step
Epoch 84/100

Epoch 00084: mean_squared_error did not improve from 0.00000
63/63 - 204s - loss: 9.6135e-07 - mean_squared_error: 1.3230e-06 - val_loss: 1.0240e-08 - val_mean_squared_error: 1.0240e-08 - 204s/epoch - 3s/step
Epoch 85/100

Epoch 00085: mean_squared_error improved from 0.00000 to 0.00000, saving model to /gpfswork/rech/ynx/ulx23va/repo/wf-SEDs/model_WFE_size/wf-outputs/chkp/wfe_study_resx3_bis/chkp_callback_poly_wfe_study_resx3_256_bis_11_cycle1
63/63 - 204s - loss: 9.5942e-07 - mean_squared_error: 1.3215e-06 - val_loss: 1.1348e-08 - val_mean_squared_error: 1.1348e-08 - 204s/epoch - 3s/step
Epoch 86/100

Epoch 00086: mean_squared_error improved from 0.00000 to 0.00000, saving model to /gpfswork/rech/ynx/ulx23va/repo/wf-SEDs/model_WFE_size/wf-outputs/chkp/wfe_study_resx3_bis/chkp_callback_poly_wfe_study_resx3_256_bis_11_cycle1
63/63 - 205s - loss: 9.5943e-07 - mean_squared_error: 1.3212e-06 - val_loss: 8.8176e-09 - val_mean_squared_error: 8.8176e-09 - 205s/epoch - 3s/step
Epoch 87/100

Epoch 00087: mean_squared_error improved from 0.00000 to 0.00000, saving model to /gpfswork/rech/ynx/ulx23va/repo/wf-SEDs/model_WFE_size/wf-outputs/chkp/wfe_study_resx3_bis/chkp_callback_poly_wfe_study_resx3_256_bis_11_cycle1
63/63 - 207s - loss: 9.5791e-07 - mean_squared_error: 1.3201e-06 - val_loss: 9.3035e-09 - val_mean_squared_error: 9.3035e-09 - 207s/epoch - 3s/step
Epoch 88/100

Epoch 00088: mean_squared_error did not improve from 0.00000
63/63 - 203s - loss: 9.5992e-07 - mean_squared_error: 1.3216e-06 - val_loss: 1.2950e-08 - val_mean_squared_error: 1.2950e-08 - 203s/epoch - 3s/step
Epoch 89/100

Epoch 00089: mean_squared_error did not improve from 0.00000
63/63 - 205s - loss: 9.6344e-07 - mean_squared_error: 1.3244e-06 - val_loss: 1.3835e-08 - val_mean_squared_error: 1.3835e-08 - 205s/epoch - 3s/step
Epoch 90/100

Epoch 00090: mean_squared_error did not improve from 0.00000
63/63 - 207s - loss: 9.6166e-07 - mean_squared_error: 1.3233e-06 - val_loss: 1.0242e-08 - val_mean_squared_error: 1.0242e-08 - 207s/epoch - 3s/step
Epoch 91/100

Epoch 00091: mean_squared_error did not improve from 0.00000
63/63 - 205s - loss: 9.5864e-07 - mean_squared_error: 1.3206e-06 - val_loss: 9.3930e-09 - val_mean_squared_error: 9.3930e-09 - 205s/epoch - 3s/step
Epoch 92/100

Epoch 00092: mean_squared_error did not improve from 0.00000
63/63 - 203s - loss: 9.5958e-07 - mean_squared_error: 1.3214e-06 - val_loss: 9.3586e-09 - val_mean_squared_error: 9.3586e-09 - 203s/epoch - 3s/step
Epoch 93/100

Epoch 00093: mean_squared_error improved from 0.00000 to 0.00000, saving model to /gpfswork/rech/ynx/ulx23va/repo/wf-SEDs/model_WFE_size/wf-outputs/chkp/wfe_study_resx3_bis/chkp_callback_poly_wfe_study_resx3_256_bis_11_cycle1
63/63 - 203s - loss: 9.5780e-07 - mean_squared_error: 1.3199e-06 - val_loss: 1.0435e-08 - val_mean_squared_error: 1.0435e-08 - 203s/epoch - 3s/step
Epoch 94/100

Epoch 00094: mean_squared_error did not improve from 0.00000
63/63 - 209s - loss: 9.5953e-07 - mean_squared_error: 1.3214e-06 - val_loss: 8.5448e-09 - val_mean_squared_error: 8.5448e-09 - 209s/epoch - 3s/step
Epoch 95/100

Epoch 00095: mean_squared_error improved from 0.00000 to 0.00000, saving model to /gpfswork/rech/ynx/ulx23va/repo/wf-SEDs/model_WFE_size/wf-outputs/chkp/wfe_study_resx3_bis/chkp_callback_poly_wfe_study_resx3_256_bis_11_cycle1
63/63 - 203s - loss: 9.5701e-07 - mean_squared_error: 1.3192e-06 - val_loss: 8.5499e-09 - val_mean_squared_error: 8.5499e-09 - 203s/epoch - 3s/step
Epoch 96/100

Epoch 00096: mean_squared_error did not improve from 0.00000
63/63 - 204s - loss: 9.5704e-07 - mean_squared_error: 1.3193e-06 - val_loss: 8.5107e-09 - val_mean_squared_error: 8.5107e-09 - 204s/epoch - 3s/step
Epoch 97/100

Epoch 00097: mean_squared_error did not improve from 0.00000
63/63 - 204s - loss: 9.5746e-07 - mean_squared_error: 1.3196e-06 - val_loss: 9.0133e-09 - val_mean_squared_error: 9.0133e-09 - 204s/epoch - 3s/step
Epoch 98/100

Epoch 00098: mean_squared_error did not improve from 0.00000
63/63 - 208s - loss: 9.5847e-07 - mean_squared_error: 1.3203e-06 - val_loss: 9.0042e-09 - val_mean_squared_error: 9.0042e-09 - 208s/epoch - 3s/step
Epoch 99/100

Epoch 00099: mean_squared_error did not improve from 0.00000
63/63 - 203s - loss: 9.5876e-07 - mean_squared_error: 1.3207e-06 - val_loss: 9.3673e-09 - val_mean_squared_error: 9.3673e-09 - 203s/epoch - 3s/step
Epoch 100/100

Epoch 00100: mean_squared_error did not improve from 0.00000
63/63 - 205s - loss: 9.5721e-07 - mean_squared_error: 1.3193e-06 - val_loss: 8.6540e-09 - val_mean_squared_error: 8.6540e-09 - 205s/epoch - 3s/step
Cycle1 elapsed time: 24009.910150
Starting cycle 2..
Starting parametric update..
Epoch 1/15

Epoch 00001: mean_squared_error improved from inf to 0.00000, saving model to /gpfswork/rech/ynx/ulx23va/repo/wf-SEDs/model_WFE_size/wf-outputs/chkp/wfe_study_resx3_bis/chkp_callback_poly_wfe_study_resx3_256_bis_11_cycle2
63/63 - 209s - loss: 9.5678e-07 - mean_squared_error: 1.3191e-06 - val_loss: 9.8066e-09 - val_mean_squared_error: 9.8066e-09 - 209s/epoch - 3s/step
Epoch 2/15

Epoch 00002: mean_squared_error did not improve from 0.00000
63/63 - 205s - loss: 9.5745e-07 - mean_squared_error: 1.3197e-06 - val_loss: 1.1223e-08 - val_mean_squared_error: 1.1223e-08 - 205s/epoch - 3s/step
Epoch 3/15

Epoch 00003: mean_squared_error did not improve from 0.00000
63/63 - 208s - loss: 9.5831e-07 - mean_squared_error: 1.3205e-06 - val_loss: 1.0143e-08 - val_mean_squared_error: 1.0143e-08 - 208s/epoch - 3s/step
Epoch 4/15

Epoch 00004: mean_squared_error did not improve from 0.00000
63/63 - 203s - loss: 9.6018e-07 - mean_squared_error: 1.3219e-06 - val_loss: 1.3005e-08 - val_mean_squared_error: 1.3005e-08 - 203s/epoch - 3s/step
Epoch 5/15

Epoch 00005: mean_squared_error did not improve from 0.00000
63/63 - 204s - loss: 9.6330e-07 - mean_squared_error: 1.3245e-06 - val_loss: 1.4220e-08 - val_mean_squared_error: 1.4220e-08 - 204s/epoch - 3s/step
Epoch 6/15

Epoch 00006: mean_squared_error did not improve from 0.00000
63/63 - 207s - loss: 9.6201e-07 - mean_squared_error: 1.3239e-06 - val_loss: 1.2881e-08 - val_mean_squared_error: 1.2881e-08 - 207s/epoch - 3s/step
Epoch 7/15

Epoch 00007: mean_squared_error did not improve from 0.00000
63/63 - 205s - loss: 9.6416e-07 - mean_squared_error: 1.3257e-06 - val_loss: 1.7038e-08 - val_mean_squared_error: 1.7038e-08 - 205s/epoch - 3s/step
Epoch 8/15

Epoch 00008: mean_squared_error did not improve from 0.00000
63/63 - 203s - loss: 9.6570e-07 - mean_squared_error: 1.3264e-06 - val_loss: 1.6678e-08 - val_mean_squared_error: 1.6678e-08 - 203s/epoch - 3s/step
Epoch 9/15

Epoch 00009: mean_squared_error did not improve from 0.00000
63/63 - 208s - loss: 9.6370e-07 - mean_squared_error: 1.3252e-06 - val_loss: 1.5550e-08 - val_mean_squared_error: 1.5550e-08 - 208s/epoch - 3s/step
Epoch 10/15

Epoch 00010: mean_squared_error did not improve from 0.00000
63/63 - 205s - loss: 9.6414e-07 - mean_squared_error: 1.3257e-06 - val_loss: 1.4348e-08 - val_mean_squared_error: 1.4348e-08 - 205s/epoch - 3s/step
Epoch 11/15

Epoch 00011: mean_squared_error did not improve from 0.00000
63/63 - 206s - loss: 9.6252e-07 - mean_squared_error: 1.3240e-06 - val_loss: 1.6808e-08 - val_mean_squared_error: 1.6808e-08 - 206s/epoch - 3s/step
Epoch 12/15

Epoch 00012: mean_squared_error did not improve from 0.00000
63/63 - 206s - loss: 9.6594e-07 - mean_squared_error: 1.3276e-06 - val_loss: 5.7958e-08 - val_mean_squared_error: 5.7958e-08 - 206s/epoch - 3s/step
Epoch 13/15

Epoch 00013: mean_squared_error did not improve from 0.00000
63/63 - 210s - loss: 1.0079e-06 - mean_squared_error: 1.3641e-06 - val_loss: 1.9961e-08 - val_mean_squared_error: 1.9961e-08 - 210s/epoch - 3s/step
Epoch 14/15

Epoch 00014: mean_squared_error did not improve from 0.00000
63/63 - 205s - loss: 9.6267e-07 - mean_squared_error: 1.3242e-06 - val_loss: 9.6252e-09 - val_mean_squared_error: 9.6252e-09 - 205s/epoch - 3s/step
Epoch 15/15

Epoch 00015: mean_squared_error did not improve from 0.00000
63/63 - 204s - loss: 9.6547e-07 - mean_squared_error: 1.3269e-06 - val_loss: 2.1418e-08 - val_mean_squared_error: 2.1418e-08 - 204s/epoch - 3s/step
Starting non-parametric update..
Epoch 1/50

Epoch 00001: mean_squared_error did not improve from 0.00000
63/63 - 213s - loss: 9.5889e-07 - mean_squared_error: 1.3213e-06 - val_loss: 7.6357e-09 - val_mean_squared_error: 7.6357e-09 - 213s/epoch - 3s/step
Epoch 2/50

Epoch 00002: mean_squared_error improved from 0.00000 to 0.00000, saving model to /gpfswork/rech/ynx/ulx23va/repo/wf-SEDs/model_WFE_size/wf-outputs/chkp/wfe_study_resx3_bis/chkp_callback_poly_wfe_study_resx3_256_bis_11_cycle2
63/63 - 207s - loss: 9.5506e-07 - mean_squared_error: 1.3176e-06 - val_loss: 7.1993e-09 - val_mean_squared_error: 7.1993e-09 - 207s/epoch - 3s/step
Epoch 3/50

Epoch 00003: mean_squared_error improved from 0.00000 to 0.00000, saving model to /gpfswork/rech/ynx/ulx23va/repo/wf-SEDs/model_WFE_size/wf-outputs/chkp/wfe_study_resx3_bis/chkp_callback_poly_wfe_study_resx3_256_bis_11_cycle2
63/63 - 207s - loss: 9.5485e-07 - mean_squared_error: 1.3174e-06 - val_loss: 7.0130e-09 - val_mean_squared_error: 7.0130e-09 - 207s/epoch - 3s/step
Epoch 4/50

Epoch 00004: mean_squared_error improved from 0.00000 to 0.00000, saving model to /gpfswork/rech/ynx/ulx23va/repo/wf-SEDs/model_WFE_size/wf-outputs/chkp/wfe_study_resx3_bis/chkp_callback_poly_wfe_study_resx3_256_bis_11_cycle2
63/63 - 211s - loss: 9.5480e-07 - mean_squared_error: 1.3174e-06 - val_loss: 7.1094e-09 - val_mean_squared_error: 7.1094e-09 - 211s/epoch - 3s/step
Epoch 5/50

Epoch 00005: mean_squared_error did not improve from 0.00000
63/63 - 207s - loss: 9.5486e-07 - mean_squared_error: 1.3174e-06 - val_loss: 7.0705e-09 - val_mean_squared_error: 7.0705e-09 - 207s/epoch - 3s/step
Epoch 6/50

Epoch 00006: mean_squared_error improved from 0.00000 to 0.00000, saving model to /gpfswork/rech/ynx/ulx23va/repo/wf-SEDs/model_WFE_size/wf-outputs/chkp/wfe_study_resx3_bis/chkp_callback_poly_wfe_study_resx3_256_bis_11_cycle2
63/63 - 211s - loss: 9.5474e-07 - mean_squared_error: 1.3173e-06 - val_loss: 6.9816e-09 - val_mean_squared_error: 6.9816e-09 - 211s/epoch - 3s/step
Epoch 7/50

Epoch 00007: mean_squared_error did not improve from 0.00000
63/63 - 207s - loss: 9.5477e-07 - mean_squared_error: 1.3173e-06 - val_loss: 6.9600e-09 - val_mean_squared_error: 6.9600e-09 - 207s/epoch - 3s/step
Epoch 8/50

Epoch 00008: mean_squared_error did not improve from 0.00000
63/63 - 207s - loss: 9.5481e-07 - mean_squared_error: 1.3174e-06 - val_loss: 7.0117e-09 - val_mean_squared_error: 7.0117e-09 - 207s/epoch - 3s/step
Epoch 9/50

Epoch 00009: mean_squared_error improved from 0.00000 to 0.00000, saving model to /gpfswork/rech/ynx/ulx23va/repo/wf-SEDs/model_WFE_size/wf-outputs/chkp/wfe_study_resx3_bis/chkp_callback_poly_wfe_study_resx3_256_bis_11_cycle2
63/63 - 211s - loss: 9.5471e-07 - mean_squared_error: 1.3173e-06 - val_loss: 7.1876e-09 - val_mean_squared_error: 7.1876e-09 - 211s/epoch - 3s/step
Epoch 10/50

Epoch 00010: mean_squared_error did not improve from 0.00000
63/63 - 207s - loss: 9.5472e-07 - mean_squared_error: 1.3173e-06 - val_loss: 6.8807e-09 - val_mean_squared_error: 6.8807e-09 - 207s/epoch - 3s/step
Epoch 11/50

Epoch 00011: mean_squared_error did not improve from 0.00000
63/63 - 207s - loss: 9.5473e-07 - mean_squared_error: 1.3173e-06 - val_loss: 7.0492e-09 - val_mean_squared_error: 7.0492e-09 - 207s/epoch - 3s/step
Epoch 12/50

Epoch 00012: mean_squared_error did not improve from 0.00000
63/63 - 211s - loss: 9.5472e-07 - mean_squared_error: 1.3173e-06 - val_loss: 7.0872e-09 - val_mean_squared_error: 7.0872e-09 - 211s/epoch - 3s/step
Epoch 13/50

Epoch 00013: mean_squared_error did not improve from 0.00000
63/63 - 207s - loss: 9.5477e-07 - mean_squared_error: 1.3174e-06 - val_loss: 7.0040e-09 - val_mean_squared_error: 7.0040e-09 - 207s/epoch - 3s/step
Epoch 14/50

Epoch 00014: mean_squared_error did not improve from 0.00000
63/63 - 211s - loss: 9.5479e-07 - mean_squared_error: 1.3173e-06 - val_loss: 7.3915e-09 - val_mean_squared_error: 7.3915e-09 - 211s/epoch - 3s/step
Epoch 15/50

Epoch 00015: mean_squared_error did not improve from 0.00000
63/63 - 207s - loss: 9.5477e-07 - mean_squared_error: 1.3173e-06 - val_loss: 7.1556e-09 - val_mean_squared_error: 7.1556e-09 - 207s/epoch - 3s/step
Epoch 16/50

Epoch 00016: mean_squared_error improved from 0.00000 to 0.00000, saving model to /gpfswork/rech/ynx/ulx23va/repo/wf-SEDs/model_WFE_size/wf-outputs/chkp/wfe_study_resx3_bis/chkp_callback_poly_wfe_study_resx3_256_bis_11_cycle2
63/63 - 207s - loss: 9.5472e-07 - mean_squared_error: 1.3173e-06 - val_loss: 6.9623e-09 - val_mean_squared_error: 6.9623e-09 - 207s/epoch - 3s/step
Epoch 17/50

Epoch 00017: mean_squared_error did not improve from 0.00000
63/63 - 210s - loss: 9.5484e-07 - mean_squared_error: 1.3174e-06 - val_loss: 6.8414e-09 - val_mean_squared_error: 6.8414e-09 - 210s/epoch - 3s/step
Epoch 18/50

Epoch 00018: mean_squared_error improved from 0.00000 to 0.00000, saving model to /gpfswork/rech/ynx/ulx23va/repo/wf-SEDs/model_WFE_size/wf-outputs/chkp/wfe_study_resx3_bis/chkp_callback_poly_wfe_study_resx3_256_bis_11_cycle2
63/63 - 207s - loss: 9.5468e-07 - mean_squared_error: 1.3172e-06 - val_loss: 7.0065e-09 - val_mean_squared_error: 7.0065e-09 - 207s/epoch - 3s/step
Epoch 19/50

Epoch 00019: mean_squared_error improved from 0.00000 to 0.00000, saving model to /gpfswork/rech/ynx/ulx23va/repo/wf-SEDs/model_WFE_size/wf-outputs/chkp/wfe_study_resx3_bis/chkp_callback_poly_wfe_study_resx3_256_bis_11_cycle2
63/63 - 209s - loss: 9.5466e-07 - mean_squared_error: 1.3172e-06 - val_loss: 6.8745e-09 - val_mean_squared_error: 6.8745e-09 - 209s/epoch - 3s/step
Epoch 20/50

Epoch 00020: mean_squared_error did not improve from 0.00000
63/63 - 209s - loss: 9.5468e-07 - mean_squared_error: 1.3172e-06 - val_loss: 6.9475e-09 - val_mean_squared_error: 6.9475e-09 - 209s/epoch - 3s/step
Epoch 21/50

Epoch 00021: mean_squared_error did not improve from 0.00000
63/63 - 207s - loss: 9.5475e-07 - mean_squared_error: 1.3172e-06 - val_loss: 7.4276e-09 - val_mean_squared_error: 7.4276e-09 - 207s/epoch - 3s/step
Epoch 22/50

Epoch 00022: mean_squared_error did not improve from 0.00000
63/63 - 207s - loss: 9.5470e-07 - mean_squared_error: 1.3172e-06 - val_loss: 7.0154e-09 - val_mean_squared_error: 7.0154e-09 - 207s/epoch - 3s/step
Epoch 23/50

Epoch 00023: mean_squared_error improved from 0.00000 to 0.00000, saving model to /gpfswork/rech/ynx/ulx23va/repo/wf-SEDs/model_WFE_size/wf-outputs/chkp/wfe_study_resx3_bis/chkp_callback_poly_wfe_study_resx3_256_bis_11_cycle2
63/63 - 211s - loss: 9.5454e-07 - mean_squared_error: 1.3171e-06 - val_loss: 6.9451e-09 - val_mean_squared_error: 6.9451e-09 - 211s/epoch - 3s/step
Epoch 24/50

Epoch 00024: mean_squared_error did not improve from 0.00000
63/63 - 206s - loss: 9.5464e-07 - mean_squared_error: 1.3172e-06 - val_loss: 7.2148e-09 - val_mean_squared_error: 7.2148e-09 - 206s/epoch - 3s/step
Epoch 25/50

Epoch 00025: mean_squared_error did not improve from 0.00000
63/63 - 207s - loss: 9.5467e-07 - mean_squared_error: 1.3172e-06 - val_loss: 7.1317e-09 - val_mean_squared_error: 7.1317e-09 - 207s/epoch - 3s/step
Epoch 26/50

Epoch 00026: mean_squared_error did not improve from 0.00000
63/63 - 211s - loss: 9.5458e-07 - mean_squared_error: 1.3172e-06 - val_loss: 7.5122e-09 - val_mean_squared_error: 7.5122e-09 - 211s/epoch - 3s/step
Epoch 27/50

Epoch 00027: mean_squared_error improved from 0.00000 to 0.00000, saving model to /gpfswork/rech/ynx/ulx23va/repo/wf-SEDs/model_WFE_size/wf-outputs/chkp/wfe_study_resx3_bis/chkp_callback_poly_wfe_study_resx3_256_bis_11_cycle2
63/63 - 207s - loss: 9.5456e-07 - mean_squared_error: 1.3171e-06 - val_loss: 6.9379e-09 - val_mean_squared_error: 6.9379e-09 - 207s/epoch - 3s/step
Epoch 28/50

Epoch 00028: mean_squared_error improved from 0.00000 to 0.00000, saving model to /gpfswork/rech/ynx/ulx23va/repo/wf-SEDs/model_WFE_size/wf-outputs/chkp/wfe_study_resx3_bis/chkp_callback_poly_wfe_study_resx3_256_bis_11_cycle2
63/63 - 206s - loss: 9.5444e-07 - mean_squared_error: 1.3170e-06 - val_loss: 6.6423e-09 - val_mean_squared_error: 6.6423e-09 - 206s/epoch - 3s/step
Epoch 29/50

Epoch 00029: mean_squared_error improved from 0.00000 to 0.00000, saving model to /gpfswork/rech/ynx/ulx23va/repo/wf-SEDs/model_WFE_size/wf-outputs/chkp/wfe_study_resx3_bis/chkp_callback_poly_wfe_study_resx3_256_bis_11_cycle2
63/63 - 211s - loss: 9.5438e-07 - mean_squared_error: 1.3169e-06 - val_loss: 6.9828e-09 - val_mean_squared_error: 6.9828e-09 - 211s/epoch - 3s/step
Epoch 30/50

Epoch 00030: mean_squared_error improved from 0.00000 to 0.00000, saving model to /gpfswork/rech/ynx/ulx23va/repo/wf-SEDs/model_WFE_size/wf-outputs/chkp/wfe_study_resx3_bis/chkp_callback_poly_wfe_study_resx3_256_bis_11_cycle2
63/63 - 207s - loss: 9.5432e-07 - mean_squared_error: 1.3169e-06 - val_loss: 6.7506e-09 - val_mean_squared_error: 6.7506e-09 - 207s/epoch - 3s/step
Epoch 31/50

Epoch 00031: mean_squared_error did not improve from 0.00000
63/63 - 207s - loss: 9.5448e-07 - mean_squared_error: 1.3170e-06 - val_loss: 7.1682e-09 - val_mean_squared_error: 7.1682e-09 - 207s/epoch - 3s/step
Epoch 32/50

Epoch 00032: mean_squared_error did not improve from 0.00000
63/63 - 211s - loss: 9.5459e-07 - mean_squared_error: 1.3171e-06 - val_loss: 6.9851e-09 - val_mean_squared_error: 6.9851e-09 - 211s/epoch - 3s/step
Epoch 33/50

Epoch 00033: mean_squared_error did not improve from 0.00000
63/63 - 207s - loss: 9.5452e-07 - mean_squared_error: 1.3171e-06 - val_loss: 7.0368e-09 - val_mean_squared_error: 7.0368e-09 - 207s/epoch - 3s/step
Epoch 34/50

Epoch 00034: mean_squared_error did not improve from 0.00000
63/63 - 207s - loss: 9.5439e-07 - mean_squared_error: 1.3169e-06 - val_loss: 6.7132e-09 - val_mean_squared_error: 6.7132e-09 - 207s/epoch - 3s/step
Epoch 35/50

Epoch 00035: mean_squared_error improved from 0.00000 to 0.00000, saving model to /gpfswork/rech/ynx/ulx23va/repo/wf-SEDs/model_WFE_size/wf-outputs/chkp/wfe_study_resx3_bis/chkp_callback_poly_wfe_study_resx3_256_bis_11_cycle2
63/63 - 207s - loss: 9.5430e-07 - mean_squared_error: 1.3168e-06 - val_loss: 6.7749e-09 - val_mean_squared_error: 6.7749e-09 - 207s/epoch - 3s/step
Epoch 36/50

Epoch 00036: mean_squared_error did not improve from 0.00000
63/63 - 207s - loss: 9.5445e-07 - mean_squared_error: 1.3170e-06 - val_loss: 6.7282e-09 - val_mean_squared_error: 6.7282e-09 - 207s/epoch - 3s/step
Epoch 37/50

Epoch 00037: mean_squared_error did not improve from 0.00000
63/63 - 207s - loss: 9.5436e-07 - mean_squared_error: 1.3169e-06 - val_loss: 6.8334e-09 - val_mean_squared_error: 6.8334e-09 - 207s/epoch - 3s/step
Epoch 38/50

Epoch 00038: mean_squared_error improved from 0.00000 to 0.00000, saving model to /gpfswork/rech/ynx/ulx23va/repo/wf-SEDs/model_WFE_size/wf-outputs/chkp/wfe_study_resx3_bis/chkp_callback_poly_wfe_study_resx3_256_bis_11_cycle2
63/63 - 211s - loss: 9.5415e-07 - mean_squared_error: 1.3167e-06 - val_loss: 6.6993e-09 - val_mean_squared_error: 6.6993e-09 - 211s/epoch - 3s/step
Epoch 39/50

Epoch 00039: mean_squared_error did not improve from 0.00000
63/63 - 207s - loss: 9.5416e-07 - mean_squared_error: 1.3168e-06 - val_loss: 6.6338e-09 - val_mean_squared_error: 6.6338e-09 - 207s/epoch - 3s/step
Epoch 40/50

Epoch 00040: mean_squared_error did not improve from 0.00000
63/63 - 207s - loss: 9.5427e-07 - mean_squared_error: 1.3168e-06 - val_loss: 6.9224e-09 - val_mean_squared_error: 6.9224e-09 - 207s/epoch - 3s/step
Epoch 41/50

Epoch 00041: mean_squared_error improved from 0.00000 to 0.00000, saving model to /gpfswork/rech/ynx/ulx23va/repo/wf-SEDs/model_WFE_size/wf-outputs/chkp/wfe_study_resx3_bis/chkp_callback_poly_wfe_study_resx3_256_bis_11_cycle2
63/63 - 211s - loss: 9.5414e-07 - mean_squared_error: 1.3167e-06 - val_loss: 6.5497e-09 - val_mean_squared_error: 6.5497e-09 - 211s/epoch - 3s/step
Epoch 42/50

Epoch 00042: mean_squared_error improved from 0.00000 to 0.00000, saving model to /gpfswork/rech/ynx/ulx23va/repo/wf-SEDs/model_WFE_size/wf-outputs/chkp/wfe_study_resx3_bis/chkp_callback_poly_wfe_study_resx3_256_bis_11_cycle2
63/63 - 208s - loss: 9.5406e-07 - mean_squared_error: 1.3166e-06 - val_loss: 6.7827e-09 - val_mean_squared_error: 6.7827e-09 - 208s/epoch - 3s/step
Epoch 43/50

Epoch 00043: mean_squared_error did not improve from 0.00000
63/63 - 209s - loss: 9.5412e-07 - mean_squared_error: 1.3167e-06 - val_loss: 6.8027e-09 - val_mean_squared_error: 6.8027e-09 - 209s/epoch - 3s/step
Epoch 44/50

Epoch 00044: mean_squared_error did not improve from 0.00000
63/63 - 207s - loss: 9.5411e-07 - mean_squared_error: 1.3167e-06 - val_loss: 6.8240e-09 - val_mean_squared_error: 6.8240e-09 - 207s/epoch - 3s/step
Epoch 45/50

Epoch 00045: mean_squared_error did not improve from 0.00000
63/63 - 207s - loss: 9.5445e-07 - mean_squared_error: 1.3169e-06 - val_loss: 6.8526e-09 - val_mean_squared_error: 6.8526e-09 - 207s/epoch - 3s/step
Epoch 46/50

Epoch 00046: mean_squared_error improved from 0.00000 to 0.00000, saving model to /gpfswork/rech/ynx/ulx23va/repo/wf-SEDs/model_WFE_size/wf-outputs/chkp/wfe_study_resx3_bis/chkp_callback_poly_wfe_study_resx3_256_bis_11_cycle2
63/63 - 211s - loss: 9.5399e-07 - mean_squared_error: 1.3166e-06 - val_loss: 6.6932e-09 - val_mean_squared_error: 6.6932e-09 - 211s/epoch - 3s/step
Epoch 47/50

Epoch 00047: mean_squared_error improved from 0.00000 to 0.00000, saving model to /gpfswork/rech/ynx/ulx23va/repo/wf-SEDs/model_WFE_size/wf-outputs/chkp/wfe_study_resx3_bis/chkp_callback_poly_wfe_study_resx3_256_bis_11_cycle2
63/63 - 206s - loss: 9.5398e-07 - mean_squared_error: 1.3166e-06 - val_loss: 6.4796e-09 - val_mean_squared_error: 6.4796e-09 - 206s/epoch - 3s/step
Epoch 48/50

Epoch 00048: mean_squared_error improved from 0.00000 to 0.00000, saving model to /gpfswork/rech/ynx/ulx23va/repo/wf-SEDs/model_WFE_size/wf-outputs/chkp/wfe_study_resx3_bis/chkp_callback_poly_wfe_study_resx3_256_bis_11_cycle2
63/63 - 207s - loss: 9.5391e-07 - mean_squared_error: 1.3165e-06 - val_loss: 6.6897e-09 - val_mean_squared_error: 6.6897e-09 - 207s/epoch - 3s/step
Epoch 49/50

Epoch 00049: mean_squared_error did not improve from 0.00000
63/63 - 212s - loss: 9.5400e-07 - mean_squared_error: 1.3165e-06 - val_loss: 6.4283e-09 - val_mean_squared_error: 6.4283e-09 - 212s/epoch - 3s/step
Epoch 50/50

Epoch 00050: mean_squared_error improved from 0.00000 to 0.00000, saving model to /gpfswork/rech/ynx/ulx23va/repo/wf-SEDs/model_WFE_size/wf-outputs/chkp/wfe_study_resx3_bis/chkp_callback_poly_wfe_study_resx3_256_bis_11_cycle2
63/63 - 206s - loss: 9.5385e-07 - mean_squared_error: 1.3164e-06 - val_loss: 6.6217e-09 - val_mean_squared_error: 6.6217e-09 - 206s/epoch - 3s/step
Cycle2 elapsed time: 13506.787846

Total elapsed time: 37520.838103

 Good bye..
