Starting the log file.
Found GPU at: /device:GPU:0
tf_version: 2.7.0
Dataset parameters:
{'d_max': 2, 'max_order': 45, 'x_lims': [0, 1000.0], 'y_lims': [0, 1000.0], 'grid_points': [4, 4], 'n_bins': 20, 'max_wfe_rms': 0.1, 'oversampling_rate': 3.0, 'output_Q': 3.0, 'output_dim': 32, 'LP_filter_length': 2, 'pupil_diameter': 4096, 'euclid_obsc': True, 'n_stars': 2000}

***
Metric evaluation on the test dataset
***

Absolute RMSE:	 2.5009e-04 	 +/- 3.4095e-05
Relative RMSE:	 3.3088e+00 % 	 +/- 6.0438e-01 %
Absolute RMSE:	 1.2983e-01 	 +/- 1.9992e-02
Relative RMSE:	 1.7917e+02 % 	 +/- 1.5066e+01 %

Pixel star absolute RMSE:	 8.0799e-05 	 +/- 2.2614e-05 
Pixel star relative RMSE:	 5.4321e+00 % 	 +/- 2.2763e+00 %

sigma(e1) RMSE =		 1.7744e-02 	 +/- 1.7386e-02 
sigma(e2) RMSE =		 7.3849e-03 	 +/- 7.3845e-03 
sigma(R2)/<R2> =		 3.3671e-02 	 +/- 2.5399e-02 

Relative sigma(e1) RMSE =	 5.4373e+02 % 	 +/- 5.4249e+02 %
Relative sigma(e2) RMSE =	 5.6979e+02 % 	 +/- 5.6967e+02 %

Total number of stars: 		400
Problematic number of stars: 	0

***
Metric evaluation on the train dataset
***

Absolute RMSE:	 2.4920e-04 	 +/- 3.4184e-05
Relative RMSE:	 3.3197e+00 % 	 +/- 6.5957e-01 %
Absolute RMSE:	 1.2949e-01 	 +/- 2.2488e-02
Relative RMSE:	 1.7822e+02 % 	 +/- 1.5089e+01 %

Pixel star absolute RMSE:	 8.1094e-05 	 +/- 2.3271e-05 
Pixel star relative RMSE:	 5.5212e+00 % 	 +/- 2.5806e+00 %

sigma(e1) RMSE =		 1.8317e-02 	 +/- 1.7996e-02 
sigma(e2) RMSE =		 9.6862e-03 	 +/- 9.6846e-03 
sigma(R2)/<R2> =		 8.7226e-02 	 +/- 3.0192e-02 

Relative sigma(e1) RMSE =	 1.8694e+03 % 	 +/- 1.8687e+03 %
Relative sigma(e2) RMSE =	 9.8369e+02 % 	 +/- 9.8261e+02 %

Total number of stars: 		2000
Problematic number of stars: 	0

Total elapsed time: 1882.455950

 Good bye..
