Starting the log file.
Found GPU at: /device:GPU:0
tf_version: 2.7.0
Zernike cube:
(15, 256, 256)
Dataset parameters:
{'d_max': 2, 'max_order': 45, 'x_lims': [0, 1000.0], 'y_lims': [0, 1000.0], 'grid_points': [4, 4], 'n_bins': 20, 'max_wfe_rms': 0.1, 'oversampling_rate': 3.0, 'output_Q': 3.0, 'output_dim': 32, 'LP_filter_length': 2, 'pupil_diameter': 4096, 'euclid_obsc': True, 'n_stars': 2000}
Starting cycle 1..
Starting parametric update..
Epoch 1/15

Epoch 00001: mean_squared_error improved from inf to 0.00001, saving model to /gpfswork/rech/ynx/ulx23va/repo/wf-SEDs/model_WFE_size/wf-outputs/chkp/wfe_study_resx3_bis/chkp_callback_poly_wfe_study_resx3_256_bis_3_cycle1
63/63 - 180s - loss: 7.1083e-06 - mean_squared_error: 6.8089e-06 - val_loss: 1.6719e-06 - val_mean_squared_error: 1.6719e-06 - 180s/epoch - 3s/step
Epoch 2/15

Epoch 00002: mean_squared_error improved from 0.00001 to 0.00000, saving model to /gpfswork/rech/ynx/ulx23va/repo/wf-SEDs/model_WFE_size/wf-outputs/chkp/wfe_study_resx3_bis/chkp_callback_poly_wfe_study_resx3_256_bis_3_cycle1
63/63 - 175s - loss: 2.3697e-06 - mean_squared_error: 2.5915e-06 - val_loss: 1.0471e-06 - val_mean_squared_error: 1.0471e-06 - 175s/epoch - 3s/step
Epoch 3/15

Epoch 00003: mean_squared_error improved from 0.00000 to 0.00000, saving model to /gpfswork/rech/ynx/ulx23va/repo/wf-SEDs/model_WFE_size/wf-outputs/chkp/wfe_study_resx3_bis/chkp_callback_poly_wfe_study_resx3_256_bis_3_cycle1
63/63 - 175s - loss: 1.9187e-06 - mean_squared_error: 2.1875e-06 - val_loss: 7.8162e-07 - val_mean_squared_error: 7.8162e-07 - 175s/epoch - 3s/step
Epoch 4/15

Epoch 00004: mean_squared_error improved from 0.00000 to 0.00000, saving model to /gpfswork/rech/ynx/ulx23va/repo/wf-SEDs/model_WFE_size/wf-outputs/chkp/wfe_study_resx3_bis/chkp_callback_poly_wfe_study_resx3_256_bis_3_cycle1
63/63 - 176s - loss: 1.7949e-06 - mean_squared_error: 2.0790e-06 - val_loss: 7.6489e-07 - val_mean_squared_error: 7.6489e-07 - 176s/epoch - 3s/step
Epoch 5/15

Epoch 00005: mean_squared_error improved from 0.00000 to 0.00000, saving model to /gpfswork/rech/ynx/ulx23va/repo/wf-SEDs/model_WFE_size/wf-outputs/chkp/wfe_study_resx3_bis/chkp_callback_poly_wfe_study_resx3_256_bis_3_cycle1
63/63 - 176s - loss: 1.7693e-06 - mean_squared_error: 2.0585e-06 - val_loss: 7.4491e-07 - val_mean_squared_error: 7.4491e-07 - 176s/epoch - 3s/step
Epoch 6/15

Epoch 00006: mean_squared_error improved from 0.00000 to 0.00000, saving model to /gpfswork/rech/ynx/ulx23va/repo/wf-SEDs/model_WFE_size/wf-outputs/chkp/wfe_study_resx3_bis/chkp_callback_poly_wfe_study_resx3_256_bis_3_cycle1
63/63 - 177s - loss: 1.7686e-06 - mean_squared_error: 2.0582e-06 - val_loss: 7.4574e-07 - val_mean_squared_error: 7.4574e-07 - 177s/epoch - 3s/step
Epoch 7/15

Epoch 00007: mean_squared_error did not improve from 0.00000
63/63 - 177s - loss: 1.7723e-06 - mean_squared_error: 2.0642e-06 - val_loss: 7.7690e-07 - val_mean_squared_error: 7.7690e-07 - 177s/epoch - 3s/step
Epoch 8/15

Epoch 00008: mean_squared_error did not improve from 0.00000
63/63 - 176s - loss: 1.7784e-06 - mean_squared_error: 2.0691e-06 - val_loss: 7.5680e-07 - val_mean_squared_error: 7.5680e-07 - 176s/epoch - 3s/step
Epoch 9/15

Epoch 00009: mean_squared_error did not improve from 0.00000
63/63 - 176s - loss: 1.7919e-06 - mean_squared_error: 2.0781e-06 - val_loss: 7.6230e-07 - val_mean_squared_error: 7.6230e-07 - 176s/epoch - 3s/step
Epoch 10/15

Epoch 00010: mean_squared_error did not improve from 0.00000
63/63 - 176s - loss: 1.7911e-06 - mean_squared_error: 2.0815e-06 - val_loss: 7.7650e-07 - val_mean_squared_error: 7.7650e-07 - 176s/epoch - 3s/step
Epoch 11/15

Epoch 00011: mean_squared_error did not improve from 0.00000
63/63 - 176s - loss: 1.8530e-06 - mean_squared_error: 2.1358e-06 - val_loss: 7.9546e-07 - val_mean_squared_error: 7.9546e-07 - 176s/epoch - 3s/step
Epoch 12/15

Epoch 00012: mean_squared_error did not improve from 0.00000
63/63 - 176s - loss: 1.8266e-06 - mean_squared_error: 2.1127e-06 - val_loss: 7.8645e-07 - val_mean_squared_error: 7.8645e-07 - 176s/epoch - 3s/step
Epoch 13/15

Epoch 00013: mean_squared_error did not improve from 0.00000
63/63 - 175s - loss: 1.8435e-06 - mean_squared_error: 2.1266e-06 - val_loss: 8.0691e-07 - val_mean_squared_error: 8.0691e-07 - 175s/epoch - 3s/step
Epoch 14/15

Epoch 00014: mean_squared_error did not improve from 0.00000
63/63 - 175s - loss: 1.8128e-06 - mean_squared_error: 2.0986e-06 - val_loss: 8.6951e-07 - val_mean_squared_error: 8.6951e-07 - 175s/epoch - 3s/step
Epoch 15/15

Epoch 00015: mean_squared_error did not improve from 0.00000
63/63 - 176s - loss: 1.8887e-06 - mean_squared_error: 2.1673e-06 - val_loss: 9.5283e-07 - val_mean_squared_error: 9.5283e-07 - 176s/epoch - 3s/step
Starting non-parametric update..
Epoch 1/100

Epoch 00001: mean_squared_error did not improve from 0.00000
63/63 - 177s - loss: 1.8260e-06 - mean_squared_error: 2.1236e-06 - val_loss: 6.8686e-07 - val_mean_squared_error: 6.8686e-07 - 177s/epoch - 3s/step
Epoch 2/100

Epoch 00002: mean_squared_error improved from 0.00000 to 0.00000, saving model to /gpfswork/rech/ynx/ulx23va/repo/wf-SEDs/model_WFE_size/wf-outputs/chkp/wfe_study_resx3_bis/chkp_callback_poly_wfe_study_resx3_256_bis_3_cycle1
63/63 - 174s - loss: 1.6069e-06 - mean_squared_error: 1.9260e-06 - val_loss: 5.4372e-07 - val_mean_squared_error: 5.4372e-07 - 174s/epoch - 3s/step
Epoch 3/100

Epoch 00003: mean_squared_error improved from 0.00000 to 0.00000, saving model to /gpfswork/rech/ynx/ulx23va/repo/wf-SEDs/model_WFE_size/wf-outputs/chkp/wfe_study_resx3_bis/chkp_callback_poly_wfe_study_resx3_256_bis_3_cycle1
63/63 - 174s - loss: 1.4415e-06 - mean_squared_error: 1.7719e-06 - val_loss: 3.9538e-07 - val_mean_squared_error: 3.9538e-07 - 174s/epoch - 3s/step
Epoch 4/100

Epoch 00004: mean_squared_error improved from 0.00000 to 0.00000, saving model to /gpfswork/rech/ynx/ulx23va/repo/wf-SEDs/model_WFE_size/wf-outputs/chkp/wfe_study_resx3_bis/chkp_callback_poly_wfe_study_resx3_256_bis_3_cycle1
63/63 - 174s - loss: 1.3191e-06 - mean_squared_error: 1.6547e-06 - val_loss: 3.0532e-07 - val_mean_squared_error: 3.0532e-07 - 174s/epoch - 3s/step
Epoch 5/100

Epoch 00005: mean_squared_error improved from 0.00000 to 0.00000, saving model to /gpfswork/rech/ynx/ulx23va/repo/wf-SEDs/model_WFE_size/wf-outputs/chkp/wfe_study_resx3_bis/chkp_callback_poly_wfe_study_resx3_256_bis_3_cycle1
63/63 - 174s - loss: 1.2449e-06 - mean_squared_error: 1.5847e-06 - val_loss: 2.4870e-07 - val_mean_squared_error: 2.4870e-07 - 174s/epoch - 3s/step
Epoch 6/100

Epoch 00006: mean_squared_error improved from 0.00000 to 0.00000, saving model to /gpfswork/rech/ynx/ulx23va/repo/wf-SEDs/model_WFE_size/wf-outputs/chkp/wfe_study_resx3_bis/chkp_callback_poly_wfe_study_resx3_256_bis_3_cycle1
63/63 - 174s - loss: 1.1939e-06 - mean_squared_error: 1.5367e-06 - val_loss: 2.0710e-07 - val_mean_squared_error: 2.0710e-07 - 174s/epoch - 3s/step
Epoch 7/100

Epoch 00007: mean_squared_error improved from 0.00000 to 0.00000, saving model to /gpfswork/rech/ynx/ulx23va/repo/wf-SEDs/model_WFE_size/wf-outputs/chkp/wfe_study_resx3_bis/chkp_callback_poly_wfe_study_resx3_256_bis_3_cycle1
63/63 - 174s - loss: 1.1569e-06 - mean_squared_error: 1.5020e-06 - val_loss: 1.7653e-07 - val_mean_squared_error: 1.7653e-07 - 174s/epoch - 3s/step
Epoch 8/100

Epoch 00008: mean_squared_error improved from 0.00000 to 0.00000, saving model to /gpfswork/rech/ynx/ulx23va/repo/wf-SEDs/model_WFE_size/wf-outputs/chkp/wfe_study_resx3_bis/chkp_callback_poly_wfe_study_resx3_256_bis_3_cycle1
63/63 - 173s - loss: 1.1276e-06 - mean_squared_error: 1.4746e-06 - val_loss: 1.5279e-07 - val_mean_squared_error: 1.5279e-07 - 173s/epoch - 3s/step
Epoch 9/100

Epoch 00009: mean_squared_error improved from 0.00000 to 0.00000, saving model to /gpfswork/rech/ynx/ulx23va/repo/wf-SEDs/model_WFE_size/wf-outputs/chkp/wfe_study_resx3_bis/chkp_callback_poly_wfe_study_resx3_256_bis_3_cycle1
63/63 - 174s - loss: 1.1053e-06 - mean_squared_error: 1.4542e-06 - val_loss: 1.3375e-07 - val_mean_squared_error: 1.3375e-07 - 174s/epoch - 3s/step
Epoch 10/100

Epoch 00010: mean_squared_error improved from 0.00000 to 0.00000, saving model to /gpfswork/rech/ynx/ulx23va/repo/wf-SEDs/model_WFE_size/wf-outputs/chkp/wfe_study_resx3_bis/chkp_callback_poly_wfe_study_resx3_256_bis_3_cycle1
63/63 - 173s - loss: 1.0876e-06 - mean_squared_error: 1.4379e-06 - val_loss: 1.1916e-07 - val_mean_squared_error: 1.1916e-07 - 173s/epoch - 3s/step
Epoch 11/100

Epoch 00011: mean_squared_error improved from 0.00000 to 0.00000, saving model to /gpfswork/rech/ynx/ulx23va/repo/wf-SEDs/model_WFE_size/wf-outputs/chkp/wfe_study_resx3_bis/chkp_callback_poly_wfe_study_resx3_256_bis_3_cycle1
63/63 - 173s - loss: 1.0728e-06 - mean_squared_error: 1.4244e-06 - val_loss: 1.0764e-07 - val_mean_squared_error: 1.0764e-07 - 173s/epoch - 3s/step
Epoch 12/100

Epoch 00012: mean_squared_error improved from 0.00000 to 0.00000, saving model to /gpfswork/rech/ynx/ulx23va/repo/wf-SEDs/model_WFE_size/wf-outputs/chkp/wfe_study_resx3_bis/chkp_callback_poly_wfe_study_resx3_256_bis_3_cycle1
63/63 - 175s - loss: 1.0614e-06 - mean_squared_error: 1.4141e-06 - val_loss: 9.6594e-08 - val_mean_squared_error: 9.6594e-08 - 175s/epoch - 3s/step
Epoch 13/100

Epoch 00013: mean_squared_error improved from 0.00000 to 0.00000, saving model to /gpfswork/rech/ynx/ulx23va/repo/wf-SEDs/model_WFE_size/wf-outputs/chkp/wfe_study_resx3_bis/chkp_callback_poly_wfe_study_resx3_256_bis_3_cycle1
63/63 - 175s - loss: 1.0509e-06 - mean_squared_error: 1.4047e-06 - val_loss: 8.8079e-08 - val_mean_squared_error: 8.8079e-08 - 175s/epoch - 3s/step
Epoch 14/100

Epoch 00014: mean_squared_error improved from 0.00000 to 0.00000, saving model to /gpfswork/rech/ynx/ulx23va/repo/wf-SEDs/model_WFE_size/wf-outputs/chkp/wfe_study_resx3_bis/chkp_callback_poly_wfe_study_resx3_256_bis_3_cycle1
63/63 - 175s - loss: 1.0421e-06 - mean_squared_error: 1.3969e-06 - val_loss: 8.1062e-08 - val_mean_squared_error: 8.1062e-08 - 175s/epoch - 3s/step
Epoch 15/100

Epoch 00015: mean_squared_error improved from 0.00000 to 0.00000, saving model to /gpfswork/rech/ynx/ulx23va/repo/wf-SEDs/model_WFE_size/wf-outputs/chkp/wfe_study_resx3_bis/chkp_callback_poly_wfe_study_resx3_256_bis_3_cycle1
63/63 - 175s - loss: 1.0348e-06 - mean_squared_error: 1.3903e-06 - val_loss: 7.4569e-08 - val_mean_squared_error: 7.4569e-08 - 175s/epoch - 3s/step
Epoch 16/100

Epoch 00016: mean_squared_error improved from 0.00000 to 0.00000, saving model to /gpfswork/rech/ynx/ulx23va/repo/wf-SEDs/model_WFE_size/wf-outputs/chkp/wfe_study_resx3_bis/chkp_callback_poly_wfe_study_resx3_256_bis_3_cycle1
63/63 - 175s - loss: 1.0278e-06 - mean_squared_error: 1.3840e-06 - val_loss: 6.8314e-08 - val_mean_squared_error: 6.8314e-08 - 175s/epoch - 3s/step
Epoch 17/100

Epoch 00017: mean_squared_error improved from 0.00000 to 0.00000, saving model to /gpfswork/rech/ynx/ulx23va/repo/wf-SEDs/model_WFE_size/wf-outputs/chkp/wfe_study_resx3_bis/chkp_callback_poly_wfe_study_resx3_256_bis_3_cycle1
63/63 - 174s - loss: 1.0217e-06 - mean_squared_error: 1.3785e-06 - val_loss: 6.2728e-08 - val_mean_squared_error: 6.2728e-08 - 174s/epoch - 3s/step
Epoch 18/100

Epoch 00018: mean_squared_error improved from 0.00000 to 0.00000, saving model to /gpfswork/rech/ynx/ulx23va/repo/wf-SEDs/model_WFE_size/wf-outputs/chkp/wfe_study_resx3_bis/chkp_callback_poly_wfe_study_resx3_256_bis_3_cycle1
63/63 - 174s - loss: 1.0166e-06 - mean_squared_error: 1.3738e-06 - val_loss: 5.9495e-08 - val_mean_squared_error: 5.9495e-08 - 174s/epoch - 3s/step
Epoch 19/100

Epoch 00019: mean_squared_error improved from 0.00000 to 0.00000, saving model to /gpfswork/rech/ynx/ulx23va/repo/wf-SEDs/model_WFE_size/wf-outputs/chkp/wfe_study_resx3_bis/chkp_callback_poly_wfe_study_resx3_256_bis_3_cycle1
63/63 - 175s - loss: 1.0115e-06 - mean_squared_error: 1.3694e-06 - val_loss: 5.4641e-08 - val_mean_squared_error: 5.4641e-08 - 175s/epoch - 3s/step
Epoch 20/100

Epoch 00020: mean_squared_error improved from 0.00000 to 0.00000, saving model to /gpfswork/rech/ynx/ulx23va/repo/wf-SEDs/model_WFE_size/wf-outputs/chkp/wfe_study_resx3_bis/chkp_callback_poly_wfe_study_resx3_256_bis_3_cycle1
63/63 - 173s - loss: 1.0076e-06 - mean_squared_error: 1.3659e-06 - val_loss: 5.0863e-08 - val_mean_squared_error: 5.0863e-08 - 173s/epoch - 3s/step
Epoch 21/100

Epoch 00021: mean_squared_error improved from 0.00000 to 0.00000, saving model to /gpfswork/rech/ynx/ulx23va/repo/wf-SEDs/model_WFE_size/wf-outputs/chkp/wfe_study_resx3_bis/chkp_callback_poly_wfe_study_resx3_256_bis_3_cycle1
63/63 - 174s - loss: 1.0044e-06 - mean_squared_error: 1.3628e-06 - val_loss: 4.8862e-08 - val_mean_squared_error: 4.8862e-08 - 174s/epoch - 3s/step
Epoch 22/100

Epoch 00022: mean_squared_error improved from 0.00000 to 0.00000, saving model to /gpfswork/rech/ynx/ulx23va/repo/wf-SEDs/model_WFE_size/wf-outputs/chkp/wfe_study_resx3_bis/chkp_callback_poly_wfe_study_resx3_256_bis_3_cycle1
63/63 - 173s - loss: 1.0015e-06 - mean_squared_error: 1.3602e-06 - val_loss: 4.5065e-08 - val_mean_squared_error: 4.5065e-08 - 173s/epoch - 3s/step
Epoch 23/100

Epoch 00023: mean_squared_error improved from 0.00000 to 0.00000, saving model to /gpfswork/rech/ynx/ulx23va/repo/wf-SEDs/model_WFE_size/wf-outputs/chkp/wfe_study_resx3_bis/chkp_callback_poly_wfe_study_resx3_256_bis_3_cycle1
63/63 - 174s - loss: 9.9807e-07 - mean_squared_error: 1.3570e-06 - val_loss: 4.2380e-08 - val_mean_squared_error: 4.2380e-08 - 174s/epoch - 3s/step
Epoch 24/100

Epoch 00024: mean_squared_error improved from 0.00000 to 0.00000, saving model to /gpfswork/rech/ynx/ulx23va/repo/wf-SEDs/model_WFE_size/wf-outputs/chkp/wfe_study_resx3_bis/chkp_callback_poly_wfe_study_resx3_256_bis_3_cycle1
63/63 - 173s - loss: 9.9548e-07 - mean_squared_error: 1.3546e-06 - val_loss: 3.9974e-08 - val_mean_squared_error: 3.9974e-08 - 173s/epoch - 3s/step
Epoch 25/100

Epoch 00025: mean_squared_error improved from 0.00000 to 0.00000, saving model to /gpfswork/rech/ynx/ulx23va/repo/wf-SEDs/model_WFE_size/wf-outputs/chkp/wfe_study_resx3_bis/chkp_callback_poly_wfe_study_resx3_256_bis_3_cycle1
63/63 - 173s - loss: 9.9353e-07 - mean_squared_error: 1.3528e-06 - val_loss: 3.7645e-08 - val_mean_squared_error: 3.7645e-08 - 173s/epoch - 3s/step
Epoch 26/100

Epoch 00026: mean_squared_error improved from 0.00000 to 0.00000, saving model to /gpfswork/rech/ynx/ulx23va/repo/wf-SEDs/model_WFE_size/wf-outputs/chkp/wfe_study_resx3_bis/chkp_callback_poly_wfe_study_resx3_256_bis_3_cycle1
63/63 - 172s - loss: 9.9080e-07 - mean_squared_error: 1.3504e-06 - val_loss: 3.5766e-08 - val_mean_squared_error: 3.5766e-08 - 172s/epoch - 3s/step
Epoch 27/100

Epoch 00027: mean_squared_error improved from 0.00000 to 0.00000, saving model to /gpfswork/rech/ynx/ulx23va/repo/wf-SEDs/model_WFE_size/wf-outputs/chkp/wfe_study_resx3_bis/chkp_callback_poly_wfe_study_resx3_256_bis_3_cycle1
63/63 - 170s - loss: 9.8974e-07 - mean_squared_error: 1.3493e-06 - val_loss: 3.6413e-08 - val_mean_squared_error: 3.6413e-08 - 170s/epoch - 3s/step
Epoch 28/100

Epoch 00028: mean_squared_error improved from 0.00000 to 0.00000, saving model to /gpfswork/rech/ynx/ulx23va/repo/wf-SEDs/model_WFE_size/wf-outputs/chkp/wfe_study_resx3_bis/chkp_callback_poly_wfe_study_resx3_256_bis_3_cycle1
63/63 - 172s - loss: 9.8798e-07 - mean_squared_error: 1.3477e-06 - val_loss: 3.2534e-08 - val_mean_squared_error: 3.2534e-08 - 172s/epoch - 3s/step
Epoch 29/100

Epoch 00029: mean_squared_error improved from 0.00000 to 0.00000, saving model to /gpfswork/rech/ynx/ulx23va/repo/wf-SEDs/model_WFE_size/wf-outputs/chkp/wfe_study_resx3_bis/chkp_callback_poly_wfe_study_resx3_256_bis_3_cycle1
63/63 - 173s - loss: 9.8565e-07 - mean_squared_error: 1.3456e-06 - val_loss: 3.1485e-08 - val_mean_squared_error: 3.1485e-08 - 173s/epoch - 3s/step
Epoch 30/100

Epoch 00030: mean_squared_error improved from 0.00000 to 0.00000, saving model to /gpfswork/rech/ynx/ulx23va/repo/wf-SEDs/model_WFE_size/wf-outputs/chkp/wfe_study_resx3_bis/chkp_callback_poly_wfe_study_resx3_256_bis_3_cycle1
63/63 - 172s - loss: 9.8389e-07 - mean_squared_error: 1.3440e-06 - val_loss: 2.9290e-08 - val_mean_squared_error: 2.9290e-08 - 172s/epoch - 3s/step
Epoch 31/100

Epoch 00031: mean_squared_error improved from 0.00000 to 0.00000, saving model to /gpfswork/rech/ynx/ulx23va/repo/wf-SEDs/model_WFE_size/wf-outputs/chkp/wfe_study_resx3_bis/chkp_callback_poly_wfe_study_resx3_256_bis_3_cycle1
63/63 - 172s - loss: 9.8226e-07 - mean_squared_error: 1.3424e-06 - val_loss: 2.8854e-08 - val_mean_squared_error: 2.8854e-08 - 172s/epoch - 3s/step
Epoch 32/100

Epoch 00032: mean_squared_error improved from 0.00000 to 0.00000, saving model to /gpfswork/rech/ynx/ulx23va/repo/wf-SEDs/model_WFE_size/wf-outputs/chkp/wfe_study_resx3_bis/chkp_callback_poly_wfe_study_resx3_256_bis_3_cycle1
63/63 - 172s - loss: 9.8140e-07 - mean_squared_error: 1.3417e-06 - val_loss: 2.7284e-08 - val_mean_squared_error: 2.7284e-08 - 172s/epoch - 3s/step
Epoch 33/100

Epoch 00033: mean_squared_error improved from 0.00000 to 0.00000, saving model to /gpfswork/rech/ynx/ulx23va/repo/wf-SEDs/model_WFE_size/wf-outputs/chkp/wfe_study_resx3_bis/chkp_callback_poly_wfe_study_resx3_256_bis_3_cycle1
63/63 - 172s - loss: 9.8015e-07 - mean_squared_error: 1.3404e-06 - val_loss: 2.6636e-08 - val_mean_squared_error: 2.6636e-08 - 172s/epoch - 3s/step
Epoch 34/100

Epoch 00034: mean_squared_error improved from 0.00000 to 0.00000, saving model to /gpfswork/rech/ynx/ulx23va/repo/wf-SEDs/model_WFE_size/wf-outputs/chkp/wfe_study_resx3_bis/chkp_callback_poly_wfe_study_resx3_256_bis_3_cycle1
63/63 - 172s - loss: 9.7839e-07 - mean_squared_error: 1.3389e-06 - val_loss: 2.4824e-08 - val_mean_squared_error: 2.4824e-08 - 172s/epoch - 3s/step
Epoch 35/100

Epoch 00035: mean_squared_error improved from 0.00000 to 0.00000, saving model to /gpfswork/rech/ynx/ulx23va/repo/wf-SEDs/model_WFE_size/wf-outputs/chkp/wfe_study_resx3_bis/chkp_callback_poly_wfe_study_resx3_256_bis_3_cycle1
63/63 - 173s - loss: 9.7747e-07 - mean_squared_error: 1.3380e-06 - val_loss: 2.5074e-08 - val_mean_squared_error: 2.5074e-08 - 173s/epoch - 3s/step
Epoch 36/100

Epoch 00036: mean_squared_error did not improve from 0.00000
63/63 - 173s - loss: 9.7765e-07 - mean_squared_error: 1.3380e-06 - val_loss: 2.4484e-08 - val_mean_squared_error: 2.4484e-08 - 173s/epoch - 3s/step
Epoch 37/100

Epoch 00037: mean_squared_error did not improve from 0.00000
63/63 - 172s - loss: 9.7737e-07 - mean_squared_error: 1.3380e-06 - val_loss: 2.2164e-08 - val_mean_squared_error: 2.2164e-08 - 172s/epoch - 3s/step
Epoch 38/100

Epoch 00038: mean_squared_error improved from 0.00000 to 0.00000, saving model to /gpfswork/rech/ynx/ulx23va/repo/wf-SEDs/model_WFE_size/wf-outputs/chkp/wfe_study_resx3_bis/chkp_callback_poly_wfe_study_resx3_256_bis_3_cycle1
63/63 - 171s - loss: 9.7440e-07 - mean_squared_error: 1.3352e-06 - val_loss: 2.1862e-08 - val_mean_squared_error: 2.1862e-08 - 171s/epoch - 3s/step
Epoch 39/100

Epoch 00039: mean_squared_error improved from 0.00000 to 0.00000, saving model to /gpfswork/rech/ynx/ulx23va/repo/wf-SEDs/model_WFE_size/wf-outputs/chkp/wfe_study_resx3_bis/chkp_callback_poly_wfe_study_resx3_256_bis_3_cycle1
63/63 - 171s - loss: 9.7359e-07 - mean_squared_error: 1.3345e-06 - val_loss: 2.1002e-08 - val_mean_squared_error: 2.1002e-08 - 171s/epoch - 3s/step
Epoch 40/100

Epoch 00040: mean_squared_error did not improve from 0.00000
63/63 - 171s - loss: 9.7424e-07 - mean_squared_error: 1.3349e-06 - val_loss: 2.1733e-08 - val_mean_squared_error: 2.1733e-08 - 171s/epoch - 3s/step
Epoch 41/100

Epoch 00041: mean_squared_error improved from 0.00000 to 0.00000, saving model to /gpfswork/rech/ynx/ulx23va/repo/wf-SEDs/model_WFE_size/wf-outputs/chkp/wfe_study_resx3_bis/chkp_callback_poly_wfe_study_resx3_256_bis_3_cycle1
63/63 - 171s - loss: 9.7366e-07 - mean_squared_error: 1.3344e-06 - val_loss: 2.0937e-08 - val_mean_squared_error: 2.0937e-08 - 171s/epoch - 3s/step
Epoch 42/100

Epoch 00042: mean_squared_error improved from 0.00000 to 0.00000, saving model to /gpfswork/rech/ynx/ulx23va/repo/wf-SEDs/model_WFE_size/wf-outputs/chkp/wfe_study_resx3_bis/chkp_callback_poly_wfe_study_resx3_256_bis_3_cycle1
63/63 - 172s - loss: 9.7334e-07 - mean_squared_error: 1.3340e-06 - val_loss: 2.3376e-08 - val_mean_squared_error: 2.3376e-08 - 172s/epoch - 3s/step
Epoch 43/100

Epoch 00043: mean_squared_error improved from 0.00000 to 0.00000, saving model to /gpfswork/rech/ynx/ulx23va/repo/wf-SEDs/model_WFE_size/wf-outputs/chkp/wfe_study_resx3_bis/chkp_callback_poly_wfe_study_resx3_256_bis_3_cycle1
63/63 - 171s - loss: 9.7213e-07 - mean_squared_error: 1.3330e-06 - val_loss: 1.9452e-08 - val_mean_squared_error: 1.9452e-08 - 171s/epoch - 3s/step
Epoch 44/100

Epoch 00044: mean_squared_error improved from 0.00000 to 0.00000, saving model to /gpfswork/rech/ynx/ulx23va/repo/wf-SEDs/model_WFE_size/wf-outputs/chkp/wfe_study_resx3_bis/chkp_callback_poly_wfe_study_resx3_256_bis_3_cycle1
63/63 - 171s - loss: 9.7084e-07 - mean_squared_error: 1.3320e-06 - val_loss: 1.7780e-08 - val_mean_squared_error: 1.7780e-08 - 171s/epoch - 3s/step
Epoch 45/100

Epoch 00045: mean_squared_error improved from 0.00000 to 0.00000, saving model to /gpfswork/rech/ynx/ulx23va/repo/wf-SEDs/model_WFE_size/wf-outputs/chkp/wfe_study_resx3_bis/chkp_callback_poly_wfe_study_resx3_256_bis_3_cycle1
63/63 - 171s - loss: 9.6999e-07 - mean_squared_error: 1.3311e-06 - val_loss: 1.8923e-08 - val_mean_squared_error: 1.8923e-08 - 171s/epoch - 3s/step
Epoch 46/100

Epoch 00046: mean_squared_error improved from 0.00000 to 0.00000, saving model to /gpfswork/rech/ynx/ulx23va/repo/wf-SEDs/model_WFE_size/wf-outputs/chkp/wfe_study_resx3_bis/chkp_callback_poly_wfe_study_resx3_256_bis_3_cycle1
63/63 - 172s - loss: 9.6996e-07 - mean_squared_error: 1.3310e-06 - val_loss: 2.0501e-08 - val_mean_squared_error: 2.0501e-08 - 172s/epoch - 3s/step
Epoch 47/100

Epoch 00047: mean_squared_error did not improve from 0.00000
63/63 - 171s - loss: 9.7237e-07 - mean_squared_error: 1.3330e-06 - val_loss: 1.8108e-08 - val_mean_squared_error: 1.8108e-08 - 171s/epoch - 3s/step
Epoch 48/100

Epoch 00048: mean_squared_error improved from 0.00000 to 0.00000, saving model to /gpfswork/rech/ynx/ulx23va/repo/wf-SEDs/model_WFE_size/wf-outputs/chkp/wfe_study_resx3_bis/chkp_callback_poly_wfe_study_resx3_256_bis_3_cycle1
63/63 - 171s - loss: 9.6834e-07 - mean_squared_error: 1.3297e-06 - val_loss: 1.5774e-08 - val_mean_squared_error: 1.5774e-08 - 171s/epoch - 3s/step
Epoch 49/100

Epoch 00049: mean_squared_error improved from 0.00000 to 0.00000, saving model to /gpfswork/rech/ynx/ulx23va/repo/wf-SEDs/model_WFE_size/wf-outputs/chkp/wfe_study_resx3_bis/chkp_callback_poly_wfe_study_resx3_256_bis_3_cycle1
63/63 - 171s - loss: 9.6783e-07 - mean_squared_error: 1.3291e-06 - val_loss: 1.6193e-08 - val_mean_squared_error: 1.6193e-08 - 171s/epoch - 3s/step
Epoch 50/100

Epoch 00050: mean_squared_error did not improve from 0.00000
63/63 - 171s - loss: 9.6951e-07 - mean_squared_error: 1.3305e-06 - val_loss: 2.0419e-08 - val_mean_squared_error: 2.0419e-08 - 171s/epoch - 3s/step
Epoch 51/100

Epoch 00051: mean_squared_error improved from 0.00000 to 0.00000, saving model to /gpfswork/rech/ynx/ulx23va/repo/wf-SEDs/model_WFE_size/wf-outputs/chkp/wfe_study_resx3_bis/chkp_callback_poly_wfe_study_resx3_256_bis_3_cycle1
63/63 - 172s - loss: 9.6765e-07 - mean_squared_error: 1.3289e-06 - val_loss: 1.5316e-08 - val_mean_squared_error: 1.5316e-08 - 172s/epoch - 3s/step
Epoch 52/100

Epoch 00052: mean_squared_error improved from 0.00000 to 0.00000, saving model to /gpfswork/rech/ynx/ulx23va/repo/wf-SEDs/model_WFE_size/wf-outputs/chkp/wfe_study_resx3_bis/chkp_callback_poly_wfe_study_resx3_256_bis_3_cycle1
63/63 - 171s - loss: 9.6759e-07 - mean_squared_error: 1.3288e-06 - val_loss: 1.5126e-08 - val_mean_squared_error: 1.5126e-08 - 171s/epoch - 3s/step
Epoch 53/100

Epoch 00053: mean_squared_error did not improve from 0.00000
63/63 - 171s - loss: 9.7405e-07 - mean_squared_error: 1.3342e-06 - val_loss: 1.9348e-08 - val_mean_squared_error: 1.9348e-08 - 171s/epoch - 3s/step
Epoch 54/100

Epoch 00054: mean_squared_error did not improve from 0.00000
63/63 - 171s - loss: 9.7388e-07 - mean_squared_error: 1.3336e-06 - val_loss: 1.6092e-08 - val_mean_squared_error: 1.6092e-08 - 171s/epoch - 3s/step
Epoch 55/100

Epoch 00055: mean_squared_error improved from 0.00000 to 0.00000, saving model to /gpfswork/rech/ynx/ulx23va/repo/wf-SEDs/model_WFE_size/wf-outputs/chkp/wfe_study_resx3_bis/chkp_callback_poly_wfe_study_resx3_256_bis_3_cycle1
63/63 - 172s - loss: 9.6631e-07 - mean_squared_error: 1.3277e-06 - val_loss: 1.4868e-08 - val_mean_squared_error: 1.4868e-08 - 172s/epoch - 3s/step
Epoch 56/100

Epoch 00056: mean_squared_error improved from 0.00000 to 0.00000, saving model to /gpfswork/rech/ynx/ulx23va/repo/wf-SEDs/model_WFE_size/wf-outputs/chkp/wfe_study_resx3_bis/chkp_callback_poly_wfe_study_resx3_256_bis_3_cycle1
63/63 - 171s - loss: 9.6497e-07 - mean_squared_error: 1.3266e-06 - val_loss: 1.4427e-08 - val_mean_squared_error: 1.4427e-08 - 171s/epoch - 3s/step
Epoch 57/100

Epoch 00057: mean_squared_error improved from 0.00000 to 0.00000, saving model to /gpfswork/rech/ynx/ulx23va/repo/wf-SEDs/model_WFE_size/wf-outputs/chkp/wfe_study_resx3_bis/chkp_callback_poly_wfe_study_resx3_256_bis_3_cycle1
63/63 - 172s - loss: 9.6428e-07 - mean_squared_error: 1.3259e-06 - val_loss: 1.3218e-08 - val_mean_squared_error: 1.3218e-08 - 172s/epoch - 3s/step
Epoch 58/100

Epoch 00058: mean_squared_error did not improve from 0.00000
63/63 - 172s - loss: 9.6464e-07 - mean_squared_error: 1.3262e-06 - val_loss: 1.3333e-08 - val_mean_squared_error: 1.3333e-08 - 172s/epoch - 3s/step
Epoch 59/100

Epoch 00059: mean_squared_error improved from 0.00000 to 0.00000, saving model to /gpfswork/rech/ynx/ulx23va/repo/wf-SEDs/model_WFE_size/wf-outputs/chkp/wfe_study_resx3_bis/chkp_callback_poly_wfe_study_resx3_256_bis_3_cycle1
63/63 - 172s - loss: 9.6370e-07 - mean_squared_error: 1.3254e-06 - val_loss: 1.3501e-08 - val_mean_squared_error: 1.3501e-08 - 172s/epoch - 3s/step
Epoch 60/100

Epoch 00060: mean_squared_error did not improve from 0.00000
63/63 - 173s - loss: 9.6517e-07 - mean_squared_error: 1.3267e-06 - val_loss: 1.3055e-08 - val_mean_squared_error: 1.3055e-08 - 173s/epoch - 3s/step
Epoch 61/100

Epoch 00061: mean_squared_error did not improve from 0.00000
63/63 - 173s - loss: 9.6511e-07 - mean_squared_error: 1.3266e-06 - val_loss: 1.2388e-08 - val_mean_squared_error: 1.2388e-08 - 173s/epoch - 3s/step
Epoch 62/100

Epoch 00062: mean_squared_error did not improve from 0.00000
63/63 - 172s - loss: 9.6724e-07 - mean_squared_error: 1.3281e-06 - val_loss: 1.6890e-08 - val_mean_squared_error: 1.6890e-08 - 172s/epoch - 3s/step
Epoch 63/100

Epoch 00063: mean_squared_error did not improve from 0.00000
63/63 - 172s - loss: 9.7439e-07 - mean_squared_error: 1.3343e-06 - val_loss: 1.4820e-08 - val_mean_squared_error: 1.4820e-08 - 172s/epoch - 3s/step
Epoch 64/100

Epoch 00064: mean_squared_error improved from 0.00000 to 0.00000, saving model to /gpfswork/rech/ynx/ulx23va/repo/wf-SEDs/model_WFE_size/wf-outputs/chkp/wfe_study_resx3_bis/chkp_callback_poly_wfe_study_resx3_256_bis_3_cycle1
63/63 - 172s - loss: 9.6362e-07 - mean_squared_error: 1.3252e-06 - val_loss: 1.2464e-08 - val_mean_squared_error: 1.2464e-08 - 172s/epoch - 3s/step
Epoch 65/100

Epoch 00065: mean_squared_error improved from 0.00000 to 0.00000, saving model to /gpfswork/rech/ynx/ulx23va/repo/wf-SEDs/model_WFE_size/wf-outputs/chkp/wfe_study_resx3_bis/chkp_callback_poly_wfe_study_resx3_256_bis_3_cycle1
63/63 - 172s - loss: 9.6231e-07 - mean_squared_error: 1.3242e-06 - val_loss: 1.1945e-08 - val_mean_squared_error: 1.1945e-08 - 172s/epoch - 3s/step
Epoch 66/100

Epoch 00066: mean_squared_error did not improve from 0.00000
63/63 - 172s - loss: 9.6239e-07 - mean_squared_error: 1.3242e-06 - val_loss: 1.1543e-08 - val_mean_squared_error: 1.1543e-08 - 172s/epoch - 3s/step
Epoch 67/100

Epoch 00067: mean_squared_error improved from 0.00000 to 0.00000, saving model to /gpfswork/rech/ynx/ulx23va/repo/wf-SEDs/model_WFE_size/wf-outputs/chkp/wfe_study_resx3_bis/chkp_callback_poly_wfe_study_resx3_256_bis_3_cycle1
63/63 - 173s - loss: 9.6187e-07 - mean_squared_error: 1.3238e-06 - val_loss: 1.1644e-08 - val_mean_squared_error: 1.1644e-08 - 173s/epoch - 3s/step
Epoch 68/100

Epoch 00068: mean_squared_error did not improve from 0.00000
63/63 - 171s - loss: 9.6435e-07 - mean_squared_error: 1.3258e-06 - val_loss: 1.3001e-08 - val_mean_squared_error: 1.3001e-08 - 171s/epoch - 3s/step
Epoch 69/100

Epoch 00069: mean_squared_error did not improve from 0.00000
63/63 - 173s - loss: 9.6292e-07 - mean_squared_error: 1.3246e-06 - val_loss: 1.1457e-08 - val_mean_squared_error: 1.1457e-08 - 173s/epoch - 3s/step
Epoch 70/100

Epoch 00070: mean_squared_error did not improve from 0.00000
63/63 - 172s - loss: 9.6198e-07 - mean_squared_error: 1.3238e-06 - val_loss: 1.0827e-08 - val_mean_squared_error: 1.0827e-08 - 172s/epoch - 3s/step
Epoch 71/100

Epoch 00071: mean_squared_error improved from 0.00000 to 0.00000, saving model to /gpfswork/rech/ynx/ulx23va/repo/wf-SEDs/model_WFE_size/wf-outputs/chkp/wfe_study_resx3_bis/chkp_callback_poly_wfe_study_resx3_256_bis_3_cycle1
63/63 - 172s - loss: 9.6161e-07 - mean_squared_error: 1.3234e-06 - val_loss: 1.1468e-08 - val_mean_squared_error: 1.1468e-08 - 172s/epoch - 3s/step
Epoch 72/100

Epoch 00072: mean_squared_error did not improve from 0.00000
63/63 - 172s - loss: 9.6261e-07 - mean_squared_error: 1.3244e-06 - val_loss: 1.1457e-08 - val_mean_squared_error: 1.1457e-08 - 172s/epoch - 3s/step
Epoch 73/100

Epoch 00073: mean_squared_error did not improve from 0.00000
63/63 - 172s - loss: 9.6244e-07 - mean_squared_error: 1.3240e-06 - val_loss: 3.3810e-08 - val_mean_squared_error: 3.3810e-08 - 172s/epoch - 3s/step
Epoch 74/100

Epoch 00074: mean_squared_error did not improve from 0.00000
63/63 - 172s - loss: 9.7037e-07 - mean_squared_error: 1.3309e-06 - val_loss: 1.6484e-08 - val_mean_squared_error: 1.6484e-08 - 172s/epoch - 3s/step
Epoch 75/100

Epoch 00075: mean_squared_error did not improve from 0.00000
63/63 - 172s - loss: 9.6903e-07 - mean_squared_error: 1.3297e-06 - val_loss: 1.5423e-08 - val_mean_squared_error: 1.5423e-08 - 172s/epoch - 3s/step
Epoch 76/100

Epoch 00076: mean_squared_error did not improve from 0.00000
63/63 - 172s - loss: 9.6446e-07 - mean_squared_error: 1.3255e-06 - val_loss: 1.1591e-08 - val_mean_squared_error: 1.1591e-08 - 172s/epoch - 3s/step
Epoch 77/100

Epoch 00077: mean_squared_error did not improve from 0.00000
63/63 - 172s - loss: 9.6204e-07 - mean_squared_error: 1.3239e-06 - val_loss: 1.0645e-08 - val_mean_squared_error: 1.0645e-08 - 172s/epoch - 3s/step
Epoch 78/100

Epoch 00078: mean_squared_error improved from 0.00000 to 0.00000, saving model to /gpfswork/rech/ynx/ulx23va/repo/wf-SEDs/model_WFE_size/wf-outputs/chkp/wfe_study_resx3_bis/chkp_callback_poly_wfe_study_resx3_256_bis_3_cycle1
63/63 - 172s - loss: 9.6087e-07 - mean_squared_error: 1.3228e-06 - val_loss: 1.1323e-08 - val_mean_squared_error: 1.1323e-08 - 172s/epoch - 3s/step
Epoch 79/100

Epoch 00079: mean_squared_error improved from 0.00000 to 0.00000, saving model to /gpfswork/rech/ynx/ulx23va/repo/wf-SEDs/model_WFE_size/wf-outputs/chkp/wfe_study_resx3_bis/chkp_callback_poly_wfe_study_resx3_256_bis_3_cycle1
63/63 - 172s - loss: 9.6006e-07 - mean_squared_error: 1.3220e-06 - val_loss: 9.7492e-09 - val_mean_squared_error: 9.7492e-09 - 172s/epoch - 3s/step
Epoch 80/100

Epoch 00080: mean_squared_error did not improve from 0.00000
63/63 - 172s - loss: 9.6270e-07 - mean_squared_error: 1.3240e-06 - val_loss: 1.0613e-08 - val_mean_squared_error: 1.0613e-08 - 172s/epoch - 3s/step
Epoch 81/100

Epoch 00081: mean_squared_error improved from 0.00000 to 0.00000, saving model to /gpfswork/rech/ynx/ulx23va/repo/wf-SEDs/model_WFE_size/wf-outputs/chkp/wfe_study_resx3_bis/chkp_callback_poly_wfe_study_resx3_256_bis_3_cycle1
63/63 - 173s - loss: 9.5961e-07 - mean_squared_error: 1.3216e-06 - val_loss: 9.6887e-09 - val_mean_squared_error: 9.6887e-09 - 173s/epoch - 3s/step
Epoch 82/100

Epoch 00082: mean_squared_error improved from 0.00000 to 0.00000, saving model to /gpfswork/rech/ynx/ulx23va/repo/wf-SEDs/model_WFE_size/wf-outputs/chkp/wfe_study_resx3_bis/chkp_callback_poly_wfe_study_resx3_256_bis_3_cycle1
63/63 - 173s - loss: 9.5924e-07 - mean_squared_error: 1.3213e-06 - val_loss: 9.9253e-09 - val_mean_squared_error: 9.9253e-09 - 173s/epoch - 3s/step
Epoch 83/100

Epoch 00083: mean_squared_error did not improve from 0.00000
63/63 - 173s - loss: 9.6016e-07 - mean_squared_error: 1.3221e-06 - val_loss: 9.7056e-09 - val_mean_squared_error: 9.7056e-09 - 173s/epoch - 3s/step
Epoch 84/100

Epoch 00084: mean_squared_error improved from 0.00000 to 0.00000, saving model to /gpfswork/rech/ynx/ulx23va/repo/wf-SEDs/model_WFE_size/wf-outputs/chkp/wfe_study_resx3_bis/chkp_callback_poly_wfe_study_resx3_256_bis_3_cycle1
63/63 - 173s - loss: 9.5888e-07 - mean_squared_error: 1.3210e-06 - val_loss: 9.3367e-09 - val_mean_squared_error: 9.3367e-09 - 173s/epoch - 3s/step
Epoch 85/100

Epoch 00085: mean_squared_error did not improve from 0.00000
63/63 - 173s - loss: 9.5919e-07 - mean_squared_error: 1.3212e-06 - val_loss: 9.5107e-09 - val_mean_squared_error: 9.5107e-09 - 173s/epoch - 3s/step
Epoch 86/100

Epoch 00086: mean_squared_error did not improve from 0.00000
63/63 - 173s - loss: 9.5921e-07 - mean_squared_error: 1.3212e-06 - val_loss: 9.9843e-09 - val_mean_squared_error: 9.9843e-09 - 173s/epoch - 3s/step
Epoch 87/100

Epoch 00087: mean_squared_error improved from 0.00000 to 0.00000, saving model to /gpfswork/rech/ynx/ulx23va/repo/wf-SEDs/model_WFE_size/wf-outputs/chkp/wfe_study_resx3_bis/chkp_callback_poly_wfe_study_resx3_256_bis_3_cycle1
63/63 - 173s - loss: 9.5862e-07 - mean_squared_error: 1.3207e-06 - val_loss: 8.9648e-09 - val_mean_squared_error: 8.9648e-09 - 173s/epoch - 3s/step
Epoch 88/100

Epoch 00088: mean_squared_error did not improve from 0.00000
63/63 - 173s - loss: 9.6025e-07 - mean_squared_error: 1.3219e-06 - val_loss: 1.0822e-08 - val_mean_squared_error: 1.0822e-08 - 173s/epoch - 3s/step
Epoch 89/100

Epoch 00089: mean_squared_error did not improve from 0.00000
63/63 - 172s - loss: 9.6021e-07 - mean_squared_error: 1.3221e-06 - val_loss: 8.9250e-09 - val_mean_squared_error: 8.9250e-09 - 172s/epoch - 3s/step
Epoch 90/100

Epoch 00090: mean_squared_error did not improve from 0.00000
63/63 - 171s - loss: 9.5990e-07 - mean_squared_error: 1.3218e-06 - val_loss: 1.0236e-08 - val_mean_squared_error: 1.0236e-08 - 171s/epoch - 3s/step
Epoch 91/100

Epoch 00091: mean_squared_error did not improve from 0.00000
63/63 - 172s - loss: 9.5909e-07 - mean_squared_error: 1.3212e-06 - val_loss: 1.0327e-08 - val_mean_squared_error: 1.0327e-08 - 172s/epoch - 3s/step
Epoch 92/100

Epoch 00092: mean_squared_error improved from 0.00000 to 0.00000, saving model to /gpfswork/rech/ynx/ulx23va/repo/wf-SEDs/model_WFE_size/wf-outputs/chkp/wfe_study_resx3_bis/chkp_callback_poly_wfe_study_resx3_256_bis_3_cycle1
63/63 - 173s - loss: 9.5834e-07 - mean_squared_error: 1.3204e-06 - val_loss: 1.2064e-08 - val_mean_squared_error: 1.2064e-08 - 173s/epoch - 3s/step
Epoch 93/100

Epoch 00093: mean_squared_error did not improve from 0.00000
63/63 - 172s - loss: 9.5885e-07 - mean_squared_error: 1.3208e-06 - val_loss: 9.1297e-09 - val_mean_squared_error: 9.1297e-09 - 172s/epoch - 3s/step
Epoch 94/100

Epoch 00094: mean_squared_error improved from 0.00000 to 0.00000, saving model to /gpfswork/rech/ynx/ulx23va/repo/wf-SEDs/model_WFE_size/wf-outputs/chkp/wfe_study_resx3_bis/chkp_callback_poly_wfe_study_resx3_256_bis_3_cycle1
63/63 - 172s - loss: 9.5816e-07 - mean_squared_error: 1.3203e-06 - val_loss: 9.2487e-09 - val_mean_squared_error: 9.2487e-09 - 172s/epoch - 3s/step
Epoch 95/100

Epoch 00095: mean_squared_error did not improve from 0.00000
63/63 - 172s - loss: 9.5935e-07 - mean_squared_error: 1.3211e-06 - val_loss: 1.0521e-08 - val_mean_squared_error: 1.0521e-08 - 172s/epoch - 3s/step
Epoch 96/100

Epoch 00096: mean_squared_error did not improve from 0.00000
63/63 - 172s - loss: 9.5924e-07 - mean_squared_error: 1.3212e-06 - val_loss: 9.5716e-09 - val_mean_squared_error: 9.5716e-09 - 172s/epoch - 3s/step
Epoch 97/100

Epoch 00097: mean_squared_error improved from 0.00000 to 0.00000, saving model to /gpfswork/rech/ynx/ulx23va/repo/wf-SEDs/model_WFE_size/wf-outputs/chkp/wfe_study_resx3_bis/chkp_callback_poly_wfe_study_resx3_256_bis_3_cycle1
63/63 - 172s - loss: 9.5812e-07 - mean_squared_error: 1.3202e-06 - val_loss: 8.7747e-09 - val_mean_squared_error: 8.7747e-09 - 172s/epoch - 3s/step
Epoch 98/100

Epoch 00098: mean_squared_error improved from 0.00000 to 0.00000, saving model to /gpfswork/rech/ynx/ulx23va/repo/wf-SEDs/model_WFE_size/wf-outputs/chkp/wfe_study_resx3_bis/chkp_callback_poly_wfe_study_resx3_256_bis_3_cycle1
63/63 - 172s - loss: 9.5761e-07 - mean_squared_error: 1.3198e-06 - val_loss: 7.9954e-09 - val_mean_squared_error: 7.9954e-09 - 172s/epoch - 3s/step
Epoch 99/100

Epoch 00099: mean_squared_error improved from 0.00000 to 0.00000, saving model to /gpfswork/rech/ynx/ulx23va/repo/wf-SEDs/model_WFE_size/wf-outputs/chkp/wfe_study_resx3_bis/chkp_callback_poly_wfe_study_resx3_256_bis_3_cycle1
63/63 - 172s - loss: 9.5726e-07 - mean_squared_error: 1.3194e-06 - val_loss: 8.3537e-09 - val_mean_squared_error: 8.3537e-09 - 172s/epoch - 3s/step
Epoch 100/100

Epoch 00100: mean_squared_error did not improve from 0.00000
63/63 - 172s - loss: 9.5851e-07 - mean_squared_error: 1.3205e-06 - val_loss: 1.0922e-08 - val_mean_squared_error: 1.0922e-08 - 172s/epoch - 3s/step
Cycle1 elapsed time: 19892.820095
Starting cycle 2..
Starting parametric update..
Epoch 1/15

Epoch 00001: mean_squared_error improved from inf to 0.00000, saving model to /gpfswork/rech/ynx/ulx23va/repo/wf-SEDs/model_WFE_size/wf-outputs/chkp/wfe_study_resx3_bis/chkp_callback_poly_wfe_study_resx3_256_bis_3_cycle2
63/63 - 175s - loss: 9.5767e-07 - mean_squared_error: 1.3200e-06 - val_loss: 1.0890e-08 - val_mean_squared_error: 1.0890e-08 - 175s/epoch - 3s/step
Epoch 2/15

Epoch 00002: mean_squared_error did not improve from 0.00000
63/63 - 172s - loss: 9.5906e-07 - mean_squared_error: 1.3211e-06 - val_loss: 1.0308e-08 - val_mean_squared_error: 1.0308e-08 - 172s/epoch - 3s/step
Epoch 3/15

Epoch 00003: mean_squared_error did not improve from 0.00000
63/63 - 172s - loss: 9.6085e-07 - mean_squared_error: 1.3227e-06 - val_loss: 1.0710e-08 - val_mean_squared_error: 1.0710e-08 - 172s/epoch - 3s/step
Epoch 4/15

Epoch 00004: mean_squared_error did not improve from 0.00000
63/63 - 173s - loss: 9.6130e-07 - mean_squared_error: 1.3232e-06 - val_loss: 1.2367e-08 - val_mean_squared_error: 1.2367e-08 - 173s/epoch - 3s/step
Epoch 5/15

Epoch 00005: mean_squared_error did not improve from 0.00000
63/63 - 174s - loss: 9.6724e-07 - mean_squared_error: 1.3284e-06 - val_loss: 1.4755e-08 - val_mean_squared_error: 1.4755e-08 - 174s/epoch - 3s/step
Epoch 6/15

Epoch 00006: mean_squared_error did not improve from 0.00000
63/63 - 172s - loss: 9.6268e-07 - mean_squared_error: 1.3243e-06 - val_loss: 2.0091e-08 - val_mean_squared_error: 2.0091e-08 - 172s/epoch - 3s/step
Epoch 7/15

Epoch 00007: mean_squared_error did not improve from 0.00000
63/63 - 171s - loss: 9.7504e-07 - mean_squared_error: 1.3343e-06 - val_loss: 1.8900e-08 - val_mean_squared_error: 1.8900e-08 - 171s/epoch - 3s/step
Epoch 8/15

Epoch 00008: mean_squared_error did not improve from 0.00000
63/63 - 172s - loss: 9.6502e-07 - mean_squared_error: 1.3262e-06 - val_loss: 1.9383e-08 - val_mean_squared_error: 1.9383e-08 - 172s/epoch - 3s/step
Epoch 9/15

Epoch 00009: mean_squared_error did not improve from 0.00000
63/63 - 171s - loss: 9.6234e-07 - mean_squared_error: 1.3241e-06 - val_loss: 2.4709e-08 - val_mean_squared_error: 2.4709e-08 - 171s/epoch - 3s/step
Epoch 10/15

Epoch 00010: mean_squared_error did not improve from 0.00000
63/63 - 172s - loss: 9.8514e-07 - mean_squared_error: 1.3442e-06 - val_loss: 1.7530e-08 - val_mean_squared_error: 1.7530e-08 - 172s/epoch - 3s/step
Epoch 11/15

Epoch 00011: mean_squared_error did not improve from 0.00000
63/63 - 172s - loss: 9.6317e-07 - mean_squared_error: 1.3249e-06 - val_loss: 1.5282e-08 - val_mean_squared_error: 1.5282e-08 - 172s/epoch - 3s/step
Epoch 12/15

Epoch 00012: mean_squared_error did not improve from 0.00000
63/63 - 172s - loss: 9.6397e-07 - mean_squared_error: 1.3254e-06 - val_loss: 1.2784e-08 - val_mean_squared_error: 1.2784e-08 - 172s/epoch - 3s/step
Epoch 13/15

Epoch 00013: mean_squared_error did not improve from 0.00000
63/63 - 172s - loss: 9.6195e-07 - mean_squared_error: 1.3238e-06 - val_loss: 1.1397e-08 - val_mean_squared_error: 1.1397e-08 - 172s/epoch - 3s/step
Epoch 14/15

Epoch 00014: mean_squared_error did not improve from 0.00000
63/63 - 172s - loss: 9.6384e-07 - mean_squared_error: 1.3251e-06 - val_loss: 1.7273e-08 - val_mean_squared_error: 1.7273e-08 - 172s/epoch - 3s/step
Epoch 15/15

Epoch 00015: mean_squared_error did not improve from 0.00000
63/63 - 172s - loss: 9.8911e-07 - mean_squared_error: 1.3465e-06 - val_loss: 9.3775e-08 - val_mean_squared_error: 9.3775e-08 - 172s/epoch - 3s/step
Starting non-parametric update..
Epoch 1/50

Epoch 00001: mean_squared_error did not improve from 0.00000
63/63 - 175s - loss: 9.8329e-07 - mean_squared_error: 1.3405e-06 - val_loss: 8.4828e-09 - val_mean_squared_error: 8.4828e-09 - 175s/epoch - 3s/step
Epoch 2/50

Epoch 00002: mean_squared_error improved from 0.00000 to 0.00000, saving model to /gpfswork/rech/ynx/ulx23va/repo/wf-SEDs/model_WFE_size/wf-outputs/chkp/wfe_study_resx3_bis/chkp_callback_poly_wfe_study_resx3_256_bis_3_cycle2
63/63 - 172s - loss: 9.5605e-07 - mean_squared_error: 1.3185e-06 - val_loss: 7.1965e-09 - val_mean_squared_error: 7.1965e-09 - 172s/epoch - 3s/step
Epoch 3/50

Epoch 00003: mean_squared_error improved from 0.00000 to 0.00000, saving model to /gpfswork/rech/ynx/ulx23va/repo/wf-SEDs/model_WFE_size/wf-outputs/chkp/wfe_study_resx3_bis/chkp_callback_poly_wfe_study_resx3_256_bis_3_cycle2
63/63 - 172s - loss: 9.5546e-07 - mean_squared_error: 1.3180e-06 - val_loss: 7.0195e-09 - val_mean_squared_error: 7.0195e-09 - 172s/epoch - 3s/step
Epoch 4/50

Epoch 00004: mean_squared_error improved from 0.00000 to 0.00000, saving model to /gpfswork/rech/ynx/ulx23va/repo/wf-SEDs/model_WFE_size/wf-outputs/chkp/wfe_study_resx3_bis/chkp_callback_poly_wfe_study_resx3_256_bis_3_cycle2
63/63 - 172s - loss: 9.5532e-07 - mean_squared_error: 1.3178e-06 - val_loss: 6.9475e-09 - val_mean_squared_error: 6.9475e-09 - 172s/epoch - 3s/step
Epoch 5/50

Epoch 00005: mean_squared_error improved from 0.00000 to 0.00000, saving model to /gpfswork/rech/ynx/ulx23va/repo/wf-SEDs/model_WFE_size/wf-outputs/chkp/wfe_study_resx3_bis/chkp_callback_poly_wfe_study_resx3_256_bis_3_cycle2
63/63 - 172s - loss: 9.5523e-07 - mean_squared_error: 1.3177e-06 - val_loss: 6.9045e-09 - val_mean_squared_error: 6.9045e-09 - 172s/epoch - 3s/step
Epoch 6/50

Epoch 00006: mean_squared_error did not improve from 0.00000
63/63 - 172s - loss: 9.5525e-07 - mean_squared_error: 1.3177e-06 - val_loss: 6.9122e-09 - val_mean_squared_error: 6.9122e-09 - 172s/epoch - 3s/step
Epoch 7/50

Epoch 00007: mean_squared_error did not improve from 0.00000
63/63 - 172s - loss: 9.5527e-07 - mean_squared_error: 1.3178e-06 - val_loss: 6.8527e-09 - val_mean_squared_error: 6.8527e-09 - 172s/epoch - 3s/step
Epoch 8/50

Epoch 00008: mean_squared_error did not improve from 0.00000
63/63 - 172s - loss: 9.5525e-07 - mean_squared_error: 1.3178e-06 - val_loss: 6.9130e-09 - val_mean_squared_error: 6.9130e-09 - 172s/epoch - 3s/step
Epoch 9/50

Epoch 00009: mean_squared_error improved from 0.00000 to 0.00000, saving model to /gpfswork/rech/ynx/ulx23va/repo/wf-SEDs/model_WFE_size/wf-outputs/chkp/wfe_study_resx3_bis/chkp_callback_poly_wfe_study_resx3_256_bis_3_cycle2
63/63 - 171s - loss: 9.5517e-07 - mean_squared_error: 1.3177e-06 - val_loss: 6.9581e-09 - val_mean_squared_error: 6.9581e-09 - 171s/epoch - 3s/step
Epoch 10/50

Epoch 00010: mean_squared_error improved from 0.00000 to 0.00000, saving model to /gpfswork/rech/ynx/ulx23va/repo/wf-SEDs/model_WFE_size/wf-outputs/chkp/wfe_study_resx3_bis/chkp_callback_poly_wfe_study_resx3_256_bis_3_cycle2
63/63 - 173s - loss: 9.5518e-07 - mean_squared_error: 1.3177e-06 - val_loss: 7.0477e-09 - val_mean_squared_error: 7.0477e-09 - 173s/epoch - 3s/step
Epoch 11/50

Epoch 00011: mean_squared_error did not improve from 0.00000
63/63 - 173s - loss: 9.5528e-07 - mean_squared_error: 1.3178e-06 - val_loss: 6.8139e-09 - val_mean_squared_error: 6.8139e-09 - 173s/epoch - 3s/step
Epoch 12/50

Epoch 00012: mean_squared_error did not improve from 0.00000
63/63 - 173s - loss: 9.5519e-07 - mean_squared_error: 1.3177e-06 - val_loss: 6.9720e-09 - val_mean_squared_error: 6.9720e-09 - 173s/epoch - 3s/step
Epoch 13/50

Epoch 00013: mean_squared_error did not improve from 0.00000
63/63 - 173s - loss: 9.5523e-07 - mean_squared_error: 1.3177e-06 - val_loss: 7.0494e-09 - val_mean_squared_error: 7.0494e-09 - 173s/epoch - 3s/step
Epoch 14/50

Epoch 00014: mean_squared_error did not improve from 0.00000
63/63 - 173s - loss: 9.5525e-07 - mean_squared_error: 1.3177e-06 - val_loss: 6.8464e-09 - val_mean_squared_error: 6.8464e-09 - 173s/epoch - 3s/step
Epoch 15/50

Epoch 00015: mean_squared_error improved from 0.00000 to 0.00000, saving model to /gpfswork/rech/ynx/ulx23va/repo/wf-SEDs/model_WFE_size/wf-outputs/chkp/wfe_study_resx3_bis/chkp_callback_poly_wfe_study_resx3_256_bis_3_cycle2
63/63 - 172s - loss: 9.5514e-07 - mean_squared_error: 1.3176e-06 - val_loss: 6.8534e-09 - val_mean_squared_error: 6.8534e-09 - 172s/epoch - 3s/step
Epoch 16/50

Epoch 00016: mean_squared_error did not improve from 0.00000
63/63 - 172s - loss: 9.5516e-07 - mean_squared_error: 1.3176e-06 - val_loss: 7.0270e-09 - val_mean_squared_error: 7.0270e-09 - 172s/epoch - 3s/step
Epoch 17/50

Epoch 00017: mean_squared_error did not improve from 0.00000
63/63 - 173s - loss: 9.5519e-07 - mean_squared_error: 1.3177e-06 - val_loss: 6.9151e-09 - val_mean_squared_error: 6.9151e-09 - 173s/epoch - 3s/step
Epoch 18/50

Epoch 00018: mean_squared_error improved from 0.00000 to 0.00000, saving model to /gpfswork/rech/ynx/ulx23va/repo/wf-SEDs/model_WFE_size/wf-outputs/chkp/wfe_study_resx3_bis/chkp_callback_poly_wfe_study_resx3_256_bis_3_cycle2
63/63 - 174s - loss: 9.5512e-07 - mean_squared_error: 1.3176e-06 - val_loss: 6.8291e-09 - val_mean_squared_error: 6.8291e-09 - 174s/epoch - 3s/step
Epoch 19/50

Epoch 00019: mean_squared_error improved from 0.00000 to 0.00000, saving model to /gpfswork/rech/ynx/ulx23va/repo/wf-SEDs/model_WFE_size/wf-outputs/chkp/wfe_study_resx3_bis/chkp_callback_poly_wfe_study_resx3_256_bis_3_cycle2
63/63 - 173s - loss: 9.5511e-07 - mean_squared_error: 1.3176e-06 - val_loss: 6.7974e-09 - val_mean_squared_error: 6.7974e-09 - 173s/epoch - 3s/step
Epoch 20/50

Epoch 00020: mean_squared_error improved from 0.00000 to 0.00000, saving model to /gpfswork/rech/ynx/ulx23va/repo/wf-SEDs/model_WFE_size/wf-outputs/chkp/wfe_study_resx3_bis/chkp_callback_poly_wfe_study_resx3_256_bis_3_cycle2
63/63 - 173s - loss: 9.5500e-07 - mean_squared_error: 1.3175e-06 - val_loss: 6.9677e-09 - val_mean_squared_error: 6.9677e-09 - 173s/epoch - 3s/step
Epoch 21/50

Epoch 00021: mean_squared_error did not improve from 0.00000
63/63 - 172s - loss: 9.5502e-07 - mean_squared_error: 1.3175e-06 - val_loss: 6.7406e-09 - val_mean_squared_error: 6.7406e-09 - 172s/epoch - 3s/step
Epoch 22/50

Epoch 00022: mean_squared_error did not improve from 0.00000
63/63 - 173s - loss: 9.5507e-07 - mean_squared_error: 1.3176e-06 - val_loss: 6.6788e-09 - val_mean_squared_error: 6.6788e-09 - 173s/epoch - 3s/step
Epoch 23/50

Epoch 00023: mean_squared_error did not improve from 0.00000
63/63 - 172s - loss: 9.5504e-07 - mean_squared_error: 1.3175e-06 - val_loss: 6.7035e-09 - val_mean_squared_error: 6.7035e-09 - 172s/epoch - 3s/step
Epoch 24/50

Epoch 00024: mean_squared_error improved from 0.00000 to 0.00000, saving model to /gpfswork/rech/ynx/ulx23va/repo/wf-SEDs/model_WFE_size/wf-outputs/chkp/wfe_study_resx3_bis/chkp_callback_poly_wfe_study_resx3_256_bis_3_cycle2
63/63 - 172s - loss: 9.5495e-07 - mean_squared_error: 1.3175e-06 - val_loss: 6.7438e-09 - val_mean_squared_error: 6.7438e-09 - 172s/epoch - 3s/step
Epoch 25/50

Epoch 00025: mean_squared_error did not improve from 0.00000
63/63 - 173s - loss: 9.5501e-07 - mean_squared_error: 1.3175e-06 - val_loss: 6.8259e-09 - val_mean_squared_error: 6.8259e-09 - 173s/epoch - 3s/step
Epoch 26/50

Epoch 00026: mean_squared_error improved from 0.00000 to 0.00000, saving model to /gpfswork/rech/ynx/ulx23va/repo/wf-SEDs/model_WFE_size/wf-outputs/chkp/wfe_study_resx3_bis/chkp_callback_poly_wfe_study_resx3_256_bis_3_cycle2
63/63 - 173s - loss: 9.5497e-07 - mean_squared_error: 1.3175e-06 - val_loss: 6.9167e-09 - val_mean_squared_error: 6.9167e-09 - 173s/epoch - 3s/step
Epoch 27/50

Epoch 00027: mean_squared_error improved from 0.00000 to 0.00000, saving model to /gpfswork/rech/ynx/ulx23va/repo/wf-SEDs/model_WFE_size/wf-outputs/chkp/wfe_study_resx3_bis/chkp_callback_poly_wfe_study_resx3_256_bis_3_cycle2
63/63 - 172s - loss: 9.5482e-07 - mean_squared_error: 1.3173e-06 - val_loss: 6.6810e-09 - val_mean_squared_error: 6.6810e-09 - 172s/epoch - 3s/step
Epoch 28/50

Epoch 00028: mean_squared_error did not improve from 0.00000
63/63 - 172s - loss: 9.5497e-07 - mean_squared_error: 1.3175e-06 - val_loss: 6.7319e-09 - val_mean_squared_error: 6.7319e-09 - 172s/epoch - 3s/step
Epoch 29/50

Epoch 00029: mean_squared_error did not improve from 0.00000
63/63 - 172s - loss: 9.5491e-07 - mean_squared_error: 1.3174e-06 - val_loss: 6.9057e-09 - val_mean_squared_error: 6.9057e-09 - 172s/epoch - 3s/step
Epoch 30/50

Epoch 00030: mean_squared_error did not improve from 0.00000
63/63 - 171s - loss: 9.5500e-07 - mean_squared_error: 1.3174e-06 - val_loss: 6.5948e-09 - val_mean_squared_error: 6.5948e-09 - 171s/epoch - 3s/step
Epoch 31/50

Epoch 00031: mean_squared_error did not improve from 0.00000
63/63 - 172s - loss: 9.5486e-07 - mean_squared_error: 1.3174e-06 - val_loss: 6.5922e-09 - val_mean_squared_error: 6.5922e-09 - 172s/epoch - 3s/step
Epoch 32/50

Epoch 00032: mean_squared_error improved from 0.00000 to 0.00000, saving model to /gpfswork/rech/ynx/ulx23va/repo/wf-SEDs/model_WFE_size/wf-outputs/chkp/wfe_study_resx3_bis/chkp_callback_poly_wfe_study_resx3_256_bis_3_cycle2
63/63 - 173s - loss: 9.5479e-07 - mean_squared_error: 1.3173e-06 - val_loss: 6.7448e-09 - val_mean_squared_error: 6.7448e-09 - 173s/epoch - 3s/step
Epoch 33/50

Epoch 00033: mean_squared_error improved from 0.00000 to 0.00000, saving model to /gpfswork/rech/ynx/ulx23va/repo/wf-SEDs/model_WFE_size/wf-outputs/chkp/wfe_study_resx3_bis/chkp_callback_poly_wfe_study_resx3_256_bis_3_cycle2
63/63 - 173s - loss: 9.5467e-07 - mean_squared_error: 1.3172e-06 - val_loss: 6.5425e-09 - val_mean_squared_error: 6.5425e-09 - 173s/epoch - 3s/step
Epoch 34/50

Epoch 00034: mean_squared_error did not improve from 0.00000
63/63 - 174s - loss: 9.5476e-07 - mean_squared_error: 1.3172e-06 - val_loss: 6.6736e-09 - val_mean_squared_error: 6.6736e-09 - 174s/epoch - 3s/step
Epoch 35/50

Epoch 00035: mean_squared_error did not improve from 0.00000
63/63 - 174s - loss: 9.5486e-07 - mean_squared_error: 1.3174e-06 - val_loss: 6.6559e-09 - val_mean_squared_error: 6.6559e-09 - 174s/epoch - 3s/step
Epoch 36/50

Epoch 00036: mean_squared_error improved from 0.00000 to 0.00000, saving model to /gpfswork/rech/ynx/ulx23va/repo/wf-SEDs/model_WFE_size/wf-outputs/chkp/wfe_study_resx3_bis/chkp_callback_poly_wfe_study_resx3_256_bis_3_cycle2
63/63 - 174s - loss: 9.5465e-07 - mean_squared_error: 1.3172e-06 - val_loss: 6.8177e-09 - val_mean_squared_error: 6.8177e-09 - 174s/epoch - 3s/step
Epoch 37/50

Epoch 00037: mean_squared_error did not improve from 0.00000
63/63 - 174s - loss: 9.5514e-07 - mean_squared_error: 1.3176e-06 - val_loss: 6.9578e-09 - val_mean_squared_error: 6.9578e-09 - 174s/epoch - 3s/step
Epoch 38/50

Epoch 00038: mean_squared_error did not improve from 0.00000
63/63 - 174s - loss: 9.5495e-07 - mean_squared_error: 1.3174e-06 - val_loss: 7.4827e-09 - val_mean_squared_error: 7.4827e-09 - 174s/epoch - 3s/step
Epoch 39/50

Epoch 00039: mean_squared_error did not improve from 0.00000
63/63 - 173s - loss: 9.5478e-07 - mean_squared_error: 1.3172e-06 - val_loss: 6.6739e-09 - val_mean_squared_error: 6.6739e-09 - 173s/epoch - 3s/step
Epoch 40/50

Epoch 00040: mean_squared_error did not improve from 0.00000
63/63 - 174s - loss: 9.5472e-07 - mean_squared_error: 1.3172e-06 - val_loss: 6.9364e-09 - val_mean_squared_error: 6.9364e-09 - 174s/epoch - 3s/step
Epoch 41/50

Epoch 00041: mean_squared_error did not improve from 0.00000
63/63 - 174s - loss: 9.5473e-07 - mean_squared_error: 1.3172e-06 - val_loss: 6.4358e-09 - val_mean_squared_error: 6.4358e-09 - 174s/epoch - 3s/step
Epoch 42/50

Epoch 00042: mean_squared_error did not improve from 0.00000
63/63 - 172s - loss: 9.5500e-07 - mean_squared_error: 1.3173e-06 - val_loss: 6.7796e-09 - val_mean_squared_error: 6.7796e-09 - 172s/epoch - 3s/step
Epoch 43/50

Epoch 00043: mean_squared_error did not improve from 0.00000
63/63 - 173s - loss: 9.5649e-07 - mean_squared_error: 1.3185e-06 - val_loss: 6.8506e-09 - val_mean_squared_error: 6.8506e-09 - 173s/epoch - 3s/step
Epoch 44/50

Epoch 00044: mean_squared_error improved from 0.00000 to 0.00000, saving model to /gpfswork/rech/ynx/ulx23va/repo/wf-SEDs/model_WFE_size/wf-outputs/chkp/wfe_study_resx3_bis/chkp_callback_poly_wfe_study_resx3_256_bis_3_cycle2
63/63 - 173s - loss: 9.5446e-07 - mean_squared_error: 1.3170e-06 - val_loss: 6.5524e-09 - val_mean_squared_error: 6.5524e-09 - 173s/epoch - 3s/step
Epoch 45/50

Epoch 00045: mean_squared_error did not improve from 0.00000
63/63 - 174s - loss: 9.5445e-07 - mean_squared_error: 1.3170e-06 - val_loss: 6.4594e-09 - val_mean_squared_error: 6.4594e-09 - 174s/epoch - 3s/step
Epoch 46/50

Epoch 00046: mean_squared_error improved from 0.00000 to 0.00000, saving model to /gpfswork/rech/ynx/ulx23va/repo/wf-SEDs/model_WFE_size/wf-outputs/chkp/wfe_study_resx3_bis/chkp_callback_poly_wfe_study_resx3_256_bis_3_cycle2
63/63 - 175s - loss: 9.5430e-07 - mean_squared_error: 1.3168e-06 - val_loss: 6.3832e-09 - val_mean_squared_error: 6.3832e-09 - 175s/epoch - 3s/step
Epoch 47/50

Epoch 00047: mean_squared_error did not improve from 0.00000
63/63 - 174s - loss: 9.5448e-07 - mean_squared_error: 1.3170e-06 - val_loss: 6.9725e-09 - val_mean_squared_error: 6.9725e-09 - 174s/epoch - 3s/step
Epoch 48/50

Epoch 00048: mean_squared_error did not improve from 0.00000
63/63 - 173s - loss: 9.5440e-07 - mean_squared_error: 1.3169e-06 - val_loss: 7.0535e-09 - val_mean_squared_error: 7.0535e-09 - 173s/epoch - 3s/step
Epoch 49/50

Epoch 00049: mean_squared_error did not improve from 0.00000
63/63 - 173s - loss: 9.5458e-07 - mean_squared_error: 1.3171e-06 - val_loss: 6.7019e-09 - val_mean_squared_error: 6.7019e-09 - 173s/epoch - 3s/step
Epoch 50/50

Epoch 00050: mean_squared_error did not improve from 0.00000
63/63 - 174s - loss: 9.5456e-07 - mean_squared_error: 1.3170e-06 - val_loss: 6.9194e-09 - val_mean_squared_error: 6.9194e-09 - 174s/epoch - 3s/step
Cycle2 elapsed time: 11230.517503

Total elapsed time: 31128.030552

 Good bye..
