Starting the log file.
Found GPU at: /device:GPU:0
tf_version: 2.7.0
Zernike cube:
(15, 64, 64)
Dataset parameters:
{'d_max': 2, 'max_order': 45, 'x_lims': [0, 1000.0], 'y_lims': [0, 1000.0], 'grid_points': [4, 4], 'n_bins': 20, 'max_wfe_rms': 0.1, 'oversampling_rate': 3.0, 'output_Q': 3.0, 'output_dim': 32, 'LP_filter_length': 2, 'pupil_diameter': 4096, 'euclid_obsc': True, 'n_stars': 2000}
Starting cycle 1..
Starting parametric update..
Epoch 1/15

Epoch 00001: mean_squared_error improved from inf to 0.00001, saving model to /gpfswork/rech/ynx/ulx23va/repo/wf-SEDs/model_WFE_size/wf-outputs/chkp/wfe_study_resx3_bis/chkp_callback_poly_wfe_study_resx3_064_bis_4_cycle1
63/63 - 129s - loss: 9.3534e-06 - mean_squared_error: 8.5023e-06 - val_loss: 1.8893e-06 - val_mean_squared_error: 1.8893e-06 - 129s/epoch - 2s/step
Epoch 2/15

Epoch 00002: mean_squared_error improved from 0.00001 to 0.00000, saving model to /gpfswork/rech/ynx/ulx23va/repo/wf-SEDs/model_WFE_size/wf-outputs/chkp/wfe_study_resx3_bis/chkp_callback_poly_wfe_study_resx3_064_bis_4_cycle1
63/63 - 124s - loss: 2.5632e-06 - mean_squared_error: 2.7022e-06 - val_loss: 1.1771e-06 - val_mean_squared_error: 1.1771e-06 - 124s/epoch - 2s/step
Epoch 3/15

Epoch 00003: mean_squared_error improved from 0.00000 to 0.00000, saving model to /gpfswork/rech/ynx/ulx23va/repo/wf-SEDs/model_WFE_size/wf-outputs/chkp/wfe_study_resx3_bis/chkp_callback_poly_wfe_study_resx3_064_bis_4_cycle1
63/63 - 124s - loss: 2.2342e-06 - mean_squared_error: 2.4150e-06 - val_loss: 9.7465e-07 - val_mean_squared_error: 9.7465e-07 - 124s/epoch - 2s/step
Epoch 4/15

Epoch 00004: mean_squared_error improved from 0.00000 to 0.00000, saving model to /gpfswork/rech/ynx/ulx23va/repo/wf-SEDs/model_WFE_size/wf-outputs/chkp/wfe_study_resx3_bis/chkp_callback_poly_wfe_study_resx3_064_bis_4_cycle1
63/63 - 124s - loss: 2.0502e-06 - mean_squared_error: 2.2585e-06 - val_loss: 8.6717e-07 - val_mean_squared_error: 8.6717e-07 - 124s/epoch - 2s/step
Epoch 5/15

Epoch 00005: mean_squared_error improved from 0.00000 to 0.00000, saving model to /gpfswork/rech/ynx/ulx23va/repo/wf-SEDs/model_WFE_size/wf-outputs/chkp/wfe_study_resx3_bis/chkp_callback_poly_wfe_study_resx3_064_bis_4_cycle1
63/63 - 122s - loss: 1.9544e-06 - mean_squared_error: 2.1718e-06 - val_loss: 8.0518e-07 - val_mean_squared_error: 8.0518e-07 - 122s/epoch - 2s/step
Epoch 6/15

Epoch 00006: mean_squared_error improved from 0.00000 to 0.00000, saving model to /gpfswork/rech/ynx/ulx23va/repo/wf-SEDs/model_WFE_size/wf-outputs/chkp/wfe_study_resx3_bis/chkp_callback_poly_wfe_study_resx3_064_bis_4_cycle1
63/63 - 122s - loss: 1.8922e-06 - mean_squared_error: 2.1149e-06 - val_loss: 7.7843e-07 - val_mean_squared_error: 7.7843e-07 - 122s/epoch - 2s/step
Epoch 7/15

Epoch 00007: mean_squared_error improved from 0.00000 to 0.00000, saving model to /gpfswork/rech/ynx/ulx23va/repo/wf-SEDs/model_WFE_size/wf-outputs/chkp/wfe_study_resx3_bis/chkp_callback_poly_wfe_study_resx3_064_bis_4_cycle1
63/63 - 121s - loss: 1.8770e-06 - mean_squared_error: 2.1003e-06 - val_loss: 7.6138e-07 - val_mean_squared_error: 7.6138e-07 - 121s/epoch - 2s/step
Epoch 8/15

Epoch 00008: mean_squared_error improved from 0.00000 to 0.00000, saving model to /gpfswork/rech/ynx/ulx23va/repo/wf-SEDs/model_WFE_size/wf-outputs/chkp/wfe_study_resx3_bis/chkp_callback_poly_wfe_study_resx3_064_bis_4_cycle1
63/63 - 122s - loss: 1.8607e-06 - mean_squared_error: 2.0950e-06 - val_loss: 8.0908e-07 - val_mean_squared_error: 8.0908e-07 - 122s/epoch - 2s/step
Epoch 9/15

Epoch 00009: mean_squared_error did not improve from 0.00000
63/63 - 123s - loss: 1.8499e-06 - mean_squared_error: 2.0993e-06 - val_loss: 7.7083e-07 - val_mean_squared_error: 7.7083e-07 - 123s/epoch - 2s/step
Epoch 10/15

Epoch 00010: mean_squared_error improved from 0.00000 to 0.00000, saving model to /gpfswork/rech/ynx/ulx23va/repo/wf-SEDs/model_WFE_size/wf-outputs/chkp/wfe_study_resx3_bis/chkp_callback_poly_wfe_study_resx3_064_bis_4_cycle1
63/63 - 122s - loss: 1.8202e-06 - mean_squared_error: 2.0770e-06 - val_loss: 7.7127e-07 - val_mean_squared_error: 7.7127e-07 - 122s/epoch - 2s/step
Epoch 11/15

Epoch 00011: mean_squared_error improved from 0.00000 to 0.00000, saving model to /gpfswork/rech/ynx/ulx23va/repo/wf-SEDs/model_WFE_size/wf-outputs/chkp/wfe_study_resx3_bis/chkp_callback_poly_wfe_study_resx3_064_bis_4_cycle1
63/63 - 123s - loss: 1.8016e-06 - mean_squared_error: 2.0622e-06 - val_loss: 7.5215e-07 - val_mean_squared_error: 7.5215e-07 - 123s/epoch - 2s/step
Epoch 12/15

Epoch 00012: mean_squared_error improved from 0.00000 to 0.00000, saving model to /gpfswork/rech/ynx/ulx23va/repo/wf-SEDs/model_WFE_size/wf-outputs/chkp/wfe_study_resx3_bis/chkp_callback_poly_wfe_study_resx3_064_bis_4_cycle1
63/63 - 123s - loss: 1.7996e-06 - mean_squared_error: 2.0602e-06 - val_loss: 7.2947e-07 - val_mean_squared_error: 7.2947e-07 - 123s/epoch - 2s/step
Epoch 13/15

Epoch 00013: mean_squared_error did not improve from 0.00000
63/63 - 122s - loss: 1.8013e-06 - mean_squared_error: 2.0633e-06 - val_loss: 7.5592e-07 - val_mean_squared_error: 7.5592e-07 - 122s/epoch - 2s/step
Epoch 14/15

Epoch 00014: mean_squared_error did not improve from 0.00000
63/63 - 121s - loss: 1.9211e-06 - mean_squared_error: 2.1711e-06 - val_loss: 8.1016e-07 - val_mean_squared_error: 8.1016e-07 - 121s/epoch - 2s/step
Epoch 15/15

Epoch 00015: mean_squared_error did not improve from 0.00000
63/63 - 122s - loss: 1.9107e-06 - mean_squared_error: 2.1567e-06 - val_loss: 8.5602e-07 - val_mean_squared_error: 8.5602e-07 - 122s/epoch - 2s/step
Starting non-parametric update..
Epoch 1/100

Epoch 00001: mean_squared_error improved from 0.00000 to 0.00000, saving model to /gpfswork/rech/ynx/ulx23va/repo/wf-SEDs/model_WFE_size/wf-outputs/chkp/wfe_study_resx3_bis/chkp_callback_poly_wfe_study_resx3_064_bis_4_cycle1
63/63 - 132s - loss: 1.5856e-06 - mean_squared_error: 1.8847e-06 - val_loss: 3.7531e-07 - val_mean_squared_error: 3.7531e-07 - 132s/epoch - 2s/step
Epoch 2/100

Epoch 00002: mean_squared_error improved from 0.00000 to 0.00000, saving model to /gpfswork/rech/ynx/ulx23va/repo/wf-SEDs/model_WFE_size/wf-outputs/chkp/wfe_study_resx3_bis/chkp_callback_poly_wfe_study_resx3_064_bis_4_cycle1
63/63 - 129s - loss: 1.2378e-06 - mean_squared_error: 1.5784e-06 - val_loss: 1.9037e-07 - val_mean_squared_error: 1.9037e-07 - 129s/epoch - 2s/step
Epoch 3/100

Epoch 00003: mean_squared_error improved from 0.00000 to 0.00000, saving model to /gpfswork/rech/ynx/ulx23va/repo/wf-SEDs/model_WFE_size/wf-outputs/chkp/wfe_study_resx3_bis/chkp_callback_poly_wfe_study_resx3_064_bis_4_cycle1
63/63 - 129s - loss: 1.1193e-06 - mean_squared_error: 1.4680e-06 - val_loss: 1.2859e-07 - val_mean_squared_error: 1.2859e-07 - 129s/epoch - 2s/step
Epoch 4/100

Epoch 00004: mean_squared_error improved from 0.00000 to 0.00000, saving model to /gpfswork/rech/ynx/ulx23va/repo/wf-SEDs/model_WFE_size/wf-outputs/chkp/wfe_study_resx3_bis/chkp_callback_poly_wfe_study_resx3_064_bis_4_cycle1
63/63 - 129s - loss: 1.0762e-06 - mean_squared_error: 1.4280e-06 - val_loss: 1.0052e-07 - val_mean_squared_error: 1.0052e-07 - 129s/epoch - 2s/step
Epoch 5/100

Epoch 00005: mean_squared_error improved from 0.00000 to 0.00000, saving model to /gpfswork/rech/ynx/ulx23va/repo/wf-SEDs/model_WFE_size/wf-outputs/chkp/wfe_study_resx3_bis/chkp_callback_poly_wfe_study_resx3_064_bis_4_cycle1
63/63 - 128s - loss: 1.0522e-06 - mean_squared_error: 1.4058e-06 - val_loss: 9.1507e-08 - val_mean_squared_error: 9.1507e-08 - 128s/epoch - 2s/step
Epoch 6/100

Epoch 00006: mean_squared_error improved from 0.00000 to 0.00000, saving model to /gpfswork/rech/ynx/ulx23va/repo/wf-SEDs/model_WFE_size/wf-outputs/chkp/wfe_study_resx3_bis/chkp_callback_poly_wfe_study_resx3_064_bis_4_cycle1
63/63 - 128s - loss: 1.0370e-06 - mean_squared_error: 1.3921e-06 - val_loss: 7.2989e-08 - val_mean_squared_error: 7.2989e-08 - 128s/epoch - 2s/step
Epoch 7/100

Epoch 00007: mean_squared_error improved from 0.00000 to 0.00000, saving model to /gpfswork/rech/ynx/ulx23va/repo/wf-SEDs/model_WFE_size/wf-outputs/chkp/wfe_study_resx3_bis/chkp_callback_poly_wfe_study_resx3_064_bis_4_cycle1
63/63 - 128s - loss: 1.0262e-06 - mean_squared_error: 1.3823e-06 - val_loss: 6.1668e-08 - val_mean_squared_error: 6.1668e-08 - 128s/epoch - 2s/step
Epoch 8/100

Epoch 00008: mean_squared_error did not improve from 0.00000
63/63 - 127s - loss: 1.0307e-06 - mean_squared_error: 1.3852e-06 - val_loss: 6.3926e-08 - val_mean_squared_error: 6.3926e-08 - 127s/epoch - 2s/step
Epoch 9/100

Epoch 00009: mean_squared_error improved from 0.00000 to 0.00000, saving model to /gpfswork/rech/ynx/ulx23va/repo/wf-SEDs/model_WFE_size/wf-outputs/chkp/wfe_study_resx3_bis/chkp_callback_poly_wfe_study_resx3_064_bis_4_cycle1
63/63 - 127s - loss: 1.0133e-06 - mean_squared_error: 1.3705e-06 - val_loss: 5.3857e-08 - val_mean_squared_error: 5.3857e-08 - 127s/epoch - 2s/step
Epoch 10/100

Epoch 00010: mean_squared_error improved from 0.00000 to 0.00000, saving model to /gpfswork/rech/ynx/ulx23va/repo/wf-SEDs/model_WFE_size/wf-outputs/chkp/wfe_study_resx3_bis/chkp_callback_poly_wfe_study_resx3_064_bis_4_cycle1
63/63 - 125s - loss: 1.0112e-06 - mean_squared_error: 1.3683e-06 - val_loss: 5.4312e-08 - val_mean_squared_error: 5.4312e-08 - 125s/epoch - 2s/step
Epoch 11/100

Epoch 00011: mean_squared_error did not improve from 0.00000
63/63 - 125s - loss: 1.0203e-06 - mean_squared_error: 1.3758e-06 - val_loss: 6.6234e-08 - val_mean_squared_error: 6.6234e-08 - 125s/epoch - 2s/step
Epoch 12/100

Epoch 00012: mean_squared_error did not improve from 0.00000
63/63 - 124s - loss: 1.0147e-06 - mean_squared_error: 1.3705e-06 - val_loss: 5.3728e-08 - val_mean_squared_error: 5.3728e-08 - 124s/epoch - 2s/step
Epoch 13/100

Epoch 00013: mean_squared_error improved from 0.00000 to 0.00000, saving model to /gpfswork/rech/ynx/ulx23va/repo/wf-SEDs/model_WFE_size/wf-outputs/chkp/wfe_study_resx3_bis/chkp_callback_poly_wfe_study_resx3_064_bis_4_cycle1
63/63 - 124s - loss: 1.0039e-06 - mean_squared_error: 1.3618e-06 - val_loss: 4.4697e-08 - val_mean_squared_error: 4.4697e-08 - 124s/epoch - 2s/step
Epoch 14/100

Epoch 00014: mean_squared_error improved from 0.00000 to 0.00000, saving model to /gpfswork/rech/ynx/ulx23va/repo/wf-SEDs/model_WFE_size/wf-outputs/chkp/wfe_study_resx3_bis/chkp_callback_poly_wfe_study_resx3_064_bis_4_cycle1
63/63 - 125s - loss: 9.9646e-07 - mean_squared_error: 1.3548e-06 - val_loss: 5.1683e-08 - val_mean_squared_error: 5.1683e-08 - 125s/epoch - 2s/step
Epoch 15/100

Epoch 00015: mean_squared_error did not improve from 0.00000
63/63 - 123s - loss: 1.0120e-06 - mean_squared_error: 1.3684e-06 - val_loss: 5.9119e-08 - val_mean_squared_error: 5.9119e-08 - 123s/epoch - 2s/step
Epoch 16/100

Epoch 00016: mean_squared_error did not improve from 0.00000
63/63 - 124s - loss: 1.0049e-06 - mean_squared_error: 1.3637e-06 - val_loss: 4.5097e-08 - val_mean_squared_error: 4.5097e-08 - 124s/epoch - 2s/step
Epoch 17/100

Epoch 00017: mean_squared_error did not improve from 0.00000
63/63 - 125s - loss: 1.0249e-06 - mean_squared_error: 1.3808e-06 - val_loss: 8.4452e-08 - val_mean_squared_error: 8.4452e-08 - 125s/epoch - 2s/step
Epoch 18/100

Epoch 00018: mean_squared_error did not improve from 0.00000
63/63 - 123s - loss: 1.0290e-06 - mean_squared_error: 1.3853e-06 - val_loss: 5.8212e-08 - val_mean_squared_error: 5.8212e-08 - 123s/epoch - 2s/step
Epoch 19/100

Epoch 00019: mean_squared_error did not improve from 0.00000
63/63 - 124s - loss: 1.0329e-06 - mean_squared_error: 1.3834e-06 - val_loss: 4.8031e-08 - val_mean_squared_error: 4.8031e-08 - 124s/epoch - 2s/step
Epoch 20/100

Epoch 00020: mean_squared_error did not improve from 0.00000
63/63 - 123s - loss: 1.0005e-06 - mean_squared_error: 1.3575e-06 - val_loss: 3.7154e-08 - val_mean_squared_error: 3.7154e-08 - 123s/epoch - 2s/step
Epoch 21/100

Epoch 00021: mean_squared_error improved from 0.00000 to 0.00000, saving model to /gpfswork/rech/ynx/ulx23va/repo/wf-SEDs/model_WFE_size/wf-outputs/chkp/wfe_study_resx3_bis/chkp_callback_poly_wfe_study_resx3_064_bis_4_cycle1
63/63 - 124s - loss: 9.9619e-07 - mean_squared_error: 1.3537e-06 - val_loss: 5.6323e-08 - val_mean_squared_error: 5.6323e-08 - 124s/epoch - 2s/step
Epoch 22/100

Epoch 00022: mean_squared_error did not improve from 0.00000
63/63 - 126s - loss: 9.9888e-07 - mean_squared_error: 1.3557e-06 - val_loss: 3.4626e-08 - val_mean_squared_error: 3.4626e-08 - 126s/epoch - 2s/step
Epoch 23/100

Epoch 00023: mean_squared_error improved from 0.00000 to 0.00000, saving model to /gpfswork/rech/ynx/ulx23va/repo/wf-SEDs/model_WFE_size/wf-outputs/chkp/wfe_study_resx3_bis/chkp_callback_poly_wfe_study_resx3_064_bis_4_cycle1
63/63 - 125s - loss: 9.9091e-07 - mean_squared_error: 1.3497e-06 - val_loss: 7.3664e-08 - val_mean_squared_error: 7.3664e-08 - 125s/epoch - 2s/step
Epoch 24/100

Epoch 00024: mean_squared_error did not improve from 0.00000
63/63 - 126s - loss: 1.0100e-06 - mean_squared_error: 1.3661e-06 - val_loss: 3.6668e-08 - val_mean_squared_error: 3.6668e-08 - 126s/epoch - 2s/step
Epoch 25/100

Epoch 00025: mean_squared_error did not improve from 0.00000
63/63 - 126s - loss: 1.0078e-06 - mean_squared_error: 1.3622e-06 - val_loss: 5.5568e-08 - val_mean_squared_error: 5.5568e-08 - 126s/epoch - 2s/step
Epoch 26/100

Epoch 00026: mean_squared_error did not improve from 0.00000
63/63 - 125s - loss: 1.0104e-06 - mean_squared_error: 1.3680e-06 - val_loss: 4.1880e-08 - val_mean_squared_error: 4.1880e-08 - 125s/epoch - 2s/step
Epoch 27/100

Epoch 00027: mean_squared_error improved from 0.00000 to 0.00000, saving model to /gpfswork/rech/ynx/ulx23va/repo/wf-SEDs/model_WFE_size/wf-outputs/chkp/wfe_study_resx3_bis/chkp_callback_poly_wfe_study_resx3_064_bis_4_cycle1
63/63 - 126s - loss: 9.8643e-07 - mean_squared_error: 1.3461e-06 - val_loss: 3.0429e-08 - val_mean_squared_error: 3.0429e-08 - 126s/epoch - 2s/step
Epoch 28/100

Epoch 00028: mean_squared_error improved from 0.00000 to 0.00000, saving model to /gpfswork/rech/ynx/ulx23va/repo/wf-SEDs/model_WFE_size/wf-outputs/chkp/wfe_study_resx3_bis/chkp_callback_poly_wfe_study_resx3_064_bis_4_cycle1
63/63 - 126s - loss: 9.8441e-07 - mean_squared_error: 1.3435e-06 - val_loss: 3.9935e-08 - val_mean_squared_error: 3.9935e-08 - 126s/epoch - 2s/step
Epoch 29/100

Epoch 00029: mean_squared_error did not improve from 0.00000
63/63 - 126s - loss: 9.8455e-07 - mean_squared_error: 1.3443e-06 - val_loss: 3.4254e-08 - val_mean_squared_error: 3.4254e-08 - 126s/epoch - 2s/step
Epoch 30/100

Epoch 00030: mean_squared_error did not improve from 0.00000
63/63 - 125s - loss: 9.8911e-07 - mean_squared_error: 1.3478e-06 - val_loss: 2.6362e-08 - val_mean_squared_error: 2.6362e-08 - 125s/epoch - 2s/step
Epoch 31/100

Epoch 00031: mean_squared_error did not improve from 0.00000
63/63 - 124s - loss: 9.8379e-07 - mean_squared_error: 1.3436e-06 - val_loss: 3.4292e-08 - val_mean_squared_error: 3.4292e-08 - 124s/epoch - 2s/step
Epoch 32/100

Epoch 00032: mean_squared_error did not improve from 0.00000
63/63 - 125s - loss: 9.9182e-07 - mean_squared_error: 1.3505e-06 - val_loss: 3.2239e-08 - val_mean_squared_error: 3.2239e-08 - 125s/epoch - 2s/step
Epoch 33/100

Epoch 00033: mean_squared_error improved from 0.00000 to 0.00000, saving model to /gpfswork/rech/ynx/ulx23va/repo/wf-SEDs/model_WFE_size/wf-outputs/chkp/wfe_study_resx3_bis/chkp_callback_poly_wfe_study_resx3_064_bis_4_cycle1
63/63 - 125s - loss: 9.8135e-07 - mean_squared_error: 1.3410e-06 - val_loss: 3.1345e-08 - val_mean_squared_error: 3.1345e-08 - 125s/epoch - 2s/step
Epoch 34/100

Epoch 00034: mean_squared_error did not improve from 0.00000
63/63 - 125s - loss: 9.8514e-07 - mean_squared_error: 1.3437e-06 - val_loss: 2.9446e-08 - val_mean_squared_error: 2.9446e-08 - 125s/epoch - 2s/step
Epoch 35/100

Epoch 00035: mean_squared_error did not improve from 0.00000
63/63 - 125s - loss: 9.9504e-07 - mean_squared_error: 1.3518e-06 - val_loss: 3.1248e-08 - val_mean_squared_error: 3.1248e-08 - 125s/epoch - 2s/step
Epoch 36/100

Epoch 00036: mean_squared_error did not improve from 0.00000
63/63 - 125s - loss: 1.0012e-06 - mean_squared_error: 1.3554e-06 - val_loss: 4.0216e-08 - val_mean_squared_error: 4.0216e-08 - 125s/epoch - 2s/step
Epoch 37/100

Epoch 00037: mean_squared_error did not improve from 0.00000
63/63 - 127s - loss: 9.9491e-07 - mean_squared_error: 1.3530e-06 - val_loss: 3.2723e-08 - val_mean_squared_error: 3.2723e-08 - 127s/epoch - 2s/step
Epoch 38/100

Epoch 00038: mean_squared_error did not improve from 0.00000
63/63 - 127s - loss: 9.9641e-07 - mean_squared_error: 1.3534e-06 - val_loss: 4.5288e-08 - val_mean_squared_error: 4.5288e-08 - 127s/epoch - 2s/step
Epoch 39/100

Epoch 00039: mean_squared_error did not improve from 0.00000
63/63 - 126s - loss: 9.9067e-07 - mean_squared_error: 1.3490e-06 - val_loss: 4.8289e-08 - val_mean_squared_error: 4.8289e-08 - 126s/epoch - 2s/step
Epoch 40/100

Epoch 00040: mean_squared_error did not improve from 0.00000
63/63 - 127s - loss: 9.8763e-07 - mean_squared_error: 1.3466e-06 - val_loss: 3.7882e-08 - val_mean_squared_error: 3.7882e-08 - 127s/epoch - 2s/step
Epoch 41/100

Epoch 00041: mean_squared_error did not improve from 0.00000
63/63 - 125s - loss: 9.8251e-07 - mean_squared_error: 1.3422e-06 - val_loss: 2.9563e-08 - val_mean_squared_error: 2.9563e-08 - 125s/epoch - 2s/step
Epoch 42/100

Epoch 00042: mean_squared_error improved from 0.00000 to 0.00000, saving model to /gpfswork/rech/ynx/ulx23va/repo/wf-SEDs/model_WFE_size/wf-outputs/chkp/wfe_study_resx3_bis/chkp_callback_poly_wfe_study_resx3_064_bis_4_cycle1
63/63 - 126s - loss: 9.7976e-07 - mean_squared_error: 1.3396e-06 - val_loss: 3.6757e-08 - val_mean_squared_error: 3.6757e-08 - 126s/epoch - 2s/step
Epoch 43/100

Epoch 00043: mean_squared_error did not improve from 0.00000
63/63 - 126s - loss: 9.8292e-07 - mean_squared_error: 1.3430e-06 - val_loss: 3.5157e-08 - val_mean_squared_error: 3.5157e-08 - 126s/epoch - 2s/step
Epoch 44/100

Epoch 00044: mean_squared_error did not improve from 0.00000
63/63 - 126s - loss: 9.8460e-07 - mean_squared_error: 1.3436e-06 - val_loss: 2.7675e-08 - val_mean_squared_error: 2.7675e-08 - 126s/epoch - 2s/step
Epoch 45/100

Epoch 00045: mean_squared_error improved from 0.00000 to 0.00000, saving model to /gpfswork/rech/ynx/ulx23va/repo/wf-SEDs/model_WFE_size/wf-outputs/chkp/wfe_study_resx3_bis/chkp_callback_poly_wfe_study_resx3_064_bis_4_cycle1
63/63 - 127s - loss: 9.7880e-07 - mean_squared_error: 1.3389e-06 - val_loss: 2.8656e-08 - val_mean_squared_error: 2.8656e-08 - 127s/epoch - 2s/step
Epoch 46/100

Epoch 00046: mean_squared_error did not improve from 0.00000
63/63 - 125s - loss: 9.8508e-07 - mean_squared_error: 1.3432e-06 - val_loss: 3.4973e-08 - val_mean_squared_error: 3.4973e-08 - 125s/epoch - 2s/step
Epoch 47/100

Epoch 00047: mean_squared_error did not improve from 0.00000
63/63 - 125s - loss: 9.9306e-07 - mean_squared_error: 1.3510e-06 - val_loss: 4.4134e-08 - val_mean_squared_error: 4.4134e-08 - 125s/epoch - 2s/step
Epoch 48/100

Epoch 00048: mean_squared_error did not improve from 0.00000
63/63 - 125s - loss: 9.8198e-07 - mean_squared_error: 1.3416e-06 - val_loss: 2.8952e-08 - val_mean_squared_error: 2.8952e-08 - 125s/epoch - 2s/step
Epoch 49/100

Epoch 00049: mean_squared_error did not improve from 0.00000
63/63 - 125s - loss: 9.8231e-07 - mean_squared_error: 1.3410e-06 - val_loss: 2.8662e-08 - val_mean_squared_error: 2.8662e-08 - 125s/epoch - 2s/step
Epoch 50/100

Epoch 00050: mean_squared_error improved from 0.00000 to 0.00000, saving model to /gpfswork/rech/ynx/ulx23va/repo/wf-SEDs/model_WFE_size/wf-outputs/chkp/wfe_study_resx3_bis/chkp_callback_poly_wfe_study_resx3_064_bis_4_cycle1
63/63 - 126s - loss: 9.7747e-07 - mean_squared_error: 1.3375e-06 - val_loss: 2.2660e-08 - val_mean_squared_error: 2.2660e-08 - 126s/epoch - 2s/step
Epoch 51/100

Epoch 00051: mean_squared_error did not improve from 0.00000
63/63 - 125s - loss: 9.7833e-07 - mean_squared_error: 1.3386e-06 - val_loss: 2.5154e-08 - val_mean_squared_error: 2.5154e-08 - 125s/epoch - 2s/step
Epoch 52/100

Epoch 00052: mean_squared_error improved from 0.00000 to 0.00000, saving model to /gpfswork/rech/ynx/ulx23va/repo/wf-SEDs/model_WFE_size/wf-outputs/chkp/wfe_study_resx3_bis/chkp_callback_poly_wfe_study_resx3_064_bis_4_cycle1
63/63 - 125s - loss: 9.7688e-07 - mean_squared_error: 1.3372e-06 - val_loss: 2.6410e-08 - val_mean_squared_error: 2.6410e-08 - 125s/epoch - 2s/step
Epoch 53/100

Epoch 00053: mean_squared_error did not improve from 0.00000
63/63 - 125s - loss: 9.7850e-07 - mean_squared_error: 1.3383e-06 - val_loss: 3.7229e-08 - val_mean_squared_error: 3.7229e-08 - 125s/epoch - 2s/step
Epoch 54/100

Epoch 00054: mean_squared_error did not improve from 0.00000
63/63 - 124s - loss: 9.8169e-07 - mean_squared_error: 1.3408e-06 - val_loss: 2.5985e-08 - val_mean_squared_error: 2.5985e-08 - 124s/epoch - 2s/step
Epoch 55/100

Epoch 00055: mean_squared_error improved from 0.00000 to 0.00000, saving model to /gpfswork/rech/ynx/ulx23va/repo/wf-SEDs/model_WFE_size/wf-outputs/chkp/wfe_study_resx3_bis/chkp_callback_poly_wfe_study_resx3_064_bis_4_cycle1
63/63 - 125s - loss: 9.7528e-07 - mean_squared_error: 1.3357e-06 - val_loss: 2.5005e-08 - val_mean_squared_error: 2.5005e-08 - 125s/epoch - 2s/step
Epoch 56/100

Epoch 00056: mean_squared_error did not improve from 0.00000
63/63 - 125s - loss: 9.8168e-07 - mean_squared_error: 1.3406e-06 - val_loss: 3.0089e-08 - val_mean_squared_error: 3.0089e-08 - 125s/epoch - 2s/step
Epoch 57/100

Epoch 00057: mean_squared_error did not improve from 0.00000
63/63 - 126s - loss: 9.7504e-07 - mean_squared_error: 1.3358e-06 - val_loss: 2.3138e-08 - val_mean_squared_error: 2.3138e-08 - 126s/epoch - 2s/step
Epoch 58/100

Epoch 00058: mean_squared_error improved from 0.00000 to 0.00000, saving model to /gpfswork/rech/ynx/ulx23va/repo/wf-SEDs/model_WFE_size/wf-outputs/chkp/wfe_study_resx3_bis/chkp_callback_poly_wfe_study_resx3_064_bis_4_cycle1
63/63 - 125s - loss: 9.7406e-07 - mean_squared_error: 1.3345e-06 - val_loss: 2.1784e-08 - val_mean_squared_error: 2.1784e-08 - 125s/epoch - 2s/step
Epoch 59/100

Epoch 00059: mean_squared_error did not improve from 0.00000
63/63 - 125s - loss: 9.7687e-07 - mean_squared_error: 1.3369e-06 - val_loss: 2.4356e-08 - val_mean_squared_error: 2.4356e-08 - 125s/epoch - 2s/step
Epoch 60/100

Epoch 00060: mean_squared_error did not improve from 0.00000
63/63 - 125s - loss: 9.8120e-07 - mean_squared_error: 1.3402e-06 - val_loss: 2.2068e-08 - val_mean_squared_error: 2.2068e-08 - 125s/epoch - 2s/step
Epoch 61/100

Epoch 00061: mean_squared_error did not improve from 0.00000
63/63 - 125s - loss: 9.7475e-07 - mean_squared_error: 1.3350e-06 - val_loss: 2.4531e-08 - val_mean_squared_error: 2.4531e-08 - 125s/epoch - 2s/step
Epoch 62/100

Epoch 00062: mean_squared_error did not improve from 0.00000
63/63 - 126s - loss: 9.7778e-07 - mean_squared_error: 1.3374e-06 - val_loss: 4.1748e-08 - val_mean_squared_error: 4.1748e-08 - 126s/epoch - 2s/step
Epoch 63/100

Epoch 00063: mean_squared_error did not improve from 0.00000
63/63 - 127s - loss: 9.9123e-07 - mean_squared_error: 1.3482e-06 - val_loss: 3.1430e-08 - val_mean_squared_error: 3.1430e-08 - 127s/epoch - 2s/step
Epoch 64/100

Epoch 00064: mean_squared_error did not improve from 0.00000
63/63 - 126s - loss: 9.8490e-07 - mean_squared_error: 1.3428e-06 - val_loss: 2.9868e-08 - val_mean_squared_error: 2.9868e-08 - 126s/epoch - 2s/step
Epoch 65/100

Epoch 00065: mean_squared_error did not improve from 0.00000
63/63 - 125s - loss: 9.7605e-07 - mean_squared_error: 1.3361e-06 - val_loss: 2.6302e-08 - val_mean_squared_error: 2.6302e-08 - 125s/epoch - 2s/step
Epoch 66/100

Epoch 00066: mean_squared_error improved from 0.00000 to 0.00000, saving model to /gpfswork/rech/ynx/ulx23va/repo/wf-SEDs/model_WFE_size/wf-outputs/chkp/wfe_study_resx3_bis/chkp_callback_poly_wfe_study_resx3_064_bis_4_cycle1
63/63 - 126s - loss: 9.7244e-07 - mean_squared_error: 1.3331e-06 - val_loss: 2.1921e-08 - val_mean_squared_error: 2.1921e-08 - 126s/epoch - 2s/step
Epoch 67/100

Epoch 00067: mean_squared_error did not improve from 0.00000
63/63 - 125s - loss: 9.8197e-07 - mean_squared_error: 1.3403e-06 - val_loss: 5.8164e-08 - val_mean_squared_error: 5.8164e-08 - 125s/epoch - 2s/step
Epoch 68/100

Epoch 00068: mean_squared_error did not improve from 0.00000
63/63 - 125s - loss: 9.8616e-07 - mean_squared_error: 1.3445e-06 - val_loss: 2.7621e-08 - val_mean_squared_error: 2.7621e-08 - 125s/epoch - 2s/step
Epoch 69/100

Epoch 00069: mean_squared_error did not improve from 0.00000
63/63 - 124s - loss: 9.7962e-07 - mean_squared_error: 1.3387e-06 - val_loss: 2.3060e-08 - val_mean_squared_error: 2.3060e-08 - 124s/epoch - 2s/step
Epoch 70/100

Epoch 00070: mean_squared_error did not improve from 0.00000
63/63 - 124s - loss: 9.7933e-07 - mean_squared_error: 1.3379e-06 - val_loss: 2.8577e-08 - val_mean_squared_error: 2.8577e-08 - 124s/epoch - 2s/step
Epoch 71/100

Epoch 00071: mean_squared_error did not improve from 0.00000
63/63 - 125s - loss: 9.7501e-07 - mean_squared_error: 1.3352e-06 - val_loss: 2.6680e-08 - val_mean_squared_error: 2.6680e-08 - 125s/epoch - 2s/step
Epoch 72/100

Epoch 00072: mean_squared_error did not improve from 0.00000
63/63 - 124s - loss: 9.8092e-07 - mean_squared_error: 1.3403e-06 - val_loss: 3.3834e-08 - val_mean_squared_error: 3.3834e-08 - 124s/epoch - 2s/step
Epoch 73/100

Epoch 00073: mean_squared_error did not improve from 0.00000
63/63 - 124s - loss: 9.7807e-07 - mean_squared_error: 1.3380e-06 - val_loss: 2.5341e-08 - val_mean_squared_error: 2.5341e-08 - 124s/epoch - 2s/step
Epoch 74/100

Epoch 00074: mean_squared_error did not improve from 0.00000
63/63 - 123s - loss: 9.7435e-07 - mean_squared_error: 1.3343e-06 - val_loss: 2.5170e-08 - val_mean_squared_error: 2.5170e-08 - 123s/epoch - 2s/step
Epoch 75/100

Epoch 00075: mean_squared_error did not improve from 0.00000
63/63 - 125s - loss: 9.7491e-07 - mean_squared_error: 1.3348e-06 - val_loss: 3.5508e-08 - val_mean_squared_error: 3.5508e-08 - 125s/epoch - 2s/step
Epoch 76/100

Epoch 00076: mean_squared_error did not improve from 0.00000
63/63 - 126s - loss: 9.9781e-07 - mean_squared_error: 1.3541e-06 - val_loss: 4.9826e-08 - val_mean_squared_error: 4.9826e-08 - 126s/epoch - 2s/step
Epoch 77/100

Epoch 00077: mean_squared_error did not improve from 0.00000
63/63 - 124s - loss: 9.9002e-07 - mean_squared_error: 1.3482e-06 - val_loss: 2.7401e-08 - val_mean_squared_error: 2.7401e-08 - 124s/epoch - 2s/step
Epoch 78/100

Epoch 00078: mean_squared_error did not improve from 0.00000
63/63 - 125s - loss: 9.7614e-07 - mean_squared_error: 1.3361e-06 - val_loss: 2.8587e-08 - val_mean_squared_error: 2.8587e-08 - 125s/epoch - 2s/step
Epoch 79/100

Epoch 00079: mean_squared_error did not improve from 0.00000
63/63 - 125s - loss: 9.7323e-07 - mean_squared_error: 1.3339e-06 - val_loss: 2.4937e-08 - val_mean_squared_error: 2.4937e-08 - 125s/epoch - 2s/step
Epoch 80/100

Epoch 00080: mean_squared_error did not improve from 0.00000
63/63 - 124s - loss: 9.7833e-07 - mean_squared_error: 1.3379e-06 - val_loss: 2.5946e-08 - val_mean_squared_error: 2.5946e-08 - 124s/epoch - 2s/step
Epoch 81/100

Epoch 00081: mean_squared_error did not improve from 0.00000
63/63 - 124s - loss: 9.7860e-07 - mean_squared_error: 1.3387e-06 - val_loss: 2.4521e-08 - val_mean_squared_error: 2.4521e-08 - 124s/epoch - 2s/step
Epoch 82/100

Epoch 00082: mean_squared_error did not improve from 0.00000
63/63 - 124s - loss: 9.8012e-07 - mean_squared_error: 1.3388e-06 - val_loss: 2.5717e-08 - val_mean_squared_error: 2.5717e-08 - 124s/epoch - 2s/step
Epoch 83/100

Epoch 00083: mean_squared_error did not improve from 0.00000
63/63 - 125s - loss: 9.7734e-07 - mean_squared_error: 1.3376e-06 - val_loss: 3.1667e-08 - val_mean_squared_error: 3.1667e-08 - 125s/epoch - 2s/step
Epoch 84/100

Epoch 00084: mean_squared_error did not improve from 0.00000
63/63 - 125s - loss: 9.7409e-07 - mean_squared_error: 1.3345e-06 - val_loss: 2.2135e-08 - val_mean_squared_error: 2.2135e-08 - 125s/epoch - 2s/step
Epoch 85/100

Epoch 00085: mean_squared_error improved from 0.00000 to 0.00000, saving model to /gpfswork/rech/ynx/ulx23va/repo/wf-SEDs/model_WFE_size/wf-outputs/chkp/wfe_study_resx3_bis/chkp_callback_poly_wfe_study_resx3_064_bis_4_cycle1
63/63 - 124s - loss: 9.7233e-07 - mean_squared_error: 1.3328e-06 - val_loss: 2.5681e-08 - val_mean_squared_error: 2.5681e-08 - 124s/epoch - 2s/step
Epoch 86/100

Epoch 00086: mean_squared_error did not improve from 0.00000
63/63 - 125s - loss: 9.7490e-07 - mean_squared_error: 1.3350e-06 - val_loss: 2.3985e-08 - val_mean_squared_error: 2.3985e-08 - 125s/epoch - 2s/step
Epoch 87/100

Epoch 00087: mean_squared_error did not improve from 0.00000
63/63 - 124s - loss: 9.8364e-07 - mean_squared_error: 1.3421e-06 - val_loss: 4.1995e-08 - val_mean_squared_error: 4.1995e-08 - 124s/epoch - 2s/step
Epoch 88/100

Epoch 00088: mean_squared_error did not improve from 0.00000
63/63 - 124s - loss: 9.8334e-07 - mean_squared_error: 1.3421e-06 - val_loss: 2.1600e-08 - val_mean_squared_error: 2.1600e-08 - 124s/epoch - 2s/step
Epoch 89/100

Epoch 00089: mean_squared_error did not improve from 0.00000
63/63 - 125s - loss: 9.7313e-07 - mean_squared_error: 1.3335e-06 - val_loss: 2.2195e-08 - val_mean_squared_error: 2.2195e-08 - 125s/epoch - 2s/step
Epoch 90/100

Epoch 00090: mean_squared_error did not improve from 0.00000
63/63 - 125s - loss: 9.7306e-07 - mean_squared_error: 1.3333e-06 - val_loss: 2.2572e-08 - val_mean_squared_error: 2.2572e-08 - 125s/epoch - 2s/step
Epoch 91/100

Epoch 00091: mean_squared_error did not improve from 0.00000
63/63 - 125s - loss: 9.7244e-07 - mean_squared_error: 1.3331e-06 - val_loss: 2.2236e-08 - val_mean_squared_error: 2.2236e-08 - 125s/epoch - 2s/step
Epoch 92/100

Epoch 00092: mean_squared_error improved from 0.00000 to 0.00000, saving model to /gpfswork/rech/ynx/ulx23va/repo/wf-SEDs/model_WFE_size/wf-outputs/chkp/wfe_study_resx3_bis/chkp_callback_poly_wfe_study_resx3_064_bis_4_cycle1
63/63 - 125s - loss: 9.7103e-07 - mean_squared_error: 1.3318e-06 - val_loss: 2.0881e-08 - val_mean_squared_error: 2.0881e-08 - 125s/epoch - 2s/step
Epoch 93/100

Epoch 00093: mean_squared_error improved from 0.00000 to 0.00000, saving model to /gpfswork/rech/ynx/ulx23va/repo/wf-SEDs/model_WFE_size/wf-outputs/chkp/wfe_study_resx3_bis/chkp_callback_poly_wfe_study_resx3_064_bis_4_cycle1
63/63 - 123s - loss: 9.7020e-07 - mean_squared_error: 1.3311e-06 - val_loss: 2.4291e-08 - val_mean_squared_error: 2.4291e-08 - 123s/epoch - 2s/step
Epoch 94/100

Epoch 00094: mean_squared_error did not improve from 0.00000
63/63 - 124s - loss: 9.7205e-07 - mean_squared_error: 1.3324e-06 - val_loss: 2.2263e-08 - val_mean_squared_error: 2.2263e-08 - 124s/epoch - 2s/step
Epoch 95/100

Epoch 00095: mean_squared_error did not improve from 0.00000
63/63 - 125s - loss: 9.8573e-07 - mean_squared_error: 1.3445e-06 - val_loss: 2.4216e-08 - val_mean_squared_error: 2.4216e-08 - 125s/epoch - 2s/step
Epoch 96/100

Epoch 00096: mean_squared_error did not improve from 0.00000
63/63 - 124s - loss: 9.7223e-07 - mean_squared_error: 1.3328e-06 - val_loss: 2.5891e-08 - val_mean_squared_error: 2.5891e-08 - 124s/epoch - 2s/step
Epoch 97/100

Epoch 00097: mean_squared_error did not improve from 0.00000
63/63 - 125s - loss: 9.7342e-07 - mean_squared_error: 1.3338e-06 - val_loss: 2.2988e-08 - val_mean_squared_error: 2.2988e-08 - 125s/epoch - 2s/step
Epoch 98/100

Epoch 00098: mean_squared_error did not improve from 0.00000
63/63 - 125s - loss: 9.7674e-07 - mean_squared_error: 1.3359e-06 - val_loss: 2.4031e-08 - val_mean_squared_error: 2.4031e-08 - 125s/epoch - 2s/step
Epoch 99/100

Epoch 00099: mean_squared_error did not improve from 0.00000
63/63 - 125s - loss: 9.7298e-07 - mean_squared_error: 1.3334e-06 - val_loss: 2.5263e-08 - val_mean_squared_error: 2.5263e-08 - 125s/epoch - 2s/step
Epoch 100/100

Epoch 00100: mean_squared_error did not improve from 0.00000
63/63 - 124s - loss: 9.7242e-07 - mean_squared_error: 1.3328e-06 - val_loss: 2.5414e-08 - val_mean_squared_error: 2.5414e-08 - 124s/epoch - 2s/step
Cycle1 elapsed time: 14377.618704
Starting cycle 2..
Starting parametric update..
Epoch 1/15

Epoch 00001: mean_squared_error improved from inf to 0.00000, saving model to /gpfswork/rech/ynx/ulx23va/repo/wf-SEDs/model_WFE_size/wf-outputs/chkp/wfe_study_resx3_bis/chkp_callback_poly_wfe_study_resx3_064_bis_4_cycle2
63/63 - 121s - loss: 9.6961e-07 - mean_squared_error: 1.3307e-06 - val_loss: 2.1675e-08 - val_mean_squared_error: 2.1675e-08 - 121s/epoch - 2s/step
Epoch 2/15

Epoch 00002: mean_squared_error did not improve from 0.00000
63/63 - 119s - loss: 9.7110e-07 - mean_squared_error: 1.3315e-06 - val_loss: 2.4372e-08 - val_mean_squared_error: 2.4372e-08 - 119s/epoch - 2s/step
Epoch 3/15

Epoch 00003: mean_squared_error did not improve from 0.00000
63/63 - 118s - loss: 9.8095e-07 - mean_squared_error: 1.3395e-06 - val_loss: 3.6115e-08 - val_mean_squared_error: 3.6115e-08 - 118s/epoch - 2s/step
Epoch 4/15

Epoch 00004: mean_squared_error did not improve from 0.00000
63/63 - 119s - loss: 9.7333e-07 - mean_squared_error: 1.3341e-06 - val_loss: 2.2313e-08 - val_mean_squared_error: 2.2313e-08 - 119s/epoch - 2s/step
Epoch 5/15

Epoch 00005: mean_squared_error did not improve from 0.00000
63/63 - 118s - loss: 9.7430e-07 - mean_squared_error: 1.3347e-06 - val_loss: 2.7401e-08 - val_mean_squared_error: 2.7401e-08 - 118s/epoch - 2s/step
Epoch 6/15

Epoch 00006: mean_squared_error did not improve from 0.00000
63/63 - 118s - loss: 9.7632e-07 - mean_squared_error: 1.3362e-06 - val_loss: 2.7184e-08 - val_mean_squared_error: 2.7184e-08 - 118s/epoch - 2s/step
Epoch 7/15

Epoch 00007: mean_squared_error did not improve from 0.00000
63/63 - 120s - loss: 9.7646e-07 - mean_squared_error: 1.3369e-06 - val_loss: 3.2101e-08 - val_mean_squared_error: 3.2101e-08 - 120s/epoch - 2s/step
Epoch 8/15

Epoch 00008: mean_squared_error did not improve from 0.00000
63/63 - 119s - loss: 9.7936e-07 - mean_squared_error: 1.3391e-06 - val_loss: 2.6624e-08 - val_mean_squared_error: 2.6624e-08 - 119s/epoch - 2s/step
Epoch 9/15

Epoch 00009: mean_squared_error did not improve from 0.00000
63/63 - 120s - loss: 9.8278e-07 - mean_squared_error: 1.3422e-06 - val_loss: 3.5690e-08 - val_mean_squared_error: 3.5690e-08 - 120s/epoch - 2s/step
Epoch 10/15

Epoch 00010: mean_squared_error did not improve from 0.00000
63/63 - 118s - loss: 9.9744e-07 - mean_squared_error: 1.3524e-06 - val_loss: 6.3847e-08 - val_mean_squared_error: 6.3847e-08 - 118s/epoch - 2s/step
Epoch 11/15

Epoch 00011: mean_squared_error did not improve from 0.00000
63/63 - 119s - loss: 1.0010e-06 - mean_squared_error: 1.3562e-06 - val_loss: 3.6402e-08 - val_mean_squared_error: 3.6402e-08 - 119s/epoch - 2s/step
Epoch 12/15

Epoch 00012: mean_squared_error did not improve from 0.00000
63/63 - 120s - loss: 9.8216e-07 - mean_squared_error: 1.3409e-06 - val_loss: 3.8057e-08 - val_mean_squared_error: 3.8057e-08 - 120s/epoch - 2s/step
Epoch 13/15

Epoch 00013: mean_squared_error did not improve from 0.00000
63/63 - 121s - loss: 1.0044e-06 - mean_squared_error: 1.3629e-06 - val_loss: 3.4530e-08 - val_mean_squared_error: 3.4530e-08 - 121s/epoch - 2s/step
Epoch 14/15

Epoch 00014: mean_squared_error did not improve from 0.00000
63/63 - 120s - loss: 9.8093e-07 - mean_squared_error: 1.3407e-06 - val_loss: 4.5410e-08 - val_mean_squared_error: 4.5410e-08 - 120s/epoch - 2s/step
Epoch 15/15

Epoch 00015: mean_squared_error did not improve from 0.00000
63/63 - 119s - loss: 1.0010e-06 - mean_squared_error: 1.3571e-06 - val_loss: 4.7346e-08 - val_mean_squared_error: 4.7346e-08 - 119s/epoch - 2s/step
Starting non-parametric update..
Epoch 1/50

Epoch 00001: mean_squared_error did not improve from 0.00000
63/63 - 125s - loss: 9.7600e-07 - mean_squared_error: 1.3349e-06 - val_loss: 1.7691e-08 - val_mean_squared_error: 1.7691e-08 - 125s/epoch - 2s/step
Epoch 2/50

Epoch 00002: mean_squared_error improved from 0.00000 to 0.00000, saving model to /gpfswork/rech/ynx/ulx23va/repo/wf-SEDs/model_WFE_size/wf-outputs/chkp/wfe_study_resx3_bis/chkp_callback_poly_wfe_study_resx3_064_bis_4_cycle2
63/63 - 122s - loss: 9.6487e-07 - mean_squared_error: 1.3263e-06 - val_loss: 1.6622e-08 - val_mean_squared_error: 1.6622e-08 - 122s/epoch - 2s/step
Epoch 3/50

Epoch 00003: mean_squared_error improved from 0.00000 to 0.00000, saving model to /gpfswork/rech/ynx/ulx23va/repo/wf-SEDs/model_WFE_size/wf-outputs/chkp/wfe_study_resx3_bis/chkp_callback_poly_wfe_study_resx3_064_bis_4_cycle2
63/63 - 122s - loss: 9.6427e-07 - mean_squared_error: 1.3258e-06 - val_loss: 1.6781e-08 - val_mean_squared_error: 1.6781e-08 - 122s/epoch - 2s/step
Epoch 4/50

Epoch 00004: mean_squared_error improved from 0.00000 to 0.00000, saving model to /gpfswork/rech/ynx/ulx23va/repo/wf-SEDs/model_WFE_size/wf-outputs/chkp/wfe_study_resx3_bis/chkp_callback_poly_wfe_study_resx3_064_bis_4_cycle2
63/63 - 122s - loss: 9.6416e-07 - mean_squared_error: 1.3257e-06 - val_loss: 1.6563e-08 - val_mean_squared_error: 1.6563e-08 - 122s/epoch - 2s/step
Epoch 5/50

Epoch 00005: mean_squared_error did not improve from 0.00000
63/63 - 120s - loss: 9.6430e-07 - mean_squared_error: 1.3259e-06 - val_loss: 1.6945e-08 - val_mean_squared_error: 1.6945e-08 - 120s/epoch - 2s/step
Epoch 6/50

Epoch 00006: mean_squared_error did not improve from 0.00000
63/63 - 120s - loss: 9.6419e-07 - mean_squared_error: 1.3258e-06 - val_loss: 1.6806e-08 - val_mean_squared_error: 1.6806e-08 - 120s/epoch - 2s/step
Epoch 7/50

Epoch 00007: mean_squared_error did not improve from 0.00000
63/63 - 121s - loss: 9.6430e-07 - mean_squared_error: 1.3259e-06 - val_loss: 1.6777e-08 - val_mean_squared_error: 1.6777e-08 - 121s/epoch - 2s/step
Epoch 8/50

Epoch 00008: mean_squared_error did not improve from 0.00000
63/63 - 121s - loss: 9.6441e-07 - mean_squared_error: 1.3260e-06 - val_loss: 1.6641e-08 - val_mean_squared_error: 1.6641e-08 - 121s/epoch - 2s/step
Epoch 9/50

Epoch 00009: mean_squared_error did not improve from 0.00000
63/63 - 121s - loss: 9.6439e-07 - mean_squared_error: 1.3259e-06 - val_loss: 1.6686e-08 - val_mean_squared_error: 1.6686e-08 - 121s/epoch - 2s/step
Epoch 10/50

Epoch 00010: mean_squared_error improved from 0.00000 to 0.00000, saving model to /gpfswork/rech/ynx/ulx23va/repo/wf-SEDs/model_WFE_size/wf-outputs/chkp/wfe_study_resx3_bis/chkp_callback_poly_wfe_study_resx3_064_bis_4_cycle2
63/63 - 121s - loss: 9.6405e-07 - mean_squared_error: 1.3256e-06 - val_loss: 1.6430e-08 - val_mean_squared_error: 1.6430e-08 - 121s/epoch - 2s/step
Epoch 11/50

Epoch 00011: mean_squared_error did not improve from 0.00000
63/63 - 121s - loss: 9.6466e-07 - mean_squared_error: 1.3261e-06 - val_loss: 1.6259e-08 - val_mean_squared_error: 1.6259e-08 - 121s/epoch - 2s/step
Epoch 12/50

Epoch 00012: mean_squared_error did not improve from 0.00000
63/63 - 120s - loss: 9.6431e-07 - mean_squared_error: 1.3257e-06 - val_loss: 1.6298e-08 - val_mean_squared_error: 1.6298e-08 - 120s/epoch - 2s/step
Epoch 13/50

Epoch 00013: mean_squared_error did not improve from 0.00000
63/63 - 120s - loss: 9.6484e-07 - mean_squared_error: 1.3263e-06 - val_loss: 1.7119e-08 - val_mean_squared_error: 1.7119e-08 - 120s/epoch - 2s/step
Epoch 14/50

Epoch 00014: mean_squared_error did not improve from 0.00000
63/63 - 121s - loss: 9.6495e-07 - mean_squared_error: 1.3264e-06 - val_loss: 1.7161e-08 - val_mean_squared_error: 1.7161e-08 - 121s/epoch - 2s/step
Epoch 15/50

Epoch 00015: mean_squared_error did not improve from 0.00000
63/63 - 121s - loss: 9.6437e-07 - mean_squared_error: 1.3260e-06 - val_loss: 1.7004e-08 - val_mean_squared_error: 1.7004e-08 - 121s/epoch - 2s/step
Epoch 16/50

Epoch 00016: mean_squared_error did not improve from 0.00000
63/63 - 121s - loss: 9.6424e-07 - mean_squared_error: 1.3258e-06 - val_loss: 1.7079e-08 - val_mean_squared_error: 1.7079e-08 - 121s/epoch - 2s/step
Epoch 17/50

Epoch 00017: mean_squared_error did not improve from 0.00000
63/63 - 121s - loss: 9.6503e-07 - mean_squared_error: 1.3265e-06 - val_loss: 1.6892e-08 - val_mean_squared_error: 1.6892e-08 - 121s/epoch - 2s/step
Epoch 18/50

Epoch 00018: mean_squared_error did not improve from 0.00000
63/63 - 122s - loss: 9.6505e-07 - mean_squared_error: 1.3266e-06 - val_loss: 1.6863e-08 - val_mean_squared_error: 1.6863e-08 - 122s/epoch - 2s/step
Epoch 19/50

Epoch 00019: mean_squared_error did not improve from 0.00000
63/63 - 122s - loss: 9.6472e-07 - mean_squared_error: 1.3263e-06 - val_loss: 1.8133e-08 - val_mean_squared_error: 1.8133e-08 - 122s/epoch - 2s/step
Epoch 20/50

Epoch 00020: mean_squared_error did not improve from 0.00000
63/63 - 120s - loss: 9.6487e-07 - mean_squared_error: 1.3263e-06 - val_loss: 1.7685e-08 - val_mean_squared_error: 1.7685e-08 - 120s/epoch - 2s/step
Epoch 21/50

Epoch 00021: mean_squared_error did not improve from 0.00000
63/63 - 120s - loss: 9.6545e-07 - mean_squared_error: 1.3268e-06 - val_loss: 1.7219e-08 - val_mean_squared_error: 1.7219e-08 - 120s/epoch - 2s/step
Epoch 22/50

Epoch 00022: mean_squared_error did not improve from 0.00000
63/63 - 120s - loss: 9.6498e-07 - mean_squared_error: 1.3265e-06 - val_loss: 1.7053e-08 - val_mean_squared_error: 1.7053e-08 - 120s/epoch - 2s/step
Epoch 23/50

Epoch 00023: mean_squared_error did not improve from 0.00000
63/63 - 121s - loss: 9.6492e-07 - mean_squared_error: 1.3265e-06 - val_loss: 1.7075e-08 - val_mean_squared_error: 1.7075e-08 - 121s/epoch - 2s/step
Epoch 24/50

Epoch 00024: mean_squared_error did not improve from 0.00000
63/63 - 121s - loss: 9.6457e-07 - mean_squared_error: 1.3262e-06 - val_loss: 1.6431e-08 - val_mean_squared_error: 1.6431e-08 - 121s/epoch - 2s/step
Epoch 25/50

Epoch 00025: mean_squared_error did not improve from 0.00000
63/63 - 121s - loss: 9.6463e-07 - mean_squared_error: 1.3261e-06 - val_loss: 1.7170e-08 - val_mean_squared_error: 1.7170e-08 - 121s/epoch - 2s/step
Epoch 26/50

Epoch 00026: mean_squared_error did not improve from 0.00000
63/63 - 121s - loss: 9.6428e-07 - mean_squared_error: 1.3258e-06 - val_loss: 1.7115e-08 - val_mean_squared_error: 1.7115e-08 - 121s/epoch - 2s/step
Epoch 27/50

Epoch 00027: mean_squared_error did not improve from 0.00000
63/63 - 120s - loss: 9.6461e-07 - mean_squared_error: 1.3260e-06 - val_loss: 1.7292e-08 - val_mean_squared_error: 1.7292e-08 - 120s/epoch - 2s/step
Epoch 28/50

Epoch 00028: mean_squared_error did not improve from 0.00000
63/63 - 120s - loss: 9.6468e-07 - mean_squared_error: 1.3262e-06 - val_loss: 1.6971e-08 - val_mean_squared_error: 1.6971e-08 - 120s/epoch - 2s/step
Epoch 29/50

Epoch 00029: mean_squared_error did not improve from 0.00000
63/63 - 119s - loss: 9.6478e-07 - mean_squared_error: 1.3264e-06 - val_loss: 1.7620e-08 - val_mean_squared_error: 1.7620e-08 - 119s/epoch - 2s/step
Epoch 30/50

Epoch 00030: mean_squared_error did not improve from 0.00000
63/63 - 120s - loss: 9.6484e-07 - mean_squared_error: 1.3263e-06 - val_loss: 1.6707e-08 - val_mean_squared_error: 1.6707e-08 - 120s/epoch - 2s/step
Epoch 31/50

Epoch 00031: mean_squared_error did not improve from 0.00000
63/63 - 120s - loss: 9.6492e-07 - mean_squared_error: 1.3263e-06 - val_loss: 1.7443e-08 - val_mean_squared_error: 1.7443e-08 - 120s/epoch - 2s/step
Epoch 32/50

Epoch 00032: mean_squared_error did not improve from 0.00000
63/63 - 119s - loss: 9.6485e-07 - mean_squared_error: 1.3265e-06 - val_loss: 1.7230e-08 - val_mean_squared_error: 1.7230e-08 - 119s/epoch - 2s/step
Epoch 33/50

Epoch 00033: mean_squared_error did not improve from 0.00000
63/63 - 120s - loss: 9.6529e-07 - mean_squared_error: 1.3267e-06 - val_loss: 1.6802e-08 - val_mean_squared_error: 1.6802e-08 - 120s/epoch - 2s/step
Epoch 34/50

Epoch 00034: mean_squared_error did not improve from 0.00000
63/63 - 121s - loss: 9.6466e-07 - mean_squared_error: 1.3262e-06 - val_loss: 1.6906e-08 - val_mean_squared_error: 1.6906e-08 - 121s/epoch - 2s/step
Epoch 35/50

Epoch 00035: mean_squared_error did not improve from 0.00000
63/63 - 122s - loss: 9.6473e-07 - mean_squared_error: 1.3262e-06 - val_loss: 1.6499e-08 - val_mean_squared_error: 1.6499e-08 - 122s/epoch - 2s/step
Epoch 36/50

Epoch 00036: mean_squared_error did not improve from 0.00000
63/63 - 121s - loss: 9.6562e-07 - mean_squared_error: 1.3268e-06 - val_loss: 1.8595e-08 - val_mean_squared_error: 1.8595e-08 - 121s/epoch - 2s/step
Epoch 37/50

Epoch 00037: mean_squared_error did not improve from 0.00000
63/63 - 120s - loss: 9.6596e-07 - mean_squared_error: 1.3273e-06 - val_loss: 1.8058e-08 - val_mean_squared_error: 1.8058e-08 - 120s/epoch - 2s/step
Epoch 38/50

Epoch 00038: mean_squared_error did not improve from 0.00000
63/63 - 120s - loss: 9.6517e-07 - mean_squared_error: 1.3266e-06 - val_loss: 1.7138e-08 - val_mean_squared_error: 1.7138e-08 - 120s/epoch - 2s/step
Epoch 39/50

Epoch 00039: mean_squared_error did not improve from 0.00000
63/63 - 120s - loss: 9.6485e-07 - mean_squared_error: 1.3264e-06 - val_loss: 1.7521e-08 - val_mean_squared_error: 1.7521e-08 - 120s/epoch - 2s/step
Epoch 40/50

Epoch 00040: mean_squared_error did not improve from 0.00000
63/63 - 121s - loss: 9.6596e-07 - mean_squared_error: 1.3270e-06 - val_loss: 1.9782e-08 - val_mean_squared_error: 1.9782e-08 - 121s/epoch - 2s/step
Epoch 41/50

Epoch 00041: mean_squared_error did not improve from 0.00000
63/63 - 121s - loss: 9.6604e-07 - mean_squared_error: 1.3274e-06 - val_loss: 1.7967e-08 - val_mean_squared_error: 1.7967e-08 - 121s/epoch - 2s/step
Epoch 42/50

Epoch 00042: mean_squared_error did not improve from 0.00000
63/63 - 121s - loss: 9.6656e-07 - mean_squared_error: 1.3276e-06 - val_loss: 2.5143e-08 - val_mean_squared_error: 2.5143e-08 - 121s/epoch - 2s/step
Epoch 43/50

Epoch 00043: mean_squared_error did not improve from 0.00000
63/63 - 122s - loss: 9.6692e-07 - mean_squared_error: 1.3282e-06 - val_loss: 1.6707e-08 - val_mean_squared_error: 1.6707e-08 - 122s/epoch - 2s/step
Epoch 44/50

Epoch 00044: mean_squared_error did not improve from 0.00000
63/63 - 122s - loss: 9.6452e-07 - mean_squared_error: 1.3261e-06 - val_loss: 1.6925e-08 - val_mean_squared_error: 1.6925e-08 - 122s/epoch - 2s/step
Epoch 45/50

Epoch 00045: mean_squared_error did not improve from 0.00000
63/63 - 122s - loss: 9.6462e-07 - mean_squared_error: 1.3261e-06 - val_loss: 1.7838e-08 - val_mean_squared_error: 1.7838e-08 - 122s/epoch - 2s/step
Epoch 46/50

Epoch 00046: mean_squared_error did not improve from 0.00000
63/63 - 121s - loss: 9.6492e-07 - mean_squared_error: 1.3261e-06 - val_loss: 1.9987e-08 - val_mean_squared_error: 1.9987e-08 - 121s/epoch - 2s/step
Epoch 47/50

Epoch 00047: mean_squared_error did not improve from 0.00000
63/63 - 121s - loss: 9.6513e-07 - mean_squared_error: 1.3266e-06 - val_loss: 1.7201e-08 - val_mean_squared_error: 1.7201e-08 - 121s/epoch - 2s/step
Epoch 48/50

Epoch 00048: mean_squared_error did not improve from 0.00000
63/63 - 122s - loss: 9.6544e-07 - mean_squared_error: 1.3267e-06 - val_loss: 1.7747e-08 - val_mean_squared_error: 1.7747e-08 - 122s/epoch - 2s/step
Epoch 49/50

Epoch 00049: mean_squared_error did not improve from 0.00000
63/63 - 121s - loss: 9.6491e-07 - mean_squared_error: 1.3262e-06 - val_loss: 1.7650e-08 - val_mean_squared_error: 1.7650e-08 - 121s/epoch - 2s/step
Epoch 50/50

Epoch 00050: mean_squared_error did not improve from 0.00000
63/63 - 121s - loss: 9.6488e-07 - mean_squared_error: 1.3261e-06 - val_loss: 1.8025e-08 - val_mean_squared_error: 1.8025e-08 - 121s/epoch - 2s/step
Cycle2 elapsed time: 7838.685624

Total elapsed time: 22219.759177

 Good bye..
