Starting the log file.
Found GPU at: /device:GPU:0
tf_version: 2.7.0
Dataset parameters:
{'d_max': 2, 'max_order': 45, 'x_lims': [0, 1000.0], 'y_lims': [0, 1000.0], 'grid_points': [4, 4], 'n_bins': 20, 'max_wfe_rms': 0.1, 'oversampling_rate': 3.0, 'output_Q': 3.0, 'output_dim': 32, 'LP_filter_length': 2, 'pupil_diameter': 4096, 'euclid_obsc': True, 'n_stars': 2000}

***
Metric evaluation on the test dataset
***

Absolute RMSE:	 2.5473e-04 	 +/- 4.4203e-05
Relative RMSE:	 3.3548e+00 % 	 +/- 6.1839e-01 %
Absolute RMSE:	 1.5158e-01 	 +/- 3.1636e-02
Relative RMSE:	 2.1000e+02 % 	 +/- 4.0168e+01 %

Pixel star absolute RMSE:	 9.6529e-05 	 +/- 3.0703e-05 
Pixel star relative RMSE:	 6.4853e+00 % 	 +/- 2.8963e+00 %

sigma(e1) RMSE =		 1.8230e-02 	 +/- 1.7923e-02 
sigma(e2) RMSE =		 1.7676e-02 	 +/- 1.7442e-02 
sigma(R2)/<R2> =		 7.3477e-02 	 +/- 4.5822e-02 

Relative sigma(e1) RMSE =	 6.9331e+02 % 	 +/- 6.9162e+02 %
Relative sigma(e2) RMSE =	 1.5306e+03 % 	 +/- 1.5289e+03 %

Total number of stars: 		400
Problematic number of stars: 	0

***
Metric evaluation on the train dataset
***

Absolute RMSE:	 2.5409e-04 	 +/- 4.3989e-05
Relative RMSE:	 3.3655e+00 % 	 +/- 6.3474e-01 %
Absolute RMSE:	 1.5488e-01 	 +/- 3.0959e-02
Relative RMSE:	 2.1483e+02 % 	 +/- 4.0931e+01 %

Pixel star absolute RMSE:	 9.6122e-05 	 +/- 3.1911e-05 
Pixel star relative RMSE:	 6.5461e+00 % 	 +/- 3.2670e+00 %

sigma(e1) RMSE =		 1.9970e-02 	 +/- 1.9606e-02 
sigma(e2) RMSE =		 2.3735e-02 	 +/- 2.3700e-02 
sigma(R2)/<R2> =		 1.3792e-01 	 +/- 5.8517e-02 

Relative sigma(e1) RMSE =	 2.6417e+03 % 	 +/- 2.6406e+03 %
Relative sigma(e2) RMSE =	 2.4874e+03 % 	 +/- 2.4863e+03 %

Total number of stars: 		2000
Problematic number of stars: 	1

Total elapsed time: 1878.845167

 Good bye..
