Starting the log file.
Found GPU at: /device:GPU:0
tf_version: 2.7.0
Zernike cube:
(15, 128, 128)
Dataset parameters:
{'d_max': 2, 'max_order': 45, 'x_lims': [0, 1000.0], 'y_lims': [0, 1000.0], 'grid_points': [4, 4], 'n_bins': 20, 'max_wfe_rms': 0.1, 'oversampling_rate': 3.0, 'output_Q': 3.0, 'output_dim': 32, 'LP_filter_length': 2, 'pupil_diameter': 4096, 'euclid_obsc': True, 'n_stars': 2000}
Starting cycle 1..
Starting parametric update..
Epoch 1/15

Epoch 00001: mean_squared_error improved from inf to 0.00001, saving model to /gpfswork/rech/ynx/ulx23va/repo/wf-SEDs/model_WFE_size/wf-outputs/chkp/wfe_study_resx3_bis/chkp_callback_poly_wfe_study_resx3_128_bis_8_cycle1
63/63 - 255s - loss: 8.0065e-06 - mean_squared_error: 7.1964e-06 - val_loss: 1.5236e-06 - val_mean_squared_error: 1.5236e-06 - 255s/epoch - 4s/step
Epoch 2/15

Epoch 00002: mean_squared_error improved from 0.00001 to 0.00000, saving model to /gpfswork/rech/ynx/ulx23va/repo/wf-SEDs/model_WFE_size/wf-outputs/chkp/wfe_study_resx3_bis/chkp_callback_poly_wfe_study_resx3_128_bis_8_cycle1
63/63 - 250s - loss: 2.3457e-06 - mean_squared_error: 2.5342e-06 - val_loss: 1.0817e-06 - val_mean_squared_error: 1.0817e-06 - 250s/epoch - 4s/step
Epoch 3/15

Epoch 00003: mean_squared_error improved from 0.00000 to 0.00000, saving model to /gpfswork/rech/ynx/ulx23va/repo/wf-SEDs/model_WFE_size/wf-outputs/chkp/wfe_study_resx3_bis/chkp_callback_poly_wfe_study_resx3_128_bis_8_cycle1
63/63 - 250s - loss: 2.0120e-06 - mean_squared_error: 2.2336e-06 - val_loss: 8.5447e-07 - val_mean_squared_error: 8.5447e-07 - 250s/epoch - 4s/step
Epoch 4/15

Epoch 00004: mean_squared_error improved from 0.00000 to 0.00000, saving model to /gpfswork/rech/ynx/ulx23va/repo/wf-SEDs/model_WFE_size/wf-outputs/chkp/wfe_study_resx3_bis/chkp_callback_poly_wfe_study_resx3_128_bis_8_cycle1
63/63 - 249s - loss: 1.8577e-06 - mean_squared_error: 2.0971e-06 - val_loss: 7.7498e-07 - val_mean_squared_error: 7.7498e-07 - 249s/epoch - 4s/step
Epoch 5/15

Epoch 00005: mean_squared_error improved from 0.00000 to 0.00000, saving model to /gpfswork/rech/ynx/ulx23va/repo/wf-SEDs/model_WFE_size/wf-outputs/chkp/wfe_study_resx3_bis/chkp_callback_poly_wfe_study_resx3_128_bis_8_cycle1
63/63 - 250s - loss: 1.8007e-06 - mean_squared_error: 2.0473e-06 - val_loss: 7.2205e-07 - val_mean_squared_error: 7.2205e-07 - 250s/epoch - 4s/step
Epoch 6/15

Epoch 00006: mean_squared_error improved from 0.00000 to 0.00000, saving model to /gpfswork/rech/ynx/ulx23va/repo/wf-SEDs/model_WFE_size/wf-outputs/chkp/wfe_study_resx3_bis/chkp_callback_poly_wfe_study_resx3_128_bis_8_cycle1
63/63 - 250s - loss: 1.7707e-06 - mean_squared_error: 2.0290e-06 - val_loss: 7.5502e-07 - val_mean_squared_error: 7.5502e-07 - 250s/epoch - 4s/step
Epoch 7/15

Epoch 00007: mean_squared_error did not improve from 0.00000
63/63 - 250s - loss: 1.8016e-06 - mean_squared_error: 2.0581e-06 - val_loss: 7.0487e-07 - val_mean_squared_error: 7.0487e-07 - 250s/epoch - 4s/step
Epoch 8/15

Epoch 00008: mean_squared_error improved from 0.00000 to 0.00000, saving model to /gpfswork/rech/ynx/ulx23va/repo/wf-SEDs/model_WFE_size/wf-outputs/chkp/wfe_study_resx3_bis/chkp_callback_poly_wfe_study_resx3_128_bis_8_cycle1
63/63 - 249s - loss: 1.7344e-06 - mean_squared_error: 1.9970e-06 - val_loss: 7.2473e-07 - val_mean_squared_error: 7.2473e-07 - 249s/epoch - 4s/step
Epoch 9/15

Epoch 00009: mean_squared_error improved from 0.00000 to 0.00000, saving model to /gpfswork/rech/ynx/ulx23va/repo/wf-SEDs/model_WFE_size/wf-outputs/chkp/wfe_study_resx3_bis/chkp_callback_poly_wfe_study_resx3_128_bis_8_cycle1
63/63 - 250s - loss: 1.7320e-06 - mean_squared_error: 1.9941e-06 - val_loss: 8.5400e-07 - val_mean_squared_error: 8.5400e-07 - 250s/epoch - 4s/step
Epoch 10/15

Epoch 00010: mean_squared_error did not improve from 0.00000
63/63 - 250s - loss: 1.7801e-06 - mean_squared_error: 2.0451e-06 - val_loss: 6.9876e-07 - val_mean_squared_error: 6.9876e-07 - 250s/epoch - 4s/step
Epoch 11/15

Epoch 00011: mean_squared_error did not improve from 0.00000
63/63 - 250s - loss: 1.7593e-06 - mean_squared_error: 2.0217e-06 - val_loss: 7.5377e-07 - val_mean_squared_error: 7.5377e-07 - 250s/epoch - 4s/step
Epoch 12/15

Epoch 00012: mean_squared_error did not improve from 0.00000
63/63 - 250s - loss: 1.8349e-06 - mean_squared_error: 2.0909e-06 - val_loss: 8.6785e-07 - val_mean_squared_error: 8.6785e-07 - 250s/epoch - 4s/step
Epoch 13/15

Epoch 00013: mean_squared_error did not improve from 0.00000
63/63 - 250s - loss: 1.8388e-06 - mean_squared_error: 2.0954e-06 - val_loss: 8.1650e-07 - val_mean_squared_error: 8.1650e-07 - 250s/epoch - 4s/step
Epoch 14/15

Epoch 00014: mean_squared_error did not improve from 0.00000
63/63 - 249s - loss: 1.8727e-06 - mean_squared_error: 2.1140e-06 - val_loss: 9.1617e-07 - val_mean_squared_error: 9.1617e-07 - 249s/epoch - 4s/step
Epoch 15/15

Epoch 00015: mean_squared_error did not improve from 0.00000
63/63 - 249s - loss: 1.9564e-06 - mean_squared_error: 2.1891e-06 - val_loss: 9.1968e-07 - val_mean_squared_error: 9.1968e-07 - 249s/epoch - 4s/step
Starting non-parametric update..
Epoch 1/100

Epoch 00001: mean_squared_error improved from 0.00000 to 0.00000, saving model to /gpfswork/rech/ynx/ulx23va/repo/wf-SEDs/model_WFE_size/wf-outputs/chkp/wfe_study_resx3_bis/chkp_callback_poly_wfe_study_resx3_128_bis_8_cycle1
63/63 - 245s - loss: 1.7230e-06 - mean_squared_error: 1.9813e-06 - val_loss: 5.3909e-07 - val_mean_squared_error: 5.3909e-07 - 245s/epoch - 4s/step
Epoch 2/100

Epoch 00002: mean_squared_error improved from 0.00000 to 0.00000, saving model to /gpfswork/rech/ynx/ulx23va/repo/wf-SEDs/model_WFE_size/wf-outputs/chkp/wfe_study_resx3_bis/chkp_callback_poly_wfe_study_resx3_128_bis_8_cycle1
63/63 - 244s - loss: 1.4452e-06 - mean_squared_error: 1.7517e-06 - val_loss: 3.5906e-07 - val_mean_squared_error: 3.5906e-07 - 244s/epoch - 4s/step
Epoch 3/100

Epoch 00003: mean_squared_error improved from 0.00000 to 0.00000, saving model to /gpfswork/rech/ynx/ulx23va/repo/wf-SEDs/model_WFE_size/wf-outputs/chkp/wfe_study_resx3_bis/chkp_callback_poly_wfe_study_resx3_128_bis_8_cycle1
63/63 - 244s - loss: 1.2826e-06 - mean_squared_error: 1.6112e-06 - val_loss: 2.5439e-07 - val_mean_squared_error: 2.5439e-07 - 244s/epoch - 4s/step
Epoch 4/100

Epoch 00004: mean_squared_error improved from 0.00000 to 0.00000, saving model to /gpfswork/rech/ynx/ulx23va/repo/wf-SEDs/model_WFE_size/wf-outputs/chkp/wfe_study_resx3_bis/chkp_callback_poly_wfe_study_resx3_128_bis_8_cycle1
63/63 - 245s - loss: 1.1860e-06 - mean_squared_error: 1.5259e-06 - val_loss: 1.8178e-07 - val_mean_squared_error: 1.8178e-07 - 245s/epoch - 4s/step
Epoch 5/100

Epoch 00005: mean_squared_error improved from 0.00000 to 0.00000, saving model to /gpfswork/rech/ynx/ulx23va/repo/wf-SEDs/model_WFE_size/wf-outputs/chkp/wfe_study_resx3_bis/chkp_callback_poly_wfe_study_resx3_128_bis_8_cycle1
63/63 - 246s - loss: 1.1246e-06 - mean_squared_error: 1.4707e-06 - val_loss: 1.4128e-07 - val_mean_squared_error: 1.4128e-07 - 246s/epoch - 4s/step
Epoch 6/100

Epoch 00006: mean_squared_error improved from 0.00000 to 0.00000, saving model to /gpfswork/rech/ynx/ulx23va/repo/wf-SEDs/model_WFE_size/wf-outputs/chkp/wfe_study_resx3_bis/chkp_callback_poly_wfe_study_resx3_128_bis_8_cycle1
63/63 - 246s - loss: 1.0882e-06 - mean_squared_error: 1.4376e-06 - val_loss: 1.1383e-07 - val_mean_squared_error: 1.1383e-07 - 246s/epoch - 4s/step
Epoch 7/100

Epoch 00007: mean_squared_error improved from 0.00000 to 0.00000, saving model to /gpfswork/rech/ynx/ulx23va/repo/wf-SEDs/model_WFE_size/wf-outputs/chkp/wfe_study_resx3_bis/chkp_callback_poly_wfe_study_resx3_128_bis_8_cycle1
63/63 - 245s - loss: 1.0632e-06 - mean_squared_error: 1.4154e-06 - val_loss: 9.6652e-08 - val_mean_squared_error: 9.6652e-08 - 245s/epoch - 4s/step
Epoch 8/100

Epoch 00008: mean_squared_error improved from 0.00000 to 0.00000, saving model to /gpfswork/rech/ynx/ulx23va/repo/wf-SEDs/model_WFE_size/wf-outputs/chkp/wfe_study_resx3_bis/chkp_callback_poly_wfe_study_resx3_128_bis_8_cycle1
63/63 - 247s - loss: 1.0468e-06 - mean_squared_error: 1.4009e-06 - val_loss: 8.3306e-08 - val_mean_squared_error: 8.3306e-08 - 247s/epoch - 4s/step
Epoch 9/100

Epoch 00009: mean_squared_error improved from 0.00000 to 0.00000, saving model to /gpfswork/rech/ynx/ulx23va/repo/wf-SEDs/model_WFE_size/wf-outputs/chkp/wfe_study_resx3_bis/chkp_callback_poly_wfe_study_resx3_128_bis_8_cycle1
63/63 - 246s - loss: 1.0346e-06 - mean_squared_error: 1.3901e-06 - val_loss: 7.4132e-08 - val_mean_squared_error: 7.4132e-08 - 246s/epoch - 4s/step
Epoch 10/100

Epoch 00010: mean_squared_error improved from 0.00000 to 0.00000, saving model to /gpfswork/rech/ynx/ulx23va/repo/wf-SEDs/model_WFE_size/wf-outputs/chkp/wfe_study_resx3_bis/chkp_callback_poly_wfe_study_resx3_128_bis_8_cycle1
63/63 - 245s - loss: 1.0241e-06 - mean_squared_error: 1.3807e-06 - val_loss: 6.5278e-08 - val_mean_squared_error: 6.5278e-08 - 245s/epoch - 4s/step
Epoch 11/100

Epoch 00011: mean_squared_error improved from 0.00000 to 0.00000, saving model to /gpfswork/rech/ynx/ulx23va/repo/wf-SEDs/model_WFE_size/wf-outputs/chkp/wfe_study_resx3_bis/chkp_callback_poly_wfe_study_resx3_128_bis_8_cycle1
63/63 - 246s - loss: 1.0149e-06 - mean_squared_error: 1.3724e-06 - val_loss: 5.8378e-08 - val_mean_squared_error: 5.8378e-08 - 246s/epoch - 4s/step
Epoch 12/100

Epoch 00012: mean_squared_error improved from 0.00000 to 0.00000, saving model to /gpfswork/rech/ynx/ulx23va/repo/wf-SEDs/model_WFE_size/wf-outputs/chkp/wfe_study_resx3_bis/chkp_callback_poly_wfe_study_resx3_128_bis_8_cycle1
63/63 - 246s - loss: 1.0078e-06 - mean_squared_error: 1.3662e-06 - val_loss: 5.2145e-08 - val_mean_squared_error: 5.2145e-08 - 246s/epoch - 4s/step
Epoch 13/100

Epoch 00013: mean_squared_error improved from 0.00000 to 0.00000, saving model to /gpfswork/rech/ynx/ulx23va/repo/wf-SEDs/model_WFE_size/wf-outputs/chkp/wfe_study_resx3_bis/chkp_callback_poly_wfe_study_resx3_128_bis_8_cycle1
63/63 - 245s - loss: 1.0031e-06 - mean_squared_error: 1.3617e-06 - val_loss: 4.7834e-08 - val_mean_squared_error: 4.7834e-08 - 245s/epoch - 4s/step
Epoch 14/100

Epoch 00014: mean_squared_error improved from 0.00000 to 0.00000, saving model to /gpfswork/rech/ynx/ulx23va/repo/wf-SEDs/model_WFE_size/wf-outputs/chkp/wfe_study_resx3_bis/chkp_callback_poly_wfe_study_resx3_128_bis_8_cycle1
63/63 - 246s - loss: 1.0035e-06 - mean_squared_error: 1.3614e-06 - val_loss: 4.8589e-08 - val_mean_squared_error: 4.8589e-08 - 246s/epoch - 4s/step
Epoch 15/100

Epoch 00015: mean_squared_error improved from 0.00000 to 0.00000, saving model to /gpfswork/rech/ynx/ulx23va/repo/wf-SEDs/model_WFE_size/wf-outputs/chkp/wfe_study_resx3_bis/chkp_callback_poly_wfe_study_resx3_128_bis_8_cycle1
63/63 - 246s - loss: 1.0038e-06 - mean_squared_error: 1.3611e-06 - val_loss: 4.6826e-08 - val_mean_squared_error: 4.6826e-08 - 246s/epoch - 4s/step
Epoch 16/100

Epoch 00016: mean_squared_error improved from 0.00000 to 0.00000, saving model to /gpfswork/rech/ynx/ulx23va/repo/wf-SEDs/model_WFE_size/wf-outputs/chkp/wfe_study_resx3_bis/chkp_callback_poly_wfe_study_resx3_128_bis_8_cycle1
63/63 - 247s - loss: 9.9502e-07 - mean_squared_error: 1.3540e-06 - val_loss: 3.6561e-08 - val_mean_squared_error: 3.6561e-08 - 247s/epoch - 4s/step
Epoch 17/100

Epoch 00017: mean_squared_error improved from 0.00000 to 0.00000, saving model to /gpfswork/rech/ynx/ulx23va/repo/wf-SEDs/model_WFE_size/wf-outputs/chkp/wfe_study_resx3_bis/chkp_callback_poly_wfe_study_resx3_128_bis_8_cycle1
63/63 - 246s - loss: 9.8733e-07 - mean_squared_error: 1.3471e-06 - val_loss: 3.3969e-08 - val_mean_squared_error: 3.3969e-08 - 246s/epoch - 4s/step
Epoch 18/100

Epoch 00018: mean_squared_error improved from 0.00000 to 0.00000, saving model to /gpfswork/rech/ynx/ulx23va/repo/wf-SEDs/model_WFE_size/wf-outputs/chkp/wfe_study_resx3_bis/chkp_callback_poly_wfe_study_resx3_128_bis_8_cycle1
63/63 - 247s - loss: 9.8650e-07 - mean_squared_error: 1.3466e-06 - val_loss: 3.1559e-08 - val_mean_squared_error: 3.1559e-08 - 247s/epoch - 4s/step
Epoch 19/100

Epoch 00019: mean_squared_error improved from 0.00000 to 0.00000, saving model to /gpfswork/rech/ynx/ulx23va/repo/wf-SEDs/model_WFE_size/wf-outputs/chkp/wfe_study_resx3_bis/chkp_callback_poly_wfe_study_resx3_128_bis_8_cycle1
63/63 - 249s - loss: 9.8380e-07 - mean_squared_error: 1.3438e-06 - val_loss: 3.2945e-08 - val_mean_squared_error: 3.2945e-08 - 249s/epoch - 4s/step
Epoch 20/100

Epoch 00020: mean_squared_error improved from 0.00000 to 0.00000, saving model to /gpfswork/rech/ynx/ulx23va/repo/wf-SEDs/model_WFE_size/wf-outputs/chkp/wfe_study_resx3_bis/chkp_callback_poly_wfe_study_resx3_128_bis_8_cycle1
63/63 - 247s - loss: 9.8125e-07 - mean_squared_error: 1.3415e-06 - val_loss: 2.8164e-08 - val_mean_squared_error: 2.8164e-08 - 247s/epoch - 4s/step
Epoch 21/100

Epoch 00021: mean_squared_error did not improve from 0.00000
63/63 - 246s - loss: 9.8711e-07 - mean_squared_error: 1.3458e-06 - val_loss: 3.3169e-08 - val_mean_squared_error: 3.3169e-08 - 246s/epoch - 4s/step
Epoch 22/100

Epoch 00022: mean_squared_error improved from 0.00000 to 0.00000, saving model to /gpfswork/rech/ynx/ulx23va/repo/wf-SEDs/model_WFE_size/wf-outputs/chkp/wfe_study_resx3_bis/chkp_callback_poly_wfe_study_resx3_128_bis_8_cycle1
63/63 - 246s - loss: 9.8106e-07 - mean_squared_error: 1.3410e-06 - val_loss: 2.4224e-08 - val_mean_squared_error: 2.4224e-08 - 246s/epoch - 4s/step
Epoch 23/100

Epoch 00023: mean_squared_error improved from 0.00000 to 0.00000, saving model to /gpfswork/rech/ynx/ulx23va/repo/wf-SEDs/model_WFE_size/wf-outputs/chkp/wfe_study_resx3_bis/chkp_callback_poly_wfe_study_resx3_128_bis_8_cycle1
63/63 - 246s - loss: 9.7659e-07 - mean_squared_error: 1.3370e-06 - val_loss: 2.3401e-08 - val_mean_squared_error: 2.3401e-08 - 246s/epoch - 4s/step
Epoch 24/100

Epoch 00024: mean_squared_error improved from 0.00000 to 0.00000, saving model to /gpfswork/rech/ynx/ulx23va/repo/wf-SEDs/model_WFE_size/wf-outputs/chkp/wfe_study_resx3_bis/chkp_callback_poly_wfe_study_resx3_128_bis_8_cycle1
63/63 - 246s - loss: 9.7498e-07 - mean_squared_error: 1.3355e-06 - val_loss: 2.4253e-08 - val_mean_squared_error: 2.4253e-08 - 246s/epoch - 4s/step
Epoch 25/100

Epoch 00025: mean_squared_error did not improve from 0.00000
63/63 - 246s - loss: 9.7528e-07 - mean_squared_error: 1.3358e-06 - val_loss: 2.3453e-08 - val_mean_squared_error: 2.3453e-08 - 246s/epoch - 4s/step
Epoch 26/100

Epoch 00026: mean_squared_error did not improve from 0.00000
63/63 - 246s - loss: 9.8534e-07 - mean_squared_error: 1.3435e-06 - val_loss: 3.6841e-08 - val_mean_squared_error: 3.6841e-08 - 246s/epoch - 4s/step
Epoch 27/100

Epoch 00027: mean_squared_error did not improve from 0.00000
63/63 - 245s - loss: 9.9038e-07 - mean_squared_error: 1.3488e-06 - val_loss: 3.4860e-08 - val_mean_squared_error: 3.4860e-08 - 245s/epoch - 4s/step
Epoch 28/100

Epoch 00028: mean_squared_error did not improve from 0.00000
63/63 - 247s - loss: 9.9232e-07 - mean_squared_error: 1.3491e-06 - val_loss: 2.5933e-08 - val_mean_squared_error: 2.5933e-08 - 247s/epoch - 4s/step
Epoch 29/100

Epoch 00029: mean_squared_error did not improve from 0.00000
63/63 - 249s - loss: 9.7822e-07 - mean_squared_error: 1.3383e-06 - val_loss: 2.6886e-08 - val_mean_squared_error: 2.6886e-08 - 249s/epoch - 4s/step
Epoch 30/100

Epoch 00030: mean_squared_error improved from 0.00000 to 0.00000, saving model to /gpfswork/rech/ynx/ulx23va/repo/wf-SEDs/model_WFE_size/wf-outputs/chkp/wfe_study_resx3_bis/chkp_callback_poly_wfe_study_resx3_128_bis_8_cycle1
63/63 - 248s - loss: 9.7310e-07 - mean_squared_error: 1.3336e-06 - val_loss: 1.9779e-08 - val_mean_squared_error: 1.9779e-08 - 248s/epoch - 4s/step
Epoch 31/100

Epoch 00031: mean_squared_error improved from 0.00000 to 0.00000, saving model to /gpfswork/rech/ynx/ulx23va/repo/wf-SEDs/model_WFE_size/wf-outputs/chkp/wfe_study_resx3_bis/chkp_callback_poly_wfe_study_resx3_128_bis_8_cycle1
63/63 - 246s - loss: 9.6881e-07 - mean_squared_error: 1.3298e-06 - val_loss: 1.8393e-08 - val_mean_squared_error: 1.8393e-08 - 246s/epoch - 4s/step
Epoch 32/100

Epoch 00032: mean_squared_error did not improve from 0.00000
63/63 - 246s - loss: 9.6924e-07 - mean_squared_error: 1.3301e-06 - val_loss: 2.0498e-08 - val_mean_squared_error: 2.0498e-08 - 246s/epoch - 4s/step
Epoch 33/100

Epoch 00033: mean_squared_error did not improve from 0.00000
63/63 - 246s - loss: 9.7538e-07 - mean_squared_error: 1.3357e-06 - val_loss: 1.7405e-08 - val_mean_squared_error: 1.7405e-08 - 246s/epoch - 4s/step
Epoch 34/100

Epoch 00034: mean_squared_error improved from 0.00000 to 0.00000, saving model to /gpfswork/rech/ynx/ulx23va/repo/wf-SEDs/model_WFE_size/wf-outputs/chkp/wfe_study_resx3_bis/chkp_callback_poly_wfe_study_resx3_128_bis_8_cycle1
63/63 - 246s - loss: 9.6879e-07 - mean_squared_error: 1.3295e-06 - val_loss: 1.5717e-08 - val_mean_squared_error: 1.5717e-08 - 246s/epoch - 4s/step
Epoch 35/100

Epoch 00035: mean_squared_error improved from 0.00000 to 0.00000, saving model to /gpfswork/rech/ynx/ulx23va/repo/wf-SEDs/model_WFE_size/wf-outputs/chkp/wfe_study_resx3_bis/chkp_callback_poly_wfe_study_resx3_128_bis_8_cycle1
63/63 - 245s - loss: 9.6749e-07 - mean_squared_error: 1.3286e-06 - val_loss: 1.5715e-08 - val_mean_squared_error: 1.5715e-08 - 245s/epoch - 4s/step
Epoch 36/100

Epoch 00036: mean_squared_error did not improve from 0.00000
63/63 - 244s - loss: 9.7193e-07 - mean_squared_error: 1.3323e-06 - val_loss: 1.8164e-08 - val_mean_squared_error: 1.8164e-08 - 244s/epoch - 4s/step
Epoch 37/100

Epoch 00037: mean_squared_error did not improve from 0.00000
63/63 - 245s - loss: 9.6770e-07 - mean_squared_error: 1.3290e-06 - val_loss: 2.0056e-08 - val_mean_squared_error: 2.0056e-08 - 245s/epoch - 4s/step
Epoch 38/100

Epoch 00038: mean_squared_error did not improve from 0.00000
63/63 - 245s - loss: 9.6856e-07 - mean_squared_error: 1.3292e-06 - val_loss: 2.6611e-08 - val_mean_squared_error: 2.6611e-08 - 245s/epoch - 4s/step
Epoch 39/100

Epoch 00039: mean_squared_error did not improve from 0.00000
63/63 - 245s - loss: 9.6842e-07 - mean_squared_error: 1.3294e-06 - val_loss: 2.1131e-08 - val_mean_squared_error: 2.1131e-08 - 245s/epoch - 4s/step
Epoch 40/100

Epoch 00040: mean_squared_error did not improve from 0.00000
63/63 - 245s - loss: 9.7069e-07 - mean_squared_error: 1.3311e-06 - val_loss: 2.0143e-08 - val_mean_squared_error: 2.0143e-08 - 245s/epoch - 4s/step
Epoch 41/100

Epoch 00041: mean_squared_error did not improve from 0.00000
63/63 - 246s - loss: 9.7028e-07 - mean_squared_error: 1.3310e-06 - val_loss: 1.8314e-08 - val_mean_squared_error: 1.8314e-08 - 246s/epoch - 4s/step
Epoch 42/100

Epoch 00042: mean_squared_error improved from 0.00000 to 0.00000, saving model to /gpfswork/rech/ynx/ulx23va/repo/wf-SEDs/model_WFE_size/wf-outputs/chkp/wfe_study_resx3_bis/chkp_callback_poly_wfe_study_resx3_128_bis_8_cycle1
63/63 - 246s - loss: 9.6628e-07 - mean_squared_error: 1.3274e-06 - val_loss: 1.9179e-08 - val_mean_squared_error: 1.9179e-08 - 246s/epoch - 4s/step
Epoch 43/100

Epoch 00043: mean_squared_error did not improve from 0.00000
63/63 - 245s - loss: 9.7201e-07 - mean_squared_error: 1.3322e-06 - val_loss: 1.8095e-08 - val_mean_squared_error: 1.8095e-08 - 245s/epoch - 4s/step
Epoch 44/100

Epoch 00044: mean_squared_error did not improve from 0.00000
63/63 - 246s - loss: 9.6657e-07 - mean_squared_error: 1.3275e-06 - val_loss: 1.5051e-08 - val_mean_squared_error: 1.5051e-08 - 246s/epoch - 4s/step
Epoch 45/100

Epoch 00045: mean_squared_error improved from 0.00000 to 0.00000, saving model to /gpfswork/rech/ynx/ulx23va/repo/wf-SEDs/model_WFE_size/wf-outputs/chkp/wfe_study_resx3_bis/chkp_callback_poly_wfe_study_resx3_128_bis_8_cycle1
63/63 - 245s - loss: 9.6455e-07 - mean_squared_error: 1.3258e-06 - val_loss: 1.5822e-08 - val_mean_squared_error: 1.5822e-08 - 245s/epoch - 4s/step
Epoch 46/100

Epoch 00046: mean_squared_error did not improve from 0.00000
63/63 - 244s - loss: 9.6566e-07 - mean_squared_error: 1.3266e-06 - val_loss: 1.5306e-08 - val_mean_squared_error: 1.5306e-08 - 244s/epoch - 4s/step
Epoch 47/100

Epoch 00047: mean_squared_error improved from 0.00000 to 0.00000, saving model to /gpfswork/rech/ynx/ulx23va/repo/wf-SEDs/model_WFE_size/wf-outputs/chkp/wfe_study_resx3_bis/chkp_callback_poly_wfe_study_resx3_128_bis_8_cycle1
63/63 - 245s - loss: 9.6439e-07 - mean_squared_error: 1.3255e-06 - val_loss: 1.4438e-08 - val_mean_squared_error: 1.4438e-08 - 245s/epoch - 4s/step
Epoch 48/100

Epoch 00048: mean_squared_error improved from 0.00000 to 0.00000, saving model to /gpfswork/rech/ynx/ulx23va/repo/wf-SEDs/model_WFE_size/wf-outputs/chkp/wfe_study_resx3_bis/chkp_callback_poly_wfe_study_resx3_128_bis_8_cycle1
63/63 - 245s - loss: 9.6410e-07 - mean_squared_error: 1.3254e-06 - val_loss: 1.3450e-08 - val_mean_squared_error: 1.3450e-08 - 245s/epoch - 4s/step
Epoch 49/100

Epoch 00049: mean_squared_error improved from 0.00000 to 0.00000, saving model to /gpfswork/rech/ynx/ulx23va/repo/wf-SEDs/model_WFE_size/wf-outputs/chkp/wfe_study_resx3_bis/chkp_callback_poly_wfe_study_resx3_128_bis_8_cycle1
63/63 - 246s - loss: 9.6246e-07 - mean_squared_error: 1.3239e-06 - val_loss: 1.4040e-08 - val_mean_squared_error: 1.4040e-08 - 246s/epoch - 4s/step
Epoch 50/100

Epoch 00050: mean_squared_error did not improve from 0.00000
63/63 - 246s - loss: 9.6280e-07 - mean_squared_error: 1.3242e-06 - val_loss: 1.3060e-08 - val_mean_squared_error: 1.3060e-08 - 246s/epoch - 4s/step
Epoch 51/100

Epoch 00051: mean_squared_error did not improve from 0.00000
63/63 - 245s - loss: 9.6330e-07 - mean_squared_error: 1.3246e-06 - val_loss: 1.5463e-08 - val_mean_squared_error: 1.5463e-08 - 245s/epoch - 4s/step
Epoch 52/100

Epoch 00052: mean_squared_error did not improve from 0.00000
63/63 - 245s - loss: 9.7185e-07 - mean_squared_error: 1.3315e-06 - val_loss: 1.7629e-08 - val_mean_squared_error: 1.7629e-08 - 245s/epoch - 4s/step
Epoch 53/100

Epoch 00053: mean_squared_error did not improve from 0.00000
63/63 - 246s - loss: 9.6797e-07 - mean_squared_error: 1.3289e-06 - val_loss: 1.7454e-08 - val_mean_squared_error: 1.7454e-08 - 246s/epoch - 4s/step
Epoch 54/100

Epoch 00054: mean_squared_error did not improve from 0.00000
63/63 - 246s - loss: 9.6388e-07 - mean_squared_error: 1.3252e-06 - val_loss: 1.2080e-08 - val_mean_squared_error: 1.2080e-08 - 246s/epoch - 4s/step
Epoch 55/100

Epoch 00055: mean_squared_error improved from 0.00000 to 0.00000, saving model to /gpfswork/rech/ynx/ulx23va/repo/wf-SEDs/model_WFE_size/wf-outputs/chkp/wfe_study_resx3_bis/chkp_callback_poly_wfe_study_resx3_128_bis_8_cycle1
63/63 - 246s - loss: 9.6226e-07 - mean_squared_error: 1.3239e-06 - val_loss: 1.2777e-08 - val_mean_squared_error: 1.2777e-08 - 246s/epoch - 4s/step
Epoch 56/100

Epoch 00056: mean_squared_error did not improve from 0.00000
63/63 - 245s - loss: 9.8318e-07 - mean_squared_error: 1.3420e-06 - val_loss: 5.3913e-08 - val_mean_squared_error: 5.3913e-08 - 245s/epoch - 4s/step
Epoch 57/100

Epoch 00057: mean_squared_error did not improve from 0.00000
63/63 - 245s - loss: 9.8187e-07 - mean_squared_error: 1.3420e-06 - val_loss: 2.1770e-08 - val_mean_squared_error: 2.1770e-08 - 245s/epoch - 4s/step
Epoch 58/100

Epoch 00058: mean_squared_error did not improve from 0.00000
63/63 - 246s - loss: 9.7627e-07 - mean_squared_error: 1.3358e-06 - val_loss: 2.5606e-08 - val_mean_squared_error: 2.5606e-08 - 246s/epoch - 4s/step
Epoch 59/100

Epoch 00059: mean_squared_error did not improve from 0.00000
63/63 - 246s - loss: 9.6632e-07 - mean_squared_error: 1.3274e-06 - val_loss: 1.4509e-08 - val_mean_squared_error: 1.4509e-08 - 246s/epoch - 4s/step
Epoch 60/100

Epoch 00060: mean_squared_error did not improve from 0.00000
63/63 - 247s - loss: 9.6559e-07 - mean_squared_error: 1.3264e-06 - val_loss: 1.1605e-08 - val_mean_squared_error: 1.1605e-08 - 247s/epoch - 4s/step
Epoch 61/100

Epoch 00061: mean_squared_error improved from 0.00000 to 0.00000, saving model to /gpfswork/rech/ynx/ulx23va/repo/wf-SEDs/model_WFE_size/wf-outputs/chkp/wfe_study_resx3_bis/chkp_callback_poly_wfe_study_resx3_128_bis_8_cycle1
63/63 - 247s - loss: 9.6053e-07 - mean_squared_error: 1.3221e-06 - val_loss: 1.3963e-08 - val_mean_squared_error: 1.3963e-08 - 247s/epoch - 4s/step
Epoch 62/100

Epoch 00062: mean_squared_error did not improve from 0.00000
63/63 - 247s - loss: 9.6763e-07 - mean_squared_error: 1.3281e-06 - val_loss: 1.3841e-08 - val_mean_squared_error: 1.3841e-08 - 247s/epoch - 4s/step
Epoch 63/100

Epoch 00063: mean_squared_error did not improve from 0.00000
63/63 - 246s - loss: 9.6894e-07 - mean_squared_error: 1.3292e-06 - val_loss: 1.4485e-08 - val_mean_squared_error: 1.4485e-08 - 246s/epoch - 4s/step
Epoch 64/100

Epoch 00064: mean_squared_error did not improve from 0.00000
63/63 - 246s - loss: 9.6135e-07 - mean_squared_error: 1.3228e-06 - val_loss: 1.2507e-08 - val_mean_squared_error: 1.2507e-08 - 246s/epoch - 4s/step
Epoch 65/100

Epoch 00065: mean_squared_error did not improve from 0.00000
63/63 - 246s - loss: 9.6153e-07 - mean_squared_error: 1.3230e-06 - val_loss: 1.2299e-08 - val_mean_squared_error: 1.2299e-08 - 246s/epoch - 4s/step
Epoch 66/100

Epoch 00066: mean_squared_error did not improve from 0.00000
63/63 - 247s - loss: 9.6313e-07 - mean_squared_error: 1.3241e-06 - val_loss: 2.0416e-08 - val_mean_squared_error: 2.0416e-08 - 247s/epoch - 4s/step
Epoch 67/100

Epoch 00067: mean_squared_error did not improve from 0.00000
63/63 - 246s - loss: 9.6328e-07 - mean_squared_error: 1.3249e-06 - val_loss: 1.1713e-08 - val_mean_squared_error: 1.1713e-08 - 246s/epoch - 4s/step
Epoch 68/100

Epoch 00068: mean_squared_error did not improve from 0.00000
63/63 - 246s - loss: 9.6081e-07 - mean_squared_error: 1.3223e-06 - val_loss: 1.1840e-08 - val_mean_squared_error: 1.1840e-08 - 246s/epoch - 4s/step
Epoch 69/100

Epoch 00069: mean_squared_error improved from 0.00000 to 0.00000, saving model to /gpfswork/rech/ynx/ulx23va/repo/wf-SEDs/model_WFE_size/wf-outputs/chkp/wfe_study_resx3_bis/chkp_callback_poly_wfe_study_resx3_128_bis_8_cycle1
63/63 - 244s - loss: 9.5929e-07 - mean_squared_error: 1.3211e-06 - val_loss: 1.0326e-08 - val_mean_squared_error: 1.0326e-08 - 244s/epoch - 4s/step
Epoch 70/100

Epoch 00070: mean_squared_error did not improve from 0.00000
63/63 - 244s - loss: 9.5963e-07 - mean_squared_error: 1.3214e-06 - val_loss: 1.1109e-08 - val_mean_squared_error: 1.1109e-08 - 244s/epoch - 4s/step
Epoch 71/100

Epoch 00071: mean_squared_error improved from 0.00000 to 0.00000, saving model to /gpfswork/rech/ynx/ulx23va/repo/wf-SEDs/model_WFE_size/wf-outputs/chkp/wfe_study_resx3_bis/chkp_callback_poly_wfe_study_resx3_128_bis_8_cycle1
63/63 - 245s - loss: 9.5898e-07 - mean_squared_error: 1.3208e-06 - val_loss: 9.8612e-09 - val_mean_squared_error: 9.8612e-09 - 245s/epoch - 4s/step
Epoch 72/100

Epoch 00072: mean_squared_error did not improve from 0.00000
63/63 - 244s - loss: 9.5955e-07 - mean_squared_error: 1.3214e-06 - val_loss: 1.0046e-08 - val_mean_squared_error: 1.0046e-08 - 244s/epoch - 4s/step
Epoch 73/100

Epoch 00073: mean_squared_error improved from 0.00000 to 0.00000, saving model to /gpfswork/rech/ynx/ulx23va/repo/wf-SEDs/model_WFE_size/wf-outputs/chkp/wfe_study_resx3_bis/chkp_callback_poly_wfe_study_resx3_128_bis_8_cycle1
63/63 - 245s - loss: 9.5874e-07 - mean_squared_error: 1.3206e-06 - val_loss: 1.0493e-08 - val_mean_squared_error: 1.0493e-08 - 245s/epoch - 4s/step
Epoch 74/100

Epoch 00074: mean_squared_error improved from 0.00000 to 0.00000, saving model to /gpfswork/rech/ynx/ulx23va/repo/wf-SEDs/model_WFE_size/wf-outputs/chkp/wfe_study_resx3_bis/chkp_callback_poly_wfe_study_resx3_128_bis_8_cycle1
63/63 - 245s - loss: 9.5860e-07 - mean_squared_error: 1.3204e-06 - val_loss: 9.6089e-09 - val_mean_squared_error: 9.6089e-09 - 245s/epoch - 4s/step
Epoch 75/100

Epoch 00075: mean_squared_error did not improve from 0.00000
63/63 - 246s - loss: 9.5964e-07 - mean_squared_error: 1.3210e-06 - val_loss: 9.8837e-09 - val_mean_squared_error: 9.8837e-09 - 246s/epoch - 4s/step
Epoch 76/100

Epoch 00076: mean_squared_error did not improve from 0.00000
63/63 - 246s - loss: 9.6025e-07 - mean_squared_error: 1.3218e-06 - val_loss: 1.1089e-08 - val_mean_squared_error: 1.1089e-08 - 246s/epoch - 4s/step
Epoch 77/100

Epoch 00077: mean_squared_error did not improve from 0.00000
63/63 - 245s - loss: 9.6173e-07 - mean_squared_error: 1.3230e-06 - val_loss: 1.1862e-08 - val_mean_squared_error: 1.1862e-08 - 245s/epoch - 4s/step
Epoch 78/100

Epoch 00078: mean_squared_error did not improve from 0.00000
63/63 - 245s - loss: 9.6017e-07 - mean_squared_error: 1.3217e-06 - val_loss: 1.0663e-08 - val_mean_squared_error: 1.0663e-08 - 245s/epoch - 4s/step
Epoch 79/100

Epoch 00079: mean_squared_error did not improve from 0.00000
63/63 - 246s - loss: 9.5890e-07 - mean_squared_error: 1.3207e-06 - val_loss: 9.7846e-09 - val_mean_squared_error: 9.7846e-09 - 246s/epoch - 4s/step
Epoch 80/100

Epoch 00080: mean_squared_error did not improve from 0.00000
63/63 - 247s - loss: 9.6077e-07 - mean_squared_error: 1.3225e-06 - val_loss: 1.0677e-08 - val_mean_squared_error: 1.0677e-08 - 247s/epoch - 4s/step
Epoch 81/100

Epoch 00081: mean_squared_error did not improve from 0.00000
63/63 - 246s - loss: 9.6139e-07 - mean_squared_error: 1.3227e-06 - val_loss: 1.3163e-08 - val_mean_squared_error: 1.3163e-08 - 246s/epoch - 4s/step
Epoch 82/100

Epoch 00082: mean_squared_error did not improve from 0.00000
63/63 - 246s - loss: 9.6108e-07 - mean_squared_error: 1.3224e-06 - val_loss: 1.0307e-08 - val_mean_squared_error: 1.0307e-08 - 246s/epoch - 4s/step
Epoch 83/100

Epoch 00083: mean_squared_error improved from 0.00000 to 0.00000, saving model to /gpfswork/rech/ynx/ulx23va/repo/wf-SEDs/model_WFE_size/wf-outputs/chkp/wfe_study_resx3_bis/chkp_callback_poly_wfe_study_resx3_128_bis_8_cycle1
63/63 - 245s - loss: 9.5867e-07 - mean_squared_error: 1.3204e-06 - val_loss: 1.1818e-08 - val_mean_squared_error: 1.1818e-08 - 245s/epoch - 4s/step
Epoch 84/100

Epoch 00084: mean_squared_error did not improve from 0.00000
63/63 - 244s - loss: 9.5907e-07 - mean_squared_error: 1.3210e-06 - val_loss: 1.2578e-08 - val_mean_squared_error: 1.2578e-08 - 244s/epoch - 4s/step
Epoch 85/100

Epoch 00085: mean_squared_error did not improve from 0.00000
63/63 - 245s - loss: 9.6363e-07 - mean_squared_error: 1.3245e-06 - val_loss: 1.1665e-08 - val_mean_squared_error: 1.1665e-08 - 245s/epoch - 4s/step
Epoch 86/100

Epoch 00086: mean_squared_error improved from 0.00000 to 0.00000, saving model to /gpfswork/rech/ynx/ulx23va/repo/wf-SEDs/model_WFE_size/wf-outputs/chkp/wfe_study_resx3_bis/chkp_callback_poly_wfe_study_resx3_128_bis_8_cycle1
63/63 - 245s - loss: 9.5832e-07 - mean_squared_error: 1.3201e-06 - val_loss: 1.0465e-08 - val_mean_squared_error: 1.0465e-08 - 245s/epoch - 4s/step
Epoch 87/100

Epoch 00087: mean_squared_error did not improve from 0.00000
63/63 - 244s - loss: 9.6082e-07 - mean_squared_error: 1.3222e-06 - val_loss: 1.0633e-08 - val_mean_squared_error: 1.0633e-08 - 244s/epoch - 4s/step
Epoch 88/100

Epoch 00088: mean_squared_error did not improve from 0.00000
63/63 - 244s - loss: 9.6028e-07 - mean_squared_error: 1.3220e-06 - val_loss: 1.6880e-08 - val_mean_squared_error: 1.6880e-08 - 244s/epoch - 4s/step
Epoch 89/100

Epoch 00089: mean_squared_error did not improve from 0.00000
63/63 - 245s - loss: 9.5859e-07 - mean_squared_error: 1.3205e-06 - val_loss: 8.9636e-09 - val_mean_squared_error: 8.9636e-09 - 245s/epoch - 4s/step
Epoch 90/100

Epoch 00090: mean_squared_error did not improve from 0.00000
63/63 - 246s - loss: 9.5946e-07 - mean_squared_error: 1.3209e-06 - val_loss: 1.2125e-08 - val_mean_squared_error: 1.2125e-08 - 246s/epoch - 4s/step
Epoch 91/100

Epoch 00091: mean_squared_error improved from 0.00000 to 0.00000, saving model to /gpfswork/rech/ynx/ulx23va/repo/wf-SEDs/model_WFE_size/wf-outputs/chkp/wfe_study_resx3_bis/chkp_callback_poly_wfe_study_resx3_128_bis_8_cycle1
63/63 - 244s - loss: 9.5785e-07 - mean_squared_error: 1.3198e-06 - val_loss: 9.8860e-09 - val_mean_squared_error: 9.8860e-09 - 244s/epoch - 4s/step
Epoch 92/100

Epoch 00092: mean_squared_error did not improve from 0.00000
63/63 - 245s - loss: 9.6809e-07 - mean_squared_error: 1.3281e-06 - val_loss: 1.3581e-08 - val_mean_squared_error: 1.3581e-08 - 245s/epoch - 4s/step
Epoch 93/100

Epoch 00093: mean_squared_error did not improve from 0.00000
63/63 - 244s - loss: 9.5983e-07 - mean_squared_error: 1.3213e-06 - val_loss: 9.0241e-09 - val_mean_squared_error: 9.0241e-09 - 244s/epoch - 4s/step
Epoch 94/100

Epoch 00094: mean_squared_error improved from 0.00000 to 0.00000, saving model to /gpfswork/rech/ynx/ulx23va/repo/wf-SEDs/model_WFE_size/wf-outputs/chkp/wfe_study_resx3_bis/chkp_callback_poly_wfe_study_resx3_128_bis_8_cycle1
63/63 - 247s - loss: 9.5733e-07 - mean_squared_error: 1.3194e-06 - val_loss: 9.8058e-09 - val_mean_squared_error: 9.8058e-09 - 247s/epoch - 4s/step
Epoch 95/100

Epoch 00095: mean_squared_error improved from 0.00000 to 0.00000, saving model to /gpfswork/rech/ynx/ulx23va/repo/wf-SEDs/model_WFE_size/wf-outputs/chkp/wfe_study_resx3_bis/chkp_callback_poly_wfe_study_resx3_128_bis_8_cycle1
63/63 - 245s - loss: 9.5693e-07 - mean_squared_error: 1.3190e-06 - val_loss: 1.0656e-08 - val_mean_squared_error: 1.0656e-08 - 245s/epoch - 4s/step
Epoch 96/100

Epoch 00096: mean_squared_error did not improve from 0.00000
63/63 - 245s - loss: 9.5745e-07 - mean_squared_error: 1.3195e-06 - val_loss: 9.2078e-09 - val_mean_squared_error: 9.2078e-09 - 245s/epoch - 4s/step
Epoch 97/100

Epoch 00097: mean_squared_error did not improve from 0.00000
63/63 - 244s - loss: 9.5779e-07 - mean_squared_error: 1.3198e-06 - val_loss: 9.0597e-09 - val_mean_squared_error: 9.0597e-09 - 244s/epoch - 4s/step
Epoch 98/100

Epoch 00098: mean_squared_error did not improve from 0.00000
63/63 - 244s - loss: 9.5844e-07 - mean_squared_error: 1.3203e-06 - val_loss: 1.0209e-08 - val_mean_squared_error: 1.0209e-08 - 244s/epoch - 4s/step
Epoch 99/100

Epoch 00099: mean_squared_error did not improve from 0.00000
63/63 - 245s - loss: 9.5823e-07 - mean_squared_error: 1.3202e-06 - val_loss: 9.9727e-09 - val_mean_squared_error: 9.9727e-09 - 245s/epoch - 4s/step
Epoch 100/100

Epoch 00100: mean_squared_error did not improve from 0.00000
63/63 - 243s - loss: 9.5778e-07 - mean_squared_error: 1.3198e-06 - val_loss: 1.0283e-08 - val_mean_squared_error: 1.0283e-08 - 243s/epoch - 4s/step
Cycle1 elapsed time: 28311.074372
Starting cycle 2..
Starting parametric update..
Epoch 1/15

Epoch 00001: mean_squared_error improved from inf to 0.00000, saving model to /gpfswork/rech/ynx/ulx23va/repo/wf-SEDs/model_WFE_size/wf-outputs/chkp/wfe_study_resx3_bis/chkp_callback_poly_wfe_study_resx3_128_bis_8_cycle2
63/63 - 253s - loss: 9.5646e-07 - mean_squared_error: 1.3186e-06 - val_loss: 9.4036e-09 - val_mean_squared_error: 9.4036e-09 - 253s/epoch - 4s/step
Epoch 2/15

Epoch 00002: mean_squared_error did not improve from 0.00000
63/63 - 249s - loss: 9.5777e-07 - mean_squared_error: 1.3198e-06 - val_loss: 1.0338e-08 - val_mean_squared_error: 1.0338e-08 - 249s/epoch - 4s/step
Epoch 3/15

Epoch 00003: mean_squared_error did not improve from 0.00000
63/63 - 251s - loss: 9.5766e-07 - mean_squared_error: 1.3198e-06 - val_loss: 1.2362e-08 - val_mean_squared_error: 1.2362e-08 - 251s/epoch - 4s/step
Epoch 4/15

Epoch 00004: mean_squared_error did not improve from 0.00000
63/63 - 251s - loss: 9.6133e-07 - mean_squared_error: 1.3230e-06 - val_loss: 1.2263e-08 - val_mean_squared_error: 1.2263e-08 - 251s/epoch - 4s/step
Epoch 5/15

Epoch 00005: mean_squared_error did not improve from 0.00000
63/63 - 252s - loss: 9.5946e-07 - mean_squared_error: 1.3215e-06 - val_loss: 1.7268e-08 - val_mean_squared_error: 1.7268e-08 - 252s/epoch - 4s/step
Epoch 6/15

Epoch 00006: mean_squared_error did not improve from 0.00000
63/63 - 251s - loss: 9.6845e-07 - mean_squared_error: 1.3292e-06 - val_loss: 2.3928e-08 - val_mean_squared_error: 2.3928e-08 - 251s/epoch - 4s/step
Epoch 7/15

Epoch 00007: mean_squared_error did not improve from 0.00000
63/63 - 250s - loss: 9.6388e-07 - mean_squared_error: 1.3254e-06 - val_loss: 1.7454e-08 - val_mean_squared_error: 1.7454e-08 - 250s/epoch - 4s/step
Epoch 8/15

Epoch 00008: mean_squared_error did not improve from 0.00000
63/63 - 251s - loss: 9.6236e-07 - mean_squared_error: 1.3241e-06 - val_loss: 1.8592e-08 - val_mean_squared_error: 1.8592e-08 - 251s/epoch - 4s/step
Epoch 9/15

Epoch 00009: mean_squared_error did not improve from 0.00000
63/63 - 252s - loss: 9.6385e-07 - mean_squared_error: 1.3250e-06 - val_loss: 2.6519e-08 - val_mean_squared_error: 2.6519e-08 - 252s/epoch - 4s/step
Epoch 10/15

Epoch 00010: mean_squared_error did not improve from 0.00000
63/63 - 252s - loss: 9.6794e-07 - mean_squared_error: 1.3291e-06 - val_loss: 1.3947e-08 - val_mean_squared_error: 1.3947e-08 - 252s/epoch - 4s/step
Epoch 11/15

Epoch 00011: mean_squared_error did not improve from 0.00000
63/63 - 251s - loss: 9.6347e-07 - mean_squared_error: 1.3248e-06 - val_loss: 1.8795e-08 - val_mean_squared_error: 1.8795e-08 - 251s/epoch - 4s/step
Epoch 12/15

Epoch 00012: mean_squared_error did not improve from 0.00000
63/63 - 250s - loss: 9.7087e-07 - mean_squared_error: 1.3317e-06 - val_loss: 2.8412e-08 - val_mean_squared_error: 2.8412e-08 - 250s/epoch - 4s/step
Epoch 13/15

Epoch 00013: mean_squared_error did not improve from 0.00000
63/63 - 250s - loss: 9.7187e-07 - mean_squared_error: 1.3320e-06 - val_loss: 1.8059e-08 - val_mean_squared_error: 1.8059e-08 - 250s/epoch - 4s/step
Epoch 14/15

Epoch 00014: mean_squared_error did not improve from 0.00000
63/63 - 250s - loss: 9.6478e-07 - mean_squared_error: 1.3262e-06 - val_loss: 2.6886e-08 - val_mean_squared_error: 2.6886e-08 - 250s/epoch - 4s/step
Epoch 15/15

Epoch 00015: mean_squared_error did not improve from 0.00000
63/63 - 251s - loss: 9.7937e-07 - mean_squared_error: 1.3390e-06 - val_loss: 2.9781e-08 - val_mean_squared_error: 2.9781e-08 - 251s/epoch - 4s/step
Starting non-parametric update..
Epoch 1/50

Epoch 00001: mean_squared_error did not improve from 0.00000
63/63 - 247s - loss: 9.6148e-07 - mean_squared_error: 1.3232e-06 - val_loss: 8.2537e-09 - val_mean_squared_error: 8.2537e-09 - 247s/epoch - 4s/step
Epoch 2/50

Epoch 00002: mean_squared_error improved from 0.00000 to 0.00000, saving model to /gpfswork/rech/ynx/ulx23va/repo/wf-SEDs/model_WFE_size/wf-outputs/chkp/wfe_study_resx3_bis/chkp_callback_poly_wfe_study_resx3_128_bis_8_cycle2
63/63 - 246s - loss: 9.5445e-07 - mean_squared_error: 1.3169e-06 - val_loss: 7.4570e-09 - val_mean_squared_error: 7.4570e-09 - 246s/epoch - 4s/step
Epoch 3/50

Epoch 00003: mean_squared_error improved from 0.00000 to 0.00000, saving model to /gpfswork/rech/ynx/ulx23va/repo/wf-SEDs/model_WFE_size/wf-outputs/chkp/wfe_study_resx3_bis/chkp_callback_poly_wfe_study_resx3_128_bis_8_cycle2
63/63 - 244s - loss: 9.5413e-07 - mean_squared_error: 1.3166e-06 - val_loss: 7.3290e-09 - val_mean_squared_error: 7.3290e-09 - 244s/epoch - 4s/step
Epoch 4/50

Epoch 00004: mean_squared_error improved from 0.00000 to 0.00000, saving model to /gpfswork/rech/ynx/ulx23va/repo/wf-SEDs/model_WFE_size/wf-outputs/chkp/wfe_study_resx3_bis/chkp_callback_poly_wfe_study_resx3_128_bis_8_cycle2
63/63 - 243s - loss: 9.5405e-07 - mean_squared_error: 1.3165e-06 - val_loss: 7.1372e-09 - val_mean_squared_error: 7.1372e-09 - 243s/epoch - 4s/step
Epoch 5/50

Epoch 00005: mean_squared_error improved from 0.00000 to 0.00000, saving model to /gpfswork/rech/ynx/ulx23va/repo/wf-SEDs/model_WFE_size/wf-outputs/chkp/wfe_study_resx3_bis/chkp_callback_poly_wfe_study_resx3_128_bis_8_cycle2
63/63 - 244s - loss: 9.5403e-07 - mean_squared_error: 1.3165e-06 - val_loss: 7.2244e-09 - val_mean_squared_error: 7.2244e-09 - 244s/epoch - 4s/step
Epoch 6/50

Epoch 00006: mean_squared_error improved from 0.00000 to 0.00000, saving model to /gpfswork/rech/ynx/ulx23va/repo/wf-SEDs/model_WFE_size/wf-outputs/chkp/wfe_study_resx3_bis/chkp_callback_poly_wfe_study_resx3_128_bis_8_cycle2
63/63 - 246s - loss: 9.5399e-07 - mean_squared_error: 1.3165e-06 - val_loss: 7.0989e-09 - val_mean_squared_error: 7.0989e-09 - 246s/epoch - 4s/step
Epoch 7/50

Epoch 00007: mean_squared_error improved from 0.00000 to 0.00000, saving model to /gpfswork/rech/ynx/ulx23va/repo/wf-SEDs/model_WFE_size/wf-outputs/chkp/wfe_study_resx3_bis/chkp_callback_poly_wfe_study_resx3_128_bis_8_cycle2
63/63 - 244s - loss: 9.5399e-07 - mean_squared_error: 1.3164e-06 - val_loss: 7.1717e-09 - val_mean_squared_error: 7.1717e-09 - 244s/epoch - 4s/step
Epoch 8/50

Epoch 00008: mean_squared_error did not improve from 0.00000
63/63 - 243s - loss: 9.5404e-07 - mean_squared_error: 1.3165e-06 - val_loss: 7.1728e-09 - val_mean_squared_error: 7.1728e-09 - 243s/epoch - 4s/step
Epoch 9/50

Epoch 00009: mean_squared_error improved from 0.00000 to 0.00000, saving model to /gpfswork/rech/ynx/ulx23va/repo/wf-SEDs/model_WFE_size/wf-outputs/chkp/wfe_study_resx3_bis/chkp_callback_poly_wfe_study_resx3_128_bis_8_cycle2
63/63 - 246s - loss: 9.5398e-07 - mean_squared_error: 1.3164e-06 - val_loss: 7.1730e-09 - val_mean_squared_error: 7.1730e-09 - 246s/epoch - 4s/step
Epoch 10/50

Epoch 00010: mean_squared_error did not improve from 0.00000
63/63 - 243s - loss: 9.5415e-07 - mean_squared_error: 1.3166e-06 - val_loss: 7.3982e-09 - val_mean_squared_error: 7.3982e-09 - 243s/epoch - 4s/step
Epoch 11/50

Epoch 00011: mean_squared_error did not improve from 0.00000
63/63 - 243s - loss: 9.5411e-07 - mean_squared_error: 1.3165e-06 - val_loss: 7.3289e-09 - val_mean_squared_error: 7.3289e-09 - 243s/epoch - 4s/step
Epoch 12/50

Epoch 00012: mean_squared_error did not improve from 0.00000
63/63 - 245s - loss: 9.5415e-07 - mean_squared_error: 1.3166e-06 - val_loss: 7.3913e-09 - val_mean_squared_error: 7.3913e-09 - 245s/epoch - 4s/step
Epoch 13/50

Epoch 00013: mean_squared_error did not improve from 0.00000
63/63 - 243s - loss: 9.5404e-07 - mean_squared_error: 1.3165e-06 - val_loss: 7.2128e-09 - val_mean_squared_error: 7.2128e-09 - 243s/epoch - 4s/step
Epoch 14/50

Epoch 00014: mean_squared_error did not improve from 0.00000
63/63 - 243s - loss: 9.5404e-07 - mean_squared_error: 1.3165e-06 - val_loss: 7.0611e-09 - val_mean_squared_error: 7.0611e-09 - 243s/epoch - 4s/step
Epoch 15/50

Epoch 00015: mean_squared_error did not improve from 0.00000
63/63 - 246s - loss: 9.5401e-07 - mean_squared_error: 1.3164e-06 - val_loss: 7.0867e-09 - val_mean_squared_error: 7.0867e-09 - 246s/epoch - 4s/step
Epoch 16/50

Epoch 00016: mean_squared_error did not improve from 0.00000
63/63 - 242s - loss: 9.5413e-07 - mean_squared_error: 1.3166e-06 - val_loss: 7.2133e-09 - val_mean_squared_error: 7.2133e-09 - 242s/epoch - 4s/step
Epoch 17/50

Epoch 00017: mean_squared_error did not improve from 0.00000
63/63 - 242s - loss: 9.5398e-07 - mean_squared_error: 1.3164e-06 - val_loss: 7.3213e-09 - val_mean_squared_error: 7.3213e-09 - 242s/epoch - 4s/step
Epoch 18/50

Epoch 00018: mean_squared_error did not improve from 0.00000
63/63 - 242s - loss: 9.5410e-07 - mean_squared_error: 1.3166e-06 - val_loss: 7.2852e-09 - val_mean_squared_error: 7.2852e-09 - 242s/epoch - 4s/step
Epoch 19/50

Epoch 00019: mean_squared_error did not improve from 0.00000
63/63 - 245s - loss: 9.5418e-07 - mean_squared_error: 1.3166e-06 - val_loss: 7.1643e-09 - val_mean_squared_error: 7.1643e-09 - 245s/epoch - 4s/step
Epoch 20/50

Epoch 00020: mean_squared_error did not improve from 0.00000
63/63 - 243s - loss: 9.5427e-07 - mean_squared_error: 1.3167e-06 - val_loss: 7.3893e-09 - val_mean_squared_error: 7.3893e-09 - 243s/epoch - 4s/step
Epoch 21/50

Epoch 00021: mean_squared_error improved from 0.00000 to 0.00000, saving model to /gpfswork/rech/ynx/ulx23va/repo/wf-SEDs/model_WFE_size/wf-outputs/chkp/wfe_study_resx3_bis/chkp_callback_poly_wfe_study_resx3_128_bis_8_cycle2
63/63 - 241s - loss: 9.5393e-07 - mean_squared_error: 1.3164e-06 - val_loss: 6.9654e-09 - val_mean_squared_error: 6.9654e-09 - 241s/epoch - 4s/step
Epoch 22/50

Epoch 00022: mean_squared_error did not improve from 0.00000
63/63 - 241s - loss: 9.5400e-07 - mean_squared_error: 1.3164e-06 - val_loss: 7.4682e-09 - val_mean_squared_error: 7.4682e-09 - 241s/epoch - 4s/step
Epoch 23/50

Epoch 00023: mean_squared_error did not improve from 0.00000
63/63 - 242s - loss: 9.5410e-07 - mean_squared_error: 1.3165e-06 - val_loss: 7.2364e-09 - val_mean_squared_error: 7.2364e-09 - 242s/epoch - 4s/step
Epoch 24/50

Epoch 00024: mean_squared_error did not improve from 0.00000
63/63 - 242s - loss: 9.5404e-07 - mean_squared_error: 1.3165e-06 - val_loss: 7.0835e-09 - val_mean_squared_error: 7.0835e-09 - 242s/epoch - 4s/step
Epoch 25/50

Epoch 00025: mean_squared_error did not improve from 0.00000
63/63 - 244s - loss: 9.5394e-07 - mean_squared_error: 1.3164e-06 - val_loss: 7.4616e-09 - val_mean_squared_error: 7.4616e-09 - 244s/epoch - 4s/step
Epoch 26/50

Epoch 00026: mean_squared_error did not improve from 0.00000
63/63 - 245s - loss: 9.5402e-07 - mean_squared_error: 1.3165e-06 - val_loss: 7.1785e-09 - val_mean_squared_error: 7.1785e-09 - 245s/epoch - 4s/step
Epoch 27/50

Epoch 00027: mean_squared_error did not improve from 0.00000
63/63 - 245s - loss: 9.5408e-07 - mean_squared_error: 1.3165e-06 - val_loss: 7.3422e-09 - val_mean_squared_error: 7.3422e-09 - 245s/epoch - 4s/step
Epoch 28/50

Epoch 00028: mean_squared_error improved from 0.00000 to 0.00000, saving model to /gpfswork/rech/ynx/ulx23va/repo/wf-SEDs/model_WFE_size/wf-outputs/chkp/wfe_study_resx3_bis/chkp_callback_poly_wfe_study_resx3_128_bis_8_cycle2
63/63 - 244s - loss: 9.5382e-07 - mean_squared_error: 1.3163e-06 - val_loss: 7.1421e-09 - val_mean_squared_error: 7.1421e-09 - 244s/epoch - 4s/step
Epoch 29/50

Epoch 00029: mean_squared_error did not improve from 0.00000
63/63 - 242s - loss: 9.5422e-07 - mean_squared_error: 1.3166e-06 - val_loss: 7.3644e-09 - val_mean_squared_error: 7.3644e-09 - 242s/epoch - 4s/step
Epoch 30/50

Epoch 00030: mean_squared_error did not improve from 0.00000
63/63 - 241s - loss: 9.5391e-07 - mean_squared_error: 1.3163e-06 - val_loss: 7.1666e-09 - val_mean_squared_error: 7.1666e-09 - 241s/epoch - 4s/step
Epoch 31/50

Epoch 00031: mean_squared_error did not improve from 0.00000
63/63 - 241s - loss: 9.5381e-07 - mean_squared_error: 1.3163e-06 - val_loss: 7.0153e-09 - val_mean_squared_error: 7.0153e-09 - 241s/epoch - 4s/step
Epoch 32/50

Epoch 00032: mean_squared_error did not improve from 0.00000
63/63 - 241s - loss: 9.5430e-07 - mean_squared_error: 1.3167e-06 - val_loss: 7.3855e-09 - val_mean_squared_error: 7.3855e-09 - 241s/epoch - 4s/step
Epoch 33/50

Epoch 00033: mean_squared_error did not improve from 0.00000
63/63 - 241s - loss: 9.5411e-07 - mean_squared_error: 1.3165e-06 - val_loss: 7.5910e-09 - val_mean_squared_error: 7.5910e-09 - 241s/epoch - 4s/step
Epoch 34/50

Epoch 00034: mean_squared_error improved from 0.00000 to 0.00000, saving model to /gpfswork/rech/ynx/ulx23va/repo/wf-SEDs/model_WFE_size/wf-outputs/chkp/wfe_study_resx3_bis/chkp_callback_poly_wfe_study_resx3_128_bis_8_cycle2
63/63 - 242s - loss: 9.5376e-07 - mean_squared_error: 1.3162e-06 - val_loss: 7.4517e-09 - val_mean_squared_error: 7.4517e-09 - 242s/epoch - 4s/step
Epoch 35/50

Epoch 00035: mean_squared_error did not improve from 0.00000
63/63 - 243s - loss: 9.5390e-07 - mean_squared_error: 1.3164e-06 - val_loss: 7.0606e-09 - val_mean_squared_error: 7.0606e-09 - 243s/epoch - 4s/step
Epoch 36/50

Epoch 00036: mean_squared_error did not improve from 0.00000
63/63 - 246s - loss: 9.5379e-07 - mean_squared_error: 1.3163e-06 - val_loss: 6.7973e-09 - val_mean_squared_error: 6.7973e-09 - 246s/epoch - 4s/step
Epoch 37/50

Epoch 00037: mean_squared_error improved from 0.00000 to 0.00000, saving model to /gpfswork/rech/ynx/ulx23va/repo/wf-SEDs/model_WFE_size/wf-outputs/chkp/wfe_study_resx3_bis/chkp_callback_poly_wfe_study_resx3_128_bis_8_cycle2
63/63 - 245s - loss: 9.5368e-07 - mean_squared_error: 1.3162e-06 - val_loss: 7.3139e-09 - val_mean_squared_error: 7.3139e-09 - 245s/epoch - 4s/step
Epoch 38/50

Epoch 00038: mean_squared_error did not improve from 0.00000
63/63 - 244s - loss: 9.5391e-07 - mean_squared_error: 1.3164e-06 - val_loss: 7.2759e-09 - val_mean_squared_error: 7.2759e-09 - 244s/epoch - 4s/step
Epoch 39/50

Epoch 00039: mean_squared_error did not improve from 0.00000
63/63 - 243s - loss: 9.5419e-07 - mean_squared_error: 1.3165e-06 - val_loss: 7.5567e-09 - val_mean_squared_error: 7.5567e-09 - 243s/epoch - 4s/step
Epoch 40/50

Epoch 00040: mean_squared_error did not improve from 0.00000
63/63 - 243s - loss: 9.5439e-07 - mean_squared_error: 1.3168e-06 - val_loss: 7.5611e-09 - val_mean_squared_error: 7.5611e-09 - 243s/epoch - 4s/step
Epoch 41/50

Epoch 00041: mean_squared_error did not improve from 0.00000
63/63 - 242s - loss: 9.5394e-07 - mean_squared_error: 1.3164e-06 - val_loss: 7.2695e-09 - val_mean_squared_error: 7.2695e-09 - 242s/epoch - 4s/step
Epoch 42/50

Epoch 00042: mean_squared_error did not improve from 0.00000
63/63 - 243s - loss: 9.5387e-07 - mean_squared_error: 1.3164e-06 - val_loss: 7.3091e-09 - val_mean_squared_error: 7.3091e-09 - 243s/epoch - 4s/step
Epoch 43/50

Epoch 00043: mean_squared_error did not improve from 0.00000
63/63 - 244s - loss: 9.5434e-07 - mean_squared_error: 1.3167e-06 - val_loss: 7.6070e-09 - val_mean_squared_error: 7.6070e-09 - 244s/epoch - 4s/step
Epoch 44/50

Epoch 00044: mean_squared_error did not improve from 0.00000
63/63 - 246s - loss: 9.5416e-07 - mean_squared_error: 1.3166e-06 - val_loss: 7.7207e-09 - val_mean_squared_error: 7.7207e-09 - 246s/epoch - 4s/step
Epoch 45/50

Epoch 00045: mean_squared_error did not improve from 0.00000
63/63 - 245s - loss: 9.5422e-07 - mean_squared_error: 1.3166e-06 - val_loss: 7.0164e-09 - val_mean_squared_error: 7.0164e-09 - 245s/epoch - 4s/step
Epoch 46/50

Epoch 00046: mean_squared_error did not improve from 0.00000
63/63 - 242s - loss: 9.5382e-07 - mean_squared_error: 1.3163e-06 - val_loss: 7.2166e-09 - val_mean_squared_error: 7.2166e-09 - 242s/epoch - 4s/step
Epoch 47/50

Epoch 00047: mean_squared_error did not improve from 0.00000
63/63 - 242s - loss: 9.5380e-07 - mean_squared_error: 1.3163e-06 - val_loss: 6.8800e-09 - val_mean_squared_error: 6.8800e-09 - 242s/epoch - 4s/step
Epoch 48/50

Epoch 00048: mean_squared_error did not improve from 0.00000
63/63 - 242s - loss: 9.5402e-07 - mean_squared_error: 1.3164e-06 - val_loss: 7.6451e-09 - val_mean_squared_error: 7.6451e-09 - 242s/epoch - 4s/step
Epoch 49/50

Epoch 00049: mean_squared_error did not improve from 0.00000
63/63 - 242s - loss: 9.5376e-07 - mean_squared_error: 1.3162e-06 - val_loss: 7.5100e-09 - val_mean_squared_error: 7.5100e-09 - 242s/epoch - 4s/step
Epoch 50/50

Epoch 00050: mean_squared_error did not improve from 0.00000
63/63 - 206s - loss: 9.5391e-07 - mean_squared_error: 1.3163e-06 - val_loss: 7.3470e-09 - val_mean_squared_error: 7.3470e-09 - 206s/epoch - 3s/step
Cycle2 elapsed time: 15902.587045

Total elapsed time: 44218.061287

 Good bye..
