Starting the log file.
Found GPU at: /device:GPU:0
tf_version: 2.7.0
Zernike cube:
(15, 256, 256)
Dataset parameters:
{'d_max': 2, 'max_order': 45, 'x_lims': [0, 1000.0], 'y_lims': [0, 1000.0], 'grid_points': [4, 4], 'n_bins': 20, 'max_wfe_rms': 0.1, 'oversampling_rate': 3.0, 'output_Q': 3.0, 'output_dim': 32, 'LP_filter_length': 2, 'pupil_diameter': 4096, 'euclid_obsc': True, 'n_stars': 2000}
Starting cycle 1..
Starting parametric update..
Epoch 1/15

Epoch 00001: mean_squared_error improved from inf to 0.00001, saving model to /gpfswork/rech/ynx/ulx23va/repo/wf-SEDs/model_WFE_size/wf-outputs/chkp/wfe_study_resx3_bis/chkp_callback_poly_wfe_study_resx3_256_bis_15_cycle1
63/63 - 255s - loss: 8.5647e-06 - mean_squared_error: 7.9109e-06 - val_loss: 1.7410e-06 - val_mean_squared_error: 1.7410e-06 - 255s/epoch - 4s/step
Epoch 2/15

Epoch 00002: mean_squared_error improved from 0.00001 to 0.00000, saving model to /gpfswork/rech/ynx/ulx23va/repo/wf-SEDs/model_WFE_size/wf-outputs/chkp/wfe_study_resx3_bis/chkp_callback_poly_wfe_study_resx3_256_bis_15_cycle1
63/63 - 253s - loss: 2.4490e-06 - mean_squared_error: 2.6257e-06 - val_loss: 1.1037e-06 - val_mean_squared_error: 1.1037e-06 - 253s/epoch - 4s/step
Epoch 3/15

Epoch 00003: mean_squared_error improved from 0.00000 to 0.00000, saving model to /gpfswork/rech/ynx/ulx23va/repo/wf-SEDs/model_WFE_size/wf-outputs/chkp/wfe_study_resx3_bis/chkp_callback_poly_wfe_study_resx3_256_bis_15_cycle1
63/63 - 250s - loss: 2.0494e-06 - mean_squared_error: 2.2706e-06 - val_loss: 8.5381e-07 - val_mean_squared_error: 8.5381e-07 - 250s/epoch - 4s/step
Epoch 4/15

Epoch 00004: mean_squared_error improved from 0.00000 to 0.00000, saving model to /gpfswork/rech/ynx/ulx23va/repo/wf-SEDs/model_WFE_size/wf-outputs/chkp/wfe_study_resx3_bis/chkp_callback_poly_wfe_study_resx3_256_bis_15_cycle1
63/63 - 250s - loss: 1.9261e-06 - mean_squared_error: 2.1597e-06 - val_loss: 8.2786e-07 - val_mean_squared_error: 8.2786e-07 - 250s/epoch - 4s/step
Epoch 5/15

Epoch 00005: mean_squared_error improved from 0.00000 to 0.00000, saving model to /gpfswork/rech/ynx/ulx23va/repo/wf-SEDs/model_WFE_size/wf-outputs/chkp/wfe_study_resx3_bis/chkp_callback_poly_wfe_study_resx3_256_bis_15_cycle1
63/63 - 250s - loss: 1.9147e-06 - mean_squared_error: 2.1487e-06 - val_loss: 8.3126e-07 - val_mean_squared_error: 8.3126e-07 - 250s/epoch - 4s/step
Epoch 6/15

Epoch 00006: mean_squared_error improved from 0.00000 to 0.00000, saving model to /gpfswork/rech/ynx/ulx23va/repo/wf-SEDs/model_WFE_size/wf-outputs/chkp/wfe_study_resx3_bis/chkp_callback_poly_wfe_study_resx3_256_bis_15_cycle1
63/63 - 250s - loss: 1.9143e-06 - mean_squared_error: 2.1468e-06 - val_loss: 8.3335e-07 - val_mean_squared_error: 8.3335e-07 - 250s/epoch - 4s/step
Epoch 7/15

Epoch 00007: mean_squared_error improved from 0.00000 to 0.00000, saving model to /gpfswork/rech/ynx/ulx23va/repo/wf-SEDs/model_WFE_size/wf-outputs/chkp/wfe_study_resx3_bis/chkp_callback_poly_wfe_study_resx3_256_bis_15_cycle1
63/63 - 250s - loss: 1.8975e-06 - mean_squared_error: 2.1346e-06 - val_loss: 8.1112e-07 - val_mean_squared_error: 8.1112e-07 - 250s/epoch - 4s/step
Epoch 8/15

Epoch 00008: mean_squared_error improved from 0.00000 to 0.00000, saving model to /gpfswork/rech/ynx/ulx23va/repo/wf-SEDs/model_WFE_size/wf-outputs/chkp/wfe_study_resx3_bis/chkp_callback_poly_wfe_study_resx3_256_bis_15_cycle1
63/63 - 250s - loss: 1.8908e-06 - mean_squared_error: 2.1285e-06 - val_loss: 8.6165e-07 - val_mean_squared_error: 8.6165e-07 - 250s/epoch - 4s/step
Epoch 9/15

Epoch 00009: mean_squared_error did not improve from 0.00000
63/63 - 251s - loss: 1.8908e-06 - mean_squared_error: 2.1317e-06 - val_loss: 8.1699e-07 - val_mean_squared_error: 8.1699e-07 - 251s/epoch - 4s/step
Epoch 10/15

Epoch 00010: mean_squared_error improved from 0.00000 to 0.00000, saving model to /gpfswork/rech/ynx/ulx23va/repo/wf-SEDs/model_WFE_size/wf-outputs/chkp/wfe_study_resx3_bis/chkp_callback_poly_wfe_study_resx3_256_bis_15_cycle1
63/63 - 252s - loss: 1.8744e-06 - mean_squared_error: 2.1202e-06 - val_loss: 8.4511e-07 - val_mean_squared_error: 8.4511e-07 - 252s/epoch - 4s/step
Epoch 11/15

Epoch 00011: mean_squared_error improved from 0.00000 to 0.00000, saving model to /gpfswork/rech/ynx/ulx23va/repo/wf-SEDs/model_WFE_size/wf-outputs/chkp/wfe_study_resx3_bis/chkp_callback_poly_wfe_study_resx3_256_bis_15_cycle1
63/63 - 250s - loss: 1.8643e-06 - mean_squared_error: 2.1137e-06 - val_loss: 8.0505e-07 - val_mean_squared_error: 8.0505e-07 - 250s/epoch - 4s/step
Epoch 12/15

Epoch 00012: mean_squared_error improved from 0.00000 to 0.00000, saving model to /gpfswork/rech/ynx/ulx23va/repo/wf-SEDs/model_WFE_size/wf-outputs/chkp/wfe_study_resx3_bis/chkp_callback_poly_wfe_study_resx3_256_bis_15_cycle1
63/63 - 249s - loss: 1.8625e-06 - mean_squared_error: 2.1095e-06 - val_loss: 7.9858e-07 - val_mean_squared_error: 7.9858e-07 - 249s/epoch - 4s/step
Epoch 13/15

Epoch 00013: mean_squared_error improved from 0.00000 to 0.00000, saving model to /gpfswork/rech/ynx/ulx23va/repo/wf-SEDs/model_WFE_size/wf-outputs/chkp/wfe_study_resx3_bis/chkp_callback_poly_wfe_study_resx3_256_bis_15_cycle1
63/63 - 250s - loss: 1.8569e-06 - mean_squared_error: 2.0994e-06 - val_loss: 8.3646e-07 - val_mean_squared_error: 8.3646e-07 - 250s/epoch - 4s/step
Epoch 14/15

Epoch 00014: mean_squared_error did not improve from 0.00000
63/63 - 250s - loss: 1.8885e-06 - mean_squared_error: 2.1313e-06 - val_loss: 8.0149e-07 - val_mean_squared_error: 8.0149e-07 - 250s/epoch - 4s/step
Epoch 15/15

Epoch 00015: mean_squared_error did not improve from 0.00000
63/63 - 248s - loss: 1.9958e-06 - mean_squared_error: 2.2243e-06 - val_loss: 8.8147e-07 - val_mean_squared_error: 8.8147e-07 - 248s/epoch - 4s/step
Starting non-parametric update..
Epoch 1/100

Epoch 00001: mean_squared_error did not improve from 0.00000
63/63 - 250s - loss: 1.8691e-06 - mean_squared_error: 2.1138e-06 - val_loss: 7.1834e-07 - val_mean_squared_error: 7.1834e-07 - 250s/epoch - 4s/step
Epoch 2/100

Epoch 00002: mean_squared_error improved from 0.00000 to 0.00000, saving model to /gpfswork/rech/ynx/ulx23va/repo/wf-SEDs/model_WFE_size/wf-outputs/chkp/wfe_study_resx3_bis/chkp_callback_poly_wfe_study_resx3_256_bis_15_cycle1
63/63 - 248s - loss: 1.6445e-06 - mean_squared_error: 1.9321e-06 - val_loss: 5.3787e-07 - val_mean_squared_error: 5.3787e-07 - 248s/epoch - 4s/step
Epoch 3/100

Epoch 00003: mean_squared_error improved from 0.00000 to 0.00000, saving model to /gpfswork/rech/ynx/ulx23va/repo/wf-SEDs/model_WFE_size/wf-outputs/chkp/wfe_study_resx3_bis/chkp_callback_poly_wfe_study_resx3_256_bis_15_cycle1
63/63 - 248s - loss: 1.4582e-06 - mean_squared_error: 1.7756e-06 - val_loss: 4.1183e-07 - val_mean_squared_error: 4.1183e-07 - 248s/epoch - 4s/step
Epoch 4/100

Epoch 00004: mean_squared_error improved from 0.00000 to 0.00000, saving model to /gpfswork/rech/ynx/ulx23va/repo/wf-SEDs/model_WFE_size/wf-outputs/chkp/wfe_study_resx3_bis/chkp_callback_poly_wfe_study_resx3_256_bis_15_cycle1
63/63 - 247s - loss: 1.3451e-06 - mean_squared_error: 1.6734e-06 - val_loss: 3.3516e-07 - val_mean_squared_error: 3.3516e-07 - 247s/epoch - 4s/step
Epoch 5/100

Epoch 00005: mean_squared_error improved from 0.00000 to 0.00000, saving model to /gpfswork/rech/ynx/ulx23va/repo/wf-SEDs/model_WFE_size/wf-outputs/chkp/wfe_study_resx3_bis/chkp_callback_poly_wfe_study_resx3_256_bis_15_cycle1
63/63 - 246s - loss: 1.2763e-06 - mean_squared_error: 1.6109e-06 - val_loss: 2.7595e-07 - val_mean_squared_error: 2.7595e-07 - 246s/epoch - 4s/step
Epoch 6/100

Epoch 00006: mean_squared_error improved from 0.00000 to 0.00000, saving model to /gpfswork/rech/ynx/ulx23va/repo/wf-SEDs/model_WFE_size/wf-outputs/chkp/wfe_study_resx3_bis/chkp_callback_poly_wfe_study_resx3_256_bis_15_cycle1
63/63 - 248s - loss: 1.2242e-06 - mean_squared_error: 1.5646e-06 - val_loss: 2.3531e-07 - val_mean_squared_error: 2.3531e-07 - 248s/epoch - 4s/step
Epoch 7/100

Epoch 00007: mean_squared_error improved from 0.00000 to 0.00000, saving model to /gpfswork/rech/ynx/ulx23va/repo/wf-SEDs/model_WFE_size/wf-outputs/chkp/wfe_study_resx3_bis/chkp_callback_poly_wfe_study_resx3_256_bis_15_cycle1
63/63 - 248s - loss: 1.1829e-06 - mean_squared_error: 1.5276e-06 - val_loss: 2.0180e-07 - val_mean_squared_error: 2.0180e-07 - 248s/epoch - 4s/step
Epoch 8/100

Epoch 00008: mean_squared_error improved from 0.00000 to 0.00000, saving model to /gpfswork/rech/ynx/ulx23va/repo/wf-SEDs/model_WFE_size/wf-outputs/chkp/wfe_study_resx3_bis/chkp_callback_poly_wfe_study_resx3_256_bis_15_cycle1
63/63 - 248s - loss: 1.1500e-06 - mean_squared_error: 1.4981e-06 - val_loss: 1.7428e-07 - val_mean_squared_error: 1.7428e-07 - 248s/epoch - 4s/step
Epoch 9/100

Epoch 00009: mean_squared_error improved from 0.00000 to 0.00000, saving model to /gpfswork/rech/ynx/ulx23va/repo/wf-SEDs/model_WFE_size/wf-outputs/chkp/wfe_study_resx3_bis/chkp_callback_poly_wfe_study_resx3_256_bis_15_cycle1
63/63 - 247s - loss: 1.1243e-06 - mean_squared_error: 1.4746e-06 - val_loss: 1.5424e-07 - val_mean_squared_error: 1.5424e-07 - 247s/epoch - 4s/step
Epoch 10/100

Epoch 00010: mean_squared_error improved from 0.00000 to 0.00000, saving model to /gpfswork/rech/ynx/ulx23va/repo/wf-SEDs/model_WFE_size/wf-outputs/chkp/wfe_study_resx3_bis/chkp_callback_poly_wfe_study_resx3_256_bis_15_cycle1
63/63 - 248s - loss: 1.1046e-06 - mean_squared_error: 1.4562e-06 - val_loss: 1.3806e-07 - val_mean_squared_error: 1.3806e-07 - 248s/epoch - 4s/step
Epoch 11/100

Epoch 00011: mean_squared_error improved from 0.00000 to 0.00000, saving model to /gpfswork/rech/ynx/ulx23va/repo/wf-SEDs/model_WFE_size/wf-outputs/chkp/wfe_study_resx3_bis/chkp_callback_poly_wfe_study_resx3_256_bis_15_cycle1
63/63 - 248s - loss: 1.0889e-06 - mean_squared_error: 1.4420e-06 - val_loss: 1.2554e-07 - val_mean_squared_error: 1.2554e-07 - 248s/epoch - 4s/step
Epoch 12/100

Epoch 00012: mean_squared_error improved from 0.00000 to 0.00000, saving model to /gpfswork/rech/ynx/ulx23va/repo/wf-SEDs/model_WFE_size/wf-outputs/chkp/wfe_study_resx3_bis/chkp_callback_poly_wfe_study_resx3_256_bis_15_cycle1
63/63 - 248s - loss: 1.0763e-06 - mean_squared_error: 1.4301e-06 - val_loss: 1.1441e-07 - val_mean_squared_error: 1.1441e-07 - 248s/epoch - 4s/step
Epoch 13/100

Epoch 00013: mean_squared_error improved from 0.00000 to 0.00000, saving model to /gpfswork/rech/ynx/ulx23va/repo/wf-SEDs/model_WFE_size/wf-outputs/chkp/wfe_study_resx3_bis/chkp_callback_poly_wfe_study_resx3_256_bis_15_cycle1
63/63 - 248s - loss: 1.0655e-06 - mean_squared_error: 1.4199e-06 - val_loss: 1.0450e-07 - val_mean_squared_error: 1.0450e-07 - 248s/epoch - 4s/step
Epoch 14/100

Epoch 00014: mean_squared_error improved from 0.00000 to 0.00000, saving model to /gpfswork/rech/ynx/ulx23va/repo/wf-SEDs/model_WFE_size/wf-outputs/chkp/wfe_study_resx3_bis/chkp_callback_poly_wfe_study_resx3_256_bis_15_cycle1
63/63 - 248s - loss: 1.0561e-06 - mean_squared_error: 1.4112e-06 - val_loss: 9.4993e-08 - val_mean_squared_error: 9.4993e-08 - 248s/epoch - 4s/step
Epoch 15/100

Epoch 00015: mean_squared_error improved from 0.00000 to 0.00000, saving model to /gpfswork/rech/ynx/ulx23va/repo/wf-SEDs/model_WFE_size/wf-outputs/chkp/wfe_study_resx3_bis/chkp_callback_poly_wfe_study_resx3_256_bis_15_cycle1
63/63 - 249s - loss: 1.0472e-06 - mean_squared_error: 1.4029e-06 - val_loss: 8.7549e-08 - val_mean_squared_error: 8.7549e-08 - 249s/epoch - 4s/step
Epoch 16/100

Epoch 00016: mean_squared_error improved from 0.00000 to 0.00000, saving model to /gpfswork/rech/ynx/ulx23va/repo/wf-SEDs/model_WFE_size/wf-outputs/chkp/wfe_study_resx3_bis/chkp_callback_poly_wfe_study_resx3_256_bis_15_cycle1
63/63 - 247s - loss: 1.0394e-06 - mean_squared_error: 1.3960e-06 - val_loss: 8.0820e-08 - val_mean_squared_error: 8.0820e-08 - 247s/epoch - 4s/step
Epoch 17/100

Epoch 00017: mean_squared_error improved from 0.00000 to 0.00000, saving model to /gpfswork/rech/ynx/ulx23va/repo/wf-SEDs/model_WFE_size/wf-outputs/chkp/wfe_study_resx3_bis/chkp_callback_poly_wfe_study_resx3_256_bis_15_cycle1
63/63 - 248s - loss: 1.0329e-06 - mean_squared_error: 1.3900e-06 - val_loss: 7.4760e-08 - val_mean_squared_error: 7.4760e-08 - 248s/epoch - 4s/step
Epoch 18/100

Epoch 00018: mean_squared_error improved from 0.00000 to 0.00000, saving model to /gpfswork/rech/ynx/ulx23va/repo/wf-SEDs/model_WFE_size/wf-outputs/chkp/wfe_study_resx3_bis/chkp_callback_poly_wfe_study_resx3_256_bis_15_cycle1
63/63 - 247s - loss: 1.0269e-06 - mean_squared_error: 1.3844e-06 - val_loss: 6.9320e-08 - val_mean_squared_error: 6.9320e-08 - 247s/epoch - 4s/step
Epoch 19/100

Epoch 00019: mean_squared_error improved from 0.00000 to 0.00000, saving model to /gpfswork/rech/ynx/ulx23va/repo/wf-SEDs/model_WFE_size/wf-outputs/chkp/wfe_study_resx3_bis/chkp_callback_poly_wfe_study_resx3_256_bis_15_cycle1
63/63 - 248s - loss: 1.0238e-06 - mean_squared_error: 1.3813e-06 - val_loss: 6.4133e-08 - val_mean_squared_error: 6.4133e-08 - 248s/epoch - 4s/step
Epoch 20/100

Epoch 00020: mean_squared_error improved from 0.00000 to 0.00000, saving model to /gpfswork/rech/ynx/ulx23va/repo/wf-SEDs/model_WFE_size/wf-outputs/chkp/wfe_study_resx3_bis/chkp_callback_poly_wfe_study_resx3_256_bis_15_cycle1
63/63 - 247s - loss: 1.0166e-06 - mean_squared_error: 1.3750e-06 - val_loss: 5.9598e-08 - val_mean_squared_error: 5.9598e-08 - 247s/epoch - 4s/step
Epoch 21/100

Epoch 00021: mean_squared_error improved from 0.00000 to 0.00000, saving model to /gpfswork/rech/ynx/ulx23va/repo/wf-SEDs/model_WFE_size/wf-outputs/chkp/wfe_study_resx3_bis/chkp_callback_poly_wfe_study_resx3_256_bis_15_cycle1
63/63 - 248s - loss: 1.0119e-06 - mean_squared_error: 1.3704e-06 - val_loss: 5.5633e-08 - val_mean_squared_error: 5.5633e-08 - 248s/epoch - 4s/step
Epoch 22/100

Epoch 00022: mean_squared_error improved from 0.00000 to 0.00000, saving model to /gpfswork/rech/ynx/ulx23va/repo/wf-SEDs/model_WFE_size/wf-outputs/chkp/wfe_study_resx3_bis/chkp_callback_poly_wfe_study_resx3_256_bis_15_cycle1
63/63 - 247s - loss: 1.0076e-06 - mean_squared_error: 1.3666e-06 - val_loss: 5.1872e-08 - val_mean_squared_error: 5.1872e-08 - 247s/epoch - 4s/step
Epoch 23/100

Epoch 00023: mean_squared_error improved from 0.00000 to 0.00000, saving model to /gpfswork/rech/ynx/ulx23va/repo/wf-SEDs/model_WFE_size/wf-outputs/chkp/wfe_study_resx3_bis/chkp_callback_poly_wfe_study_resx3_256_bis_15_cycle1
63/63 - 247s - loss: 1.0038e-06 - mean_squared_error: 1.3630e-06 - val_loss: 4.9049e-08 - val_mean_squared_error: 4.9049e-08 - 247s/epoch - 4s/step
Epoch 24/100

Epoch 00024: mean_squared_error did not improve from 0.00000
63/63 - 247s - loss: 1.0047e-06 - mean_squared_error: 1.3637e-06 - val_loss: 4.6669e-08 - val_mean_squared_error: 4.6669e-08 - 247s/epoch - 4s/step
Epoch 25/100

Epoch 00025: mean_squared_error improved from 0.00000 to 0.00000, saving model to /gpfswork/rech/ynx/ulx23va/repo/wf-SEDs/model_WFE_size/wf-outputs/chkp/wfe_study_resx3_bis/chkp_callback_poly_wfe_study_resx3_256_bis_15_cycle1
63/63 - 249s - loss: 1.0006e-06 - mean_squared_error: 1.3597e-06 - val_loss: 4.3982e-08 - val_mean_squared_error: 4.3982e-08 - 249s/epoch - 4s/step
Epoch 26/100

Epoch 00026: mean_squared_error improved from 0.00000 to 0.00000, saving model to /gpfswork/rech/ynx/ulx23va/repo/wf-SEDs/model_WFE_size/wf-outputs/chkp/wfe_study_resx3_bis/chkp_callback_poly_wfe_study_resx3_256_bis_15_cycle1
63/63 - 248s - loss: 9.9733e-07 - mean_squared_error: 1.3567e-06 - val_loss: 4.2048e-08 - val_mean_squared_error: 4.2048e-08 - 248s/epoch - 4s/step
Epoch 27/100

Epoch 00027: mean_squared_error improved from 0.00000 to 0.00000, saving model to /gpfswork/rech/ynx/ulx23va/repo/wf-SEDs/model_WFE_size/wf-outputs/chkp/wfe_study_resx3_bis/chkp_callback_poly_wfe_study_resx3_256_bis_15_cycle1
63/63 - 248s - loss: 9.9307e-07 - mean_squared_error: 1.3531e-06 - val_loss: 3.8918e-08 - val_mean_squared_error: 3.8918e-08 - 248s/epoch - 4s/step
Epoch 28/100

Epoch 00028: mean_squared_error improved from 0.00000 to 0.00000, saving model to /gpfswork/rech/ynx/ulx23va/repo/wf-SEDs/model_WFE_size/wf-outputs/chkp/wfe_study_resx3_bis/chkp_callback_poly_wfe_study_resx3_256_bis_15_cycle1
63/63 - 247s - loss: 9.9084e-07 - mean_squared_error: 1.3509e-06 - val_loss: 3.6589e-08 - val_mean_squared_error: 3.6589e-08 - 247s/epoch - 4s/step
Epoch 29/100

Epoch 00029: mean_squared_error improved from 0.00000 to 0.00000, saving model to /gpfswork/rech/ynx/ulx23va/repo/wf-SEDs/model_WFE_size/wf-outputs/chkp/wfe_study_resx3_bis/chkp_callback_poly_wfe_study_resx3_256_bis_15_cycle1
63/63 - 247s - loss: 9.8830e-07 - mean_squared_error: 1.3485e-06 - val_loss: 3.5802e-08 - val_mean_squared_error: 3.5802e-08 - 247s/epoch - 4s/step
Epoch 30/100

Epoch 00030: mean_squared_error improved from 0.00000 to 0.00000, saving model to /gpfswork/rech/ynx/ulx23va/repo/wf-SEDs/model_WFE_size/wf-outputs/chkp/wfe_study_resx3_bis/chkp_callback_poly_wfe_study_resx3_256_bis_15_cycle1
63/63 - 249s - loss: 9.8737e-07 - mean_squared_error: 1.3478e-06 - val_loss: 3.3711e-08 - val_mean_squared_error: 3.3711e-08 - 249s/epoch - 4s/step
Epoch 31/100

Epoch 00031: mean_squared_error improved from 0.00000 to 0.00000, saving model to /gpfswork/rech/ynx/ulx23va/repo/wf-SEDs/model_WFE_size/wf-outputs/chkp/wfe_study_resx3_bis/chkp_callback_poly_wfe_study_resx3_256_bis_15_cycle1
63/63 - 248s - loss: 9.8616e-07 - mean_squared_error: 1.3463e-06 - val_loss: 3.2221e-08 - val_mean_squared_error: 3.2221e-08 - 248s/epoch - 4s/step
Epoch 32/100

Epoch 00032: mean_squared_error improved from 0.00000 to 0.00000, saving model to /gpfswork/rech/ynx/ulx23va/repo/wf-SEDs/model_WFE_size/wf-outputs/chkp/wfe_study_resx3_bis/chkp_callback_poly_wfe_study_resx3_256_bis_15_cycle1
63/63 - 249s - loss: 9.8425e-07 - mean_squared_error: 1.3447e-06 - val_loss: 2.9848e-08 - val_mean_squared_error: 2.9848e-08 - 249s/epoch - 4s/step
Epoch 33/100

Epoch 00033: mean_squared_error improved from 0.00000 to 0.00000, saving model to /gpfswork/rech/ynx/ulx23va/repo/wf-SEDs/model_WFE_size/wf-outputs/chkp/wfe_study_resx3_bis/chkp_callback_poly_wfe_study_resx3_256_bis_15_cycle1
63/63 - 248s - loss: 9.8185e-07 - mean_squared_error: 1.3424e-06 - val_loss: 2.9152e-08 - val_mean_squared_error: 2.9152e-08 - 248s/epoch - 4s/step
Epoch 34/100

Epoch 00034: mean_squared_error improved from 0.00000 to 0.00000, saving model to /gpfswork/rech/ynx/ulx23va/repo/wf-SEDs/model_WFE_size/wf-outputs/chkp/wfe_study_resx3_bis/chkp_callback_poly_wfe_study_resx3_256_bis_15_cycle1
63/63 - 248s - loss: 9.8105e-07 - mean_squared_error: 1.3416e-06 - val_loss: 2.8270e-08 - val_mean_squared_error: 2.8270e-08 - 248s/epoch - 4s/step
Epoch 35/100

Epoch 00035: mean_squared_error improved from 0.00000 to 0.00000, saving model to /gpfswork/rech/ynx/ulx23va/repo/wf-SEDs/model_WFE_size/wf-outputs/chkp/wfe_study_resx3_bis/chkp_callback_poly_wfe_study_resx3_256_bis_15_cycle1
63/63 - 248s - loss: 9.7965e-07 - mean_squared_error: 1.3404e-06 - val_loss: 2.6093e-08 - val_mean_squared_error: 2.6093e-08 - 248s/epoch - 4s/step
Epoch 36/100

Epoch 00036: mean_squared_error improved from 0.00000 to 0.00000, saving model to /gpfswork/rech/ynx/ulx23va/repo/wf-SEDs/model_WFE_size/wf-outputs/chkp/wfe_study_resx3_bis/chkp_callback_poly_wfe_study_resx3_256_bis_15_cycle1
63/63 - 247s - loss: 9.7960e-07 - mean_squared_error: 1.3403e-06 - val_loss: 2.6110e-08 - val_mean_squared_error: 2.6110e-08 - 247s/epoch - 4s/step
Epoch 37/100

Epoch 00037: mean_squared_error improved from 0.00000 to 0.00000, saving model to /gpfswork/rech/ynx/ulx23va/repo/wf-SEDs/model_WFE_size/wf-outputs/chkp/wfe_study_resx3_bis/chkp_callback_poly_wfe_study_resx3_256_bis_15_cycle1
63/63 - 247s - loss: 9.7902e-07 - mean_squared_error: 1.3395e-06 - val_loss: 2.5437e-08 - val_mean_squared_error: 2.5437e-08 - 247s/epoch - 4s/step
Epoch 38/100

Epoch 00038: mean_squared_error improved from 0.00000 to 0.00000, saving model to /gpfswork/rech/ynx/ulx23va/repo/wf-SEDs/model_WFE_size/wf-outputs/chkp/wfe_study_resx3_bis/chkp_callback_poly_wfe_study_resx3_256_bis_15_cycle1
63/63 - 249s - loss: 9.7739e-07 - mean_squared_error: 1.3381e-06 - val_loss: 2.5021e-08 - val_mean_squared_error: 2.5021e-08 - 249s/epoch - 4s/step
Epoch 39/100

Epoch 00039: mean_squared_error improved from 0.00000 to 0.00000, saving model to /gpfswork/rech/ynx/ulx23va/repo/wf-SEDs/model_WFE_size/wf-outputs/chkp/wfe_study_resx3_bis/chkp_callback_poly_wfe_study_resx3_256_bis_15_cycle1
63/63 - 249s - loss: 9.7552e-07 - mean_squared_error: 1.3366e-06 - val_loss: 2.2969e-08 - val_mean_squared_error: 2.2969e-08 - 249s/epoch - 4s/step
Epoch 40/100

Epoch 00040: mean_squared_error improved from 0.00000 to 0.00000, saving model to /gpfswork/rech/ynx/ulx23va/repo/wf-SEDs/model_WFE_size/wf-outputs/chkp/wfe_study_resx3_bis/chkp_callback_poly_wfe_study_resx3_256_bis_15_cycle1
63/63 - 248s - loss: 9.7460e-07 - mean_squared_error: 1.3357e-06 - val_loss: 2.4080e-08 - val_mean_squared_error: 2.4080e-08 - 248s/epoch - 4s/step
Epoch 41/100

Epoch 00041: mean_squared_error did not improve from 0.00000
63/63 - 248s - loss: 9.7808e-07 - mean_squared_error: 1.3385e-06 - val_loss: 2.2909e-08 - val_mean_squared_error: 2.2909e-08 - 248s/epoch - 4s/step
Epoch 42/100

Epoch 00042: mean_squared_error did not improve from 0.00000
63/63 - 248s - loss: 9.8346e-07 - mean_squared_error: 1.3425e-06 - val_loss: 2.7967e-08 - val_mean_squared_error: 2.7967e-08 - 248s/epoch - 4s/step
Epoch 43/100

Epoch 00043: mean_squared_error improved from 0.00000 to 0.00000, saving model to /gpfswork/rech/ynx/ulx23va/repo/wf-SEDs/model_WFE_size/wf-outputs/chkp/wfe_study_resx3_bis/chkp_callback_poly_wfe_study_resx3_256_bis_15_cycle1
63/63 - 248s - loss: 9.7458e-07 - mean_squared_error: 1.3357e-06 - val_loss: 2.0907e-08 - val_mean_squared_error: 2.0907e-08 - 248s/epoch - 4s/step
Epoch 44/100

Epoch 00044: mean_squared_error improved from 0.00000 to 0.00000, saving model to /gpfswork/rech/ynx/ulx23va/repo/wf-SEDs/model_WFE_size/wf-outputs/chkp/wfe_study_resx3_bis/chkp_callback_poly_wfe_study_resx3_256_bis_15_cycle1
63/63 - 249s - loss: 9.7308e-07 - mean_squared_error: 1.3343e-06 - val_loss: 2.0347e-08 - val_mean_squared_error: 2.0347e-08 - 249s/epoch - 4s/step
Epoch 45/100

Epoch 00045: mean_squared_error improved from 0.00000 to 0.00000, saving model to /gpfswork/rech/ynx/ulx23va/repo/wf-SEDs/model_WFE_size/wf-outputs/chkp/wfe_study_resx3_bis/chkp_callback_poly_wfe_study_resx3_256_bis_15_cycle1
63/63 - 248s - loss: 9.7148e-07 - mean_squared_error: 1.3328e-06 - val_loss: 2.2439e-08 - val_mean_squared_error: 2.2439e-08 - 248s/epoch - 4s/step
Epoch 46/100

Epoch 00046: mean_squared_error improved from 0.00000 to 0.00000, saving model to /gpfswork/rech/ynx/ulx23va/repo/wf-SEDs/model_WFE_size/wf-outputs/chkp/wfe_study_resx3_bis/chkp_callback_poly_wfe_study_resx3_256_bis_15_cycle1
63/63 - 247s - loss: 9.7138e-07 - mean_squared_error: 1.3327e-06 - val_loss: 2.1511e-08 - val_mean_squared_error: 2.1511e-08 - 247s/epoch - 4s/step
Epoch 47/100

Epoch 00047: mean_squared_error improved from 0.00000 to 0.00000, saving model to /gpfswork/rech/ynx/ulx23va/repo/wf-SEDs/model_WFE_size/wf-outputs/chkp/wfe_study_resx3_bis/chkp_callback_poly_wfe_study_resx3_256_bis_15_cycle1
63/63 - 247s - loss: 9.7092e-07 - mean_squared_error: 1.3321e-06 - val_loss: 1.9153e-08 - val_mean_squared_error: 1.9153e-08 - 247s/epoch - 4s/step
Epoch 48/100

Epoch 00048: mean_squared_error improved from 0.00000 to 0.00000, saving model to /gpfswork/rech/ynx/ulx23va/repo/wf-SEDs/model_WFE_size/wf-outputs/chkp/wfe_study_resx3_bis/chkp_callback_poly_wfe_study_resx3_256_bis_15_cycle1
63/63 - 248s - loss: 9.7041e-07 - mean_squared_error: 1.3316e-06 - val_loss: 1.9575e-08 - val_mean_squared_error: 1.9575e-08 - 248s/epoch - 4s/step
Epoch 49/100

Epoch 00049: mean_squared_error did not improve from 0.00000
63/63 - 248s - loss: 9.7327e-07 - mean_squared_error: 1.3339e-06 - val_loss: 1.9366e-08 - val_mean_squared_error: 1.9366e-08 - 248s/epoch - 4s/step
Epoch 50/100

Epoch 00050: mean_squared_error did not improve from 0.00000
63/63 - 247s - loss: 9.7073e-07 - mean_squared_error: 1.3317e-06 - val_loss: 2.1820e-08 - val_mean_squared_error: 2.1820e-08 - 247s/epoch - 4s/step
Epoch 51/100

Epoch 00051: mean_squared_error did not improve from 0.00000
63/63 - 245s - loss: 9.7088e-07 - mean_squared_error: 1.3320e-06 - val_loss: 2.4415e-08 - val_mean_squared_error: 2.4415e-08 - 245s/epoch - 4s/step
Epoch 52/100

Epoch 00052: mean_squared_error did not improve from 0.00000
63/63 - 245s - loss: 9.7355e-07 - mean_squared_error: 1.3343e-06 - val_loss: 1.9060e-08 - val_mean_squared_error: 1.9060e-08 - 245s/epoch - 4s/step
Epoch 53/100

Epoch 00053: mean_squared_error improved from 0.00000 to 0.00000, saving model to /gpfswork/rech/ynx/ulx23va/repo/wf-SEDs/model_WFE_size/wf-outputs/chkp/wfe_study_resx3_bis/chkp_callback_poly_wfe_study_resx3_256_bis_15_cycle1
63/63 - 244s - loss: 9.6775e-07 - mean_squared_error: 1.3293e-06 - val_loss: 1.7192e-08 - val_mean_squared_error: 1.7192e-08 - 244s/epoch - 4s/step
Epoch 54/100

Epoch 00054: mean_squared_error did not improve from 0.00000
63/63 - 245s - loss: 9.6901e-07 - mean_squared_error: 1.3300e-06 - val_loss: 1.8640e-08 - val_mean_squared_error: 1.8640e-08 - 245s/epoch - 4s/step
Epoch 55/100

Epoch 00055: mean_squared_error improved from 0.00000 to 0.00000, saving model to /gpfswork/rech/ynx/ulx23va/repo/wf-SEDs/model_WFE_size/wf-outputs/chkp/wfe_study_resx3_bis/chkp_callback_poly_wfe_study_resx3_256_bis_15_cycle1
63/63 - 244s - loss: 9.6642e-07 - mean_squared_error: 1.3281e-06 - val_loss: 1.5481e-08 - val_mean_squared_error: 1.5481e-08 - 244s/epoch - 4s/step
Epoch 56/100

Epoch 00056: mean_squared_error did not improve from 0.00000
63/63 - 244s - loss: 9.6708e-07 - mean_squared_error: 1.3285e-06 - val_loss: 1.5215e-08 - val_mean_squared_error: 1.5215e-08 - 244s/epoch - 4s/step
Epoch 57/100

Epoch 00057: mean_squared_error did not improve from 0.00000
63/63 - 245s - loss: 9.6726e-07 - mean_squared_error: 1.3287e-06 - val_loss: 1.6723e-08 - val_mean_squared_error: 1.6723e-08 - 245s/epoch - 4s/step
Epoch 58/100

Epoch 00058: mean_squared_error did not improve from 0.00000
63/63 - 244s - loss: 9.6694e-07 - mean_squared_error: 1.3282e-06 - val_loss: 1.6786e-08 - val_mean_squared_error: 1.6786e-08 - 244s/epoch - 4s/step
Epoch 59/100

Epoch 00059: mean_squared_error did not improve from 0.00000
63/63 - 245s - loss: 9.6855e-07 - mean_squared_error: 1.3298e-06 - val_loss: 1.4312e-08 - val_mean_squared_error: 1.4312e-08 - 245s/epoch - 4s/step
Epoch 60/100

Epoch 00060: mean_squared_error improved from 0.00000 to 0.00000, saving model to /gpfswork/rech/ynx/ulx23va/repo/wf-SEDs/model_WFE_size/wf-outputs/chkp/wfe_study_resx3_bis/chkp_callback_poly_wfe_study_resx3_256_bis_15_cycle1
63/63 - 245s - loss: 9.6428e-07 - mean_squared_error: 1.3259e-06 - val_loss: 1.3414e-08 - val_mean_squared_error: 1.3414e-08 - 245s/epoch - 4s/step
Epoch 61/100

Epoch 00061: mean_squared_error did not improve from 0.00000
63/63 - 245s - loss: 9.6443e-07 - mean_squared_error: 1.3260e-06 - val_loss: 1.3560e-08 - val_mean_squared_error: 1.3560e-08 - 245s/epoch - 4s/step
Epoch 62/100

Epoch 00062: mean_squared_error improved from 0.00000 to 0.00000, saving model to /gpfswork/rech/ynx/ulx23va/repo/wf-SEDs/model_WFE_size/wf-outputs/chkp/wfe_study_resx3_bis/chkp_callback_poly_wfe_study_resx3_256_bis_15_cycle1
63/63 - 247s - loss: 9.6375e-07 - mean_squared_error: 1.3255e-06 - val_loss: 1.4216e-08 - val_mean_squared_error: 1.4216e-08 - 247s/epoch - 4s/step
Epoch 63/100

Epoch 00063: mean_squared_error improved from 0.00000 to 0.00000, saving model to /gpfswork/rech/ynx/ulx23va/repo/wf-SEDs/model_WFE_size/wf-outputs/chkp/wfe_study_resx3_bis/chkp_callback_poly_wfe_study_resx3_256_bis_15_cycle1
63/63 - 246s - loss: 9.6339e-07 - mean_squared_error: 1.3251e-06 - val_loss: 1.3614e-08 - val_mean_squared_error: 1.3614e-08 - 246s/epoch - 4s/step
Epoch 64/100

Epoch 00064: mean_squared_error did not improve from 0.00000
63/63 - 246s - loss: 9.6344e-07 - mean_squared_error: 1.3252e-06 - val_loss: 1.3849e-08 - val_mean_squared_error: 1.3849e-08 - 246s/epoch - 4s/step
Epoch 65/100

Epoch 00065: mean_squared_error improved from 0.00000 to 0.00000, saving model to /gpfswork/rech/ynx/ulx23va/repo/wf-SEDs/model_WFE_size/wf-outputs/chkp/wfe_study_resx3_bis/chkp_callback_poly_wfe_study_resx3_256_bis_15_cycle1
63/63 - 246s - loss: 9.6294e-07 - mean_squared_error: 1.3247e-06 - val_loss: 1.3223e-08 - val_mean_squared_error: 1.3223e-08 - 246s/epoch - 4s/step
Epoch 66/100

Epoch 00066: mean_squared_error did not improve from 0.00000
63/63 - 246s - loss: 9.6533e-07 - mean_squared_error: 1.3264e-06 - val_loss: 1.5328e-08 - val_mean_squared_error: 1.5328e-08 - 246s/epoch - 4s/step
Epoch 67/100

Epoch 00067: mean_squared_error did not improve from 0.00000
63/63 - 246s - loss: 9.6623e-07 - mean_squared_error: 1.3275e-06 - val_loss: 1.3941e-08 - val_mean_squared_error: 1.3941e-08 - 246s/epoch - 4s/step
Epoch 68/100

Epoch 00068: mean_squared_error did not improve from 0.00000
63/63 - 246s - loss: 9.6628e-07 - mean_squared_error: 1.3274e-06 - val_loss: 3.4036e-08 - val_mean_squared_error: 3.4036e-08 - 246s/epoch - 4s/step
Epoch 69/100

Epoch 00069: mean_squared_error did not improve from 0.00000
63/63 - 246s - loss: 9.6895e-07 - mean_squared_error: 1.3302e-06 - val_loss: 1.2082e-08 - val_mean_squared_error: 1.2082e-08 - 246s/epoch - 4s/step
Epoch 70/100

Epoch 00070: mean_squared_error did not improve from 0.00000
63/63 - 248s - loss: 9.6286e-07 - mean_squared_error: 1.3247e-06 - val_loss: 1.5362e-08 - val_mean_squared_error: 1.5362e-08 - 248s/epoch - 4s/step
Epoch 71/100

Epoch 00071: mean_squared_error did not improve from 0.00000
63/63 - 246s - loss: 9.6466e-07 - mean_squared_error: 1.3259e-06 - val_loss: 1.2140e-08 - val_mean_squared_error: 1.2140e-08 - 246s/epoch - 4s/step
Epoch 72/100

Epoch 00072: mean_squared_error improved from 0.00000 to 0.00000, saving model to /gpfswork/rech/ynx/ulx23va/repo/wf-SEDs/model_WFE_size/wf-outputs/chkp/wfe_study_resx3_bis/chkp_callback_poly_wfe_study_resx3_256_bis_15_cycle1
63/63 - 247s - loss: 9.6223e-07 - mean_squared_error: 1.3240e-06 - val_loss: 1.0831e-08 - val_mean_squared_error: 1.0831e-08 - 247s/epoch - 4s/step
Epoch 73/100

Epoch 00073: mean_squared_error did not improve from 0.00000
63/63 - 246s - loss: 9.6275e-07 - mean_squared_error: 1.3244e-06 - val_loss: 1.2294e-08 - val_mean_squared_error: 1.2294e-08 - 246s/epoch - 4s/step
Epoch 74/100

Epoch 00074: mean_squared_error improved from 0.00000 to 0.00000, saving model to /gpfswork/rech/ynx/ulx23va/repo/wf-SEDs/model_WFE_size/wf-outputs/chkp/wfe_study_resx3_bis/chkp_callback_poly_wfe_study_resx3_256_bis_15_cycle1
63/63 - 247s - loss: 9.6185e-07 - mean_squared_error: 1.3237e-06 - val_loss: 1.1443e-08 - val_mean_squared_error: 1.1443e-08 - 247s/epoch - 4s/step
Epoch 75/100

Epoch 00075: mean_squared_error improved from 0.00000 to 0.00000, saving model to /gpfswork/rech/ynx/ulx23va/repo/wf-SEDs/model_WFE_size/wf-outputs/chkp/wfe_study_resx3_bis/chkp_callback_poly_wfe_study_resx3_256_bis_15_cycle1
63/63 - 247s - loss: 9.6061e-07 - mean_squared_error: 1.3224e-06 - val_loss: 1.0249e-08 - val_mean_squared_error: 1.0249e-08 - 247s/epoch - 4s/step
Epoch 76/100

Epoch 00076: mean_squared_error improved from 0.00000 to 0.00000, saving model to /gpfswork/rech/ynx/ulx23va/repo/wf-SEDs/model_WFE_size/wf-outputs/chkp/wfe_study_resx3_bis/chkp_callback_poly_wfe_study_resx3_256_bis_15_cycle1
63/63 - 245s - loss: 9.6034e-07 - mean_squared_error: 1.3223e-06 - val_loss: 1.1540e-08 - val_mean_squared_error: 1.1540e-08 - 245s/epoch - 4s/step
Epoch 77/100

Epoch 00077: mean_squared_error did not improve from 0.00000
63/63 - 246s - loss: 9.6077e-07 - mean_squared_error: 1.3227e-06 - val_loss: 1.2532e-08 - val_mean_squared_error: 1.2532e-08 - 246s/epoch - 4s/step
Epoch 78/100

Epoch 00078: mean_squared_error did not improve from 0.00000
63/63 - 246s - loss: 9.6094e-07 - mean_squared_error: 1.3228e-06 - val_loss: 1.0318e-08 - val_mean_squared_error: 1.0318e-08 - 246s/epoch - 4s/step
Epoch 79/100

Epoch 00079: mean_squared_error did not improve from 0.00000
63/63 - 246s - loss: 9.6067e-07 - mean_squared_error: 1.3225e-06 - val_loss: 1.1559e-08 - val_mean_squared_error: 1.1559e-08 - 246s/epoch - 4s/step
Epoch 80/100

Epoch 00080: mean_squared_error did not improve from 0.00000
63/63 - 246s - loss: 9.6108e-07 - mean_squared_error: 1.3228e-06 - val_loss: 1.0351e-08 - val_mean_squared_error: 1.0351e-08 - 246s/epoch - 4s/step
Epoch 81/100

Epoch 00081: mean_squared_error improved from 0.00000 to 0.00000, saving model to /gpfswork/rech/ynx/ulx23va/repo/wf-SEDs/model_WFE_size/wf-outputs/chkp/wfe_study_resx3_bis/chkp_callback_poly_wfe_study_resx3_256_bis_15_cycle1
63/63 - 246s - loss: 9.6004e-07 - mean_squared_error: 1.3219e-06 - val_loss: 1.0682e-08 - val_mean_squared_error: 1.0682e-08 - 246s/epoch - 4s/step
Epoch 82/100

Epoch 00082: mean_squared_error did not improve from 0.00000
63/63 - 244s - loss: 9.6126e-07 - mean_squared_error: 1.3227e-06 - val_loss: 1.1710e-08 - val_mean_squared_error: 1.1710e-08 - 244s/epoch - 4s/step
Epoch 83/100

Epoch 00083: mean_squared_error did not improve from 0.00000
63/63 - 245s - loss: 9.6087e-07 - mean_squared_error: 1.3226e-06 - val_loss: 9.7050e-09 - val_mean_squared_error: 9.7050e-09 - 245s/epoch - 4s/step
Epoch 84/100

Epoch 00084: mean_squared_error did not improve from 0.00000
63/63 - 245s - loss: 9.6121e-07 - mean_squared_error: 1.3229e-06 - val_loss: 1.2891e-08 - val_mean_squared_error: 1.2891e-08 - 245s/epoch - 4s/step
Epoch 85/100

Epoch 00085: mean_squared_error did not improve from 0.00000
63/63 - 245s - loss: 9.6112e-07 - mean_squared_error: 1.3228e-06 - val_loss: 1.1228e-08 - val_mean_squared_error: 1.1228e-08 - 245s/epoch - 4s/step
Epoch 86/100

Epoch 00086: mean_squared_error did not improve from 0.00000
63/63 - 246s - loss: 9.6039e-07 - mean_squared_error: 1.3222e-06 - val_loss: 1.0538e-08 - val_mean_squared_error: 1.0538e-08 - 246s/epoch - 4s/step
Epoch 87/100

Epoch 00087: mean_squared_error improved from 0.00000 to 0.00000, saving model to /gpfswork/rech/ynx/ulx23va/repo/wf-SEDs/model_WFE_size/wf-outputs/chkp/wfe_study_resx3_bis/chkp_callback_poly_wfe_study_resx3_256_bis_15_cycle1
63/63 - 246s - loss: 9.5890e-07 - mean_squared_error: 1.3210e-06 - val_loss: 1.1935e-08 - val_mean_squared_error: 1.1935e-08 - 246s/epoch - 4s/step
Epoch 88/100

Epoch 00088: mean_squared_error improved from 0.00000 to 0.00000, saving model to /gpfswork/rech/ynx/ulx23va/repo/wf-SEDs/model_WFE_size/wf-outputs/chkp/wfe_study_resx3_bis/chkp_callback_poly_wfe_study_resx3_256_bis_15_cycle1
63/63 - 245s - loss: 9.5866e-07 - mean_squared_error: 1.3208e-06 - val_loss: 1.0722e-08 - val_mean_squared_error: 1.0722e-08 - 245s/epoch - 4s/step
Epoch 89/100

Epoch 00089: mean_squared_error did not improve from 0.00000
63/63 - 245s - loss: 9.5937e-07 - mean_squared_error: 1.3213e-06 - val_loss: 1.0577e-08 - val_mean_squared_error: 1.0577e-08 - 245s/epoch - 4s/step
Epoch 90/100

Epoch 00090: mean_squared_error did not improve from 0.00000
63/63 - 245s - loss: 9.5925e-07 - mean_squared_error: 1.3213e-06 - val_loss: 9.7739e-09 - val_mean_squared_error: 9.7739e-09 - 245s/epoch - 4s/step
Epoch 91/100

Epoch 00091: mean_squared_error did not improve from 0.00000
63/63 - 246s - loss: 9.6606e-07 - mean_squared_error: 1.3266e-06 - val_loss: 1.1830e-08 - val_mean_squared_error: 1.1830e-08 - 246s/epoch - 4s/step
Epoch 92/100

Epoch 00092: mean_squared_error did not improve from 0.00000
63/63 - 246s - loss: 9.5959e-07 - mean_squared_error: 1.3214e-06 - val_loss: 9.3713e-09 - val_mean_squared_error: 9.3713e-09 - 246s/epoch - 4s/step
Epoch 93/100

Epoch 00093: mean_squared_error improved from 0.00000 to 0.00000, saving model to /gpfswork/rech/ynx/ulx23va/repo/wf-SEDs/model_WFE_size/wf-outputs/chkp/wfe_study_resx3_bis/chkp_callback_poly_wfe_study_resx3_256_bis_15_cycle1
63/63 - 246s - loss: 9.5800e-07 - mean_squared_error: 1.3202e-06 - val_loss: 8.9817e-09 - val_mean_squared_error: 8.9817e-09 - 246s/epoch - 4s/step
Epoch 94/100

Epoch 00094: mean_squared_error did not improve from 0.00000
63/63 - 246s - loss: 9.5863e-07 - mean_squared_error: 1.3206e-06 - val_loss: 1.0841e-08 - val_mean_squared_error: 1.0841e-08 - 246s/epoch - 4s/step
Epoch 95/100

Epoch 00095: mean_squared_error did not improve from 0.00000
63/63 - 246s - loss: 9.6604e-07 - mean_squared_error: 1.3267e-06 - val_loss: 1.4745e-08 - val_mean_squared_error: 1.4745e-08 - 246s/epoch - 4s/step
Epoch 96/100

Epoch 00096: mean_squared_error did not improve from 0.00000
63/63 - 247s - loss: 9.6194e-07 - mean_squared_error: 1.3232e-06 - val_loss: 8.8920e-09 - val_mean_squared_error: 8.8920e-09 - 247s/epoch - 4s/step
Epoch 97/100

Epoch 00097: mean_squared_error did not improve from 0.00000
63/63 - 246s - loss: 9.5847e-07 - mean_squared_error: 1.3205e-06 - val_loss: 8.1183e-09 - val_mean_squared_error: 8.1183e-09 - 246s/epoch - 4s/step
Epoch 98/100

Epoch 00098: mean_squared_error improved from 0.00000 to 0.00000, saving model to /gpfswork/rech/ynx/ulx23va/repo/wf-SEDs/model_WFE_size/wf-outputs/chkp/wfe_study_resx3_bis/chkp_callback_poly_wfe_study_resx3_256_bis_15_cycle1
63/63 - 246s - loss: 9.5710e-07 - mean_squared_error: 1.3193e-06 - val_loss: 8.7081e-09 - val_mean_squared_error: 8.7081e-09 - 246s/epoch - 4s/step
Epoch 99/100

Epoch 00099: mean_squared_error improved from 0.00000 to 0.00000, saving model to /gpfswork/rech/ynx/ulx23va/repo/wf-SEDs/model_WFE_size/wf-outputs/chkp/wfe_study_resx3_bis/chkp_callback_poly_wfe_study_resx3_256_bis_15_cycle1
63/63 - 246s - loss: 9.5706e-07 - mean_squared_error: 1.3193e-06 - val_loss: 8.4413e-09 - val_mean_squared_error: 8.4413e-09 - 246s/epoch - 4s/step
Epoch 100/100

Epoch 00100: mean_squared_error did not improve from 0.00000
63/63 - 246s - loss: 9.5725e-07 - mean_squared_error: 1.3194e-06 - val_loss: 8.7127e-09 - val_mean_squared_error: 8.7127e-09 - 246s/epoch - 4s/step
Cycle1 elapsed time: 28443.208336
Starting cycle 2..
Starting parametric update..
Epoch 1/15

Epoch 00001: mean_squared_error improved from inf to 0.00000, saving model to /gpfswork/rech/ynx/ulx23va/repo/wf-SEDs/model_WFE_size/wf-outputs/chkp/wfe_study_resx3_bis/chkp_callback_poly_wfe_study_resx3_256_bis_15_cycle2
63/63 - 250s - loss: 9.5674e-07 - mean_squared_error: 1.3190e-06 - val_loss: 8.5158e-09 - val_mean_squared_error: 8.5158e-09 - 250s/epoch - 4s/step
Epoch 2/15

Epoch 00002: mean_squared_error did not improve from 0.00000
63/63 - 246s - loss: 9.5748e-07 - mean_squared_error: 1.3196e-06 - val_loss: 9.8682e-09 - val_mean_squared_error: 9.8682e-09 - 246s/epoch - 4s/step
Epoch 3/15

Epoch 00003: mean_squared_error did not improve from 0.00000
63/63 - 247s - loss: 9.5885e-07 - mean_squared_error: 1.3209e-06 - val_loss: 1.4827e-08 - val_mean_squared_error: 1.4827e-08 - 247s/epoch - 4s/step
Epoch 4/15

Epoch 00004: mean_squared_error did not improve from 0.00000
63/63 - 245s - loss: 9.7769e-07 - mean_squared_error: 1.3358e-06 - val_loss: 2.3227e-08 - val_mean_squared_error: 2.3227e-08 - 245s/epoch - 4s/step
Epoch 5/15

Epoch 00005: mean_squared_error did not improve from 0.00000
63/63 - 246s - loss: 9.6173e-07 - mean_squared_error: 1.3232e-06 - val_loss: 8.7013e-09 - val_mean_squared_error: 8.7013e-09 - 246s/epoch - 4s/step
Epoch 6/15

Epoch 00006: mean_squared_error did not improve from 0.00000
63/63 - 247s - loss: 9.5853e-07 - mean_squared_error: 1.3205e-06 - val_loss: 1.1933e-08 - val_mean_squared_error: 1.1933e-08 - 247s/epoch - 4s/step
Epoch 7/15

Epoch 00007: mean_squared_error did not improve from 0.00000
63/63 - 250s - loss: 9.6070e-07 - mean_squared_error: 1.3223e-06 - val_loss: 9.9532e-09 - val_mean_squared_error: 9.9532e-09 - 250s/epoch - 4s/step
Epoch 8/15

Epoch 00008: mean_squared_error did not improve from 0.00000
63/63 - 246s - loss: 9.5984e-07 - mean_squared_error: 1.3219e-06 - val_loss: 2.6098e-08 - val_mean_squared_error: 2.6098e-08 - 246s/epoch - 4s/step
Epoch 9/15

Epoch 00009: mean_squared_error did not improve from 0.00000
63/63 - 247s - loss: 9.6333e-07 - mean_squared_error: 1.3251e-06 - val_loss: 1.4604e-08 - val_mean_squared_error: 1.4604e-08 - 247s/epoch - 4s/step
Epoch 10/15

Epoch 00010: mean_squared_error did not improve from 0.00000
63/63 - 249s - loss: 9.6101e-07 - mean_squared_error: 1.3227e-06 - val_loss: 1.1506e-08 - val_mean_squared_error: 1.1506e-08 - 249s/epoch - 4s/step
Epoch 11/15

Epoch 00011: mean_squared_error did not improve from 0.00000
63/63 - 246s - loss: 9.6602e-07 - mean_squared_error: 1.3265e-06 - val_loss: 5.7609e-08 - val_mean_squared_error: 5.7609e-08 - 246s/epoch - 4s/step
Epoch 12/15

Epoch 00012: mean_squared_error did not improve from 0.00000
63/63 - 247s - loss: 1.0568e-06 - mean_squared_error: 1.4019e-06 - val_loss: 6.8273e-08 - val_mean_squared_error: 6.8273e-08 - 247s/epoch - 4s/step
Epoch 13/15

Epoch 00013: mean_squared_error did not improve from 0.00000
63/63 - 246s - loss: 9.8182e-07 - mean_squared_error: 1.3411e-06 - val_loss: 1.2546e-08 - val_mean_squared_error: 1.2546e-08 - 246s/epoch - 4s/step
Epoch 14/15

Epoch 00014: mean_squared_error did not improve from 0.00000
63/63 - 248s - loss: 9.6070e-07 - mean_squared_error: 1.3224e-06 - val_loss: 2.2446e-08 - val_mean_squared_error: 2.2446e-08 - 248s/epoch - 4s/step
Epoch 15/15

Epoch 00015: mean_squared_error did not improve from 0.00000
63/63 - 246s - loss: 9.6726e-07 - mean_squared_error: 1.3280e-06 - val_loss: 1.9830e-08 - val_mean_squared_error: 1.9830e-08 - 246s/epoch - 4s/step
Starting non-parametric update..
Epoch 1/50

Epoch 00001: mean_squared_error did not improve from 0.00000
63/63 - 249s - loss: 9.5927e-07 - mean_squared_error: 1.3213e-06 - val_loss: 7.5296e-09 - val_mean_squared_error: 7.5296e-09 - 249s/epoch - 4s/step
Epoch 2/50

Epoch 00002: mean_squared_error improved from 0.00000 to 0.00000, saving model to /gpfswork/rech/ynx/ulx23va/repo/wf-SEDs/model_WFE_size/wf-outputs/chkp/wfe_study_resx3_bis/chkp_callback_poly_wfe_study_resx3_256_bis_15_cycle2
63/63 - 246s - loss: 9.5520e-07 - mean_squared_error: 1.3176e-06 - val_loss: 7.0023e-09 - val_mean_squared_error: 7.0023e-09 - 246s/epoch - 4s/step
Epoch 3/50

Epoch 00003: mean_squared_error improved from 0.00000 to 0.00000, saving model to /gpfswork/rech/ynx/ulx23va/repo/wf-SEDs/model_WFE_size/wf-outputs/chkp/wfe_study_resx3_bis/chkp_callback_poly_wfe_study_resx3_256_bis_15_cycle2
63/63 - 247s - loss: 9.5494e-07 - mean_squared_error: 1.3174e-06 - val_loss: 6.8952e-09 - val_mean_squared_error: 6.8952e-09 - 247s/epoch - 4s/step
Epoch 4/50

Epoch 00004: mean_squared_error improved from 0.00000 to 0.00000, saving model to /gpfswork/rech/ynx/ulx23va/repo/wf-SEDs/model_WFE_size/wf-outputs/chkp/wfe_study_resx3_bis/chkp_callback_poly_wfe_study_resx3_256_bis_15_cycle2
63/63 - 247s - loss: 9.5487e-07 - mean_squared_error: 1.3174e-06 - val_loss: 6.8794e-09 - val_mean_squared_error: 6.8794e-09 - 247s/epoch - 4s/step
Epoch 5/50

Epoch 00005: mean_squared_error improved from 0.00000 to 0.00000, saving model to /gpfswork/rech/ynx/ulx23va/repo/wf-SEDs/model_WFE_size/wf-outputs/chkp/wfe_study_resx3_bis/chkp_callback_poly_wfe_study_resx3_256_bis_15_cycle2
63/63 - 247s - loss: 9.5483e-07 - mean_squared_error: 1.3173e-06 - val_loss: 6.8071e-09 - val_mean_squared_error: 6.8071e-09 - 247s/epoch - 4s/step
Epoch 6/50

Epoch 00006: mean_squared_error did not improve from 0.00000
63/63 - 247s - loss: 9.5488e-07 - mean_squared_error: 1.3174e-06 - val_loss: 6.7499e-09 - val_mean_squared_error: 6.7499e-09 - 247s/epoch - 4s/step
Epoch 7/50

Epoch 00007: mean_squared_error did not improve from 0.00000
63/63 - 250s - loss: 9.5488e-07 - mean_squared_error: 1.3174e-06 - val_loss: 7.0519e-09 - val_mean_squared_error: 7.0519e-09 - 250s/epoch - 4s/step
Epoch 8/50

Epoch 00008: mean_squared_error did not improve from 0.00000
63/63 - 247s - loss: 9.5491e-07 - mean_squared_error: 1.3174e-06 - val_loss: 6.7820e-09 - val_mean_squared_error: 6.7820e-09 - 247s/epoch - 4s/step
Epoch 9/50

Epoch 00009: mean_squared_error did not improve from 0.00000
63/63 - 249s - loss: 9.5489e-07 - mean_squared_error: 1.3174e-06 - val_loss: 6.7869e-09 - val_mean_squared_error: 6.7869e-09 - 249s/epoch - 4s/step
Epoch 10/50

Epoch 00010: mean_squared_error did not improve from 0.00000
63/63 - 247s - loss: 9.5500e-07 - mean_squared_error: 1.3175e-06 - val_loss: 6.9613e-09 - val_mean_squared_error: 6.9613e-09 - 247s/epoch - 4s/step
Epoch 11/50

Epoch 00011: mean_squared_error improved from 0.00000 to 0.00000, saving model to /gpfswork/rech/ynx/ulx23va/repo/wf-SEDs/model_WFE_size/wf-outputs/chkp/wfe_study_resx3_bis/chkp_callback_poly_wfe_study_resx3_256_bis_15_cycle2
63/63 - 246s - loss: 9.5479e-07 - mean_squared_error: 1.3173e-06 - val_loss: 6.8154e-09 - val_mean_squared_error: 6.8154e-09 - 246s/epoch - 4s/step
Epoch 12/50

Epoch 00012: mean_squared_error did not improve from 0.00000
63/63 - 249s - loss: 9.5483e-07 - mean_squared_error: 1.3173e-06 - val_loss: 6.9652e-09 - val_mean_squared_error: 6.9652e-09 - 249s/epoch - 4s/step
Epoch 13/50

Epoch 00013: mean_squared_error improved from 0.00000 to 0.00000, saving model to /gpfswork/rech/ynx/ulx23va/repo/wf-SEDs/model_WFE_size/wf-outputs/chkp/wfe_study_resx3_bis/chkp_callback_poly_wfe_study_resx3_256_bis_15_cycle2
63/63 - 247s - loss: 9.5477e-07 - mean_squared_error: 1.3173e-06 - val_loss: 6.6518e-09 - val_mean_squared_error: 6.6518e-09 - 247s/epoch - 4s/step
Epoch 14/50

Epoch 00014: mean_squared_error improved from 0.00000 to 0.00000, saving model to /gpfswork/rech/ynx/ulx23va/repo/wf-SEDs/model_WFE_size/wf-outputs/chkp/wfe_study_resx3_bis/chkp_callback_poly_wfe_study_resx3_256_bis_15_cycle2
63/63 - 249s - loss: 9.5473e-07 - mean_squared_error: 1.3172e-06 - val_loss: 6.6922e-09 - val_mean_squared_error: 6.6922e-09 - 249s/epoch - 4s/step
Epoch 15/50

Epoch 00015: mean_squared_error improved from 0.00000 to 0.00000, saving model to /gpfswork/rech/ynx/ulx23va/repo/wf-SEDs/model_WFE_size/wf-outputs/chkp/wfe_study_resx3_bis/chkp_callback_poly_wfe_study_resx3_256_bis_15_cycle2
63/63 - 247s - loss: 9.5467e-07 - mean_squared_error: 1.3172e-06 - val_loss: 6.7305e-09 - val_mean_squared_error: 6.7305e-09 - 247s/epoch - 4s/step
Epoch 16/50

Epoch 00016: mean_squared_error did not improve from 0.00000
63/63 - 246s - loss: 9.5484e-07 - mean_squared_error: 1.3173e-06 - val_loss: 6.8359e-09 - val_mean_squared_error: 6.8359e-09 - 246s/epoch - 4s/step
Epoch 17/50

Epoch 00017: mean_squared_error did not improve from 0.00000
63/63 - 247s - loss: 9.5478e-07 - mean_squared_error: 1.3173e-06 - val_loss: 6.8884e-09 - val_mean_squared_error: 6.8884e-09 - 247s/epoch - 4s/step
Epoch 18/50

Epoch 00018: mean_squared_error did not improve from 0.00000
63/63 - 247s - loss: 9.5474e-07 - mean_squared_error: 1.3172e-06 - val_loss: 6.8474e-09 - val_mean_squared_error: 6.8474e-09 - 247s/epoch - 4s/step
Epoch 19/50

Epoch 00019: mean_squared_error improved from 0.00000 to 0.00000, saving model to /gpfswork/rech/ynx/ulx23va/repo/wf-SEDs/model_WFE_size/wf-outputs/chkp/wfe_study_resx3_bis/chkp_callback_poly_wfe_study_resx3_256_bis_15_cycle2
63/63 - 247s - loss: 9.5467e-07 - mean_squared_error: 1.3172e-06 - val_loss: 6.7211e-09 - val_mean_squared_error: 6.7211e-09 - 247s/epoch - 4s/step
Epoch 20/50

Epoch 00020: mean_squared_error improved from 0.00000 to 0.00000, saving model to /gpfswork/rech/ynx/ulx23va/repo/wf-SEDs/model_WFE_size/wf-outputs/chkp/wfe_study_resx3_bis/chkp_callback_poly_wfe_study_resx3_256_bis_15_cycle2
63/63 - 246s - loss: 9.5464e-07 - mean_squared_error: 1.3171e-06 - val_loss: 6.6388e-09 - val_mean_squared_error: 6.6388e-09 - 246s/epoch - 4s/step
Epoch 21/50

Epoch 00021: mean_squared_error did not improve from 0.00000
63/63 - 249s - loss: 9.5466e-07 - mean_squared_error: 1.3172e-06 - val_loss: 6.6380e-09 - val_mean_squared_error: 6.6380e-09 - 249s/epoch - 4s/step
Epoch 22/50

Epoch 00022: mean_squared_error improved from 0.00000 to 0.00000, saving model to /gpfswork/rech/ynx/ulx23va/repo/wf-SEDs/model_WFE_size/wf-outputs/chkp/wfe_study_resx3_bis/chkp_callback_poly_wfe_study_resx3_256_bis_15_cycle2
63/63 - 248s - loss: 9.5462e-07 - mean_squared_error: 1.3171e-06 - val_loss: 7.0443e-09 - val_mean_squared_error: 7.0443e-09 - 248s/epoch - 4s/step
Epoch 23/50

Epoch 00023: mean_squared_error did not improve from 0.00000
63/63 - 248s - loss: 9.5468e-07 - mean_squared_error: 1.3172e-06 - val_loss: 6.7964e-09 - val_mean_squared_error: 6.7964e-09 - 248s/epoch - 4s/step
Epoch 24/50

Epoch 00024: mean_squared_error did not improve from 0.00000
63/63 - 247s - loss: 9.5468e-07 - mean_squared_error: 1.3172e-06 - val_loss: 6.7444e-09 - val_mean_squared_error: 6.7444e-09 - 247s/epoch - 4s/step
Epoch 25/50

Epoch 00025: mean_squared_error improved from 0.00000 to 0.00000, saving model to /gpfswork/rech/ynx/ulx23va/repo/wf-SEDs/model_WFE_size/wf-outputs/chkp/wfe_study_resx3_bis/chkp_callback_poly_wfe_study_resx3_256_bis_15_cycle2
63/63 - 248s - loss: 9.5457e-07 - mean_squared_error: 1.3171e-06 - val_loss: 6.7498e-09 - val_mean_squared_error: 6.7498e-09 - 248s/epoch - 4s/step
Epoch 26/50

Epoch 00026: mean_squared_error improved from 0.00000 to 0.00000, saving model to /gpfswork/rech/ynx/ulx23va/repo/wf-SEDs/model_WFE_size/wf-outputs/chkp/wfe_study_resx3_bis/chkp_callback_poly_wfe_study_resx3_256_bis_15_cycle2
63/63 - 248s - loss: 9.5448e-07 - mean_squared_error: 1.3170e-06 - val_loss: 6.7626e-09 - val_mean_squared_error: 6.7626e-09 - 248s/epoch - 4s/step
Epoch 27/50

Epoch 00027: mean_squared_error did not improve from 0.00000
63/63 - 247s - loss: 9.5459e-07 - mean_squared_error: 1.3172e-06 - val_loss: 6.5446e-09 - val_mean_squared_error: 6.5446e-09 - 247s/epoch - 4s/step
Epoch 28/50

Epoch 00028: mean_squared_error did not improve from 0.00000
63/63 - 248s - loss: 9.5467e-07 - mean_squared_error: 1.3171e-06 - val_loss: 6.5979e-09 - val_mean_squared_error: 6.5979e-09 - 248s/epoch - 4s/step
Epoch 29/50

Epoch 00029: mean_squared_error did not improve from 0.00000
63/63 - 247s - loss: 9.5466e-07 - mean_squared_error: 1.3172e-06 - val_loss: 6.8367e-09 - val_mean_squared_error: 6.8367e-09 - 247s/epoch - 4s/step
Epoch 30/50

Epoch 00030: mean_squared_error improved from 0.00000 to 0.00000, saving model to /gpfswork/rech/ynx/ulx23va/repo/wf-SEDs/model_WFE_size/wf-outputs/chkp/wfe_study_resx3_bis/chkp_callback_poly_wfe_study_resx3_256_bis_15_cycle2
63/63 - 247s - loss: 9.5436e-07 - mean_squared_error: 1.3169e-06 - val_loss: 6.6748e-09 - val_mean_squared_error: 6.6748e-09 - 247s/epoch - 4s/step
Epoch 31/50

Epoch 00031: mean_squared_error did not improve from 0.00000
63/63 - 247s - loss: 9.5455e-07 - mean_squared_error: 1.3171e-06 - val_loss: 6.7870e-09 - val_mean_squared_error: 6.7870e-09 - 247s/epoch - 4s/step
Epoch 32/50

Epoch 00032: mean_squared_error improved from 0.00000 to 0.00000, saving model to /gpfswork/rech/ynx/ulx23va/repo/wf-SEDs/model_WFE_size/wf-outputs/chkp/wfe_study_resx3_bis/chkp_callback_poly_wfe_study_resx3_256_bis_15_cycle2
63/63 - 248s - loss: 9.5439e-07 - mean_squared_error: 1.3169e-06 - val_loss: 6.6412e-09 - val_mean_squared_error: 6.6412e-09 - 248s/epoch - 4s/step
Epoch 33/50

Epoch 00033: mean_squared_error did not improve from 0.00000
63/63 - 247s - loss: 9.5446e-07 - mean_squared_error: 1.3170e-06 - val_loss: 6.6119e-09 - val_mean_squared_error: 6.6119e-09 - 247s/epoch - 4s/step
Epoch 34/50

Epoch 00034: mean_squared_error improved from 0.00000 to 0.00000, saving model to /gpfswork/rech/ynx/ulx23va/repo/wf-SEDs/model_WFE_size/wf-outputs/chkp/wfe_study_resx3_bis/chkp_callback_poly_wfe_study_resx3_256_bis_15_cycle2
63/63 - 246s - loss: 9.5432e-07 - mean_squared_error: 1.3168e-06 - val_loss: 6.5829e-09 - val_mean_squared_error: 6.5829e-09 - 246s/epoch - 4s/step
Epoch 35/50

Epoch 00035: mean_squared_error improved from 0.00000 to 0.00000, saving model to /gpfswork/rech/ynx/ulx23va/repo/wf-SEDs/model_WFE_size/wf-outputs/chkp/wfe_study_resx3_bis/chkp_callback_poly_wfe_study_resx3_256_bis_15_cycle2
63/63 - 247s - loss: 9.5427e-07 - mean_squared_error: 1.3168e-06 - val_loss: 6.8437e-09 - val_mean_squared_error: 6.8437e-09 - 247s/epoch - 4s/step
Epoch 36/50

Epoch 00036: mean_squared_error did not improve from 0.00000
63/63 - 247s - loss: 9.5448e-07 - mean_squared_error: 1.3169e-06 - val_loss: 6.6400e-09 - val_mean_squared_error: 6.6400e-09 - 247s/epoch - 4s/step
Epoch 37/50

Epoch 00037: mean_squared_error did not improve from 0.00000
63/63 - 247s - loss: 9.5438e-07 - mean_squared_error: 1.3169e-06 - val_loss: 6.5241e-09 - val_mean_squared_error: 6.5241e-09 - 247s/epoch - 4s/step
Epoch 38/50

Epoch 00038: mean_squared_error did not improve from 0.00000
63/63 - 249s - loss: 9.5436e-07 - mean_squared_error: 1.3169e-06 - val_loss: 6.5115e-09 - val_mean_squared_error: 6.5115e-09 - 249s/epoch - 4s/step
Epoch 39/50

Epoch 00039: mean_squared_error did not improve from 0.00000
63/63 - 248s - loss: 9.5438e-07 - mean_squared_error: 1.3169e-06 - val_loss: 6.4428e-09 - val_mean_squared_error: 6.4428e-09 - 248s/epoch - 4s/step
Epoch 40/50

Epoch 00040: mean_squared_error improved from 0.00000 to 0.00000, saving model to /gpfswork/rech/ynx/ulx23va/repo/wf-SEDs/model_WFE_size/wf-outputs/chkp/wfe_study_resx3_bis/chkp_callback_poly_wfe_study_resx3_256_bis_15_cycle2
63/63 - 247s - loss: 9.5415e-07 - mean_squared_error: 1.3167e-06 - val_loss: 6.5937e-09 - val_mean_squared_error: 6.5937e-09 - 247s/epoch - 4s/step
Epoch 41/50

Epoch 00041: mean_squared_error did not improve from 0.00000
63/63 - 248s - loss: 9.5438e-07 - mean_squared_error: 1.3169e-06 - val_loss: 6.8234e-09 - val_mean_squared_error: 6.8234e-09 - 248s/epoch - 4s/step
Epoch 42/50

Epoch 00042: mean_squared_error improved from 0.00000 to 0.00000, saving model to /gpfswork/rech/ynx/ulx23va/repo/wf-SEDs/model_WFE_size/wf-outputs/chkp/wfe_study_resx3_bis/chkp_callback_poly_wfe_study_resx3_256_bis_15_cycle2
63/63 - 248s - loss: 9.5411e-07 - mean_squared_error: 1.3166e-06 - val_loss: 6.4042e-09 - val_mean_squared_error: 6.4042e-09 - 248s/epoch - 4s/step
Epoch 43/50

Epoch 00043: mean_squared_error did not improve from 0.00000
63/63 - 247s - loss: 9.5430e-07 - mean_squared_error: 1.3167e-06 - val_loss: 6.6719e-09 - val_mean_squared_error: 6.6719e-09 - 247s/epoch - 4s/step
Epoch 44/50

Epoch 00044: mean_squared_error did not improve from 0.00000
63/63 - 246s - loss: 9.5420e-07 - mean_squared_error: 1.3168e-06 - val_loss: 6.3207e-09 - val_mean_squared_error: 6.3207e-09 - 246s/epoch - 4s/step
Epoch 45/50

Epoch 00045: mean_squared_error did not improve from 0.00000
63/63 - 247s - loss: 9.5419e-07 - mean_squared_error: 1.3167e-06 - val_loss: 6.8783e-09 - val_mean_squared_error: 6.8783e-09 - 247s/epoch - 4s/step
Epoch 46/50

Epoch 00046: mean_squared_error improved from 0.00000 to 0.00000, saving model to /gpfswork/rech/ynx/ulx23va/repo/wf-SEDs/model_WFE_size/wf-outputs/chkp/wfe_study_resx3_bis/chkp_callback_poly_wfe_study_resx3_256_bis_15_cycle2
63/63 - 249s - loss: 9.5404e-07 - mean_squared_error: 1.3166e-06 - val_loss: 6.3914e-09 - val_mean_squared_error: 6.3914e-09 - 249s/epoch - 4s/step
Epoch 47/50

Epoch 00047: mean_squared_error improved from 0.00000 to 0.00000, saving model to /gpfswork/rech/ynx/ulx23va/repo/wf-SEDs/model_WFE_size/wf-outputs/chkp/wfe_study_resx3_bis/chkp_callback_poly_wfe_study_resx3_256_bis_15_cycle2
63/63 - 248s - loss: 9.5394e-07 - mean_squared_error: 1.3165e-06 - val_loss: 6.7235e-09 - val_mean_squared_error: 6.7235e-09 - 248s/epoch - 4s/step
Epoch 48/50

Epoch 00048: mean_squared_error did not improve from 0.00000
63/63 - 248s - loss: 9.5438e-07 - mean_squared_error: 1.3168e-06 - val_loss: 7.0388e-09 - val_mean_squared_error: 7.0388e-09 - 248s/epoch - 4s/step
Epoch 49/50

Epoch 00049: mean_squared_error did not improve from 0.00000
63/63 - 246s - loss: 9.5430e-07 - mean_squared_error: 1.3168e-06 - val_loss: 6.5120e-09 - val_mean_squared_error: 6.5120e-09 - 246s/epoch - 4s/step
Epoch 50/50

Epoch 00050: mean_squared_error did not improve from 0.00000
63/63 - 248s - loss: 9.5469e-07 - mean_squared_error: 1.3172e-06 - val_loss: 8.2576e-09 - val_mean_squared_error: 8.2576e-09 - 248s/epoch - 4s/step
Cycle2 elapsed time: 16083.746248

Total elapsed time: 44530.962526

 Good bye..
