Starting the log file.
Found GPU at: /device:GPU:0
tf_version: 2.7.0
Zernike cube:
(15, 128, 128)
Dataset parameters:
{'d_max': 2, 'max_order': 45, 'x_lims': [0, 1000.0], 'y_lims': [0, 1000.0], 'grid_points': [4, 4], 'n_bins': 20, 'max_wfe_rms': 0.1, 'oversampling_rate': 3.0, 'output_Q': 3.0, 'output_dim': 32, 'LP_filter_length': 2, 'pupil_diameter': 4096, 'euclid_obsc': True, 'n_stars': 2000}
Starting cycle 1..
Starting parametric update..
Epoch 1/15

Epoch 00001: mean_squared_error improved from inf to 0.00001, saving model to /gpfswork/rech/ynx/ulx23va/repo/wf-SEDs/model_WFE_size/wf-outputs/chkp/wfe_study_resx3_bis/chkp_callback_poly_wfe_study_resx3_128_bis_12_cycle1
63/63 - 253s - loss: 7.7854e-06 - mean_squared_error: 7.4393e-06 - val_loss: 1.8607e-06 - val_mean_squared_error: 1.8607e-06 - 253s/epoch - 4s/step
Epoch 2/15

Epoch 00002: mean_squared_error improved from 0.00001 to 0.00000, saving model to /gpfswork/rech/ynx/ulx23va/repo/wf-SEDs/model_WFE_size/wf-outputs/chkp/wfe_study_resx3_bis/chkp_callback_poly_wfe_study_resx3_128_bis_12_cycle1
63/63 - 247s - loss: 2.6557e-06 - mean_squared_error: 2.8308e-06 - val_loss: 1.2712e-06 - val_mean_squared_error: 1.2712e-06 - 247s/epoch - 4s/step
Epoch 3/15

Epoch 00003: mean_squared_error improved from 0.00000 to 0.00000, saving model to /gpfswork/rech/ynx/ulx23va/repo/wf-SEDs/model_WFE_size/wf-outputs/chkp/wfe_study_resx3_bis/chkp_callback_poly_wfe_study_resx3_128_bis_12_cycle1
63/63 - 246s - loss: 2.2302e-06 - mean_squared_error: 2.4489e-06 - val_loss: 1.0286e-06 - val_mean_squared_error: 1.0286e-06 - 246s/epoch - 4s/step
Epoch 4/15

Epoch 00004: mean_squared_error improved from 0.00000 to 0.00000, saving model to /gpfswork/rech/ynx/ulx23va/repo/wf-SEDs/model_WFE_size/wf-outputs/chkp/wfe_study_resx3_bis/chkp_callback_poly_wfe_study_resx3_128_bis_12_cycle1
63/63 - 246s - loss: 2.0254e-06 - mean_squared_error: 2.2663e-06 - val_loss: 9.0893e-07 - val_mean_squared_error: 9.0893e-07 - 246s/epoch - 4s/step
Epoch 5/15

Epoch 00005: mean_squared_error improved from 0.00000 to 0.00000, saving model to /gpfswork/rech/ynx/ulx23va/repo/wf-SEDs/model_WFE_size/wf-outputs/chkp/wfe_study_resx3_bis/chkp_callback_poly_wfe_study_resx3_128_bis_12_cycle1
63/63 - 247s - loss: 1.9569e-06 - mean_squared_error: 2.1949e-06 - val_loss: 8.9441e-07 - val_mean_squared_error: 8.9441e-07 - 247s/epoch - 4s/step
Epoch 6/15

Epoch 00006: mean_squared_error improved from 0.00000 to 0.00000, saving model to /gpfswork/rech/ynx/ulx23va/repo/wf-SEDs/model_WFE_size/wf-outputs/chkp/wfe_study_resx3_bis/chkp_callback_poly_wfe_study_resx3_128_bis_12_cycle1
63/63 - 247s - loss: 1.8965e-06 - mean_squared_error: 2.1351e-06 - val_loss: 7.5604e-07 - val_mean_squared_error: 7.5604e-07 - 247s/epoch - 4s/step
Epoch 7/15

Epoch 00007: mean_squared_error improved from 0.00000 to 0.00000, saving model to /gpfswork/rech/ynx/ulx23va/repo/wf-SEDs/model_WFE_size/wf-outputs/chkp/wfe_study_resx3_bis/chkp_callback_poly_wfe_study_resx3_128_bis_12_cycle1
63/63 - 249s - loss: 1.8339e-06 - mean_squared_error: 2.0713e-06 - val_loss: 7.8764e-07 - val_mean_squared_error: 7.8764e-07 - 249s/epoch - 4s/step
Epoch 8/15

Epoch 00008: mean_squared_error improved from 0.00000 to 0.00000, saving model to /gpfswork/rech/ynx/ulx23va/repo/wf-SEDs/model_WFE_size/wf-outputs/chkp/wfe_study_resx3_bis/chkp_callback_poly_wfe_study_resx3_128_bis_12_cycle1
63/63 - 248s - loss: 1.7892e-06 - mean_squared_error: 2.0549e-06 - val_loss: 7.1533e-07 - val_mean_squared_error: 7.1533e-07 - 248s/epoch - 4s/step
Epoch 9/15

Epoch 00009: mean_squared_error improved from 0.00000 to 0.00000, saving model to /gpfswork/rech/ynx/ulx23va/repo/wf-SEDs/model_WFE_size/wf-outputs/chkp/wfe_study_resx3_bis/chkp_callback_poly_wfe_study_resx3_128_bis_12_cycle1
63/63 - 248s - loss: 1.7706e-06 - mean_squared_error: 2.0402e-06 - val_loss: 6.8902e-07 - val_mean_squared_error: 6.8902e-07 - 248s/epoch - 4s/step
Epoch 10/15

Epoch 00010: mean_squared_error did not improve from 0.00000
63/63 - 249s - loss: 1.8043e-06 - mean_squared_error: 2.0642e-06 - val_loss: 7.7772e-07 - val_mean_squared_error: 7.7772e-07 - 249s/epoch - 4s/step
Epoch 11/15

Epoch 00011: mean_squared_error improved from 0.00000 to 0.00000, saving model to /gpfswork/rech/ynx/ulx23va/repo/wf-SEDs/model_WFE_size/wf-outputs/chkp/wfe_study_resx3_bis/chkp_callback_poly_wfe_study_resx3_128_bis_12_cycle1
63/63 - 247s - loss: 1.7729e-06 - mean_squared_error: 2.0371e-06 - val_loss: 7.2354e-07 - val_mean_squared_error: 7.2354e-07 - 247s/epoch - 4s/step
Epoch 12/15

Epoch 00012: mean_squared_error improved from 0.00000 to 0.00000, saving model to /gpfswork/rech/ynx/ulx23va/repo/wf-SEDs/model_WFE_size/wf-outputs/chkp/wfe_study_resx3_bis/chkp_callback_poly_wfe_study_resx3_128_bis_12_cycle1
63/63 - 249s - loss: 1.7337e-06 - mean_squared_error: 2.0074e-06 - val_loss: 7.0958e-07 - val_mean_squared_error: 7.0958e-07 - 249s/epoch - 4s/step
Epoch 13/15

Epoch 00013: mean_squared_error did not improve from 0.00000
63/63 - 246s - loss: 1.8781e-06 - mean_squared_error: 2.1255e-06 - val_loss: 8.2814e-07 - val_mean_squared_error: 8.2814e-07 - 246s/epoch - 4s/step
Epoch 14/15

Epoch 00014: mean_squared_error did not improve from 0.00000
63/63 - 247s - loss: 1.8118e-06 - mean_squared_error: 2.0717e-06 - val_loss: 7.9406e-07 - val_mean_squared_error: 7.9406e-07 - 247s/epoch - 4s/step
Epoch 15/15

Epoch 00015: mean_squared_error did not improve from 0.00000
63/63 - 247s - loss: 1.8212e-06 - mean_squared_error: 2.0690e-06 - val_loss: 8.6082e-07 - val_mean_squared_error: 8.6082e-07 - 247s/epoch - 4s/step
Starting non-parametric update..
Epoch 1/100

Epoch 00001: mean_squared_error improved from 0.00000 to 0.00000, saving model to /gpfswork/rech/ynx/ulx23va/repo/wf-SEDs/model_WFE_size/wf-outputs/chkp/wfe_study_resx3_bis/chkp_callback_poly_wfe_study_resx3_128_bis_12_cycle1
63/63 - 256s - loss: 1.6661e-06 - mean_squared_error: 1.9566e-06 - val_loss: 5.1481e-07 - val_mean_squared_error: 5.1481e-07 - 256s/epoch - 4s/step
Epoch 2/100

Epoch 00002: mean_squared_error improved from 0.00000 to 0.00000, saving model to /gpfswork/rech/ynx/ulx23va/repo/wf-SEDs/model_WFE_size/wf-outputs/chkp/wfe_study_resx3_bis/chkp_callback_poly_wfe_study_resx3_128_bis_12_cycle1
63/63 - 256s - loss: 1.4200e-06 - mean_squared_error: 1.7419e-06 - val_loss: 3.5825e-07 - val_mean_squared_error: 3.5825e-07 - 256s/epoch - 4s/step
Epoch 3/100

Epoch 00003: mean_squared_error improved from 0.00000 to 0.00000, saving model to /gpfswork/rech/ynx/ulx23va/repo/wf-SEDs/model_WFE_size/wf-outputs/chkp/wfe_study_resx3_bis/chkp_callback_poly_wfe_study_resx3_128_bis_12_cycle1
63/63 - 256s - loss: 1.2795e-06 - mean_squared_error: 1.6143e-06 - val_loss: 2.5749e-07 - val_mean_squared_error: 2.5749e-07 - 256s/epoch - 4s/step
Epoch 4/100

Epoch 00004: mean_squared_error improved from 0.00000 to 0.00000, saving model to /gpfswork/rech/ynx/ulx23va/repo/wf-SEDs/model_WFE_size/wf-outputs/chkp/wfe_study_resx3_bis/chkp_callback_poly_wfe_study_resx3_128_bis_12_cycle1
63/63 - 257s - loss: 1.1899e-06 - mean_squared_error: 1.5328e-06 - val_loss: 1.8879e-07 - val_mean_squared_error: 1.8879e-07 - 257s/epoch - 4s/step
Epoch 5/100

Epoch 00005: mean_squared_error improved from 0.00000 to 0.00000, saving model to /gpfswork/rech/ynx/ulx23va/repo/wf-SEDs/model_WFE_size/wf-outputs/chkp/wfe_study_resx3_bis/chkp_callback_poly_wfe_study_resx3_128_bis_12_cycle1
63/63 - 257s - loss: 1.1288e-06 - mean_squared_error: 1.4767e-06 - val_loss: 1.4784e-07 - val_mean_squared_error: 1.4784e-07 - 257s/epoch - 4s/step
Epoch 6/100

Epoch 00006: mean_squared_error improved from 0.00000 to 0.00000, saving model to /gpfswork/rech/ynx/ulx23va/repo/wf-SEDs/model_WFE_size/wf-outputs/chkp/wfe_study_resx3_bis/chkp_callback_poly_wfe_study_resx3_128_bis_12_cycle1
63/63 - 257s - loss: 1.0920e-06 - mean_squared_error: 1.4437e-06 - val_loss: 1.1777e-07 - val_mean_squared_error: 1.1777e-07 - 257s/epoch - 4s/step
Epoch 7/100

Epoch 00007: mean_squared_error improved from 0.00000 to 0.00000, saving model to /gpfswork/rech/ynx/ulx23va/repo/wf-SEDs/model_WFE_size/wf-outputs/chkp/wfe_study_resx3_bis/chkp_callback_poly_wfe_study_resx3_128_bis_12_cycle1
63/63 - 256s - loss: 1.0643e-06 - mean_squared_error: 1.4184e-06 - val_loss: 9.7481e-08 - val_mean_squared_error: 9.7481e-08 - 256s/epoch - 4s/step
Epoch 8/100

Epoch 00008: mean_squared_error improved from 0.00000 to 0.00000, saving model to /gpfswork/rech/ynx/ulx23va/repo/wf-SEDs/model_WFE_size/wf-outputs/chkp/wfe_study_resx3_bis/chkp_callback_poly_wfe_study_resx3_128_bis_12_cycle1
63/63 - 257s - loss: 1.0479e-06 - mean_squared_error: 1.4035e-06 - val_loss: 8.8593e-08 - val_mean_squared_error: 8.8593e-08 - 257s/epoch - 4s/step
Epoch 9/100

Epoch 00009: mean_squared_error improved from 0.00000 to 0.00000, saving model to /gpfswork/rech/ynx/ulx23va/repo/wf-SEDs/model_WFE_size/wf-outputs/chkp/wfe_study_resx3_bis/chkp_callback_poly_wfe_study_resx3_128_bis_12_cycle1
63/63 - 256s - loss: 1.0375e-06 - mean_squared_error: 1.3935e-06 - val_loss: 7.9079e-08 - val_mean_squared_error: 7.9079e-08 - 256s/epoch - 4s/step
Epoch 10/100

Epoch 00010: mean_squared_error improved from 0.00000 to 0.00000, saving model to /gpfswork/rech/ynx/ulx23va/repo/wf-SEDs/model_WFE_size/wf-outputs/chkp/wfe_study_resx3_bis/chkp_callback_poly_wfe_study_resx3_128_bis_12_cycle1
63/63 - 257s - loss: 1.0279e-06 - mean_squared_error: 1.3852e-06 - val_loss: 6.8552e-08 - val_mean_squared_error: 6.8552e-08 - 257s/epoch - 4s/step
Epoch 11/100

Epoch 00011: mean_squared_error improved from 0.00000 to 0.00000, saving model to /gpfswork/rech/ynx/ulx23va/repo/wf-SEDs/model_WFE_size/wf-outputs/chkp/wfe_study_resx3_bis/chkp_callback_poly_wfe_study_resx3_128_bis_12_cycle1
63/63 - 255s - loss: 1.0185e-06 - mean_squared_error: 1.3764e-06 - val_loss: 6.0226e-08 - val_mean_squared_error: 6.0226e-08 - 255s/epoch - 4s/step
Epoch 12/100

Epoch 00012: mean_squared_error improved from 0.00000 to 0.00000, saving model to /gpfswork/rech/ynx/ulx23va/repo/wf-SEDs/model_WFE_size/wf-outputs/chkp/wfe_study_resx3_bis/chkp_callback_poly_wfe_study_resx3_128_bis_12_cycle1
63/63 - 255s - loss: 1.0121e-06 - mean_squared_error: 1.3703e-06 - val_loss: 5.5956e-08 - val_mean_squared_error: 5.5956e-08 - 255s/epoch - 4s/step
Epoch 13/100

Epoch 00013: mean_squared_error improved from 0.00000 to 0.00000, saving model to /gpfswork/rech/ynx/ulx23va/repo/wf-SEDs/model_WFE_size/wf-outputs/chkp/wfe_study_resx3_bis/chkp_callback_poly_wfe_study_resx3_128_bis_12_cycle1
63/63 - 254s - loss: 1.0078e-06 - mean_squared_error: 1.3661e-06 - val_loss: 5.6591e-08 - val_mean_squared_error: 5.6591e-08 - 254s/epoch - 4s/step
Epoch 14/100

Epoch 00014: mean_squared_error improved from 0.00000 to 0.00000, saving model to /gpfswork/rech/ynx/ulx23va/repo/wf-SEDs/model_WFE_size/wf-outputs/chkp/wfe_study_resx3_bis/chkp_callback_poly_wfe_study_resx3_128_bis_12_cycle1
63/63 - 252s - loss: 1.0057e-06 - mean_squared_error: 1.3643e-06 - val_loss: 4.8121e-08 - val_mean_squared_error: 4.8121e-08 - 252s/epoch - 4s/step
Epoch 15/100

Epoch 00015: mean_squared_error improved from 0.00000 to 0.00000, saving model to /gpfswork/rech/ynx/ulx23va/repo/wf-SEDs/model_WFE_size/wf-outputs/chkp/wfe_study_resx3_bis/chkp_callback_poly_wfe_study_resx3_128_bis_12_cycle1
63/63 - 254s - loss: 9.9937e-07 - mean_squared_error: 1.3584e-06 - val_loss: 4.5996e-08 - val_mean_squared_error: 4.5996e-08 - 254s/epoch - 4s/step
Epoch 16/100

Epoch 00016: mean_squared_error improved from 0.00000 to 0.00000, saving model to /gpfswork/rech/ynx/ulx23va/repo/wf-SEDs/model_WFE_size/wf-outputs/chkp/wfe_study_resx3_bis/chkp_callback_poly_wfe_study_resx3_128_bis_12_cycle1
63/63 - 255s - loss: 9.9751e-07 - mean_squared_error: 1.3567e-06 - val_loss: 4.5037e-08 - val_mean_squared_error: 4.5037e-08 - 255s/epoch - 4s/step
Epoch 17/100

Epoch 00017: mean_squared_error improved from 0.00000 to 0.00000, saving model to /gpfswork/rech/ynx/ulx23va/repo/wf-SEDs/model_WFE_size/wf-outputs/chkp/wfe_study_resx3_bis/chkp_callback_poly_wfe_study_resx3_128_bis_12_cycle1
63/63 - 255s - loss: 9.9382e-07 - mean_squared_error: 1.3533e-06 - val_loss: 4.0461e-08 - val_mean_squared_error: 4.0461e-08 - 255s/epoch - 4s/step
Epoch 18/100

Epoch 00018: mean_squared_error did not improve from 0.00000
63/63 - 253s - loss: 9.9667e-07 - mean_squared_error: 1.3557e-06 - val_loss: 4.2576e-08 - val_mean_squared_error: 4.2576e-08 - 253s/epoch - 4s/step
Epoch 19/100

Epoch 00019: mean_squared_error improved from 0.00000 to 0.00000, saving model to /gpfswork/rech/ynx/ulx23va/repo/wf-SEDs/model_WFE_size/wf-outputs/chkp/wfe_study_resx3_bis/chkp_callback_poly_wfe_study_resx3_128_bis_12_cycle1
63/63 - 256s - loss: 9.9280e-07 - mean_squared_error: 1.3520e-06 - val_loss: 3.7143e-08 - val_mean_squared_error: 3.7143e-08 - 256s/epoch - 4s/step
Epoch 20/100

Epoch 00020: mean_squared_error improved from 0.00000 to 0.00000, saving model to /gpfswork/rech/ynx/ulx23va/repo/wf-SEDs/model_WFE_size/wf-outputs/chkp/wfe_study_resx3_bis/chkp_callback_poly_wfe_study_resx3_128_bis_12_cycle1
63/63 - 254s - loss: 9.9032e-07 - mean_squared_error: 1.3499e-06 - val_loss: 3.8786e-08 - val_mean_squared_error: 3.8786e-08 - 254s/epoch - 4s/step
Epoch 21/100

Epoch 00021: mean_squared_error improved from 0.00000 to 0.00000, saving model to /gpfswork/rech/ynx/ulx23va/repo/wf-SEDs/model_WFE_size/wf-outputs/chkp/wfe_study_resx3_bis/chkp_callback_poly_wfe_study_resx3_128_bis_12_cycle1
63/63 - 255s - loss: 9.8588e-07 - mean_squared_error: 1.3460e-06 - val_loss: 3.4597e-08 - val_mean_squared_error: 3.4597e-08 - 255s/epoch - 4s/step
Epoch 22/100

Epoch 00022: mean_squared_error did not improve from 0.00000
63/63 - 255s - loss: 9.8959e-07 - mean_squared_error: 1.3488e-06 - val_loss: 4.3987e-08 - val_mean_squared_error: 4.3987e-08 - 255s/epoch - 4s/step
Epoch 23/100

Epoch 00023: mean_squared_error did not improve from 0.00000
63/63 - 256s - loss: 1.0032e-06 - mean_squared_error: 1.3599e-06 - val_loss: 4.9536e-08 - val_mean_squared_error: 4.9536e-08 - 256s/epoch - 4s/step
Epoch 24/100

Epoch 00024: mean_squared_error did not improve from 0.00000
63/63 - 255s - loss: 9.9980e-07 - mean_squared_error: 1.3563e-06 - val_loss: 3.3928e-08 - val_mean_squared_error: 3.3928e-08 - 255s/epoch - 4s/step
Epoch 25/100

Epoch 00025: mean_squared_error did not improve from 0.00000
63/63 - 255s - loss: 9.8820e-07 - mean_squared_error: 1.3471e-06 - val_loss: 3.5507e-08 - val_mean_squared_error: 3.5507e-08 - 255s/epoch - 4s/step
Epoch 26/100

Epoch 00026: mean_squared_error improved from 0.00000 to 0.00000, saving model to /gpfswork/rech/ynx/ulx23va/repo/wf-SEDs/model_WFE_size/wf-outputs/chkp/wfe_study_resx3_bis/chkp_callback_poly_wfe_study_resx3_128_bis_12_cycle1
63/63 - 254s - loss: 9.8519e-07 - mean_squared_error: 1.3447e-06 - val_loss: 3.0986e-08 - val_mean_squared_error: 3.0986e-08 - 254s/epoch - 4s/step
Epoch 27/100

Epoch 00027: mean_squared_error improved from 0.00000 to 0.00000, saving model to /gpfswork/rech/ynx/ulx23va/repo/wf-SEDs/model_WFE_size/wf-outputs/chkp/wfe_study_resx3_bis/chkp_callback_poly_wfe_study_resx3_128_bis_12_cycle1
63/63 - 253s - loss: 9.8118e-07 - mean_squared_error: 1.3416e-06 - val_loss: 2.9053e-08 - val_mean_squared_error: 2.9053e-08 - 253s/epoch - 4s/step
Epoch 28/100

Epoch 00028: mean_squared_error improved from 0.00000 to 0.00000, saving model to /gpfswork/rech/ynx/ulx23va/repo/wf-SEDs/model_WFE_size/wf-outputs/chkp/wfe_study_resx3_bis/chkp_callback_poly_wfe_study_resx3_128_bis_12_cycle1
63/63 - 255s - loss: 9.7750e-07 - mean_squared_error: 1.3382e-06 - val_loss: 2.6134e-08 - val_mean_squared_error: 2.6134e-08 - 255s/epoch - 4s/step
Epoch 29/100

Epoch 00029: mean_squared_error improved from 0.00000 to 0.00000, saving model to /gpfswork/rech/ynx/ulx23va/repo/wf-SEDs/model_WFE_size/wf-outputs/chkp/wfe_study_resx3_bis/chkp_callback_poly_wfe_study_resx3_128_bis_12_cycle1
63/63 - 255s - loss: 9.7708e-07 - mean_squared_error: 1.3379e-06 - val_loss: 2.6581e-08 - val_mean_squared_error: 2.6581e-08 - 255s/epoch - 4s/step
Epoch 30/100

Epoch 00030: mean_squared_error improved from 0.00000 to 0.00000, saving model to /gpfswork/rech/ynx/ulx23va/repo/wf-SEDs/model_WFE_size/wf-outputs/chkp/wfe_study_resx3_bis/chkp_callback_poly_wfe_study_resx3_128_bis_12_cycle1
63/63 - 256s - loss: 9.7672e-07 - mean_squared_error: 1.3374e-06 - val_loss: 2.6662e-08 - val_mean_squared_error: 2.6662e-08 - 256s/epoch - 4s/step
Epoch 31/100

Epoch 00031: mean_squared_error did not improve from 0.00000
63/63 - 255s - loss: 9.7787e-07 - mean_squared_error: 1.3382e-06 - val_loss: 3.2243e-08 - val_mean_squared_error: 3.2243e-08 - 255s/epoch - 4s/step
Epoch 32/100

Epoch 00032: mean_squared_error did not improve from 0.00000
63/63 - 254s - loss: 1.0150e-06 - mean_squared_error: 1.3690e-06 - val_loss: 3.5313e-08 - val_mean_squared_error: 3.5313e-08 - 254s/epoch - 4s/step
Epoch 33/100

Epoch 00033: mean_squared_error did not improve from 0.00000
63/63 - 255s - loss: 9.8031e-07 - mean_squared_error: 1.3401e-06 - val_loss: 2.4922e-08 - val_mean_squared_error: 2.4922e-08 - 255s/epoch - 4s/step
Epoch 34/100

Epoch 00034: mean_squared_error improved from 0.00000 to 0.00000, saving model to /gpfswork/rech/ynx/ulx23va/repo/wf-SEDs/model_WFE_size/wf-outputs/chkp/wfe_study_resx3_bis/chkp_callback_poly_wfe_study_resx3_128_bis_12_cycle1
63/63 - 255s - loss: 9.7472e-07 - mean_squared_error: 1.3356e-06 - val_loss: 2.2517e-08 - val_mean_squared_error: 2.2517e-08 - 255s/epoch - 4s/step
Epoch 35/100

Epoch 00035: mean_squared_error improved from 0.00000 to 0.00000, saving model to /gpfswork/rech/ynx/ulx23va/repo/wf-SEDs/model_WFE_size/wf-outputs/chkp/wfe_study_resx3_bis/chkp_callback_poly_wfe_study_resx3_128_bis_12_cycle1
63/63 - 255s - loss: 9.7266e-07 - mean_squared_error: 1.3336e-06 - val_loss: 2.2824e-08 - val_mean_squared_error: 2.2824e-08 - 255s/epoch - 4s/step
Epoch 36/100

Epoch 00036: mean_squared_error did not improve from 0.00000
63/63 - 254s - loss: 9.7345e-07 - mean_squared_error: 1.3344e-06 - val_loss: 2.2094e-08 - val_mean_squared_error: 2.2094e-08 - 254s/epoch - 4s/step
Epoch 37/100

Epoch 00037: mean_squared_error improved from 0.00000 to 0.00000, saving model to /gpfswork/rech/ynx/ulx23va/repo/wf-SEDs/model_WFE_size/wf-outputs/chkp/wfe_study_resx3_bis/chkp_callback_poly_wfe_study_resx3_128_bis_12_cycle1
63/63 - 255s - loss: 9.7256e-07 - mean_squared_error: 1.3335e-06 - val_loss: 2.0636e-08 - val_mean_squared_error: 2.0636e-08 - 255s/epoch - 4s/step
Epoch 38/100

Epoch 00038: mean_squared_error improved from 0.00000 to 0.00000, saving model to /gpfswork/rech/ynx/ulx23va/repo/wf-SEDs/model_WFE_size/wf-outputs/chkp/wfe_study_resx3_bis/chkp_callback_poly_wfe_study_resx3_128_bis_12_cycle1
63/63 - 254s - loss: 9.7218e-07 - mean_squared_error: 1.3332e-06 - val_loss: 2.2281e-08 - val_mean_squared_error: 2.2281e-08 - 254s/epoch - 4s/step
Epoch 39/100

Epoch 00039: mean_squared_error improved from 0.00000 to 0.00000, saving model to /gpfswork/rech/ynx/ulx23va/repo/wf-SEDs/model_WFE_size/wf-outputs/chkp/wfe_study_resx3_bis/chkp_callback_poly_wfe_study_resx3_128_bis_12_cycle1
63/63 - 254s - loss: 9.7115e-07 - mean_squared_error: 1.3323e-06 - val_loss: 2.0886e-08 - val_mean_squared_error: 2.0886e-08 - 254s/epoch - 4s/step
Epoch 40/100

Epoch 00040: mean_squared_error improved from 0.00000 to 0.00000, saving model to /gpfswork/rech/ynx/ulx23va/repo/wf-SEDs/model_WFE_size/wf-outputs/chkp/wfe_study_resx3_bis/chkp_callback_poly_wfe_study_resx3_128_bis_12_cycle1
63/63 - 254s - loss: 9.7112e-07 - mean_squared_error: 1.3322e-06 - val_loss: 2.0290e-08 - val_mean_squared_error: 2.0290e-08 - 254s/epoch - 4s/step
Epoch 41/100

Epoch 00041: mean_squared_error improved from 0.00000 to 0.00000, saving model to /gpfswork/rech/ynx/ulx23va/repo/wf-SEDs/model_WFE_size/wf-outputs/chkp/wfe_study_resx3_bis/chkp_callback_poly_wfe_study_resx3_128_bis_12_cycle1
63/63 - 251s - loss: 9.7061e-07 - mean_squared_error: 1.3316e-06 - val_loss: 1.9361e-08 - val_mean_squared_error: 1.9361e-08 - 251s/epoch - 4s/step
Epoch 42/100

Epoch 00042: mean_squared_error improved from 0.00000 to 0.00000, saving model to /gpfswork/rech/ynx/ulx23va/repo/wf-SEDs/model_WFE_size/wf-outputs/chkp/wfe_study_resx3_bis/chkp_callback_poly_wfe_study_resx3_128_bis_12_cycle1
63/63 - 256s - loss: 9.6943e-07 - mean_squared_error: 1.3307e-06 - val_loss: 2.0183e-08 - val_mean_squared_error: 2.0183e-08 - 256s/epoch - 4s/step
Epoch 43/100

Epoch 00043: mean_squared_error did not improve from 0.00000
63/63 - 254s - loss: 9.8025e-07 - mean_squared_error: 1.3403e-06 - val_loss: 2.0778e-08 - val_mean_squared_error: 2.0778e-08 - 254s/epoch - 4s/step
Epoch 44/100

Epoch 00044: mean_squared_error did not improve from 0.00000
63/63 - 255s - loss: 9.6981e-07 - mean_squared_error: 1.3309e-06 - val_loss: 1.9231e-08 - val_mean_squared_error: 1.9231e-08 - 255s/epoch - 4s/step
Epoch 45/100

Epoch 00045: mean_squared_error did not improve from 0.00000
63/63 - 255s - loss: 9.7397e-07 - mean_squared_error: 1.3343e-06 - val_loss: 3.0643e-08 - val_mean_squared_error: 3.0643e-08 - 255s/epoch - 4s/step
Epoch 46/100

Epoch 00046: mean_squared_error did not improve from 0.00000
63/63 - 254s - loss: 9.7470e-07 - mean_squared_error: 1.3351e-06 - val_loss: 2.1614e-08 - val_mean_squared_error: 2.1614e-08 - 254s/epoch - 4s/step
Epoch 47/100

Epoch 00047: mean_squared_error improved from 0.00000 to 0.00000, saving model to /gpfswork/rech/ynx/ulx23va/repo/wf-SEDs/model_WFE_size/wf-outputs/chkp/wfe_study_resx3_bis/chkp_callback_poly_wfe_study_resx3_128_bis_12_cycle1
63/63 - 255s - loss: 9.6849e-07 - mean_squared_error: 1.3297e-06 - val_loss: 1.9020e-08 - val_mean_squared_error: 1.9020e-08 - 255s/epoch - 4s/step
Epoch 48/100

Epoch 00048: mean_squared_error improved from 0.00000 to 0.00000, saving model to /gpfswork/rech/ynx/ulx23va/repo/wf-SEDs/model_WFE_size/wf-outputs/chkp/wfe_study_resx3_bis/chkp_callback_poly_wfe_study_resx3_128_bis_12_cycle1
63/63 - 254s - loss: 9.6790e-07 - mean_squared_error: 1.3293e-06 - val_loss: 1.9652e-08 - val_mean_squared_error: 1.9652e-08 - 254s/epoch - 4s/step
Epoch 49/100

Epoch 00049: mean_squared_error improved from 0.00000 to 0.00000, saving model to /gpfswork/rech/ynx/ulx23va/repo/wf-SEDs/model_WFE_size/wf-outputs/chkp/wfe_study_resx3_bis/chkp_callback_poly_wfe_study_resx3_128_bis_12_cycle1
63/63 - 255s - loss: 9.6764e-07 - mean_squared_error: 1.3290e-06 - val_loss: 1.6586e-08 - val_mean_squared_error: 1.6586e-08 - 255s/epoch - 4s/step
Epoch 50/100

Epoch 00050: mean_squared_error improved from 0.00000 to 0.00000, saving model to /gpfswork/rech/ynx/ulx23va/repo/wf-SEDs/model_WFE_size/wf-outputs/chkp/wfe_study_resx3_bis/chkp_callback_poly_wfe_study_resx3_128_bis_12_cycle1
63/63 - 255s - loss: 9.6702e-07 - mean_squared_error: 1.3283e-06 - val_loss: 1.8979e-08 - val_mean_squared_error: 1.8979e-08 - 255s/epoch - 4s/step
Epoch 51/100

Epoch 00051: mean_squared_error did not improve from 0.00000
63/63 - 255s - loss: 9.6801e-07 - mean_squared_error: 1.3292e-06 - val_loss: 2.1130e-08 - val_mean_squared_error: 2.1130e-08 - 255s/epoch - 4s/step
Epoch 52/100

Epoch 00052: mean_squared_error did not improve from 0.00000
63/63 - 256s - loss: 9.7422e-07 - mean_squared_error: 1.3345e-06 - val_loss: 2.5672e-08 - val_mean_squared_error: 2.5672e-08 - 256s/epoch - 4s/step
Epoch 53/100

Epoch 00053: mean_squared_error did not improve from 0.00000
63/63 - 255s - loss: 9.7445e-07 - mean_squared_error: 1.3345e-06 - val_loss: 2.1319e-08 - val_mean_squared_error: 2.1319e-08 - 255s/epoch - 4s/step
Epoch 54/100

Epoch 00054: mean_squared_error did not improve from 0.00000
63/63 - 256s - loss: 9.6804e-07 - mean_squared_error: 1.3292e-06 - val_loss: 1.8173e-08 - val_mean_squared_error: 1.8173e-08 - 256s/epoch - 4s/step
Epoch 55/100

Epoch 00055: mean_squared_error improved from 0.00000 to 0.00000, saving model to /gpfswork/rech/ynx/ulx23va/repo/wf-SEDs/model_WFE_size/wf-outputs/chkp/wfe_study_resx3_bis/chkp_callback_poly_wfe_study_resx3_128_bis_12_cycle1
63/63 - 254s - loss: 9.6613e-07 - mean_squared_error: 1.3275e-06 - val_loss: 1.7717e-08 - val_mean_squared_error: 1.7717e-08 - 254s/epoch - 4s/step
Epoch 56/100

Epoch 00056: mean_squared_error did not improve from 0.00000
63/63 - 255s - loss: 9.6891e-07 - mean_squared_error: 1.3300e-06 - val_loss: 2.0599e-08 - val_mean_squared_error: 2.0599e-08 - 255s/epoch - 4s/step
Epoch 57/100

Epoch 00057: mean_squared_error did not improve from 0.00000
63/63 - 256s - loss: 9.7050e-07 - mean_squared_error: 1.3312e-06 - val_loss: 1.7143e-08 - val_mean_squared_error: 1.7143e-08 - 256s/epoch - 4s/step
Epoch 58/100

Epoch 00058: mean_squared_error did not improve from 0.00000
63/63 - 256s - loss: 9.6988e-07 - mean_squared_error: 1.3306e-06 - val_loss: 2.0775e-08 - val_mean_squared_error: 2.0775e-08 - 256s/epoch - 4s/step
Epoch 59/100

Epoch 00059: mean_squared_error did not improve from 0.00000
63/63 - 255s - loss: 9.7175e-07 - mean_squared_error: 1.3326e-06 - val_loss: 1.9667e-08 - val_mean_squared_error: 1.9667e-08 - 255s/epoch - 4s/step
Epoch 60/100

Epoch 00060: mean_squared_error did not improve from 0.00000
63/63 - 256s - loss: 9.6784e-07 - mean_squared_error: 1.3289e-06 - val_loss: 1.6068e-08 - val_mean_squared_error: 1.6068e-08 - 256s/epoch - 4s/step
Epoch 61/100

Epoch 00061: mean_squared_error did not improve from 0.00000
63/63 - 255s - loss: 9.6710e-07 - mean_squared_error: 1.3284e-06 - val_loss: 2.1043e-08 - val_mean_squared_error: 2.1043e-08 - 255s/epoch - 4s/step
Epoch 62/100

Epoch 00062: mean_squared_error did not improve from 0.00000
63/63 - 255s - loss: 9.6686e-07 - mean_squared_error: 1.3279e-06 - val_loss: 1.4168e-08 - val_mean_squared_error: 1.4168e-08 - 255s/epoch - 4s/step
Epoch 63/100

Epoch 00063: mean_squared_error did not improve from 0.00000
63/63 - 256s - loss: 9.6682e-07 - mean_squared_error: 1.3279e-06 - val_loss: 1.5583e-08 - val_mean_squared_error: 1.5583e-08 - 256s/epoch - 4s/step
Epoch 64/100

Epoch 00064: mean_squared_error improved from 0.00000 to 0.00000, saving model to /gpfswork/rech/ynx/ulx23va/repo/wf-SEDs/model_WFE_size/wf-outputs/chkp/wfe_study_resx3_bis/chkp_callback_poly_wfe_study_resx3_128_bis_12_cycle1
63/63 - 256s - loss: 9.6457e-07 - mean_squared_error: 1.3262e-06 - val_loss: 1.4421e-08 - val_mean_squared_error: 1.4421e-08 - 256s/epoch - 4s/step
Epoch 65/100

Epoch 00065: mean_squared_error improved from 0.00000 to 0.00000, saving model to /gpfswork/rech/ynx/ulx23va/repo/wf-SEDs/model_WFE_size/wf-outputs/chkp/wfe_study_resx3_bis/chkp_callback_poly_wfe_study_resx3_128_bis_12_cycle1
63/63 - 256s - loss: 9.6331e-07 - mean_squared_error: 1.3249e-06 - val_loss: 1.3209e-08 - val_mean_squared_error: 1.3209e-08 - 256s/epoch - 4s/step
Epoch 66/100

Epoch 00066: mean_squared_error improved from 0.00000 to 0.00000, saving model to /gpfswork/rech/ynx/ulx23va/repo/wf-SEDs/model_WFE_size/wf-outputs/chkp/wfe_study_resx3_bis/chkp_callback_poly_wfe_study_resx3_128_bis_12_cycle1
63/63 - 256s - loss: 9.6222e-07 - mean_squared_error: 1.3241e-06 - val_loss: 1.3882e-08 - val_mean_squared_error: 1.3882e-08 - 256s/epoch - 4s/step
Epoch 67/100

Epoch 00067: mean_squared_error did not improve from 0.00000
63/63 - 256s - loss: 9.6257e-07 - mean_squared_error: 1.3244e-06 - val_loss: 1.3883e-08 - val_mean_squared_error: 1.3883e-08 - 256s/epoch - 4s/step
Epoch 68/100

Epoch 00068: mean_squared_error did not improve from 0.00000
63/63 - 256s - loss: 9.6425e-07 - mean_squared_error: 1.3258e-06 - val_loss: 1.4175e-08 - val_mean_squared_error: 1.4175e-08 - 256s/epoch - 4s/step
Epoch 69/100

Epoch 00069: mean_squared_error did not improve from 0.00000
63/63 - 255s - loss: 9.6442e-07 - mean_squared_error: 1.3259e-06 - val_loss: 1.4197e-08 - val_mean_squared_error: 1.4197e-08 - 255s/epoch - 4s/step
Epoch 70/100

Epoch 00070: mean_squared_error improved from 0.00000 to 0.00000, saving model to /gpfswork/rech/ynx/ulx23va/repo/wf-SEDs/model_WFE_size/wf-outputs/chkp/wfe_study_resx3_bis/chkp_callback_poly_wfe_study_resx3_128_bis_12_cycle1
63/63 - 255s - loss: 9.6210e-07 - mean_squared_error: 1.3239e-06 - val_loss: 1.3018e-08 - val_mean_squared_error: 1.3018e-08 - 255s/epoch - 4s/step
Epoch 71/100

Epoch 00071: mean_squared_error did not improve from 0.00000
63/63 - 256s - loss: 9.6245e-07 - mean_squared_error: 1.3243e-06 - val_loss: 1.5174e-08 - val_mean_squared_error: 1.5174e-08 - 256s/epoch - 4s/step
Epoch 72/100

Epoch 00072: mean_squared_error improved from 0.00000 to 0.00000, saving model to /gpfswork/rech/ynx/ulx23va/repo/wf-SEDs/model_WFE_size/wf-outputs/chkp/wfe_study_resx3_bis/chkp_callback_poly_wfe_study_resx3_128_bis_12_cycle1
63/63 - 255s - loss: 9.6195e-07 - mean_squared_error: 1.3238e-06 - val_loss: 1.2008e-08 - val_mean_squared_error: 1.2008e-08 - 255s/epoch - 4s/step
Epoch 73/100

Epoch 00073: mean_squared_error improved from 0.00000 to 0.00000, saving model to /gpfswork/rech/ynx/ulx23va/repo/wf-SEDs/model_WFE_size/wf-outputs/chkp/wfe_study_resx3_bis/chkp_callback_poly_wfe_study_resx3_128_bis_12_cycle1
63/63 - 255s - loss: 9.6190e-07 - mean_squared_error: 1.3237e-06 - val_loss: 1.3123e-08 - val_mean_squared_error: 1.3123e-08 - 255s/epoch - 4s/step
Epoch 74/100

Epoch 00074: mean_squared_error did not improve from 0.00000
63/63 - 256s - loss: 9.6214e-07 - mean_squared_error: 1.3239e-06 - val_loss: 1.3754e-08 - val_mean_squared_error: 1.3754e-08 - 256s/epoch - 4s/step
Epoch 75/100

Epoch 00075: mean_squared_error did not improve from 0.00000
63/63 - 255s - loss: 9.6483e-07 - mean_squared_error: 1.3262e-06 - val_loss: 1.3531e-08 - val_mean_squared_error: 1.3531e-08 - 255s/epoch - 4s/step
Epoch 76/100

Epoch 00076: mean_squared_error did not improve from 0.00000
63/63 - 256s - loss: 9.6379e-07 - mean_squared_error: 1.3251e-06 - val_loss: 6.8318e-08 - val_mean_squared_error: 6.8318e-08 - 256s/epoch - 4s/step
Epoch 77/100

Epoch 00077: mean_squared_error did not improve from 0.00000
63/63 - 255s - loss: 9.8191e-07 - mean_squared_error: 1.3400e-06 - val_loss: 2.0823e-08 - val_mean_squared_error: 2.0823e-08 - 255s/epoch - 4s/step
Epoch 78/100

Epoch 00078: mean_squared_error did not improve from 0.00000
63/63 - 255s - loss: 9.6643e-07 - mean_squared_error: 1.3279e-06 - val_loss: 1.4162e-08 - val_mean_squared_error: 1.4162e-08 - 255s/epoch - 4s/step
Epoch 79/100

Epoch 00079: mean_squared_error did not improve from 0.00000
63/63 - 255s - loss: 9.6821e-07 - mean_squared_error: 1.3291e-06 - val_loss: 1.4427e-08 - val_mean_squared_error: 1.4427e-08 - 255s/epoch - 4s/step
Epoch 80/100

Epoch 00080: mean_squared_error did not improve from 0.00000
63/63 - 255s - loss: 9.6249e-07 - mean_squared_error: 1.3241e-06 - val_loss: 1.2574e-08 - val_mean_squared_error: 1.2574e-08 - 255s/epoch - 4s/step
Epoch 81/100

Epoch 00081: mean_squared_error improved from 0.00000 to 0.00000, saving model to /gpfswork/rech/ynx/ulx23va/repo/wf-SEDs/model_WFE_size/wf-outputs/chkp/wfe_study_resx3_bis/chkp_callback_poly_wfe_study_resx3_128_bis_12_cycle1
63/63 - 255s - loss: 9.6061e-07 - mean_squared_error: 1.3225e-06 - val_loss: 1.2897e-08 - val_mean_squared_error: 1.2897e-08 - 255s/epoch - 4s/step
Epoch 82/100

Epoch 00082: mean_squared_error did not improve from 0.00000
63/63 - 255s - loss: 9.6138e-07 - mean_squared_error: 1.3232e-06 - val_loss: 1.2562e-08 - val_mean_squared_error: 1.2562e-08 - 255s/epoch - 4s/step
Epoch 83/100

Epoch 00083: mean_squared_error did not improve from 0.00000
63/63 - 256s - loss: 9.6067e-07 - mean_squared_error: 1.3226e-06 - val_loss: 1.2229e-08 - val_mean_squared_error: 1.2229e-08 - 256s/epoch - 4s/step
Epoch 84/100

Epoch 00084: mean_squared_error did not improve from 0.00000
63/63 - 256s - loss: 9.6175e-07 - mean_squared_error: 1.3234e-06 - val_loss: 1.3658e-08 - val_mean_squared_error: 1.3658e-08 - 256s/epoch - 4s/step
Epoch 85/100

Epoch 00085: mean_squared_error did not improve from 0.00000
63/63 - 256s - loss: 9.6194e-07 - mean_squared_error: 1.3236e-06 - val_loss: 1.2910e-08 - val_mean_squared_error: 1.2910e-08 - 256s/epoch - 4s/step
Epoch 86/100

Epoch 00086: mean_squared_error did not improve from 0.00000
63/63 - 255s - loss: 9.6179e-07 - mean_squared_error: 1.3234e-06 - val_loss: 1.4504e-08 - val_mean_squared_error: 1.4504e-08 - 255s/epoch - 4s/step
Epoch 87/100

Epoch 00087: mean_squared_error did not improve from 0.00000
63/63 - 255s - loss: 9.7663e-07 - mean_squared_error: 1.3364e-06 - val_loss: 1.7209e-08 - val_mean_squared_error: 1.7209e-08 - 255s/epoch - 4s/step
Epoch 88/100

Epoch 00088: mean_squared_error did not improve from 0.00000
63/63 - 256s - loss: 9.6467e-07 - mean_squared_error: 1.3260e-06 - val_loss: 1.2395e-08 - val_mean_squared_error: 1.2395e-08 - 256s/epoch - 4s/step
Epoch 89/100

Epoch 00089: mean_squared_error did not improve from 0.00000
63/63 - 254s - loss: 9.6127e-07 - mean_squared_error: 1.3231e-06 - val_loss: 1.3671e-08 - val_mean_squared_error: 1.3671e-08 - 254s/epoch - 4s/step
Epoch 90/100

Epoch 00090: mean_squared_error did not improve from 0.00000
63/63 - 252s - loss: 9.6137e-07 - mean_squared_error: 1.3234e-06 - val_loss: 1.4179e-08 - val_mean_squared_error: 1.4179e-08 - 252s/epoch - 4s/step
Epoch 91/100

Epoch 00091: mean_squared_error did not improve from 0.00000
63/63 - 254s - loss: 9.6097e-07 - mean_squared_error: 1.3229e-06 - val_loss: 1.1549e-08 - val_mean_squared_error: 1.1549e-08 - 254s/epoch - 4s/step
Epoch 92/100

Epoch 00092: mean_squared_error did not improve from 0.00000
63/63 - 255s - loss: 9.6068e-07 - mean_squared_error: 1.3227e-06 - val_loss: 1.3592e-08 - val_mean_squared_error: 1.3592e-08 - 255s/epoch - 4s/step
Epoch 93/100

Epoch 00093: mean_squared_error improved from 0.00000 to 0.00000, saving model to /gpfswork/rech/ynx/ulx23va/repo/wf-SEDs/model_WFE_size/wf-outputs/chkp/wfe_study_resx3_bis/chkp_callback_poly_wfe_study_resx3_128_bis_12_cycle1
63/63 - 255s - loss: 9.5927e-07 - mean_squared_error: 1.3214e-06 - val_loss: 1.0841e-08 - val_mean_squared_error: 1.0841e-08 - 255s/epoch - 4s/step
Epoch 94/100

Epoch 00094: mean_squared_error improved from 0.00000 to 0.00000, saving model to /gpfswork/rech/ynx/ulx23va/repo/wf-SEDs/model_WFE_size/wf-outputs/chkp/wfe_study_resx3_bis/chkp_callback_poly_wfe_study_resx3_128_bis_12_cycle1
63/63 - 256s - loss: 9.5902e-07 - mean_squared_error: 1.3211e-06 - val_loss: 1.1795e-08 - val_mean_squared_error: 1.1795e-08 - 256s/epoch - 4s/step
Epoch 95/100

Epoch 00095: mean_squared_error did not improve from 0.00000
63/63 - 255s - loss: 9.5978e-07 - mean_squared_error: 1.3217e-06 - val_loss: 1.1163e-08 - val_mean_squared_error: 1.1163e-08 - 255s/epoch - 4s/step
Epoch 96/100

Epoch 00096: mean_squared_error did not improve from 0.00000
63/63 - 255s - loss: 9.6023e-07 - mean_squared_error: 1.3222e-06 - val_loss: 1.1192e-08 - val_mean_squared_error: 1.1192e-08 - 255s/epoch - 4s/step
Epoch 97/100

Epoch 00097: mean_squared_error did not improve from 0.00000
63/63 - 251s - loss: 9.6061e-07 - mean_squared_error: 1.3223e-06 - val_loss: 1.2910e-08 - val_mean_squared_error: 1.2910e-08 - 251s/epoch - 4s/step
Epoch 98/100

Epoch 00098: mean_squared_error did not improve from 0.00000
63/63 - 251s - loss: 9.6151e-07 - mean_squared_error: 1.3233e-06 - val_loss: 1.4553e-08 - val_mean_squared_error: 1.4553e-08 - 251s/epoch - 4s/step
Epoch 99/100

Epoch 00099: mean_squared_error did not improve from 0.00000
63/63 - 251s - loss: 9.6039e-07 - mean_squared_error: 1.3223e-06 - val_loss: 1.2928e-08 - val_mean_squared_error: 1.2928e-08 - 251s/epoch - 4s/step
Epoch 100/100

Epoch 00100: mean_squared_error did not improve from 0.00000
63/63 - 256s - loss: 9.5953e-07 - mean_squared_error: 1.3215e-06 - val_loss: 1.1107e-08 - val_mean_squared_error: 1.1107e-08 - 256s/epoch - 4s/step
Cycle1 elapsed time: 29220.814691
Starting cycle 2..
Starting parametric update..
Epoch 1/15

Epoch 00001: mean_squared_error improved from inf to 0.00000, saving model to /gpfswork/rech/ynx/ulx23va/repo/wf-SEDs/model_WFE_size/wf-outputs/chkp/wfe_study_resx3_bis/chkp_callback_poly_wfe_study_resx3_128_bis_12_cycle2
63/63 - 253s - loss: 9.5782e-07 - mean_squared_error: 1.3201e-06 - val_loss: 1.1211e-08 - val_mean_squared_error: 1.1211e-08 - 253s/epoch - 4s/step
Epoch 2/15

Epoch 00002: mean_squared_error did not improve from 0.00000
63/63 - 248s - loss: 9.5938e-07 - mean_squared_error: 1.3215e-06 - val_loss: 1.5875e-08 - val_mean_squared_error: 1.5875e-08 - 248s/epoch - 4s/step
Epoch 3/15

Epoch 00003: mean_squared_error did not improve from 0.00000
63/63 - 248s - loss: 9.6252e-07 - mean_squared_error: 1.3242e-06 - val_loss: 1.6790e-08 - val_mean_squared_error: 1.6790e-08 - 248s/epoch - 4s/step
Epoch 4/15

Epoch 00004: mean_squared_error did not improve from 0.00000
63/63 - 248s - loss: 9.6141e-07 - mean_squared_error: 1.3232e-06 - val_loss: 1.4686e-08 - val_mean_squared_error: 1.4686e-08 - 248s/epoch - 4s/step
Epoch 5/15

Epoch 00005: mean_squared_error did not improve from 0.00000
63/63 - 248s - loss: 9.6630e-07 - mean_squared_error: 1.3268e-06 - val_loss: 1.6210e-08 - val_mean_squared_error: 1.6210e-08 - 248s/epoch - 4s/step
Epoch 6/15

Epoch 00006: mean_squared_error did not improve from 0.00000
63/63 - 249s - loss: 9.6073e-07 - mean_squared_error: 1.3226e-06 - val_loss: 1.2454e-08 - val_mean_squared_error: 1.2454e-08 - 249s/epoch - 4s/step
Epoch 7/15

Epoch 00007: mean_squared_error did not improve from 0.00000
63/63 - 248s - loss: 9.6407e-07 - mean_squared_error: 1.3256e-06 - val_loss: 1.4858e-08 - val_mean_squared_error: 1.4858e-08 - 248s/epoch - 4s/step
Epoch 8/15

Epoch 00008: mean_squared_error did not improve from 0.00000
63/63 - 248s - loss: 9.8100e-07 - mean_squared_error: 1.3395e-06 - val_loss: 1.7537e-08 - val_mean_squared_error: 1.7537e-08 - 248s/epoch - 4s/step
Epoch 9/15

Epoch 00009: mean_squared_error did not improve from 0.00000
63/63 - 248s - loss: 9.6249e-07 - mean_squared_error: 1.3241e-06 - val_loss: 1.5093e-08 - val_mean_squared_error: 1.5093e-08 - 248s/epoch - 4s/step
Epoch 10/15

Epoch 00010: mean_squared_error did not improve from 0.00000
63/63 - 248s - loss: 9.6307e-07 - mean_squared_error: 1.3249e-06 - val_loss: 1.4099e-08 - val_mean_squared_error: 1.4099e-08 - 248s/epoch - 4s/step
Epoch 11/15

Epoch 00011: mean_squared_error did not improve from 0.00000
63/63 - 247s - loss: 9.6320e-07 - mean_squared_error: 1.3244e-06 - val_loss: 2.4521e-08 - val_mean_squared_error: 2.4521e-08 - 247s/epoch - 4s/step
Epoch 12/15

Epoch 00012: mean_squared_error did not improve from 0.00000
63/63 - 249s - loss: 9.7857e-07 - mean_squared_error: 1.3376e-06 - val_loss: 1.6866e-08 - val_mean_squared_error: 1.6866e-08 - 249s/epoch - 4s/step
Epoch 13/15

Epoch 00013: mean_squared_error did not improve from 0.00000
63/63 - 247s - loss: 9.6425e-07 - mean_squared_error: 1.3256e-06 - val_loss: 1.9789e-08 - val_mean_squared_error: 1.9789e-08 - 247s/epoch - 4s/step
Epoch 14/15

Epoch 00014: mean_squared_error did not improve from 0.00000
63/63 - 247s - loss: 9.7786e-07 - mean_squared_error: 1.3371e-06 - val_loss: 5.3267e-08 - val_mean_squared_error: 5.3267e-08 - 247s/epoch - 4s/step
Epoch 15/15

Epoch 00015: mean_squared_error did not improve from 0.00000
63/63 - 248s - loss: 9.8043e-07 - mean_squared_error: 1.3400e-06 - val_loss: 1.8755e-08 - val_mean_squared_error: 1.8755e-08 - 248s/epoch - 4s/step
Starting non-parametric update..
Epoch 1/50

Epoch 00001: mean_squared_error did not improve from 0.00000
63/63 - 257s - loss: 9.5935e-07 - mean_squared_error: 1.3213e-06 - val_loss: 9.6069e-09 - val_mean_squared_error: 9.6069e-09 - 257s/epoch - 4s/step
Epoch 2/50

Epoch 00002: mean_squared_error improved from 0.00000 to 0.00000, saving model to /gpfswork/rech/ynx/ulx23va/repo/wf-SEDs/model_WFE_size/wf-outputs/chkp/wfe_study_resx3_bis/chkp_callback_poly_wfe_study_resx3_128_bis_12_cycle2
63/63 - 254s - loss: 9.5614e-07 - mean_squared_error: 1.3186e-06 - val_loss: 9.2624e-09 - val_mean_squared_error: 9.2624e-09 - 254s/epoch - 4s/step
Epoch 3/50

Epoch 00003: mean_squared_error improved from 0.00000 to 0.00000, saving model to /gpfswork/rech/ynx/ulx23va/repo/wf-SEDs/model_WFE_size/wf-outputs/chkp/wfe_study_resx3_bis/chkp_callback_poly_wfe_study_resx3_128_bis_12_cycle2
63/63 - 253s - loss: 9.5596e-07 - mean_squared_error: 1.3184e-06 - val_loss: 9.1121e-09 - val_mean_squared_error: 9.1121e-09 - 253s/epoch - 4s/step
Epoch 4/50

Epoch 00004: mean_squared_error did not improve from 0.00000
63/63 - 252s - loss: 9.5597e-07 - mean_squared_error: 1.3184e-06 - val_loss: 9.1688e-09 - val_mean_squared_error: 9.1688e-09 - 252s/epoch - 4s/step
Epoch 5/50

Epoch 00005: mean_squared_error improved from 0.00000 to 0.00000, saving model to /gpfswork/rech/ynx/ulx23va/repo/wf-SEDs/model_WFE_size/wf-outputs/chkp/wfe_study_resx3_bis/chkp_callback_poly_wfe_study_resx3_128_bis_12_cycle2
63/63 - 253s - loss: 9.5592e-07 - mean_squared_error: 1.3183e-06 - val_loss: 9.2352e-09 - val_mean_squared_error: 9.2352e-09 - 253s/epoch - 4s/step
Epoch 6/50

Epoch 00006: mean_squared_error did not improve from 0.00000
63/63 - 255s - loss: 9.5595e-07 - mean_squared_error: 1.3184e-06 - val_loss: 9.1033e-09 - val_mean_squared_error: 9.1033e-09 - 255s/epoch - 4s/step
Epoch 7/50

Epoch 00007: mean_squared_error did not improve from 0.00000
63/63 - 251s - loss: 9.5591e-07 - mean_squared_error: 1.3184e-06 - val_loss: 9.0477e-09 - val_mean_squared_error: 9.0477e-09 - 251s/epoch - 4s/step
Epoch 8/50

Epoch 00008: mean_squared_error improved from 0.00000 to 0.00000, saving model to /gpfswork/rech/ynx/ulx23va/repo/wf-SEDs/model_WFE_size/wf-outputs/chkp/wfe_study_resx3_bis/chkp_callback_poly_wfe_study_resx3_128_bis_12_cycle2
63/63 - 255s - loss: 9.5589e-07 - mean_squared_error: 1.3183e-06 - val_loss: 9.0258e-09 - val_mean_squared_error: 9.0258e-09 - 255s/epoch - 4s/step
Epoch 9/50

Epoch 00009: mean_squared_error did not improve from 0.00000
63/63 - 254s - loss: 9.5596e-07 - mean_squared_error: 1.3184e-06 - val_loss: 9.0880e-09 - val_mean_squared_error: 9.0880e-09 - 254s/epoch - 4s/step
Epoch 10/50

Epoch 00010: mean_squared_error did not improve from 0.00000
63/63 - 256s - loss: 9.5592e-07 - mean_squared_error: 1.3184e-06 - val_loss: 9.1304e-09 - val_mean_squared_error: 9.1304e-09 - 256s/epoch - 4s/step
Epoch 11/50

Epoch 00011: mean_squared_error did not improve from 0.00000
63/63 - 254s - loss: 9.5598e-07 - mean_squared_error: 1.3184e-06 - val_loss: 9.0507e-09 - val_mean_squared_error: 9.0507e-09 - 254s/epoch - 4s/step
Epoch 12/50

Epoch 00012: mean_squared_error did not improve from 0.00000
63/63 - 255s - loss: 9.5593e-07 - mean_squared_error: 1.3184e-06 - val_loss: 9.0571e-09 - val_mean_squared_error: 9.0571e-09 - 255s/epoch - 4s/step
Epoch 13/50

Epoch 00013: mean_squared_error improved from 0.00000 to 0.00000, saving model to /gpfswork/rech/ynx/ulx23va/repo/wf-SEDs/model_WFE_size/wf-outputs/chkp/wfe_study_resx3_bis/chkp_callback_poly_wfe_study_resx3_128_bis_12_cycle2
63/63 - 251s - loss: 9.5591e-07 - mean_squared_error: 1.3183e-06 - val_loss: 9.2702e-09 - val_mean_squared_error: 9.2702e-09 - 251s/epoch - 4s/step
Epoch 14/50

Epoch 00014: mean_squared_error did not improve from 0.00000
63/63 - 255s - loss: 9.5597e-07 - mean_squared_error: 1.3184e-06 - val_loss: 9.2215e-09 - val_mean_squared_error: 9.2215e-09 - 255s/epoch - 4s/step
Epoch 15/50

Epoch 00015: mean_squared_error improved from 0.00000 to 0.00000, saving model to /gpfswork/rech/ynx/ulx23va/repo/wf-SEDs/model_WFE_size/wf-outputs/chkp/wfe_study_resx3_bis/chkp_callback_poly_wfe_study_resx3_128_bis_12_cycle2
63/63 - 253s - loss: 9.5589e-07 - mean_squared_error: 1.3183e-06 - val_loss: 9.1570e-09 - val_mean_squared_error: 9.1570e-09 - 253s/epoch - 4s/step
Epoch 16/50

Epoch 00016: mean_squared_error improved from 0.00000 to 0.00000, saving model to /gpfswork/rech/ynx/ulx23va/repo/wf-SEDs/model_WFE_size/wf-outputs/chkp/wfe_study_resx3_bis/chkp_callback_poly_wfe_study_resx3_128_bis_12_cycle2
63/63 - 255s - loss: 9.5581e-07 - mean_squared_error: 1.3182e-06 - val_loss: 8.9757e-09 - val_mean_squared_error: 8.9757e-09 - 255s/epoch - 4s/step
Epoch 17/50

Epoch 00017: mean_squared_error did not improve from 0.00000
63/63 - 255s - loss: 9.5584e-07 - mean_squared_error: 1.3183e-06 - val_loss: 8.9072e-09 - val_mean_squared_error: 8.9072e-09 - 255s/epoch - 4s/step
Epoch 18/50

Epoch 00018: mean_squared_error did not improve from 0.00000
63/63 - 255s - loss: 9.5580e-07 - mean_squared_error: 1.3182e-06 - val_loss: 9.0404e-09 - val_mean_squared_error: 9.0404e-09 - 255s/epoch - 4s/step
Epoch 19/50

Epoch 00019: mean_squared_error did not improve from 0.00000
63/63 - 252s - loss: 9.5596e-07 - mean_squared_error: 1.3184e-06 - val_loss: 8.9401e-09 - val_mean_squared_error: 8.9401e-09 - 252s/epoch - 4s/step
Epoch 20/50

Epoch 00020: mean_squared_error did not improve from 0.00000
63/63 - 254s - loss: 9.5591e-07 - mean_squared_error: 1.3184e-06 - val_loss: 9.1197e-09 - val_mean_squared_error: 9.1197e-09 - 254s/epoch - 4s/step
Epoch 21/50

Epoch 00021: mean_squared_error improved from 0.00000 to 0.00000, saving model to /gpfswork/rech/ynx/ulx23va/repo/wf-SEDs/model_WFE_size/wf-outputs/chkp/wfe_study_resx3_bis/chkp_callback_poly_wfe_study_resx3_128_bis_12_cycle2
63/63 - 255s - loss: 9.5572e-07 - mean_squared_error: 1.3181e-06 - val_loss: 9.3317e-09 - val_mean_squared_error: 9.3317e-09 - 255s/epoch - 4s/step
Epoch 22/50

Epoch 00022: mean_squared_error did not improve from 0.00000
63/63 - 254s - loss: 9.5587e-07 - mean_squared_error: 1.3183e-06 - val_loss: 8.8897e-09 - val_mean_squared_error: 8.8897e-09 - 254s/epoch - 4s/step
Epoch 23/50

Epoch 00023: mean_squared_error did not improve from 0.00000
63/63 - 254s - loss: 9.5577e-07 - mean_squared_error: 1.3182e-06 - val_loss: 8.9834e-09 - val_mean_squared_error: 8.9834e-09 - 254s/epoch - 4s/step
Epoch 24/50

Epoch 00024: mean_squared_error did not improve from 0.00000
63/63 - 250s - loss: 9.5584e-07 - mean_squared_error: 1.3182e-06 - val_loss: 9.0539e-09 - val_mean_squared_error: 9.0539e-09 - 250s/epoch - 4s/step
Epoch 25/50

Epoch 00025: mean_squared_error did not improve from 0.00000
63/63 - 255s - loss: 9.5576e-07 - mean_squared_error: 1.3182e-06 - val_loss: 8.8191e-09 - val_mean_squared_error: 8.8191e-09 - 255s/epoch - 4s/step
Epoch 26/50

Epoch 00026: mean_squared_error improved from 0.00000 to 0.00000, saving model to /gpfswork/rech/ynx/ulx23va/repo/wf-SEDs/model_WFE_size/wf-outputs/chkp/wfe_study_resx3_bis/chkp_callback_poly_wfe_study_resx3_128_bis_12_cycle2
63/63 - 254s - loss: 9.5568e-07 - mean_squared_error: 1.3180e-06 - val_loss: 8.6465e-09 - val_mean_squared_error: 8.6465e-09 - 254s/epoch - 4s/step
Epoch 27/50

Epoch 00027: mean_squared_error did not improve from 0.00000
63/63 - 251s - loss: 9.5576e-07 - mean_squared_error: 1.3182e-06 - val_loss: 9.1865e-09 - val_mean_squared_error: 9.1865e-09 - 251s/epoch - 4s/step
Epoch 28/50

Epoch 00028: mean_squared_error did not improve from 0.00000
63/63 - 255s - loss: 9.5574e-07 - mean_squared_error: 1.3182e-06 - val_loss: 9.4625e-09 - val_mean_squared_error: 9.4625e-09 - 255s/epoch - 4s/step
Epoch 29/50

Epoch 00029: mean_squared_error did not improve from 0.00000
63/63 - 255s - loss: 9.5585e-07 - mean_squared_error: 1.3183e-06 - val_loss: 9.1933e-09 - val_mean_squared_error: 9.1933e-09 - 255s/epoch - 4s/step
Epoch 30/50

Epoch 00030: mean_squared_error did not improve from 0.00000
63/63 - 255s - loss: 9.5569e-07 - mean_squared_error: 1.3181e-06 - val_loss: 8.7311e-09 - val_mean_squared_error: 8.7311e-09 - 255s/epoch - 4s/step
Epoch 31/50

Epoch 00031: mean_squared_error did not improve from 0.00000
63/63 - 255s - loss: 9.5567e-07 - mean_squared_error: 1.3181e-06 - val_loss: 9.0926e-09 - val_mean_squared_error: 9.0926e-09 - 255s/epoch - 4s/step
Epoch 32/50

Epoch 00032: mean_squared_error improved from 0.00000 to 0.00000, saving model to /gpfswork/rech/ynx/ulx23va/repo/wf-SEDs/model_WFE_size/wf-outputs/chkp/wfe_study_resx3_bis/chkp_callback_poly_wfe_study_resx3_128_bis_12_cycle2
63/63 - 255s - loss: 9.5551e-07 - mean_squared_error: 1.3179e-06 - val_loss: 8.8226e-09 - val_mean_squared_error: 8.8226e-09 - 255s/epoch - 4s/step
Epoch 33/50

Epoch 00033: mean_squared_error improved from 0.00000 to 0.00000, saving model to /gpfswork/rech/ynx/ulx23va/repo/wf-SEDs/model_WFE_size/wf-outputs/chkp/wfe_study_resx3_bis/chkp_callback_poly_wfe_study_resx3_128_bis_12_cycle2
63/63 - 254s - loss: 9.5549e-07 - mean_squared_error: 1.3179e-06 - val_loss: 9.2337e-09 - val_mean_squared_error: 9.2337e-09 - 254s/epoch - 4s/step
Epoch 34/50

Epoch 00034: mean_squared_error did not improve from 0.00000
63/63 - 254s - loss: 9.5558e-07 - mean_squared_error: 1.3180e-06 - val_loss: 9.3346e-09 - val_mean_squared_error: 9.3346e-09 - 254s/epoch - 4s/step
Epoch 35/50

Epoch 00035: mean_squared_error did not improve from 0.00000
63/63 - 254s - loss: 9.5566e-07 - mean_squared_error: 1.3181e-06 - val_loss: 9.0299e-09 - val_mean_squared_error: 9.0299e-09 - 254s/epoch - 4s/step
Epoch 36/50

Epoch 00036: mean_squared_error did not improve from 0.00000
63/63 - 254s - loss: 9.5544e-07 - mean_squared_error: 1.3179e-06 - val_loss: 8.7882e-09 - val_mean_squared_error: 8.7882e-09 - 254s/epoch - 4s/step
Epoch 37/50

Epoch 00037: mean_squared_error improved from 0.00000 to 0.00000, saving model to /gpfswork/rech/ynx/ulx23va/repo/wf-SEDs/model_WFE_size/wf-outputs/chkp/wfe_study_resx3_bis/chkp_callback_poly_wfe_study_resx3_128_bis_12_cycle2
63/63 - 256s - loss: 9.5545e-07 - mean_squared_error: 1.3179e-06 - val_loss: 8.9002e-09 - val_mean_squared_error: 8.9002e-09 - 256s/epoch - 4s/step
Epoch 38/50

Epoch 00038: mean_squared_error did not improve from 0.00000
63/63 - 254s - loss: 9.5544e-07 - mean_squared_error: 1.3179e-06 - val_loss: 1.0323e-08 - val_mean_squared_error: 1.0323e-08 - 254s/epoch - 4s/step
Epoch 39/50

Epoch 00039: mean_squared_error did not improve from 0.00000
63/63 - 255s - loss: 9.5564e-07 - mean_squared_error: 1.3181e-06 - val_loss: 8.8355e-09 - val_mean_squared_error: 8.8355e-09 - 255s/epoch - 4s/step
Epoch 40/50

Epoch 00040: mean_squared_error improved from 0.00000 to 0.00000, saving model to /gpfswork/rech/ynx/ulx23va/repo/wf-SEDs/model_WFE_size/wf-outputs/chkp/wfe_study_resx3_bis/chkp_callback_poly_wfe_study_resx3_128_bis_12_cycle2
63/63 - 254s - loss: 9.5548e-07 - mean_squared_error: 1.3179e-06 - val_loss: 9.3916e-09 - val_mean_squared_error: 9.3916e-09 - 254s/epoch - 4s/step
Epoch 41/50

Epoch 00041: mean_squared_error did not improve from 0.00000
63/63 - 254s - loss: 9.5559e-07 - mean_squared_error: 1.3180e-06 - val_loss: 8.8440e-09 - val_mean_squared_error: 8.8440e-09 - 254s/epoch - 4s/step
Epoch 42/50

Epoch 00042: mean_squared_error did not improve from 0.00000
63/63 - 256s - loss: 9.5570e-07 - mean_squared_error: 1.3181e-06 - val_loss: 1.0834e-08 - val_mean_squared_error: 1.0834e-08 - 256s/epoch - 4s/step
Epoch 43/50

Epoch 00043: mean_squared_error did not improve from 0.00000
63/63 - 254s - loss: 9.5592e-07 - mean_squared_error: 1.3182e-06 - val_loss: 8.8608e-09 - val_mean_squared_error: 8.8608e-09 - 254s/epoch - 4s/step
Epoch 44/50

Epoch 00044: mean_squared_error improved from 0.00000 to 0.00000, saving model to /gpfswork/rech/ynx/ulx23va/repo/wf-SEDs/model_WFE_size/wf-outputs/chkp/wfe_study_resx3_bis/chkp_callback_poly_wfe_study_resx3_128_bis_12_cycle2
63/63 - 255s - loss: 9.5531e-07 - mean_squared_error: 1.3177e-06 - val_loss: 9.0867e-09 - val_mean_squared_error: 9.0867e-09 - 255s/epoch - 4s/step
Epoch 45/50

Epoch 00045: mean_squared_error did not improve from 0.00000
63/63 - 254s - loss: 9.5565e-07 - mean_squared_error: 1.3181e-06 - val_loss: 8.9510e-09 - val_mean_squared_error: 8.9510e-09 - 254s/epoch - 4s/step
Epoch 46/50

Epoch 00046: mean_squared_error improved from 0.00000 to 0.00000, saving model to /gpfswork/rech/ynx/ulx23va/repo/wf-SEDs/model_WFE_size/wf-outputs/chkp/wfe_study_resx3_bis/chkp_callback_poly_wfe_study_resx3_128_bis_12_cycle2
63/63 - 227s - loss: 9.5527e-07 - mean_squared_error: 1.3177e-06 - val_loss: 9.1210e-09 - val_mean_squared_error: 9.1210e-09 - 227s/epoch - 4s/step
Epoch 47/50

Epoch 00047: mean_squared_error did not improve from 0.00000
63/63 - 162s - loss: 9.5524e-07 - mean_squared_error: 1.3177e-06 - val_loss: 8.6491e-09 - val_mean_squared_error: 8.6491e-09 - 162s/epoch - 3s/step
Epoch 48/50

Epoch 00048: mean_squared_error did not improve from 0.00000
63/63 - 170s - loss: 9.5530e-07 - mean_squared_error: 1.3177e-06 - val_loss: 9.0271e-09 - val_mean_squared_error: 9.0271e-09 - 170s/epoch - 3s/step
Epoch 49/50

Epoch 00049: mean_squared_error improved from 0.00000 to 0.00000, saving model to /gpfswork/rech/ynx/ulx23va/repo/wf-SEDs/model_WFE_size/wf-outputs/chkp/wfe_study_resx3_bis/chkp_callback_poly_wfe_study_resx3_128_bis_12_cycle2
63/63 - 203s - loss: 9.5518e-07 - mean_squared_error: 1.3177e-06 - val_loss: 9.0104e-09 - val_mean_squared_error: 9.0104e-09 - 203s/epoch - 3s/step
Epoch 50/50

Epoch 00050: mean_squared_error improved from 0.00000 to 0.00000, saving model to /gpfswork/rech/ynx/ulx23va/repo/wf-SEDs/model_WFE_size/wf-outputs/chkp/wfe_study_resx3_bis/chkp_callback_poly_wfe_study_resx3_128_bis_12_cycle2
63/63 - 164s - loss: 9.5492e-07 - mean_squared_error: 1.3174e-06 - val_loss: 8.7205e-09 - val_mean_squared_error: 8.7205e-09 - 164s/epoch - 3s/step
Cycle2 elapsed time: 16085.944675

Total elapsed time: 45310.640410

 Good bye..
