Starting the log file.
Found GPU at: /device:GPU:0
tf_version: 2.7.0
Zernike cube:
(15, 256, 256)
Dataset parameters:
{'d_max': 2, 'max_order': 45, 'x_lims': [0, 1000.0], 'y_lims': [0, 1000.0], 'grid_points': [4, 4], 'n_bins': 20, 'max_wfe_rms': 0.1, 'oversampling_rate': 3.0, 'output_Q': 3.0, 'output_dim': 32, 'LP_filter_length': 2, 'pupil_diameter': 4096, 'euclid_obsc': True, 'n_stars': 2000}
Starting cycle 1..
Starting parametric update..
Epoch 1/15

Epoch 00001: mean_squared_error improved from inf to 0.00001, saving model to /gpfswork/rech/ynx/ulx23va/repo/wf-SEDs/model_WFE_size/wf-outputs/chkp/wfe_study_resx3_bis/chkp_callback_poly_wfe_study_resx3_256_bis_10_cycle1
63/63 - 176s - loss: 8.0149e-06 - mean_squared_error: 7.5505e-06 - val_loss: 1.8444e-06 - val_mean_squared_error: 1.8444e-06 - 176s/epoch - 3s/step
Epoch 2/15

Epoch 00002: mean_squared_error improved from 0.00001 to 0.00000, saving model to /gpfswork/rech/ynx/ulx23va/repo/wf-SEDs/model_WFE_size/wf-outputs/chkp/wfe_study_resx3_bis/chkp_callback_poly_wfe_study_resx3_256_bis_10_cycle1
63/63 - 172s - loss: 2.5958e-06 - mean_squared_error: 2.7794e-06 - val_loss: 1.1775e-06 - val_mean_squared_error: 1.1775e-06 - 172s/epoch - 3s/step
Epoch 3/15

Epoch 00003: mean_squared_error improved from 0.00000 to 0.00000, saving model to /gpfswork/rech/ynx/ulx23va/repo/wf-SEDs/model_WFE_size/wf-outputs/chkp/wfe_study_resx3_bis/chkp_callback_poly_wfe_study_resx3_256_bis_10_cycle1
63/63 - 172s - loss: 2.1289e-06 - mean_squared_error: 2.3690e-06 - val_loss: 9.3649e-07 - val_mean_squared_error: 9.3649e-07 - 172s/epoch - 3s/step
Epoch 4/15

Epoch 00004: mean_squared_error improved from 0.00000 to 0.00000, saving model to /gpfswork/rech/ynx/ulx23va/repo/wf-SEDs/model_WFE_size/wf-outputs/chkp/wfe_study_resx3_bis/chkp_callback_poly_wfe_study_resx3_256_bis_10_cycle1
63/63 - 171s - loss: 1.9654e-06 - mean_squared_error: 2.2366e-06 - val_loss: 8.4231e-07 - val_mean_squared_error: 8.4231e-07 - 171s/epoch - 3s/step
Epoch 5/15

Epoch 00005: mean_squared_error improved from 0.00000 to 0.00000, saving model to /gpfswork/rech/ynx/ulx23va/repo/wf-SEDs/model_WFE_size/wf-outputs/chkp/wfe_study_resx3_bis/chkp_callback_poly_wfe_study_resx3_256_bis_10_cycle1
63/63 - 171s - loss: 1.8856e-06 - mean_squared_error: 2.1616e-06 - val_loss: 8.1842e-07 - val_mean_squared_error: 8.1842e-07 - 171s/epoch - 3s/step
Epoch 6/15

Epoch 00006: mean_squared_error improved from 0.00000 to 0.00000, saving model to /gpfswork/rech/ynx/ulx23va/repo/wf-SEDs/model_WFE_size/wf-outputs/chkp/wfe_study_resx3_bis/chkp_callback_poly_wfe_study_resx3_256_bis_10_cycle1
63/63 - 172s - loss: 1.8880e-06 - mean_squared_error: 2.1610e-06 - val_loss: 8.4688e-07 - val_mean_squared_error: 8.4688e-07 - 172s/epoch - 3s/step
Epoch 7/15

Epoch 00007: mean_squared_error improved from 0.00000 to 0.00000, saving model to /gpfswork/rech/ynx/ulx23va/repo/wf-SEDs/model_WFE_size/wf-outputs/chkp/wfe_study_resx3_bis/chkp_callback_poly_wfe_study_resx3_256_bis_10_cycle1
63/63 - 171s - loss: 1.8883e-06 - mean_squared_error: 2.1588e-06 - val_loss: 8.2436e-07 - val_mean_squared_error: 8.2436e-07 - 171s/epoch - 3s/step
Epoch 8/15

Epoch 00008: mean_squared_error improved from 0.00000 to 0.00000, saving model to /gpfswork/rech/ynx/ulx23va/repo/wf-SEDs/model_WFE_size/wf-outputs/chkp/wfe_study_resx3_bis/chkp_callback_poly_wfe_study_resx3_256_bis_10_cycle1
63/63 - 171s - loss: 1.8794e-06 - mean_squared_error: 2.1483e-06 - val_loss: 8.0326e-07 - val_mean_squared_error: 8.0326e-07 - 171s/epoch - 3s/step
Epoch 9/15

Epoch 00009: mean_squared_error improved from 0.00000 to 0.00000, saving model to /gpfswork/rech/ynx/ulx23va/repo/wf-SEDs/model_WFE_size/wf-outputs/chkp/wfe_study_resx3_bis/chkp_callback_poly_wfe_study_resx3_256_bis_10_cycle1
63/63 - 172s - loss: 1.8558e-06 - mean_squared_error: 2.1308e-06 - val_loss: 8.1417e-07 - val_mean_squared_error: 8.1417e-07 - 172s/epoch - 3s/step
Epoch 10/15

Epoch 00010: mean_squared_error improved from 0.00000 to 0.00000, saving model to /gpfswork/rech/ynx/ulx23va/repo/wf-SEDs/model_WFE_size/wf-outputs/chkp/wfe_study_resx3_bis/chkp_callback_poly_wfe_study_resx3_256_bis_10_cycle1
63/63 - 171s - loss: 1.8491e-06 - mean_squared_error: 2.1217e-06 - val_loss: 7.7464e-07 - val_mean_squared_error: 7.7464e-07 - 171s/epoch - 3s/step
Epoch 11/15

Epoch 00011: mean_squared_error improved from 0.00000 to 0.00000, saving model to /gpfswork/rech/ynx/ulx23va/repo/wf-SEDs/model_WFE_size/wf-outputs/chkp/wfe_study_resx3_bis/chkp_callback_poly_wfe_study_resx3_256_bis_10_cycle1
63/63 - 172s - loss: 1.8451e-06 - mean_squared_error: 2.1176e-06 - val_loss: 8.1338e-07 - val_mean_squared_error: 8.1338e-07 - 172s/epoch - 3s/step
Epoch 12/15

Epoch 00012: mean_squared_error did not improve from 0.00000
63/63 - 171s - loss: 1.8711e-06 - mean_squared_error: 2.1420e-06 - val_loss: 8.1428e-07 - val_mean_squared_error: 8.1428e-07 - 171s/epoch - 3s/step
Epoch 13/15

Epoch 00013: mean_squared_error did not improve from 0.00000
63/63 - 171s - loss: 1.8733e-06 - mean_squared_error: 2.1412e-06 - val_loss: 8.1548e-07 - val_mean_squared_error: 8.1548e-07 - 171s/epoch - 3s/step
Epoch 14/15

Epoch 00014: mean_squared_error did not improve from 0.00000
63/63 - 171s - loss: 1.9056e-06 - mean_squared_error: 2.1729e-06 - val_loss: 7.8255e-07 - val_mean_squared_error: 7.8255e-07 - 171s/epoch - 3s/step
Epoch 15/15

Epoch 00015: mean_squared_error did not improve from 0.00000
63/63 - 172s - loss: 1.8774e-06 - mean_squared_error: 2.1442e-06 - val_loss: 8.0383e-07 - val_mean_squared_error: 8.0383e-07 - 172s/epoch - 3s/step
Starting non-parametric update..
Epoch 1/100

Epoch 00001: mean_squared_error improved from 0.00000 to 0.00000, saving model to /gpfswork/rech/ynx/ulx23va/repo/wf-SEDs/model_WFE_size/wf-outputs/chkp/wfe_study_resx3_bis/chkp_callback_poly_wfe_study_resx3_256_bis_10_cycle1
63/63 - 174s - loss: 1.8046e-06 - mean_squared_error: 2.0831e-06 - val_loss: 7.0809e-07 - val_mean_squared_error: 7.0809e-07 - 174s/epoch - 3s/step
Epoch 2/100

Epoch 00002: mean_squared_error improved from 0.00000 to 0.00000, saving model to /gpfswork/rech/ynx/ulx23va/repo/wf-SEDs/model_WFE_size/wf-outputs/chkp/wfe_study_resx3_bis/chkp_callback_poly_wfe_study_resx3_256_bis_10_cycle1
63/63 - 171s - loss: 1.6595e-06 - mean_squared_error: 1.9587e-06 - val_loss: 5.6470e-07 - val_mean_squared_error: 5.6470e-07 - 171s/epoch - 3s/step
Epoch 3/100

Epoch 00003: mean_squared_error improved from 0.00000 to 0.00000, saving model to /gpfswork/rech/ynx/ulx23va/repo/wf-SEDs/model_WFE_size/wf-outputs/chkp/wfe_study_resx3_bis/chkp_callback_poly_wfe_study_resx3_256_bis_10_cycle1
63/63 - 171s - loss: 1.4963e-06 - mean_squared_error: 1.8150e-06 - val_loss: 4.3213e-07 - val_mean_squared_error: 4.3213e-07 - 171s/epoch - 3s/step
Epoch 4/100

Epoch 00004: mean_squared_error improved from 0.00000 to 0.00000, saving model to /gpfswork/rech/ynx/ulx23va/repo/wf-SEDs/model_WFE_size/wf-outputs/chkp/wfe_study_resx3_bis/chkp_callback_poly_wfe_study_resx3_256_bis_10_cycle1
63/63 - 172s - loss: 1.3705e-06 - mean_squared_error: 1.6978e-06 - val_loss: 3.3002e-07 - val_mean_squared_error: 3.3002e-07 - 172s/epoch - 3s/step
Epoch 5/100

Epoch 00005: mean_squared_error improved from 0.00000 to 0.00000, saving model to /gpfswork/rech/ynx/ulx23va/repo/wf-SEDs/model_WFE_size/wf-outputs/chkp/wfe_study_resx3_bis/chkp_callback_poly_wfe_study_resx3_256_bis_10_cycle1
63/63 - 171s - loss: 1.2763e-06 - mean_squared_error: 1.6114e-06 - val_loss: 2.6546e-07 - val_mean_squared_error: 2.6546e-07 - 171s/epoch - 3s/step
Epoch 6/100

Epoch 00006: mean_squared_error improved from 0.00000 to 0.00000, saving model to /gpfswork/rech/ynx/ulx23va/repo/wf-SEDs/model_WFE_size/wf-outputs/chkp/wfe_study_resx3_bis/chkp_callback_poly_wfe_study_resx3_256_bis_10_cycle1
63/63 - 171s - loss: 1.2164e-06 - mean_squared_error: 1.5575e-06 - val_loss: 2.2463e-07 - val_mean_squared_error: 2.2463e-07 - 171s/epoch - 3s/step
Epoch 7/100

Epoch 00007: mean_squared_error improved from 0.00000 to 0.00000, saving model to /gpfswork/rech/ynx/ulx23va/repo/wf-SEDs/model_WFE_size/wf-outputs/chkp/wfe_study_resx3_bis/chkp_callback_poly_wfe_study_resx3_256_bis_10_cycle1
63/63 - 172s - loss: 1.1766e-06 - mean_squared_error: 1.5215e-06 - val_loss: 1.9288e-07 - val_mean_squared_error: 1.9288e-07 - 172s/epoch - 3s/step
Epoch 8/100

Epoch 00008: mean_squared_error improved from 0.00000 to 0.00000, saving model to /gpfswork/rech/ynx/ulx23va/repo/wf-SEDs/model_WFE_size/wf-outputs/chkp/wfe_study_resx3_bis/chkp_callback_poly_wfe_study_resx3_256_bis_10_cycle1
63/63 - 171s - loss: 1.1465e-06 - mean_squared_error: 1.4950e-06 - val_loss: 1.6940e-07 - val_mean_squared_error: 1.6940e-07 - 171s/epoch - 3s/step
Epoch 9/100

Epoch 00009: mean_squared_error improved from 0.00000 to 0.00000, saving model to /gpfswork/rech/ynx/ulx23va/repo/wf-SEDs/model_WFE_size/wf-outputs/chkp/wfe_study_resx3_bis/chkp_callback_poly_wfe_study_resx3_256_bis_10_cycle1
63/63 - 171s - loss: 1.1217e-06 - mean_squared_error: 1.4720e-06 - val_loss: 1.4922e-07 - val_mean_squared_error: 1.4922e-07 - 171s/epoch - 3s/step
Epoch 10/100

Epoch 00010: mean_squared_error improved from 0.00000 to 0.00000, saving model to /gpfswork/rech/ynx/ulx23va/repo/wf-SEDs/model_WFE_size/wf-outputs/chkp/wfe_study_resx3_bis/chkp_callback_poly_wfe_study_resx3_256_bis_10_cycle1
63/63 - 171s - loss: 1.1018e-06 - mean_squared_error: 1.4539e-06 - val_loss: 1.3245e-07 - val_mean_squared_error: 1.3245e-07 - 171s/epoch - 3s/step
Epoch 11/100

Epoch 00011: mean_squared_error improved from 0.00000 to 0.00000, saving model to /gpfswork/rech/ynx/ulx23va/repo/wf-SEDs/model_WFE_size/wf-outputs/chkp/wfe_study_resx3_bis/chkp_callback_poly_wfe_study_resx3_256_bis_10_cycle1
63/63 - 171s - loss: 1.0851e-06 - mean_squared_error: 1.4386e-06 - val_loss: 1.1775e-07 - val_mean_squared_error: 1.1775e-07 - 171s/epoch - 3s/step
Epoch 12/100

Epoch 00012: mean_squared_error improved from 0.00000 to 0.00000, saving model to /gpfswork/rech/ynx/ulx23va/repo/wf-SEDs/model_WFE_size/wf-outputs/chkp/wfe_study_resx3_bis/chkp_callback_poly_wfe_study_resx3_256_bis_10_cycle1
63/63 - 171s - loss: 1.0713e-06 - mean_squared_error: 1.4259e-06 - val_loss: 1.0646e-07 - val_mean_squared_error: 1.0646e-07 - 171s/epoch - 3s/step
Epoch 13/100

Epoch 00013: mean_squared_error improved from 0.00000 to 0.00000, saving model to /gpfswork/rech/ynx/ulx23va/repo/wf-SEDs/model_WFE_size/wf-outputs/chkp/wfe_study_resx3_bis/chkp_callback_poly_wfe_study_resx3_256_bis_10_cycle1
63/63 - 171s - loss: 1.0601e-06 - mean_squared_error: 1.4156e-06 - val_loss: 9.6829e-08 - val_mean_squared_error: 9.6829e-08 - 171s/epoch - 3s/step
Epoch 14/100

Epoch 00014: mean_squared_error improved from 0.00000 to 0.00000, saving model to /gpfswork/rech/ynx/ulx23va/repo/wf-SEDs/model_WFE_size/wf-outputs/chkp/wfe_study_resx3_bis/chkp_callback_poly_wfe_study_resx3_256_bis_10_cycle1
63/63 - 172s - loss: 1.0502e-06 - mean_squared_error: 1.4064e-06 - val_loss: 8.8442e-08 - val_mean_squared_error: 8.8442e-08 - 172s/epoch - 3s/step
Epoch 15/100

Epoch 00015: mean_squared_error improved from 0.00000 to 0.00000, saving model to /gpfswork/rech/ynx/ulx23va/repo/wf-SEDs/model_WFE_size/wf-outputs/chkp/wfe_study_resx3_bis/chkp_callback_poly_wfe_study_resx3_256_bis_10_cycle1
63/63 - 171s - loss: 1.0420e-06 - mean_squared_error: 1.3988e-06 - val_loss: 8.2110e-08 - val_mean_squared_error: 8.2110e-08 - 171s/epoch - 3s/step
Epoch 16/100

Epoch 00016: mean_squared_error improved from 0.00000 to 0.00000, saving model to /gpfswork/rech/ynx/ulx23va/repo/wf-SEDs/model_WFE_size/wf-outputs/chkp/wfe_study_resx3_bis/chkp_callback_poly_wfe_study_resx3_256_bis_10_cycle1
63/63 - 172s - loss: 1.0355e-06 - mean_squared_error: 1.3930e-06 - val_loss: 7.5900e-08 - val_mean_squared_error: 7.5900e-08 - 172s/epoch - 3s/step
Epoch 17/100

Epoch 00017: mean_squared_error improved from 0.00000 to 0.00000, saving model to /gpfswork/rech/ynx/ulx23va/repo/wf-SEDs/model_WFE_size/wf-outputs/chkp/wfe_study_resx3_bis/chkp_callback_poly_wfe_study_resx3_256_bis_10_cycle1
63/63 - 172s - loss: 1.0293e-06 - mean_squared_error: 1.3873e-06 - val_loss: 7.1025e-08 - val_mean_squared_error: 7.1025e-08 - 172s/epoch - 3s/step
Epoch 18/100

Epoch 00018: mean_squared_error improved from 0.00000 to 0.00000, saving model to /gpfswork/rech/ynx/ulx23va/repo/wf-SEDs/model_WFE_size/wf-outputs/chkp/wfe_study_resx3_bis/chkp_callback_poly_wfe_study_resx3_256_bis_10_cycle1
63/63 - 171s - loss: 1.0240e-06 - mean_squared_error: 1.3823e-06 - val_loss: 6.6021e-08 - val_mean_squared_error: 6.6021e-08 - 171s/epoch - 3s/step
Epoch 19/100

Epoch 00019: mean_squared_error improved from 0.00000 to 0.00000, saving model to /gpfswork/rech/ynx/ulx23va/repo/wf-SEDs/model_WFE_size/wf-outputs/chkp/wfe_study_resx3_bis/chkp_callback_poly_wfe_study_resx3_256_bis_10_cycle1
63/63 - 171s - loss: 1.0195e-06 - mean_squared_error: 1.3782e-06 - val_loss: 6.2273e-08 - val_mean_squared_error: 6.2273e-08 - 171s/epoch - 3s/step
Epoch 20/100

Epoch 00020: mean_squared_error improved from 0.00000 to 0.00000, saving model to /gpfswork/rech/ynx/ulx23va/repo/wf-SEDs/model_WFE_size/wf-outputs/chkp/wfe_study_resx3_bis/chkp_callback_poly_wfe_study_resx3_256_bis_10_cycle1
63/63 - 171s - loss: 1.0149e-06 - mean_squared_error: 1.3738e-06 - val_loss: 5.8275e-08 - val_mean_squared_error: 5.8275e-08 - 171s/epoch - 3s/step
Epoch 21/100

Epoch 00021: mean_squared_error improved from 0.00000 to 0.00000, saving model to /gpfswork/rech/ynx/ulx23va/repo/wf-SEDs/model_WFE_size/wf-outputs/chkp/wfe_study_resx3_bis/chkp_callback_poly_wfe_study_resx3_256_bis_10_cycle1
63/63 - 171s - loss: 1.0107e-06 - mean_squared_error: 1.3699e-06 - val_loss: 5.4547e-08 - val_mean_squared_error: 5.4547e-08 - 171s/epoch - 3s/step
Epoch 22/100

Epoch 00022: mean_squared_error improved from 0.00000 to 0.00000, saving model to /gpfswork/rech/ynx/ulx23va/repo/wf-SEDs/model_WFE_size/wf-outputs/chkp/wfe_study_resx3_bis/chkp_callback_poly_wfe_study_resx3_256_bis_10_cycle1
63/63 - 172s - loss: 1.0072e-06 - mean_squared_error: 1.3665e-06 - val_loss: 5.1014e-08 - val_mean_squared_error: 5.1014e-08 - 172s/epoch - 3s/step
Epoch 23/100

Epoch 00023: mean_squared_error improved from 0.00000 to 0.00000, saving model to /gpfswork/rech/ynx/ulx23va/repo/wf-SEDs/model_WFE_size/wf-outputs/chkp/wfe_study_resx3_bis/chkp_callback_poly_wfe_study_resx3_256_bis_10_cycle1
63/63 - 172s - loss: 1.0037e-06 - mean_squared_error: 1.3633e-06 - val_loss: 4.8210e-08 - val_mean_squared_error: 4.8210e-08 - 172s/epoch - 3s/step
Epoch 24/100

Epoch 00024: mean_squared_error improved from 0.00000 to 0.00000, saving model to /gpfswork/rech/ynx/ulx23va/repo/wf-SEDs/model_WFE_size/wf-outputs/chkp/wfe_study_resx3_bis/chkp_callback_poly_wfe_study_resx3_256_bis_10_cycle1
63/63 - 171s - loss: 1.0006e-06 - mean_squared_error: 1.3603e-06 - val_loss: 4.5246e-08 - val_mean_squared_error: 4.5246e-08 - 171s/epoch - 3s/step
Epoch 25/100

Epoch 00025: mean_squared_error improved from 0.00000 to 0.00000, saving model to /gpfswork/rech/ynx/ulx23va/repo/wf-SEDs/model_WFE_size/wf-outputs/chkp/wfe_study_resx3_bis/chkp_callback_poly_wfe_study_resx3_256_bis_10_cycle1
63/63 - 171s - loss: 9.9792e-07 - mean_squared_error: 1.3580e-06 - val_loss: 4.2955e-08 - val_mean_squared_error: 4.2955e-08 - 171s/epoch - 3s/step
Epoch 26/100

Epoch 00026: mean_squared_error improved from 0.00000 to 0.00000, saving model to /gpfswork/rech/ynx/ulx23va/repo/wf-SEDs/model_WFE_size/wf-outputs/chkp/wfe_study_resx3_bis/chkp_callback_poly_wfe_study_resx3_256_bis_10_cycle1
63/63 - 171s - loss: 9.9550e-07 - mean_squared_error: 1.3556e-06 - val_loss: 4.0550e-08 - val_mean_squared_error: 4.0550e-08 - 171s/epoch - 3s/step
Epoch 27/100

Epoch 00027: mean_squared_error improved from 0.00000 to 0.00000, saving model to /gpfswork/rech/ynx/ulx23va/repo/wf-SEDs/model_WFE_size/wf-outputs/chkp/wfe_study_resx3_bis/chkp_callback_poly_wfe_study_resx3_256_bis_10_cycle1
63/63 - 172s - loss: 9.9362e-07 - mean_squared_error: 1.3538e-06 - val_loss: 3.9546e-08 - val_mean_squared_error: 3.9546e-08 - 172s/epoch - 3s/step
Epoch 28/100

Epoch 00028: mean_squared_error improved from 0.00000 to 0.00000, saving model to /gpfswork/rech/ynx/ulx23va/repo/wf-SEDs/model_WFE_size/wf-outputs/chkp/wfe_study_resx3_bis/chkp_callback_poly_wfe_study_resx3_256_bis_10_cycle1
63/63 - 171s - loss: 9.9237e-07 - mean_squared_error: 1.3524e-06 - val_loss: 3.7592e-08 - val_mean_squared_error: 3.7592e-08 - 171s/epoch - 3s/step
Epoch 29/100

Epoch 00029: mean_squared_error improved from 0.00000 to 0.00000, saving model to /gpfswork/rech/ynx/ulx23va/repo/wf-SEDs/model_WFE_size/wf-outputs/chkp/wfe_study_resx3_bis/chkp_callback_poly_wfe_study_resx3_256_bis_10_cycle1
63/63 - 172s - loss: 9.8966e-07 - mean_squared_error: 1.3501e-06 - val_loss: 3.6147e-08 - val_mean_squared_error: 3.6147e-08 - 172s/epoch - 3s/step
Epoch 30/100

Epoch 00030: mean_squared_error improved from 0.00000 to 0.00000, saving model to /gpfswork/rech/ynx/ulx23va/repo/wf-SEDs/model_WFE_size/wf-outputs/chkp/wfe_study_resx3_bis/chkp_callback_poly_wfe_study_resx3_256_bis_10_cycle1
63/63 - 171s - loss: 9.8793e-07 - mean_squared_error: 1.3483e-06 - val_loss: 3.3921e-08 - val_mean_squared_error: 3.3921e-08 - 171s/epoch - 3s/step
Epoch 31/100

Epoch 00031: mean_squared_error improved from 0.00000 to 0.00000, saving model to /gpfswork/rech/ynx/ulx23va/repo/wf-SEDs/model_WFE_size/wf-outputs/chkp/wfe_study_resx3_bis/chkp_callback_poly_wfe_study_resx3_256_bis_10_cycle1
63/63 - 172s - loss: 9.8618e-07 - mean_squared_error: 1.3468e-06 - val_loss: 3.3891e-08 - val_mean_squared_error: 3.3891e-08 - 172s/epoch - 3s/step
Epoch 32/100

Epoch 00032: mean_squared_error improved from 0.00000 to 0.00000, saving model to /gpfswork/rech/ynx/ulx23va/repo/wf-SEDs/model_WFE_size/wf-outputs/chkp/wfe_study_resx3_bis/chkp_callback_poly_wfe_study_resx3_256_bis_10_cycle1
63/63 - 171s - loss: 9.8515e-07 - mean_squared_error: 1.3457e-06 - val_loss: 3.0801e-08 - val_mean_squared_error: 3.0801e-08 - 171s/epoch - 3s/step
Epoch 33/100

Epoch 00033: mean_squared_error improved from 0.00000 to 0.00000, saving model to /gpfswork/rech/ynx/ulx23va/repo/wf-SEDs/model_WFE_size/wf-outputs/chkp/wfe_study_resx3_bis/chkp_callback_poly_wfe_study_resx3_256_bis_10_cycle1
63/63 - 172s - loss: 9.8389e-07 - mean_squared_error: 1.3447e-06 - val_loss: 3.2324e-08 - val_mean_squared_error: 3.2324e-08 - 172s/epoch - 3s/step
Epoch 34/100

Epoch 00034: mean_squared_error improved from 0.00000 to 0.00000, saving model to /gpfswork/rech/ynx/ulx23va/repo/wf-SEDs/model_WFE_size/wf-outputs/chkp/wfe_study_resx3_bis/chkp_callback_poly_wfe_study_resx3_256_bis_10_cycle1
63/63 - 171s - loss: 9.8303e-07 - mean_squared_error: 1.3438e-06 - val_loss: 3.0111e-08 - val_mean_squared_error: 3.0111e-08 - 171s/epoch - 3s/step
Epoch 35/100

Epoch 00035: mean_squared_error improved from 0.00000 to 0.00000, saving model to /gpfswork/rech/ynx/ulx23va/repo/wf-SEDs/model_WFE_size/wf-outputs/chkp/wfe_study_resx3_bis/chkp_callback_poly_wfe_study_resx3_256_bis_10_cycle1
63/63 - 171s - loss: 9.8092e-07 - mean_squared_error: 1.3419e-06 - val_loss: 2.7948e-08 - val_mean_squared_error: 2.7948e-08 - 171s/epoch - 3s/step
Epoch 36/100

Epoch 00036: mean_squared_error improved from 0.00000 to 0.00000, saving model to /gpfswork/rech/ynx/ulx23va/repo/wf-SEDs/model_WFE_size/wf-outputs/chkp/wfe_study_resx3_bis/chkp_callback_poly_wfe_study_resx3_256_bis_10_cycle1
63/63 - 171s - loss: 9.8076e-07 - mean_squared_error: 1.3417e-06 - val_loss: 2.6730e-08 - val_mean_squared_error: 2.6730e-08 - 171s/epoch - 3s/step
Epoch 37/100

Epoch 00037: mean_squared_error improved from 0.00000 to 0.00000, saving model to /gpfswork/rech/ynx/ulx23va/repo/wf-SEDs/model_WFE_size/wf-outputs/chkp/wfe_study_resx3_bis/chkp_callback_poly_wfe_study_resx3_256_bis_10_cycle1
63/63 - 171s - loss: 9.7881e-07 - mean_squared_error: 1.3399e-06 - val_loss: 2.5974e-08 - val_mean_squared_error: 2.5974e-08 - 171s/epoch - 3s/step
Epoch 38/100

Epoch 00038: mean_squared_error improved from 0.00000 to 0.00000, saving model to /gpfswork/rech/ynx/ulx23va/repo/wf-SEDs/model_WFE_size/wf-outputs/chkp/wfe_study_resx3_bis/chkp_callback_poly_wfe_study_resx3_256_bis_10_cycle1
63/63 - 171s - loss: 9.7787e-07 - mean_squared_error: 1.3390e-06 - val_loss: 2.5192e-08 - val_mean_squared_error: 2.5192e-08 - 171s/epoch - 3s/step
Epoch 39/100

Epoch 00039: mean_squared_error did not improve from 0.00000
63/63 - 171s - loss: 9.7814e-07 - mean_squared_error: 1.3392e-06 - val_loss: 2.4804e-08 - val_mean_squared_error: 2.4804e-08 - 171s/epoch - 3s/step
Epoch 40/100

Epoch 00040: mean_squared_error improved from 0.00000 to 0.00000, saving model to /gpfswork/rech/ynx/ulx23va/repo/wf-SEDs/model_WFE_size/wf-outputs/chkp/wfe_study_resx3_bis/chkp_callback_poly_wfe_study_resx3_256_bis_10_cycle1
63/63 - 172s - loss: 9.7694e-07 - mean_squared_error: 1.3381e-06 - val_loss: 2.3719e-08 - val_mean_squared_error: 2.3719e-08 - 172s/epoch - 3s/step
Epoch 41/100

Epoch 00041: mean_squared_error improved from 0.00000 to 0.00000, saving model to /gpfswork/rech/ynx/ulx23va/repo/wf-SEDs/model_WFE_size/wf-outputs/chkp/wfe_study_resx3_bis/chkp_callback_poly_wfe_study_resx3_256_bis_10_cycle1
63/63 - 171s - loss: 9.7687e-07 - mean_squared_error: 1.3380e-06 - val_loss: 2.3431e-08 - val_mean_squared_error: 2.3431e-08 - 171s/epoch - 3s/step
Epoch 42/100

Epoch 00042: mean_squared_error improved from 0.00000 to 0.00000, saving model to /gpfswork/rech/ynx/ulx23va/repo/wf-SEDs/model_WFE_size/wf-outputs/chkp/wfe_study_resx3_bis/chkp_callback_poly_wfe_study_resx3_256_bis_10_cycle1
63/63 - 171s - loss: 9.7606e-07 - mean_squared_error: 1.3371e-06 - val_loss: 2.3037e-08 - val_mean_squared_error: 2.3037e-08 - 171s/epoch - 3s/step
Epoch 43/100

Epoch 00043: mean_squared_error improved from 0.00000 to 0.00000, saving model to /gpfswork/rech/ynx/ulx23va/repo/wf-SEDs/model_WFE_size/wf-outputs/chkp/wfe_study_resx3_bis/chkp_callback_poly_wfe_study_resx3_256_bis_10_cycle1
63/63 - 171s - loss: 9.7563e-07 - mean_squared_error: 1.3368e-06 - val_loss: 2.2964e-08 - val_mean_squared_error: 2.2964e-08 - 171s/epoch - 3s/step
Epoch 44/100

Epoch 00044: mean_squared_error improved from 0.00000 to 0.00000, saving model to /gpfswork/rech/ynx/ulx23va/repo/wf-SEDs/model_WFE_size/wf-outputs/chkp/wfe_study_resx3_bis/chkp_callback_poly_wfe_study_resx3_256_bis_10_cycle1
63/63 - 172s - loss: 9.7421e-07 - mean_squared_error: 1.3354e-06 - val_loss: 2.1845e-08 - val_mean_squared_error: 2.1845e-08 - 172s/epoch - 3s/step
Epoch 45/100

Epoch 00045: mean_squared_error did not improve from 0.00000
63/63 - 171s - loss: 9.7568e-07 - mean_squared_error: 1.3367e-06 - val_loss: 2.4285e-08 - val_mean_squared_error: 2.4285e-08 - 171s/epoch - 3s/step
Epoch 46/100

Epoch 00046: mean_squared_error did not improve from 0.00000
63/63 - 171s - loss: 9.8759e-07 - mean_squared_error: 1.3454e-06 - val_loss: 7.9639e-08 - val_mean_squared_error: 7.9639e-08 - 171s/epoch - 3s/step
Epoch 47/100

Epoch 00047: mean_squared_error did not improve from 0.00000
63/63 - 171s - loss: 9.9102e-07 - mean_squared_error: 1.3491e-06 - val_loss: 2.7017e-08 - val_mean_squared_error: 2.7017e-08 - 171s/epoch - 3s/step
Epoch 48/100

Epoch 00048: mean_squared_error did not improve from 0.00000
63/63 - 171s - loss: 9.7479e-07 - mean_squared_error: 1.3358e-06 - val_loss: 2.0332e-08 - val_mean_squared_error: 2.0332e-08 - 171s/epoch - 3s/step
Epoch 49/100

Epoch 00049: mean_squared_error improved from 0.00000 to 0.00000, saving model to /gpfswork/rech/ynx/ulx23va/repo/wf-SEDs/model_WFE_size/wf-outputs/chkp/wfe_study_resx3_bis/chkp_callback_poly_wfe_study_resx3_256_bis_10_cycle1
63/63 - 171s - loss: 9.7279e-07 - mean_squared_error: 1.3342e-06 - val_loss: 1.9920e-08 - val_mean_squared_error: 1.9920e-08 - 171s/epoch - 3s/step
Epoch 50/100

Epoch 00050: mean_squared_error improved from 0.00000 to 0.00000, saving model to /gpfswork/rech/ynx/ulx23va/repo/wf-SEDs/model_WFE_size/wf-outputs/chkp/wfe_study_resx3_bis/chkp_callback_poly_wfe_study_resx3_256_bis_10_cycle1
63/63 - 172s - loss: 9.7116e-07 - mean_squared_error: 1.3328e-06 - val_loss: 1.9206e-08 - val_mean_squared_error: 1.9206e-08 - 172s/epoch - 3s/step
Epoch 51/100

Epoch 00051: mean_squared_error improved from 0.00000 to 0.00000, saving model to /gpfswork/rech/ynx/ulx23va/repo/wf-SEDs/model_WFE_size/wf-outputs/chkp/wfe_study_resx3_bis/chkp_callback_poly_wfe_study_resx3_256_bis_10_cycle1
63/63 - 171s - loss: 9.7046e-07 - mean_squared_error: 1.3320e-06 - val_loss: 1.9337e-08 - val_mean_squared_error: 1.9337e-08 - 171s/epoch - 3s/step
Epoch 52/100

Epoch 00052: mean_squared_error did not improve from 0.00000
63/63 - 170s - loss: 9.7124e-07 - mean_squared_error: 1.3325e-06 - val_loss: 1.8627e-08 - val_mean_squared_error: 1.8627e-08 - 170s/epoch - 3s/step
Epoch 53/100

Epoch 00053: mean_squared_error improved from 0.00000 to 0.00000, saving model to /gpfswork/rech/ynx/ulx23va/repo/wf-SEDs/model_WFE_size/wf-outputs/chkp/wfe_study_resx3_bis/chkp_callback_poly_wfe_study_resx3_256_bis_10_cycle1
63/63 - 171s - loss: 9.6982e-07 - mean_squared_error: 1.3314e-06 - val_loss: 1.7569e-08 - val_mean_squared_error: 1.7569e-08 - 171s/epoch - 3s/step
Epoch 54/100

Epoch 00054: mean_squared_error improved from 0.00000 to 0.00000, saving model to /gpfswork/rech/ynx/ulx23va/repo/wf-SEDs/model_WFE_size/wf-outputs/chkp/wfe_study_resx3_bis/chkp_callback_poly_wfe_study_resx3_256_bis_10_cycle1
63/63 - 169s - loss: 9.6973e-07 - mean_squared_error: 1.3313e-06 - val_loss: 1.7152e-08 - val_mean_squared_error: 1.7152e-08 - 169s/epoch - 3s/step
Epoch 55/100

Epoch 00055: mean_squared_error improved from 0.00000 to 0.00000, saving model to /gpfswork/rech/ynx/ulx23va/repo/wf-SEDs/model_WFE_size/wf-outputs/chkp/wfe_study_resx3_bis/chkp_callback_poly_wfe_study_resx3_256_bis_10_cycle1
63/63 - 169s - loss: 9.6888e-07 - mean_squared_error: 1.3305e-06 - val_loss: 1.7252e-08 - val_mean_squared_error: 1.7252e-08 - 169s/epoch - 3s/step
Epoch 56/100

Epoch 00056: mean_squared_error improved from 0.00000 to 0.00000, saving model to /gpfswork/rech/ynx/ulx23va/repo/wf-SEDs/model_WFE_size/wf-outputs/chkp/wfe_study_resx3_bis/chkp_callback_poly_wfe_study_resx3_256_bis_10_cycle1
63/63 - 169s - loss: 9.6829e-07 - mean_squared_error: 1.3299e-06 - val_loss: 1.6688e-08 - val_mean_squared_error: 1.6688e-08 - 169s/epoch - 3s/step
Epoch 57/100

Epoch 00057: mean_squared_error did not improve from 0.00000
63/63 - 169s - loss: 9.7161e-07 - mean_squared_error: 1.3326e-06 - val_loss: 1.7473e-08 - val_mean_squared_error: 1.7473e-08 - 169s/epoch - 3s/step
Epoch 58/100

Epoch 00058: mean_squared_error did not improve from 0.00000
63/63 - 169s - loss: 9.6998e-07 - mean_squared_error: 1.3312e-06 - val_loss: 1.6548e-08 - val_mean_squared_error: 1.6548e-08 - 169s/epoch - 3s/step
Epoch 59/100

Epoch 00059: mean_squared_error improved from 0.00000 to 0.00000, saving model to /gpfswork/rech/ynx/ulx23va/repo/wf-SEDs/model_WFE_size/wf-outputs/chkp/wfe_study_resx3_bis/chkp_callback_poly_wfe_study_resx3_256_bis_10_cycle1
63/63 - 168s - loss: 9.6754e-07 - mean_squared_error: 1.3292e-06 - val_loss: 1.6614e-08 - val_mean_squared_error: 1.6614e-08 - 168s/epoch - 3s/step
Epoch 60/100

Epoch 00060: mean_squared_error improved from 0.00000 to 0.00000, saving model to /gpfswork/rech/ynx/ulx23va/repo/wf-SEDs/model_WFE_size/wf-outputs/chkp/wfe_study_resx3_bis/chkp_callback_poly_wfe_study_resx3_256_bis_10_cycle1
63/63 - 168s - loss: 9.6750e-07 - mean_squared_error: 1.3291e-06 - val_loss: 1.7140e-08 - val_mean_squared_error: 1.7140e-08 - 168s/epoch - 3s/step
Epoch 61/100

Epoch 00061: mean_squared_error did not improve from 0.00000
63/63 - 168s - loss: 9.7065e-07 - mean_squared_error: 1.3319e-06 - val_loss: 2.2008e-08 - val_mean_squared_error: 2.2008e-08 - 168s/epoch - 3s/step
Epoch 62/100

Epoch 00062: mean_squared_error did not improve from 0.00000
63/63 - 169s - loss: 9.7600e-07 - mean_squared_error: 1.3359e-06 - val_loss: 3.1161e-08 - val_mean_squared_error: 3.1161e-08 - 169s/epoch - 3s/step
Epoch 63/100

Epoch 00063: mean_squared_error did not improve from 0.00000
63/63 - 168s - loss: 9.6994e-07 - mean_squared_error: 1.3314e-06 - val_loss: 1.5689e-08 - val_mean_squared_error: 1.5689e-08 - 168s/epoch - 3s/step
Epoch 64/100

Epoch 00064: mean_squared_error did not improve from 0.00000
63/63 - 169s - loss: 9.6798e-07 - mean_squared_error: 1.3295e-06 - val_loss: 1.7503e-08 - val_mean_squared_error: 1.7503e-08 - 169s/epoch - 3s/step
Epoch 65/100

Epoch 00065: mean_squared_error did not improve from 0.00000
63/63 - 168s - loss: 9.6917e-07 - mean_squared_error: 1.3302e-06 - val_loss: 2.6666e-08 - val_mean_squared_error: 2.6666e-08 - 168s/epoch - 3s/step
Epoch 66/100

Epoch 00066: mean_squared_error did not improve from 0.00000
63/63 - 168s - loss: 9.7146e-07 - mean_squared_error: 1.3322e-06 - val_loss: 1.7135e-08 - val_mean_squared_error: 1.7135e-08 - 168s/epoch - 3s/step
Epoch 67/100

Epoch 00067: mean_squared_error improved from 0.00000 to 0.00000, saving model to /gpfswork/rech/ynx/ulx23va/repo/wf-SEDs/model_WFE_size/wf-outputs/chkp/wfe_study_resx3_bis/chkp_callback_poly_wfe_study_resx3_256_bis_10_cycle1
63/63 - 169s - loss: 9.6653e-07 - mean_squared_error: 1.3281e-06 - val_loss: 1.4563e-08 - val_mean_squared_error: 1.4563e-08 - 169s/epoch - 3s/step
Epoch 68/100

Epoch 00068: mean_squared_error improved from 0.00000 to 0.00000, saving model to /gpfswork/rech/ynx/ulx23va/repo/wf-SEDs/model_WFE_size/wf-outputs/chkp/wfe_study_resx3_bis/chkp_callback_poly_wfe_study_resx3_256_bis_10_cycle1
63/63 - 168s - loss: 9.6600e-07 - mean_squared_error: 1.3277e-06 - val_loss: 1.8554e-08 - val_mean_squared_error: 1.8554e-08 - 168s/epoch - 3s/step
Epoch 69/100

Epoch 00069: mean_squared_error improved from 0.00000 to 0.00000, saving model to /gpfswork/rech/ynx/ulx23va/repo/wf-SEDs/model_WFE_size/wf-outputs/chkp/wfe_study_resx3_bis/chkp_callback_poly_wfe_study_resx3_256_bis_10_cycle1
63/63 - 168s - loss: 9.6544e-07 - mean_squared_error: 1.3273e-06 - val_loss: 1.6244e-08 - val_mean_squared_error: 1.6244e-08 - 168s/epoch - 3s/step
Epoch 70/100

Epoch 00070: mean_squared_error improved from 0.00000 to 0.00000, saving model to /gpfswork/rech/ynx/ulx23va/repo/wf-SEDs/model_WFE_size/wf-outputs/chkp/wfe_study_resx3_bis/chkp_callback_poly_wfe_study_resx3_256_bis_10_cycle1
63/63 - 169s - loss: 9.6535e-07 - mean_squared_error: 1.3271e-06 - val_loss: 1.4711e-08 - val_mean_squared_error: 1.4711e-08 - 169s/epoch - 3s/step
Epoch 71/100

Epoch 00071: mean_squared_error improved from 0.00000 to 0.00000, saving model to /gpfswork/rech/ynx/ulx23va/repo/wf-SEDs/model_WFE_size/wf-outputs/chkp/wfe_study_resx3_bis/chkp_callback_poly_wfe_study_resx3_256_bis_10_cycle1
63/63 - 169s - loss: 9.6533e-07 - mean_squared_error: 1.3271e-06 - val_loss: 1.4183e-08 - val_mean_squared_error: 1.4183e-08 - 169s/epoch - 3s/step
Epoch 72/100

Epoch 00072: mean_squared_error improved from 0.00000 to 0.00000, saving model to /gpfswork/rech/ynx/ulx23va/repo/wf-SEDs/model_WFE_size/wf-outputs/chkp/wfe_study_resx3_bis/chkp_callback_poly_wfe_study_resx3_256_bis_10_cycle1
63/63 - 169s - loss: 9.6451e-07 - mean_squared_error: 1.3263e-06 - val_loss: 1.4956e-08 - val_mean_squared_error: 1.4956e-08 - 169s/epoch - 3s/step
Epoch 73/100

Epoch 00073: mean_squared_error improved from 0.00000 to 0.00000, saving model to /gpfswork/rech/ynx/ulx23va/repo/wf-SEDs/model_WFE_size/wf-outputs/chkp/wfe_study_resx3_bis/chkp_callback_poly_wfe_study_resx3_256_bis_10_cycle1
63/63 - 168s - loss: 9.6348e-07 - mean_squared_error: 1.3254e-06 - val_loss: 1.2917e-08 - val_mean_squared_error: 1.2917e-08 - 168s/epoch - 3s/step
Epoch 74/100

Epoch 00074: mean_squared_error did not improve from 0.00000
63/63 - 169s - loss: 9.6494e-07 - mean_squared_error: 1.3268e-06 - val_loss: 1.3984e-08 - val_mean_squared_error: 1.3984e-08 - 169s/epoch - 3s/step
Epoch 75/100

Epoch 00075: mean_squared_error did not improve from 0.00000
63/63 - 169s - loss: 9.6530e-07 - mean_squared_error: 1.3272e-06 - val_loss: 1.5077e-08 - val_mean_squared_error: 1.5077e-08 - 169s/epoch - 3s/step
Epoch 76/100

Epoch 00076: mean_squared_error did not improve from 0.00000
63/63 - 168s - loss: 9.6609e-07 - mean_squared_error: 1.3279e-06 - val_loss: 1.7997e-08 - val_mean_squared_error: 1.7997e-08 - 168s/epoch - 3s/step
Epoch 77/100

Epoch 00077: mean_squared_error did not improve from 0.00000
63/63 - 169s - loss: 9.6569e-07 - mean_squared_error: 1.3274e-06 - val_loss: 1.3906e-08 - val_mean_squared_error: 1.3906e-08 - 169s/epoch - 3s/step
Epoch 78/100

Epoch 00078: mean_squared_error improved from 0.00000 to 0.00000, saving model to /gpfswork/rech/ynx/ulx23va/repo/wf-SEDs/model_WFE_size/wf-outputs/chkp/wfe_study_resx3_bis/chkp_callback_poly_wfe_study_resx3_256_bis_10_cycle1
63/63 - 169s - loss: 9.6313e-07 - mean_squared_error: 1.3251e-06 - val_loss: 1.5079e-08 - val_mean_squared_error: 1.5079e-08 - 169s/epoch - 3s/step
Epoch 79/100

Epoch 00079: mean_squared_error did not improve from 0.00000
63/63 - 168s - loss: 9.6336e-07 - mean_squared_error: 1.3253e-06 - val_loss: 1.2691e-08 - val_mean_squared_error: 1.2691e-08 - 168s/epoch - 3s/step
Epoch 80/100

Epoch 00080: mean_squared_error improved from 0.00000 to 0.00000, saving model to /gpfswork/rech/ynx/ulx23va/repo/wf-SEDs/model_WFE_size/wf-outputs/chkp/wfe_study_resx3_bis/chkp_callback_poly_wfe_study_resx3_256_bis_10_cycle1
63/63 - 169s - loss: 9.6241e-07 - mean_squared_error: 1.3245e-06 - val_loss: 1.3109e-08 - val_mean_squared_error: 1.3109e-08 - 169s/epoch - 3s/step
Epoch 81/100

Epoch 00081: mean_squared_error improved from 0.00000 to 0.00000, saving model to /gpfswork/rech/ynx/ulx23va/repo/wf-SEDs/model_WFE_size/wf-outputs/chkp/wfe_study_resx3_bis/chkp_callback_poly_wfe_study_resx3_256_bis_10_cycle1
63/63 - 168s - loss: 9.6249e-07 - mean_squared_error: 1.3244e-06 - val_loss: 1.2095e-08 - val_mean_squared_error: 1.2095e-08 - 168s/epoch - 3s/step
Epoch 82/100

Epoch 00082: mean_squared_error did not improve from 0.00000
63/63 - 168s - loss: 9.6279e-07 - mean_squared_error: 1.3249e-06 - val_loss: 1.2075e-08 - val_mean_squared_error: 1.2075e-08 - 168s/epoch - 3s/step
Epoch 83/100

Epoch 00083: mean_squared_error did not improve from 0.00000
63/63 - 168s - loss: 9.6245e-07 - mean_squared_error: 1.3244e-06 - val_loss: 1.2924e-08 - val_mean_squared_error: 1.2924e-08 - 168s/epoch - 3s/step
Epoch 84/100

Epoch 00084: mean_squared_error did not improve from 0.00000
63/63 - 168s - loss: 9.6646e-07 - mean_squared_error: 1.3277e-06 - val_loss: 1.4050e-08 - val_mean_squared_error: 1.4050e-08 - 168s/epoch - 3s/step
Epoch 85/100

Epoch 00085: mean_squared_error did not improve from 0.00000
63/63 - 168s - loss: 9.6336e-07 - mean_squared_error: 1.3252e-06 - val_loss: 1.3039e-08 - val_mean_squared_error: 1.3039e-08 - 168s/epoch - 3s/step
Epoch 86/100

Epoch 00086: mean_squared_error improved from 0.00000 to 0.00000, saving model to /gpfswork/rech/ynx/ulx23va/repo/wf-SEDs/model_WFE_size/wf-outputs/chkp/wfe_study_resx3_bis/chkp_callback_poly_wfe_study_resx3_256_bis_10_cycle1
63/63 - 168s - loss: 9.6207e-07 - mean_squared_error: 1.3241e-06 - val_loss: 1.1573e-08 - val_mean_squared_error: 1.1573e-08 - 168s/epoch - 3s/step
Epoch 87/100

Epoch 00087: mean_squared_error improved from 0.00000 to 0.00000, saving model to /gpfswork/rech/ynx/ulx23va/repo/wf-SEDs/model_WFE_size/wf-outputs/chkp/wfe_study_resx3_bis/chkp_callback_poly_wfe_study_resx3_256_bis_10_cycle1
63/63 - 169s - loss: 9.6202e-07 - mean_squared_error: 1.3240e-06 - val_loss: 1.1545e-08 - val_mean_squared_error: 1.1545e-08 - 169s/epoch - 3s/step
Epoch 88/100

Epoch 00088: mean_squared_error did not improve from 0.00000
63/63 - 168s - loss: 9.6236e-07 - mean_squared_error: 1.3242e-06 - val_loss: 1.1926e-08 - val_mean_squared_error: 1.1926e-08 - 168s/epoch - 3s/step
Epoch 89/100

Epoch 00089: mean_squared_error did not improve from 0.00000
63/63 - 169s - loss: 9.6250e-07 - mean_squared_error: 1.3244e-06 - val_loss: 1.1592e-08 - val_mean_squared_error: 1.1592e-08 - 169s/epoch - 3s/step
Epoch 90/100

Epoch 00090: mean_squared_error improved from 0.00000 to 0.00000, saving model to /gpfswork/rech/ynx/ulx23va/repo/wf-SEDs/model_WFE_size/wf-outputs/chkp/wfe_study_resx3_bis/chkp_callback_poly_wfe_study_resx3_256_bis_10_cycle1
63/63 - 169s - loss: 9.6077e-07 - mean_squared_error: 1.3229e-06 - val_loss: 1.2136e-08 - val_mean_squared_error: 1.2136e-08 - 169s/epoch - 3s/step
Epoch 91/100

Epoch 00091: mean_squared_error did not improve from 0.00000
63/63 - 169s - loss: 9.6376e-07 - mean_squared_error: 1.3252e-06 - val_loss: 1.1477e-08 - val_mean_squared_error: 1.1477e-08 - 169s/epoch - 3s/step
Epoch 92/100

Epoch 00092: mean_squared_error did not improve from 0.00000
63/63 - 168s - loss: 9.6134e-07 - mean_squared_error: 1.3235e-06 - val_loss: 1.2093e-08 - val_mean_squared_error: 1.2093e-08 - 168s/epoch - 3s/step
Epoch 93/100

Epoch 00093: mean_squared_error did not improve from 0.00000
63/63 - 169s - loss: 9.6149e-07 - mean_squared_error: 1.3236e-06 - val_loss: 1.3207e-08 - val_mean_squared_error: 1.3207e-08 - 169s/epoch - 3s/step
Epoch 94/100

Epoch 00094: mean_squared_error did not improve from 0.00000
63/63 - 168s - loss: 9.6107e-07 - mean_squared_error: 1.3232e-06 - val_loss: 1.0859e-08 - val_mean_squared_error: 1.0859e-08 - 168s/epoch - 3s/step
Epoch 95/100

Epoch 00095: mean_squared_error improved from 0.00000 to 0.00000, saving model to /gpfswork/rech/ynx/ulx23va/repo/wf-SEDs/model_WFE_size/wf-outputs/chkp/wfe_study_resx3_bis/chkp_callback_poly_wfe_study_resx3_256_bis_10_cycle1
63/63 - 169s - loss: 9.5994e-07 - mean_squared_error: 1.3222e-06 - val_loss: 1.1276e-08 - val_mean_squared_error: 1.1276e-08 - 169s/epoch - 3s/step
Epoch 96/100

Epoch 00096: mean_squared_error did not improve from 0.00000
63/63 - 168s - loss: 9.6089e-07 - mean_squared_error: 1.3230e-06 - val_loss: 1.2600e-08 - val_mean_squared_error: 1.2600e-08 - 168s/epoch - 3s/step
Epoch 97/100

Epoch 00097: mean_squared_error did not improve from 0.00000
63/63 - 168s - loss: 9.6147e-07 - mean_squared_error: 1.3235e-06 - val_loss: 1.3472e-08 - val_mean_squared_error: 1.3472e-08 - 168s/epoch - 3s/step
Epoch 98/100

Epoch 00098: mean_squared_error did not improve from 0.00000
63/63 - 169s - loss: 9.6273e-07 - mean_squared_error: 1.3246e-06 - val_loss: 1.0891e-08 - val_mean_squared_error: 1.0891e-08 - 169s/epoch - 3s/step
Epoch 99/100

Epoch 00099: mean_squared_error improved from 0.00000 to 0.00000, saving model to /gpfswork/rech/ynx/ulx23va/repo/wf-SEDs/model_WFE_size/wf-outputs/chkp/wfe_study_resx3_bis/chkp_callback_poly_wfe_study_resx3_256_bis_10_cycle1
63/63 - 168s - loss: 9.5956e-07 - mean_squared_error: 1.3218e-06 - val_loss: 1.0334e-08 - val_mean_squared_error: 1.0334e-08 - 168s/epoch - 3s/step
Epoch 100/100

Epoch 00100: mean_squared_error did not improve from 0.00000
63/63 - 169s - loss: 9.6175e-07 - mean_squared_error: 1.3234e-06 - val_loss: 2.3823e-08 - val_mean_squared_error: 2.3823e-08 - 169s/epoch - 3s/step
Cycle1 elapsed time: 19586.855032
Starting cycle 2..
Starting parametric update..
Epoch 1/15

Epoch 00001: mean_squared_error improved from inf to 0.00000, saving model to /gpfswork/rech/ynx/ulx23va/repo/wf-SEDs/model_WFE_size/wf-outputs/chkp/wfe_study_resx3_bis/chkp_callback_poly_wfe_study_resx3_256_bis_10_cycle2
63/63 - 175s - loss: 9.6473e-07 - mean_squared_error: 1.3262e-06 - val_loss: 1.3642e-08 - val_mean_squared_error: 1.3642e-08 - 175s/epoch - 3s/step
Epoch 2/15

Epoch 00002: mean_squared_error improved from 0.00000 to 0.00000, saving model to /gpfswork/rech/ynx/ulx23va/repo/wf-SEDs/model_WFE_size/wf-outputs/chkp/wfe_study_resx3_bis/chkp_callback_poly_wfe_study_resx3_256_bis_10_cycle2
63/63 - 172s - loss: 9.6395e-07 - mean_squared_error: 1.3256e-06 - val_loss: 1.6928e-08 - val_mean_squared_error: 1.6928e-08 - 172s/epoch - 3s/step
Epoch 3/15

Epoch 00003: mean_squared_error did not improve from 0.00000
63/63 - 172s - loss: 9.6780e-07 - mean_squared_error: 1.3289e-06 - val_loss: 1.4723e-08 - val_mean_squared_error: 1.4723e-08 - 172s/epoch - 3s/step
Epoch 4/15

Epoch 00004: mean_squared_error did not improve from 0.00000
63/63 - 172s - loss: 9.6758e-07 - mean_squared_error: 1.3287e-06 - val_loss: 1.7164e-08 - val_mean_squared_error: 1.7164e-08 - 172s/epoch - 3s/step
Epoch 5/15

Epoch 00005: mean_squared_error did not improve from 0.00000
63/63 - 172s - loss: 9.6960e-07 - mean_squared_error: 1.3304e-06 - val_loss: 1.5537e-08 - val_mean_squared_error: 1.5537e-08 - 172s/epoch - 3s/step
Epoch 6/15

Epoch 00006: mean_squared_error did not improve from 0.00000
63/63 - 172s - loss: 9.6448e-07 - mean_squared_error: 1.3262e-06 - val_loss: 1.5202e-08 - val_mean_squared_error: 1.5202e-08 - 172s/epoch - 3s/step
Epoch 7/15

Epoch 00007: mean_squared_error did not improve from 0.00000
63/63 - 172s - loss: 9.6865e-07 - mean_squared_error: 1.3297e-06 - val_loss: 2.2828e-08 - val_mean_squared_error: 2.2828e-08 - 172s/epoch - 3s/step
Epoch 8/15

Epoch 00008: mean_squared_error did not improve from 0.00000
63/63 - 172s - loss: 9.7941e-07 - mean_squared_error: 1.3376e-06 - val_loss: 3.0639e-08 - val_mean_squared_error: 3.0639e-08 - 172s/epoch - 3s/step
Epoch 9/15

Epoch 00009: mean_squared_error did not improve from 0.00000
63/63 - 173s - loss: 9.7870e-07 - mean_squared_error: 1.3392e-06 - val_loss: 2.0627e-08 - val_mean_squared_error: 2.0627e-08 - 173s/epoch - 3s/step
Epoch 10/15

Epoch 00010: mean_squared_error did not improve from 0.00000
63/63 - 172s - loss: 9.7206e-07 - mean_squared_error: 1.3332e-06 - val_loss: 4.7340e-08 - val_mean_squared_error: 4.7340e-08 - 172s/epoch - 3s/step
Epoch 11/15

Epoch 00011: mean_squared_error did not improve from 0.00000
63/63 - 172s - loss: 9.7156e-07 - mean_squared_error: 1.3321e-06 - val_loss: 1.9196e-08 - val_mean_squared_error: 1.9196e-08 - 172s/epoch - 3s/step
Epoch 12/15

Epoch 00012: mean_squared_error did not improve from 0.00000
63/63 - 172s - loss: 9.7989e-07 - mean_squared_error: 1.3395e-06 - val_loss: 2.8182e-08 - val_mean_squared_error: 2.8182e-08 - 172s/epoch - 3s/step
Epoch 13/15

Epoch 00013: mean_squared_error did not improve from 0.00000
63/63 - 172s - loss: 9.7941e-07 - mean_squared_error: 1.3392e-06 - val_loss: 2.0988e-08 - val_mean_squared_error: 2.0988e-08 - 172s/epoch - 3s/step
Epoch 14/15

Epoch 00014: mean_squared_error did not improve from 0.00000
63/63 - 173s - loss: 9.7246e-07 - mean_squared_error: 1.3331e-06 - val_loss: 2.5085e-08 - val_mean_squared_error: 2.5085e-08 - 173s/epoch - 3s/step
Epoch 15/15

Epoch 00015: mean_squared_error did not improve from 0.00000
63/63 - 172s - loss: 9.7082e-07 - mean_squared_error: 1.3316e-06 - val_loss: 2.6794e-08 - val_mean_squared_error: 2.6794e-08 - 172s/epoch - 3s/step
Starting non-parametric update..
Epoch 1/50

Epoch 00001: mean_squared_error improved from 0.00000 to 0.00000, saving model to /gpfswork/rech/ynx/ulx23va/repo/wf-SEDs/model_WFE_size/wf-outputs/chkp/wfe_study_resx3_bis/chkp_callback_poly_wfe_study_resx3_256_bis_10_cycle2
63/63 - 172s - loss: 9.6349e-07 - mean_squared_error: 1.3251e-06 - val_loss: 1.0012e-08 - val_mean_squared_error: 1.0012e-08 - 172s/epoch - 3s/step
Epoch 2/50

Epoch 00002: mean_squared_error improved from 0.00000 to 0.00000, saving model to /gpfswork/rech/ynx/ulx23va/repo/wf-SEDs/model_WFE_size/wf-outputs/chkp/wfe_study_resx3_bis/chkp_callback_poly_wfe_study_resx3_256_bis_10_cycle2
63/63 - 169s - loss: 9.5791e-07 - mean_squared_error: 1.3204e-06 - val_loss: 9.3026e-09 - val_mean_squared_error: 9.3026e-09 - 169s/epoch - 3s/step
Epoch 3/50

Epoch 00003: mean_squared_error improved from 0.00000 to 0.00000, saving model to /gpfswork/rech/ynx/ulx23va/repo/wf-SEDs/model_WFE_size/wf-outputs/chkp/wfe_study_resx3_bis/chkp_callback_poly_wfe_study_resx3_256_bis_10_cycle2
63/63 - 169s - loss: 9.5763e-07 - mean_squared_error: 1.3201e-06 - val_loss: 9.1120e-09 - val_mean_squared_error: 9.1120e-09 - 169s/epoch - 3s/step
Epoch 4/50

Epoch 00004: mean_squared_error improved from 0.00000 to 0.00000, saving model to /gpfswork/rech/ynx/ulx23va/repo/wf-SEDs/model_WFE_size/wf-outputs/chkp/wfe_study_resx3_bis/chkp_callback_poly_wfe_study_resx3_256_bis_10_cycle2
63/63 - 169s - loss: 9.5752e-07 - mean_squared_error: 1.3200e-06 - val_loss: 9.0705e-09 - val_mean_squared_error: 9.0705e-09 - 169s/epoch - 3s/step
Epoch 5/50

Epoch 00005: mean_squared_error did not improve from 0.00000
63/63 - 169s - loss: 9.5754e-07 - mean_squared_error: 1.3200e-06 - val_loss: 9.1095e-09 - val_mean_squared_error: 9.1095e-09 - 169s/epoch - 3s/step
Epoch 6/50

Epoch 00006: mean_squared_error improved from 0.00000 to 0.00000, saving model to /gpfswork/rech/ynx/ulx23va/repo/wf-SEDs/model_WFE_size/wf-outputs/chkp/wfe_study_resx3_bis/chkp_callback_poly_wfe_study_resx3_256_bis_10_cycle2
63/63 - 169s - loss: 9.5747e-07 - mean_squared_error: 1.3199e-06 - val_loss: 9.1047e-09 - val_mean_squared_error: 9.1047e-09 - 169s/epoch - 3s/step
Epoch 7/50

Epoch 00007: mean_squared_error improved from 0.00000 to 0.00000, saving model to /gpfswork/rech/ynx/ulx23va/repo/wf-SEDs/model_WFE_size/wf-outputs/chkp/wfe_study_resx3_bis/chkp_callback_poly_wfe_study_resx3_256_bis_10_cycle2
63/63 - 169s - loss: 9.5741e-07 - mean_squared_error: 1.3199e-06 - val_loss: 9.0362e-09 - val_mean_squared_error: 9.0362e-09 - 169s/epoch - 3s/step
Epoch 8/50

Epoch 00008: mean_squared_error improved from 0.00000 to 0.00000, saving model to /gpfswork/rech/ynx/ulx23va/repo/wf-SEDs/model_WFE_size/wf-outputs/chkp/wfe_study_resx3_bis/chkp_callback_poly_wfe_study_resx3_256_bis_10_cycle2
63/63 - 169s - loss: 9.5740e-07 - mean_squared_error: 1.3199e-06 - val_loss: 8.8664e-09 - val_mean_squared_error: 8.8664e-09 - 169s/epoch - 3s/step
Epoch 9/50

Epoch 00009: mean_squared_error did not improve from 0.00000
63/63 - 168s - loss: 9.5737e-07 - mean_squared_error: 1.3199e-06 - val_loss: 8.9660e-09 - val_mean_squared_error: 8.9660e-09 - 168s/epoch - 3s/step
Epoch 10/50

Epoch 00010: mean_squared_error did not improve from 0.00000
63/63 - 169s - loss: 9.5736e-07 - mean_squared_error: 1.3199e-06 - val_loss: 8.9220e-09 - val_mean_squared_error: 8.9220e-09 - 169s/epoch - 3s/step
Epoch 11/50

Epoch 00011: mean_squared_error did not improve from 0.00000
63/63 - 169s - loss: 9.5743e-07 - mean_squared_error: 1.3199e-06 - val_loss: 9.0437e-09 - val_mean_squared_error: 9.0437e-09 - 169s/epoch - 3s/step
Epoch 12/50

Epoch 00012: mean_squared_error improved from 0.00000 to 0.00000, saving model to /gpfswork/rech/ynx/ulx23va/repo/wf-SEDs/model_WFE_size/wf-outputs/chkp/wfe_study_resx3_bis/chkp_callback_poly_wfe_study_resx3_256_bis_10_cycle2
63/63 - 169s - loss: 9.5738e-07 - mean_squared_error: 1.3198e-06 - val_loss: 8.9797e-09 - val_mean_squared_error: 8.9797e-09 - 169s/epoch - 3s/step
Epoch 13/50

Epoch 00013: mean_squared_error improved from 0.00000 to 0.00000, saving model to /gpfswork/rech/ynx/ulx23va/repo/wf-SEDs/model_WFE_size/wf-outputs/chkp/wfe_study_resx3_bis/chkp_callback_poly_wfe_study_resx3_256_bis_10_cycle2
63/63 - 169s - loss: 9.5735e-07 - mean_squared_error: 1.3198e-06 - val_loss: 8.8321e-09 - val_mean_squared_error: 8.8321e-09 - 169s/epoch - 3s/step
Epoch 14/50

Epoch 00014: mean_squared_error improved from 0.00000 to 0.00000, saving model to /gpfswork/rech/ynx/ulx23va/repo/wf-SEDs/model_WFE_size/wf-outputs/chkp/wfe_study_resx3_bis/chkp_callback_poly_wfe_study_resx3_256_bis_10_cycle2
63/63 - 169s - loss: 9.5731e-07 - mean_squared_error: 1.3198e-06 - val_loss: 8.9143e-09 - val_mean_squared_error: 8.9143e-09 - 169s/epoch - 3s/step
Epoch 15/50

Epoch 00015: mean_squared_error improved from 0.00000 to 0.00000, saving model to /gpfswork/rech/ynx/ulx23va/repo/wf-SEDs/model_WFE_size/wf-outputs/chkp/wfe_study_resx3_bis/chkp_callback_poly_wfe_study_resx3_256_bis_10_cycle2
63/63 - 169s - loss: 9.5725e-07 - mean_squared_error: 1.3197e-06 - val_loss: 8.9500e-09 - val_mean_squared_error: 8.9500e-09 - 169s/epoch - 3s/step
Epoch 16/50

Epoch 00016: mean_squared_error did not improve from 0.00000
63/63 - 169s - loss: 9.5736e-07 - mean_squared_error: 1.3198e-06 - val_loss: 8.8425e-09 - val_mean_squared_error: 8.8425e-09 - 169s/epoch - 3s/step
Epoch 17/50

Epoch 00017: mean_squared_error did not improve from 0.00000
63/63 - 168s - loss: 9.5728e-07 - mean_squared_error: 1.3198e-06 - val_loss: 9.1035e-09 - val_mean_squared_error: 9.1035e-09 - 168s/epoch - 3s/step
Epoch 18/50

Epoch 00018: mean_squared_error improved from 0.00000 to 0.00000, saving model to /gpfswork/rech/ynx/ulx23va/repo/wf-SEDs/model_WFE_size/wf-outputs/chkp/wfe_study_resx3_bis/chkp_callback_poly_wfe_study_resx3_256_bis_10_cycle2
63/63 - 168s - loss: 9.5724e-07 - mean_squared_error: 1.3197e-06 - val_loss: 8.7334e-09 - val_mean_squared_error: 8.7334e-09 - 168s/epoch - 3s/step
Epoch 19/50

Epoch 00019: mean_squared_error did not improve from 0.00000
63/63 - 169s - loss: 9.5722e-07 - mean_squared_error: 1.3197e-06 - val_loss: 8.9206e-09 - val_mean_squared_error: 8.9206e-09 - 169s/epoch - 3s/step
Epoch 20/50

Epoch 00020: mean_squared_error did not improve from 0.00000
63/63 - 168s - loss: 9.5727e-07 - mean_squared_error: 1.3197e-06 - val_loss: 8.6654e-09 - val_mean_squared_error: 8.6654e-09 - 168s/epoch - 3s/step
Epoch 21/50

Epoch 00021: mean_squared_error improved from 0.00000 to 0.00000, saving model to /gpfswork/rech/ynx/ulx23va/repo/wf-SEDs/model_WFE_size/wf-outputs/chkp/wfe_study_resx3_bis/chkp_callback_poly_wfe_study_resx3_256_bis_10_cycle2
63/63 - 169s - loss: 9.5709e-07 - mean_squared_error: 1.3195e-06 - val_loss: 8.7650e-09 - val_mean_squared_error: 8.7650e-09 - 169s/epoch - 3s/step
Epoch 22/50

Epoch 00022: mean_squared_error improved from 0.00000 to 0.00000, saving model to /gpfswork/rech/ynx/ulx23va/repo/wf-SEDs/model_WFE_size/wf-outputs/chkp/wfe_study_resx3_bis/chkp_callback_poly_wfe_study_resx3_256_bis_10_cycle2
63/63 - 169s - loss: 9.5705e-07 - mean_squared_error: 1.3195e-06 - val_loss: 8.7285e-09 - val_mean_squared_error: 8.7285e-09 - 169s/epoch - 3s/step
Epoch 23/50

Epoch 00023: mean_squared_error did not improve from 0.00000
63/63 - 169s - loss: 9.5714e-07 - mean_squared_error: 1.3196e-06 - val_loss: 9.4659e-09 - val_mean_squared_error: 9.4659e-09 - 169s/epoch - 3s/step
Epoch 24/50

Epoch 00024: mean_squared_error did not improve from 0.00000
63/63 - 169s - loss: 9.5715e-07 - mean_squared_error: 1.3196e-06 - val_loss: 9.0209e-09 - val_mean_squared_error: 9.0209e-09 - 169s/epoch - 3s/step
Epoch 25/50

Epoch 00025: mean_squared_error did not improve from 0.00000
63/63 - 169s - loss: 9.5707e-07 - mean_squared_error: 1.3196e-06 - val_loss: 8.7190e-09 - val_mean_squared_error: 8.7190e-09 - 169s/epoch - 3s/step
Epoch 26/50

Epoch 00026: mean_squared_error did not improve from 0.00000
63/63 - 168s - loss: 9.5709e-07 - mean_squared_error: 1.3195e-06 - val_loss: 9.0182e-09 - val_mean_squared_error: 9.0182e-09 - 168s/epoch - 3s/step
Epoch 27/50

Epoch 00027: mean_squared_error improved from 0.00000 to 0.00000, saving model to /gpfswork/rech/ynx/ulx23va/repo/wf-SEDs/model_WFE_size/wf-outputs/chkp/wfe_study_resx3_bis/chkp_callback_poly_wfe_study_resx3_256_bis_10_cycle2
63/63 - 169s - loss: 9.5695e-07 - mean_squared_error: 1.3194e-06 - val_loss: 8.5888e-09 - val_mean_squared_error: 8.5888e-09 - 169s/epoch - 3s/step
Epoch 28/50

Epoch 00028: mean_squared_error improved from 0.00000 to 0.00000, saving model to /gpfswork/rech/ynx/ulx23va/repo/wf-SEDs/model_WFE_size/wf-outputs/chkp/wfe_study_resx3_bis/chkp_callback_poly_wfe_study_resx3_256_bis_10_cycle2
63/63 - 169s - loss: 9.5695e-07 - mean_squared_error: 1.3194e-06 - val_loss: 9.2355e-09 - val_mean_squared_error: 9.2355e-09 - 169s/epoch - 3s/step
Epoch 29/50

Epoch 00029: mean_squared_error did not improve from 0.00000
63/63 - 168s - loss: 9.5712e-07 - mean_squared_error: 1.3195e-06 - val_loss: 9.0858e-09 - val_mean_squared_error: 9.0858e-09 - 168s/epoch - 3s/step
Epoch 30/50

Epoch 00030: mean_squared_error did not improve from 0.00000
63/63 - 169s - loss: 9.5705e-07 - mean_squared_error: 1.3195e-06 - val_loss: 8.8635e-09 - val_mean_squared_error: 8.8635e-09 - 169s/epoch - 3s/step
Epoch 31/50

Epoch 00031: mean_squared_error improved from 0.00000 to 0.00000, saving model to /gpfswork/rech/ynx/ulx23va/repo/wf-SEDs/model_WFE_size/wf-outputs/chkp/wfe_study_resx3_bis/chkp_callback_poly_wfe_study_resx3_256_bis_10_cycle2
63/63 - 169s - loss: 9.5684e-07 - mean_squared_error: 1.3193e-06 - val_loss: 8.5784e-09 - val_mean_squared_error: 8.5784e-09 - 169s/epoch - 3s/step
Epoch 32/50

Epoch 00032: mean_squared_error improved from 0.00000 to 0.00000, saving model to /gpfswork/rech/ynx/ulx23va/repo/wf-SEDs/model_WFE_size/wf-outputs/chkp/wfe_study_resx3_bis/chkp_callback_poly_wfe_study_resx3_256_bis_10_cycle2
63/63 - 169s - loss: 9.5676e-07 - mean_squared_error: 1.3192e-06 - val_loss: 8.7094e-09 - val_mean_squared_error: 8.7094e-09 - 169s/epoch - 3s/step
Epoch 33/50

Epoch 00033: mean_squared_error did not improve from 0.00000
63/63 - 169s - loss: 9.5679e-07 - mean_squared_error: 1.3192e-06 - val_loss: 8.6839e-09 - val_mean_squared_error: 8.6839e-09 - 169s/epoch - 3s/step
Epoch 34/50

Epoch 00034: mean_squared_error did not improve from 0.00000
63/63 - 169s - loss: 9.5693e-07 - mean_squared_error: 1.3193e-06 - val_loss: 8.8657e-09 - val_mean_squared_error: 8.8657e-09 - 169s/epoch - 3s/step
Epoch 35/50

Epoch 00035: mean_squared_error did not improve from 0.00000
63/63 - 169s - loss: 9.5677e-07 - mean_squared_error: 1.3193e-06 - val_loss: 8.9979e-09 - val_mean_squared_error: 8.9979e-09 - 169s/epoch - 3s/step
Epoch 36/50

Epoch 00036: mean_squared_error did not improve from 0.00000
63/63 - 169s - loss: 9.5676e-07 - mean_squared_error: 1.3192e-06 - val_loss: 8.7091e-09 - val_mean_squared_error: 8.7091e-09 - 169s/epoch - 3s/step
Epoch 37/50

Epoch 00037: mean_squared_error improved from 0.00000 to 0.00000, saving model to /gpfswork/rech/ynx/ulx23va/repo/wf-SEDs/model_WFE_size/wf-outputs/chkp/wfe_study_resx3_bis/chkp_callback_poly_wfe_study_resx3_256_bis_10_cycle2
63/63 - 169s - loss: 9.5660e-07 - mean_squared_error: 1.3190e-06 - val_loss: 8.4137e-09 - val_mean_squared_error: 8.4137e-09 - 169s/epoch - 3s/step
Epoch 38/50

Epoch 00038: mean_squared_error improved from 0.00000 to 0.00000, saving model to /gpfswork/rech/ynx/ulx23va/repo/wf-SEDs/model_WFE_size/wf-outputs/chkp/wfe_study_resx3_bis/chkp_callback_poly_wfe_study_resx3_256_bis_10_cycle2
63/63 - 169s - loss: 9.5653e-07 - mean_squared_error: 1.3190e-06 - val_loss: 8.5747e-09 - val_mean_squared_error: 8.5747e-09 - 169s/epoch - 3s/step
Epoch 39/50

Epoch 00039: mean_squared_error did not improve from 0.00000
63/63 - 169s - loss: 9.5650e-07 - mean_squared_error: 1.3190e-06 - val_loss: 8.6302e-09 - val_mean_squared_error: 8.6302e-09 - 169s/epoch - 3s/step
Epoch 40/50

Epoch 00040: mean_squared_error did not improve from 0.00000
63/63 - 168s - loss: 9.5668e-07 - mean_squared_error: 1.3191e-06 - val_loss: 8.4319e-09 - val_mean_squared_error: 8.4319e-09 - 168s/epoch - 3s/step
Epoch 41/50

Epoch 00041: mean_squared_error improved from 0.00000 to 0.00000, saving model to /gpfswork/rech/ynx/ulx23va/repo/wf-SEDs/model_WFE_size/wf-outputs/chkp/wfe_study_resx3_bis/chkp_callback_poly_wfe_study_resx3_256_bis_10_cycle2
63/63 - 168s - loss: 9.5636e-07 - mean_squared_error: 1.3189e-06 - val_loss: 8.5233e-09 - val_mean_squared_error: 8.5233e-09 - 168s/epoch - 3s/step
Epoch 42/50

Epoch 00042: mean_squared_error did not improve from 0.00000
63/63 - 169s - loss: 9.5673e-07 - mean_squared_error: 1.3192e-06 - val_loss: 8.8324e-09 - val_mean_squared_error: 8.8324e-09 - 169s/epoch - 3s/step
Epoch 43/50

Epoch 00043: mean_squared_error did not improve from 0.00000
63/63 - 169s - loss: 9.5717e-07 - mean_squared_error: 1.3195e-06 - val_loss: 9.2414e-09 - val_mean_squared_error: 9.2414e-09 - 169s/epoch - 3s/step
Epoch 44/50

Epoch 00044: mean_squared_error did not improve from 0.00000
63/63 - 169s - loss: 9.5663e-07 - mean_squared_error: 1.3191e-06 - val_loss: 8.4947e-09 - val_mean_squared_error: 8.4947e-09 - 169s/epoch - 3s/step
Epoch 45/50

Epoch 00045: mean_squared_error did not improve from 0.00000
63/63 - 168s - loss: 9.5683e-07 - mean_squared_error: 1.3192e-06 - val_loss: 9.0473e-09 - val_mean_squared_error: 9.0473e-09 - 168s/epoch - 3s/step
Epoch 46/50

Epoch 00046: mean_squared_error improved from 0.00000 to 0.00000, saving model to /gpfswork/rech/ynx/ulx23va/repo/wf-SEDs/model_WFE_size/wf-outputs/chkp/wfe_study_resx3_bis/chkp_callback_poly_wfe_study_resx3_256_bis_10_cycle2
63/63 - 169s - loss: 9.5644e-07 - mean_squared_error: 1.3189e-06 - val_loss: 8.3185e-09 - val_mean_squared_error: 8.3185e-09 - 169s/epoch - 3s/step
Epoch 47/50

Epoch 00047: mean_squared_error improved from 0.00000 to 0.00000, saving model to /gpfswork/rech/ynx/ulx23va/repo/wf-SEDs/model_WFE_size/wf-outputs/chkp/wfe_study_resx3_bis/chkp_callback_poly_wfe_study_resx3_256_bis_10_cycle2
63/63 - 169s - loss: 9.5627e-07 - mean_squared_error: 1.3187e-06 - val_loss: 8.6803e-09 - val_mean_squared_error: 8.6803e-09 - 169s/epoch - 3s/step
Epoch 48/50

Epoch 00048: mean_squared_error did not improve from 0.00000
63/63 - 169s - loss: 9.5646e-07 - mean_squared_error: 1.3189e-06 - val_loss: 8.6270e-09 - val_mean_squared_error: 8.6270e-09 - 169s/epoch - 3s/step
Epoch 49/50

Epoch 00049: mean_squared_error improved from 0.00000 to 0.00000, saving model to /gpfswork/rech/ynx/ulx23va/repo/wf-SEDs/model_WFE_size/wf-outputs/chkp/wfe_study_resx3_bis/chkp_callback_poly_wfe_study_resx3_256_bis_10_cycle2
63/63 - 168s - loss: 9.5618e-07 - mean_squared_error: 1.3187e-06 - val_loss: 8.9158e-09 - val_mean_squared_error: 8.9158e-09 - 168s/epoch - 3s/step
Epoch 50/50

Epoch 00050: mean_squared_error did not improve from 0.00000
63/63 - 169s - loss: 9.5625e-07 - mean_squared_error: 1.3187e-06 - val_loss: 8.2761e-09 - val_mean_squared_error: 8.2761e-09 - 169s/epoch - 3s/step
Cycle2 elapsed time: 11030.446990

Total elapsed time: 30621.447140

 Good bye..
