Starting the log file.
Found GPU at: /device:GPU:0
tf_version: 2.7.0
Zernike cube:
(15, 128, 128)
Dataset parameters:
{'d_max': 2, 'max_order': 45, 'x_lims': [0, 1000.0], 'y_lims': [0, 1000.0], 'grid_points': [4, 4], 'n_bins': 20, 'max_wfe_rms': 0.1, 'oversampling_rate': 3.0, 'output_Q': 3.0, 'output_dim': 32, 'LP_filter_length': 2, 'pupil_diameter': 4096, 'euclid_obsc': True, 'n_stars': 2000}
Starting cycle 1..
Starting parametric update..
Epoch 1/15

Epoch 00001: mean_squared_error improved from inf to 0.00001, saving model to /gpfswork/rech/ynx/ulx23va/repo/wf-SEDs/model_WFE_size/wf-outputs/chkp/wfe_study_resx3_bis/chkp_callback_poly_wfe_study_resx3_128_bis_1_cycle1
63/63 - 158s - loss: 7.8142e-06 - mean_squared_error: 7.2639e-06 - val_loss: 1.6624e-06 - val_mean_squared_error: 1.6624e-06 - 158s/epoch - 3s/step
Epoch 2/15

Epoch 00002: mean_squared_error improved from 0.00001 to 0.00000, saving model to /gpfswork/rech/ynx/ulx23va/repo/wf-SEDs/model_WFE_size/wf-outputs/chkp/wfe_study_resx3_bis/chkp_callback_poly_wfe_study_resx3_128_bis_1_cycle1
63/63 - 153s - loss: 2.2614e-06 - mean_squared_error: 2.4463e-06 - val_loss: 8.6046e-07 - val_mean_squared_error: 8.6046e-07 - 153s/epoch - 2s/step
Epoch 3/15

Epoch 00003: mean_squared_error improved from 0.00000 to 0.00000, saving model to /gpfswork/rech/ynx/ulx23va/repo/wf-SEDs/model_WFE_size/wf-outputs/chkp/wfe_study_resx3_bis/chkp_callback_poly_wfe_study_resx3_128_bis_1_cycle1
63/63 - 153s - loss: 1.8691e-06 - mean_squared_error: 2.1084e-06 - val_loss: 7.9347e-07 - val_mean_squared_error: 7.9347e-07 - 153s/epoch - 2s/step
Epoch 4/15

Epoch 00004: mean_squared_error improved from 0.00000 to 0.00000, saving model to /gpfswork/rech/ynx/ulx23va/repo/wf-SEDs/model_WFE_size/wf-outputs/chkp/wfe_study_resx3_bis/chkp_callback_poly_wfe_study_resx3_128_bis_1_cycle1
63/63 - 154s - loss: 1.8082e-06 - mean_squared_error: 2.0602e-06 - val_loss: 6.9181e-07 - val_mean_squared_error: 6.9181e-07 - 154s/epoch - 2s/step
Epoch 5/15

Epoch 00005: mean_squared_error improved from 0.00000 to 0.00000, saving model to /gpfswork/rech/ynx/ulx23va/repo/wf-SEDs/model_WFE_size/wf-outputs/chkp/wfe_study_resx3_bis/chkp_callback_poly_wfe_study_resx3_128_bis_1_cycle1
63/63 - 153s - loss: 1.7517e-06 - mean_squared_error: 1.9995e-06 - val_loss: 6.8651e-07 - val_mean_squared_error: 6.8651e-07 - 153s/epoch - 2s/step
Epoch 6/15

Epoch 00006: mean_squared_error improved from 0.00000 to 0.00000, saving model to /gpfswork/rech/ynx/ulx23va/repo/wf-SEDs/model_WFE_size/wf-outputs/chkp/wfe_study_resx3_bis/chkp_callback_poly_wfe_study_resx3_128_bis_1_cycle1
63/63 - 146s - loss: 1.7129e-06 - mean_squared_error: 1.9734e-06 - val_loss: 6.4082e-07 - val_mean_squared_error: 6.4082e-07 - 146s/epoch - 2s/step
Epoch 7/15

Epoch 00007: mean_squared_error did not improve from 0.00000
63/63 - 144s - loss: 1.7105e-06 - mean_squared_error: 1.9743e-06 - val_loss: 6.5150e-07 - val_mean_squared_error: 6.5150e-07 - 144s/epoch - 2s/step
Epoch 8/15

Epoch 00008: mean_squared_error did not improve from 0.00000
63/63 - 140s - loss: 1.7168e-06 - mean_squared_error: 1.9787e-06 - val_loss: 6.7217e-07 - val_mean_squared_error: 6.7217e-07 - 140s/epoch - 2s/step
Epoch 9/15

Epoch 00009: mean_squared_error did not improve from 0.00000
63/63 - 140s - loss: 1.7228e-06 - mean_squared_error: 1.9857e-06 - val_loss: 7.0191e-07 - val_mean_squared_error: 7.0191e-07 - 140s/epoch - 2s/step
Epoch 10/15

Epoch 00010: mean_squared_error did not improve from 0.00000
63/63 - 140s - loss: 1.7281e-06 - mean_squared_error: 1.9928e-06 - val_loss: 6.8191e-07 - val_mean_squared_error: 6.8191e-07 - 140s/epoch - 2s/step
Epoch 11/15

Epoch 00011: mean_squared_error did not improve from 0.00000
63/63 - 140s - loss: 1.7156e-06 - mean_squared_error: 1.9895e-06 - val_loss: 7.1015e-07 - val_mean_squared_error: 7.1015e-07 - 140s/epoch - 2s/step
Epoch 12/15

Epoch 00012: mean_squared_error did not improve from 0.00000
63/63 - 140s - loss: 1.7130e-06 - mean_squared_error: 1.9914e-06 - val_loss: 6.9666e-07 - val_mean_squared_error: 6.9666e-07 - 140s/epoch - 2s/step
Epoch 13/15

Epoch 00013: mean_squared_error did not improve from 0.00000
63/63 - 140s - loss: 1.7496e-06 - mean_squared_error: 2.0230e-06 - val_loss: 6.9049e-07 - val_mean_squared_error: 6.9049e-07 - 140s/epoch - 2s/step
Epoch 14/15

Epoch 00014: mean_squared_error did not improve from 0.00000
63/63 - 140s - loss: 1.7259e-06 - mean_squared_error: 2.0022e-06 - val_loss: 7.3932e-07 - val_mean_squared_error: 7.3932e-07 - 140s/epoch - 2s/step
Epoch 15/15

Epoch 00015: mean_squared_error did not improve from 0.00000
63/63 - 140s - loss: 1.7529e-06 - mean_squared_error: 2.0306e-06 - val_loss: 7.8550e-07 - val_mean_squared_error: 7.8550e-07 - 140s/epoch - 2s/step
Starting non-parametric update..
Epoch 1/100

Epoch 00001: mean_squared_error improved from 0.00000 to 0.00000, saving model to /gpfswork/rech/ynx/ulx23va/repo/wf-SEDs/model_WFE_size/wf-outputs/chkp/wfe_study_resx3_bis/chkp_callback_poly_wfe_study_resx3_128_bis_1_cycle1
63/63 - 137s - loss: 1.6282e-06 - mean_squared_error: 1.9098e-06 - val_loss: 4.6822e-07 - val_mean_squared_error: 4.6822e-07 - 137s/epoch - 2s/step
Epoch 2/100

Epoch 00002: mean_squared_error improved from 0.00000 to 0.00000, saving model to /gpfswork/rech/ynx/ulx23va/repo/wf-SEDs/model_WFE_size/wf-outputs/chkp/wfe_study_resx3_bis/chkp_callback_poly_wfe_study_resx3_128_bis_1_cycle1
63/63 - 134s - loss: 1.3928e-06 - mean_squared_error: 1.7165e-06 - val_loss: 3.5858e-07 - val_mean_squared_error: 3.5858e-07 - 134s/epoch - 2s/step
Epoch 3/100

Epoch 00003: mean_squared_error improved from 0.00000 to 0.00000, saving model to /gpfswork/rech/ynx/ulx23va/repo/wf-SEDs/model_WFE_size/wf-outputs/chkp/wfe_study_resx3_bis/chkp_callback_poly_wfe_study_resx3_128_bis_1_cycle1
63/63 - 134s - loss: 1.2897e-06 - mean_squared_error: 1.6253e-06 - val_loss: 2.7742e-07 - val_mean_squared_error: 2.7742e-07 - 134s/epoch - 2s/step
Epoch 4/100

Epoch 00004: mean_squared_error improved from 0.00000 to 0.00000, saving model to /gpfswork/rech/ynx/ulx23va/repo/wf-SEDs/model_WFE_size/wf-outputs/chkp/wfe_study_resx3_bis/chkp_callback_poly_wfe_study_resx3_128_bis_1_cycle1
63/63 - 134s - loss: 1.2120e-06 - mean_squared_error: 1.5533e-06 - val_loss: 2.1544e-07 - val_mean_squared_error: 2.1544e-07 - 134s/epoch - 2s/step
Epoch 5/100

Epoch 00005: mean_squared_error improved from 0.00000 to 0.00000, saving model to /gpfswork/rech/ynx/ulx23va/repo/wf-SEDs/model_WFE_size/wf-outputs/chkp/wfe_study_resx3_bis/chkp_callback_poly_wfe_study_resx3_128_bis_1_cycle1
63/63 - 134s - loss: 1.1522e-06 - mean_squared_error: 1.4988e-06 - val_loss: 1.6698e-07 - val_mean_squared_error: 1.6698e-07 - 134s/epoch - 2s/step
Epoch 6/100

Epoch 00006: mean_squared_error improved from 0.00000 to 0.00000, saving model to /gpfswork/rech/ynx/ulx23va/repo/wf-SEDs/model_WFE_size/wf-outputs/chkp/wfe_study_resx3_bis/chkp_callback_poly_wfe_study_resx3_128_bis_1_cycle1
63/63 - 134s - loss: 1.1100e-06 - mean_squared_error: 1.4597e-06 - val_loss: 1.3617e-07 - val_mean_squared_error: 1.3617e-07 - 134s/epoch - 2s/step
Epoch 7/100

Epoch 00007: mean_squared_error improved from 0.00000 to 0.00000, saving model to /gpfswork/rech/ynx/ulx23va/repo/wf-SEDs/model_WFE_size/wf-outputs/chkp/wfe_study_resx3_bis/chkp_callback_poly_wfe_study_resx3_128_bis_1_cycle1
63/63 - 134s - loss: 1.0823e-06 - mean_squared_error: 1.4340e-06 - val_loss: 1.1396e-07 - val_mean_squared_error: 1.1396e-07 - 134s/epoch - 2s/step
Epoch 8/100

Epoch 00008: mean_squared_error improved from 0.00000 to 0.00000, saving model to /gpfswork/rech/ynx/ulx23va/repo/wf-SEDs/model_WFE_size/wf-outputs/chkp/wfe_study_resx3_bis/chkp_callback_poly_wfe_study_resx3_128_bis_1_cycle1
63/63 - 134s - loss: 1.0647e-06 - mean_squared_error: 1.4175e-06 - val_loss: 1.0053e-07 - val_mean_squared_error: 1.0053e-07 - 134s/epoch - 2s/step
Epoch 9/100

Epoch 00009: mean_squared_error improved from 0.00000 to 0.00000, saving model to /gpfswork/rech/ynx/ulx23va/repo/wf-SEDs/model_WFE_size/wf-outputs/chkp/wfe_study_resx3_bis/chkp_callback_poly_wfe_study_resx3_128_bis_1_cycle1
63/63 - 134s - loss: 1.0509e-06 - mean_squared_error: 1.4057e-06 - val_loss: 8.7318e-08 - val_mean_squared_error: 8.7318e-08 - 134s/epoch - 2s/step
Epoch 10/100

Epoch 00010: mean_squared_error improved from 0.00000 to 0.00000, saving model to /gpfswork/rech/ynx/ulx23va/repo/wf-SEDs/model_WFE_size/wf-outputs/chkp/wfe_study_resx3_bis/chkp_callback_poly_wfe_study_resx3_128_bis_1_cycle1
63/63 - 134s - loss: 1.0402e-06 - mean_squared_error: 1.3958e-06 - val_loss: 7.9277e-08 - val_mean_squared_error: 7.9277e-08 - 134s/epoch - 2s/step
Epoch 11/100

Epoch 00011: mean_squared_error improved from 0.00000 to 0.00000, saving model to /gpfswork/rech/ynx/ulx23va/repo/wf-SEDs/model_WFE_size/wf-outputs/chkp/wfe_study_resx3_bis/chkp_callback_poly_wfe_study_resx3_128_bis_1_cycle1
63/63 - 134s - loss: 1.0321e-06 - mean_squared_error: 1.3885e-06 - val_loss: 7.3184e-08 - val_mean_squared_error: 7.3184e-08 - 134s/epoch - 2s/step
Epoch 12/100

Epoch 00012: mean_squared_error improved from 0.00000 to 0.00000, saving model to /gpfswork/rech/ynx/ulx23va/repo/wf-SEDs/model_WFE_size/wf-outputs/chkp/wfe_study_resx3_bis/chkp_callback_poly_wfe_study_resx3_128_bis_1_cycle1
63/63 - 134s - loss: 1.0251e-06 - mean_squared_error: 1.3821e-06 - val_loss: 6.8058e-08 - val_mean_squared_error: 6.8058e-08 - 134s/epoch - 2s/step
Epoch 13/100

Epoch 00013: mean_squared_error improved from 0.00000 to 0.00000, saving model to /gpfswork/rech/ynx/ulx23va/repo/wf-SEDs/model_WFE_size/wf-outputs/chkp/wfe_study_resx3_bis/chkp_callback_poly_wfe_study_resx3_128_bis_1_cycle1
63/63 - 134s - loss: 1.0210e-06 - mean_squared_error: 1.3781e-06 - val_loss: 5.9981e-08 - val_mean_squared_error: 5.9981e-08 - 134s/epoch - 2s/step
Epoch 14/100

Epoch 00014: mean_squared_error improved from 0.00000 to 0.00000, saving model to /gpfswork/rech/ynx/ulx23va/repo/wf-SEDs/model_WFE_size/wf-outputs/chkp/wfe_study_resx3_bis/chkp_callback_poly_wfe_study_resx3_128_bis_1_cycle1
63/63 - 134s - loss: 1.0132e-06 - mean_squared_error: 1.3713e-06 - val_loss: 5.6478e-08 - val_mean_squared_error: 5.6478e-08 - 134s/epoch - 2s/step
Epoch 15/100

Epoch 00015: mean_squared_error improved from 0.00000 to 0.00000, saving model to /gpfswork/rech/ynx/ulx23va/repo/wf-SEDs/model_WFE_size/wf-outputs/chkp/wfe_study_resx3_bis/chkp_callback_poly_wfe_study_resx3_128_bis_1_cycle1
63/63 - 134s - loss: 1.0093e-06 - mean_squared_error: 1.3674e-06 - val_loss: 5.0850e-08 - val_mean_squared_error: 5.0850e-08 - 134s/epoch - 2s/step
Epoch 16/100

Epoch 00016: mean_squared_error improved from 0.00000 to 0.00000, saving model to /gpfswork/rech/ynx/ulx23va/repo/wf-SEDs/model_WFE_size/wf-outputs/chkp/wfe_study_resx3_bis/chkp_callback_poly_wfe_study_resx3_128_bis_1_cycle1
63/63 - 134s - loss: 1.0038e-06 - mean_squared_error: 1.3628e-06 - val_loss: 4.6646e-08 - val_mean_squared_error: 4.6646e-08 - 134s/epoch - 2s/step
Epoch 17/100

Epoch 00017: mean_squared_error improved from 0.00000 to 0.00000, saving model to /gpfswork/rech/ynx/ulx23va/repo/wf-SEDs/model_WFE_size/wf-outputs/chkp/wfe_study_resx3_bis/chkp_callback_poly_wfe_study_resx3_128_bis_1_cycle1
63/63 - 134s - loss: 1.0024e-06 - mean_squared_error: 1.3612e-06 - val_loss: 4.8288e-08 - val_mean_squared_error: 4.8288e-08 - 134s/epoch - 2s/step
Epoch 18/100

Epoch 00018: mean_squared_error did not improve from 0.00000
63/63 - 135s - loss: 1.0031e-06 - mean_squared_error: 1.3614e-06 - val_loss: 4.4878e-08 - val_mean_squared_error: 4.4878e-08 - 135s/epoch - 2s/step
Epoch 19/100

Epoch 00019: mean_squared_error improved from 0.00000 to 0.00000, saving model to /gpfswork/rech/ynx/ulx23va/repo/wf-SEDs/model_WFE_size/wf-outputs/chkp/wfe_study_resx3_bis/chkp_callback_poly_wfe_study_resx3_128_bis_1_cycle1
63/63 - 137s - loss: 9.9382e-07 - mean_squared_error: 1.3534e-06 - val_loss: 4.0236e-08 - val_mean_squared_error: 4.0236e-08 - 137s/epoch - 2s/step
Epoch 20/100

Epoch 00020: mean_squared_error improved from 0.00000 to 0.00000, saving model to /gpfswork/rech/ynx/ulx23va/repo/wf-SEDs/model_WFE_size/wf-outputs/chkp/wfe_study_resx3_bis/chkp_callback_poly_wfe_study_resx3_128_bis_1_cycle1
63/63 - 137s - loss: 9.9166e-07 - mean_squared_error: 1.3514e-06 - val_loss: 3.8155e-08 - val_mean_squared_error: 3.8155e-08 - 137s/epoch - 2s/step
Epoch 21/100

Epoch 00021: mean_squared_error improved from 0.00000 to 0.00000, saving model to /gpfswork/rech/ynx/ulx23va/repo/wf-SEDs/model_WFE_size/wf-outputs/chkp/wfe_study_resx3_bis/chkp_callback_poly_wfe_study_resx3_128_bis_1_cycle1
63/63 - 138s - loss: 9.9021e-07 - mean_squared_error: 1.3500e-06 - val_loss: 3.6069e-08 - val_mean_squared_error: 3.6069e-08 - 138s/epoch - 2s/step
Epoch 22/100

Epoch 00022: mean_squared_error did not improve from 0.00000
63/63 - 138s - loss: 1.0143e-06 - mean_squared_error: 1.3696e-06 - val_loss: 5.8486e-08 - val_mean_squared_error: 5.8486e-08 - 138s/epoch - 2s/step
Epoch 23/100

Epoch 00023: mean_squared_error did not improve from 0.00000
63/63 - 137s - loss: 1.0017e-06 - mean_squared_error: 1.3602e-06 - val_loss: 4.7666e-08 - val_mean_squared_error: 4.7666e-08 - 137s/epoch - 2s/step
Epoch 24/100

Epoch 00024: mean_squared_error did not improve from 0.00000
63/63 - 136s - loss: 1.0079e-06 - mean_squared_error: 1.3660e-06 - val_loss: 3.8259e-08 - val_mean_squared_error: 3.8259e-08 - 136s/epoch - 2s/step
Epoch 25/100

Epoch 00025: mean_squared_error improved from 0.00000 to 0.00000, saving model to /gpfswork/rech/ynx/ulx23va/repo/wf-SEDs/model_WFE_size/wf-outputs/chkp/wfe_study_resx3_bis/chkp_callback_poly_wfe_study_resx3_128_bis_1_cycle1
63/63 - 137s - loss: 9.8446e-07 - mean_squared_error: 1.3448e-06 - val_loss: 3.2717e-08 - val_mean_squared_error: 3.2717e-08 - 137s/epoch - 2s/step
Epoch 26/100

Epoch 00026: mean_squared_error improved from 0.00000 to 0.00000, saving model to /gpfswork/rech/ynx/ulx23va/repo/wf-SEDs/model_WFE_size/wf-outputs/chkp/wfe_study_resx3_bis/chkp_callback_poly_wfe_study_resx3_128_bis_1_cycle1
63/63 - 137s - loss: 9.8208e-07 - mean_squared_error: 1.3424e-06 - val_loss: 2.8604e-08 - val_mean_squared_error: 2.8604e-08 - 137s/epoch - 2s/step
Epoch 27/100

Epoch 00027: mean_squared_error improved from 0.00000 to 0.00000, saving model to /gpfswork/rech/ynx/ulx23va/repo/wf-SEDs/model_WFE_size/wf-outputs/chkp/wfe_study_resx3_bis/chkp_callback_poly_wfe_study_resx3_128_bis_1_cycle1
63/63 - 138s - loss: 9.7962e-07 - mean_squared_error: 1.3400e-06 - val_loss: 2.6346e-08 - val_mean_squared_error: 2.6346e-08 - 138s/epoch - 2s/step
Epoch 28/100

Epoch 00028: mean_squared_error improved from 0.00000 to 0.00000, saving model to /gpfswork/rech/ynx/ulx23va/repo/wf-SEDs/model_WFE_size/wf-outputs/chkp/wfe_study_resx3_bis/chkp_callback_poly_wfe_study_resx3_128_bis_1_cycle1
63/63 - 138s - loss: 9.7733e-07 - mean_squared_error: 1.3379e-06 - val_loss: 2.4053e-08 - val_mean_squared_error: 2.4053e-08 - 138s/epoch - 2s/step
Epoch 29/100

Epoch 00029: mean_squared_error improved from 0.00000 to 0.00000, saving model to /gpfswork/rech/ynx/ulx23va/repo/wf-SEDs/model_WFE_size/wf-outputs/chkp/wfe_study_resx3_bis/chkp_callback_poly_wfe_study_resx3_128_bis_1_cycle1
63/63 - 138s - loss: 9.7670e-07 - mean_squared_error: 1.3375e-06 - val_loss: 2.6032e-08 - val_mean_squared_error: 2.6032e-08 - 138s/epoch - 2s/step
Epoch 30/100

Epoch 00030: mean_squared_error improved from 0.00000 to 0.00000, saving model to /gpfswork/rech/ynx/ulx23va/repo/wf-SEDs/model_WFE_size/wf-outputs/chkp/wfe_study_resx3_bis/chkp_callback_poly_wfe_study_resx3_128_bis_1_cycle1
63/63 - 138s - loss: 9.7577e-07 - mean_squared_error: 1.3365e-06 - val_loss: 2.3566e-08 - val_mean_squared_error: 2.3566e-08 - 138s/epoch - 2s/step
Epoch 31/100

Epoch 00031: mean_squared_error improved from 0.00000 to 0.00000, saving model to /gpfswork/rech/ynx/ulx23va/repo/wf-SEDs/model_WFE_size/wf-outputs/chkp/wfe_study_resx3_bis/chkp_callback_poly_wfe_study_resx3_128_bis_1_cycle1
63/63 - 138s - loss: 9.7563e-07 - mean_squared_error: 1.3362e-06 - val_loss: 2.6151e-08 - val_mean_squared_error: 2.6151e-08 - 138s/epoch - 2s/step
Epoch 32/100

Epoch 00032: mean_squared_error improved from 0.00000 to 0.00000, saving model to /gpfswork/rech/ynx/ulx23va/repo/wf-SEDs/model_WFE_size/wf-outputs/chkp/wfe_study_resx3_bis/chkp_callback_poly_wfe_study_resx3_128_bis_1_cycle1
63/63 - 138s - loss: 9.7561e-07 - mean_squared_error: 1.3362e-06 - val_loss: 2.4232e-08 - val_mean_squared_error: 2.4232e-08 - 138s/epoch - 2s/step
Epoch 33/100

Epoch 00033: mean_squared_error did not improve from 0.00000
63/63 - 137s - loss: 9.7878e-07 - mean_squared_error: 1.3384e-06 - val_loss: 2.4920e-08 - val_mean_squared_error: 2.4920e-08 - 137s/epoch - 2s/step
Epoch 34/100

Epoch 00034: mean_squared_error did not improve from 0.00000
63/63 - 138s - loss: 9.7894e-07 - mean_squared_error: 1.3387e-06 - val_loss: 2.3801e-08 - val_mean_squared_error: 2.3801e-08 - 138s/epoch - 2s/step
Epoch 35/100

Epoch 00035: mean_squared_error improved from 0.00000 to 0.00000, saving model to /gpfswork/rech/ynx/ulx23va/repo/wf-SEDs/model_WFE_size/wf-outputs/chkp/wfe_study_resx3_bis/chkp_callback_poly_wfe_study_resx3_128_bis_1_cycle1
63/63 - 137s - loss: 9.7541e-07 - mean_squared_error: 1.3360e-06 - val_loss: 2.2793e-08 - val_mean_squared_error: 2.2793e-08 - 137s/epoch - 2s/step
Epoch 36/100

Epoch 00036: mean_squared_error improved from 0.00000 to 0.00000, saving model to /gpfswork/rech/ynx/ulx23va/repo/wf-SEDs/model_WFE_size/wf-outputs/chkp/wfe_study_resx3_bis/chkp_callback_poly_wfe_study_resx3_128_bis_1_cycle1
63/63 - 138s - loss: 9.7353e-07 - mean_squared_error: 1.3342e-06 - val_loss: 2.4301e-08 - val_mean_squared_error: 2.4301e-08 - 138s/epoch - 2s/step
Epoch 37/100

Epoch 00037: mean_squared_error did not improve from 0.00000
63/63 - 137s - loss: 9.7651e-07 - mean_squared_error: 1.3368e-06 - val_loss: 2.1708e-08 - val_mean_squared_error: 2.1708e-08 - 137s/epoch - 2s/step
Epoch 38/100

Epoch 00038: mean_squared_error did not improve from 0.00000
63/63 - 137s - loss: 1.0001e-06 - mean_squared_error: 1.3554e-06 - val_loss: 4.4183e-08 - val_mean_squared_error: 4.4183e-08 - 137s/epoch - 2s/step
Epoch 39/100

Epoch 00039: mean_squared_error did not improve from 0.00000
63/63 - 137s - loss: 9.8562e-07 - mean_squared_error: 1.3439e-06 - val_loss: 2.3040e-08 - val_mean_squared_error: 2.3040e-08 - 137s/epoch - 2s/step
Epoch 40/100

Epoch 00040: mean_squared_error improved from 0.00000 to 0.00000, saving model to /gpfswork/rech/ynx/ulx23va/repo/wf-SEDs/model_WFE_size/wf-outputs/chkp/wfe_study_resx3_bis/chkp_callback_poly_wfe_study_resx3_128_bis_1_cycle1
63/63 - 138s - loss: 9.7150e-07 - mean_squared_error: 1.3323e-06 - val_loss: 1.8361e-08 - val_mean_squared_error: 1.8361e-08 - 138s/epoch - 2s/step
Epoch 41/100

Epoch 00041: mean_squared_error improved from 0.00000 to 0.00000, saving model to /gpfswork/rech/ynx/ulx23va/repo/wf-SEDs/model_WFE_size/wf-outputs/chkp/wfe_study_resx3_bis/chkp_callback_poly_wfe_study_resx3_128_bis_1_cycle1
63/63 - 137s - loss: 9.7036e-07 - mean_squared_error: 1.3313e-06 - val_loss: 1.9578e-08 - val_mean_squared_error: 1.9578e-08 - 137s/epoch - 2s/step
Epoch 42/100

Epoch 00042: mean_squared_error did not improve from 0.00000
63/63 - 137s - loss: 9.7127e-07 - mean_squared_error: 1.3324e-06 - val_loss: 1.8789e-08 - val_mean_squared_error: 1.8789e-08 - 137s/epoch - 2s/step
Epoch 43/100

Epoch 00043: mean_squared_error did not improve from 0.00000
63/63 - 138s - loss: 9.7074e-07 - mean_squared_error: 1.3316e-06 - val_loss: 2.0663e-08 - val_mean_squared_error: 2.0663e-08 - 138s/epoch - 2s/step
Epoch 44/100

Epoch 00044: mean_squared_error improved from 0.00000 to 0.00000, saving model to /gpfswork/rech/ynx/ulx23va/repo/wf-SEDs/model_WFE_size/wf-outputs/chkp/wfe_study_resx3_bis/chkp_callback_poly_wfe_study_resx3_128_bis_1_cycle1
63/63 - 136s - loss: 9.6880e-07 - mean_squared_error: 1.3300e-06 - val_loss: 1.6523e-08 - val_mean_squared_error: 1.6523e-08 - 136s/epoch - 2s/step
Epoch 45/100

Epoch 00045: mean_squared_error improved from 0.00000 to 0.00000, saving model to /gpfswork/rech/ynx/ulx23va/repo/wf-SEDs/model_WFE_size/wf-outputs/chkp/wfe_study_resx3_bis/chkp_callback_poly_wfe_study_resx3_128_bis_1_cycle1
63/63 - 134s - loss: 9.6706e-07 - mean_squared_error: 1.3284e-06 - val_loss: 1.6443e-08 - val_mean_squared_error: 1.6443e-08 - 134s/epoch - 2s/step
Epoch 46/100

Epoch 00046: mean_squared_error did not improve from 0.00000
63/63 - 134s - loss: 9.6837e-07 - mean_squared_error: 1.3293e-06 - val_loss: 2.0038e-08 - val_mean_squared_error: 2.0038e-08 - 134s/epoch - 2s/step
Epoch 47/100

Epoch 00047: mean_squared_error improved from 0.00000 to 0.00000, saving model to /gpfswork/rech/ynx/ulx23va/repo/wf-SEDs/model_WFE_size/wf-outputs/chkp/wfe_study_resx3_bis/chkp_callback_poly_wfe_study_resx3_128_bis_1_cycle1
63/63 - 135s - loss: 9.6698e-07 - mean_squared_error: 1.3284e-06 - val_loss: 1.5260e-08 - val_mean_squared_error: 1.5260e-08 - 135s/epoch - 2s/step
Epoch 48/100

Epoch 00048: mean_squared_error improved from 0.00000 to 0.00000, saving model to /gpfswork/rech/ynx/ulx23va/repo/wf-SEDs/model_WFE_size/wf-outputs/chkp/wfe_study_resx3_bis/chkp_callback_poly_wfe_study_resx3_128_bis_1_cycle1
63/63 - 137s - loss: 9.6668e-07 - mean_squared_error: 1.3279e-06 - val_loss: 1.4879e-08 - val_mean_squared_error: 1.4879e-08 - 137s/epoch - 2s/step
Epoch 49/100

Epoch 00049: mean_squared_error improved from 0.00000 to 0.00000, saving model to /gpfswork/rech/ynx/ulx23va/repo/wf-SEDs/model_WFE_size/wf-outputs/chkp/wfe_study_resx3_bis/chkp_callback_poly_wfe_study_resx3_128_bis_1_cycle1
63/63 - 137s - loss: 9.6517e-07 - mean_squared_error: 1.3267e-06 - val_loss: 1.5405e-08 - val_mean_squared_error: 1.5405e-08 - 137s/epoch - 2s/step
Epoch 50/100

Epoch 00050: mean_squared_error did not improve from 0.00000
63/63 - 135s - loss: 9.6524e-07 - mean_squared_error: 1.3267e-06 - val_loss: 1.5830e-08 - val_mean_squared_error: 1.5830e-08 - 135s/epoch - 2s/step
Epoch 51/100

Epoch 00051: mean_squared_error did not improve from 0.00000
63/63 - 134s - loss: 9.7299e-07 - mean_squared_error: 1.3326e-06 - val_loss: 2.8573e-08 - val_mean_squared_error: 2.8573e-08 - 134s/epoch - 2s/step
Epoch 52/100

Epoch 00052: mean_squared_error did not improve from 0.00000
63/63 - 134s - loss: 9.8498e-07 - mean_squared_error: 1.3431e-06 - val_loss: 1.8498e-08 - val_mean_squared_error: 1.8498e-08 - 134s/epoch - 2s/step
Epoch 53/100

Epoch 00053: mean_squared_error did not improve from 0.00000
63/63 - 134s - loss: 9.7247e-07 - mean_squared_error: 1.3328e-06 - val_loss: 2.6332e-08 - val_mean_squared_error: 2.6332e-08 - 134s/epoch - 2s/step
Epoch 54/100

Epoch 00054: mean_squared_error did not improve from 0.00000
63/63 - 135s - loss: 9.7139e-07 - mean_squared_error: 1.3319e-06 - val_loss: 1.3852e-08 - val_mean_squared_error: 1.3852e-08 - 135s/epoch - 2s/step
Epoch 55/100

Epoch 00055: mean_squared_error improved from 0.00000 to 0.00000, saving model to /gpfswork/rech/ynx/ulx23va/repo/wf-SEDs/model_WFE_size/wf-outputs/chkp/wfe_study_resx3_bis/chkp_callback_poly_wfe_study_resx3_128_bis_1_cycle1
63/63 - 135s - loss: 9.6438e-07 - mean_squared_error: 1.3260e-06 - val_loss: 1.4154e-08 - val_mean_squared_error: 1.4154e-08 - 135s/epoch - 2s/step
Epoch 56/100

Epoch 00056: mean_squared_error improved from 0.00000 to 0.00000, saving model to /gpfswork/rech/ynx/ulx23va/repo/wf-SEDs/model_WFE_size/wf-outputs/chkp/wfe_study_resx3_bis/chkp_callback_poly_wfe_study_resx3_128_bis_1_cycle1
63/63 - 135s - loss: 9.6390e-07 - mean_squared_error: 1.3255e-06 - val_loss: 1.4453e-08 - val_mean_squared_error: 1.4453e-08 - 135s/epoch - 2s/step
Epoch 57/100

Epoch 00057: mean_squared_error improved from 0.00000 to 0.00000, saving model to /gpfswork/rech/ynx/ulx23va/repo/wf-SEDs/model_WFE_size/wf-outputs/chkp/wfe_study_resx3_bis/chkp_callback_poly_wfe_study_resx3_128_bis_1_cycle1
63/63 - 134s - loss: 9.6339e-07 - mean_squared_error: 1.3250e-06 - val_loss: 1.4819e-08 - val_mean_squared_error: 1.4819e-08 - 134s/epoch - 2s/step
Epoch 58/100

Epoch 00058: mean_squared_error did not improve from 0.00000
63/63 - 133s - loss: 9.6702e-07 - mean_squared_error: 1.3285e-06 - val_loss: 1.5411e-08 - val_mean_squared_error: 1.5411e-08 - 133s/epoch - 2s/step
Epoch 59/100

Epoch 00059: mean_squared_error did not improve from 0.00000
63/63 - 134s - loss: 9.6592e-07 - mean_squared_error: 1.3272e-06 - val_loss: 1.8174e-08 - val_mean_squared_error: 1.8174e-08 - 134s/epoch - 2s/step
Epoch 60/100

Epoch 00060: mean_squared_error did not improve from 0.00000
63/63 - 133s - loss: 9.6795e-07 - mean_squared_error: 1.3290e-06 - val_loss: 1.5409e-08 - val_mean_squared_error: 1.5409e-08 - 133s/epoch - 2s/step
Epoch 61/100

Epoch 00061: mean_squared_error did not improve from 0.00000
63/63 - 134s - loss: 9.6516e-07 - mean_squared_error: 1.3265e-06 - val_loss: 1.3601e-08 - val_mean_squared_error: 1.3601e-08 - 134s/epoch - 2s/step
Epoch 62/100

Epoch 00062: mean_squared_error improved from 0.00000 to 0.00000, saving model to /gpfswork/rech/ynx/ulx23va/repo/wf-SEDs/model_WFE_size/wf-outputs/chkp/wfe_study_resx3_bis/chkp_callback_poly_wfe_study_resx3_128_bis_1_cycle1
63/63 - 134s - loss: 9.6247e-07 - mean_squared_error: 1.3242e-06 - val_loss: 1.3964e-08 - val_mean_squared_error: 1.3964e-08 - 134s/epoch - 2s/step
Epoch 63/100

Epoch 00063: mean_squared_error did not improve from 0.00000
63/63 - 134s - loss: 9.6237e-07 - mean_squared_error: 1.3243e-06 - val_loss: 1.2660e-08 - val_mean_squared_error: 1.2660e-08 - 134s/epoch - 2s/step
Epoch 64/100

Epoch 00064: mean_squared_error did not improve from 0.00000
63/63 - 134s - loss: 9.6299e-07 - mean_squared_error: 1.3246e-06 - val_loss: 1.4309e-08 - val_mean_squared_error: 1.4309e-08 - 134s/epoch - 2s/step
Epoch 65/100

Epoch 00065: mean_squared_error did not improve from 0.00000
63/63 - 133s - loss: 9.6385e-07 - mean_squared_error: 1.3252e-06 - val_loss: 1.5168e-08 - val_mean_squared_error: 1.5168e-08 - 133s/epoch - 2s/step
Epoch 66/100

Epoch 00066: mean_squared_error did not improve from 0.00000
63/63 - 133s - loss: 9.6486e-07 - mean_squared_error: 1.3263e-06 - val_loss: 1.3021e-08 - val_mean_squared_error: 1.3021e-08 - 133s/epoch - 2s/step
Epoch 67/100

Epoch 00067: mean_squared_error improved from 0.00000 to 0.00000, saving model to /gpfswork/rech/ynx/ulx23va/repo/wf-SEDs/model_WFE_size/wf-outputs/chkp/wfe_study_resx3_bis/chkp_callback_poly_wfe_study_resx3_128_bis_1_cycle1
63/63 - 134s - loss: 9.6209e-07 - mean_squared_error: 1.3238e-06 - val_loss: 1.3693e-08 - val_mean_squared_error: 1.3693e-08 - 134s/epoch - 2s/step
Epoch 68/100

Epoch 00068: mean_squared_error did not improve from 0.00000
63/63 - 134s - loss: 9.6261e-07 - mean_squared_error: 1.3243e-06 - val_loss: 1.3935e-08 - val_mean_squared_error: 1.3935e-08 - 134s/epoch - 2s/step
Epoch 69/100

Epoch 00069: mean_squared_error improved from 0.00000 to 0.00000, saving model to /gpfswork/rech/ynx/ulx23va/repo/wf-SEDs/model_WFE_size/wf-outputs/chkp/wfe_study_resx3_bis/chkp_callback_poly_wfe_study_resx3_128_bis_1_cycle1
63/63 - 134s - loss: 9.6115e-07 - mean_squared_error: 1.3231e-06 - val_loss: 1.2614e-08 - val_mean_squared_error: 1.2614e-08 - 134s/epoch - 2s/step
Epoch 70/100

Epoch 00070: mean_squared_error improved from 0.00000 to 0.00000, saving model to /gpfswork/rech/ynx/ulx23va/repo/wf-SEDs/model_WFE_size/wf-outputs/chkp/wfe_study_resx3_bis/chkp_callback_poly_wfe_study_resx3_128_bis_1_cycle1
63/63 - 135s - loss: 9.6119e-07 - mean_squared_error: 1.3230e-06 - val_loss: 1.2788e-08 - val_mean_squared_error: 1.2788e-08 - 135s/epoch - 2s/step
Epoch 71/100

Epoch 00071: mean_squared_error did not improve from 0.00000
63/63 - 135s - loss: 9.6626e-07 - mean_squared_error: 1.3276e-06 - val_loss: 2.1964e-08 - val_mean_squared_error: 2.1964e-08 - 135s/epoch - 2s/step
Epoch 72/100

Epoch 00072: mean_squared_error did not improve from 0.00000
63/63 - 135s - loss: 9.6643e-07 - mean_squared_error: 1.3277e-06 - val_loss: 1.4410e-08 - val_mean_squared_error: 1.4410e-08 - 135s/epoch - 2s/step
Epoch 73/100

Epoch 00073: mean_squared_error did not improve from 0.00000
63/63 - 133s - loss: 9.6435e-07 - mean_squared_error: 1.3256e-06 - val_loss: 2.1224e-08 - val_mean_squared_error: 2.1224e-08 - 133s/epoch - 2s/step
Epoch 74/100

Epoch 00074: mean_squared_error did not improve from 0.00000
63/63 - 132s - loss: 9.7153e-07 - mean_squared_error: 1.3311e-06 - val_loss: 1.7600e-08 - val_mean_squared_error: 1.7600e-08 - 132s/epoch - 2s/step
Epoch 75/100

Epoch 00075: mean_squared_error did not improve from 0.00000
63/63 - 133s - loss: 9.6177e-07 - mean_squared_error: 1.3236e-06 - val_loss: 1.1467e-08 - val_mean_squared_error: 1.1467e-08 - 133s/epoch - 2s/step
Epoch 76/100

Epoch 00076: mean_squared_error improved from 0.00000 to 0.00000, saving model to /gpfswork/rech/ynx/ulx23va/repo/wf-SEDs/model_WFE_size/wf-outputs/chkp/wfe_study_resx3_bis/chkp_callback_poly_wfe_study_resx3_128_bis_1_cycle1
63/63 - 134s - loss: 9.6066e-07 - mean_squared_error: 1.3225e-06 - val_loss: 1.3688e-08 - val_mean_squared_error: 1.3688e-08 - 134s/epoch - 2s/step
Epoch 77/100

Epoch 00077: mean_squared_error did not improve from 0.00000
63/63 - 133s - loss: 9.6078e-07 - mean_squared_error: 1.3226e-06 - val_loss: 1.1298e-08 - val_mean_squared_error: 1.1298e-08 - 133s/epoch - 2s/step
Epoch 78/100

Epoch 00078: mean_squared_error improved from 0.00000 to 0.00000, saving model to /gpfswork/rech/ynx/ulx23va/repo/wf-SEDs/model_WFE_size/wf-outputs/chkp/wfe_study_resx3_bis/chkp_callback_poly_wfe_study_resx3_128_bis_1_cycle1
63/63 - 134s - loss: 9.6006e-07 - mean_squared_error: 1.3220e-06 - val_loss: 1.2130e-08 - val_mean_squared_error: 1.2130e-08 - 134s/epoch - 2s/step
Epoch 79/100

Epoch 00079: mean_squared_error did not improve from 0.00000
63/63 - 132s - loss: 9.6063e-07 - mean_squared_error: 1.3224e-06 - val_loss: 1.6028e-08 - val_mean_squared_error: 1.6028e-08 - 132s/epoch - 2s/step
Epoch 80/100

Epoch 00080: mean_squared_error did not improve from 0.00000
63/63 - 132s - loss: 9.6185e-07 - mean_squared_error: 1.3234e-06 - val_loss: 1.2615e-08 - val_mean_squared_error: 1.2615e-08 - 132s/epoch - 2s/step
Epoch 81/100

Epoch 00081: mean_squared_error did not improve from 0.00000
63/63 - 132s - loss: 9.6642e-07 - mean_squared_error: 1.3274e-06 - val_loss: 1.3724e-08 - val_mean_squared_error: 1.3724e-08 - 132s/epoch - 2s/step
Epoch 82/100

Epoch 00082: mean_squared_error did not improve from 0.00000
63/63 - 131s - loss: 9.6097e-07 - mean_squared_error: 1.3229e-06 - val_loss: 1.2588e-08 - val_mean_squared_error: 1.2588e-08 - 131s/epoch - 2s/step
Epoch 83/100

Epoch 00083: mean_squared_error did not improve from 0.00000
63/63 - 131s - loss: 9.6063e-07 - mean_squared_error: 1.3225e-06 - val_loss: 1.1023e-08 - val_mean_squared_error: 1.1023e-08 - 131s/epoch - 2s/step
Epoch 84/100

Epoch 00084: mean_squared_error improved from 0.00000 to 0.00000, saving model to /gpfswork/rech/ynx/ulx23va/repo/wf-SEDs/model_WFE_size/wf-outputs/chkp/wfe_study_resx3_bis/chkp_callback_poly_wfe_study_resx3_128_bis_1_cycle1
63/63 - 131s - loss: 9.5972e-07 - mean_squared_error: 1.3217e-06 - val_loss: 1.2273e-08 - val_mean_squared_error: 1.2273e-08 - 131s/epoch - 2s/step
Epoch 85/100

Epoch 00085: mean_squared_error did not improve from 0.00000
63/63 - 131s - loss: 9.6157e-07 - mean_squared_error: 1.3233e-06 - val_loss: 1.2984e-08 - val_mean_squared_error: 1.2984e-08 - 131s/epoch - 2s/step
Epoch 86/100

Epoch 00086: mean_squared_error did not improve from 0.00000
63/63 - 131s - loss: 9.6097e-07 - mean_squared_error: 1.3228e-06 - val_loss: 1.3933e-08 - val_mean_squared_error: 1.3933e-08 - 131s/epoch - 2s/step
Epoch 87/100

Epoch 00087: mean_squared_error did not improve from 0.00000
63/63 - 131s - loss: 9.6160e-07 - mean_squared_error: 1.3234e-06 - val_loss: 1.3937e-08 - val_mean_squared_error: 1.3937e-08 - 131s/epoch - 2s/step
Epoch 88/100

Epoch 00088: mean_squared_error did not improve from 0.00000
63/63 - 131s - loss: 9.6270e-07 - mean_squared_error: 1.3242e-06 - val_loss: 1.3612e-08 - val_mean_squared_error: 1.3612e-08 - 131s/epoch - 2s/step
Epoch 89/100

Epoch 00089: mean_squared_error did not improve from 0.00000
63/63 - 131s - loss: 9.5996e-07 - mean_squared_error: 1.3220e-06 - val_loss: 1.1936e-08 - val_mean_squared_error: 1.1936e-08 - 131s/epoch - 2s/step
Epoch 90/100

Epoch 00090: mean_squared_error did not improve from 0.00000
63/63 - 131s - loss: 9.5977e-07 - mean_squared_error: 1.3217e-06 - val_loss: 1.1192e-08 - val_mean_squared_error: 1.1192e-08 - 131s/epoch - 2s/step
Epoch 91/100

Epoch 00091: mean_squared_error did not improve from 0.00000
63/63 - 131s - loss: 9.6113e-07 - mean_squared_error: 1.3228e-06 - val_loss: 1.2279e-08 - val_mean_squared_error: 1.2279e-08 - 131s/epoch - 2s/step
Epoch 92/100

Epoch 00092: mean_squared_error did not improve from 0.00000
63/63 - 131s - loss: 9.6014e-07 - mean_squared_error: 1.3219e-06 - val_loss: 1.3783e-08 - val_mean_squared_error: 1.3783e-08 - 131s/epoch - 2s/step
Epoch 93/100

Epoch 00093: mean_squared_error did not improve from 0.00000
63/63 - 131s - loss: 9.6013e-07 - mean_squared_error: 1.3220e-06 - val_loss: 1.0877e-08 - val_mean_squared_error: 1.0877e-08 - 131s/epoch - 2s/step
Epoch 94/100

Epoch 00094: mean_squared_error did not improve from 0.00000
63/63 - 131s - loss: 9.5980e-07 - mean_squared_error: 1.3217e-06 - val_loss: 1.5767e-08 - val_mean_squared_error: 1.5767e-08 - 131s/epoch - 2s/step
Epoch 95/100

Epoch 00095: mean_squared_error did not improve from 0.00000
63/63 - 131s - loss: 9.6743e-07 - mean_squared_error: 1.3274e-06 - val_loss: 1.3269e-08 - val_mean_squared_error: 1.3269e-08 - 131s/epoch - 2s/step
Epoch 96/100

Epoch 00096: mean_squared_error did not improve from 0.00000
63/63 - 131s - loss: 9.6849e-07 - mean_squared_error: 1.3290e-06 - val_loss: 2.3653e-08 - val_mean_squared_error: 2.3653e-08 - 131s/epoch - 2s/step
Epoch 97/100

Epoch 00097: mean_squared_error did not improve from 0.00000
63/63 - 131s - loss: 9.6485e-07 - mean_squared_error: 1.3260e-06 - val_loss: 1.4431e-08 - val_mean_squared_error: 1.4431e-08 - 131s/epoch - 2s/step
Epoch 98/100

Epoch 00098: mean_squared_error did not improve from 0.00000
63/63 - 132s - loss: 9.6021e-07 - mean_squared_error: 1.3220e-06 - val_loss: 1.0195e-08 - val_mean_squared_error: 1.0195e-08 - 132s/epoch - 2s/step
Epoch 99/100

Epoch 00099: mean_squared_error improved from 0.00000 to 0.00000, saving model to /gpfswork/rech/ynx/ulx23va/repo/wf-SEDs/model_WFE_size/wf-outputs/chkp/wfe_study_resx3_bis/chkp_callback_poly_wfe_study_resx3_128_bis_1_cycle1
63/63 - 131s - loss: 9.5868e-07 - mean_squared_error: 1.3207e-06 - val_loss: 1.1638e-08 - val_mean_squared_error: 1.1638e-08 - 131s/epoch - 2s/step
Epoch 100/100

Epoch 00100: mean_squared_error improved from 0.00000 to 0.00000, saving model to /gpfswork/rech/ynx/ulx23va/repo/wf-SEDs/model_WFE_size/wf-outputs/chkp/wfe_study_resx3_bis/chkp_callback_poly_wfe_study_resx3_128_bis_1_cycle1
63/63 - 131s - loss: 9.5847e-07 - mean_squared_error: 1.3204e-06 - val_loss: 1.1589e-08 - val_mean_squared_error: 1.1589e-08 - 131s/epoch - 2s/step
Cycle1 elapsed time: 15623.789240
Starting cycle 2..
Starting parametric update..
Epoch 1/15

Epoch 00001: mean_squared_error improved from inf to 0.00000, saving model to /gpfswork/rech/ynx/ulx23va/repo/wf-SEDs/model_WFE_size/wf-outputs/chkp/wfe_study_resx3_bis/chkp_callback_poly_wfe_study_resx3_128_bis_1_cycle2
63/63 - 140s - loss: 9.5786e-07 - mean_squared_error: 1.3201e-06 - val_loss: 1.2542e-08 - val_mean_squared_error: 1.2542e-08 - 140s/epoch - 2s/step
Epoch 2/15

Epoch 00002: mean_squared_error did not improve from 0.00000
63/63 - 137s - loss: 9.5917e-07 - mean_squared_error: 1.3211e-06 - val_loss: 1.2658e-08 - val_mean_squared_error: 1.2658e-08 - 137s/epoch - 2s/step
Epoch 3/15

Epoch 00003: mean_squared_error did not improve from 0.00000
63/63 - 138s - loss: 9.5984e-07 - mean_squared_error: 1.3219e-06 - val_loss: 1.5696e-08 - val_mean_squared_error: 1.5696e-08 - 138s/epoch - 2s/step
Epoch 4/15

Epoch 00004: mean_squared_error did not improve from 0.00000
63/63 - 140s - loss: 9.5950e-07 - mean_squared_error: 1.3215e-06 - val_loss: 1.2132e-08 - val_mean_squared_error: 1.2132e-08 - 140s/epoch - 2s/step
Epoch 5/15

Epoch 00005: mean_squared_error did not improve from 0.00000
63/63 - 141s - loss: 9.6778e-07 - mean_squared_error: 1.3288e-06 - val_loss: 7.4305e-08 - val_mean_squared_error: 7.4305e-08 - 141s/epoch - 2s/step
Epoch 6/15

Epoch 00006: mean_squared_error did not improve from 0.00000
63/63 - 140s - loss: 9.7635e-07 - mean_squared_error: 1.3369e-06 - val_loss: 1.4678e-08 - val_mean_squared_error: 1.4678e-08 - 140s/epoch - 2s/step
Epoch 7/15

Epoch 00007: mean_squared_error did not improve from 0.00000
63/63 - 139s - loss: 9.6043e-07 - mean_squared_error: 1.3224e-06 - val_loss: 1.2618e-08 - val_mean_squared_error: 1.2618e-08 - 139s/epoch - 2s/step
Epoch 8/15

Epoch 00008: mean_squared_error did not improve from 0.00000
63/63 - 140s - loss: 9.6130e-07 - mean_squared_error: 1.3232e-06 - val_loss: 1.5056e-08 - val_mean_squared_error: 1.5056e-08 - 140s/epoch - 2s/step
Epoch 9/15

Epoch 00009: mean_squared_error did not improve from 0.00000
63/63 - 140s - loss: 9.6218e-07 - mean_squared_error: 1.3236e-06 - val_loss: 3.7735e-08 - val_mean_squared_error: 3.7735e-08 - 140s/epoch - 2s/step
Epoch 10/15

Epoch 00010: mean_squared_error did not improve from 0.00000
63/63 - 139s - loss: 9.7751e-07 - mean_squared_error: 1.3377e-06 - val_loss: 1.6463e-08 - val_mean_squared_error: 1.6463e-08 - 139s/epoch - 2s/step
Epoch 11/15

Epoch 00011: mean_squared_error did not improve from 0.00000
63/63 - 139s - loss: 9.8198e-07 - mean_squared_error: 1.3406e-06 - val_loss: 2.4422e-08 - val_mean_squared_error: 2.4422e-08 - 139s/epoch - 2s/step
Epoch 12/15

Epoch 00012: mean_squared_error did not improve from 0.00000
63/63 - 139s - loss: 9.7791e-07 - mean_squared_error: 1.3377e-06 - val_loss: 3.0517e-08 - val_mean_squared_error: 3.0517e-08 - 139s/epoch - 2s/step
Epoch 13/15

Epoch 00013: mean_squared_error did not improve from 0.00000
63/63 - 140s - loss: 9.6551e-07 - mean_squared_error: 1.3269e-06 - val_loss: 1.6193e-08 - val_mean_squared_error: 1.6193e-08 - 140s/epoch - 2s/step
Epoch 14/15

Epoch 00014: mean_squared_error did not improve from 0.00000
63/63 - 140s - loss: 9.8985e-07 - mean_squared_error: 1.3455e-06 - val_loss: 5.3182e-08 - val_mean_squared_error: 5.3182e-08 - 140s/epoch - 2s/step
Epoch 15/15

Epoch 00015: mean_squared_error did not improve from 0.00000
63/63 - 139s - loss: 9.7524e-07 - mean_squared_error: 1.3356e-06 - val_loss: 1.7400e-08 - val_mean_squared_error: 1.7400e-08 - 139s/epoch - 2s/step
Starting non-parametric update..
Epoch 1/50

Epoch 00001: mean_squared_error did not improve from 0.00000
63/63 - 141s - loss: 9.5875e-07 - mean_squared_error: 1.3206e-06 - val_loss: 9.0331e-09 - val_mean_squared_error: 9.0331e-09 - 141s/epoch - 2s/step
Epoch 2/50

Epoch 00002: mean_squared_error improved from 0.00000 to 0.00000, saving model to /gpfswork/rech/ynx/ulx23va/repo/wf-SEDs/model_WFE_size/wf-outputs/chkp/wfe_study_resx3_bis/chkp_callback_poly_wfe_study_resx3_128_bis_1_cycle2
63/63 - 139s - loss: 9.5579e-07 - mean_squared_error: 1.3182e-06 - val_loss: 8.7697e-09 - val_mean_squared_error: 8.7697e-09 - 139s/epoch - 2s/step
Epoch 3/50

Epoch 00003: mean_squared_error improved from 0.00000 to 0.00000, saving model to /gpfswork/rech/ynx/ulx23va/repo/wf-SEDs/model_WFE_size/wf-outputs/chkp/wfe_study_resx3_bis/chkp_callback_poly_wfe_study_resx3_128_bis_1_cycle2
63/63 - 140s - loss: 9.5563e-07 - mean_squared_error: 1.3181e-06 - val_loss: 8.6918e-09 - val_mean_squared_error: 8.6918e-09 - 140s/epoch - 2s/step
Epoch 4/50

Epoch 00004: mean_squared_error improved from 0.00000 to 0.00000, saving model to /gpfswork/rech/ynx/ulx23va/repo/wf-SEDs/model_WFE_size/wf-outputs/chkp/wfe_study_resx3_bis/chkp_callback_poly_wfe_study_resx3_128_bis_1_cycle2
63/63 - 140s - loss: 9.5561e-07 - mean_squared_error: 1.3180e-06 - val_loss: 8.7309e-09 - val_mean_squared_error: 8.7309e-09 - 140s/epoch - 2s/step
Epoch 5/50

Epoch 00005: mean_squared_error improved from 0.00000 to 0.00000, saving model to /gpfswork/rech/ynx/ulx23va/repo/wf-SEDs/model_WFE_size/wf-outputs/chkp/wfe_study_resx3_bis/chkp_callback_poly_wfe_study_resx3_128_bis_1_cycle2
63/63 - 139s - loss: 9.5557e-07 - mean_squared_error: 1.3180e-06 - val_loss: 8.5554e-09 - val_mean_squared_error: 8.5554e-09 - 139s/epoch - 2s/step
Epoch 6/50

Epoch 00006: mean_squared_error did not improve from 0.00000
63/63 - 138s - loss: 9.5566e-07 - mean_squared_error: 1.3181e-06 - val_loss: 8.7826e-09 - val_mean_squared_error: 8.7826e-09 - 138s/epoch - 2s/step
Epoch 7/50

Epoch 00007: mean_squared_error did not improve from 0.00000
63/63 - 139s - loss: 9.5570e-07 - mean_squared_error: 1.3181e-06 - val_loss: 8.6102e-09 - val_mean_squared_error: 8.6102e-09 - 139s/epoch - 2s/step
Epoch 8/50

Epoch 00008: mean_squared_error did not improve from 0.00000
63/63 - 139s - loss: 9.5562e-07 - mean_squared_error: 1.3180e-06 - val_loss: 8.7153e-09 - val_mean_squared_error: 8.7153e-09 - 139s/epoch - 2s/step
Epoch 9/50

Epoch 00009: mean_squared_error did not improve from 0.00000
63/63 - 138s - loss: 9.5570e-07 - mean_squared_error: 1.3181e-06 - val_loss: 8.6685e-09 - val_mean_squared_error: 8.6685e-09 - 138s/epoch - 2s/step
Epoch 10/50

Epoch 00010: mean_squared_error did not improve from 0.00000
63/63 - 137s - loss: 9.5570e-07 - mean_squared_error: 1.3181e-06 - val_loss: 8.7004e-09 - val_mean_squared_error: 8.7004e-09 - 137s/epoch - 2s/step
Epoch 11/50

Epoch 00011: mean_squared_error did not improve from 0.00000
63/63 - 138s - loss: 9.5568e-07 - mean_squared_error: 1.3181e-06 - val_loss: 8.8246e-09 - val_mean_squared_error: 8.8246e-09 - 138s/epoch - 2s/step
Epoch 12/50

Epoch 00012: mean_squared_error did not improve from 0.00000
63/63 - 139s - loss: 9.5565e-07 - mean_squared_error: 1.3181e-06 - val_loss: 8.5288e-09 - val_mean_squared_error: 8.5288e-09 - 139s/epoch - 2s/step
Epoch 13/50

Epoch 00013: mean_squared_error did not improve from 0.00000
63/63 - 138s - loss: 9.5565e-07 - mean_squared_error: 1.3181e-06 - val_loss: 8.5050e-09 - val_mean_squared_error: 8.5050e-09 - 138s/epoch - 2s/step
Epoch 14/50

Epoch 00014: mean_squared_error improved from 0.00000 to 0.00000, saving model to /gpfswork/rech/ynx/ulx23va/repo/wf-SEDs/model_WFE_size/wf-outputs/chkp/wfe_study_resx3_bis/chkp_callback_poly_wfe_study_resx3_128_bis_1_cycle2
63/63 - 137s - loss: 9.5558e-07 - mean_squared_error: 1.3180e-06 - val_loss: 8.8541e-09 - val_mean_squared_error: 8.8541e-09 - 137s/epoch - 2s/step
Epoch 15/50

Epoch 00015: mean_squared_error did not improve from 0.00000
63/63 - 137s - loss: 9.5571e-07 - mean_squared_error: 1.3182e-06 - val_loss: 8.6415e-09 - val_mean_squared_error: 8.6415e-09 - 137s/epoch - 2s/step
Epoch 16/50

Epoch 00016: mean_squared_error improved from 0.00000 to 0.00000, saving model to /gpfswork/rech/ynx/ulx23va/repo/wf-SEDs/model_WFE_size/wf-outputs/chkp/wfe_study_resx3_bis/chkp_callback_poly_wfe_study_resx3_128_bis_1_cycle2
63/63 - 137s - loss: 9.5552e-07 - mean_squared_error: 1.3180e-06 - val_loss: 8.5728e-09 - val_mean_squared_error: 8.5728e-09 - 137s/epoch - 2s/step
Epoch 17/50

Epoch 00017: mean_squared_error did not improve from 0.00000
63/63 - 138s - loss: 9.5572e-07 - mean_squared_error: 1.3181e-06 - val_loss: 8.9490e-09 - val_mean_squared_error: 8.9490e-09 - 138s/epoch - 2s/step
Epoch 18/50

Epoch 00018: mean_squared_error did not improve from 0.00000
63/63 - 138s - loss: 9.5564e-07 - mean_squared_error: 1.3180e-06 - val_loss: 8.6581e-09 - val_mean_squared_error: 8.6581e-09 - 138s/epoch - 2s/step
Epoch 19/50

Epoch 00019: mean_squared_error improved from 0.00000 to 0.00000, saving model to /gpfswork/rech/ynx/ulx23va/repo/wf-SEDs/model_WFE_size/wf-outputs/chkp/wfe_study_resx3_bis/chkp_callback_poly_wfe_study_resx3_128_bis_1_cycle2
63/63 - 141s - loss: 9.5553e-07 - mean_squared_error: 1.3179e-06 - val_loss: 8.7813e-09 - val_mean_squared_error: 8.7813e-09 - 141s/epoch - 2s/step
Epoch 20/50

Epoch 00020: mean_squared_error did not improve from 0.00000
63/63 - 140s - loss: 9.5558e-07 - mean_squared_error: 1.3180e-06 - val_loss: 8.7587e-09 - val_mean_squared_error: 8.7587e-09 - 140s/epoch - 2s/step
Epoch 21/50

Epoch 00021: mean_squared_error improved from 0.00000 to 0.00000, saving model to /gpfswork/rech/ynx/ulx23va/repo/wf-SEDs/model_WFE_size/wf-outputs/chkp/wfe_study_resx3_bis/chkp_callback_poly_wfe_study_resx3_128_bis_1_cycle2
63/63 - 139s - loss: 9.5557e-07 - mean_squared_error: 1.3179e-06 - val_loss: 8.7629e-09 - val_mean_squared_error: 8.7629e-09 - 139s/epoch - 2s/step
Epoch 22/50

Epoch 00022: mean_squared_error did not improve from 0.00000
63/63 - 139s - loss: 9.5565e-07 - mean_squared_error: 1.3180e-06 - val_loss: 8.7175e-09 - val_mean_squared_error: 8.7175e-09 - 139s/epoch - 2s/step
Epoch 23/50

Epoch 00023: mean_squared_error improved from 0.00000 to 0.00000, saving model to /gpfswork/rech/ynx/ulx23va/repo/wf-SEDs/model_WFE_size/wf-outputs/chkp/wfe_study_resx3_bis/chkp_callback_poly_wfe_study_resx3_128_bis_1_cycle2
63/63 - 140s - loss: 9.5555e-07 - mean_squared_error: 1.3179e-06 - val_loss: 8.7349e-09 - val_mean_squared_error: 8.7349e-09 - 140s/epoch - 2s/step
Epoch 24/50

Epoch 00024: mean_squared_error improved from 0.00000 to 0.00000, saving model to /gpfswork/rech/ynx/ulx23va/repo/wf-SEDs/model_WFE_size/wf-outputs/chkp/wfe_study_resx3_bis/chkp_callback_poly_wfe_study_resx3_128_bis_1_cycle2
63/63 - 140s - loss: 9.5542e-07 - mean_squared_error: 1.3179e-06 - val_loss: 8.4505e-09 - val_mean_squared_error: 8.4505e-09 - 140s/epoch - 2s/step
Epoch 25/50

Epoch 00025: mean_squared_error improved from 0.00000 to 0.00000, saving model to /gpfswork/rech/ynx/ulx23va/repo/wf-SEDs/model_WFE_size/wf-outputs/chkp/wfe_study_resx3_bis/chkp_callback_poly_wfe_study_resx3_128_bis_1_cycle2
63/63 - 139s - loss: 9.5540e-07 - mean_squared_error: 1.3178e-06 - val_loss: 8.8153e-09 - val_mean_squared_error: 8.8153e-09 - 139s/epoch - 2s/step
Epoch 26/50

Epoch 00026: mean_squared_error did not improve from 0.00000
63/63 - 139s - loss: 9.5548e-07 - mean_squared_error: 1.3179e-06 - val_loss: 8.6446e-09 - val_mean_squared_error: 8.6446e-09 - 139s/epoch - 2s/step
Epoch 27/50

Epoch 00027: mean_squared_error did not improve from 0.00000
63/63 - 140s - loss: 9.5554e-07 - mean_squared_error: 1.3179e-06 - val_loss: 8.5752e-09 - val_mean_squared_error: 8.5752e-09 - 140s/epoch - 2s/step
Epoch 28/50

Epoch 00028: mean_squared_error did not improve from 0.00000
63/63 - 140s - loss: 9.5536e-07 - mean_squared_error: 1.3178e-06 - val_loss: 8.8024e-09 - val_mean_squared_error: 8.8024e-09 - 140s/epoch - 2s/step
Epoch 29/50

Epoch 00029: mean_squared_error improved from 0.00000 to 0.00000, saving model to /gpfswork/rech/ynx/ulx23va/repo/wf-SEDs/model_WFE_size/wf-outputs/chkp/wfe_study_resx3_bis/chkp_callback_poly_wfe_study_resx3_128_bis_1_cycle2
63/63 - 139s - loss: 9.5540e-07 - mean_squared_error: 1.3178e-06 - val_loss: 8.8170e-09 - val_mean_squared_error: 8.8170e-09 - 139s/epoch - 2s/step
Epoch 30/50

Epoch 00030: mean_squared_error did not improve from 0.00000
63/63 - 138s - loss: 9.5547e-07 - mean_squared_error: 1.3179e-06 - val_loss: 8.9660e-09 - val_mean_squared_error: 8.9660e-09 - 138s/epoch - 2s/step
Epoch 31/50

Epoch 00031: mean_squared_error did not improve from 0.00000
63/63 - 139s - loss: 9.5537e-07 - mean_squared_error: 1.3178e-06 - val_loss: 9.4727e-09 - val_mean_squared_error: 9.4727e-09 - 139s/epoch - 2s/step
Epoch 32/50

Epoch 00032: mean_squared_error did not improve from 0.00000
63/63 - 139s - loss: 9.5564e-07 - mean_squared_error: 1.3181e-06 - val_loss: 8.7691e-09 - val_mean_squared_error: 8.7691e-09 - 139s/epoch - 2s/step
Epoch 33/50

Epoch 00033: mean_squared_error did not improve from 0.00000
63/63 - 139s - loss: 9.5541e-07 - mean_squared_error: 1.3178e-06 - val_loss: 8.5204e-09 - val_mean_squared_error: 8.5204e-09 - 139s/epoch - 2s/step
Epoch 34/50

Epoch 00034: mean_squared_error did not improve from 0.00000
63/63 - 140s - loss: 9.5549e-07 - mean_squared_error: 1.3179e-06 - val_loss: 8.3931e-09 - val_mean_squared_error: 8.3931e-09 - 140s/epoch - 2s/step
Epoch 35/50

Epoch 00035: mean_squared_error improved from 0.00000 to 0.00000, saving model to /gpfswork/rech/ynx/ulx23va/repo/wf-SEDs/model_WFE_size/wf-outputs/chkp/wfe_study_resx3_bis/chkp_callback_poly_wfe_study_resx3_128_bis_1_cycle2
63/63 - 140s - loss: 9.5523e-07 - mean_squared_error: 1.3177e-06 - val_loss: 8.6308e-09 - val_mean_squared_error: 8.6308e-09 - 140s/epoch - 2s/step
Epoch 36/50

Epoch 00036: mean_squared_error did not improve from 0.00000
63/63 - 139s - loss: 9.5540e-07 - mean_squared_error: 1.3178e-06 - val_loss: 8.7197e-09 - val_mean_squared_error: 8.7197e-09 - 139s/epoch - 2s/step
Epoch 37/50

Epoch 00037: mean_squared_error did not improve from 0.00000
63/63 - 140s - loss: 9.5533e-07 - mean_squared_error: 1.3177e-06 - val_loss: 8.4526e-09 - val_mean_squared_error: 8.4526e-09 - 140s/epoch - 2s/step
Epoch 38/50

Epoch 00038: mean_squared_error did not improve from 0.00000
63/63 - 141s - loss: 9.5552e-07 - mean_squared_error: 1.3179e-06 - val_loss: 8.5716e-09 - val_mean_squared_error: 8.5716e-09 - 141s/epoch - 2s/step
Epoch 39/50

Epoch 00039: mean_squared_error did not improve from 0.00000
63/63 - 141s - loss: 9.5540e-07 - mean_squared_error: 1.3177e-06 - val_loss: 8.6332e-09 - val_mean_squared_error: 8.6332e-09 - 141s/epoch - 2s/step
Epoch 40/50

Epoch 00040: mean_squared_error did not improve from 0.00000
63/63 - 141s - loss: 9.5531e-07 - mean_squared_error: 1.3177e-06 - val_loss: 8.4598e-09 - val_mean_squared_error: 8.4598e-09 - 141s/epoch - 2s/step
Epoch 41/50

Epoch 00041: mean_squared_error improved from 0.00000 to 0.00000, saving model to /gpfswork/rech/ynx/ulx23va/repo/wf-SEDs/model_WFE_size/wf-outputs/chkp/wfe_study_resx3_bis/chkp_callback_poly_wfe_study_resx3_128_bis_1_cycle2
63/63 - 140s - loss: 9.5505e-07 - mean_squared_error: 1.3175e-06 - val_loss: 8.4452e-09 - val_mean_squared_error: 8.4452e-09 - 140s/epoch - 2s/step
Epoch 42/50

Epoch 00042: mean_squared_error did not improve from 0.00000
63/63 - 140s - loss: 9.5539e-07 - mean_squared_error: 1.3178e-06 - val_loss: 8.8656e-09 - val_mean_squared_error: 8.8656e-09 - 140s/epoch - 2s/step
Epoch 43/50

Epoch 00043: mean_squared_error did not improve from 0.00000
63/63 - 140s - loss: 9.5516e-07 - mean_squared_error: 1.3176e-06 - val_loss: 8.5583e-09 - val_mean_squared_error: 8.5583e-09 - 140s/epoch - 2s/step
Epoch 44/50

Epoch 00044: mean_squared_error did not improve from 0.00000
63/63 - 141s - loss: 9.5559e-07 - mean_squared_error: 1.3179e-06 - val_loss: 9.0111e-09 - val_mean_squared_error: 9.0111e-09 - 141s/epoch - 2s/step
Epoch 45/50

Epoch 00045: mean_squared_error did not improve from 0.00000
63/63 - 140s - loss: 9.5530e-07 - mean_squared_error: 1.3177e-06 - val_loss: 8.5529e-09 - val_mean_squared_error: 8.5529e-09 - 140s/epoch - 2s/step
Epoch 46/50

Epoch 00046: mean_squared_error did not improve from 0.00000
63/63 - 145s - loss: 9.5516e-07 - mean_squared_error: 1.3176e-06 - val_loss: 8.4580e-09 - val_mean_squared_error: 8.4580e-09 - 145s/epoch - 2s/step
Epoch 47/50

Epoch 00047: mean_squared_error did not improve from 0.00000
63/63 - 147s - loss: 9.5514e-07 - mean_squared_error: 1.3175e-06 - val_loss: 8.2797e-09 - val_mean_squared_error: 8.2797e-09 - 147s/epoch - 2s/step
Epoch 48/50

Epoch 00048: mean_squared_error improved from 0.00000 to 0.00000, saving model to /gpfswork/rech/ynx/ulx23va/repo/wf-SEDs/model_WFE_size/wf-outputs/chkp/wfe_study_resx3_bis/chkp_callback_poly_wfe_study_resx3_128_bis_1_cycle2
63/63 - 143s - loss: 9.5490e-07 - mean_squared_error: 1.3174e-06 - val_loss: 8.2265e-09 - val_mean_squared_error: 8.2265e-09 - 143s/epoch - 2s/step
Epoch 49/50

Epoch 00049: mean_squared_error did not improve from 0.00000
63/63 - 137s - loss: 9.5492e-07 - mean_squared_error: 1.3174e-06 - val_loss: 8.9106e-09 - val_mean_squared_error: 8.9106e-09 - 137s/epoch - 2s/step
Epoch 50/50

Epoch 00050: mean_squared_error did not improve from 0.00000
63/63 - 139s - loss: 9.5495e-07 - mean_squared_error: 1.3174e-06 - val_loss: 8.5856e-09 - val_mean_squared_error: 8.5856e-09 - 139s/epoch - 2s/step
Cycle2 elapsed time: 9072.574495

Total elapsed time: 24701.050970

 Good bye..
