Starting the log file.
Found GPU at: /device:GPU:0
tf_version: 2.7.0
Zernike cube:
(15, 64, 64)
Dataset parameters:
{'d_max': 2, 'max_order': 45, 'x_lims': [0, 1000.0], 'y_lims': [0, 1000.0], 'grid_points': [4, 4], 'n_bins': 20, 'max_wfe_rms': 0.1, 'oversampling_rate': 3.0, 'output_Q': 3.0, 'output_dim': 32, 'LP_filter_length': 2, 'pupil_diameter': 4096, 'euclid_obsc': True, 'n_stars': 2000}
Starting cycle 1..
Starting parametric update..
Epoch 1/15

Epoch 00001: mean_squared_error improved from inf to 0.00001, saving model to /gpfswork/rech/ynx/ulx23va/repo/wf-SEDs/model_WFE_size/wf-outputs/chkp/wfe_study_resx3_bis/chkp_callback_poly_wfe_study_resx3_064_bis_12_cycle1
63/63 - 123s - loss: 1.0243e-05 - mean_squared_error: 9.5988e-06 - val_loss: 2.5953e-06 - val_mean_squared_error: 2.5953e-06 - 123s/epoch - 2s/step
Epoch 2/15

Epoch 00002: mean_squared_error improved from 0.00001 to 0.00000, saving model to /gpfswork/rech/ynx/ulx23va/repo/wf-SEDs/model_WFE_size/wf-outputs/chkp/wfe_study_resx3_bis/chkp_callback_poly_wfe_study_resx3_064_bis_12_cycle1
63/63 - 117s - loss: 2.9257e-06 - mean_squared_error: 3.1083e-06 - val_loss: 1.4177e-06 - val_mean_squared_error: 1.4177e-06 - 117s/epoch - 2s/step
Epoch 3/15

Epoch 00003: mean_squared_error improved from 0.00000 to 0.00000, saving model to /gpfswork/rech/ynx/ulx23va/repo/wf-SEDs/model_WFE_size/wf-outputs/chkp/wfe_study_resx3_bis/chkp_callback_poly_wfe_study_resx3_064_bis_12_cycle1
63/63 - 117s - loss: 2.3265e-06 - mean_squared_error: 2.5502e-06 - val_loss: 1.1122e-06 - val_mean_squared_error: 1.1122e-06 - 117s/epoch - 2s/step
Epoch 4/15

Epoch 00004: mean_squared_error improved from 0.00000 to 0.00000, saving model to /gpfswork/rech/ynx/ulx23va/repo/wf-SEDs/model_WFE_size/wf-outputs/chkp/wfe_study_resx3_bis/chkp_callback_poly_wfe_study_resx3_064_bis_12_cycle1
63/63 - 118s - loss: 2.1026e-06 - mean_squared_error: 2.3532e-06 - val_loss: 9.8736e-07 - val_mean_squared_error: 9.8736e-07 - 118s/epoch - 2s/step
Epoch 5/15

Epoch 00005: mean_squared_error improved from 0.00000 to 0.00000, saving model to /gpfswork/rech/ynx/ulx23va/repo/wf-SEDs/model_WFE_size/wf-outputs/chkp/wfe_study_resx3_bis/chkp_callback_poly_wfe_study_resx3_064_bis_12_cycle1
63/63 - 116s - loss: 2.0436e-06 - mean_squared_error: 2.2930e-06 - val_loss: 9.7153e-07 - val_mean_squared_error: 9.7153e-07 - 116s/epoch - 2s/step
Epoch 6/15

Epoch 00006: mean_squared_error improved from 0.00000 to 0.00000, saving model to /gpfswork/rech/ynx/ulx23va/repo/wf-SEDs/model_WFE_size/wf-outputs/chkp/wfe_study_resx3_bis/chkp_callback_poly_wfe_study_resx3_064_bis_12_cycle1
63/63 - 117s - loss: 2.0247e-06 - mean_squared_error: 2.2750e-06 - val_loss: 1.0342e-06 - val_mean_squared_error: 1.0342e-06 - 117s/epoch - 2s/step
Epoch 7/15

Epoch 00007: mean_squared_error improved from 0.00000 to 0.00000, saving model to /gpfswork/rech/ynx/ulx23va/repo/wf-SEDs/model_WFE_size/wf-outputs/chkp/wfe_study_resx3_bis/chkp_callback_poly_wfe_study_resx3_064_bis_12_cycle1
63/63 - 118s - loss: 2.0000e-06 - mean_squared_error: 2.2491e-06 - val_loss: 8.7731e-07 - val_mean_squared_error: 8.7731e-07 - 118s/epoch - 2s/step
Epoch 8/15

Epoch 00008: mean_squared_error improved from 0.00000 to 0.00000, saving model to /gpfswork/rech/ynx/ulx23va/repo/wf-SEDs/model_WFE_size/wf-outputs/chkp/wfe_study_resx3_bis/chkp_callback_poly_wfe_study_resx3_064_bis_12_cycle1
63/63 - 116s - loss: 1.9028e-06 - mean_squared_error: 2.1590e-06 - val_loss: 8.8752e-07 - val_mean_squared_error: 8.8752e-07 - 116s/epoch - 2s/step
Epoch 9/15

Epoch 00009: mean_squared_error improved from 0.00000 to 0.00000, saving model to /gpfswork/rech/ynx/ulx23va/repo/wf-SEDs/model_WFE_size/wf-outputs/chkp/wfe_study_resx3_bis/chkp_callback_poly_wfe_study_resx3_064_bis_12_cycle1
63/63 - 117s - loss: 1.8774e-06 - mean_squared_error: 2.1372e-06 - val_loss: 8.2550e-07 - val_mean_squared_error: 8.2550e-07 - 117s/epoch - 2s/step
Epoch 10/15

Epoch 00010: mean_squared_error improved from 0.00000 to 0.00000, saving model to /gpfswork/rech/ynx/ulx23va/repo/wf-SEDs/model_WFE_size/wf-outputs/chkp/wfe_study_resx3_bis/chkp_callback_poly_wfe_study_resx3_064_bis_12_cycle1
63/63 - 118s - loss: 1.8579e-06 - mean_squared_error: 2.1159e-06 - val_loss: 8.1039e-07 - val_mean_squared_error: 8.1039e-07 - 118s/epoch - 2s/step
Epoch 11/15

Epoch 00011: mean_squared_error did not improve from 0.00000
63/63 - 117s - loss: 1.8957e-06 - mean_squared_error: 2.1489e-06 - val_loss: 7.7424e-07 - val_mean_squared_error: 7.7424e-07 - 117s/epoch - 2s/step
Epoch 12/15

Epoch 00012: mean_squared_error improved from 0.00000 to 0.00000, saving model to /gpfswork/rech/ynx/ulx23va/repo/wf-SEDs/model_WFE_size/wf-outputs/chkp/wfe_study_resx3_bis/chkp_callback_poly_wfe_study_resx3_064_bis_12_cycle1
63/63 - 115s - loss: 1.8240e-06 - mean_squared_error: 2.0721e-06 - val_loss: 7.6178e-07 - val_mean_squared_error: 7.6178e-07 - 115s/epoch - 2s/step
Epoch 13/15

Epoch 00013: mean_squared_error did not improve from 0.00000
63/63 - 117s - loss: 1.9311e-06 - mean_squared_error: 2.1658e-06 - val_loss: 7.7686e-07 - val_mean_squared_error: 7.7686e-07 - 117s/epoch - 2s/step
Epoch 14/15

Epoch 00014: mean_squared_error did not improve from 0.00000
63/63 - 116s - loss: 1.8804e-06 - mean_squared_error: 2.1252e-06 - val_loss: 7.0324e-07 - val_mean_squared_error: 7.0324e-07 - 116s/epoch - 2s/step
Epoch 15/15

Epoch 00015: mean_squared_error improved from 0.00000 to 0.00000, saving model to /gpfswork/rech/ynx/ulx23va/repo/wf-SEDs/model_WFE_size/wf-outputs/chkp/wfe_study_resx3_bis/chkp_callback_poly_wfe_study_resx3_064_bis_12_cycle1
63/63 - 115s - loss: 1.8066e-06 - mean_squared_error: 2.0635e-06 - val_loss: 7.5153e-07 - val_mean_squared_error: 7.5153e-07 - 115s/epoch - 2s/step
Starting non-parametric update..
Epoch 1/100

Epoch 00001: mean_squared_error improved from 0.00000 to 0.00000, saving model to /gpfswork/rech/ynx/ulx23va/repo/wf-SEDs/model_WFE_size/wf-outputs/chkp/wfe_study_resx3_bis/chkp_callback_poly_wfe_study_resx3_064_bis_12_cycle1
63/63 - 126s - loss: 1.5560e-06 - mean_squared_error: 1.8436e-06 - val_loss: 3.5654e-07 - val_mean_squared_error: 3.5654e-07 - 126s/epoch - 2s/step
Epoch 2/100

Epoch 00002: mean_squared_error improved from 0.00000 to 0.00000, saving model to /gpfswork/rech/ynx/ulx23va/repo/wf-SEDs/model_WFE_size/wf-outputs/chkp/wfe_study_resx3_bis/chkp_callback_poly_wfe_study_resx3_064_bis_12_cycle1
63/63 - 122s - loss: 1.2422e-06 - mean_squared_error: 1.5752e-06 - val_loss: 2.0703e-07 - val_mean_squared_error: 2.0703e-07 - 122s/epoch - 2s/step
Epoch 3/100

Epoch 00003: mean_squared_error improved from 0.00000 to 0.00000, saving model to /gpfswork/rech/ynx/ulx23va/repo/wf-SEDs/model_WFE_size/wf-outputs/chkp/wfe_study_resx3_bis/chkp_callback_poly_wfe_study_resx3_064_bis_12_cycle1
63/63 - 121s - loss: 1.1353e-06 - mean_squared_error: 1.4812e-06 - val_loss: 1.4879e-07 - val_mean_squared_error: 1.4879e-07 - 121s/epoch - 2s/step
Epoch 4/100

Epoch 00004: mean_squared_error improved from 0.00000 to 0.00000, saving model to /gpfswork/rech/ynx/ulx23va/repo/wf-SEDs/model_WFE_size/wf-outputs/chkp/wfe_study_resx3_bis/chkp_callback_poly_wfe_study_resx3_064_bis_12_cycle1
63/63 - 123s - loss: 1.0854e-06 - mean_squared_error: 1.4363e-06 - val_loss: 1.1206e-07 - val_mean_squared_error: 1.1206e-07 - 123s/epoch - 2s/step
Epoch 5/100

Epoch 00005: mean_squared_error improved from 0.00000 to 0.00000, saving model to /gpfswork/rech/ynx/ulx23va/repo/wf-SEDs/model_WFE_size/wf-outputs/chkp/wfe_study_resx3_bis/chkp_callback_poly_wfe_study_resx3_064_bis_12_cycle1
63/63 - 122s - loss: 1.0552e-06 - mean_squared_error: 1.4090e-06 - val_loss: 9.8095e-08 - val_mean_squared_error: 9.8095e-08 - 122s/epoch - 2s/step
Epoch 6/100

Epoch 00006: mean_squared_error improved from 0.00000 to 0.00000, saving model to /gpfswork/rech/ynx/ulx23va/repo/wf-SEDs/model_WFE_size/wf-outputs/chkp/wfe_study_resx3_bis/chkp_callback_poly_wfe_study_resx3_064_bis_12_cycle1
63/63 - 121s - loss: 1.0436e-06 - mean_squared_error: 1.3973e-06 - val_loss: 9.6728e-08 - val_mean_squared_error: 9.6728e-08 - 121s/epoch - 2s/step
Epoch 7/100

Epoch 00007: mean_squared_error did not improve from 0.00000
63/63 - 123s - loss: 1.0601e-06 - mean_squared_error: 1.4118e-06 - val_loss: 7.3201e-08 - val_mean_squared_error: 7.3201e-08 - 123s/epoch - 2s/step
Epoch 8/100

Epoch 00008: mean_squared_error did not improve from 0.00000
63/63 - 122s - loss: 1.0811e-06 - mean_squared_error: 1.4315e-06 - val_loss: 1.1565e-07 - val_mean_squared_error: 1.1565e-07 - 122s/epoch - 2s/step
Epoch 9/100

Epoch 00009: mean_squared_error improved from 0.00000 to 0.00000, saving model to /gpfswork/rech/ynx/ulx23va/repo/wf-SEDs/model_WFE_size/wf-outputs/chkp/wfe_study_resx3_bis/chkp_callback_poly_wfe_study_resx3_064_bis_12_cycle1
63/63 - 122s - loss: 1.0380e-06 - mean_squared_error: 1.3923e-06 - val_loss: 6.4286e-08 - val_mean_squared_error: 6.4286e-08 - 122s/epoch - 2s/step
Epoch 10/100

Epoch 00010: mean_squared_error improved from 0.00000 to 0.00000, saving model to /gpfswork/rech/ynx/ulx23va/repo/wf-SEDs/model_WFE_size/wf-outputs/chkp/wfe_study_resx3_bis/chkp_callback_poly_wfe_study_resx3_064_bis_12_cycle1
63/63 - 122s - loss: 1.0186e-06 - mean_squared_error: 1.3743e-06 - val_loss: 6.7963e-08 - val_mean_squared_error: 6.7963e-08 - 122s/epoch - 2s/step
Epoch 11/100

Epoch 00011: mean_squared_error improved from 0.00000 to 0.00000, saving model to /gpfswork/rech/ynx/ulx23va/repo/wf-SEDs/model_WFE_size/wf-outputs/chkp/wfe_study_resx3_bis/chkp_callback_poly_wfe_study_resx3_064_bis_12_cycle1
63/63 - 122s - loss: 1.0093e-06 - mean_squared_error: 1.3667e-06 - val_loss: 5.3181e-08 - val_mean_squared_error: 5.3181e-08 - 122s/epoch - 2s/step
Epoch 12/100

Epoch 00012: mean_squared_error improved from 0.00000 to 0.00000, saving model to /gpfswork/rech/ynx/ulx23va/repo/wf-SEDs/model_WFE_size/wf-outputs/chkp/wfe_study_resx3_bis/chkp_callback_poly_wfe_study_resx3_064_bis_12_cycle1
63/63 - 122s - loss: 1.0040e-06 - mean_squared_error: 1.3618e-06 - val_loss: 5.6678e-08 - val_mean_squared_error: 5.6678e-08 - 122s/epoch - 2s/step
Epoch 13/100

Epoch 00013: mean_squared_error did not improve from 0.00000
63/63 - 122s - loss: 1.0131e-06 - mean_squared_error: 1.3706e-06 - val_loss: 5.8168e-08 - val_mean_squared_error: 5.8168e-08 - 122s/epoch - 2s/step
Epoch 14/100

Epoch 00014: mean_squared_error improved from 0.00000 to 0.00000, saving model to /gpfswork/rech/ynx/ulx23va/repo/wf-SEDs/model_WFE_size/wf-outputs/chkp/wfe_study_resx3_bis/chkp_callback_poly_wfe_study_resx3_064_bis_12_cycle1
63/63 - 123s - loss: 1.0031e-06 - mean_squared_error: 1.3607e-06 - val_loss: 4.4969e-08 - val_mean_squared_error: 4.4969e-08 - 123s/epoch - 2s/step
Epoch 15/100

Epoch 00015: mean_squared_error improved from 0.00000 to 0.00000, saving model to /gpfswork/rech/ynx/ulx23va/repo/wf-SEDs/model_WFE_size/wf-outputs/chkp/wfe_study_resx3_bis/chkp_callback_poly_wfe_study_resx3_064_bis_12_cycle1
63/63 - 121s - loss: 9.9617e-07 - mean_squared_error: 1.3546e-06 - val_loss: 4.3951e-08 - val_mean_squared_error: 4.3951e-08 - 121s/epoch - 2s/step
Epoch 16/100

Epoch 00016: mean_squared_error did not improve from 0.00000
63/63 - 121s - loss: 9.9941e-07 - mean_squared_error: 1.3571e-06 - val_loss: 4.8912e-08 - val_mean_squared_error: 4.8912e-08 - 121s/epoch - 2s/step
Epoch 17/100

Epoch 00017: mean_squared_error did not improve from 0.00000
63/63 - 123s - loss: 1.0232e-06 - mean_squared_error: 1.3751e-06 - val_loss: 7.0446e-08 - val_mean_squared_error: 7.0446e-08 - 123s/epoch - 2s/step
Epoch 18/100

Epoch 00018: mean_squared_error did not improve from 0.00000
63/63 - 121s - loss: 1.0299e-06 - mean_squared_error: 1.3825e-06 - val_loss: 8.4709e-08 - val_mean_squared_error: 8.4709e-08 - 121s/epoch - 2s/step
Epoch 19/100

Epoch 00019: mean_squared_error did not improve from 0.00000
63/63 - 122s - loss: 1.0250e-06 - mean_squared_error: 1.3796e-06 - val_loss: 4.7240e-08 - val_mean_squared_error: 4.7240e-08 - 122s/epoch - 2s/step
Epoch 20/100

Epoch 00020: mean_squared_error improved from 0.00000 to 0.00000, saving model to /gpfswork/rech/ynx/ulx23va/repo/wf-SEDs/model_WFE_size/wf-outputs/chkp/wfe_study_resx3_bis/chkp_callback_poly_wfe_study_resx3_064_bis_12_cycle1
63/63 - 122s - loss: 9.9352e-07 - mean_squared_error: 1.3517e-06 - val_loss: 3.9960e-08 - val_mean_squared_error: 3.9960e-08 - 122s/epoch - 2s/step
Epoch 21/100

Epoch 00021: mean_squared_error improved from 0.00000 to 0.00000, saving model to /gpfswork/rech/ynx/ulx23va/repo/wf-SEDs/model_WFE_size/wf-outputs/chkp/wfe_study_resx3_bis/chkp_callback_poly_wfe_study_resx3_064_bis_12_cycle1
63/63 - 122s - loss: 9.9230e-07 - mean_squared_error: 1.3507e-06 - val_loss: 4.0584e-08 - val_mean_squared_error: 4.0584e-08 - 122s/epoch - 2s/step
Epoch 22/100

Epoch 00022: mean_squared_error did not improve from 0.00000
63/63 - 122s - loss: 9.9502e-07 - mean_squared_error: 1.3533e-06 - val_loss: 4.4047e-08 - val_mean_squared_error: 4.4047e-08 - 122s/epoch - 2s/step
Epoch 23/100

Epoch 00023: mean_squared_error did not improve from 0.00000
63/63 - 122s - loss: 9.9402e-07 - mean_squared_error: 1.3529e-06 - val_loss: 4.6569e-08 - val_mean_squared_error: 4.6569e-08 - 122s/epoch - 2s/step
Epoch 24/100

Epoch 00024: mean_squared_error improved from 0.00000 to 0.00000, saving model to /gpfswork/rech/ynx/ulx23va/repo/wf-SEDs/model_WFE_size/wf-outputs/chkp/wfe_study_resx3_bis/chkp_callback_poly_wfe_study_resx3_064_bis_12_cycle1
63/63 - 123s - loss: 9.9202e-07 - mean_squared_error: 1.3507e-06 - val_loss: 3.5955e-08 - val_mean_squared_error: 3.5955e-08 - 123s/epoch - 2s/step
Epoch 25/100

Epoch 00025: mean_squared_error improved from 0.00000 to 0.00000, saving model to /gpfswork/rech/ynx/ulx23va/repo/wf-SEDs/model_WFE_size/wf-outputs/chkp/wfe_study_resx3_bis/chkp_callback_poly_wfe_study_resx3_064_bis_12_cycle1
63/63 - 122s - loss: 9.8722e-07 - mean_squared_error: 1.3464e-06 - val_loss: 3.6972e-08 - val_mean_squared_error: 3.6972e-08 - 122s/epoch - 2s/step
Epoch 26/100

Epoch 00026: mean_squared_error did not improve from 0.00000
63/63 - 122s - loss: 9.9789e-07 - mean_squared_error: 1.3543e-06 - val_loss: 4.6017e-08 - val_mean_squared_error: 4.6017e-08 - 122s/epoch - 2s/step
Epoch 27/100

Epoch 00027: mean_squared_error did not improve from 0.00000
63/63 - 123s - loss: 9.9215e-07 - mean_squared_error: 1.3502e-06 - val_loss: 3.6307e-08 - val_mean_squared_error: 3.6307e-08 - 123s/epoch - 2s/step
Epoch 28/100

Epoch 00028: mean_squared_error did not improve from 0.00000
63/63 - 122s - loss: 1.0032e-06 - mean_squared_error: 1.3581e-06 - val_loss: 6.5023e-08 - val_mean_squared_error: 6.5023e-08 - 122s/epoch - 2s/step
Epoch 29/100

Epoch 00029: mean_squared_error did not improve from 0.00000
63/63 - 122s - loss: 9.9981e-07 - mean_squared_error: 1.3586e-06 - val_loss: 3.7743e-08 - val_mean_squared_error: 3.7743e-08 - 122s/epoch - 2s/step
Epoch 30/100

Epoch 00030: mean_squared_error improved from 0.00000 to 0.00000, saving model to /gpfswork/rech/ynx/ulx23va/repo/wf-SEDs/model_WFE_size/wf-outputs/chkp/wfe_study_resx3_bis/chkp_callback_poly_wfe_study_resx3_064_bis_12_cycle1
63/63 - 122s - loss: 9.8553e-07 - mean_squared_error: 1.3447e-06 - val_loss: 3.4312e-08 - val_mean_squared_error: 3.4312e-08 - 122s/epoch - 2s/step
Epoch 31/100

Epoch 00031: mean_squared_error did not improve from 0.00000
63/63 - 123s - loss: 9.9949e-07 - mean_squared_error: 1.3567e-06 - val_loss: 4.7444e-08 - val_mean_squared_error: 4.7444e-08 - 123s/epoch - 2s/step
Epoch 32/100

Epoch 00032: mean_squared_error did not improve from 0.00000
63/63 - 122s - loss: 9.8956e-07 - mean_squared_error: 1.3479e-06 - val_loss: 3.9012e-08 - val_mean_squared_error: 3.9012e-08 - 122s/epoch - 2s/step
Epoch 33/100

Epoch 00033: mean_squared_error did not improve from 0.00000
63/63 - 121s - loss: 9.9062e-07 - mean_squared_error: 1.3487e-06 - val_loss: 3.4425e-08 - val_mean_squared_error: 3.4425e-08 - 121s/epoch - 2s/step
Epoch 34/100

Epoch 00034: mean_squared_error improved from 0.00000 to 0.00000, saving model to /gpfswork/rech/ynx/ulx23va/repo/wf-SEDs/model_WFE_size/wf-outputs/chkp/wfe_study_resx3_bis/chkp_callback_poly_wfe_study_resx3_064_bis_12_cycle1
63/63 - 123s - loss: 9.8416e-07 - mean_squared_error: 1.3438e-06 - val_loss: 2.8288e-08 - val_mean_squared_error: 2.8288e-08 - 123s/epoch - 2s/step
Epoch 35/100

Epoch 00035: mean_squared_error improved from 0.00000 to 0.00000, saving model to /gpfswork/rech/ynx/ulx23va/repo/wf-SEDs/model_WFE_size/wf-outputs/chkp/wfe_study_resx3_bis/chkp_callback_poly_wfe_study_resx3_064_bis_12_cycle1
63/63 - 122s - loss: 9.8209e-07 - mean_squared_error: 1.3413e-06 - val_loss: 3.3927e-08 - val_mean_squared_error: 3.3927e-08 - 122s/epoch - 2s/step
Epoch 36/100

Epoch 00036: mean_squared_error did not improve from 0.00000
63/63 - 122s - loss: 9.9722e-07 - mean_squared_error: 1.3536e-06 - val_loss: 4.0713e-08 - val_mean_squared_error: 4.0713e-08 - 122s/epoch - 2s/step
Epoch 37/100

Epoch 00037: mean_squared_error did not improve from 0.00000
63/63 - 122s - loss: 9.8506e-07 - mean_squared_error: 1.3448e-06 - val_loss: 2.6929e-08 - val_mean_squared_error: 2.6929e-08 - 122s/epoch - 2s/step
Epoch 38/100

Epoch 00038: mean_squared_error improved from 0.00000 to 0.00000, saving model to /gpfswork/rech/ynx/ulx23va/repo/wf-SEDs/model_WFE_size/wf-outputs/chkp/wfe_study_resx3_bis/chkp_callback_poly_wfe_study_resx3_064_bis_12_cycle1
63/63 - 122s - loss: 9.8027e-07 - mean_squared_error: 1.3400e-06 - val_loss: 3.7617e-08 - val_mean_squared_error: 3.7617e-08 - 122s/epoch - 2s/step
Epoch 39/100

Epoch 00039: mean_squared_error did not improve from 0.00000
63/63 - 122s - loss: 9.8317e-07 - mean_squared_error: 1.3429e-06 - val_loss: 4.1091e-08 - val_mean_squared_error: 4.1091e-08 - 122s/epoch - 2s/step
Epoch 40/100

Epoch 00040: mean_squared_error did not improve from 0.00000
63/63 - 122s - loss: 9.8689e-07 - mean_squared_error: 1.3463e-06 - val_loss: 4.2129e-08 - val_mean_squared_error: 4.2129e-08 - 122s/epoch - 2s/step
Epoch 41/100

Epoch 00041: mean_squared_error did not improve from 0.00000
63/63 - 123s - loss: 9.9606e-07 - mean_squared_error: 1.3544e-06 - val_loss: 3.4605e-08 - val_mean_squared_error: 3.4605e-08 - 123s/epoch - 2s/step
Epoch 42/100

Epoch 00042: mean_squared_error did not improve from 0.00000
63/63 - 122s - loss: 9.8379e-07 - mean_squared_error: 1.3421e-06 - val_loss: 4.2078e-08 - val_mean_squared_error: 4.2078e-08 - 122s/epoch - 2s/step
Epoch 43/100

Epoch 00043: mean_squared_error did not improve from 0.00000
63/63 - 121s - loss: 9.8721e-07 - mean_squared_error: 1.3456e-06 - val_loss: 2.7754e-08 - val_mean_squared_error: 2.7754e-08 - 121s/epoch - 2s/step
Epoch 44/100

Epoch 00044: mean_squared_error did not improve from 0.00000
63/63 - 122s - loss: 9.9003e-07 - mean_squared_error: 1.3473e-06 - val_loss: 2.8666e-08 - val_mean_squared_error: 2.8666e-08 - 122s/epoch - 2s/step
Epoch 45/100

Epoch 00045: mean_squared_error improved from 0.00000 to 0.00000, saving model to /gpfswork/rech/ynx/ulx23va/repo/wf-SEDs/model_WFE_size/wf-outputs/chkp/wfe_study_resx3_bis/chkp_callback_poly_wfe_study_resx3_064_bis_12_cycle1
63/63 - 122s - loss: 9.8049e-07 - mean_squared_error: 1.3399e-06 - val_loss: 2.7125e-08 - val_mean_squared_error: 2.7125e-08 - 122s/epoch - 2s/step
Epoch 46/100

Epoch 00046: mean_squared_error improved from 0.00000 to 0.00000, saving model to /gpfswork/rech/ynx/ulx23va/repo/wf-SEDs/model_WFE_size/wf-outputs/chkp/wfe_study_resx3_bis/chkp_callback_poly_wfe_study_resx3_064_bis_12_cycle1
63/63 - 122s - loss: 9.7784e-07 - mean_squared_error: 1.3380e-06 - val_loss: 3.5813e-08 - val_mean_squared_error: 3.5813e-08 - 122s/epoch - 2s/step
Epoch 47/100

Epoch 00047: mean_squared_error did not improve from 0.00000
63/63 - 121s - loss: 9.8827e-07 - mean_squared_error: 1.3462e-06 - val_loss: 3.2805e-08 - val_mean_squared_error: 3.2805e-08 - 121s/epoch - 2s/step
Epoch 48/100

Epoch 00048: mean_squared_error did not improve from 0.00000
63/63 - 123s - loss: 9.7844e-07 - mean_squared_error: 1.3381e-06 - val_loss: 2.3888e-08 - val_mean_squared_error: 2.3888e-08 - 123s/epoch - 2s/step
Epoch 49/100

Epoch 00049: mean_squared_error did not improve from 0.00000
63/63 - 123s - loss: 9.7870e-07 - mean_squared_error: 1.3383e-06 - val_loss: 4.2475e-08 - val_mean_squared_error: 4.2475e-08 - 123s/epoch - 2s/step
Epoch 50/100

Epoch 00050: mean_squared_error did not improve from 0.00000
63/63 - 123s - loss: 9.8274e-07 - mean_squared_error: 1.3424e-06 - val_loss: 4.4241e-08 - val_mean_squared_error: 4.4241e-08 - 123s/epoch - 2s/step
Epoch 51/100

Epoch 00051: mean_squared_error did not improve from 0.00000
63/63 - 122s - loss: 9.9349e-07 - mean_squared_error: 1.3517e-06 - val_loss: 3.4602e-08 - val_mean_squared_error: 3.4602e-08 - 122s/epoch - 2s/step
Epoch 52/100

Epoch 00052: mean_squared_error did not improve from 0.00000
63/63 - 122s - loss: 9.9031e-07 - mean_squared_error: 1.3468e-06 - val_loss: 3.1125e-08 - val_mean_squared_error: 3.1125e-08 - 122s/epoch - 2s/step
Epoch 53/100

Epoch 00053: mean_squared_error did not improve from 0.00000
63/63 - 122s - loss: 9.7911e-07 - mean_squared_error: 1.3389e-06 - val_loss: 3.1997e-08 - val_mean_squared_error: 3.1997e-08 - 122s/epoch - 2s/step
Epoch 54/100

Epoch 00054: mean_squared_error did not improve from 0.00000
63/63 - 122s - loss: 9.8795e-07 - mean_squared_error: 1.3456e-06 - val_loss: 2.9284e-08 - val_mean_squared_error: 2.9284e-08 - 122s/epoch - 2s/step
Epoch 55/100

Epoch 00055: mean_squared_error did not improve from 0.00000
63/63 - 123s - loss: 9.8056e-07 - mean_squared_error: 1.3399e-06 - val_loss: 2.8654e-08 - val_mean_squared_error: 2.8654e-08 - 123s/epoch - 2s/step
Epoch 56/100

Epoch 00056: mean_squared_error improved from 0.00000 to 0.00000, saving model to /gpfswork/rech/ynx/ulx23va/repo/wf-SEDs/model_WFE_size/wf-outputs/chkp/wfe_study_resx3_bis/chkp_callback_poly_wfe_study_resx3_064_bis_12_cycle1
63/63 - 121s - loss: 9.7580e-07 - mean_squared_error: 1.3359e-06 - val_loss: 2.7282e-08 - val_mean_squared_error: 2.7282e-08 - 121s/epoch - 2s/step
Epoch 57/100

Epoch 00057: mean_squared_error did not improve from 0.00000
63/63 - 122s - loss: 9.7940e-07 - mean_squared_error: 1.3388e-06 - val_loss: 2.5625e-08 - val_mean_squared_error: 2.5625e-08 - 122s/epoch - 2s/step
Epoch 58/100

Epoch 00058: mean_squared_error improved from 0.00000 to 0.00000, saving model to /gpfswork/rech/ynx/ulx23va/repo/wf-SEDs/model_WFE_size/wf-outputs/chkp/wfe_study_resx3_bis/chkp_callback_poly_wfe_study_resx3_064_bis_12_cycle1
63/63 - 123s - loss: 9.7528e-07 - mean_squared_error: 1.3354e-06 - val_loss: 2.3845e-08 - val_mean_squared_error: 2.3845e-08 - 123s/epoch - 2s/step
Epoch 59/100

Epoch 00059: mean_squared_error did not improve from 0.00000
63/63 - 122s - loss: 9.7552e-07 - mean_squared_error: 1.3355e-06 - val_loss: 3.1134e-08 - val_mean_squared_error: 3.1134e-08 - 122s/epoch - 2s/step
Epoch 60/100

Epoch 00060: mean_squared_error did not improve from 0.00000
63/63 - 121s - loss: 9.7926e-07 - mean_squared_error: 1.3382e-06 - val_loss: 3.0621e-08 - val_mean_squared_error: 3.0621e-08 - 121s/epoch - 2s/step
Epoch 61/100

Epoch 00061: mean_squared_error did not improve from 0.00000
63/63 - 122s - loss: 9.8906e-07 - mean_squared_error: 1.3476e-06 - val_loss: 2.8129e-08 - val_mean_squared_error: 2.8129e-08 - 122s/epoch - 2s/step
Epoch 62/100

Epoch 00062: mean_squared_error did not improve from 0.00000
63/63 - 121s - loss: 9.7684e-07 - mean_squared_error: 1.3370e-06 - val_loss: 2.3273e-08 - val_mean_squared_error: 2.3273e-08 - 121s/epoch - 2s/step
Epoch 63/100

Epoch 00063: mean_squared_error improved from 0.00000 to 0.00000, saving model to /gpfswork/rech/ynx/ulx23va/repo/wf-SEDs/model_WFE_size/wf-outputs/chkp/wfe_study_resx3_bis/chkp_callback_poly_wfe_study_resx3_064_bis_12_cycle1
63/63 - 122s - loss: 9.7264e-07 - mean_squared_error: 1.3333e-06 - val_loss: 2.5234e-08 - val_mean_squared_error: 2.5234e-08 - 122s/epoch - 2s/step
Epoch 64/100

Epoch 00064: mean_squared_error did not improve from 0.00000
63/63 - 122s - loss: 9.7630e-07 - mean_squared_error: 1.3366e-06 - val_loss: 2.3278e-08 - val_mean_squared_error: 2.3278e-08 - 122s/epoch - 2s/step
Epoch 65/100

Epoch 00065: mean_squared_error did not improve from 0.00000
63/63 - 123s - loss: 9.7876e-07 - mean_squared_error: 1.3378e-06 - val_loss: 2.8269e-08 - val_mean_squared_error: 2.8269e-08 - 123s/epoch - 2s/step
Epoch 66/100

Epoch 00066: mean_squared_error did not improve from 0.00000
63/63 - 122s - loss: 9.7669e-07 - mean_squared_error: 1.3368e-06 - val_loss: 2.6414e-08 - val_mean_squared_error: 2.6414e-08 - 122s/epoch - 2s/step
Epoch 67/100

Epoch 00067: mean_squared_error did not improve from 0.00000
63/63 - 121s - loss: 9.7519e-07 - mean_squared_error: 1.3353e-06 - val_loss: 2.7348e-08 - val_mean_squared_error: 2.7348e-08 - 121s/epoch - 2s/step
Epoch 68/100

Epoch 00068: mean_squared_error did not improve from 0.00000
63/63 - 123s - loss: 9.8236e-07 - mean_squared_error: 1.3407e-06 - val_loss: 4.1671e-08 - val_mean_squared_error: 4.1671e-08 - 123s/epoch - 2s/step
Epoch 69/100

Epoch 00069: mean_squared_error did not improve from 0.00000
63/63 - 122s - loss: 9.8622e-07 - mean_squared_error: 1.3446e-06 - val_loss: 2.7296e-08 - val_mean_squared_error: 2.7296e-08 - 122s/epoch - 2s/step
Epoch 70/100

Epoch 00070: mean_squared_error did not improve from 0.00000
63/63 - 122s - loss: 9.7559e-07 - mean_squared_error: 1.3359e-06 - val_loss: 2.5727e-08 - val_mean_squared_error: 2.5727e-08 - 122s/epoch - 2s/step
Epoch 71/100

Epoch 00071: mean_squared_error did not improve from 0.00000
63/63 - 121s - loss: 9.7466e-07 - mean_squared_error: 1.3347e-06 - val_loss: 2.4002e-08 - val_mean_squared_error: 2.4002e-08 - 121s/epoch - 2s/step
Epoch 72/100

Epoch 00072: mean_squared_error did not improve from 0.00000
63/63 - 122s - loss: 9.7593e-07 - mean_squared_error: 1.3358e-06 - val_loss: 2.6152e-08 - val_mean_squared_error: 2.6152e-08 - 122s/epoch - 2s/step
Epoch 73/100

Epoch 00073: mean_squared_error did not improve from 0.00000
63/63 - 121s - loss: 9.7768e-07 - mean_squared_error: 1.3375e-06 - val_loss: 2.5752e-08 - val_mean_squared_error: 2.5752e-08 - 121s/epoch - 2s/step
Epoch 74/100

Epoch 00074: mean_squared_error did not improve from 0.00000
63/63 - 121s - loss: 9.7477e-07 - mean_squared_error: 1.3353e-06 - val_loss: 2.3577e-08 - val_mean_squared_error: 2.3577e-08 - 121s/epoch - 2s/step
Epoch 75/100

Epoch 00075: mean_squared_error did not improve from 0.00000
63/63 - 121s - loss: 9.9511e-07 - mean_squared_error: 1.3511e-06 - val_loss: 5.9788e-08 - val_mean_squared_error: 5.9788e-08 - 121s/epoch - 2s/step
Epoch 76/100

Epoch 00076: mean_squared_error did not improve from 0.00000
63/63 - 121s - loss: 1.0062e-06 - mean_squared_error: 1.3610e-06 - val_loss: 2.7743e-08 - val_mean_squared_error: 2.7743e-08 - 121s/epoch - 2s/step
Epoch 77/100

Epoch 00077: mean_squared_error did not improve from 0.00000
63/63 - 121s - loss: 9.7763e-07 - mean_squared_error: 1.3376e-06 - val_loss: 2.9721e-08 - val_mean_squared_error: 2.9721e-08 - 121s/epoch - 2s/step
Epoch 78/100

Epoch 00078: mean_squared_error did not improve from 0.00000
63/63 - 121s - loss: 9.7842e-07 - mean_squared_error: 1.3372e-06 - val_loss: 2.3329e-08 - val_mean_squared_error: 2.3329e-08 - 121s/epoch - 2s/step
Epoch 79/100

Epoch 00079: mean_squared_error did not improve from 0.00000
63/63 - 121s - loss: 9.8018e-07 - mean_squared_error: 1.3397e-06 - val_loss: 2.6645e-08 - val_mean_squared_error: 2.6645e-08 - 121s/epoch - 2s/step
Epoch 80/100

Epoch 00080: mean_squared_error did not improve from 0.00000
63/63 - 121s - loss: 9.7527e-07 - mean_squared_error: 1.3356e-06 - val_loss: 2.1468e-08 - val_mean_squared_error: 2.1468e-08 - 121s/epoch - 2s/step
Epoch 81/100

Epoch 00081: mean_squared_error improved from 0.00000 to 0.00000, saving model to /gpfswork/rech/ynx/ulx23va/repo/wf-SEDs/model_WFE_size/wf-outputs/chkp/wfe_study_resx3_bis/chkp_callback_poly_wfe_study_resx3_064_bis_12_cycle1
63/63 - 121s - loss: 9.7230e-07 - mean_squared_error: 1.3330e-06 - val_loss: 2.3810e-08 - val_mean_squared_error: 2.3810e-08 - 121s/epoch - 2s/step
Epoch 82/100

Epoch 00082: mean_squared_error did not improve from 0.00000
63/63 - 122s - loss: 9.7298e-07 - mean_squared_error: 1.3336e-06 - val_loss: 2.3884e-08 - val_mean_squared_error: 2.3884e-08 - 122s/epoch - 2s/step
Epoch 83/100

Epoch 00083: mean_squared_error improved from 0.00000 to 0.00000, saving model to /gpfswork/rech/ynx/ulx23va/repo/wf-SEDs/model_WFE_size/wf-outputs/chkp/wfe_study_resx3_bis/chkp_callback_poly_wfe_study_resx3_064_bis_12_cycle1
63/63 - 121s - loss: 9.7183e-07 - mean_squared_error: 1.3324e-06 - val_loss: 2.5431e-08 - val_mean_squared_error: 2.5431e-08 - 121s/epoch - 2s/step
Epoch 84/100

Epoch 00084: mean_squared_error did not improve from 0.00000
63/63 - 121s - loss: 9.7347e-07 - mean_squared_error: 1.3337e-06 - val_loss: 2.6820e-08 - val_mean_squared_error: 2.6820e-08 - 121s/epoch - 2s/step
Epoch 85/100

Epoch 00085: mean_squared_error did not improve from 0.00000
63/63 - 121s - loss: 9.8659e-07 - mean_squared_error: 1.3454e-06 - val_loss: 5.8723e-08 - val_mean_squared_error: 5.8723e-08 - 121s/epoch - 2s/step
Epoch 86/100

Epoch 00086: mean_squared_error did not improve from 0.00000
63/63 - 121s - loss: 1.0053e-06 - mean_squared_error: 1.3605e-06 - val_loss: 3.0706e-08 - val_mean_squared_error: 3.0706e-08 - 121s/epoch - 2s/step
Epoch 87/100

Epoch 00087: mean_squared_error did not improve from 0.00000
63/63 - 121s - loss: 9.9149e-07 - mean_squared_error: 1.3486e-06 - val_loss: 3.2335e-08 - val_mean_squared_error: 3.2335e-08 - 121s/epoch - 2s/step
Epoch 88/100

Epoch 00088: mean_squared_error did not improve from 0.00000
63/63 - 121s - loss: 9.8184e-07 - mean_squared_error: 1.3410e-06 - val_loss: 3.0828e-08 - val_mean_squared_error: 3.0828e-08 - 121s/epoch - 2s/step
Epoch 89/100

Epoch 00089: mean_squared_error did not improve from 0.00000
63/63 - 122s - loss: 9.7490e-07 - mean_squared_error: 1.3349e-06 - val_loss: 2.3734e-08 - val_mean_squared_error: 2.3734e-08 - 122s/epoch - 2s/step
Epoch 90/100

Epoch 00090: mean_squared_error did not improve from 0.00000
63/63 - 121s - loss: 9.7245e-07 - mean_squared_error: 1.3328e-06 - val_loss: 2.3508e-08 - val_mean_squared_error: 2.3508e-08 - 121s/epoch - 2s/step
Epoch 91/100

Epoch 00091: mean_squared_error improved from 0.00000 to 0.00000, saving model to /gpfswork/rech/ynx/ulx23va/repo/wf-SEDs/model_WFE_size/wf-outputs/chkp/wfe_study_resx3_bis/chkp_callback_poly_wfe_study_resx3_064_bis_12_cycle1
63/63 - 121s - loss: 9.7189e-07 - mean_squared_error: 1.3324e-06 - val_loss: 2.2436e-08 - val_mean_squared_error: 2.2436e-08 - 121s/epoch - 2s/step
Epoch 92/100

Epoch 00092: mean_squared_error did not improve from 0.00000
63/63 - 122s - loss: 9.7187e-07 - mean_squared_error: 1.3325e-06 - val_loss: 2.4799e-08 - val_mean_squared_error: 2.4799e-08 - 122s/epoch - 2s/step
Epoch 93/100

Epoch 00093: mean_squared_error did not improve from 0.00000
63/63 - 121s - loss: 9.7289e-07 - mean_squared_error: 1.3330e-06 - val_loss: 2.3536e-08 - val_mean_squared_error: 2.3536e-08 - 121s/epoch - 2s/step
Epoch 94/100

Epoch 00094: mean_squared_error did not improve from 0.00000
63/63 - 121s - loss: 9.7196e-07 - mean_squared_error: 1.3324e-06 - val_loss: 2.0600e-08 - val_mean_squared_error: 2.0600e-08 - 121s/epoch - 2s/step
Epoch 95/100

Epoch 00095: mean_squared_error did not improve from 0.00000
63/63 - 121s - loss: 9.7763e-07 - mean_squared_error: 1.3380e-06 - val_loss: 2.5425e-08 - val_mean_squared_error: 2.5425e-08 - 121s/epoch - 2s/step
Epoch 96/100

Epoch 00096: mean_squared_error did not improve from 0.00000
63/63 - 122s - loss: 9.7739e-07 - mean_squared_error: 1.3367e-06 - val_loss: 2.4559e-08 - val_mean_squared_error: 2.4559e-08 - 122s/epoch - 2s/step
Epoch 97/100

Epoch 00097: mean_squared_error did not improve from 0.00000
63/63 - 121s - loss: 9.7512e-07 - mean_squared_error: 1.3356e-06 - val_loss: 3.3905e-08 - val_mean_squared_error: 3.3905e-08 - 121s/epoch - 2s/step
Epoch 98/100

Epoch 00098: mean_squared_error did not improve from 0.00000
63/63 - 116s - loss: 9.8009e-07 - mean_squared_error: 1.3398e-06 - val_loss: 3.3942e-08 - val_mean_squared_error: 3.3942e-08 - 116s/epoch - 2s/step
Epoch 99/100

Epoch 00099: mean_squared_error did not improve from 0.00000
63/63 - 108s - loss: 9.8038e-07 - mean_squared_error: 1.3390e-06 - val_loss: 2.4901e-08 - val_mean_squared_error: 2.4901e-08 - 108s/epoch - 2s/step
Epoch 100/100

Epoch 00100: mean_squared_error did not improve from 0.00000
63/63 - 108s - loss: 9.7528e-07 - mean_squared_error: 1.3352e-06 - val_loss: 2.4966e-08 - val_mean_squared_error: 2.4966e-08 - 108s/epoch - 2s/step
Cycle1 elapsed time: 13908.710808
Starting cycle 2..
Starting parametric update..
Epoch 1/15

Epoch 00001: mean_squared_error improved from inf to 0.00000, saving model to /gpfswork/rech/ynx/ulx23va/repo/wf-SEDs/model_WFE_size/wf-outputs/chkp/wfe_study_resx3_bis/chkp_callback_poly_wfe_study_resx3_064_bis_12_cycle2
63/63 - 106s - loss: 9.7033e-07 - mean_squared_error: 1.3313e-06 - val_loss: 2.1567e-08 - val_mean_squared_error: 2.1567e-08 - 106s/epoch - 2s/step
Epoch 2/15

Epoch 00002: mean_squared_error did not improve from 0.00000
63/63 - 103s - loss: 9.7233e-07 - mean_squared_error: 1.3330e-06 - val_loss: 2.8324e-08 - val_mean_squared_error: 2.8324e-08 - 103s/epoch - 2s/step
Epoch 3/15

Epoch 00003: mean_squared_error did not improve from 0.00000
63/63 - 103s - loss: 9.7322e-07 - mean_squared_error: 1.3338e-06 - val_loss: 2.4956e-08 - val_mean_squared_error: 2.4956e-08 - 103s/epoch - 2s/step
Epoch 4/15

Epoch 00004: mean_squared_error did not improve from 0.00000
63/63 - 103s - loss: 9.7328e-07 - mean_squared_error: 1.3336e-06 - val_loss: 2.7271e-08 - val_mean_squared_error: 2.7271e-08 - 103s/epoch - 2s/step
Epoch 5/15

Epoch 00005: mean_squared_error did not improve from 0.00000
63/63 - 103s - loss: 9.7814e-07 - mean_squared_error: 1.3379e-06 - val_loss: 2.3509e-08 - val_mean_squared_error: 2.3509e-08 - 103s/epoch - 2s/step
Epoch 6/15

Epoch 00006: mean_squared_error did not improve from 0.00000
63/63 - 103s - loss: 9.7747e-07 - mean_squared_error: 1.3372e-06 - val_loss: 2.4184e-08 - val_mean_squared_error: 2.4184e-08 - 103s/epoch - 2s/step
Epoch 7/15

Epoch 00007: mean_squared_error did not improve from 0.00000
63/63 - 103s - loss: 9.8361e-07 - mean_squared_error: 1.3433e-06 - val_loss: 4.6283e-08 - val_mean_squared_error: 4.6283e-08 - 103s/epoch - 2s/step
Epoch 8/15

Epoch 00008: mean_squared_error did not improve from 0.00000
63/63 - 103s - loss: 1.0024e-06 - mean_squared_error: 1.3576e-06 - val_loss: 2.7952e-08 - val_mean_squared_error: 2.7952e-08 - 103s/epoch - 2s/step
Epoch 9/15

Epoch 00009: mean_squared_error did not improve from 0.00000
63/63 - 103s - loss: 9.7610e-07 - mean_squared_error: 1.3362e-06 - val_loss: 2.7266e-08 - val_mean_squared_error: 2.7266e-08 - 103s/epoch - 2s/step
Epoch 10/15

Epoch 00010: mean_squared_error did not improve from 0.00000
63/63 - 103s - loss: 9.8124e-07 - mean_squared_error: 1.3412e-06 - val_loss: 2.8771e-08 - val_mean_squared_error: 2.8771e-08 - 103s/epoch - 2s/step
Epoch 11/15

Epoch 00011: mean_squared_error did not improve from 0.00000
63/63 - 103s - loss: 9.7756e-07 - mean_squared_error: 1.3380e-06 - val_loss: 3.0068e-08 - val_mean_squared_error: 3.0068e-08 - 103s/epoch - 2s/step
Epoch 12/15

Epoch 00012: mean_squared_error did not improve from 0.00000
63/63 - 103s - loss: 9.8192e-07 - mean_squared_error: 1.3417e-06 - val_loss: 5.0866e-08 - val_mean_squared_error: 5.0866e-08 - 103s/epoch - 2s/step
Epoch 13/15

Epoch 00013: mean_squared_error did not improve from 0.00000
63/63 - 103s - loss: 9.8928e-07 - mean_squared_error: 1.3490e-06 - val_loss: 2.8113e-08 - val_mean_squared_error: 2.8113e-08 - 103s/epoch - 2s/step
Epoch 14/15

Epoch 00014: mean_squared_error did not improve from 0.00000
63/63 - 103s - loss: 9.7783e-07 - mean_squared_error: 1.3375e-06 - val_loss: 2.9322e-08 - val_mean_squared_error: 2.9322e-08 - 103s/epoch - 2s/step
Epoch 15/15

Epoch 00015: mean_squared_error did not improve from 0.00000
63/63 - 103s - loss: 9.8702e-07 - mean_squared_error: 1.3462e-06 - val_loss: 3.7760e-08 - val_mean_squared_error: 3.7760e-08 - 103s/epoch - 2s/step
Starting non-parametric update..
Epoch 1/50

Epoch 00001: mean_squared_error did not improve from 0.00000
63/63 - 109s - loss: 9.7269e-07 - mean_squared_error: 1.3334e-06 - val_loss: 1.9100e-08 - val_mean_squared_error: 1.9100e-08 - 109s/epoch - 2s/step
Epoch 2/50

Epoch 00002: mean_squared_error improved from 0.00000 to 0.00000, saving model to /gpfswork/rech/ynx/ulx23va/repo/wf-SEDs/model_WFE_size/wf-outputs/chkp/wfe_study_resx3_bis/chkp_callback_poly_wfe_study_resx3_064_bis_12_cycle2
63/63 - 106s - loss: 9.6604e-07 - mean_squared_error: 1.3274e-06 - val_loss: 1.8496e-08 - val_mean_squared_error: 1.8496e-08 - 106s/epoch - 2s/step
Epoch 3/50

Epoch 00003: mean_squared_error improved from 0.00000 to 0.00000, saving model to /gpfswork/rech/ynx/ulx23va/repo/wf-SEDs/model_WFE_size/wf-outputs/chkp/wfe_study_resx3_bis/chkp_callback_poly_wfe_study_resx3_064_bis_12_cycle2
63/63 - 106s - loss: 9.6562e-07 - mean_squared_error: 1.3271e-06 - val_loss: 1.7866e-08 - val_mean_squared_error: 1.7866e-08 - 106s/epoch - 2s/step
Epoch 4/50

Epoch 00004: mean_squared_error improved from 0.00000 to 0.00000, saving model to /gpfswork/rech/ynx/ulx23va/repo/wf-SEDs/model_WFE_size/wf-outputs/chkp/wfe_study_resx3_bis/chkp_callback_poly_wfe_study_resx3_064_bis_12_cycle2
63/63 - 106s - loss: 9.6556e-07 - mean_squared_error: 1.3271e-06 - val_loss: 1.7822e-08 - val_mean_squared_error: 1.7822e-08 - 106s/epoch - 2s/step
Epoch 5/50

Epoch 00005: mean_squared_error improved from 0.00000 to 0.00000, saving model to /gpfswork/rech/ynx/ulx23va/repo/wf-SEDs/model_WFE_size/wf-outputs/chkp/wfe_study_resx3_bis/chkp_callback_poly_wfe_study_resx3_064_bis_12_cycle2
63/63 - 106s - loss: 9.6542e-07 - mean_squared_error: 1.3269e-06 - val_loss: 1.8082e-08 - val_mean_squared_error: 1.8082e-08 - 106s/epoch - 2s/step
Epoch 6/50

Epoch 00006: mean_squared_error did not improve from 0.00000
63/63 - 106s - loss: 9.6551e-07 - mean_squared_error: 1.3270e-06 - val_loss: 1.8362e-08 - val_mean_squared_error: 1.8362e-08 - 106s/epoch - 2s/step
Epoch 7/50

Epoch 00007: mean_squared_error did not improve from 0.00000
63/63 - 106s - loss: 9.6573e-07 - mean_squared_error: 1.3271e-06 - val_loss: 1.8092e-08 - val_mean_squared_error: 1.8092e-08 - 106s/epoch - 2s/step
Epoch 8/50

Epoch 00008: mean_squared_error improved from 0.00000 to 0.00000, saving model to /gpfswork/rech/ynx/ulx23va/repo/wf-SEDs/model_WFE_size/wf-outputs/chkp/wfe_study_resx3_bis/chkp_callback_poly_wfe_study_resx3_064_bis_12_cycle2
63/63 - 106s - loss: 9.6545e-07 - mean_squared_error: 1.3269e-06 - val_loss: 1.7761e-08 - val_mean_squared_error: 1.7761e-08 - 106s/epoch - 2s/step
Epoch 9/50

Epoch 00009: mean_squared_error did not improve from 0.00000
63/63 - 106s - loss: 9.6554e-07 - mean_squared_error: 1.3270e-06 - val_loss: 1.8335e-08 - val_mean_squared_error: 1.8335e-08 - 106s/epoch - 2s/step
Epoch 10/50

Epoch 00010: mean_squared_error improved from 0.00000 to 0.00000, saving model to /gpfswork/rech/ynx/ulx23va/repo/wf-SEDs/model_WFE_size/wf-outputs/chkp/wfe_study_resx3_bis/chkp_callback_poly_wfe_study_resx3_064_bis_12_cycle2
63/63 - 106s - loss: 9.6533e-07 - mean_squared_error: 1.3268e-06 - val_loss: 1.8326e-08 - val_mean_squared_error: 1.8326e-08 - 106s/epoch - 2s/step
Epoch 11/50

Epoch 00011: mean_squared_error did not improve from 0.00000
63/63 - 106s - loss: 9.6574e-07 - mean_squared_error: 1.3273e-06 - val_loss: 1.7976e-08 - val_mean_squared_error: 1.7976e-08 - 106s/epoch - 2s/step
Epoch 12/50

Epoch 00012: mean_squared_error did not improve from 0.00000
63/63 - 106s - loss: 9.6553e-07 - mean_squared_error: 1.3271e-06 - val_loss: 1.8093e-08 - val_mean_squared_error: 1.8093e-08 - 106s/epoch - 2s/step
Epoch 13/50

Epoch 00013: mean_squared_error did not improve from 0.00000
63/63 - 106s - loss: 9.6559e-07 - mean_squared_error: 1.3271e-06 - val_loss: 1.7916e-08 - val_mean_squared_error: 1.7916e-08 - 106s/epoch - 2s/step
Epoch 14/50

Epoch 00014: mean_squared_error did not improve from 0.00000
63/63 - 106s - loss: 9.6560e-07 - mean_squared_error: 1.3270e-06 - val_loss: 1.7871e-08 - val_mean_squared_error: 1.7871e-08 - 106s/epoch - 2s/step
Epoch 15/50

Epoch 00015: mean_squared_error improved from 0.00000 to 0.00000, saving model to /gpfswork/rech/ynx/ulx23va/repo/wf-SEDs/model_WFE_size/wf-outputs/chkp/wfe_study_resx3_bis/chkp_callback_poly_wfe_study_resx3_064_bis_12_cycle2
63/63 - 106s - loss: 9.6526e-07 - mean_squared_error: 1.3268e-06 - val_loss: 1.7852e-08 - val_mean_squared_error: 1.7852e-08 - 106s/epoch - 2s/step
Epoch 16/50

Epoch 00016: mean_squared_error did not improve from 0.00000
63/63 - 106s - loss: 9.6556e-07 - mean_squared_error: 1.3270e-06 - val_loss: 1.7716e-08 - val_mean_squared_error: 1.7716e-08 - 106s/epoch - 2s/step
Epoch 17/50

Epoch 00017: mean_squared_error did not improve from 0.00000
63/63 - 106s - loss: 9.6549e-07 - mean_squared_error: 1.3269e-06 - val_loss: 1.7693e-08 - val_mean_squared_error: 1.7693e-08 - 106s/epoch - 2s/step
Epoch 18/50

Epoch 00018: mean_squared_error did not improve from 0.00000
63/63 - 106s - loss: 9.6543e-07 - mean_squared_error: 1.3269e-06 - val_loss: 1.8309e-08 - val_mean_squared_error: 1.8309e-08 - 106s/epoch - 2s/step
Epoch 19/50

Epoch 00019: mean_squared_error did not improve from 0.00000
63/63 - 106s - loss: 9.6546e-07 - mean_squared_error: 1.3270e-06 - val_loss: 1.7617e-08 - val_mean_squared_error: 1.7617e-08 - 106s/epoch - 2s/step
Epoch 20/50

Epoch 00020: mean_squared_error did not improve from 0.00000
63/63 - 106s - loss: 9.6551e-07 - mean_squared_error: 1.3270e-06 - val_loss: 1.8066e-08 - val_mean_squared_error: 1.8066e-08 - 106s/epoch - 2s/step
Epoch 21/50

Epoch 00021: mean_squared_error did not improve from 0.00000
63/63 - 106s - loss: 9.6550e-07 - mean_squared_error: 1.3270e-06 - val_loss: 1.7741e-08 - val_mean_squared_error: 1.7741e-08 - 106s/epoch - 2s/step
Epoch 22/50

Epoch 00022: mean_squared_error did not improve from 0.00000
63/63 - 106s - loss: 9.6600e-07 - mean_squared_error: 1.3273e-06 - val_loss: 1.9477e-08 - val_mean_squared_error: 1.9477e-08 - 106s/epoch - 2s/step
Epoch 23/50

Epoch 00023: mean_squared_error did not improve from 0.00000
63/63 - 106s - loss: 9.6573e-07 - mean_squared_error: 1.3271e-06 - val_loss: 1.7963e-08 - val_mean_squared_error: 1.7963e-08 - 106s/epoch - 2s/step
Epoch 24/50

Epoch 00024: mean_squared_error did not improve from 0.00000
63/63 - 106s - loss: 9.6598e-07 - mean_squared_error: 1.3273e-06 - val_loss: 1.7887e-08 - val_mean_squared_error: 1.7887e-08 - 106s/epoch - 2s/step
Epoch 25/50

Epoch 00025: mean_squared_error did not improve from 0.00000
63/63 - 106s - loss: 9.6555e-07 - mean_squared_error: 1.3269e-06 - val_loss: 1.7807e-08 - val_mean_squared_error: 1.7807e-08 - 106s/epoch - 2s/step
Epoch 26/50

Epoch 00026: mean_squared_error did not improve from 0.00000
63/63 - 106s - loss: 9.6559e-07 - mean_squared_error: 1.3270e-06 - val_loss: 1.8074e-08 - val_mean_squared_error: 1.8074e-08 - 106s/epoch - 2s/step
Epoch 27/50

Epoch 00027: mean_squared_error did not improve from 0.00000
63/63 - 106s - loss: 9.6551e-07 - mean_squared_error: 1.3269e-06 - val_loss: 1.7919e-08 - val_mean_squared_error: 1.7919e-08 - 106s/epoch - 2s/step
Epoch 28/50

Epoch 00028: mean_squared_error did not improve from 0.00000
63/63 - 106s - loss: 9.6620e-07 - mean_squared_error: 1.3275e-06 - val_loss: 1.8143e-08 - val_mean_squared_error: 1.8143e-08 - 106s/epoch - 2s/step
Epoch 29/50

Epoch 00029: mean_squared_error did not improve from 0.00000
63/63 - 106s - loss: 9.6553e-07 - mean_squared_error: 1.3269e-06 - val_loss: 1.8743e-08 - val_mean_squared_error: 1.8743e-08 - 106s/epoch - 2s/step
Epoch 30/50

Epoch 00030: mean_squared_error did not improve from 0.00000
63/63 - 106s - loss: 9.6578e-07 - mean_squared_error: 1.3273e-06 - val_loss: 1.8481e-08 - val_mean_squared_error: 1.8481e-08 - 106s/epoch - 2s/step
Epoch 31/50

Epoch 00031: mean_squared_error did not improve from 0.00000
63/63 - 106s - loss: 9.6584e-07 - mean_squared_error: 1.3272e-06 - val_loss: 1.8639e-08 - val_mean_squared_error: 1.8639e-08 - 106s/epoch - 2s/step
Epoch 32/50

Epoch 00032: mean_squared_error improved from 0.00000 to 0.00000, saving model to /gpfswork/rech/ynx/ulx23va/repo/wf-SEDs/model_WFE_size/wf-outputs/chkp/wfe_study_resx3_bis/chkp_callback_poly_wfe_study_resx3_064_bis_12_cycle2
63/63 - 106s - loss: 9.6526e-07 - mean_squared_error: 1.3266e-06 - val_loss: 1.8187e-08 - val_mean_squared_error: 1.8187e-08 - 106s/epoch - 2s/step
Epoch 33/50

Epoch 00033: mean_squared_error did not improve from 0.00000
63/63 - 106s - loss: 9.6606e-07 - mean_squared_error: 1.3274e-06 - val_loss: 2.1166e-08 - val_mean_squared_error: 2.1166e-08 - 106s/epoch - 2s/step
Epoch 34/50

Epoch 00034: mean_squared_error did not improve from 0.00000
63/63 - 106s - loss: 9.6614e-07 - mean_squared_error: 1.3276e-06 - val_loss: 1.9169e-08 - val_mean_squared_error: 1.9169e-08 - 106s/epoch - 2s/step
Epoch 35/50

Epoch 00035: mean_squared_error did not improve from 0.00000
63/63 - 106s - loss: 9.6555e-07 - mean_squared_error: 1.3269e-06 - val_loss: 1.8061e-08 - val_mean_squared_error: 1.8061e-08 - 106s/epoch - 2s/step
Epoch 36/50

Epoch 00036: mean_squared_error did not improve from 0.00000
63/63 - 106s - loss: 9.6605e-07 - mean_squared_error: 1.3274e-06 - val_loss: 1.9975e-08 - val_mean_squared_error: 1.9975e-08 - 106s/epoch - 2s/step
Epoch 37/50

Epoch 00037: mean_squared_error did not improve from 0.00000
63/63 - 106s - loss: 9.6586e-07 - mean_squared_error: 1.3273e-06 - val_loss: 1.7718e-08 - val_mean_squared_error: 1.7718e-08 - 106s/epoch - 2s/step
Epoch 38/50

Epoch 00038: mean_squared_error did not improve from 0.00000
63/63 - 106s - loss: 9.6536e-07 - mean_squared_error: 1.3266e-06 - val_loss: 1.8304e-08 - val_mean_squared_error: 1.8304e-08 - 106s/epoch - 2s/step
Epoch 39/50

Epoch 00039: mean_squared_error improved from 0.00000 to 0.00000, saving model to /gpfswork/rech/ynx/ulx23va/repo/wf-SEDs/model_WFE_size/wf-outputs/chkp/wfe_study_resx3_bis/chkp_callback_poly_wfe_study_resx3_064_bis_12_cycle2
63/63 - 106s - loss: 9.6518e-07 - mean_squared_error: 1.3266e-06 - val_loss: 1.8542e-08 - val_mean_squared_error: 1.8542e-08 - 106s/epoch - 2s/step
Epoch 40/50

Epoch 00040: mean_squared_error did not improve from 0.00000
63/63 - 106s - loss: 9.6589e-07 - mean_squared_error: 1.3271e-06 - val_loss: 1.8277e-08 - val_mean_squared_error: 1.8277e-08 - 106s/epoch - 2s/step
Epoch 41/50

Epoch 00041: mean_squared_error did not improve from 0.00000
63/63 - 106s - loss: 9.6551e-07 - mean_squared_error: 1.3271e-06 - val_loss: 1.8631e-08 - val_mean_squared_error: 1.8631e-08 - 106s/epoch - 2s/step
Epoch 42/50

Epoch 00042: mean_squared_error did not improve from 0.00000
63/63 - 106s - loss: 9.6534e-07 - mean_squared_error: 1.3269e-06 - val_loss: 1.8493e-08 - val_mean_squared_error: 1.8493e-08 - 106s/epoch - 2s/step
Epoch 43/50

Epoch 00043: mean_squared_error did not improve from 0.00000
63/63 - 106s - loss: 9.6689e-07 - mean_squared_error: 1.3280e-06 - val_loss: 1.7929e-08 - val_mean_squared_error: 1.7929e-08 - 106s/epoch - 2s/step
Epoch 44/50

Epoch 00044: mean_squared_error did not improve from 0.00000
63/63 - 106s - loss: 9.6554e-07 - mean_squared_error: 1.3270e-06 - val_loss: 1.8635e-08 - val_mean_squared_error: 1.8635e-08 - 106s/epoch - 2s/step
Epoch 45/50

Epoch 00045: mean_squared_error did not improve from 0.00000
63/63 - 106s - loss: 9.6687e-07 - mean_squared_error: 1.3281e-06 - val_loss: 1.8329e-08 - val_mean_squared_error: 1.8329e-08 - 106s/epoch - 2s/step
Epoch 46/50

Epoch 00046: mean_squared_error did not improve from 0.00000
63/63 - 106s - loss: 9.6658e-07 - mean_squared_error: 1.3276e-06 - val_loss: 1.9982e-08 - val_mean_squared_error: 1.9982e-08 - 106s/epoch - 2s/step
Epoch 47/50

Epoch 00047: mean_squared_error did not improve from 0.00000
63/63 - 106s - loss: 9.6812e-07 - mean_squared_error: 1.3291e-06 - val_loss: 1.8143e-08 - val_mean_squared_error: 1.8143e-08 - 106s/epoch - 2s/step
Epoch 48/50

Epoch 00048: mean_squared_error did not improve from 0.00000
63/63 - 106s - loss: 9.6609e-07 - mean_squared_error: 1.3274e-06 - val_loss: 1.9578e-08 - val_mean_squared_error: 1.9578e-08 - 106s/epoch - 2s/step
Epoch 49/50

Epoch 00049: mean_squared_error did not improve from 0.00000
63/63 - 106s - loss: 9.6540e-07 - mean_squared_error: 1.3267e-06 - val_loss: 1.8180e-08 - val_mean_squared_error: 1.8180e-08 - 106s/epoch - 2s/step
Epoch 50/50

Epoch 00050: mean_squared_error did not improve from 0.00000
63/63 - 106s - loss: 9.6528e-07 - mean_squared_error: 1.3267e-06 - val_loss: 1.8659e-08 - val_mean_squared_error: 1.8659e-08 - 106s/epoch - 2s/step
Cycle2 elapsed time: 6877.847990

Total elapsed time: 20790.604822

 Good bye..
