Starting the log file.
Found GPU at: /device:GPU:0
tf_version: 2.7.0
Zernike cube:
(15, 128, 128)
Dataset parameters:
{'d_max': 2, 'max_order': 45, 'x_lims': [0, 1000.0], 'y_lims': [0, 1000.0], 'grid_points': [4, 4], 'n_bins': 20, 'max_wfe_rms': 0.1, 'oversampling_rate': 3.0, 'output_Q': 3.0, 'output_dim': 32, 'LP_filter_length': 2, 'pupil_diameter': 4096, 'euclid_obsc': True, 'n_stars': 2000}
Starting cycle 1..
Starting parametric update..
Epoch 1/15

Epoch 00001: mean_squared_error improved from inf to 0.00001, saving model to /gpfswork/rech/ynx/ulx23va/repo/wf-SEDs/model_WFE_size/wf-outputs/chkp/wfe_study_resx3_bis/chkp_callback_poly_wfe_study_resx3_128_bis_4_cycle1
63/63 - 164s - loss: 8.0651e-06 - mean_squared_error: 7.5134e-06 - val_loss: 1.9300e-06 - val_mean_squared_error: 1.9300e-06 - 164s/epoch - 3s/step
Epoch 2/15

Epoch 00002: mean_squared_error improved from 0.00001 to 0.00000, saving model to /gpfswork/rech/ynx/ulx23va/repo/wf-SEDs/model_WFE_size/wf-outputs/chkp/wfe_study_resx3_bis/chkp_callback_poly_wfe_study_resx3_128_bis_4_cycle1
63/63 - 159s - loss: 2.4996e-06 - mean_squared_error: 2.7162e-06 - val_loss: 1.1224e-06 - val_mean_squared_error: 1.1224e-06 - 159s/epoch - 3s/step
Epoch 3/15

Epoch 00003: mean_squared_error improved from 0.00000 to 0.00000, saving model to /gpfswork/rech/ynx/ulx23va/repo/wf-SEDs/model_WFE_size/wf-outputs/chkp/wfe_study_resx3_bis/chkp_callback_poly_wfe_study_resx3_128_bis_4_cycle1
63/63 - 158s - loss: 2.0305e-06 - mean_squared_error: 2.2768e-06 - val_loss: 8.6953e-07 - val_mean_squared_error: 8.6953e-07 - 158s/epoch - 3s/step
Epoch 4/15

Epoch 00004: mean_squared_error improved from 0.00000 to 0.00000, saving model to /gpfswork/rech/ynx/ulx23va/repo/wf-SEDs/model_WFE_size/wf-outputs/chkp/wfe_study_resx3_bis/chkp_callback_poly_wfe_study_resx3_128_bis_4_cycle1
63/63 - 159s - loss: 1.8545e-06 - mean_squared_error: 2.1064e-06 - val_loss: 7.6682e-07 - val_mean_squared_error: 7.6682e-07 - 159s/epoch - 3s/step
Epoch 5/15

Epoch 00005: mean_squared_error improved from 0.00000 to 0.00000, saving model to /gpfswork/rech/ynx/ulx23va/repo/wf-SEDs/model_WFE_size/wf-outputs/chkp/wfe_study_resx3_bis/chkp_callback_poly_wfe_study_resx3_128_bis_4_cycle1
63/63 - 159s - loss: 1.7832e-06 - mean_squared_error: 2.0344e-06 - val_loss: 6.9875e-07 - val_mean_squared_error: 6.9875e-07 - 159s/epoch - 3s/step
Epoch 6/15

Epoch 00006: mean_squared_error improved from 0.00000 to 0.00000, saving model to /gpfswork/rech/ynx/ulx23va/repo/wf-SEDs/model_WFE_size/wf-outputs/chkp/wfe_study_resx3_bis/chkp_callback_poly_wfe_study_resx3_128_bis_4_cycle1
63/63 - 159s - loss: 1.7676e-06 - mean_squared_error: 2.0204e-06 - val_loss: 7.3638e-07 - val_mean_squared_error: 7.3638e-07 - 159s/epoch - 3s/step
Epoch 7/15

Epoch 00007: mean_squared_error did not improve from 0.00000
63/63 - 159s - loss: 1.8054e-06 - mean_squared_error: 2.0524e-06 - val_loss: 7.4174e-07 - val_mean_squared_error: 7.4174e-07 - 159s/epoch - 3s/step
Epoch 8/15

Epoch 00008: mean_squared_error did not improve from 0.00000
63/63 - 159s - loss: 1.7911e-06 - mean_squared_error: 2.0524e-06 - val_loss: 7.5720e-07 - val_mean_squared_error: 7.5720e-07 - 159s/epoch - 3s/step
Epoch 9/15

Epoch 00009: mean_squared_error did not improve from 0.00000
63/63 - 159s - loss: 1.8376e-06 - mean_squared_error: 2.0904e-06 - val_loss: 7.0937e-07 - val_mean_squared_error: 7.0937e-07 - 159s/epoch - 3s/step
Epoch 10/15

Epoch 00010: mean_squared_error did not improve from 0.00000
63/63 - 159s - loss: 1.8774e-06 - mean_squared_error: 2.1116e-06 - val_loss: 8.7417e-07 - val_mean_squared_error: 8.7417e-07 - 159s/epoch - 3s/step
Epoch 11/15

Epoch 00011: mean_squared_error did not improve from 0.00000
63/63 - 159s - loss: 1.8599e-06 - mean_squared_error: 2.1103e-06 - val_loss: 7.2717e-07 - val_mean_squared_error: 7.2717e-07 - 159s/epoch - 3s/step
Epoch 12/15

Epoch 00012: mean_squared_error did not improve from 0.00000
63/63 - 159s - loss: 1.8145e-06 - mean_squared_error: 2.0679e-06 - val_loss: 8.0858e-07 - val_mean_squared_error: 8.0858e-07 - 159s/epoch - 3s/step
Epoch 13/15

Epoch 00013: mean_squared_error did not improve from 0.00000
63/63 - 159s - loss: 1.8140e-06 - mean_squared_error: 2.0740e-06 - val_loss: 7.0408e-07 - val_mean_squared_error: 7.0408e-07 - 159s/epoch - 3s/step
Epoch 14/15

Epoch 00014: mean_squared_error did not improve from 0.00000
63/63 - 159s - loss: 1.8336e-06 - mean_squared_error: 2.0788e-06 - val_loss: 9.3625e-07 - val_mean_squared_error: 9.3625e-07 - 159s/epoch - 3s/step
Epoch 15/15

Epoch 00015: mean_squared_error did not improve from 0.00000
63/63 - 158s - loss: 1.8771e-06 - mean_squared_error: 2.1292e-06 - val_loss: 8.9855e-07 - val_mean_squared_error: 8.9855e-07 - 158s/epoch - 3s/step
Starting non-parametric update..
Epoch 1/100

Epoch 00001: mean_squared_error improved from 0.00000 to 0.00000, saving model to /gpfswork/rech/ynx/ulx23va/repo/wf-SEDs/model_WFE_size/wf-outputs/chkp/wfe_study_resx3_bis/chkp_callback_poly_wfe_study_resx3_128_bis_4_cycle1
63/63 - 160s - loss: 1.7063e-06 - mean_squared_error: 1.9777e-06 - val_loss: 5.3766e-07 - val_mean_squared_error: 5.3766e-07 - 160s/epoch - 3s/step
Epoch 2/100

Epoch 00002: mean_squared_error improved from 0.00000 to 0.00000, saving model to /gpfswork/rech/ynx/ulx23va/repo/wf-SEDs/model_WFE_size/wf-outputs/chkp/wfe_study_resx3_bis/chkp_callback_poly_wfe_study_resx3_128_bis_4_cycle1
63/63 - 158s - loss: 1.4340e-06 - mean_squared_error: 1.7467e-06 - val_loss: 3.6370e-07 - val_mean_squared_error: 3.6370e-07 - 158s/epoch - 3s/step
Epoch 3/100

Epoch 00003: mean_squared_error improved from 0.00000 to 0.00000, saving model to /gpfswork/rech/ynx/ulx23va/repo/wf-SEDs/model_WFE_size/wf-outputs/chkp/wfe_study_resx3_bis/chkp_callback_poly_wfe_study_resx3_128_bis_4_cycle1
63/63 - 157s - loss: 1.2740e-06 - mean_squared_error: 1.6078e-06 - val_loss: 2.5484e-07 - val_mean_squared_error: 2.5484e-07 - 157s/epoch - 2s/step
Epoch 4/100

Epoch 00004: mean_squared_error improved from 0.00000 to 0.00000, saving model to /gpfswork/rech/ynx/ulx23va/repo/wf-SEDs/model_WFE_size/wf-outputs/chkp/wfe_study_resx3_bis/chkp_callback_poly_wfe_study_resx3_128_bis_4_cycle1
63/63 - 157s - loss: 1.1807e-06 - mean_squared_error: 1.5240e-06 - val_loss: 1.8648e-07 - val_mean_squared_error: 1.8648e-07 - 157s/epoch - 2s/step
Epoch 5/100

Epoch 00005: mean_squared_error improved from 0.00000 to 0.00000, saving model to /gpfswork/rech/ynx/ulx23va/repo/wf-SEDs/model_WFE_size/wf-outputs/chkp/wfe_study_resx3_bis/chkp_callback_poly_wfe_study_resx3_128_bis_4_cycle1
63/63 - 156s - loss: 1.1245e-06 - mean_squared_error: 1.4726e-06 - val_loss: 1.4825e-07 - val_mean_squared_error: 1.4825e-07 - 156s/epoch - 2s/step
Epoch 6/100

Epoch 00006: mean_squared_error improved from 0.00000 to 0.00000, saving model to /gpfswork/rech/ynx/ulx23va/repo/wf-SEDs/model_WFE_size/wf-outputs/chkp/wfe_study_resx3_bis/chkp_callback_poly_wfe_study_resx3_128_bis_4_cycle1
63/63 - 156s - loss: 1.0909e-06 - mean_squared_error: 1.4424e-06 - val_loss: 1.1986e-07 - val_mean_squared_error: 1.1986e-07 - 156s/epoch - 2s/step
Epoch 7/100

Epoch 00007: mean_squared_error improved from 0.00000 to 0.00000, saving model to /gpfswork/rech/ynx/ulx23va/repo/wf-SEDs/model_WFE_size/wf-outputs/chkp/wfe_study_resx3_bis/chkp_callback_poly_wfe_study_resx3_128_bis_4_cycle1
63/63 - 156s - loss: 1.0681e-06 - mean_squared_error: 1.4214e-06 - val_loss: 1.0695e-07 - val_mean_squared_error: 1.0695e-07 - 156s/epoch - 2s/step
Epoch 8/100

Epoch 00008: mean_squared_error improved from 0.00000 to 0.00000, saving model to /gpfswork/rech/ynx/ulx23va/repo/wf-SEDs/model_WFE_size/wf-outputs/chkp/wfe_study_resx3_bis/chkp_callback_poly_wfe_study_resx3_128_bis_4_cycle1
63/63 - 156s - loss: 1.0526e-06 - mean_squared_error: 1.4079e-06 - val_loss: 9.1823e-08 - val_mean_squared_error: 9.1823e-08 - 156s/epoch - 2s/step
Epoch 9/100

Epoch 00009: mean_squared_error improved from 0.00000 to 0.00000, saving model to /gpfswork/rech/ynx/ulx23va/repo/wf-SEDs/model_WFE_size/wf-outputs/chkp/wfe_study_resx3_bis/chkp_callback_poly_wfe_study_resx3_128_bis_4_cycle1
63/63 - 155s - loss: 1.0386e-06 - mean_squared_error: 1.3948e-06 - val_loss: 7.8953e-08 - val_mean_squared_error: 7.8953e-08 - 155s/epoch - 2s/step
Epoch 10/100

Epoch 00010: mean_squared_error improved from 0.00000 to 0.00000, saving model to /gpfswork/rech/ynx/ulx23va/repo/wf-SEDs/model_WFE_size/wf-outputs/chkp/wfe_study_resx3_bis/chkp_callback_poly_wfe_study_resx3_128_bis_4_cycle1
63/63 - 156s - loss: 1.0303e-06 - mean_squared_error: 1.3874e-06 - val_loss: 7.2023e-08 - val_mean_squared_error: 7.2023e-08 - 156s/epoch - 2s/step
Epoch 11/100

Epoch 00011: mean_squared_error improved from 0.00000 to 0.00000, saving model to /gpfswork/rech/ynx/ulx23va/repo/wf-SEDs/model_WFE_size/wf-outputs/chkp/wfe_study_resx3_bis/chkp_callback_poly_wfe_study_resx3_128_bis_4_cycle1
63/63 - 155s - loss: 1.0205e-06 - mean_squared_error: 1.3784e-06 - val_loss: 6.5456e-08 - val_mean_squared_error: 6.5456e-08 - 155s/epoch - 2s/step
Epoch 12/100

Epoch 00012: mean_squared_error improved from 0.00000 to 0.00000, saving model to /gpfswork/rech/ynx/ulx23va/repo/wf-SEDs/model_WFE_size/wf-outputs/chkp/wfe_study_resx3_bis/chkp_callback_poly_wfe_study_resx3_128_bis_4_cycle1
63/63 - 155s - loss: 1.0141e-06 - mean_squared_error: 1.3724e-06 - val_loss: 5.7845e-08 - val_mean_squared_error: 5.7845e-08 - 155s/epoch - 2s/step
Epoch 13/100

Epoch 00013: mean_squared_error improved from 0.00000 to 0.00000, saving model to /gpfswork/rech/ynx/ulx23va/repo/wf-SEDs/model_WFE_size/wf-outputs/chkp/wfe_study_resx3_bis/chkp_callback_poly_wfe_study_resx3_128_bis_4_cycle1
63/63 - 154s - loss: 1.0078e-06 - mean_squared_error: 1.3666e-06 - val_loss: 5.4752e-08 - val_mean_squared_error: 5.4752e-08 - 154s/epoch - 2s/step
Epoch 14/100

Epoch 00014: mean_squared_error improved from 0.00000 to 0.00000, saving model to /gpfswork/rech/ynx/ulx23va/repo/wf-SEDs/model_WFE_size/wf-outputs/chkp/wfe_study_resx3_bis/chkp_callback_poly_wfe_study_resx3_128_bis_4_cycle1
63/63 - 154s - loss: 1.0027e-06 - mean_squared_error: 1.3617e-06 - val_loss: 4.9041e-08 - val_mean_squared_error: 4.9041e-08 - 154s/epoch - 2s/step
Epoch 15/100

Epoch 00015: mean_squared_error improved from 0.00000 to 0.00000, saving model to /gpfswork/rech/ynx/ulx23va/repo/wf-SEDs/model_WFE_size/wf-outputs/chkp/wfe_study_resx3_bis/chkp_callback_poly_wfe_study_resx3_128_bis_4_cycle1
63/63 - 155s - loss: 1.0011e-06 - mean_squared_error: 1.3599e-06 - val_loss: 4.5385e-08 - val_mean_squared_error: 4.5385e-08 - 155s/epoch - 2s/step
Epoch 16/100

Epoch 00016: mean_squared_error did not improve from 0.00000
63/63 - 155s - loss: 1.0064e-06 - mean_squared_error: 1.3649e-06 - val_loss: 5.1347e-08 - val_mean_squared_error: 5.1347e-08 - 155s/epoch - 2s/step
Epoch 17/100

Epoch 00017: mean_squared_error improved from 0.00000 to 0.00000, saving model to /gpfswork/rech/ynx/ulx23va/repo/wf-SEDs/model_WFE_size/wf-outputs/chkp/wfe_study_resx3_bis/chkp_callback_poly_wfe_study_resx3_128_bis_4_cycle1
63/63 - 155s - loss: 9.9639e-07 - mean_squared_error: 1.3555e-06 - val_loss: 4.0368e-08 - val_mean_squared_error: 4.0368e-08 - 155s/epoch - 2s/step
Epoch 18/100

Epoch 00018: mean_squared_error improved from 0.00000 to 0.00000, saving model to /gpfswork/rech/ynx/ulx23va/repo/wf-SEDs/model_WFE_size/wf-outputs/chkp/wfe_study_resx3_bis/chkp_callback_poly_wfe_study_resx3_128_bis_4_cycle1
63/63 - 154s - loss: 9.9049e-07 - mean_squared_error: 1.3502e-06 - val_loss: 4.0123e-08 - val_mean_squared_error: 4.0123e-08 - 154s/epoch - 2s/step
Epoch 19/100

Epoch 00019: mean_squared_error improved from 0.00000 to 0.00000, saving model to /gpfswork/rech/ynx/ulx23va/repo/wf-SEDs/model_WFE_size/wf-outputs/chkp/wfe_study_resx3_bis/chkp_callback_poly_wfe_study_resx3_128_bis_4_cycle1
63/63 - 156s - loss: 9.8705e-07 - mean_squared_error: 1.3472e-06 - val_loss: 3.2090e-08 - val_mean_squared_error: 3.2090e-08 - 156s/epoch - 2s/step
Epoch 20/100

Epoch 00020: mean_squared_error improved from 0.00000 to 0.00000, saving model to /gpfswork/rech/ynx/ulx23va/repo/wf-SEDs/model_WFE_size/wf-outputs/chkp/wfe_study_resx3_bis/chkp_callback_poly_wfe_study_resx3_128_bis_4_cycle1
63/63 - 155s - loss: 9.8276e-07 - mean_squared_error: 1.3431e-06 - val_loss: 2.9240e-08 - val_mean_squared_error: 2.9240e-08 - 155s/epoch - 2s/step
Epoch 21/100

Epoch 00021: mean_squared_error did not improve from 0.00000
63/63 - 154s - loss: 9.8918e-07 - mean_squared_error: 1.3484e-06 - val_loss: 5.4741e-08 - val_mean_squared_error: 5.4741e-08 - 154s/epoch - 2s/step
Epoch 22/100

Epoch 00022: mean_squared_error did not improve from 0.00000
63/63 - 155s - loss: 1.0114e-06 - mean_squared_error: 1.3680e-06 - val_loss: 5.6103e-08 - val_mean_squared_error: 5.6103e-08 - 155s/epoch - 2s/step
Epoch 23/100

Epoch 00023: mean_squared_error did not improve from 0.00000
63/63 - 155s - loss: 1.0100e-06 - mean_squared_error: 1.3666e-06 - val_loss: 4.8150e-08 - val_mean_squared_error: 4.8150e-08 - 155s/epoch - 2s/step
Epoch 24/100

Epoch 00024: mean_squared_error did not improve from 0.00000
63/63 - 155s - loss: 9.8747e-07 - mean_squared_error: 1.3467e-06 - val_loss: 3.0359e-08 - val_mean_squared_error: 3.0359e-08 - 155s/epoch - 2s/step
Epoch 25/100

Epoch 00025: mean_squared_error did not improve from 0.00000
63/63 - 155s - loss: 9.8339e-07 - mean_squared_error: 1.3431e-06 - val_loss: 3.3043e-08 - val_mean_squared_error: 3.3043e-08 - 155s/epoch - 2s/step
Epoch 26/100

Epoch 00026: mean_squared_error improved from 0.00000 to 0.00000, saving model to /gpfswork/rech/ynx/ulx23va/repo/wf-SEDs/model_WFE_size/wf-outputs/chkp/wfe_study_resx3_bis/chkp_callback_poly_wfe_study_resx3_128_bis_4_cycle1
63/63 - 155s - loss: 9.7767e-07 - mean_squared_error: 1.3384e-06 - val_loss: 2.4132e-08 - val_mean_squared_error: 2.4132e-08 - 155s/epoch - 2s/step
Epoch 27/100

Epoch 00027: mean_squared_error did not improve from 0.00000
63/63 - 155s - loss: 9.7855e-07 - mean_squared_error: 1.3386e-06 - val_loss: 2.4007e-08 - val_mean_squared_error: 2.4007e-08 - 155s/epoch - 2s/step
Epoch 28/100

Epoch 00028: mean_squared_error improved from 0.00000 to 0.00000, saving model to /gpfswork/rech/ynx/ulx23va/repo/wf-SEDs/model_WFE_size/wf-outputs/chkp/wfe_study_resx3_bis/chkp_callback_poly_wfe_study_resx3_128_bis_4_cycle1
63/63 - 155s - loss: 9.7333e-07 - mean_squared_error: 1.3343e-06 - val_loss: 2.3171e-08 - val_mean_squared_error: 2.3171e-08 - 155s/epoch - 2s/step
Epoch 29/100

Epoch 00029: mean_squared_error improved from 0.00000 to 0.00000, saving model to /gpfswork/rech/ynx/ulx23va/repo/wf-SEDs/model_WFE_size/wf-outputs/chkp/wfe_study_resx3_bis/chkp_callback_poly_wfe_study_resx3_128_bis_4_cycle1
63/63 - 155s - loss: 9.7202e-07 - mean_squared_error: 1.3332e-06 - val_loss: 2.1370e-08 - val_mean_squared_error: 2.1370e-08 - 155s/epoch - 2s/step
Epoch 30/100

Epoch 00030: mean_squared_error did not improve from 0.00000
63/63 - 155s - loss: 9.7290e-07 - mean_squared_error: 1.3339e-06 - val_loss: 1.9715e-08 - val_mean_squared_error: 1.9715e-08 - 155s/epoch - 2s/step
Epoch 31/100

Epoch 00031: mean_squared_error improved from 0.00000 to 0.00000, saving model to /gpfswork/rech/ynx/ulx23va/repo/wf-SEDs/model_WFE_size/wf-outputs/chkp/wfe_study_resx3_bis/chkp_callback_poly_wfe_study_resx3_128_bis_4_cycle1
63/63 - 155s - loss: 9.6975e-07 - mean_squared_error: 1.3311e-06 - val_loss: 1.7128e-08 - val_mean_squared_error: 1.7128e-08 - 155s/epoch - 2s/step
Epoch 32/100

Epoch 00032: mean_squared_error did not improve from 0.00000
63/63 - 155s - loss: 9.7356e-07 - mean_squared_error: 1.3342e-06 - val_loss: 2.2027e-08 - val_mean_squared_error: 2.2027e-08 - 155s/epoch - 2s/step
Epoch 33/100

Epoch 00033: mean_squared_error did not improve from 0.00000
63/63 - 155s - loss: 9.7283e-07 - mean_squared_error: 1.3335e-06 - val_loss: 2.0006e-08 - val_mean_squared_error: 2.0006e-08 - 155s/epoch - 2s/step
Epoch 34/100

Epoch 00034: mean_squared_error improved from 0.00000 to 0.00000, saving model to /gpfswork/rech/ynx/ulx23va/repo/wf-SEDs/model_WFE_size/wf-outputs/chkp/wfe_study_resx3_bis/chkp_callback_poly_wfe_study_resx3_128_bis_4_cycle1
63/63 - 155s - loss: 9.6917e-07 - mean_squared_error: 1.3303e-06 - val_loss: 1.8470e-08 - val_mean_squared_error: 1.8470e-08 - 155s/epoch - 2s/step
Epoch 35/100

Epoch 00035: mean_squared_error did not improve from 0.00000
63/63 - 155s - loss: 9.8536e-07 - mean_squared_error: 1.3435e-06 - val_loss: 4.8029e-08 - val_mean_squared_error: 4.8029e-08 - 155s/epoch - 2s/step
Epoch 36/100

Epoch 00036: mean_squared_error did not improve from 0.00000
63/63 - 155s - loss: 9.7740e-07 - mean_squared_error: 1.3383e-06 - val_loss: 1.6969e-08 - val_mean_squared_error: 1.6969e-08 - 155s/epoch - 2s/step
Epoch 37/100

Epoch 00037: mean_squared_error did not improve from 0.00000
63/63 - 155s - loss: 9.7148e-07 - mean_squared_error: 1.3319e-06 - val_loss: 1.5885e-08 - val_mean_squared_error: 1.5885e-08 - 155s/epoch - 2s/step
Epoch 38/100

Epoch 00038: mean_squared_error improved from 0.00000 to 0.00000, saving model to /gpfswork/rech/ynx/ulx23va/repo/wf-SEDs/model_WFE_size/wf-outputs/chkp/wfe_study_resx3_bis/chkp_callback_poly_wfe_study_resx3_128_bis_4_cycle1
63/63 - 155s - loss: 9.6816e-07 - mean_squared_error: 1.3292e-06 - val_loss: 1.6585e-08 - val_mean_squared_error: 1.6585e-08 - 155s/epoch - 2s/step
Epoch 39/100

Epoch 00039: mean_squared_error improved from 0.00000 to 0.00000, saving model to /gpfswork/rech/ynx/ulx23va/repo/wf-SEDs/model_WFE_size/wf-outputs/chkp/wfe_study_resx3_bis/chkp_callback_poly_wfe_study_resx3_128_bis_4_cycle1
63/63 - 155s - loss: 9.6541e-07 - mean_squared_error: 1.3270e-06 - val_loss: 1.4510e-08 - val_mean_squared_error: 1.4510e-08 - 155s/epoch - 2s/step
Epoch 40/100

Epoch 00040: mean_squared_error did not improve from 0.00000
63/63 - 155s - loss: 9.6684e-07 - mean_squared_error: 1.3282e-06 - val_loss: 1.5638e-08 - val_mean_squared_error: 1.5638e-08 - 155s/epoch - 2s/step
Epoch 41/100

Epoch 00041: mean_squared_error did not improve from 0.00000
63/63 - 155s - loss: 9.6883e-07 - mean_squared_error: 1.3299e-06 - val_loss: 1.7075e-08 - val_mean_squared_error: 1.7075e-08 - 155s/epoch - 2s/step
Epoch 42/100

Epoch 00042: mean_squared_error did not improve from 0.00000
63/63 - 155s - loss: 9.7467e-07 - mean_squared_error: 1.3343e-06 - val_loss: 4.4215e-08 - val_mean_squared_error: 4.4215e-08 - 155s/epoch - 2s/step
Epoch 43/100

Epoch 00043: mean_squared_error did not improve from 0.00000
63/63 - 155s - loss: 1.0077e-06 - mean_squared_error: 1.3634e-06 - val_loss: 4.5024e-08 - val_mean_squared_error: 4.5024e-08 - 155s/epoch - 2s/step
Epoch 44/100

Epoch 00044: mean_squared_error did not improve from 0.00000
63/63 - 155s - loss: 9.7941e-07 - mean_squared_error: 1.3386e-06 - val_loss: 1.9361e-08 - val_mean_squared_error: 1.9361e-08 - 155s/epoch - 2s/step
Epoch 45/100

Epoch 00045: mean_squared_error did not improve from 0.00000
63/63 - 155s - loss: 9.6810e-07 - mean_squared_error: 1.3294e-06 - val_loss: 1.8868e-08 - val_mean_squared_error: 1.8868e-08 - 155s/epoch - 2s/step
Epoch 46/100

Epoch 00046: mean_squared_error did not improve from 0.00000
63/63 - 155s - loss: 9.6647e-07 - mean_squared_error: 1.3276e-06 - val_loss: 1.6202e-08 - val_mean_squared_error: 1.6202e-08 - 155s/epoch - 2s/step
Epoch 47/100

Epoch 00047: mean_squared_error improved from 0.00000 to 0.00000, saving model to /gpfswork/rech/ynx/ulx23va/repo/wf-SEDs/model_WFE_size/wf-outputs/chkp/wfe_study_resx3_bis/chkp_callback_poly_wfe_study_resx3_128_bis_4_cycle1
63/63 - 155s - loss: 9.6451e-07 - mean_squared_error: 1.3262e-06 - val_loss: 1.4256e-08 - val_mean_squared_error: 1.4256e-08 - 155s/epoch - 2s/step
Epoch 48/100

Epoch 00048: mean_squared_error did not improve from 0.00000
63/63 - 155s - loss: 9.6891e-07 - mean_squared_error: 1.3296e-06 - val_loss: 1.5762e-08 - val_mean_squared_error: 1.5762e-08 - 155s/epoch - 2s/step
Epoch 49/100

Epoch 00049: mean_squared_error did not improve from 0.00000
63/63 - 155s - loss: 9.6565e-07 - mean_squared_error: 1.3269e-06 - val_loss: 1.6312e-08 - val_mean_squared_error: 1.6312e-08 - 155s/epoch - 2s/step
Epoch 50/100

Epoch 00050: mean_squared_error did not improve from 0.00000
63/63 - 155s - loss: 9.6506e-07 - mean_squared_error: 1.3267e-06 - val_loss: 1.4215e-08 - val_mean_squared_error: 1.4215e-08 - 155s/epoch - 2s/step
Epoch 51/100

Epoch 00051: mean_squared_error improved from 0.00000 to 0.00000, saving model to /gpfswork/rech/ynx/ulx23va/repo/wf-SEDs/model_WFE_size/wf-outputs/chkp/wfe_study_resx3_bis/chkp_callback_poly_wfe_study_resx3_128_bis_4_cycle1
63/63 - 155s - loss: 9.6275e-07 - mean_squared_error: 1.3245e-06 - val_loss: 1.2065e-08 - val_mean_squared_error: 1.2065e-08 - 155s/epoch - 2s/step
Epoch 52/100

Epoch 00052: mean_squared_error improved from 0.00000 to 0.00000, saving model to /gpfswork/rech/ynx/ulx23va/repo/wf-SEDs/model_WFE_size/wf-outputs/chkp/wfe_study_resx3_bis/chkp_callback_poly_wfe_study_resx3_128_bis_4_cycle1
63/63 - 155s - loss: 9.6142e-07 - mean_squared_error: 1.3234e-06 - val_loss: 1.1573e-08 - val_mean_squared_error: 1.1573e-08 - 155s/epoch - 2s/step
Epoch 53/100

Epoch 00053: mean_squared_error did not improve from 0.00000
63/63 - 155s - loss: 9.6328e-07 - mean_squared_error: 1.3247e-06 - val_loss: 1.3445e-08 - val_mean_squared_error: 1.3445e-08 - 155s/epoch - 2s/step
Epoch 54/100

Epoch 00054: mean_squared_error did not improve from 0.00000
63/63 - 155s - loss: 9.6450e-07 - mean_squared_error: 1.3258e-06 - val_loss: 1.1921e-08 - val_mean_squared_error: 1.1921e-08 - 155s/epoch - 2s/step
Epoch 55/100

Epoch 00055: mean_squared_error did not improve from 0.00000
63/63 - 155s - loss: 9.6284e-07 - mean_squared_error: 1.3244e-06 - val_loss: 1.4581e-08 - val_mean_squared_error: 1.4581e-08 - 155s/epoch - 2s/step
Epoch 56/100

Epoch 00056: mean_squared_error did not improve from 0.00000
63/63 - 155s - loss: 9.7144e-07 - mean_squared_error: 1.3319e-06 - val_loss: 2.5550e-08 - val_mean_squared_error: 2.5550e-08 - 155s/epoch - 2s/step
Epoch 57/100

Epoch 00057: mean_squared_error did not improve from 0.00000
63/63 - 155s - loss: 9.9230e-07 - mean_squared_error: 1.3490e-06 - val_loss: 1.4343e-08 - val_mean_squared_error: 1.4343e-08 - 155s/epoch - 2s/step
Epoch 58/100

Epoch 00058: mean_squared_error did not improve from 0.00000
63/63 - 155s - loss: 9.6680e-07 - mean_squared_error: 1.3275e-06 - val_loss: 1.2583e-08 - val_mean_squared_error: 1.2583e-08 - 155s/epoch - 2s/step
Epoch 59/100

Epoch 00059: mean_squared_error did not improve from 0.00000
63/63 - 155s - loss: 9.6177e-07 - mean_squared_error: 1.3235e-06 - val_loss: 1.1899e-08 - val_mean_squared_error: 1.1899e-08 - 155s/epoch - 2s/step
Epoch 60/100

Epoch 00060: mean_squared_error did not improve from 0.00000
63/63 - 154s - loss: 9.6198e-07 - mean_squared_error: 1.3236e-06 - val_loss: 1.1871e-08 - val_mean_squared_error: 1.1871e-08 - 154s/epoch - 2s/step
Epoch 61/100

Epoch 00061: mean_squared_error improved from 0.00000 to 0.00000, saving model to /gpfswork/rech/ynx/ulx23va/repo/wf-SEDs/model_WFE_size/wf-outputs/chkp/wfe_study_resx3_bis/chkp_callback_poly_wfe_study_resx3_128_bis_4_cycle1
63/63 - 155s - loss: 9.6081e-07 - mean_squared_error: 1.3227e-06 - val_loss: 1.1650e-08 - val_mean_squared_error: 1.1650e-08 - 155s/epoch - 2s/step
Epoch 62/100

Epoch 00062: mean_squared_error improved from 0.00000 to 0.00000, saving model to /gpfswork/rech/ynx/ulx23va/repo/wf-SEDs/model_WFE_size/wf-outputs/chkp/wfe_study_resx3_bis/chkp_callback_poly_wfe_study_resx3_128_bis_4_cycle1
63/63 - 155s - loss: 9.6066e-07 - mean_squared_error: 1.3226e-06 - val_loss: 1.1081e-08 - val_mean_squared_error: 1.1081e-08 - 155s/epoch - 2s/step
Epoch 63/100

Epoch 00063: mean_squared_error did not improve from 0.00000
63/63 - 154s - loss: 9.6120e-07 - mean_squared_error: 1.3229e-06 - val_loss: 1.1304e-08 - val_mean_squared_error: 1.1304e-08 - 154s/epoch - 2s/step
Epoch 64/100

Epoch 00064: mean_squared_error improved from 0.00000 to 0.00000, saving model to /gpfswork/rech/ynx/ulx23va/repo/wf-SEDs/model_WFE_size/wf-outputs/chkp/wfe_study_resx3_bis/chkp_callback_poly_wfe_study_resx3_128_bis_4_cycle1
63/63 - 155s - loss: 9.5938e-07 - mean_squared_error: 1.3214e-06 - val_loss: 1.0483e-08 - val_mean_squared_error: 1.0483e-08 - 155s/epoch - 2s/step
Epoch 65/100

Epoch 00065: mean_squared_error did not improve from 0.00000
63/63 - 155s - loss: 9.6320e-07 - mean_squared_error: 1.3243e-06 - val_loss: 1.6274e-08 - val_mean_squared_error: 1.6274e-08 - 155s/epoch - 2s/step
Epoch 66/100

Epoch 00066: mean_squared_error did not improve from 0.00000
63/63 - 155s - loss: 9.6216e-07 - mean_squared_error: 1.3237e-06 - val_loss: 1.1219e-08 - val_mean_squared_error: 1.1219e-08 - 155s/epoch - 2s/step
Epoch 67/100

Epoch 00067: mean_squared_error did not improve from 0.00000
63/63 - 155s - loss: 9.6209e-07 - mean_squared_error: 1.3234e-06 - val_loss: 2.0515e-08 - val_mean_squared_error: 2.0515e-08 - 155s/epoch - 2s/step
Epoch 68/100

Epoch 00068: mean_squared_error did not improve from 0.00000
63/63 - 155s - loss: 9.6503e-07 - mean_squared_error: 1.3261e-06 - val_loss: 1.3766e-08 - val_mean_squared_error: 1.3766e-08 - 155s/epoch - 2s/step
Epoch 69/100

Epoch 00069: mean_squared_error did not improve from 0.00000
63/63 - 155s - loss: 9.6249e-07 - mean_squared_error: 1.3239e-06 - val_loss: 1.3477e-08 - val_mean_squared_error: 1.3477e-08 - 155s/epoch - 2s/step
Epoch 70/100

Epoch 00070: mean_squared_error did not improve from 0.00000
63/63 - 155s - loss: 9.6071e-07 - mean_squared_error: 1.3226e-06 - val_loss: 1.0504e-08 - val_mean_squared_error: 1.0504e-08 - 155s/epoch - 2s/step
Epoch 71/100

Epoch 00071: mean_squared_error did not improve from 0.00000
63/63 - 155s - loss: 9.6240e-07 - mean_squared_error: 1.3240e-06 - val_loss: 1.1749e-08 - val_mean_squared_error: 1.1749e-08 - 155s/epoch - 2s/step
Epoch 72/100

Epoch 00072: mean_squared_error did not improve from 0.00000
63/63 - 155s - loss: 9.6274e-07 - mean_squared_error: 1.3238e-06 - val_loss: 1.3707e-08 - val_mean_squared_error: 1.3707e-08 - 155s/epoch - 2s/step
Epoch 73/100

Epoch 00073: mean_squared_error did not improve from 0.00000
63/63 - 155s - loss: 9.6134e-07 - mean_squared_error: 1.3230e-06 - val_loss: 9.8569e-09 - val_mean_squared_error: 9.8569e-09 - 155s/epoch - 2s/step
Epoch 74/100

Epoch 00074: mean_squared_error did not improve from 0.00000
63/63 - 155s - loss: 9.6036e-07 - mean_squared_error: 1.3222e-06 - val_loss: 1.1051e-08 - val_mean_squared_error: 1.1051e-08 - 155s/epoch - 2s/step
Epoch 75/100

Epoch 00075: mean_squared_error improved from 0.00000 to 0.00000, saving model to /gpfswork/rech/ynx/ulx23va/repo/wf-SEDs/model_WFE_size/wf-outputs/chkp/wfe_study_resx3_bis/chkp_callback_poly_wfe_study_resx3_128_bis_4_cycle1
63/63 - 155s - loss: 9.5953e-07 - mean_squared_error: 1.3213e-06 - val_loss: 9.9366e-09 - val_mean_squared_error: 9.9366e-09 - 155s/epoch - 2s/step
Epoch 76/100

Epoch 00076: mean_squared_error did not improve from 0.00000
63/63 - 155s - loss: 9.6013e-07 - mean_squared_error: 1.3220e-06 - val_loss: 1.6979e-08 - val_mean_squared_error: 1.6979e-08 - 155s/epoch - 2s/step
Epoch 77/100

Epoch 00077: mean_squared_error did not improve from 0.00000
63/63 - 155s - loss: 9.6035e-07 - mean_squared_error: 1.3221e-06 - val_loss: 1.0187e-08 - val_mean_squared_error: 1.0187e-08 - 155s/epoch - 2s/step
Epoch 78/100

Epoch 00078: mean_squared_error improved from 0.00000 to 0.00000, saving model to /gpfswork/rech/ynx/ulx23va/repo/wf-SEDs/model_WFE_size/wf-outputs/chkp/wfe_study_resx3_bis/chkp_callback_poly_wfe_study_resx3_128_bis_4_cycle1
63/63 - 155s - loss: 9.5850e-07 - mean_squared_error: 1.3205e-06 - val_loss: 1.1917e-08 - val_mean_squared_error: 1.1917e-08 - 155s/epoch - 2s/step
Epoch 79/100

Epoch 00079: mean_squared_error did not improve from 0.00000
63/63 - 155s - loss: 9.6550e-07 - mean_squared_error: 1.3260e-06 - val_loss: 3.7839e-08 - val_mean_squared_error: 3.7839e-08 - 155s/epoch - 2s/step
Epoch 80/100

Epoch 00080: mean_squared_error did not improve from 0.00000
63/63 - 156s - loss: 9.8067e-07 - mean_squared_error: 1.3384e-06 - val_loss: 1.5650e-08 - val_mean_squared_error: 1.5650e-08 - 156s/epoch - 2s/step
Epoch 81/100

Epoch 00081: mean_squared_error did not improve from 0.00000
63/63 - 155s - loss: 9.6635e-07 - mean_squared_error: 1.3267e-06 - val_loss: 1.3877e-08 - val_mean_squared_error: 1.3877e-08 - 155s/epoch - 2s/step
Epoch 82/100

Epoch 00082: mean_squared_error did not improve from 0.00000
63/63 - 155s - loss: 9.5923e-07 - mean_squared_error: 1.3211e-06 - val_loss: 9.0248e-09 - val_mean_squared_error: 9.0248e-09 - 155s/epoch - 2s/step
Epoch 83/100

Epoch 00083: mean_squared_error did not improve from 0.00000
63/63 - 156s - loss: 9.6143e-07 - mean_squared_error: 1.3232e-06 - val_loss: 1.2767e-08 - val_mean_squared_error: 1.2767e-08 - 156s/epoch - 2s/step
Epoch 84/100

Epoch 00084: mean_squared_error did not improve from 0.00000
63/63 - 156s - loss: 9.5881e-07 - mean_squared_error: 1.3208e-06 - val_loss: 9.1907e-09 - val_mean_squared_error: 9.1907e-09 - 156s/epoch - 2s/step
Epoch 85/100

Epoch 00085: mean_squared_error improved from 0.00000 to 0.00000, saving model to /gpfswork/rech/ynx/ulx23va/repo/wf-SEDs/model_WFE_size/wf-outputs/chkp/wfe_study_resx3_bis/chkp_callback_poly_wfe_study_resx3_128_bis_4_cycle1
63/63 - 156s - loss: 9.5824e-07 - mean_squared_error: 1.3203e-06 - val_loss: 1.0621e-08 - val_mean_squared_error: 1.0621e-08 - 156s/epoch - 2s/step
Epoch 86/100

Epoch 00086: mean_squared_error did not improve from 0.00000
63/63 - 155s - loss: 9.6093e-07 - mean_squared_error: 1.3229e-06 - val_loss: 1.1260e-08 - val_mean_squared_error: 1.1260e-08 - 155s/epoch - 2s/step
Epoch 87/100

Epoch 00087: mean_squared_error did not improve from 0.00000
63/63 - 155s - loss: 9.5840e-07 - mean_squared_error: 1.3204e-06 - val_loss: 9.3072e-09 - val_mean_squared_error: 9.3072e-09 - 155s/epoch - 2s/step
Epoch 88/100

Epoch 00088: mean_squared_error did not improve from 0.00000
63/63 - 155s - loss: 9.5839e-07 - mean_squared_error: 1.3204e-06 - val_loss: 8.9758e-09 - val_mean_squared_error: 8.9758e-09 - 155s/epoch - 2s/step
Epoch 89/100

Epoch 00089: mean_squared_error improved from 0.00000 to 0.00000, saving model to /gpfswork/rech/ynx/ulx23va/repo/wf-SEDs/model_WFE_size/wf-outputs/chkp/wfe_study_resx3_bis/chkp_callback_poly_wfe_study_resx3_128_bis_4_cycle1
63/63 - 155s - loss: 9.5784e-07 - mean_squared_error: 1.3199e-06 - val_loss: 8.7386e-09 - val_mean_squared_error: 8.7386e-09 - 155s/epoch - 2s/step
Epoch 90/100

Epoch 00090: mean_squared_error did not improve from 0.00000
63/63 - 155s - loss: 9.5801e-07 - mean_squared_error: 1.3201e-06 - val_loss: 9.8010e-09 - val_mean_squared_error: 9.8010e-09 - 155s/epoch - 2s/step
Epoch 91/100

Epoch 00091: mean_squared_error did not improve from 0.00000
63/63 - 155s - loss: 9.5893e-07 - mean_squared_error: 1.3209e-06 - val_loss: 9.6654e-09 - val_mean_squared_error: 9.6654e-09 - 155s/epoch - 2s/step
Epoch 92/100

Epoch 00092: mean_squared_error did not improve from 0.00000
63/63 - 155s - loss: 9.5839e-07 - mean_squared_error: 1.3202e-06 - val_loss: 1.0619e-08 - val_mean_squared_error: 1.0619e-08 - 155s/epoch - 2s/step
Epoch 93/100

Epoch 00093: mean_squared_error did not improve from 0.00000
63/63 - 155s - loss: 9.5954e-07 - mean_squared_error: 1.3214e-06 - val_loss: 1.7822e-08 - val_mean_squared_error: 1.7822e-08 - 155s/epoch - 2s/step
Epoch 94/100

Epoch 00094: mean_squared_error did not improve from 0.00000
63/63 - 155s - loss: 9.6406e-07 - mean_squared_error: 1.3255e-06 - val_loss: 9.9933e-09 - val_mean_squared_error: 9.9933e-09 - 155s/epoch - 2s/step
Epoch 95/100

Epoch 00095: mean_squared_error did not improve from 0.00000
63/63 - 155s - loss: 9.5993e-07 - mean_squared_error: 1.3218e-06 - val_loss: 1.0315e-08 - val_mean_squared_error: 1.0315e-08 - 155s/epoch - 2s/step
Epoch 96/100

Epoch 00096: mean_squared_error did not improve from 0.00000
63/63 - 155s - loss: 9.5860e-07 - mean_squared_error: 1.3205e-06 - val_loss: 1.1872e-08 - val_mean_squared_error: 1.1872e-08 - 155s/epoch - 2s/step
Epoch 97/100

Epoch 00097: mean_squared_error did not improve from 0.00000
63/63 - 155s - loss: 9.5839e-07 - mean_squared_error: 1.3204e-06 - val_loss: 8.7857e-09 - val_mean_squared_error: 8.7857e-09 - 155s/epoch - 2s/step
Epoch 98/100

Epoch 00098: mean_squared_error improved from 0.00000 to 0.00000, saving model to /gpfswork/rech/ynx/ulx23va/repo/wf-SEDs/model_WFE_size/wf-outputs/chkp/wfe_study_resx3_bis/chkp_callback_poly_wfe_study_resx3_128_bis_4_cycle1
63/63 - 155s - loss: 9.5725e-07 - mean_squared_error: 1.3195e-06 - val_loss: 1.0118e-08 - val_mean_squared_error: 1.0118e-08 - 155s/epoch - 2s/step
Epoch 99/100

Epoch 00099: mean_squared_error did not improve from 0.00000
63/63 - 154s - loss: 9.5866e-07 - mean_squared_error: 1.3202e-06 - val_loss: 1.8107e-08 - val_mean_squared_error: 1.8107e-08 - 154s/epoch - 2s/step
Epoch 100/100

Epoch 00100: mean_squared_error did not improve from 0.00000
63/63 - 154s - loss: 9.6570e-07 - mean_squared_error: 1.3266e-06 - val_loss: 2.2416e-08 - val_mean_squared_error: 2.2416e-08 - 154s/epoch - 2s/step
Cycle1 elapsed time: 17915.017596
Starting cycle 2..
Starting parametric update..
Epoch 1/15

Epoch 00001: mean_squared_error improved from inf to 0.00000, saving model to /gpfswork/rech/ynx/ulx23va/repo/wf-SEDs/model_WFE_size/wf-outputs/chkp/wfe_study_resx3_bis/chkp_callback_poly_wfe_study_resx3_128_bis_4_cycle2
63/63 - 153s - loss: 9.6197e-07 - mean_squared_error: 1.3235e-06 - val_loss: 1.1351e-08 - val_mean_squared_error: 1.1351e-08 - 153s/epoch - 2s/step
Epoch 2/15

Epoch 00002: mean_squared_error improved from 0.00000 to 0.00000, saving model to /gpfswork/rech/ynx/ulx23va/repo/wf-SEDs/model_WFE_size/wf-outputs/chkp/wfe_study_resx3_bis/chkp_callback_poly_wfe_study_resx3_128_bis_4_cycle2
63/63 - 150s - loss: 9.6042e-07 - mean_squared_error: 1.3221e-06 - val_loss: 1.0844e-08 - val_mean_squared_error: 1.0844e-08 - 150s/epoch - 2s/step
Epoch 3/15

Epoch 00003: mean_squared_error improved from 0.00000 to 0.00000, saving model to /gpfswork/rech/ynx/ulx23va/repo/wf-SEDs/model_WFE_size/wf-outputs/chkp/wfe_study_resx3_bis/chkp_callback_poly_wfe_study_resx3_128_bis_4_cycle2
63/63 - 151s - loss: 9.5970e-07 - mean_squared_error: 1.3215e-06 - val_loss: 1.1363e-08 - val_mean_squared_error: 1.1363e-08 - 151s/epoch - 2s/step
Epoch 4/15

Epoch 00004: mean_squared_error did not improve from 0.00000
63/63 - 150s - loss: 9.6273e-07 - mean_squared_error: 1.3242e-06 - val_loss: 1.7027e-08 - val_mean_squared_error: 1.7027e-08 - 150s/epoch - 2s/step
Epoch 5/15

Epoch 00005: mean_squared_error did not improve from 0.00000
63/63 - 150s - loss: 9.6728e-07 - mean_squared_error: 1.3281e-06 - val_loss: 1.8068e-08 - val_mean_squared_error: 1.8068e-08 - 150s/epoch - 2s/step
Epoch 6/15

Epoch 00006: mean_squared_error did not improve from 0.00000
63/63 - 151s - loss: 9.6555e-07 - mean_squared_error: 1.3268e-06 - val_loss: 1.5460e-08 - val_mean_squared_error: 1.5460e-08 - 151s/epoch - 2s/step
Epoch 7/15

Epoch 00007: mean_squared_error did not improve from 0.00000
63/63 - 150s - loss: 9.6262e-07 - mean_squared_error: 1.3242e-06 - val_loss: 1.3230e-08 - val_mean_squared_error: 1.3230e-08 - 150s/epoch - 2s/step
Epoch 8/15

Epoch 00008: mean_squared_error did not improve from 0.00000
63/63 - 150s - loss: 9.6518e-07 - mean_squared_error: 1.3266e-06 - val_loss: 1.9288e-08 - val_mean_squared_error: 1.9288e-08 - 150s/epoch - 2s/step
Epoch 9/15

Epoch 00009: mean_squared_error did not improve from 0.00000
63/63 - 151s - loss: 9.8897e-07 - mean_squared_error: 1.3439e-06 - val_loss: 2.3105e-07 - val_mean_squared_error: 2.3105e-07 - 151s/epoch - 2s/step
Epoch 10/15

Epoch 00010: mean_squared_error did not improve from 0.00000
63/63 - 150s - loss: 1.0451e-06 - mean_squared_error: 1.3907e-06 - val_loss: 1.9405e-08 - val_mean_squared_error: 1.9405e-08 - 150s/epoch - 2s/step
Epoch 11/15

Epoch 00011: mean_squared_error did not improve from 0.00000
63/63 - 150s - loss: 9.6888e-07 - mean_squared_error: 1.3291e-06 - val_loss: 2.6678e-08 - val_mean_squared_error: 2.6678e-08 - 150s/epoch - 2s/step
Epoch 12/15

Epoch 00012: mean_squared_error did not improve from 0.00000
63/63 - 151s - loss: 9.6859e-07 - mean_squared_error: 1.3297e-06 - val_loss: 1.3752e-08 - val_mean_squared_error: 1.3752e-08 - 151s/epoch - 2s/step
Epoch 13/15

Epoch 00013: mean_squared_error did not improve from 0.00000
63/63 - 150s - loss: 9.6321e-07 - mean_squared_error: 1.3248e-06 - val_loss: 1.8363e-08 - val_mean_squared_error: 1.8363e-08 - 150s/epoch - 2s/step
Epoch 14/15

Epoch 00014: mean_squared_error did not improve from 0.00000
63/63 - 150s - loss: 9.6616e-07 - mean_squared_error: 1.3276e-06 - val_loss: 2.8054e-08 - val_mean_squared_error: 2.8054e-08 - 150s/epoch - 2s/step
Epoch 15/15

Epoch 00015: mean_squared_error did not improve from 0.00000
63/63 - 151s - loss: 9.7450e-07 - mean_squared_error: 1.3350e-06 - val_loss: 2.1302e-08 - val_mean_squared_error: 2.1302e-08 - 151s/epoch - 2s/step
Starting non-parametric update..
Epoch 1/50

Epoch 00001: mean_squared_error did not improve from 0.00000
63/63 - 158s - loss: 9.5967e-07 - mean_squared_error: 1.3215e-06 - val_loss: 8.0910e-09 - val_mean_squared_error: 8.0910e-09 - 158s/epoch - 3s/step
Epoch 2/50

Epoch 00002: mean_squared_error improved from 0.00000 to 0.00000, saving model to /gpfswork/rech/ynx/ulx23va/repo/wf-SEDs/model_WFE_size/wf-outputs/chkp/wfe_study_resx3_bis/chkp_callback_poly_wfe_study_resx3_128_bis_4_cycle2
63/63 - 155s - loss: 9.5470e-07 - mean_squared_error: 1.3172e-06 - val_loss: 7.1475e-09 - val_mean_squared_error: 7.1475e-09 - 155s/epoch - 2s/step
Epoch 3/50

Epoch 00003: mean_squared_error improved from 0.00000 to 0.00000, saving model to /gpfswork/rech/ynx/ulx23va/repo/wf-SEDs/model_WFE_size/wf-outputs/chkp/wfe_study_resx3_bis/chkp_callback_poly_wfe_study_resx3_128_bis_4_cycle2
63/63 - 155s - loss: 9.5424e-07 - mean_squared_error: 1.3168e-06 - val_loss: 6.8512e-09 - val_mean_squared_error: 6.8512e-09 - 155s/epoch - 2s/step
Epoch 4/50

Epoch 00004: mean_squared_error improved from 0.00000 to 0.00000, saving model to /gpfswork/rech/ynx/ulx23va/repo/wf-SEDs/model_WFE_size/wf-outputs/chkp/wfe_study_resx3_bis/chkp_callback_poly_wfe_study_resx3_128_bis_4_cycle2
63/63 - 155s - loss: 9.5408e-07 - mean_squared_error: 1.3166e-06 - val_loss: 6.8023e-09 - val_mean_squared_error: 6.8023e-09 - 155s/epoch - 2s/step
Epoch 5/50

Epoch 00005: mean_squared_error improved from 0.00000 to 0.00000, saving model to /gpfswork/rech/ynx/ulx23va/repo/wf-SEDs/model_WFE_size/wf-outputs/chkp/wfe_study_resx3_bis/chkp_callback_poly_wfe_study_resx3_128_bis_4_cycle2
63/63 - 154s - loss: 9.5405e-07 - mean_squared_error: 1.3166e-06 - val_loss: 7.0697e-09 - val_mean_squared_error: 7.0697e-09 - 154s/epoch - 2s/step
Epoch 6/50

Epoch 00006: mean_squared_error improved from 0.00000 to 0.00000, saving model to /gpfswork/rech/ynx/ulx23va/repo/wf-SEDs/model_WFE_size/wf-outputs/chkp/wfe_study_resx3_bis/chkp_callback_poly_wfe_study_resx3_128_bis_4_cycle2
63/63 - 154s - loss: 9.5399e-07 - mean_squared_error: 1.3166e-06 - val_loss: 6.7023e-09 - val_mean_squared_error: 6.7023e-09 - 154s/epoch - 2s/step
Epoch 7/50

Epoch 00007: mean_squared_error improved from 0.00000 to 0.00000, saving model to /gpfswork/rech/ynx/ulx23va/repo/wf-SEDs/model_WFE_size/wf-outputs/chkp/wfe_study_resx3_bis/chkp_callback_poly_wfe_study_resx3_128_bis_4_cycle2
63/63 - 154s - loss: 9.5396e-07 - mean_squared_error: 1.3165e-06 - val_loss: 6.7732e-09 - val_mean_squared_error: 6.7732e-09 - 154s/epoch - 2s/step
Epoch 8/50

Epoch 00008: mean_squared_error did not improve from 0.00000
63/63 - 154s - loss: 9.5394e-07 - mean_squared_error: 1.3165e-06 - val_loss: 6.6611e-09 - val_mean_squared_error: 6.6611e-09 - 154s/epoch - 2s/step
Epoch 9/50

Epoch 00009: mean_squared_error did not improve from 0.00000
63/63 - 154s - loss: 9.5394e-07 - mean_squared_error: 1.3165e-06 - val_loss: 6.7787e-09 - val_mean_squared_error: 6.7787e-09 - 154s/epoch - 2s/step
Epoch 10/50

Epoch 00010: mean_squared_error did not improve from 0.00000
63/63 - 155s - loss: 9.5402e-07 - mean_squared_error: 1.3166e-06 - val_loss: 6.6310e-09 - val_mean_squared_error: 6.6310e-09 - 155s/epoch - 2s/step
Epoch 11/50

Epoch 00011: mean_squared_error did not improve from 0.00000
63/63 - 155s - loss: 9.5400e-07 - mean_squared_error: 1.3166e-06 - val_loss: 6.8405e-09 - val_mean_squared_error: 6.8405e-09 - 155s/epoch - 2s/step
Epoch 12/50

Epoch 00012: mean_squared_error did not improve from 0.00000
63/63 - 154s - loss: 9.5399e-07 - mean_squared_error: 1.3165e-06 - val_loss: 6.7413e-09 - val_mean_squared_error: 6.7413e-09 - 154s/epoch - 2s/step
Epoch 13/50

Epoch 00013: mean_squared_error did not improve from 0.00000
63/63 - 153s - loss: 9.5397e-07 - mean_squared_error: 1.3165e-06 - val_loss: 6.7359e-09 - val_mean_squared_error: 6.7359e-09 - 153s/epoch - 2s/step
Epoch 14/50

Epoch 00014: mean_squared_error did not improve from 0.00000
63/63 - 154s - loss: 9.5398e-07 - mean_squared_error: 1.3165e-06 - val_loss: 6.6379e-09 - val_mean_squared_error: 6.6379e-09 - 154s/epoch - 2s/step
Epoch 15/50

Epoch 00015: mean_squared_error did not improve from 0.00000
63/63 - 155s - loss: 9.5399e-07 - mean_squared_error: 1.3165e-06 - val_loss: 6.8357e-09 - val_mean_squared_error: 6.8357e-09 - 155s/epoch - 2s/step
Epoch 16/50

Epoch 00016: mean_squared_error improved from 0.00000 to 0.00000, saving model to /gpfswork/rech/ynx/ulx23va/repo/wf-SEDs/model_WFE_size/wf-outputs/chkp/wfe_study_resx3_bis/chkp_callback_poly_wfe_study_resx3_128_bis_4_cycle2
63/63 - 155s - loss: 9.5389e-07 - mean_squared_error: 1.3164e-06 - val_loss: 6.6978e-09 - val_mean_squared_error: 6.6978e-09 - 155s/epoch - 2s/step
Epoch 17/50

Epoch 00017: mean_squared_error improved from 0.00000 to 0.00000, saving model to /gpfswork/rech/ynx/ulx23va/repo/wf-SEDs/model_WFE_size/wf-outputs/chkp/wfe_study_resx3_bis/chkp_callback_poly_wfe_study_resx3_128_bis_4_cycle2
63/63 - 155s - loss: 9.5389e-07 - mean_squared_error: 1.3164e-06 - val_loss: 6.7188e-09 - val_mean_squared_error: 6.7188e-09 - 155s/epoch - 2s/step
Epoch 18/50

Epoch 00018: mean_squared_error did not improve from 0.00000
63/63 - 154s - loss: 9.5386e-07 - mean_squared_error: 1.3164e-06 - val_loss: 6.8279e-09 - val_mean_squared_error: 6.8279e-09 - 154s/epoch - 2s/step
Epoch 19/50

Epoch 00019: mean_squared_error did not improve from 0.00000
63/63 - 154s - loss: 9.5414e-07 - mean_squared_error: 1.3166e-06 - val_loss: 6.6453e-09 - val_mean_squared_error: 6.6453e-09 - 154s/epoch - 2s/step
Epoch 20/50

Epoch 00020: mean_squared_error improved from 0.00000 to 0.00000, saving model to /gpfswork/rech/ynx/ulx23va/repo/wf-SEDs/model_WFE_size/wf-outputs/chkp/wfe_study_resx3_bis/chkp_callback_poly_wfe_study_resx3_128_bis_4_cycle2
63/63 - 154s - loss: 9.5388e-07 - mean_squared_error: 1.3164e-06 - val_loss: 6.5835e-09 - val_mean_squared_error: 6.5835e-09 - 154s/epoch - 2s/step
Epoch 21/50

Epoch 00021: mean_squared_error did not improve from 0.00000
63/63 - 155s - loss: 9.5392e-07 - mean_squared_error: 1.3165e-06 - val_loss: 6.5904e-09 - val_mean_squared_error: 6.5904e-09 - 155s/epoch - 2s/step
Epoch 22/50

Epoch 00022: mean_squared_error improved from 0.00000 to 0.00000, saving model to /gpfswork/rech/ynx/ulx23va/repo/wf-SEDs/model_WFE_size/wf-outputs/chkp/wfe_study_resx3_bis/chkp_callback_poly_wfe_study_resx3_128_bis_4_cycle2
63/63 - 155s - loss: 9.5377e-07 - mean_squared_error: 1.3164e-06 - val_loss: 6.9680e-09 - val_mean_squared_error: 6.9680e-09 - 155s/epoch - 2s/step
Epoch 23/50

Epoch 00023: mean_squared_error improved from 0.00000 to 0.00000, saving model to /gpfswork/rech/ynx/ulx23va/repo/wf-SEDs/model_WFE_size/wf-outputs/chkp/wfe_study_resx3_bis/chkp_callback_poly_wfe_study_resx3_128_bis_4_cycle2
63/63 - 155s - loss: 9.5375e-07 - mean_squared_error: 1.3163e-06 - val_loss: 6.5416e-09 - val_mean_squared_error: 6.5416e-09 - 155s/epoch - 2s/step
Epoch 24/50

Epoch 00024: mean_squared_error did not improve from 0.00000
63/63 - 154s - loss: 9.5401e-07 - mean_squared_error: 1.3165e-06 - val_loss: 6.8314e-09 - val_mean_squared_error: 6.8314e-09 - 154s/epoch - 2s/step
Epoch 25/50

Epoch 00025: mean_squared_error did not improve from 0.00000
63/63 - 154s - loss: 9.5376e-07 - mean_squared_error: 1.3164e-06 - val_loss: 6.8013e-09 - val_mean_squared_error: 6.8013e-09 - 154s/epoch - 2s/step
Epoch 26/50

Epoch 00026: mean_squared_error did not improve from 0.00000
63/63 - 154s - loss: 9.5375e-07 - mean_squared_error: 1.3163e-06 - val_loss: 7.2827e-09 - val_mean_squared_error: 7.2827e-09 - 154s/epoch - 2s/step
Epoch 27/50

Epoch 00027: mean_squared_error did not improve from 0.00000
63/63 - 154s - loss: 9.5373e-07 - mean_squared_error: 1.3163e-06 - val_loss: 6.9883e-09 - val_mean_squared_error: 6.9883e-09 - 154s/epoch - 2s/step
Epoch 28/50

Epoch 00028: mean_squared_error did not improve from 0.00000
63/63 - 154s - loss: 9.5390e-07 - mean_squared_error: 1.3165e-06 - val_loss: 7.0087e-09 - val_mean_squared_error: 7.0087e-09 - 154s/epoch - 2s/step
Epoch 29/50

Epoch 00029: mean_squared_error did not improve from 0.00000
63/63 - 154s - loss: 9.5412e-07 - mean_squared_error: 1.3166e-06 - val_loss: 6.7086e-09 - val_mean_squared_error: 6.7086e-09 - 154s/epoch - 2s/step
Epoch 30/50

Epoch 00030: mean_squared_error did not improve from 0.00000
63/63 - 154s - loss: 9.5377e-07 - mean_squared_error: 1.3163e-06 - val_loss: 6.5335e-09 - val_mean_squared_error: 6.5335e-09 - 154s/epoch - 2s/step
Epoch 31/50

Epoch 00031: mean_squared_error did not improve from 0.00000
63/63 - 155s - loss: 9.5378e-07 - mean_squared_error: 1.3164e-06 - val_loss: 6.6706e-09 - val_mean_squared_error: 6.6706e-09 - 155s/epoch - 2s/step
Epoch 32/50

Epoch 00032: mean_squared_error did not improve from 0.00000
63/63 - 155s - loss: 9.5376e-07 - mean_squared_error: 1.3163e-06 - val_loss: 6.7606e-09 - val_mean_squared_error: 6.7606e-09 - 155s/epoch - 2s/step
Epoch 33/50

Epoch 00033: mean_squared_error did not improve from 0.00000
63/63 - 154s - loss: 9.5374e-07 - mean_squared_error: 1.3163e-06 - val_loss: 6.6536e-09 - val_mean_squared_error: 6.6536e-09 - 154s/epoch - 2s/step
Epoch 34/50

Epoch 00034: mean_squared_error did not improve from 0.00000
63/63 - 154s - loss: 9.5386e-07 - mean_squared_error: 1.3164e-06 - val_loss: 7.3240e-09 - val_mean_squared_error: 7.3240e-09 - 154s/epoch - 2s/step
Epoch 35/50

Epoch 00035: mean_squared_error improved from 0.00000 to 0.00000, saving model to /gpfswork/rech/ynx/ulx23va/repo/wf-SEDs/model_WFE_size/wf-outputs/chkp/wfe_study_resx3_bis/chkp_callback_poly_wfe_study_resx3_128_bis_4_cycle2
63/63 - 154s - loss: 9.5364e-07 - mean_squared_error: 1.3162e-06 - val_loss: 6.7409e-09 - val_mean_squared_error: 6.7409e-09 - 154s/epoch - 2s/step
Epoch 36/50

Epoch 00036: mean_squared_error improved from 0.00000 to 0.00000, saving model to /gpfswork/rech/ynx/ulx23va/repo/wf-SEDs/model_WFE_size/wf-outputs/chkp/wfe_study_resx3_bis/chkp_callback_poly_wfe_study_resx3_128_bis_4_cycle2
63/63 - 154s - loss: 9.5364e-07 - mean_squared_error: 1.3162e-06 - val_loss: 6.8132e-09 - val_mean_squared_error: 6.8132e-09 - 154s/epoch - 2s/step
Epoch 37/50

Epoch 00037: mean_squared_error did not improve from 0.00000
63/63 - 154s - loss: 9.5386e-07 - mean_squared_error: 1.3164e-06 - val_loss: 7.1380e-09 - val_mean_squared_error: 7.1380e-09 - 154s/epoch - 2s/step
Epoch 38/50

Epoch 00038: mean_squared_error improved from 0.00000 to 0.00000, saving model to /gpfswork/rech/ynx/ulx23va/repo/wf-SEDs/model_WFE_size/wf-outputs/chkp/wfe_study_resx3_bis/chkp_callback_poly_wfe_study_resx3_128_bis_4_cycle2
63/63 - 154s - loss: 9.5363e-07 - mean_squared_error: 1.3161e-06 - val_loss: 6.7652e-09 - val_mean_squared_error: 6.7652e-09 - 154s/epoch - 2s/step
Epoch 39/50

Epoch 00039: mean_squared_error improved from 0.00000 to 0.00000, saving model to /gpfswork/rech/ynx/ulx23va/repo/wf-SEDs/model_WFE_size/wf-outputs/chkp/wfe_study_resx3_bis/chkp_callback_poly_wfe_study_resx3_128_bis_4_cycle2
63/63 - 155s - loss: 9.5335e-07 - mean_squared_error: 1.3160e-06 - val_loss: 6.9412e-09 - val_mean_squared_error: 6.9412e-09 - 155s/epoch - 2s/step
Epoch 40/50

Epoch 00040: mean_squared_error did not improve from 0.00000
63/63 - 155s - loss: 9.5352e-07 - mean_squared_error: 1.3161e-06 - val_loss: 6.6131e-09 - val_mean_squared_error: 6.6131e-09 - 155s/epoch - 2s/step
Epoch 41/50

Epoch 00041: mean_squared_error did not improve from 0.00000
63/63 - 154s - loss: 9.5343e-07 - mean_squared_error: 1.3160e-06 - val_loss: 6.6712e-09 - val_mean_squared_error: 6.6712e-09 - 154s/epoch - 2s/step
Epoch 42/50

Epoch 00042: mean_squared_error improved from 0.00000 to 0.00000, saving model to /gpfswork/rech/ynx/ulx23va/repo/wf-SEDs/model_WFE_size/wf-outputs/chkp/wfe_study_resx3_bis/chkp_callback_poly_wfe_study_resx3_128_bis_4_cycle2
63/63 - 154s - loss: 9.5341e-07 - mean_squared_error: 1.3160e-06 - val_loss: 6.6533e-09 - val_mean_squared_error: 6.6533e-09 - 154s/epoch - 2s/step
Epoch 43/50

Epoch 00043: mean_squared_error did not improve from 0.00000
63/63 - 154s - loss: 9.5357e-07 - mean_squared_error: 1.3161e-06 - val_loss: 6.6552e-09 - val_mean_squared_error: 6.6552e-09 - 154s/epoch - 2s/step
Epoch 44/50

Epoch 00044: mean_squared_error did not improve from 0.00000
63/63 - 154s - loss: 9.5343e-07 - mean_squared_error: 1.3161e-06 - val_loss: 6.8500e-09 - val_mean_squared_error: 6.8500e-09 - 154s/epoch - 2s/step
Epoch 45/50

Epoch 00045: mean_squared_error did not improve from 0.00000
63/63 - 154s - loss: 9.5361e-07 - mean_squared_error: 1.3162e-06 - val_loss: 6.8620e-09 - val_mean_squared_error: 6.8620e-09 - 154s/epoch - 2s/step
Epoch 46/50

Epoch 00046: mean_squared_error did not improve from 0.00000
63/63 - 154s - loss: 9.5346e-07 - mean_squared_error: 1.3161e-06 - val_loss: 6.4655e-09 - val_mean_squared_error: 6.4655e-09 - 154s/epoch - 2s/step
Epoch 47/50

Epoch 00047: mean_squared_error did not improve from 0.00000
63/63 - 154s - loss: 9.5357e-07 - mean_squared_error: 1.3161e-06 - val_loss: 6.6778e-09 - val_mean_squared_error: 6.6778e-09 - 154s/epoch - 2s/step
Epoch 48/50

Epoch 00048: mean_squared_error improved from 0.00000 to 0.00000, saving model to /gpfswork/rech/ynx/ulx23va/repo/wf-SEDs/model_WFE_size/wf-outputs/chkp/wfe_study_resx3_bis/chkp_callback_poly_wfe_study_resx3_128_bis_4_cycle2
63/63 - 154s - loss: 9.5321e-07 - mean_squared_error: 1.3158e-06 - val_loss: 6.4624e-09 - val_mean_squared_error: 6.4624e-09 - 154s/epoch - 2s/step
Epoch 49/50

Epoch 00049: mean_squared_error did not improve from 0.00000
63/63 - 140s - loss: 9.5352e-07 - mean_squared_error: 1.3161e-06 - val_loss: 6.8682e-09 - val_mean_squared_error: 6.8682e-09 - 140s/epoch - 2s/step
Epoch 50/50

Epoch 00050: mean_squared_error did not improve from 0.00000
63/63 - 138s - loss: 9.5349e-07 - mean_squared_error: 1.3160e-06 - val_loss: 6.8155e-09 - val_mean_squared_error: 6.8155e-09 - 138s/epoch - 2s/step
Cycle2 elapsed time: 9955.642036

Total elapsed time: 27874.661303

 Good bye..
