Starting the log file.
Found GPU at: /device:GPU:0
tf_version: 2.7.0
Dataset parameters:
{'d_max': 2, 'max_order': 45, 'x_lims': [0, 1000.0], 'y_lims': [0, 1000.0], 'grid_points': [4, 4], 'n_bins': 20, 'max_wfe_rms': 0.1, 'oversampling_rate': 3.0, 'output_Q': 3.0, 'output_dim': 32, 'LP_filter_length': 2, 'pupil_diameter': 4096, 'euclid_obsc': True, 'n_stars': 2000}

***
Metric evaluation on the test dataset
***

Absolute RMSE:	 1.4266e-04 	 +/- 3.1242e-05
Relative RMSE:	 1.8921e+00 % 	 +/- 4.1792e-01 %
Absolute RMSE:	 1.2304e-01 	 +/- 1.2664e-02
Relative RMSE:	 1.6222e+02 % 	 +/- 1.3200e+01 %

Pixel star absolute RMSE:	 4.3370e-05 	 +/- 1.2951e-05 
Pixel star relative RMSE:	 2.9231e+00 % 	 +/- 1.1690e+00 %

sigma(e1) RMSE =		 6.5379e-03 	 +/- 6.4021e-03 
sigma(e2) RMSE =		 5.7549e-03 	 +/- 5.7241e-03 
sigma(R2)/<R2> =		 1.5197e-02 	 +/- 1.3422e-02 

Relative sigma(e1) RMSE =	 2.8304e+02 % 	 +/- 2.8248e+02 %
Relative sigma(e2) RMSE =	 2.5186e+02 % 	 +/- 2.5185e+02 %

Total number of stars: 		400
Problematic number of stars: 	0

***
Metric evaluation on the train dataset
***

Absolute RMSE:	 1.4294e-04 	 +/- 3.1169e-05
Relative RMSE:	 1.9069e+00 % 	 +/- 4.3267e-01 %
Absolute RMSE:	 1.2319e-01 	 +/- 1.3440e-02
Relative RMSE:	 1.6229e+02 % 	 +/- 1.3196e+01 %

Pixel star absolute RMSE:	 4.3798e-05 	 +/- 1.2722e-05 
Pixel star relative RMSE:	 2.9740e+00 % 	 +/- 1.2153e+00 %

sigma(e1) RMSE =		 6.7602e-03 	 +/- 6.5267e-03 
sigma(e2) RMSE =		 6.2803e-03 	 +/- 6.2458e-03 
sigma(R2)/<R2> =		 1.7926e-02 	 +/- 1.4547e-02 

Relative sigma(e1) RMSE =	 2.6316e+03 % 	 +/- 2.6312e+03 %
Relative sigma(e2) RMSE =	 4.5245e+02 % 	 +/- 4.5235e+02 %

Total number of stars: 		2000
Problematic number of stars: 	1

Total elapsed time: 2157.755023

 Good bye..
