Starting the log file.
Found GPU at: /device:GPU:0
tf_version: 2.7.0
Zernike cube:
(15, 128, 128)
Dataset parameters:
{'d_max': 2, 'max_order': 45, 'x_lims': [0, 1000.0], 'y_lims': [0, 1000.0], 'grid_points': [4, 4], 'n_bins': 20, 'max_wfe_rms': 0.1, 'oversampling_rate': 3.0, 'output_Q': 3.0, 'output_dim': 32, 'LP_filter_length': 2, 'pupil_diameter': 4096, 'euclid_obsc': True, 'n_stars': 2000}
Starting cycle 1..
Starting parametric update..
Epoch 1/15

Epoch 00001: mean_squared_error improved from inf to 0.00001, saving model to /gpfswork/rech/ynx/ulx23va/repo/wf-SEDs/model_WFE_size/wf-outputs/chkp/wfe_study_resx3_bis/chkp_callback_poly_wfe_study_resx3_128_bis_13_cycle1
63/63 - 250s - loss: 7.9658e-06 - mean_squared_error: 7.3607e-06 - val_loss: 2.3062e-06 - val_mean_squared_error: 2.3062e-06 - 250s/epoch - 4s/step
Epoch 2/15

Epoch 00002: mean_squared_error improved from 0.00001 to 0.00000, saving model to /gpfswork/rech/ynx/ulx23va/repo/wf-SEDs/model_WFE_size/wf-outputs/chkp/wfe_study_resx3_bis/chkp_callback_poly_wfe_study_resx3_128_bis_13_cycle1
63/63 - 246s - loss: 3.0553e-06 - mean_squared_error: 3.1721e-06 - val_loss: 1.4563e-06 - val_mean_squared_error: 1.4563e-06 - 246s/epoch - 4s/step
Epoch 3/15

Epoch 00003: mean_squared_error improved from 0.00000 to 0.00000, saving model to /gpfswork/rech/ynx/ulx23va/repo/wf-SEDs/model_WFE_size/wf-outputs/chkp/wfe_study_resx3_bis/chkp_callback_poly_wfe_study_resx3_128_bis_13_cycle1
63/63 - 246s - loss: 2.2281e-06 - mean_squared_error: 2.4648e-06 - val_loss: 1.0122e-06 - val_mean_squared_error: 1.0122e-06 - 246s/epoch - 4s/step
Epoch 4/15

Epoch 00004: mean_squared_error improved from 0.00000 to 0.00000, saving model to /gpfswork/rech/ynx/ulx23va/repo/wf-SEDs/model_WFE_size/wf-outputs/chkp/wfe_study_resx3_bis/chkp_callback_poly_wfe_study_resx3_128_bis_13_cycle1
63/63 - 246s - loss: 1.8888e-06 - mean_squared_error: 2.1463e-06 - val_loss: 7.3942e-07 - val_mean_squared_error: 7.3942e-07 - 246s/epoch - 4s/step
Epoch 5/15

Epoch 00005: mean_squared_error improved from 0.00000 to 0.00000, saving model to /gpfswork/rech/ynx/ulx23va/repo/wf-SEDs/model_WFE_size/wf-outputs/chkp/wfe_study_resx3_bis/chkp_callback_poly_wfe_study_resx3_128_bis_13_cycle1
63/63 - 245s - loss: 1.7693e-06 - mean_squared_error: 2.0321e-06 - val_loss: 7.1349e-07 - val_mean_squared_error: 7.1349e-07 - 245s/epoch - 4s/step
Epoch 6/15

Epoch 00006: mean_squared_error improved from 0.00000 to 0.00000, saving model to /gpfswork/rech/ynx/ulx23va/repo/wf-SEDs/model_WFE_size/wf-outputs/chkp/wfe_study_resx3_bis/chkp_callback_poly_wfe_study_resx3_128_bis_13_cycle1
63/63 - 246s - loss: 1.7676e-06 - mean_squared_error: 2.0281e-06 - val_loss: 7.1073e-07 - val_mean_squared_error: 7.1073e-07 - 246s/epoch - 4s/step
Epoch 7/15

Epoch 00007: mean_squared_error improved from 0.00000 to 0.00000, saving model to /gpfswork/rech/ynx/ulx23va/repo/wf-SEDs/model_WFE_size/wf-outputs/chkp/wfe_study_resx3_bis/chkp_callback_poly_wfe_study_resx3_128_bis_13_cycle1
63/63 - 245s - loss: 1.7594e-06 - mean_squared_error: 2.0217e-06 - val_loss: 7.1065e-07 - val_mean_squared_error: 7.1065e-07 - 245s/epoch - 4s/step
Epoch 8/15

Epoch 00008: mean_squared_error did not improve from 0.00000
63/63 - 245s - loss: 1.7798e-06 - mean_squared_error: 2.0410e-06 - val_loss: 8.5704e-07 - val_mean_squared_error: 8.5704e-07 - 245s/epoch - 4s/step
Epoch 9/15

Epoch 00009: mean_squared_error did not improve from 0.00000
63/63 - 245s - loss: 1.7879e-06 - mean_squared_error: 2.0494e-06 - val_loss: 7.1987e-07 - val_mean_squared_error: 7.1987e-07 - 245s/epoch - 4s/step
Epoch 10/15

Epoch 00010: mean_squared_error improved from 0.00000 to 0.00000, saving model to /gpfswork/rech/ynx/ulx23va/repo/wf-SEDs/model_WFE_size/wf-outputs/chkp/wfe_study_resx3_bis/chkp_callback_poly_wfe_study_resx3_128_bis_13_cycle1
63/63 - 247s - loss: 1.7550e-06 - mean_squared_error: 2.0206e-06 - val_loss: 7.0865e-07 - val_mean_squared_error: 7.0865e-07 - 247s/epoch - 4s/step
Epoch 11/15

Epoch 00011: mean_squared_error improved from 0.00000 to 0.00000, saving model to /gpfswork/rech/ynx/ulx23va/repo/wf-SEDs/model_WFE_size/wf-outputs/chkp/wfe_study_resx3_bis/chkp_callback_poly_wfe_study_resx3_128_bis_13_cycle1
63/63 - 244s - loss: 1.7341e-06 - mean_squared_error: 2.0005e-06 - val_loss: 6.9068e-07 - val_mean_squared_error: 6.9068e-07 - 244s/epoch - 4s/step
Epoch 12/15

Epoch 00012: mean_squared_error did not improve from 0.00000
63/63 - 245s - loss: 1.7516e-06 - mean_squared_error: 2.0165e-06 - val_loss: 8.0599e-07 - val_mean_squared_error: 8.0599e-07 - 245s/epoch - 4s/step
Epoch 13/15

Epoch 00013: mean_squared_error did not improve from 0.00000
63/63 - 245s - loss: 1.7753e-06 - mean_squared_error: 2.0385e-06 - val_loss: 6.9250e-07 - val_mean_squared_error: 6.9250e-07 - 245s/epoch - 4s/step
Epoch 14/15

Epoch 00014: mean_squared_error did not improve from 0.00000
63/63 - 248s - loss: 1.7753e-06 - mean_squared_error: 2.0337e-06 - val_loss: 7.1958e-07 - val_mean_squared_error: 7.1958e-07 - 248s/epoch - 4s/step
Epoch 15/15

Epoch 00015: mean_squared_error did not improve from 0.00000
63/63 - 244s - loss: 1.7314e-06 - mean_squared_error: 2.0045e-06 - val_loss: 7.6057e-07 - val_mean_squared_error: 7.6057e-07 - 244s/epoch - 4s/step
Starting non-parametric update..
Epoch 1/100

Epoch 00001: mean_squared_error improved from 0.00000 to 0.00000, saving model to /gpfswork/rech/ynx/ulx23va/repo/wf-SEDs/model_WFE_size/wf-outputs/chkp/wfe_study_resx3_bis/chkp_callback_poly_wfe_study_resx3_128_bis_13_cycle1
63/63 - 245s - loss: 1.6029e-06 - mean_squared_error: 1.8974e-06 - val_loss: 4.6987e-07 - val_mean_squared_error: 4.6987e-07 - 245s/epoch - 4s/step
Epoch 2/100

Epoch 00002: mean_squared_error improved from 0.00000 to 0.00000, saving model to /gpfswork/rech/ynx/ulx23va/repo/wf-SEDs/model_WFE_size/wf-outputs/chkp/wfe_study_resx3_bis/chkp_callback_poly_wfe_study_resx3_128_bis_13_cycle1
63/63 - 242s - loss: 1.3914e-06 - mean_squared_error: 1.7170e-06 - val_loss: 3.5824e-07 - val_mean_squared_error: 3.5824e-07 - 242s/epoch - 4s/step
Epoch 3/100

Epoch 00003: mean_squared_error improved from 0.00000 to 0.00000, saving model to /gpfswork/rech/ynx/ulx23va/repo/wf-SEDs/model_WFE_size/wf-outputs/chkp/wfe_study_resx3_bis/chkp_callback_poly_wfe_study_resx3_128_bis_13_cycle1
63/63 - 242s - loss: 1.2882e-06 - mean_squared_error: 1.6248e-06 - val_loss: 2.8286e-07 - val_mean_squared_error: 2.8286e-07 - 242s/epoch - 4s/step
Epoch 4/100

Epoch 00004: mean_squared_error improved from 0.00000 to 0.00000, saving model to /gpfswork/rech/ynx/ulx23va/repo/wf-SEDs/model_WFE_size/wf-outputs/chkp/wfe_study_resx3_bis/chkp_callback_poly_wfe_study_resx3_128_bis_13_cycle1
63/63 - 239s - loss: 1.2090e-06 - mean_squared_error: 1.5517e-06 - val_loss: 2.1510e-07 - val_mean_squared_error: 2.1510e-07 - 239s/epoch - 4s/step
Epoch 5/100

Epoch 00005: mean_squared_error improved from 0.00000 to 0.00000, saving model to /gpfswork/rech/ynx/ulx23va/repo/wf-SEDs/model_WFE_size/wf-outputs/chkp/wfe_study_resx3_bis/chkp_callback_poly_wfe_study_resx3_128_bis_13_cycle1
63/63 - 241s - loss: 1.1481e-06 - mean_squared_error: 1.4948e-06 - val_loss: 1.6380e-07 - val_mean_squared_error: 1.6380e-07 - 241s/epoch - 4s/step
Epoch 6/100

Epoch 00006: mean_squared_error improved from 0.00000 to 0.00000, saving model to /gpfswork/rech/ynx/ulx23va/repo/wf-SEDs/model_WFE_size/wf-outputs/chkp/wfe_study_resx3_bis/chkp_callback_poly_wfe_study_resx3_128_bis_13_cycle1
63/63 - 239s - loss: 1.1058e-06 - mean_squared_error: 1.4560e-06 - val_loss: 1.3194e-07 - val_mean_squared_error: 1.3194e-07 - 239s/epoch - 4s/step
Epoch 7/100

Epoch 00007: mean_squared_error improved from 0.00000 to 0.00000, saving model to /gpfswork/rech/ynx/ulx23va/repo/wf-SEDs/model_WFE_size/wf-outputs/chkp/wfe_study_resx3_bis/chkp_callback_poly_wfe_study_resx3_128_bis_13_cycle1
63/63 - 239s - loss: 1.0792e-06 - mean_squared_error: 1.4315e-06 - val_loss: 1.1328e-07 - val_mean_squared_error: 1.1328e-07 - 239s/epoch - 4s/step
Epoch 8/100

Epoch 00008: mean_squared_error improved from 0.00000 to 0.00000, saving model to /gpfswork/rech/ynx/ulx23va/repo/wf-SEDs/model_WFE_size/wf-outputs/chkp/wfe_study_resx3_bis/chkp_callback_poly_wfe_study_resx3_128_bis_13_cycle1
63/63 - 241s - loss: 1.0617e-06 - mean_squared_error: 1.4153e-06 - val_loss: 9.9025e-08 - val_mean_squared_error: 9.9025e-08 - 241s/epoch - 4s/step
Epoch 9/100

Epoch 00009: mean_squared_error improved from 0.00000 to 0.00000, saving model to /gpfswork/rech/ynx/ulx23va/repo/wf-SEDs/model_WFE_size/wf-outputs/chkp/wfe_study_resx3_bis/chkp_callback_poly_wfe_study_resx3_128_bis_13_cycle1
63/63 - 238s - loss: 1.0489e-06 - mean_squared_error: 1.4037e-06 - val_loss: 8.6823e-08 - val_mean_squared_error: 8.6823e-08 - 238s/epoch - 4s/step
Epoch 10/100

Epoch 00010: mean_squared_error improved from 0.00000 to 0.00000, saving model to /gpfswork/rech/ynx/ulx23va/repo/wf-SEDs/model_WFE_size/wf-outputs/chkp/wfe_study_resx3_bis/chkp_callback_poly_wfe_study_resx3_128_bis_13_cycle1
63/63 - 242s - loss: 1.0386e-06 - mean_squared_error: 1.3945e-06 - val_loss: 7.7860e-08 - val_mean_squared_error: 7.7860e-08 - 242s/epoch - 4s/step
Epoch 11/100

Epoch 00011: mean_squared_error improved from 0.00000 to 0.00000, saving model to /gpfswork/rech/ynx/ulx23va/repo/wf-SEDs/model_WFE_size/wf-outputs/chkp/wfe_study_resx3_bis/chkp_callback_poly_wfe_study_resx3_128_bis_13_cycle1
63/63 - 238s - loss: 1.0320e-06 - mean_squared_error: 1.3882e-06 - val_loss: 7.2060e-08 - val_mean_squared_error: 7.2060e-08 - 238s/epoch - 4s/step
Epoch 12/100

Epoch 00012: mean_squared_error improved from 0.00000 to 0.00000, saving model to /gpfswork/rech/ynx/ulx23va/repo/wf-SEDs/model_WFE_size/wf-outputs/chkp/wfe_study_resx3_bis/chkp_callback_poly_wfe_study_resx3_128_bis_13_cycle1
63/63 - 241s - loss: 1.0248e-06 - mean_squared_error: 1.3818e-06 - val_loss: 6.4562e-08 - val_mean_squared_error: 6.4562e-08 - 241s/epoch - 4s/step
Epoch 13/100

Epoch 00013: mean_squared_error improved from 0.00000 to 0.00000, saving model to /gpfswork/rech/ynx/ulx23va/repo/wf-SEDs/model_WFE_size/wf-outputs/chkp/wfe_study_resx3_bis/chkp_callback_poly_wfe_study_resx3_128_bis_13_cycle1
63/63 - 241s - loss: 1.0184e-06 - mean_squared_error: 1.3759e-06 - val_loss: 6.3371e-08 - val_mean_squared_error: 6.3371e-08 - 241s/epoch - 4s/step
Epoch 14/100

Epoch 00014: mean_squared_error improved from 0.00000 to 0.00000, saving model to /gpfswork/rech/ynx/ulx23va/repo/wf-SEDs/model_WFE_size/wf-outputs/chkp/wfe_study_resx3_bis/chkp_callback_poly_wfe_study_resx3_128_bis_13_cycle1
63/63 - 240s - loss: 1.0133e-06 - mean_squared_error: 1.3715e-06 - val_loss: 5.7760e-08 - val_mean_squared_error: 5.7760e-08 - 240s/epoch - 4s/step
Epoch 15/100

Epoch 00015: mean_squared_error improved from 0.00000 to 0.00000, saving model to /gpfswork/rech/ynx/ulx23va/repo/wf-SEDs/model_WFE_size/wf-outputs/chkp/wfe_study_resx3_bis/chkp_callback_poly_wfe_study_resx3_128_bis_13_cycle1
63/63 - 239s - loss: 1.0071e-06 - mean_squared_error: 1.3659e-06 - val_loss: 5.1047e-08 - val_mean_squared_error: 5.1047e-08 - 239s/epoch - 4s/step
Epoch 16/100

Epoch 00016: mean_squared_error improved from 0.00000 to 0.00000, saving model to /gpfswork/rech/ynx/ulx23va/repo/wf-SEDs/model_WFE_size/wf-outputs/chkp/wfe_study_resx3_bis/chkp_callback_poly_wfe_study_resx3_128_bis_13_cycle1
63/63 - 240s - loss: 1.0022e-06 - mean_squared_error: 1.3614e-06 - val_loss: 4.8511e-08 - val_mean_squared_error: 4.8511e-08 - 240s/epoch - 4s/step
Epoch 17/100

Epoch 00017: mean_squared_error improved from 0.00000 to 0.00000, saving model to /gpfswork/rech/ynx/ulx23va/repo/wf-SEDs/model_WFE_size/wf-outputs/chkp/wfe_study_resx3_bis/chkp_callback_poly_wfe_study_resx3_128_bis_13_cycle1
63/63 - 242s - loss: 9.9940e-07 - mean_squared_error: 1.3587e-06 - val_loss: 4.3452e-08 - val_mean_squared_error: 4.3452e-08 - 242s/epoch - 4s/step
Epoch 18/100

Epoch 00018: mean_squared_error improved from 0.00000 to 0.00000, saving model to /gpfswork/rech/ynx/ulx23va/repo/wf-SEDs/model_WFE_size/wf-outputs/chkp/wfe_study_resx3_bis/chkp_callback_poly_wfe_study_resx3_128_bis_13_cycle1
63/63 - 240s - loss: 9.9774e-07 - mean_squared_error: 1.3570e-06 - val_loss: 4.2412e-08 - val_mean_squared_error: 4.2412e-08 - 240s/epoch - 4s/step
Epoch 19/100

Epoch 00019: mean_squared_error improved from 0.00000 to 0.00000, saving model to /gpfswork/rech/ynx/ulx23va/repo/wf-SEDs/model_WFE_size/wf-outputs/chkp/wfe_study_resx3_bis/chkp_callback_poly_wfe_study_resx3_128_bis_13_cycle1
63/63 - 242s - loss: 9.9629e-07 - mean_squared_error: 1.3556e-06 - val_loss: 4.2965e-08 - val_mean_squared_error: 4.2965e-08 - 242s/epoch - 4s/step
Epoch 20/100

Epoch 00020: mean_squared_error improved from 0.00000 to 0.00000, saving model to /gpfswork/rech/ynx/ulx23va/repo/wf-SEDs/model_WFE_size/wf-outputs/chkp/wfe_study_resx3_bis/chkp_callback_poly_wfe_study_resx3_128_bis_13_cycle1
63/63 - 241s - loss: 9.9326e-07 - mean_squared_error: 1.3531e-06 - val_loss: 4.2068e-08 - val_mean_squared_error: 4.2068e-08 - 241s/epoch - 4s/step
Epoch 21/100

Epoch 00021: mean_squared_error improved from 0.00000 to 0.00000, saving model to /gpfswork/rech/ynx/ulx23va/repo/wf-SEDs/model_WFE_size/wf-outputs/chkp/wfe_study_resx3_bis/chkp_callback_poly_wfe_study_resx3_128_bis_13_cycle1
63/63 - 239s - loss: 9.9080e-07 - mean_squared_error: 1.3505e-06 - val_loss: 3.5208e-08 - val_mean_squared_error: 3.5208e-08 - 239s/epoch - 4s/step
Epoch 22/100

Epoch 00022: mean_squared_error improved from 0.00000 to 0.00000, saving model to /gpfswork/rech/ynx/ulx23va/repo/wf-SEDs/model_WFE_size/wf-outputs/chkp/wfe_study_resx3_bis/chkp_callback_poly_wfe_study_resx3_128_bis_13_cycle1
63/63 - 238s - loss: 9.8929e-07 - mean_squared_error: 1.3489e-06 - val_loss: 3.7488e-08 - val_mean_squared_error: 3.7488e-08 - 238s/epoch - 4s/step
Epoch 23/100

Epoch 00023: mean_squared_error did not improve from 0.00000
63/63 - 239s - loss: 9.8963e-07 - mean_squared_error: 1.3491e-06 - val_loss: 3.4679e-08 - val_mean_squared_error: 3.4679e-08 - 239s/epoch - 4s/step
Epoch 24/100

Epoch 00024: mean_squared_error did not improve from 0.00000
63/63 - 239s - loss: 9.9968e-07 - mean_squared_error: 1.3565e-06 - val_loss: 7.9746e-08 - val_mean_squared_error: 7.9746e-08 - 239s/epoch - 4s/step
Epoch 25/100

Epoch 00025: mean_squared_error did not improve from 0.00000
63/63 - 239s - loss: 1.0122e-06 - mean_squared_error: 1.3669e-06 - val_loss: 4.1052e-08 - val_mean_squared_error: 4.1052e-08 - 239s/epoch - 4s/step
Epoch 26/100

Epoch 00026: mean_squared_error did not improve from 0.00000
63/63 - 239s - loss: 9.9053e-07 - mean_squared_error: 1.3497e-06 - val_loss: 3.1211e-08 - val_mean_squared_error: 3.1211e-08 - 239s/epoch - 4s/step
Epoch 27/100

Epoch 00027: mean_squared_error improved from 0.00000 to 0.00000, saving model to /gpfswork/rech/ynx/ulx23va/repo/wf-SEDs/model_WFE_size/wf-outputs/chkp/wfe_study_resx3_bis/chkp_callback_poly_wfe_study_resx3_128_bis_13_cycle1
63/63 - 239s - loss: 9.8172e-07 - mean_squared_error: 1.3417e-06 - val_loss: 2.9339e-08 - val_mean_squared_error: 2.9339e-08 - 239s/epoch - 4s/step
Epoch 28/100

Epoch 00028: mean_squared_error improved from 0.00000 to 0.00000, saving model to /gpfswork/rech/ynx/ulx23va/repo/wf-SEDs/model_WFE_size/wf-outputs/chkp/wfe_study_resx3_bis/chkp_callback_poly_wfe_study_resx3_128_bis_13_cycle1
63/63 - 241s - loss: 9.8041e-07 - mean_squared_error: 1.3406e-06 - val_loss: 2.7323e-08 - val_mean_squared_error: 2.7323e-08 - 241s/epoch - 4s/step
Epoch 29/100

Epoch 00029: mean_squared_error did not improve from 0.00000
63/63 - 243s - loss: 9.8206e-07 - mean_squared_error: 1.3422e-06 - val_loss: 2.7043e-08 - val_mean_squared_error: 2.7043e-08 - 243s/epoch - 4s/step
Epoch 30/100

Epoch 00030: mean_squared_error improved from 0.00000 to 0.00000, saving model to /gpfswork/rech/ynx/ulx23va/repo/wf-SEDs/model_WFE_size/wf-outputs/chkp/wfe_study_resx3_bis/chkp_callback_poly_wfe_study_resx3_128_bis_13_cycle1
63/63 - 241s - loss: 9.7907e-07 - mean_squared_error: 1.3392e-06 - val_loss: 2.8021e-08 - val_mean_squared_error: 2.8021e-08 - 241s/epoch - 4s/step
Epoch 31/100

Epoch 00031: mean_squared_error improved from 0.00000 to 0.00000, saving model to /gpfswork/rech/ynx/ulx23va/repo/wf-SEDs/model_WFE_size/wf-outputs/chkp/wfe_study_resx3_bis/chkp_callback_poly_wfe_study_resx3_128_bis_13_cycle1
63/63 - 240s - loss: 9.7561e-07 - mean_squared_error: 1.3363e-06 - val_loss: 2.3030e-08 - val_mean_squared_error: 2.3030e-08 - 240s/epoch - 4s/step
Epoch 32/100

Epoch 00032: mean_squared_error improved from 0.00000 to 0.00000, saving model to /gpfswork/rech/ynx/ulx23va/repo/wf-SEDs/model_WFE_size/wf-outputs/chkp/wfe_study_resx3_bis/chkp_callback_poly_wfe_study_resx3_128_bis_13_cycle1
63/63 - 241s - loss: 9.7449e-07 - mean_squared_error: 1.3354e-06 - val_loss: 2.7779e-08 - val_mean_squared_error: 2.7779e-08 - 241s/epoch - 4s/step
Epoch 33/100

Epoch 00033: mean_squared_error improved from 0.00000 to 0.00000, saving model to /gpfswork/rech/ynx/ulx23va/repo/wf-SEDs/model_WFE_size/wf-outputs/chkp/wfe_study_resx3_bis/chkp_callback_poly_wfe_study_resx3_128_bis_13_cycle1
63/63 - 240s - loss: 9.7259e-07 - mean_squared_error: 1.3336e-06 - val_loss: 2.0790e-08 - val_mean_squared_error: 2.0790e-08 - 240s/epoch - 4s/step
Epoch 34/100

Epoch 00034: mean_squared_error did not improve from 0.00000
63/63 - 240s - loss: 9.7365e-07 - mean_squared_error: 1.3345e-06 - val_loss: 2.4034e-08 - val_mean_squared_error: 2.4034e-08 - 240s/epoch - 4s/step
Epoch 35/100

Epoch 00035: mean_squared_error did not improve from 0.00000
63/63 - 241s - loss: 9.7415e-07 - mean_squared_error: 1.3347e-06 - val_loss: 2.2557e-08 - val_mean_squared_error: 2.2557e-08 - 241s/epoch - 4s/step
Epoch 36/100

Epoch 00036: mean_squared_error did not improve from 0.00000
63/63 - 240s - loss: 9.7366e-07 - mean_squared_error: 1.3342e-06 - val_loss: 2.1325e-08 - val_mean_squared_error: 2.1325e-08 - 240s/epoch - 4s/step
Epoch 37/100

Epoch 00037: mean_squared_error improved from 0.00000 to 0.00000, saving model to /gpfswork/rech/ynx/ulx23va/repo/wf-SEDs/model_WFE_size/wf-outputs/chkp/wfe_study_resx3_bis/chkp_callback_poly_wfe_study_resx3_128_bis_13_cycle1
63/63 - 241s - loss: 9.7156e-07 - mean_squared_error: 1.3324e-06 - val_loss: 2.2224e-08 - val_mean_squared_error: 2.2224e-08 - 241s/epoch - 4s/step
Epoch 38/100

Epoch 00038: mean_squared_error improved from 0.00000 to 0.00000, saving model to /gpfswork/rech/ynx/ulx23va/repo/wf-SEDs/model_WFE_size/wf-outputs/chkp/wfe_study_resx3_bis/chkp_callback_poly_wfe_study_resx3_128_bis_13_cycle1
63/63 - 242s - loss: 9.7064e-07 - mean_squared_error: 1.3318e-06 - val_loss: 1.9906e-08 - val_mean_squared_error: 1.9906e-08 - 242s/epoch - 4s/step
Epoch 39/100

Epoch 00039: mean_squared_error did not improve from 0.00000
63/63 - 240s - loss: 9.7273e-07 - mean_squared_error: 1.3333e-06 - val_loss: 2.1544e-08 - val_mean_squared_error: 2.1544e-08 - 240s/epoch - 4s/step
Epoch 40/100

Epoch 00040: mean_squared_error did not improve from 0.00000
63/63 - 241s - loss: 9.7373e-07 - mean_squared_error: 1.3344e-06 - val_loss: 1.7450e-08 - val_mean_squared_error: 1.7450e-08 - 241s/epoch - 4s/step
Epoch 41/100

Epoch 00041: mean_squared_error improved from 0.00000 to 0.00000, saving model to /gpfswork/rech/ynx/ulx23va/repo/wf-SEDs/model_WFE_size/wf-outputs/chkp/wfe_study_resx3_bis/chkp_callback_poly_wfe_study_resx3_128_bis_13_cycle1
63/63 - 242s - loss: 9.6886e-07 - mean_squared_error: 1.3300e-06 - val_loss: 2.0682e-08 - val_mean_squared_error: 2.0682e-08 - 242s/epoch - 4s/step
Epoch 42/100

Epoch 00042: mean_squared_error improved from 0.00000 to 0.00000, saving model to /gpfswork/rech/ynx/ulx23va/repo/wf-SEDs/model_WFE_size/wf-outputs/chkp/wfe_study_resx3_bis/chkp_callback_poly_wfe_study_resx3_128_bis_13_cycle1
63/63 - 242s - loss: 9.6824e-07 - mean_squared_error: 1.3295e-06 - val_loss: 1.8929e-08 - val_mean_squared_error: 1.8929e-08 - 242s/epoch - 4s/step
Epoch 43/100

Epoch 00043: mean_squared_error improved from 0.00000 to 0.00000, saving model to /gpfswork/rech/ynx/ulx23va/repo/wf-SEDs/model_WFE_size/wf-outputs/chkp/wfe_study_resx3_bis/chkp_callback_poly_wfe_study_resx3_128_bis_13_cycle1
63/63 - 241s - loss: 9.6803e-07 - mean_squared_error: 1.3293e-06 - val_loss: 1.6646e-08 - val_mean_squared_error: 1.6646e-08 - 241s/epoch - 4s/step
Epoch 44/100

Epoch 00044: mean_squared_error improved from 0.00000 to 0.00000, saving model to /gpfswork/rech/ynx/ulx23va/repo/wf-SEDs/model_WFE_size/wf-outputs/chkp/wfe_study_resx3_bis/chkp_callback_poly_wfe_study_resx3_128_bis_13_cycle1
63/63 - 241s - loss: 9.6764e-07 - mean_squared_error: 1.3289e-06 - val_loss: 1.7517e-08 - val_mean_squared_error: 1.7517e-08 - 241s/epoch - 4s/step
Epoch 45/100

Epoch 00045: mean_squared_error did not improve from 0.00000
63/63 - 242s - loss: 9.7253e-07 - mean_squared_error: 1.3331e-06 - val_loss: 2.2239e-08 - val_mean_squared_error: 2.2239e-08 - 242s/epoch - 4s/step
Epoch 46/100

Epoch 00046: mean_squared_error did not improve from 0.00000
63/63 - 242s - loss: 9.6833e-07 - mean_squared_error: 1.3299e-06 - val_loss: 1.5566e-08 - val_mean_squared_error: 1.5566e-08 - 242s/epoch - 4s/step
Epoch 47/100

Epoch 00047: mean_squared_error did not improve from 0.00000
63/63 - 240s - loss: 9.6963e-07 - mean_squared_error: 1.3310e-06 - val_loss: 1.7119e-08 - val_mean_squared_error: 1.7119e-08 - 240s/epoch - 4s/step
Epoch 48/100

Epoch 00048: mean_squared_error did not improve from 0.00000
63/63 - 241s - loss: 9.6788e-07 - mean_squared_error: 1.3290e-06 - val_loss: 1.9166e-08 - val_mean_squared_error: 1.9166e-08 - 241s/epoch - 4s/step
Epoch 49/100

Epoch 00049: mean_squared_error improved from 0.00000 to 0.00000, saving model to /gpfswork/rech/ynx/ulx23va/repo/wf-SEDs/model_WFE_size/wf-outputs/chkp/wfe_study_resx3_bis/chkp_callback_poly_wfe_study_resx3_128_bis_13_cycle1
63/63 - 240s - loss: 9.6778e-07 - mean_squared_error: 1.3289e-06 - val_loss: 1.6490e-08 - val_mean_squared_error: 1.6490e-08 - 240s/epoch - 4s/step
Epoch 50/100

Epoch 00050: mean_squared_error did not improve from 0.00000
63/63 - 242s - loss: 9.6802e-07 - mean_squared_error: 1.3291e-06 - val_loss: 1.5401e-08 - val_mean_squared_error: 1.5401e-08 - 242s/epoch - 4s/step
Epoch 51/100

Epoch 00051: mean_squared_error did not improve from 0.00000
63/63 - 240s - loss: 9.7061e-07 - mean_squared_error: 1.3317e-06 - val_loss: 1.9516e-08 - val_mean_squared_error: 1.9516e-08 - 240s/epoch - 4s/step
Epoch 52/100

Epoch 00052: mean_squared_error did not improve from 0.00000
63/63 - 241s - loss: 9.7211e-07 - mean_squared_error: 1.3324e-06 - val_loss: 1.5633e-08 - val_mean_squared_error: 1.5633e-08 - 241s/epoch - 4s/step
Epoch 53/100

Epoch 00053: mean_squared_error did not improve from 0.00000
63/63 - 241s - loss: 9.7490e-07 - mean_squared_error: 1.3346e-06 - val_loss: 2.1453e-08 - val_mean_squared_error: 2.1453e-08 - 241s/epoch - 4s/step
Epoch 54/100

Epoch 00054: mean_squared_error improved from 0.00000 to 0.00000, saving model to /gpfswork/rech/ynx/ulx23va/repo/wf-SEDs/model_WFE_size/wf-outputs/chkp/wfe_study_resx3_bis/chkp_callback_poly_wfe_study_resx3_128_bis_13_cycle1
63/63 - 241s - loss: 9.6722e-07 - mean_squared_error: 1.3285e-06 - val_loss: 1.5810e-08 - val_mean_squared_error: 1.5810e-08 - 241s/epoch - 4s/step
Epoch 55/100

Epoch 00055: mean_squared_error improved from 0.00000 to 0.00000, saving model to /gpfswork/rech/ynx/ulx23va/repo/wf-SEDs/model_WFE_size/wf-outputs/chkp/wfe_study_resx3_bis/chkp_callback_poly_wfe_study_resx3_128_bis_13_cycle1
63/63 - 240s - loss: 9.6451e-07 - mean_squared_error: 1.3261e-06 - val_loss: 1.4997e-08 - val_mean_squared_error: 1.4997e-08 - 240s/epoch - 4s/step
Epoch 56/100

Epoch 00056: mean_squared_error did not improve from 0.00000
63/63 - 243s - loss: 9.6653e-07 - mean_squared_error: 1.3280e-06 - val_loss: 1.5377e-08 - val_mean_squared_error: 1.5377e-08 - 243s/epoch - 4s/step
Epoch 57/100

Epoch 00057: mean_squared_error did not improve from 0.00000
63/63 - 240s - loss: 9.6919e-07 - mean_squared_error: 1.3300e-06 - val_loss: 1.6544e-08 - val_mean_squared_error: 1.6544e-08 - 240s/epoch - 4s/step
Epoch 58/100

Epoch 00058: mean_squared_error did not improve from 0.00000
63/63 - 241s - loss: 9.7666e-07 - mean_squared_error: 1.3363e-06 - val_loss: 2.7234e-08 - val_mean_squared_error: 2.7234e-08 - 241s/epoch - 4s/step
Epoch 59/100

Epoch 00059: mean_squared_error did not improve from 0.00000
63/63 - 241s - loss: 9.8161e-07 - mean_squared_error: 1.3405e-06 - val_loss: 1.7681e-08 - val_mean_squared_error: 1.7681e-08 - 241s/epoch - 4s/step
Epoch 60/100

Epoch 00060: mean_squared_error did not improve from 0.00000
63/63 - 240s - loss: 9.7220e-07 - mean_squared_error: 1.3326e-06 - val_loss: 1.4688e-08 - val_mean_squared_error: 1.4688e-08 - 240s/epoch - 4s/step
Epoch 61/100

Epoch 00061: mean_squared_error improved from 0.00000 to 0.00000, saving model to /gpfswork/rech/ynx/ulx23va/repo/wf-SEDs/model_WFE_size/wf-outputs/chkp/wfe_study_resx3_bis/chkp_callback_poly_wfe_study_resx3_128_bis_13_cycle1
63/63 - 241s - loss: 9.6277e-07 - mean_squared_error: 1.3246e-06 - val_loss: 1.3154e-08 - val_mean_squared_error: 1.3154e-08 - 241s/epoch - 4s/step
Epoch 62/100

Epoch 00062: mean_squared_error did not improve from 0.00000
63/63 - 239s - loss: 9.6345e-07 - mean_squared_error: 1.3253e-06 - val_loss: 1.4506e-08 - val_mean_squared_error: 1.4506e-08 - 239s/epoch - 4s/step
Epoch 63/100

Epoch 00063: mean_squared_error improved from 0.00000 to 0.00000, saving model to /gpfswork/rech/ynx/ulx23va/repo/wf-SEDs/model_WFE_size/wf-outputs/chkp/wfe_study_resx3_bis/chkp_callback_poly_wfe_study_resx3_128_bis_13_cycle1
63/63 - 241s - loss: 9.6250e-07 - mean_squared_error: 1.3243e-06 - val_loss: 1.4767e-08 - val_mean_squared_error: 1.4767e-08 - 241s/epoch - 4s/step
Epoch 64/100

Epoch 00064: mean_squared_error did not improve from 0.00000
63/63 - 240s - loss: 9.6453e-07 - mean_squared_error: 1.3262e-06 - val_loss: 1.3088e-08 - val_mean_squared_error: 1.3088e-08 - 240s/epoch - 4s/step
Epoch 65/100

Epoch 00065: mean_squared_error did not improve from 0.00000
63/63 - 241s - loss: 9.7370e-07 - mean_squared_error: 1.3335e-06 - val_loss: 2.9169e-08 - val_mean_squared_error: 2.9169e-08 - 241s/epoch - 4s/step
Epoch 66/100

Epoch 00066: mean_squared_error did not improve from 0.00000
63/63 - 240s - loss: 9.6748e-07 - mean_squared_error: 1.3291e-06 - val_loss: 1.4053e-08 - val_mean_squared_error: 1.4053e-08 - 240s/epoch - 4s/step
Epoch 67/100

Epoch 00067: mean_squared_error improved from 0.00000 to 0.00000, saving model to /gpfswork/rech/ynx/ulx23va/repo/wf-SEDs/model_WFE_size/wf-outputs/chkp/wfe_study_resx3_bis/chkp_callback_poly_wfe_study_resx3_128_bis_13_cycle1
63/63 - 241s - loss: 9.6248e-07 - mean_squared_error: 1.3243e-06 - val_loss: 1.4590e-08 - val_mean_squared_error: 1.4590e-08 - 241s/epoch - 4s/step
Epoch 68/100

Epoch 00068: mean_squared_error improved from 0.00000 to 0.00000, saving model to /gpfswork/rech/ynx/ulx23va/repo/wf-SEDs/model_WFE_size/wf-outputs/chkp/wfe_study_resx3_bis/chkp_callback_poly_wfe_study_resx3_128_bis_13_cycle1
63/63 - 240s - loss: 9.6212e-07 - mean_squared_error: 1.3239e-06 - val_loss: 1.2016e-08 - val_mean_squared_error: 1.2016e-08 - 240s/epoch - 4s/step
Epoch 69/100

Epoch 00069: mean_squared_error did not improve from 0.00000
63/63 - 238s - loss: 9.6207e-07 - mean_squared_error: 1.3240e-06 - val_loss: 1.4454e-08 - val_mean_squared_error: 1.4454e-08 - 238s/epoch - 4s/step
Epoch 70/100

Epoch 00070: mean_squared_error did not improve from 0.00000
63/63 - 241s - loss: 9.6494e-07 - mean_squared_error: 1.3265e-06 - val_loss: 1.6496e-08 - val_mean_squared_error: 1.6496e-08 - 241s/epoch - 4s/step
Epoch 71/100

Epoch 00071: mean_squared_error did not improve from 0.00000
63/63 - 241s - loss: 9.6255e-07 - mean_squared_error: 1.3244e-06 - val_loss: 1.1924e-08 - val_mean_squared_error: 1.1924e-08 - 241s/epoch - 4s/step
Epoch 72/100

Epoch 00072: mean_squared_error improved from 0.00000 to 0.00000, saving model to /gpfswork/rech/ynx/ulx23va/repo/wf-SEDs/model_WFE_size/wf-outputs/chkp/wfe_study_resx3_bis/chkp_callback_poly_wfe_study_resx3_128_bis_13_cycle1
63/63 - 240s - loss: 9.6121e-07 - mean_squared_error: 1.3231e-06 - val_loss: 1.1816e-08 - val_mean_squared_error: 1.1816e-08 - 240s/epoch - 4s/step
Epoch 73/100

Epoch 00073: mean_squared_error did not improve from 0.00000
63/63 - 239s - loss: 9.6172e-07 - mean_squared_error: 1.3233e-06 - val_loss: 1.4832e-08 - val_mean_squared_error: 1.4832e-08 - 239s/epoch - 4s/step
Epoch 74/100

Epoch 00074: mean_squared_error did not improve from 0.00000
63/63 - 242s - loss: 9.6271e-07 - mean_squared_error: 1.3245e-06 - val_loss: 1.3051e-08 - val_mean_squared_error: 1.3051e-08 - 242s/epoch - 4s/step
Epoch 75/100

Epoch 00075: mean_squared_error improved from 0.00000 to 0.00000, saving model to /gpfswork/rech/ynx/ulx23va/repo/wf-SEDs/model_WFE_size/wf-outputs/chkp/wfe_study_resx3_bis/chkp_callback_poly_wfe_study_resx3_128_bis_13_cycle1
63/63 - 240s - loss: 9.6068e-07 - mean_squared_error: 1.3225e-06 - val_loss: 1.1898e-08 - val_mean_squared_error: 1.1898e-08 - 240s/epoch - 4s/step
Epoch 76/100

Epoch 00076: mean_squared_error did not improve from 0.00000
63/63 - 239s - loss: 9.6265e-07 - mean_squared_error: 1.3244e-06 - val_loss: 1.3333e-08 - val_mean_squared_error: 1.3333e-08 - 239s/epoch - 4s/step
Epoch 77/100

Epoch 00077: mean_squared_error did not improve from 0.00000
63/63 - 242s - loss: 9.6128e-07 - mean_squared_error: 1.3231e-06 - val_loss: 1.1703e-08 - val_mean_squared_error: 1.1703e-08 - 242s/epoch - 4s/step
Epoch 78/100

Epoch 00078: mean_squared_error improved from 0.00000 to 0.00000, saving model to /gpfswork/rech/ynx/ulx23va/repo/wf-SEDs/model_WFE_size/wf-outputs/chkp/wfe_study_resx3_bis/chkp_callback_poly_wfe_study_resx3_128_bis_13_cycle1
63/63 - 239s - loss: 9.6013e-07 - mean_squared_error: 1.3221e-06 - val_loss: 1.1164e-08 - val_mean_squared_error: 1.1164e-08 - 239s/epoch - 4s/step
Epoch 79/100

Epoch 00079: mean_squared_error did not improve from 0.00000
63/63 - 241s - loss: 9.6099e-07 - mean_squared_error: 1.3229e-06 - val_loss: 1.1205e-08 - val_mean_squared_error: 1.1205e-08 - 241s/epoch - 4s/step
Epoch 80/100

Epoch 00080: mean_squared_error did not improve from 0.00000
63/63 - 240s - loss: 9.6029e-07 - mean_squared_error: 1.3225e-06 - val_loss: 1.1633e-08 - val_mean_squared_error: 1.1633e-08 - 240s/epoch - 4s/step
Epoch 81/100

Epoch 00081: mean_squared_error did not improve from 0.00000
63/63 - 240s - loss: 9.6102e-07 - mean_squared_error: 1.3226e-06 - val_loss: 1.5843e-08 - val_mean_squared_error: 1.5843e-08 - 240s/epoch - 4s/step
Epoch 82/100

Epoch 00082: mean_squared_error did not improve from 0.00000
63/63 - 244s - loss: 9.6375e-07 - mean_squared_error: 1.3251e-06 - val_loss: 1.4056e-08 - val_mean_squared_error: 1.4056e-08 - 244s/epoch - 4s/step
Epoch 83/100

Epoch 00083: mean_squared_error did not improve from 0.00000
63/63 - 241s - loss: 9.6294e-07 - mean_squared_error: 1.3248e-06 - val_loss: 1.6148e-08 - val_mean_squared_error: 1.6148e-08 - 241s/epoch - 4s/step
Epoch 84/100

Epoch 00084: mean_squared_error did not improve from 0.00000
63/63 - 242s - loss: 9.6643e-07 - mean_squared_error: 1.3272e-06 - val_loss: 1.4183e-08 - val_mean_squared_error: 1.4183e-08 - 242s/epoch - 4s/step
Epoch 85/100

Epoch 00085: mean_squared_error did not improve from 0.00000
63/63 - 240s - loss: 9.6061e-07 - mean_squared_error: 1.3227e-06 - val_loss: 1.0817e-08 - val_mean_squared_error: 1.0817e-08 - 240s/epoch - 4s/step
Epoch 86/100

Epoch 00086: mean_squared_error improved from 0.00000 to 0.00000, saving model to /gpfswork/rech/ynx/ulx23va/repo/wf-SEDs/model_WFE_size/wf-outputs/chkp/wfe_study_resx3_bis/chkp_callback_poly_wfe_study_resx3_128_bis_13_cycle1
63/63 - 243s - loss: 9.5925e-07 - mean_squared_error: 1.3213e-06 - val_loss: 1.1841e-08 - val_mean_squared_error: 1.1841e-08 - 243s/epoch - 4s/step
Epoch 87/100

Epoch 00087: mean_squared_error did not improve from 0.00000
63/63 - 240s - loss: 9.5954e-07 - mean_squared_error: 1.3215e-06 - val_loss: 1.2375e-08 - val_mean_squared_error: 1.2375e-08 - 240s/epoch - 4s/step
Epoch 88/100

Epoch 00088: mean_squared_error improved from 0.00000 to 0.00000, saving model to /gpfswork/rech/ynx/ulx23va/repo/wf-SEDs/model_WFE_size/wf-outputs/chkp/wfe_study_resx3_bis/chkp_callback_poly_wfe_study_resx3_128_bis_13_cycle1
63/63 - 241s - loss: 9.5915e-07 - mean_squared_error: 1.3213e-06 - val_loss: 1.3228e-08 - val_mean_squared_error: 1.3228e-08 - 241s/epoch - 4s/step
Epoch 89/100

Epoch 00089: mean_squared_error did not improve from 0.00000
63/63 - 239s - loss: 9.6094e-07 - mean_squared_error: 1.3227e-06 - val_loss: 1.8657e-08 - val_mean_squared_error: 1.8657e-08 - 239s/epoch - 4s/step
Epoch 90/100

Epoch 00090: mean_squared_error did not improve from 0.00000
63/63 - 242s - loss: 9.6257e-07 - mean_squared_error: 1.3243e-06 - val_loss: 1.3009e-08 - val_mean_squared_error: 1.3009e-08 - 242s/epoch - 4s/step
Epoch 91/100

Epoch 00091: mean_squared_error did not improve from 0.00000
63/63 - 240s - loss: 9.6028e-07 - mean_squared_error: 1.3222e-06 - val_loss: 1.3910e-08 - val_mean_squared_error: 1.3910e-08 - 240s/epoch - 4s/step
Epoch 92/100

Epoch 00092: mean_squared_error did not improve from 0.00000
63/63 - 241s - loss: 9.6124e-07 - mean_squared_error: 1.3229e-06 - val_loss: 1.0568e-08 - val_mean_squared_error: 1.0568e-08 - 241s/epoch - 4s/step
Epoch 93/100

Epoch 00093: mean_squared_error improved from 0.00000 to 0.00000, saving model to /gpfswork/rech/ynx/ulx23va/repo/wf-SEDs/model_WFE_size/wf-outputs/chkp/wfe_study_resx3_bis/chkp_callback_poly_wfe_study_resx3_128_bis_13_cycle1
63/63 - 242s - loss: 9.5845e-07 - mean_squared_error: 1.3208e-06 - val_loss: 1.3261e-08 - val_mean_squared_error: 1.3261e-08 - 242s/epoch - 4s/step
Epoch 94/100

Epoch 00094: mean_squared_error did not improve from 0.00000
63/63 - 240s - loss: 9.5914e-07 - mean_squared_error: 1.3211e-06 - val_loss: 1.1621e-08 - val_mean_squared_error: 1.1621e-08 - 240s/epoch - 4s/step
Epoch 95/100

Epoch 00095: mean_squared_error did not improve from 0.00000
63/63 - 240s - loss: 9.6013e-07 - mean_squared_error: 1.3220e-06 - val_loss: 1.2962e-08 - val_mean_squared_error: 1.2962e-08 - 240s/epoch - 4s/step
Epoch 96/100

Epoch 00096: mean_squared_error did not improve from 0.00000
63/63 - 241s - loss: 9.5942e-07 - mean_squared_error: 1.3215e-06 - val_loss: 1.2118e-08 - val_mean_squared_error: 1.2118e-08 - 241s/epoch - 4s/step
Epoch 97/100

Epoch 00097: mean_squared_error did not improve from 0.00000
63/63 - 239s - loss: 9.6105e-07 - mean_squared_error: 1.3228e-06 - val_loss: 1.6051e-08 - val_mean_squared_error: 1.6051e-08 - 239s/epoch - 4s/step
Epoch 98/100

Epoch 00098: mean_squared_error did not improve from 0.00000
63/63 - 241s - loss: 9.6147e-07 - mean_squared_error: 1.3234e-06 - val_loss: 1.2979e-08 - val_mean_squared_error: 1.2979e-08 - 241s/epoch - 4s/step
Epoch 99/100

Epoch 00099: mean_squared_error did not improve from 0.00000
63/63 - 240s - loss: 9.6005e-07 - mean_squared_error: 1.3219e-06 - val_loss: 1.1220e-08 - val_mean_squared_error: 1.1220e-08 - 240s/epoch - 4s/step
Epoch 100/100

Epoch 00100: mean_squared_error did not improve from 0.00000
63/63 - 240s - loss: 9.5872e-07 - mean_squared_error: 1.3208e-06 - val_loss: 1.4897e-08 - val_mean_squared_error: 1.4897e-08 - 240s/epoch - 4s/step
Cycle1 elapsed time: 27747.567637
Starting cycle 2..
Starting parametric update..
Epoch 1/15

Epoch 00001: mean_squared_error improved from inf to 0.00000, saving model to /gpfswork/rech/ynx/ulx23va/repo/wf-SEDs/model_WFE_size/wf-outputs/chkp/wfe_study_resx3_bis/chkp_callback_poly_wfe_study_resx3_128_bis_13_cycle2
63/63 - 249s - loss: 9.5873e-07 - mean_squared_error: 1.3208e-06 - val_loss: 1.1408e-08 - val_mean_squared_error: 1.1408e-08 - 249s/epoch - 4s/step
Epoch 2/15

Epoch 00002: mean_squared_error did not improve from 0.00000
63/63 - 241s - loss: 9.5900e-07 - mean_squared_error: 1.3212e-06 - val_loss: 1.2607e-08 - val_mean_squared_error: 1.2607e-08 - 241s/epoch - 4s/step
Epoch 3/15

Epoch 00003: mean_squared_error did not improve from 0.00000
63/63 - 247s - loss: 9.6074e-07 - mean_squared_error: 1.3227e-06 - val_loss: 1.5498e-08 - val_mean_squared_error: 1.5498e-08 - 247s/epoch - 4s/step
Epoch 4/15

Epoch 00004: mean_squared_error did not improve from 0.00000
63/63 - 246s - loss: 9.6489e-07 - mean_squared_error: 1.3263e-06 - val_loss: 1.5601e-08 - val_mean_squared_error: 1.5601e-08 - 246s/epoch - 4s/step
Epoch 5/15

Epoch 00005: mean_squared_error did not improve from 0.00000
63/63 - 248s - loss: 9.6311e-07 - mean_squared_error: 1.3247e-06 - val_loss: 1.6821e-08 - val_mean_squared_error: 1.6821e-08 - 248s/epoch - 4s/step
Epoch 6/15

Epoch 00006: mean_squared_error did not improve from 0.00000
63/63 - 247s - loss: 9.6276e-07 - mean_squared_error: 1.3244e-06 - val_loss: 1.9305e-08 - val_mean_squared_error: 1.9305e-08 - 247s/epoch - 4s/step
Epoch 7/15

Epoch 00007: mean_squared_error did not improve from 0.00000
63/63 - 246s - loss: 9.6552e-07 - mean_squared_error: 1.3270e-06 - val_loss: 1.3132e-08 - val_mean_squared_error: 1.3132e-08 - 246s/epoch - 4s/step
Epoch 8/15

Epoch 00008: mean_squared_error did not improve from 0.00000
63/63 - 247s - loss: 9.7747e-07 - mean_squared_error: 1.3380e-06 - val_loss: 3.2984e-08 - val_mean_squared_error: 3.2984e-08 - 247s/epoch - 4s/step
Epoch 9/15

Epoch 00009: mean_squared_error did not improve from 0.00000
63/63 - 246s - loss: 9.6653e-07 - mean_squared_error: 1.3275e-06 - val_loss: 1.3226e-08 - val_mean_squared_error: 1.3226e-08 - 246s/epoch - 4s/step
Epoch 10/15

Epoch 00010: mean_squared_error did not improve from 0.00000
63/63 - 245s - loss: 9.6214e-07 - mean_squared_error: 1.3238e-06 - val_loss: 1.3726e-08 - val_mean_squared_error: 1.3726e-08 - 245s/epoch - 4s/step
Epoch 11/15

Epoch 00011: mean_squared_error did not improve from 0.00000
63/63 - 247s - loss: 9.6207e-07 - mean_squared_error: 1.3239e-06 - val_loss: 1.8275e-08 - val_mean_squared_error: 1.8275e-08 - 247s/epoch - 4s/step
Epoch 12/15

Epoch 00012: mean_squared_error did not improve from 0.00000
63/63 - 247s - loss: 9.6569e-07 - mean_squared_error: 1.3271e-06 - val_loss: 6.2952e-08 - val_mean_squared_error: 6.2952e-08 - 247s/epoch - 4s/step
Epoch 13/15

Epoch 00013: mean_squared_error did not improve from 0.00000
63/63 - 246s - loss: 1.0422e-06 - mean_squared_error: 1.3955e-06 - val_loss: 3.3980e-08 - val_mean_squared_error: 3.3980e-08 - 246s/epoch - 4s/step
Epoch 14/15

Epoch 00014: mean_squared_error did not improve from 0.00000
63/63 - 246s - loss: 9.7265e-07 - mean_squared_error: 1.3332e-06 - val_loss: 2.8397e-08 - val_mean_squared_error: 2.8397e-08 - 246s/epoch - 4s/step
Epoch 15/15

Epoch 00015: mean_squared_error did not improve from 0.00000
63/63 - 247s - loss: 9.7081e-07 - mean_squared_error: 1.3320e-06 - val_loss: 2.1362e-08 - val_mean_squared_error: 2.1362e-08 - 247s/epoch - 4s/step
Starting non-parametric update..
Epoch 1/50

Epoch 00001: mean_squared_error did not improve from 0.00000
63/63 - 220s - loss: 9.5934e-07 - mean_squared_error: 1.3214e-06 - val_loss: 9.3021e-09 - val_mean_squared_error: 9.3021e-09 - 220s/epoch - 3s/step
Epoch 2/50

Epoch 00002: mean_squared_error improved from 0.00000 to 0.00000, saving model to /gpfswork/rech/ynx/ulx23va/repo/wf-SEDs/model_WFE_size/wf-outputs/chkp/wfe_study_resx3_bis/chkp_callback_poly_wfe_study_resx3_128_bis_13_cycle2
63/63 - 201s - loss: 9.5561e-07 - mean_squared_error: 1.3181e-06 - val_loss: 8.8537e-09 - val_mean_squared_error: 8.8537e-09 - 201s/epoch - 3s/step
Epoch 3/50

Epoch 00003: mean_squared_error improved from 0.00000 to 0.00000, saving model to /gpfswork/rech/ynx/ulx23va/repo/wf-SEDs/model_WFE_size/wf-outputs/chkp/wfe_study_resx3_bis/chkp_callback_poly_wfe_study_resx3_128_bis_13_cycle2
63/63 - 230s - loss: 9.5539e-07 - mean_squared_error: 1.3179e-06 - val_loss: 8.6857e-09 - val_mean_squared_error: 8.6857e-09 - 230s/epoch - 4s/step
Epoch 4/50

Epoch 00004: mean_squared_error improved from 0.00000 to 0.00000, saving model to /gpfswork/rech/ynx/ulx23va/repo/wf-SEDs/model_WFE_size/wf-outputs/chkp/wfe_study_resx3_bis/chkp_callback_poly_wfe_study_resx3_128_bis_13_cycle2
63/63 - 200s - loss: 9.5537e-07 - mean_squared_error: 1.3179e-06 - val_loss: 8.7517e-09 - val_mean_squared_error: 8.7517e-09 - 200s/epoch - 3s/step
Epoch 5/50

Epoch 00005: mean_squared_error did not improve from 0.00000
63/63 - 200s - loss: 9.5539e-07 - mean_squared_error: 1.3179e-06 - val_loss: 8.8262e-09 - val_mean_squared_error: 8.8262e-09 - 200s/epoch - 3s/step
Epoch 6/50

Epoch 00006: mean_squared_error improved from 0.00000 to 0.00000, saving model to /gpfswork/rech/ynx/ulx23va/repo/wf-SEDs/model_WFE_size/wf-outputs/chkp/wfe_study_resx3_bis/chkp_callback_poly_wfe_study_resx3_128_bis_13_cycle2
63/63 - 200s - loss: 9.5539e-07 - mean_squared_error: 1.3179e-06 - val_loss: 9.0489e-09 - val_mean_squared_error: 9.0489e-09 - 200s/epoch - 3s/step
Epoch 7/50

Epoch 00007: mean_squared_error improved from 0.00000 to 0.00000, saving model to /gpfswork/rech/ynx/ulx23va/repo/wf-SEDs/model_WFE_size/wf-outputs/chkp/wfe_study_resx3_bis/chkp_callback_poly_wfe_study_resx3_128_bis_13_cycle2
63/63 - 201s - loss: 9.5534e-07 - mean_squared_error: 1.3179e-06 - val_loss: 8.6519e-09 - val_mean_squared_error: 8.6519e-09 - 201s/epoch - 3s/step
Epoch 8/50

Epoch 00008: mean_squared_error improved from 0.00000 to 0.00000, saving model to /gpfswork/rech/ynx/ulx23va/repo/wf-SEDs/model_WFE_size/wf-outputs/chkp/wfe_study_resx3_bis/chkp_callback_poly_wfe_study_resx3_128_bis_13_cycle2
63/63 - 201s - loss: 9.5533e-07 - mean_squared_error: 1.3178e-06 - val_loss: 8.6757e-09 - val_mean_squared_error: 8.6757e-09 - 201s/epoch - 3s/step
Epoch 9/50

Epoch 00009: mean_squared_error did not improve from 0.00000
63/63 - 204s - loss: 9.5536e-07 - mean_squared_error: 1.3179e-06 - val_loss: 8.6931e-09 - val_mean_squared_error: 8.6931e-09 - 204s/epoch - 3s/step
Epoch 10/50

Epoch 00010: mean_squared_error did not improve from 0.00000
63/63 - 201s - loss: 9.5548e-07 - mean_squared_error: 1.3180e-06 - val_loss: 8.8107e-09 - val_mean_squared_error: 8.8107e-09 - 201s/epoch - 3s/step
Epoch 11/50

Epoch 00011: mean_squared_error did not improve from 0.00000
63/63 - 226s - loss: 9.5552e-07 - mean_squared_error: 1.3180e-06 - val_loss: 8.6798e-09 - val_mean_squared_error: 8.6798e-09 - 226s/epoch - 4s/step
Epoch 12/50

Epoch 00012: mean_squared_error did not improve from 0.00000
63/63 - 195s - loss: 9.5534e-07 - mean_squared_error: 1.3179e-06 - val_loss: 9.1366e-09 - val_mean_squared_error: 9.1366e-09 - 195s/epoch - 3s/step
Epoch 13/50

Epoch 00013: mean_squared_error did not improve from 0.00000
63/63 - 194s - loss: 9.5542e-07 - mean_squared_error: 1.3179e-06 - val_loss: 8.8333e-09 - val_mean_squared_error: 8.8333e-09 - 194s/epoch - 3s/step
Epoch 14/50

Epoch 00014: mean_squared_error improved from 0.00000 to 0.00000, saving model to /gpfswork/rech/ynx/ulx23va/repo/wf-SEDs/model_WFE_size/wf-outputs/chkp/wfe_study_resx3_bis/chkp_callback_poly_wfe_study_resx3_128_bis_13_cycle2
63/63 - 194s - loss: 9.5536e-07 - mean_squared_error: 1.3178e-06 - val_loss: 8.8803e-09 - val_mean_squared_error: 8.8803e-09 - 194s/epoch - 3s/step
Epoch 15/50

Epoch 00015: mean_squared_error did not improve from 0.00000
63/63 - 195s - loss: 9.5536e-07 - mean_squared_error: 1.3179e-06 - val_loss: 9.3509e-09 - val_mean_squared_error: 9.3509e-09 - 195s/epoch - 3s/step
Epoch 16/50

Epoch 00016: mean_squared_error did not improve from 0.00000
63/63 - 194s - loss: 9.5544e-07 - mean_squared_error: 1.3179e-06 - val_loss: 8.6047e-09 - val_mean_squared_error: 8.6047e-09 - 194s/epoch - 3s/step
Epoch 17/50

Epoch 00017: mean_squared_error did not improve from 0.00000
63/63 - 196s - loss: 9.5531e-07 - mean_squared_error: 1.3178e-06 - val_loss: 8.7236e-09 - val_mean_squared_error: 8.7236e-09 - 196s/epoch - 3s/step
Epoch 18/50

Epoch 00018: mean_squared_error improved from 0.00000 to 0.00000, saving model to /gpfswork/rech/ynx/ulx23va/repo/wf-SEDs/model_WFE_size/wf-outputs/chkp/wfe_study_resx3_bis/chkp_callback_poly_wfe_study_resx3_128_bis_13_cycle2
63/63 - 196s - loss: 9.5525e-07 - mean_squared_error: 1.3177e-06 - val_loss: 8.7841e-09 - val_mean_squared_error: 8.7841e-09 - 196s/epoch - 3s/step
Epoch 19/50

Epoch 00019: mean_squared_error did not improve from 0.00000
63/63 - 195s - loss: 9.5533e-07 - mean_squared_error: 1.3178e-06 - val_loss: 8.7232e-09 - val_mean_squared_error: 8.7232e-09 - 195s/epoch - 3s/step
Epoch 20/50

Epoch 00020: mean_squared_error improved from 0.00000 to 0.00000, saving model to /gpfswork/rech/ynx/ulx23va/repo/wf-SEDs/model_WFE_size/wf-outputs/chkp/wfe_study_resx3_bis/chkp_callback_poly_wfe_study_resx3_128_bis_13_cycle2
63/63 - 195s - loss: 9.5527e-07 - mean_squared_error: 1.3177e-06 - val_loss: 8.8293e-09 - val_mean_squared_error: 8.8293e-09 - 195s/epoch - 3s/step
Epoch 21/50

Epoch 00021: mean_squared_error did not improve from 0.00000
63/63 - 194s - loss: 9.5541e-07 - mean_squared_error: 1.3179e-06 - val_loss: 8.6168e-09 - val_mean_squared_error: 8.6168e-09 - 194s/epoch - 3s/step
Epoch 22/50

Epoch 00022: mean_squared_error did not improve from 0.00000
63/63 - 196s - loss: 9.5521e-07 - mean_squared_error: 1.3177e-06 - val_loss: 8.8004e-09 - val_mean_squared_error: 8.8004e-09 - 196s/epoch - 3s/step
Epoch 23/50

Epoch 00023: mean_squared_error did not improve from 0.00000
63/63 - 194s - loss: 9.5527e-07 - mean_squared_error: 1.3178e-06 - val_loss: 8.7936e-09 - val_mean_squared_error: 8.7936e-09 - 194s/epoch - 3s/step
Epoch 24/50

Epoch 00024: mean_squared_error did not improve from 0.00000
63/63 - 196s - loss: 9.5528e-07 - mean_squared_error: 1.3178e-06 - val_loss: 8.4626e-09 - val_mean_squared_error: 8.4626e-09 - 196s/epoch - 3s/step
Epoch 25/50

Epoch 00025: mean_squared_error improved from 0.00000 to 0.00000, saving model to /gpfswork/rech/ynx/ulx23va/repo/wf-SEDs/model_WFE_size/wf-outputs/chkp/wfe_study_resx3_bis/chkp_callback_poly_wfe_study_resx3_128_bis_13_cycle2
63/63 - 195s - loss: 9.5522e-07 - mean_squared_error: 1.3177e-06 - val_loss: 9.2218e-09 - val_mean_squared_error: 9.2218e-09 - 195s/epoch - 3s/step
Epoch 26/50

Epoch 00026: mean_squared_error did not improve from 0.00000
63/63 - 195s - loss: 9.5557e-07 - mean_squared_error: 1.3180e-06 - val_loss: 9.4704e-09 - val_mean_squared_error: 9.4704e-09 - 195s/epoch - 3s/step
Epoch 27/50

Epoch 00027: mean_squared_error did not improve from 0.00000
63/63 - 195s - loss: 9.5533e-07 - mean_squared_error: 1.3178e-06 - val_loss: 8.6780e-09 - val_mean_squared_error: 8.6780e-09 - 195s/epoch - 3s/step
Epoch 28/50

Epoch 00028: mean_squared_error did not improve from 0.00000
63/63 - 194s - loss: 9.5536e-07 - mean_squared_error: 1.3179e-06 - val_loss: 8.7566e-09 - val_mean_squared_error: 8.7566e-09 - 194s/epoch - 3s/step
Epoch 29/50

Epoch 00029: mean_squared_error improved from 0.00000 to 0.00000, saving model to /gpfswork/rech/ynx/ulx23va/repo/wf-SEDs/model_WFE_size/wf-outputs/chkp/wfe_study_resx3_bis/chkp_callback_poly_wfe_study_resx3_128_bis_13_cycle2
63/63 - 194s - loss: 9.5518e-07 - mean_squared_error: 1.3177e-06 - val_loss: 9.2600e-09 - val_mean_squared_error: 9.2600e-09 - 194s/epoch - 3s/step
Epoch 30/50

Epoch 00030: mean_squared_error did not improve from 0.00000
63/63 - 196s - loss: 9.5546e-07 - mean_squared_error: 1.3180e-06 - val_loss: 9.1353e-09 - val_mean_squared_error: 9.1353e-09 - 196s/epoch - 3s/step
Epoch 31/50

Epoch 00031: mean_squared_error did not improve from 0.00000
63/63 - 195s - loss: 9.5529e-07 - mean_squared_error: 1.3177e-06 - val_loss: 8.7694e-09 - val_mean_squared_error: 8.7694e-09 - 195s/epoch - 3s/step
Epoch 32/50

Epoch 00032: mean_squared_error improved from 0.00000 to 0.00000, saving model to /gpfswork/rech/ynx/ulx23va/repo/wf-SEDs/model_WFE_size/wf-outputs/chkp/wfe_study_resx3_bis/chkp_callback_poly_wfe_study_resx3_128_bis_13_cycle2
63/63 - 195s - loss: 9.5520e-07 - mean_squared_error: 1.3177e-06 - val_loss: 8.6679e-09 - val_mean_squared_error: 8.6679e-09 - 195s/epoch - 3s/step
Epoch 33/50

Epoch 00033: mean_squared_error improved from 0.00000 to 0.00000, saving model to /gpfswork/rech/ynx/ulx23va/repo/wf-SEDs/model_WFE_size/wf-outputs/chkp/wfe_study_resx3_bis/chkp_callback_poly_wfe_study_resx3_128_bis_13_cycle2
63/63 - 195s - loss: 9.5503e-07 - mean_squared_error: 1.3175e-06 - val_loss: 8.5794e-09 - val_mean_squared_error: 8.5794e-09 - 195s/epoch - 3s/step
Epoch 34/50

Epoch 00034: mean_squared_error did not improve from 0.00000
63/63 - 196s - loss: 9.5512e-07 - mean_squared_error: 1.3175e-06 - val_loss: 8.8251e-09 - val_mean_squared_error: 8.8251e-09 - 196s/epoch - 3s/step
Epoch 35/50

Epoch 00035: mean_squared_error did not improve from 0.00000
63/63 - 195s - loss: 9.5569e-07 - mean_squared_error: 1.3181e-06 - val_loss: 1.0079e-08 - val_mean_squared_error: 1.0079e-08 - 195s/epoch - 3s/step
Epoch 36/50

Epoch 00036: mean_squared_error did not improve from 0.00000
63/63 - 196s - loss: 9.5553e-07 - mean_squared_error: 1.3181e-06 - val_loss: 8.7267e-09 - val_mean_squared_error: 8.7267e-09 - 196s/epoch - 3s/step
Epoch 37/50

Epoch 00037: mean_squared_error improved from 0.00000 to 0.00000, saving model to /gpfswork/rech/ynx/ulx23va/repo/wf-SEDs/model_WFE_size/wf-outputs/chkp/wfe_study_resx3_bis/chkp_callback_poly_wfe_study_resx3_128_bis_13_cycle2
63/63 - 195s - loss: 9.5501e-07 - mean_squared_error: 1.3175e-06 - val_loss: 9.0079e-09 - val_mean_squared_error: 9.0079e-09 - 195s/epoch - 3s/step
Epoch 38/50

Epoch 00038: mean_squared_error did not improve from 0.00000
63/63 - 196s - loss: 9.5533e-07 - mean_squared_error: 1.3178e-06 - val_loss: 8.8605e-09 - val_mean_squared_error: 8.8605e-09 - 196s/epoch - 3s/step
Epoch 39/50

Epoch 00039: mean_squared_error did not improve from 0.00000
63/63 - 195s - loss: 9.5508e-07 - mean_squared_error: 1.3176e-06 - val_loss: 8.7890e-09 - val_mean_squared_error: 8.7890e-09 - 195s/epoch - 3s/step
Epoch 40/50

Epoch 00040: mean_squared_error did not improve from 0.00000
63/63 - 196s - loss: 9.5523e-07 - mean_squared_error: 1.3176e-06 - val_loss: 8.8445e-09 - val_mean_squared_error: 8.8445e-09 - 196s/epoch - 3s/step
Epoch 41/50

Epoch 00041: mean_squared_error did not improve from 0.00000
63/63 - 195s - loss: 9.5500e-07 - mean_squared_error: 1.3175e-06 - val_loss: 8.8548e-09 - val_mean_squared_error: 8.8548e-09 - 195s/epoch - 3s/step
Epoch 42/50

Epoch 00042: mean_squared_error did not improve from 0.00000
63/63 - 195s - loss: 9.5570e-07 - mean_squared_error: 1.3180e-06 - val_loss: 9.2831e-09 - val_mean_squared_error: 9.2831e-09 - 195s/epoch - 3s/step
Epoch 43/50

Epoch 00043: mean_squared_error did not improve from 0.00000
63/63 - 194s - loss: 9.5510e-07 - mean_squared_error: 1.3175e-06 - val_loss: 8.7723e-09 - val_mean_squared_error: 8.7723e-09 - 194s/epoch - 3s/step
Epoch 44/50

Epoch 00044: mean_squared_error improved from 0.00000 to 0.00000, saving model to /gpfswork/rech/ynx/ulx23va/repo/wf-SEDs/model_WFE_size/wf-outputs/chkp/wfe_study_resx3_bis/chkp_callback_poly_wfe_study_resx3_128_bis_13_cycle2
63/63 - 195s - loss: 9.5487e-07 - mean_squared_error: 1.3174e-06 - val_loss: 8.5552e-09 - val_mean_squared_error: 8.5552e-09 - 195s/epoch - 3s/step
Epoch 45/50

Epoch 00045: mean_squared_error did not improve from 0.00000
63/63 - 195s - loss: 9.5524e-07 - mean_squared_error: 1.3177e-06 - val_loss: 9.2663e-09 - val_mean_squared_error: 9.2663e-09 - 195s/epoch - 3s/step
Epoch 46/50

Epoch 00046: mean_squared_error improved from 0.00000 to 0.00000, saving model to /gpfswork/rech/ynx/ulx23va/repo/wf-SEDs/model_WFE_size/wf-outputs/chkp/wfe_study_resx3_bis/chkp_callback_poly_wfe_study_resx3_128_bis_13_cycle2
63/63 - 194s - loss: 9.5495e-07 - mean_squared_error: 1.3174e-06 - val_loss: 8.5480e-09 - val_mean_squared_error: 8.5480e-09 - 194s/epoch - 3s/step
Epoch 47/50

Epoch 00047: mean_squared_error did not improve from 0.00000
63/63 - 196s - loss: 9.5516e-07 - mean_squared_error: 1.3176e-06 - val_loss: 9.3783e-09 - val_mean_squared_error: 9.3783e-09 - 196s/epoch - 3s/step
Epoch 48/50

Epoch 00048: mean_squared_error did not improve from 0.00000
63/63 - 195s - loss: 9.5924e-07 - mean_squared_error: 1.3206e-06 - val_loss: 1.5849e-08 - val_mean_squared_error: 1.5849e-08 - 195s/epoch - 3s/step
Epoch 49/50

Epoch 00049: mean_squared_error did not improve from 0.00000
63/63 - 194s - loss: 9.5807e-07 - mean_squared_error: 1.3200e-06 - val_loss: 9.3538e-09 - val_mean_squared_error: 9.3538e-09 - 194s/epoch - 3s/step
Epoch 50/50

Epoch 00050: mean_squared_error did not improve from 0.00000
63/63 - 195s - loss: 9.5589e-07 - mean_squared_error: 1.3182e-06 - val_loss: 8.9684e-09 - val_mean_squared_error: 8.9684e-09 - 195s/epoch - 3s/step
Cycle2 elapsed time: 13592.275366

Total elapsed time: 41344.263381

 Good bye..
