Starting the log file.
Found GPU at: /device:GPU:0
tf_version: 2.7.0
Zernike cube:
(15, 64, 64)
Dataset parameters:
{'d_max': 2, 'max_order': 45, 'x_lims': [0, 1000.0], 'y_lims': [0, 1000.0], 'grid_points': [4, 4], 'n_bins': 20, 'max_wfe_rms': 0.1, 'oversampling_rate': 3.0, 'output_Q': 3.0, 'output_dim': 32, 'LP_filter_length': 2, 'pupil_diameter': 4096, 'euclid_obsc': True, 'n_stars': 2000}
Starting cycle 1..
Starting parametric update..
Epoch 1/15

Epoch 00001: mean_squared_error improved from inf to 0.00001, saving model to /gpfswork/rech/ynx/ulx23va/repo/wf-SEDs/model_WFE_size/wf-outputs/chkp/wfe_study_resx3_bis/chkp_callback_poly_wfe_study_resx3_064_bis_1_cycle1
63/63 - 119s - loss: 7.1548e-06 - mean_squared_error: 6.7859e-06 - val_loss: 1.6014e-06 - val_mean_squared_error: 1.6014e-06 - 119s/epoch - 2s/step
Epoch 2/15

Epoch 00002: mean_squared_error improved from 0.00001 to 0.00000, saving model to /gpfswork/rech/ynx/ulx23va/repo/wf-SEDs/model_WFE_size/wf-outputs/chkp/wfe_study_resx3_bis/chkp_callback_poly_wfe_study_resx3_064_bis_1_cycle1
63/63 - 113s - loss: 2.4573e-06 - mean_squared_error: 2.6187e-06 - val_loss: 1.1142e-06 - val_mean_squared_error: 1.1142e-06 - 113s/epoch - 2s/step
Epoch 3/15

Epoch 00003: mean_squared_error improved from 0.00000 to 0.00000, saving model to /gpfswork/rech/ynx/ulx23va/repo/wf-SEDs/model_WFE_size/wf-outputs/chkp/wfe_study_resx3_bis/chkp_callback_poly_wfe_study_resx3_064_bis_1_cycle1
63/63 - 113s - loss: 2.1682e-06 - mean_squared_error: 2.3864e-06 - val_loss: 9.4473e-07 - val_mean_squared_error: 9.4473e-07 - 113s/epoch - 2s/step
Epoch 4/15

Epoch 00004: mean_squared_error improved from 0.00000 to 0.00000, saving model to /gpfswork/rech/ynx/ulx23va/repo/wf-SEDs/model_WFE_size/wf-outputs/chkp/wfe_study_resx3_bis/chkp_callback_poly_wfe_study_resx3_064_bis_1_cycle1
63/63 - 114s - loss: 1.9874e-06 - mean_squared_error: 2.2502e-06 - val_loss: 8.9781e-07 - val_mean_squared_error: 8.9781e-07 - 114s/epoch - 2s/step
Epoch 5/15

Epoch 00005: mean_squared_error improved from 0.00000 to 0.00000, saving model to /gpfswork/rech/ynx/ulx23va/repo/wf-SEDs/model_WFE_size/wf-outputs/chkp/wfe_study_resx3_bis/chkp_callback_poly_wfe_study_resx3_064_bis_1_cycle1
63/63 - 114s - loss: 1.9370e-06 - mean_squared_error: 2.2074e-06 - val_loss: 8.5981e-07 - val_mean_squared_error: 8.5981e-07 - 114s/epoch - 2s/step
Epoch 6/15

Epoch 00006: mean_squared_error improved from 0.00000 to 0.00000, saving model to /gpfswork/rech/ynx/ulx23va/repo/wf-SEDs/model_WFE_size/wf-outputs/chkp/wfe_study_resx3_bis/chkp_callback_poly_wfe_study_resx3_064_bis_1_cycle1
63/63 - 114s - loss: 1.9005e-06 - mean_squared_error: 2.1748e-06 - val_loss: 8.6029e-07 - val_mean_squared_error: 8.6029e-07 - 114s/epoch - 2s/step
Epoch 7/15

Epoch 00007: mean_squared_error did not improve from 0.00000
63/63 - 113s - loss: 1.9017e-06 - mean_squared_error: 2.1788e-06 - val_loss: 8.0899e-07 - val_mean_squared_error: 8.0899e-07 - 113s/epoch - 2s/step
Epoch 8/15

Epoch 00008: mean_squared_error improved from 0.00000 to 0.00000, saving model to /gpfswork/rech/ynx/ulx23va/repo/wf-SEDs/model_WFE_size/wf-outputs/chkp/wfe_study_resx3_bis/chkp_callback_poly_wfe_study_resx3_064_bis_1_cycle1
63/63 - 113s - loss: 1.8662e-06 - mean_squared_error: 2.1469e-06 - val_loss: 8.2954e-07 - val_mean_squared_error: 8.2954e-07 - 113s/epoch - 2s/step
Epoch 9/15

Epoch 00009: mean_squared_error improved from 0.00000 to 0.00000, saving model to /gpfswork/rech/ynx/ulx23va/repo/wf-SEDs/model_WFE_size/wf-outputs/chkp/wfe_study_resx3_bis/chkp_callback_poly_wfe_study_resx3_064_bis_1_cycle1
63/63 - 114s - loss: 1.8613e-06 - mean_squared_error: 2.1386e-06 - val_loss: 7.9833e-07 - val_mean_squared_error: 7.9833e-07 - 114s/epoch - 2s/step
Epoch 10/15

Epoch 00010: mean_squared_error improved from 0.00000 to 0.00000, saving model to /gpfswork/rech/ynx/ulx23va/repo/wf-SEDs/model_WFE_size/wf-outputs/chkp/wfe_study_resx3_bis/chkp_callback_poly_wfe_study_resx3_064_bis_1_cycle1
63/63 - 113s - loss: 1.8390e-06 - mean_squared_error: 2.1205e-06 - val_loss: 8.0536e-07 - val_mean_squared_error: 8.0536e-07 - 113s/epoch - 2s/step
Epoch 11/15

Epoch 00011: mean_squared_error improved from 0.00000 to 0.00000, saving model to /gpfswork/rech/ynx/ulx23va/repo/wf-SEDs/model_WFE_size/wf-outputs/chkp/wfe_study_resx3_bis/chkp_callback_poly_wfe_study_resx3_064_bis_1_cycle1
63/63 - 113s - loss: 1.8179e-06 - mean_squared_error: 2.1045e-06 - val_loss: 7.6330e-07 - val_mean_squared_error: 7.6330e-07 - 113s/epoch - 2s/step
Epoch 12/15

Epoch 00012: mean_squared_error improved from 0.00000 to 0.00000, saving model to /gpfswork/rech/ynx/ulx23va/repo/wf-SEDs/model_WFE_size/wf-outputs/chkp/wfe_study_resx3_bis/chkp_callback_poly_wfe_study_resx3_064_bis_1_cycle1
63/63 - 114s - loss: 1.7737e-06 - mean_squared_error: 2.0648e-06 - val_loss: 7.4743e-07 - val_mean_squared_error: 7.4743e-07 - 114s/epoch - 2s/step
Epoch 13/15

Epoch 00013: mean_squared_error improved from 0.00000 to 0.00000, saving model to /gpfswork/rech/ynx/ulx23va/repo/wf-SEDs/model_WFE_size/wf-outputs/chkp/wfe_study_resx3_bis/chkp_callback_poly_wfe_study_resx3_064_bis_1_cycle1
63/63 - 113s - loss: 1.7722e-06 - mean_squared_error: 2.0639e-06 - val_loss: 7.4638e-07 - val_mean_squared_error: 7.4638e-07 - 113s/epoch - 2s/step
Epoch 14/15

Epoch 00014: mean_squared_error did not improve from 0.00000
63/63 - 113s - loss: 1.7846e-06 - mean_squared_error: 2.0758e-06 - val_loss: 8.0633e-07 - val_mean_squared_error: 8.0633e-07 - 113s/epoch - 2s/step
Epoch 15/15

Epoch 00015: mean_squared_error did not improve from 0.00000
63/63 - 113s - loss: 1.8020e-06 - mean_squared_error: 2.0912e-06 - val_loss: 7.7658e-07 - val_mean_squared_error: 7.7658e-07 - 113s/epoch - 2s/step
Starting non-parametric update..
Epoch 1/100

Epoch 00001: mean_squared_error improved from 0.00000 to 0.00000, saving model to /gpfswork/rech/ynx/ulx23va/repo/wf-SEDs/model_WFE_size/wf-outputs/chkp/wfe_study_resx3_bis/chkp_callback_poly_wfe_study_resx3_064_bis_1_cycle1
63/63 - 110s - loss: 1.5614e-06 - mean_squared_error: 1.8840e-06 - val_loss: 3.7960e-07 - val_mean_squared_error: 3.7960e-07 - 110s/epoch - 2s/step
Epoch 2/100

Epoch 00002: mean_squared_error improved from 0.00000 to 0.00000, saving model to /gpfswork/rech/ynx/ulx23va/repo/wf-SEDs/model_WFE_size/wf-outputs/chkp/wfe_study_resx3_bis/chkp_callback_poly_wfe_study_resx3_064_bis_1_cycle1
63/63 - 107s - loss: 1.2449e-06 - mean_squared_error: 1.5846e-06 - val_loss: 2.0421e-07 - val_mean_squared_error: 2.0421e-07 - 107s/epoch - 2s/step
Epoch 3/100

Epoch 00003: mean_squared_error improved from 0.00000 to 0.00000, saving model to /gpfswork/rech/ynx/ulx23va/repo/wf-SEDs/model_WFE_size/wf-outputs/chkp/wfe_study_resx3_bis/chkp_callback_poly_wfe_study_resx3_064_bis_1_cycle1
63/63 - 108s - loss: 1.1336e-06 - mean_squared_error: 1.4807e-06 - val_loss: 1.4220e-07 - val_mean_squared_error: 1.4220e-07 - 108s/epoch - 2s/step
Epoch 4/100

Epoch 00004: mean_squared_error improved from 0.00000 to 0.00000, saving model to /gpfswork/rech/ynx/ulx23va/repo/wf-SEDs/model_WFE_size/wf-outputs/chkp/wfe_study_resx3_bis/chkp_callback_poly_wfe_study_resx3_064_bis_1_cycle1
63/63 - 107s - loss: 1.0843e-06 - mean_squared_error: 1.4359e-06 - val_loss: 1.0930e-07 - val_mean_squared_error: 1.0930e-07 - 107s/epoch - 2s/step
Epoch 5/100

Epoch 00005: mean_squared_error improved from 0.00000 to 0.00000, saving model to /gpfswork/rech/ynx/ulx23va/repo/wf-SEDs/model_WFE_size/wf-outputs/chkp/wfe_study_resx3_bis/chkp_callback_poly_wfe_study_resx3_064_bis_1_cycle1
63/63 - 107s - loss: 1.0740e-06 - mean_squared_error: 1.4239e-06 - val_loss: 1.4863e-07 - val_mean_squared_error: 1.4863e-07 - 107s/epoch - 2s/step
Epoch 6/100

Epoch 00006: mean_squared_error improved from 0.00000 to 0.00000, saving model to /gpfswork/rech/ynx/ulx23va/repo/wf-SEDs/model_WFE_size/wf-outputs/chkp/wfe_study_resx3_bis/chkp_callback_poly_wfe_study_resx3_064_bis_1_cycle1
63/63 - 107s - loss: 1.0628e-06 - mean_squared_error: 1.4142e-06 - val_loss: 8.0172e-08 - val_mean_squared_error: 8.0172e-08 - 107s/epoch - 2s/step
Epoch 7/100

Epoch 00007: mean_squared_error improved from 0.00000 to 0.00000, saving model to /gpfswork/rech/ynx/ulx23va/repo/wf-SEDs/model_WFE_size/wf-outputs/chkp/wfe_study_resx3_bis/chkp_callback_poly_wfe_study_resx3_064_bis_1_cycle1
63/63 - 107s - loss: 1.0280e-06 - mean_squared_error: 1.3843e-06 - val_loss: 6.8941e-08 - val_mean_squared_error: 6.8941e-08 - 107s/epoch - 2s/step
Epoch 8/100

Epoch 00008: mean_squared_error did not improve from 0.00000
63/63 - 107s - loss: 1.0327e-06 - mean_squared_error: 1.3874e-06 - val_loss: 6.4857e-08 - val_mean_squared_error: 6.4857e-08 - 107s/epoch - 2s/step
Epoch 9/100

Epoch 00009: mean_squared_error improved from 0.00000 to 0.00000, saving model to /gpfswork/rech/ynx/ulx23va/repo/wf-SEDs/model_WFE_size/wf-outputs/chkp/wfe_study_resx3_bis/chkp_callback_poly_wfe_study_resx3_064_bis_1_cycle1
63/63 - 107s - loss: 1.0282e-06 - mean_squared_error: 1.3833e-06 - val_loss: 8.9913e-08 - val_mean_squared_error: 8.9913e-08 - 107s/epoch - 2s/step
Epoch 10/100

Epoch 00010: mean_squared_error improved from 0.00000 to 0.00000, saving model to /gpfswork/rech/ynx/ulx23va/repo/wf-SEDs/model_WFE_size/wf-outputs/chkp/wfe_study_resx3_bis/chkp_callback_poly_wfe_study_resx3_064_bis_1_cycle1
63/63 - 107s - loss: 1.0254e-06 - mean_squared_error: 1.3807e-06 - val_loss: 6.5276e-08 - val_mean_squared_error: 6.5276e-08 - 107s/epoch - 2s/step
Epoch 11/100

Epoch 00011: mean_squared_error did not improve from 0.00000
63/63 - 107s - loss: 1.0364e-06 - mean_squared_error: 1.3874e-06 - val_loss: 5.5797e-08 - val_mean_squared_error: 5.5797e-08 - 107s/epoch - 2s/step
Epoch 12/100

Epoch 00012: mean_squared_error improved from 0.00000 to 0.00000, saving model to /gpfswork/rech/ynx/ulx23va/repo/wf-SEDs/model_WFE_size/wf-outputs/chkp/wfe_study_resx3_bis/chkp_callback_poly_wfe_study_resx3_064_bis_1_cycle1
63/63 - 107s - loss: 1.0186e-06 - mean_squared_error: 1.3739e-06 - val_loss: 6.0327e-08 - val_mean_squared_error: 6.0327e-08 - 107s/epoch - 2s/step
Epoch 13/100

Epoch 00013: mean_squared_error did not improve from 0.00000
63/63 - 107s - loss: 1.0425e-06 - mean_squared_error: 1.3952e-06 - val_loss: 6.7067e-08 - val_mean_squared_error: 6.7067e-08 - 107s/epoch - 2s/step
Epoch 14/100

Epoch 00014: mean_squared_error improved from 0.00000 to 0.00000, saving model to /gpfswork/rech/ynx/ulx23va/repo/wf-SEDs/model_WFE_size/wf-outputs/chkp/wfe_study_resx3_bis/chkp_callback_poly_wfe_study_resx3_064_bis_1_cycle1
63/63 - 107s - loss: 1.0055e-06 - mean_squared_error: 1.3632e-06 - val_loss: 4.1597e-08 - val_mean_squared_error: 4.1597e-08 - 107s/epoch - 2s/step
Epoch 15/100

Epoch 00015: mean_squared_error improved from 0.00000 to 0.00000, saving model to /gpfswork/rech/ynx/ulx23va/repo/wf-SEDs/model_WFE_size/wf-outputs/chkp/wfe_study_resx3_bis/chkp_callback_poly_wfe_study_resx3_064_bis_1_cycle1
63/63 - 107s - loss: 9.9636e-07 - mean_squared_error: 1.3546e-06 - val_loss: 4.6172e-08 - val_mean_squared_error: 4.6172e-08 - 107s/epoch - 2s/step
Epoch 16/100

Epoch 00016: mean_squared_error did not improve from 0.00000
63/63 - 107s - loss: 9.9813e-07 - mean_squared_error: 1.3564e-06 - val_loss: 4.8924e-08 - val_mean_squared_error: 4.8924e-08 - 107s/epoch - 2s/step
Epoch 17/100

Epoch 00017: mean_squared_error improved from 0.00000 to 0.00000, saving model to /gpfswork/rech/ynx/ulx23va/repo/wf-SEDs/model_WFE_size/wf-outputs/chkp/wfe_study_resx3_bis/chkp_callback_poly_wfe_study_resx3_064_bis_1_cycle1
63/63 - 107s - loss: 9.9618e-07 - mean_squared_error: 1.3542e-06 - val_loss: 3.6697e-08 - val_mean_squared_error: 3.6697e-08 - 107s/epoch - 2s/step
Epoch 18/100

Epoch 00018: mean_squared_error did not improve from 0.00000
63/63 - 107s - loss: 9.9894e-07 - mean_squared_error: 1.3560e-06 - val_loss: 4.1993e-08 - val_mean_squared_error: 4.1993e-08 - 107s/epoch - 2s/step
Epoch 19/100

Epoch 00019: mean_squared_error did not improve from 0.00000
63/63 - 107s - loss: 9.9679e-07 - mean_squared_error: 1.3547e-06 - val_loss: 3.4719e-08 - val_mean_squared_error: 3.4719e-08 - 107s/epoch - 2s/step
Epoch 20/100

Epoch 00020: mean_squared_error improved from 0.00000 to 0.00000, saving model to /gpfswork/rech/ynx/ulx23va/repo/wf-SEDs/model_WFE_size/wf-outputs/chkp/wfe_study_resx3_bis/chkp_callback_poly_wfe_study_resx3_064_bis_1_cycle1
63/63 - 107s - loss: 9.8887e-07 - mean_squared_error: 1.3480e-06 - val_loss: 3.3861e-08 - val_mean_squared_error: 3.3861e-08 - 107s/epoch - 2s/step
Epoch 21/100

Epoch 00021: mean_squared_error did not improve from 0.00000
63/63 - 107s - loss: 9.9627e-07 - mean_squared_error: 1.3547e-06 - val_loss: 3.7657e-08 - val_mean_squared_error: 3.7657e-08 - 107s/epoch - 2s/step
Epoch 22/100

Epoch 00022: mean_squared_error improved from 0.00000 to 0.00000, saving model to /gpfswork/rech/ynx/ulx23va/repo/wf-SEDs/model_WFE_size/wf-outputs/chkp/wfe_study_resx3_bis/chkp_callback_poly_wfe_study_resx3_064_bis_1_cycle1
63/63 - 107s - loss: 9.8637e-07 - mean_squared_error: 1.3462e-06 - val_loss: 3.7351e-08 - val_mean_squared_error: 3.7351e-08 - 107s/epoch - 2s/step
Epoch 23/100

Epoch 00023: mean_squared_error did not improve from 0.00000
63/63 - 107s - loss: 9.9279e-07 - mean_squared_error: 1.3510e-06 - val_loss: 3.4022e-08 - val_mean_squared_error: 3.4022e-08 - 107s/epoch - 2s/step
Epoch 24/100

Epoch 00024: mean_squared_error improved from 0.00000 to 0.00000, saving model to /gpfswork/rech/ynx/ulx23va/repo/wf-SEDs/model_WFE_size/wf-outputs/chkp/wfe_study_resx3_bis/chkp_callback_poly_wfe_study_resx3_064_bis_1_cycle1
63/63 - 107s - loss: 9.8497e-07 - mean_squared_error: 1.3443e-06 - val_loss: 3.5680e-08 - val_mean_squared_error: 3.5680e-08 - 107s/epoch - 2s/step
Epoch 25/100

Epoch 00025: mean_squared_error did not improve from 0.00000
63/63 - 107s - loss: 9.8580e-07 - mean_squared_error: 1.3452e-06 - val_loss: 3.8588e-08 - val_mean_squared_error: 3.8588e-08 - 107s/epoch - 2s/step
Epoch 26/100

Epoch 00026: mean_squared_error did not improve from 0.00000
63/63 - 107s - loss: 1.0294e-06 - mean_squared_error: 1.3816e-06 - val_loss: 4.5541e-08 - val_mean_squared_error: 4.5541e-08 - 107s/epoch - 2s/step
Epoch 27/100

Epoch 00027: mean_squared_error did not improve from 0.00000
63/63 - 107s - loss: 1.0005e-06 - mean_squared_error: 1.3571e-06 - val_loss: 4.3860e-08 - val_mean_squared_error: 4.3860e-08 - 107s/epoch - 2s/step
Epoch 28/100

Epoch 00028: mean_squared_error did not improve from 0.00000
63/63 - 107s - loss: 9.9629e-07 - mean_squared_error: 1.3541e-06 - val_loss: 3.1409e-08 - val_mean_squared_error: 3.1409e-08 - 107s/epoch - 2s/step
Epoch 29/100

Epoch 00029: mean_squared_error improved from 0.00000 to 0.00000, saving model to /gpfswork/rech/ynx/ulx23va/repo/wf-SEDs/model_WFE_size/wf-outputs/chkp/wfe_study_resx3_bis/chkp_callback_poly_wfe_study_resx3_064_bis_1_cycle1
63/63 - 107s - loss: 9.8381e-07 - mean_squared_error: 1.3436e-06 - val_loss: 3.6211e-08 - val_mean_squared_error: 3.6211e-08 - 107s/epoch - 2s/step
Epoch 30/100

Epoch 00030: mean_squared_error did not improve from 0.00000
63/63 - 107s - loss: 9.8966e-07 - mean_squared_error: 1.3478e-06 - val_loss: 2.8996e-08 - val_mean_squared_error: 2.8996e-08 - 107s/epoch - 2s/step
Epoch 31/100

Epoch 00031: mean_squared_error improved from 0.00000 to 0.00000, saving model to /gpfswork/rech/ynx/ulx23va/repo/wf-SEDs/model_WFE_size/wf-outputs/chkp/wfe_study_resx3_bis/chkp_callback_poly_wfe_study_resx3_064_bis_1_cycle1
63/63 - 107s - loss: 9.8399e-07 - mean_squared_error: 1.3431e-06 - val_loss: 2.9785e-08 - val_mean_squared_error: 2.9785e-08 - 107s/epoch - 2s/step
Epoch 32/100

Epoch 00032: mean_squared_error did not improve from 0.00000
63/63 - 107s - loss: 9.9287e-07 - mean_squared_error: 1.3506e-06 - val_loss: 8.5804e-08 - val_mean_squared_error: 8.5804e-08 - 107s/epoch - 2s/step
Epoch 33/100

Epoch 00033: mean_squared_error did not improve from 0.00000
63/63 - 107s - loss: 1.0080e-06 - mean_squared_error: 1.3642e-06 - val_loss: 4.0576e-08 - val_mean_squared_error: 4.0576e-08 - 107s/epoch - 2s/step
Epoch 34/100

Epoch 00034: mean_squared_error did not improve from 0.00000
63/63 - 107s - loss: 9.9219e-07 - mean_squared_error: 1.3505e-06 - val_loss: 2.8842e-08 - val_mean_squared_error: 2.8842e-08 - 107s/epoch - 2s/step
Epoch 35/100

Epoch 00035: mean_squared_error did not improve from 0.00000
63/63 - 107s - loss: 9.8829e-07 - mean_squared_error: 1.3460e-06 - val_loss: 3.3180e-08 - val_mean_squared_error: 3.3180e-08 - 107s/epoch - 2s/step
Epoch 36/100

Epoch 00036: mean_squared_error did not improve from 0.00000
63/63 - 107s - loss: 9.8490e-07 - mean_squared_error: 1.3433e-06 - val_loss: 2.6979e-08 - val_mean_squared_error: 2.6979e-08 - 107s/epoch - 2s/step
Epoch 37/100

Epoch 00037: mean_squared_error did not improve from 0.00000
63/63 - 107s - loss: 9.8411e-07 - mean_squared_error: 1.3434e-06 - val_loss: 2.8420e-08 - val_mean_squared_error: 2.8420e-08 - 107s/epoch - 2s/step
Epoch 38/100

Epoch 00038: mean_squared_error improved from 0.00000 to 0.00000, saving model to /gpfswork/rech/ynx/ulx23va/repo/wf-SEDs/model_WFE_size/wf-outputs/chkp/wfe_study_resx3_bis/chkp_callback_poly_wfe_study_resx3_064_bis_1_cycle1
63/63 - 107s - loss: 9.7932e-07 - mean_squared_error: 1.3394e-06 - val_loss: 2.7754e-08 - val_mean_squared_error: 2.7754e-08 - 107s/epoch - 2s/step
Epoch 39/100

Epoch 00039: mean_squared_error did not improve from 0.00000
63/63 - 107s - loss: 9.8039e-07 - mean_squared_error: 1.3399e-06 - val_loss: 2.8774e-08 - val_mean_squared_error: 2.8774e-08 - 107s/epoch - 2s/step
Epoch 40/100

Epoch 00040: mean_squared_error did not improve from 0.00000
63/63 - 107s - loss: 9.8972e-07 - mean_squared_error: 1.3468e-06 - val_loss: 3.9796e-08 - val_mean_squared_error: 3.9796e-08 - 107s/epoch - 2s/step
Epoch 41/100

Epoch 00041: mean_squared_error did not improve from 0.00000
63/63 - 107s - loss: 9.8707e-07 - mean_squared_error: 1.3458e-06 - val_loss: 3.4607e-08 - val_mean_squared_error: 3.4607e-08 - 107s/epoch - 2s/step
Epoch 42/100

Epoch 00042: mean_squared_error did not improve from 0.00000
63/63 - 107s - loss: 9.8133e-07 - mean_squared_error: 1.3408e-06 - val_loss: 3.7352e-08 - val_mean_squared_error: 3.7352e-08 - 107s/epoch - 2s/step
Epoch 43/100

Epoch 00043: mean_squared_error did not improve from 0.00000
63/63 - 107s - loss: 9.8106e-07 - mean_squared_error: 1.3410e-06 - val_loss: 2.6993e-08 - val_mean_squared_error: 2.6993e-08 - 107s/epoch - 2s/step
Epoch 44/100

Epoch 00044: mean_squared_error improved from 0.00000 to 0.00000, saving model to /gpfswork/rech/ynx/ulx23va/repo/wf-SEDs/model_WFE_size/wf-outputs/chkp/wfe_study_resx3_bis/chkp_callback_poly_wfe_study_resx3_064_bis_1_cycle1
63/63 - 107s - loss: 9.7805e-07 - mean_squared_error: 1.3380e-06 - val_loss: 2.3255e-08 - val_mean_squared_error: 2.3255e-08 - 107s/epoch - 2s/step
Epoch 45/100

Epoch 00045: mean_squared_error improved from 0.00000 to 0.00000, saving model to /gpfswork/rech/ynx/ulx23va/repo/wf-SEDs/model_WFE_size/wf-outputs/chkp/wfe_study_resx3_bis/chkp_callback_poly_wfe_study_resx3_064_bis_1_cycle1
63/63 - 107s - loss: 9.7472e-07 - mean_squared_error: 1.3355e-06 - val_loss: 2.3074e-08 - val_mean_squared_error: 2.3074e-08 - 107s/epoch - 2s/step
Epoch 46/100

Epoch 00046: mean_squared_error did not improve from 0.00000
63/63 - 107s - loss: 9.7943e-07 - mean_squared_error: 1.3399e-06 - val_loss: 3.1848e-08 - val_mean_squared_error: 3.1848e-08 - 107s/epoch - 2s/step
Epoch 47/100

Epoch 00047: mean_squared_error did not improve from 0.00000
63/63 - 107s - loss: 9.7880e-07 - mean_squared_error: 1.3390e-06 - val_loss: 3.4010e-08 - val_mean_squared_error: 3.4010e-08 - 107s/epoch - 2s/step
Epoch 48/100

Epoch 00048: mean_squared_error did not improve from 0.00000
63/63 - 107s - loss: 9.8218e-07 - mean_squared_error: 1.3413e-06 - val_loss: 7.4715e-08 - val_mean_squared_error: 7.4715e-08 - 107s/epoch - 2s/step
Epoch 49/100

Epoch 00049: mean_squared_error did not improve from 0.00000
63/63 - 107s - loss: 9.8910e-07 - mean_squared_error: 1.3483e-06 - val_loss: 2.9069e-08 - val_mean_squared_error: 2.9069e-08 - 107s/epoch - 2s/step
Epoch 50/100

Epoch 00050: mean_squared_error did not improve from 0.00000
63/63 - 107s - loss: 9.8169e-07 - mean_squared_error: 1.3413e-06 - val_loss: 2.6691e-08 - val_mean_squared_error: 2.6691e-08 - 107s/epoch - 2s/step
Epoch 51/100

Epoch 00051: mean_squared_error did not improve from 0.00000
63/63 - 107s - loss: 9.7690e-07 - mean_squared_error: 1.3370e-06 - val_loss: 2.2379e-08 - val_mean_squared_error: 2.2379e-08 - 107s/epoch - 2s/step
Epoch 52/100

Epoch 00052: mean_squared_error did not improve from 0.00000
63/63 - 107s - loss: 9.8144e-07 - mean_squared_error: 1.3412e-06 - val_loss: 3.0660e-08 - val_mean_squared_error: 3.0660e-08 - 107s/epoch - 2s/step
Epoch 53/100

Epoch 00053: mean_squared_error did not improve from 0.00000
63/63 - 107s - loss: 9.8039e-07 - mean_squared_error: 1.3398e-06 - val_loss: 6.1755e-08 - val_mean_squared_error: 6.1755e-08 - 107s/epoch - 2s/step
Epoch 54/100

Epoch 00054: mean_squared_error did not improve from 0.00000
63/63 - 107s - loss: 9.9129e-07 - mean_squared_error: 1.3503e-06 - val_loss: 2.5580e-08 - val_mean_squared_error: 2.5580e-08 - 107s/epoch - 2s/step
Epoch 55/100

Epoch 00055: mean_squared_error improved from 0.00000 to 0.00000, saving model to /gpfswork/rech/ynx/ulx23va/repo/wf-SEDs/model_WFE_size/wf-outputs/chkp/wfe_study_resx3_bis/chkp_callback_poly_wfe_study_resx3_064_bis_1_cycle1
63/63 - 107s - loss: 9.7482e-07 - mean_squared_error: 1.3353e-06 - val_loss: 2.7560e-08 - val_mean_squared_error: 2.7560e-08 - 107s/epoch - 2s/step
Epoch 56/100

Epoch 00056: mean_squared_error did not improve from 0.00000
63/63 - 107s - loss: 9.7673e-07 - mean_squared_error: 1.3366e-06 - val_loss: 2.1868e-08 - val_mean_squared_error: 2.1868e-08 - 107s/epoch - 2s/step
Epoch 57/100

Epoch 00057: mean_squared_error did not improve from 0.00000
63/63 - 107s - loss: 9.7957e-07 - mean_squared_error: 1.3393e-06 - val_loss: 4.2743e-08 - val_mean_squared_error: 4.2743e-08 - 107s/epoch - 2s/step
Epoch 58/100

Epoch 00058: mean_squared_error did not improve from 0.00000
63/63 - 107s - loss: 9.7866e-07 - mean_squared_error: 1.3390e-06 - val_loss: 2.4274e-08 - val_mean_squared_error: 2.4274e-08 - 107s/epoch - 2s/step
Epoch 59/100

Epoch 00059: mean_squared_error did not improve from 0.00000
63/63 - 107s - loss: 9.7546e-07 - mean_squared_error: 1.3357e-06 - val_loss: 2.7164e-08 - val_mean_squared_error: 2.7164e-08 - 107s/epoch - 2s/step
Epoch 60/100

Epoch 00060: mean_squared_error did not improve from 0.00000
63/63 - 107s - loss: 9.7702e-07 - mean_squared_error: 1.3373e-06 - val_loss: 2.9251e-08 - val_mean_squared_error: 2.9251e-08 - 107s/epoch - 2s/step
Epoch 61/100

Epoch 00061: mean_squared_error did not improve from 0.00000
63/63 - 107s - loss: 9.7922e-07 - mean_squared_error: 1.3388e-06 - val_loss: 3.6887e-08 - val_mean_squared_error: 3.6887e-08 - 107s/epoch - 2s/step
Epoch 62/100

Epoch 00062: mean_squared_error did not improve from 0.00000
63/63 - 107s - loss: 9.8105e-07 - mean_squared_error: 1.3408e-06 - val_loss: 2.2021e-08 - val_mean_squared_error: 2.2021e-08 - 107s/epoch - 2s/step
Epoch 63/100

Epoch 00063: mean_squared_error did not improve from 0.00000
63/63 - 108s - loss: 9.7734e-07 - mean_squared_error: 1.3376e-06 - val_loss: 2.8150e-08 - val_mean_squared_error: 2.8150e-08 - 108s/epoch - 2s/step
Epoch 64/100

Epoch 00064: mean_squared_error improved from 0.00000 to 0.00000, saving model to /gpfswork/rech/ynx/ulx23va/repo/wf-SEDs/model_WFE_size/wf-outputs/chkp/wfe_study_resx3_bis/chkp_callback_poly_wfe_study_resx3_064_bis_1_cycle1
63/63 - 107s - loss: 9.7474e-07 - mean_squared_error: 1.3350e-06 - val_loss: 2.2746e-08 - val_mean_squared_error: 2.2746e-08 - 107s/epoch - 2s/step
Epoch 65/100

Epoch 00065: mean_squared_error improved from 0.00000 to 0.00000, saving model to /gpfswork/rech/ynx/ulx23va/repo/wf-SEDs/model_WFE_size/wf-outputs/chkp/wfe_study_resx3_bis/chkp_callback_poly_wfe_study_resx3_064_bis_1_cycle1
63/63 - 107s - loss: 9.7277e-07 - mean_squared_error: 1.3333e-06 - val_loss: 2.7903e-08 - val_mean_squared_error: 2.7903e-08 - 107s/epoch - 2s/step
Epoch 66/100

Epoch 00066: mean_squared_error did not improve from 0.00000
63/63 - 107s - loss: 9.8188e-07 - mean_squared_error: 1.3405e-06 - val_loss: 2.9155e-08 - val_mean_squared_error: 2.9155e-08 - 107s/epoch - 2s/step
Epoch 67/100

Epoch 00067: mean_squared_error did not improve from 0.00000
63/63 - 107s - loss: 9.7638e-07 - mean_squared_error: 1.3364e-06 - val_loss: 2.2859e-08 - val_mean_squared_error: 2.2859e-08 - 107s/epoch - 2s/step
Epoch 68/100

Epoch 00068: mean_squared_error did not improve from 0.00000
63/63 - 107s - loss: 9.7423e-07 - mean_squared_error: 1.3345e-06 - val_loss: 2.2758e-08 - val_mean_squared_error: 2.2758e-08 - 107s/epoch - 2s/step
Epoch 69/100

Epoch 00069: mean_squared_error improved from 0.00000 to 0.00000, saving model to /gpfswork/rech/ynx/ulx23va/repo/wf-SEDs/model_WFE_size/wf-outputs/chkp/wfe_study_resx3_bis/chkp_callback_poly_wfe_study_resx3_064_bis_1_cycle1
63/63 - 107s - loss: 9.7218e-07 - mean_squared_error: 1.3328e-06 - val_loss: 2.6291e-08 - val_mean_squared_error: 2.6291e-08 - 107s/epoch - 2s/step
Epoch 70/100

Epoch 00070: mean_squared_error did not improve from 0.00000
63/63 - 108s - loss: 9.7489e-07 - mean_squared_error: 1.3350e-06 - val_loss: 2.4113e-08 - val_mean_squared_error: 2.4113e-08 - 108s/epoch - 2s/step
Epoch 71/100

Epoch 00071: mean_squared_error did not improve from 0.00000
63/63 - 107s - loss: 9.7403e-07 - mean_squared_error: 1.3346e-06 - val_loss: 2.3007e-08 - val_mean_squared_error: 2.3007e-08 - 107s/epoch - 2s/step
Epoch 72/100

Epoch 00072: mean_squared_error improved from 0.00000 to 0.00000, saving model to /gpfswork/rech/ynx/ulx23va/repo/wf-SEDs/model_WFE_size/wf-outputs/chkp/wfe_study_resx3_bis/chkp_callback_poly_wfe_study_resx3_064_bis_1_cycle1
63/63 - 107s - loss: 9.7216e-07 - mean_squared_error: 1.3326e-06 - val_loss: 2.6666e-08 - val_mean_squared_error: 2.6666e-08 - 107s/epoch - 2s/step
Epoch 73/100

Epoch 00073: mean_squared_error did not improve from 0.00000
63/63 - 107s - loss: 9.7228e-07 - mean_squared_error: 1.3329e-06 - val_loss: 2.9342e-08 - val_mean_squared_error: 2.9342e-08 - 107s/epoch - 2s/step
Epoch 74/100

Epoch 00074: mean_squared_error did not improve from 0.00000
63/63 - 107s - loss: 9.7960e-07 - mean_squared_error: 1.3393e-06 - val_loss: 2.6915e-08 - val_mean_squared_error: 2.6915e-08 - 107s/epoch - 2s/step
Epoch 75/100

Epoch 00075: mean_squared_error did not improve from 0.00000
63/63 - 107s - loss: 9.7268e-07 - mean_squared_error: 1.3334e-06 - val_loss: 2.2637e-08 - val_mean_squared_error: 2.2637e-08 - 107s/epoch - 2s/step
Epoch 76/100

Epoch 00076: mean_squared_error did not improve from 0.00000
63/63 - 107s - loss: 9.7457e-07 - mean_squared_error: 1.3351e-06 - val_loss: 2.4568e-08 - val_mean_squared_error: 2.4568e-08 - 107s/epoch - 2s/step
Epoch 77/100

Epoch 00077: mean_squared_error did not improve from 0.00000
63/63 - 107s - loss: 9.7443e-07 - mean_squared_error: 1.3347e-06 - val_loss: 2.1769e-08 - val_mean_squared_error: 2.1769e-08 - 107s/epoch - 2s/step
Epoch 78/100

Epoch 00078: mean_squared_error did not improve from 0.00000
63/63 - 107s - loss: 9.7329e-07 - mean_squared_error: 1.3334e-06 - val_loss: 1.9620e-08 - val_mean_squared_error: 1.9620e-08 - 107s/epoch - 2s/step
Epoch 79/100

Epoch 00079: mean_squared_error did not improve from 0.00000
63/63 - 107s - loss: 9.7566e-07 - mean_squared_error: 1.3356e-06 - val_loss: 2.4034e-08 - val_mean_squared_error: 2.4034e-08 - 107s/epoch - 2s/step
Epoch 80/100

Epoch 00080: mean_squared_error did not improve from 0.00000
63/63 - 108s - loss: 9.7653e-07 - mean_squared_error: 1.3368e-06 - val_loss: 2.2234e-08 - val_mean_squared_error: 2.2234e-08 - 108s/epoch - 2s/step
Epoch 81/100

Epoch 00081: mean_squared_error did not improve from 0.00000
63/63 - 107s - loss: 9.7258e-07 - mean_squared_error: 1.3332e-06 - val_loss: 2.2316e-08 - val_mean_squared_error: 2.2316e-08 - 107s/epoch - 2s/step
Epoch 82/100

Epoch 00082: mean_squared_error improved from 0.00000 to 0.00000, saving model to /gpfswork/rech/ynx/ulx23va/repo/wf-SEDs/model_WFE_size/wf-outputs/chkp/wfe_study_resx3_bis/chkp_callback_poly_wfe_study_resx3_064_bis_1_cycle1
63/63 - 107s - loss: 9.7128e-07 - mean_squared_error: 1.3319e-06 - val_loss: 2.1163e-08 - val_mean_squared_error: 2.1163e-08 - 107s/epoch - 2s/step
Epoch 83/100

Epoch 00083: mean_squared_error improved from 0.00000 to 0.00000, saving model to /gpfswork/rech/ynx/ulx23va/repo/wf-SEDs/model_WFE_size/wf-outputs/chkp/wfe_study_resx3_bis/chkp_callback_poly_wfe_study_resx3_064_bis_1_cycle1
63/63 - 107s - loss: 9.7097e-07 - mean_squared_error: 1.3319e-06 - val_loss: 2.6527e-08 - val_mean_squared_error: 2.6527e-08 - 107s/epoch - 2s/step
Epoch 84/100

Epoch 00084: mean_squared_error did not improve from 0.00000
63/63 - 107s - loss: 9.7404e-07 - mean_squared_error: 1.3344e-06 - val_loss: 2.6805e-08 - val_mean_squared_error: 2.6805e-08 - 107s/epoch - 2s/step
Epoch 85/100

Epoch 00085: mean_squared_error did not improve from 0.00000
63/63 - 107s - loss: 9.7339e-07 - mean_squared_error: 1.3337e-06 - val_loss: 2.0948e-08 - val_mean_squared_error: 2.0948e-08 - 107s/epoch - 2s/step
Epoch 86/100

Epoch 00086: mean_squared_error improved from 0.00000 to 0.00000, saving model to /gpfswork/rech/ynx/ulx23va/repo/wf-SEDs/model_WFE_size/wf-outputs/chkp/wfe_study_resx3_bis/chkp_callback_poly_wfe_study_resx3_064_bis_1_cycle1
63/63 - 107s - loss: 9.6972e-07 - mean_squared_error: 1.3305e-06 - val_loss: 2.1257e-08 - val_mean_squared_error: 2.1257e-08 - 107s/epoch - 2s/step
Epoch 87/100

Epoch 00087: mean_squared_error did not improve from 0.00000
63/63 - 107s - loss: 9.7156e-07 - mean_squared_error: 1.3323e-06 - val_loss: 2.6931e-08 - val_mean_squared_error: 2.6931e-08 - 107s/epoch - 2s/step
Epoch 88/100

Epoch 00088: mean_squared_error did not improve from 0.00000
63/63 - 107s - loss: 9.7683e-07 - mean_squared_error: 1.3367e-06 - val_loss: 2.3717e-08 - val_mean_squared_error: 2.3717e-08 - 107s/epoch - 2s/step
Epoch 89/100

Epoch 00089: mean_squared_error did not improve from 0.00000
63/63 - 107s - loss: 9.7235e-07 - mean_squared_error: 1.3328e-06 - val_loss: 2.2567e-08 - val_mean_squared_error: 2.2567e-08 - 107s/epoch - 2s/step
Epoch 90/100

Epoch 00090: mean_squared_error did not improve from 0.00000
63/63 - 107s - loss: 9.7449e-07 - mean_squared_error: 1.3349e-06 - val_loss: 3.7790e-08 - val_mean_squared_error: 3.7790e-08 - 107s/epoch - 2s/step
Epoch 91/100

Epoch 00091: mean_squared_error did not improve from 0.00000
63/63 - 107s - loss: 9.8930e-07 - mean_squared_error: 1.3486e-06 - val_loss: 2.9672e-08 - val_mean_squared_error: 2.9672e-08 - 107s/epoch - 2s/step
Epoch 92/100

Epoch 00092: mean_squared_error did not improve from 0.00000
63/63 - 107s - loss: 9.7293e-07 - mean_squared_error: 1.3336e-06 - val_loss: 2.1006e-08 - val_mean_squared_error: 2.1006e-08 - 107s/epoch - 2s/step
Epoch 93/100

Epoch 00093: mean_squared_error did not improve from 0.00000
63/63 - 107s - loss: 9.7580e-07 - mean_squared_error: 1.3356e-06 - val_loss: 2.3928e-08 - val_mean_squared_error: 2.3928e-08 - 107s/epoch - 2s/step
Epoch 94/100

Epoch 00094: mean_squared_error did not improve from 0.00000
63/63 - 107s - loss: 9.7313e-07 - mean_squared_error: 1.3331e-06 - val_loss: 2.3861e-08 - val_mean_squared_error: 2.3861e-08 - 107s/epoch - 2s/step
Epoch 95/100

Epoch 00095: mean_squared_error did not improve from 0.00000
63/63 - 107s - loss: 9.7088e-07 - mean_squared_error: 1.3314e-06 - val_loss: 2.3536e-08 - val_mean_squared_error: 2.3536e-08 - 107s/epoch - 2s/step
Epoch 96/100

Epoch 00096: mean_squared_error did not improve from 0.00000
63/63 - 107s - loss: 9.7466e-07 - mean_squared_error: 1.3347e-06 - val_loss: 2.0760e-08 - val_mean_squared_error: 2.0760e-08 - 107s/epoch - 2s/step
Epoch 97/100

Epoch 00097: mean_squared_error did not improve from 0.00000
63/63 - 107s - loss: 9.7255e-07 - mean_squared_error: 1.3329e-06 - val_loss: 2.1923e-08 - val_mean_squared_error: 2.1923e-08 - 107s/epoch - 2s/step
Epoch 98/100

Epoch 00098: mean_squared_error did not improve from 0.00000
63/63 - 108s - loss: 9.7183e-07 - mean_squared_error: 1.3324e-06 - val_loss: 2.3921e-08 - val_mean_squared_error: 2.3921e-08 - 108s/epoch - 2s/step
Epoch 99/100

Epoch 00099: mean_squared_error did not improve from 0.00000
63/63 - 108s - loss: 9.7383e-07 - mean_squared_error: 1.3342e-06 - val_loss: 2.3096e-08 - val_mean_squared_error: 2.3096e-08 - 108s/epoch - 2s/step
Epoch 100/100

Epoch 00100: mean_squared_error did not improve from 0.00000
63/63 - 107s - loss: 9.7275e-07 - mean_squared_error: 1.3329e-06 - val_loss: 2.2059e-08 - val_mean_squared_error: 2.2059e-08 - 107s/epoch - 2s/step
Cycle1 elapsed time: 12433.547255
Starting cycle 2..
Starting parametric update..
Epoch 1/15

Epoch 00001: mean_squared_error improved from inf to 0.00000, saving model to /gpfswork/rech/ynx/ulx23va/repo/wf-SEDs/model_WFE_size/wf-outputs/chkp/wfe_study_resx3_bis/chkp_callback_poly_wfe_study_resx3_064_bis_1_cycle2
63/63 - 111s - loss: 9.6939e-07 - mean_squared_error: 1.3304e-06 - val_loss: 2.2016e-08 - val_mean_squared_error: 2.2016e-08 - 111s/epoch - 2s/step
Epoch 2/15

Epoch 00002: mean_squared_error did not improve from 0.00000
63/63 - 108s - loss: 9.7080e-07 - mean_squared_error: 1.3314e-06 - val_loss: 2.2778e-08 - val_mean_squared_error: 2.2778e-08 - 108s/epoch - 2s/step
Epoch 3/15

Epoch 00003: mean_squared_error did not improve from 0.00000
63/63 - 108s - loss: 9.7357e-07 - mean_squared_error: 1.3338e-06 - val_loss: 2.6092e-08 - val_mean_squared_error: 2.6092e-08 - 108s/epoch - 2s/step
Epoch 4/15

Epoch 00004: mean_squared_error did not improve from 0.00000
63/63 - 108s - loss: 9.7908e-07 - mean_squared_error: 1.3385e-06 - val_loss: 2.5980e-08 - val_mean_squared_error: 2.5980e-08 - 108s/epoch - 2s/step
Epoch 5/15

Epoch 00005: mean_squared_error did not improve from 0.00000
63/63 - 108s - loss: 9.7720e-07 - mean_squared_error: 1.3370e-06 - val_loss: 4.2059e-08 - val_mean_squared_error: 4.2059e-08 - 108s/epoch - 2s/step
Epoch 6/15

Epoch 00006: mean_squared_error did not improve from 0.00000
63/63 - 108s - loss: 9.7812e-07 - mean_squared_error: 1.3379e-06 - val_loss: 2.4774e-08 - val_mean_squared_error: 2.4774e-08 - 108s/epoch - 2s/step
Epoch 7/15

Epoch 00007: mean_squared_error did not improve from 0.00000
63/63 - 108s - loss: 9.7428e-07 - mean_squared_error: 1.3344e-06 - val_loss: 2.9818e-08 - val_mean_squared_error: 2.9818e-08 - 108s/epoch - 2s/step
Epoch 8/15

Epoch 00008: mean_squared_error did not improve from 0.00000
63/63 - 108s - loss: 9.9366e-07 - mean_squared_error: 1.3508e-06 - val_loss: 7.1676e-08 - val_mean_squared_error: 7.1676e-08 - 108s/epoch - 2s/step
Epoch 9/15

Epoch 00009: mean_squared_error did not improve from 0.00000
63/63 - 108s - loss: 1.0302e-06 - mean_squared_error: 1.3809e-06 - val_loss: 5.3112e-08 - val_mean_squared_error: 5.3112e-08 - 108s/epoch - 2s/step
Epoch 10/15

Epoch 00010: mean_squared_error did not improve from 0.00000
63/63 - 108s - loss: 9.8434e-07 - mean_squared_error: 1.3433e-06 - val_loss: 2.9580e-08 - val_mean_squared_error: 2.9580e-08 - 108s/epoch - 2s/step
Epoch 11/15

Epoch 00011: mean_squared_error did not improve from 0.00000
63/63 - 107s - loss: 9.7672e-07 - mean_squared_error: 1.3370e-06 - val_loss: 2.4188e-08 - val_mean_squared_error: 2.4188e-08 - 107s/epoch - 2s/step
Epoch 12/15

Epoch 00012: mean_squared_error did not improve from 0.00000
63/63 - 108s - loss: 9.7636e-07 - mean_squared_error: 1.3359e-06 - val_loss: 3.4416e-08 - val_mean_squared_error: 3.4416e-08 - 108s/epoch - 2s/step
Epoch 13/15

Epoch 00013: mean_squared_error did not improve from 0.00000
63/63 - 108s - loss: 9.8315e-07 - mean_squared_error: 1.3424e-06 - val_loss: 3.1217e-08 - val_mean_squared_error: 3.1217e-08 - 108s/epoch - 2s/step
Epoch 14/15

Epoch 00014: mean_squared_error did not improve from 0.00000
63/63 - 108s - loss: 9.7878e-07 - mean_squared_error: 1.3383e-06 - val_loss: 3.3581e-08 - val_mean_squared_error: 3.3581e-08 - 108s/epoch - 2s/step
Epoch 15/15

Epoch 00015: mean_squared_error did not improve from 0.00000
63/63 - 108s - loss: 9.7594e-07 - mean_squared_error: 1.3361e-06 - val_loss: 2.7977e-08 - val_mean_squared_error: 2.7977e-08 - 108s/epoch - 2s/step
Starting non-parametric update..
Epoch 1/50

Epoch 00001: mean_squared_error improved from 0.00000 to 0.00000, saving model to /gpfswork/rech/ynx/ulx23va/repo/wf-SEDs/model_WFE_size/wf-outputs/chkp/wfe_study_resx3_bis/chkp_callback_poly_wfe_study_resx3_064_bis_1_cycle2
63/63 - 110s - loss: 9.6926e-07 - mean_squared_error: 1.3298e-06 - val_loss: 1.7670e-08 - val_mean_squared_error: 1.7670e-08 - 110s/epoch - 2s/step
Epoch 2/50

Epoch 00002: mean_squared_error improved from 0.00000 to 0.00000, saving model to /gpfswork/rech/ynx/ulx23va/repo/wf-SEDs/model_WFE_size/wf-outputs/chkp/wfe_study_resx3_bis/chkp_callback_poly_wfe_study_resx3_064_bis_1_cycle2
63/63 - 107s - loss: 9.6467e-07 - mean_squared_error: 1.3262e-06 - val_loss: 1.7087e-08 - val_mean_squared_error: 1.7087e-08 - 107s/epoch - 2s/step
Epoch 3/50

Epoch 00003: mean_squared_error improved from 0.00000 to 0.00000, saving model to /gpfswork/rech/ynx/ulx23va/repo/wf-SEDs/model_WFE_size/wf-outputs/chkp/wfe_study_resx3_bis/chkp_callback_poly_wfe_study_resx3_064_bis_1_cycle2
63/63 - 107s - loss: 9.6438e-07 - mean_squared_error: 1.3260e-06 - val_loss: 1.6730e-08 - val_mean_squared_error: 1.6730e-08 - 107s/epoch - 2s/step
Epoch 4/50

Epoch 00004: mean_squared_error improved from 0.00000 to 0.00000, saving model to /gpfswork/rech/ynx/ulx23va/repo/wf-SEDs/model_WFE_size/wf-outputs/chkp/wfe_study_resx3_bis/chkp_callback_poly_wfe_study_resx3_064_bis_1_cycle2
63/63 - 108s - loss: 9.6414e-07 - mean_squared_error: 1.3258e-06 - val_loss: 1.6525e-08 - val_mean_squared_error: 1.6525e-08 - 108s/epoch - 2s/step
Epoch 5/50

Epoch 00005: mean_squared_error did not improve from 0.00000
63/63 - 107s - loss: 9.6418e-07 - mean_squared_error: 1.3258e-06 - val_loss: 1.6917e-08 - val_mean_squared_error: 1.6917e-08 - 107s/epoch - 2s/step
Epoch 6/50

Epoch 00006: mean_squared_error improved from 0.00000 to 0.00000, saving model to /gpfswork/rech/ynx/ulx23va/repo/wf-SEDs/model_WFE_size/wf-outputs/chkp/wfe_study_resx3_bis/chkp_callback_poly_wfe_study_resx3_064_bis_1_cycle2
63/63 - 107s - loss: 9.6412e-07 - mean_squared_error: 1.3258e-06 - val_loss: 1.6306e-08 - val_mean_squared_error: 1.6306e-08 - 107s/epoch - 2s/step
Epoch 7/50

Epoch 00007: mean_squared_error improved from 0.00000 to 0.00000, saving model to /gpfswork/rech/ynx/ulx23va/repo/wf-SEDs/model_WFE_size/wf-outputs/chkp/wfe_study_resx3_bis/chkp_callback_poly_wfe_study_resx3_064_bis_1_cycle2
63/63 - 107s - loss: 9.6407e-07 - mean_squared_error: 1.3257e-06 - val_loss: 1.6704e-08 - val_mean_squared_error: 1.6704e-08 - 107s/epoch - 2s/step
Epoch 8/50

Epoch 00008: mean_squared_error did not improve from 0.00000
63/63 - 107s - loss: 9.6449e-07 - mean_squared_error: 1.3261e-06 - val_loss: 1.6610e-08 - val_mean_squared_error: 1.6610e-08 - 107s/epoch - 2s/step
Epoch 9/50

Epoch 00009: mean_squared_error did not improve from 0.00000
63/63 - 106s - loss: 9.6435e-07 - mean_squared_error: 1.3259e-06 - val_loss: 1.7306e-08 - val_mean_squared_error: 1.7306e-08 - 106s/epoch - 2s/step
Epoch 10/50

Epoch 00010: mean_squared_error did not improve from 0.00000
63/63 - 106s - loss: 9.6434e-07 - mean_squared_error: 1.3259e-06 - val_loss: 1.7308e-08 - val_mean_squared_error: 1.7308e-08 - 106s/epoch - 2s/step
Epoch 11/50

Epoch 00011: mean_squared_error did not improve from 0.00000
63/63 - 106s - loss: 9.6461e-07 - mean_squared_error: 1.3262e-06 - val_loss: 1.6605e-08 - val_mean_squared_error: 1.6605e-08 - 106s/epoch - 2s/step
Epoch 12/50

Epoch 00012: mean_squared_error did not improve from 0.00000
63/63 - 105s - loss: 9.6439e-07 - mean_squared_error: 1.3260e-06 - val_loss: 1.6148e-08 - val_mean_squared_error: 1.6148e-08 - 105s/epoch - 2s/step
Epoch 13/50

Epoch 00013: mean_squared_error did not improve from 0.00000
63/63 - 106s - loss: 9.6462e-07 - mean_squared_error: 1.3261e-06 - val_loss: 1.7605e-08 - val_mean_squared_error: 1.7605e-08 - 106s/epoch - 2s/step
Epoch 14/50

Epoch 00014: mean_squared_error did not improve from 0.00000
63/63 - 105s - loss: 9.6480e-07 - mean_squared_error: 1.3263e-06 - val_loss: 1.7391e-08 - val_mean_squared_error: 1.7391e-08 - 105s/epoch - 2s/step
Epoch 15/50

Epoch 00015: mean_squared_error did not improve from 0.00000
63/63 - 105s - loss: 9.6453e-07 - mean_squared_error: 1.3261e-06 - val_loss: 1.6839e-08 - val_mean_squared_error: 1.6839e-08 - 105s/epoch - 2s/step
Epoch 16/50

Epoch 00016: mean_squared_error did not improve from 0.00000
63/63 - 105s - loss: 9.6454e-07 - mean_squared_error: 1.3261e-06 - val_loss: 1.7237e-08 - val_mean_squared_error: 1.7237e-08 - 105s/epoch - 2s/step
Epoch 17/50

Epoch 00017: mean_squared_error did not improve from 0.00000
63/63 - 105s - loss: 9.6478e-07 - mean_squared_error: 1.3263e-06 - val_loss: 1.6563e-08 - val_mean_squared_error: 1.6563e-08 - 105s/epoch - 2s/step
Epoch 18/50

Epoch 00018: mean_squared_error did not improve from 0.00000
63/63 - 105s - loss: 9.6469e-07 - mean_squared_error: 1.3263e-06 - val_loss: 1.7525e-08 - val_mean_squared_error: 1.7525e-08 - 105s/epoch - 2s/step
Epoch 19/50

Epoch 00019: mean_squared_error did not improve from 0.00000
63/63 - 105s - loss: 9.6431e-07 - mean_squared_error: 1.3259e-06 - val_loss: 1.7705e-08 - val_mean_squared_error: 1.7705e-08 - 105s/epoch - 2s/step
Epoch 20/50

Epoch 00020: mean_squared_error did not improve from 0.00000
63/63 - 105s - loss: 9.6429e-07 - mean_squared_error: 1.3259e-06 - val_loss: 1.7931e-08 - val_mean_squared_error: 1.7931e-08 - 105s/epoch - 2s/step
Epoch 21/50

Epoch 00021: mean_squared_error did not improve from 0.00000
63/63 - 105s - loss: 9.6523e-07 - mean_squared_error: 1.3267e-06 - val_loss: 1.6765e-08 - val_mean_squared_error: 1.6765e-08 - 105s/epoch - 2s/step
Epoch 22/50

Epoch 00022: mean_squared_error did not improve from 0.00000
63/63 - 105s - loss: 9.6454e-07 - mean_squared_error: 1.3261e-06 - val_loss: 1.7008e-08 - val_mean_squared_error: 1.7008e-08 - 105s/epoch - 2s/step
Epoch 23/50

Epoch 00023: mean_squared_error did not improve from 0.00000
63/63 - 105s - loss: 9.6438e-07 - mean_squared_error: 1.3260e-06 - val_loss: 1.6779e-08 - val_mean_squared_error: 1.6779e-08 - 105s/epoch - 2s/step
Epoch 24/50

Epoch 00024: mean_squared_error did not improve from 0.00000
63/63 - 105s - loss: 9.6480e-07 - mean_squared_error: 1.3261e-06 - val_loss: 1.6528e-08 - val_mean_squared_error: 1.6528e-08 - 105s/epoch - 2s/step
Epoch 25/50

Epoch 00025: mean_squared_error did not improve from 0.00000
63/63 - 105s - loss: 9.6519e-07 - mean_squared_error: 1.3266e-06 - val_loss: 1.7039e-08 - val_mean_squared_error: 1.7039e-08 - 105s/epoch - 2s/step
Epoch 26/50

Epoch 00026: mean_squared_error did not improve from 0.00000
63/63 - 105s - loss: 9.6451e-07 - mean_squared_error: 1.3261e-06 - val_loss: 1.6947e-08 - val_mean_squared_error: 1.6947e-08 - 105s/epoch - 2s/step
Epoch 27/50

Epoch 00027: mean_squared_error did not improve from 0.00000
63/63 - 105s - loss: 9.6457e-07 - mean_squared_error: 1.3261e-06 - val_loss: 1.6513e-08 - val_mean_squared_error: 1.6513e-08 - 105s/epoch - 2s/step
Epoch 28/50

Epoch 00028: mean_squared_error did not improve from 0.00000
63/63 - 105s - loss: 9.6436e-07 - mean_squared_error: 1.3258e-06 - val_loss: 1.7100e-08 - val_mean_squared_error: 1.7100e-08 - 105s/epoch - 2s/step
Epoch 29/50

Epoch 00029: mean_squared_error did not improve from 0.00000
63/63 - 105s - loss: 9.6497e-07 - mean_squared_error: 1.3264e-06 - val_loss: 1.7713e-08 - val_mean_squared_error: 1.7713e-08 - 105s/epoch - 2s/step
Epoch 30/50

Epoch 00030: mean_squared_error did not improve from 0.00000
63/63 - 105s - loss: 9.6442e-07 - mean_squared_error: 1.3261e-06 - val_loss: 1.7124e-08 - val_mean_squared_error: 1.7124e-08 - 105s/epoch - 2s/step
Epoch 31/50

Epoch 00031: mean_squared_error did not improve from 0.00000
63/63 - 105s - loss: 9.6469e-07 - mean_squared_error: 1.3262e-06 - val_loss: 1.7245e-08 - val_mean_squared_error: 1.7245e-08 - 105s/epoch - 2s/step
Epoch 32/50

Epoch 00032: mean_squared_error did not improve from 0.00000
63/63 - 105s - loss: 9.6458e-07 - mean_squared_error: 1.3262e-06 - val_loss: 1.6431e-08 - val_mean_squared_error: 1.6431e-08 - 105s/epoch - 2s/step
Epoch 33/50

Epoch 00033: mean_squared_error did not improve from 0.00000
63/63 - 105s - loss: 9.6497e-07 - mean_squared_error: 1.3264e-06 - val_loss: 1.6994e-08 - val_mean_squared_error: 1.6994e-08 - 105s/epoch - 2s/step
Epoch 34/50

Epoch 00034: mean_squared_error did not improve from 0.00000
63/63 - 105s - loss: 9.6521e-07 - mean_squared_error: 1.3266e-06 - val_loss: 1.6750e-08 - val_mean_squared_error: 1.6750e-08 - 105s/epoch - 2s/step
Epoch 35/50

Epoch 00035: mean_squared_error did not improve from 0.00000
63/63 - 105s - loss: 9.6491e-07 - mean_squared_error: 1.3264e-06 - val_loss: 1.8500e-08 - val_mean_squared_error: 1.8500e-08 - 105s/epoch - 2s/step
Epoch 36/50

Epoch 00036: mean_squared_error did not improve from 0.00000
63/63 - 105s - loss: 9.6486e-07 - mean_squared_error: 1.3263e-06 - val_loss: 1.7947e-08 - val_mean_squared_error: 1.7947e-08 - 105s/epoch - 2s/step
Epoch 37/50

Epoch 00037: mean_squared_error did not improve from 0.00000
63/63 - 105s - loss: 9.6522e-07 - mean_squared_error: 1.3266e-06 - val_loss: 1.9437e-08 - val_mean_squared_error: 1.9437e-08 - 105s/epoch - 2s/step
Epoch 38/50

Epoch 00038: mean_squared_error did not improve from 0.00000
63/63 - 105s - loss: 9.6517e-07 - mean_squared_error: 1.3266e-06 - val_loss: 1.6516e-08 - val_mean_squared_error: 1.6516e-08 - 105s/epoch - 2s/step
Epoch 39/50

Epoch 00039: mean_squared_error did not improve from 0.00000
63/63 - 105s - loss: 9.6498e-07 - mean_squared_error: 1.3264e-06 - val_loss: 1.7944e-08 - val_mean_squared_error: 1.7944e-08 - 105s/epoch - 2s/step
Epoch 40/50

Epoch 00040: mean_squared_error did not improve from 0.00000
63/63 - 105s - loss: 9.6480e-07 - mean_squared_error: 1.3263e-06 - val_loss: 1.7460e-08 - val_mean_squared_error: 1.7460e-08 - 105s/epoch - 2s/step
Epoch 41/50

Epoch 00041: mean_squared_error did not improve from 0.00000
63/63 - 105s - loss: 9.6430e-07 - mean_squared_error: 1.3258e-06 - val_loss: 1.9019e-08 - val_mean_squared_error: 1.9019e-08 - 105s/epoch - 2s/step
Epoch 42/50

Epoch 00042: mean_squared_error did not improve from 0.00000
63/63 - 105s - loss: 9.6461e-07 - mean_squared_error: 1.3262e-06 - val_loss: 1.7206e-08 - val_mean_squared_error: 1.7206e-08 - 105s/epoch - 2s/step
Epoch 43/50

Epoch 00043: mean_squared_error did not improve from 0.00000
63/63 - 105s - loss: 9.6496e-07 - mean_squared_error: 1.3263e-06 - val_loss: 1.8595e-08 - val_mean_squared_error: 1.8595e-08 - 105s/epoch - 2s/step
Epoch 44/50

Epoch 00044: mean_squared_error did not improve from 0.00000
63/63 - 105s - loss: 9.6559e-07 - mean_squared_error: 1.3269e-06 - val_loss: 1.7765e-08 - val_mean_squared_error: 1.7765e-08 - 105s/epoch - 2s/step
Epoch 45/50

Epoch 00045: mean_squared_error did not improve from 0.00000
63/63 - 105s - loss: 9.6496e-07 - mean_squared_error: 1.3264e-06 - val_loss: 1.7539e-08 - val_mean_squared_error: 1.7539e-08 - 105s/epoch - 2s/step
Epoch 46/50

Epoch 00046: mean_squared_error did not improve from 0.00000
63/63 - 105s - loss: 9.6507e-07 - mean_squared_error: 1.3264e-06 - val_loss: 1.7562e-08 - val_mean_squared_error: 1.7562e-08 - 105s/epoch - 2s/step
Epoch 47/50

Epoch 00047: mean_squared_error did not improve from 0.00000
63/63 - 105s - loss: 9.6678e-07 - mean_squared_error: 1.3275e-06 - val_loss: 1.7796e-08 - val_mean_squared_error: 1.7796e-08 - 105s/epoch - 2s/step
Epoch 48/50

Epoch 00048: mean_squared_error did not improve from 0.00000
63/63 - 105s - loss: 9.6492e-07 - mean_squared_error: 1.3265e-06 - val_loss: 1.7404e-08 - val_mean_squared_error: 1.7404e-08 - 105s/epoch - 2s/step
Epoch 49/50

Epoch 00049: mean_squared_error did not improve from 0.00000
63/63 - 105s - loss: 9.6451e-07 - mean_squared_error: 1.3262e-06 - val_loss: 1.8120e-08 - val_mean_squared_error: 1.8120e-08 - 105s/epoch - 2s/step
Epoch 50/50

Epoch 00050: mean_squared_error did not improve from 0.00000
63/63 - 105s - loss: 9.6525e-07 - mean_squared_error: 1.3267e-06 - val_loss: 1.8645e-08 - val_mean_squared_error: 1.8645e-08 - 105s/epoch - 2s/step
Cycle2 elapsed time: 6905.331818

Total elapsed time: 19343.304909

 Good bye..
