Starting the log file.
Found GPU at: /device:GPU:0
tf_version: 2.7.0
Dataset parameters:
{'d_max': 2, 'max_order': 45, 'x_lims': [0, 1000.0], 'y_lims': [0, 1000.0], 'grid_points': [4, 4], 'n_bins': 20, 'max_wfe_rms': 0.1, 'oversampling_rate': 3.0, 'output_Q': 3.0, 'output_dim': 32, 'LP_filter_length': 2, 'pupil_diameter': 4096, 'euclid_obsc': True, 'n_stars': 2000}

***
Metric evaluation on the test dataset
***

Absolute RMSE:	 2.6273e-04 	 +/- 4.2940e-05
Relative RMSE:	 3.4600e+00 % 	 +/- 6.0306e-01 %
Absolute RMSE:	 1.3401e-01 	 +/- 1.5718e-02
Relative RMSE:	 1.8555e+02 % 	 +/- 1.3817e+01 %

Pixel star absolute RMSE:	 9.8278e-05 	 +/- 4.2554e-05 
Pixel star relative RMSE:	 6.6744e+00 % 	 +/- 3.9598e+00 %

sigma(e1) RMSE =		 3.0200e-02 	 +/- 2.9652e-02 
sigma(e2) RMSE =		 3.0343e-02 	 +/- 3.0033e-02 
sigma(R2)/<R2> =		 1.5647e-01 	 +/- 8.0475e-02 

Relative sigma(e1) RMSE =	 8.8000e+02 % 	 +/- 8.7926e+02 %
Relative sigma(e2) RMSE =	 1.3213e+03 % 	 +/- 1.3197e+03 %

Total number of stars: 		400
Problematic number of stars: 	0

***
Metric evaluation on the train dataset
***

Absolute RMSE:	 2.6120e-04 	 +/- 4.3394e-05
Relative RMSE:	 3.4618e+00 % 	 +/- 6.4121e-01 %
Absolute RMSE:	 1.3358e-01 	 +/- 1.6938e-02
Relative RMSE:	 1.8472e+02 % 	 +/- 1.3940e+01 %

Pixel star absolute RMSE:	 9.8990e-05 	 +/- 4.5067e-05 
Pixel star relative RMSE:	 6.8257e+00 % 	 +/- 4.4279e+00 %

sigma(e1) RMSE =		 3.4413e-02 	 +/- 3.3889e-02 
sigma(e2) RMSE =		 4.0884e-02 	 +/- 4.0339e-02 
sigma(R2)/<R2> =		 2.1632e-01 	 +/- 9.5485e-02 

Relative sigma(e1) RMSE =	 3.3312e+03 % 	 +/- 3.3306e+03 %
Relative sigma(e2) RMSE =	 1.9004e+03 % 	 +/- 1.8995e+03 %

Total number of stars: 		2000
Problematic number of stars: 	1

Total elapsed time: 1919.743830

 Good bye..
