Starting the log file.
Found GPU at: /device:GPU:0
tf_version: 2.7.0
Dataset parameters:
{'d_max': 2, 'max_order': 45, 'x_lims': [0, 1000.0], 'y_lims': [0, 1000.0], 'grid_points': [4, 4], 'n_bins': 20, 'max_wfe_rms': 0.1, 'oversampling_rate': 3.0, 'output_Q': 3.0, 'output_dim': 32, 'LP_filter_length': 2, 'pupil_diameter': 4096, 'euclid_obsc': True, 'n_stars': 2000}

***
Metric evaluation on the test dataset
***

Absolute RMSE:	 2.4663e-04 	 +/- 4.3111e-05
Relative RMSE:	 3.2531e+00 % 	 +/- 6.2107e-01 %
Absolute RMSE:	 1.1580e-01 	 +/- 1.2009e-02
Relative RMSE:	 1.6032e+02 % 	 +/- 6.6682e+00 %

Pixel star absolute RMSE:	 8.1814e-05 	 +/- 1.3200e-05 
Pixel star relative RMSE:	 5.4213e+00 % 	 +/- 1.4355e+00 %

sigma(e1) RMSE =		 1.3082e-02 	 +/- 1.2961e-02 
sigma(e2) RMSE =		 8.8062e-03 	 +/- 8.4126e-03 
sigma(R2)/<R2> =		 2.5511e-02 	 +/- 2.1909e-02 

Relative sigma(e1) RMSE =	 5.6768e+02 % 	 +/- 5.6631e+02 %
Relative sigma(e2) RMSE =	 8.9790e+02 % 	 +/- 8.9710e+02 %

Total number of stars: 		400
Problematic number of stars: 	0

***
Metric evaluation on the train dataset
***

Absolute RMSE:	 2.4817e-04 	 +/- 4.3335e-05
Relative RMSE:	 3.2940e+00 % 	 +/- 6.5951e-01 %
Absolute RMSE:	 1.1588e-01 	 +/- 1.3868e-02
Relative RMSE:	 1.6016e+02 % 	 +/- 6.7114e+00 %

Pixel star absolute RMSE:	 8.1893e-05 	 +/- 1.3546e-05 
Pixel star relative RMSE:	 5.4755e+00 % 	 +/- 1.6233e+00 %

sigma(e1) RMSE =		 1.3590e-02 	 +/- 1.3431e-02 
sigma(e2) RMSE =		 9.7304e-03 	 +/- 9.4315e-03 
sigma(R2)/<R2> =		 3.2449e-02 	 +/- 2.3574e-02 

Relative sigma(e1) RMSE =	 2.6173e+03 % 	 +/- 2.6173e+03 %
Relative sigma(e2) RMSE =	 1.2606e+03 % 	 +/- 1.2602e+03 %

Total number of stars: 		2000
Problematic number of stars: 	1

Total elapsed time: 1897.557303

 Good bye..
