Starting the log file.
Found GPU at: /device:GPU:0
tf_version: 2.7.0
Dataset parameters:
{'d_max': 2, 'max_order': 45, 'x_lims': [0, 1000.0], 'y_lims': [0, 1000.0], 'grid_points': [4, 4], 'n_bins': 20, 'max_wfe_rms': 0.1, 'oversampling_rate': 3.0, 'output_Q': 3.0, 'output_dim': 32, 'LP_filter_length': 2, 'pupil_diameter': 4096, 'euclid_obsc': True, 'n_stars': 2000}

***
Metric evaluation on the test dataset
***

Absolute RMSE:	 2.5020e-04 	 +/- 4.0743e-05
Relative RMSE:	 3.2977e+00 % 	 +/- 5.9349e-01 %
Absolute RMSE:	 1.4096e-01 	 +/- 2.0591e-02
Relative RMSE:	 1.9470e+02 % 	 +/- 1.6322e+01 %

Pixel star absolute RMSE:	 9.4064e-05 	 +/- 3.0011e-05 
Pixel star relative RMSE:	 6.3335e+00 % 	 +/- 2.8815e+00 %

sigma(e1) RMSE =		 2.0488e-02 	 +/- 1.6431e-02 
sigma(e2) RMSE =		 1.3565e-02 	 +/- 1.2938e-02 
sigma(R2)/<R2> =		 5.2730e-02 	 +/- 3.4363e-02 

Relative sigma(e1) RMSE =	 9.9477e+02 % 	 +/- 9.8655e+02 %
Relative sigma(e2) RMSE =	 2.2698e+03 % 	 +/- 2.2661e+03 %

Total number of stars: 		400
Problematic number of stars: 	0

***
Metric evaluation on the train dataset
***

Absolute RMSE:	 2.4848e-04 	 +/- 3.9347e-05
Relative RMSE:	 3.2944e+00 % 	 +/- 6.0567e-01 %
Absolute RMSE:	 1.4110e-01 	 +/- 2.2342e-02
Relative RMSE:	 1.9454e+02 % 	 +/- 1.5809e+01 %

Pixel star absolute RMSE:	 9.3329e-05 	 +/- 3.0851e-05 
Pixel star relative RMSE:	 6.3634e+00 % 	 +/- 3.1823e+00 %

sigma(e1) RMSE =		 2.0930e-02 	 +/- 1.7212e-02 
sigma(e2) RMSE =		 1.4609e-02 	 +/- 1.4203e-02 
sigma(R2)/<R2> =		 1.1275e-01 	 +/- 4.0102e-02 

Relative sigma(e1) RMSE =	 1.7426e+03 % 	 +/- 1.7395e+03 %
Relative sigma(e2) RMSE =	 3.5796e+03 % 	 +/- 3.5779e+03 %

Total number of stars: 		2000
Problematic number of stars: 	0

Total elapsed time: 1979.985032

 Good bye..
