Starting the log file.
Found GPU at: /device:GPU:0
tf_version: 2.7.0
Dataset parameters:
{'d_max': 2, 'max_order': 45, 'x_lims': [0, 1000.0], 'y_lims': [0, 1000.0], 'grid_points': [4, 4], 'n_bins': 20, 'max_wfe_rms': 0.1, 'oversampling_rate': 3.0, 'output_Q': 3.0, 'output_dim': 32, 'LP_filter_length': 2, 'pupil_diameter': 4096, 'euclid_obsc': True, 'n_stars': 2000}

***
Metric evaluation on the test dataset
***

Absolute RMSE:	 9.4318e-05 	 +/- 2.2765e-05
Relative RMSE:	 1.2749e+00 % 	 +/- 3.8920e-01 %
Absolute RMSE:	 1.6096e-01 	 +/- 1.7694e-02
Relative RMSE:	 2.0546e+02 % 	 +/- 1.9118e+01 %

Pixel star absolute RMSE:	 5.7641e-05 	 +/- 1.4059e-05 
Pixel star relative RMSE:	 3.8958e+00 % 	 +/- 1.2499e+00 %

sigma(e1) RMSE =		 1.1672e-02 	 +/- 9.8695e-03 
sigma(e2) RMSE =		 6.8162e-03 	 +/- 6.7595e-03 
sigma(R2)/<R2> =		 2.5089e-02 	 +/- 2.2416e-02 

Relative sigma(e1) RMSE =	 2.8747e+03 % 	 +/- 2.8737e+03 %
Relative sigma(e2) RMSE =	 2.3945e+02 % 	 +/- 2.3945e+02 %

Total number of stars: 		400
Problematic number of stars: 	0

***
Metric evaluation on the train dataset
***

Absolute RMSE:	 9.5291e-05 	 +/- 2.3403e-05
Relative RMSE:	 1.2978e+00 % 	 +/- 4.2832e-01 %
Absolute RMSE:	 1.6133e-01 	 +/- 1.8184e-02
Relative RMSE:	 2.0587e+02 % 	 +/- 1.9449e+01 %

Pixel star absolute RMSE:	 5.7655e-05 	 +/- 1.3639e-05 
Pixel star relative RMSE:	 3.9227e+00 % 	 +/- 1.2929e+00 %

sigma(e1) RMSE =		 1.2084e-02 	 +/- 1.0251e-02 
sigma(e2) RMSE =		 8.0923e-03 	 +/- 8.0622e-03 
sigma(R2)/<R2> =		 5.6437e-02 	 +/- 2.5282e-02 

Relative sigma(e1) RMSE =	 2.2400e+04 % 	 +/- 2.2393e+04 %
Relative sigma(e2) RMSE =	 7.1404e+02 % 	 +/- 7.1377e+02 %

Total number of stars: 		2000
Problematic number of stars: 	0

Total elapsed time: 2273.162896

 Good bye..
