Starting the log file.
Found GPU at: /device:GPU:0
tf_version: 2.7.0
Zernike cube:
(15, 128, 128)
Dataset parameters:
{'d_max': 2, 'max_order': 45, 'x_lims': [0, 1000.0], 'y_lims': [0, 1000.0], 'grid_points': [4, 4], 'n_bins': 20, 'max_wfe_rms': 0.1, 'oversampling_rate': 3.0, 'output_Q': 3.0, 'output_dim': 32, 'LP_filter_length': 2, 'pupil_diameter': 4096, 'euclid_obsc': True, 'n_stars': 2000}
Starting cycle 1..
Starting parametric update..
Epoch 1/15

Epoch 00001: mean_squared_error improved from inf to 0.00001, saving model to /gpfswork/rech/ynx/ulx23va/repo/wf-SEDs/model_WFE_size/wf-outputs/chkp/wfe_study_resx3_bis/chkp_callback_poly_wfe_study_resx3_128_bis_15_cycle1
63/63 - 245s - loss: 7.7809e-06 - mean_squared_error: 7.3298e-06 - val_loss: 2.0177e-06 - val_mean_squared_error: 2.0177e-06 - 245s/epoch - 4s/step
Epoch 2/15

Epoch 00002: mean_squared_error improved from 0.00001 to 0.00000, saving model to /gpfswork/rech/ynx/ulx23va/repo/wf-SEDs/model_WFE_size/wf-outputs/chkp/wfe_study_resx3_bis/chkp_callback_poly_wfe_study_resx3_128_bis_15_cycle1
63/63 - 240s - loss: 2.7207e-06 - mean_squared_error: 2.9047e-06 - val_loss: 1.2883e-06 - val_mean_squared_error: 1.2883e-06 - 240s/epoch - 4s/step
Epoch 3/15

Epoch 00003: mean_squared_error improved from 0.00000 to 0.00000, saving model to /gpfswork/rech/ynx/ulx23va/repo/wf-SEDs/model_WFE_size/wf-outputs/chkp/wfe_study_resx3_bis/chkp_callback_poly_wfe_study_resx3_128_bis_15_cycle1
63/63 - 240s - loss: 2.2270e-06 - mean_squared_error: 2.4441e-06 - val_loss: 9.9295e-07 - val_mean_squared_error: 9.9295e-07 - 240s/epoch - 4s/step
Epoch 4/15

Epoch 00004: mean_squared_error improved from 0.00000 to 0.00000, saving model to /gpfswork/rech/ynx/ulx23va/repo/wf-SEDs/model_WFE_size/wf-outputs/chkp/wfe_study_resx3_bis/chkp_callback_poly_wfe_study_resx3_128_bis_15_cycle1
63/63 - 240s - loss: 2.0104e-06 - mean_squared_error: 2.2437e-06 - val_loss: 8.9889e-07 - val_mean_squared_error: 8.9889e-07 - 240s/epoch - 4s/step
Epoch 5/15

Epoch 00005: mean_squared_error improved from 0.00000 to 0.00000, saving model to /gpfswork/rech/ynx/ulx23va/repo/wf-SEDs/model_WFE_size/wf-outputs/chkp/wfe_study_resx3_bis/chkp_callback_poly_wfe_study_resx3_128_bis_15_cycle1
63/63 - 240s - loss: 1.8679e-06 - mean_squared_error: 2.1198e-06 - val_loss: 7.6111e-07 - val_mean_squared_error: 7.6111e-07 - 240s/epoch - 4s/step
Epoch 6/15

Epoch 00006: mean_squared_error improved from 0.00000 to 0.00000, saving model to /gpfswork/rech/ynx/ulx23va/repo/wf-SEDs/model_WFE_size/wf-outputs/chkp/wfe_study_resx3_bis/chkp_callback_poly_wfe_study_resx3_128_bis_15_cycle1
63/63 - 239s - loss: 1.7695e-06 - mean_squared_error: 2.0356e-06 - val_loss: 7.2100e-07 - val_mean_squared_error: 7.2100e-07 - 239s/epoch - 4s/step
Epoch 7/15

Epoch 00007: mean_squared_error improved from 0.00000 to 0.00000, saving model to /gpfswork/rech/ynx/ulx23va/repo/wf-SEDs/model_WFE_size/wf-outputs/chkp/wfe_study_resx3_bis/chkp_callback_poly_wfe_study_resx3_128_bis_15_cycle1
63/63 - 240s - loss: 1.7380e-06 - mean_squared_error: 2.0094e-06 - val_loss: 6.9471e-07 - val_mean_squared_error: 6.9471e-07 - 240s/epoch - 4s/step
Epoch 8/15

Epoch 00008: mean_squared_error improved from 0.00000 to 0.00000, saving model to /gpfswork/rech/ynx/ulx23va/repo/wf-SEDs/model_WFE_size/wf-outputs/chkp/wfe_study_resx3_bis/chkp_callback_poly_wfe_study_resx3_128_bis_15_cycle1
63/63 - 239s - loss: 1.7208e-06 - mean_squared_error: 1.9957e-06 - val_loss: 6.8024e-07 - val_mean_squared_error: 6.8024e-07 - 239s/epoch - 4s/step
Epoch 9/15

Epoch 00009: mean_squared_error did not improve from 0.00000
63/63 - 239s - loss: 1.7226e-06 - mean_squared_error: 2.0007e-06 - val_loss: 7.2533e-07 - val_mean_squared_error: 7.2533e-07 - 239s/epoch - 4s/step
Epoch 10/15

Epoch 00010: mean_squared_error did not improve from 0.00000
63/63 - 240s - loss: 1.7332e-06 - mean_squared_error: 2.0065e-06 - val_loss: 7.3559e-07 - val_mean_squared_error: 7.3559e-07 - 240s/epoch - 4s/step
Epoch 11/15

Epoch 00011: mean_squared_error did not improve from 0.00000
63/63 - 238s - loss: 1.7345e-06 - mean_squared_error: 2.0093e-06 - val_loss: 6.8173e-07 - val_mean_squared_error: 6.8173e-07 - 238s/epoch - 4s/step
Epoch 12/15

Epoch 00012: mean_squared_error did not improve from 0.00000
63/63 - 239s - loss: 1.7262e-06 - mean_squared_error: 2.0034e-06 - val_loss: 6.7170e-07 - val_mean_squared_error: 6.7170e-07 - 239s/epoch - 4s/step
Epoch 13/15

Epoch 00013: mean_squared_error did not improve from 0.00000
63/63 - 239s - loss: 1.7757e-06 - mean_squared_error: 2.0471e-06 - val_loss: 6.8127e-07 - val_mean_squared_error: 6.8127e-07 - 239s/epoch - 4s/step
Epoch 14/15

Epoch 00014: mean_squared_error did not improve from 0.00000
63/63 - 239s - loss: 1.7780e-06 - mean_squared_error: 2.0411e-06 - val_loss: 7.1745e-07 - val_mean_squared_error: 7.1745e-07 - 239s/epoch - 4s/step
Epoch 15/15

Epoch 00015: mean_squared_error did not improve from 0.00000
63/63 - 241s - loss: 1.7565e-06 - mean_squared_error: 2.0279e-06 - val_loss: 6.7076e-07 - val_mean_squared_error: 6.7076e-07 - 241s/epoch - 4s/step
Starting non-parametric update..
Epoch 1/100

Epoch 00001: mean_squared_error improved from 0.00000 to 0.00000, saving model to /gpfswork/rech/ynx/ulx23va/repo/wf-SEDs/model_WFE_size/wf-outputs/chkp/wfe_study_resx3_bis/chkp_callback_poly_wfe_study_resx3_128_bis_15_cycle1
63/63 - 250s - loss: 1.5817e-06 - mean_squared_error: 1.8772e-06 - val_loss: 4.8210e-07 - val_mean_squared_error: 4.8210e-07 - 250s/epoch - 4s/step
Epoch 2/100

Epoch 00002: mean_squared_error improved from 0.00000 to 0.00000, saving model to /gpfswork/rech/ynx/ulx23va/repo/wf-SEDs/model_WFE_size/wf-outputs/chkp/wfe_study_resx3_bis/chkp_callback_poly_wfe_study_resx3_128_bis_15_cycle1
63/63 - 248s - loss: 1.3828e-06 - mean_squared_error: 1.7081e-06 - val_loss: 3.3253e-07 - val_mean_squared_error: 3.3253e-07 - 248s/epoch - 4s/step
Epoch 3/100

Epoch 00003: mean_squared_error improved from 0.00000 to 0.00000, saving model to /gpfswork/rech/ynx/ulx23va/repo/wf-SEDs/model_WFE_size/wf-outputs/chkp/wfe_study_resx3_bis/chkp_callback_poly_wfe_study_resx3_128_bis_15_cycle1
63/63 - 247s - loss: 1.2532e-06 - mean_squared_error: 1.5908e-06 - val_loss: 2.4582e-07 - val_mean_squared_error: 2.4582e-07 - 247s/epoch - 4s/step
Epoch 4/100

Epoch 00004: mean_squared_error improved from 0.00000 to 0.00000, saving model to /gpfswork/rech/ynx/ulx23va/repo/wf-SEDs/model_WFE_size/wf-outputs/chkp/wfe_study_resx3_bis/chkp_callback_poly_wfe_study_resx3_128_bis_15_cycle1
63/63 - 247s - loss: 1.1795e-06 - mean_squared_error: 1.5233e-06 - val_loss: 1.8820e-07 - val_mean_squared_error: 1.8820e-07 - 247s/epoch - 4s/step
Epoch 5/100

Epoch 00005: mean_squared_error improved from 0.00000 to 0.00000, saving model to /gpfswork/rech/ynx/ulx23va/repo/wf-SEDs/model_WFE_size/wf-outputs/chkp/wfe_study_resx3_bis/chkp_callback_poly_wfe_study_resx3_128_bis_15_cycle1
63/63 - 248s - loss: 1.1289e-06 - mean_squared_error: 1.4773e-06 - val_loss: 1.5160e-07 - val_mean_squared_error: 1.5160e-07 - 248s/epoch - 4s/step
Epoch 6/100

Epoch 00006: mean_squared_error improved from 0.00000 to 0.00000, saving model to /gpfswork/rech/ynx/ulx23va/repo/wf-SEDs/model_WFE_size/wf-outputs/chkp/wfe_study_resx3_bis/chkp_callback_poly_wfe_study_resx3_128_bis_15_cycle1
63/63 - 248s - loss: 1.0946e-06 - mean_squared_error: 1.4455e-06 - val_loss: 1.2396e-07 - val_mean_squared_error: 1.2396e-07 - 248s/epoch - 4s/step
Epoch 7/100

Epoch 00007: mean_squared_error improved from 0.00000 to 0.00000, saving model to /gpfswork/rech/ynx/ulx23va/repo/wf-SEDs/model_WFE_size/wf-outputs/chkp/wfe_study_resx3_bis/chkp_callback_poly_wfe_study_resx3_128_bis_15_cycle1
63/63 - 247s - loss: 1.0703e-06 - mean_squared_error: 1.4232e-06 - val_loss: 1.0685e-07 - val_mean_squared_error: 1.0685e-07 - 247s/epoch - 4s/step
Epoch 8/100

Epoch 00008: mean_squared_error improved from 0.00000 to 0.00000, saving model to /gpfswork/rech/ynx/ulx23va/repo/wf-SEDs/model_WFE_size/wf-outputs/chkp/wfe_study_resx3_bis/chkp_callback_poly_wfe_study_resx3_128_bis_15_cycle1
63/63 - 247s - loss: 1.0522e-06 - mean_squared_error: 1.4071e-06 - val_loss: 8.9178e-08 - val_mean_squared_error: 8.9178e-08 - 247s/epoch - 4s/step
Epoch 9/100

Epoch 00009: mean_squared_error improved from 0.00000 to 0.00000, saving model to /gpfswork/rech/ynx/ulx23va/repo/wf-SEDs/model_WFE_size/wf-outputs/chkp/wfe_study_resx3_bis/chkp_callback_poly_wfe_study_resx3_128_bis_15_cycle1
63/63 - 247s - loss: 1.0381e-06 - mean_squared_error: 1.3939e-06 - val_loss: 7.8093e-08 - val_mean_squared_error: 7.8093e-08 - 247s/epoch - 4s/step
Epoch 10/100

Epoch 00010: mean_squared_error improved from 0.00000 to 0.00000, saving model to /gpfswork/rech/ynx/ulx23va/repo/wf-SEDs/model_WFE_size/wf-outputs/chkp/wfe_study_resx3_bis/chkp_callback_poly_wfe_study_resx3_128_bis_15_cycle1
63/63 - 247s - loss: 1.0276e-06 - mean_squared_error: 1.3843e-06 - val_loss: 6.8953e-08 - val_mean_squared_error: 6.8953e-08 - 247s/epoch - 4s/step
Epoch 11/100

Epoch 00011: mean_squared_error improved from 0.00000 to 0.00000, saving model to /gpfswork/rech/ynx/ulx23va/repo/wf-SEDs/model_WFE_size/wf-outputs/chkp/wfe_study_resx3_bis/chkp_callback_poly_wfe_study_resx3_128_bis_15_cycle1
63/63 - 247s - loss: 1.0187e-06 - mean_squared_error: 1.3761e-06 - val_loss: 6.0532e-08 - val_mean_squared_error: 6.0532e-08 - 247s/epoch - 4s/step
Epoch 12/100

Epoch 00012: mean_squared_error improved from 0.00000 to 0.00000, saving model to /gpfswork/rech/ynx/ulx23va/repo/wf-SEDs/model_WFE_size/wf-outputs/chkp/wfe_study_resx3_bis/chkp_callback_poly_wfe_study_resx3_128_bis_15_cycle1
63/63 - 248s - loss: 1.0157e-06 - mean_squared_error: 1.3729e-06 - val_loss: 5.6722e-08 - val_mean_squared_error: 5.6722e-08 - 248s/epoch - 4s/step
Epoch 13/100

Epoch 00013: mean_squared_error improved from 0.00000 to 0.00000, saving model to /gpfswork/rech/ynx/ulx23va/repo/wf-SEDs/model_WFE_size/wf-outputs/chkp/wfe_study_resx3_bis/chkp_callback_poly_wfe_study_resx3_128_bis_15_cycle1
63/63 - 248s - loss: 1.0065e-06 - mean_squared_error: 1.3650e-06 - val_loss: 5.1183e-08 - val_mean_squared_error: 5.1183e-08 - 248s/epoch - 4s/step
Epoch 14/100

Epoch 00014: mean_squared_error improved from 0.00000 to 0.00000, saving model to /gpfswork/rech/ynx/ulx23va/repo/wf-SEDs/model_WFE_size/wf-outputs/chkp/wfe_study_resx3_bis/chkp_callback_poly_wfe_study_resx3_128_bis_15_cycle1
63/63 - 249s - loss: 1.0015e-06 - mean_squared_error: 1.3600e-06 - val_loss: 4.7233e-08 - val_mean_squared_error: 4.7233e-08 - 249s/epoch - 4s/step
Epoch 15/100

Epoch 00015: mean_squared_error improved from 0.00000 to 0.00000, saving model to /gpfswork/rech/ynx/ulx23va/repo/wf-SEDs/model_WFE_size/wf-outputs/chkp/wfe_study_resx3_bis/chkp_callback_poly_wfe_study_resx3_128_bis_15_cycle1
63/63 - 248s - loss: 9.9741e-07 - mean_squared_error: 1.3566e-06 - val_loss: 4.1567e-08 - val_mean_squared_error: 4.1567e-08 - 248s/epoch - 4s/step
Epoch 16/100

Epoch 00016: mean_squared_error improved from 0.00000 to 0.00000, saving model to /gpfswork/rech/ynx/ulx23va/repo/wf-SEDs/model_WFE_size/wf-outputs/chkp/wfe_study_resx3_bis/chkp_callback_poly_wfe_study_resx3_128_bis_15_cycle1
63/63 - 247s - loss: 9.9163e-07 - mean_squared_error: 1.3509e-06 - val_loss: 3.8781e-08 - val_mean_squared_error: 3.8781e-08 - 247s/epoch - 4s/step
Epoch 17/100

Epoch 00017: mean_squared_error did not improve from 0.00000
63/63 - 248s - loss: 9.9479e-07 - mean_squared_error: 1.3542e-06 - val_loss: 3.4587e-08 - val_mean_squared_error: 3.4587e-08 - 248s/epoch - 4s/step
Epoch 18/100

Epoch 00018: mean_squared_error improved from 0.00000 to 0.00000, saving model to /gpfswork/rech/ynx/ulx23va/repo/wf-SEDs/model_WFE_size/wf-outputs/chkp/wfe_study_resx3_bis/chkp_callback_poly_wfe_study_resx3_128_bis_15_cycle1
63/63 - 247s - loss: 9.8602e-07 - mean_squared_error: 1.3457e-06 - val_loss: 3.3252e-08 - val_mean_squared_error: 3.3252e-08 - 247s/epoch - 4s/step
Epoch 19/100

Epoch 00019: mean_squared_error improved from 0.00000 to 0.00000, saving model to /gpfswork/rech/ynx/ulx23va/repo/wf-SEDs/model_WFE_size/wf-outputs/chkp/wfe_study_resx3_bis/chkp_callback_poly_wfe_study_resx3_128_bis_15_cycle1
63/63 - 246s - loss: 9.8445e-07 - mean_squared_error: 1.3441e-06 - val_loss: 3.2960e-08 - val_mean_squared_error: 3.2960e-08 - 246s/epoch - 4s/step
Epoch 20/100

Epoch 00020: mean_squared_error did not improve from 0.00000
63/63 - 245s - loss: 9.8456e-07 - mean_squared_error: 1.3442e-06 - val_loss: 3.9216e-08 - val_mean_squared_error: 3.9216e-08 - 245s/epoch - 4s/step
Epoch 21/100

Epoch 00021: mean_squared_error did not improve from 0.00000
63/63 - 246s - loss: 9.8813e-07 - mean_squared_error: 1.3471e-06 - val_loss: 2.5416e-08 - val_mean_squared_error: 2.5416e-08 - 246s/epoch - 4s/step
Epoch 22/100

Epoch 00022: mean_squared_error improved from 0.00000 to 0.00000, saving model to /gpfswork/rech/ynx/ulx23va/repo/wf-SEDs/model_WFE_size/wf-outputs/chkp/wfe_study_resx3_bis/chkp_callback_poly_wfe_study_resx3_128_bis_15_cycle1
63/63 - 246s - loss: 9.8075e-07 - mean_squared_error: 1.3405e-06 - val_loss: 2.7834e-08 - val_mean_squared_error: 2.7834e-08 - 246s/epoch - 4s/step
Epoch 23/100

Epoch 00023: mean_squared_error improved from 0.00000 to 0.00000, saving model to /gpfswork/rech/ynx/ulx23va/repo/wf-SEDs/model_WFE_size/wf-outputs/chkp/wfe_study_resx3_bis/chkp_callback_poly_wfe_study_resx3_128_bis_15_cycle1
63/63 - 246s - loss: 9.7754e-07 - mean_squared_error: 1.3379e-06 - val_loss: 2.9270e-08 - val_mean_squared_error: 2.9270e-08 - 246s/epoch - 4s/step
Epoch 24/100

Epoch 00024: mean_squared_error improved from 0.00000 to 0.00000, saving model to /gpfswork/rech/ynx/ulx23va/repo/wf-SEDs/model_WFE_size/wf-outputs/chkp/wfe_study_resx3_bis/chkp_callback_poly_wfe_study_resx3_128_bis_15_cycle1
63/63 - 246s - loss: 9.7657e-07 - mean_squared_error: 1.3368e-06 - val_loss: 2.3860e-08 - val_mean_squared_error: 2.3860e-08 - 246s/epoch - 4s/step
Epoch 25/100

Epoch 00025: mean_squared_error did not improve from 0.00000
63/63 - 246s - loss: 9.9148e-07 - mean_squared_error: 1.3482e-06 - val_loss: 2.6853e-08 - val_mean_squared_error: 2.6853e-08 - 246s/epoch - 4s/step
Epoch 26/100

Epoch 00026: mean_squared_error did not improve from 0.00000
63/63 - 246s - loss: 9.8088e-07 - mean_squared_error: 1.3405e-06 - val_loss: 2.7560e-08 - val_mean_squared_error: 2.7560e-08 - 246s/epoch - 4s/step
Epoch 27/100

Epoch 00027: mean_squared_error did not improve from 0.00000
63/63 - 246s - loss: 9.7795e-07 - mean_squared_error: 1.3380e-06 - val_loss: 2.2025e-08 - val_mean_squared_error: 2.2025e-08 - 246s/epoch - 4s/step
Epoch 28/100

Epoch 00028: mean_squared_error improved from 0.00000 to 0.00000, saving model to /gpfswork/rech/ynx/ulx23va/repo/wf-SEDs/model_WFE_size/wf-outputs/chkp/wfe_study_resx3_bis/chkp_callback_poly_wfe_study_resx3_128_bis_15_cycle1
63/63 - 246s - loss: 9.7156e-07 - mean_squared_error: 1.3325e-06 - val_loss: 2.0503e-08 - val_mean_squared_error: 2.0503e-08 - 246s/epoch - 4s/step
Epoch 29/100

Epoch 00029: mean_squared_error did not improve from 0.00000
63/63 - 246s - loss: 9.7221e-07 - mean_squared_error: 1.3331e-06 - val_loss: 1.9143e-08 - val_mean_squared_error: 1.9143e-08 - 246s/epoch - 4s/step
Epoch 30/100

Epoch 00030: mean_squared_error improved from 0.00000 to 0.00000, saving model to /gpfswork/rech/ynx/ulx23va/repo/wf-SEDs/model_WFE_size/wf-outputs/chkp/wfe_study_resx3_bis/chkp_callback_poly_wfe_study_resx3_128_bis_15_cycle1
63/63 - 247s - loss: 9.6949e-07 - mean_squared_error: 1.3306e-06 - val_loss: 1.8477e-08 - val_mean_squared_error: 1.8477e-08 - 247s/epoch - 4s/step
Epoch 31/100

Epoch 00031: mean_squared_error did not improve from 0.00000
63/63 - 246s - loss: 9.7028e-07 - mean_squared_error: 1.3311e-06 - val_loss: 1.8584e-08 - val_mean_squared_error: 1.8584e-08 - 246s/epoch - 4s/step
Epoch 32/100

Epoch 00032: mean_squared_error did not improve from 0.00000
63/63 - 244s - loss: 9.6968e-07 - mean_squared_error: 1.3308e-06 - val_loss: 1.7196e-08 - val_mean_squared_error: 1.7196e-08 - 244s/epoch - 4s/step
Epoch 33/100

Epoch 00033: mean_squared_error did not improve from 0.00000
63/63 - 244s - loss: 9.7207e-07 - mean_squared_error: 1.3327e-06 - val_loss: 2.1363e-08 - val_mean_squared_error: 2.1363e-08 - 244s/epoch - 4s/step
Epoch 34/100

Epoch 00034: mean_squared_error did not improve from 0.00000
63/63 - 247s - loss: 9.7344e-07 - mean_squared_error: 1.3335e-06 - val_loss: 2.4436e-08 - val_mean_squared_error: 2.4436e-08 - 247s/epoch - 4s/step
Epoch 35/100

Epoch 00035: mean_squared_error did not improve from 0.00000
63/63 - 247s - loss: 9.7205e-07 - mean_squared_error: 1.3323e-06 - val_loss: 1.7350e-08 - val_mean_squared_error: 1.7350e-08 - 247s/epoch - 4s/step
Epoch 36/100

Epoch 00036: mean_squared_error improved from 0.00000 to 0.00000, saving model to /gpfswork/rech/ynx/ulx23va/repo/wf-SEDs/model_WFE_size/wf-outputs/chkp/wfe_study_resx3_bis/chkp_callback_poly_wfe_study_resx3_128_bis_15_cycle1
63/63 - 247s - loss: 9.6779e-07 - mean_squared_error: 1.3288e-06 - val_loss: 1.7838e-08 - val_mean_squared_error: 1.7838e-08 - 247s/epoch - 4s/step
Epoch 37/100

Epoch 00037: mean_squared_error did not improve from 0.00000
63/63 - 244s - loss: 9.7139e-07 - mean_squared_error: 1.3320e-06 - val_loss: 1.7769e-08 - val_mean_squared_error: 1.7769e-08 - 244s/epoch - 4s/step
Epoch 38/100

Epoch 00038: mean_squared_error did not improve from 0.00000
63/63 - 245s - loss: 9.7387e-07 - mean_squared_error: 1.3341e-06 - val_loss: 5.5020e-08 - val_mean_squared_error: 5.5020e-08 - 245s/epoch - 4s/step
Epoch 39/100

Epoch 00039: mean_squared_error did not improve from 0.00000
63/63 - 247s - loss: 1.0001e-06 - mean_squared_error: 1.3560e-06 - val_loss: 1.7709e-08 - val_mean_squared_error: 1.7709e-08 - 247s/epoch - 4s/step
Epoch 40/100

Epoch 00040: mean_squared_error did not improve from 0.00000
63/63 - 246s - loss: 9.6919e-07 - mean_squared_error: 1.3299e-06 - val_loss: 1.9642e-08 - val_mean_squared_error: 1.9642e-08 - 246s/epoch - 4s/step
Epoch 41/100

Epoch 00041: mean_squared_error did not improve from 0.00000
63/63 - 246s - loss: 9.6776e-07 - mean_squared_error: 1.3291e-06 - val_loss: 1.4098e-08 - val_mean_squared_error: 1.4098e-08 - 246s/epoch - 4s/step
Epoch 42/100

Epoch 00042: mean_squared_error improved from 0.00000 to 0.00000, saving model to /gpfswork/rech/ynx/ulx23va/repo/wf-SEDs/model_WFE_size/wf-outputs/chkp/wfe_study_resx3_bis/chkp_callback_poly_wfe_study_resx3_128_bis_15_cycle1
63/63 - 247s - loss: 9.6492e-07 - mean_squared_error: 1.3265e-06 - val_loss: 1.4544e-08 - val_mean_squared_error: 1.4544e-08 - 247s/epoch - 4s/step
Epoch 43/100

Epoch 00043: mean_squared_error did not improve from 0.00000
63/63 - 243s - loss: 9.7035e-07 - mean_squared_error: 1.3309e-06 - val_loss: 2.0901e-08 - val_mean_squared_error: 2.0901e-08 - 243s/epoch - 4s/step
Epoch 44/100

Epoch 00044: mean_squared_error did not improve from 0.00000
63/63 - 245s - loss: 9.6885e-07 - mean_squared_error: 1.3295e-06 - val_loss: 1.9475e-08 - val_mean_squared_error: 1.9475e-08 - 245s/epoch - 4s/step
Epoch 45/100

Epoch 00045: mean_squared_error did not improve from 0.00000
63/63 - 245s - loss: 9.6846e-07 - mean_squared_error: 1.3293e-06 - val_loss: 1.7641e-08 - val_mean_squared_error: 1.7641e-08 - 245s/epoch - 4s/step
Epoch 46/100

Epoch 00046: mean_squared_error did not improve from 0.00000
63/63 - 245s - loss: 9.8182e-07 - mean_squared_error: 1.3403e-06 - val_loss: 6.1016e-08 - val_mean_squared_error: 6.1016e-08 - 245s/epoch - 4s/step
Epoch 47/100

Epoch 00047: mean_squared_error did not improve from 0.00000
63/63 - 246s - loss: 9.8514e-07 - mean_squared_error: 1.3441e-06 - val_loss: 1.7066e-08 - val_mean_squared_error: 1.7066e-08 - 246s/epoch - 4s/step
Epoch 48/100

Epoch 00048: mean_squared_error improved from 0.00000 to 0.00000, saving model to /gpfswork/rech/ynx/ulx23va/repo/wf-SEDs/model_WFE_size/wf-outputs/chkp/wfe_study_resx3_bis/chkp_callback_poly_wfe_study_resx3_128_bis_15_cycle1
63/63 - 246s - loss: 9.6415e-07 - mean_squared_error: 1.3254e-06 - val_loss: 1.2398e-08 - val_mean_squared_error: 1.2398e-08 - 246s/epoch - 4s/step
Epoch 49/100

Epoch 00049: mean_squared_error improved from 0.00000 to 0.00000, saving model to /gpfswork/rech/ynx/ulx23va/repo/wf-SEDs/model_WFE_size/wf-outputs/chkp/wfe_study_resx3_bis/chkp_callback_poly_wfe_study_resx3_128_bis_15_cycle1
63/63 - 245s - loss: 9.6288e-07 - mean_squared_error: 1.3245e-06 - val_loss: 1.2016e-08 - val_mean_squared_error: 1.2016e-08 - 245s/epoch - 4s/step
Epoch 50/100

Epoch 00050: mean_squared_error improved from 0.00000 to 0.00000, saving model to /gpfswork/rech/ynx/ulx23va/repo/wf-SEDs/model_WFE_size/wf-outputs/chkp/wfe_study_resx3_bis/chkp_callback_poly_wfe_study_resx3_128_bis_15_cycle1
63/63 - 246s - loss: 9.6256e-07 - mean_squared_error: 1.3241e-06 - val_loss: 1.3861e-08 - val_mean_squared_error: 1.3861e-08 - 246s/epoch - 4s/step
Epoch 51/100

Epoch 00051: mean_squared_error improved from 0.00000 to 0.00000, saving model to /gpfswork/rech/ynx/ulx23va/repo/wf-SEDs/model_WFE_size/wf-outputs/chkp/wfe_study_resx3_bis/chkp_callback_poly_wfe_study_resx3_128_bis_15_cycle1
63/63 - 244s - loss: 9.6256e-07 - mean_squared_error: 1.3241e-06 - val_loss: 1.2209e-08 - val_mean_squared_error: 1.2209e-08 - 244s/epoch - 4s/step
Epoch 52/100

Epoch 00052: mean_squared_error did not improve from 0.00000
63/63 - 247s - loss: 9.6543e-07 - mean_squared_error: 1.3269e-06 - val_loss: 1.9073e-08 - val_mean_squared_error: 1.9073e-08 - 247s/epoch - 4s/step
Epoch 53/100

Epoch 00053: mean_squared_error did not improve from 0.00000
63/63 - 246s - loss: 9.6246e-07 - mean_squared_error: 1.3242e-06 - val_loss: 1.1008e-08 - val_mean_squared_error: 1.1008e-08 - 246s/epoch - 4s/step
Epoch 54/100

Epoch 00054: mean_squared_error improved from 0.00000 to 0.00000, saving model to /gpfswork/rech/ynx/ulx23va/repo/wf-SEDs/model_WFE_size/wf-outputs/chkp/wfe_study_resx3_bis/chkp_callback_poly_wfe_study_resx3_128_bis_15_cycle1
63/63 - 247s - loss: 9.6235e-07 - mean_squared_error: 1.3239e-06 - val_loss: 1.5310e-08 - val_mean_squared_error: 1.5310e-08 - 247s/epoch - 4s/step
Epoch 55/100

Epoch 00055: mean_squared_error did not improve from 0.00000
63/63 - 247s - loss: 9.6443e-07 - mean_squared_error: 1.3259e-06 - val_loss: 1.2408e-08 - val_mean_squared_error: 1.2408e-08 - 247s/epoch - 4s/step
Epoch 56/100

Epoch 00056: mean_squared_error did not improve from 0.00000
63/63 - 246s - loss: 9.6270e-07 - mean_squared_error: 1.3242e-06 - val_loss: 1.1221e-08 - val_mean_squared_error: 1.1221e-08 - 246s/epoch - 4s/step
Epoch 57/100

Epoch 00057: mean_squared_error did not improve from 0.00000
63/63 - 247s - loss: 9.6245e-07 - mean_squared_error: 1.3240e-06 - val_loss: 1.3646e-08 - val_mean_squared_error: 1.3646e-08 - 247s/epoch - 4s/step
Epoch 58/100

Epoch 00058: mean_squared_error improved from 0.00000 to 0.00000, saving model to /gpfswork/rech/ynx/ulx23va/repo/wf-SEDs/model_WFE_size/wf-outputs/chkp/wfe_study_resx3_bis/chkp_callback_poly_wfe_study_resx3_128_bis_15_cycle1
63/63 - 244s - loss: 9.6199e-07 - mean_squared_error: 1.3236e-06 - val_loss: 1.3124e-08 - val_mean_squared_error: 1.3124e-08 - 244s/epoch - 4s/step
Epoch 59/100

Epoch 00059: mean_squared_error did not improve from 0.00000
63/63 - 246s - loss: 9.6291e-07 - mean_squared_error: 1.3242e-06 - val_loss: 1.1230e-08 - val_mean_squared_error: 1.1230e-08 - 246s/epoch - 4s/step
Epoch 60/100

Epoch 00060: mean_squared_error did not improve from 0.00000
63/63 - 245s - loss: 9.6261e-07 - mean_squared_error: 1.3240e-06 - val_loss: 1.4136e-08 - val_mean_squared_error: 1.4136e-08 - 245s/epoch - 4s/step
Epoch 61/100

Epoch 00061: mean_squared_error improved from 0.00000 to 0.00000, saving model to /gpfswork/rech/ynx/ulx23va/repo/wf-SEDs/model_WFE_size/wf-outputs/chkp/wfe_study_resx3_bis/chkp_callback_poly_wfe_study_resx3_128_bis_15_cycle1
63/63 - 246s - loss: 9.6098e-07 - mean_squared_error: 1.3228e-06 - val_loss: 1.0068e-08 - val_mean_squared_error: 1.0068e-08 - 246s/epoch - 4s/step
Epoch 62/100

Epoch 00062: mean_squared_error did not improve from 0.00000
63/63 - 245s - loss: 9.6823e-07 - mean_squared_error: 1.3283e-06 - val_loss: 2.0932e-08 - val_mean_squared_error: 2.0932e-08 - 245s/epoch - 4s/step
Epoch 63/100

Epoch 00063: mean_squared_error did not improve from 0.00000
63/63 - 245s - loss: 9.6553e-07 - mean_squared_error: 1.3267e-06 - val_loss: 1.1602e-08 - val_mean_squared_error: 1.1602e-08 - 245s/epoch - 4s/step
Epoch 64/100

Epoch 00064: mean_squared_error improved from 0.00000 to 0.00000, saving model to /gpfswork/rech/ynx/ulx23va/repo/wf-SEDs/model_WFE_size/wf-outputs/chkp/wfe_study_resx3_bis/chkp_callback_poly_wfe_study_resx3_128_bis_15_cycle1
63/63 - 246s - loss: 9.6041e-07 - mean_squared_error: 1.3222e-06 - val_loss: 1.2647e-08 - val_mean_squared_error: 1.2647e-08 - 246s/epoch - 4s/step
Epoch 65/100

Epoch 00065: mean_squared_error improved from 0.00000 to 0.00000, saving model to /gpfswork/rech/ynx/ulx23va/repo/wf-SEDs/model_WFE_size/wf-outputs/chkp/wfe_study_resx3_bis/chkp_callback_poly_wfe_study_resx3_128_bis_15_cycle1
63/63 - 245s - loss: 9.6032e-07 - mean_squared_error: 1.3221e-06 - val_loss: 9.9546e-09 - val_mean_squared_error: 9.9546e-09 - 245s/epoch - 4s/step
Epoch 66/100

Epoch 00066: mean_squared_error did not improve from 0.00000
63/63 - 246s - loss: 9.6048e-07 - mean_squared_error: 1.3222e-06 - val_loss: 1.1283e-08 - val_mean_squared_error: 1.1283e-08 - 246s/epoch - 4s/step
Epoch 67/100

Epoch 00067: mean_squared_error did not improve from 0.00000
63/63 - 247s - loss: 9.6274e-07 - mean_squared_error: 1.3240e-06 - val_loss: 3.1317e-08 - val_mean_squared_error: 3.1317e-08 - 247s/epoch - 4s/step
Epoch 68/100

Epoch 00068: mean_squared_error did not improve from 0.00000
63/63 - 244s - loss: 9.6778e-07 - mean_squared_error: 1.3284e-06 - val_loss: 1.1636e-08 - val_mean_squared_error: 1.1636e-08 - 244s/epoch - 4s/step
Epoch 69/100

Epoch 00069: mean_squared_error did not improve from 0.00000
63/63 - 248s - loss: 9.6064e-07 - mean_squared_error: 1.3225e-06 - val_loss: 1.1072e-08 - val_mean_squared_error: 1.1072e-08 - 248s/epoch - 4s/step
Epoch 70/100

Epoch 00070: mean_squared_error improved from 0.00000 to 0.00000, saving model to /gpfswork/rech/ynx/ulx23va/repo/wf-SEDs/model_WFE_size/wf-outputs/chkp/wfe_study_resx3_bis/chkp_callback_poly_wfe_study_resx3_128_bis_15_cycle1
63/63 - 246s - loss: 9.5876e-07 - mean_squared_error: 1.3207e-06 - val_loss: 9.0094e-09 - val_mean_squared_error: 9.0094e-09 - 246s/epoch - 4s/step
Epoch 71/100

Epoch 00071: mean_squared_error improved from 0.00000 to 0.00000, saving model to /gpfswork/rech/ynx/ulx23va/repo/wf-SEDs/model_WFE_size/wf-outputs/chkp/wfe_study_resx3_bis/chkp_callback_poly_wfe_study_resx3_128_bis_15_cycle1
63/63 - 247s - loss: 9.5863e-07 - mean_squared_error: 1.3207e-06 - val_loss: 9.7828e-09 - val_mean_squared_error: 9.7828e-09 - 247s/epoch - 4s/step
Epoch 72/100

Epoch 00072: mean_squared_error did not improve from 0.00000
63/63 - 246s - loss: 9.6135e-07 - mean_squared_error: 1.3229e-06 - val_loss: 1.2268e-08 - val_mean_squared_error: 1.2268e-08 - 246s/epoch - 4s/step
Epoch 73/100

Epoch 00073: mean_squared_error did not improve from 0.00000
63/63 - 246s - loss: 9.6055e-07 - mean_squared_error: 1.3224e-06 - val_loss: 1.3066e-08 - val_mean_squared_error: 1.3066e-08 - 246s/epoch - 4s/step
Epoch 74/100

Epoch 00074: mean_squared_error did not improve from 0.00000
63/63 - 247s - loss: 9.6340e-07 - mean_squared_error: 1.3243e-06 - val_loss: 1.2931e-08 - val_mean_squared_error: 1.2931e-08 - 247s/epoch - 4s/step
Epoch 75/100

Epoch 00075: mean_squared_error did not improve from 0.00000
63/63 - 245s - loss: 9.6022e-07 - mean_squared_error: 1.3220e-06 - val_loss: 9.6641e-09 - val_mean_squared_error: 9.6641e-09 - 245s/epoch - 4s/step
Epoch 76/100

Epoch 00076: mean_squared_error did not improve from 0.00000
63/63 - 246s - loss: 9.5918e-07 - mean_squared_error: 1.3210e-06 - val_loss: 1.1182e-08 - val_mean_squared_error: 1.1182e-08 - 246s/epoch - 4s/step
Epoch 77/100

Epoch 00077: mean_squared_error did not improve from 0.00000
63/63 - 245s - loss: 9.6053e-07 - mean_squared_error: 1.3221e-06 - val_loss: 1.2337e-08 - val_mean_squared_error: 1.2337e-08 - 245s/epoch - 4s/step
Epoch 78/100

Epoch 00078: mean_squared_error did not improve from 0.00000
63/63 - 245s - loss: 9.6037e-07 - mean_squared_error: 1.3220e-06 - val_loss: 1.0324e-08 - val_mean_squared_error: 1.0324e-08 - 245s/epoch - 4s/step
Epoch 79/100

Epoch 00079: mean_squared_error improved from 0.00000 to 0.00000, saving model to /gpfswork/rech/ynx/ulx23va/repo/wf-SEDs/model_WFE_size/wf-outputs/chkp/wfe_study_resx3_bis/chkp_callback_poly_wfe_study_resx3_128_bis_15_cycle1
63/63 - 247s - loss: 9.5868e-07 - mean_squared_error: 1.3206e-06 - val_loss: 1.4099e-08 - val_mean_squared_error: 1.4099e-08 - 247s/epoch - 4s/step
Epoch 80/100

Epoch 00080: mean_squared_error did not improve from 0.00000
63/63 - 247s - loss: 9.6076e-07 - mean_squared_error: 1.3222e-06 - val_loss: 1.0701e-08 - val_mean_squared_error: 1.0701e-08 - 247s/epoch - 4s/step
Epoch 81/100

Epoch 00081: mean_squared_error did not improve from 0.00000
63/63 - 247s - loss: 9.6164e-07 - mean_squared_error: 1.3229e-06 - val_loss: 1.0683e-08 - val_mean_squared_error: 1.0683e-08 - 247s/epoch - 4s/step
Epoch 82/100

Epoch 00082: mean_squared_error improved from 0.00000 to 0.00000, saving model to /gpfswork/rech/ynx/ulx23va/repo/wf-SEDs/model_WFE_size/wf-outputs/chkp/wfe_study_resx3_bis/chkp_callback_poly_wfe_study_resx3_128_bis_15_cycle1
63/63 - 244s - loss: 9.5827e-07 - mean_squared_error: 1.3202e-06 - val_loss: 9.5659e-09 - val_mean_squared_error: 9.5659e-09 - 244s/epoch - 4s/step
Epoch 83/100

Epoch 00083: mean_squared_error did not improve from 0.00000
63/63 - 247s - loss: 9.5923e-07 - mean_squared_error: 1.3209e-06 - val_loss: 8.8046e-09 - val_mean_squared_error: 8.8046e-09 - 247s/epoch - 4s/step
Epoch 84/100

Epoch 00084: mean_squared_error did not improve from 0.00000
63/63 - 246s - loss: 9.5852e-07 - mean_squared_error: 1.3203e-06 - val_loss: 1.2102e-08 - val_mean_squared_error: 1.2102e-08 - 246s/epoch - 4s/step
Epoch 85/100

Epoch 00085: mean_squared_error did not improve from 0.00000
63/63 - 247s - loss: 9.5843e-07 - mean_squared_error: 1.3205e-06 - val_loss: 8.5276e-09 - val_mean_squared_error: 8.5276e-09 - 247s/epoch - 4s/step
Epoch 86/100

Epoch 00086: mean_squared_error improved from 0.00000 to 0.00000, saving model to /gpfswork/rech/ynx/ulx23va/repo/wf-SEDs/model_WFE_size/wf-outputs/chkp/wfe_study_resx3_bis/chkp_callback_poly_wfe_study_resx3_128_bis_15_cycle1
63/63 - 246s - loss: 9.5765e-07 - mean_squared_error: 1.3197e-06 - val_loss: 1.0016e-08 - val_mean_squared_error: 1.0016e-08 - 246s/epoch - 4s/step
Epoch 87/100

Epoch 00087: mean_squared_error did not improve from 0.00000
63/63 - 247s - loss: 9.5970e-07 - mean_squared_error: 1.3214e-06 - val_loss: 1.2425e-08 - val_mean_squared_error: 1.2425e-08 - 247s/epoch - 4s/step
Epoch 88/100

Epoch 00088: mean_squared_error did not improve from 0.00000
63/63 - 244s - loss: 9.6033e-07 - mean_squared_error: 1.3218e-06 - val_loss: 1.2731e-08 - val_mean_squared_error: 1.2731e-08 - 244s/epoch - 4s/step
Epoch 89/100

Epoch 00089: mean_squared_error did not improve from 0.00000
63/63 - 247s - loss: 9.5926e-07 - mean_squared_error: 1.3210e-06 - val_loss: 9.5574e-09 - val_mean_squared_error: 9.5574e-09 - 247s/epoch - 4s/step
Epoch 90/100

Epoch 00090: mean_squared_error did not improve from 0.00000
63/63 - 246s - loss: 9.6553e-07 - mean_squared_error: 1.3264e-06 - val_loss: 1.7830e-08 - val_mean_squared_error: 1.7830e-08 - 246s/epoch - 4s/step
Epoch 91/100

Epoch 00091: mean_squared_error did not improve from 0.00000
63/63 - 245s - loss: 9.6163e-07 - mean_squared_error: 1.3230e-06 - val_loss: 9.4261e-09 - val_mean_squared_error: 9.4261e-09 - 245s/epoch - 4s/step
Epoch 92/100

Epoch 00092: mean_squared_error did not improve from 0.00000
63/63 - 246s - loss: 9.6093e-07 - mean_squared_error: 1.3229e-06 - val_loss: 1.5044e-08 - val_mean_squared_error: 1.5044e-08 - 246s/epoch - 4s/step
Epoch 93/100

Epoch 00093: mean_squared_error did not improve from 0.00000
63/63 - 246s - loss: 9.5848e-07 - mean_squared_error: 1.3204e-06 - val_loss: 9.7523e-09 - val_mean_squared_error: 9.7523e-09 - 246s/epoch - 4s/step
Epoch 94/100

Epoch 00094: mean_squared_error did not improve from 0.00000
63/63 - 246s - loss: 9.5833e-07 - mean_squared_error: 1.3203e-06 - val_loss: 1.0209e-08 - val_mean_squared_error: 1.0209e-08 - 246s/epoch - 4s/step
Epoch 95/100

Epoch 00095: mean_squared_error improved from 0.00000 to 0.00000, saving model to /gpfswork/rech/ynx/ulx23va/repo/wf-SEDs/model_WFE_size/wf-outputs/chkp/wfe_study_resx3_bis/chkp_callback_poly_wfe_study_resx3_128_bis_15_cycle1
63/63 - 246s - loss: 9.5720e-07 - mean_squared_error: 1.3192e-06 - val_loss: 1.0246e-08 - val_mean_squared_error: 1.0246e-08 - 246s/epoch - 4s/step
Epoch 96/100

Epoch 00096: mean_squared_error improved from 0.00000 to 0.00000, saving model to /gpfswork/rech/ynx/ulx23va/repo/wf-SEDs/model_WFE_size/wf-outputs/chkp/wfe_study_resx3_bis/chkp_callback_poly_wfe_study_resx3_128_bis_15_cycle1
63/63 - 244s - loss: 9.5672e-07 - mean_squared_error: 1.3189e-06 - val_loss: 9.5544e-09 - val_mean_squared_error: 9.5544e-09 - 244s/epoch - 4s/step
Epoch 97/100

Epoch 00097: mean_squared_error improved from 0.00000 to 0.00000, saving model to /gpfswork/rech/ynx/ulx23va/repo/wf-SEDs/model_WFE_size/wf-outputs/chkp/wfe_study_resx3_bis/chkp_callback_poly_wfe_study_resx3_128_bis_15_cycle1
63/63 - 247s - loss: 9.5640e-07 - mean_squared_error: 1.3187e-06 - val_loss: 8.4571e-09 - val_mean_squared_error: 8.4571e-09 - 247s/epoch - 4s/step
Epoch 98/100

Epoch 00098: mean_squared_error did not improve from 0.00000
63/63 - 246s - loss: 9.5829e-07 - mean_squared_error: 1.3200e-06 - val_loss: 1.0038e-08 - val_mean_squared_error: 1.0038e-08 - 246s/epoch - 4s/step
Epoch 99/100

Epoch 00099: mean_squared_error did not improve from 0.00000
63/63 - 243s - loss: 9.5856e-07 - mean_squared_error: 1.3202e-06 - val_loss: 1.3033e-08 - val_mean_squared_error: 1.3033e-08 - 243s/epoch - 4s/step
Epoch 100/100

Epoch 00100: mean_squared_error did not improve from 0.00000
63/63 - 242s - loss: 9.6083e-07 - mean_squared_error: 1.3223e-06 - val_loss: 8.8076e-09 - val_mean_squared_error: 8.8076e-09 - 242s/epoch - 4s/step
Cycle1 elapsed time: 28215.101938
Starting cycle 2..
Starting parametric update..
Epoch 1/15

Epoch 00001: mean_squared_error improved from inf to 0.00000, saving model to /gpfswork/rech/ynx/ulx23va/repo/wf-SEDs/model_WFE_size/wf-outputs/chkp/wfe_study_resx3_bis/chkp_callback_poly_wfe_study_resx3_128_bis_15_cycle2
63/63 - 243s - loss: 9.5622e-07 - mean_squared_error: 1.3184e-06 - val_loss: 9.4987e-09 - val_mean_squared_error: 9.4987e-09 - 243s/epoch - 4s/step
Epoch 2/15

Epoch 00002: mean_squared_error did not improve from 0.00000
63/63 - 239s - loss: 9.5985e-07 - mean_squared_error: 1.3217e-06 - val_loss: 9.4194e-09 - val_mean_squared_error: 9.4194e-09 - 239s/epoch - 4s/step
Epoch 3/15

Epoch 00003: mean_squared_error did not improve from 0.00000
63/63 - 240s - loss: 9.5786e-07 - mean_squared_error: 1.3199e-06 - val_loss: 1.3261e-08 - val_mean_squared_error: 1.3261e-08 - 240s/epoch - 4s/step
Epoch 4/15

Epoch 00004: mean_squared_error did not improve from 0.00000
63/63 - 240s - loss: 9.6165e-07 - mean_squared_error: 1.3231e-06 - val_loss: 1.0356e-08 - val_mean_squared_error: 1.0356e-08 - 240s/epoch - 4s/step
Epoch 5/15

Epoch 00005: mean_squared_error did not improve from 0.00000
63/63 - 241s - loss: 9.7821e-07 - mean_squared_error: 1.3378e-06 - val_loss: 4.2532e-08 - val_mean_squared_error: 4.2532e-08 - 241s/epoch - 4s/step
Epoch 6/15

Epoch 00006: mean_squared_error did not improve from 0.00000
63/63 - 240s - loss: 9.7075e-07 - mean_squared_error: 1.3313e-06 - val_loss: 1.1090e-08 - val_mean_squared_error: 1.1090e-08 - 240s/epoch - 4s/step
Epoch 7/15

Epoch 00007: mean_squared_error did not improve from 0.00000
63/63 - 242s - loss: 9.5805e-07 - mean_squared_error: 1.3200e-06 - val_loss: 9.3911e-09 - val_mean_squared_error: 9.3911e-09 - 242s/epoch - 4s/step
Epoch 8/15

Epoch 00008: mean_squared_error did not improve from 0.00000
63/63 - 241s - loss: 9.6078e-07 - mean_squared_error: 1.3225e-06 - val_loss: 1.4704e-08 - val_mean_squared_error: 1.4704e-08 - 241s/epoch - 4s/step
Epoch 9/15

Epoch 00009: mean_squared_error did not improve from 0.00000
63/63 - 241s - loss: 9.5884e-07 - mean_squared_error: 1.3208e-06 - val_loss: 1.0863e-08 - val_mean_squared_error: 1.0863e-08 - 241s/epoch - 4s/step
Epoch 10/15

Epoch 00010: mean_squared_error did not improve from 0.00000
63/63 - 239s - loss: 9.5866e-07 - mean_squared_error: 1.3205e-06 - val_loss: 1.3579e-08 - val_mean_squared_error: 1.3579e-08 - 239s/epoch - 4s/step
Epoch 11/15

Epoch 00011: mean_squared_error did not improve from 0.00000
63/63 - 238s - loss: 9.7587e-07 - mean_squared_error: 1.3353e-06 - val_loss: 2.3020e-08 - val_mean_squared_error: 2.3020e-08 - 238s/epoch - 4s/step
Epoch 12/15

Epoch 00012: mean_squared_error did not improve from 0.00000
63/63 - 239s - loss: 9.6897e-07 - mean_squared_error: 1.3299e-06 - val_loss: 1.7322e-08 - val_mean_squared_error: 1.7322e-08 - 239s/epoch - 4s/step
Epoch 13/15

Epoch 00013: mean_squared_error did not improve from 0.00000
63/63 - 239s - loss: 9.7893e-07 - mean_squared_error: 1.3370e-06 - val_loss: 3.8188e-08 - val_mean_squared_error: 3.8188e-08 - 239s/epoch - 4s/step
Epoch 14/15

Epoch 00014: mean_squared_error did not improve from 0.00000
63/63 - 235s - loss: 9.6623e-07 - mean_squared_error: 1.3274e-06 - val_loss: 1.7360e-08 - val_mean_squared_error: 1.7360e-08 - 235s/epoch - 4s/step
Epoch 15/15

Epoch 00015: mean_squared_error did not improve from 0.00000
63/63 - 198s - loss: 9.5974e-07 - mean_squared_error: 1.3217e-06 - val_loss: 1.0810e-08 - val_mean_squared_error: 1.0810e-08 - 198s/epoch - 3s/step
Starting non-parametric update..
Epoch 1/50

Epoch 00001: mean_squared_error improved from 0.00000 to 0.00000, saving model to /gpfswork/rech/ynx/ulx23va/repo/wf-SEDs/model_WFE_size/wf-outputs/chkp/wfe_study_resx3_bis/chkp_callback_poly_wfe_study_resx3_128_bis_15_cycle2
63/63 - 224s - loss: 9.5550e-07 - mean_squared_error: 1.3177e-06 - val_loss: 6.8109e-09 - val_mean_squared_error: 6.8109e-09 - 224s/epoch - 4s/step
Epoch 2/50

Epoch 00002: mean_squared_error improved from 0.00000 to 0.00000, saving model to /gpfswork/rech/ynx/ulx23va/repo/wf-SEDs/model_WFE_size/wf-outputs/chkp/wfe_study_resx3_bis/chkp_callback_poly_wfe_study_resx3_128_bis_15_cycle2
63/63 - 211s - loss: 9.5390e-07 - mean_squared_error: 1.3164e-06 - val_loss: 6.5380e-09 - val_mean_squared_error: 6.5380e-09 - 211s/epoch - 3s/step
Epoch 3/50

Epoch 00003: mean_squared_error improved from 0.00000 to 0.00000, saving model to /gpfswork/rech/ynx/ulx23va/repo/wf-SEDs/model_WFE_size/wf-outputs/chkp/wfe_study_resx3_bis/chkp_callback_poly_wfe_study_resx3_128_bis_15_cycle2
63/63 - 200s - loss: 9.5381e-07 - mean_squared_error: 1.3163e-06 - val_loss: 6.5449e-09 - val_mean_squared_error: 6.5449e-09 - 200s/epoch - 3s/step
Epoch 4/50

Epoch 00004: mean_squared_error improved from 0.00000 to 0.00000, saving model to /gpfswork/rech/ynx/ulx23va/repo/wf-SEDs/model_WFE_size/wf-outputs/chkp/wfe_study_resx3_bis/chkp_callback_poly_wfe_study_resx3_128_bis_15_cycle2
63/63 - 200s - loss: 9.5375e-07 - mean_squared_error: 1.3163e-06 - val_loss: 6.4278e-09 - val_mean_squared_error: 6.4278e-09 - 200s/epoch - 3s/step
Epoch 5/50

Epoch 00005: mean_squared_error improved from 0.00000 to 0.00000, saving model to /gpfswork/rech/ynx/ulx23va/repo/wf-SEDs/model_WFE_size/wf-outputs/chkp/wfe_study_resx3_bis/chkp_callback_poly_wfe_study_resx3_128_bis_15_cycle2
63/63 - 200s - loss: 9.5373e-07 - mean_squared_error: 1.3163e-06 - val_loss: 6.4794e-09 - val_mean_squared_error: 6.4794e-09 - 200s/epoch - 3s/step
Epoch 6/50

Epoch 00006: mean_squared_error did not improve from 0.00000
63/63 - 201s - loss: 9.5378e-07 - mean_squared_error: 1.3163e-06 - val_loss: 6.5464e-09 - val_mean_squared_error: 6.5464e-09 - 201s/epoch - 3s/step
Epoch 7/50

Epoch 00007: mean_squared_error did not improve from 0.00000
63/63 - 201s - loss: 9.5377e-07 - mean_squared_error: 1.3163e-06 - val_loss: 6.3754e-09 - val_mean_squared_error: 6.3754e-09 - 201s/epoch - 3s/step
Epoch 8/50

Epoch 00008: mean_squared_error improved from 0.00000 to 0.00000, saving model to /gpfswork/rech/ynx/ulx23va/repo/wf-SEDs/model_WFE_size/wf-outputs/chkp/wfe_study_resx3_bis/chkp_callback_poly_wfe_study_resx3_128_bis_15_cycle2
63/63 - 203s - loss: 9.5371e-07 - mean_squared_error: 1.3162e-06 - val_loss: 6.5025e-09 - val_mean_squared_error: 6.5025e-09 - 203s/epoch - 3s/step
Epoch 9/50

Epoch 00009: mean_squared_error did not improve from 0.00000
63/63 - 213s - loss: 9.5379e-07 - mean_squared_error: 1.3163e-06 - val_loss: 6.4408e-09 - val_mean_squared_error: 6.4408e-09 - 213s/epoch - 3s/step
Epoch 10/50

Epoch 00010: mean_squared_error did not improve from 0.00000
63/63 - 208s - loss: 9.5393e-07 - mean_squared_error: 1.3164e-06 - val_loss: 6.7679e-09 - val_mean_squared_error: 6.7679e-09 - 208s/epoch - 3s/step
Epoch 11/50

Epoch 00011: mean_squared_error did not improve from 0.00000
63/63 - 194s - loss: 9.5376e-07 - mean_squared_error: 1.3163e-06 - val_loss: 6.6270e-09 - val_mean_squared_error: 6.6270e-09 - 194s/epoch - 3s/step
Epoch 12/50

Epoch 00012: mean_squared_error improved from 0.00000 to 0.00000, saving model to /gpfswork/rech/ynx/ulx23va/repo/wf-SEDs/model_WFE_size/wf-outputs/chkp/wfe_study_resx3_bis/chkp_callback_poly_wfe_study_resx3_128_bis_15_cycle2
63/63 - 193s - loss: 9.5374e-07 - mean_squared_error: 1.3162e-06 - val_loss: 6.4837e-09 - val_mean_squared_error: 6.4837e-09 - 193s/epoch - 3s/step
Epoch 13/50

Epoch 00013: mean_squared_error did not improve from 0.00000
63/63 - 193s - loss: 9.5372e-07 - mean_squared_error: 1.3163e-06 - val_loss: 6.5905e-09 - val_mean_squared_error: 6.5905e-09 - 193s/epoch - 3s/step
Epoch 14/50

Epoch 00014: mean_squared_error did not improve from 0.00000
63/63 - 194s - loss: 9.5388e-07 - mean_squared_error: 1.3164e-06 - val_loss: 7.0946e-09 - val_mean_squared_error: 7.0946e-09 - 194s/epoch - 3s/step
Epoch 15/50

Epoch 00015: mean_squared_error did not improve from 0.00000
63/63 - 193s - loss: 9.5384e-07 - mean_squared_error: 1.3163e-06 - val_loss: 6.6430e-09 - val_mean_squared_error: 6.6430e-09 - 193s/epoch - 3s/step
Epoch 16/50

Epoch 00016: mean_squared_error did not improve from 0.00000
63/63 - 196s - loss: 9.5382e-07 - mean_squared_error: 1.3163e-06 - val_loss: 6.4418e-09 - val_mean_squared_error: 6.4418e-09 - 196s/epoch - 3s/step
Epoch 17/50

Epoch 00017: mean_squared_error did not improve from 0.00000
63/63 - 193s - loss: 9.5380e-07 - mean_squared_error: 1.3163e-06 - val_loss: 6.5908e-09 - val_mean_squared_error: 6.5908e-09 - 193s/epoch - 3s/step
Epoch 18/50

Epoch 00018: mean_squared_error improved from 0.00000 to 0.00000, saving model to /gpfswork/rech/ynx/ulx23va/repo/wf-SEDs/model_WFE_size/wf-outputs/chkp/wfe_study_resx3_bis/chkp_callback_poly_wfe_study_resx3_128_bis_15_cycle2
63/63 - 194s - loss: 9.5368e-07 - mean_squared_error: 1.3162e-06 - val_loss: 6.5580e-09 - val_mean_squared_error: 6.5580e-09 - 194s/epoch - 3s/step
Epoch 19/50

Epoch 00019: mean_squared_error did not improve from 0.00000
63/63 - 194s - loss: 9.5372e-07 - mean_squared_error: 1.3162e-06 - val_loss: 6.5674e-09 - val_mean_squared_error: 6.5674e-09 - 194s/epoch - 3s/step
Epoch 20/50

Epoch 00020: mean_squared_error did not improve from 0.00000
63/63 - 193s - loss: 9.5384e-07 - mean_squared_error: 1.3164e-06 - val_loss: 6.5055e-09 - val_mean_squared_error: 6.5055e-09 - 193s/epoch - 3s/step
Epoch 21/50

Epoch 00021: mean_squared_error did not improve from 0.00000
63/63 - 195s - loss: 9.5374e-07 - mean_squared_error: 1.3163e-06 - val_loss: 6.6773e-09 - val_mean_squared_error: 6.6773e-09 - 195s/epoch - 3s/step
Epoch 22/50

Epoch 00022: mean_squared_error did not improve from 0.00000
63/63 - 193s - loss: 9.5381e-07 - mean_squared_error: 1.3163e-06 - val_loss: 6.4375e-09 - val_mean_squared_error: 6.4375e-09 - 193s/epoch - 3s/step
Epoch 23/50

Epoch 00023: mean_squared_error improved from 0.00000 to 0.00000, saving model to /gpfswork/rech/ynx/ulx23va/repo/wf-SEDs/model_WFE_size/wf-outputs/chkp/wfe_study_resx3_bis/chkp_callback_poly_wfe_study_resx3_128_bis_15_cycle2
63/63 - 195s - loss: 9.5362e-07 - mean_squared_error: 1.3161e-06 - val_loss: 6.7522e-09 - val_mean_squared_error: 6.7522e-09 - 195s/epoch - 3s/step
Epoch 24/50

Epoch 00024: mean_squared_error did not improve from 0.00000
63/63 - 194s - loss: 9.5370e-07 - mean_squared_error: 1.3162e-06 - val_loss: 6.5040e-09 - val_mean_squared_error: 6.5040e-09 - 194s/epoch - 3s/step
Epoch 25/50

Epoch 00025: mean_squared_error did not improve from 0.00000
63/63 - 193s - loss: 9.5363e-07 - mean_squared_error: 1.3162e-06 - val_loss: 6.9364e-09 - val_mean_squared_error: 6.9364e-09 - 193s/epoch - 3s/step
Epoch 26/50

Epoch 00026: mean_squared_error did not improve from 0.00000
63/63 - 194s - loss: 9.5380e-07 - mean_squared_error: 1.3163e-06 - val_loss: 6.6031e-09 - val_mean_squared_error: 6.6031e-09 - 194s/epoch - 3s/step
Epoch 27/50

Epoch 00027: mean_squared_error did not improve from 0.00000
63/63 - 193s - loss: 9.5421e-07 - mean_squared_error: 1.3167e-06 - val_loss: 6.8976e-09 - val_mean_squared_error: 6.8976e-09 - 193s/epoch - 3s/step
Epoch 28/50

Epoch 00028: mean_squared_error did not improve from 0.00000
63/63 - 193s - loss: 9.5394e-07 - mean_squared_error: 1.3164e-06 - val_loss: 6.5302e-09 - val_mean_squared_error: 6.5302e-09 - 193s/epoch - 3s/step
Epoch 29/50

Epoch 00029: mean_squared_error improved from 0.00000 to 0.00000, saving model to /gpfswork/rech/ynx/ulx23va/repo/wf-SEDs/model_WFE_size/wf-outputs/chkp/wfe_study_resx3_bis/chkp_callback_poly_wfe_study_resx3_128_bis_15_cycle2
63/63 - 196s - loss: 9.5354e-07 - mean_squared_error: 1.3161e-06 - val_loss: 6.5892e-09 - val_mean_squared_error: 6.5892e-09 - 196s/epoch - 3s/step
Epoch 30/50

Epoch 00030: mean_squared_error did not improve from 0.00000
63/63 - 192s - loss: 9.5364e-07 - mean_squared_error: 1.3161e-06 - val_loss: 6.6846e-09 - val_mean_squared_error: 6.6846e-09 - 192s/epoch - 3s/step
Epoch 31/50

Epoch 00031: mean_squared_error did not improve from 0.00000
63/63 - 194s - loss: 9.5378e-07 - mean_squared_error: 1.3163e-06 - val_loss: 6.8359e-09 - val_mean_squared_error: 6.8359e-09 - 194s/epoch - 3s/step
Epoch 32/50

Epoch 00032: mean_squared_error did not improve from 0.00000
63/63 - 193s - loss: 9.5362e-07 - mean_squared_error: 1.3162e-06 - val_loss: 6.6818e-09 - val_mean_squared_error: 6.6818e-09 - 193s/epoch - 3s/step
Epoch 33/50

Epoch 00033: mean_squared_error improved from 0.00000 to 0.00000, saving model to /gpfswork/rech/ynx/ulx23va/repo/wf-SEDs/model_WFE_size/wf-outputs/chkp/wfe_study_resx3_bis/chkp_callback_poly_wfe_study_resx3_128_bis_15_cycle2
63/63 - 195s - loss: 9.5359e-07 - mean_squared_error: 1.3161e-06 - val_loss: 6.4221e-09 - val_mean_squared_error: 6.4221e-09 - 195s/epoch - 3s/step
Epoch 34/50

Epoch 00034: mean_squared_error did not improve from 0.00000
63/63 - 193s - loss: 9.5356e-07 - mean_squared_error: 1.3161e-06 - val_loss: 6.5573e-09 - val_mean_squared_error: 6.5573e-09 - 193s/epoch - 3s/step
Epoch 35/50

Epoch 00035: mean_squared_error improved from 0.00000 to 0.00000, saving model to /gpfswork/rech/ynx/ulx23va/repo/wf-SEDs/model_WFE_size/wf-outputs/chkp/wfe_study_resx3_bis/chkp_callback_poly_wfe_study_resx3_128_bis_15_cycle2
63/63 - 195s - loss: 9.5345e-07 - mean_squared_error: 1.3160e-06 - val_loss: 6.9084e-09 - val_mean_squared_error: 6.9084e-09 - 195s/epoch - 3s/step
Epoch 36/50

Epoch 00036: mean_squared_error did not improve from 0.00000
63/63 - 193s - loss: 9.5368e-07 - mean_squared_error: 1.3163e-06 - val_loss: 6.7088e-09 - val_mean_squared_error: 6.7088e-09 - 193s/epoch - 3s/step
Epoch 37/50

Epoch 00037: mean_squared_error did not improve from 0.00000
63/63 - 195s - loss: 9.5363e-07 - mean_squared_error: 1.3161e-06 - val_loss: 6.2962e-09 - val_mean_squared_error: 6.2962e-09 - 195s/epoch - 3s/step
Epoch 38/50

Epoch 00038: mean_squared_error did not improve from 0.00000
63/63 - 193s - loss: 9.5372e-07 - mean_squared_error: 1.3162e-06 - val_loss: 6.5568e-09 - val_mean_squared_error: 6.5568e-09 - 193s/epoch - 3s/step
Epoch 39/50

Epoch 00039: mean_squared_error improved from 0.00000 to 0.00000, saving model to /gpfswork/rech/ynx/ulx23va/repo/wf-SEDs/model_WFE_size/wf-outputs/chkp/wfe_study_resx3_bis/chkp_callback_poly_wfe_study_resx3_128_bis_15_cycle2
63/63 - 194s - loss: 9.5345e-07 - mean_squared_error: 1.3160e-06 - val_loss: 6.3671e-09 - val_mean_squared_error: 6.3671e-09 - 194s/epoch - 3s/step
Epoch 40/50

Epoch 00040: mean_squared_error did not improve from 0.00000
63/63 - 193s - loss: 9.5345e-07 - mean_squared_error: 1.3160e-06 - val_loss: 6.9431e-09 - val_mean_squared_error: 6.9431e-09 - 193s/epoch - 3s/step
Epoch 41/50

Epoch 00041: mean_squared_error did not improve from 0.00000
63/63 - 194s - loss: 9.5348e-07 - mean_squared_error: 1.3160e-06 - val_loss: 6.6484e-09 - val_mean_squared_error: 6.6484e-09 - 194s/epoch - 3s/step
Epoch 42/50

Epoch 00042: mean_squared_error improved from 0.00000 to 0.00000, saving model to /gpfswork/rech/ynx/ulx23va/repo/wf-SEDs/model_WFE_size/wf-outputs/chkp/wfe_study_resx3_bis/chkp_callback_poly_wfe_study_resx3_128_bis_15_cycle2
63/63 - 194s - loss: 9.5325e-07 - mean_squared_error: 1.3159e-06 - val_loss: 6.4842e-09 - val_mean_squared_error: 6.4842e-09 - 194s/epoch - 3s/step
Epoch 43/50

Epoch 00043: mean_squared_error did not improve from 0.00000
63/63 - 194s - loss: 9.5338e-07 - mean_squared_error: 1.3160e-06 - val_loss: 6.4184e-09 - val_mean_squared_error: 6.4184e-09 - 194s/epoch - 3s/step
Epoch 44/50

Epoch 00044: mean_squared_error improved from 0.00000 to 0.00000, saving model to /gpfswork/rech/ynx/ulx23va/repo/wf-SEDs/model_WFE_size/wf-outputs/chkp/wfe_study_resx3_bis/chkp_callback_poly_wfe_study_resx3_128_bis_15_cycle2
63/63 - 195s - loss: 9.5324e-07 - mean_squared_error: 1.3158e-06 - val_loss: 6.6318e-09 - val_mean_squared_error: 6.6318e-09 - 195s/epoch - 3s/step
Epoch 45/50

Epoch 00045: mean_squared_error did not improve from 0.00000
63/63 - 193s - loss: 9.5334e-07 - mean_squared_error: 1.3159e-06 - val_loss: 6.1148e-09 - val_mean_squared_error: 6.1148e-09 - 193s/epoch - 3s/step
Epoch 46/50

Epoch 00046: mean_squared_error improved from 0.00000 to 0.00000, saving model to /gpfswork/rech/ynx/ulx23va/repo/wf-SEDs/model_WFE_size/wf-outputs/chkp/wfe_study_resx3_bis/chkp_callback_poly_wfe_study_resx3_128_bis_15_cycle2
63/63 - 195s - loss: 9.5324e-07 - mean_squared_error: 1.3158e-06 - val_loss: 6.9120e-09 - val_mean_squared_error: 6.9120e-09 - 195s/epoch - 3s/step
Epoch 47/50

Epoch 00047: mean_squared_error did not improve from 0.00000
63/63 - 193s - loss: 9.5336e-07 - mean_squared_error: 1.3159e-06 - val_loss: 6.4012e-09 - val_mean_squared_error: 6.4012e-09 - 193s/epoch - 3s/step
Epoch 48/50

Epoch 00048: mean_squared_error did not improve from 0.00000
63/63 - 193s - loss: 9.5365e-07 - mean_squared_error: 1.3162e-06 - val_loss: 7.5323e-09 - val_mean_squared_error: 7.5323e-09 - 193s/epoch - 3s/step
Epoch 49/50

Epoch 00049: mean_squared_error did not improve from 0.00000
63/63 - 191s - loss: 9.5359e-07 - mean_squared_error: 1.3161e-06 - val_loss: 6.7407e-09 - val_mean_squared_error: 6.7407e-09 - 191s/epoch - 3s/step
Epoch 50/50

Epoch 00050: mean_squared_error did not improve from 0.00000
63/63 - 163s - loss: 9.5349e-07 - mean_squared_error: 1.3160e-06 - val_loss: 6.6475e-09 - val_mean_squared_error: 6.6475e-09 - 163s/epoch - 3s/step
Cycle2 elapsed time: 13339.553422

Total elapsed time: 41559.059417

 Good bye..
